[01:28:04] MySQL Database Connected
[01:28:04] 16 Breeds catched
[01:28:04] 256 Heads catched
[01:28:04] 561 Effects catched
[01:28:12] 4 SuperAreas catched
[01:28:12] 48 Areas catched
[01:28:14] 334 SubAreas catched
[01:28:26] 11260 DofusMaps catched
[01:28:26] 9761 StatedElements catched
[01:28:26] 13349 InteractiveElements catched
[01:28:26] 1485 HouseInformations catched
[01:28:27] 556 InteractiveDoors catched
[01:28:27] 3614 MapPositions uncatched
[01:28:27] 14681 MapPositions catched
[01:28:27] 42 MapZaaps catched
[01:28:27] 79 MapSubways catched
[01:28:27] 15228 SpellLevels catched 
[01:28:27] 4772 Spells catched 
[01:28:27] 316 GuildEmblems catched 
[01:28:27] 1179 LearnableSpells catched 
[01:28:28] 9780 ItemTemplates catched 
[01:28:28] 4489 Weapons catched 
[01:28:28] 363 ItemSets catched 
[01:28:28] 171 ItemTypes catched 
[01:28:28] 110 ItemPets catched 
[01:28:29] 2476 NpcTemplates catched 
[01:28:29] 787 NpcSpawns catched 
[01:28:29] 94 NpcItems catched 
[01:28:29] 19801 NpcMessages catched 
[01:28:29] 7 NpcReplies catched 
[01:28:30] 353 Triggers catched
[01:28:30] 1277 Paddocks catched
[01:28:30] 72 Mounts catched
[01:28:30] 4 Guild catched
[01:28:30] 3 GuildMembers catched
[01:28:35] 123 Handlers Readed
[01:28:43] 168 Messages Readed
[01:28:43] WorldServer start in 42406 ms.
[02:03:17] MySQL Database Connected
[02:03:17] 16 Breeds catched
[02:03:17] 256 Heads catched
[02:03:17] 561 Effects catched
[02:03:17] 4 SuperAreas catched
[02:03:17] 48 Areas catched
[02:03:18] 334 SubAreas catched
[02:03:26] 11260 DofusMaps catched
[02:03:26] 9761 StatedElements catched
[02:03:26] 13349 InteractiveElements catched
[02:03:26] 1485 HouseInformations catched
[02:03:26] 556 InteractiveDoors catched
[02:03:26] 3614 MapPositions uncatched
[02:03:26] 14681 MapPositions catched
[02:03:26] 42 MapZaaps catched
[02:03:26] 79 MapSubways catched
[02:03:27] 15228 SpellLevels catched 
[02:03:27] 4772 Spells catched 
[02:03:27] 316 GuildEmblems catched 
[02:03:27] 1179 LearnableSpells catched 
[02:03:27] 9780 ItemTemplates catched 
[02:03:27] 4489 Weapons catched 
[02:03:27] 363 ItemSets catched 
[02:03:27] 171 ItemTypes catched 
[02:03:27] 110 ItemPets catched 
[02:03:28] 2476 NpcTemplates catched 
[02:03:28] 787 NpcSpawns catched 
[02:03:28] 94 NpcItems catched 
[02:03:28] 19801 NpcMessages catched 
[02:03:28] 7 NpcReplies catched 
[02:03:28] 353 Triggers catched
[02:03:28] 1277 Paddocks catched
[02:03:28] 72 Mounts catched
[02:03:28] 4 Guild catched
[02:03:28] 3 GuildMembers catched
[02:04:36] MySQL Database Connected
[02:04:36] 16 Breeds catched
[02:04:36] 256 Heads catched
[02:04:36] 561 Effects catched
[02:04:37] 4 SuperAreas catched
[02:04:37] 48 Areas catched
[02:04:38] 334 SubAreas catched
[02:04:45] 11260 DofusMaps catched
[02:04:45] 9761 StatedElements catched
[02:04:45] 13349 InteractiveElements catched
[02:04:45] 1485 HouseInformations catched
[02:04:45] 556 InteractiveDoors catched
[02:04:45] 3614 MapPositions uncatched
[02:04:45] 14681 MapPositions catched
[02:04:45] 42 MapZaaps catched
[02:04:45] 79 MapSubways catched
[02:04:46] 15228 SpellLevels catched 
[02:04:46] 4772 Spells catched 
[02:04:46] 316 GuildEmblems catched 
[02:04:46] 1179 LearnableSpells catched 
[02:04:46] 9780 ItemTemplates catched 
[02:04:46] 4489 Weapons catched 
[02:04:46] 363 ItemSets catched 
[02:04:46] 171 ItemTypes catched 
[02:04:46] 110 ItemPets catched 
[02:04:47] 2476 NpcTemplates catched 
[02:04:47] 787 NpcSpawns catched 
[02:04:47] 94 NpcItems catched 
[02:04:47] 19801 NpcMessages catched 
[02:04:47] 7 NpcReplies catched 
[02:04:47] 353 Triggers catched
[02:04:47] 1277 Paddocks catched
[02:04:47] 72 Mounts catched
[02:04:47] 4 Guild catched
[02:04:47] 3 GuildMembers catched
[02:04:47] 11 GatheringJob Infos catched
[02:04:48] 123 Handlers Readed
[02:04:48] 168 Messages Readed
[02:04:48] WorldServer start in 12313 ms.
[10:25:35] MySQL Database Connected
[10:25:35] 16 Breeds catched
[10:25:35] 256 Heads catched
[10:25:35] 561 Effects catched
[10:25:38] 4 SuperAreas catched
[10:25:38] 48 Areas catched
[10:25:38] 334 SubAreas catched
[10:26:00] 11260 DofusMaps catched
[10:26:00] 9761 StatedElements catched
[10:26:00] 13349 InteractiveElements catched
[10:26:00] 1485 HouseInformations catched
[10:26:00] 556 InteractiveDoors catched
[10:26:01] 3614 MapPositions uncatched
[10:26:01] 14681 MapPositions catched
[10:26:01] 42 MapZaaps catched
[10:26:01] 79 MapSubways catched
[10:26:01] 15228 SpellLevels catched 
[10:26:01] 4772 Spells catched 
[10:26:01] 316 GuildEmblems catched 
[10:26:01] 1179 LearnableSpells catched 
[10:26:01] 9780 ItemTemplates catched 
[10:26:01] 4489 Weapons catched 
[10:26:02] 363 ItemSets catched 
[10:26:02] 171 ItemTypes catched 
[10:26:02] 110 ItemPets catched 
[10:26:02] 2476 NpcTemplates catched 
[10:26:02] 787 NpcSpawns catched 
[10:26:02] 94 NpcItems catched 
[10:26:02] 19801 NpcMessages catched 
[10:26:02] 7 NpcReplies catched 
[10:26:03] 353 Triggers catched
[10:26:03] 1277 Paddocks catched
[10:26:03] 72 Mounts catched
[10:26:03] 4 Guild catched
[10:26:03] 3 GuildMembers catched
[10:26:03] 11 GatheringJob LevelInfos catched
[10:26:03] 233 InteractiveSkills LevelInfos catched
[10:26:07] 123 Handlers Readed
[10:26:11] 168 Messages Readed
[10:26:11] WorldServer start in 36028 ms.
[10:30:04] MySQL Database Connected
[10:30:05] 16 Breeds catched
[10:30:05] 256 Heads catched
[10:30:05] 561 Effects catched
[10:30:05] 4 SuperAreas catched
[10:30:05] 48 Areas catched
[10:30:06] 334 SubAreas catched
[10:30:15] 11260 DofusMaps catched
[10:30:15] 9761 StatedElements catched
[10:30:15] 13349 InteractiveElements catched
[10:30:15] 1485 HouseInformations catched
[10:30:15] 556 InteractiveDoors catched
[10:30:15] 3614 MapPositions uncatched
[10:30:15] 14681 MapPositions catched
[10:30:15] 42 MapZaaps catched
[10:30:15] 79 MapSubways catched
[10:30:15] 15228 SpellLevels catched 
[10:30:15] 4772 Spells catched 
[10:30:15] 316 GuildEmblems catched 
[10:30:15] 1179 LearnableSpells catched 
[10:30:16] 9780 ItemTemplates catched 
[10:30:16] 4489 Weapons catched 
[10:30:16] 363 ItemSets catched 
[10:30:16] 171 ItemTypes catched 
[10:30:16] 110 ItemPets catched 
[10:30:16] 2476 NpcTemplates catched 
[10:30:16] 787 NpcSpawns catched 
[10:30:16] 94 NpcItems catched 
[10:30:16] 19801 NpcMessages catched 
[10:30:16] 7 NpcReplies catched 
[10:30:17] 353 Triggers catched
[10:30:17] 1277 Paddocks catched
[10:30:17] 72 Mounts catched
[10:30:17] 4 Guild catched
[10:30:17] 3 GuildMembers catched
[10:30:17] 11 GatheringJob LevelInfos catched
[10:30:17] 233 InteractiveSkills LevelInfos catched
[10:30:17] 123 Handlers Readed
[10:30:18] 168 Messages Readed
[10:30:18] WorldServer start in 13508 ms.
[10:37:03] MySQL Database Connected
[10:37:03] 16 Breeds catched
[10:37:03] 256 Heads catched
[10:37:03] 561 Effects catched
[10:37:03] 4 SuperAreas catched
[10:37:03] 48 Areas catched
[10:37:04] 334 SubAreas catched
[10:37:12] 11260 DofusMaps catched
[10:37:12] 9761 StatedElements catched
[10:37:12] 13349 InteractiveElements catched
[10:37:12] 1485 HouseInformations catched
[10:37:12] 556 InteractiveDoors catched
[10:37:12] 3614 MapPositions uncatched
[10:37:12] 14681 MapPositions catched
[10:37:12] 42 MapZaaps catched
[10:37:12] 79 MapSubways catched
[10:37:12] 15228 SpellLevels catched 
[10:37:12] 4772 Spells catched 
[10:37:12] 316 GuildEmblems catched 
[10:37:12] 1179 LearnableSpells catched 
[10:37:13] 9780 ItemTemplates catched 
[10:37:13] 4489 Weapons catched 
[10:37:13] 363 ItemSets catched 
[10:37:13] 171 ItemTypes catched 
[10:37:13] 110 ItemPets catched 
[10:37:13] 2476 NpcTemplates catched 
[10:37:13] 787 NpcSpawns catched 
[10:37:13] 94 NpcItems catched 
[10:37:13] 19801 NpcMessages catched 
[10:37:13] 7 NpcReplies catched 
[10:37:14] 353 Triggers catched
[10:37:14] 1277 Paddocks catched
[10:37:14] 72 Mounts catched
[10:37:14] 4 Guild catched
[10:37:14] 3 GuildMembers catched
[10:37:14] 11 GatheringJob LevelInfos catched
[10:37:14] 233 InteractiveSkills LevelInfos catched
[10:37:14] 123 Handlers Readed
[10:37:15] 168 Messages Readed
[10:37:15] WorldServer start in 12441 ms.
[10:40:21] MySQL Database Connected
[10:40:21] 16 Breeds catched
[10:40:21] 256 Heads catched
[10:40:21] 561 Effects catched
[10:40:22] 4 SuperAreas catched
[10:40:22] 48 Areas catched
[10:40:22] 334 SubAreas catched
[10:40:30] 11260 DofusMaps catched
[10:40:30] 9761 StatedElements catched
[10:40:30] 13349 InteractiveElements catched
[10:40:30] 1485 HouseInformations catched
[10:40:30] 556 InteractiveDoors catched
[10:40:30] 3614 MapPositions uncatched
[10:40:30] 14681 MapPositions catched
[10:40:30] 42 MapZaaps catched
[10:40:30] 79 MapSubways catched
[10:40:30] 15228 SpellLevels catched 
[10:40:30] 4772 Spells catched 
[10:40:30] 316 GuildEmblems catched 
[10:40:30] 1179 LearnableSpells catched 
[10:40:31] 9780 ItemTemplates catched 
[10:40:31] 4489 Weapons catched 
[10:40:31] 363 ItemSets catched 
[10:40:31] 171 ItemTypes catched 
[10:40:31] 110 ItemPets catched 
[10:40:31] 2476 NpcTemplates catched 
[10:40:31] 787 NpcSpawns catched 
[10:40:31] 94 NpcItems catched 
[10:40:31] 19801 NpcMessages catched 
[10:40:31] 7 NpcReplies catched 
[10:40:32] 353 Triggers catched
[10:40:32] 1277 Paddocks catched
[10:40:32] 72 Mounts catched
[10:40:32] 4 Guild catched
[10:40:32] 3 GuildMembers catched
[10:40:32] 11 GatheringJob LevelInfos catched
[10:40:32] 233 InteractiveSkills LevelInfos catched
[10:40:32] 123 Handlers Readed
[10:40:33] 168 Messages Readed
[10:40:33] WorldServer start in 12104 ms.
[10:42:23] MySQL Database Connected
[10:42:23] 16 Breeds catched
[10:42:23] 256 Heads catched
[10:42:23] 561 Effects catched
[10:42:23] 4 SuperAreas catched
[10:42:23] 48 Areas catched
[10:42:24] 334 SubAreas catched
[10:42:33] 11260 DofusMaps catched
[10:42:33] 9761 StatedElements catched
[10:42:33] 13349 InteractiveElements catched
[10:42:33] 1485 HouseInformations catched
[10:42:33] 556 InteractiveDoors catched
[10:42:33] 3614 MapPositions uncatched
[10:42:33] 14681 MapPositions catched
[10:42:33] 42 MapZaaps catched
[10:42:33] 79 MapSubways catched
[10:42:34] 15228 SpellLevels catched 
[10:42:34] 4772 Spells catched 
[10:42:34] 316 GuildEmblems catched 
[10:42:34] 1179 LearnableSpells catched 
[10:42:34] 9780 ItemTemplates catched 
[10:42:34] 4489 Weapons catched 
[10:42:34] 363 ItemSets catched 
[10:42:34] 171 ItemTypes catched 
[10:42:34] 110 ItemPets catched 
[10:42:35] 2476 NpcTemplates catched 
[10:42:35] 787 NpcSpawns catched 
[10:42:35] 94 NpcItems catched 
[10:42:35] 19801 NpcMessages catched 
[10:42:35] 7 NpcReplies catched 
[10:42:35] 353 Triggers catched
[10:42:35] 1277 Paddocks catched
[10:42:35] 72 Mounts catched
[10:42:35] 4 Guild catched
[10:42:35] 3 GuildMembers catched
[10:42:35] 11 GatheringJob LevelInfos catched
[10:42:35] 233 InteractiveSkills LevelInfos catched
[10:42:36] 123 Handlers Readed
[10:42:36] 168 Messages Readed
[10:42:37] WorldServer start in 13870 ms.
[10:57:47] MySQL Database Connected
[10:57:47] 16 Breeds catched
[10:57:47] 256 Heads catched
[10:57:47] 561 Effects catched
[10:57:47] 4 SuperAreas catched
[10:57:47] 48 Areas catched
[10:57:48] 334 SubAreas catched
[10:57:56] 11260 DofusMaps catched
[10:57:56] 9761 StatedElements catched
[10:57:56] 13349 InteractiveElements catched
[10:57:56] 1485 HouseInformations catched
[10:57:56] 556 InteractiveDoors catched
[10:57:56] 3614 MapPositions uncatched
[10:57:56] 14681 MapPositions catched
[10:57:56] 42 MapZaaps catched
[10:57:56] 79 MapSubways catched
[10:57:56] 15228 SpellLevels catched 
[10:57:56] 4772 Spells catched 
[10:57:56] 316 GuildEmblems catched 
[10:57:56] 1179 LearnableSpells catched 
[10:57:56] 9780 ItemTemplates catched 
[10:57:57] 4489 Weapons catched 
[10:57:57] 363 ItemSets catched 
[10:57:57] 171 ItemTypes catched 
[10:57:57] 110 ItemPets catched 
[10:57:57] 2476 NpcTemplates catched 
[10:57:57] 787 NpcSpawns catched 
[10:57:57] 94 NpcItems catched 
[10:57:57] 19801 NpcMessages catched 
[10:57:57] 7 NpcReplies catched 
[10:57:57] 353 Triggers catched
[10:57:58] 1277 Paddocks catched
[10:57:58] 72 Mounts catched
[10:57:58] 4 Guild catched
[10:57:58] 3 GuildMembers catched
[10:57:58] 11 GatheringJob LevelInfos catched
[10:57:58] 233 InteractiveSkills LevelInfos catched
[10:57:58] 123 Handlers Readed
[10:57:59] 168 Messages Readed
[10:57:59] WorldServer start in 12490 ms.
[11:03:31] MySQL Database Connected
[11:03:31] 16 Breeds catched
[11:03:31] 256 Heads catched
[11:03:31] 561 Effects catched
[11:03:32] 4 SuperAreas catched
[11:03:32] 48 Areas catched
[11:03:33] 334 SubAreas catched
[11:03:40] 11260 DofusMaps catched
[11:03:40] 9761 StatedElements catched
[11:03:40] 13349 InteractiveElements catched
[11:03:40] 1485 HouseInformations catched
[11:03:40] 556 InteractiveDoors catched
[11:03:40] 3614 MapPositions uncatched
[11:03:40] 14681 MapPositions catched
[11:03:40] 42 MapZaaps catched
[11:03:40] 79 MapSubways catched
[11:03:41] 15228 SpellLevels catched 
[11:03:41] 4772 Spells catched 
[11:03:41] 316 GuildEmblems catched 
[11:03:41] 1179 LearnableSpells catched 
[11:03:41] 9780 ItemTemplates catched 
[11:03:41] 4489 Weapons catched 
[11:03:41] 363 ItemSets catched 
[11:03:41] 171 ItemTypes catched 
[11:03:41] 110 ItemPets catched 
[11:03:42] 2476 NpcTemplates catched 
[11:03:42] 787 NpcSpawns catched 
[11:03:42] 94 NpcItems catched 
[11:03:42] 19801 NpcMessages catched 
[11:03:42] 7 NpcReplies catched 
[11:03:42] 353 Triggers catched
[11:03:42] 1277 Paddocks catched
[11:03:42] 72 Mounts catched
[11:03:42] 4 Guild catched
[11:03:42] 3 GuildMembers catched
[11:03:42] 11 GatheringJob LevelInfos catched
[11:03:42] 233 InteractiveSkills LevelInfos catched
[11:03:43] 123 Handlers Readed
[11:03:43] 168 Messages Readed
[11:03:43] WorldServer start in 12205 ms.
[11:05:48] MySQL Database Connected
[11:05:49] 16 Breeds catched
[11:05:49] 256 Heads catched
[11:05:49] 561 Effects catched
[11:05:49] 4 SuperAreas catched
[11:05:49] 48 Areas catched
[11:05:50] 334 SubAreas catched
[11:05:58] 11260 DofusMaps catched
[11:05:58] 9761 StatedElements catched
[11:05:58] 13349 InteractiveElements catched
[11:05:58] 1485 HouseInformations catched
[11:05:58] 556 InteractiveDoors catched
[11:05:58] 3614 MapPositions uncatched
[11:05:58] 14681 MapPositions catched
[11:05:58] 42 MapZaaps catched
[11:05:58] 79 MapSubways catched
[11:05:58] 15228 SpellLevels catched 
[11:05:58] 4772 Spells catched 
[11:05:58] 316 GuildEmblems catched 
[11:05:58] 1179 LearnableSpells catched 
[11:05:58] 9780 ItemTemplates catched 
[11:05:59] 4489 Weapons catched 
[11:05:59] 363 ItemSets catched 
[11:05:59] 171 ItemTypes catched 
[11:05:59] 110 ItemPets catched 
[11:05:59] 2476 NpcTemplates catched 
[11:05:59] 787 NpcSpawns catched 
[11:05:59] 94 NpcItems catched 
[11:05:59] 19801 NpcMessages catched 
[11:05:59] 7 NpcReplies catched 
[11:06:00] 353 Triggers catched
[11:06:00] 1277 Paddocks catched
[11:06:00] 72 Mounts catched
[11:06:00] 4 Guild catched
[11:06:00] 3 GuildMembers catched
[11:06:00] 11 GatheringJob LevelInfos catched
[11:06:00] 233 InteractiveSkills LevelInfos catched
[11:06:00] 123 Handlers Readed
[11:06:01] 168 Messages Readed
[11:06:01] WorldServer start in 12470 ms.
[11:09:02] MySQL Database Connected
[11:09:02] 16 Breeds catched
[11:09:02] 256 Heads catched
[11:09:02] 561 Effects catched
[11:09:03] 4 SuperAreas catched
[11:09:03] 48 Areas catched
[11:09:04] 334 SubAreas catched
[11:09:11] 11260 DofusMaps catched
[11:09:11] 9761 StatedElements catched
[11:09:12] 13349 InteractiveElements catched
[11:09:12] 1485 HouseInformations catched
[11:09:12] 556 InteractiveDoors catched
[11:09:12] 3614 MapPositions uncatched
[11:09:12] 14681 MapPositions catched
[11:09:12] 42 MapZaaps catched
[11:09:12] 79 MapSubways catched
[11:09:12] 15228 SpellLevels catched 
[11:09:12] 4772 Spells catched 
[11:09:12] 316 GuildEmblems catched 
[11:09:12] 1179 LearnableSpells catched 
[11:09:12] 9780 ItemTemplates catched 
[11:09:13] 4489 Weapons catched 
[11:09:13] 363 ItemSets catched 
[11:09:13] 171 ItemTypes catched 
[11:09:13] 110 ItemPets catched 
[11:09:13] 2476 NpcTemplates catched 
[11:09:13] 787 NpcSpawns catched 
[11:09:13] 94 NpcItems catched 
[11:09:13] 19801 NpcMessages catched 
[11:09:13] 7 NpcReplies catched 
[11:09:14] 353 Triggers catched
[11:09:14] 1277 Paddocks catched
[11:09:14] 72 Mounts catched
[11:09:14] 4 Guild catched
[11:09:14] 3 GuildMembers catched
[11:09:14] 11 GatheringJob LevelInfos catched
[11:09:14] 233 InteractiveSkills LevelInfos catched
[11:09:14] 123 Handlers Readed
[11:09:15] 168 Messages Readed
[11:09:15] WorldServer start in 12791 ms.
[11:10:18] MySQL Database Connected
[11:10:18] 16 Breeds catched
[11:10:18] 256 Heads catched
[11:10:18] 561 Effects catched
[11:10:19] 4 SuperAreas catched
[11:10:19] 48 Areas catched
[11:10:20] 334 SubAreas catched
[11:10:27] 11260 DofusMaps catched
[11:10:27] 9761 StatedElements catched
[11:10:27] 13349 InteractiveElements catched
[11:10:27] 1485 HouseInformations catched
[11:10:27] 556 InteractiveDoors catched
[11:10:27] 3614 MapPositions uncatched
[11:10:27] 14681 MapPositions catched
[11:10:27] 42 MapZaaps catched
[11:10:27] 79 MapSubways catched
[11:10:27] 15228 SpellLevels catched 
[11:10:28] 4772 Spells catched 
[11:10:28] 316 GuildEmblems catched 
[11:10:28] 1179 LearnableSpells catched 
[11:10:28] 9780 ItemTemplates catched 
[11:10:28] 4489 Weapons catched 
[11:10:28] 363 ItemSets catched 
[11:10:28] 171 ItemTypes catched 
[11:10:28] 110 ItemPets catched 
[11:10:28] 2476 NpcTemplates catched 
[11:10:29] 787 NpcSpawns catched 
[11:10:29] 94 NpcItems catched 
[11:10:29] 19801 NpcMessages catched 
[11:10:29] 7 NpcReplies catched 
[11:10:29] 353 Triggers catched
[11:10:29] 1277 Paddocks catched
[11:10:29] 72 Mounts catched
[11:10:29] 4 Guild catched
[11:10:29] 3 GuildMembers catched
[11:10:29] 11 GatheringJob LevelInfos catched
[11:10:29] 233 InteractiveSkills LevelInfos catched
[11:10:30] 123 Handlers Readed
[11:10:30] 168 Messages Readed
[11:10:30] WorldServer start in 12163 ms.
[11:42:22] MySQL Database Connected
[11:42:22] 16 Breeds catched
[11:42:22] 256 Heads catched
[11:42:22] 561 Effects catched
[11:42:22] 4 SuperAreas catched
[11:42:22] 48 Areas catched
[11:42:23] 334 SubAreas catched
[11:42:31] 11260 DofusMaps catched
[11:42:31] 9761 StatedElements catched
[11:42:31] 13349 InteractiveElements catched
[11:42:31] 1485 HouseInformations catched
[11:42:31] 556 InteractiveDoors catched
[11:42:31] 3614 MapPositions uncatched
[11:42:31] 14681 MapPositions catched
[11:42:31] 42 MapZaaps catched
[11:42:31] 79 MapSubways catched
[11:42:32] 15228 SpellLevels catched 
[11:42:32] 4772 Spells catched 
[11:42:32] 316 GuildEmblems catched 
[11:42:32] 1179 LearnableSpells catched 
[11:42:32] 9780 ItemTemplates catched 
[11:42:32] 4489 Weapons catched 
[11:42:32] 363 ItemSets catched 
[11:42:32] 171 ItemTypes catched 
[11:42:32] 110 ItemPets catched 
[11:42:33] 2476 NpcTemplates catched 
[11:42:33] 787 NpcSpawns catched 
[11:42:33] 94 NpcItems catched 
[11:42:33] 19801 NpcMessages catched 
[11:42:33] 7 NpcReplies catched 
[11:42:33] 353 Triggers catched
[11:42:33] 1277 Paddocks catched
[11:42:33] 72 Mounts catched
[11:42:33] 4 Guild catched
[11:42:33] 3 GuildMembers catched
[11:42:33] 11 GatheringJob LevelInfos catched
[11:42:33] 233 InteractiveSkills LevelInfos catched
[11:42:34] 124 Handlers Readed
[11:42:34] 172 Messages Readed
[11:42:34] WorldServer start in 12670 ms.
[11:45:37] MySQL Database Connected
[11:45:37] 16 Breeds catched
[11:45:37] 256 Heads catched
[11:45:37] 561 Effects catched
[11:45:37] 4 SuperAreas catched
[11:45:37] 48 Areas catched
[11:46:05] MySQL Database Connected
[11:46:05] 16 Breeds catched
[11:46:05] 256 Heads catched
[11:46:05] 561 Effects catched
[11:46:05] 4 SuperAreas catched
[11:46:05] 48 Areas catched
[11:46:06] 334 SubAreas catched
[11:46:14] 11260 DofusMaps catched
[11:46:14] 9761 StatedElements catched
[11:46:14] 13349 InteractiveElements catched
[11:46:14] 1485 HouseInformations catched
[11:46:14] 556 InteractiveDoors catched
[11:46:14] 3614 MapPositions uncatched
[11:46:14] 14681 MapPositions catched
[11:46:14] 42 MapZaaps catched
[11:46:14] 79 MapSubways catched
[11:46:14] 15228 SpellLevels catched 
[11:46:14] 4772 Spells catched 
[11:46:14] 316 GuildEmblems catched 
[11:46:14] 1179 LearnableSpells catched 
[11:46:15] 9780 ItemTemplates catched 
[11:46:15] 4489 Weapons catched 
[11:46:15] 363 ItemSets catched 
[11:46:15] 171 ItemTypes catched 
[11:46:15] 110 ItemPets catched 
[11:46:15] 2476 NpcTemplates catched 
[11:46:15] 787 NpcSpawns catched 
[11:46:15] 94 NpcItems catched 
[11:46:15] 19801 NpcMessages catched 
[11:46:15] 7 NpcReplies catched 
[11:46:16] 353 Triggers catched
[11:46:16] 1277 Paddocks catched
[11:46:16] 72 Mounts catched
[11:46:16] 4 Guild catched
[11:46:16] 3 GuildMembers catched
[11:46:16] 11 GatheringJob LevelInfos catched
[11:46:16] 233 InteractiveSkills LevelInfos catched
[11:46:16] 124 Handlers Readed
[11:46:17] 172 Messages Readed
[11:46:17] WorldServer start in 12443 ms.
[11:51:02] MySQL Database Connected
[11:51:02] 16 Breeds catched
[11:51:02] 256 Heads catched
[11:51:02] 561 Effects catched
[11:51:03] 4 SuperAreas catched
[11:51:03] 48 Areas catched
[11:51:04] 334 SubAreas catched
[11:51:11] 11260 DofusMaps catched
[11:51:11] 9761 StatedElements catched
[11:51:12] 13349 InteractiveElements catched
[11:51:12] 1485 HouseInformations catched
[11:51:12] 556 InteractiveDoors catched
[11:51:12] 3614 MapPositions uncatched
[11:51:12] 14681 MapPositions catched
[11:51:12] 42 MapZaaps catched
[11:51:12] 79 MapSubways catched
[11:51:12] 15228 SpellLevels catched 
[11:51:12] 4772 Spells catched 
[11:51:12] 316 GuildEmblems catched 
[11:51:12] 1179 LearnableSpells catched 
[11:51:12] 9780 ItemTemplates catched 
[11:51:12] 4489 Weapons catched 
[11:51:13] 363 ItemSets catched 
[11:51:13] 171 ItemTypes catched 
[11:51:13] 110 ItemPets catched 
[11:51:14] 2476 NpcTemplates catched 
[11:51:14] 787 NpcSpawns catched 
[11:51:14] 94 NpcItems catched 
[11:51:14] 19801 NpcMessages catched 
[11:51:14] 7 NpcReplies catched 
[11:51:14] 353 Triggers catched
[11:51:14] 1277 Paddocks catched
[11:51:14] 72 Mounts catched
[11:51:14] 4 Guild catched
[11:51:14] 3 GuildMembers catched
[11:51:14] 11 GatheringJob LevelInfos catched
[11:51:14] 233 InteractiveSkills LevelInfos catched
[11:51:15] 124 Handlers Readed
[11:51:15] 172 Messages Readed
[11:51:15] WorldServer start in 13501 ms.
[11:53:59] MySQL Database Connected
[11:53:59] 16 Breeds catched
[11:53:59] 256 Heads catched
[11:53:59] 561 Effects catched
[11:53:59] 4 SuperAreas catched
[11:53:59] 48 Areas catched
[11:54:00] 334 SubAreas catched
[11:54:08] 11260 DofusMaps catched
[11:54:08] 9761 StatedElements catched
[11:54:08] 13349 InteractiveElements catched
[11:54:08] 1485 HouseInformations catched
[11:54:08] 556 InteractiveDoors catched
[11:54:09] 3614 MapPositions uncatched
[11:54:09] 14681 MapPositions catched
[11:54:09] 42 MapZaaps catched
[11:54:09] 79 MapSubways catched
[11:54:09] 15228 SpellLevels catched 
[11:54:09] 4772 Spells catched 
[11:54:09] 316 GuildEmblems catched 
[11:54:09] 1179 LearnableSpells catched 
[11:54:09] 9780 ItemTemplates catched 
[11:54:09] 4489 Weapons catched 
[11:54:09] 363 ItemSets catched 
[11:54:09] 171 ItemTypes catched 
[11:54:09] 110 ItemPets catched 
[11:54:10] 2476 NpcTemplates catched 
[11:54:10] 787 NpcSpawns catched 
[11:54:10] 94 NpcItems catched 
[11:54:10] 19801 NpcMessages catched 
[11:54:10] 7 NpcReplies catched 
[11:54:10] 353 Triggers catched
[11:54:10] 1277 Paddocks catched
[11:54:10] 72 Mounts catched
[11:54:10] 4 Guild catched
[11:54:10] 3 GuildMembers catched
[11:54:10] 11 GatheringJob LevelInfos catched
[11:54:10] 233 InteractiveSkills LevelInfos catched
[11:54:11] 124 Handlers Readed
[11:54:11] 172 Messages Readed
[11:54:11] WorldServer start in 12582 ms.
[11:55:00] MySQL Database Connected
[11:55:00] 16 Breeds catched
[11:55:00] 256 Heads catched
[11:55:00] 561 Effects catched
[11:55:01] 4 SuperAreas catched
[11:55:01] 48 Areas catched
[11:55:02] 334 SubAreas catched
[11:55:09] 11260 DofusMaps catched
[11:55:09] 9761 StatedElements catched
[11:55:09] 13349 InteractiveElements catched
[11:55:09] 1485 HouseInformations catched
[11:55:09] 556 InteractiveDoors catched
[11:55:09] 3614 MapPositions uncatched
[11:55:09] 14681 MapPositions catched
[11:55:09] 42 MapZaaps catched
[11:55:09] 79 MapSubways catched
[11:55:10] 15228 SpellLevels catched 
[11:55:10] 4772 Spells catched 
[11:55:10] 316 GuildEmblems catched 
[11:55:10] 1179 LearnableSpells catched 
[11:55:10] 9780 ItemTemplates catched 
[11:55:10] 4489 Weapons catched 
[11:55:10] 363 ItemSets catched 
[11:55:10] 171 ItemTypes catched 
[11:55:10] 110 ItemPets catched 
[11:55:11] 2476 NpcTemplates catched 
[11:55:11] 787 NpcSpawns catched 
[11:55:11] 94 NpcItems catched 
[11:55:11] 19801 NpcMessages catched 
[11:55:11] 7 NpcReplies catched 
[11:55:11] 353 Triggers catched
[11:55:11] 1277 Paddocks catched
[11:55:11] 72 Mounts catched
[11:55:11] 4 Guild catched
[11:55:11] 3 GuildMembers catched
[11:55:11] 11 GatheringJob LevelInfos catched
[11:55:11] 233 InteractiveSkills LevelInfos catched
[11:55:12] 124 Handlers Readed
[11:55:12] 172 Messages Readed
[11:55:12] WorldServer start in 12382 ms.
[11:57:04] MySQL Database Connected
[11:57:04] 16 Breeds catched
[11:57:04] 256 Heads catched
[11:57:04] 561 Effects catched
[11:57:04] 4 SuperAreas catched
[11:57:04] 48 Areas catched
[11:57:05] 334 SubAreas catched
[11:57:13] 11260 DofusMaps catched
[11:57:13] 9761 StatedElements catched
[11:57:13] 13349 InteractiveElements catched
[11:57:13] 1485 HouseInformations catched
[11:57:13] 556 InteractiveDoors catched
[11:57:13] 3614 MapPositions uncatched
[11:57:13] 14681 MapPositions catched
[11:57:13] 42 MapZaaps catched
[11:57:13] 79 MapSubways catched
[11:57:13] 15228 SpellLevels catched 
[11:57:14] 4772 Spells catched 
[11:57:14] 316 GuildEmblems catched 
[11:57:14] 1179 LearnableSpells catched 
[11:57:14] 9780 ItemTemplates catched 
[11:57:14] 4489 Weapons catched 
[11:57:14] 363 ItemSets catched 
[11:57:14] 171 ItemTypes catched 
[11:57:14] 110 ItemPets catched 
[11:57:14] 2476 NpcTemplates catched 
[11:57:14] 787 NpcSpawns catched 
[11:57:14] 94 NpcItems catched 
[11:57:15] 19801 NpcMessages catched 
[11:57:15] 7 NpcReplies catched 
[11:57:15] 353 Triggers catched
[11:57:15] 1277 Paddocks catched
[11:57:15] 72 Mounts catched
[11:57:15] 4 Guild catched
[11:57:15] 3 GuildMembers catched
[11:57:15] 11 GatheringJob LevelInfos catched
[11:57:15] 233 InteractiveSkills LevelInfos catched
[11:57:16] 124 Handlers Readed
[11:57:16] 172 Messages Readed
[11:57:16] WorldServer start in 12544 ms.
[12:15:51] MySQL Database Connected
[12:15:51] 16 Breeds catched
[12:15:51] 256 Heads catched
[12:15:51] 561 Effects catched
[12:15:52] 4 SuperAreas catched
[12:15:52] 48 Areas catched
[12:15:53] 334 SubAreas catched
[12:16:00] 11260 DofusMaps catched
[12:16:00] 9761 StatedElements catched
[12:16:01] 13349 InteractiveElements catched
[12:16:01] 1485 HouseInformations catched
[12:16:01] 556 InteractiveDoors catched
[12:16:01] 3614 MapPositions uncatched
[12:16:01] 14681 MapPositions catched
[12:16:01] 42 MapZaaps catched
[12:16:01] 79 MapSubways catched
[12:16:01] 15228 SpellLevels catched 
[12:16:01] 4772 Spells catched 
[12:16:01] 316 GuildEmblems catched 
[12:16:01] 1179 LearnableSpells catched 
[12:16:01] 9780 ItemTemplates catched 
[12:16:02] 4489 Weapons catched 
[12:16:02] 363 ItemSets catched 
[12:16:02] 171 ItemTypes catched 
[12:16:02] 110 ItemPets catched 
[12:16:02] 2476 NpcTemplates catched 
[12:16:02] 787 NpcSpawns catched 
[12:16:02] 94 NpcItems catched 
[12:16:02] 19801 NpcMessages catched 
[12:16:02] 7 NpcReplies catched 
[12:16:02] 353 Triggers catched
[12:16:02] 1277 Paddocks catched
[12:16:02] 72 Mounts catched
[12:16:02] 4 Guild catched
[12:16:02] 3 GuildMembers catched
[12:16:02] 11 GatheringJob LevelInfos catched
[12:16:03] 233 InteractiveSkills LevelInfos catched
[12:16:03] 124 Handlers Readed
[12:16:04] 172 Messages Readed
[12:16:04] WorldServer start in 12665 ms.
[12:16:59] MySQL Database Connected
[12:16:59] 16 Breeds catched
[12:16:59] 256 Heads catched
[12:16:59] 561 Effects catched
[12:16:59] 4 SuperAreas catched
[12:16:59] 48 Areas catched
[12:17:00] 334 SubAreas catched
[12:17:08] 11260 DofusMaps catched
[12:17:08] 9761 StatedElements catched
[12:17:08] 13349 InteractiveElements catched
[12:17:08] 1485 HouseInformations catched
[12:17:08] 556 InteractiveDoors catched
[12:17:08] 3614 MapPositions uncatched
[12:17:08] 14681 MapPositions catched
[12:17:08] 42 MapZaaps catched
[12:17:08] 79 MapSubways catched
[12:17:09] 15228 SpellLevels catched 
[12:17:09] 4772 Spells catched 
[12:17:09] 316 GuildEmblems catched 
[12:17:09] 1179 LearnableSpells catched 
[12:17:09] 9780 ItemTemplates catched 
[12:17:09] 4489 Weapons catched 
[12:17:09] 363 ItemSets catched 
[12:17:09] 171 ItemTypes catched 
[12:17:09] 110 ItemPets catched 
[12:17:10] 2476 NpcTemplates catched 
[12:17:10] 787 NpcSpawns catched 
[12:17:10] 94 NpcItems catched 
[12:17:10] 19801 NpcMessages catched 
[12:17:10] 7 NpcReplies catched 
[12:17:10] 353 Triggers catched
[12:17:10] 1277 Paddocks catched
[12:17:10] 72 Mounts catched
[12:17:10] 4 Guild catched
[12:17:10] 3 GuildMembers catched
[12:17:10] 11 GatheringJob LevelInfos catched
[12:17:10] 233 InteractiveSkills LevelInfos catched
[12:17:11] 124 Handlers Readed
[12:17:11] 172 Messages Readed
[12:17:11] WorldServer start in 12713 ms.
[12:18:22] MySQL Database Connected
[12:18:22] 16 Breeds catched
[12:18:22] 256 Heads catched
[12:18:22] 561 Effects catched
[12:18:23] 4 SuperAreas catched
[12:18:23] 48 Areas catched
[12:18:24] 334 SubAreas catched
[12:18:31] 11260 DofusMaps catched
[12:18:31] 9761 StatedElements catched
[12:18:32] 13349 InteractiveElements catched
[12:18:32] 1485 HouseInformations catched
[12:18:32] 556 InteractiveDoors catched
[12:18:32] 3614 MapPositions uncatched
[12:18:32] 14681 MapPositions catched
[12:18:32] 42 MapZaaps catched
[12:18:32] 79 MapSubways catched
[12:18:32] 15228 SpellLevels catched 
[12:18:32] 4772 Spells catched 
[12:18:32] 316 GuildEmblems catched 
[12:18:32] 1179 LearnableSpells catched 
[12:18:32] 9780 ItemTemplates catched 
[12:18:32] 4489 Weapons catched 
[12:18:32] 363 ItemSets catched 
[12:18:32] 171 ItemTypes catched 
[12:18:33] 110 ItemPets catched 
[12:18:33] 2476 NpcTemplates catched 
[12:18:33] 787 NpcSpawns catched 
[12:18:33] 94 NpcItems catched 
[12:18:33] 19801 NpcMessages catched 
[12:18:33] 7 NpcReplies catched 
[12:18:33] 353 Triggers catched
[12:18:33] 1277 Paddocks catched
[12:18:33] 72 Mounts catched
[12:18:33] 4 Guild catched
[12:18:33] 3 GuildMembers catched
[12:18:33] 11 GatheringJob LevelInfos catched
[12:18:33] 233 InteractiveSkills LevelInfos catched
[12:18:34] 124 Handlers Readed
[12:18:35] 172 Messages Readed
[12:18:35] WorldServer start in 12698 ms.
[12:19:03] MySQL Database Connected
[12:19:03] 16 Breeds catched
[12:19:03] 256 Heads catched
[12:19:03] 561 Effects catched
[12:19:04] 4 SuperAreas catched
[12:19:04] 48 Areas catched
[12:19:04] 334 SubAreas catched
[12:19:12] 11260 DofusMaps catched
[12:19:12] 9761 StatedElements catched
[12:19:12] 13349 InteractiveElements catched
[12:19:12] 1485 HouseInformations catched
[12:19:12] 556 InteractiveDoors catched
[12:19:12] 3614 MapPositions uncatched
[12:19:12] 14681 MapPositions catched
[12:19:12] 42 MapZaaps catched
[12:19:12] 79 MapSubways catched
[12:19:12] 15228 SpellLevels catched 
[12:19:12] 4772 Spells catched 
[12:19:12] 316 GuildEmblems catched 
[12:19:12] 1179 LearnableSpells catched 
[12:19:13] 9780 ItemTemplates catched 
[12:19:13] 4489 Weapons catched 
[12:19:13] 363 ItemSets catched 
[12:19:13] 171 ItemTypes catched 
[12:19:13] 110 ItemPets catched 
[12:19:13] 2476 NpcTemplates catched 
[12:19:13] 787 NpcSpawns catched 
[12:19:13] 94 NpcItems catched 
[12:19:13] 19801 NpcMessages catched 
[12:19:13] 7 NpcReplies catched 
[12:19:14] 353 Triggers catched
[12:19:14] 1277 Paddocks catched
[12:19:14] 72 Mounts catched
[12:19:14] 4 Guild catched
[12:19:14] 3 GuildMembers catched
[12:19:14] 11 GatheringJob LevelInfos catched
[12:19:14] 233 InteractiveSkills LevelInfos catched
[12:19:15] 124 Handlers Readed
[12:19:15] 172 Messages Readed
[12:19:15] WorldServer start in 12405 ms.
[12:19:25] MySQL Database Connected
[12:19:25] 16 Breeds catched
[12:19:25] 256 Heads catched
[12:19:25] 561 Effects catched
[12:19:26] 4 SuperAreas catched
[12:19:26] 48 Areas catched
[12:19:27] 334 SubAreas catched
[12:19:34] 11260 DofusMaps catched
[12:19:34] 9761 StatedElements catched
[12:19:34] 13349 InteractiveElements catched
[12:19:34] 1485 HouseInformations catched
[12:19:34] 556 InteractiveDoors catched
[12:19:34] 3614 MapPositions uncatched
[12:19:34] 14681 MapPositions catched
[12:19:34] 42 MapZaaps catched
[12:19:34] 79 MapSubways catched
[12:19:34] 15228 SpellLevels catched 
[12:19:35] 4772 Spells catched 
[12:19:35] 316 GuildEmblems catched 
[12:19:35] 1179 LearnableSpells catched 
[12:19:35] 9780 ItemTemplates catched 
[12:19:35] 4489 Weapons catched 
[12:19:35] 363 ItemSets catched 
[12:19:35] 171 ItemTypes catched 
[12:19:35] 110 ItemPets catched 
[12:19:36] 2476 NpcTemplates catched 
[12:19:36] 787 NpcSpawns catched 
[12:19:36] 94 NpcItems catched 
[12:19:36] 19801 NpcMessages catched 
[12:19:36] 7 NpcReplies catched 
[12:19:36] 353 Triggers catched
[12:19:36] 1277 Paddocks catched
[12:19:36] 72 Mounts catched
[12:19:36] 4 Guild catched
[12:19:36] 3 GuildMembers catched
[12:19:36] 11 GatheringJob LevelInfos catched
[12:19:36] 233 InteractiveSkills LevelInfos catched
[12:19:37] 124 Handlers Readed
[12:19:37] 172 Messages Readed
[12:19:38] WorldServer start in 12872 ms.
[12:20:01] MySQL Database Connected
[12:20:01] 16 Breeds catched
[12:20:01] 256 Heads catched
[12:20:01] 561 Effects catched
[12:20:01] 4 SuperAreas catched
[12:20:01] 48 Areas catched
[12:20:02] 334 SubAreas catched
[12:20:10] 11260 DofusMaps catched
[12:20:10] 9761 StatedElements catched
[12:20:11] 13349 InteractiveElements catched
[12:20:11] 1485 HouseInformations catched
[12:20:11] 556 InteractiveDoors catched
[12:20:11] 3614 MapPositions uncatched
[12:20:11] 14681 MapPositions catched
[12:20:11] 42 MapZaaps catched
[12:20:11] 79 MapSubways catched
[12:20:11] 15228 SpellLevels catched 
[12:20:11] 4772 Spells catched 
[12:20:11] 316 GuildEmblems catched 
[12:20:11] 1179 LearnableSpells catched 
[12:20:12] 9780 ItemTemplates catched 
[12:20:12] 4489 Weapons catched 
[12:20:12] 363 ItemSets catched 
[12:20:12] 171 ItemTypes catched 
[12:20:12] 110 ItemPets catched 
[12:20:12] 2476 NpcTemplates catched 
[12:20:12] 787 NpcSpawns catched 
[12:20:12] 94 NpcItems catched 
[12:20:12] 19801 NpcMessages catched 
[12:20:12] 7 NpcReplies catched 
[12:20:13] 353 Triggers catched
[12:20:13] 1277 Paddocks catched
[12:20:13] 72 Mounts catched
[12:20:13] 4 Guild catched
[12:20:13] 3 GuildMembers catched
[12:20:13] 11 GatheringJob LevelInfos catched
[12:20:13] 233 InteractiveSkills LevelInfos catched
[12:20:13] 124 Handlers Readed
[12:20:14] 172 Messages Readed
[12:20:14] WorldServer start in 13381 ms.
[12:20:49] MySQL Database Connected
[12:20:49] 16 Breeds catched
[12:20:49] 256 Heads catched
[12:20:49] 561 Effects catched
[12:20:49] 4 SuperAreas catched
[12:20:49] 48 Areas catched
[12:20:50] 334 SubAreas catched
[12:20:58] 11260 DofusMaps catched
[12:20:58] 9761 StatedElements catched
[12:20:58] 13349 InteractiveElements catched
[12:20:58] 1485 HouseInformations catched
[12:20:58] 556 InteractiveDoors catched
[12:20:58] 3614 MapPositions uncatched
[12:20:58] 14681 MapPositions catched
[12:20:58] 42 MapZaaps catched
[12:20:58] 79 MapSubways catched
[12:20:59] 15228 SpellLevels catched 
[12:20:59] 4772 Spells catched 
[12:20:59] 316 GuildEmblems catched 
[12:20:59] 1179 LearnableSpells catched 
[12:20:59] 9780 ItemTemplates catched 
[12:20:59] 4489 Weapons catched 
[12:20:59] 363 ItemSets catched 
[12:20:59] 171 ItemTypes catched 
[12:20:59] 110 ItemPets catched 
[12:21:00] 2476 NpcTemplates catched 
[12:21:00] 787 NpcSpawns catched 
[12:21:00] 94 NpcItems catched 
[12:21:00] 19801 NpcMessages catched 
[12:21:00] 7 NpcReplies catched 
[12:21:00] 353 Triggers catched
[12:21:00] 1277 Paddocks catched
[12:21:00] 72 Mounts catched
[12:21:00] 4 Guild catched
[12:21:00] 3 GuildMembers catched
[12:21:00] 11 GatheringJob LevelInfos catched
[12:21:00] 233 InteractiveSkills LevelInfos catched
[12:21:01] 124 Handlers Readed
[12:21:01] 172 Messages Readed
[12:21:01] WorldServer start in 12708 ms.
[12:30:14] MySQL Database Connected
[12:30:14] 16 Breeds catched
[12:30:14] 256 Heads catched
[12:30:14] 561 Effects catched
[12:30:14] 4 SuperAreas catched
[12:30:14] 48 Areas catched
[12:30:15] 334 SubAreas catched
[12:30:23] 11260 DofusMaps catched
[12:30:23] 9761 StatedElements catched
[12:30:23] 13349 InteractiveElements catched
[12:30:23] 1485 HouseInformations catched
[12:30:23] 556 InteractiveDoors catched
[12:30:23] 3614 MapPositions uncatched
[12:30:23] 14681 MapPositions catched
[12:30:23] 42 MapZaaps catched
[12:30:23] 79 MapSubways catched
[12:30:23] 15228 SpellLevels catched 
[12:30:23] 4772 Spells catched 
[12:30:23] 316 GuildEmblems catched 
[12:30:24] 1179 LearnableSpells catched 
[12:30:24] 9780 ItemTemplates catched 
[12:30:24] 4489 Weapons catched 
[12:30:24] 363 ItemSets catched 
[12:30:24] 171 ItemTypes catched 
[12:30:24] 110 ItemPets catched 
[12:30:25] 2476 NpcTemplates catched 
[12:30:25] 787 NpcSpawns catched 
[12:30:25] 94 NpcItems catched 
[12:30:25] 19801 NpcMessages catched 
[12:30:25] 7 NpcReplies catched 
[12:30:25] 353 Triggers catched
[12:30:25] 1277 Paddocks catched
[12:30:25] 72 Mounts catched
[12:30:25] 4 Guild catched
[12:30:25] 3 GuildMembers catched
[12:30:25] 11 GatheringJob LevelInfos catched
[12:30:25] 233 InteractiveSkills LevelInfos catched
[12:30:26] 124 Handlers Readed
[12:30:26] 172 Messages Readed
[12:30:26] WorldServer start in 12486 ms.
[13:55:56] MySQL Database Connected
[13:55:56] 16 Breeds catched
[13:55:56] 256 Heads catched
[13:55:56] 561 Effects catched
[13:55:56] 4 SuperAreas catched
[13:55:56] 48 Areas catched
[13:55:57] 334 SubAreas catched
[13:56:05] 11260 DofusMaps catched
[13:56:05] 9761 StatedElements catched
[13:56:05] 13349 InteractiveElements catched
[13:56:05] 1485 HouseInformations catched
[13:56:05] 556 InteractiveDoors catched
[13:56:06] 3614 MapPositions uncatched
[13:56:06] 14681 MapPositions catched
[13:56:06] 42 MapZaaps catched
[13:56:06] 79 MapSubways catched
[13:56:10] 15228 SpellLevels catched 
[13:56:11] 4772 Spells catched 
[13:56:11] 316 GuildEmblems catched 
[13:56:11] 1179 LearnableSpells catched 
[13:56:15] 9780 ItemTemplates catched 
[13:56:17] 4489 Weapons catched 
[13:56:17] 363 ItemSets catched 
[13:56:17] 171 ItemTypes catched 
[13:56:18] 110 ItemPets catched 
[13:56:20] 2476 NpcTemplates catched 
[13:56:20] 787 NpcSpawns catched 
[13:56:20] 94 NpcItems catched 
[13:56:20] 19801 NpcMessages catched 
[13:56:20] 7 NpcReplies catched 
[13:56:20] 353 Triggers catched
[13:56:21] 1277 Paddocks catched
[13:56:21] 72 Mounts catched
[13:56:21] 4 Guild catched
[13:56:21] 3 GuildMembers catched
[13:56:21] 11 GatheringJob LevelInfos catched
[13:56:21] 233 InteractiveSkills LevelInfos catched
[13:56:22] 124 Handlers Readed
[13:56:22] 172 Messages Readed
[13:56:22] WorldServer start in 26685 ms.
[13:58:25] MySQL Database Connected
[13:58:25] 16 Breeds catched
[13:58:25] 256 Heads catched
[13:58:25] 561 Effects catched
[13:58:26] 4 SuperAreas catched
[13:58:26] 48 Areas catched
[13:58:27] 334 SubAreas catched
[13:58:34] 11260 DofusMaps catched
[13:58:34] 9761 StatedElements catched
[13:58:35] 13349 InteractiveElements catched
[13:58:35] 1485 HouseInformations catched
[13:58:35] 556 InteractiveDoors catched
[13:58:35] 3614 MapPositions uncatched
[13:58:35] 14681 MapPositions catched
[13:58:35] 42 MapZaaps catched
[13:58:35] 79 MapSubways catched
[13:58:35] 15228 SpellLevels catched 
[13:58:35] 4772 Spells catched 
[13:58:35] 316 GuildEmblems catched 
[13:58:35] 1179 LearnableSpells catched 
[13:58:36] 9780 ItemTemplates catched 
[13:58:36] 4489 Weapons catched 
[13:58:36] 363 ItemSets catched 
[13:58:36] 171 ItemTypes catched 
[13:58:36] 110 ItemPets catched 
[13:58:36] 2476 NpcTemplates catched 
[13:58:36] 787 NpcSpawns catched 
[13:58:36] 94 NpcItems catched 
[13:58:36] 19801 NpcMessages catched 
[13:58:36] 7 NpcReplies catched 
[13:58:37] 353 Triggers catched
[13:58:37] 1277 Paddocks catched
[13:58:37] 72 Mounts catched
[13:58:37] 4 Guild catched
[13:58:37] 3 GuildMembers catched
[13:58:37] 11 GatheringJob LevelInfos catched
[13:58:37] 233 InteractiveSkills LevelInfos catched
[13:58:37] 124 Handlers Readed
[13:58:38] 172 Messages Readed
[13:58:38] WorldServer start in 12894 ms.
[14:01:19] MySQL Database Connected
[14:01:19] 16 Breeds catched
[14:01:19] 256 Heads catched
[14:01:19] 561 Effects catched
[14:01:20] 4 SuperAreas catched
[14:01:20] 48 Areas catched
[14:01:21] 334 SubAreas catched
[14:01:28] 11260 DofusMaps catched
[14:01:28] 9761 StatedElements catched
[14:01:29] 13349 InteractiveElements catched
[14:01:29] 1485 HouseInformations catched
[14:01:29] 556 InteractiveDoors catched
[14:01:29] 3614 MapPositions uncatched
[14:01:29] 14681 MapPositions catched
[14:01:29] 42 MapZaaps catched
[14:01:29] 79 MapSubways catched
[14:01:29] 15228 SpellLevels catched 
[14:01:29] 4772 Spells catched 
[14:01:29] 316 GuildEmblems catched 
[14:01:29] 1179 LearnableSpells catched 
[14:01:29] 9780 ItemTemplates catched 
[14:01:30] 4489 Weapons catched 
[14:01:30] 363 ItemSets catched 
[14:01:30] 171 ItemTypes catched 
[14:01:30] 110 ItemPets catched 
[14:01:30] 2476 NpcTemplates catched 
[14:01:30] 787 NpcSpawns catched 
[14:01:30] 94 NpcItems catched 
[14:01:30] 19801 NpcMessages catched 
[14:01:30] 7 NpcReplies catched 
[14:01:30] 353 Triggers catched
[14:01:30] 1277 Paddocks catched
[14:01:31] 72 Mounts catched
[14:01:31] 4 Guild catched
[14:01:31] 3 GuildMembers catched
[14:01:31] 11 GatheringJob LevelInfos catched
[14:01:31] 233 InteractiveSkills LevelInfos catched
[14:01:31] 124 Handlers Readed
[14:01:32] 172 Messages Readed
[14:01:32] WorldServer start in 12631 ms.
[14:05:10] MySQL Database Connected
[14:05:10] 16 Breeds catched
[14:05:10] 256 Heads catched
[14:05:10] 561 Effects catched
[14:05:10] 4 SuperAreas catched
[14:05:10] 48 Areas catched
[14:05:11] 334 SubAreas catched
[14:05:22] 11260 DofusMaps catched
[14:05:22] 9761 StatedElements catched
[14:05:22] 13349 InteractiveElements catched
[14:05:22] 1485 HouseInformations catched
[14:05:22] 556 InteractiveDoors catched
[14:05:22] 3614 MapPositions uncatched
[14:05:22] 14681 MapPositions catched
[14:05:22] 42 MapZaaps catched
[14:05:22] 79 MapSubways catched
[14:05:22] 15228 SpellLevels catched 
[14:05:22] 4772 Spells catched 
[14:05:22] 316 GuildEmblems catched 
[14:05:22] 1179 LearnableSpells catched 
[14:05:23] 9780 ItemTemplates catched 
[14:05:23] 4489 Weapons catched 
[14:05:23] 363 ItemSets catched 
[14:05:23] 171 ItemTypes catched 
[14:05:23] 110 ItemPets catched 
[14:05:23] 2476 NpcTemplates catched 
[14:05:23] 787 NpcSpawns catched 
[14:05:23] 94 NpcItems catched 
[14:05:23] 19801 NpcMessages catched 
[14:05:23] 7 NpcReplies catched 
[14:05:24] 353 Triggers catched
[14:05:24] 1277 Paddocks catched
[14:05:24] 72 Mounts catched
[14:05:24] 4 Guild catched
[14:05:24] 3 GuildMembers catched
[14:05:24] 11 GatheringJob LevelInfos catched
[14:05:24] 233 InteractiveSkills LevelInfos catched
[14:05:25] 124 Handlers Readed
[14:05:25] 172 Messages Readed
[14:05:25] WorldServer start in 15712 ms.
[14:08:15] MySQL Database Connected
[14:08:15] 16 Breeds catched
[14:08:15] 256 Heads catched
[14:08:15] 561 Effects catched
[14:08:15] 4 SuperAreas catched
[14:08:15] 48 Areas catched
[14:08:16] 334 SubAreas catched
[14:08:34] MySQL Database Connected
[14:08:34] 16 Breeds catched
[14:08:34] 256 Heads catched
[14:08:34] 561 Effects catched
[14:08:34] 4 SuperAreas catched
[14:08:34] 48 Areas catched
[14:08:35] 334 SubAreas catched
[14:08:40] 11260 DofusMaps catched
[14:08:40] 9761 StatedElements catched
[14:08:40] 13349 InteractiveElements catched
[14:08:40] 1485 HouseInformations catched
[14:08:40] 556 InteractiveDoors catched
[14:08:40] 3614 MapPositions uncatched
[14:08:40] 14681 MapPositions catched
[14:08:40] 42 MapZaaps catched
[14:08:40] 79 MapSubways catched
[14:08:40] 15228 SpellLevels catched 
[14:08:41] 4772 Spells catched 
[14:08:41] 316 GuildEmblems catched 
[14:08:41] 1179 LearnableSpells catched 
[14:08:41] 9780 ItemTemplates catched 
[14:08:41] 4489 Weapons catched 
[14:08:41] 363 ItemSets catched 
[14:08:41] 171 ItemTypes catched 
[14:08:41] 110 ItemPets catched 
[14:08:42] 2476 NpcTemplates catched 
[14:08:42] 787 NpcSpawns catched 
[14:08:42] 94 NpcItems catched 
[14:08:42] 19801 NpcMessages catched 
[14:08:42] 7 NpcReplies catched 
[14:08:42] 353 Triggers catched
[14:08:42] 1277 Paddocks catched
[14:08:42] 72 Mounts catched
[14:08:42] 4 Guild catched
[14:08:42] 3 GuildMembers catched
[14:08:42] 11 GatheringJob LevelInfos catched
[14:08:42] 233 InteractiveSkills LevelInfos catched
[14:08:43] 124 Handlers Readed
[14:08:43] 172 Messages Readed
[14:08:43] WorldServer start in 9899 ms.
[14:14:14] MySQL Database Connected
[14:14:14] 16 Breeds catched
[14:14:14] 256 Heads catched
[14:14:14] 561 Effects catched
[14:14:14] 4 SuperAreas catched
[14:14:14] 48 Areas catched
[14:14:15] 334 SubAreas catched
[14:14:23] 11260 DofusMaps catched
[14:14:23] 9761 StatedElements catched
[14:14:23] 13349 InteractiveElements catched
[14:14:23] 1485 HouseInformations catched
[14:14:23] 556 InteractiveDoors catched
[14:14:23] 3614 MapPositions uncatched
[14:14:23] 14681 MapPositions catched
[14:14:23] 42 MapZaaps catched
[14:14:23] 79 MapSubways catched
[14:14:23] 15228 SpellLevels catched 
[14:14:23] 4772 Spells catched 
[14:14:23] 316 GuildEmblems catched 
[14:14:23] 1179 LearnableSpells catched 
[14:14:24] 9780 ItemTemplates catched 
[14:14:24] 4489 Weapons catched 
[14:14:24] 363 ItemSets catched 
[14:14:24] 171 ItemTypes catched 
[14:14:24] 110 ItemPets catched 
[14:14:24] 2476 NpcTemplates catched 
[14:14:24] 787 NpcSpawns catched 
[14:14:24] 94 NpcItems catched 
[14:14:24] 19801 NpcMessages catched 
[14:14:24] 7 NpcReplies catched 
[14:14:25] 353 Triggers catched
[14:14:25] 1277 Paddocks catched
[14:14:25] 72 Mounts catched
[14:14:25] 4 Guild catched
[14:14:25] 3 GuildMembers catched
[14:14:25] 11 GatheringJob LevelInfos catched
[14:14:25] 233 InteractiveSkills LevelInfos catched
[14:14:25] 124 Handlers Readed
[14:14:26] 172 Messages Readed
[14:14:26] WorldServer start in 12316 ms.
[14:21:05] MySQL Database Connected
[14:21:05] 16 Breeds catched
[14:21:05] 256 Heads catched
[14:21:05] 561 Effects catched
[14:21:06] 4 SuperAreas catched
[14:21:06] 48 Areas catched
[14:21:07] 334 SubAreas catched
[14:21:15] 11260 DofusMaps catched
[14:21:15] 9761 StatedElements catched
[14:21:15] 13349 InteractiveElements catched
[14:21:15] 1485 HouseInformations catched
[14:21:15] 556 InteractiveDoors catched
[14:21:15] 3614 MapPositions uncatched
[14:21:15] 14681 MapPositions catched
[14:21:15] 42 MapZaaps catched
[14:21:15] 79 MapSubways catched
[14:21:16] 15228 SpellLevels catched 
[14:21:16] 4772 Spells catched 
[14:21:16] 316 GuildEmblems catched 
[14:21:16] 1179 LearnableSpells catched 
[14:21:16] 9780 ItemTemplates catched 
[14:21:16] 4489 Weapons catched 
[14:21:16] 363 ItemSets catched 
[14:21:16] 171 ItemTypes catched 
[14:21:16] 110 ItemPets catched 
[14:21:17] 2476 NpcTemplates catched 
[14:21:17] 787 NpcSpawns catched 
[14:21:17] 94 NpcItems catched 
[14:21:17] 19801 NpcMessages catched 
[14:21:17] 7 NpcReplies catched 
[14:21:17] 353 Triggers catched
[14:21:17] 1277 Paddocks catched
[14:21:17] 72 Mounts catched
[14:21:17] 4 Guild catched
[14:21:17] 3 GuildMembers catched
[14:21:17] 11 GatheringJob LevelInfos catched
[14:21:17] 233 InteractiveSkills LevelInfos catched
[14:21:18] 124 Handlers Readed
[14:21:18] 172 Messages Readed
[14:21:18] WorldServer start in 13371 ms.
[14:29:00] MySQL Database Connected
[14:29:00] 16 Breeds catched
[14:29:00] 256 Heads catched
[14:29:00] 561 Effects catched
[14:29:00] 4 SuperAreas catched
[14:29:00] 48 Areas catched
[14:29:09] MySQL Database Connected
[14:29:09] 16 Breeds catched
[14:29:09] 256 Heads catched
[14:29:09] 561 Effects catched
[14:29:09] 4 SuperAreas catched
[14:29:09] 48 Areas catched
[14:29:10] 334 SubAreas catched
[14:29:18] 11260 DofusMaps catched
[14:29:18] 9761 StatedElements catched
[14:29:18] 13349 InteractiveElements catched
[14:29:18] 1485 HouseInformations catched
[14:29:18] 556 InteractiveDoors catched
[14:29:18] 3614 MapPositions uncatched
[14:29:18] 14681 MapPositions catched
[14:29:18] 42 MapZaaps catched
[14:29:18] 79 MapSubways catched
[14:29:18] 15228 SpellLevels catched 
[14:29:19] 4772 Spells catched 
[14:29:19] 316 GuildEmblems catched 
[14:29:19] 1179 LearnableSpells catched 
[14:29:19] 9780 ItemTemplates catched 
[14:29:19] 4489 Weapons catched 
[14:29:19] 363 ItemSets catched 
[14:29:19] 171 ItemTypes catched 
[14:29:19] 110 ItemPets catched 
[14:29:20] 2476 NpcTemplates catched 
[14:29:20] 787 NpcSpawns catched 
[14:29:20] 94 NpcItems catched 
[14:29:20] 19801 NpcMessages catched 
[14:29:20] 7 NpcReplies catched 
[14:29:20] 353 Triggers catched
[14:29:20] 1277 Paddocks catched
[14:29:20] 72 Mounts catched
[14:29:20] 4 Guild catched
[14:29:20] 3 GuildMembers catched
[14:29:20] 11 GatheringJob LevelInfos catched
[14:29:20] 233 InteractiveSkills LevelInfos catched
[14:29:21] 124 Handlers Readed
[14:29:21] 172 Messages Readed
[14:29:21] WorldServer start in 12547 ms.
[14:43:08] MySQL Database Connected
[14:43:08] 16 Breeds catched
[14:43:08] 256 Heads catched
[14:43:08] 561 Effects catched
[14:43:09] 4 SuperAreas catched
[14:43:09] 48 Areas catched
[14:43:10] 334 SubAreas catched
[14:43:17] 11260 DofusMaps catched
[14:43:17] 9761 StatedElements catched
[14:43:18] 13349 InteractiveElements catched
[14:43:18] 1485 HouseInformations catched
[14:43:18] 556 InteractiveDoors catched
[14:43:18] 3614 MapPositions uncatched
[14:43:18] 14681 MapPositions catched
[14:43:18] 42 MapZaaps catched
[14:43:18] 79 MapSubways catched
[14:43:18] 15228 SpellLevels catched 
[14:43:18] 4772 Spells catched 
[14:43:18] 316 GuildEmblems catched 
[14:43:18] 1179 LearnableSpells catched 
[14:43:18] 9780 ItemTemplates catched 
[14:43:18] 4489 Weapons catched 
[14:43:19] 363 ItemSets catched 
[14:43:19] 171 ItemTypes catched 
[14:43:19] 110 ItemPets catched 
[14:43:19] 2476 NpcTemplates catched 
[14:43:19] 787 NpcSpawns catched 
[14:43:19] 94 NpcItems catched 
[14:43:19] 19801 NpcMessages catched 
[14:43:19] 7 NpcReplies catched 
[14:43:19] 353 Triggers catched
[14:43:19] 1277 Paddocks catched
[14:43:19] 72 Mounts catched
[14:43:19] 4 Guild catched
[14:43:19] 3 GuildMembers catched
[14:43:20] 11 GatheringJob LevelInfos catched
[14:43:20] 233 InteractiveSkills LevelInfos catched
[14:43:20] 124 Handlers Readed
[14:43:21] 172 Messages Readed
[14:43:21] WorldServer start in 12988 ms.
[14:45:39] MySQL Database Connected
[14:45:39] 16 Breeds catched
[14:45:39] 256 Heads catched
[14:45:39] 561 Effects catched
[14:45:40] 4 SuperAreas catched
[14:45:40] 48 Areas catched
[14:46:39] MySQL Database Connected
[14:46:39] 16 Breeds catched
[14:46:39] 256 Heads catched
[14:46:39] 561 Effects catched
[14:46:39] 4 SuperAreas catched
[14:46:39] 48 Areas catched
[14:46:40] 334 SubAreas catched
[14:46:47] 11260 DofusMaps catched
[14:46:47] 9761 StatedElements catched
[14:46:47] 13349 InteractiveElements catched
[14:46:47] 1485 HouseInformations catched
[14:46:47] 556 InteractiveDoors catched
[14:46:47] 3614 MapPositions uncatched
[14:46:47] 14681 MapPositions catched
[14:46:47] 42 MapZaaps catched
[14:46:47] 79 MapSubways catched
[14:46:48] 15228 SpellLevels catched 
[14:46:48] 4772 Spells catched 
[14:46:48] 316 GuildEmblems catched 
[14:46:48] 1179 LearnableSpells catched 
[14:46:48] 9780 ItemTemplates catched 
[14:46:48] 4489 Weapons catched 
[14:46:48] 363 ItemSets catched 
[14:46:48] 171 ItemTypes catched 
[14:46:48] 110 ItemPets catched 
[14:46:49] 2476 NpcTemplates catched 
[14:46:49] 787 NpcSpawns catched 
[14:46:49] 94 NpcItems catched 
[14:46:49] 19801 NpcMessages catched 
[14:46:49] 7 NpcReplies catched 
[14:46:49] 353 Triggers catched
[14:46:49] 1277 Paddocks catched
[14:46:49] 72 Mounts catched
[14:46:49] 4 Guild catched
[14:46:49] 3 GuildMembers catched
[14:46:49] 11 GatheringJob LevelInfos catched
[14:46:49] 233 InteractiveSkills LevelInfos catched
[14:46:50] 124 Handlers Readed
[14:46:50] 172 Messages Readed
[14:46:50] WorldServer start in 11993 ms.
[14:52:11] MySQL Database Connected
[14:52:11] 16 Breeds catched
[14:52:11] 256 Heads catched
[14:52:11] 561 Effects catched
[14:52:11] 4 SuperAreas catched
[14:52:11] 48 Areas catched
[14:52:12] 334 SubAreas catched
[14:52:24] 11260 DofusMaps catched
[14:52:24] 9761 StatedElements catched
[14:52:24] 13349 InteractiveElements catched
[14:52:24] 1485 HouseInformations catched
[14:52:24] 556 InteractiveDoors catched
[14:52:24] 3614 MapPositions uncatched
[14:52:24] 14681 MapPositions catched
[14:52:24] 42 MapZaaps catched
[14:52:24] 79 MapSubways catched
[14:52:24] 15228 SpellLevels catched 
[14:52:24] 4772 Spells catched 
[14:52:24] 316 GuildEmblems catched 
[14:52:24] 1179 LearnableSpells catched 
[14:52:24] 9780 ItemTemplates catched 
[14:52:25] 4489 Weapons catched 
[14:52:25] 363 ItemSets catched 
[14:52:25] 171 ItemTypes catched 
[14:52:25] 110 ItemPets catched 
[14:52:25] 2476 NpcTemplates catched 
[14:52:25] 787 NpcSpawns catched 
[14:52:25] 94 NpcItems catched 
[14:52:25] 19801 NpcMessages catched 
[14:52:25] 7 NpcReplies catched 
[14:52:26] 353 Triggers catched
[14:52:26] 1277 Paddocks catched
[14:52:26] 72 Mounts catched
[14:52:26] 4 Guild catched
[14:52:26] 3 GuildMembers catched
[14:52:26] 11 GatheringJob LevelInfos catched
[14:52:26] 233 InteractiveSkills LevelInfos catched
[14:52:26] 124 Handlers Readed
[14:52:27] 172 Messages Readed
[14:52:27] WorldServer start in 16448 ms.
[14:55:49] MySQL Database Connected
[14:55:49] 16 Breeds catched
[14:55:49] 256 Heads catched
[14:55:49] 561 Effects catched
[14:55:49] 4 SuperAreas catched
[14:55:49] 48 Areas catched
[14:55:50] 334 SubAreas catched
[14:55:58] 11260 DofusMaps catched
[14:55:58] 9761 StatedElements catched
[14:55:58] 13349 InteractiveElements catched
[14:55:58] 1485 HouseInformations catched
[14:55:58] 556 InteractiveDoors catched
[14:55:58] 3614 MapPositions uncatched
[14:55:58] 14681 MapPositions catched
[14:55:58] 42 MapZaaps catched
[14:55:58] 79 MapSubways catched
[14:55:58] 15228 SpellLevels catched 
[14:55:58] 4772 Spells catched 
[14:55:58] 316 GuildEmblems catched 
[14:55:58] 1179 LearnableSpells catched 
[14:55:59] 9780 ItemTemplates catched 
[14:55:59] 4489 Weapons catched 
[14:55:59] 363 ItemSets catched 
[14:55:59] 171 ItemTypes catched 
[14:55:59] 110 ItemPets catched 
[14:55:59] 2476 NpcTemplates catched 
[14:55:59] 787 NpcSpawns catched 
[14:55:59] 94 NpcItems catched 
[14:55:59] 19801 NpcMessages catched 
[14:55:59] 7 NpcReplies catched 
[14:56:00] 353 Triggers catched
[14:56:00] 1277 Paddocks catched
[14:56:00] 72 Mounts catched
[14:56:00] 4 Guild catched
[14:56:00] 3 GuildMembers catched
[14:56:00] 11 GatheringJob LevelInfos catched
[14:56:00] 233 InteractiveSkills LevelInfos catched
[14:56:00] 124 Handlers Readed
[14:56:01] 172 Messages Readed
[14:56:01] WorldServer start in 12408 ms.
[14:56:55] MySQL Database Connected
[14:56:55] 16 Breeds catched
[14:56:55] 256 Heads catched
[14:56:55] 561 Effects catched
[14:56:56] 4 SuperAreas catched
[14:56:56] 48 Areas catched
[14:56:57] 334 SubAreas catched
[14:57:05] 11260 DofusMaps catched
[14:57:05] 9761 StatedElements catched
[14:57:05] 13349 InteractiveElements catched
[14:57:05] 1485 HouseInformations catched
[14:57:05] 556 InteractiveDoors catched
[14:57:05] 3614 MapPositions uncatched
[14:57:05] 14681 MapPositions catched
[14:57:05] 42 MapZaaps catched
[14:57:05] 79 MapSubways catched
[14:57:05] 15228 SpellLevels catched 
[14:57:05] 4772 Spells catched 
[14:57:05] 316 GuildEmblems catched 
[14:57:05] 1179 LearnableSpells catched 
[14:57:06] 9780 ItemTemplates catched 
[14:57:06] 4489 Weapons catched 
[14:57:06] 363 ItemSets catched 
[14:57:06] 171 ItemTypes catched 
[14:57:06] 110 ItemPets catched 
[14:57:06] 2476 NpcTemplates catched 
[14:57:06] 787 NpcSpawns catched 
[14:57:06] 94 NpcItems catched 
[14:57:06] 19801 NpcMessages catched 
[14:57:06] 7 NpcReplies catched 
[14:57:07] 353 Triggers catched
[14:57:07] 1277 Paddocks catched
[14:57:07] 72 Mounts catched
[14:57:07] 4 Guild catched
[14:57:07] 3 GuildMembers catched
[14:57:07] 11 GatheringJob LevelInfos catched
[14:57:07] 233 InteractiveSkills LevelInfos catched
[14:57:07] 124 Handlers Readed
[14:57:08] 172 Messages Readed
[14:57:08] WorldServer start in 13240 ms.
[14:57:33] MySQL Database Connected
[14:57:33] 16 Breeds catched
[14:57:33] 256 Heads catched
[14:57:33] 561 Effects catched
[14:57:34] 4 SuperAreas catched
[14:57:34] 48 Areas catched
[14:57:35] 334 SubAreas catched
[14:57:42] 11260 DofusMaps catched
[14:57:42] 9761 StatedElements catched
[14:57:42] 13349 InteractiveElements catched
[14:57:42] 1485 HouseInformations catched
[14:57:42] 556 InteractiveDoors catched
[14:57:43] 3614 MapPositions uncatched
[14:57:43] 14681 MapPositions catched
[14:57:43] 42 MapZaaps catched
[14:57:43] 79 MapSubways catched
[14:57:43] 15228 SpellLevels catched 
[14:57:43] 4772 Spells catched 
[14:57:43] 316 GuildEmblems catched 
[14:57:43] 1179 LearnableSpells catched 
[14:57:43] 9780 ItemTemplates catched 
[14:57:43] 4489 Weapons catched 
[14:57:43] 363 ItemSets catched 
[14:57:43] 171 ItemTypes catched 
[14:57:43] 110 ItemPets catched 
[14:57:44] 2476 NpcTemplates catched 
[14:57:44] 787 NpcSpawns catched 
[14:57:44] 94 NpcItems catched 
[14:57:44] 19801 NpcMessages catched 
[14:57:44] 7 NpcReplies catched 
[14:57:44] 353 Triggers catched
[14:57:44] 1277 Paddocks catched
[14:57:44] 72 Mounts catched
[14:57:44] 4 Guild catched
[14:57:44] 3 GuildMembers catched
[14:57:44] 11 GatheringJob LevelInfos catched
[14:57:44] 233 InteractiveSkills LevelInfos catched
[14:57:45] 124 Handlers Readed
[14:57:45] 172 Messages Readed
[14:57:45] WorldServer start in 12663 ms.
[14:58:27] MySQL Database Connected
[14:58:27] 16 Breeds catched
[14:58:27] 256 Heads catched
[14:58:27] 561 Effects catched
[14:58:28] 4 SuperAreas catched
[14:58:28] 48 Areas catched
[14:58:29] 334 SubAreas catched
[14:58:37] 11260 DofusMaps catched
[14:58:37] 9761 StatedElements catched
[14:58:37] 13349 InteractiveElements catched
[14:58:37] 1485 HouseInformations catched
[14:58:37] 556 InteractiveDoors catched
[14:58:38] 3614 MapPositions uncatched
[14:58:38] 14681 MapPositions catched
[14:58:38] 42 MapZaaps catched
[14:58:38] 79 MapSubways catched
[14:58:38] 15228 SpellLevels catched 
[14:58:38] 4772 Spells catched 
[14:58:38] 316 GuildEmblems catched 
[14:58:38] 1179 LearnableSpells catched 
[14:58:38] 9780 ItemTemplates catched 
[14:58:39] 4489 Weapons catched 
[14:58:39] 363 ItemSets catched 
[14:58:39] 171 ItemTypes catched 
[14:58:39] 110 ItemPets catched 
[14:58:39] 2476 NpcTemplates catched 
[14:58:39] 787 NpcSpawns catched 
[14:58:39] 94 NpcItems catched 
[14:58:39] 19801 NpcMessages catched 
[14:58:39] 7 NpcReplies catched 
[14:58:40] 353 Triggers catched
[14:58:40] 1277 Paddocks catched
[14:58:40] 72 Mounts catched
[14:58:40] 4 Guild catched
[14:58:40] 3 GuildMembers catched
[14:58:40] 11 GatheringJob LevelInfos catched
[14:58:40] 233 InteractiveSkills LevelInfos catched
[14:58:40] 124 Handlers Readed
[14:58:41] 172 Messages Readed
[14:58:41] WorldServer start in 13725 ms.
[19:30:17] MySQL Database Connected
[19:30:17] 16 Breeds catched
[19:30:17] 256 Heads catched
[19:30:17] 561 Effects catched
[19:30:18] 4 SuperAreas catched
[19:30:18] 48 Areas catched
[19:30:19] 334 SubAreas catched
[19:30:45] 11260 DofusMaps catched
[19:30:45] 9761 StatedElements catched
[19:30:45] 13349 InteractiveElements catched
[19:30:45] 1485 HouseInformations catched
[19:30:45] 556 InteractiveDoors catched
[19:30:45] 3614 MapPositions uncatched
[19:30:45] 14681 MapPositions catched
[19:30:45] 42 MapZaaps catched
[19:30:45] 79 MapSubways catched
[19:30:46] 15228 SpellLevels catched 
[19:30:46] 4772 Spells catched 
[19:30:46] 316 GuildEmblems catched 
[19:30:46] 1179 LearnableSpells catched 
[19:30:46] 9780 ItemTemplates catched 
[19:30:46] 4489 Weapons catched 
[19:30:46] 363 ItemSets catched 
[19:30:46] 171 ItemTypes catched 
[19:30:46] 110 ItemPets catched 
[19:30:47] 2476 NpcTemplates catched 
[19:30:47] 787 NpcSpawns catched 
[19:30:47] 94 NpcItems catched 
[19:30:47] 19801 NpcMessages catched 
[19:30:47] 7 NpcReplies catched 
[19:30:47] 353 Triggers catched
[19:30:47] 1277 Paddocks catched
[19:30:47] 72 Mounts catched
[19:30:47] 4 Guild catched
[19:30:47] 3 GuildMembers catched
[19:30:47] 11 GatheringJob LevelInfos catched
[19:30:48] 233 InteractiveSkills LevelInfos catched
[19:30:49] 124 Handlers Readed
[19:30:49] 172 Messages Readed
[19:30:50] WorldServer start in 33524 ms.
[19:32:02] MySQL Database Connected
[19:32:02] 16 Breeds catched
[19:32:02] 256 Heads catched
[19:32:02] 561 Effects catched
[19:32:02] 4 SuperAreas catched
[19:32:02] 48 Areas catched
[19:32:03] 334 SubAreas catched
[19:32:12] 11260 DofusMaps catched
[19:32:12] 9761 StatedElements catched
[19:32:13] 13349 InteractiveElements catched
[19:32:13] 1485 HouseInformations catched
[19:32:13] 556 InteractiveDoors catched
[19:32:13] 3614 MapPositions uncatched
[19:32:13] 14681 MapPositions catched
[19:32:13] 42 MapZaaps catched
[19:32:13] 79 MapSubways catched
[19:32:13] 15228 SpellLevels catched 
[19:32:13] 4772 Spells catched 
[19:32:13] 316 GuildEmblems catched 
[19:32:13] 1179 LearnableSpells catched 
[19:32:13] 9780 ItemTemplates catched 
[19:32:13] 4489 Weapons catched 
[19:32:13] 363 ItemSets catched 
[19:32:13] 171 ItemTypes catched 
[19:32:13] 110 ItemPets catched 
[19:32:14] 2476 NpcTemplates catched 
[19:32:14] 787 NpcSpawns catched 
[19:32:14] 94 NpcItems catched 
[19:32:14] 19801 NpcMessages catched 
[19:32:14] 7 NpcReplies catched 
[19:32:14] 353 Triggers catched
[19:32:14] 1277 Paddocks catched
[19:32:14] 72 Mounts catched
[19:32:14] 4 Guild catched
[19:32:14] 3 GuildMembers catched
[19:32:14] 11 GatheringJob LevelInfos catched
[19:32:14] 233 InteractiveSkills LevelInfos catched
[19:32:15] 124 Handlers Readed
[19:32:15] 172 Messages Readed
[19:32:16] WorldServer start in 13940 ms.
[19:33:11] MySQL Database Connected
[19:33:11] 16 Breeds catched
[19:33:11] 256 Heads catched
[19:33:11] 561 Effects catched
[19:33:12] 4 SuperAreas catched
[19:33:12] 48 Areas catched
[19:33:13] 334 SubAreas catched
[19:33:26] 11260 DofusMaps catched
[19:33:26] 9761 StatedElements catched
[19:33:26] 13349 InteractiveElements catched
[19:33:26] 1485 HouseInformations catched
[19:33:26] 556 InteractiveDoors catched
[19:33:27] 3614 MapPositions uncatched
[19:33:27] 14681 MapPositions catched
[19:33:27] 42 MapZaaps catched
[19:33:27] 79 MapSubways catched
[19:33:27] 15228 SpellLevels catched 
[19:33:27] 4772 Spells catched 
[19:33:27] 316 GuildEmblems catched 
[19:33:27] 1179 LearnableSpells catched 
[19:33:27] 9780 ItemTemplates catched 
[19:33:27] 4489 Weapons catched 
[19:33:27] 363 ItemSets catched 
[19:33:27] 171 ItemTypes catched 
[19:33:27] 110 ItemPets catched 
[19:33:30] 2476 NpcTemplates catched 
[19:33:30] 787 NpcSpawns catched 
[19:33:30] 94 NpcItems catched 
[19:33:30] 19801 NpcMessages catched 
[19:33:30] 7 NpcReplies catched 
[19:33:30] 353 Triggers catched
[19:33:31] 1277 Paddocks catched
[19:33:31] 72 Mounts catched
[19:33:31] 4 Guild catched
[19:33:31] 3 GuildMembers catched
[19:33:31] 11 GatheringJob LevelInfos catched
[19:33:31] 233 InteractiveSkills LevelInfos catched
[19:33:32] 124 Handlers Readed
[19:33:32] 172 Messages Readed
[19:33:32] WorldServer start in 21654 ms.
[19:34:38] MySQL Database Connected
[19:34:38] 16 Breeds catched
[19:34:38] 256 Heads catched
[19:34:38] 561 Effects catched
[19:34:39] 4 SuperAreas catched
[19:34:39] 48 Areas catched
[19:34:39] 334 SubAreas catched
[19:34:47] 11260 DofusMaps catched
[19:34:47] 9761 StatedElements catched
[19:34:47] 13349 InteractiveElements catched
[19:34:47] 1485 HouseInformations catched
[19:34:47] 556 InteractiveDoors catched
[19:34:47] 3614 MapPositions uncatched
[19:34:47] 14681 MapPositions catched
[19:34:47] 42 MapZaaps catched
[19:34:47] 79 MapSubways catched
[19:34:47] 15228 SpellLevels catched 
[19:34:47] 4772 Spells catched 
[19:34:47] 316 GuildEmblems catched 
[19:34:47] 1179 LearnableSpells catched 
[19:34:48] 9780 ItemTemplates catched 
[19:34:48] 4489 Weapons catched 
[19:34:48] 363 ItemSets catched 
[19:34:48] 171 ItemTypes catched 
[19:34:48] 110 ItemPets catched 
[19:34:48] 2476 NpcTemplates catched 
[19:34:48] 787 NpcSpawns catched 
[19:34:48] 94 NpcItems catched 
[19:34:48] 19801 NpcMessages catched 
[19:34:48] 7 NpcReplies catched 
[19:34:49] 353 Triggers catched
[19:34:49] 1277 Paddocks catched
[19:34:49] 72 Mounts catched
[19:34:49] 4 Guild catched
[19:34:49] 3 GuildMembers catched
[19:34:49] 11 GatheringJob LevelInfos catched
[19:34:49] 233 InteractiveSkills LevelInfos catched
[19:34:49] 124 Handlers Readed
[19:34:50] 172 Messages Readed
[19:34:50] WorldServer start in 12345 ms.
[19:38:48] MySQL Database Connected
[19:38:49] 16 Breeds catched
[19:38:49] 256 Heads catched
[19:38:49] 561 Effects catched
[19:38:49] 4 SuperAreas catched
[19:38:49] 48 Areas catched
[19:38:50] 334 SubAreas catched
[19:38:58] 11260 DofusMaps catched
[19:38:58] 9761 StatedElements catched
[19:38:58] 13349 InteractiveElements catched
[19:38:58] 1485 HouseInformations catched
[19:38:58] 556 InteractiveDoors catched
[19:38:58] 3614 MapPositions uncatched
[19:38:58] 14681 MapPositions catched
[19:38:58] 42 MapZaaps catched
[19:38:58] 79 MapSubways catched
[19:38:58] 15228 SpellLevels catched 
[19:38:59] 4772 Spells catched 
[19:38:59] 316 GuildEmblems catched 
[19:38:59] 1179 LearnableSpells catched 
[19:38:59] 9780 ItemTemplates catched 
[19:38:59] 4489 Weapons catched 
[19:38:59] 363 ItemSets catched 
[19:38:59] 171 ItemTypes catched 
[19:38:59] 110 ItemPets catched 
[19:38:59] 2476 NpcTemplates catched 
[19:38:59] 787 NpcSpawns catched 
[19:38:59] 94 NpcItems catched 
[19:39:00] 19801 NpcMessages catched 
[19:39:00] 7 NpcReplies catched 
[19:39:00] 353 Triggers catched
[19:39:00] 1277 Paddocks catched
[19:39:00] 72 Mounts catched
[19:39:00] 4 Guild catched
[19:39:00] 3 GuildMembers catched
[19:39:00] 11 GatheringJob LevelInfos catched
[19:39:00] 233 InteractiveSkills LevelInfos catched
[19:39:00] 124 Handlers Readed
[19:39:01] 172 Messages Readed
[19:39:01] WorldServer start in 12841 ms.
[19:41:50] MySQL Database Connected
[19:41:50] 16 Breeds catched
[19:41:50] 256 Heads catched
[19:41:50] 561 Effects catched
[19:41:50] 4 SuperAreas catched
[19:41:50] 48 Areas catched
[19:41:51] 334 SubAreas catched
[19:41:59] 11260 DofusMaps catched
[19:41:59] 9761 StatedElements catched
[19:41:59] 13349 InteractiveElements catched
[19:41:59] 1485 HouseInformations catched
[19:41:59] 556 InteractiveDoors catched
[19:41:59] 3614 MapPositions uncatched
[19:41:59] 14681 MapPositions catched
[19:41:59] 42 MapZaaps catched
[19:41:59] 79 MapSubways catched
[19:41:59] 15228 SpellLevels catched 
[19:41:59] 4772 Spells catched 
[19:41:59] 316 GuildEmblems catched 
[19:41:59] 1179 LearnableSpells catched 
[19:42:00] 9780 ItemTemplates catched 
[19:42:00] 4489 Weapons catched 
[19:42:00] 363 ItemSets catched 
[19:42:00] 171 ItemTypes catched 
[19:42:00] 110 ItemPets catched 
[19:42:01] 2476 NpcTemplates catched 
[19:42:01] 787 NpcSpawns catched 
[19:42:01] 94 NpcItems catched 
[19:42:01] 19801 NpcMessages catched 
[19:42:01] 7 NpcReplies catched 
[19:42:01] 353 Triggers catched
[19:42:01] 1277 Paddocks catched
[19:42:01] 72 Mounts catched
[19:42:01] 4 Guild catched
[19:42:01] 3 GuildMembers catched
[19:42:01] 11 GatheringJob LevelInfos catched
[19:42:01] 233 InteractiveSkills LevelInfos catched
[19:42:02] 124 Handlers Readed
[19:42:02] 172 Messages Readed
[19:42:03] WorldServer start in 13051 ms.
[19:42:51] MySQL Database Connected
[19:42:52] 16 Breeds catched
[19:42:52] 256 Heads catched
[19:42:52] 561 Effects catched
[19:42:52] 4 SuperAreas catched
[19:42:52] 48 Areas catched
[19:42:53] 334 SubAreas catched
[19:43:01] 11260 DofusMaps catched
[19:43:01] 9761 StatedElements catched
[19:43:01] 13349 InteractiveElements catched
[19:43:01] 1485 HouseInformations catched
[19:43:01] 556 InteractiveDoors catched
[19:43:01] 3614 MapPositions uncatched
[19:43:01] 14681 MapPositions catched
[19:43:01] 42 MapZaaps catched
[19:43:01] 79 MapSubways catched
[19:43:01] 15228 SpellLevels catched 
[19:43:01] 4772 Spells catched 
[19:43:01] 316 GuildEmblems catched 
[19:43:01] 1179 LearnableSpells catched 
[19:43:02] 9780 ItemTemplates catched 
[19:43:02] 4489 Weapons catched 
[19:43:02] 363 ItemSets catched 
[19:43:02] 171 ItemTypes catched 
[19:43:02] 110 ItemPets catched 
[19:43:02] 2476 NpcTemplates catched 
[19:43:02] 787 NpcSpawns catched 
[19:43:02] 94 NpcItems catched 
[19:43:02] 19801 NpcMessages catched 
[19:43:02] 7 NpcReplies catched 
[19:43:03] 353 Triggers catched
[19:43:03] 1277 Paddocks catched
[19:43:03] 72 Mounts catched
[19:43:03] 4 Guild catched
[19:43:03] 3 GuildMembers catched
[19:43:03] 11 GatheringJob LevelInfos catched
[19:43:03] 233 InteractiveSkills LevelInfos catched
[19:43:03] 124 Handlers Readed
[19:43:04] 172 Messages Readed
[19:43:04] WorldServer start in 12813 ms.
[19:48:26] MySQL Database Connected
[19:48:26] 16 Breeds catched
[19:48:26] 256 Heads catched
[19:48:26] 561 Effects catched
[19:48:27] 4 SuperAreas catched
[19:48:27] 48 Areas catched
[19:48:28] 334 SubAreas catched
[19:48:41] 11260 DofusMaps catched
[19:48:41] 9761 StatedElements catched
[19:48:41] 13349 InteractiveElements catched
[19:48:41] 1485 HouseInformations catched
[19:48:41] 556 InteractiveDoors catched
[19:48:41] 3614 MapPositions uncatched
[19:48:41] 14681 MapPositions catched
[19:48:41] 42 MapZaaps catched
[19:48:41] 79 MapSubways catched
[19:48:41] 15228 SpellLevels catched 
[19:48:42] 4772 Spells catched 
[19:48:42] 316 GuildEmblems catched 
[19:48:42] 1179 LearnableSpells catched 
[19:48:42] 9780 ItemTemplates catched 
[19:48:42] 4489 Weapons catched 
[19:48:42] 363 ItemSets catched 
[19:48:42] 171 ItemTypes catched 
[19:48:42] 110 ItemPets catched 
[19:48:42] 2476 NpcTemplates catched 
[19:48:42] 787 NpcSpawns catched 
[19:48:42] 94 NpcItems catched 
[19:48:43] 19801 NpcMessages catched 
[19:48:43] 7 NpcReplies catched 
[19:48:43] 353 Triggers catched
[19:48:43] 1277 Paddocks catched
[19:48:43] 72 Mounts catched
[19:48:43] 4 Guild catched
[19:48:43] 3 GuildMembers catched
[19:48:43] 11 GatheringJob LevelInfos catched
[19:48:43] 233 InteractiveSkills LevelInfos catched
[19:48:44] 124 Handlers Readed
[19:48:44] 172 Messages Readed
[19:48:44] WorldServer start in 18334 ms.
[19:51:28] MySQL Database Connected
[19:51:28] 16 Breeds catched
[19:51:28] 256 Heads catched
[19:51:28] 561 Effects catched
[19:51:28] 4 SuperAreas catched
[19:51:28] 48 Areas catched
[19:51:29] 334 SubAreas catched
[19:51:37] 11260 DofusMaps catched
[19:51:37] 9761 StatedElements catched
[19:51:37] 13349 InteractiveElements catched
[19:51:37] 1485 HouseInformations catched
[19:51:37] 556 InteractiveDoors catched
[19:51:37] 3614 MapPositions uncatched
[19:51:37] 14681 MapPositions catched
[19:51:37] 42 MapZaaps catched
[19:51:37] 79 MapSubways catched
[19:51:38] 15228 SpellLevels catched 
[19:51:38] 4772 Spells catched 
[19:51:38] 316 GuildEmblems catched 
[19:51:38] 1179 LearnableSpells catched 
[19:51:38] 9780 ItemTemplates catched 
[19:51:38] 4489 Weapons catched 
[19:51:38] 363 ItemSets catched 
[19:51:38] 171 ItemTypes catched 
[19:51:38] 110 ItemPets catched 
[19:51:39] 2476 NpcTemplates catched 
[19:51:39] 787 NpcSpawns catched 
[19:51:39] 94 NpcItems catched 
[19:51:39] 19801 NpcMessages catched 
[19:51:39] 7 NpcReplies catched 
[19:51:39] 353 Triggers catched
[19:51:39] 1277 Paddocks catched
[19:51:39] 72 Mounts catched
[19:51:39] 4 Guild catched
[19:51:39] 3 GuildMembers catched
[19:51:39] 11 GatheringJob LevelInfos catched
[19:51:39] 233 InteractiveSkills LevelInfos catched
[19:51:40] 124 Handlers Readed
[19:51:40] 172 Messages Readed
[19:51:40] WorldServer start in 12926 ms.
[19:53:02] MySQL Database Connected
[19:53:02] 16 Breeds catched
[19:53:02] 256 Heads catched
[19:53:02] 561 Effects catched
[19:53:03] 4 SuperAreas catched
[19:53:03] 48 Areas catched
[19:53:04] 334 SubAreas catched
[19:53:11] 11260 DofusMaps catched
[19:53:11] 9761 StatedElements catched
[19:53:12] 13349 InteractiveElements catched
[19:53:12] 1485 HouseInformations catched
[19:53:12] 556 InteractiveDoors catched
[19:53:12] 3614 MapPositions uncatched
[19:53:12] 14681 MapPositions catched
[19:53:12] 42 MapZaaps catched
[19:53:12] 79 MapSubways catched
[19:53:12] 15228 SpellLevels catched 
[19:53:12] 4772 Spells catched 
[19:53:12] 316 GuildEmblems catched 
[19:53:12] 1179 LearnableSpells catched 
[19:53:12] 9780 ItemTemplates catched 
[19:53:12] 4489 Weapons catched 
[19:53:12] 363 ItemSets catched 
[19:53:12] 171 ItemTypes catched 
[19:53:13] 110 ItemPets catched 
[19:53:13] 2476 NpcTemplates catched 
[19:53:13] 787 NpcSpawns catched 
[19:53:13] 94 NpcItems catched 
[19:53:13] 19801 NpcMessages catched 
[19:53:13] 7 NpcReplies catched 
[19:53:13] 353 Triggers catched
[19:53:13] 1277 Paddocks catched
[19:53:13] 72 Mounts catched
[19:53:13] 4 Guild catched
[19:53:13] 3 GuildMembers catched
[19:53:13] 11 GatheringJob LevelInfos catched
[19:53:14] 233 InteractiveSkills LevelInfos catched
[19:53:14] 124 Handlers Readed
[19:53:15] 172 Messages Readed
[19:53:15] WorldServer start in 12694 ms.
[19:55:05] MySQL Database Connected
[19:55:05] 16 Breeds catched
[19:55:05] 256 Heads catched
[19:55:05] 561 Effects catched
[19:55:05] 4 SuperAreas catched
[19:55:05] 48 Areas catched
[19:55:06] 334 SubAreas catched
[19:55:14] 11260 DofusMaps catched
[19:55:14] 9761 StatedElements catched
[19:55:14] 13349 InteractiveElements catched
[19:55:14] 1485 HouseInformations catched
[19:55:14] 556 InteractiveDoors catched
[19:55:14] 3614 MapPositions uncatched
[19:55:14] 14681 MapPositions catched
[19:55:14] 42 MapZaaps catched
[19:55:14] 79 MapSubways catched
[19:55:15] 15228 SpellLevels catched 
[19:55:15] 4772 Spells catched 
[19:55:15] 316 GuildEmblems catched 
[19:55:15] 1179 LearnableSpells catched 
[19:55:15] 9780 ItemTemplates catched 
[19:55:15] 4489 Weapons catched 
[19:55:15] 363 ItemSets catched 
[19:55:15] 171 ItemTypes catched 
[19:55:15] 110 ItemPets catched 
[19:55:16] 2476 NpcTemplates catched 
[19:55:16] 787 NpcSpawns catched 
[19:55:16] 94 NpcItems catched 
[19:55:16] 19801 NpcMessages catched 
[19:55:16] 7 NpcReplies catched 
[19:55:16] 353 Triggers catched
[19:55:16] 1277 Paddocks catched
[19:55:16] 72 Mounts catched
[19:55:16] 4 Guild catched
[19:55:16] 3 GuildMembers catched
[19:55:16] 11 GatheringJob LevelInfos catched
[19:55:16] 233 InteractiveSkills LevelInfos catched
[19:55:17] 124 Handlers Readed
[19:55:17] 172 Messages Readed
[19:55:17] WorldServer start in 12888 ms.
[20:00:34] MySQL Database Connected
[20:00:34] 16 Breeds catched
[20:00:34] 256 Heads catched
[20:00:34] 561 Effects catched
[20:00:35] 4 SuperAreas catched
[20:00:35] 48 Areas catched
[20:00:36] 334 SubAreas catched
[20:00:43] 11260 DofusMaps catched
[20:00:43] 9761 StatedElements catched
[20:00:43] 13349 InteractiveElements catched
[20:00:43] 1485 HouseInformations catched
[20:00:43] 556 InteractiveDoors catched
[20:00:44] 3614 MapPositions uncatched
[20:00:44] 14681 MapPositions catched
[20:00:44] 42 MapZaaps catched
[20:00:44] 79 MapSubways catched
[20:00:44] 15228 SpellLevels catched 
[20:00:44] 4772 Spells catched 
[20:00:44] 316 GuildEmblems catched 
[20:00:44] 1179 LearnableSpells catched 
[20:00:44] 9780 ItemTemplates catched 
[20:00:44] 4489 Weapons catched 
[20:00:44] 363 ItemSets catched 
[20:00:44] 171 ItemTypes catched 
[20:00:44] 110 ItemPets catched 
[20:00:45] 2476 NpcTemplates catched 
[20:00:45] 787 NpcSpawns catched 
[20:00:45] 94 NpcItems catched 
[20:00:45] 19801 NpcMessages catched 
[20:00:45] 7 NpcReplies catched 
[20:00:45] 353 Triggers catched
[20:00:45] 1277 Paddocks catched
[20:00:45] 72 Mounts catched
[20:00:45] 4 Guild catched
[20:00:45] 3 GuildMembers catched
[20:00:45] 11 GatheringJob LevelInfos catched
[20:00:45] 233 InteractiveSkills LevelInfos catched
[20:00:46] 124 Handlers Readed
[20:00:46] 172 Messages Readed
[20:00:46] WorldServer start in 12314 ms.
[20:02:25] MySQL Database Connected
[20:02:25] 16 Breeds catched
[20:02:25] 256 Heads catched
[20:02:25] 561 Effects catched
[20:02:25] 4 SuperAreas catched
[20:02:25] 48 Areas catched
[20:02:26] 334 SubAreas catched
[20:02:34] 11260 DofusMaps catched
[20:02:34] 9761 StatedElements catched
[20:02:35] 13349 InteractiveElements catched
[20:02:35] 1485 HouseInformations catched
[20:02:35] 556 InteractiveDoors catched
[20:02:35] 3614 MapPositions uncatched
[20:02:35] 14681 MapPositions catched
[20:02:35] 42 MapZaaps catched
[20:02:35] 79 MapSubways catched
[20:02:35] 15228 SpellLevels catched 
[20:02:35] 4772 Spells catched 
[20:02:35] 316 GuildEmblems catched 
[20:02:35] 1179 LearnableSpells catched 
[20:02:35] 9780 ItemTemplates catched 
[20:02:35] 4489 Weapons catched 
[20:02:35] 363 ItemSets catched 
[20:02:35] 171 ItemTypes catched 
[20:02:36] 110 ItemPets catched 
[20:02:36] 2476 NpcTemplates catched 
[20:02:36] 787 NpcSpawns catched 
[20:02:36] 94 NpcItems catched 
[20:02:36] 19801 NpcMessages catched 
[20:02:36] 7 NpcReplies catched 
[20:02:36] 353 Triggers catched
[20:02:36] 1277 Paddocks catched
[20:02:36] 72 Mounts catched
[20:02:36] 4 Guild catched
[20:02:36] 3 GuildMembers catched
[20:02:36] 11 GatheringJob LevelInfos catched
[20:02:37] 233 InteractiveSkills LevelInfos catched
[20:02:37] 124 Handlers Readed
[20:02:38] 172 Messages Readed
[20:02:38] WorldServer start in 12967 ms.
[20:11:04] MySQL Database Connected
[20:11:04] 16 Breeds catched
[20:11:04] 256 Heads catched
[20:11:04] 561 Effects catched
[20:11:04] 4 SuperAreas catched
[20:11:04] 48 Areas catched
[20:11:05] 334 SubAreas catched
[20:11:13] 11260 DofusMaps catched
[20:11:13] 9761 StatedElements catched
[20:11:13] 13349 InteractiveElements catched
[20:11:13] 1485 HouseInformations catched
[20:11:13] 556 InteractiveDoors catched
[20:11:13] 3614 MapPositions uncatched
[20:11:13] 14681 MapPositions catched
[20:11:13] 42 MapZaaps catched
[20:11:13] 79 MapSubways catched
[20:11:14] 15228 SpellLevels catched 
[20:11:14] 4772 Spells catched 
[20:11:14] 316 GuildEmblems catched 
[20:11:14] 1179 LearnableSpells catched 
[20:11:14] 9780 ItemTemplates catched 
[20:11:15] 4489 Weapons catched 
[20:11:15] 363 ItemSets catched 
[20:11:15] 171 ItemTypes catched 
[20:11:15] 110 ItemPets catched 
[20:11:15] 2476 NpcTemplates catched 
[20:11:15] 787 NpcSpawns catched 
[20:11:15] 94 NpcItems catched 
[20:11:15] 19801 NpcMessages catched 
[20:11:15] 7 NpcReplies catched 
[20:11:16] 353 Triggers catched
[20:11:16] 1277 Paddocks catched
[20:11:16] 72 Mounts catched
[20:11:16] 4 Guild catched
[20:11:16] 3 GuildMembers catched
[20:11:16] 11 GatheringJob LevelInfos catched
[20:11:16] 233 InteractiveSkills LevelInfos catched
[20:11:16] 124 Handlers Readed
[20:11:17] 172 Messages Readed
[20:11:17] WorldServer start in 13536 ms.
[20:11:27] MySQL Database Connected
[20:11:27] 16 Breeds catched
[20:11:27] 256 Heads catched
[20:11:27] 561 Effects catched
[20:11:28] 4 SuperAreas catched
[20:11:28] 48 Areas catched
[20:11:29] 334 SubAreas catched
[20:11:37] 11260 DofusMaps catched
[20:11:37] 9761 StatedElements catched
[20:11:37] 13349 InteractiveElements catched
[20:11:37] 1485 HouseInformations catched
[20:11:37] 556 InteractiveDoors catched
[20:11:37] 3614 MapPositions uncatched
[20:11:37] 14681 MapPositions catched
[20:11:37] 42 MapZaaps catched
[20:11:37] 79 MapSubways catched
[20:11:38] 15228 SpellLevels catched 
[20:11:38] 4772 Spells catched 
[20:11:38] 316 GuildEmblems catched 
[20:11:38] 1179 LearnableSpells catched 
[20:11:38] 9780 ItemTemplates catched 
[20:11:38] 4489 Weapons catched 
[20:11:38] 363 ItemSets catched 
[20:11:38] 171 ItemTypes catched 
[20:11:38] 110 ItemPets catched 
[20:11:39] 2476 NpcTemplates catched 
[20:11:39] 787 NpcSpawns catched 
[20:11:39] 94 NpcItems catched 
[20:11:39] 19801 NpcMessages catched 
[20:11:39] 7 NpcReplies catched 
[20:11:39] 353 Triggers catched
[20:11:39] 1277 Paddocks catched
[20:11:39] 72 Mounts catched
[20:11:39] 4 Guild catched
[20:11:39] 3 GuildMembers catched
[20:11:39] 11 GatheringJob LevelInfos catched
[20:11:39] 233 InteractiveSkills LevelInfos catched
[20:11:40] 124 Handlers Readed
[20:11:40] 172 Messages Readed
[20:11:40] WorldServer start in 13359 ms.
[20:12:20] MySQL Database Connected
[20:12:20] 16 Breeds catched
[20:12:20] 256 Heads catched
[20:12:20] 561 Effects catched
[20:12:20] 4 SuperAreas catched
[20:12:20] 48 Areas catched
[20:12:21] 334 SubAreas catched
[20:12:29] 11260 DofusMaps catched
[20:12:29] 9761 StatedElements catched
[20:12:29] 13349 InteractiveElements catched
[20:12:29] 1485 HouseInformations catched
[20:12:29] 556 InteractiveDoors catched
[20:12:29] 3614 MapPositions uncatched
[20:12:29] 14681 MapPositions catched
[20:12:29] 42 MapZaaps catched
[20:12:29] 79 MapSubways catched
[20:12:30] 15228 SpellLevels catched 
[20:12:30] 4772 Spells catched 
[20:12:30] 316 GuildEmblems catched 
[20:12:30] 1179 LearnableSpells catched 
[20:12:30] 9780 ItemTemplates catched 
[20:12:30] 4489 Weapons catched 
[20:12:30] 363 ItemSets catched 
[20:12:30] 171 ItemTypes catched 
[20:12:30] 110 ItemPets catched 
[20:12:31] 2476 NpcTemplates catched 
[20:12:31] 787 NpcSpawns catched 
[20:12:31] 94 NpcItems catched 
[20:12:31] 19801 NpcMessages catched 
[20:12:31] 7 NpcReplies catched 
[20:12:31] 353 Triggers catched
[20:12:31] 1277 Paddocks catched
[20:12:31] 72 Mounts catched
[20:12:31] 4 Guild catched
[20:12:31] 3 GuildMembers catched
[20:12:31] 11 GatheringJob LevelInfos catched
[20:12:31] 233 InteractiveSkills LevelInfos catched
[20:12:32] 124 Handlers Readed
[20:12:32] 172 Messages Readed
[20:12:32] WorldServer start in 12655 ms.
[20:13:11] MySQL Database Connected
[20:13:11] 16 Breeds catched
[20:13:11] 256 Heads catched
[20:13:11] 561 Effects catched
[20:13:12] 4 SuperAreas catched
[20:13:12] 48 Areas catched
[20:13:13] 334 SubAreas catched
[20:13:22] 11260 DofusMaps catched
[20:13:22] 9761 StatedElements catched
[20:13:22] 13349 InteractiveElements catched
[20:13:22] 1485 HouseInformations catched
[20:13:22] 556 InteractiveDoors catched
[20:13:22] 3614 MapPositions uncatched
[20:13:22] 14681 MapPositions catched
[20:13:22] 42 MapZaaps catched
[20:13:22] 79 MapSubways catched
[20:13:23] 15228 SpellLevels catched 
[20:13:25] 4772 Spells catched 
[20:13:25] 316 GuildEmblems catched 
[20:13:25] 1179 LearnableSpells catched 
[20:13:28] 9780 ItemTemplates catched 
[20:13:29] 4489 Weapons catched 
[20:13:29] 363 ItemSets catched 
[20:13:29] 171 ItemTypes catched 
[20:13:29] 110 ItemPets catched 
[20:13:29] 2476 NpcTemplates catched 
[20:13:30] 787 NpcSpawns catched 
[20:13:30] 94 NpcItems catched 
[20:13:30] 19801 NpcMessages catched 
[20:13:30] 7 NpcReplies catched 
[20:13:30] 353 Triggers catched
[20:13:30] 1277 Paddocks catched
[20:13:30] 72 Mounts catched
[20:13:30] 4 Guild catched
[20:13:30] 3 GuildMembers catched
[20:13:30] 11 GatheringJob LevelInfos catched
[20:13:30] 233 InteractiveSkills LevelInfos catched
[20:13:31] 124 Handlers Readed
[20:13:31] 172 Messages Readed
[20:13:31] WorldServer start in 20482 ms.
[20:14:54] MySQL Database Connected
[20:14:54] 16 Breeds catched
[20:14:54] 256 Heads catched
[20:14:54] 561 Effects catched
[20:14:55] 4 SuperAreas catched
[20:14:55] 48 Areas catched
[20:14:56] 334 SubAreas catched
[20:15:04] 11260 DofusMaps catched
[20:15:04] 9761 StatedElements catched
[20:15:04] 13349 InteractiveElements catched
[20:15:04] 1485 HouseInformations catched
[20:15:04] 556 InteractiveDoors catched
[20:15:04] 3614 MapPositions uncatched
[20:15:04] 14681 MapPositions catched
[20:15:04] 42 MapZaaps catched
[20:15:04] 79 MapSubways catched
[20:15:04] 15228 SpellLevels catched 
[20:15:05] 4772 Spells catched 
[20:15:05] 316 GuildEmblems catched 
[20:15:05] 1179 LearnableSpells catched 
[20:15:05] 9780 ItemTemplates catched 
[20:15:05] 4489 Weapons catched 
[20:15:05] 363 ItemSets catched 
[20:15:05] 171 ItemTypes catched 
[20:15:05] 110 ItemPets catched 
[20:15:05] 2476 NpcTemplates catched 
[20:15:05] 787 NpcSpawns catched 
[20:15:06] 94 NpcItems catched 
[20:15:06] 19801 NpcMessages catched 
[20:15:06] 7 NpcReplies catched 
[20:15:06] 353 Triggers catched
[20:15:06] 1277 Paddocks catched
[20:15:06] 72 Mounts catched
[20:15:06] 4 Guild catched
[20:15:06] 3 GuildMembers catched
[20:15:06] 11 GatheringJob LevelInfos catched
[20:15:06] 233 InteractiveSkills LevelInfos catched
[20:15:06] 124 Handlers Readed
[20:15:07] 172 Messages Readed
[20:15:07] WorldServer start in 12954 ms.
[22:33:33] MySQL Database Connected
[22:33:33] 16 Breeds catched
[22:33:33] 256 Heads catched
[22:33:33] 561 Effects catched
[22:33:34] 4 SuperAreas catched
[22:33:34] 48 Areas catched
[22:33:35] 334 SubAreas catched
[22:33:57] 11260 DofusMaps catched
[22:33:57] 9761 StatedElements catched
[22:33:57] 13349 InteractiveElements catched
[22:33:57] 1485 HouseInformations catched
[22:33:57] 556 InteractiveDoors catched
[22:33:57] 3614 MapPositions uncatched
[22:33:57] 14681 MapPositions catched
[22:33:57] 42 MapZaaps catched
[22:33:57] 79 MapSubways catched
[22:33:58] 15228 SpellLevels catched 
[22:33:58] 4772 Spells catched 
[22:33:58] 316 GuildEmblems catched 
[22:33:58] 1179 LearnableSpells catched 
[22:33:58] 9780 ItemTemplates catched 
[22:33:58] 4489 Weapons catched 
[22:33:58] 363 ItemSets catched 
[22:33:58] 171 ItemTypes catched 
[22:33:59] 110 ItemPets catched 
[22:33:59] 2476 NpcTemplates catched 
[22:33:59] 787 NpcSpawns catched 
[22:33:59] 94 NpcItems catched 
[22:33:59] 19801 NpcMessages catched 
[22:33:59] 7 NpcReplies catched 
[22:34:00] 353 Triggers catched
[22:34:00] 1277 Paddocks catched
[22:34:00] 72 Mounts catched
[22:34:00] 4 Guild catched
[22:34:00] 3 GuildMembers catched
[22:34:00] 11 GatheringJob LevelInfos catched
[22:34:00] 233 InteractiveSkills LevelInfos catched
[22:34:00] 124 Handlers Readed
[22:34:01] 172 Messages Readed
[22:34:01] WorldServer start in 28117 ms.
[22:34:57] MySQL Database Connected
[22:34:57] 16 Breeds catched
[22:34:57] 256 Heads catched
[22:34:57] 561 Effects catched
[22:34:58] 4 SuperAreas catched
[22:34:58] 48 Areas catched
[22:34:59] 334 SubAreas catched
[22:35:10] 11260 DofusMaps catched
[22:35:11] 9761 StatedElements catched
[22:35:11] 13349 InteractiveElements catched
[22:35:11] 1485 HouseInformations catched
[22:35:11] 556 InteractiveDoors catched
[22:35:11] 3614 MapPositions uncatched
[22:35:11] 14681 MapPositions catched
[22:35:11] 42 MapZaaps catched
[22:35:11] 79 MapSubways catched
[22:35:11] 15228 SpellLevels catched 
[22:35:11] 4772 Spells catched 
[22:35:11] 316 GuildEmblems catched 
[22:35:11] 1179 LearnableSpells catched 
[22:35:12] 9780 ItemTemplates catched 
[22:35:12] 4489 Weapons catched 
[22:35:12] 363 ItemSets catched 
[22:35:12] 171 ItemTypes catched 
[22:35:12] 110 ItemPets catched 
[22:35:12] 2476 NpcTemplates catched 
[22:35:12] 787 NpcSpawns catched 
[22:35:12] 94 NpcItems catched 
[22:35:12] 19801 NpcMessages catched 
[22:35:12] 7 NpcReplies catched 
[22:35:13] 353 Triggers catched
[22:35:13] 1277 Paddocks catched
[22:35:13] 72 Mounts catched
[22:35:13] 4 Guild catched
[22:35:13] 3 GuildMembers catched
[22:35:13] 11 GatheringJob LevelInfos catched
[22:35:13] 233 InteractiveSkills LevelInfos catched
[22:35:13] 124 Handlers Readed
[22:35:14] 172 Messages Readed
[22:35:14] WorldServer start in 16745 ms.
[22:35:47] MySQL Database Connected
[22:35:47] 16 Breeds catched
[22:35:47] 256 Heads catched
[22:35:47] 561 Effects catched
[22:35:47] 4 SuperAreas catched
[22:35:47] 48 Areas catched
[22:35:48] 334 SubAreas catched
[22:35:56] 11260 DofusMaps catched
[22:35:56] 9761 StatedElements catched
[22:35:57] 13349 InteractiveElements catched
[22:35:57] 1485 HouseInformations catched
[22:35:57] 556 InteractiveDoors catched
[22:35:57] 3614 MapPositions uncatched
[22:35:57] 14681 MapPositions catched
[22:35:57] 42 MapZaaps catched
[22:35:57] 79 MapSubways catched
[22:35:57] 15228 SpellLevels catched 
[22:35:57] 4772 Spells catched 
[22:35:57] 316 GuildEmblems catched 
[22:35:57] 1179 LearnableSpells catched 
[22:35:57] 9780 ItemTemplates catched 
[22:35:57] 4489 Weapons catched 
[22:35:57] 363 ItemSets catched 
[22:35:57] 171 ItemTypes catched 
[22:35:57] 110 ItemPets catched 
[22:35:58] 2476 NpcTemplates catched 
[22:35:58] 787 NpcSpawns catched 
[22:35:58] 94 NpcItems catched 
[22:35:58] 19801 NpcMessages catched 
[22:35:58] 7 NpcReplies catched 
[22:35:58] 353 Triggers catched
[22:35:59] 1277 Paddocks catched
[22:36:00] 72 Mounts catched
[22:36:00] 4 Guild catched
[22:36:00] 3 GuildMembers catched
[22:36:00] 11 GatheringJob LevelInfos catched
[22:36:00] 233 InteractiveSkills LevelInfos catched
[22:36:00] 124 Handlers Readed
[22:36:01] 172 Messages Readed
[22:36:01] WorldServer start in 14738 ms.
[23:47:45] MySQL Database Connected
[23:47:45] 16 Breeds catched
[23:47:45] 256 Heads catched
[23:47:45] 561 Effects catched
[23:47:46] 4 SuperAreas catched
[23:47:46] 48 Areas catched
[23:47:46] 334 SubAreas catched
[23:47:54] 11260 DofusMaps catched
[23:47:54] 9761 StatedElements catched
[23:47:55] 13349 InteractiveElements catched
[23:47:56] 1485 HouseInformations catched
[23:47:56] 556 InteractiveDoors catched
[23:47:56] 3614 MapPositions uncatched
[23:47:56] 14681 MapPositions catched
[23:47:56] 42 MapZaaps catched
[23:47:56] 79 MapSubways catched
[23:47:58] 15228 SpellLevels catched 
[23:47:58] 4772 Spells catched 
[23:47:58] 316 GuildEmblems catched 
[23:47:58] 1179 LearnableSpells catched 
[23:47:58] 9780 ItemTemplates catched 
[23:47:58] 4489 Weapons catched 
[23:47:58] 363 ItemSets catched 
[23:47:58] 171 ItemTypes catched 
[23:47:58] 110 ItemPets catched 
[23:47:59] 2476 NpcTemplates catched 
[23:47:59] 787 NpcSpawns catched 
[23:47:59] 94 NpcItems catched 
[23:47:59] 19801 NpcMessages catched 
[23:47:59] 7 NpcReplies catched 
[23:47:59] 353 Triggers catched
[23:47:59] 1277 Paddocks catched
[23:47:59] 72 Mounts catched
[23:47:59] 4 Guild catched
[23:47:59] 3 GuildMembers catched
[23:47:59] 11 GatheringJob LevelInfos catched
[23:48:00] 233 InteractiveSkills LevelInfos catched
[23:48:00] 124 Handlers Readed
[23:48:01] 172 Messages Readed
[23:48:01] WorldServer start in 15966 ms.
[23:56:01] MySQL Database Connected
[23:56:01] 16 Breeds catched
[23:56:01] 256 Heads catched
[23:56:01] 561 Effects catched
[23:56:02] 4 SuperAreas catched
[23:56:02] 48 Areas catched
[23:56:03] 334 SubAreas catched
[23:56:10] 11260 DofusMaps catched
[23:56:10] 9761 StatedElements catched
[23:56:11] 13349 InteractiveElements catched
[23:56:11] 1485 HouseInformations catched
[23:56:11] 556 InteractiveDoors catched
[23:56:11] 3614 MapPositions uncatched
[23:56:11] 14681 MapPositions catched
[23:56:11] 42 MapZaaps catched
[23:56:11] 79 MapSubways catched
[23:56:11] 15228 SpellLevels catched 
[23:56:11] 4772 Spells catched 
[23:56:11] 316 GuildEmblems catched 
[23:56:11] 1179 LearnableSpells catched 
[23:56:11] 9780 ItemTemplates catched 
[23:56:11] 4489 Weapons catched 
[23:56:12] 363 ItemSets catched 
[23:56:12] 171 ItemTypes catched 
[23:56:12] 110 ItemPets catched 
[23:56:12] 2476 NpcTemplates catched 
[23:56:12] 787 NpcSpawns catched 
[23:56:12] 94 NpcItems catched 
[23:56:12] 19801 NpcMessages catched 
[23:56:12] 7 NpcReplies catched 
[23:56:12] 353 Triggers catched
[23:56:12] 1277 Paddocks catched
[23:56:12] 72 Mounts catched
[23:56:12] 4 Guild catched
[23:56:12] 3 GuildMembers catched
[23:56:12] 11 GatheringJob LevelInfos catched
[23:56:13] 233 InteractiveSkills LevelInfos catched
[23:56:13] 124 Handlers Readed
[23:56:14] 172 Messages Readed
[23:56:14] WorldServer start in 12737 ms.
[23:58:20] MySQL Database Connected
[23:58:20] 16 Breeds catched
[23:58:20] 256 Heads catched
[23:58:20] 561 Effects catched
[23:58:21] 4 SuperAreas catched
[23:58:21] 48 Areas catched
[23:58:22] 334 SubAreas catched
[23:58:29] 11260 DofusMaps catched
[23:58:29] 9761 StatedElements catched
[23:58:30] 13349 InteractiveElements catched
[23:58:30] 1485 HouseInformations catched
[23:58:30] 556 InteractiveDoors catched
[23:58:30] 3614 MapPositions uncatched
[23:58:30] 14681 MapPositions catched
[23:58:30] 42 MapZaaps catched
[23:58:30] 79 MapSubways catched
[23:58:30] 15228 SpellLevels catched 
[23:58:30] 4772 Spells catched 
[23:58:30] 316 GuildEmblems catched 
[23:58:30] 1179 LearnableSpells catched 
[23:58:30] 9780 ItemTemplates catched 
[23:58:30] 4489 Weapons catched 
[23:58:30] 363 ItemSets catched 
[23:58:30] 171 ItemTypes catched 
[23:58:30] 110 ItemPets catched 
[23:58:31] 2476 NpcTemplates catched 
[23:58:31] 787 NpcSpawns catched 
[23:58:31] 94 NpcItems catched 
[23:58:31] 19801 NpcMessages catched 
[23:58:31] 7 NpcReplies catched 
[23:58:31] 353 Triggers catched
[23:58:31] 1277 Paddocks catched
[23:58:31] 72 Mounts catched
[23:58:31] 4 Guild catched
[23:58:31] 3 GuildMembers catched
[23:58:31] 11 GatheringJob LevelInfos catched
[23:58:31] 233 InteractiveSkills LevelInfos catched
[23:58:32] 124 Handlers Readed
[23:58:33] 172 Messages Readed
[23:58:33] WorldServer start in 12522 ms.
