[09:08:12] MySQL Database Connected
[09:08:12] 16 Breeds catched
[09:08:12] 256 Heads catched
[09:08:25] 11260 DofusMaps catched
[09:08:25] 169 StatedElements catched
[09:08:25] 323 InteractiveElements catched
[09:08:25] 18 Handlers Readed
[09:08:26] 18 Messages Readed
[09:08:26] WorldServer start in 14631 ms.
[09:10:15] MySQL Database Connected
[09:10:15] 16 Breeds catched
[09:10:15] 256 Heads catched
[09:10:23] 11260 DofusMaps catched
[09:10:23] 169 StatedElements catched
[09:10:23] 323 InteractiveElements catched
[09:10:23] 18 Handlers Readed
[09:10:23] 18 Messages Readed
[09:10:23] WorldServer start in 8499 ms.
[09:11:48] MySQL Database Connected
[09:11:48] 16 Breeds catched
[09:11:48] 256 Heads catched
[09:11:55] 11260 DofusMaps catched
[09:11:55] 169 StatedElements catched
[09:11:55] 323 InteractiveElements catched
[09:11:56] 18 Handlers Readed
[09:11:56] 18 Messages Readed
[09:11:56] WorldServer start in 8284 ms.
[09:13:21] MySQL Database Connected
[09:13:21] 16 Breeds catched
[09:13:21] 256 Heads catched
[09:13:29] 11260 DofusMaps catched
[09:13:29] 169 StatedElements catched
[09:13:29] 323 InteractiveElements catched
[09:13:29] 18 Handlers Readed
[09:13:29] 18 Messages Readed
[09:13:29] WorldServer start in 8484 ms.
