avr. 15, 2015 10:44:55 PM org.reflections.Reflections scan
INFOS: Reflections took 184 ms to scan 1 urls, producing 1 keys and 69 values 
avr. 15, 2015 10:44:55 PM org.reflections.Reflections scan
INFOS: Reflections took 281 ms to scan 1 urls, producing 2 keys and 97 values 
[22:45:10] Undefinied Stat id 970
[22:45:10] Undefinied Stat id 974
[22:45:10] Undefinied Stat id 973
[22:45:10] Undefinied Stat id 971
[22:45:10] Undefinied Stat id 972
[22:45:10] Undefinied Stat id 800
[22:45:10] Undefinied Stat id 807
[22:45:10] Undefinied Stat id 806
[22:45:10] Undefinied Stat id 153
[22:45:10] Undefinied Stat id 10
[22:45:10] Undefinied Stat id 10
[22:45:10] Undefinied Stat id 285
[22:45:10] Undefinied Stat id 281
[22:45:10] Undefinied Stat id 288
[22:45:10] Undefinied Stat id 283
[22:45:10] Undefinied Stat id 110
java.lang.ArrayIndexOutOfBoundsException: 2
	at koh.game.network.handlers.character.ChatHandler.HandleChatClientMultiMessage(ChatHandler.java:160)
	at sun.reflect.NativeMethodAccessorImpl.invoke0(Native Method)
	at sun.reflect.NativeMethodAccessorImpl.invoke(NativeMethodAccessorImpl.java:62)
	at sun.reflect.DelegatingMethodAccessorImpl.invoke(DelegatingMethodAccessorImpl.java:43)
	at java.lang.reflect.Method.invoke(Method.java:483)
	at koh.game.network.WorldClient.parsePacket(WorldClient.java:217)
	at koh.game.network.WorldHandler.messageReceived(WorldHandler.java:44)
	at org.apache.mina.core.filterchain.DefaultIoFilterChain$TailFilter.messageReceived(DefaultIoFilterChain.java:854)
	at org.apache.mina.core.filterchain.DefaultIoFilterChain.callNextMessageReceived(DefaultIoFilterChain.java:542)
	at org.apache.mina.core.filterchain.DefaultIoFilterChain.access$1300(DefaultIoFilterChain.java:48)
	at org.apache.mina.core.filterchain.DefaultIoFilterChain$EntryImpl$1.messageReceived(DefaultIoFilterChain.java:943)
	at org.apache.mina.filter.codec.ProtocolCodecFilter$ProtocolDecoderOutputImpl.flush(ProtocolCodecFilter.java:405)
	at org.apache.mina.filter.codec.ProtocolCodecFilter.messageReceived(ProtocolCodecFilter.java:235)
	at org.apache.mina.core.filterchain.DefaultIoFilterChain.callNextMessageReceived(DefaultIoFilterChain.java:542)
	at org.apache.mina.core.filterchain.DefaultIoFilterChain.access$1300(DefaultIoFilterChain.java:48)
	at org.apache.mina.core.filterchain.DefaultIoFilterChain$EntryImpl$1.messageReceived(DefaultIoFilterChain.java:943)
	at org.apache.mina.core.filterchain.IoFilterAdapter.messageReceived(IoFilterAdapter.java:109)
	at org.apache.mina.core.filterchain.DefaultIoFilterChain.callNextMessageReceived(DefaultIoFilterChain.java:542)
	at org.apache.mina.core.filterchain.DefaultIoFilterChain.fireMessageReceived(DefaultIoFilterChain.java:535)
	at org.apache.mina.core.polling.AbstractPollingIoProcessor.read(AbstractPollingIoProcessor.java:714)
	at org.apache.mina.core.polling.AbstractPollingIoProcessor.process(AbstractPollingIoProcessor.java:668)
	at org.apache.mina.core.polling.AbstractPollingIoProcessor.process(AbstractPollingIoProcessor.java:657)
	at org.apache.mina.core.polling.AbstractPollingIoProcessor.access$600(AbstractPollingIoProcessor.java:67)
	at org.apache.mina.core.polling.AbstractPollingIoProcessor$Processor.run(AbstractPollingIoProcessor.java:1121)
	at org.apache.mina.util.NamePreservingRunnable.run(NamePreservingRunnable.java:64)
	at java.util.concurrent.ThreadPoolExecutor.runWorker(ThreadPoolExecutor.java:1142)
	at java.util.concurrent.ThreadPoolExecutor$Worker.run(ThreadPoolExecutor.java:617)
	at java.lang.Thread.run(Thread.java:745)
java.lang.NullPointerException
	at koh.game.entities.actors.Player.OnDisconnect(Player.java:220)
	at koh.game.network.WorldClient.close(WorldClient.java:306)
	at koh.game.network.WorldHandler.sessionClosed(WorldHandler.java:86)
	at org.apache.mina.core.filterchain.DefaultIoFilterChain$TailFilter.sessionClosed(DefaultIoFilterChain.java:793)
	at org.apache.mina.core.filterchain.DefaultIoFilterChain.callNextSessionClosed(DefaultIoFilterChain.java:504)
	at org.apache.mina.core.filterchain.DefaultIoFilterChain.access$900(DefaultIoFilterChain.java:48)
	at org.apache.mina.core.filterchain.DefaultIoFilterChain$EntryImpl$1.sessionClosed(DefaultIoFilterChain.java:923)
	at org.apache.mina.filter.codec.ProtocolCodecFilter.sessionClosed(ProtocolCodecFilter.java:367)
	at org.apache.mina.core.filterchain.DefaultIoFilterChain.callNextSessionClosed(DefaultIoFilterChain.java:504)
	at org.apache.mina.core.filterchain.DefaultIoFilterChain.access$900(DefaultIoFilterChain.java:48)
	at org.apache.mina.core.filterchain.DefaultIoFilterChain$EntryImpl$1.sessionClosed(DefaultIoFilterChain.java:923)
	at org.apache.mina.core.filterchain.IoFilterAdapter.sessionClosed(IoFilterAdapter.java:88)
	at org.apache.mina.core.filterchain.DefaultIoFilterChain.callNextSessionClosed(DefaultIoFilterChain.java:504)
	at org.apache.mina.core.filterchain.DefaultIoFilterChain.fireSessionClosed(DefaultIoFilterChain.java:497)
	at org.apache.mina.core.service.IoServiceListenerSupport.fireSessionDestroyed(IoServiceListenerSupport.java:244)
	at org.apache.mina.core.polling.AbstractPollingIoProcessor.removeNow(AbstractPollingIoProcessor.java:604)
	at org.apache.mina.core.polling.AbstractPollingIoProcessor.removeSessions(AbstractPollingIoProcessor.java:564)
	at org.apache.mina.core.polling.AbstractPollingIoProcessor.access$800(AbstractPollingIoProcessor.java:67)
	at org.apache.mina.core.polling.AbstractPollingIoProcessor$Processor.run(AbstractPollingIoProcessor.java:1129)
	at org.apache.mina.util.NamePreservingRunnable.run(NamePreservingRunnable.java:64)
	at java.util.concurrent.ThreadPoolExecutor.runWorker(ThreadPoolExecutor.java:1142)
	at java.util.concurrent.ThreadPoolExecutor$Worker.run(ThreadPoolExecutor.java:617)
	at java.lang.Thread.run(Thread.java:745)
java.lang.NullPointerException
	at koh.game.entities.actors.Player.OnDisconnect(Player.java:220)
	at koh.game.network.WorldClient.close(WorldClient.java:306)
	at koh.game.network.WorldHandler.sessionClosed(WorldHandler.java:86)
	at org.apache.mina.core.filterchain.DefaultIoFilterChain$TailFilter.sessionClosed(DefaultIoFilterChain.java:793)
	at org.apache.mina.core.filterchain.DefaultIoFilterChain.callNextSessionClosed(DefaultIoFilterChain.java:504)
	at org.apache.mina.core.filterchain.DefaultIoFilterChain.access$900(DefaultIoFilterChain.java:48)
	at org.apache.mina.core.filterchain.DefaultIoFilterChain$EntryImpl$1.sessionClosed(DefaultIoFilterChain.java:923)
	at org.apache.mina.filter.codec.ProtocolCodecFilter.sessionClosed(ProtocolCodecFilter.java:367)
	at org.apache.mina.core.filterchain.DefaultIoFilterChain.callNextSessionClosed(DefaultIoFilterChain.java:504)
	at org.apache.mina.core.filterchain.DefaultIoFilterChain.access$900(DefaultIoFilterChain.java:48)
	at org.apache.mina.core.filterchain.DefaultIoFilterChain$EntryImpl$1.sessionClosed(DefaultIoFilterChain.java:923)
	at org.apache.mina.core.filterchain.IoFilterAdapter.sessionClosed(IoFilterAdapter.java:88)
	at org.apache.mina.core.filterchain.DefaultIoFilterChain.callNextSessionClosed(DefaultIoFilterChain.java:504)
	at org.apache.mina.core.filterchain.DefaultIoFilterChain.fireSessionClosed(DefaultIoFilterChain.java:497)
	at org.apache.mina.core.service.IoServiceListenerSupport.fireSessionDestroyed(IoServiceListenerSupport.java:244)
	at org.apache.mina.core.polling.AbstractPollingIoProcessor.removeNow(AbstractPollingIoProcessor.java:604)
	at org.apache.mina.core.polling.AbstractPollingIoProcessor.removeSessions(AbstractPollingIoProcessor.java:564)
	at org.apache.mina.core.polling.AbstractPollingIoProcessor.access$800(AbstractPollingIoProcessor.java:67)
	at org.apache.mina.core.polling.AbstractPollingIoProcessor$Processor.run(AbstractPollingIoProcessor.java:1129)
	at org.apache.mina.util.NamePreservingRunnable.run(NamePreservingRunnable.java:64)
	at java.util.concurrent.ThreadPoolExecutor.runWorker(ThreadPoolExecutor.java:1142)
	at java.util.concurrent.ThreadPoolExecutor$Worker.run(ThreadPoolExecutor.java:617)
	at java.lang.Thread.run(Thread.java:745)
java.lang.NullPointerException
	at koh.game.entities.actors.Player.OnDisconnect(Player.java:220)
	at koh.game.network.WorldClient.close(WorldClient.java:306)
	at koh.game.network.WorldHandler.sessionClosed(WorldHandler.java:86)
	at org.apache.mina.core.filterchain.DefaultIoFilterChain$TailFilter.sessionClosed(DefaultIoFilterChain.java:793)
	at org.apache.mina.core.filterchain.DefaultIoFilterChain.callNextSessionClosed(DefaultIoFilterChain.java:504)
	at org.apache.mina.core.filterchain.DefaultIoFilterChain.access$900(DefaultIoFilterChain.java:48)
	at org.apache.mina.core.filterchain.DefaultIoFilterChain$EntryImpl$1.sessionClosed(DefaultIoFilterChain.java:923)
	at org.apache.mina.filter.codec.ProtocolCodecFilter.sessionClosed(ProtocolCodecFilter.java:367)
	at org.apache.mina.core.filterchain.DefaultIoFilterChain.callNextSessionClosed(DefaultIoFilterChain.java:504)
	at org.apache.mina.core.filterchain.DefaultIoFilterChain.access$900(DefaultIoFilterChain.java:48)
	at org.apache.mina.core.filterchain.DefaultIoFilterChain$EntryImpl$1.sessionClosed(DefaultIoFilterChain.java:923)
	at org.apache.mina.core.filterchain.IoFilterAdapter.sessionClosed(IoFilterAdapter.java:88)
	at org.apache.mina.core.filterchain.DefaultIoFilterChain.callNextSessionClosed(DefaultIoFilterChain.java:504)
	at org.apache.mina.core.filterchain.DefaultIoFilterChain.fireSessionClosed(DefaultIoFilterChain.java:497)
	at org.apache.mina.core.service.IoServiceListenerSupport.fireSessionDestroyed(IoServiceListenerSupport.java:244)
	at org.apache.mina.core.polling.AbstractPollingIoProcessor.removeNow(AbstractPollingIoProcessor.java:604)
	at org.apache.mina.core.polling.AbstractPollingIoProcessor.removeSessions(AbstractPollingIoProcessor.java:564)
	at org.apache.mina.core.polling.AbstractPollingIoProcessor.access$800(AbstractPollingIoProcessor.java:67)
	at org.apache.mina.core.polling.AbstractPollingIoProcessor$Processor.run(AbstractPollingIoProcessor.java:1129)
	at org.apache.mina.util.NamePreservingRunnable.run(NamePreservingRunnable.java:64)
	at java.util.concurrent.ThreadPoolExecutor.runWorker(ThreadPoolExecutor.java:1142)
	at java.util.concurrent.ThreadPoolExecutor$Worker.run(ThreadPoolExecutor.java:617)
	at java.lang.Thread.run(Thread.java:745)
