[13:22:52] MySQL Database Connected
[13:22:52] 16 Breeds catched
[13:22:52] 256 Heads catched
[13:22:52] 561 Effects catched
[13:23:13] 11260 DofusMaps catched
[13:23:13] 454 StatedElements catched
[13:23:13] 802 InteractiveElements catched
[13:23:13] 74 HouseInformations catched
[13:23:13] 120 InteractiveDoors catched
[13:23:13] 3614 MapPositions uncatched
[13:23:13] 14681 MapPositions catched
[13:23:13] 42 MapZaaps catched
[13:23:13] 15228 SpellLevels catched 
[13:23:13] 4772 Spells catched 
[13:23:13] 1179 LearnableSpells catched 
[13:23:14] 9780 ItemTemplates catched 
[13:23:14] 4489 Weapons catched 
[13:23:14] 363 ItemSets catched 
[13:23:14] 171 ItemTypes catched 
[13:23:14] 110 ItemPets catched 
[13:23:14] 2476 NpcTemplates catched 
[13:23:14] 138 NpcSpawns catched 
[13:23:14] 50 NpcItems catched 
[13:23:14] 19801 NpcMessages catched 
[13:23:14] 6 NpcReplies catched 
[13:23:14] 18 Triggers catched
[13:23:15] 55 Handlers Readed
[13:23:16] 69 Messages Readed
[13:23:16] WorldServer start in 24327 ms.
[13:28:52] Packet not handled 6503
[14:22:16] MySQL Database Connected
[14:22:16] 16 Breeds catched
[14:22:16] 256 Heads catched
[14:22:16] 561 Effects catched
[14:22:26] 11260 DofusMaps catched
[14:22:26] 454 StatedElements catched
[14:22:26] 802 InteractiveElements catched
[14:22:26] 74 HouseInformations catched
[14:22:26] 120 InteractiveDoors catched
[14:22:26] 3614 MapPositions uncatched
[14:22:26] 14681 MapPositions catched
[14:22:26] 42 MapZaaps catched
[14:22:26] 15228 SpellLevels catched 
[14:22:26] 4772 Spells catched 
[14:22:26] 1179 LearnableSpells catched 
[14:22:27] 9780 ItemTemplates catched 
[14:22:27] 4489 Weapons catched 
[14:22:27] 363 ItemSets catched 
[14:22:27] 171 ItemTypes catched 
[14:22:27] 110 ItemPets catched 
[14:22:27] 2476 NpcTemplates catched 
[14:22:27] 138 NpcSpawns catched 
[14:22:27] 50 NpcItems catched 
[14:22:27] 19801 NpcMessages catched 
[14:22:27] 6 NpcReplies catched 
[14:22:27] 18 Triggers catched
[14:22:28] 56 Handlers Readed
[14:22:28] 69 Messages Readed
[14:22:28] WorldServer start in 12336 ms.
[14:29:57] Packet not handled 6269
[14:39:29] MySQL Database Connected
[14:39:29] 16 Breeds catched
[14:39:29] 256 Heads catched
[14:39:29] 561 Effects catched
[14:39:37] 11260 DofusMaps catched
[14:39:37] 454 StatedElements catched
[14:39:37] 802 InteractiveElements catched
[14:39:37] 74 HouseInformations catched
[14:39:37] 120 InteractiveDoors catched
[14:39:37] 3614 MapPositions uncatched
[14:39:37] 14681 MapPositions catched
[14:39:37] 42 MapZaaps catched
[14:39:38] 15228 SpellLevels catched 
[14:39:38] 4772 Spells catched 
[14:39:38] 1179 LearnableSpells catched 
[14:39:38] 9780 ItemTemplates catched 
[14:39:38] 4489 Weapons catched 
[14:39:38] 363 ItemSets catched 
[14:39:38] 171 ItemTypes catched 
[14:39:38] 110 ItemPets catched 
[14:39:39] 2476 NpcTemplates catched 
[14:39:39] 138 NpcSpawns catched 
[14:39:39] 50 NpcItems catched 
[14:39:39] 19801 NpcMessages catched 
[14:39:39] 6 NpcReplies catched 
[14:39:39] 18 Triggers catched
[14:39:39] 57 Handlers Readed
[14:39:39] 69 Messages Readed
[14:39:39] WorldServer start in 10430 ms.
[14:41:23] MySQL Database Connected
[14:41:23] 16 Breeds catched
[14:41:23] 256 Heads catched
[14:41:23] 561 Effects catched
[14:41:31] 11260 DofusMaps catched
[14:41:31] 454 StatedElements catched
[14:41:31] 802 InteractiveElements catched
[14:41:31] 74 HouseInformations catched
[14:41:31] 120 InteractiveDoors catched
[14:41:31] 3614 MapPositions uncatched
[14:41:31] 14681 MapPositions catched
[14:41:31] 42 MapZaaps catched
[14:41:31] 15228 SpellLevels catched 
[14:41:31] 4772 Spells catched 
[14:41:31] 1179 LearnableSpells catched 
[14:41:31] 9780 ItemTemplates catched 
[14:41:32] 4489 Weapons catched 
[14:41:32] 363 ItemSets catched 
[14:41:32] 171 ItemTypes catched 
[14:41:32] 110 ItemPets catched 
[14:41:32] 2476 NpcTemplates catched 
[14:41:32] 138 NpcSpawns catched 
[14:41:32] 50 NpcItems catched 
[14:41:32] 19801 NpcMessages catched 
[14:41:32] 6 NpcReplies catched 
[14:41:32] 18 Triggers catched
[14:41:32] 57 Handlers Readed
[14:41:33] 69 Messages Readed
[14:41:33] WorldServer start in 10131 ms.
[14:43:19] MySQL Database Connected
[14:43:19] 16 Breeds catched
[14:43:19] 256 Heads catched
[14:43:19] 561 Effects catched
[14:43:26] 11260 DofusMaps catched
[14:43:26] 454 StatedElements catched
[14:43:26] 802 InteractiveElements catched
[14:43:26] 74 HouseInformations catched
[14:43:26] 120 InteractiveDoors catched
[14:43:26] 3614 MapPositions uncatched
[14:43:26] 14681 MapPositions catched
[14:43:26] 42 MapZaaps catched
[14:43:27] 15228 SpellLevels catched 
[14:43:27] 4772 Spells catched 
[14:43:27] 1179 LearnableSpells catched 
[14:43:27] 9780 ItemTemplates catched 
[14:43:27] 4489 Weapons catched 
[14:43:27] 363 ItemSets catched 
[14:43:27] 171 ItemTypes catched 
[14:43:27] 110 ItemPets catched 
[14:43:27] 2476 NpcTemplates catched 
[14:43:27] 138 NpcSpawns catched 
[14:43:27] 50 NpcItems catched 
[14:43:28] 19801 NpcMessages catched 
[14:43:28] 6 NpcReplies catched 
[14:43:28] 18 Triggers catched
[14:43:28] 57 Handlers Readed
[14:43:28] 69 Messages Readed
[14:43:28] WorldServer start in 10064 ms.
[14:44:19] Packet not handled 6283
[14:55:47] MySQL Database Connected
[14:55:47] 16 Breeds catched
[14:55:47] 256 Heads catched
[14:55:47] 561 Effects catched
[14:55:54] 11260 DofusMaps catched
[14:55:54] 454 StatedElements catched
[14:55:55] 802 InteractiveElements catched
[14:55:55] 74 HouseInformations catched
[14:55:55] 120 InteractiveDoors catched
[14:55:55] 3614 MapPositions uncatched
[14:55:55] 14681 MapPositions catched
[14:55:55] 42 MapZaaps catched
[14:55:55] 15228 SpellLevels catched 
[14:55:55] 4772 Spells catched 
[14:55:55] 1179 LearnableSpells catched 
[14:55:55] 9780 ItemTemplates catched 
[14:55:55] 4489 Weapons catched 
[14:55:55] 363 ItemSets catched 
[14:55:55] 171 ItemTypes catched 
[14:55:55] 110 ItemPets catched 
[14:55:56] 2476 NpcTemplates catched 
[14:55:56] 138 NpcSpawns catched 
[14:55:56] 50 NpcItems catched 
[14:55:56] 19801 NpcMessages catched 
[14:55:56] 6 NpcReplies catched 
[14:55:56] 18 Triggers catched
[14:55:56] 57 Handlers Readed
[14:55:56] 69 Messages Readed
[14:55:57] WorldServer start in 10203 ms.
[15:00:37] MySQL Database Connected
[15:00:37] 16 Breeds catched
[15:00:37] 256 Heads catched
[15:00:37] 561 Effects catched
[15:00:47] 11260 DofusMaps catched
[15:00:47] 454 StatedElements catched
[15:00:47] 802 InteractiveElements catched
[15:00:47] 74 HouseInformations catched
[15:00:47] 120 InteractiveDoors catched
[15:00:48] 3614 MapPositions uncatched
[15:00:48] 14681 MapPositions catched
[15:00:48] 42 MapZaaps catched
[15:00:48] 15228 SpellLevels catched 
[15:00:48] 4772 Spells catched 
[15:00:48] 1179 LearnableSpells catched 
[15:00:48] 9780 ItemTemplates catched 
[15:00:48] 4489 Weapons catched 
[15:00:48] 363 ItemSets catched 
[15:00:48] 171 ItemTypes catched 
[15:00:48] 110 ItemPets catched 
[15:00:49] 2476 NpcTemplates catched 
[15:00:49] 138 NpcSpawns catched 
[15:00:49] 50 NpcItems catched 
[15:00:49] 19801 NpcMessages catched 
[15:00:49] 6 NpcReplies catched 
[15:00:49] 18 Triggers catched
[15:00:49] 57 Handlers Readed
[15:00:49] 69 Messages Readed
[15:00:49] WorldServer start in 12322 ms.
[15:03:14] Packet not handled 6283
[21:22:22] MySQL Database Connected
[21:22:22] 16 Breeds catched
[21:22:22] 256 Heads catched
[21:22:22] 561 Effects catched
[21:22:30] 11260 DofusMaps catched
[21:22:30] 454 StatedElements catched
[21:22:30] 802 InteractiveElements catched
[21:22:30] 74 HouseInformations catched
[21:22:30] 120 InteractiveDoors catched
[21:22:30] 3614 MapPositions uncatched
[21:22:30] 14681 MapPositions catched
[21:22:30] 42 MapZaaps catched
[21:22:30] 15228 SpellLevels catched 
[21:22:30] 4772 Spells catched 
[21:22:30] 1179 LearnableSpells catched 
[21:22:31] 9780 ItemTemplates catched 
[21:22:31] 4489 Weapons catched 
[21:22:31] 363 ItemSets catched 
[21:22:31] 171 ItemTypes catched 
[21:22:31] 110 ItemPets catched 
[21:22:31] 2476 NpcTemplates catched 
[21:22:31] 138 NpcSpawns catched 
[21:22:31] 50 NpcItems catched 
[21:22:31] 19801 NpcMessages catched 
[21:22:31] 6 NpcReplies catched 
[21:22:31] 18 Triggers catched
[21:22:31] 59 Handlers Readed
[21:23:11] MySQL Database Connected
[21:23:11] 16 Breeds catched
[21:23:11] 256 Heads catched
[21:23:11] 561 Effects catched
[21:23:19] 11260 DofusMaps catched
[21:23:19] 454 StatedElements catched
[21:23:19] 802 InteractiveElements catched
[21:23:19] 74 HouseInformations catched
[21:23:19] 120 InteractiveDoors catched
[21:23:20] 3614 MapPositions uncatched
[21:23:20] 14681 MapPositions catched
[21:23:20] 42 MapZaaps catched
[21:23:20] 15228 SpellLevels catched 
[21:23:20] 4772 Spells catched 
[21:23:20] 1179 LearnableSpells catched 
[21:23:21] 9780 ItemTemplates catched 
[21:23:21] 4489 Weapons catched 
[21:23:21] 363 ItemSets catched 
[21:23:21] 171 ItemTypes catched 
[21:23:21] 110 ItemPets catched 
[21:23:21] 2476 NpcTemplates catched 
[21:23:21] 138 NpcSpawns catched 
[21:23:21] 50 NpcItems catched 
[21:23:21] 19801 NpcMessages catched 
[21:23:21] 6 NpcReplies catched 
[21:23:21] 18 Triggers catched
[21:23:22] 59 Handlers Readed
[21:23:47] MySQL Database Connected
[21:23:48] 16 Breeds catched
[21:23:48] 256 Heads catched
[21:23:48] 561 Effects catched
[21:23:55] 11260 DofusMaps catched
[21:23:55] 454 StatedElements catched
[21:23:55] 802 InteractiveElements catched
[21:23:55] 74 HouseInformations catched
[21:23:55] 120 InteractiveDoors catched
[21:23:55] 3614 MapPositions uncatched
[21:23:55] 14681 MapPositions catched
[21:23:55] 42 MapZaaps catched
[21:23:56] 15228 SpellLevels catched 
[21:23:56] 4772 Spells catched 
[21:23:56] 1179 LearnableSpells catched 
[21:23:56] 9780 ItemTemplates catched 
[21:23:56] 4489 Weapons catched 
[21:23:56] 363 ItemSets catched 
[21:23:56] 171 ItemTypes catched 
[21:23:56] 110 ItemPets catched 
[21:23:56] 2476 NpcTemplates catched 
[21:23:56] 138 NpcSpawns catched 
[21:23:56] 50 NpcItems catched 
[21:23:56] 19801 NpcMessages catched 
[21:23:56] 6 NpcReplies catched 
[21:23:57] 18 Triggers catched
[21:23:57] 59 Handlers Readed
[21:23:57] 89 Messages Readed
[21:23:57] WorldServer start in 10051 ms.
[21:25:58] MySQL Database Connected
[21:25:58] 16 Breeds catched
[21:25:58] 256 Heads catched
[21:25:58] 561 Effects catched
[21:26:09] 11260 DofusMaps catched
[21:26:09] 454 StatedElements catched
[21:26:09] 802 InteractiveElements catched
[21:26:09] 74 HouseInformations catched
[21:26:09] 120 InteractiveDoors catched
[21:26:10] 3614 MapPositions uncatched
[21:26:10] 14681 MapPositions catched
[21:26:10] 42 MapZaaps catched
[21:26:10] 15228 SpellLevels catched 
[21:26:10] 4772 Spells catched 
[21:26:10] 1179 LearnableSpells catched 
[21:26:10] 9780 ItemTemplates catched 
[21:26:10] 4489 Weapons catched 
[21:26:10] 363 ItemSets catched 
[21:26:10] 171 ItemTypes catched 
[21:26:10] 110 ItemPets catched 
[21:26:11] 2476 NpcTemplates catched 
[21:26:11] 138 NpcSpawns catched 
[21:26:11] 50 NpcItems catched 
[21:26:11] 19801 NpcMessages catched 
[21:26:11] 6 NpcReplies catched 
[21:26:11] 18 Triggers catched
[21:26:11] 59 Handlers Readed
[21:26:11] 89 Messages Readed
[21:26:12] WorldServer start in 13568 ms.
[21:28:34] MySQL Database Connected
[21:28:34] 16 Breeds catched
[21:28:34] 256 Heads catched
[21:28:34] 561 Effects catched
[21:28:43] 11260 DofusMaps catched
[21:28:43] 454 StatedElements catched
[21:28:43] 802 InteractiveElements catched
[21:28:43] 74 HouseInformations catched
[21:28:43] 120 InteractiveDoors catched
[21:28:44] 3614 MapPositions uncatched
[21:28:44] 14681 MapPositions catched
[21:28:44] 42 MapZaaps catched
[21:28:45] 15228 SpellLevels catched 
[21:28:45] 4772 Spells catched 
[21:28:45] 1179 LearnableSpells catched 
[21:28:45] 9780 ItemTemplates catched 
[21:28:45] 4489 Weapons catched 
[21:28:45] 363 ItemSets catched 
[21:28:45] 171 ItemTypes catched 
[21:28:45] 110 ItemPets catched 
[21:28:46] 2476 NpcTemplates catched 
[21:28:46] 138 NpcSpawns catched 
[21:28:46] 50 NpcItems catched 
[21:28:46] 19801 NpcMessages catched 
[21:28:46] 6 NpcReplies catched 
[21:28:46] 18 Triggers catched
[21:28:46] 59 Handlers Readed
[21:28:46] 89 Messages Readed
[21:28:47] WorldServer start in 12455 ms.
