juil. 12, 2015 11:58:26 PM com.j256.ormlite.logger.Slf4jLoggingLog log
GRAVE: WARNING: you seem to not be using the Xerial SQLite driver.  See ORMLite docs on SQLite: http://ormlite.com/docs/sqlite
[23:58:28] Map 80740865 stated nulled
[23:58:28] Map 80217606 stated nulled
[23:58:28] Map 80217606 stated nulled
[23:58:28] Map 80217606 stated nulled
[23:58:28] Map 80217606 stated nulled
[23:58:28] Map 80217606 stated nulled
[23:58:28] Map 80217606 stated nulled
[23:58:28] Map 80217606 stated nulled
[23:58:28] Map 80217606 stated nulled
[23:58:28] Map 80217606 stated nulled
[23:58:28] Map 80217606 stated nulled
[23:58:28] Map 80217606 stated nulled
[23:58:28] Map 80217606 stated nulled
[23:58:28] Map 80217606 stated nulled
[23:58:28] Map 80217606 stated nulled
[23:58:28] Map 80217607 stated nulled
[23:58:28] Map 80217607 stated nulled
[23:58:28] Map 80217607 stated nulled
[23:58:28] Map 80217607 stated nulled
[23:58:28] Map 80217607 stated nulled
[23:58:28] Map 80217607 stated nulled
[23:58:28] Map 80217607 stated nulled
[23:58:28] Map 80218119 stated nulled
[23:58:28] Map 80218119 stated nulled
[23:58:28] Map 80218119 stated nulled
[23:58:28] Map 80218119 stated nulled
[23:58:28] Map 80218119 stated nulled
[23:58:28] Map 80218119 stated nulled
[23:58:28] Map 80218119 stated nulled
[23:58:28] Map 80218119 stated nulled
[23:58:28] Map 80218118 stated nulled
[23:58:28] Map 80218118 stated nulled
[23:58:28] Map 80218118 stated nulled
[23:58:28] Map 80218118 stated nulled
[23:58:28] Map 80218118 stated nulled
[23:58:28] Map 80218118 stated nulled
[23:58:28] Map 80218118 stated nulled
[23:58:28] Map 80218118 stated nulled
[23:58:28] Map 80218118 stated nulled
[23:58:28] Map 80218630 stated nulled
[23:58:28] Map 80218630 stated nulled
[23:58:28] Map 80218630 stated nulled
[23:58:28] Map 80218629 stated nulled
[23:58:28] Map 80218629 stated nulled
[23:58:28] Map 80218629 stated nulled
[23:58:28] Map 80218629 stated nulled
[23:58:28] Map 80218629 stated nulled
[23:58:28] Map 80218117 stated nulled
[23:58:28] Map 80218117 stated nulled
[23:58:28] Map 80218117 stated nulled
[23:58:28] Map 80218117 stated nulled
[23:58:28] Map 80218117 stated nulled
[23:58:28] Map 80218117 stated nulled
[23:58:28] Map 80218117 stated nulled
[23:58:28] Map 80218117 stated nulled
[23:58:28] Map 80218117 stated nulled
[23:58:28] Map 80218117 stated nulled
[23:58:28] Map 80218117 stated nulled
[23:58:28] Map 80218117 stated nulled
[23:58:28] Map 80218117 stated nulled
[23:58:28] Map 80218117 stated nulled
[23:58:28] Map 80217605 stated nulled
[23:58:28] Map 80217605 stated nulled
[23:58:28] Map 80217605 stated nulled
[23:58:28] Map 80217605 stated nulled
[23:58:28] Map 80217605 stated nulled
[23:58:28] Map 80217605 stated nulled
[23:58:28] Map 80217605 stated nulled
[23:58:28] Map 80217605 stated nulled
[23:58:28] Map 80217605 stated nulled
[23:58:28] Map 80218627 stated nulled
[23:58:28] Map 80218627 stated nulled
[23:58:28] Map 80218627 stated nulled
[23:58:28] Map 80218627 stated nulled
[23:58:28] Map 80218627 stated nulled
[23:58:28] Map 80218627 stated nulled
[23:58:28] Map 80218627 stated nulled
[23:58:28] Map 80218627 stated nulled
[23:58:28] Map 80218627 stated nulled
[23:58:28] Map 80218627 stated nulled
[23:58:28] Map 80218627 stated nulled
[23:58:28] Map 80218627 stated nulled
[23:58:28] Map 80218627 stated nulled
[23:58:28] Map 80218627 stated nulled
[23:58:28] Map 80218627 stated nulled
[23:58:28] Map 80218627 stated nulled
[23:58:28] Map 80218627 stated nulled
[23:58:28] Map 80218627 stated nulled
[23:58:28] Map 80218627 stated nulled
[23:58:28] Map 80218627 stated nulled
[23:58:28] Map 80218627 stated nulled
[23:58:28] Map 80218627 stated nulled
[23:58:28] Map 80218627 stated nulled
[23:58:28] Map 80218627 stated nulled
[23:58:28] Map 80218627 stated nulled
[23:58:28] Map 80219139 stated nulled
[23:58:28] Map 80219139 stated nulled
[23:58:28] Map 80219139 stated nulled
[23:58:28] Map 80219139 stated nulled
[23:58:28] Map 80219139 stated nulled
[23:58:28] Map 80219139 stated nulled
[23:58:28] Map 80219139 stated nulled
[23:58:28] Map 80219139 stated nulled
[23:58:28] Map 80219139 stated nulled
[23:58:28] Map 80219139 stated nulled
[23:58:28] Map 80219139 stated nulled
[23:58:28] Map 80219139 stated nulled
[23:58:28] Map 80219139 stated nulled
[23:58:28] Map 80219139 stated nulled
[23:58:28] Map 80219139 stated nulled
[23:58:28] Map 80219139 stated nulled
[23:58:28] Map 80219139 stated nulled
[23:58:28] Map 80219139 stated nulled
[23:58:28] Map 80219139 stated nulled
[23:58:28] Map 80219139 stated nulled
[23:58:28] Map 80219139 stated nulled
[23:58:28] Map 80219139 stated nulled
[23:58:28] Map 80219139 stated nulled
[23:58:28] Map 80219139 stated nulled
[23:58:28] Map 80219139 stated nulled
[23:58:28] Map 80219651 stated nulled
[23:58:28] Map 80219651 stated nulled
[23:58:28] Map 80219651 stated nulled
[23:58:28] Map 80219651 stated nulled
[23:58:28] Map 80219651 stated nulled
[23:58:28] Map 80219651 stated nulled
[23:58:28] Map 80219651 stated nulled
[23:58:28] Map 80219651 stated nulled
[23:58:28] Map 80220162 stated nulled
[23:58:28] Map 80220162 stated nulled
[23:58:28] Map 80220162 stated nulled
[23:58:28] Map 80220162 stated nulled
[23:58:28] Map 80220162 stated nulled
[23:58:28] Map 80220162 stated nulled
[23:58:28] Map 80220162 stated nulled
[23:58:28] Map 80220162 stated nulled
[23:58:28] Map 80220162 stated nulled
[23:58:28] Map 80220674 stated nulled
[23:58:28] Map 80220674 stated nulled
[23:58:28] Map 80220674 stated nulled
[23:58:28] Map 80220674 stated nulled
[23:58:28] Map 80220674 stated nulled
[23:58:28] Map 80220674 stated nulled
[23:58:28] Map 80220674 stated nulled
[23:58:28] Map 80220674 stated nulled
[23:58:28] Map 80220674 stated nulled
[23:58:28] Map 80220161 stated nulled
[23:58:28] Map 80220161 stated nulled
[23:58:28] Map 80220161 stated nulled
[23:58:28] Map 80220161 stated nulled
[23:58:28] Map 80220161 stated nulled
[23:58:28] Map 80220161 stated nulled
[23:58:28] Map 80219650 stated nulled
[23:58:28] Map 80219650 stated nulled
[23:58:28] Map 80219650 stated nulled
[23:58:28] Map 80219650 stated nulled
[23:58:28] Map 80219650 stated nulled
[23:58:28] Map 80219650 stated nulled
[23:58:28] Map 80219650 stated nulled
[23:58:28] Map 80219650 stated nulled
[23:58:28] Map 80219650 stated nulled
[23:58:28] Map 80219650 stated nulled
[23:58:28] Map 80219650 stated nulled
[23:58:28] Map 80219650 stated nulled
[23:58:28] Map 80219650 stated nulled
[23:58:28] Map 80219650 stated nulled
[23:58:28] Map 80219650 stated nulled
[23:58:28] Map 80219650 stated nulled
[23:58:28] Map 80219650 stated nulled
[23:58:28] Map 80219650 stated nulled
[23:58:28] Map 80219650 stated nulled
[23:58:28] Map 80219650 stated nulled
[23:58:28] Map 80219650 stated nulled
[23:58:28] Map 80219650 stated nulled
[23:58:28] Map 80219650 stated nulled
[23:58:28] Map 80219650 stated nulled
[23:58:28] Map 80219650 stated nulled
[23:58:28] Map 80219650 stated nulled
[23:58:28] Map 80219138 stated nulled
[23:58:28] Map 80219138 stated nulled
[23:58:28] Map 80219138 stated nulled
[23:58:28] Map 80219138 stated nulled
[23:58:28] Map 80219138 stated nulled
[23:58:28] Map 80219138 stated nulled
[23:58:28] Map 80219138 stated nulled
[23:58:28] Map 80219138 stated nulled
[23:58:28] Map 80219138 stated nulled
[23:58:28] Map 80219138 stated nulled
[23:58:28] Map 80219138 stated nulled
[23:58:28] Map 80219138 stated nulled
[23:58:28] Map 80219138 stated nulled
[23:58:28] Map 80219138 stated nulled
[23:58:28] Map 80219138 stated nulled
[23:58:28] Map 80219138 stated nulled
[23:58:28] Map 80219138 stated nulled
[23:58:28] Map 80219138 stated nulled
[23:58:28] Map 80219138 stated nulled
[23:58:28] Map 80219138 stated nulled
[23:58:28] Map 80219138 stated nulled
[23:58:28] Map 80219138 stated nulled
[23:58:28] Map 80219138 stated nulled
[23:58:28] Map 80219138 stated nulled
[23:58:28] Map 80219138 stated nulled
[23:58:28] Map 80218114 stated nulled
[23:58:28] Map 80218114 stated nulled
[23:58:28] Map 80218114 stated nulled
[23:58:28] Map 80218114 stated nulled
[23:58:28] Map 80218113 stated nulled
[23:58:28] Map 80218113 stated nulled
[23:58:28] Map 80218113 stated nulled
[23:58:28] Map 80218113 stated nulled
[23:58:28] Map 80218113 stated nulled
[23:58:28] Map 80218625 stated nulled
[23:58:28] Map 80218625 stated nulled
[23:58:28] Map 80218625 stated nulled
[23:58:28] Map 80218625 stated nulled
[23:58:28] Map 80218625 stated nulled
[23:58:28] Map 80218625 stated nulled
[23:58:28] Map 80218625 stated nulled
[23:58:28] Map 80218625 stated nulled
[23:58:28] Map 80218625 stated nulled
[23:58:28] Map 80218625 stated nulled
[23:58:28] Map 80218625 stated nulled
[23:58:28] Map 80218625 stated nulled
[23:58:28] Map 80218625 stated nulled
[23:58:28] Map 80218625 stated nulled
[23:58:28] Map 80218625 stated nulled
[23:58:28] Map 80218625 stated nulled
[23:58:28] Map 80218625 stated nulled
[23:58:28] Map 80218625 stated nulled
[23:58:28] Map 80218625 stated nulled
[23:58:28] Map 80218625 stated nulled
[23:58:28] Map 80218625 stated nulled
[23:58:28] Map 80218625 stated nulled
[23:58:28] Map 80218625 stated nulled
[23:58:28] Map 80218625 stated nulled
[23:58:28] Map 80219137 stated nulled
[23:58:28] Map 80219137 stated nulled
[23:58:28] Map 80219137 stated nulled
[23:58:28] Map 80219137 stated nulled
[23:58:28] Map 80219137 stated nulled
[23:58:28] Map 80218112 stated nulled
[23:58:28] Map 80218112 stated nulled
[23:58:28] Map 80218112 stated nulled
[23:58:28] Map 80218112 stated nulled
[23:58:28] Map 80218112 stated nulled
[23:58:28] Map 80218112 stated nulled
[23:58:28] Map 80218369 stated nulled
[23:58:28] Map 80218369 stated nulled
[23:58:28] Map 80218369 stated nulled
[23:58:28] Map 80218369 stated nulled
[23:58:28] Map 80218369 stated nulled
[23:58:28] Map 80218369 stated nulled
[23:58:28] Map 80217857 stated nulled
[23:58:28] Map 80217857 stated nulled
[23:58:28] Map 80217857 stated nulled
[23:58:28] Map 80217857 stated nulled
[23:58:28] Map 80217857 stated nulled
[23:58:28] Map 80217857 stated nulled
[23:58:28] Map 80217857 stated nulled
[23:58:28] Map 80217857 stated nulled
[23:58:28] Map 80217857 stated nulled
[23:58:28] Map 80217857 stated nulled
[23:58:28] Map 80217857 stated nulled
[23:58:28] Map 80217857 stated nulled
[23:58:28] Map 80217600 stated nulled
[23:58:28] Map 80217600 stated nulled
[23:58:28] Map 80217600 stated nulled
[23:58:28] Map 80217600 stated nulled
[23:58:28] Map 80217600 stated nulled
[23:58:28] Map 80217600 stated nulled
[23:58:28] Map 80217609 stated nulled
[23:58:28] Map 80217609 stated nulled
[23:58:28] Map 80217096 stated nulled
[23:58:28] Map 80217096 stated nulled
[23:58:28] Map 80217096 stated nulled
[23:58:28] Map 80217096 stated nulled
[23:58:28] Map 80217097 stated nulled
[23:58:28] Map 80217097 stated nulled
[23:58:28] Map 80217097 stated nulled
[23:58:28] Map 80217098 stated nulled
[23:58:28] Map 80217095 stated nulled
[23:58:28] Map 80217095 stated nulled
[23:58:28] Map 80217095 stated nulled
[23:58:28] Map 80217095 stated nulled
[23:58:28] Map 80217094 stated nulled
[23:58:28] Map 80217094 stated nulled
[23:58:28] Map 80217094 stated nulled
[23:58:28] Map 80217094 stated nulled
[23:58:28] Map 80217093 stated nulled
[23:58:28] Map 80217093 stated nulled
[23:58:28] Map 80217093 stated nulled
[23:58:28] Map 80217093 stated nulled
[23:58:28] Map 80216581 stated nulled
[23:58:28] Map 80216581 stated nulled
[23:58:28] Map 80216581 stated nulled
[23:58:28] Map 80216581 stated nulled
[23:58:28] Map 80216582 stated nulled
[23:58:28] Map 80216582 stated nulled
[23:58:28] Map 80216582 stated nulled
[23:58:28] Map 80216582 stated nulled
[23:58:28] Map 80216582 stated nulled
[23:58:28] Map 80216582 stated nulled
[23:58:28] Map 80216583 stated nulled
[23:58:28] Map 80216583 stated nulled
[23:58:28] Map 80216583 stated nulled
[23:58:28] Map 80216583 stated nulled
[23:58:28] Map 80216584 stated nulled
[23:58:28] Map 80216584 stated nulled
[23:58:28] Map 80216584 stated nulled
[23:58:28] Map 80216585 stated nulled
[23:58:28] Map 80216585 stated nulled
[23:58:28] Map 80216585 stated nulled
[23:58:28] Map 80216071 stated nulled
[23:58:28] Map 80216071 stated nulled
[23:58:28] Map 80216071 stated nulled
[23:58:28] Map 80216070 stated nulled
[23:58:28] Map 80216070 stated nulled
[23:58:28] Map 80216070 stated nulled
[23:58:28] Map 80216070 stated nulled
[23:58:28] Map 80216069 stated nulled
[23:58:28] Map 80216069 stated nulled
[23:58:28] Map 80216069 stated nulled
[23:58:28] Map 80216072 stated nulled
[23:58:28] Map 80216072 stated nulled
[23:58:28] Map 80216072 stated nulled
[23:58:28] Map 80216073 stated nulled
[23:58:28] Map 80216073 stated nulled
[23:58:28] Map 80216073 stated nulled
[23:58:28] Map 80216074 stated nulled
[23:58:28] Map 80216074 stated nulled
[23:58:28] Map 80216074 stated nulled
[23:58:28] Map 80347655 stated nulled
[23:58:28] Map 80347655 stated nulled
[23:58:28] Map 80347655 stated nulled
[23:58:28] Map 80347655 stated nulled
[23:58:28] Map 80348167 stated nulled
[23:58:28] Map 80348167 stated nulled
[23:58:28] Map 80347654 stated nulled
[23:58:28] Map 80347654 stated nulled
[23:58:28] Map 80347654 stated nulled
[23:58:28] Map 80347653 stated nulled
[23:58:28] Map 80347653 stated nulled
[23:58:28] Map 80217608 stated nulled
[23:58:28] Map 80217608 stated nulled
[23:58:28] Map 80217608 stated nulled
[23:58:28] Map 80217608 stated nulled
[23:58:28] Map 80218121 stated nulled
[23:58:28] Map 80218122 stated nulled
[23:58:28] Map 80218122 stated nulled
[23:58:28] Map 80217090 stated nulled
[23:58:28] Map 80217090 stated nulled
[23:58:28] Map 80217090 stated nulled
[23:58:28] Map 80217090 stated nulled
[23:58:28] Map 80217090 stated nulled
[23:58:28] Map 80217090 stated nulled
[23:58:28] Map 80217091 stated nulled
[23:58:28] Map 80217091 stated nulled
[23:58:28] Map 80217091 stated nulled
[23:58:28] Map 80217091 stated nulled
[23:58:28] Map 80217089 stated nulled
[23:58:28] Map 80217089 stated nulled
[23:58:28] Map 80217089 stated nulled
[23:58:28] Map 80217089 stated nulled
[23:58:28] Map 80217089 stated nulled
[23:58:28] Map 80217089 stated nulled
[23:58:28] Map 80217088 stated nulled
[23:58:28] Map 80217088 stated nulled
[23:58:28] Map 80217088 stated nulled
[23:58:28] Map 80217088 stated nulled
[23:58:28] Map 80217088 stated nulled
[23:58:28] Map 80217088 stated nulled
[23:58:28] Map 80217345 stated nulled
[23:58:28] Map 80217345 stated nulled
[23:58:28] Map 80217345 stated nulled
[23:58:28] Map 80217345 stated nulled
[23:58:28] Map 80217345 stated nulled
[23:58:28] Map 80217345 stated nulled
[23:58:28] Map 80216833 stated nulled
[23:58:28] Map 80216833 stated nulled
[23:58:28] Map 80216833 stated nulled
[23:58:28] Map 80216833 stated nulled
[23:58:28] Map 80216833 stated nulled
[23:58:28] Map 80216833 stated nulled
[23:58:28] Map 80216833 stated nulled
[23:58:28] Map 80216576 stated nulled
[23:58:28] Map 80216576 stated nulled
[23:58:28] Map 80216576 stated nulled
[23:58:28] Map 80216576 stated nulled
[23:58:28] Map 80216576 stated nulled
[23:58:28] Map 80216576 stated nulled
[23:58:28] Map 80216576 stated nulled
[23:58:28] Map 80216577 stated nulled
[23:58:28] Map 80216577 stated nulled
[23:58:28] Map 80216577 stated nulled
[23:58:28] Map 80216577 stated nulled
[23:58:28] Map 80216577 stated nulled
[23:58:28] Map 80216577 stated nulled
[23:58:28] Map 80216065 stated nulled
[23:58:28] Map 80216065 stated nulled
[23:58:28] Map 80216065 stated nulled
[23:58:28] Map 80216065 stated nulled
[23:58:28] Map 80216065 stated nulled
[23:58:28] Map 80216064 stated nulled
[23:58:28] Map 80216064 stated nulled
[23:58:28] Map 80216064 stated nulled
[23:58:28] Map 80216064 stated nulled
[23:58:28] Map 80216064 stated nulled
[23:58:28] Map 80216064 stated nulled
[23:58:28] Map 80216064 stated nulled
[23:58:28] Map 80216064 stated nulled
[23:58:28] Map 80347650 stated nulled
[23:58:28] Map 80347650 stated nulled
[23:58:28] Map 80347650 stated nulled
[23:58:28] Map 80347650 stated nulled
[23:58:28] Map 80347649 stated nulled
[23:58:28] Map 80347649 stated nulled
[23:58:28] Map 80347649 stated nulled
[23:58:28] Map 80347649 stated nulled
[23:58:28] Map 80347649 stated nulled
[23:58:28] Map 80347648 stated nulled
[23:58:28] Map 80347648 stated nulled
[23:58:28] Map 80347648 stated nulled
[23:58:28] Map 80347648 stated nulled
[23:58:28] Map 80347648 stated nulled
[23:58:28] Map 80347648 stated nulled
[23:58:28] Map 81529345 stated nulled
[23:58:28] Map 81529345 stated nulled
[23:58:28] Map 81529345 stated nulled
[23:58:28] Map 81529345 stated nulled
[23:58:28] Map 81529345 stated nulled
[23:58:28] Map 81529345 stated nulled
[23:58:28] Map 81529345 stated nulled
[23:58:28] Map 81529345 stated nulled
[23:58:28] Map 81529345 stated nulled
[23:58:28] Map 80218116 stated nulled
[23:58:28] Map 80218116 stated nulled
[23:58:28] Map 80216586 stated nulled
[23:58:28] Map 80216586 stated nulled
[23:58:28] Map 80218633 stated nulled
[23:58:28] Map 80218634 stated nulled
[23:58:28] Map 80218624 stated nulled
[23:58:28] Map 80218624 stated nulled
[23:58:28] Map 80218624 stated nulled
[23:58:28] Map 80218624 stated nulled
[23:58:28] Map 80218624 stated nulled
[23:58:28] Map 80218624 stated nulled
[23:58:28] Map 80218624 stated nulled
[23:58:28] Map 80218624 stated nulled
[23:58:28] Map 80218624 stated nulled
[23:58:28] Map 80218624 stated nulled
[23:58:28] Map 80218624 stated nulled
[23:58:28] Map 80218628 stated nulled
[23:58:28] Map 80219136 stated nulled
[23:58:28] Map 80219136 stated nulled
[23:58:28] Map 80219136 stated nulled
[23:58:28] Map 80219136 stated nulled
[23:58:28] Map 80219136 stated nulled
[23:58:28] Map 80219136 stated nulled
[23:58:28] Map 80219136 stated nulled
[23:58:28] Map 80219136 stated nulled
[23:58:28] Map 80216064 element nulled
[23:58:28] Map 80216064 element nulled
[23:58:28] Map 80216064 element nulled
[23:58:28] Map 80216064 element nulled
[23:58:28] Map 80216064 element nulled
[23:58:28] Map 80216064 element nulled
[23:58:28] Map 80216064 element nulled
[23:58:28] Map 80216064 element nulled
[23:58:28] Map 80216064 element nulled
[23:58:28] Map 80216065 element nulled
[23:58:28] Map 80216065 element nulled
[23:58:28] Map 80216065 element nulled
[23:58:28] Map 80216065 element nulled
[23:58:28] Map 80216065 element nulled
[23:58:28] Map 80216066 element nulled
[23:58:28] Map 80216066 element nulled
[23:58:28] Map 80216068 element nulled
[23:58:28] Map 80216069 element nulled
[23:58:28] Map 80216069 element nulled
[23:58:28] Map 80216069 element nulled
[23:58:28] Map 80216070 element nulled
[23:58:28] Map 80216070 element nulled
[23:58:28] Map 80216070 element nulled
[23:58:28] Map 80216070 element nulled
[23:58:28] Map 80216071 element nulled
[23:58:28] Map 80216071 element nulled
[23:58:28] Map 80216071 element nulled
[23:58:28] Map 80216072 element nulled
[23:58:28] Map 80216072 element nulled
[23:58:28] Map 80216072 element nulled
[23:58:28] Map 80216073 element nulled
[23:58:28] Map 80216073 element nulled
[23:58:28] Map 80216073 element nulled
[23:58:28] Map 80216074 element nulled
[23:58:28] Map 80216074 element nulled
[23:58:28] Map 80216074 element nulled
[23:58:28] Map 80216576 element nulled
[23:58:28] Map 80216576 element nulled
[23:58:28] Map 80216576 element nulled
[23:58:28] Map 80216576 element nulled
[23:58:28] Map 80216576 element nulled
[23:58:28] Map 80216576 element nulled
[23:58:28] Map 80216576 element nulled
[23:58:28] Map 80216577 element nulled
[23:58:28] Map 80216577 element nulled
[23:58:28] Map 80216577 element nulled
[23:58:28] Map 80216577 element nulled
[23:58:28] Map 80216577 element nulled
[23:58:28] Map 80216577 element nulled
[23:58:28] Map 80216578 element nulled
[23:58:28] Map 80216580 element nulled
[23:58:28] Map 80216581 element nulled
[23:58:28] Map 80216581 element nulled
[23:58:28] Map 80216581 element nulled
[23:58:28] Map 80216581 element nulled
[23:58:28] Map 80216582 element nulled
[23:58:28] Map 80216582 element nulled
[23:58:28] Map 80216582 element nulled
[23:58:28] Map 80216582 element nulled
[23:58:28] Map 80216582 element nulled
[23:58:28] Map 80216582 element nulled
[23:58:28] Map 80216583 element nulled
[23:58:28] Map 80216583 element nulled
[23:58:28] Map 80216583 element nulled
[23:58:28] Map 80216583 element nulled
[23:58:28] Map 80216584 element nulled
[23:58:28] Map 80216584 element nulled
[23:58:28] Map 80216584 element nulled
[23:58:28] Map 80216585 element nulled
[23:58:28] Map 80216585 element nulled
[23:58:28] Map 80216585 element nulled
[23:58:28] Map 80216586 element nulled
[23:58:28] Map 80216586 element nulled
[23:58:28] Map 80216833 element nulled
[23:58:28] Map 80216833 element nulled
[23:58:28] Map 80216833 element nulled
[23:58:28] Map 80216833 element nulled
[23:58:28] Map 80216833 element nulled
[23:58:28] Map 80216833 element nulled
[23:58:28] Map 80216833 element nulled
[23:58:28] Map 80216833 element nulled
[23:58:28] Map 80217088 element nulled
[23:58:28] Map 80217088 element nulled
[23:58:28] Map 80217088 element nulled
[23:58:28] Map 80217088 element nulled
[23:58:28] Map 80217088 element nulled
[23:58:28] Map 80217088 element nulled
[23:58:28] Map 80217089 element nulled
[23:58:28] Map 80217089 element nulled
[23:58:28] Map 80217089 element nulled
[23:58:28] Map 80217089 element nulled
[23:58:28] Map 80217089 element nulled
[23:58:28] Map 80217089 element nulled
[23:58:28] Map 80217090 element nulled
[23:58:28] Map 80217090 element nulled
[23:58:28] Map 80217090 element nulled
[23:58:28] Map 80217090 element nulled
[23:58:28] Map 80217090 element nulled
[23:58:28] Map 80217090 element nulled
[23:58:28] Map 80217091 element nulled
[23:58:28] Map 80217091 element nulled
[23:58:28] Map 80217091 element nulled
[23:58:28] Map 80217091 element nulled
[23:58:28] Map 80217093 element nulled
[23:58:28] Map 80217093 element nulled
[23:58:28] Map 80217093 element nulled
[23:58:28] Map 80217093 element nulled
[23:58:28] Map 80217094 element nulled
[23:58:28] Map 80217094 element nulled
[23:58:28] Map 80217094 element nulled
[23:58:28] Map 80217094 element nulled
[23:58:28] Map 80217095 element nulled
[23:58:28] Map 80217095 element nulled
[23:58:28] Map 80217095 element nulled
[23:58:28] Map 80217095 element nulled
[23:58:28] Map 80217096 element nulled
[23:58:28] Map 80217096 element nulled
[23:58:28] Map 80217096 element nulled
[23:58:28] Map 80217096 element nulled
[23:58:28] Map 80217096 element nulled
[23:58:28] Map 80217097 element nulled
[23:58:28] Map 80217097 element nulled
[23:58:28] Map 80217097 element nulled
[23:58:28] Map 80217098 element nulled
[23:58:28] Map 80217098 element nulled
[23:58:28] Map 80217345 element nulled
[23:58:28] Map 80217345 element nulled
[23:58:28] Map 80217345 element nulled
[23:58:28] Map 80217345 element nulled
[23:58:28] Map 80217345 element nulled
[23:58:28] Map 80217345 element nulled
[23:58:28] Map 80217600 element nulled
[23:58:28] Map 80217600 element nulled
[23:58:28] Map 80217600 element nulled
[23:58:28] Map 80217600 element nulled
[23:58:28] Map 80217600 element nulled
[23:58:28] Map 80217600 element nulled
[23:58:28] Map 80217605 element nulled
[23:58:28] Map 80217605 element nulled
[23:58:28] Map 80217605 element nulled
[23:58:28] Map 80217605 element nulled
[23:58:28] Map 80217605 element nulled
[23:58:28] Map 80217605 element nulled
[23:58:28] Map 80217605 element nulled
[23:58:28] Map 80217605 element nulled
[23:58:28] Map 80217605 element nulled
[23:58:28] Map 80217606 element nulled
[23:58:28] Map 80217606 element nulled
[23:58:28] Map 80217606 element nulled
[23:58:28] Map 80217606 element nulled
[23:58:28] Map 80217606 element nulled
[23:58:28] Map 80217606 element nulled
[23:58:28] Map 80217606 element nulled
[23:58:28] Map 80217606 element nulled
[23:58:28] Map 80217606 element nulled
[23:58:28] Map 80217606 element nulled
[23:58:28] Map 80217606 element nulled
[23:58:28] Map 80217606 element nulled
[23:58:28] Map 80217606 element nulled
[23:58:28] Map 80217606 element nulled
[23:58:28] Map 80217607 element nulled
[23:58:28] Map 80217607 element nulled
[23:58:28] Map 80217607 element nulled
[23:58:28] Map 80217607 element nulled
[23:58:28] Map 80217607 element nulled
[23:58:28] Map 80217607 element nulled
[23:58:28] Map 80217607 element nulled
[23:58:28] Map 80217608 element nulled
[23:58:28] Map 80217608 element nulled
[23:58:28] Map 80217608 element nulled
[23:58:28] Map 80217608 element nulled
[23:58:28] Map 80217609 element nulled
[23:58:28] Map 80217609 element nulled
[23:58:28] Map 80217857 element nulled
[23:58:28] Map 80217857 element nulled
[23:58:28] Map 80217857 element nulled
[23:58:28] Map 80217857 element nulled
[23:58:28] Map 80217857 element nulled
[23:58:28] Map 80217857 element nulled
[23:58:28] Map 80217857 element nulled
[23:58:28] Map 80217857 element nulled
[23:58:28] Map 80217857 element nulled
[23:58:28] Map 80217857 element nulled
[23:58:28] Map 80217857 element nulled
[23:58:28] Map 80217857 element nulled
[23:58:28] Map 80218112 element nulled
[23:58:28] Map 80218112 element nulled
[23:58:28] Map 80218112 element nulled
[23:58:28] Map 80218112 element nulled
[23:58:28] Map 80218112 element nulled
[23:58:28] Map 80218112 element nulled
[23:58:28] Map 80218113 element nulled
[23:58:28] Map 80218113 element nulled
[23:58:28] Map 80218113 element nulled
[23:58:28] Map 80218113 element nulled
[23:58:28] Map 80218113 element nulled
[23:58:28] Map 80218114 element nulled
[23:58:28] Map 80218114 element nulled
[23:58:28] Map 80218114 element nulled
[23:58:28] Map 80218114 element nulled
[23:58:28] Map 80218116 element nulled
[23:58:28] Map 80218116 element nulled
[23:58:28] Map 80218116 element nulled
[23:58:28] Map 80218116 element nulled
[23:58:28] Map 80218117 element nulled
[23:58:28] Map 80218117 element nulled
[23:58:28] Map 80218117 element nulled
[23:58:28] Map 80218117 element nulled
[23:58:28] Map 80218117 element nulled
[23:58:28] Map 80218117 element nulled
[23:58:28] Map 80218117 element nulled
[23:58:28] Map 80218117 element nulled
[23:58:28] Map 80218117 element nulled
[23:58:28] Map 80218117 element nulled
[23:58:28] Map 80218117 element nulled
[23:58:28] Map 80218117 element nulled
[23:58:28] Map 80218117 element nulled
[23:58:28] Map 80218117 element nulled
[23:58:28] Map 80218118 element nulled
[23:58:28] Map 80218118 element nulled
[23:58:28] Map 80218118 element nulled
[23:58:28] Map 80218118 element nulled
[23:58:28] Map 80218118 element nulled
[23:58:28] Map 80218118 element nulled
[23:58:28] Map 80218118 element nulled
[23:58:28] Map 80218118 element nulled
[23:58:28] Map 80218118 element nulled
[23:58:28] Map 80218119 element nulled
[23:58:28] Map 80218119 element nulled
[23:58:28] Map 80218119 element nulled
[23:58:28] Map 80218119 element nulled
[23:58:28] Map 80218119 element nulled
[23:58:28] Map 80218119 element nulled
[23:58:28] Map 80218119 element nulled
[23:58:28] Map 80218119 element nulled
[23:58:28] Map 80218121 element nulled
[23:58:28] Map 80218122 element nulled
[23:58:28] Map 80218122 element nulled
[23:58:28] Map 80218369 element nulled
[23:58:28] Map 80218369 element nulled
[23:58:28] Map 80218369 element nulled
[23:58:28] Map 80218369 element nulled
[23:58:28] Map 80218369 element nulled
[23:58:28] Map 80218369 element nulled
[23:58:28] Map 80218624 element nulled
[23:58:28] Map 80218624 element nulled
[23:58:28] Map 80218624 element nulled
[23:58:28] Map 80218624 element nulled
[23:58:28] Map 80218624 element nulled
[23:58:28] Map 80218624 element nulled
[23:58:28] Map 80218624 element nulled
[23:58:28] Map 80218624 element nulled
[23:58:28] Map 80218624 element nulled
[23:58:28] Map 80218624 element nulled
[23:58:28] Map 80218624 element nulled
[23:58:28] Map 80218625 element nulled
[23:58:28] Map 80218625 element nulled
[23:58:28] Map 80218625 element nulled
[23:58:28] Map 80218625 element nulled
[23:58:28] Map 80218625 element nulled
[23:58:28] Map 80218625 element nulled
[23:58:28] Map 80218625 element nulled
[23:58:28] Map 80218625 element nulled
[23:58:28] Map 80218625 element nulled
[23:58:28] Map 80218625 element nulled
[23:58:28] Map 80218625 element nulled
[23:58:28] Map 80218625 element nulled
[23:58:28] Map 80218625 element nulled
[23:58:28] Map 80218625 element nulled
[23:58:28] Map 80218625 element nulled
[23:58:28] Map 80218625 element nulled
[23:58:28] Map 80218625 element nulled
[23:58:28] Map 80218625 element nulled
[23:58:28] Map 80218625 element nulled
[23:58:28] Map 80218625 element nulled
[23:58:28] Map 80218625 element nulled
[23:58:28] Map 80218625 element nulled
[23:58:28] Map 80218625 element nulled
[23:58:28] Map 80218625 element nulled
[23:58:28] Map 80218626 element nulled
[23:58:28] Map 80218627 element nulled
[23:58:28] Map 80218627 element nulled
[23:58:28] Map 80218627 element nulled
[23:58:28] Map 80218627 element nulled
[23:58:28] Map 80218627 element nulled
[23:58:28] Map 80218627 element nulled
[23:58:28] Map 80218627 element nulled
[23:58:28] Map 80218627 element nulled
[23:58:28] Map 80218627 element nulled
[23:58:28] Map 80218627 element nulled
[23:58:28] Map 80218627 element nulled
[23:58:28] Map 80218627 element nulled
[23:58:28] Map 80218627 element nulled
[23:58:28] Map 80218627 element nulled
[23:58:28] Map 80218627 element nulled
[23:58:28] Map 80218627 element nulled
[23:58:28] Map 80218627 element nulled
[23:58:28] Map 80218627 element nulled
[23:58:28] Map 80218627 element nulled
[23:58:28] Map 80218627 element nulled
[23:58:28] Map 80218627 element nulled
[23:58:28] Map 80218627 element nulled
[23:58:28] Map 80218627 element nulled
[23:58:28] Map 80218627 element nulled
[23:58:28] Map 80218627 element nulled
[23:58:28] Map 80218627 element nulled
[23:58:28] Map 80218628 element nulled
[23:58:28] Map 80218629 element nulled
[23:58:28] Map 80218629 element nulled
[23:58:28] Map 80218629 element nulled
[23:58:28] Map 80218629 element nulled
[23:58:28] Map 80218629 element nulled
[23:58:28] Map 80218630 element nulled
[23:58:28] Map 80218630 element nulled
[23:58:28] Map 80218630 element nulled
[23:58:28] Map 80218631 element nulled
[23:58:28] Map 80218633 element nulled
[23:58:28] Map 80218634 element nulled
[23:58:28] Map 80219136 element nulled
[23:58:28] Map 80219136 element nulled
[23:58:28] Map 80219136 element nulled
[23:58:28] Map 80219136 element nulled
[23:58:28] Map 80219136 element nulled
[23:58:28] Map 80219136 element nulled
[23:58:28] Map 80219136 element nulled
[23:58:28] Map 80219136 element nulled
[23:58:28] Map 80219137 element nulled
[23:58:28] Map 80219137 element nulled
[23:58:28] Map 80219137 element nulled
[23:58:28] Map 80219137 element nulled
[23:58:28] Map 80219137 element nulled
[23:58:28] Map 80219137 element nulled
[23:58:28] Map 80219138 element nulled
[23:58:28] Map 80219138 element nulled
[23:58:28] Map 80219138 element nulled
[23:58:28] Map 80219138 element nulled
[23:58:28] Map 80219138 element nulled
[23:58:28] Map 80219138 element nulled
[23:58:28] Map 80219138 element nulled
[23:58:28] Map 80219138 element nulled
[23:58:28] Map 80219138 element nulled
[23:58:28] Map 80219138 element nulled
[23:58:28] Map 80219138 element nulled
[23:58:28] Map 80219138 element nulled
[23:58:28] Map 80219138 element nulled
[23:58:28] Map 80219138 element nulled
[23:58:28] Map 80219138 element nulled
[23:58:28] Map 80219138 element nulled
[23:58:28] Map 80219138 element nulled
[23:58:28] Map 80219138 element nulled
[23:58:28] Map 80219138 element nulled
[23:58:28] Map 80219138 element nulled
[23:58:28] Map 80219138 element nulled
[23:58:28] Map 80219138 element nulled
[23:58:28] Map 80219138 element nulled
[23:58:28] Map 80219138 element nulled
[23:58:28] Map 80219138 element nulled
[23:58:28] Map 80219139 element nulled
[23:58:28] Map 80219139 element nulled
[23:58:28] Map 80219139 element nulled
[23:58:28] Map 80219139 element nulled
[23:58:28] Map 80219139 element nulled
[23:58:28] Map 80219139 element nulled
[23:58:28] Map 80219139 element nulled
[23:58:28] Map 80219139 element nulled
[23:58:28] Map 80219139 element nulled
[23:58:28] Map 80219139 element nulled
[23:58:28] Map 80219139 element nulled
[23:58:28] Map 80219139 element nulled
[23:58:28] Map 80219139 element nulled
[23:58:28] Map 80219139 element nulled
[23:58:28] Map 80219139 element nulled
[23:58:28] Map 80219139 element nulled
[23:58:28] Map 80219139 element nulled
[23:58:28] Map 80219139 element nulled
[23:58:28] Map 80219139 element nulled
[23:58:28] Map 80219139 element nulled
[23:58:28] Map 80219139 element nulled
[23:58:28] Map 80219139 element nulled
[23:58:28] Map 80219139 element nulled
[23:58:28] Map 80219139 element nulled
[23:58:28] Map 80219139 element nulled
[23:58:28] Map 80219143 element nulled
[23:58:28] Map 80219650 element nulled
[23:58:28] Map 80219650 element nulled
[23:58:28] Map 80219650 element nulled
[23:58:28] Map 80219650 element nulled
[23:58:28] Map 80219650 element nulled
[23:58:28] Map 80219650 element nulled
[23:58:28] Map 80219650 element nulled
[23:58:28] Map 80219650 element nulled
[23:58:28] Map 80219650 element nulled
[23:58:28] Map 80219650 element nulled
[23:58:28] Map 80219650 element nulled
[23:58:28] Map 80219650 element nulled
[23:58:28] Map 80219650 element nulled
[23:58:28] Map 80219650 element nulled
[23:58:28] Map 80219650 element nulled
[23:58:28] Map 80219650 element nulled
[23:58:28] Map 80219650 element nulled
[23:58:28] Map 80219650 element nulled
[23:58:28] Map 80219650 element nulled
[23:58:28] Map 80219650 element nulled
[23:58:28] Map 80219650 element nulled
[23:58:28] Map 80219650 element nulled
[23:58:28] Map 80219650 element nulled
[23:58:28] Map 80219650 element nulled
[23:58:28] Map 80219650 element nulled
[23:58:28] Map 80219650 element nulled
[23:58:28] Map 80219651 element nulled
[23:58:28] Map 80219651 element nulled
[23:58:28] Map 80219651 element nulled
[23:58:28] Map 80219651 element nulled
[23:58:28] Map 80219651 element nulled
[23:58:28] Map 80219651 element nulled
[23:58:28] Map 80219651 element nulled
[23:58:28] Map 80219651 element nulled
[23:58:28] Map 80219653 element nulled
[23:58:28] Map 80219653 element nulled
[23:58:28] Map 80220160 element nulled
[23:58:28] Map 80220161 element nulled
[23:58:28] Map 80220161 element nulled
[23:58:28] Map 80220161 element nulled
[23:58:28] Map 80220161 element nulled
[23:58:28] Map 80220161 element nulled
[23:58:28] Map 80220161 element nulled
[23:58:28] Map 80220162 element nulled
[23:58:28] Map 80220162 element nulled
[23:58:28] Map 80220162 element nulled
[23:58:28] Map 80220162 element nulled
[23:58:28] Map 80220162 element nulled
[23:58:28] Map 80220162 element nulled
[23:58:28] Map 80220162 element nulled
[23:58:28] Map 80220162 element nulled
[23:58:28] Map 80220162 element nulled
[23:58:28] Map 80220163 element nulled
[23:58:28] Map 80220164 element nulled
[23:58:28] Map 80220673 element nulled
[23:58:28] Map 80220674 element nulled
[23:58:28] Map 80220674 element nulled
[23:58:28] Map 80220674 element nulled
[23:58:28] Map 80220674 element nulled
[23:58:28] Map 80220674 element nulled
[23:58:28] Map 80220674 element nulled
[23:58:28] Map 80220674 element nulled
[23:58:28] Map 80220674 element nulled
[23:58:28] Map 80220674 element nulled
[23:58:28] Map 80347648 element nulled
[23:58:28] Map 80347648 element nulled
[23:58:28] Map 80347648 element nulled
[23:58:28] Map 80347648 element nulled
[23:58:28] Map 80347648 element nulled
[23:58:28] Map 80347648 element nulled
[23:58:28] Map 80347648 element nulled
[23:58:28] Map 80347649 element nulled
[23:58:28] Map 80347649 element nulled
[23:58:28] Map 80347649 element nulled
[23:58:28] Map 80347649 element nulled
[23:58:28] Map 80347649 element nulled
[23:58:28] Map 80347650 element nulled
[23:58:28] Map 80347650 element nulled
[23:58:28] Map 80347650 element nulled
[23:58:28] Map 80347650 element nulled
[23:58:28] Map 80347651 element nulled
[23:58:28] Map 80347653 element nulled
[23:58:28] Map 80347653 element nulled
[23:58:28] Map 80347653 element nulled
[23:58:28] Map 80347654 element nulled
[23:58:28] Map 80347654 element nulled
[23:58:28] Map 80347654 element nulled
[23:58:28] Map 80347655 element nulled
[23:58:28] Map 80347655 element nulled
[23:58:28] Map 80347655 element nulled
[23:58:28] Map 80347655 element nulled
[23:58:28] Map 80348167 element nulled
[23:58:28] Map 80348167 element nulled
[23:58:28] Map 80348167 element nulled
[23:58:28] Map 80740865 element nulled
[23:58:28] Map 81269763 element nulled
[23:58:28] Map 81270787 element nulled
[23:58:28] Map 81527297 element nulled
[23:58:28] Map 81527297 element nulled
[23:58:28] Map 81527299 element nulled
[23:58:28] Map 81527299 element nulled
[23:58:28] Map 81527299 element nulled
[23:58:28] Map 81528321 element nulled
[23:58:28] Map 81529345 element nulled
[23:58:28] Map 81529345 element nulled
[23:58:28] Map 81529345 element nulled
[23:58:28] Map 81529345 element nulled
[23:58:28] Map 81529345 element nulled
[23:58:28] Map 81529345 element nulled
[23:58:28] Map 81529345 element nulled
[23:58:28] Map 81529345 element nulled
[23:58:28] Map 81529345 element nulled
[23:58:28] Map 81529345 element nulled
[23:58:28] Map 81529345 element nulled
[23:58:28] Map 855946248 Door nulled
[23:58:28] Map -2130444072 Door nulled
[23:58:28] Map -2130444286 Door nulled
[23:58:28] Map 838891520 Door nulled
[23:58:28] Map 788529721 Door nulled
[23:58:28] Map 822084149 Door nulled
[23:58:28] Map -2130444244 Door nulled
[23:58:28] Map -2130444286 Door nulled
[23:58:28] Map -16580400 Door nulled
[23:58:28] Map -16580400 Door nulled
[23:58:28] Map -16580606 Door nulled
[23:58:28] Map -1560213768 Door nulled
[23:58:28] Map -1560213924 Door nulled
[23:58:28] Map -1593768356 Door nulled
[23:58:28] Map -1593768356 Door nulled
[23:58:28] Map -1593768356 Door nulled
[23:58:28] Map -1593768356 Door nulled
[23:58:28] Map 100925448 Door nulled
[23:58:28] Map 100925456 Door nulled
[23:58:28] Map 100925448 Door nulled
[23:58:28] Map -1962670046 Door nulled
[23:58:28] Map -1459485284 Door nulled
[23:58:28] Map -1459485284 Door nulled
[23:58:28] Map 80740865 Door nulled
[23:58:28] Map -402585780 Door nulled
[23:58:28] Map -16580400 Door nulled
[23:58:28] Map -1945894910 Door nulled
[23:58:28] Map -16580400 Door nulled
[23:58:28] Map -1593768356 Door nulled
[23:58:28] Map -1945828550 Door nulled
[23:58:28] Map 80218626 Door nulled
[23:58:28] Map 81527299 Door nulled
[23:58:28] Map 80216064 Door nulled
[23:58:28] Map 80216066 Door nulled
[23:58:28] Map 80216066 Door nulled
[23:58:28] Map 80216068 Door nulled
[23:58:28] Map -16580606 Door nulled
[23:58:28] Map -1744699390 Door nulled
[23:58:28] Map -972880716 Door nulled
[23:58:28] Map -972880716 Door nulled
[23:58:28] Map -989657932 Door nulled
[23:58:28] Map -989657932 Door nulled
[23:58:28] Map 537229314 Door nulled
[23:58:28] Map 537229314 Door nulled
[23:58:28] Map 537247750 Door nulled
[23:58:28] Map 537247746 Door nulled
[23:58:28] Map 81527297 Door nulled
[23:58:28] Map 81528321 Door nulled
[23:58:28] Map 81527297 Door nulled
[23:58:28] Map 80218116 Door nulled
[23:58:28] Map -1593440512 Door nulled
[23:58:28] Map -1593440512 Door nulled
[23:58:28] Map -1241447288 Door nulled
[23:58:28] Map -1241447288 Door nulled
[23:58:28] Map -1593768356 Door nulled
[23:58:28] Map -1543436708 Door nulled
[23:58:28] Map -1576990984 Door nulled
[23:58:28] Map -1543436708 Door nulled
[23:58:28] Map -1543436708 Door nulled
[23:58:28] Map 1594166274 Door nulled
[23:58:28] Map 1594163212 Door nulled
[23:58:28] Map 1594098688 Door nulled
[23:58:28] Map 1594166278 Door nulled
[23:58:28] Map 1594312706 Door nulled
[23:58:28] Map 1594312714 Door nulled
[23:58:28] Map 1594166280 Door nulled
[23:58:28] Map 1594161160 Door nulled
[23:58:28] Map 554225682 Door nulled
[23:58:28] Map 554233864 Door nulled
[23:58:28] Map 554225676 Door nulled
[23:58:28] Map 554233868 Door nulled
[23:58:28] Map 80216578 Door nulled
[23:58:28] Map 81270787 Door nulled
java.lang.NumberFormatException: For input string: "20:20:1:1:1:1:1"
	at java.lang.NumberFormatException.forInputString(NumberFormatException.java:65)
	at java.lang.Integer.parseInt(Integer.java:580)
	at java.lang.Integer.parseInt(Integer.java:615)
	at koh.game.dao.ItemDAO$2.<init>(ItemDAO.java:272)
	at koh.game.dao.ItemDAO.FindPets(ItemDAO.java:242)
	at koh.game.MySQL.LoadCache(MySQL.java:213)
	at koh.game.Main.main(Main.java:52)
