[00:12:36] MySQL Database Connected
[00:12:36] 16 Breeds catched
[00:12:36] 256 Heads catched
[00:12:36] 561 Effects catched
[00:12:36] 4 SuperAreas catched
[00:12:36] 48 Areas catched
[00:12:37] 334 SubAreas catched
[00:12:38] 11267 DofusMaps catched
[00:12:38] 9761 StatedElements catched
[00:12:38] 13349 InteractiveElements catched
[00:12:38] 1485 HouseInformations catched
[00:12:38] 556 InteractiveDoors catched
[00:12:38] 3530 MapPositions uncatched
[00:12:38] 14681 MapPositions catched
[00:12:38] 42 MapZaaps catched
[00:12:38] 79 MapSubways catched
[00:12:38] 15228 SpellLevels catched 
[00:12:38] 4772 Spells catched 
[00:12:38] 316 GuildEmblems catched 
[00:12:38] 1179 LearnableSpells catched 
[00:12:38] 9780 ItemTemplates catched 
[00:12:38] 4489 Weapons catched 
[00:12:38] 363 ItemSets catched 
[00:12:38] 171 ItemTypes catched 
[00:12:38] 110 ItemPets catched 
[00:12:39] 2476 NpcTemplates catched 
[00:12:39] 787 NpcSpawns catched 
[00:12:39] 94 NpcItems catched 
[00:12:39] 19801 NpcMessages catched 
[00:12:39] 7 NpcReplies catched 
[00:12:39] 353 Triggers catched
[00:12:39] 1277 Paddocks catched
[00:12:39] 72 Mounts catched
[00:12:39] 3 Guild catched
[00:12:39] 2 GuildMembers catched
[00:12:39] 11 GatheringJob LevelInfos catched
[00:12:39] 233 InteractiveSkills LevelInfos catched
[00:12:40] 128 Handlers Readed
[00:12:40] 175 Messages Readed
[00:12:40] WorldServer start in 4893 ms.
[00:52:35] MySQL Database Connected
[00:52:35] 16 Breeds catched
[00:52:35] 256 Heads catched
[00:52:35] 561 Effects catched
[00:52:35] 4 SuperAreas catched
[00:52:35] 48 Areas catched
[00:52:36] 334 SubAreas catched
[00:52:37] 11267 DofusMaps catched
[00:52:37] 9761 StatedElements catched
[00:52:37] 13349 InteractiveElements catched
[00:52:37] 1485 HouseInformations catched
[00:52:37] 556 InteractiveDoors catched
[00:52:37] 3530 MapPositions uncatched
[00:52:37] 14681 MapPositions catched
[00:52:37] 42 MapZaaps catched
[00:52:37] 79 MapSubways catched
[00:52:37] 15228 SpellLevels catched 
[00:52:37] 4772 Spells catched 
[00:52:37] 316 GuildEmblems catched 
[00:52:37] 1179 LearnableSpells catched 
[00:52:37] 9780 ItemTemplates catched 
[00:52:38] 4489 Weapons catched 
[00:52:38] 363 ItemSets catched 
[00:52:38] 171 ItemTypes catched 
[00:52:38] 110 ItemPets catched 
[00:52:38] 2476 NpcTemplates catched 
[00:52:38] 787 NpcSpawns catched 
[00:52:38] 94 NpcItems catched 
[00:52:38] 19801 NpcMessages catched 
[00:52:38] 7 NpcReplies catched 
[00:52:38] 353 Triggers catched
[00:52:38] 1277 Paddocks catched
[00:52:38] 72 Mounts catched
[00:52:38] 3 Guild catched
[00:52:38] 2 GuildMembers catched
[00:52:38] 11 GatheringJob LevelInfos catched
[00:52:38] 233 InteractiveSkills LevelInfos catched
[00:52:39] 128 Handlers Readed
[00:52:39] 175 Messages Readed
[00:52:39] WorldServer start in 4936 ms.
[01:07:24] MySQL Database Connected
[01:07:24] 16 Breeds catched
[01:07:24] 256 Heads catched
[01:07:24] 561 Effects catched
[01:07:25] 4 SuperAreas catched
[01:07:25] 48 Areas catched
[01:07:26] 334 SubAreas catched
[01:07:27] 11267 DofusMaps catched
[01:07:27] 9761 StatedElements catched
[01:07:27] 13349 InteractiveElements catched
[01:07:27] 1485 HouseInformations catched
[01:07:27] 556 InteractiveDoors catched
[01:07:27] 3530 MapPositions uncatched
[01:07:27] 14681 MapPositions catched
[01:07:27] 42 MapZaaps catched
[01:07:27] 79 MapSubways catched
[01:07:27] 15228 SpellLevels catched 
[01:07:27] 4772 Spells catched 
[01:07:27] 316 GuildEmblems catched 
[01:07:27] 1179 LearnableSpells catched 
[01:07:27] 9780 ItemTemplates catched 
[01:07:27] 4489 Weapons catched 
[01:07:27] 363 ItemSets catched 
[01:07:27] 171 ItemTypes catched 
[01:07:27] 110 ItemPets catched 
[01:07:28] 2476 NpcTemplates catched 
[01:07:28] 787 NpcSpawns catched 
[01:07:28] 94 NpcItems catched 
[01:07:28] 19801 NpcMessages catched 
[01:07:28] 7 NpcReplies catched 
[01:07:28] 353 Triggers catched
[01:07:28] 1277 Paddocks catched
[01:07:28] 72 Mounts catched
[01:07:28] 3 Guild catched
[01:07:28] 2 GuildMembers catched
[01:07:28] 11 GatheringJob LevelInfos catched
[01:07:28] 233 InteractiveSkills LevelInfos catched
[01:07:28] 128 Handlers Readed
[01:07:29] 175 Messages Readed
[01:07:29] WorldServer start in 4891 ms.
[10:32:41] MySQL Database Connected
[10:32:41] 16 Breeds catched
[10:32:41] 256 Heads catched
[10:32:41] 561 Effects catched
[10:32:42] 4 SuperAreas catched
[10:32:42] 48 Areas catched
[10:32:43] 334 SubAreas catched
[10:32:43] 11267 DofusMaps catched
[10:32:43] 9761 StatedElements catched
[10:32:43] 13349 InteractiveElements catched
[10:32:43] 1485 HouseInformations catched
[10:32:43] 556 InteractiveDoors catched
[10:32:44] 3530 MapPositions uncatched
[10:32:44] 14681 MapPositions catched
[10:32:44] 42 MapZaaps catched
[10:32:44] 79 MapSubways catched
[10:32:44] 15228 SpellLevels catched 
[10:32:44] 4772 Spells catched 
[10:32:44] 316 GuildEmblems catched 
[10:32:44] 1179 LearnableSpells catched 
[10:32:44] 9780 ItemTemplates catched 
[10:32:44] 4489 Weapons catched 
[10:32:44] 363 ItemSets catched 
[10:32:44] 171 ItemTypes catched 
[10:32:44] 110 ItemPets catched 
[10:32:45] 2476 NpcTemplates catched 
[10:32:45] 787 NpcSpawns catched 
[10:32:45] 94 NpcItems catched 
[10:32:45] 19801 NpcMessages catched 
[10:32:45] 7 NpcReplies catched 
[10:32:45] 353 Triggers catched
[10:32:45] 1277 Paddocks catched
[10:32:45] 72 Mounts catched
[10:32:45] 3 Guild catched
[10:32:45] 2 GuildMembers catched
[10:32:45] 11 GatheringJob LevelInfos catched
[10:32:46] 233 InteractiveSkills LevelInfos catched
[10:32:46] 128 Handlers Readed
[10:32:47] 175 Messages Readed
[10:32:47] WorldServer start in 6111 ms.
[10:46:56] MySQL Database Connected
[10:46:56] 16 Breeds catched
[10:46:56] 256 Heads catched
[10:46:56] 561 Effects catched
[10:46:57] 4 SuperAreas catched
[10:46:57] 48 Areas catched
[10:46:58] 334 SubAreas catched
[10:46:58] 11267 DofusMaps catched
[10:46:59] 9761 StatedElements catched
[10:46:59] 13349 InteractiveElements catched
[10:46:59] 1485 HouseInformations catched
[10:46:59] 556 InteractiveDoors catched
[10:46:59] 3530 MapPositions uncatched
[10:46:59] 14681 MapPositions catched
[10:46:59] 42 MapZaaps catched
[10:46:59] 79 MapSubways catched
[10:46:59] 15228 SpellLevels catched 
[10:46:59] 4772 Spells catched 
[10:46:59] 316 GuildEmblems catched 
[10:46:59] 1179 LearnableSpells catched 
[10:46:59] 9780 ItemTemplates catched 
[10:46:59] 4489 Weapons catched 
[10:46:59] 363 ItemSets catched 
[10:46:59] 171 ItemTypes catched 
[10:47:00] 110 ItemPets catched 
[10:47:00] 2476 NpcTemplates catched 
[10:47:00] 787 NpcSpawns catched 
[10:47:00] 94 NpcItems catched 
[10:47:00] 19801 NpcMessages catched 
[10:47:00] 7 NpcReplies catched 
[10:47:00] 353 Triggers catched
[10:47:00] 1277 Paddocks catched
[10:47:00] 72 Mounts catched
[10:47:00] 3 Guild catched
[10:47:00] 2 GuildMembers catched
[10:47:00] 11 GatheringJob LevelInfos catched
[10:47:00] 233 InteractiveSkills LevelInfos catched
[10:47:01] 128 Handlers Readed
[10:47:01] 175 Messages Readed
[10:47:01] WorldServer start in 5330 ms.
[10:57:00] MySQL Database Connected
[10:57:00] 16 Breeds catched
[10:57:00] 256 Heads catched
[10:57:00] 561 Effects catched
[10:57:00] 4 SuperAreas catched
[10:57:00] 48 Areas catched
[10:57:01] 334 SubAreas catched
[10:57:02] 11267 DofusMaps catched
[10:57:02] 9761 StatedElements catched
[10:57:02] 13349 InteractiveElements catched
[10:57:02] 1485 HouseInformations catched
[10:57:02] 556 InteractiveDoors catched
[10:57:02] 3530 MapPositions uncatched
[10:57:02] 14681 MapPositions catched
[10:57:02] 42 MapZaaps catched
[10:57:02] 79 MapSubways catched
[10:57:02] 15228 SpellLevels catched 
[10:57:02] 4772 Spells catched 
[10:57:02] 316 GuildEmblems catched 
[10:57:02] 1179 LearnableSpells catched 
[10:57:02] 9780 ItemTemplates catched 
[10:57:02] 4489 Weapons catched 
[10:57:02] 363 ItemSets catched 
[10:57:02] 171 ItemTypes catched 
[10:57:03] 110 ItemPets catched 
[10:57:03] 2476 NpcTemplates catched 
[10:57:03] 787 NpcSpawns catched 
[10:57:03] 94 NpcItems catched 
[10:57:03] 19801 NpcMessages catched 
[10:57:03] 7 NpcReplies catched 
[10:57:03] 353 Triggers catched
[10:57:03] 1277 Paddocks catched
[10:57:03] 72 Mounts catched
[10:57:03] 3 Guild catched
[10:57:03] 2 GuildMembers catched
[10:57:03] 11 GatheringJob LevelInfos catched
[10:57:03] 233 InteractiveSkills LevelInfos catched
[10:57:04] 128 Handlers Readed
[10:57:04] 175 Messages Readed
[10:57:04] WorldServer start in 4743 ms.
[11:18:09] MySQL Database Connected
[11:18:09] 16 Breeds catched
[11:18:09] 256 Heads catched
[11:18:09] 561 Effects catched
[11:18:09] 4 SuperAreas catched
[11:18:09] 48 Areas catched
[11:18:10] 334 SubAreas catched
[11:18:11] 11267 DofusMaps catched
[11:18:11] 9761 StatedElements catched
[11:18:11] 13349 InteractiveElements catched
[11:18:11] 1485 HouseInformations catched
[11:18:11] 556 InteractiveDoors catched
[11:18:11] 3530 MapPositions uncatched
[11:18:11] 14681 MapPositions catched
[11:18:11] 42 MapZaaps catched
[11:18:11] 79 MapSubways catched
[11:18:11] 15228 SpellLevels catched 
[11:18:11] 4772 Spells catched 
[11:18:11] 316 GuildEmblems catched 
[11:18:11] 1179 LearnableSpells catched 
[11:18:11] 9780 ItemTemplates catched 
[11:18:11] 4489 Weapons catched 
[11:18:11] 363 ItemSets catched 
[11:18:11] 171 ItemTypes catched 
[11:18:12] 110 ItemPets catched 
[11:18:12] 2476 NpcTemplates catched 
[11:18:12] 787 NpcSpawns catched 
[11:18:12] 94 NpcItems catched 
[11:18:12] 19801 NpcMessages catched 
[11:18:12] 7 NpcReplies catched 
[11:18:12] 353 Triggers catched
[11:18:12] 1277 Paddocks catched
[11:18:12] 72 Mounts catched
[11:18:12] 3 Guild catched
[11:18:12] 2 GuildMembers catched
[11:18:12] 11 GatheringJob LevelInfos catched
[11:18:12] 233 InteractiveSkills LevelInfos catched
[11:18:13] 128 Handlers Readed
[11:18:13] 175 Messages Readed
[11:18:13] WorldServer start in 4886 ms.
[11:29:30] MySQL Database Connected
[11:29:30] 16 Breeds catched
[11:29:30] 256 Heads catched
[11:29:30] 561 Effects catched
[11:29:31] 4 SuperAreas catched
[11:29:31] 48 Areas catched
[11:29:32] 334 SubAreas catched
[11:29:32] 11267 DofusMaps catched
[11:29:32] 9761 StatedElements catched
[11:29:32] 13349 InteractiveElements catched
[11:29:32] 1485 HouseInformations catched
[11:29:32] 556 InteractiveDoors catched
[11:29:32] 3530 MapPositions uncatched
[11:29:32] 14681 MapPositions catched
[11:29:32] 42 MapZaaps catched
[11:29:32] 79 MapSubways catched
[11:29:32] 15228 SpellLevels catched 
[11:29:32] 4772 Spells catched 
[11:29:33] 316 GuildEmblems catched 
[11:29:33] 1179 LearnableSpells catched 
[11:29:33] 9780 ItemTemplates catched 
[11:29:33] 4489 Weapons catched 
[11:29:33] 363 ItemSets catched 
[11:29:33] 171 ItemTypes catched 
[11:29:33] 110 ItemPets catched 
[11:29:33] 2476 NpcTemplates catched 
[11:29:33] 787 NpcSpawns catched 
[11:29:33] 94 NpcItems catched 
[11:29:33] 19801 NpcMessages catched 
[11:29:33] 7 NpcReplies catched 
[11:29:33] 353 Triggers catched
[11:29:33] 1277 Paddocks catched
[11:29:33] 72 Mounts catched
[11:29:33] 3 Guild catched
[11:29:33] 2 GuildMembers catched
[11:29:33] 11 GatheringJob LevelInfos catched
[11:29:33] 233 InteractiveSkills LevelInfos catched
[11:29:34] 128 Handlers Readed
[11:29:35] 175 Messages Readed
[11:29:35] WorldServer start in 4734 ms.
[13:28:54] MySQL Database Connected
[13:28:54] 16 Breeds catched
[13:28:54] 256 Heads catched
[13:28:54] 561 Effects catched
[13:28:54] 4 SuperAreas catched
[13:28:54] 48 Areas catched
[13:28:56] 334 SubAreas catched
[13:28:56] 11267 DofusMaps catched
[13:28:56] 9761 StatedElements catched
[13:28:56] 13349 InteractiveElements catched
[13:28:56] 1485 HouseInformations catched
[13:28:56] 556 InteractiveDoors catched
[13:28:56] 3530 MapPositions uncatched
[13:28:56] 14681 MapPositions catched
[13:28:56] 42 MapZaaps catched
[13:28:56] 79 MapSubways catched
[13:28:57] 15228 SpellLevels catched 
[13:28:57] 4772 Spells catched 
[13:28:57] 316 GuildEmblems catched 
[13:28:57] 1179 LearnableSpells catched 
[13:28:57] 9780 ItemTemplates catched 
[13:28:57] 4489 Weapons catched 
[13:28:57] 363 ItemSets catched 
[13:28:57] 171 ItemTypes catched 
[13:28:57] 110 ItemPets catched 
[13:28:57] 2476 NpcTemplates catched 
[13:28:57] 787 NpcSpawns catched 
[13:28:57] 94 NpcItems catched 
[13:28:57] 19801 NpcMessages catched 
[13:28:57] 7 NpcReplies catched 
[13:28:57] 353 Triggers catched
[13:28:57] 1277 Paddocks catched
[13:28:57] 72 Mounts catched
[13:28:57] 3 Guild catched
[13:28:57] 2 GuildMembers catched
[13:28:57] 11 GatheringJob LevelInfos catched
[13:28:58] 233 InteractiveSkills LevelInfos catched
[13:28:58] 128 Handlers Readed
[13:28:59] 175 Messages Readed
[13:28:59] WorldServer start in 5244 ms.
[21:08:50] MySQL Database Connected
[21:08:50] 16 Breeds catched
[21:08:50] 256 Heads catched
[21:08:50] 566 Effects catched
[21:08:51] 4 SuperAreas catched
[21:08:51] 48 Areas catched
[21:08:52] 334 SubAreas catched
[21:08:56] 11267 DofusMaps catched
[21:08:56] 9761 StatedElements catched
[21:08:57] 13349 InteractiveElements catched
[21:08:57] 1485 HouseInformations catched
[21:08:57] 556 InteractiveDoors catched
[21:08:57] 3530 MapPositions uncatched
[21:08:57] 14681 MapPositions catched
[21:08:57] 42 MapZaaps catched
[21:08:57] 79 MapSubways catched
[21:09:46] MySQL Database Connected
[21:09:46] 10063 ItemTemplates catched 
[21:09:47] 4355 Weapons catched 
[21:09:47] 16 Breeds catched
[21:09:47] 256 Heads catched
[21:09:47] 566 Effects catched
[21:09:47] 4 SuperAreas catched
[21:09:47] 48 Areas catched
[21:09:48] 334 SubAreas catched
[21:09:48] 11267 DofusMaps catched
[21:09:48] 9761 StatedElements catched
[21:09:48] 13349 InteractiveElements catched
[21:09:48] 1485 HouseInformations catched
[21:09:48] 556 InteractiveDoors catched
[21:09:49] 3530 MapPositions uncatched
[21:09:49] 14681 MapPositions catched
[21:09:49] 42 MapZaaps catched
[21:09:49] 79 MapSubways catched
[21:18:43] MySQL Database Connected
[21:18:43] 16 Breeds catched
[21:18:43] 256 Heads catched
[21:18:43] 566 Effects catched
[21:18:43] 366 ItemSets catched 
[21:18:43] 110 ItemPets catched 
[21:18:43] 4 SuperAreas catched
[21:18:43] 48 Areas catched
[21:18:44] 334 SubAreas catched
[21:18:45] 11267 DofusMaps catched
[21:18:45] 9761 StatedElements catched
[21:19:48] MySQL Database Connected
[21:19:48] 16 Breeds catched
[21:19:48] 256 Heads catched
[21:19:48] 566 Effects catched
[21:19:48] 366 ItemSets catched 
[21:19:49] 110 ItemPets catched 
[21:19:49] 4 SuperAreas catched
[21:19:49] 48 Areas catched
[21:19:50] 334 SubAreas catched
[21:20:45] MySQL Database Connected
[21:20:45] 16 Breeds catched
[21:20:45] 256 Heads catched
[21:20:45] 566 Effects catched
[21:20:45] 366 ItemSets catched 
[21:20:45] 110 ItemPets catched 
[21:20:46] 4 SuperAreas catched
[21:20:46] 48 Areas catched
[22:26:12] MySQL Database Connected
[22:26:12] 16 Breeds catched
[22:26:12] 256 Heads catched
[22:26:12] 566 Effects catched
[22:26:13] 4 SuperAreas catched
[22:26:13] 48 Areas catched
[22:26:14] 334 SubAreas catched
[22:26:14] 11267 DofusMaps catched
[22:26:14] 9761 StatedElements catched
[22:26:14] 13349 InteractiveElements catched
[22:26:14] 1485 HouseInformations catched
[22:26:14] 556 InteractiveDoors catched
[22:26:14] 3530 MapPositions uncatched
[22:26:14] 14681 MapPositions catched
[22:26:14] 42 MapZaaps catched
[22:26:14] 79 MapSubways catched
[22:26:15] 15612 SpellLevels catched 
[22:26:15] 4972 Spells catched 
[22:26:15] 316 GuildEmblems catched 
[22:26:15] 1179 LearnableSpells catched 
[22:26:15] 10063 ItemTemplates catched 
[22:26:15] 4355 Weapons catched 
[22:26:15] 366 ItemSets catched 
[22:26:15] 171 ItemTypes catched 
[22:26:15] 114 ItemPets catched 
[22:26:15] 2476 NpcTemplates catched 
[22:26:16] 787 NpcSpawns catched 
[22:26:16] 94 NpcItems catched 
[22:26:16] 19801 NpcMessages catched 
[22:26:16] 7 NpcReplies catched 
[22:26:16] 353 Triggers catched
[22:26:16] 1277 Paddocks catched
[22:26:16] 72 Mounts catched
[22:26:16] 3 Guild catched
[22:26:16] 2 GuildMembers catched
[22:26:16] 11 GatheringJob LevelInfos catched
[22:26:16] 233 InteractiveSkills LevelInfos catched
[22:26:19] 128 Handlers Readed
[22:26:22] 175 Messages Readed
[22:26:22] WorldServer start in 10350 ms.
[22:26:31] MySQL Database Connected
[22:26:31] 16 Breeds catched
[22:26:31] 256 Heads catched
[22:26:31] 566 Effects catched
[22:26:31] 4 SuperAreas catched
[22:26:31] 48 Areas catched
[22:26:32] 334 SubAreas catched
[22:26:33] 11267 DofusMaps catched
[22:26:33] 9761 StatedElements catched
[22:26:33] 13349 InteractiveElements catched
[22:26:33] 1485 HouseInformations catched
[22:26:33] 556 InteractiveDoors catched
[22:26:33] 3530 MapPositions uncatched
[22:26:33] 14681 MapPositions catched
[22:26:33] 42 MapZaaps catched
[22:26:33] 79 MapSubways catched
[22:26:33] 15612 SpellLevels catched 
[22:26:33] 4972 Spells catched 
[22:26:33] 316 GuildEmblems catched 
[22:26:33] 1179 LearnableSpells catched 
[22:26:33] 10063 ItemTemplates catched 
[22:26:33] 4355 Weapons catched 
[22:26:33] 366 ItemSets catched 
[22:26:33] 171 ItemTypes catched 
[22:26:34] 114 ItemPets catched 
[22:26:34] 2476 NpcTemplates catched 
[22:26:34] 787 NpcSpawns catched 
[22:26:34] 94 NpcItems catched 
[22:26:34] 19801 NpcMessages catched 
[22:26:34] 7 NpcReplies catched 
[22:26:34] 353 Triggers catched
[22:26:34] 1277 Paddocks catched
[22:26:34] 72 Mounts catched
[22:26:34] 3 Guild catched
[22:26:34] 2 GuildMembers catched
[22:26:34] 11 GatheringJob LevelInfos catched
[22:26:34] 233 InteractiveSkills LevelInfos catched
[22:26:35] 128 Handlers Readed
[22:26:35] 175 Messages Readed
[22:26:35] WorldServer start in 4807 ms.
[23:09:37] MySQL Database Connected
[23:09:37] 16 Breeds catched
[23:09:37] 256 Heads catched
[23:09:37] 566 Effects catched
[23:09:37] 4 SuperAreas catched
[23:09:37] 48 Areas catched
[23:09:38] 334 SubAreas catched
[23:09:39] 11267 DofusMaps catched
[23:09:39] 9761 StatedElements catched
[23:09:39] 13349 InteractiveElements catched
[23:09:39] 1485 HouseInformations catched
[23:09:39] 556 InteractiveDoors catched
[23:09:39] 3530 MapPositions uncatched
[23:09:39] 14681 MapPositions catched
[23:09:39] 42 MapZaaps catched
[23:09:39] 79 MapSubways catched
[23:09:39] 15612 SpellLevels catched 
[23:09:39] 4972 Spells catched 
[23:09:39] 316 GuildEmblems catched 
[23:09:39] 1179 LearnableSpells catched 
[23:09:39] 10063 ItemTemplates catched 
[23:09:39] 4355 Weapons catched 
[23:09:39] 366 ItemSets catched 
[23:09:39] 171 ItemTypes catched 
[23:10:31] MySQL Database Connected
[23:10:31] 16 Breeds catched
[23:10:31] 256 Heads catched
[23:10:31] 566 Effects catched
[23:10:32] 4 SuperAreas catched
[23:10:32] 48 Areas catched
[23:10:33] 334 SubAreas catched
[23:10:33] 11267 DofusMaps catched
[23:10:33] 9761 StatedElements catched
[23:10:33] 13349 InteractiveElements catched
[23:10:33] 1485 HouseInformations catched
[23:10:33] 556 InteractiveDoors catched
[23:10:34] 3530 MapPositions uncatched
[23:10:34] 14681 MapPositions catched
[23:10:34] 42 MapZaaps catched
[23:10:34] 79 MapSubways catched
[23:10:34] 15612 SpellLevels catched 
[23:10:34] 4972 Spells catched 
[23:10:34] 316 GuildEmblems catched 
[23:10:34] 1179 LearnableSpells catched 
[23:10:34] 10063 ItemTemplates catched 
[23:10:34] 4355 Weapons catched 
[23:10:34] 366 ItemSets catched 
[23:10:34] 171 ItemTypes catched 
[23:11:29] MySQL Database Connected
[23:11:29] 16 Breeds catched
[23:11:29] 256 Heads catched
[23:11:29] 566 Effects catched
[23:11:29] 4 SuperAreas catched
[23:11:29] 48 Areas catched
[23:11:30] 334 SubAreas catched
[23:11:31] 11267 DofusMaps catched
[23:11:31] 9761 StatedElements catched
[23:11:31] 13349 InteractiveElements catched
[23:11:31] 1485 HouseInformations catched
[23:11:31] 556 InteractiveDoors catched
[23:11:31] 3530 MapPositions uncatched
[23:11:31] 14681 MapPositions catched
[23:11:31] 42 MapZaaps catched
[23:11:31] 79 MapSubways catched
[23:11:31] 15612 SpellLevels catched 
[23:11:31] 4972 Spells catched 
[23:11:31] 316 GuildEmblems catched 
[23:11:31] 1179 LearnableSpells catched 
[23:11:32] 10063 ItemTemplates catched 
[23:11:32] 4355 Weapons catched 
[23:11:32] 366 ItemSets catched 
[23:11:32] 171 ItemTypes catched 
[23:14:26] MySQL Database Connected
[23:14:26] 16 Breeds catched
[23:14:26] 256 Heads catched
[23:14:26] 566 Effects catched
[23:14:27] 4 SuperAreas catched
[23:14:27] 48 Areas catched
[23:14:28] 334 SubAreas catched
[23:14:28] 11267 DofusMaps catched
[23:14:28] 9761 StatedElements catched
[23:14:28] 13349 InteractiveElements catched
[23:14:28] 1485 HouseInformations catched
[23:14:28] 556 InteractiveDoors catched
[23:14:29] 3530 MapPositions uncatched
[23:14:29] 14681 MapPositions catched
[23:14:29] 42 MapZaaps catched
[23:14:29] 79 MapSubways catched
[23:14:29] 15612 SpellLevels catched 
[23:14:29] 4972 Spells catched 
[23:14:29] 316 GuildEmblems catched 
[23:14:29] 1179 LearnableSpells catched 
[23:14:29] 10063 ItemTemplates catched 
[23:14:29] 4355 Weapons catched 
[23:14:29] 366 ItemSets catched 
[23:14:29] 171 ItemTypes catched 
[23:14:29] 114 ItemPets catched 
[23:14:29] 2476 NpcTemplates catched 
[23:14:29] 787 NpcSpawns catched 
[23:14:29] 94 NpcItems catched 
[23:14:29] 19801 NpcMessages catched 
[23:14:29] 7 NpcReplies catched 
[23:14:30] 353 Triggers catched
[23:14:30] 1277 Paddocks catched
[23:14:30] 72 Mounts catched
[23:14:30] 3 Guild catched
[23:14:30] 2 GuildMembers catched
[23:14:30] 11 GatheringJob LevelInfos catched
[23:14:30] 233 InteractiveSkills LevelInfos catched
[23:14:30] 128 Handlers Readed
[23:14:31] 175 Messages Readed
[23:14:31] WorldServer start in 5031 ms.
[23:37:50] MySQL Database Connected
[23:37:50] 16 Breeds catched
[23:37:50] 256 Heads catched
[23:37:50] 566 Effects catched
[23:37:51] 4 SuperAreas catched
[23:37:51] 48 Areas catched
[23:37:52] 334 SubAreas catched
[23:37:52] 11267 DofusMaps catched
[23:37:52] 9761 StatedElements catched
[23:37:53] 13349 InteractiveElements catched
[23:37:53] 1485 HouseInformations catched
[23:37:53] 556 InteractiveDoors catched
[23:37:53] 3530 MapPositions uncatched
[23:37:53] 14681 MapPositions catched
[23:37:53] 42 MapZaaps catched
[23:37:53] 79 MapSubways catched
[23:37:53] 15612 SpellLevels catched 
[23:37:53] 4972 Spells catched 
[23:37:53] 316 GuildEmblems catched 
[23:37:53] 1179 LearnableSpells catched 
[23:37:53] 10063 ItemTemplates catched 
[23:37:53] 4355 Weapons catched 
[23:37:53] 366 ItemSets catched 
[23:37:53] 171 ItemTypes catched 
[23:43:16] MySQL Database Connected
[23:43:16] 16 Breeds catched
[23:43:16] 256 Heads catched
[23:43:16] 566 Effects catched
[23:43:17] 4 SuperAreas catched
[23:43:17] 48 Areas catched
[23:43:18] 334 SubAreas catched
[23:43:18] 11267 DofusMaps catched
[23:43:18] 9761 StatedElements catched
[23:43:18] 13349 InteractiveElements catched
[23:43:18] 1485 HouseInformations catched
[23:43:18] 556 InteractiveDoors catched
[23:43:18] 3530 MapPositions uncatched
[23:43:18] 14681 MapPositions catched
[23:43:18] 42 MapZaaps catched
[23:43:18] 79 MapSubways catched
[23:43:19] 15612 SpellLevels catched 
[23:43:19] 4972 Spells catched 
[23:43:19] 316 GuildEmblems catched 
[23:43:19] 1179 LearnableSpells catched 
[23:43:19] 10063 ItemTemplates catched 
[23:43:19] 4355 Weapons catched 
[23:43:19] 366 ItemSets catched 
[23:43:19] 171 ItemTypes catched 
[23:43:33] MySQL Database Connected
[23:43:33] 16 Breeds catched
[23:43:33] 256 Heads catched
[23:43:33] 566 Effects catched
[23:43:34] 4 SuperAreas catched
[23:43:34] 48 Areas catched
[23:43:35] 334 SubAreas catched
[23:43:35] 11267 DofusMaps catched
[23:43:35] 9761 StatedElements catched
[23:43:36] 13349 InteractiveElements catched
[23:43:36] 1485 HouseInformations catched
[23:43:36] 556 InteractiveDoors catched
[23:43:36] 3530 MapPositions uncatched
[23:43:36] 14681 MapPositions catched
[23:43:36] 42 MapZaaps catched
[23:43:36] 79 MapSubways catched
[23:43:36] 15612 SpellLevels catched 
[23:43:36] 4972 Spells catched 
[23:43:36] 316 GuildEmblems catched 
[23:43:36] 1179 LearnableSpells catched 
[23:43:36] 10063 ItemTemplates catched 
[23:43:36] 4355 Weapons catched 
[23:43:36] 366 ItemSets catched 
[23:43:36] 171 ItemTypes catched 
[23:44:38] MySQL Database Connected
[23:44:38] 16 Breeds catched
[23:44:38] 256 Heads catched
[23:44:38] 566 Effects catched
[23:44:38] 4 SuperAreas catched
[23:44:38] 48 Areas catched
[23:44:39] 334 SubAreas catched
[23:44:40] 11267 DofusMaps catched
[23:44:40] 9761 StatedElements catched
[23:44:40] 13349 InteractiveElements catched
[23:44:40] 1485 HouseInformations catched
[23:44:40] 556 InteractiveDoors catched
[23:44:40] 3530 MapPositions uncatched
[23:44:40] 14681 MapPositions catched
[23:44:40] 42 MapZaaps catched
[23:44:40] 79 MapSubways catched
[23:44:40] 15612 SpellLevels catched 
[23:44:40] 4972 Spells catched 
[23:44:40] 316 GuildEmblems catched 
[23:44:40] 1179 LearnableSpells catched 
[23:44:40] 10063 ItemTemplates catched 
[23:44:40] 4355 Weapons catched 
[23:44:40] 366 ItemSets catched 
[23:44:40] 171 ItemTypes catched 
[23:58:26] MySQL Database Connected
[23:58:26] 16 Breeds catched
[23:58:26] 256 Heads catched
[23:58:26] 566 Effects catched
[23:58:27] 4 SuperAreas catched
[23:58:27] 48 Areas catched
[23:58:28] 334 SubAreas catched
[23:58:28] 11267 DofusMaps catched
[23:58:28] 9761 StatedElements catched
[23:58:28] 13349 InteractiveElements catched
[23:58:28] 1485 HouseInformations catched
[23:58:28] 556 InteractiveDoors catched
[23:58:28] 3530 MapPositions uncatched
[23:58:28] 14681 MapPositions catched
[23:58:28] 42 MapZaaps catched
[23:58:28] 79 MapSubways catched
[23:58:28] 15612 SpellLevels catched 
[23:58:29] 4972 Spells catched 
[23:58:29] 316 GuildEmblems catched 
[23:58:29] 1179 LearnableSpells catched 
[23:58:29] 10063 ItemTemplates catched 
[23:58:29] 4355 Weapons catched 
[23:58:29] 366 ItemSets catched 
[23:58:29] 171 ItemTypes catched 
