[00:28:54] MySQL Database Connected
[00:28:54] 16 Breeds catched
[00:28:54] 256 Heads catched
[00:28:54] 561 Effects catched
[00:28:54] 4 SuperAreas catched
[00:28:54] 48 Areas catched
[00:28:55] 334 SubAreas catched
[00:29:04] 11260 DofusMaps catched
[00:29:04] 9761 StatedElements catched
[00:29:04] 13349 InteractiveElements catched
[00:29:04] 1485 HouseInformations catched
[00:29:04] 556 InteractiveDoors catched
[00:29:04] 3614 MapPositions uncatched
[00:29:04] 14681 MapPositions catched
[00:29:04] 42 MapZaaps catched
[00:29:04] 79 MapSubways catched
[00:29:04] 15228 SpellLevels catched 
[00:29:04] 4772 Spells catched 
[00:29:04] 316 GuildEmblems catched 
[00:29:04] 1179 LearnableSpells catched 
[00:29:04] 9780 ItemTemplates catched 
[00:29:05] 4489 Weapons catched 
[00:29:05] 363 ItemSets catched 
[00:29:05] 171 ItemTypes catched 
[00:29:05] 110 ItemPets catched 
[00:29:05] 2476 NpcTemplates catched 
[00:29:05] 787 NpcSpawns catched 
[00:29:05] 94 NpcItems catched 
[00:29:05] 19801 NpcMessages catched 
[00:29:05] 7 NpcReplies catched 
[00:29:06] 353 Triggers catched
[00:29:06] 1277 Paddocks catched
[00:29:06] 72 Mounts catched
[00:29:06] 4 Guild catched
[00:29:06] 3 GuildMembers catched
[00:29:06] 122 Handlers Readed
[00:29:07] 166 Messages Readed
[00:29:07] WorldServer start in 13303 ms.
[00:30:08] MySQL Database Connected
[00:30:09] 16 Breeds catched
[00:30:09] 256 Heads catched
[00:30:09] 561 Effects catched
[00:30:09] 4 SuperAreas catched
[00:30:09] 48 Areas catched
[00:30:10] 334 SubAreas catched
[00:30:17] 11260 DofusMaps catched
[00:30:18] 9761 StatedElements catched
[00:30:18] 13349 InteractiveElements catched
[00:30:18] 1485 HouseInformations catched
[00:30:18] 556 InteractiveDoors catched
[00:30:18] 3614 MapPositions uncatched
[00:30:18] 14681 MapPositions catched
[00:30:18] 42 MapZaaps catched
[00:30:18] 79 MapSubways catched
[00:30:18] 15228 SpellLevels catched 
[00:30:18] 4772 Spells catched 
[00:30:18] 316 GuildEmblems catched 
[00:30:18] 1179 LearnableSpells catched 
[00:30:18] 9780 ItemTemplates catched 
[00:30:18] 4489 Weapons catched 
[00:30:18] 363 ItemSets catched 
[00:30:18] 171 ItemTypes catched 
[00:30:19] 110 ItemPets catched 
[00:30:19] 2476 NpcTemplates catched 
[00:30:19] 787 NpcSpawns catched 
[00:30:19] 94 NpcItems catched 
[00:30:19] 19801 NpcMessages catched 
[00:30:19] 7 NpcReplies catched 
[00:30:19] 353 Triggers catched
[00:30:19] 1277 Paddocks catched
[00:30:20] 72 Mounts catched
[00:30:20] 4 Guild catched
[00:30:20] 3 GuildMembers catched
[00:30:20] 122 Handlers Readed
[00:30:21] 166 Messages Readed
[00:30:21] WorldServer start in 12511 ms.
[00:30:41] MySQL Database Connected
[00:30:41] 16 Breeds catched
[00:30:41] 256 Heads catched
[00:30:41] 561 Effects catched
[00:30:42] 4 SuperAreas catched
[00:30:42] 48 Areas catched
[00:30:43] 334 SubAreas catched
[00:30:51] 11260 DofusMaps catched
[00:30:51] 9761 StatedElements catched
[00:30:51] 13349 InteractiveElements catched
[00:30:51] 1485 HouseInformations catched
[00:30:51] 556 InteractiveDoors catched
[00:30:51] 3614 MapPositions uncatched
[00:30:51] 14681 MapPositions catched
[00:30:51] 42 MapZaaps catched
[00:30:51] 79 MapSubways catched
[00:30:51] 15228 SpellLevels catched 
[00:30:51] 4772 Spells catched 
[00:30:51] 316 GuildEmblems catched 
[00:30:51] 1179 LearnableSpells catched 
[00:30:52] 9780 ItemTemplates catched 
[00:30:52] 4489 Weapons catched 
[00:30:52] 363 ItemSets catched 
[00:30:52] 171 ItemTypes catched 
[00:30:52] 110 ItemPets catched 
[00:30:52] 2476 NpcTemplates catched 
[00:30:52] 787 NpcSpawns catched 
[00:30:52] 94 NpcItems catched 
[00:30:52] 19801 NpcMessages catched 
[00:30:52] 7 NpcReplies catched 
[00:30:53] 353 Triggers catched
[00:30:53] 1277 Paddocks catched
[00:30:53] 72 Mounts catched
[00:30:53] 4 Guild catched
[00:30:53] 3 GuildMembers catched
[00:30:53] 122 Handlers Readed
[00:30:54] 166 Messages Readed
[00:30:54] WorldServer start in 12740 ms.
[00:49:09] MySQL Database Connected
[00:49:09] 16 Breeds catched
[00:49:09] 256 Heads catched
[00:49:09] 561 Effects catched
[00:49:09] 4 SuperAreas catched
[00:49:09] 48 Areas catched
[00:49:10] 334 SubAreas catched
[00:49:18] 11260 DofusMaps catched
[00:49:18] 9761 StatedElements catched
[00:49:19] 13349 InteractiveElements catched
[00:49:19] 1485 HouseInformations catched
[00:49:19] 556 InteractiveDoors catched
[00:49:19] 3614 MapPositions uncatched
[00:49:19] 14681 MapPositions catched
[00:49:19] 42 MapZaaps catched
[00:49:19] 79 MapSubways catched
[00:49:19] 15228 SpellLevels catched 
[00:49:19] 4772 Spells catched 
[00:49:19] 316 GuildEmblems catched 
[00:49:19] 1179 LearnableSpells catched 
[00:49:19] 9780 ItemTemplates catched 
[00:49:20] 4489 Weapons catched 
[00:49:20] 363 ItemSets catched 
[00:49:20] 171 ItemTypes catched 
[00:49:20] 110 ItemPets catched 
[00:49:20] 2476 NpcTemplates catched 
[00:49:20] 787 NpcSpawns catched 
[00:49:20] 94 NpcItems catched 
[00:49:20] 19801 NpcMessages catched 
[00:49:20] 7 NpcReplies catched 
[00:49:20] 353 Triggers catched
[00:49:21] 1277 Paddocks catched
[00:49:21] 72 Mounts catched
[00:49:21] 4 Guild catched
[00:49:21] 3 GuildMembers catched
[00:49:21] 122 Handlers Readed
[00:49:22] 166 Messages Readed
[00:49:22] WorldServer start in 13345 ms.
[01:37:00] MySQL Database Connected
[01:37:00] 16 Breeds catched
[01:37:00] 256 Heads catched
[01:37:00] 561 Effects catched
[01:37:01] 4 SuperAreas catched
[01:37:01] 48 Areas catched
[01:37:02] 334 SubAreas catched
[01:37:12] 11260 DofusMaps catched
[01:37:12] 9761 StatedElements catched
[01:37:12] 13349 InteractiveElements catched
[01:37:12] 1485 HouseInformations catched
[01:37:12] 556 InteractiveDoors catched
[01:37:12] 3614 MapPositions uncatched
[01:37:12] 14681 MapPositions catched
[01:37:12] 42 MapZaaps catched
[01:37:12] 79 MapSubways catched
[01:37:12] 15228 SpellLevels catched 
[01:37:12] 4772 Spells catched 
[01:37:12] 316 GuildEmblems catched 
[01:37:12] 1179 LearnableSpells catched 
[01:37:13] 9780 ItemTemplates catched 
[01:37:13] 4489 Weapons catched 
[01:37:13] 363 ItemSets catched 
[01:37:13] 171 ItemTypes catched 
[01:37:13] 110 ItemPets catched 
[01:37:13] 2476 NpcTemplates catched 
[01:37:13] 787 NpcSpawns catched 
[01:37:13] 94 NpcItems catched 
[01:37:13] 19801 NpcMessages catched 
[01:37:13] 7 NpcReplies catched 
[01:37:14] 353 Triggers catched
[01:37:14] 1277 Paddocks catched
[01:37:14] 72 Mounts catched
[01:37:14] 4 Guild catched
[01:37:14] 3 GuildMembers catched
[01:37:15] 122 Handlers Readed
[01:37:15] 166 Messages Readed
[01:37:15] WorldServer start in 15354 ms.
[01:40:15] MySQL Database Connected
[01:40:15] 16 Breeds catched
[01:40:15] 256 Heads catched
[01:40:15] 561 Effects catched
[01:40:16] 4 SuperAreas catched
[01:40:16] 48 Areas catched
[01:40:17] 334 SubAreas catched
[01:40:24] 11260 DofusMaps catched
[01:40:24] 9761 StatedElements catched
[01:40:24] 13349 InteractiveElements catched
[01:40:24] 1485 HouseInformations catched
[01:40:24] 556 InteractiveDoors catched
[01:40:24] 3614 MapPositions uncatched
[01:40:24] 14681 MapPositions catched
[01:40:24] 42 MapZaaps catched
[01:40:24] 79 MapSubways catched
[01:40:25] 15228 SpellLevels catched 
[01:40:25] 4772 Spells catched 
[01:40:25] 316 GuildEmblems catched 
[01:40:25] 1179 LearnableSpells catched 
[01:40:25] 9780 ItemTemplates catched 
[01:40:25] 4489 Weapons catched 
[01:40:25] 363 ItemSets catched 
[01:40:25] 171 ItemTypes catched 
[01:40:25] 110 ItemPets catched 
[01:40:26] 2476 NpcTemplates catched 
[01:40:26] 787 NpcSpawns catched 
[01:40:26] 94 NpcItems catched 
[01:40:26] 19801 NpcMessages catched 
[01:40:26] 7 NpcReplies catched 
[01:40:26] 353 Triggers catched
[01:40:26] 1277 Paddocks catched
[01:40:26] 72 Mounts catched
[01:40:26] 4 Guild catched
[01:40:26] 3 GuildMembers catched
[01:40:27] 122 Handlers Readed
[01:40:27] 166 Messages Readed
[01:40:27] WorldServer start in 12570 ms.
[03:07:30] MySQL Database Connected
[03:07:30] 16 Breeds catched
[03:07:30] 256 Heads catched
[03:07:30] 561 Effects catched
[03:07:30] 4 SuperAreas catched
[03:07:30] 48 Areas catched
[03:10:44] MySQL Database Connected
[03:10:44] 16 Breeds catched
[03:10:44] 256 Heads catched
[03:10:44] 561 Effects catched
[03:10:45] 4 SuperAreas catched
[03:10:45] 48 Areas catched
[03:10:45] 334 SubAreas catched
[03:10:53] 11260 DofusMaps catched
[03:10:53] 9761 StatedElements catched
[03:10:53] 13349 InteractiveElements catched
[03:10:53] 1485 HouseInformations catched
[03:10:53] 556 InteractiveDoors catched
[03:10:53] 3614 MapPositions uncatched
[03:10:53] 14681 MapPositions catched
[03:10:53] 42 MapZaaps catched
[03:10:53] 79 MapSubways catched
[03:10:53] 15228 SpellLevels catched 
[03:10:54] 4772 Spells catched 
[03:10:54] 316 GuildEmblems catched 
[03:10:54] 1179 LearnableSpells catched 
[03:10:54] 9780 ItemTemplates catched 
[03:10:54] 4489 Weapons catched 
[03:10:54] 363 ItemSets catched 
[03:10:54] 171 ItemTypes catched 
[03:10:54] 110 ItemPets catched 
[03:10:54] 2476 NpcTemplates catched 
[03:10:54] 787 NpcSpawns catched 
[03:10:55] 94 NpcItems catched 
[03:10:55] 19801 NpcMessages catched 
[03:10:55] 7 NpcReplies catched 
[03:10:55] 353 Triggers catched
[03:10:55] 1277 Paddocks catched
[03:10:55] 72 Mounts catched
[03:10:55] 4 Guild catched
[03:10:55] 3 GuildMembers catched
[03:10:55] 122 Handlers Readed
[03:10:56] 166 Messages Readed
[03:10:56] WorldServer start in 12239 ms.
[03:13:01] MySQL Database Connected
[03:13:01] 16 Breeds catched
[03:13:01] 256 Heads catched
[03:13:01] 561 Effects catched
[03:13:02] 4 SuperAreas catched
[03:13:02] 48 Areas catched
[03:13:03] 334 SubAreas catched
[03:13:10] 11260 DofusMaps catched
[03:13:10] 9761 StatedElements catched
[03:13:10] 13349 InteractiveElements catched
[03:13:10] 1485 HouseInformations catched
[03:13:10] 556 InteractiveDoors catched
[03:13:11] 3614 MapPositions uncatched
[03:13:11] 14681 MapPositions catched
[03:13:11] 42 MapZaaps catched
[03:13:11] 79 MapSubways catched
[03:13:11] 15228 SpellLevels catched 
[03:13:11] 4772 Spells catched 
[03:13:11] 316 GuildEmblems catched 
[03:13:11] 1179 LearnableSpells catched 
[03:13:11] 9780 ItemTemplates catched 
[03:13:11] 4489 Weapons catched 
[03:13:11] 363 ItemSets catched 
[03:13:11] 171 ItemTypes catched 
[03:13:11] 110 ItemPets catched 
[03:13:12] 2476 NpcTemplates catched 
[03:13:12] 787 NpcSpawns catched 
[03:13:12] 94 NpcItems catched 
[03:13:12] 19801 NpcMessages catched 
[03:13:12] 7 NpcReplies catched 
[03:13:12] 353 Triggers catched
[03:13:12] 1277 Paddocks catched
[03:13:12] 72 Mounts catched
[03:13:12] 4 Guild catched
[03:13:12] 3 GuildMembers catched
[03:13:13] 122 Handlers Readed
[03:13:13] 166 Messages Readed
[03:13:13] WorldServer start in 12564 ms.
[03:15:24] MySQL Database Connected
[03:15:24] 16 Breeds catched
[03:15:24] 256 Heads catched
[03:15:24] 561 Effects catched
[03:15:25] 4 SuperAreas catched
[03:15:25] 48 Areas catched
[03:15:26] 334 SubAreas catched
[03:15:33] 11260 DofusMaps catched
[03:15:33] 9761 StatedElements catched
[03:15:33] 13349 InteractiveElements catched
[03:15:33] 1485 HouseInformations catched
[03:15:33] 556 InteractiveDoors catched
[03:15:33] 3614 MapPositions uncatched
[03:15:33] 14681 MapPositions catched
[03:15:33] 42 MapZaaps catched
[03:15:33] 79 MapSubways catched
[03:15:34] 15228 SpellLevels catched 
[03:15:34] 4772 Spells catched 
[03:15:34] 316 GuildEmblems catched 
[03:15:34] 1179 LearnableSpells catched 
[03:15:36] 9780 ItemTemplates catched 
[03:15:36] 4489 Weapons catched 
[03:15:36] 363 ItemSets catched 
[03:15:36] 171 ItemTypes catched 
[03:15:36] 110 ItemPets catched 
[03:15:36] 2476 NpcTemplates catched 
[03:15:36] 787 NpcSpawns catched 
[03:15:36] 94 NpcItems catched 
[03:15:36] 19801 NpcMessages catched 
[03:15:36] 7 NpcReplies catched 
[03:15:37] 353 Triggers catched
[03:15:37] 1277 Paddocks catched
[03:15:37] 72 Mounts catched
[03:15:37] 4 Guild catched
[03:15:37] 3 GuildMembers catched
[03:15:37] 122 Handlers Readed
[03:15:38] 166 Messages Readed
[03:15:38] WorldServer start in 14309 ms.
[03:19:21] MySQL Database Connected
[03:19:21] 16 Breeds catched
[03:19:21] 256 Heads catched
[03:19:21] 561 Effects catched
[03:19:21] 4 SuperAreas catched
[03:19:21] 48 Areas catched
[03:19:22] 334 SubAreas catched
[03:19:30] 11260 DofusMaps catched
[03:19:30] 9761 StatedElements catched
[03:19:30] 13349 InteractiveElements catched
[03:19:30] 1485 HouseInformations catched
[03:19:30] 556 InteractiveDoors catched
[03:19:30] 3614 MapPositions uncatched
[03:19:30] 14681 MapPositions catched
[03:19:30] 42 MapZaaps catched
[03:19:30] 79 MapSubways catched
[03:19:31] 15228 SpellLevels catched 
[03:19:31] 4772 Spells catched 
[03:19:31] 316 GuildEmblems catched 
[03:19:31] 1179 LearnableSpells catched 
[03:19:31] 9780 ItemTemplates catched 
[03:19:31] 4489 Weapons catched 
[03:19:31] 363 ItemSets catched 
[03:19:31] 171 ItemTypes catched 
[03:19:31] 110 ItemPets catched 
[03:19:32] 2476 NpcTemplates catched 
[03:19:32] 787 NpcSpawns catched 
[03:19:32] 94 NpcItems catched 
[03:19:32] 19801 NpcMessages catched 
[03:19:32] 7 NpcReplies catched 
[03:19:32] 353 Triggers catched
[03:19:32] 1277 Paddocks catched
[03:19:32] 72 Mounts catched
[03:19:32] 4 Guild catched
[03:19:32] 3 GuildMembers catched
[03:19:33] 122 Handlers Readed
[03:19:33] 166 Messages Readed
[03:19:33] WorldServer start in 12912 ms.
[03:20:56] MySQL Database Connected
[03:20:56] 16 Breeds catched
[03:20:56] 256 Heads catched
[03:20:56] 561 Effects catched
[03:20:56] 4 SuperAreas catched
[03:20:56] 48 Areas catched
[03:20:57] 334 SubAreas catched
[03:21:05] 11260 DofusMaps catched
[03:21:05] 9761 StatedElements catched
[03:21:05] 13349 InteractiveElements catched
[03:21:06] 1485 HouseInformations catched
[03:21:06] 556 InteractiveDoors catched
[03:21:06] 3614 MapPositions uncatched
[03:21:06] 14681 MapPositions catched
[03:21:06] 42 MapZaaps catched
[03:21:06] 79 MapSubways catched
[03:21:06] 15228 SpellLevels catched 
[03:21:06] 4772 Spells catched 
[03:21:06] 316 GuildEmblems catched 
[03:21:06] 1179 LearnableSpells catched 
[03:21:06] 9780 ItemTemplates catched 
[03:21:06] 4489 Weapons catched 
[03:21:06] 363 ItemSets catched 
[03:21:06] 171 ItemTypes catched 
[03:21:07] 110 ItemPets catched 
[03:21:07] 2476 NpcTemplates catched 
[03:21:07] 787 NpcSpawns catched 
[03:21:07] 94 NpcItems catched 
[03:21:07] 19801 NpcMessages catched 
[03:21:07] 7 NpcReplies catched 
[03:21:07] 353 Triggers catched
[03:21:07] 1277 Paddocks catched
[03:21:07] 72 Mounts catched
[03:21:07] 4 Guild catched
[03:21:07] 3 GuildMembers catched
[03:21:08] 122 Handlers Readed
[03:21:08] 166 Messages Readed
[03:21:08] WorldServer start in 13233 ms.
[03:21:55] MySQL Database Connected
[03:21:55] 16 Breeds catched
[03:21:55] 256 Heads catched
[03:21:55] 561 Effects catched
[03:21:55] 4 SuperAreas catched
[03:21:55] 48 Areas catched
[03:21:56] 334 SubAreas catched
[03:22:18] 11260 DofusMaps catched
[03:22:18] 9761 StatedElements catched
[03:22:19] 13349 InteractiveElements catched
[03:22:19] 1485 HouseInformations catched
[03:22:19] 556 InteractiveDoors catched
[03:22:19] 3614 MapPositions uncatched
[03:22:19] 14681 MapPositions catched
[03:22:19] 42 MapZaaps catched
[03:22:19] 79 MapSubways catched
[03:22:19] 15228 SpellLevels catched 
[03:22:19] 4772 Spells catched 
[03:22:19] 316 GuildEmblems catched 
[03:22:19] 1179 LearnableSpells catched 
[03:22:19] 9780 ItemTemplates catched 
[03:22:20] 4489 Weapons catched 
[03:22:20] 363 ItemSets catched 
[03:22:20] 171 ItemTypes catched 
[03:22:20] 110 ItemPets catched 
[03:22:20] 2476 NpcTemplates catched 
[03:22:20] 787 NpcSpawns catched 
[03:22:20] 94 NpcItems catched 
[03:22:20] 19801 NpcMessages catched 
[03:22:20] 7 NpcReplies catched 
[03:22:20] 353 Triggers catched
[03:22:21] 1277 Paddocks catched
[03:22:21] 72 Mounts catched
[03:22:21] 4 Guild catched
[03:22:21] 3 GuildMembers catched
[03:22:21] 122 Handlers Readed
[03:22:22] 166 Messages Readed
[03:22:22] WorldServer start in 27120 ms.
[03:35:02] MySQL Database Connected
[03:35:02] 16 Breeds catched
[03:35:02] 256 Heads catched
[03:35:02] 561 Effects catched
[03:35:03] 4 SuperAreas catched
[03:35:03] 48 Areas catched
[03:35:04] 334 SubAreas catched
[03:35:11] 11260 DofusMaps catched
[03:35:11] 9761 StatedElements catched
[03:35:12] 13349 InteractiveElements catched
[03:35:12] 1485 HouseInformations catched
[03:35:12] 556 InteractiveDoors catched
[03:35:12] 3614 MapPositions uncatched
[03:35:12] 14681 MapPositions catched
[03:35:12] 42 MapZaaps catched
[03:35:12] 79 MapSubways catched
[03:35:12] 15228 SpellLevels catched 
[03:35:12] 4772 Spells catched 
[03:35:12] 316 GuildEmblems catched 
[03:35:12] 1179 LearnableSpells catched 
[03:35:12] 9780 ItemTemplates catched 
[03:35:12] 4489 Weapons catched 
[03:35:12] 363 ItemSets catched 
[03:35:12] 171 ItemTypes catched 
[03:35:12] 110 ItemPets catched 
[03:35:13] 2476 NpcTemplates catched 
[03:35:13] 787 NpcSpawns catched 
[03:35:13] 94 NpcItems catched 
[03:35:13] 19801 NpcMessages catched 
[03:35:13] 7 NpcReplies catched 
[03:35:13] 353 Triggers catched
[03:35:13] 1277 Paddocks catched
[03:35:13] 72 Mounts catched
[03:35:13] 4 Guild catched
[03:35:13] 3 GuildMembers catched
[03:35:14] 122 Handlers Readed
[03:35:14] 166 Messages Readed
[03:35:14] WorldServer start in 12378 ms.
[03:36:33] MySQL Database Connected
[03:36:33] 16 Breeds catched
[03:36:33] 256 Heads catched
[03:36:33] 561 Effects catched
[03:36:33] 4 SuperAreas catched
[03:36:33] 48 Areas catched
[03:36:34] 334 SubAreas catched
[03:36:42] 11260 DofusMaps catched
[03:36:42] 9761 StatedElements catched
[03:36:42] 13349 InteractiveElements catched
[03:36:42] 1485 HouseInformations catched
[03:36:42] 556 InteractiveDoors catched
[03:36:42] 3614 MapPositions uncatched
[03:36:42] 14681 MapPositions catched
[03:36:42] 42 MapZaaps catched
[03:36:42] 79 MapSubways catched
[03:36:42] 15228 SpellLevels catched 
[03:36:42] 4772 Spells catched 
[03:36:42] 316 GuildEmblems catched 
[03:36:42] 1179 LearnableSpells catched 
[03:36:43] 9780 ItemTemplates catched 
[03:36:43] 4489 Weapons catched 
[03:36:43] 363 ItemSets catched 
[03:36:43] 171 ItemTypes catched 
[03:36:43] 110 ItemPets catched 
[03:36:43] 2476 NpcTemplates catched 
[03:36:43] 787 NpcSpawns catched 
[03:36:43] 94 NpcItems catched 
[03:36:43] 19801 NpcMessages catched 
[03:36:43] 7 NpcReplies catched 
[03:36:44] 353 Triggers catched
[03:36:44] 1277 Paddocks catched
[03:36:44] 72 Mounts catched
[03:36:44] 4 Guild catched
[03:36:44] 3 GuildMembers catched
[03:36:44] 122 Handlers Readed
[03:36:45] 166 Messages Readed
[03:36:45] WorldServer start in 12437 ms.
[03:38:37] MySQL Database Connected
[03:38:38] 16 Breeds catched
[03:38:38] 256 Heads catched
[03:38:38] 561 Effects catched
[03:38:38] 4 SuperAreas catched
[03:38:38] 48 Areas catched
[03:38:39] 334 SubAreas catched
[03:38:47] 11260 DofusMaps catched
[03:38:47] 9761 StatedElements catched
[03:38:47] 13349 InteractiveElements catched
[03:38:47] 1485 HouseInformations catched
[03:38:47] 556 InteractiveDoors catched
[03:38:48] 3614 MapPositions uncatched
[03:38:48] 14681 MapPositions catched
[03:38:48] 42 MapZaaps catched
[03:38:48] 79 MapSubways catched
[03:38:48] 15228 SpellLevels catched 
[03:38:48] 4772 Spells catched 
[03:38:48] 316 GuildEmblems catched 
[03:38:48] 1179 LearnableSpells catched 
[03:38:48] 9780 ItemTemplates catched 
[03:38:48] 4489 Weapons catched 
[03:38:48] 363 ItemSets catched 
[03:38:48] 171 ItemTypes catched 
[03:38:49] 110 ItemPets catched 
[03:38:49] 2476 NpcTemplates catched 
[03:38:49] 787 NpcSpawns catched 
[03:38:49] 94 NpcItems catched 
[03:38:49] 19801 NpcMessages catched 
[03:38:49] 7 NpcReplies catched 
[03:38:49] 353 Triggers catched
[03:38:49] 1277 Paddocks catched
[03:38:49] 72 Mounts catched
[03:38:49] 4 Guild catched
[03:38:49] 3 GuildMembers catched
[03:38:50] 122 Handlers Readed
[03:38:51] 166 Messages Readed
[03:38:51] WorldServer start in 13638 ms.
[03:49:24] MySQL Database Connected
[03:49:25] 16 Breeds catched
[03:49:25] 256 Heads catched
[03:49:25] 561 Effects catched
[03:49:25] 4 SuperAreas catched
[03:49:25] 48 Areas catched
[03:49:26] 334 SubAreas catched
[03:49:34] 11260 DofusMaps catched
[03:49:34] 9761 StatedElements catched
[03:49:34] 13349 InteractiveElements catched
[03:49:34] 1485 HouseInformations catched
[03:49:34] 556 InteractiveDoors catched
[03:49:34] 3614 MapPositions uncatched
[03:49:34] 14681 MapPositions catched
[03:49:34] 42 MapZaaps catched
[03:49:34] 79 MapSubways catched
[03:49:34] 15228 SpellLevels catched 
[03:49:35] 4772 Spells catched 
[03:49:35] 316 GuildEmblems catched 
[03:49:35] 1179 LearnableSpells catched 
[03:49:35] 9780 ItemTemplates catched 
[03:49:35] 4489 Weapons catched 
[03:49:35] 363 ItemSets catched 
[03:49:35] 171 ItemTypes catched 
[03:49:35] 110 ItemPets catched 
[03:49:35] 2476 NpcTemplates catched 
[03:49:35] 787 NpcSpawns catched 
[03:49:35] 94 NpcItems catched 
[03:49:36] 19801 NpcMessages catched 
[03:49:36] 7 NpcReplies catched 
[03:49:36] 353 Triggers catched
[03:49:36] 1277 Paddocks catched
[03:49:36] 72 Mounts catched
[03:49:36] 4 Guild catched
[03:49:36] 3 GuildMembers catched
[03:49:36] 122 Handlers Readed
[03:49:37] 166 Messages Readed
[03:49:37] WorldServer start in 12871 ms.
[03:51:53] MySQL Database Connected
[03:51:53] 16 Breeds catched
[03:51:53] 256 Heads catched
[03:51:53] 561 Effects catched
[03:51:54] 4 SuperAreas catched
[03:51:54] 48 Areas catched
[03:51:55] 334 SubAreas catched
[03:52:04] 11260 DofusMaps catched
[03:52:04] 9761 StatedElements catched
[03:52:04] 13349 InteractiveElements catched
[03:52:04] 1485 HouseInformations catched
[03:52:04] 556 InteractiveDoors catched
[03:52:05] 3614 MapPositions uncatched
[03:52:05] 14681 MapPositions catched
[03:52:05] 42 MapZaaps catched
[03:52:05] 79 MapSubways catched
[03:52:05] 15228 SpellLevels catched 
[03:52:05] 4772 Spells catched 
[03:52:05] 316 GuildEmblems catched 
[03:52:05] 1179 LearnableSpells catched 
[03:52:05] 9780 ItemTemplates catched 
[03:52:05] 4489 Weapons catched 
[03:52:05] 363 ItemSets catched 
[03:52:05] 171 ItemTypes catched 
[03:52:06] 110 ItemPets catched 
[03:52:06] 2476 NpcTemplates catched 
[03:52:06] 787 NpcSpawns catched 
[03:52:06] 94 NpcItems catched 
[03:52:06] 19801 NpcMessages catched 
[03:52:06] 7 NpcReplies catched 
[03:52:06] 353 Triggers catched
[03:52:06] 1277 Paddocks catched
[03:52:06] 72 Mounts catched
[03:52:06] 4 Guild catched
[03:52:06] 3 GuildMembers catched
[03:52:07] 122 Handlers Readed
[03:52:08] 166 Messages Readed
[03:52:08] WorldServer start in 14713 ms.
[03:54:45] MySQL Database Connected
[03:54:45] 16 Breeds catched
[03:54:45] 256 Heads catched
[03:54:45] 561 Effects catched
[03:54:45] 4 SuperAreas catched
[03:54:45] 48 Areas catched
[03:54:46] 334 SubAreas catched
[03:54:54] 11260 DofusMaps catched
[03:54:54] 9761 StatedElements catched
[03:54:54] 13349 InteractiveElements catched
[03:54:54] 1485 HouseInformations catched
[03:54:54] 556 InteractiveDoors catched
[03:54:54] 3614 MapPositions uncatched
[03:54:54] 14681 MapPositions catched
[03:54:54] 42 MapZaaps catched
[03:54:54] 79 MapSubways catched
[03:54:55] 15228 SpellLevels catched 
[03:54:55] 4772 Spells catched 
[03:54:55] 316 GuildEmblems catched 
[03:54:55] 1179 LearnableSpells catched 
[03:54:55] 9780 ItemTemplates catched 
[03:54:55] 4489 Weapons catched 
[03:54:55] 363 ItemSets catched 
[03:54:55] 171 ItemTypes catched 
[03:54:56] 110 ItemPets catched 
[03:54:56] 2476 NpcTemplates catched 
[03:54:56] 787 NpcSpawns catched 
[03:54:56] 94 NpcItems catched 
[03:54:56] 19801 NpcMessages catched 
[03:54:56] 7 NpcReplies catched 
[03:54:56] 353 Triggers catched
[03:54:56] 1277 Paddocks catched
[03:54:56] 72 Mounts catched
[03:54:56] 4 Guild catched
[03:54:56] 3 GuildMembers catched
[03:54:57] 122 Handlers Readed
[03:54:58] 166 Messages Readed
[03:54:58] WorldServer start in 13390 ms.
[04:02:01] MySQL Database Connected
[04:02:01] 16 Breeds catched
[04:02:01] 256 Heads catched
[04:02:01] 561 Effects catched
[04:02:02] 4 SuperAreas catched
[04:02:02] 48 Areas catched
[04:02:07] MySQL Database Connected
[04:02:07] 16 Breeds catched
[04:02:07] 256 Heads catched
[04:02:07] 561 Effects catched
[04:02:08] 4 SuperAreas catched
[04:02:08] 48 Areas catched
[04:02:09] 334 SubAreas catched
[04:02:16] 11260 DofusMaps catched
[04:02:16] 9761 StatedElements catched
[04:02:16] 13349 InteractiveElements catched
[04:02:16] 1485 HouseInformations catched
[04:02:16] 556 InteractiveDoors catched
[04:02:16] 3614 MapPositions uncatched
[04:02:16] 14681 MapPositions catched
[04:02:16] 42 MapZaaps catched
[04:02:16] 79 MapSubways catched
[04:02:17] 15228 SpellLevels catched 
[04:02:17] 4772 Spells catched 
[04:02:17] 316 GuildEmblems catched 
[04:02:17] 1179 LearnableSpells catched 
[04:02:17] 9780 ItemTemplates catched 
[04:02:17] 4489 Weapons catched 
[04:02:17] 363 ItemSets catched 
[04:02:17] 171 ItemTypes catched 
[04:02:17] 110 ItemPets catched 
[04:02:18] 2476 NpcTemplates catched 
[04:02:18] 787 NpcSpawns catched 
[04:02:18] 94 NpcItems catched 
[04:02:18] 19801 NpcMessages catched 
[04:02:18] 7 NpcReplies catched 
[04:02:18] 353 Triggers catched
[04:02:18] 1277 Paddocks catched
[04:02:18] 72 Mounts catched
[04:02:18] 4 Guild catched
[04:02:18] 3 GuildMembers catched
[04:02:19] 122 Handlers Readed
[04:02:19] 166 Messages Readed
[04:02:19] WorldServer start in 12514 ms.
[04:06:01] MySQL Database Connected
[04:06:01] 16 Breeds catched
[04:06:01] 256 Heads catched
[04:06:01] 561 Effects catched
[04:06:01] 4 SuperAreas catched
[04:06:01] 48 Areas catched
[04:06:02] 334 SubAreas catched
[04:06:10] 11260 DofusMaps catched
[04:06:10] 9761 StatedElements catched
[04:06:10] 13349 InteractiveElements catched
[04:06:10] 1485 HouseInformations catched
[04:06:10] 556 InteractiveDoors catched
[04:06:10] 3614 MapPositions uncatched
[04:06:10] 14681 MapPositions catched
[04:06:10] 42 MapZaaps catched
[04:06:10] 79 MapSubways catched
[04:06:10] 15228 SpellLevels catched 
[04:06:10] 4772 Spells catched 
[04:06:10] 316 GuildEmblems catched 
[04:06:10] 1179 LearnableSpells catched 
[04:06:11] 9780 ItemTemplates catched 
[04:06:11] 4489 Weapons catched 
[04:06:11] 363 ItemSets catched 
[04:06:11] 171 ItemTypes catched 
[04:06:11] 110 ItemPets catched 
[04:06:11] 2476 NpcTemplates catched 
[04:06:11] 787 NpcSpawns catched 
[04:06:11] 94 NpcItems catched 
[04:06:11] 19801 NpcMessages catched 
[04:06:11] 7 NpcReplies catched 
[04:06:12] 353 Triggers catched
[04:06:12] 1277 Paddocks catched
[04:06:12] 72 Mounts catched
[04:06:12] 4 Guild catched
[04:06:12] 3 GuildMembers catched
[04:06:12] 122 Handlers Readed
[04:06:13] 166 Messages Readed
[04:06:13] WorldServer start in 12545 ms.
[04:07:50] MySQL Database Connected
[04:07:50] 16 Breeds catched
[04:07:50] 256 Heads catched
[04:07:50] 561 Effects catched
[04:07:50] 4 SuperAreas catched
[04:07:50] 48 Areas catched
[04:07:51] 334 SubAreas catched
[04:07:59] 11260 DofusMaps catched
[04:07:59] 9761 StatedElements catched
[04:07:59] 13349 InteractiveElements catched
[04:07:59] 1485 HouseInformations catched
[04:07:59] 556 InteractiveDoors catched
[04:07:59] 3614 MapPositions uncatched
[04:07:59] 14681 MapPositions catched
[04:07:59] 42 MapZaaps catched
[04:07:59] 79 MapSubways catched
[04:07:59] 15228 SpellLevels catched 
[04:07:59] 4772 Spells catched 
[04:07:59] 316 GuildEmblems catched 
[04:07:59] 1179 LearnableSpells catched 
[04:08:00] 9780 ItemTemplates catched 
[04:08:00] 4489 Weapons catched 
[04:08:00] 363 ItemSets catched 
[04:08:00] 171 ItemTypes catched 
[04:08:00] 110 ItemPets catched 
[04:08:00] 2476 NpcTemplates catched 
[04:08:00] 787 NpcSpawns catched 
[04:08:00] 94 NpcItems catched 
[04:08:00] 19801 NpcMessages catched 
[04:08:00] 7 NpcReplies catched 
[04:08:01] 353 Triggers catched
[04:08:01] 1277 Paddocks catched
[04:08:01] 72 Mounts catched
[04:08:01] 4 Guild catched
[04:08:01] 3 GuildMembers catched
[04:08:01] 122 Handlers Readed
[04:08:02] 166 Messages Readed
[04:08:02] WorldServer start in 12562 ms.
[09:17:18] 16 Breeds catched
[09:17:18] 256 Heads catched
[09:17:18] 561 Effects catched
[09:20:10] MySQL Database Connected
[09:20:10] 16 Breeds catched
[09:20:10] 256 Heads catched
[09:20:10] 561 Effects catched
[09:20:11] 4 SuperAreas catched
[09:20:11] 48 Areas catched
[09:20:12] 334 SubAreas catched
[09:20:38] 11260 DofusMaps catched
[09:20:38] 9761 StatedElements catched
[09:20:38] 13349 InteractiveElements catched
[09:20:39] 1485 HouseInformations catched
[09:20:39] 556 InteractiveDoors catched
[09:20:39] 3614 MapPositions uncatched
[09:20:39] 14681 MapPositions catched
[09:20:39] 42 MapZaaps catched
[09:20:39] 79 MapSubways catched
[09:20:39] 15228 SpellLevels catched 
[09:20:40] 4772 Spells catched 
[09:20:40] 316 GuildEmblems catched 
[09:20:40] 1179 LearnableSpells catched 
[09:20:40] 9780 ItemTemplates catched 
[09:20:41] 4489 Weapons catched 
[09:20:41] 363 ItemSets catched 
[09:20:41] 171 ItemTypes catched 
[09:20:41] 110 ItemPets catched 
[09:20:42] 2476 NpcTemplates catched 
[09:20:42] 787 NpcSpawns catched 
[09:20:42] 94 NpcItems catched 
[09:20:43] 19801 NpcMessages catched 
[09:20:43] 7 NpcReplies catched 
[09:20:43] 353 Triggers catched
[09:20:43] 1277 Paddocks catched
[09:20:43] 72 Mounts catched
[09:20:44] 4 Guild catched
[09:20:44] 3 GuildMembers catched
[09:20:51] 122 Handlers Readed
[09:20:55] 166 Messages Readed
[09:20:55] WorldServer start in 45370 ms.
[09:26:50] MySQL Database Connected
[09:26:50] 16 Breeds catched
[09:26:50] 256 Heads catched
[09:26:50] 561 Effects catched
[09:26:50] 4 SuperAreas catched
[09:26:50] 48 Areas catched
[09:26:51] 334 SubAreas catched
[09:26:58] 11260 DofusMaps catched
[09:26:58] 9761 StatedElements catched
[09:26:58] 13349 InteractiveElements catched
[09:26:58] 1485 HouseInformations catched
[09:26:58] 556 InteractiveDoors catched
[09:26:59] 3614 MapPositions uncatched
[09:26:59] 14681 MapPositions catched
[09:26:59] 42 MapZaaps catched
[09:26:59] 79 MapSubways catched
[09:26:59] 15228 SpellLevels catched 
[09:26:59] 4772 Spells catched 
[09:26:59] 316 GuildEmblems catched 
[09:26:59] 1179 LearnableSpells catched 
[09:26:59] 9780 ItemTemplates catched 
[09:26:59] 4489 Weapons catched 
[09:26:59] 363 ItemSets catched 
[09:26:59] 171 ItemTypes catched 
[09:27:00] 110 ItemPets catched 
[09:27:00] 2476 NpcTemplates catched 
[09:27:00] 787 NpcSpawns catched 
[09:27:00] 94 NpcItems catched 
[09:27:00] 19801 NpcMessages catched 
[09:27:00] 7 NpcReplies catched 
[09:27:00] 353 Triggers catched
[09:27:00] 1277 Paddocks catched
[09:27:00] 72 Mounts catched
[09:27:00] 4 Guild catched
[09:27:00] 3 GuildMembers catched
[09:27:01] 122 Handlers Readed
[09:27:01] 166 Messages Readed
[09:27:01] WorldServer start in 12050 ms.
[09:38:29] MySQL Database Connected
[09:38:29] 16 Breeds catched
[09:38:29] 256 Heads catched
[09:38:29] 561 Effects catched
[09:38:29] 4 SuperAreas catched
[09:38:29] 48 Areas catched
[09:38:30] 334 SubAreas catched
[09:39:16] MySQL Database Connected
[09:39:16] 16 Breeds catched
[09:39:16] 256 Heads catched
[09:39:16] 561 Effects catched
[09:39:16] 4 SuperAreas catched
[09:39:16] 48 Areas catched
[09:39:17] 334 SubAreas catched
[09:39:26] 11260 DofusMaps catched
[09:39:26] 9761 StatedElements catched
[09:39:26] 13349 InteractiveElements catched
[09:39:26] 1485 HouseInformations catched
[09:39:26] 556 InteractiveDoors catched
[09:39:27] 3614 MapPositions uncatched
[09:39:27] 14681 MapPositions catched
[09:39:27] 42 MapZaaps catched
[09:39:27] 79 MapSubways catched
[09:39:27] 15228 SpellLevels catched 
[09:39:27] 4772 Spells catched 
[09:39:27] 316 GuildEmblems catched 
[09:39:27] 1179 LearnableSpells catched 
[09:39:27] 9780 ItemTemplates catched 
[09:39:27] 4489 Weapons catched 
[09:39:27] 363 ItemSets catched 
[09:39:27] 171 ItemTypes catched 
[09:39:28] 110 ItemPets catched 
[09:39:28] 2476 NpcTemplates catched 
[09:39:28] 787 NpcSpawns catched 
[09:39:28] 94 NpcItems catched 
[09:39:28] 19801 NpcMessages catched 
[09:39:28] 7 NpcReplies catched 
[09:39:28] 353 Triggers catched
[09:39:28] 1277 Paddocks catched
[09:39:28] 72 Mounts catched
[09:39:28] 4 Guild catched
[09:39:28] 3 GuildMembers catched
[09:39:29] 122 Handlers Readed
[09:39:29] 166 Messages Readed
[09:39:29] WorldServer start in 14159 ms.
[09:42:32] MySQL Database Connected
[09:42:33] 16 Breeds catched
[09:42:33] 256 Heads catched
[09:42:33] 561 Effects catched
[09:42:33] 4 SuperAreas catched
[09:42:33] 48 Areas catched
[09:42:34] 334 SubAreas catched
[09:42:41] 11260 DofusMaps catched
[09:42:41] 9761 StatedElements catched
[09:42:41] 13349 InteractiveElements catched
[09:42:41] 1485 HouseInformations catched
[09:42:41] 556 InteractiveDoors catched
[09:42:41] 3614 MapPositions uncatched
[09:42:41] 14681 MapPositions catched
[09:42:41] 42 MapZaaps catched
[09:42:41] 79 MapSubways catched
[09:42:41] 15228 SpellLevels catched 
[09:42:42] 4772 Spells catched 
[09:42:42] 316 GuildEmblems catched 
[09:42:42] 1179 LearnableSpells catched 
[09:42:42] 9780 ItemTemplates catched 
[09:42:42] 4489 Weapons catched 
[09:42:42] 363 ItemSets catched 
[09:42:42] 171 ItemTypes catched 
[09:42:42] 110 ItemPets catched 
[09:42:42] 2476 NpcTemplates catched 
[09:42:42] 787 NpcSpawns catched 
[09:42:42] 94 NpcItems catched 
[09:42:43] 19801 NpcMessages catched 
[09:42:43] 7 NpcReplies catched 
[09:42:43] 353 Triggers catched
[09:42:43] 1277 Paddocks catched
[09:42:43] 72 Mounts catched
[09:42:43] 4 Guild catched
[09:42:43] 3 GuildMembers catched
[09:42:43] 122 Handlers Readed
[09:42:44] 166 Messages Readed
[09:42:44] WorldServer start in 11780 ms.
[09:42:47] MySQL Database Connected
[09:42:47] 16 Breeds catched
[09:42:47] 256 Heads catched
[09:42:47] 561 Effects catched
[09:42:48] 4 SuperAreas catched
[09:42:48] 48 Areas catched
[09:42:49] 334 SubAreas catched
[09:42:56] 11260 DofusMaps catched
[09:42:56] 9761 StatedElements catched
[09:42:56] 13349 InteractiveElements catched
[09:42:57] 1485 HouseInformations catched
[09:42:57] 556 InteractiveDoors catched
[09:42:57] 3614 MapPositions uncatched
[09:42:57] 14681 MapPositions catched
[09:42:57] 42 MapZaaps catched
[09:42:57] 79 MapSubways catched
[09:42:57] 15228 SpellLevels catched 
[09:42:57] 4772 Spells catched 
[09:42:57] 316 GuildEmblems catched 
[09:42:57] 1179 LearnableSpells catched 
[09:42:57] 9780 ItemTemplates catched 
[09:42:57] 4489 Weapons catched 
[09:42:57] 363 ItemSets catched 
[09:42:57] 171 ItemTypes catched 
[09:42:57] 110 ItemPets catched 
[09:42:58] 2476 NpcTemplates catched 
[09:42:58] 787 NpcSpawns catched 
[09:42:58] 94 NpcItems catched 
[09:42:58] 19801 NpcMessages catched 
[09:42:58] 7 NpcReplies catched 
[09:42:58] 353 Triggers catched
[09:42:58] 1277 Paddocks catched
[09:42:58] 72 Mounts catched
[09:42:58] 4 Guild catched
[09:42:58] 3 GuildMembers catched
[09:42:59] 122 Handlers Readed
[09:42:59] 166 Messages Readed
[09:42:59] WorldServer start in 12175 ms.
[09:45:12] MySQL Database Connected
[09:45:12] 16 Breeds catched
[09:45:12] 256 Heads catched
[09:45:12] 561 Effects catched
[09:45:13] 4 SuperAreas catched
[09:45:13] 48 Areas catched
[09:45:14] 334 SubAreas catched
[09:45:21] 11260 DofusMaps catched
[09:45:21] 9761 StatedElements catched
[09:45:21] 13349 InteractiveElements catched
[09:45:21] 1485 HouseInformations catched
[09:45:21] 556 InteractiveDoors catched
[09:45:21] 3614 MapPositions uncatched
[09:45:21] 14681 MapPositions catched
[09:45:21] 42 MapZaaps catched
[09:45:21] 79 MapSubways catched
[09:45:21] 15228 SpellLevels catched 
[09:45:21] 4772 Spells catched 
[09:45:21] 316 GuildEmblems catched 
[09:45:21] 1179 LearnableSpells catched 
[09:45:22] 9780 ItemTemplates catched 
[09:45:22] 4489 Weapons catched 
[09:45:22] 363 ItemSets catched 
[09:45:22] 171 ItemTypes catched 
[09:45:22] 110 ItemPets catched 
[09:45:22] 2476 NpcTemplates catched 
[09:45:22] 787 NpcSpawns catched 
[09:45:22] 94 NpcItems catched 
[09:45:22] 19801 NpcMessages catched 
[09:45:22] 7 NpcReplies catched 
[09:45:23] 353 Triggers catched
[09:45:23] 1277 Paddocks catched
[09:45:23] 72 Mounts catched
[09:45:23] 4 Guild catched
[09:45:23] 3 GuildMembers catched
[09:45:23] 122 Handlers Readed
[09:45:24] 166 Messages Readed
[09:45:24] WorldServer start in 11945 ms.
[09:50:28] MySQL Database Connected
[09:50:28] 16 Breeds catched
[09:50:28] 256 Heads catched
[09:50:28] 561 Effects catched
[09:50:28] 4 SuperAreas catched
[09:50:28] 48 Areas catched
[09:50:29] 334 SubAreas catched
[09:50:37] 11260 DofusMaps catched
[09:50:37] 9761 StatedElements catched
[09:50:37] 13349 InteractiveElements catched
[09:50:37] 1485 HouseInformations catched
[09:50:37] 556 InteractiveDoors catched
[09:50:37] 3614 MapPositions uncatched
[09:50:37] 14681 MapPositions catched
[09:50:37] 42 MapZaaps catched
[09:50:37] 79 MapSubways catched
[09:50:38] 15228 SpellLevels catched 
[09:50:38] 4772 Spells catched 
[09:50:38] 316 GuildEmblems catched 
[09:50:38] 1179 LearnableSpells catched 
[09:50:38] 9780 ItemTemplates catched 
[09:50:38] 4489 Weapons catched 
[09:50:38] 363 ItemSets catched 
[09:50:38] 171 ItemTypes catched 
[09:50:38] 110 ItemPets catched 
[09:50:39] 2476 NpcTemplates catched 
[09:50:39] 787 NpcSpawns catched 
[09:50:39] 94 NpcItems catched 
[09:50:39] 19801 NpcMessages catched 
[09:50:39] 7 NpcReplies catched 
[09:50:39] 353 Triggers catched
[09:50:39] 1277 Paddocks catched
[09:50:39] 72 Mounts catched
[09:50:39] 4 Guild catched
[09:50:39] 3 GuildMembers catched
[09:50:40] 122 Handlers Readed
[09:50:40] 166 Messages Readed
[09:50:40] WorldServer start in 12531 ms.
[09:53:21] MySQL Database Connected
[09:53:21] 16 Breeds catched
[09:53:21] 256 Heads catched
[09:53:21] 561 Effects catched
[09:53:22] 4 SuperAreas catched
[09:53:22] 48 Areas catched
[09:53:23] 334 SubAreas catched
[09:53:30] 11260 DofusMaps catched
[09:53:30] 9761 StatedElements catched
[09:53:31] 13349 InteractiveElements catched
[09:53:31] 1485 HouseInformations catched
[09:53:31] 556 InteractiveDoors catched
[09:53:31] 3614 MapPositions uncatched
[09:53:31] 14681 MapPositions catched
[09:53:31] 42 MapZaaps catched
[09:53:31] 79 MapSubways catched
[09:53:31] 15228 SpellLevels catched 
[09:53:31] 4772 Spells catched 
[09:53:31] 316 GuildEmblems catched 
[09:53:31] 1179 LearnableSpells catched 
[09:53:31] 9780 ItemTemplates catched 
[09:53:31] 4489 Weapons catched 
[09:53:31] 363 ItemSets catched 
[09:53:31] 171 ItemTypes catched 
[09:53:32] 110 ItemPets catched 
[09:53:32] 2476 NpcTemplates catched 
[09:53:32] 787 NpcSpawns catched 
[09:53:32] 94 NpcItems catched 
[09:53:32] 19801 NpcMessages catched 
[09:53:32] 7 NpcReplies catched 
[09:53:32] 353 Triggers catched
[09:53:32] 1277 Paddocks catched
[09:53:32] 72 Mounts catched
[09:53:32] 4 Guild catched
[09:53:32] 3 GuildMembers catched
[09:53:33] 122 Handlers Readed
[09:53:33] 166 Messages Readed
[09:53:33] WorldServer start in 12405 ms.
[10:05:49] MySQL Database Connected
[10:05:49] 16 Breeds catched
[10:05:49] 256 Heads catched
[10:05:49] 561 Effects catched
[10:05:50] 4 SuperAreas catched
[10:05:50] 48 Areas catched
[10:05:51] 334 SubAreas catched
[10:05:58] 11260 DofusMaps catched
[10:05:58] 9761 StatedElements catched
[10:05:58] 13349 InteractiveElements catched
[10:05:59] 1485 HouseInformations catched
[10:05:59] 556 InteractiveDoors catched
[10:05:59] 3614 MapPositions uncatched
[10:05:59] 14681 MapPositions catched
[10:05:59] 42 MapZaaps catched
[10:05:59] 79 MapSubways catched
[10:05:59] 15228 SpellLevels catched 
[10:05:59] 4772 Spells catched 
[10:05:59] 316 GuildEmblems catched 
[10:05:59] 1179 LearnableSpells catched 
[10:05:59] 9780 ItemTemplates catched 
[10:05:59] 4489 Weapons catched 
[10:05:59] 363 ItemSets catched 
[10:05:59] 171 ItemTypes catched 
[10:05:59] 110 ItemPets catched 
[10:06:00] 2476 NpcTemplates catched 
[10:06:00] 787 NpcSpawns catched 
[10:06:00] 94 NpcItems catched 
[10:06:00] 19801 NpcMessages catched 
[10:06:00] 7 NpcReplies catched 
[10:06:00] 353 Triggers catched
[10:06:00] 1277 Paddocks catched
[10:06:00] 72 Mounts catched
[10:06:00] 4 Guild catched
[10:06:00] 3 GuildMembers catched
[10:06:01] 122 Handlers Readed
[10:06:01] 166 Messages Readed
[10:06:01] WorldServer start in 12628 ms.
[10:06:38] MySQL Database Connected
[10:06:38] 16 Breeds catched
[10:06:38] 256 Heads catched
[10:06:38] 561 Effects catched
[10:06:38] 4 SuperAreas catched
[10:06:38] 48 Areas catched
[10:06:39] 334 SubAreas catched
[10:06:44] MySQL Database Connected
[10:06:44] 16 Breeds catched
[10:06:44] 256 Heads catched
[10:06:44] 561 Effects catched
[10:06:45] 4 SuperAreas catched
[10:06:45] 48 Areas catched
[10:06:46] 334 SubAreas catched
[10:06:53] 11260 DofusMaps catched
[10:06:53] 9761 StatedElements catched
[10:06:53] 13349 InteractiveElements catched
[10:06:53] 1485 HouseInformations catched
[10:06:53] 556 InteractiveDoors catched
[10:06:53] 3614 MapPositions uncatched
[10:06:53] 14681 MapPositions catched
[10:06:53] 42 MapZaaps catched
[10:06:53] 79 MapSubways catched
[10:06:53] 15228 SpellLevels catched 
[10:06:54] 4772 Spells catched 
[10:06:54] 316 GuildEmblems catched 
[10:06:54] 1179 LearnableSpells catched 
[10:06:54] 9780 ItemTemplates catched 
[10:06:54] 4489 Weapons catched 
[10:06:54] 363 ItemSets catched 
[10:06:54] 171 ItemTypes catched 
[10:06:54] 110 ItemPets catched 
[10:06:55] 2476 NpcTemplates catched 
[10:06:55] 787 NpcSpawns catched 
[10:06:55] 94 NpcItems catched 
[10:06:55] 19801 NpcMessages catched 
[10:06:55] 7 NpcReplies catched 
[10:06:55] 353 Triggers catched
[10:06:55] 1277 Paddocks catched
[10:06:55] 72 Mounts catched
[10:06:55] 4 Guild catched
[10:06:55] 3 GuildMembers catched
[10:06:55] 122 Handlers Readed
[10:06:56] 166 Messages Readed
[10:06:56] WorldServer start in 11964 ms.
[10:19:19] MySQL Database Connected
[10:19:19] 16 Breeds catched
[10:19:19] 256 Heads catched
[10:19:19] 561 Effects catched
[10:20:56] MySQL Database Connected
[10:20:56] 16 Breeds catched
[10:20:56] 256 Heads catched
[10:20:56] 561 Effects catched
[10:20:56] 4 SuperAreas catched
[10:20:56] 48 Areas catched
[10:20:57] 334 SubAreas catched
[10:21:11] 11260 DofusMaps catched
[10:21:11] 9761 StatedElements catched
[10:21:11] 13349 InteractiveElements catched
[10:21:11] 1485 HouseInformations catched
[10:21:11] 556 InteractiveDoors catched
[10:21:11] 3614 MapPositions uncatched
[10:21:11] 14681 MapPositions catched
[10:21:11] 42 MapZaaps catched
[10:21:11] 79 MapSubways catched
[10:25:59] MySQL Database Connected
[10:26:00] 16 Breeds catched
[10:26:00] 256 Heads catched
[10:26:00] 561 Effects catched
[10:26:00] 4 SuperAreas catched
[10:26:00] 48 Areas catched
[10:26:01] 334 SubAreas catched
[10:26:10] 11260 DofusMaps catched
[10:26:10] 9761 StatedElements catched
[10:26:10] 13349 InteractiveElements catched
[10:26:10] 1485 HouseInformations catched
[10:26:10] 556 InteractiveDoors catched
[10:26:11] 3614 MapPositions uncatched
[10:26:11] 14681 MapPositions catched
[10:26:11] 42 MapZaaps catched
[10:26:11] 79 MapSubways catched
[10:26:11] 15228 SpellLevels catched 
[10:26:11] 4772 Spells catched 
[10:26:11] 316 GuildEmblems catched 
[10:26:11] 1179 LearnableSpells catched 
[10:26:12] 9780 ItemTemplates catched 
[10:26:12] 4489 Weapons catched 
[10:26:12] 363 ItemSets catched 
[10:26:12] 171 ItemTypes catched 
[10:26:12] 110 ItemPets catched 
[10:26:12] 2476 NpcTemplates catched 
[10:26:12] 787 NpcSpawns catched 
[10:26:12] 94 NpcItems catched 
[10:26:13] 19801 NpcMessages catched 
[10:26:13] 7 NpcReplies catched 
[10:26:13] 353 Triggers catched
[10:26:13] 1277 Paddocks catched
[10:26:13] 72 Mounts catched
[10:26:13] 4 Guild catched
[10:26:13] 3 GuildMembers catched
[10:26:14] 122 Handlers Readed
[10:26:14] 166 Messages Readed
[10:26:14] WorldServer start in 15028 ms.
[10:29:16] MySQL Database Connected
[10:29:16] 16 Breeds catched
[10:29:16] 256 Heads catched
[10:29:16] 561 Effects catched
[10:29:17] 4 SuperAreas catched
[10:29:17] 48 Areas catched
[10:29:18] 334 SubAreas catched
[10:29:25] 11260 DofusMaps catched
[10:29:25] 9761 StatedElements catched
[10:29:25] 13349 InteractiveElements catched
[10:29:25] 1485 HouseInformations catched
[10:29:25] 556 InteractiveDoors catched
[10:29:25] 3614 MapPositions uncatched
[10:29:25] 14681 MapPositions catched
[10:29:25] 42 MapZaaps catched
[10:29:25] 79 MapSubways catched
[10:29:26] 15228 SpellLevels catched 
[10:29:26] 4772 Spells catched 
[10:29:26] 316 GuildEmblems catched 
[10:29:26] 1179 LearnableSpells catched 
[10:29:26] 9780 ItemTemplates catched 
[10:29:26] 4489 Weapons catched 
[10:29:26] 363 ItemSets catched 
[10:29:26] 171 ItemTypes catched 
[10:29:26] 110 ItemPets catched 
[10:29:27] 2476 NpcTemplates catched 
[10:29:27] 787 NpcSpawns catched 
[10:29:27] 94 NpcItems catched 
[10:29:27] 19801 NpcMessages catched 
[10:29:27] 7 NpcReplies catched 
[10:29:27] 353 Triggers catched
[10:29:27] 1277 Paddocks catched
[10:29:27] 72 Mounts catched
[10:29:27] 4 Guild catched
[10:29:27] 3 GuildMembers catched
[10:29:28] 122 Handlers Readed
[10:29:28] 166 Messages Readed
[10:29:28] WorldServer start in 12234 ms.
[10:31:49] MySQL Database Connected
[10:31:49] 16 Breeds catched
[10:31:49] 256 Heads catched
[10:31:49] 561 Effects catched
[10:31:50] 4 SuperAreas catched
[10:31:50] 48 Areas catched
[10:31:51] 334 SubAreas catched
[10:31:58] 11260 DofusMaps catched
[10:31:58] 9761 StatedElements catched
[10:31:58] 13349 InteractiveElements catched
[10:31:58] 1485 HouseInformations catched
[10:31:58] 556 InteractiveDoors catched
[10:31:58] 3614 MapPositions uncatched
[10:31:58] 14681 MapPositions catched
[10:31:58] 42 MapZaaps catched
[10:31:58] 79 MapSubways catched
[10:31:59] 15228 SpellLevels catched 
[10:31:59] 4772 Spells catched 
[10:31:59] 316 GuildEmblems catched 
[10:31:59] 1179 LearnableSpells catched 
[10:31:59] 9780 ItemTemplates catched 
[10:31:59] 4489 Weapons catched 
[10:31:59] 363 ItemSets catched 
[10:31:59] 171 ItemTypes catched 
[10:31:59] 110 ItemPets catched 
[10:32:00] 2476 NpcTemplates catched 
[10:32:00] 787 NpcSpawns catched 
[10:32:00] 94 NpcItems catched 
[10:32:00] 19801 NpcMessages catched 
[10:32:00] 7 NpcReplies catched 
[10:32:00] 353 Triggers catched
[10:32:00] 1277 Paddocks catched
[10:32:00] 72 Mounts catched
[10:32:00] 4 Guild catched
[10:32:00] 3 GuildMembers catched
[10:32:01] 122 Handlers Readed
[10:32:01] 166 Messages Readed
[10:32:01] WorldServer start in 12307 ms.
[10:36:19] MySQL Database Connected
[10:36:19] 16 Breeds catched
[10:36:19] 256 Heads catched
[10:36:19] 561 Effects catched
[10:36:19] 4 SuperAreas catched
[10:36:20] 48 Areas catched
[10:36:20] 334 SubAreas catched
[10:36:28] 11260 DofusMaps catched
[10:36:28] 9761 StatedElements catched
[10:36:28] 13349 InteractiveElements catched
[10:36:28] 1485 HouseInformations catched
[10:36:28] 556 InteractiveDoors catched
[10:36:28] 3614 MapPositions uncatched
[10:36:28] 14681 MapPositions catched
[10:36:28] 42 MapZaaps catched
[10:36:28] 79 MapSubways catched
[10:36:28] 15228 SpellLevels catched 
[10:36:29] 4772 Spells catched 
[10:36:29] 316 GuildEmblems catched 
[10:36:29] 1179 LearnableSpells catched 
[10:36:29] 9780 ItemTemplates catched 
[10:36:29] 4489 Weapons catched 
[10:36:29] 363 ItemSets catched 
[10:36:29] 171 ItemTypes catched 
[10:36:29] 110 ItemPets catched 
[10:36:29] 2476 NpcTemplates catched 
[10:36:29] 787 NpcSpawns catched 
[10:36:29] 94 NpcItems catched 
[10:36:30] 19801 NpcMessages catched 
[10:36:30] 7 NpcReplies catched 
[10:36:30] 353 Triggers catched
[10:36:30] 1277 Paddocks catched
[10:36:30] 72 Mounts catched
[10:36:30] 4 Guild catched
[10:36:30] 3 GuildMembers catched
[10:36:30] 122 Handlers Readed
[10:36:31] 166 Messages Readed
[10:36:31] WorldServer start in 12104 ms.
[10:39:42] MySQL Database Connected
[10:39:42] 16 Breeds catched
[10:39:42] 256 Heads catched
[10:39:42] 561 Effects catched
[10:39:43] 4 SuperAreas catched
[10:39:43] 48 Areas catched
[10:39:44] 334 SubAreas catched
[10:39:51] 11260 DofusMaps catched
[10:39:51] 9761 StatedElements catched
[10:39:51] 13349 InteractiveElements catched
[10:39:51] 1485 HouseInformations catched
[10:39:51] 556 InteractiveDoors catched
[10:39:51] 3614 MapPositions uncatched
[10:39:51] 14681 MapPositions catched
[10:39:51] 42 MapZaaps catched
[10:39:51] 79 MapSubways catched
[10:39:52] 15228 SpellLevels catched 
[10:39:52] 4772 Spells catched 
[10:39:52] 316 GuildEmblems catched 
[10:39:52] 1179 LearnableSpells catched 
[10:39:52] 9780 ItemTemplates catched 
[10:39:52] 4489 Weapons catched 
[10:39:52] 363 ItemSets catched 
[10:39:52] 171 ItemTypes catched 
[10:39:52] 110 ItemPets catched 
[10:39:53] 2476 NpcTemplates catched 
[10:39:53] 787 NpcSpawns catched 
[10:39:53] 94 NpcItems catched 
[10:39:53] 19801 NpcMessages catched 
[10:39:53] 7 NpcReplies catched 
[10:39:53] 353 Triggers catched
[10:39:53] 1277 Paddocks catched
[10:39:53] 72 Mounts catched
[10:39:53] 4 Guild catched
[10:39:53] 3 GuildMembers catched
[10:39:54] 122 Handlers Readed
[10:39:54] 166 Messages Readed
[10:39:54] WorldServer start in 12313 ms.
[10:41:49] MySQL Database Connected
[10:41:49] 16 Breeds catched
[10:41:49] 256 Heads catched
[10:41:49] 561 Effects catched
[10:41:50] 4 SuperAreas catched
[10:41:50] 48 Areas catched
[10:41:51] 334 SubAreas catched
[10:41:58] 11260 DofusMaps catched
[10:41:58] 9761 StatedElements catched
[10:41:58] 13349 InteractiveElements catched
[10:41:59] 1485 HouseInformations catched
[10:41:59] 556 InteractiveDoors catched
[10:41:59] 3614 MapPositions uncatched
[10:41:59] 14681 MapPositions catched
[10:41:59] 42 MapZaaps catched
[10:41:59] 79 MapSubways catched
[10:41:59] 15228 SpellLevels catched 
[10:41:59] 4772 Spells catched 
[10:41:59] 316 GuildEmblems catched 
[10:41:59] 1179 LearnableSpells catched 
[10:41:59] 9780 ItemTemplates catched 
[10:42:00] 4489 Weapons catched 
[10:42:00] 363 ItemSets catched 
[10:42:00] 171 ItemTypes catched 
[10:42:00] 110 ItemPets catched 
[10:42:00] 2476 NpcTemplates catched 
[10:42:00] 787 NpcSpawns catched 
[10:42:00] 94 NpcItems catched 
[10:42:00] 19801 NpcMessages catched 
[10:42:00] 7 NpcReplies catched 
[10:42:01] 353 Triggers catched
[10:42:01] 1277 Paddocks catched
[10:42:01] 72 Mounts catched
[10:42:01] 4 Guild catched
[10:42:01] 3 GuildMembers catched
[10:42:01] 122 Handlers Readed
[10:42:02] 166 Messages Readed
[10:42:02] WorldServer start in 12577 ms.
[10:45:46] MySQL Database Connected
[10:45:46] 16 Breeds catched
[10:45:46] 256 Heads catched
[10:45:46] 561 Effects catched
[10:45:47] 4 SuperAreas catched
[10:45:47] 48 Areas catched
[10:45:48] 334 SubAreas catched
[10:45:55] 11260 DofusMaps catched
[10:45:55] 9761 StatedElements catched
[10:45:55] 13349 InteractiveElements catched
[10:45:55] 1485 HouseInformations catched
[10:45:55] 556 InteractiveDoors catched
[10:45:56] 3614 MapPositions uncatched
[10:45:56] 14681 MapPositions catched
[10:45:56] 42 MapZaaps catched
[10:45:56] 79 MapSubways catched
[10:45:56] 15228 SpellLevels catched 
[10:45:56] 4772 Spells catched 
[10:45:56] 316 GuildEmblems catched 
[10:45:56] 1179 LearnableSpells catched 
[10:45:56] 9780 ItemTemplates catched 
[10:45:56] 4489 Weapons catched 
[10:45:56] 363 ItemSets catched 
[10:45:56] 171 ItemTypes catched 
[10:45:56] 110 ItemPets catched 
[10:45:57] 2476 NpcTemplates catched 
[10:45:57] 787 NpcSpawns catched 
[10:45:57] 94 NpcItems catched 
[10:45:57] 19801 NpcMessages catched 
[10:45:57] 7 NpcReplies catched 
[10:45:57] 353 Triggers catched
[10:45:57] 1277 Paddocks catched
[10:45:57] 72 Mounts catched
[10:45:57] 4 Guild catched
[10:45:57] 3 GuildMembers catched
[10:45:58] 122 Handlers Readed
[10:45:58] 166 Messages Readed
[10:45:58] WorldServer start in 12324 ms.
[10:47:32] MySQL Database Connected
[10:47:32] 16 Breeds catched
[10:47:32] 256 Heads catched
[10:47:32] 561 Effects catched
[10:47:32] 4 SuperAreas catched
[10:47:32] 48 Areas catched
[10:47:33] 334 SubAreas catched
[10:47:41] 11260 DofusMaps catched
[10:47:41] 9761 StatedElements catched
[10:47:41] 13349 InteractiveElements catched
[10:47:41] 1485 HouseInformations catched
[10:47:41] 556 InteractiveDoors catched
[10:47:41] 3614 MapPositions uncatched
[10:47:41] 14681 MapPositions catched
[10:47:41] 42 MapZaaps catched
[10:47:41] 79 MapSubways catched
[10:47:41] 15228 SpellLevels catched 
[10:47:41] 4772 Spells catched 
[10:47:41] 316 GuildEmblems catched 
[10:47:41] 1179 LearnableSpells catched 
[10:47:42] 9780 ItemTemplates catched 
[10:47:42] 4489 Weapons catched 
[10:47:42] 363 ItemSets catched 
[10:47:42] 171 ItemTypes catched 
[10:47:42] 110 ItemPets catched 
[10:47:42] 2476 NpcTemplates catched 
[10:47:42] 787 NpcSpawns catched 
[10:47:42] 94 NpcItems catched 
[10:47:42] 19801 NpcMessages catched 
[10:47:42] 7 NpcReplies catched 
[10:47:43] 353 Triggers catched
[10:47:43] 1277 Paddocks catched
[10:47:43] 72 Mounts catched
[10:47:43] 4 Guild catched
[10:47:43] 3 GuildMembers catched
[10:47:43] 122 Handlers Readed
[10:47:44] 166 Messages Readed
[10:47:44] WorldServer start in 12600 ms.
[10:55:07] MySQL Database Connected
[10:55:07] 16 Breeds catched
[10:55:07] 256 Heads catched
[10:55:07] 561 Effects catched
[10:55:07] 4 SuperAreas catched
[10:55:07] 48 Areas catched
[10:55:08] 334 SubAreas catched
[10:55:17] 11260 DofusMaps catched
[10:55:17] 9761 StatedElements catched
[10:55:17] 13349 InteractiveElements catched
[10:55:17] 1485 HouseInformations catched
[10:55:17] 556 InteractiveDoors catched
[10:55:17] 3614 MapPositions uncatched
[10:55:17] 14681 MapPositions catched
[10:55:17] 42 MapZaaps catched
[10:55:17] 79 MapSubways catched
[10:55:18] 15228 SpellLevels catched 
[10:55:18] 4772 Spells catched 
[10:55:18] 316 GuildEmblems catched 
[10:55:18] 1179 LearnableSpells catched 
[10:55:18] 9780 ItemTemplates catched 
[10:55:18] 4489 Weapons catched 
[10:55:18] 363 ItemSets catched 
[10:55:18] 171 ItemTypes catched 
[10:55:18] 110 ItemPets catched 
[10:55:19] 2476 NpcTemplates catched 
[10:55:19] 787 NpcSpawns catched 
[10:55:19] 94 NpcItems catched 
[10:55:19] 19801 NpcMessages catched 
[10:55:19] 7 NpcReplies catched 
[10:55:19] 353 Triggers catched
[10:55:19] 1277 Paddocks catched
[10:55:19] 72 Mounts catched
[10:55:19] 4 Guild catched
[10:55:19] 3 GuildMembers catched
[10:55:20] 122 Handlers Readed
[10:55:20] 166 Messages Readed
[10:55:20] WorldServer start in 14219 ms.
[10:57:22] MySQL Database Connected
[10:57:22] 16 Breeds catched
[10:57:22] 256 Heads catched
[10:57:22] 561 Effects catched
[10:57:22] 4 SuperAreas catched
[10:57:22] 48 Areas catched
[10:57:23] 334 SubAreas catched
[10:57:30] 11260 DofusMaps catched
[10:57:30] 9761 StatedElements catched
[10:57:30] 13349 InteractiveElements catched
[10:57:30] 1485 HouseInformations catched
[10:57:30] 556 InteractiveDoors catched
[10:57:31] 3614 MapPositions uncatched
[10:57:31] 14681 MapPositions catched
[10:57:31] 42 MapZaaps catched
[10:57:31] 79 MapSubways catched
[10:57:31] 15228 SpellLevels catched 
[10:57:31] 4772 Spells catched 
[10:57:31] 316 GuildEmblems catched 
[10:57:31] 1179 LearnableSpells catched 
[10:57:31] 9780 ItemTemplates catched 
[10:57:31] 4489 Weapons catched 
[10:57:31] 363 ItemSets catched 
[10:57:31] 171 ItemTypes catched 
[10:57:31] 110 ItemPets catched 
[10:57:32] 2476 NpcTemplates catched 
[10:57:32] 787 NpcSpawns catched 
[10:57:32] 94 NpcItems catched 
[10:57:32] 19801 NpcMessages catched 
[10:57:32] 7 NpcReplies catched 
[10:57:32] 353 Triggers catched
[10:57:32] 1277 Paddocks catched
[10:57:32] 72 Mounts catched
[10:57:32] 4 Guild catched
[10:57:32] 3 GuildMembers catched
[10:57:33] 122 Handlers Readed
[10:57:33] 166 Messages Readed
[10:57:33] WorldServer start in 11928 ms.
[10:59:11] MySQL Database Connected
[10:59:11] 16 Breeds catched
[10:59:11] 256 Heads catched
[10:59:11] 561 Effects catched
[10:59:12] 4 SuperAreas catched
[10:59:12] 48 Areas catched
[10:59:12] 334 SubAreas catched
[10:59:19] 11260 DofusMaps catched
[10:59:20] 9761 StatedElements catched
[10:59:20] 13349 InteractiveElements catched
[10:59:20] 1485 HouseInformations catched
[10:59:20] 556 InteractiveDoors catched
[10:59:20] 3614 MapPositions uncatched
[10:59:20] 14681 MapPositions catched
[10:59:20] 42 MapZaaps catched
[10:59:20] 79 MapSubways catched
[10:59:20] 15228 SpellLevels catched 
[10:59:20] 4772 Spells catched 
[10:59:20] 316 GuildEmblems catched 
[10:59:20] 1179 LearnableSpells catched 
[10:59:20] 9780 ItemTemplates catched 
[10:59:21] 4489 Weapons catched 
[10:59:21] 363 ItemSets catched 
[10:59:21] 171 ItemTypes catched 
[10:59:21] 110 ItemPets catched 
[10:59:21] 2476 NpcTemplates catched 
[10:59:21] 787 NpcSpawns catched 
[10:59:21] 94 NpcItems catched 
[10:59:21] 19801 NpcMessages catched 
[10:59:21] 7 NpcReplies catched 
[10:59:21] 353 Triggers catched
[10:59:21] 1277 Paddocks catched
[10:59:21] 72 Mounts catched
[10:59:22] 4 Guild catched
[10:59:22] 3 GuildMembers catched
[10:59:22] 122 Handlers Readed
[10:59:22] 166 Messages Readed
[10:59:23] WorldServer start in 11888 ms.
[11:00:27] MySQL Database Connected
[11:00:27] 16 Breeds catched
[11:00:27] 256 Heads catched
[11:00:27] 561 Effects catched
[11:00:28] 4 SuperAreas catched
[11:00:28] 48 Areas catched
[11:00:29] 334 SubAreas catched
[11:00:37] 11260 DofusMaps catched
[11:00:37] 9761 StatedElements catched
[11:00:37] 13349 InteractiveElements catched
[11:00:37] 1485 HouseInformations catched
[11:00:37] 556 InteractiveDoors catched
[11:00:37] 3614 MapPositions uncatched
[11:00:37] 14681 MapPositions catched
[11:00:37] 42 MapZaaps catched
[11:00:38] 79 MapSubways catched
[11:00:38] 15228 SpellLevels catched 
[11:00:38] 4772 Spells catched 
[11:00:38] 316 GuildEmblems catched 
[11:00:38] 1179 LearnableSpells catched 
[11:00:38] 9780 ItemTemplates catched 
[11:00:38] 4489 Weapons catched 
[11:00:38] 363 ItemSets catched 
[11:00:38] 171 ItemTypes catched 
[11:00:38] 110 ItemPets catched 
[11:00:39] 2476 NpcTemplates catched 
[11:00:39] 787 NpcSpawns catched 
[11:00:39] 94 NpcItems catched 
[11:00:39] 19801 NpcMessages catched 
[11:00:39] 7 NpcReplies catched 
[11:00:39] 353 Triggers catched
[11:00:39] 1277 Paddocks catched
[11:00:39] 72 Mounts catched
[11:00:39] 4 Guild catched
[11:00:39] 3 GuildMembers catched
[11:00:40] 122 Handlers Readed
[11:00:40] 166 Messages Readed
[11:00:40] WorldServer start in 13271 ms.
[11:03:54] MySQL Database Connected
[11:03:54] 16 Breeds catched
[11:03:54] 256 Heads catched
[11:03:54] 561 Effects catched
[11:03:54] 4 SuperAreas catched
[11:03:54] 48 Areas catched
[11:03:55] 334 SubAreas catched
[11:04:03] 11260 DofusMaps catched
[11:04:03] 9761 StatedElements catched
[11:04:03] 13349 InteractiveElements catched
[11:04:03] 1485 HouseInformations catched
[11:04:03] 556 InteractiveDoors catched
[11:04:03] 3614 MapPositions uncatched
[11:04:03] 14681 MapPositions catched
[11:04:03] 42 MapZaaps catched
[11:04:03] 79 MapSubways catched
[11:04:04] 15228 SpellLevels catched 
[11:04:04] 4772 Spells catched 
[11:04:04] 316 GuildEmblems catched 
[11:04:04] 1179 LearnableSpells catched 
[11:04:04] 9780 ItemTemplates catched 
[11:04:04] 4489 Weapons catched 
[11:04:04] 363 ItemSets catched 
[11:04:04] 171 ItemTypes catched 
[11:04:04] 110 ItemPets catched 
[11:04:05] 2476 NpcTemplates catched 
[11:04:05] 787 NpcSpawns catched 
[11:04:05] 94 NpcItems catched 
[11:04:05] 19801 NpcMessages catched 
[11:04:05] 7 NpcReplies catched 
[11:04:05] 353 Triggers catched
[11:04:05] 1277 Paddocks catched
[11:04:05] 72 Mounts catched
[11:04:05] 4 Guild catched
[11:04:05] 3 GuildMembers catched
[11:04:06] 122 Handlers Readed
[11:04:06] 166 Messages Readed
[11:04:06] WorldServer start in 12568 ms.
[11:16:00] MySQL Database Connected
[11:16:00] 16 Breeds catched
[11:16:00] 256 Heads catched
[11:16:00] 561 Effects catched
[11:16:01] 4 SuperAreas catched
[11:16:01] 48 Areas catched
[11:16:02] 334 SubAreas catched
[11:16:09] 11260 DofusMaps catched
[11:16:09] 9761 StatedElements catched
[11:16:09] 13349 InteractiveElements catched
[11:16:09] 1485 HouseInformations catched
[11:16:09] 556 InteractiveDoors catched
[11:16:10] 3614 MapPositions uncatched
[11:16:10] 14681 MapPositions catched
[11:16:10] 42 MapZaaps catched
[11:16:10] 79 MapSubways catched
[11:16:10] 15228 SpellLevels catched 
[11:16:10] 4772 Spells catched 
[11:16:10] 316 GuildEmblems catched 
[11:16:10] 1179 LearnableSpells catched 
[11:16:10] 9780 ItemTemplates catched 
[11:16:10] 4489 Weapons catched 
[11:16:10] 363 ItemSets catched 
[11:16:10] 171 ItemTypes catched 
[11:16:11] 110 ItemPets catched 
[11:16:11] 2476 NpcTemplates catched 
[11:16:11] 787 NpcSpawns catched 
[11:16:11] 94 NpcItems catched 
[11:16:11] 19801 NpcMessages catched 
[11:16:11] 7 NpcReplies catched 
[11:16:11] 353 Triggers catched
[11:16:11] 1277 Paddocks catched
[11:16:11] 72 Mounts catched
[11:16:11] 4 Guild catched
[11:16:11] 3 GuildMembers catched
[11:16:12] 122 Handlers Readed
[11:16:12] 166 Messages Readed
[11:16:13] WorldServer start in 12733 ms.
[11:17:23] MySQL Database Connected
[11:17:23] 16 Breeds catched
[11:17:23] 256 Heads catched
[11:17:23] 561 Effects catched
[11:17:23] 4 SuperAreas catched
[11:17:23] 48 Areas catched
[11:17:24] 334 SubAreas catched
[11:17:31] 11260 DofusMaps catched
[11:17:31] 9761 StatedElements catched
[11:17:32] 13349 InteractiveElements catched
[11:17:32] 1485 HouseInformations catched
[11:17:32] 556 InteractiveDoors catched
[11:17:32] 3614 MapPositions uncatched
[11:17:32] 14681 MapPositions catched
[11:17:32] 42 MapZaaps catched
[11:17:32] 79 MapSubways catched
[11:17:32] 15228 SpellLevels catched 
[11:17:32] 4772 Spells catched 
[11:17:32] 316 GuildEmblems catched 
[11:17:32] 1179 LearnableSpells catched 
[11:17:32] 9780 ItemTemplates catched 
[11:17:33] 4489 Weapons catched 
[11:17:33] 363 ItemSets catched 
[11:17:33] 171 ItemTypes catched 
[11:17:33] 110 ItemPets catched 
[11:17:33] 2476 NpcTemplates catched 
[11:17:33] 787 NpcSpawns catched 
[11:17:33] 94 NpcItems catched 
[11:17:33] 19801 NpcMessages catched 
[11:17:33] 7 NpcReplies catched 
[11:17:34] 353 Triggers catched
[11:17:34] 1277 Paddocks catched
[11:17:34] 72 Mounts catched
[11:17:34] 4 Guild catched
[11:17:34] 3 GuildMembers catched
[11:17:34] 122 Handlers Readed
[11:17:35] 166 Messages Readed
[11:17:35] WorldServer start in 12374 ms.
[11:25:36] MySQL Database Connected
[11:25:36] 16 Breeds catched
[11:25:36] 256 Heads catched
[11:25:36] 561 Effects catched
[11:25:37] 4 SuperAreas catched
[11:25:37] 48 Areas catched
[11:25:38] 334 SubAreas catched
[11:25:45] 11260 DofusMaps catched
[11:25:45] 9761 StatedElements catched
[11:25:46] 13349 InteractiveElements catched
[11:25:46] 1485 HouseInformations catched
[11:25:46] 556 InteractiveDoors catched
[11:25:46] 3614 MapPositions uncatched
[11:25:46] 14681 MapPositions catched
[11:25:46] 42 MapZaaps catched
[11:25:46] 79 MapSubways catched
[11:25:46] 15228 SpellLevels catched 
[11:25:46] 4772 Spells catched 
[11:25:46] 316 GuildEmblems catched 
[11:25:46] 1179 LearnableSpells catched 
[11:25:46] 9780 ItemTemplates catched 
[11:25:47] 4489 Weapons catched 
[11:25:47] 363 ItemSets catched 
[11:25:47] 171 ItemTypes catched 
[11:25:47] 110 ItemPets catched 
[11:25:47] 2476 NpcTemplates catched 
[11:25:47] 787 NpcSpawns catched 
[11:25:47] 94 NpcItems catched 
[11:25:47] 19801 NpcMessages catched 
[11:25:47] 7 NpcReplies catched 
[11:25:47] 353 Triggers catched
[11:25:47] 1277 Paddocks catched
[11:25:47] 72 Mounts catched
[11:25:47] 4 Guild catched
[11:25:47] 3 GuildMembers catched
[11:25:48] 122 Handlers Readed
[11:25:48] 166 Messages Readed
[11:25:49] WorldServer start in 12518 ms.
[11:34:05] MySQL Database Connected
[11:34:05] 16 Breeds catched
[11:34:05] 256 Heads catched
[11:34:05] 561 Effects catched
[11:34:06] 4 SuperAreas catched
[11:34:06] 48 Areas catched
[11:34:07] 334 SubAreas catched
[11:34:14] 11260 DofusMaps catched
[11:34:14] 9761 StatedElements catched
[11:34:14] 13349 InteractiveElements catched
[11:34:14] 1485 HouseInformations catched
[11:34:14] 556 InteractiveDoors catched
[11:34:14] 3614 MapPositions uncatched
[11:34:14] 14681 MapPositions catched
[11:34:14] 42 MapZaaps catched
[11:34:14] 79 MapSubways catched
[11:34:15] 15228 SpellLevels catched 
[11:34:15] 4772 Spells catched 
[11:34:15] 316 GuildEmblems catched 
[11:34:15] 1179 LearnableSpells catched 
[11:34:15] 9780 ItemTemplates catched 
[11:34:15] 4489 Weapons catched 
[11:34:15] 363 ItemSets catched 
[11:34:15] 171 ItemTypes catched 
[11:34:15] 110 ItemPets catched 
[11:34:16] 2476 NpcTemplates catched 
[11:34:16] 787 NpcSpawns catched 
[11:34:16] 94 NpcItems catched 
[11:34:16] 19801 NpcMessages catched 
[11:34:16] 7 NpcReplies catched 
[11:34:16] 353 Triggers catched
[11:34:16] 1277 Paddocks catched
[11:34:16] 72 Mounts catched
[11:34:16] 4 Guild catched
[11:34:16] 3 GuildMembers catched
[11:34:16] 122 Handlers Readed
[11:34:17] 166 Messages Readed
[11:34:17] WorldServer start in 12149 ms.
[11:34:34] MySQL Database Connected
[11:34:34] 16 Breeds catched
[11:34:34] 256 Heads catched
[11:34:34] 561 Effects catched
[11:34:35] 4 SuperAreas catched
[11:34:35] 48 Areas catched
[11:34:36] 334 SubAreas catched
[11:34:43] 11260 DofusMaps catched
[11:34:43] 9761 StatedElements catched
[11:34:43] 13349 InteractiveElements catched
[11:34:43] 1485 HouseInformations catched
[11:34:43] 556 InteractiveDoors catched
[11:34:44] 3614 MapPositions uncatched
[11:34:44] 14681 MapPositions catched
[11:34:44] 42 MapZaaps catched
[11:34:44] 79 MapSubways catched
[11:34:44] 15228 SpellLevels catched 
[11:34:44] 4772 Spells catched 
[11:34:44] 316 GuildEmblems catched 
[11:34:44] 1179 LearnableSpells catched 
[11:34:44] 9780 ItemTemplates catched 
[11:34:44] 4489 Weapons catched 
[11:34:44] 363 ItemSets catched 
[11:34:44] 171 ItemTypes catched 
[11:34:44] 110 ItemPets catched 
[11:34:45] 2476 NpcTemplates catched 
[11:34:45] 787 NpcSpawns catched 
[11:34:45] 94 NpcItems catched 
[11:34:45] 19801 NpcMessages catched 
[11:34:45] 7 NpcReplies catched 
[11:34:45] 353 Triggers catched
[11:34:45] 1277 Paddocks catched
[11:34:45] 72 Mounts catched
[11:34:45] 4 Guild catched
[11:34:45] 3 GuildMembers catched
[11:34:46] 122 Handlers Readed
[11:34:46] 166 Messages Readed
[11:34:46] WorldServer start in 12602 ms.
[11:38:21] MySQL Database Connected
[11:38:21] 16 Breeds catched
[11:38:21] 256 Heads catched
[11:38:21] 561 Effects catched
[11:38:22] 4 SuperAreas catched
[11:38:22] 48 Areas catched
[11:38:23] 334 SubAreas catched
[11:38:30] 11260 DofusMaps catched
[11:38:30] 9761 StatedElements catched
[11:38:31] 13349 InteractiveElements catched
[11:38:31] 1485 HouseInformations catched
[11:38:31] 556 InteractiveDoors catched
[11:38:31] 3614 MapPositions uncatched
[11:38:31] 14681 MapPositions catched
[11:38:31] 42 MapZaaps catched
[11:38:31] 79 MapSubways catched
[11:38:31] 15228 SpellLevels catched 
[11:38:31] 4772 Spells catched 
[11:38:31] 316 GuildEmblems catched 
[11:38:31] 1179 LearnableSpells catched 
[11:38:31] 9780 ItemTemplates catched 
[11:38:32] 4489 Weapons catched 
[11:38:32] 363 ItemSets catched 
[11:38:32] 171 ItemTypes catched 
[11:38:32] 110 ItemPets catched 
[11:38:32] 2476 NpcTemplates catched 
[11:38:32] 787 NpcSpawns catched 
[11:38:32] 94 NpcItems catched 
[11:38:32] 19801 NpcMessages catched 
[11:38:32] 7 NpcReplies catched 
[11:38:32] 353 Triggers catched
[11:38:32] 1277 Paddocks catched
[11:38:32] 72 Mounts catched
[11:38:32] 4 Guild catched
[11:38:32] 3 GuildMembers catched
[11:38:33] 122 Handlers Readed
[11:38:33] 166 Messages Readed
[11:38:34] WorldServer start in 12674 ms.
[11:42:26] MySQL Database Connected
[11:42:26] 16 Breeds catched
[11:42:26] 256 Heads catched
[11:42:26] 561 Effects catched
[11:42:27] 4 SuperAreas catched
[11:42:27] 48 Areas catched
[11:42:28] 334 SubAreas catched
[11:42:35] 11260 DofusMaps catched
[11:42:35] 9761 StatedElements catched
[11:42:35] 13349 InteractiveElements catched
[11:42:35] 1485 HouseInformations catched
[11:42:35] 556 InteractiveDoors catched
[11:42:35] 3614 MapPositions uncatched
[11:42:35] 14681 MapPositions catched
[11:42:35] 42 MapZaaps catched
[11:42:35] 79 MapSubways catched
[11:42:35] 15228 SpellLevels catched 
[11:42:35] 4772 Spells catched 
[11:42:35] 316 GuildEmblems catched 
[11:42:35] 1179 LearnableSpells catched 
[11:42:36] 9780 ItemTemplates catched 
[11:42:36] 4489 Weapons catched 
[11:42:36] 363 ItemSets catched 
[11:42:36] 171 ItemTypes catched 
[11:42:36] 110 ItemPets catched 
[11:42:37] 2476 NpcTemplates catched 
[11:42:37] 787 NpcSpawns catched 
[11:42:37] 94 NpcItems catched 
[11:42:37] 19801 NpcMessages catched 
[11:42:37] 7 NpcReplies catched 
[11:42:37] 353 Triggers catched
[11:42:37] 1277 Paddocks catched
[11:42:37] 72 Mounts catched
[11:42:37] 4 Guild catched
[11:42:37] 3 GuildMembers catched
[11:42:37] 122 Handlers Readed
[11:42:38] 166 Messages Readed
[11:42:38] WorldServer start in 12247 ms.
[11:43:34] MySQL Database Connected
[11:43:34] 16 Breeds catched
[11:43:34] 256 Heads catched
[11:43:34] 561 Effects catched
[11:43:34] 4 SuperAreas catched
[11:43:34] 48 Areas catched
[11:43:35] 334 SubAreas catched
[11:43:42] 11260 DofusMaps catched
[11:43:43] 9761 StatedElements catched
[11:43:43] 13349 InteractiveElements catched
[11:43:43] 1485 HouseInformations catched
[11:43:43] 556 InteractiveDoors catched
[11:43:43] 3614 MapPositions uncatched
[11:43:43] 14681 MapPositions catched
[11:43:43] 42 MapZaaps catched
[11:43:43] 79 MapSubways catched
[11:43:43] 15228 SpellLevels catched 
[11:43:43] 4772 Spells catched 
[11:43:43] 316 GuildEmblems catched 
[11:43:43] 1179 LearnableSpells catched 
[11:43:43] 9780 ItemTemplates catched 
[11:43:44] 4489 Weapons catched 
[11:43:44] 363 ItemSets catched 
[11:43:44] 171 ItemTypes catched 
[11:43:44] 110 ItemPets catched 
[11:43:44] 2476 NpcTemplates catched 
[11:43:44] 787 NpcSpawns catched 
[11:43:44] 94 NpcItems catched 
[11:43:44] 19801 NpcMessages catched 
[11:43:44] 7 NpcReplies catched 
[11:43:44] 353 Triggers catched
[11:43:44] 1277 Paddocks catched
[11:43:44] 72 Mounts catched
[11:43:44] 4 Guild catched
[11:43:44] 3 GuildMembers catched
[11:43:45] 122 Handlers Readed
[11:43:45] 166 Messages Readed
[11:43:46] WorldServer start in 12014 ms.
[11:44:33] MySQL Database Connected
[11:44:33] 16 Breeds catched
[11:44:33] 256 Heads catched
[11:44:33] 561 Effects catched
[11:44:33] 4 SuperAreas catched
[11:44:33] 48 Areas catched
[11:44:34] 334 SubAreas catched
[11:44:42] 11260 DofusMaps catched
[11:44:42] 9761 StatedElements catched
[11:44:42] 13349 InteractiveElements catched
[11:44:42] 1485 HouseInformations catched
[11:44:42] 556 InteractiveDoors catched
[11:44:42] 3614 MapPositions uncatched
[11:44:42] 14681 MapPositions catched
[11:44:42] 42 MapZaaps catched
[11:44:42] 79 MapSubways catched
[11:44:42] 15228 SpellLevels catched 
[11:44:42] 4772 Spells catched 
[11:44:42] 316 GuildEmblems catched 
[11:44:42] 1179 LearnableSpells catched 
[11:44:43] 9780 ItemTemplates catched 
[11:44:43] 4489 Weapons catched 
[11:44:43] 363 ItemSets catched 
[11:44:43] 171 ItemTypes catched 
[11:44:43] 110 ItemPets catched 
[11:44:43] 2476 NpcTemplates catched 
[11:44:43] 787 NpcSpawns catched 
[11:44:43] 94 NpcItems catched 
[11:44:43] 19801 NpcMessages catched 
[11:44:43] 7 NpcReplies catched 
[11:44:44] 353 Triggers catched
[11:44:44] 1277 Paddocks catched
[11:44:44] 72 Mounts catched
[11:44:44] 4 Guild catched
[11:44:44] 3 GuildMembers catched
[11:44:44] 122 Handlers Readed
[11:44:45] 166 Messages Readed
[11:44:45] WorldServer start in 12322 ms.
[11:48:05] MySQL Database Connected
[11:48:05] 16 Breeds catched
[11:48:05] 256 Heads catched
[11:48:05] 561 Effects catched
[11:48:06] 4 SuperAreas catched
[11:48:06] 48 Areas catched
[11:48:06] 334 SubAreas catched
[11:48:14] 11260 DofusMaps catched
[11:48:14] 9761 StatedElements catched
[11:48:14] 13349 InteractiveElements catched
[11:48:14] 1485 HouseInformations catched
[11:48:14] 556 InteractiveDoors catched
[11:48:14] 3614 MapPositions uncatched
[11:48:14] 14681 MapPositions catched
[11:48:14] 42 MapZaaps catched
[11:48:14] 79 MapSubways catched
[11:48:14] 15228 SpellLevels catched 
[11:48:14] 4772 Spells catched 
[11:48:14] 316 GuildEmblems catched 
[11:48:14] 1179 LearnableSpells catched 
[11:48:15] 9780 ItemTemplates catched 
[11:48:15] 4489 Weapons catched 
[11:48:15] 363 ItemSets catched 
[11:48:15] 171 ItemTypes catched 
[11:48:15] 110 ItemPets catched 
[11:48:15] 2476 NpcTemplates catched 
[11:48:15] 787 NpcSpawns catched 
[11:48:15] 94 NpcItems catched 
[11:48:15] 19801 NpcMessages catched 
[11:48:15] 7 NpcReplies catched 
[11:48:16] 353 Triggers catched
[11:48:16] 1277 Paddocks catched
[11:48:16] 72 Mounts catched
[11:48:16] 4 Guild catched
[11:48:16] 3 GuildMembers catched
[11:48:16] 122 Handlers Readed
[11:48:17] 166 Messages Readed
[11:48:17] WorldServer start in 12150 ms.
[11:51:47] MySQL Database Connected
[11:51:47] 16 Breeds catched
[11:51:47] 256 Heads catched
[11:51:47] 561 Effects catched
[11:51:47] 4 SuperAreas catched
[11:51:47] 48 Areas catched
[11:51:48] 334 SubAreas catched
[11:51:55] 11260 DofusMaps catched
[11:51:55] 9761 StatedElements catched
[11:51:55] 13349 InteractiveElements catched
[11:51:55] 1485 HouseInformations catched
[11:51:55] 556 InteractiveDoors catched
[11:51:56] 3614 MapPositions uncatched
[11:51:56] 14681 MapPositions catched
[11:51:56] 42 MapZaaps catched
[11:51:56] 79 MapSubways catched
[11:51:56] 15228 SpellLevels catched 
[11:51:56] 4772 Spells catched 
[11:51:56] 316 GuildEmblems catched 
[11:51:56] 1179 LearnableSpells catched 
[11:51:56] 9780 ItemTemplates catched 
[11:51:56] 4489 Weapons catched 
[11:51:56] 363 ItemSets catched 
[11:51:56] 171 ItemTypes catched 
[11:51:57] 110 ItemPets catched 
[11:51:57] 2476 NpcTemplates catched 
[11:51:57] 787 NpcSpawns catched 
[11:51:57] 94 NpcItems catched 
[11:51:57] 19801 NpcMessages catched 
[11:51:57] 7 NpcReplies catched 
[11:51:57] 353 Triggers catched
[11:51:57] 1277 Paddocks catched
[11:51:57] 72 Mounts catched
[11:51:57] 4 Guild catched
[11:51:57] 3 GuildMembers catched
[11:51:58] 122 Handlers Readed
[11:51:58] 166 Messages Readed
[11:51:58] WorldServer start in 12018 ms.
[11:56:35] MySQL Database Connected
[11:56:35] 16 Breeds catched
[11:56:35] 256 Heads catched
[11:56:35] 561 Effects catched
[11:56:36] 4 SuperAreas catched
[11:56:36] 48 Areas catched
[11:56:37] 334 SubAreas catched
[11:56:58] MySQL Database Connected
[11:56:58] 16 Breeds catched
[11:56:58] 256 Heads catched
[11:56:58] 561 Effects catched
[11:56:59] 4 SuperAreas catched
[11:56:59] 48 Areas catched
[11:57:00] 334 SubAreas catched
[11:57:05] 11260 DofusMaps catched
[11:57:05] 9761 StatedElements catched
[11:57:06] 13349 InteractiveElements catched
[11:57:06] 1485 HouseInformations catched
[11:57:06] 556 InteractiveDoors catched
[11:57:06] 3614 MapPositions uncatched
[11:57:06] 14681 MapPositions catched
[11:57:06] 42 MapZaaps catched
[11:57:06] 79 MapSubways catched
[11:57:06] 15228 SpellLevels catched 
[11:57:06] 4772 Spells catched 
[11:57:06] 316 GuildEmblems catched 
[11:57:06] 1179 LearnableSpells catched 
[11:57:06] 9780 ItemTemplates catched 
[11:57:07] 4489 Weapons catched 
[11:57:07] 363 ItemSets catched 
[11:57:07] 171 ItemTypes catched 
[11:57:07] 110 ItemPets catched 
[11:57:07] 2476 NpcTemplates catched 
[11:57:07] 787 NpcSpawns catched 
[11:57:07] 94 NpcItems catched 
[11:57:07] 19801 NpcMessages catched 
[11:57:07] 7 NpcReplies catched 
[11:57:07] 353 Triggers catched
[11:57:07] 1277 Paddocks catched
[11:57:07] 72 Mounts catched
[11:57:07] 4 Guild catched
[11:57:07] 3 GuildMembers catched
[11:57:08] 122 Handlers Readed
[11:57:08] 166 Messages Readed
[11:57:08] WorldServer start in 10307 ms.
[12:01:48] MySQL Database Connected
[12:01:48] 16 Breeds catched
[12:01:48] 256 Heads catched
[12:01:48] 561 Effects catched
[12:01:48] 4 SuperAreas catched
[12:01:48] 48 Areas catched
[12:01:50] 334 SubAreas catched
[12:03:15] MySQL Database Connected
[12:03:15] 16 Breeds catched
[12:03:15] 256 Heads catched
[12:03:15] 561 Effects catched
[12:03:16] 4 SuperAreas catched
[12:03:16] 48 Areas catched
[12:03:17] 334 SubAreas catched
[12:03:24] 11260 DofusMaps catched
[12:03:24] 9761 StatedElements catched
[12:03:24] 13349 InteractiveElements catched
[12:03:24] 1485 HouseInformations catched
[12:03:24] 556 InteractiveDoors catched
[12:03:24] 3614 MapPositions uncatched
[12:03:24] 14681 MapPositions catched
[12:03:24] 42 MapZaaps catched
[12:03:24] 79 MapSubways catched
[12:03:25] 15228 SpellLevels catched 
[12:03:25] 4772 Spells catched 
[12:03:25] 316 GuildEmblems catched 
[12:03:25] 1179 LearnableSpells catched 
[12:03:25] 9780 ItemTemplates catched 
[12:03:25] 4489 Weapons catched 
[12:03:25] 363 ItemSets catched 
[12:03:25] 171 ItemTypes catched 
[12:03:25] 110 ItemPets catched 
[12:03:26] 2476 NpcTemplates catched 
[12:03:26] 787 NpcSpawns catched 
[12:03:26] 94 NpcItems catched 
[12:03:26] 19801 NpcMessages catched 
[12:03:26] 7 NpcReplies catched 
[12:03:26] 353 Triggers catched
[12:03:26] 1277 Paddocks catched
[12:03:26] 72 Mounts catched
[12:03:26] 4 Guild catched
[12:03:26] 3 GuildMembers catched
[12:03:27] 122 Handlers Readed
[12:03:27] 166 Messages Readed
[12:03:27] WorldServer start in 12432 ms.
[12:04:58] MySQL Database Connected
[12:04:58] 16 Breeds catched
[12:04:58] 256 Heads catched
[12:04:58] 561 Effects catched
[12:04:59] 4 SuperAreas catched
[12:04:59] 48 Areas catched
[12:05:00] 334 SubAreas catched
[12:05:07] 11260 DofusMaps catched
[12:05:07] 9761 StatedElements catched
[12:05:07] 13349 InteractiveElements catched
[12:05:07] 1485 HouseInformations catched
[12:05:07] 556 InteractiveDoors catched
[12:05:08] 3614 MapPositions uncatched
[12:05:08] 14681 MapPositions catched
[12:05:08] 42 MapZaaps catched
[12:05:08] 79 MapSubways catched
[12:05:08] 15228 SpellLevels catched 
[12:05:08] 4772 Spells catched 
[12:05:08] 316 GuildEmblems catched 
[12:05:08] 1179 LearnableSpells catched 
[12:05:08] 9780 ItemTemplates catched 
[12:05:08] 4489 Weapons catched 
[12:05:08] 363 ItemSets catched 
[12:05:08] 171 ItemTypes catched 
[12:05:08] 110 ItemPets catched 
[12:05:09] 2476 NpcTemplates catched 
[12:05:09] 787 NpcSpawns catched 
[12:05:09] 94 NpcItems catched 
[12:05:09] 19801 NpcMessages catched 
[12:05:09] 7 NpcReplies catched 
[12:05:09] 353 Triggers catched
[12:05:09] 1277 Paddocks catched
[12:05:09] 72 Mounts catched
[12:05:09] 4 Guild catched
[12:05:09] 3 GuildMembers catched
[12:05:10] 122 Handlers Readed
[12:05:10] 166 Messages Readed
[12:05:10] WorldServer start in 12383 ms.
[12:07:00] MySQL Database Connected
[12:07:00] 16 Breeds catched
[12:07:00] 256 Heads catched
[12:07:00] 561 Effects catched
[12:07:01] 4 SuperAreas catched
[12:07:01] 48 Areas catched
[12:07:02] 334 SubAreas catched
[12:07:09] 11260 DofusMaps catched
[12:07:09] 9761 StatedElements catched
[12:07:09] 13349 InteractiveElements catched
[12:07:09] 1485 HouseInformations catched
[12:07:09] 556 InteractiveDoors catched
[12:07:09] 3614 MapPositions uncatched
[12:07:09] 14681 MapPositions catched
[12:07:09] 42 MapZaaps catched
[12:07:09] 79 MapSubways catched
[12:07:10] 15228 SpellLevels catched 
[12:07:10] 4772 Spells catched 
[12:07:10] 316 GuildEmblems catched 
[12:07:10] 1179 LearnableSpells catched 
[12:07:10] 9780 ItemTemplates catched 
[12:07:10] 4489 Weapons catched 
[12:07:10] 363 ItemSets catched 
[12:07:10] 171 ItemTypes catched 
[12:07:10] 110 ItemPets catched 
[12:07:11] 2476 NpcTemplates catched 
[12:07:11] 787 NpcSpawns catched 
[12:07:11] 94 NpcItems catched 
[12:07:11] 19801 NpcMessages catched 
[12:07:11] 7 NpcReplies catched 
[12:07:11] 353 Triggers catched
[12:07:11] 1277 Paddocks catched
[12:07:11] 72 Mounts catched
[12:07:11] 4 Guild catched
[12:07:11] 3 GuildMembers catched
[12:07:12] 122 Handlers Readed
[12:07:12] 166 Messages Readed
[12:07:12] WorldServer start in 12439 ms.
[12:13:22] MySQL Database Connected
[12:13:22] 16 Breeds catched
[12:13:22] 256 Heads catched
[12:13:22] 561 Effects catched
[12:13:23] 4 SuperAreas catched
[12:13:23] 48 Areas catched
[12:13:24] 334 SubAreas catched
[12:13:31] 11260 DofusMaps catched
[12:13:31] 9761 StatedElements catched
[12:13:31] 13349 InteractiveElements catched
[12:13:31] 1485 HouseInformations catched
[12:13:31] 556 InteractiveDoors catched
[12:13:31] 3614 MapPositions uncatched
[12:13:31] 14681 MapPositions catched
[12:13:31] 42 MapZaaps catched
[12:13:31] 79 MapSubways catched
[12:13:32] 15228 SpellLevels catched 
[12:13:32] 4772 Spells catched 
[12:13:32] 316 GuildEmblems catched 
[12:13:32] 1179 LearnableSpells catched 
[12:13:32] 9780 ItemTemplates catched 
[12:13:32] 4489 Weapons catched 
[12:13:32] 363 ItemSets catched 
[12:13:32] 171 ItemTypes catched 
[12:13:32] 110 ItemPets catched 
[12:15:05] MySQL Database Connected
[12:15:05] 16 Breeds catched
[12:15:05] 256 Heads catched
[12:15:05] 561 Effects catched
[12:15:05] 4 SuperAreas catched
[12:15:05] 48 Areas catched
[12:15:06] 334 SubAreas catched
[12:15:14] 11260 DofusMaps catched
[12:15:14] 9761 StatedElements catched
[12:15:14] 13349 InteractiveElements catched
[12:15:14] 1485 HouseInformations catched
[12:15:14] 556 InteractiveDoors catched
[12:15:14] 3614 MapPositions uncatched
[12:15:14] 14681 MapPositions catched
[12:15:14] 42 MapZaaps catched
[12:15:14] 79 MapSubways catched
[12:15:15] 15228 SpellLevels catched 
[12:15:15] 4772 Spells catched 
[12:15:15] 316 GuildEmblems catched 
[12:15:15] 1179 LearnableSpells catched 
[12:15:15] 9780 ItemTemplates catched 
[12:15:15] 4489 Weapons catched 
[12:15:15] 363 ItemSets catched 
[12:15:15] 171 ItemTypes catched 
[12:15:15] 110 ItemPets catched 
[12:15:16] 2476 NpcTemplates catched 
[12:15:16] 787 NpcSpawns catched 
[12:15:16] 94 NpcItems catched 
[12:15:16] 19801 NpcMessages catched 
[12:15:16] 7 NpcReplies catched 
[12:15:16] 353 Triggers catched
[12:15:16] 1277 Paddocks catched
[12:15:16] 72 Mounts catched
[12:15:16] 4 Guild catched
[12:15:16] 3 GuildMembers catched
[12:15:16] 122 Handlers Readed
[12:15:17] 166 Messages Readed
[12:15:17] WorldServer start in 12743 ms.
[12:19:13] MySQL Database Connected
[12:19:13] 16 Breeds catched
[12:19:13] 256 Heads catched
[12:19:13] 561 Effects catched
[12:19:13] 4 SuperAreas catched
[12:19:13] 48 Areas catched
[12:19:14] 334 SubAreas catched
[12:19:26] 11260 DofusMaps catched
[12:19:26] 9761 StatedElements catched
[12:19:26] 13349 InteractiveElements catched
[12:19:27] 1485 HouseInformations catched
[12:19:27] 556 InteractiveDoors catched
[12:19:27] 3614 MapPositions uncatched
[12:19:27] 14681 MapPositions catched
[12:19:27] 42 MapZaaps catched
[12:19:27] 79 MapSubways catched
[12:19:27] 15228 SpellLevels catched 
[12:19:27] 4772 Spells catched 
[12:19:27] 316 GuildEmblems catched 
[12:19:27] 1179 LearnableSpells catched 
[12:19:27] 9780 ItemTemplates catched 
[12:19:27] 4489 Weapons catched 
[12:19:27] 363 ItemSets catched 
[12:19:27] 171 ItemTypes catched 
[12:19:28] 110 ItemPets catched 
[12:19:28] 2476 NpcTemplates catched 
[12:19:28] 787 NpcSpawns catched 
[12:19:28] 94 NpcItems catched 
[12:19:28] 19801 NpcMessages catched 
[12:19:28] 7 NpcReplies catched 
[12:19:28] 353 Triggers catched
[12:19:28] 1277 Paddocks catched
[12:19:28] 72 Mounts catched
[12:19:28] 4 Guild catched
[12:19:28] 3 GuildMembers catched
[12:19:29] 122 Handlers Readed
[12:19:29] 166 Messages Readed
[12:19:29] WorldServer start in 16806 ms.
[12:34:52] MySQL Database Connected
[12:34:52] 16 Breeds catched
[12:34:52] 256 Heads catched
[12:34:52] 561 Effects catched
[12:34:52] 4 SuperAreas catched
[12:34:52] 48 Areas catched
[12:34:53] 334 SubAreas catched
[12:35:02] 11260 DofusMaps catched
[12:35:02] 9761 StatedElements catched
[12:35:02] 13349 InteractiveElements catched
[12:35:02] 1485 HouseInformations catched
[12:35:02] 556 InteractiveDoors catched
[12:35:02] 3614 MapPositions uncatched
[12:35:02] 14681 MapPositions catched
[12:35:02] 42 MapZaaps catched
[12:35:02] 79 MapSubways catched
[12:35:02] 15228 SpellLevels catched 
[12:35:02] 4772 Spells catched 
[12:35:02] 316 GuildEmblems catched 
[12:35:02] 1179 LearnableSpells catched 
[12:35:03] 9780 ItemTemplates catched 
[12:35:03] 4489 Weapons catched 
[12:35:03] 363 ItemSets catched 
[12:35:03] 171 ItemTypes catched 
[12:35:03] 110 ItemPets catched 
[12:35:03] 2476 NpcTemplates catched 
[12:35:03] 787 NpcSpawns catched 
[12:35:03] 94 NpcItems catched 
[12:35:03] 19801 NpcMessages catched 
[12:35:03] 7 NpcReplies catched 
[12:35:04] 353 Triggers catched
[12:35:04] 1277 Paddocks catched
[12:35:04] 72 Mounts catched
[12:35:04] 4 Guild catched
[12:35:04] 3 GuildMembers catched
[12:35:04] 122 Handlers Readed
[12:35:05] 166 Messages Readed
[12:35:05] WorldServer start in 13291 ms.
[12:41:22] MySQL Database Connected
[12:41:23] 16 Breeds catched
[12:41:23] 256 Heads catched
[12:41:23] 561 Effects catched
[12:41:23] 4 SuperAreas catched
[12:41:23] 48 Areas catched
[12:41:24] 334 SubAreas catched
[12:41:31] 11260 DofusMaps catched
[12:41:31] 9761 StatedElements catched
[12:41:32] 13349 InteractiveElements catched
[12:41:32] 1485 HouseInformations catched
[12:41:32] 556 InteractiveDoors catched
[12:41:32] 3614 MapPositions uncatched
[12:41:32] 14681 MapPositions catched
[12:41:32] 42 MapZaaps catched
[12:41:32] 79 MapSubways catched
[12:41:32] 15228 SpellLevels catched 
[12:41:32] 4772 Spells catched 
[12:41:32] 316 GuildEmblems catched 
[12:41:32] 1179 LearnableSpells catched 
[12:41:32] 9780 ItemTemplates catched 
[12:41:32] 4489 Weapons catched 
[12:41:32] 363 ItemSets catched 
[12:41:32] 171 ItemTypes catched 
[12:41:33] 110 ItemPets catched 
[12:41:33] 2476 NpcTemplates catched 
[12:41:33] 787 NpcSpawns catched 
[12:41:33] 94 NpcItems catched 
[12:41:33] 19801 NpcMessages catched 
[12:41:33] 7 NpcReplies catched 
[12:41:33] 353 Triggers catched
[12:41:33] 1277 Paddocks catched
[12:41:33] 72 Mounts catched
[12:41:33] 4 Guild catched
[12:41:33] 3 GuildMembers catched
[12:41:34] 122 Handlers Readed
[12:41:34] 166 Messages Readed
[12:41:34] WorldServer start in 12271 ms.
[12:50:05] MySQL Database Connected
[12:50:05] 16 Breeds catched
[12:50:05] 256 Heads catched
[12:50:05] 561 Effects catched
[12:50:06] 4 SuperAreas catched
[12:50:06] 48 Areas catched
[12:50:07] 334 SubAreas catched
[12:50:14] 11260 DofusMaps catched
[12:50:14] 9761 StatedElements catched
[12:50:14] 13349 InteractiveElements catched
[12:50:14] 1485 HouseInformations catched
[12:50:14] 556 InteractiveDoors catched
[12:50:14] 3614 MapPositions uncatched
[12:50:14] 14681 MapPositions catched
[12:50:14] 42 MapZaaps catched
[12:50:14] 79 MapSubways catched
[12:50:14] 15228 SpellLevels catched 
[12:50:14] 4772 Spells catched 
[12:50:14] 316 GuildEmblems catched 
[12:50:14] 1179 LearnableSpells catched 
[12:50:15] 9780 ItemTemplates catched 
[12:50:15] 4489 Weapons catched 
[12:50:15] 363 ItemSets catched 
[12:50:15] 171 ItemTypes catched 
[12:50:15] 110 ItemPets catched 
[12:50:15] 2476 NpcTemplates catched 
[12:50:15] 787 NpcSpawns catched 
[12:50:15] 94 NpcItems catched 
[12:50:15] 19801 NpcMessages catched 
[12:50:15] 7 NpcReplies catched 
[12:50:16] 353 Triggers catched
[12:50:16] 1277 Paddocks catched
[12:50:16] 72 Mounts catched
[12:50:16] 4 Guild catched
[12:50:16] 3 GuildMembers catched
[12:50:16] 122 Handlers Readed
[12:50:17] 166 Messages Readed
[12:50:17] WorldServer start in 12063 ms.
[12:51:51] MySQL Database Connected
[12:51:51] 16 Breeds catched
[12:51:51] 256 Heads catched
[12:51:51] 561 Effects catched
[12:51:51] 4 SuperAreas catched
[12:51:51] 48 Areas catched
[12:51:52] 334 SubAreas catched
[12:52:00] 11260 DofusMaps catched
[12:52:00] 9761 StatedElements catched
[12:52:00] 13349 InteractiveElements catched
[12:52:00] 1485 HouseInformations catched
[12:52:00] 556 InteractiveDoors catched
[12:52:00] 3614 MapPositions uncatched
[12:52:00] 14681 MapPositions catched
[12:52:00] 42 MapZaaps catched
[12:52:00] 79 MapSubways catched
[12:52:00] 15228 SpellLevels catched 
[12:52:00] 4772 Spells catched 
[12:52:00] 316 GuildEmblems catched 
[12:52:00] 1179 LearnableSpells catched 
[12:52:01] 9780 ItemTemplates catched 
[12:52:01] 4489 Weapons catched 
[12:52:01] 363 ItemSets catched 
[12:52:01] 171 ItemTypes catched 
[12:52:01] 110 ItemPets catched 
[12:52:01] 2476 NpcTemplates catched 
[12:52:01] 787 NpcSpawns catched 
[12:52:01] 94 NpcItems catched 
[12:52:02] 19801 NpcMessages catched 
[12:52:02] 7 NpcReplies catched 
[12:52:02] 353 Triggers catched
[12:52:02] 1277 Paddocks catched
[12:52:02] 72 Mounts catched
[12:52:02] 4 Guild catched
[12:52:02] 3 GuildMembers catched
[12:52:02] 122 Handlers Readed
[12:52:03] 166 Messages Readed
[12:52:03] WorldServer start in 12395 ms.
[13:00:28] MySQL Database Connected
[13:00:28] 16 Breeds catched
[13:00:28] 256 Heads catched
[13:00:28] 561 Effects catched
[13:00:28] 4 SuperAreas catched
[13:00:28] 48 Areas catched
[13:00:29] 334 SubAreas catched
[13:00:36] 11260 DofusMaps catched
[13:00:36] 9761 StatedElements catched
[13:00:37] 13349 InteractiveElements catched
[13:00:37] 1485 HouseInformations catched
[13:00:37] 556 InteractiveDoors catched
[13:00:37] 3614 MapPositions uncatched
[13:00:37] 14681 MapPositions catched
[13:00:37] 42 MapZaaps catched
[13:00:37] 79 MapSubways catched
[13:00:37] 15228 SpellLevels catched 
[13:00:37] 4772 Spells catched 
[13:00:37] 316 GuildEmblems catched 
[13:00:37] 1179 LearnableSpells catched 
[13:00:37] 9780 ItemTemplates catched 
[13:00:37] 4489 Weapons catched 
[13:00:37] 363 ItemSets catched 
[13:00:37] 171 ItemTypes catched 
[13:00:38] 110 ItemPets catched 
[13:00:38] 2476 NpcTemplates catched 
[13:00:38] 787 NpcSpawns catched 
[13:00:38] 94 NpcItems catched 
[13:00:38] 19801 NpcMessages catched 
[13:00:38] 7 NpcReplies catched 
[13:00:38] 353 Triggers catched
[13:00:38] 1277 Paddocks catched
[13:00:38] 72 Mounts catched
[13:00:38] 4 Guild catched
[13:00:38] 3 GuildMembers catched
[13:00:39] 122 Handlers Readed
[13:00:39] 166 Messages Readed
[13:00:39] WorldServer start in 12173 ms.
[21:20:27] MySQL Database Connected
[21:20:27] 16 Breeds catched
[21:20:27] 256 Heads catched
[21:20:27] 561 Effects catched
[21:20:28] 4 SuperAreas catched
[21:20:28] 48 Areas catched
[21:20:29] 334 SubAreas catched
[21:20:37] 11260 DofusMaps catched
[21:20:37] 9761 StatedElements catched
[21:20:37] 13349 InteractiveElements catched
[21:20:37] 1485 HouseInformations catched
[21:20:37] 556 InteractiveDoors catched
[21:20:37] 3614 MapPositions uncatched
[21:20:37] 14681 MapPositions catched
[21:20:37] 42 MapZaaps catched
[21:20:37] 79 MapSubways catched
[21:20:38] 15228 SpellLevels catched 
[21:20:38] 4772 Spells catched 
[21:20:38] 316 GuildEmblems catched 
[21:20:38] 1179 LearnableSpells catched 
[21:20:38] 9780 ItemTemplates catched 
[21:20:38] 4489 Weapons catched 
[21:20:38] 363 ItemSets catched 
[21:20:38] 171 ItemTypes catched 
[21:20:38] 110 ItemPets catched 
[21:20:39] 2476 NpcTemplates catched 
[21:20:39] 787 NpcSpawns catched 
[21:20:39] 94 NpcItems catched 
[21:20:39] 19801 NpcMessages catched 
[21:20:39] 7 NpcReplies catched 
[21:20:39] 353 Triggers catched
[21:20:39] 1277 Paddocks catched
[21:20:39] 72 Mounts catched
[21:20:39] 4 Guild catched
[21:20:39] 3 GuildMembers catched
[21:20:40] 122 Handlers Readed
[21:20:40] 166 Messages Readed
[21:20:41] WorldServer start in 13559 ms.
[21:21:47] MySQL Database Connected
[21:21:47] 16 Breeds catched
[21:21:47] 256 Heads catched
[21:21:47] 561 Effects catched
[21:21:47] 4 SuperAreas catched
[21:21:47] 48 Areas catched
[21:21:48] 334 SubAreas catched
[21:22:09] 11260 DofusMaps catched
[21:22:09] 9761 StatedElements catched
[21:22:09] 13349 InteractiveElements catched
[21:22:09] 1485 HouseInformations catched
[21:22:09] 556 InteractiveDoors catched
[21:22:10] 3614 MapPositions uncatched
[21:22:10] 14681 MapPositions catched
[21:22:10] 42 MapZaaps catched
[21:22:10] 79 MapSubways catched
[21:22:11] 15228 SpellLevels catched 
[21:22:11] 4772 Spells catched 
[21:22:11] 316 GuildEmblems catched 
[21:22:11] 1179 LearnableSpells catched 
[21:22:11] 9780 ItemTemplates catched 
[21:22:11] 4489 Weapons catched 
[21:22:11] 363 ItemSets catched 
[21:22:11] 171 ItemTypes catched 
[21:22:12] 110 ItemPets catched 
[21:22:12] 2476 NpcTemplates catched 
[21:22:12] 787 NpcSpawns catched 
[21:22:12] 94 NpcItems catched 
[21:22:12] 19801 NpcMessages catched 
[21:22:12] 7 NpcReplies catched 
[21:22:12] 353 Triggers catched
[21:22:13] 1277 Paddocks catched
[21:22:13] 72 Mounts catched
[21:22:13] 4 Guild catched
[21:22:13] 3 GuildMembers catched
[21:22:13] 122 Handlers Readed
[21:22:14] 166 Messages Readed
[21:22:14] WorldServer start in 26986 ms.
[21:24:36] MySQL Database Connected
[21:24:36] 16 Breeds catched
[21:24:36] 256 Heads catched
[21:24:36] 561 Effects catched
[21:24:37] 4 SuperAreas catched
[21:24:37] 48 Areas catched
[21:24:38] 334 SubAreas catched
[21:24:45] 11260 DofusMaps catched
[21:24:45] 9761 StatedElements catched
[21:24:45] 13349 InteractiveElements catched
[21:24:45] 1485 HouseInformations catched
[21:24:45] 556 InteractiveDoors catched
[21:24:45] 3614 MapPositions uncatched
[21:24:45] 14681 MapPositions catched
[21:24:45] 42 MapZaaps catched
[21:24:45] 79 MapSubways catched
[21:24:46] 15228 SpellLevels catched 
[21:24:46] 4772 Spells catched 
[21:24:46] 316 GuildEmblems catched 
[21:24:46] 1179 LearnableSpells catched 
[21:24:46] 9780 ItemTemplates catched 
[21:24:46] 4489 Weapons catched 
[21:24:46] 363 ItemSets catched 
[21:24:46] 171 ItemTypes catched 
[21:24:46] 110 ItemPets catched 
[21:24:47] 2476 NpcTemplates catched 
[21:24:47] 787 NpcSpawns catched 
[21:24:47] 94 NpcItems catched 
[21:24:47] 19801 NpcMessages catched 
[21:24:47] 7 NpcReplies catched 
[21:24:47] 353 Triggers catched
[21:24:47] 1277 Paddocks catched
[21:24:47] 72 Mounts catched
[21:24:47] 4 Guild catched
[21:24:47] 3 GuildMembers catched
[21:24:48] 122 Handlers Readed
[21:24:48] 166 Messages Readed
[21:24:48] WorldServer start in 12285 ms.
[21:25:50] MySQL Database Connected
[21:25:50] 16 Breeds catched
[21:25:50] 256 Heads catched
[21:25:50] 561 Effects catched
[21:25:50] 4 SuperAreas catched
[21:25:50] 48 Areas catched
[21:25:51] 334 SubAreas catched
[21:25:58] 11260 DofusMaps catched
[21:25:58] 9761 StatedElements catched
[21:25:58] 13349 InteractiveElements catched
[21:25:58] 1485 HouseInformations catched
[21:25:58] 556 InteractiveDoors catched
[21:25:58] 3614 MapPositions uncatched
[21:25:58] 14681 MapPositions catched
[21:25:58] 42 MapZaaps catched
[21:25:58] 79 MapSubways catched
[21:25:59] 15228 SpellLevels catched 
[21:25:59] 4772 Spells catched 
[21:25:59] 316 GuildEmblems catched 
[21:25:59] 1179 LearnableSpells catched 
[21:25:59] 9780 ItemTemplates catched 
[21:25:59] 4489 Weapons catched 
[21:25:59] 363 ItemSets catched 
[21:25:59] 171 ItemTypes catched 
[21:25:59] 110 ItemPets catched 
[21:26:00] 2476 NpcTemplates catched 
[21:26:00] 787 NpcSpawns catched 
[21:26:00] 94 NpcItems catched 
[21:26:00] 19801 NpcMessages catched 
[21:26:00] 7 NpcReplies catched 
[21:26:00] 353 Triggers catched
[21:26:00] 1277 Paddocks catched
[21:26:00] 72 Mounts catched
[21:26:00] 4 Guild catched
[21:26:00] 3 GuildMembers catched
[21:26:01] 122 Handlers Readed
[21:26:01] 166 Messages Readed
[21:26:01] WorldServer start in 11777 ms.
[21:28:13] MySQL Database Connected
[21:28:13] 16 Breeds catched
[21:28:13] 256 Heads catched
[21:28:13] 561 Effects catched
[21:28:14] 4 SuperAreas catched
[21:28:14] 48 Areas catched
[21:28:15] 334 SubAreas catched
[21:28:23] MySQL Database Connected
[21:28:23] 16 Breeds catched
[21:28:23] 256 Heads catched
[21:28:23] 561 Effects catched
[21:28:23] 4 SuperAreas catched
[21:28:23] 48 Areas catched
[21:28:24] 334 SubAreas catched
[21:28:31] 11260 DofusMaps catched
[21:28:31] 9761 StatedElements catched
[21:28:31] 13349 InteractiveElements catched
[21:28:31] 1485 HouseInformations catched
[21:28:31] 556 InteractiveDoors catched
[21:28:31] 3614 MapPositions uncatched
[21:28:31] 14681 MapPositions catched
[21:28:31] 42 MapZaaps catched
[21:28:31] 79 MapSubways catched
[21:28:32] 15228 SpellLevels catched 
[21:28:32] 4772 Spells catched 
[21:28:32] 316 GuildEmblems catched 
[21:28:32] 1179 LearnableSpells catched 
[21:28:32] 9780 ItemTemplates catched 
[21:28:32] 4489 Weapons catched 
[21:28:32] 363 ItemSets catched 
[21:28:32] 171 ItemTypes catched 
[21:28:32] 110 ItemPets catched 
[21:28:33] 2476 NpcTemplates catched 
[21:28:33] 787 NpcSpawns catched 
[21:28:33] 94 NpcItems catched 
[21:28:33] 19801 NpcMessages catched 
[21:28:33] 7 NpcReplies catched 
[21:28:33] 353 Triggers catched
[21:28:33] 1277 Paddocks catched
[21:28:33] 72 Mounts catched
[21:28:33] 4 Guild catched
[21:28:33] 3 GuildMembers catched
[21:28:34] 122 Handlers Readed
[21:28:34] 166 Messages Readed
[21:28:34] WorldServer start in 11684 ms.
[21:31:56] MySQL Database Connected
[21:31:56] 16 Breeds catched
[21:31:56] 256 Heads catched
[21:31:56] 561 Effects catched
[21:31:56] 4 SuperAreas catched
[21:31:56] 48 Areas catched
[21:31:57] 334 SubAreas catched
[21:32:07] 11260 DofusMaps catched
[21:32:07] 9761 StatedElements catched
[21:32:07] 13349 InteractiveElements catched
[21:32:07] 1485 HouseInformations catched
[21:32:07] 556 InteractiveDoors catched
[21:32:07] 3614 MapPositions uncatched
[21:32:07] 14681 MapPositions catched
[21:32:07] 42 MapZaaps catched
[21:32:07] 79 MapSubways catched
[21:32:08] 15228 SpellLevels catched 
[21:32:08] 4772 Spells catched 
[21:32:08] 316 GuildEmblems catched 
[21:32:08] 1179 LearnableSpells catched 
[21:32:08] 9780 ItemTemplates catched 
[21:32:08] 4489 Weapons catched 
[21:32:08] 363 ItemSets catched 
[21:32:08] 171 ItemTypes catched 
[21:32:08] 110 ItemPets catched 
[21:32:09] 2476 NpcTemplates catched 
[21:32:09] 787 NpcSpawns catched 
[21:32:09] 94 NpcItems catched 
[21:32:09] 19801 NpcMessages catched 
[21:32:09] 7 NpcReplies catched 
[21:32:09] 353 Triggers catched
[21:32:09] 1277 Paddocks catched
[21:32:09] 72 Mounts catched
[21:32:09] 4 Guild catched
[21:32:09] 3 GuildMembers catched
[21:32:10] 122 Handlers Readed
[21:32:10] 166 Messages Readed
[21:32:10] WorldServer start in 14540 ms.
