[20:31:42] MySQL Database Connected
[20:31:42] 16 Breeds catched
[20:31:42] 256 Heads catched
[20:31:42] 566 Effects catched
[20:31:43] 4 SuperAreas catched
[20:31:43] 48 Areas catched
[20:31:47] 334 SubAreas catched
[20:31:48] 11267 DofusMaps catched
[20:31:49] 9769 StatedElements catched
[20:31:49] 13379 InteractiveElements catched
[20:31:49] 1485 HouseInformations catched
[20:31:49] 568 InteractiveDoors catched
[20:31:50] 3530 MapPositions uncatched
[20:31:50] 14681 MapPositions catched
[20:31:50] 38 MapZaaps catched
[20:31:50] 79 MapSubways catched
[20:31:50] 15612 SpellLevels catched 
[20:31:50] 4972 Spells catched 
[20:31:50] 4 SpellBombs catched 
[20:31:50] 316 GuildEmblems catched 
[20:31:50] 1179 LearnableSpells catched 
[20:31:50] 171 ItemTypes catched 
[20:31:51] 10063 ItemTemplates catched 
[20:31:51] 4355 Weapons catched 
[20:31:51] 366 ItemSets catched 
[20:31:51] 114 ItemPets catched 
[20:31:53] 2476 NpcTemplates catched 
[20:31:53] 812 NpcSpawns catched 
[20:31:53] 3112 NpcItems catched 
[20:31:53] 19801 NpcMessages catched 
[20:31:53] 8 NpcReplies catched 
[20:31:53] 366 Triggers catched
[20:31:53] 1277 Paddocks catched
[20:31:53] 72 Mounts catched
[20:31:53] 3 Guild catched
[20:31:53] 2 GuildMembers catched
[20:31:53] 11 GatheringJob LevelInfos catched
[20:31:54] 233 InteractiveSkills LevelInfos catched
[20:31:54] 2210 Monster Templates catched
[20:31:54] 11688 Monster Grades catched
[20:31:54] 8021 Monster Drops catched
[20:31:55] 131 Handlers Readed
[20:31:55] 177 Messages Readed
[20:31:56] WorldServer start in 14387 ms.
[21:17:06] MySQL Database Connected
[21:17:06] 16 Breeds catched
[21:17:06] 256 Heads catched
[21:17:06] 566 Effects catched
[21:17:07] 4 SuperAreas catched
[21:17:07] 48 Areas catched
[21:17:08] 334 SubAreas catched
[21:17:09] 11267 DofusMaps catched
[21:17:09] 9769 StatedElements catched
[21:17:09] 13379 InteractiveElements catched
[21:17:09] 1485 HouseInformations catched
[21:17:09] 568 InteractiveDoors catched
[21:17:10] 3530 MapPositions uncatched
[21:17:10] 14681 MapPositions catched
[21:17:10] 38 MapZaaps catched
[21:17:10] 79 MapSubways catched
[21:17:10] 15612 SpellLevels catched 
[21:17:10] 4972 Spells catched 
[21:17:10] 4 SpellBombs catched 
[21:17:10] 316 GuildEmblems catched 
[21:17:10] 1179 LearnableSpells catched 
[21:17:10] 171 ItemTypes catched 
[21:17:10] 10063 ItemTemplates catched 
[21:17:10] 4355 Weapons catched 
[21:17:10] 366 ItemSets catched 
[21:17:10] 114 ItemPets catched 
[21:17:11] 2476 NpcTemplates catched 
[21:17:11] 812 NpcSpawns catched 
[21:17:11] 3112 NpcItems catched 
[21:17:11] 19801 NpcMessages catched 
[21:17:11] 8 NpcReplies catched 
[21:17:11] 366 Triggers catched
[21:17:11] 1277 Paddocks catched
[21:17:11] 72 Mounts catched
[21:17:11] 3 Guild catched
[21:17:11] 2 GuildMembers catched
[21:17:11] 11 GatheringJob LevelInfos catched
[21:17:11] 233 InteractiveSkills LevelInfos catched
[21:17:12] 2210 Monster Templates catched
[21:17:12] 11688 Monster Grades catched
[21:17:12] 8021 Monster Drops catched
[21:17:12] 131 Handlers Readed
[21:17:12] 177 Messages Readed
[21:17:12] WorldServer start in 6820 ms.
[21:23:09] MySQL Database Connected
[21:23:09] 16 Breeds catched
[21:23:09] 256 Heads catched
[21:23:09] 566 Effects catched
[21:23:10] 4 SuperAreas catched
[21:23:10] 48 Areas catched
[21:23:12] 334 SubAreas catched
[21:23:13] 11267 DofusMaps catched
[21:23:13] 9769 StatedElements catched
[21:23:14] 13379 InteractiveElements catched
[21:23:14] 1485 HouseInformations catched
[21:23:14] 568 InteractiveDoors catched
[21:23:14] 3530 MapPositions uncatched
[21:23:14] 14681 MapPositions catched
[21:23:14] 38 MapZaaps catched
[21:23:14] 79 MapSubways catched
[21:23:15] 15612 SpellLevels catched 
[21:23:15] 4972 Spells catched 
[21:23:15] 4 SpellBombs catched 
[21:23:15] 316 GuildEmblems catched 
[21:23:15] 1179 LearnableSpells catched 
[21:23:15] 171 ItemTypes catched 
[21:23:15] 10063 ItemTemplates catched 
[21:23:15] 4355 Weapons catched 
[21:23:16] 366 ItemSets catched 
[21:23:16] 114 ItemPets catched 
[21:23:17] 2476 NpcTemplates catched 
[21:23:17] 812 NpcSpawns catched 
[21:23:17] 3112 NpcItems catched 
[21:23:18] 19801 NpcMessages catched 
[21:23:18] 8 NpcReplies catched 
[21:23:18] 366 Triggers catched
[21:23:18] 1277 Paddocks catched
[21:23:18] 72 Mounts catched
[21:23:18] 3 Guild catched
[21:23:18] 2 GuildMembers catched
[21:23:18] 11 GatheringJob LevelInfos catched
[21:23:18] 233 InteractiveSkills LevelInfos catched
[21:23:18] 2210 Monster Templates catched
[21:23:18] 11688 Monster Grades catched
[21:23:18] 8021 Monster Drops catched
[21:23:19] 131 Handlers Readed
[21:23:19] 177 Messages Readed
[21:23:19] WorldServer start in 11089 ms.
[21:25:03] MySQL Database Connected
[21:25:03] 16 Breeds catched
[21:25:03] 256 Heads catched
[21:25:03] 566 Effects catched
[21:25:04] 4 SuperAreas catched
[21:25:04] 48 Areas catched
[21:25:05] 334 SubAreas catched
[21:25:06] 11267 DofusMaps catched
[21:25:06] 9769 StatedElements catched
[21:25:07] 13379 InteractiveElements catched
[21:25:07] 1485 HouseInformations catched
[21:25:07] 568 InteractiveDoors catched
[21:25:07] 3530 MapPositions uncatched
[21:25:07] 14681 MapPositions catched
[21:25:07] 38 MapZaaps catched
[21:25:07] 79 MapSubways catched
[21:25:07] 15612 SpellLevels catched 
[21:25:08] 4972 Spells catched 
[21:25:08] 4 SpellBombs catched 
[21:25:08] 316 GuildEmblems catched 
[21:25:08] 1179 LearnableSpells catched 
[21:25:08] 171 ItemTypes catched 
[21:25:08] 10063 ItemTemplates catched 
[21:25:08] 4355 Weapons catched 
[21:25:08] 366 ItemSets catched 
[21:25:08] 114 ItemPets catched 
[21:25:09] 2476 NpcTemplates catched 
[21:25:09] 812 NpcSpawns catched 
[21:25:09] 3112 NpcItems catched 
[21:25:09] 19801 NpcMessages catched 
[21:25:10] 8 NpcReplies catched 
[21:25:10] 366 Triggers catched
[21:25:10] 1277 Paddocks catched
[21:25:10] 72 Mounts catched
[21:25:10] 3 Guild catched
[21:25:10] 2 GuildMembers catched
[21:25:10] 11 GatheringJob LevelInfos catched
[21:25:10] 233 InteractiveSkills LevelInfos catched
[21:25:10] 2210 Monster Templates catched
[21:25:10] 11688 Monster Grades catched
[21:25:10] 8021 Monster Drops catched
[21:25:11] 131 Handlers Readed
[21:25:11] 177 Messages Readed
[21:25:11] WorldServer start in 8604 ms.
[21:27:28] MySQL Database Connected
[21:27:28] 16 Breeds catched
[21:27:28] 256 Heads catched
[21:27:28] 566 Effects catched
[21:27:29] 4 SuperAreas catched
[21:27:29] 48 Areas catched
[21:27:30] 334 SubAreas catched
[21:27:30] 11267 DofusMaps catched
[21:27:31] 9769 StatedElements catched
[21:27:31] 13379 InteractiveElements catched
[21:27:31] 1485 HouseInformations catched
[21:27:31] 568 InteractiveDoors catched
[21:27:31] 3530 MapPositions uncatched
[21:27:31] 14681 MapPositions catched
[21:27:31] 38 MapZaaps catched
[21:27:31] 79 MapSubways catched
[21:27:32] 15612 SpellLevels catched 
[21:27:32] 4972 Spells catched 
[21:27:32] 4 SpellBombs catched 
[21:27:32] 316 GuildEmblems catched 
[21:27:32] 1179 LearnableSpells catched 
[21:27:32] 171 ItemTypes catched 
[21:27:32] 10063 ItemTemplates catched 
[21:27:32] 4355 Weapons catched 
[21:27:32] 366 ItemSets catched 
[21:27:32] 114 ItemPets catched 
[21:27:33] 2476 NpcTemplates catched 
[21:27:33] 812 NpcSpawns catched 
[21:27:33] 3112 NpcItems catched 
[21:27:33] 19801 NpcMessages catched 
[21:27:33] 8 NpcReplies catched 
[21:27:33] 366 Triggers catched
[21:27:33] 1277 Paddocks catched
[21:27:33] 72 Mounts catched
[21:27:33] 3 Guild catched
[21:27:33] 2 GuildMembers catched
[21:27:33] 11 GatheringJob LevelInfos catched
[21:27:33] 233 InteractiveSkills LevelInfos catched
[21:27:33] 2210 Monster Templates catched
[21:27:34] 11688 Monster Grades catched
[21:27:34] 8021 Monster Drops catched
[21:27:34] 131 Handlers Readed
[21:27:34] 177 Messages Readed
[21:27:34] WorldServer start in 6783 ms.
[21:35:05] MySQL Database Connected
[21:35:05] 16 Breeds catched
[21:35:05] 256 Heads catched
[21:35:05] 566 Effects catched
[21:35:05] 4 SuperAreas catched
[21:35:05] 48 Areas catched
[21:35:07] 334 SubAreas catched
[21:35:07] 11267 DofusMaps catched
[21:35:08] 9769 StatedElements catched
[21:35:08] 13379 InteractiveElements catched
[21:35:08] 1485 HouseInformations catched
[21:35:08] 568 InteractiveDoors catched
[21:35:09] 3530 MapPositions uncatched
[21:35:09] 14681 MapPositions catched
[21:35:09] 38 MapZaaps catched
[21:35:09] 79 MapSubways catched
[21:35:09] 15612 SpellLevels catched 
[21:35:09] 4972 Spells catched 
[21:35:09] 4 SpellBombs catched 
[21:35:09] 316 GuildEmblems catched 
[21:35:09] 1179 LearnableSpells catched 
[21:35:09] 171 ItemTypes catched 
[21:35:09] 10063 ItemTemplates catched 
[21:35:09] 4355 Weapons catched 
[21:35:09] 366 ItemSets catched 
[21:35:10] 114 ItemPets catched 
[21:35:10] 2476 NpcTemplates catched 
[21:35:10] 812 NpcSpawns catched 
[21:35:11] 3112 NpcItems catched 
[21:35:11] 19801 NpcMessages catched 
[21:35:11] 8 NpcReplies catched 
[21:35:11] 366 Triggers catched
[21:35:11] 1277 Paddocks catched
[21:35:11] 72 Mounts catched
[21:35:11] 3 Guild catched
[21:35:11] 2 GuildMembers catched
[21:35:11] 11 GatheringJob LevelInfos catched
[21:35:11] 233 InteractiveSkills LevelInfos catched
[21:35:11] 2210 Monster Templates catched
[21:35:11] 11688 Monster Grades catched
[21:35:11] 8021 Monster Drops catched
[21:35:12] 131 Handlers Readed
[21:35:12] 177 Messages Readed
[21:35:12] WorldServer start in 7737 ms.
[21:42:41] MySQL Database Connected
[21:42:41] 16 Breeds catched
[21:42:41] 256 Heads catched
[21:42:41] 566 Effects catched
[21:42:42] 4 SuperAreas catched
[21:42:42] 48 Areas catched
[21:42:43] 334 SubAreas catched
[21:42:44] 11267 DofusMaps catched
[21:42:44] 9769 StatedElements catched
[21:42:44] 13379 InteractiveElements catched
[21:42:44] 1485 HouseInformations catched
[21:42:44] 568 InteractiveDoors catched
[21:42:45] 3530 MapPositions uncatched
[21:42:45] 14681 MapPositions catched
[21:42:45] 38 MapZaaps catched
[21:42:45] 79 MapSubways catched
[21:42:45] 15612 SpellLevels catched 
[21:42:45] 4972 Spells catched 
[21:42:45] 4 SpellBombs catched 
[21:42:45] 316 GuildEmblems catched 
[21:42:45] 1179 LearnableSpells catched 
[21:42:45] 171 ItemTypes catched 
[21:42:45] 10063 ItemTemplates catched 
[21:42:45] 4355 Weapons catched 
[21:42:45] 366 ItemSets catched 
[21:42:46] 114 ItemPets catched 
[21:42:46] 2476 NpcTemplates catched 
[21:42:46] 812 NpcSpawns catched 
[21:42:46] 3112 NpcItems catched 
[21:42:47] 19801 NpcMessages catched 
[21:42:47] 8 NpcReplies catched 
[21:42:47] 366 Triggers catched
[21:42:47] 1277 Paddocks catched
[21:42:47] 72 Mounts catched
[21:42:47] 3 Guild catched
[21:42:47] 2 GuildMembers catched
[21:42:47] 11 GatheringJob LevelInfos catched
[21:42:47] 233 InteractiveSkills LevelInfos catched
[21:42:47] 2210 Monster Templates catched
[21:42:47] 11688 Monster Grades catched
[21:42:47] 8021 Monster Drops catched
[21:42:47] 131 Handlers Readed
[21:42:48] 177 Messages Readed
[21:42:48] WorldServer start in 7740 ms.
