avr. 22, 2015 11:15:37 PM com.j256.ormlite.logger.Slf4jLoggingLog log
GRAVE: WARNING: you seem to not be using the Xerial SQLite driver.  See ORMLite docs on SQLite: http://ormlite.com/docs/sqlite
avr. 22, 2015 11:15:48 PM org.reflections.Reflections scan
INFOS: Reflections took 161 ms to scan 1 urls, producing 1 keys and 87 values 
avr. 22, 2015 11:15:48 PM org.reflections.Reflections scan
INFOS: Reflections took 297 ms to scan 1 urls, producing 2 keys and 117 values 
[23:15:52] Undefinied Stat id 285
[23:15:52] Undefinied Stat id 281
[23:15:52] Undefinied Stat id 288
[23:15:52] Undefinied Stat id 283
[23:15:52] Undefinied Stat id 970
[23:15:52] Undefinied Stat id 974
[23:15:52] Undefinied Stat id 973
[23:15:52] Undefinied Stat id 971
[23:15:52] Undefinied Stat id 972
[23:15:52] Undefinied Stat id 800
[23:15:52] Undefinied Stat id 807
[23:15:52] Undefinied Stat id 806
[23:15:52] Undefinied Stat id 984
[23:15:52] Undefinied Stat id 995
[23:15:52] Undefinied Stat id 110
[23:19:18] Undefinied Stat id 800
[23:19:18] Undefinied Stat id 806
[23:19:18] Undefinied Stat id 807
[23:19:18] Undefinied Stat id 984
[23:19:18] Undefinied Stat id 995
[23:19:18] An error occurred: Could not evaluate null: no value set for the variable.
[23:19:18] An error occurred: Could not evaluate null: no value set for the variable.
[23:19:20] An error occurred: Could not evaluate null: no value set for the variable.
[23:19:20] An error occurred: Could not evaluate null: no value set for the variable.
[23:20:18] An error occurred: Could not evaluate null: no value set for the variable.
[23:20:18] An error occurred: Could not evaluate null: no value set for the variable.
[23:20:20] An error occurred: Could not evaluate null: no value set for the variable.
[23:20:20] An error occurred: Could not evaluate null: no value set for the variable.
[23:20:23] Undefinied Stat id 800
[23:20:23] Undefinied Stat id 806
[23:20:23] Undefinied Stat id 807
[23:20:23] Undefinied Stat id 995
[23:20:23] An error occurred: Could not evaluate null: no value set for the variable.
[23:20:23] An error occurred: Could not evaluate null: no value set for the variable.
[23:20:25] An error occurred: Could not evaluate null: no value set for the variable.
[23:20:25] An error occurred: Could not evaluate null: no value set for the variable.
