[00:05:54] MySQL Database Connected
[00:05:54] 16 Breeds catched
[00:05:54] 256 Heads catched
[00:05:54] 561 Effects catched
[00:06:02] 11260 DofusMaps catched
[00:06:02] 454 StatedElements catched
[00:06:02] 802 InteractiveElements catched
[00:06:02] 74 HouseInformations catched
[00:06:02] 120 InteractiveDoors catched
[00:06:03] 3614 MapPositions uncatched
[00:06:03] 14681 MapPositions catched
[00:06:03] 42 MapZaaps catched
[00:06:03] 15228 SpellLevels catched 
[00:06:03] 4772 Spells catched 
[00:06:03] 1179 LearnableSpells catched 
[00:06:03] 9780 ItemTemplates catched 
[00:06:03] 4489 Weapons catched 
[00:06:03] 363 ItemSets catched 
[00:06:03] 171 ItemTypes catched 
[00:06:03] 110 ItemPets catched 
[00:06:04] 2476 NpcTemplates catched 
[00:06:04] 138 NpcSpawns catched 
[00:06:04] 50 NpcItems catched 
[00:06:04] 19801 NpcMessages catched 
[00:06:04] 7 NpcReplies catched 
[00:06:04] 18 Triggers catched
[00:06:04] 87 Handlers Readed
[00:06:05] 116 Messages Readed
[00:06:05] WorldServer start in 11400 ms.
[00:14:07] MySQL Database Connected
[00:14:07] 16 Breeds catched
[00:14:07] 256 Heads catched
[00:14:07] 561 Effects catched
[00:14:19] 11260 DofusMaps catched
[00:14:19] 454 StatedElements catched
[00:14:19] 802 InteractiveElements catched
[00:14:19] 74 HouseInformations catched
[00:14:19] 120 InteractiveDoors catched
[00:14:19] 3614 MapPositions uncatched
[00:14:19] 14681 MapPositions catched
[00:14:19] 42 MapZaaps catched
[00:14:20] 15228 SpellLevels catched 
[00:14:20] 4772 Spells catched 
[00:14:20] 1179 LearnableSpells catched 
[00:14:20] 9780 ItemTemplates catched 
[00:14:20] 4489 Weapons catched 
[00:14:20] 363 ItemSets catched 
[00:14:20] 171 ItemTypes catched 
[00:14:20] 110 ItemPets catched 
[00:14:21] 2476 NpcTemplates catched 
[00:14:21] 138 NpcSpawns catched 
[00:14:21] 50 NpcItems catched 
[00:14:21] 19801 NpcMessages catched 
[00:14:21] 7 NpcReplies catched 
[00:14:21] 18 Triggers catched
[00:14:21] 87 Handlers Readed
[00:14:21] 116 Messages Readed
[00:14:22] WorldServer start in 14418 ms.
[00:21:25] MySQL Database Connected
[00:21:25] 16 Breeds catched
[00:21:25] 256 Heads catched
[00:21:25] 561 Effects catched
[00:21:33] 11260 DofusMaps catched
[00:21:33] 454 StatedElements catched
[00:21:33] 802 InteractiveElements catched
[00:21:33] 74 HouseInformations catched
[00:21:33] 120 InteractiveDoors catched
[00:21:34] 3614 MapPositions uncatched
[00:21:34] 14681 MapPositions catched
[00:21:34] 42 MapZaaps catched
[00:21:34] 15228 SpellLevels catched 
[00:21:34] 4772 Spells catched 
[00:21:34] 1179 LearnableSpells catched 
[00:21:34] 9780 ItemTemplates catched 
[00:21:34] 4489 Weapons catched 
[00:21:34] 363 ItemSets catched 
[00:21:34] 171 ItemTypes catched 
[00:21:34] 110 ItemPets catched 
[00:21:35] 2476 NpcTemplates catched 
[00:21:35] 138 NpcSpawns catched 
[00:21:35] 50 NpcItems catched 
[00:21:35] 19801 NpcMessages catched 
[00:21:35] 7 NpcReplies catched 
[00:21:35] 18 Triggers catched
[00:21:35] 87 Handlers Readed
[00:21:36] 116 Messages Readed
[00:21:36] WorldServer start in 10747 ms.
[00:26:26] MySQL Database Connected
[00:26:26] 16 Breeds catched
[00:26:26] 256 Heads catched
[00:26:26] 561 Effects catched
[00:26:33] 11260 DofusMaps catched
[00:26:33] 454 StatedElements catched
[00:26:33] 802 InteractiveElements catched
[00:26:33] 74 HouseInformations catched
[00:26:33] 120 InteractiveDoors catched
[00:26:33] 3614 MapPositions uncatched
[00:26:33] 14681 MapPositions catched
[00:26:33] 42 MapZaaps catched
[00:26:34] 15228 SpellLevels catched 
[00:26:34] 4772 Spells catched 
[00:26:34] 1179 LearnableSpells catched 
[00:26:34] 9780 ItemTemplates catched 
[00:26:34] 4489 Weapons catched 
[00:26:34] 363 ItemSets catched 
[00:26:34] 171 ItemTypes catched 
[00:26:34] 110 ItemPets catched 
[00:26:34] 2476 NpcTemplates catched 
[00:26:34] 138 NpcSpawns catched 
[00:26:34] 50 NpcItems catched 
[00:26:35] 19801 NpcMessages catched 
[00:26:35] 7 NpcReplies catched 
[00:26:35] 18 Triggers catched
[00:26:35] 87 Handlers Readed
[00:26:35] 116 Messages Readed
[00:26:35] WorldServer start in 10001 ms.
[00:39:38] MySQL Database Connected
[00:39:38] 16 Breeds catched
[00:39:38] 256 Heads catched
[00:39:38] 561 Effects catched
[00:39:46] 11260 DofusMaps catched
[00:39:46] 454 StatedElements catched
[00:39:46] 802 InteractiveElements catched
[00:39:46] 74 HouseInformations catched
[00:39:46] 120 InteractiveDoors catched
[00:39:46] 3614 MapPositions uncatched
[00:39:46] 14681 MapPositions catched
[00:39:46] 42 MapZaaps catched
[00:39:46] 15228 SpellLevels catched 
[00:39:47] 4772 Spells catched 
[00:39:47] 1179 LearnableSpells catched 
[00:39:47] 9780 ItemTemplates catched 
[00:39:47] 4489 Weapons catched 
[00:39:47] 363 ItemSets catched 
[00:39:47] 171 ItemTypes catched 
[00:39:47] 110 ItemPets catched 
[00:39:47] 2476 NpcTemplates catched 
[00:39:47] 138 NpcSpawns catched 
[00:39:47] 50 NpcItems catched 
[00:39:47] 19801 NpcMessages catched 
[00:39:47] 7 NpcReplies catched 
[00:39:47] 18 Triggers catched
[00:39:48] 87 Handlers Readed
[00:39:48] 116 Messages Readed
[00:39:48] WorldServer start in 10688 ms.
[00:40:35] MySQL Database Connected
[00:40:35] 16 Breeds catched
[00:40:35] 256 Heads catched
[00:40:35] 561 Effects catched
[00:40:43] 11260 DofusMaps catched
[00:40:43] 454 StatedElements catched
[00:40:44] 802 InteractiveElements catched
[00:40:44] 74 HouseInformations catched
[00:40:44] 120 InteractiveDoors catched
[00:40:44] 3614 MapPositions uncatched
[00:40:44] 14681 MapPositions catched
[00:40:44] 42 MapZaaps catched
[00:40:44] 15228 SpellLevels catched 
[00:40:44] 4772 Spells catched 
[00:40:44] 1179 LearnableSpells catched 
[00:40:44] 9780 ItemTemplates catched 
[00:40:44] 4489 Weapons catched 
[00:40:44] 363 ItemSets catched 
[00:40:44] 171 ItemTypes catched 
[00:40:45] 110 ItemPets catched 
[00:40:45] 2476 NpcTemplates catched 
[00:40:45] 138 NpcSpawns catched 
[00:40:45] 50 NpcItems catched 
[00:40:45] 19801 NpcMessages catched 
[00:40:45] 7 NpcReplies catched 
[00:40:45] 18 Triggers catched
[00:40:45] 87 Handlers Readed
[00:40:46] 116 Messages Readed
[00:40:46] WorldServer start in 11267 ms.
[00:41:08] MySQL Database Connected
[00:41:08] 16 Breeds catched
[00:41:08] 256 Heads catched
[00:41:08] 561 Effects catched
[00:41:16] 11260 DofusMaps catched
[00:41:16] 454 StatedElements catched
[00:41:16] 802 InteractiveElements catched
[00:41:16] 74 HouseInformations catched
[00:41:16] 120 InteractiveDoors catched
[00:41:16] 3614 MapPositions uncatched
[00:41:16] 14681 MapPositions catched
[00:41:16] 42 MapZaaps catched
[00:41:16] 15228 SpellLevels catched 
[00:41:16] 4772 Spells catched 
[00:41:16] 1179 LearnableSpells catched 
[00:41:16] 9780 ItemTemplates catched 
[00:41:17] 4489 Weapons catched 
[00:41:17] 363 ItemSets catched 
[00:41:17] 171 ItemTypes catched 
[00:41:17] 110 ItemPets catched 
[00:41:17] 2476 NpcTemplates catched 
[00:41:17] 138 NpcSpawns catched 
[00:41:17] 50 NpcItems catched 
[00:41:17] 19801 NpcMessages catched 
[00:41:17] 7 NpcReplies catched 
[00:41:17] 18 Triggers catched
[00:41:17] 87 Handlers Readed
[00:41:18] 116 Messages Readed
[00:41:18] WorldServer start in 10528 ms.
[00:42:10] MySQL Database Connected
[00:42:10] 16 Breeds catched
[00:42:10] 256 Heads catched
[00:42:10] 561 Effects catched
[00:42:18] 11260 DofusMaps catched
[00:42:18] 454 StatedElements catched
[00:42:18] 802 InteractiveElements catched
[00:42:18] 74 HouseInformations catched
[00:42:18] 120 InteractiveDoors catched
[00:42:18] 3614 MapPositions uncatched
[00:42:18] 14681 MapPositions catched
[00:42:18] 42 MapZaaps catched
[00:42:18] 15228 SpellLevels catched 
[00:42:18] 4772 Spells catched 
[00:42:18] 1179 LearnableSpells catched 
[00:42:18] 9780 ItemTemplates catched 
[00:42:18] 4489 Weapons catched 
[00:42:18] 363 ItemSets catched 
[00:42:18] 171 ItemTypes catched 
[00:42:19] 110 ItemPets catched 
[00:42:19] 2476 NpcTemplates catched 
[00:42:19] 138 NpcSpawns catched 
[00:42:19] 50 NpcItems catched 
[00:42:19] 19801 NpcMessages catched 
[00:42:19] 7 NpcReplies catched 
[00:42:19] 18 Triggers catched
[00:42:19] 87 Handlers Readed
[00:42:20] 116 Messages Readed
[00:42:20] WorldServer start in 10183 ms.
[00:43:16] MySQL Database Connected
[00:43:16] 16 Breeds catched
[00:43:16] 256 Heads catched
[00:43:16] 561 Effects catched
[00:43:24] 11260 DofusMaps catched
[00:43:24] 454 StatedElements catched
[00:43:24] 802 InteractiveElements catched
[00:43:24] 74 HouseInformations catched
[00:43:24] 120 InteractiveDoors catched
[00:43:24] 3614 MapPositions uncatched
[00:43:24] 14681 MapPositions catched
[00:43:24] 42 MapZaaps catched
[00:43:25] 15228 SpellLevels catched 
[00:43:25] 4772 Spells catched 
[00:43:25] 1179 LearnableSpells catched 
[00:43:25] 9780 ItemTemplates catched 
[00:43:25] 4489 Weapons catched 
[00:43:25] 363 ItemSets catched 
[00:43:25] 171 ItemTypes catched 
[00:43:25] 110 ItemPets catched 
[00:43:25] 2476 NpcTemplates catched 
[00:43:25] 138 NpcSpawns catched 
[00:43:25] 50 NpcItems catched 
[00:43:25] 19801 NpcMessages catched 
[00:43:25] 7 NpcReplies catched 
[00:43:26] 18 Triggers catched
[00:43:26] 87 Handlers Readed
[00:43:26] 116 Messages Readed
[00:43:26] WorldServer start in 10160 ms.
[00:49:48] MySQL Database Connected
[00:49:48] 16 Breeds catched
[00:49:48] 256 Heads catched
[00:49:48] 561 Effects catched
[00:49:55] 11260 DofusMaps catched
[00:49:55] 454 StatedElements catched
[00:49:55] 802 InteractiveElements catched
[00:49:55] 74 HouseInformations catched
[00:49:55] 120 InteractiveDoors catched
[00:49:55] 3614 MapPositions uncatched
[00:49:55] 14681 MapPositions catched
[00:49:55] 42 MapZaaps catched
[00:49:56] 15228 SpellLevels catched 
[00:49:56] 4772 Spells catched 
[00:49:56] 1179 LearnableSpells catched 
[00:49:56] 9780 ItemTemplates catched 
[00:49:56] 4489 Weapons catched 
[00:49:56] 363 ItemSets catched 
[00:49:56] 171 ItemTypes catched 
[00:49:56] 110 ItemPets catched 
[00:49:57] 2476 NpcTemplates catched 
[00:49:57] 138 NpcSpawns catched 
[00:49:57] 50 NpcItems catched 
[00:49:57] 19801 NpcMessages catched 
[00:49:57] 7 NpcReplies catched 
[00:49:57] 18 Triggers catched
[00:49:57] 87 Handlers Readed
[00:49:58] 116 Messages Readed
[00:49:58] WorldServer start in 10313 ms.
[00:51:33] MySQL Database Connected
[00:51:33] 16 Breeds catched
[00:51:33] 256 Heads catched
[00:51:33] 561 Effects catched
[00:51:41] 11260 DofusMaps catched
[00:51:41] 454 StatedElements catched
[00:51:41] 802 InteractiveElements catched
[00:51:41] 74 HouseInformations catched
[00:51:41] 120 InteractiveDoors catched
[00:51:41] 3614 MapPositions uncatched
[00:51:41] 14681 MapPositions catched
[00:51:41] 42 MapZaaps catched
[00:51:41] 15228 SpellLevels catched 
[00:51:41] 4772 Spells catched 
[00:51:41] 1179 LearnableSpells catched 
[00:51:41] 9780 ItemTemplates catched 
[00:51:41] 4489 Weapons catched 
[00:51:42] 363 ItemSets catched 
[00:51:42] 171 ItemTypes catched 
[00:51:42] 110 ItemPets catched 
[00:51:42] 2476 NpcTemplates catched 
[00:51:42] 138 NpcSpawns catched 
[00:51:42] 50 NpcItems catched 
[00:51:42] 19801 NpcMessages catched 
[00:51:42] 7 NpcReplies catched 
[00:51:42] 18 Triggers catched
[00:51:43] 87 Handlers Readed
[00:51:43] 116 Messages Readed
[00:51:43] WorldServer start in 10474 ms.
[00:53:44] MySQL Database Connected
[00:53:44] 16 Breeds catched
[00:53:44] 256 Heads catched
[00:53:44] 561 Effects catched
[00:53:52] 11260 DofusMaps catched
[00:53:52] 454 StatedElements catched
[00:53:52] 802 InteractiveElements catched
[00:53:52] 74 HouseInformations catched
[00:53:52] 120 InteractiveDoors catched
[00:53:52] 3614 MapPositions uncatched
[00:53:52] 14681 MapPositions catched
[00:53:52] 42 MapZaaps catched
[00:53:52] 15228 SpellLevels catched 
[00:53:52] 4772 Spells catched 
[00:53:52] 1179 LearnableSpells catched 
[00:53:53] 9780 ItemTemplates catched 
[00:53:53] 4489 Weapons catched 
[00:53:53] 363 ItemSets catched 
[00:53:53] 171 ItemTypes catched 
[00:53:53] 110 ItemPets catched 
[00:53:53] 2476 NpcTemplates catched 
[00:53:53] 138 NpcSpawns catched 
[00:53:53] 50 NpcItems catched 
[00:53:53] 19801 NpcMessages catched 
[00:53:53] 7 NpcReplies catched 
[00:53:53] 18 Triggers catched
[00:53:54] 87 Handlers Readed
[00:53:54] 116 Messages Readed
[00:53:54] WorldServer start in 10574 ms.
[00:55:09] MySQL Database Connected
[00:55:09] 16 Breeds catched
[00:55:09] 256 Heads catched
[00:55:09] 561 Effects catched
[00:55:17] 11260 DofusMaps catched
[00:55:17] 454 StatedElements catched
[00:55:17] 802 InteractiveElements catched
[00:55:17] 74 HouseInformations catched
[00:55:17] 120 InteractiveDoors catched
[00:55:17] 3614 MapPositions uncatched
[00:55:17] 14681 MapPositions catched
[00:55:17] 42 MapZaaps catched
[00:55:17] 15228 SpellLevels catched 
[00:55:17] 4772 Spells catched 
[00:55:17] 1179 LearnableSpells catched 
[00:55:18] 9780 ItemTemplates catched 
[00:55:18] 4489 Weapons catched 
[00:55:18] 363 ItemSets catched 
[00:55:18] 171 ItemTypes catched 
[00:55:18] 110 ItemPets catched 
[00:55:18] 2476 NpcTemplates catched 
[00:55:18] 138 NpcSpawns catched 
[00:55:18] 50 NpcItems catched 
[00:55:18] 19801 NpcMessages catched 
[00:55:18] 7 NpcReplies catched 
[00:55:18] 18 Triggers catched
[00:55:19] 87 Handlers Readed
[00:55:19] 116 Messages Readed
[00:55:19] WorldServer start in 10792 ms.
[09:21:58] MySQL Database Connected
[09:21:58] 16 Breeds catched
[09:21:58] 256 Heads catched
[09:21:58] 561 Effects catched
[09:22:06] 11260 DofusMaps catched
[09:22:06] 454 StatedElements catched
[09:22:06] 802 InteractiveElements catched
[09:22:06] 74 HouseInformations catched
[09:22:06] 120 InteractiveDoors catched
[09:22:06] 3614 MapPositions uncatched
[09:22:06] 14681 MapPositions catched
[09:22:06] 42 MapZaaps catched
[09:22:07] 15228 SpellLevels catched 
[09:22:07] 4772 Spells catched 
[09:22:07] 1179 LearnableSpells catched 
[09:22:07] 9780 ItemTemplates catched 
[09:22:07] 4489 Weapons catched 
[09:22:07] 363 ItemSets catched 
[09:22:07] 171 ItemTypes catched 
[09:22:07] 110 ItemPets catched 
[09:22:08] 2476 NpcTemplates catched 
[09:22:08] 138 NpcSpawns catched 
[09:22:08] 50 NpcItems catched 
[09:22:08] 19801 NpcMessages catched 
[09:22:08] 7 NpcReplies catched 
[09:22:08] 18 Triggers catched
[09:22:08] 87 Handlers Readed
[09:22:09] 116 Messages Readed
[09:22:09] WorldServer start in 11151 ms.
[09:22:26] MySQL Database Connected
[09:22:26] 16 Breeds catched
[09:22:26] 256 Heads catched
[09:22:26] 561 Effects catched
[09:22:34] 11260 DofusMaps catched
[09:22:34] 454 StatedElements catched
[09:22:34] 802 InteractiveElements catched
[09:22:34] 74 HouseInformations catched
[09:22:34] 120 InteractiveDoors catched
[09:22:34] 3614 MapPositions uncatched
[09:22:34] 14681 MapPositions catched
[09:22:34] 42 MapZaaps catched
[09:22:34] 15228 SpellLevels catched 
[09:22:35] 4772 Spells catched 
[09:22:35] 1179 LearnableSpells catched 
[09:22:35] 9780 ItemTemplates catched 
[09:22:35] 4489 Weapons catched 
[09:22:35] 363 ItemSets catched 
[09:22:35] 171 ItemTypes catched 
[09:22:35] 110 ItemPets catched 
[09:22:35] 2476 NpcTemplates catched 
[09:22:35] 138 NpcSpawns catched 
[09:22:35] 50 NpcItems catched 
[09:22:35] 19801 NpcMessages catched 
[09:22:35] 7 NpcReplies catched 
[09:22:35] 18 Triggers catched
[09:22:36] 87 Handlers Readed
[09:22:36] 116 Messages Readed
[09:22:36] WorldServer start in 10699 ms.
[09:28:58] MySQL Database Connected
[09:28:58] 16 Breeds catched
[09:28:58] 256 Heads catched
[09:28:58] 561 Effects catched
[09:29:06] 11260 DofusMaps catched
[09:29:06] 454 StatedElements catched
[09:29:06] 802 InteractiveElements catched
[09:29:06] 74 HouseInformations catched
[09:29:06] 120 InteractiveDoors catched
[09:29:06] 3614 MapPositions uncatched
[09:29:06] 14681 MapPositions catched
[09:29:06] 42 MapZaaps catched
[09:29:07] 15228 SpellLevels catched 
[09:29:07] 4772 Spells catched 
[09:29:07] 1179 LearnableSpells catched 
[09:29:07] 9780 ItemTemplates catched 
[09:29:07] 4489 Weapons catched 
[09:29:07] 363 ItemSets catched 
[09:29:07] 171 ItemTypes catched 
[09:29:07] 110 ItemPets catched 
[09:29:07] 2476 NpcTemplates catched 
[09:29:07] 138 NpcSpawns catched 
[09:29:07] 50 NpcItems catched 
[09:29:08] 19801 NpcMessages catched 
[09:29:08] 7 NpcReplies catched 
[09:29:08] 18 Triggers catched
[09:29:08] 87 Handlers Readed
[09:29:08] 116 Messages Readed
[09:29:08] WorldServer start in 10460 ms.
[09:30:25] MySQL Database Connected
[09:30:25] 16 Breeds catched
[09:30:25] 256 Heads catched
[09:30:25] 561 Effects catched
[09:30:45] 11260 DofusMaps catched
[09:30:45] 454 StatedElements catched
[09:30:46] 802 InteractiveElements catched
[09:30:46] 74 HouseInformations catched
[09:30:46] 120 InteractiveDoors catched
[09:30:46] 3614 MapPositions uncatched
[09:30:46] 14681 MapPositions catched
[09:30:46] 42 MapZaaps catched
[09:30:46] 15228 SpellLevels catched 
[09:30:46] 4772 Spells catched 
[09:30:46] 1179 LearnableSpells catched 
[09:30:46] 9780 ItemTemplates catched 
[09:30:47] 4489 Weapons catched 
[09:30:47] 363 ItemSets catched 
[09:30:47] 171 ItemTypes catched 
[09:30:47] 110 ItemPets catched 
[09:30:47] 2476 NpcTemplates catched 
[09:30:47] 138 NpcSpawns catched 
[09:30:47] 50 NpcItems catched 
[09:30:47] 19801 NpcMessages catched 
[09:30:47] 7 NpcReplies catched 
[09:30:47] 18 Triggers catched
[09:30:48] 87 Handlers Readed
[09:30:48] 116 Messages Readed
[09:30:48] WorldServer start in 23280 ms.
[09:34:24] MySQL Database Connected
[09:34:24] 16 Breeds catched
[09:34:24] 256 Heads catched
[09:34:24] 561 Effects catched
[09:34:32] 11260 DofusMaps catched
[09:34:32] 454 StatedElements catched
[09:34:32] 802 InteractiveElements catched
[09:34:32] 74 HouseInformations catched
[09:34:32] 120 InteractiveDoors catched
[09:34:32] 3614 MapPositions uncatched
[09:34:32] 14681 MapPositions catched
[09:34:32] 42 MapZaaps catched
[09:34:33] 15228 SpellLevels catched 
[09:34:33] 4772 Spells catched 
[09:34:33] 1179 LearnableSpells catched 
[09:34:33] 9780 ItemTemplates catched 
[09:34:33] 4489 Weapons catched 
[09:34:33] 363 ItemSets catched 
[09:34:33] 171 ItemTypes catched 
[09:34:33] 110 ItemPets catched 
[09:34:34] 2476 NpcTemplates catched 
[09:34:34] 138 NpcSpawns catched 
[09:34:34] 50 NpcItems catched 
[09:34:34] 19801 NpcMessages catched 
[09:34:34] 7 NpcReplies catched 
[09:34:34] 18 Triggers catched
[09:34:34] 87 Handlers Readed
[09:34:34] 116 Messages Readed
[09:34:35] WorldServer start in 10395 ms.
[09:37:39] MySQL Database Connected
[09:37:39] 16 Breeds catched
[09:37:39] 256 Heads catched
[09:37:39] 561 Effects catched
[09:37:46] 11260 DofusMaps catched
[09:37:46] 454 StatedElements catched
[09:37:46] 802 InteractiveElements catched
[09:37:46] 74 HouseInformations catched
[09:37:46] 120 InteractiveDoors catched
[09:37:46] 3614 MapPositions uncatched
[09:37:46] 14681 MapPositions catched
[09:37:46] 42 MapZaaps catched
[09:37:46] 15228 SpellLevels catched 
[09:37:47] 4772 Spells catched 
[09:37:47] 1179 LearnableSpells catched 
[09:37:47] 9780 ItemTemplates catched 
[09:37:47] 4489 Weapons catched 
[09:37:47] 363 ItemSets catched 
[09:37:47] 171 ItemTypes catched 
[09:37:47] 110 ItemPets catched 
[09:37:47] 2476 NpcTemplates catched 
[09:37:47] 138 NpcSpawns catched 
[09:37:47] 50 NpcItems catched 
[09:37:47] 19801 NpcMessages catched 
[09:37:47] 7 NpcReplies catched 
[09:37:47] 18 Triggers catched
[09:37:48] 87 Handlers Readed
[09:37:48] 116 Messages Readed
[09:37:48] WorldServer start in 9984 ms.
[09:39:37] MySQL Database Connected
[09:39:37] 16 Breeds catched
[09:39:37] 256 Heads catched
[09:39:37] 561 Effects catched
[09:39:46] 11260 DofusMaps catched
[09:39:46] 454 StatedElements catched
[09:39:46] 802 InteractiveElements catched
[09:39:46] 74 HouseInformations catched
[09:39:46] 120 InteractiveDoors catched
[09:39:46] 3614 MapPositions uncatched
[09:39:46] 14681 MapPositions catched
[09:39:46] 42 MapZaaps catched
[09:39:47] 15228 SpellLevels catched 
[09:39:47] 4772 Spells catched 
[09:39:47] 1179 LearnableSpells catched 
[09:39:47] 9780 ItemTemplates catched 
[09:39:47] 4489 Weapons catched 
[09:39:47] 363 ItemSets catched 
[09:39:47] 171 ItemTypes catched 
[09:39:47] 110 ItemPets catched 
[09:39:48] 2476 NpcTemplates catched 
[09:39:48] 138 NpcSpawns catched 
[09:39:48] 50 NpcItems catched 
[09:39:48] 19801 NpcMessages catched 
[09:39:48] 7 NpcReplies catched 
[09:39:48] 18 Triggers catched
[09:39:48] 87 Handlers Readed
[09:39:48] 116 Messages Readed
[09:39:49] WorldServer start in 12112 ms.
[09:54:25] MySQL Database Connected
[09:54:25] 16 Breeds catched
[09:54:25] 256 Heads catched
[09:54:25] 561 Effects catched
[09:54:33] 11260 DofusMaps catched
[09:54:33] 454 StatedElements catched
[09:54:33] 802 InteractiveElements catched
[09:54:33] 74 HouseInformations catched
[09:54:33] 120 InteractiveDoors catched
[09:54:33] 3614 MapPositions uncatched
[09:54:33] 14681 MapPositions catched
[09:54:33] 42 MapZaaps catched
[09:54:33] 15228 SpellLevels catched 
[09:54:33] 4772 Spells catched 
[09:54:33] 1179 LearnableSpells catched 
[09:54:33] 9780 ItemTemplates catched 
[09:54:34] 4489 Weapons catched 
[09:54:34] 363 ItemSets catched 
[09:54:34] 171 ItemTypes catched 
[09:54:34] 110 ItemPets catched 
[09:54:34] 2476 NpcTemplates catched 
[09:54:34] 138 NpcSpawns catched 
[09:54:34] 50 NpcItems catched 
[09:54:34] 19801 NpcMessages catched 
[09:54:34] 7 NpcReplies catched 
[09:54:34] 18 Triggers catched
[09:54:34] 87 Handlers Readed
[09:54:35] 116 Messages Readed
[09:54:35] WorldServer start in 10467 ms.
[10:03:07] MySQL Database Connected
[10:03:07] 16 Breeds catched
[10:03:07] 256 Heads catched
[10:03:07] 561 Effects catched
[10:03:15] 11260 DofusMaps catched
[10:03:15] 454 StatedElements catched
[10:03:15] 802 InteractiveElements catched
[10:03:15] 74 HouseInformations catched
[10:03:15] 120 InteractiveDoors catched
[10:03:15] 3614 MapPositions uncatched
[10:03:15] 14681 MapPositions catched
[10:03:15] 42 MapZaaps catched
[10:03:15] 15228 SpellLevels catched 
[10:03:15] 4772 Spells catched 
[10:03:15] 1179 LearnableSpells catched 
[10:03:16] 9780 ItemTemplates catched 
[10:03:16] 4489 Weapons catched 
[10:03:16] 363 ItemSets catched 
[10:03:16] 171 ItemTypes catched 
[10:03:16] 110 ItemPets catched 
[10:03:16] 2476 NpcTemplates catched 
[10:03:16] 138 NpcSpawns catched 
[10:03:16] 50 NpcItems catched 
[10:03:16] 19801 NpcMessages catched 
[10:03:16] 7 NpcReplies catched 
[10:03:16] 18 Triggers catched
[10:03:17] 87 Handlers Readed
[10:03:17] 116 Messages Readed
[10:03:17] WorldServer start in 10402 ms.
[10:03:51] MySQL Database Connected
[10:03:51] 16 Breeds catched
[10:03:51] 256 Heads catched
[10:03:51] 561 Effects catched
[10:04:31] MySQL Database Connected
[10:04:31] 16 Breeds catched
[10:04:31] 256 Heads catched
[10:04:31] 561 Effects catched
[10:04:38] 11260 DofusMaps catched
[10:04:38] 454 StatedElements catched
[10:04:38] 802 InteractiveElements catched
[10:04:38] 74 HouseInformations catched
[10:04:38] 120 InteractiveDoors catched
[10:04:38] 3614 MapPositions uncatched
[10:04:38] 14681 MapPositions catched
[10:04:38] 42 MapZaaps catched
[10:04:38] 15228 SpellLevels catched 
[10:04:38] 4772 Spells catched 
[10:04:38] 1179 LearnableSpells catched 
[10:04:38] 9780 ItemTemplates catched 
[10:04:38] 4489 Weapons catched 
[10:04:38] 363 ItemSets catched 
[10:04:38] 171 ItemTypes catched 
[10:04:39] 110 ItemPets catched 
[10:04:39] 2476 NpcTemplates catched 
[10:04:39] 138 NpcSpawns catched 
[10:04:39] 50 NpcItems catched 
[10:04:39] 19801 NpcMessages catched 
[10:04:39] 7 NpcReplies catched 
[10:04:40] 18 Triggers catched
[10:04:40] 87 Handlers Readed
[10:04:40] 116 Messages Readed
[10:04:40] WorldServer start in 9234 ms.
[10:57:38] MySQL Database Connected
[10:57:38] 16 Breeds catched
[10:57:38] 256 Heads catched
[10:57:38] 561 Effects catched
[10:57:45] 11260 DofusMaps catched
[10:57:45] 454 StatedElements catched
[10:57:46] 802 InteractiveElements catched
[10:57:46] 74 HouseInformations catched
[10:57:46] 120 InteractiveDoors catched
[10:57:46] 3614 MapPositions uncatched
[10:57:46] 14681 MapPositions catched
[10:57:46] 42 MapZaaps catched
[10:57:46] 15228 SpellLevels catched 
[10:57:46] 4772 Spells catched 
[10:57:46] 1179 LearnableSpells catched 
[10:57:46] 9780 ItemTemplates catched 
[10:57:46] 4489 Weapons catched 
[10:57:46] 363 ItemSets catched 
[10:57:46] 171 ItemTypes catched 
[10:57:46] 110 ItemPets catched 
[10:57:47] 2476 NpcTemplates catched 
[10:57:47] 138 NpcSpawns catched 
[10:57:47] 50 NpcItems catched 
[10:57:47] 19801 NpcMessages catched 
[10:57:47] 7 NpcReplies catched 
[10:57:47] 18 Triggers catched
[10:57:47] 87 Handlers Readed
[10:57:48] 116 Messages Readed
[10:57:48] WorldServer start in 10446 ms.
[11:01:53] MySQL Database Connected
[11:01:53] 16 Breeds catched
[11:01:53] 256 Heads catched
[11:01:53] 561 Effects catched
[11:02:17] 11260 DofusMaps catched
[11:02:17] 454 StatedElements catched
[11:02:17] 802 InteractiveElements catched
[11:02:17] 74 HouseInformations catched
[11:02:17] 120 InteractiveDoors catched
[11:02:17] 3614 MapPositions uncatched
[11:02:17] 14681 MapPositions catched
[11:02:17] 42 MapZaaps catched
[11:02:17] 15228 SpellLevels catched 
[11:02:17] 4772 Spells catched 
[11:02:17] 1179 LearnableSpells catched 
[11:02:17] 9780 ItemTemplates catched 
[11:02:18] 4489 Weapons catched 
[11:02:18] 363 ItemSets catched 
[11:02:18] 171 ItemTypes catched 
[11:02:18] 110 ItemPets catched 
[11:02:18] 2476 NpcTemplates catched 
[11:02:18] 138 NpcSpawns catched 
[11:02:18] 50 NpcItems catched 
[11:02:18] 19801 NpcMessages catched 
[11:02:18] 7 NpcReplies catched 
[11:02:18] 18 Triggers catched
[11:02:19] 87 Handlers Readed
[11:02:19] 116 Messages Readed
[11:02:19] WorldServer start in 26440 ms.
[11:02:48] MySQL Database Connected
[11:02:48] 16 Breeds catched
[11:02:48] 256 Heads catched
[11:02:48] 561 Effects catched
[11:02:56] 11260 DofusMaps catched
[11:02:56] 454 StatedElements catched
[11:02:56] 802 InteractiveElements catched
[11:02:56] 74 HouseInformations catched
[11:02:56] 120 InteractiveDoors catched
[11:02:56] 3614 MapPositions uncatched
[11:02:56] 14681 MapPositions catched
[11:02:56] 42 MapZaaps catched
[11:02:56] 15228 SpellLevels catched 
[11:02:57] 4772 Spells catched 
[11:02:57] 1179 LearnableSpells catched 
[11:02:57] 9780 ItemTemplates catched 
[11:02:57] 4489 Weapons catched 
[11:02:57] 363 ItemSets catched 
[11:02:57] 171 ItemTypes catched 
[11:02:57] 110 ItemPets catched 
[11:02:57] 2476 NpcTemplates catched 
[11:02:57] 138 NpcSpawns catched 
[11:02:57] 50 NpcItems catched 
[11:02:57] 19801 NpcMessages catched 
[11:02:57] 7 NpcReplies catched 
[11:02:57] 18 Triggers catched
[11:02:58] 87 Handlers Readed
[11:02:58] 116 Messages Readed
[11:02:58] WorldServer start in 10275 ms.
[11:03:50] MySQL Database Connected
[11:03:50] 16 Breeds catched
[11:03:50] 256 Heads catched
[11:03:50] 561 Effects catched
[11:03:58] 11260 DofusMaps catched
[11:03:58] 454 StatedElements catched
[11:03:58] 802 InteractiveElements catched
[11:03:58] 74 HouseInformations catched
[11:03:58] 120 InteractiveDoors catched
[11:03:58] 3614 MapPositions uncatched
[11:03:58] 14681 MapPositions catched
[11:03:58] 42 MapZaaps catched
[11:03:58] 15228 SpellLevels catched 
[11:03:58] 4772 Spells catched 
[11:03:58] 1179 LearnableSpells catched 
[11:03:59] 9780 ItemTemplates catched 
[11:03:59] 4489 Weapons catched 
[11:03:59] 363 ItemSets catched 
[11:03:59] 171 ItemTypes catched 
[11:03:59] 110 ItemPets catched 
[11:03:59] 2476 NpcTemplates catched 
[11:03:59] 138 NpcSpawns catched 
[11:03:59] 50 NpcItems catched 
[11:03:59] 19801 NpcMessages catched 
[11:03:59] 7 NpcReplies catched 
[11:03:59] 18 Triggers catched
[11:04:00] 87 Handlers Readed
[11:04:00] 116 Messages Readed
[11:04:00] WorldServer start in 10363 ms.
[11:27:00] MySQL Database Connected
[11:27:00] 16 Breeds catched
[11:27:00] 256 Heads catched
[11:27:00] 561 Effects catched
[11:27:07] 11260 DofusMaps catched
[11:27:07] 454 StatedElements catched
[11:27:07] 802 InteractiveElements catched
[11:27:07] 74 HouseInformations catched
[11:27:07] 120 InteractiveDoors catched
[11:27:08] 3614 MapPositions uncatched
[11:27:08] 14681 MapPositions catched
[11:27:08] 42 MapZaaps catched
[11:27:08] 15228 SpellLevels catched 
[11:27:08] 4772 Spells catched 
[11:27:08] 1179 LearnableSpells catched 
[11:27:08] 9780 ItemTemplates catched 
[11:27:09] 4489 Weapons catched 
[11:27:09] 363 ItemSets catched 
[11:27:09] 171 ItemTypes catched 
[11:27:09] 110 ItemPets catched 
[11:27:09] 2476 NpcTemplates catched 
[11:27:09] 138 NpcSpawns catched 
[11:27:09] 50 NpcItems catched 
[11:27:09] 19801 NpcMessages catched 
[11:27:09] 7 NpcReplies catched 
[11:27:09] 18 Triggers catched
[11:27:10] 87 Handlers Readed
[11:27:10] 116 Messages Readed
[11:27:10] WorldServer start in 10293 ms.
[11:39:11] MySQL Database Connected
[11:39:11] 16 Breeds catched
[11:39:11] 256 Heads catched
[11:39:11] 561 Effects catched
[11:39:19] 11260 DofusMaps catched
[11:39:19] 454 StatedElements catched
[11:39:19] 802 InteractiveElements catched
[11:39:19] 74 HouseInformations catched
[11:39:19] 120 InteractiveDoors catched
[11:39:19] 3614 MapPositions uncatched
[11:39:19] 14681 MapPositions catched
[11:39:19] 42 MapZaaps catched
[11:39:19] 15228 SpellLevels catched 
[11:39:19] 4772 Spells catched 
[11:39:19] 1179 LearnableSpells catched 
[11:39:19] 9780 ItemTemplates catched 
[11:39:20] 4489 Weapons catched 
[11:39:20] 363 ItemSets catched 
[11:39:20] 171 ItemTypes catched 
[11:39:20] 110 ItemPets catched 
[11:39:20] 2476 NpcTemplates catched 
[11:39:20] 138 NpcSpawns catched 
[11:39:20] 50 NpcItems catched 
[11:39:20] 19801 NpcMessages catched 
[11:39:20] 7 NpcReplies catched 
[11:39:20] 18 Triggers catched
[11:39:20] 87 Handlers Readed
[11:39:21] 116 Messages Readed
[11:39:21] WorldServer start in 10273 ms.
[13:12:49] MySQL Database Connected
[13:12:49] 16 Breeds catched
[13:12:49] 256 Heads catched
[13:12:49] 561 Effects catched
[13:12:57] 11260 DofusMaps catched
[13:12:57] 454 StatedElements catched
[13:12:57] 802 InteractiveElements catched
[13:12:57] 74 HouseInformations catched
[13:12:57] 120 InteractiveDoors catched
[13:12:57] 3614 MapPositions uncatched
[13:12:57] 14681 MapPositions catched
[13:12:57] 42 MapZaaps catched
[13:12:57] 15228 SpellLevels catched 
[13:12:57] 4772 Spells catched 
[13:12:57] 1179 LearnableSpells catched 
[13:12:57] 9780 ItemTemplates catched 
[13:12:57] 4489 Weapons catched 
[13:12:58] 363 ItemSets catched 
[13:12:58] 171 ItemTypes catched 
[13:12:58] 110 ItemPets catched 
[13:12:58] 2476 NpcTemplates catched 
[13:12:58] 138 NpcSpawns catched 
[13:12:58] 50 NpcItems catched 
[13:12:58] 19801 NpcMessages catched 
[13:12:58] 7 NpcReplies catched 
[13:12:58] 18 Triggers catched
[13:12:58] 87 Handlers Readed
[13:12:59] 116 Messages Readed
[13:12:59] WorldServer start in 10447 ms.
[13:19:34] MySQL Database Connected
[13:19:34] 16 Breeds catched
[13:19:34] 256 Heads catched
[13:19:34] 561 Effects catched
[13:19:42] 11260 DofusMaps catched
[13:19:42] 454 StatedElements catched
[13:19:42] 802 InteractiveElements catched
[13:19:42] 74 HouseInformations catched
[13:19:42] 120 InteractiveDoors catched
[13:19:42] 3614 MapPositions uncatched
[13:19:42] 14681 MapPositions catched
[13:19:42] 42 MapZaaps catched
[13:19:43] 15228 SpellLevels catched 
[13:19:43] 4772 Spells catched 
[13:19:43] 1179 LearnableSpells catched 
[13:19:43] 9780 ItemTemplates catched 
[13:19:43] 4489 Weapons catched 
[13:19:43] 363 ItemSets catched 
[13:19:43] 171 ItemTypes catched 
[13:19:43] 110 ItemPets catched 
[13:19:44] 2476 NpcTemplates catched 
[13:19:44] 138 NpcSpawns catched 
[13:19:44] 50 NpcItems catched 
[13:19:44] 19801 NpcMessages catched 
[13:19:44] 7 NpcReplies catched 
[13:19:44] 18 Triggers catched
[13:19:44] 87 Handlers Readed
[13:19:44] 116 Messages Readed
[13:19:44] WorldServer start in 10573 ms.
[13:21:39] MySQL Database Connected
[13:21:39] 16 Breeds catched
[13:21:39] 256 Heads catched
[13:21:39] 561 Effects catched
[13:21:48] 11260 DofusMaps catched
[13:21:48] 454 StatedElements catched
[13:21:48] 802 InteractiveElements catched
[13:21:48] 74 HouseInformations catched
[13:21:48] 120 InteractiveDoors catched
[13:21:48] 3614 MapPositions uncatched
[13:21:48] 14681 MapPositions catched
[13:21:48] 42 MapZaaps catched
[13:21:48] 15228 SpellLevels catched 
[13:21:48] 4772 Spells catched 
[13:21:48] 1179 LearnableSpells catched 
[13:21:48] 9780 ItemTemplates catched 
[13:21:49] 4489 Weapons catched 
[13:21:49] 363 ItemSets catched 
[13:21:49] 171 ItemTypes catched 
[13:21:49] 110 ItemPets catched 
[13:21:49] 2476 NpcTemplates catched 
[13:21:49] 138 NpcSpawns catched 
[13:21:49] 50 NpcItems catched 
[13:21:49] 19801 NpcMessages catched 
[13:21:49] 7 NpcReplies catched 
[13:21:49] 18 Triggers catched
[13:21:49] 87 Handlers Readed
[13:21:50] 116 Messages Readed
[13:21:50] WorldServer start in 11327 ms.
[13:26:40] MySQL Database Connected
[13:26:40] 16 Breeds catched
[13:26:40] 256 Heads catched
[13:26:40] 561 Effects catched
[13:26:48] 11260 DofusMaps catched
[13:26:48] 454 StatedElements catched
[13:26:48] 802 InteractiveElements catched
[13:26:48] 74 HouseInformations catched
[13:26:48] 120 InteractiveDoors catched
[13:26:48] 3614 MapPositions uncatched
[13:26:48] 14681 MapPositions catched
[13:26:48] 42 MapZaaps catched
[13:26:48] 15228 SpellLevels catched 
[13:26:48] 4772 Spells catched 
[13:26:48] 1179 LearnableSpells catched 
[13:26:48] 9780 ItemTemplates catched 
[13:26:49] 4489 Weapons catched 
[13:26:49] 363 ItemSets catched 
[13:26:49] 171 ItemTypes catched 
[13:26:49] 110 ItemPets catched 
[13:26:49] 2476 NpcTemplates catched 
[13:26:49] 138 NpcSpawns catched 
[13:26:49] 50 NpcItems catched 
[13:26:49] 19801 NpcMessages catched 
[13:26:49] 7 NpcReplies catched 
[13:26:49] 18 Triggers catched
[13:26:50] 87 Handlers Readed
[13:26:50] 116 Messages Readed
[13:26:50] WorldServer start in 10245 ms.
[13:27:27] MySQL Database Connected
[13:27:27] 16 Breeds catched
[13:27:27] 256 Heads catched
[13:27:27] 561 Effects catched
[13:27:35] 11260 DofusMaps catched
[13:27:35] 454 StatedElements catched
[13:27:35] 802 InteractiveElements catched
[13:27:35] 74 HouseInformations catched
[13:27:35] 120 InteractiveDoors catched
[13:27:35] 3614 MapPositions uncatched
[13:27:35] 14681 MapPositions catched
[13:27:35] 42 MapZaaps catched
[13:27:35] 15228 SpellLevels catched 
[13:27:35] 4772 Spells catched 
[13:27:35] 1179 LearnableSpells catched 
[13:27:35] 9780 ItemTemplates catched 
[13:27:36] 4489 Weapons catched 
[13:27:36] 363 ItemSets catched 
[13:27:36] 171 ItemTypes catched 
[13:27:36] 110 ItemPets catched 
[13:27:36] 2476 NpcTemplates catched 
[13:27:36] 138 NpcSpawns catched 
[13:27:36] 50 NpcItems catched 
[13:27:36] 19801 NpcMessages catched 
[13:27:36] 7 NpcReplies catched 
[13:27:36] 18 Triggers catched
[13:27:37] 87 Handlers Readed
[13:27:37] 116 Messages Readed
[13:27:37] WorldServer start in 10700 ms.
[13:28:42] MySQL Database Connected
[13:28:42] 16 Breeds catched
[13:28:42] 256 Heads catched
[13:28:42] 561 Effects catched
[13:28:49] 11260 DofusMaps catched
[13:28:49] 454 StatedElements catched
[13:28:49] 802 InteractiveElements catched
[13:28:49] 74 HouseInformations catched
[13:28:49] 120 InteractiveDoors catched
[13:28:49] 3614 MapPositions uncatched
[13:28:49] 14681 MapPositions catched
[13:28:49] 42 MapZaaps catched
[13:28:50] 15228 SpellLevels catched 
[13:28:50] 4772 Spells catched 
[13:28:50] 1179 LearnableSpells catched 
[13:28:50] 9780 ItemTemplates catched 
[13:28:50] 4489 Weapons catched 
[13:28:50] 363 ItemSets catched 
[13:28:50] 171 ItemTypes catched 
[13:28:50] 110 ItemPets catched 
[13:28:50] 2476 NpcTemplates catched 
[13:28:50] 138 NpcSpawns catched 
[13:28:50] 50 NpcItems catched 
[13:28:50] 19801 NpcMessages catched 
[13:28:50] 7 NpcReplies catched 
[13:28:50] 18 Triggers catched
[13:28:51] 87 Handlers Readed
[13:28:51] 116 Messages Readed
[13:28:51] WorldServer start in 9848 ms.
[13:39:38] MySQL Database Connected
[13:39:38] 16 Breeds catched
[13:39:38] 256 Heads catched
[13:39:38] 561 Effects catched
[13:39:46] 11260 DofusMaps catched
[13:39:46] 454 StatedElements catched
[13:39:46] 802 InteractiveElements catched
[13:39:46] 74 HouseInformations catched
[13:39:46] 120 InteractiveDoors catched
[13:39:46] 3614 MapPositions uncatched
[13:39:46] 14681 MapPositions catched
[13:39:46] 42 MapZaaps catched
[13:39:46] 15228 SpellLevels catched 
[13:39:46] 4772 Spells catched 
[13:39:46] 1179 LearnableSpells catched 
[13:39:47] 9780 ItemTemplates catched 
[13:39:47] 4489 Weapons catched 
[13:39:47] 363 ItemSets catched 
[13:39:47] 171 ItemTypes catched 
[13:39:47] 110 ItemPets catched 
[13:39:47] 2476 NpcTemplates catched 
[13:39:47] 138 NpcSpawns catched 
[13:39:47] 50 NpcItems catched 
[13:39:47] 19801 NpcMessages catched 
[13:39:47] 7 NpcReplies catched 
[13:39:47] 18 Triggers catched
[13:39:48] 87 Handlers Readed
[13:39:48] 116 Messages Readed
[13:39:48] WorldServer start in 10509 ms.
[14:28:31] MySQL Database Connected
[14:28:31] 16 Breeds catched
[14:28:31] 256 Heads catched
[14:28:31] 561 Effects catched
[14:29:46] MySQL Database Connected
[14:29:46] 16 Breeds catched
[14:29:46] 256 Heads catched
[14:29:46] 561 Effects catched
[14:29:57] 11260 DofusMaps catched
[14:29:57] 454 StatedElements catched
[14:29:57] 802 InteractiveElements catched
[14:29:57] 74 HouseInformations catched
[14:29:57] 120 InteractiveDoors catched
[14:29:57] 3614 MapPositions uncatched
[14:29:57] 14681 MapPositions catched
[14:29:57] 42 MapZaaps catched
[14:29:57] 15228 SpellLevels catched 
[14:29:57] 4772 Spells catched 
[14:29:57] 1179 LearnableSpells catched 
[14:29:58] 9780 ItemTemplates catched 
[14:29:58] 4489 Weapons catched 
[14:29:58] 363 ItemSets catched 
[14:29:58] 171 ItemTypes catched 
[14:29:58] 110 ItemPets catched 
[14:29:58] 2476 NpcTemplates catched 
[14:29:58] 138 NpcSpawns catched 
[14:29:58] 50 NpcItems catched 
[14:29:58] 19801 NpcMessages catched 
[14:29:58] 7 NpcReplies catched 
[14:29:58] 18 Triggers catched
[14:32:07] MySQL Database Connected
[14:32:07] 16 Breeds catched
[14:32:07] 256 Heads catched
[14:32:07] 561 Effects catched
[14:32:15] 11260 DofusMaps catched
[14:32:15] 454 StatedElements catched
[14:32:15] 802 InteractiveElements catched
[14:32:15] 74 HouseInformations catched
[14:32:15] 120 InteractiveDoors catched
[14:32:15] 3614 MapPositions uncatched
[14:32:15] 14681 MapPositions catched
[14:32:15] 42 MapZaaps catched
[14:32:16] 15228 SpellLevels catched 
[14:32:16] 4772 Spells catched 
[14:32:16] 1179 LearnableSpells catched 
[14:32:16] 9780 ItemTemplates catched 
[14:32:16] 4489 Weapons catched 
[14:32:16] 363 ItemSets catched 
[14:32:16] 171 ItemTypes catched 
[14:32:16] 110 ItemPets catched 
[14:32:17] 2476 NpcTemplates catched 
[14:32:17] 138 NpcSpawns catched 
[14:32:17] 50 NpcItems catched 
[14:32:17] 19801 NpcMessages catched 
[14:32:17] 7 NpcReplies catched 
[14:32:17] 18 Triggers catched
[14:32:17] 87 Handlers Readed
[14:32:17] 116 Messages Readed
[14:32:17] WorldServer start in 11213 ms.
[14:32:47] MySQL Database Connected
[14:32:47] 16 Breeds catched
[14:32:47] 256 Heads catched
[14:32:47] 561 Effects catched
[14:32:56] 11260 DofusMaps catched
[14:32:56] 454 StatedElements catched
[14:32:57] 802 InteractiveElements catched
[14:32:57] 74 HouseInformations catched
[14:32:57] 120 InteractiveDoors catched
[14:32:57] 3614 MapPositions uncatched
[14:32:57] 14681 MapPositions catched
[14:32:57] 42 MapZaaps catched
[14:32:57] 15228 SpellLevels catched 
[14:32:57] 4772 Spells catched 
[14:32:57] 1179 LearnableSpells catched 
[14:32:57] 9780 ItemTemplates catched 
[14:32:57] 4489 Weapons catched 
[14:32:57] 363 ItemSets catched 
[14:32:57] 171 ItemTypes catched 
[14:32:58] 110 ItemPets catched 
[14:32:58] 2476 NpcTemplates catched 
[14:32:58] 138 NpcSpawns catched 
[14:32:58] 50 NpcItems catched 
[14:32:58] 19801 NpcMessages catched 
[14:32:58] 7 NpcReplies catched 
[14:32:58] 18 Triggers catched
[14:32:58] 87 Handlers Readed
[14:32:59] 116 Messages Readed
[14:32:59] WorldServer start in 11778 ms.
[14:42:43] MySQL Database Connected
[14:42:43] 16 Breeds catched
[14:42:43] 256 Heads catched
[14:42:43] 561 Effects catched
[14:42:51] 11260 DofusMaps catched
[14:42:51] 454 StatedElements catched
[14:42:51] 802 InteractiveElements catched
[14:42:51] 74 HouseInformations catched
[14:42:51] 120 InteractiveDoors catched
[14:42:51] 3614 MapPositions uncatched
[14:42:51] 14681 MapPositions catched
[14:42:51] 42 MapZaaps catched
[14:42:51] 15228 SpellLevels catched 
[14:42:51] 4772 Spells catched 
[14:42:51] 1179 LearnableSpells catched 
[14:42:51] 9780 ItemTemplates catched 
[14:42:51] 4489 Weapons catched 
[14:42:51] 363 ItemSets catched 
[14:42:51] 171 ItemTypes catched 
[14:42:52] 110 ItemPets catched 
[14:42:52] 2476 NpcTemplates catched 
[14:42:52] 138 NpcSpawns catched 
[14:42:52] 50 NpcItems catched 
[14:42:52] 19801 NpcMessages catched 
[14:42:52] 7 NpcReplies catched 
[14:42:52] 18 Triggers catched
[14:42:52] 87 Handlers Readed
[14:42:53] 116 Messages Readed
[14:42:53] WorldServer start in 10343 ms.
[14:52:01] MySQL Database Connected
[14:52:01] 16 Breeds catched
[14:52:01] 256 Heads catched
[14:52:01] 561 Effects catched
[14:52:08] 11260 DofusMaps catched
[14:52:08] 454 StatedElements catched
[14:52:08] 802 InteractiveElements catched
[14:52:08] 74 HouseInformations catched
[14:52:08] 120 InteractiveDoors catched
[14:52:09] 3614 MapPositions uncatched
[14:52:09] 14681 MapPositions catched
[14:52:09] 42 MapZaaps catched
[14:52:09] 15228 SpellLevels catched 
[14:52:09] 4772 Spells catched 
[14:52:09] 1179 LearnableSpells catched 
[14:52:09] 9780 ItemTemplates catched 
[14:52:09] 4489 Weapons catched 
[14:52:09] 363 ItemSets catched 
[14:52:09] 171 ItemTypes catched 
[14:52:10] 110 ItemPets catched 
[14:52:10] 2476 NpcTemplates catched 
[14:52:10] 138 NpcSpawns catched 
[14:52:10] 50 NpcItems catched 
[14:52:10] 19801 NpcMessages catched 
[14:52:10] 7 NpcReplies catched 
[14:52:10] 18 Triggers catched
[14:52:10] 87 Handlers Readed
[14:52:11] 116 Messages Readed
[14:52:11] WorldServer start in 10022 ms.
[14:57:02] MySQL Database Connected
[14:57:02] 16 Breeds catched
[14:57:02] 256 Heads catched
[14:57:02] 561 Effects catched
[14:57:12] MySQL Database Connected
[14:57:12] 16 Breeds catched
[14:57:12] 256 Heads catched
[14:57:12] 561 Effects catched
[14:57:18] 11260 DofusMaps catched
[14:57:18] 454 StatedElements catched
[14:57:18] 802 InteractiveElements catched
[14:57:18] 74 HouseInformations catched
[14:57:18] 120 InteractiveDoors catched
[14:57:18] 3614 MapPositions uncatched
[14:57:18] 14681 MapPositions catched
[14:57:18] 42 MapZaaps catched
[14:57:19] 15228 SpellLevels catched 
[14:57:19] 4772 Spells catched 
[14:57:19] 1179 LearnableSpells catched 
[14:57:19] 9780 ItemTemplates catched 
[14:57:19] 4489 Weapons catched 
[14:57:19] 363 ItemSets catched 
[14:57:19] 171 ItemTypes catched 
[14:57:19] 110 ItemPets catched 
[14:57:19] 2476 NpcTemplates catched 
[14:57:19] 138 NpcSpawns catched 
[14:57:19] 50 NpcItems catched 
[14:57:19] 19801 NpcMessages catched 
[14:57:19] 7 NpcReplies catched 
[14:57:20] 18 Triggers catched
[14:57:20] 87 Handlers Readed
[14:57:20] 116 Messages Readed
[14:57:20] WorldServer start in 8475 ms.
[14:57:48] MySQL Database Connected
[14:57:48] 16 Breeds catched
[14:57:48] 256 Heads catched
[14:57:48] 561 Effects catched
[14:57:56] 11260 DofusMaps catched
[14:57:56] 454 StatedElements catched
[14:57:56] 802 InteractiveElements catched
[14:57:56] 74 HouseInformations catched
[14:57:56] 120 InteractiveDoors catched
[14:57:56] 3614 MapPositions uncatched
[14:57:56] 14681 MapPositions catched
[14:57:56] 42 MapZaaps catched
[14:57:56] 15228 SpellLevels catched 
[14:57:56] 4772 Spells catched 
[14:57:56] 1179 LearnableSpells catched 
[14:57:56] 9780 ItemTemplates catched 
[14:57:56] 4489 Weapons catched 
[14:57:56] 363 ItemSets catched 
[14:57:56] 171 ItemTypes catched 
[14:57:57] 110 ItemPets catched 
[14:57:57] 2476 NpcTemplates catched 
[14:57:57] 138 NpcSpawns catched 
[14:57:57] 50 NpcItems catched 
[14:57:57] 19801 NpcMessages catched 
[14:57:57] 7 NpcReplies catched 
[14:57:57] 18 Triggers catched
[14:57:57] 87 Handlers Readed
[14:57:58] 116 Messages Readed
[14:57:58] WorldServer start in 10087 ms.
[14:59:57] MySQL Database Connected
[14:59:57] 16 Breeds catched
[14:59:57] 256 Heads catched
[14:59:57] 561 Effects catched
[15:00:05] 11260 DofusMaps catched
[15:00:05] 454 StatedElements catched
[15:00:05] 802 InteractiveElements catched
[15:00:05] 74 HouseInformations catched
[15:00:05] 120 InteractiveDoors catched
[15:00:05] 3614 MapPositions uncatched
[15:00:05] 14681 MapPositions catched
[15:00:05] 42 MapZaaps catched
[15:00:06] 15228 SpellLevels catched 
[15:00:06] 4772 Spells catched 
[15:00:06] 1179 LearnableSpells catched 
[15:00:06] 9780 ItemTemplates catched 
[15:00:06] 4489 Weapons catched 
[15:00:06] 363 ItemSets catched 
[15:00:06] 171 ItemTypes catched 
[15:00:06] 110 ItemPets catched 
[15:00:06] 2476 NpcTemplates catched 
[15:00:06] 138 NpcSpawns catched 
[15:00:06] 50 NpcItems catched 
[15:00:06] 19801 NpcMessages catched 
[15:00:06] 7 NpcReplies catched 
[15:00:06] 18 Triggers catched
[15:00:07] 87 Handlers Readed
[15:00:07] 116 Messages Readed
[15:00:07] WorldServer start in 10633 ms.
[15:08:44] MySQL Database Connected
[15:08:44] 16 Breeds catched
[15:08:44] 256 Heads catched
[15:08:44] 561 Effects catched
[15:08:52] 11260 DofusMaps catched
[15:08:52] 454 StatedElements catched
[15:08:52] 802 InteractiveElements catched
[15:08:52] 74 HouseInformations catched
[15:08:52] 120 InteractiveDoors catched
[15:08:52] 3614 MapPositions uncatched
[15:08:52] 14681 MapPositions catched
[15:08:52] 42 MapZaaps catched
[15:08:53] 15228 SpellLevels catched 
[15:08:53] 4772 Spells catched 
[15:08:53] 1179 LearnableSpells catched 
[15:08:53] 9780 ItemTemplates catched 
[15:08:53] 4489 Weapons catched 
[15:08:53] 363 ItemSets catched 
[15:08:53] 171 ItemTypes catched 
[15:08:53] 110 ItemPets catched 
[15:08:54] 2476 NpcTemplates catched 
[15:08:54] 138 NpcSpawns catched 
[15:08:54] 50 NpcItems catched 
[15:08:54] 19801 NpcMessages catched 
[15:08:54] 7 NpcReplies catched 
[15:08:54] 18 Triggers catched
[15:08:54] 87 Handlers Readed
[15:08:54] 116 Messages Readed
[15:08:55] WorldServer start in 10828 ms.
[15:10:30] MySQL Database Connected
[15:10:30] 16 Breeds catched
[15:10:30] 256 Heads catched
[15:10:30] 561 Effects catched
[15:10:38] 11260 DofusMaps catched
[15:10:38] 454 StatedElements catched
[15:10:38] 802 InteractiveElements catched
[15:10:38] 74 HouseInformations catched
[15:10:38] 120 InteractiveDoors catched
[15:10:38] 3614 MapPositions uncatched
[15:10:38] 14681 MapPositions catched
[15:10:38] 42 MapZaaps catched
[15:10:39] 15228 SpellLevels catched 
[15:10:39] 4772 Spells catched 
[15:10:39] 1179 LearnableSpells catched 
[15:10:39] 9780 ItemTemplates catched 
[15:10:39] 4489 Weapons catched 
[15:10:39] 363 ItemSets catched 
[15:10:39] 171 ItemTypes catched 
[15:10:39] 110 ItemPets catched 
[15:10:40] 2476 NpcTemplates catched 
[15:10:40] 138 NpcSpawns catched 
[15:10:40] 50 NpcItems catched 
[15:10:40] 19801 NpcMessages catched 
[15:10:40] 7 NpcReplies catched 
[15:10:40] 18 Triggers catched
[15:10:40] 87 Handlers Readed
[15:10:40] 116 Messages Readed
[15:10:40] WorldServer start in 10540 ms.
[15:10:50] MySQL Database Connected
[15:10:50] 16 Breeds catched
[15:10:50] 256 Heads catched
[15:10:50] 561 Effects catched
[15:10:59] 11260 DofusMaps catched
[15:10:59] 454 StatedElements catched
[15:10:59] 802 InteractiveElements catched
[15:10:59] 74 HouseInformations catched
[15:10:59] 120 InteractiveDoors catched
[15:10:59] 3614 MapPositions uncatched
[15:10:59] 14681 MapPositions catched
[15:10:59] 42 MapZaaps catched
[15:11:00] 15228 SpellLevels catched 
[15:11:00] 4772 Spells catched 
[15:11:00] 1179 LearnableSpells catched 
[15:11:00] 9780 ItemTemplates catched 
[15:11:00] 4489 Weapons catched 
[15:11:00] 363 ItemSets catched 
[15:11:00] 171 ItemTypes catched 
[15:11:00] 110 ItemPets catched 
[15:11:00] 2476 NpcTemplates catched 
[15:11:00] 138 NpcSpawns catched 
[15:11:00] 50 NpcItems catched 
[15:11:00] 19801 NpcMessages catched 
[15:11:00] 7 NpcReplies catched 
[15:11:01] 18 Triggers catched
[15:11:01] 87 Handlers Readed
[15:11:01] 116 Messages Readed
[15:11:01] WorldServer start in 11259 ms.
[15:11:22] MySQL Database Connected
[15:11:22] 16 Breeds catched
[15:11:22] 256 Heads catched
[15:11:22] 561 Effects catched
[15:11:31] 11260 DofusMaps catched
[15:11:31] 454 StatedElements catched
[15:11:31] 802 InteractiveElements catched
[15:11:31] 74 HouseInformations catched
[15:11:31] 120 InteractiveDoors catched
[15:11:31] 3614 MapPositions uncatched
[15:11:31] 14681 MapPositions catched
[15:11:31] 42 MapZaaps catched
[15:11:32] 15228 SpellLevels catched 
[15:11:32] 4772 Spells catched 
[15:11:32] 1179 LearnableSpells catched 
[15:11:32] 9780 ItemTemplates catched 
[15:11:32] 4489 Weapons catched 
[15:11:32] 363 ItemSets catched 
[15:11:32] 171 ItemTypes catched 
[15:11:32] 110 ItemPets catched 
[15:11:32] 2476 NpcTemplates catched 
[15:11:32] 138 NpcSpawns catched 
[15:11:32] 50 NpcItems catched 
[15:11:33] 19801 NpcMessages catched 
[15:11:33] 7 NpcReplies catched 
[15:11:33] 18 Triggers catched
[15:11:33] 87 Handlers Readed
[15:11:33] 116 Messages Readed
[15:11:33] WorldServer start in 11273 ms.
[15:11:37] MySQL Database Connected
[15:11:37] 16 Breeds catched
[15:11:37] 256 Heads catched
[15:11:37] 561 Effects catched
[15:11:45] 11260 DofusMaps catched
[15:11:45] 454 StatedElements catched
[15:11:45] 802 InteractiveElements catched
[15:11:45] 74 HouseInformations catched
[15:11:45] 120 InteractiveDoors catched
[15:11:45] 3614 MapPositions uncatched
[15:11:45] 14681 MapPositions catched
[15:11:45] 42 MapZaaps catched
[15:11:45] 15228 SpellLevels catched 
[15:11:46] 4772 Spells catched 
[15:11:46] 1179 LearnableSpells catched 
[15:11:46] 9780 ItemTemplates catched 
[15:11:46] 4489 Weapons catched 
[15:11:46] 363 ItemSets catched 
[15:11:46] 171 ItemTypes catched 
[15:11:46] 110 ItemPets catched 
[15:11:46] 2476 NpcTemplates catched 
[15:11:46] 138 NpcSpawns catched 
[15:11:46] 50 NpcItems catched 
[15:11:46] 19801 NpcMessages catched 
[15:11:46] 7 NpcReplies catched 
[15:11:46] 18 Triggers catched
[15:11:47] 87 Handlers Readed
[15:11:47] 116 Messages Readed
[15:11:47] WorldServer start in 10414 ms.
[15:14:20] MySQL Database Connected
[15:14:20] 16 Breeds catched
[15:14:20] 256 Heads catched
[15:14:20] 561 Effects catched
[15:14:29] 11260 DofusMaps catched
[15:14:29] 454 StatedElements catched
[15:14:29] 802 InteractiveElements catched
[15:14:29] 74 HouseInformations catched
[15:14:29] 120 InteractiveDoors catched
[15:14:29] 3614 MapPositions uncatched
[15:14:29] 14681 MapPositions catched
[15:14:29] 42 MapZaaps catched
[15:14:29] 15228 SpellLevels catched 
[15:14:29] 4772 Spells catched 
[15:14:29] 1179 LearnableSpells catched 
[15:14:29] 9780 ItemTemplates catched 
[15:14:29] 4489 Weapons catched 
[15:14:29] 363 ItemSets catched 
[15:14:29] 171 ItemTypes catched 
[15:14:29] 110 ItemPets catched 
[15:14:30] 2476 NpcTemplates catched 
[15:14:30] 138 NpcSpawns catched 
[15:14:30] 50 NpcItems catched 
[15:14:30] 19801 NpcMessages catched 
[15:14:30] 7 NpcReplies catched 
[15:14:30] 18 Triggers catched
[15:14:30] 87 Handlers Readed
[15:14:31] 116 Messages Readed
[15:14:31] WorldServer start in 10645 ms.
[15:17:11] MySQL Database Connected
[15:17:12] 16 Breeds catched
[15:17:12] 256 Heads catched
[15:17:12] 561 Effects catched
[15:17:20] 11260 DofusMaps catched
[15:17:20] 454 StatedElements catched
[15:17:20] 802 InteractiveElements catched
[15:17:20] 74 HouseInformations catched
[15:17:20] 120 InteractiveDoors catched
[15:17:20] 3614 MapPositions uncatched
[15:17:20] 14681 MapPositions catched
[15:17:20] 42 MapZaaps catched
[15:17:20] 15228 SpellLevels catched 
[15:17:20] 4772 Spells catched 
[15:17:20] 1179 LearnableSpells catched 
[15:17:21] 9780 ItemTemplates catched 
[15:17:21] 4489 Weapons catched 
[15:17:21] 363 ItemSets catched 
[15:17:21] 171 ItemTypes catched 
[15:17:21] 110 ItemPets catched 
[15:17:21] 2476 NpcTemplates catched 
[15:17:21] 138 NpcSpawns catched 
[15:17:21] 50 NpcItems catched 
[15:17:21] 19801 NpcMessages catched 
[15:17:21] 7 NpcReplies catched 
[15:17:21] 18 Triggers catched
[15:17:22] 87 Handlers Readed
[15:17:22] 116 Messages Readed
[15:17:22] WorldServer start in 10852 ms.
[15:17:54] MySQL Database Connected
[15:17:54] 16 Breeds catched
[15:17:54] 256 Heads catched
[15:17:54] 561 Effects catched
[15:18:02] 11260 DofusMaps catched
[15:18:02] 454 StatedElements catched
[15:18:02] 802 InteractiveElements catched
[15:18:02] 74 HouseInformations catched
[15:18:02] 120 InteractiveDoors catched
[15:18:02] 3614 MapPositions uncatched
[15:18:02] 14681 MapPositions catched
[15:18:02] 42 MapZaaps catched
[15:18:02] 15228 SpellLevels catched 
[15:18:02] 4772 Spells catched 
[15:18:02] 1179 LearnableSpells catched 
[15:18:03] 9780 ItemTemplates catched 
[15:18:03] 4489 Weapons catched 
[15:18:03] 363 ItemSets catched 
[15:18:03] 171 ItemTypes catched 
[15:18:03] 110 ItemPets catched 
[15:18:03] 2476 NpcTemplates catched 
[15:18:03] 138 NpcSpawns catched 
[15:18:03] 50 NpcItems catched 
[15:18:03] 19801 NpcMessages catched 
[15:18:03] 7 NpcReplies catched 
[15:18:03] 18 Triggers catched
[15:18:04] 87 Handlers Readed
[15:18:04] 116 Messages Readed
[15:18:04] WorldServer start in 10490 ms.
[15:19:46] MySQL Database Connected
[15:19:46] 16 Breeds catched
[15:19:46] 256 Heads catched
[15:19:46] 561 Effects catched
[15:19:54] 11260 DofusMaps catched
[15:19:54] 454 StatedElements catched
[15:19:54] 802 InteractiveElements catched
[15:19:54] 74 HouseInformations catched
[15:19:54] 120 InteractiveDoors catched
[15:19:55] 3614 MapPositions uncatched
[15:19:55] 14681 MapPositions catched
[15:19:55] 42 MapZaaps catched
[15:19:55] 15228 SpellLevels catched 
[15:19:55] 4772 Spells catched 
[15:19:55] 1179 LearnableSpells catched 
[15:19:55] 9780 ItemTemplates catched 
[15:19:55] 4489 Weapons catched 
[15:19:55] 363 ItemSets catched 
[15:19:55] 171 ItemTypes catched 
[15:19:55] 110 ItemPets catched 
[15:19:56] 2476 NpcTemplates catched 
[15:19:56] 138 NpcSpawns catched 
[15:19:56] 50 NpcItems catched 
[15:19:56] 19801 NpcMessages catched 
[15:19:56] 7 NpcReplies catched 
[15:19:56] 18 Triggers catched
[15:19:56] 87 Handlers Readed
[15:19:56] 116 Messages Readed
[15:19:57] WorldServer start in 10711 ms.
[15:21:03] MySQL Database Connected
[15:21:03] 16 Breeds catched
[15:21:03] 256 Heads catched
[15:21:03] 561 Effects catched
[15:21:11] 11260 DofusMaps catched
[15:21:11] 454 StatedElements catched
[15:21:12] 802 InteractiveElements catched
[15:21:12] 74 HouseInformations catched
[15:21:12] 120 InteractiveDoors catched
[15:21:12] 3614 MapPositions uncatched
[15:21:12] 14681 MapPositions catched
[15:21:12] 42 MapZaaps catched
[15:21:12] 15228 SpellLevels catched 
[15:21:12] 4772 Spells catched 
[15:21:12] 1179 LearnableSpells catched 
[15:21:12] 9780 ItemTemplates catched 
[15:21:12] 4489 Weapons catched 
[15:21:12] 363 ItemSets catched 
[15:21:12] 171 ItemTypes catched 
[15:21:12] 110 ItemPets catched 
[15:21:13] 2476 NpcTemplates catched 
[15:21:13] 138 NpcSpawns catched 
[15:21:13] 50 NpcItems catched 
[15:21:13] 19801 NpcMessages catched 
[15:21:13] 7 NpcReplies catched 
[15:21:13] 18 Triggers catched
[15:21:13] 87 Handlers Readed
[15:21:14] 116 Messages Readed
[15:21:14] WorldServer start in 10533 ms.
[15:27:21] MySQL Database Connected
[15:27:21] 16 Breeds catched
[15:27:21] 256 Heads catched
[15:27:21] 561 Effects catched
[15:27:29] 11260 DofusMaps catched
[15:27:29] 454 StatedElements catched
[15:27:29] 802 InteractiveElements catched
[15:27:29] 74 HouseInformations catched
[15:27:29] 120 InteractiveDoors catched
[15:27:29] 3614 MapPositions uncatched
[15:27:29] 14681 MapPositions catched
[15:27:29] 42 MapZaaps catched
[15:27:29] 15228 SpellLevels catched 
[15:27:29] 4772 Spells catched 
[15:27:29] 1179 LearnableSpells catched 
[15:27:30] 9780 ItemTemplates catched 
[15:27:30] 4489 Weapons catched 
[15:27:30] 363 ItemSets catched 
[15:27:30] 171 ItemTypes catched 
[15:27:30] 110 ItemPets catched 
[15:27:30] 2476 NpcTemplates catched 
[15:27:30] 138 NpcSpawns catched 
[15:27:30] 50 NpcItems catched 
[15:27:30] 19801 NpcMessages catched 
[15:27:30] 7 NpcReplies catched 
[15:27:30] 18 Triggers catched
[15:27:31] 87 Handlers Readed
[15:27:31] 116 Messages Readed
[15:27:31] WorldServer start in 10721 ms.
[16:09:57] MySQL Database Connected
[16:09:57] 16 Breeds catched
[16:09:57] 256 Heads catched
[16:09:57] 561 Effects catched
[16:10:05] 11260 DofusMaps catched
[16:10:05] 454 StatedElements catched
[16:10:05] 802 InteractiveElements catched
[16:10:05] 74 HouseInformations catched
[16:10:05] 120 InteractiveDoors catched
[16:10:06] 3614 MapPositions uncatched
[16:10:06] 14681 MapPositions catched
[16:10:06] 42 MapZaaps catched
[16:10:06] 15228 SpellLevels catched 
[16:10:06] 4772 Spells catched 
[16:10:06] 1179 LearnableSpells catched 
[16:10:06] 9780 ItemTemplates catched 
[16:10:06] 4489 Weapons catched 
[16:10:06] 363 ItemSets catched 
[16:10:06] 171 ItemTypes catched 
[16:10:06] 110 ItemPets catched 
[16:10:07] 2476 NpcTemplates catched 
[16:10:07] 138 NpcSpawns catched 
[16:10:07] 50 NpcItems catched 
[16:10:07] 19801 NpcMessages catched 
[16:10:07] 7 NpcReplies catched 
[16:10:07] 18 Triggers catched
[16:10:07] 87 Handlers Readed
[16:10:07] 116 Messages Readed
[16:10:08] WorldServer start in 11103 ms.
[16:42:30] MySQL Database Connected
[16:42:30] 16 Breeds catched
[16:42:30] 256 Heads catched
[16:42:30] 561 Effects catched
[16:42:39] 11260 DofusMaps catched
[16:42:39] 454 StatedElements catched
[16:42:40] 802 InteractiveElements catched
[16:42:40] 74 HouseInformations catched
[16:42:40] 120 InteractiveDoors catched
[16:42:40] 3614 MapPositions uncatched
[16:42:40] 14681 MapPositions catched
[16:42:40] 42 MapZaaps catched
[16:42:40] 15228 SpellLevels catched 
[16:42:40] 4772 Spells catched 
[16:42:40] 1179 LearnableSpells catched 
[16:42:40] 9780 ItemTemplates catched 
[16:42:40] 4489 Weapons catched 
[16:42:40] 363 ItemSets catched 
[16:42:40] 171 ItemTypes catched 
[16:42:41] 110 ItemPets catched 
[16:42:41] 2476 NpcTemplates catched 
[16:42:41] 138 NpcSpawns catched 
[16:42:41] 50 NpcItems catched 
[16:42:41] 19801 NpcMessages catched 
[16:42:41] 7 NpcReplies catched 
[16:42:41] 18 Triggers catched
[16:42:41] 87 Handlers Readed
[16:42:42] 116 Messages Readed
[16:42:42] WorldServer start in 11846 ms.
[16:46:47] MySQL Database Connected
[16:46:47] 16 Breeds catched
[16:46:47] 256 Heads catched
[16:46:47] 561 Effects catched
[16:46:56] 11260 DofusMaps catched
[16:46:56] 454 StatedElements catched
[16:46:56] 802 InteractiveElements catched
[16:46:56] 74 HouseInformations catched
[16:46:56] 120 InteractiveDoors catched
[16:46:56] 3614 MapPositions uncatched
[16:46:56] 14681 MapPositions catched
[16:46:56] 42 MapZaaps catched
[16:46:56] 15228 SpellLevels catched 
[16:46:56] 4772 Spells catched 
[16:46:56] 1179 LearnableSpells catched 
[16:46:57] 9780 ItemTemplates catched 
[16:46:57] 4489 Weapons catched 
[16:46:57] 363 ItemSets catched 
[16:46:57] 171 ItemTypes catched 
[16:46:57] 110 ItemPets catched 
[16:46:57] 2476 NpcTemplates catched 
[16:46:57] 138 NpcSpawns catched 
[16:46:57] 50 NpcItems catched 
[16:46:57] 19801 NpcMessages catched 
[16:46:57] 7 NpcReplies catched 
[16:46:57] 18 Triggers catched
[16:46:58] 87 Handlers Readed
[16:46:58] 116 Messages Readed
[16:46:58] WorldServer start in 10938 ms.
[16:58:58] MySQL Database Connected
[16:58:58] 16 Breeds catched
[16:58:58] 256 Heads catched
[16:58:58] 561 Effects catched
[16:59:07] 11260 DofusMaps catched
[16:59:07] 454 StatedElements catched
[16:59:07] 802 InteractiveElements catched
[16:59:07] 74 HouseInformations catched
[16:59:07] 120 InteractiveDoors catched
[16:59:07] 3614 MapPositions uncatched
[16:59:07] 14681 MapPositions catched
[16:59:07] 42 MapZaaps catched
[16:59:07] 15228 SpellLevels catched 
[16:59:07] 4772 Spells catched 
[16:59:07] 1179 LearnableSpells catched 
[16:59:08] 9780 ItemTemplates catched 
[16:59:08] 4489 Weapons catched 
[16:59:08] 363 ItemSets catched 
[16:59:08] 171 ItemTypes catched 
[16:59:08] 110 ItemPets catched 
[16:59:08] 2476 NpcTemplates catched 
[16:59:08] 138 NpcSpawns catched 
[16:59:08] 50 NpcItems catched 
[16:59:08] 19801 NpcMessages catched 
[16:59:08] 7 NpcReplies catched 
[16:59:08] 18 Triggers catched
[16:59:09] 87 Handlers Readed
[16:59:09] 116 Messages Readed
[16:59:09] WorldServer start in 11262 ms.
[17:12:34] MySQL Database Connected
[17:12:34] 16 Breeds catched
[17:12:34] 256 Heads catched
[17:12:34] 561 Effects catched
[17:12:43] 11260 DofusMaps catched
[17:12:43] 454 StatedElements catched
[17:12:43] 802 InteractiveElements catched
[17:12:43] 74 HouseInformations catched
[17:12:43] 120 InteractiveDoors catched
[17:12:43] 3614 MapPositions uncatched
[17:12:43] 14681 MapPositions catched
[17:12:43] 42 MapZaaps catched
[17:12:43] 15228 SpellLevels catched 
[17:12:43] 4772 Spells catched 
[17:12:43] 1179 LearnableSpells catched 
[17:12:43] 9780 ItemTemplates catched 
[17:12:43] 4489 Weapons catched 
[17:12:43] 363 ItemSets catched 
[17:12:43] 171 ItemTypes catched 
[17:12:44] 110 ItemPets catched 
[17:12:44] 2476 NpcTemplates catched 
[17:12:44] 138 NpcSpawns catched 
[17:12:44] 50 NpcItems catched 
[17:12:44] 19801 NpcMessages catched 
[17:12:44] 7 NpcReplies catched 
[17:12:44] 18 Triggers catched
[17:12:44] 87 Handlers Readed
[17:12:45] 116 Messages Readed
[17:12:45] WorldServer start in 10988 ms.
[23:14:29] MySQL Database Connected
[23:14:30] 16 Breeds catched
[23:14:30] 256 Heads catched
[23:14:30] 561 Effects catched
[23:14:38] 11260 DofusMaps catched
[23:14:38] 454 StatedElements catched
[23:14:38] 802 InteractiveElements catched
[23:14:38] 74 HouseInformations catched
[23:14:38] 120 InteractiveDoors catched
[23:14:39] 3614 MapPositions uncatched
[23:14:39] 14681 MapPositions catched
[23:14:39] 42 MapZaaps catched
[23:14:39] 15228 SpellLevels catched 
[23:14:39] 4772 Spells catched 
[23:14:39] 1179 LearnableSpells catched 
[23:14:39] 9780 ItemTemplates catched 
[23:14:39] 4489 Weapons catched 
[23:14:39] 363 ItemSets catched 
[23:14:39] 171 ItemTypes catched 
[23:14:39] 110 ItemPets catched 
[23:14:40] 2476 NpcTemplates catched 
[23:14:40] 138 NpcSpawns catched 
[23:14:40] 50 NpcItems catched 
[23:14:40] 19801 NpcMessages catched 
[23:14:40] 7 NpcReplies catched 
[23:14:40] 18 Triggers catched
[23:14:40] 87 Handlers Readed
[23:14:41] 116 Messages Readed
[23:14:41] WorldServer start in 11572 ms.
[23:15:36] MySQL Database Connected
[23:15:37] 16 Breeds catched
[23:15:37] 256 Heads catched
[23:15:37] 561 Effects catched
[23:15:44] 11260 DofusMaps catched
[23:15:44] 454 StatedElements catched
[23:15:44] 802 InteractiveElements catched
[23:15:44] 74 HouseInformations catched
[23:15:44] 120 InteractiveDoors catched
[23:15:45] 3614 MapPositions uncatched
[23:15:45] 14681 MapPositions catched
[23:15:45] 42 MapZaaps catched
[23:15:45] 15228 SpellLevels catched 
[23:15:45] 4772 Spells catched 
[23:15:45] 1179 LearnableSpells catched 
[23:15:45] 9780 ItemTemplates catched 
[23:15:47] 4489 Weapons catched 
[23:15:47] 363 ItemSets catched 
[23:15:47] 171 ItemTypes catched 
[23:15:47] 110 ItemPets catched 
[23:15:48] 2476 NpcTemplates catched 
[23:15:48] 138 NpcSpawns catched 
[23:15:48] 50 NpcItems catched 
[23:15:48] 19801 NpcMessages catched 
[23:15:48] 7 NpcReplies catched 
[23:15:48] 18 Triggers catched
[23:15:48] 87 Handlers Readed
[23:15:48] 116 Messages Readed
[23:15:48] WorldServer start in 12230 ms.
