[09:38:40] MySQL Database Connected
[09:38:40] 16 Breeds catched
[09:38:40] 256 Heads catched
[09:38:40] 566 Effects catched
[09:38:41] 4 SuperAreas catched
[09:38:41] 48 Areas catched
[09:38:42] 334 SubAreas catched
[09:38:42] 11267 DofusMaps catched
[09:38:42] 9769 StatedElements catched
[09:38:43] 13379 InteractiveElements catched
[09:38:43] 1485 HouseInformations catched
[09:38:43] 568 InteractiveDoors catched
[09:38:43] 3530 MapPositions uncatched
[09:38:43] 14681 MapPositions catched
[09:38:43] 38 MapZaaps catched
[09:38:43] 79 MapSubways catched
[09:38:43] 15612 SpellLevels catched 
[09:38:43] 4972 Spells catched 
[09:38:43] 4 SpellBombs catched 
[09:38:43] 316 GuildEmblems catched 
[09:38:43] 1179 LearnableSpells catched 
[09:38:43] 171 ItemTypes catched 
[09:38:43] 10063 ItemTemplates catched 
[09:38:43] 4355 Weapons catched 
[09:38:43] 366 ItemSets catched 
[09:38:43] 114 ItemPets catched 
[09:38:44] 2476 NpcTemplates catched 
[09:38:44] 807 NpcSpawns catched 
[09:38:44] 2075 NpcItems catched 
[09:38:44] 19801 NpcMessages catched 
[09:38:44] 8 NpcReplies catched 
[09:38:44] 366 Triggers catched
[09:38:44] 1277 Paddocks catched
[09:38:44] 72 Mounts catched
[09:38:44] 3 Guild catched
[09:38:44] 2 GuildMembers catched
[09:38:44] 11 GatheringJob LevelInfos catched
[09:38:44] 233 InteractiveSkills LevelInfos catched
[09:38:44] 2210 Monster Templates catched
[09:38:44] 11688 Monster Grades catched
[09:38:44] 8021 Monster Drops catched
[09:38:45] 129 Handlers Readed
[09:38:45] 175 Messages Readed
[09:38:45] WorldServer start in 5563 ms.
[12:43:29] MySQL Database Connected
[12:43:29] 16 Breeds catched
[12:43:29] 256 Heads catched
[12:43:29] 566 Effects catched
[12:43:30] 4 SuperAreas catched
[12:43:30] 48 Areas catched
[12:43:31] 334 SubAreas catched
[12:43:31] 11267 DofusMaps catched
[12:43:31] 9769 StatedElements catched
[12:43:31] 13379 InteractiveElements catched
[12:43:31] 1485 HouseInformations catched
[12:43:31] 568 InteractiveDoors catched
[12:43:31] 3530 MapPositions uncatched
[12:43:31] 14681 MapPositions catched
[12:43:31] 38 MapZaaps catched
[12:43:31] 79 MapSubways catched
[12:43:32] 15612 SpellLevels catched 
[12:43:32] 4972 Spells catched 
[12:43:32] 4 SpellBombs catched 
[12:43:32] 316 GuildEmblems catched 
[12:43:32] 1179 LearnableSpells catched 
[12:43:32] 171 ItemTypes catched 
[12:43:32] 10063 ItemTemplates catched 
[12:43:32] 4355 Weapons catched 
[12:43:32] 366 ItemSets catched 
[12:43:32] 114 ItemPets catched 
[12:43:32] 2476 NpcTemplates catched 
[12:43:32] 808 NpcSpawns catched 
[12:43:32] 2075 NpcItems catched 
[12:43:32] 19801 NpcMessages catched 
[12:43:32] 8 NpcReplies catched 
[12:43:32] 366 Triggers catched
[12:43:32] 1277 Paddocks catched
[12:43:32] 72 Mounts catched
[12:43:32] 3 Guild catched
[12:43:32] 2 GuildMembers catched
[12:43:32] 11 GatheringJob LevelInfos catched
[12:43:33] 233 InteractiveSkills LevelInfos catched
[12:43:33] 2210 Monster Templates catched
[12:43:33] 11688 Monster Grades catched
[12:43:33] 8021 Monster Drops catched
[12:43:33] 129 Handlers Readed
[12:43:33] 175 Messages Readed
[12:43:34] WorldServer start in 4727 ms.
[12:44:02] MySQL Database Connected
[12:44:02] 16 Breeds catched
[12:44:02] 256 Heads catched
[12:44:02] 566 Effects catched
[12:44:03] 4 SuperAreas catched
[12:44:03] 48 Areas catched
[12:44:04] 334 SubAreas catched
[12:44:04] 11267 DofusMaps catched
[12:44:04] 9769 StatedElements catched
[12:44:04] 13379 InteractiveElements catched
[12:44:05] 1485 HouseInformations catched
[12:44:05] 568 InteractiveDoors catched
[12:44:05] 3530 MapPositions uncatched
[12:44:05] 14681 MapPositions catched
[12:44:05] 38 MapZaaps catched
[12:44:05] 79 MapSubways catched
[12:44:05] 15612 SpellLevels catched 
[12:44:05] 4972 Spells catched 
[12:44:05] 4 SpellBombs catched 
[12:44:05] 316 GuildEmblems catched 
[12:44:05] 1179 LearnableSpells catched 
[12:44:05] 171 ItemTypes catched 
[12:44:05] 10063 ItemTemplates catched 
[12:44:05] 4355 Weapons catched 
[12:44:05] 366 ItemSets catched 
[12:44:05] 114 ItemPets catched 
[12:44:05] 2476 NpcTemplates catched 
[12:44:05] 808 NpcSpawns catched 
[12:44:05] 2198 NpcItems catched 
[12:44:06] 19801 NpcMessages catched 
[12:44:06] 8 NpcReplies catched 
[12:44:06] 366 Triggers catched
[12:44:06] 1277 Paddocks catched
[12:44:06] 72 Mounts catched
[12:44:06] 3 Guild catched
[12:44:06] 2 GuildMembers catched
[12:44:06] 11 GatheringJob LevelInfos catched
[12:44:06] 233 InteractiveSkills LevelInfos catched
[12:44:06] 2210 Monster Templates catched
[12:44:06] 11688 Monster Grades catched
[12:44:06] 8021 Monster Drops catched
[12:44:06] 129 Handlers Readed
[12:44:07] 175 Messages Readed
[12:44:07] WorldServer start in 4804 ms.
[12:45:22] MySQL Database Connected
[12:45:22] 16 Breeds catched
[12:45:22] 256 Heads catched
[12:45:22] 566 Effects catched
[12:45:23] 4 SuperAreas catched
[12:45:23] 48 Areas catched
[12:45:23] 334 SubAreas catched
[12:45:24] 11267 DofusMaps catched
[12:45:24] 9769 StatedElements catched
[12:45:24] 13379 InteractiveElements catched
[12:45:24] 1485 HouseInformations catched
[12:45:24] 568 InteractiveDoors catched
[12:45:24] 3530 MapPositions uncatched
[12:45:24] 14681 MapPositions catched
[12:45:24] 38 MapZaaps catched
[12:45:24] 79 MapSubways catched
[12:45:24] 15612 SpellLevels catched 
[12:45:25] 4972 Spells catched 
[12:45:25] 4 SpellBombs catched 
[12:45:25] 316 GuildEmblems catched 
[12:45:25] 1179 LearnableSpells catched 
[12:45:25] 171 ItemTypes catched 
[12:45:25] 10063 ItemTemplates catched 
[12:45:25] 4355 Weapons catched 
[12:45:25] 366 ItemSets catched 
[12:45:25] 114 ItemPets catched 
[12:45:25] 2476 NpcTemplates catched 
[12:45:25] 808 NpcSpawns catched 
[12:45:25] 2198 NpcItems catched 
[12:45:25] 19801 NpcMessages catched 
[12:45:25] 8 NpcReplies catched 
[12:45:25] 366 Triggers catched
[12:45:25] 1277 Paddocks catched
[12:45:25] 72 Mounts catched
[12:45:25] 3 Guild catched
[12:45:25] 2 GuildMembers catched
[12:45:25] 11 GatheringJob LevelInfos catched
[12:45:25] 233 InteractiveSkills LevelInfos catched
[12:45:26] 2210 Monster Templates catched
[12:45:26] 11688 Monster Grades catched
[12:45:26] 8021 Monster Drops catched
[12:45:26] 129 Handlers Readed
[12:45:27] 175 Messages Readed
[12:45:27] WorldServer start in 4923 ms.
[12:47:04] MySQL Database Connected
[12:47:04] 16 Breeds catched
[12:47:04] 256 Heads catched
[12:47:04] 566 Effects catched
[12:47:05] 4 SuperAreas catched
[12:47:05] 48 Areas catched
[12:47:06] 334 SubAreas catched
[12:47:07] 11267 DofusMaps catched
[12:47:07] 9769 StatedElements catched
[12:47:07] 13379 InteractiveElements catched
[12:47:07] 1485 HouseInformations catched
[12:47:07] 568 InteractiveDoors catched
[12:47:07] 3530 MapPositions uncatched
[12:47:07] 14681 MapPositions catched
[12:47:07] 38 MapZaaps catched
[12:47:07] 79 MapSubways catched
[12:47:07] 15612 SpellLevels catched 
[12:47:07] 4972 Spells catched 
[12:47:07] 4 SpellBombs catched 
[12:47:07] 316 GuildEmblems catched 
[12:47:07] 1179 LearnableSpells catched 
[12:47:07] 171 ItemTypes catched 
[12:47:07] 10063 ItemTemplates catched 
[12:47:07] 4355 Weapons catched 
[12:47:07] 366 ItemSets catched 
[12:47:07] 114 ItemPets catched 
[12:47:08] 2476 NpcTemplates catched 
[12:47:08] 808 NpcSpawns catched 
[12:47:08] 2198 NpcItems catched 
[12:47:08] 19801 NpcMessages catched 
[12:47:08] 8 NpcReplies catched 
[12:47:08] 366 Triggers catched
[12:47:08] 1277 Paddocks catched
[12:47:08] 72 Mounts catched
[12:47:08] 3 Guild catched
[12:47:08] 2 GuildMembers catched
[12:47:08] 11 GatheringJob LevelInfos catched
[12:47:08] 233 InteractiveSkills LevelInfos catched
[12:47:08] 2210 Monster Templates catched
[12:47:08] 11688 Monster Grades catched
[12:47:08] 8021 Monster Drops catched
[12:47:09] 129 Handlers Readed
[12:47:09] 175 Messages Readed
[12:47:09] WorldServer start in 4798 ms.
[12:50:48] MySQL Database Connected
[12:50:48] 16 Breeds catched
[12:50:48] 256 Heads catched
[12:50:48] 566 Effects catched
[12:50:48] 4 SuperAreas catched
[12:50:48] 48 Areas catched
[12:50:49] 334 SubAreas catched
[12:50:50] 11267 DofusMaps catched
[12:50:50] 9769 StatedElements catched
[12:50:50] 13379 InteractiveElements catched
[12:50:50] 1485 HouseInformations catched
[12:50:50] 568 InteractiveDoors catched
[12:50:50] 3530 MapPositions uncatched
[12:50:50] 14681 MapPositions catched
[12:50:50] 38 MapZaaps catched
[12:50:50] 79 MapSubways catched
[12:50:50] 15612 SpellLevels catched 
[12:50:50] 4972 Spells catched 
[12:50:50] 4 SpellBombs catched 
[12:50:50] 316 GuildEmblems catched 
[12:50:50] 1179 LearnableSpells catched 
[12:50:50] 171 ItemTypes catched 
[12:50:51] 10063 ItemTemplates catched 
[12:50:51] 4355 Weapons catched 
[12:50:51] 366 ItemSets catched 
[12:50:51] 114 ItemPets catched 
[12:50:51] 2476 NpcTemplates catched 
[12:50:51] 808 NpcSpawns catched 
[12:50:51] 2198 NpcItems catched 
[12:50:51] 19801 NpcMessages catched 
[12:50:51] 8 NpcReplies catched 
[12:50:51] 366 Triggers catched
[12:50:51] 1277 Paddocks catched
[12:50:51] 72 Mounts catched
[12:50:51] 3 Guild catched
[12:50:51] 2 GuildMembers catched
[12:50:51] 11 GatheringJob LevelInfos catched
[12:50:51] 233 InteractiveSkills LevelInfos catched
[12:50:51] 2210 Monster Templates catched
[12:50:51] 11688 Monster Grades catched
[12:50:52] 8021 Monster Drops catched
[12:50:52] 129 Handlers Readed
[12:50:52] 175 Messages Readed
[12:50:52] WorldServer start in 4760 ms.
[12:52:11] MySQL Database Connected
[12:52:12] 16 Breeds catched
[12:52:12] 256 Heads catched
[12:52:12] 566 Effects catched
[12:52:12] 4 SuperAreas catched
[12:52:12] 48 Areas catched
[12:52:13] 334 SubAreas catched
[12:52:14] 11267 DofusMaps catched
[12:52:14] 9769 StatedElements catched
[12:52:14] 13379 InteractiveElements catched
[12:52:14] 1485 HouseInformations catched
[12:52:14] 568 InteractiveDoors catched
[12:52:14] 3530 MapPositions uncatched
[12:52:14] 14681 MapPositions catched
[12:52:14] 38 MapZaaps catched
[12:52:14] 79 MapSubways catched
[12:52:14] 15612 SpellLevels catched 
[12:52:14] 4972 Spells catched 
[12:52:14] 4 SpellBombs catched 
[12:52:14] 316 GuildEmblems catched 
[12:52:14] 1179 LearnableSpells catched 
[12:52:14] 171 ItemTypes catched 
[12:52:14] 10063 ItemTemplates catched 
[12:52:14] 4355 Weapons catched 
[12:52:14] 366 ItemSets catched 
[12:52:15] 114 ItemPets catched 
[12:52:15] 2476 NpcTemplates catched 
[12:52:15] 808 NpcSpawns catched 
[12:52:15] 2198 NpcItems catched 
[12:52:15] 19801 NpcMessages catched 
[12:52:15] 8 NpcReplies catched 
[12:52:15] 366 Triggers catched
[12:52:15] 1277 Paddocks catched
[12:52:15] 72 Mounts catched
[12:52:15] 3 Guild catched
[12:52:15] 2 GuildMembers catched
[12:52:15] 11 GatheringJob LevelInfos catched
[12:52:15] 233 InteractiveSkills LevelInfos catched
[12:52:15] 2210 Monster Templates catched
[12:52:15] 11688 Monster Grades catched
[12:52:15] 8021 Monster Drops catched
[12:52:16] 129 Handlers Readed
[12:52:16] 175 Messages Readed
[12:52:16] WorldServer start in 4812 ms.
[13:12:15] MySQL Database Connected
[13:12:15] 16 Breeds catched
[13:12:15] 256 Heads catched
[13:12:15] 566 Effects catched
[13:12:16] 4 SuperAreas catched
[13:12:16] 48 Areas catched
[13:12:17] 334 SubAreas catched
[13:12:18] 11267 DofusMaps catched
[13:12:18] 9769 StatedElements catched
[13:12:18] 13379 InteractiveElements catched
[13:12:18] 1485 HouseInformations catched
[13:12:18] 568 InteractiveDoors catched
[13:12:18] 3530 MapPositions uncatched
[13:12:18] 14681 MapPositions catched
[13:12:18] 38 MapZaaps catched
[13:12:18] 79 MapSubways catched
[13:12:18] 15612 SpellLevels catched 
[13:12:18] 4972 Spells catched 
[13:12:18] 4 SpellBombs catched 
[13:12:18] 316 GuildEmblems catched 
[13:12:18] 1179 LearnableSpells catched 
[13:12:18] 171 ItemTypes catched 
[13:12:18] 10063 ItemTemplates catched 
[13:12:18] 4355 Weapons catched 
[13:12:18] 366 ItemSets catched 
[13:12:18] 114 ItemPets catched 
[13:12:19] 2476 NpcTemplates catched 
[13:12:19] 808 NpcSpawns catched 
[13:12:19] 2198 NpcItems catched 
[13:12:19] 19801 NpcMessages catched 
[13:12:19] 8 NpcReplies catched 
[13:12:19] 366 Triggers catched
[13:12:19] 1277 Paddocks catched
[13:12:19] 72 Mounts catched
[13:12:19] 3 Guild catched
[13:12:19] 2 GuildMembers catched
[13:12:19] 11 GatheringJob LevelInfos catched
[13:12:19] 233 InteractiveSkills LevelInfos catched
[13:12:19] 2210 Monster Templates catched
[13:12:19] 11688 Monster Grades catched
[13:12:19] 8021 Monster Drops catched
[13:12:20] 129 Handlers Readed
[13:12:20] 175 Messages Readed
[13:12:20] WorldServer start in 4900 ms.
[13:17:10] MySQL Database Connected
[13:17:10] 16 Breeds catched
[13:17:10] 256 Heads catched
[13:17:10] 566 Effects catched
[13:17:11] 4 SuperAreas catched
[13:17:11] 48 Areas catched
[13:17:12] 334 SubAreas catched
[13:17:13] 11267 DofusMaps catched
[13:17:13] 9769 StatedElements catched
[13:17:13] 13379 InteractiveElements catched
[13:17:13] 1485 HouseInformations catched
[13:17:13] 568 InteractiveDoors catched
[13:17:13] 3530 MapPositions uncatched
[13:17:13] 14681 MapPositions catched
[13:17:13] 38 MapZaaps catched
[13:17:13] 79 MapSubways catched
[13:17:13] 15612 SpellLevels catched 
[13:17:13] 4972 Spells catched 
[13:17:13] 4 SpellBombs catched 
[13:17:13] 316 GuildEmblems catched 
[13:17:13] 1179 LearnableSpells catched 
[13:17:13] 171 ItemTypes catched 
[13:17:13] 10063 ItemTemplates catched 
[13:17:13] 4355 Weapons catched 
[13:17:13] 366 ItemSets catched 
[13:17:14] 114 ItemPets catched 
[13:17:14] 2476 NpcTemplates catched 
[13:17:14] 808 NpcSpawns catched 
[13:17:14] 2198 NpcItems catched 
[13:17:14] 19801 NpcMessages catched 
[13:17:14] 8 NpcReplies catched 
[13:17:14] 366 Triggers catched
[13:17:14] 1277 Paddocks catched
[13:17:14] 72 Mounts catched
[13:17:14] 3 Guild catched
[13:17:14] 2 GuildMembers catched
[13:17:14] 11 GatheringJob LevelInfos catched
[13:17:14] 233 InteractiveSkills LevelInfos catched
[13:17:14] 2210 Monster Templates catched
[13:17:14] 11688 Monster Grades catched
[13:17:14] 8021 Monster Drops catched
[13:17:15] 129 Handlers Readed
[13:17:15] 175 Messages Readed
[13:17:15] WorldServer start in 4886 ms.
[13:18:34] MySQL Database Connected
[13:18:34] 16 Breeds catched
[13:18:34] 256 Heads catched
[13:18:34] 566 Effects catched
[13:18:35] 4 SuperAreas catched
[13:18:35] 48 Areas catched
[13:18:36] 334 SubAreas catched
[13:18:37] 11267 DofusMaps catched
[13:18:37] 9769 StatedElements catched
[13:18:37] 13379 InteractiveElements catched
[13:18:37] 1485 HouseInformations catched
[13:18:37] 568 InteractiveDoors catched
[13:18:37] 3530 MapPositions uncatched
[13:18:37] 14681 MapPositions catched
[13:18:37] 38 MapZaaps catched
[13:18:37] 79 MapSubways catched
[13:18:37] 15612 SpellLevels catched 
[13:18:37] 4972 Spells catched 
[13:18:37] 4 SpellBombs catched 
[13:18:37] 316 GuildEmblems catched 
[13:18:37] 1179 LearnableSpells catched 
[13:18:37] 171 ItemTypes catched 
[13:18:37] 10063 ItemTemplates catched 
[13:18:37] 4355 Weapons catched 
[13:18:37] 366 ItemSets catched 
[13:18:37] 114 ItemPets catched 
[13:18:38] 2476 NpcTemplates catched 
[13:18:38] 808 NpcSpawns catched 
[13:18:38] 2198 NpcItems catched 
[13:18:38] 19801 NpcMessages catched 
[13:18:38] 8 NpcReplies catched 
[13:18:38] 366 Triggers catched
[13:18:38] 1277 Paddocks catched
[13:18:38] 72 Mounts catched
[13:18:38] 3 Guild catched
[13:18:38] 2 GuildMembers catched
[13:18:38] 11 GatheringJob LevelInfos catched
[13:18:38] 233 InteractiveSkills LevelInfos catched
[13:18:38] 2210 Monster Templates catched
[13:18:38] 11688 Monster Grades catched
[13:18:38] 8021 Monster Drops catched
[13:18:39] 129 Handlers Readed
[13:18:39] 175 Messages Readed
[13:18:39] WorldServer start in 5081 ms.
[13:20:39] MySQL Database Connected
[13:20:39] 16 Breeds catched
[13:20:39] 256 Heads catched
[13:20:39] 566 Effects catched
[13:20:40] 4 SuperAreas catched
[13:20:40] 48 Areas catched
[13:20:41] 334 SubAreas catched
[13:20:41] 11267 DofusMaps catched
[13:20:41] 9769 StatedElements catched
[13:20:41] 13379 InteractiveElements catched
[13:20:41] 1485 HouseInformations catched
[13:20:41] 568 InteractiveDoors catched
[13:20:41] 3530 MapPositions uncatched
[13:20:41] 14681 MapPositions catched
[13:20:41] 38 MapZaaps catched
[13:20:41] 79 MapSubways catched
[13:20:42] 15612 SpellLevels catched 
[13:20:42] 4972 Spells catched 
[13:20:42] 4 SpellBombs catched 
[13:20:42] 316 GuildEmblems catched 
[13:20:42] 1179 LearnableSpells catched 
[13:20:42] 171 ItemTypes catched 
[13:20:42] 10063 ItemTemplates catched 
[13:20:42] 4355 Weapons catched 
[13:20:42] 366 ItemSets catched 
[13:20:42] 114 ItemPets catched 
[13:20:42] 2476 NpcTemplates catched 
[13:20:42] 808 NpcSpawns catched 
[13:20:42] 2198 NpcItems catched 
[13:20:42] 19801 NpcMessages catched 
[13:20:42] 8 NpcReplies catched 
[13:20:42] 366 Triggers catched
[13:20:42] 1277 Paddocks catched
[13:20:42] 72 Mounts catched
[13:20:42] 3 Guild catched
[13:20:42] 2 GuildMembers catched
[13:20:42] 11 GatheringJob LevelInfos catched
[13:20:43] 233 InteractiveSkills LevelInfos catched
[13:20:43] 2210 Monster Templates catched
[13:20:43] 11688 Monster Grades catched
[13:20:43] 8021 Monster Drops catched
[13:20:43] 129 Handlers Readed
[13:20:44] 175 Messages Readed
[13:20:44] WorldServer start in 4899 ms.
[13:21:44] MySQL Database Connected
[13:21:44] 16 Breeds catched
[13:21:44] 256 Heads catched
[13:21:44] 566 Effects catched
[13:21:45] 4 SuperAreas catched
[13:21:45] 48 Areas catched
[13:21:45] 334 SubAreas catched
[13:21:46] 11267 DofusMaps catched
[13:21:46] 9769 StatedElements catched
[13:21:46] 13379 InteractiveElements catched
[13:21:46] 1485 HouseInformations catched
[13:21:46] 568 InteractiveDoors catched
[13:21:46] 3530 MapPositions uncatched
[13:21:46] 14681 MapPositions catched
[13:21:46] 38 MapZaaps catched
[13:21:46] 79 MapSubways catched
[13:21:47] 15612 SpellLevels catched 
[13:21:47] 4972 Spells catched 
[13:21:47] 4 SpellBombs catched 
[13:21:47] 316 GuildEmblems catched 
[13:21:47] 1179 LearnableSpells catched 
[13:21:47] 171 ItemTypes catched 
[13:21:47] 10063 ItemTemplates catched 
[13:21:47] 4355 Weapons catched 
[13:21:47] 366 ItemSets catched 
[13:21:47] 114 ItemPets catched 
[13:21:47] 2476 NpcTemplates catched 
[13:21:47] 808 NpcSpawns catched 
[13:21:47] 2198 NpcItems catched 
[13:21:47] 19801 NpcMessages catched 
[13:21:47] 8 NpcReplies catched 
[13:21:47] 366 Triggers catched
[13:21:47] 1277 Paddocks catched
[13:21:47] 72 Mounts catched
[13:21:47] 3 Guild catched
[13:21:47] 2 GuildMembers catched
[13:21:47] 11 GatheringJob LevelInfos catched
[13:21:48] 233 InteractiveSkills LevelInfos catched
[13:21:48] 2210 Monster Templates catched
[13:21:48] 11688 Monster Grades catched
[13:21:48] 8021 Monster Drops catched
[13:21:48] 129 Handlers Readed
[13:21:49] 175 Messages Readed
[13:21:49] WorldServer start in 4924 ms.
[13:22:46] MySQL Database Connected
[13:22:46] 16 Breeds catched
[13:22:46] 256 Heads catched
[13:22:46] 566 Effects catched
[13:22:47] 4 SuperAreas catched
[13:22:47] 48 Areas catched
[13:22:48] 334 SubAreas catched
[13:22:48] 11267 DofusMaps catched
[13:22:48] 9769 StatedElements catched
[13:22:48] 13379 InteractiveElements catched
[13:22:48] 1485 HouseInformations catched
[13:22:48] 568 InteractiveDoors catched
[13:22:48] 3530 MapPositions uncatched
[13:22:48] 14681 MapPositions catched
[13:22:48] 38 MapZaaps catched
[13:22:48] 79 MapSubways catched
[13:22:49] 15612 SpellLevels catched 
[13:22:49] 4972 Spells catched 
[13:22:49] 4 SpellBombs catched 
[13:22:49] 316 GuildEmblems catched 
[13:22:49] 1179 LearnableSpells catched 
[13:22:49] 171 ItemTypes catched 
[13:22:49] 10063 ItemTemplates catched 
[13:22:49] 4355 Weapons catched 
[13:22:49] 366 ItemSets catched 
[13:22:49] 114 ItemPets catched 
[13:22:49] 2476 NpcTemplates catched 
[13:22:49] 808 NpcSpawns catched 
[13:22:49] 2198 NpcItems catched 
[13:22:49] 19801 NpcMessages catched 
[13:22:49] 8 NpcReplies catched 
[13:22:49] 366 Triggers catched
[13:22:49] 1277 Paddocks catched
[13:22:49] 72 Mounts catched
[13:22:50] 3 Guild catched
[13:22:50] 2 GuildMembers catched
[13:22:50] 11 GatheringJob LevelInfos catched
[13:22:50] 233 InteractiveSkills LevelInfos catched
[13:22:50] 2210 Monster Templates catched
[13:22:50] 11688 Monster Grades catched
[13:22:50] 8021 Monster Drops catched
[13:22:50] 129 Handlers Readed
[13:22:51] 175 Messages Readed
[13:22:51] WorldServer start in 4904 ms.
[13:24:13] MySQL Database Connected
[13:24:13] 16 Breeds catched
[13:24:13] 256 Heads catched
[13:24:13] 566 Effects catched
[13:24:14] 4 SuperAreas catched
[13:24:14] 48 Areas catched
[13:24:15] 334 SubAreas catched
[13:24:16] 11267 DofusMaps catched
[13:24:16] 9769 StatedElements catched
[13:24:16] 13379 InteractiveElements catched
[13:24:16] 1485 HouseInformations catched
[13:24:16] 568 InteractiveDoors catched
[13:24:16] 3530 MapPositions uncatched
[13:24:16] 14681 MapPositions catched
[13:24:16] 38 MapZaaps catched
[13:24:16] 79 MapSubways catched
[13:24:16] 15612 SpellLevels catched 
[13:24:16] 4972 Spells catched 
[13:24:16] 4 SpellBombs catched 
[13:24:16] 316 GuildEmblems catched 
[13:24:16] 1179 LearnableSpells catched 
[13:24:16] 171 ItemTypes catched 
[13:24:16] 10063 ItemTemplates catched 
[13:24:16] 4355 Weapons catched 
[13:24:16] 366 ItemSets catched 
[13:24:17] 114 ItemPets catched 
[13:24:17] 2476 NpcTemplates catched 
[13:24:17] 808 NpcSpawns catched 
[13:24:17] 2198 NpcItems catched 
[13:24:17] 19801 NpcMessages catched 
[13:24:17] 8 NpcReplies catched 
[13:24:17] 366 Triggers catched
[13:24:17] 1277 Paddocks catched
[13:24:17] 72 Mounts catched
[13:24:17] 3 Guild catched
[13:24:17] 2 GuildMembers catched
[13:24:17] 11 GatheringJob LevelInfos catched
[13:24:17] 233 InteractiveSkills LevelInfos catched
[13:24:17] 2210 Monster Templates catched
[13:24:17] 11688 Monster Grades catched
[13:24:17] 8021 Monster Drops catched
[13:24:18] 129 Handlers Readed
[13:24:18] 175 Messages Readed
[13:24:18] WorldServer start in 4910 ms.
[13:26:15] MySQL Database Connected
[13:26:15] 16 Breeds catched
[13:26:15] 256 Heads catched
[13:26:15] 566 Effects catched
[13:26:15] 4 SuperAreas catched
[13:26:15] 48 Areas catched
[13:26:16] 334 SubAreas catched
[13:26:17] 11267 DofusMaps catched
[13:26:17] 9769 StatedElements catched
[13:26:17] 13379 InteractiveElements catched
[13:26:17] 1485 HouseInformations catched
[13:26:17] 568 InteractiveDoors catched
[13:26:17] 3530 MapPositions uncatched
[13:26:17] 14681 MapPositions catched
[13:26:17] 38 MapZaaps catched
[13:26:17] 79 MapSubways catched
[13:26:17] 15612 SpellLevels catched 
[13:26:17] 4972 Spells catched 
[13:26:17] 4 SpellBombs catched 
[13:26:17] 316 GuildEmblems catched 
[13:26:17] 1179 LearnableSpells catched 
[13:26:17] 171 ItemTypes catched 
[13:26:18] 10063 ItemTemplates catched 
[13:26:18] 4355 Weapons catched 
[13:26:18] 366 ItemSets catched 
[13:26:18] 114 ItemPets catched 
[13:26:18] 2476 NpcTemplates catched 
[13:26:18] 808 NpcSpawns catched 
[13:26:18] 2198 NpcItems catched 
[13:26:18] 19801 NpcMessages catched 
[13:26:18] 8 NpcReplies catched 
[13:26:18] 366 Triggers catched
[13:26:18] 1277 Paddocks catched
[13:26:18] 72 Mounts catched
[13:26:18] 3 Guild catched
[13:26:18] 2 GuildMembers catched
[13:26:18] 11 GatheringJob LevelInfos catched
[13:26:18] 233 InteractiveSkills LevelInfos catched
[13:26:18] 2210 Monster Templates catched
[13:26:18] 11688 Monster Grades catched
[13:26:18] 8021 Monster Drops catched
[13:26:19] 129 Handlers Readed
[13:26:19] 175 Messages Readed
[13:26:19] WorldServer start in 4884 ms.
[13:29:33] MySQL Database Connected
[13:29:33] 16 Breeds catched
[13:29:33] 256 Heads catched
[13:29:33] 566 Effects catched
[13:29:33] 4 SuperAreas catched
[13:29:33] 48 Areas catched
[13:29:34] 334 SubAreas catched
[13:29:35] 11267 DofusMaps catched
[13:29:35] 9769 StatedElements catched
[13:29:35] 13379 InteractiveElements catched
[13:29:35] 1485 HouseInformations catched
[13:29:35] 568 InteractiveDoors catched
[13:29:35] 3530 MapPositions uncatched
[13:29:35] 14681 MapPositions catched
[13:29:35] 38 MapZaaps catched
[13:29:35] 79 MapSubways catched
[13:29:35] 15612 SpellLevels catched 
[13:29:35] 4972 Spells catched 
[13:29:35] 4 SpellBombs catched 
[13:29:35] 316 GuildEmblems catched 
[13:29:35] 1179 LearnableSpells catched 
[13:29:35] 171 ItemTypes catched 
[13:29:36] 10063 ItemTemplates catched 
[13:29:36] 4355 Weapons catched 
[13:29:36] 366 ItemSets catched 
[13:29:36] 114 ItemPets catched 
[13:29:36] 2476 NpcTemplates catched 
[13:29:36] 808 NpcSpawns catched 
[13:29:36] 2198 NpcItems catched 
[13:29:36] 19801 NpcMessages catched 
[13:29:36] 8 NpcReplies catched 
[13:29:36] 366 Triggers catched
[13:29:36] 1277 Paddocks catched
[13:29:36] 72 Mounts catched
[13:29:36] 3 Guild catched
[13:29:36] 2 GuildMembers catched
[13:29:36] 11 GatheringJob LevelInfos catched
[13:29:36] 233 InteractiveSkills LevelInfos catched
[13:29:36] 2210 Monster Templates catched
[13:29:36] 11688 Monster Grades catched
[13:29:36] 8021 Monster Drops catched
[13:29:37] 129 Handlers Readed
[13:29:37] 175 Messages Readed
[13:29:37] WorldServer start in 4891 ms.
[14:00:34] MySQL Database Connected
[14:00:34] 16 Breeds catched
[14:00:34] 256 Heads catched
[14:00:34] 566 Effects catched
[14:00:34] 4 SuperAreas catched
[14:00:34] 48 Areas catched
[14:00:35] 334 SubAreas catched
[14:00:36] 11267 DofusMaps catched
[14:00:36] 9769 StatedElements catched
[14:00:36] 13379 InteractiveElements catched
[14:00:36] 1485 HouseInformations catched
[14:00:36] 568 InteractiveDoors catched
[14:00:36] 3530 MapPositions uncatched
[14:00:36] 14681 MapPositions catched
[14:00:36] 38 MapZaaps catched
[14:00:36] 79 MapSubways catched
[14:00:37] 15612 SpellLevels catched 
[14:00:37] 4972 Spells catched 
[14:00:37] 4 SpellBombs catched 
[14:00:37] 316 GuildEmblems catched 
[14:00:37] 1179 LearnableSpells catched 
[14:00:37] 171 ItemTypes catched 
[14:00:37] 10063 ItemTemplates catched 
[14:00:37] 4355 Weapons catched 
[14:00:37] 366 ItemSets catched 
[14:00:37] 114 ItemPets catched 
[14:00:37] 2476 NpcTemplates catched 
[14:00:37] 808 NpcSpawns catched 
[14:00:37] 2179 NpcItems catched 
[14:00:37] 19801 NpcMessages catched 
[14:00:37] 8 NpcReplies catched 
[14:00:37] 366 Triggers catched
[14:00:37] 1277 Paddocks catched
[14:00:37] 72 Mounts catched
[14:00:37] 3 Guild catched
[14:00:37] 2 GuildMembers catched
[14:00:37] 11 GatheringJob LevelInfos catched
[14:00:37] 233 InteractiveSkills LevelInfos catched
[14:00:38] 2210 Monster Templates catched
[14:00:38] 11688 Monster Grades catched
[14:00:38] 8021 Monster Drops catched
[14:00:38] 129 Handlers Readed
[14:00:38] 175 Messages Readed
[14:00:39] WorldServer start in 4967 ms.
[14:04:49] MySQL Database Connected
[14:04:49] 16 Breeds catched
[14:04:49] 256 Heads catched
[14:04:49] 566 Effects catched
[14:04:49] 4 SuperAreas catched
[14:04:49] 48 Areas catched
[14:04:50] 334 SubAreas catched
[14:04:51] 11267 DofusMaps catched
[14:04:51] 9769 StatedElements catched
[14:04:51] 13379 InteractiveElements catched
[14:04:51] 1485 HouseInformations catched
[14:04:51] 568 InteractiveDoors catched
[14:04:51] 3530 MapPositions uncatched
[14:04:51] 14681 MapPositions catched
[14:04:51] 38 MapZaaps catched
[14:04:51] 79 MapSubways catched
[14:04:51] 15612 SpellLevels catched 
[14:04:51] 4972 Spells catched 
[14:04:51] 4 SpellBombs catched 
[14:04:51] 316 GuildEmblems catched 
[14:04:51] 1179 LearnableSpells catched 
[14:04:51] 171 ItemTypes catched 
[14:04:51] 10063 ItemTemplates catched 
[14:04:51] 4355 Weapons catched 
[14:04:51] 366 ItemSets catched 
[14:04:52] 114 ItemPets catched 
[14:04:52] 2476 NpcTemplates catched 
[14:04:52] 809 NpcSpawns catched 
[14:04:52] 2179 NpcItems catched 
[14:04:52] 19801 NpcMessages catched 
[14:04:52] 8 NpcReplies catched 
[14:04:52] 366 Triggers catched
[14:04:52] 1277 Paddocks catched
[14:04:52] 72 Mounts catched
[14:04:52] 3 Guild catched
[14:04:52] 2 GuildMembers catched
[14:04:52] 11 GatheringJob LevelInfos catched
[14:04:52] 233 InteractiveSkills LevelInfos catched
[14:04:52] 2210 Monster Templates catched
[14:04:52] 11688 Monster Grades catched
[14:04:52] 8021 Monster Drops catched
[14:04:53] 129 Handlers Readed
[14:04:53] 175 Messages Readed
[14:04:53] WorldServer start in 4735 ms.
[14:12:20] MySQL Database Connected
[14:12:20] 16 Breeds catched
[14:12:20] 256 Heads catched
[14:12:20] 566 Effects catched
[14:12:21] 4 SuperAreas catched
[14:12:21] 48 Areas catched
[14:12:22] 334 SubAreas catched
[14:12:22] 11267 DofusMaps catched
[14:12:22] 9769 StatedElements catched
[14:12:23] 13379 InteractiveElements catched
[14:12:23] 1485 HouseInformations catched
[14:12:23] 568 InteractiveDoors catched
[14:12:23] 3530 MapPositions uncatched
[14:12:23] 14681 MapPositions catched
[14:12:23] 38 MapZaaps catched
[14:12:23] 79 MapSubways catched
[14:12:23] 15612 SpellLevels catched 
[14:12:23] 4972 Spells catched 
[14:12:23] 4 SpellBombs catched 
[14:12:23] 316 GuildEmblems catched 
[14:12:23] 1179 LearnableSpells catched 
[14:12:23] 171 ItemTypes catched 
[14:12:23] 10063 ItemTemplates catched 
[14:12:23] 4355 Weapons catched 
[14:12:23] 366 ItemSets catched 
[14:12:23] 114 ItemPets catched 
[14:12:24] 2476 NpcTemplates catched 
[14:12:24] 809 NpcSpawns catched 
[14:12:24] 2179 NpcItems catched 
[14:12:24] 19801 NpcMessages catched 
[14:12:24] 8 NpcReplies catched 
[14:12:24] 366 Triggers catched
[14:12:24] 1277 Paddocks catched
[14:12:24] 72 Mounts catched
[14:12:24] 3 Guild catched
[14:12:24] 2 GuildMembers catched
[14:12:24] 11 GatheringJob LevelInfos catched
[14:12:24] 233 InteractiveSkills LevelInfos catched
[14:12:24] 2210 Monster Templates catched
[14:12:24] 11688 Monster Grades catched
[14:12:24] 8021 Monster Drops catched
[14:12:24] 129 Handlers Readed
[14:12:25] 175 Messages Readed
[14:12:25] WorldServer start in 4942 ms.
[14:17:54] MySQL Database Connected
[14:17:54] 16 Breeds catched
[14:17:54] 256 Heads catched
[14:17:54] 566 Effects catched
[14:17:55] 4 SuperAreas catched
[14:17:55] 48 Areas catched
[14:18:05] MySQL Database Connected
[14:18:05] 16 Breeds catched
[14:18:05] 256 Heads catched
[14:18:05] 566 Effects catched
[14:18:05] 4 SuperAreas catched
[14:18:05] 48 Areas catched
[14:18:06] 334 SubAreas catched
[14:18:07] 11267 DofusMaps catched
[14:18:07] 9769 StatedElements catched
[14:18:07] 13379 InteractiveElements catched
[14:18:07] 1485 HouseInformations catched
[14:18:07] 568 InteractiveDoors catched
[14:18:07] 3530 MapPositions uncatched
[14:18:07] 14681 MapPositions catched
[14:18:07] 38 MapZaaps catched
[14:18:07] 79 MapSubways catched
[14:18:07] 15612 SpellLevels catched 
[14:18:07] 4972 Spells catched 
[14:18:07] 4 SpellBombs catched 
[14:18:07] 316 GuildEmblems catched 
[14:18:07] 1179 LearnableSpells catched 
[14:18:07] 171 ItemTypes catched 
[14:18:08] 10063 ItemTemplates catched 
[14:18:08] 4355 Weapons catched 
[14:18:08] 366 ItemSets catched 
[14:18:08] 114 ItemPets catched 
[14:18:08] 2476 NpcTemplates catched 
[14:18:08] 810 NpcSpawns catched 
[14:18:08] 2459 NpcItems catched 
[14:18:08] 19801 NpcMessages catched 
[14:18:08] 8 NpcReplies catched 
[14:18:08] 366 Triggers catched
[14:18:08] 1277 Paddocks catched
[14:18:08] 72 Mounts catched
[14:18:08] 3 Guild catched
[14:18:08] 2 GuildMembers catched
[14:18:08] 11 GatheringJob LevelInfos catched
[14:18:08] 233 InteractiveSkills LevelInfos catched
[14:18:08] 2210 Monster Templates catched
[14:18:08] 11688 Monster Grades catched
[14:18:08] 8021 Monster Drops catched
[14:18:09] 129 Handlers Readed
[14:18:09] 175 Messages Readed
[14:18:09] WorldServer start in 4924 ms.
[14:43:52] MySQL Database Connected
[14:43:52] 16 Breeds catched
[14:43:52] 256 Heads catched
[14:43:52] 566 Effects catched
[14:43:52] 4 SuperAreas catched
[14:43:52] 48 Areas catched
[14:43:53] 334 SubAreas catched
[14:43:54] 11267 DofusMaps catched
[14:43:54] 9769 StatedElements catched
[14:43:54] 13379 InteractiveElements catched
[14:43:54] 1485 HouseInformations catched
[14:43:54] 568 InteractiveDoors catched
[14:43:54] 3530 MapPositions uncatched
[14:43:54] 14681 MapPositions catched
[14:43:54] 38 MapZaaps catched
[14:43:54] 79 MapSubways catched
[14:43:54] 15612 SpellLevels catched 
[14:43:54] 4972 Spells catched 
[14:43:54] 4 SpellBombs catched 
[14:43:54] 316 GuildEmblems catched 
[14:43:54] 1179 LearnableSpells catched 
[14:43:54] 171 ItemTypes catched 
[14:43:55] 10063 ItemTemplates catched 
[14:43:55] 4355 Weapons catched 
[14:43:55] 366 ItemSets catched 
[14:43:55] 114 ItemPets catched 
[14:43:55] 2476 NpcTemplates catched 
[14:43:55] 811 NpcSpawns catched 
[14:43:55] 2760 NpcItems catched 
[14:43:55] 19801 NpcMessages catched 
[14:43:55] 8 NpcReplies catched 
[14:43:55] 366 Triggers catched
[14:43:55] 1277 Paddocks catched
[14:43:55] 72 Mounts catched
[14:43:55] 3 Guild catched
[14:43:55] 2 GuildMembers catched
[14:43:55] 11 GatheringJob LevelInfos catched
[14:43:56] 233 InteractiveSkills LevelInfos catched
[14:43:56] 2210 Monster Templates catched
[14:43:56] 11688 Monster Grades catched
[14:43:56] 8021 Monster Drops catched
[14:43:56] 129 Handlers Readed
[14:43:57] 175 Messages Readed
[14:43:57] WorldServer start in 5164 ms.
[17:19:35] MySQL Database Connected
[17:19:35] 16 Breeds catched
[17:19:35] 256 Heads catched
[17:19:35] 566 Effects catched
[17:19:36] 4 SuperAreas catched
[17:19:36] 48 Areas catched
[17:19:37] 334 SubAreas catched
[17:19:38] 11267 DofusMaps catched
[17:19:38] 9769 StatedElements catched
[17:19:38] 13379 InteractiveElements catched
[17:19:38] 1485 HouseInformations catched
[17:19:38] 568 InteractiveDoors catched
[17:19:38] 3530 MapPositions uncatched
[17:19:38] 14681 MapPositions catched
[17:19:38] 38 MapZaaps catched
[17:19:38] 79 MapSubways catched
[17:19:38] 15612 SpellLevels catched 
[17:19:38] 4972 Spells catched 
[17:19:38] 4 SpellBombs catched 
[17:19:38] 316 GuildEmblems catched 
[17:19:38] 1179 LearnableSpells catched 
[17:19:38] 171 ItemTypes catched 
[17:19:39] 10063 ItemTemplates catched 
[17:19:39] 4355 Weapons catched 
[17:19:39] 366 ItemSets catched 
[17:19:39] 114 ItemPets catched 
[17:19:39] 2476 NpcTemplates catched 
[17:19:39] 811 NpcSpawns catched 
[17:19:39] 2760 NpcItems catched 
[17:19:39] 19801 NpcMessages catched 
[17:19:39] 8 NpcReplies catched 
[17:19:39] 366 Triggers catched
[17:19:39] 1277 Paddocks catched
[17:19:39] 72 Mounts catched
[17:19:39] 3 Guild catched
[17:19:39] 2 GuildMembers catched
[17:19:39] 11 GatheringJob LevelInfos catched
[17:19:39] 233 InteractiveSkills LevelInfos catched
[17:19:39] 2210 Monster Templates catched
[17:19:39] 11688 Monster Grades catched
[17:19:39] 8021 Monster Drops catched
[17:19:40] 129 Handlers Readed
[17:19:40] 175 Messages Readed
[17:19:40] WorldServer start in 5327 ms.
[17:21:52] MySQL Database Connected
[17:21:52] 16 Breeds catched
[17:21:52] 256 Heads catched
[17:21:52] 566 Effects catched
[17:21:53] 4 SuperAreas catched
[17:21:53] 48 Areas catched
[17:21:54] 334 SubAreas catched
[17:21:54] 11267 DofusMaps catched
[17:21:54] 9769 StatedElements catched
[17:21:54] 13379 InteractiveElements catched
[17:21:54] 1485 HouseInformations catched
[17:21:54] 568 InteractiveDoors catched
[17:21:54] 3530 MapPositions uncatched
[17:21:54] 14681 MapPositions catched
[17:21:54] 38 MapZaaps catched
[17:21:54] 79 MapSubways catched
[17:21:55] 15612 SpellLevels catched 
[17:21:55] 4972 Spells catched 
[17:21:55] 4 SpellBombs catched 
[17:21:55] 316 GuildEmblems catched 
[17:21:55] 1179 LearnableSpells catched 
[17:21:55] 171 ItemTypes catched 
[17:21:55] 10063 ItemTemplates catched 
[17:21:55] 4355 Weapons catched 
[17:21:55] 366 ItemSets catched 
[17:21:55] 114 ItemPets catched 
[17:21:55] 2476 NpcTemplates catched 
[17:21:55] 811 NpcSpawns catched 
[17:21:55] 3049 NpcItems catched 
[17:21:55] 19801 NpcMessages catched 
[17:21:55] 8 NpcReplies catched 
[17:21:56] 366 Triggers catched
[17:21:56] 1277 Paddocks catched
[17:21:56] 72 Mounts catched
[17:21:56] 3 Guild catched
[17:21:56] 2 GuildMembers catched
[17:21:56] 11 GatheringJob LevelInfos catched
[17:21:56] 233 InteractiveSkills LevelInfos catched
[17:21:56] 2210 Monster Templates catched
[17:21:56] 11688 Monster Grades catched
[17:21:56] 8021 Monster Drops catched
[17:21:56] 129 Handlers Readed
[17:21:57] 175 Messages Readed
[17:21:57] WorldServer start in 5045 ms.
[17:45:01] MySQL Database Connected
[17:45:01] 16 Breeds catched
[17:45:01] 256 Heads catched
[17:45:01] 566 Effects catched
[17:45:02] 4 SuperAreas catched
[17:45:02] 48 Areas catched
[17:45:03] 334 SubAreas catched
[17:45:04] 11267 DofusMaps catched
[17:45:04] 9769 StatedElements catched
[17:45:04] 13379 InteractiveElements catched
[17:45:04] 1485 HouseInformations catched
[17:45:04] 568 InteractiveDoors catched
[17:45:04] 3530 MapPositions uncatched
[17:45:04] 14681 MapPositions catched
[17:45:04] 38 MapZaaps catched
[17:45:04] 79 MapSubways catched
[17:45:04] 15612 SpellLevels catched 
[17:45:04] 4972 Spells catched 
[17:45:04] 4 SpellBombs catched 
[17:45:04] 316 GuildEmblems catched 
[17:45:04] 1179 LearnableSpells catched 
[17:45:04] 171 ItemTypes catched 
[17:45:05] 10063 ItemTemplates catched 
[17:45:05] 4355 Weapons catched 
[17:45:05] 366 ItemSets catched 
[17:45:05] 114 ItemPets catched 
[17:45:05] 2476 NpcTemplates catched 
[17:45:05] 812 NpcSpawns catched 
[17:45:05] 3038 NpcItems catched 
[17:45:05] 19801 NpcMessages catched 
[17:45:05] 8 NpcReplies catched 
[17:45:05] 366 Triggers catched
[17:45:05] 1277 Paddocks catched
[17:45:05] 72 Mounts catched
[17:45:05] 3 Guild catched
[17:45:05] 2 GuildMembers catched
[17:45:05] 11 GatheringJob LevelInfos catched
[17:45:05] 233 InteractiveSkills LevelInfos catched
[17:45:05] 2210 Monster Templates catched
[17:45:06] 11688 Monster Grades catched
[17:45:06] 8021 Monster Drops catched
[17:45:06] 129 Handlers Readed
[17:45:07] 175 Messages Readed
[17:45:07] WorldServer start in 5433 ms.
[17:49:14] MySQL Database Connected
[17:49:14] 16 Breeds catched
[17:49:14] 256 Heads catched
[17:49:14] 566 Effects catched
[17:49:15] 4 SuperAreas catched
[17:49:15] 48 Areas catched
[17:49:16] 334 SubAreas catched
[17:49:17] 11267 DofusMaps catched
[17:49:17] 9769 StatedElements catched
[17:49:17] 13379 InteractiveElements catched
[17:49:17] 1485 HouseInformations catched
[17:49:17] 568 InteractiveDoors catched
[17:49:17] 3530 MapPositions uncatched
[17:49:17] 14681 MapPositions catched
[17:49:17] 38 MapZaaps catched
[17:49:17] 79 MapSubways catched
[17:49:17] 15612 SpellLevels catched 
[17:49:17] 4972 Spells catched 
[17:49:17] 4 SpellBombs catched 
[17:49:17] 316 GuildEmblems catched 
[17:49:17] 1179 LearnableSpells catched 
[17:49:17] 171 ItemTypes catched 
[17:49:17] 10063 ItemTemplates catched 
[17:49:17] 4355 Weapons catched 
[17:49:18] 366 ItemSets catched 
[17:49:18] 114 ItemPets catched 
[17:49:18] 2476 NpcTemplates catched 
[17:49:18] 812 NpcSpawns catched 
[17:49:18] 3038 NpcItems catched 
[17:49:18] 19801 NpcMessages catched 
[17:49:18] 8 NpcReplies catched 
[17:49:18] 366 Triggers catched
[17:49:18] 1277 Paddocks catched
[17:49:18] 72 Mounts catched
[17:49:18] 3 Guild catched
[17:49:18] 2 GuildMembers catched
[17:49:18] 11 GatheringJob LevelInfos catched
[17:49:18] 233 InteractiveSkills LevelInfos catched
[17:49:18] 2210 Monster Templates catched
[17:49:18] 11688 Monster Grades catched
[17:49:18] 8021 Monster Drops catched
[17:49:19] 129 Handlers Readed
[17:49:19] 175 Messages Readed
[17:49:19] WorldServer start in 5461 ms.
[18:04:02] MySQL Database Connected
[18:04:02] 16 Breeds catched
[18:04:02] 256 Heads catched
[18:04:02] 566 Effects catched
[18:04:02] 4 SuperAreas catched
[18:04:02] 48 Areas catched
[18:04:04] 334 SubAreas catched
[18:04:04] 11267 DofusMaps catched
[18:04:04] 9769 StatedElements catched
[18:04:04] 13379 InteractiveElements catched
[18:04:04] 1485 HouseInformations catched
[18:04:04] 568 InteractiveDoors catched
[18:04:04] 3530 MapPositions uncatched
[18:04:04] 14681 MapPositions catched
[18:04:04] 38 MapZaaps catched
[18:04:04] 79 MapSubways catched
[18:04:05] 15612 SpellLevels catched 
[18:04:05] 4972 Spells catched 
[18:04:05] 4 SpellBombs catched 
[18:04:05] 316 GuildEmblems catched 
[18:04:05] 1179 LearnableSpells catched 
[18:04:05] 171 ItemTypes catched 
[18:04:05] 10063 ItemTemplates catched 
[18:04:05] 4355 Weapons catched 
[18:04:05] 366 ItemSets catched 
[18:04:05] 114 ItemPets catched 
[18:04:05] 2476 NpcTemplates catched 
[18:04:05] 812 NpcSpawns catched 
[18:04:05] 3038 NpcItems catched 
[18:04:05] 19801 NpcMessages catched 
[18:04:05] 8 NpcReplies catched 
[18:04:05] 366 Triggers catched
[18:04:05] 1277 Paddocks catched
[18:04:05] 72 Mounts catched
[18:04:06] 3 Guild catched
[18:04:06] 2 GuildMembers catched
[18:04:06] 11 GatheringJob LevelInfos catched
[18:04:06] 233 InteractiveSkills LevelInfos catched
[18:04:06] 2210 Monster Templates catched
[18:04:06] 11688 Monster Grades catched
[18:04:06] 8021 Monster Drops catched
[18:04:06] 129 Handlers Readed
[18:04:07] 175 Messages Readed
[18:04:07] WorldServer start in 5199 ms.
[18:07:23] MySQL Database Connected
[18:07:23] 16 Breeds catched
[18:07:23] 256 Heads catched
[18:07:23] 566 Effects catched
[18:07:24] 4 SuperAreas catched
[18:07:24] 48 Areas catched
[18:07:25] 334 SubAreas catched
[18:07:26] 11267 DofusMaps catched
[18:07:26] 9769 StatedElements catched
[18:07:26] 13379 InteractiveElements catched
[18:07:26] 1485 HouseInformations catched
[18:07:26] 568 InteractiveDoors catched
[18:07:26] 3530 MapPositions uncatched
[18:07:26] 14681 MapPositions catched
[18:07:26] 38 MapZaaps catched
[18:07:26] 79 MapSubways catched
[18:07:26] 15612 SpellLevels catched 
[18:07:26] 4972 Spells catched 
[18:07:26] 4 SpellBombs catched 
[18:07:26] 316 GuildEmblems catched 
[18:07:26] 1179 LearnableSpells catched 
[18:07:26] 171 ItemTypes catched 
[18:07:26] 10063 ItemTemplates catched 
[18:07:26] 4355 Weapons catched 
[18:07:26] 366 ItemSets catched 
[18:07:27] 114 ItemPets catched 
[18:07:27] 2476 NpcTemplates catched 
[18:07:27] 812 NpcSpawns catched 
[18:07:27] 3038 NpcItems catched 
[18:07:27] 19801 NpcMessages catched 
[18:07:27] 8 NpcReplies catched 
[18:07:27] 366 Triggers catched
[18:07:27] 1277 Paddocks catched
[18:07:27] 72 Mounts catched
[18:07:27] 3 Guild catched
[18:07:27] 2 GuildMembers catched
[18:07:27] 11 GatheringJob LevelInfos catched
[18:07:27] 233 InteractiveSkills LevelInfos catched
[18:07:27] 2210 Monster Templates catched
[18:07:27] 11688 Monster Grades catched
[18:07:27] 8021 Monster Drops catched
[18:07:28] 129 Handlers Readed
[18:07:28] 175 Messages Readed
[18:07:28] WorldServer start in 5236 ms.
[18:07:48] Client Melan teleport from 115081729 to 115081217
[18:40:40] MySQL Database Connected
[18:40:40] 16 Breeds catched
[18:40:40] 256 Heads catched
[18:40:40] 566 Effects catched
[18:40:41] 4 SuperAreas catched
[18:40:41] 48 Areas catched
[18:40:42] 334 SubAreas catched
[18:40:43] 11267 DofusMaps catched
[18:40:43] 9769 StatedElements catched
[18:40:43] 13379 InteractiveElements catched
[18:40:43] 1485 HouseInformations catched
[18:40:43] 568 InteractiveDoors catched
[18:40:43] 3530 MapPositions uncatched
[18:40:43] 14681 MapPositions catched
[18:40:43] 38 MapZaaps catched
[18:40:43] 79 MapSubways catched
[18:40:43] 15612 SpellLevels catched 
[18:40:43] 4972 Spells catched 
[18:40:43] 4 SpellBombs catched 
[18:40:43] 316 GuildEmblems catched 
[18:40:43] 1179 LearnableSpells catched 
[18:40:43] 171 ItemTypes catched 
[18:40:44] 10063 ItemTemplates catched 
[18:40:44] 4355 Weapons catched 
[18:40:44] 366 ItemSets catched 
[18:40:44] 114 ItemPets catched 
[18:40:44] 2476 NpcTemplates catched 
[18:40:44] 812 NpcSpawns catched 
[18:40:44] 3038 NpcItems catched 
[18:40:44] 19801 NpcMessages catched 
[18:40:44] 8 NpcReplies catched 
[18:40:44] 366 Triggers catched
[18:40:44] 1277 Paddocks catched
[18:40:44] 72 Mounts catched
[18:40:44] 3 Guild catched
[18:40:44] 2 GuildMembers catched
[18:40:44] 11 GatheringJob LevelInfos catched
[18:40:45] 233 InteractiveSkills LevelInfos catched
[18:40:45] 2210 Monster Templates catched
[18:40:45] 11688 Monster Grades catched
[18:40:45] 8021 Monster Drops catched
[18:40:45] 129 Handlers Readed
[18:40:46] 175 Messages Readed
[18:40:46] WorldServer start in 6171 ms.
[18:43:40] MySQL Database Connected
[18:43:40] 16 Breeds catched
[18:43:40] 256 Heads catched
[18:43:40] 566 Effects catched
[18:43:40] 4 SuperAreas catched
[18:43:40] 48 Areas catched
[18:43:41] 334 SubAreas catched
[18:43:42] 11267 DofusMaps catched
[18:43:42] 9769 StatedElements catched
[18:43:42] 13379 InteractiveElements catched
[18:43:42] 1485 HouseInformations catched
[18:43:42] 568 InteractiveDoors catched
[18:43:42] 3530 MapPositions uncatched
[18:43:42] 14681 MapPositions catched
[18:43:42] 38 MapZaaps catched
[18:43:42] 79 MapSubways catched
[18:43:42] 15612 SpellLevels catched 
[18:43:42] 4972 Spells catched 
[18:43:42] 4 SpellBombs catched 
[18:43:42] 316 GuildEmblems catched 
[18:43:42] 1179 LearnableSpells catched 
[18:43:42] 171 ItemTypes catched 
[18:43:43] 10063 ItemTemplates catched 
[18:43:43] 4355 Weapons catched 
[18:43:43] 366 ItemSets catched 
[18:43:43] 114 ItemPets catched 
[18:43:43] 2476 NpcTemplates catched 
[18:43:43] 812 NpcSpawns catched 
[18:43:43] 3038 NpcItems catched 
[18:43:43] 19801 NpcMessages catched 
[18:43:43] 8 NpcReplies catched 
[18:43:43] 366 Triggers catched
[18:43:43] 1277 Paddocks catched
[18:43:43] 72 Mounts catched
[18:43:43] 3 Guild catched
[18:43:43] 2 GuildMembers catched
[18:43:43] 11 GatheringJob LevelInfos catched
[18:43:43] 233 InteractiveSkills LevelInfos catched
[18:43:43] 2210 Monster Templates catched
[18:43:43] 11688 Monster Grades catched
[18:43:43] 8021 Monster Drops catched
[18:43:44] 129 Handlers Readed
[18:43:44] 175 Messages Readed
[18:43:44] WorldServer start in 5065 ms.
[19:54:52] MySQL Database Connected
[19:54:52] 16 Breeds catched
[19:54:52] 256 Heads catched
[19:54:52] 566 Effects catched
[19:54:53] 4 SuperAreas catched
[19:54:53] 48 Areas catched
[19:54:54] 334 SubAreas catched
[19:54:55] 11267 DofusMaps catched
[19:54:55] 9769 StatedElements catched
[19:54:55] 13379 InteractiveElements catched
[19:54:55] 1485 HouseInformations catched
[19:54:55] 568 InteractiveDoors catched
[19:54:55] 3530 MapPositions uncatched
[19:54:55] 14681 MapPositions catched
[19:55:05] MySQL Database Connected
[19:55:05] 16 Breeds catched
[19:55:05] 256 Heads catched
[19:55:05] 566 Effects catched
[19:55:05] 4 SuperAreas catched
[19:55:06] 48 Areas catched
[19:55:07] 334 SubAreas catched
[19:55:07] 11267 DofusMaps catched
[19:55:07] 9769 StatedElements catched
[19:55:07] 13379 InteractiveElements catched
[19:55:07] 1485 HouseInformations catched
[19:55:07] 568 InteractiveDoors catched
[19:55:07] 3530 MapPositions uncatched
[19:55:07] 14681 MapPositions catched
[22:45:08] MySQL Database Connected
[22:45:08] 16 Breeds catched
[22:45:08] 256 Heads catched
[22:45:08] 566 Effects catched
[22:45:08] 4 SuperAreas catched
[22:45:09] 48 Areas catched
[22:45:10] 334 SubAreas catched
[22:45:11] 11267 DofusMaps catched
[22:45:11] 9769 StatedElements catched
[22:45:11] 13379 InteractiveElements catched
[22:45:11] 1485 HouseInformations catched
[22:45:11] 568 InteractiveDoors catched
[22:45:11] 3530 MapPositions uncatched
[22:45:11] 14681 MapPositions catched
[22:45:11] 38 MapZaaps catched
[22:45:11] 79 MapSubways catched
[22:45:11] 15612 SpellLevels catched 
[22:45:11] 4972 Spells catched 
[22:45:11] 4 SpellBombs catched 
[22:45:11] 316 GuildEmblems catched 
[22:45:11] 1179 LearnableSpells catched 
[22:45:11] 171 ItemTypes catched 
[22:45:12] 10063 ItemTemplates catched 
[22:45:12] 4355 Weapons catched 
[22:45:12] 366 ItemSets catched 
[22:45:12] 114 ItemPets catched 
[22:45:12] 2476 NpcTemplates catched 
[22:45:12] 812 NpcSpawns catched 
[22:45:12] 3038 NpcItems catched 
[22:45:12] 19801 NpcMessages catched 
[22:45:12] 8 NpcReplies catched 
[22:45:12] 366 Triggers catched
[22:45:12] 1277 Paddocks catched
[22:45:12] 72 Mounts catched
[22:45:12] 3 Guild catched
[22:45:12] 2 GuildMembers catched
[22:45:12] 11 GatheringJob LevelInfos catched
[22:45:13] 233 InteractiveSkills LevelInfos catched
[22:45:13] 2210 Monster Templates catched
[22:45:13] 11688 Monster Grades catched
[22:45:13] 8021 Monster Drops catched
[22:45:14] 129 Handlers Readed
[22:45:15] 175 Messages Readed
[22:45:15] WorldServer start in 7365 ms.
[22:47:38] MySQL Database Connected
[22:47:38] 16 Breeds catched
[22:47:38] 256 Heads catched
[22:47:38] 566 Effects catched
[22:47:39] 4 SuperAreas catched
[22:47:39] 48 Areas catched
[22:47:40] 334 SubAreas catched
[22:47:41] 11267 DofusMaps catched
[22:47:41] 9769 StatedElements catched
[22:47:41] 13379 InteractiveElements catched
[22:47:41] 1485 HouseInformations catched
[22:47:41] 568 InteractiveDoors catched
[22:47:41] 3530 MapPositions uncatched
[22:47:41] 14681 MapPositions catched
[22:47:41] 38 MapZaaps catched
[22:47:41] 79 MapSubways catched
[22:47:41] 15612 SpellLevels catched 
[22:47:41] 4972 Spells catched 
[22:47:41] 4 SpellBombs catched 
[22:47:41] 316 GuildEmblems catched 
[22:47:41] 1179 LearnableSpells catched 
[22:47:41] 171 ItemTypes catched 
[22:47:42] 10063 ItemTemplates catched 
[22:47:42] 4355 Weapons catched 
[22:47:42] 366 ItemSets catched 
[22:47:42] 114 ItemPets catched 
[22:47:42] 2476 NpcTemplates catched 
[22:47:42] 812 NpcSpawns catched 
[22:47:42] 3038 NpcItems catched 
[22:47:42] 19801 NpcMessages catched 
[22:47:42] 8 NpcReplies catched 
[22:47:42] 366 Triggers catched
[22:47:42] 1277 Paddocks catched
[22:47:42] 72 Mounts catched
[22:47:42] 3 Guild catched
[22:47:42] 2 GuildMembers catched
[22:47:42] 11 GatheringJob LevelInfos catched
[22:47:42] 233 InteractiveSkills LevelInfos catched
[22:47:42] 2210 Monster Templates catched
[22:47:42] 11688 Monster Grades catched
[22:47:42] 8021 Monster Drops catched
[22:47:43] 129 Handlers Readed
[22:47:43] 175 Messages Readed
[22:47:43] WorldServer start in 5420 ms.
[23:54:25] MySQL Database Connected
[23:54:25] 16 Breeds catched
[23:54:25] 256 Heads catched
[23:54:25] 566 Effects catched
[23:54:26] 4 SuperAreas catched
[23:54:26] 48 Areas catched
[23:54:27] 334 SubAreas catched
[23:54:28] 11267 DofusMaps catched
[23:54:28] 9769 StatedElements catched
[23:54:28] 13379 InteractiveElements catched
[23:54:28] 1485 HouseInformations catched
[23:54:28] 568 InteractiveDoors catched
[23:54:28] 3530 MapPositions uncatched
[23:54:28] 14681 MapPositions catched
[23:54:28] 38 MapZaaps catched
[23:54:28] 79 MapSubways catched
[23:54:28] 15612 SpellLevels catched 
[23:54:28] 4972 Spells catched 
[23:54:28] 4 SpellBombs catched 
[23:54:28] 316 GuildEmblems catched 
[23:54:28] 1179 LearnableSpells catched 
[23:54:28] 171 ItemTypes catched 
[23:54:29] 10063 ItemTemplates catched 
[23:54:29] 4355 Weapons catched 
[23:54:29] 366 ItemSets catched 
[23:54:29] 114 ItemPets catched 
[23:54:29] 2476 NpcTemplates catched 
[23:54:29] 812 NpcSpawns catched 
[23:54:29] 3040 NpcItems catched 
[23:54:29] 19801 NpcMessages catched 
[23:54:29] 8 NpcReplies catched 
[23:54:29] 366 Triggers catched
[23:54:30] 1277 Paddocks catched
[23:54:30] 72 Mounts catched
[23:54:30] 3 Guild catched
[23:54:30] 2 GuildMembers catched
[23:54:30] 11 GatheringJob LevelInfos catched
[23:54:30] 233 InteractiveSkills LevelInfos catched
[23:54:30] 2210 Monster Templates catched
[23:54:30] 11688 Monster Grades catched
[23:54:30] 8021 Monster Drops catched
[23:54:32] 129 Handlers Readed
[23:54:34] 175 Messages Readed
[23:54:34] WorldServer start in 9145 ms.
