[11:21:14] MySQL Database Connected
[11:21:14] 16 Breeds catched
[11:21:14] 256 Heads catched
[11:21:14] 561 Effects catched
[11:21:15] 4 SuperAreas catched
[11:21:15] 48 Areas catched
[11:21:16] 334 SubAreas catched
[11:21:23] 11260 DofusMaps catched
[11:21:23] 9761 StatedElements catched
[11:21:23] 13349 InteractiveElements catched
[11:21:23] 1485 HouseInformations catched
[11:21:23] 556 InteractiveDoors catched
[11:21:23] 3614 MapPositions uncatched
[11:21:23] 14681 MapPositions catched
[11:21:23] 42 MapZaaps catched
[11:21:23] 79 MapSubways catched
[11:21:24] 15228 SpellLevels catched 
[11:21:24] 4772 Spells catched 
[11:21:24] 316 GuildEmblems catched 
[11:21:24] 1179 LearnableSpells catched 
[11:21:24] 9780 ItemTemplates catched 
[11:21:24] 4489 Weapons catched 
[11:21:24] 363 ItemSets catched 
[11:21:24] 171 ItemTypes catched 
[11:21:24] 110 ItemPets catched 
[11:21:25] 2476 NpcTemplates catched 
[11:21:25] 787 NpcSpawns catched 
[11:21:25] 94 NpcItems catched 
[11:21:25] 19801 NpcMessages catched 
[11:21:25] 7 NpcReplies catched 
[11:21:25] 353 Triggers catched
[11:21:26] 1281 Paddocks catched
[11:21:26] 72 Mounts catched
[11:21:26] 3 Guild catched
[11:21:26] 2 GuildMembers catched
[11:21:26] 100 Handlers Readed
[11:21:27] 139 Messages Readed
[11:21:27] WorldServer start in 13271 ms.
[11:31:20] MySQL Database Connected
[11:31:20] 16 Breeds catched
[11:31:20] 256 Heads catched
[11:31:20] 561 Effects catched
[11:31:21] 4 SuperAreas catched
[11:31:21] 48 Areas catched
[11:31:22] 334 SubAreas catched
[11:31:30] 11260 DofusMaps catched
[11:31:30] 9761 StatedElements catched
[11:31:30] 13349 InteractiveElements catched
[11:31:30] 1485 HouseInformations catched
[11:31:30] 556 InteractiveDoors catched
[11:31:30] 3614 MapPositions uncatched
[11:31:30] 14681 MapPositions catched
[11:31:30] 42 MapZaaps catched
[11:31:30] 79 MapSubways catched
[11:31:30] 15228 SpellLevels catched 
[11:31:30] 4772 Spells catched 
[11:31:30] 316 GuildEmblems catched 
[11:31:30] 1179 LearnableSpells catched 
[11:31:30] 9780 ItemTemplates catched 
[11:31:31] 4489 Weapons catched 
[11:31:31] 363 ItemSets catched 
[11:31:31] 171 ItemTypes catched 
[11:31:31] 110 ItemPets catched 
[11:31:31] 2476 NpcTemplates catched 
[11:31:31] 787 NpcSpawns catched 
[11:31:31] 94 NpcItems catched 
[11:31:31] 19801 NpcMessages catched 
[11:31:31] 7 NpcReplies catched 
[11:31:32] 353 Triggers catched
[11:31:32] 1281 Paddocks catched
[11:31:32] 72 Mounts catched
[11:31:32] 3 Guild catched
[11:31:32] 2 GuildMembers catched
[11:31:32] 100 Handlers Readed
[11:31:32] 139 Messages Readed
[11:31:33] WorldServer start in 12551 ms.
[11:35:30] MySQL Database Connected
[11:35:30] 16 Breeds catched
[11:35:30] 256 Heads catched
[11:35:30] 561 Effects catched
[11:35:31] 4 SuperAreas catched
[11:35:31] 48 Areas catched
[11:35:32] 334 SubAreas catched
[11:35:39] 11260 DofusMaps catched
[11:35:39] 9761 StatedElements catched
[11:35:40] 13349 InteractiveElements catched
[11:35:40] 1485 HouseInformations catched
[11:35:40] 556 InteractiveDoors catched
[11:35:40] 3614 MapPositions uncatched
[11:35:40] 14681 MapPositions catched
[11:35:40] 42 MapZaaps catched
[11:35:40] 79 MapSubways catched
[11:35:40] 15228 SpellLevels catched 
[11:35:40] 4772 Spells catched 
[11:35:40] 316 GuildEmblems catched 
[11:35:40] 1179 LearnableSpells catched 
[11:35:40] 9780 ItemTemplates catched 
[11:35:40] 4489 Weapons catched 
[11:35:40] 363 ItemSets catched 
[11:35:40] 171 ItemTypes catched 
[11:35:41] 110 ItemPets catched 
[11:35:41] 2476 NpcTemplates catched 
[11:35:41] 787 NpcSpawns catched 
[11:35:41] 94 NpcItems catched 
[11:35:41] 19801 NpcMessages catched 
[11:35:41] 7 NpcReplies catched 
[11:35:41] 353 Triggers catched
[11:35:41] 1281 Paddocks catched
[11:35:41] 72 Mounts catched
[11:35:41] 3 Guild catched
[11:35:41] 2 GuildMembers catched
[11:35:42] 100 Handlers Readed
[11:35:42] 139 Messages Readed
[11:35:42] WorldServer start in 12466 ms.
[11:44:14] MySQL Database Connected
[11:44:15] 16 Breeds catched
[11:44:15] 256 Heads catched
[11:44:15] 561 Effects catched
[11:44:15] 4 SuperAreas catched
[11:44:15] 48 Areas catched
[11:44:16] 334 SubAreas catched
[11:44:24] 11260 DofusMaps catched
[11:44:24] 9761 StatedElements catched
[11:44:24] 13349 InteractiveElements catched
[11:44:24] 1485 HouseInformations catched
[11:44:24] 556 InteractiveDoors catched
[11:44:25] 3614 MapPositions uncatched
[11:44:25] 14681 MapPositions catched
[11:44:25] 42 MapZaaps catched
[11:44:25] 79 MapSubways catched
[11:44:25] 15228 SpellLevels catched 
[11:44:25] 4772 Spells catched 
[11:44:25] 316 GuildEmblems catched 
[11:44:25] 1179 LearnableSpells catched 
[11:44:25] 9780 ItemTemplates catched 
[11:44:25] 4489 Weapons catched 
[11:44:25] 363 ItemSets catched 
[11:44:25] 171 ItemTypes catched 
[11:44:26] 110 ItemPets catched 
[11:44:26] 2476 NpcTemplates catched 
[11:44:26] 787 NpcSpawns catched 
[11:44:26] 94 NpcItems catched 
[11:44:26] 19801 NpcMessages catched 
[11:44:26] 7 NpcReplies catched 
[11:44:26] 353 Triggers catched
[11:44:26] 1281 Paddocks catched
[11:44:26] 72 Mounts catched
[11:44:26] 3 Guild catched
[11:44:26] 2 GuildMembers catched
[11:44:27] 100 Handlers Readed
[11:44:27] 139 Messages Readed
[11:44:27] WorldServer start in 13271 ms.
[13:02:27] MySQL Database Connected
[13:02:27] 16 Breeds catched
[13:02:27] 256 Heads catched
[13:02:27] 561 Effects catched
[13:02:27] 4 SuperAreas catched
[13:02:27] 48 Areas catched
[13:02:28] 334 SubAreas catched
[13:02:42] 11260 DofusMaps catched
[13:02:42] 9761 StatedElements catched
[13:02:42] 13349 InteractiveElements catched
[13:02:42] 1485 HouseInformations catched
[13:02:42] 556 InteractiveDoors catched
[13:02:42] 3614 MapPositions uncatched
[13:02:42] 14681 MapPositions catched
[13:02:42] 42 MapZaaps catched
[13:02:42] 79 MapSubways catched
[13:02:43] 15228 SpellLevels catched 
[13:02:43] 4772 Spells catched 
[13:02:43] 316 GuildEmblems catched 
[13:02:43] 1179 LearnableSpells catched 
[13:02:44] 9780 ItemTemplates catched 
[13:02:44] 4489 Weapons catched 
[13:02:44] 363 ItemSets catched 
[13:02:44] 171 ItemTypes catched 
[13:02:44] 110 ItemPets catched 
[13:02:45] 2476 NpcTemplates catched 
[13:02:45] 787 NpcSpawns catched 
[13:02:45] 94 NpcItems catched 
[13:02:45] 19801 NpcMessages catched 
[13:02:45] 7 NpcReplies catched 
[13:02:45] 353 Triggers catched
[13:02:45] 1281 Paddocks catched
[13:02:45] 72 Mounts catched
[13:02:45] 3 Guild catched
[13:02:45] 2 GuildMembers catched
[13:02:46] 100 Handlers Readed
[13:02:46] 139 Messages Readed
[13:02:46] WorldServer start in 20063 ms.
[13:34:04] MySQL Database Connected
[13:34:04] 16 Breeds catched
[13:34:04] 256 Heads catched
[13:34:04] 561 Effects catched
[13:34:05] 4 SuperAreas catched
[13:34:05] 48 Areas catched
[13:34:05] 334 SubAreas catched
[13:34:14] 11260 DofusMaps catched
[13:34:14] 9761 StatedElements catched
[13:34:14] 13349 InteractiveElements catched
[13:34:14] 1485 HouseInformations catched
[13:34:14] 556 InteractiveDoors catched
[13:34:14] 3614 MapPositions uncatched
[13:34:14] 14681 MapPositions catched
[13:34:14] 42 MapZaaps catched
[13:34:14] 79 MapSubways catched
[13:34:15] 15228 SpellLevels catched 
[13:34:15] 4772 Spells catched 
[13:34:15] 316 GuildEmblems catched 
[13:34:15] 1179 LearnableSpells catched 
[13:34:19] 9780 ItemTemplates catched 
[13:34:22] 4489 Weapons catched 
[13:34:23] 363 ItemSets catched 
[13:34:23] 171 ItemTypes catched 
[13:34:23] 110 ItemPets catched 
[13:34:25] 2476 NpcTemplates catched 
[13:34:25] 787 NpcSpawns catched 
[13:34:25] 94 NpcItems catched 
[13:34:25] 19801 NpcMessages catched 
[13:34:25] 7 NpcReplies catched 
[13:34:26] 353 Triggers catched
[13:34:26] 1281 Paddocks catched
[13:34:26] 72 Mounts catched
[13:34:26] 4 Guild catched
[13:34:26] 2 GuildMembers catched
[13:34:26] 101 Handlers Readed
[13:34:27] 140 Messages Readed
[13:34:27] WorldServer start in 23203 ms.
[13:34:57] Packet not handled 5556
[13:35:22] Packet not handled 5556
[14:08:10] MySQL Database Connected
[14:08:11] 16 Breeds catched
[14:08:11] 256 Heads catched
[14:08:11] 561 Effects catched
[14:08:11] 4 SuperAreas catched
[14:08:11] 48 Areas catched
[14:08:12] 334 SubAreas catched
[14:08:20] 11260 DofusMaps catched
[14:08:20] 9761 StatedElements catched
[14:08:20] 13349 InteractiveElements catched
[14:08:20] 1485 HouseInformations catched
[14:08:20] 556 InteractiveDoors catched
[14:08:20] 3614 MapPositions uncatched
[14:08:20] 14681 MapPositions catched
[14:08:20] 42 MapZaaps catched
[14:08:20] 79 MapSubways catched
[14:08:20] 15228 SpellLevels catched 
[14:08:20] 4772 Spells catched 
[14:08:20] 316 GuildEmblems catched 
[14:08:20] 1179 LearnableSpells catched 
[14:08:21] 9780 ItemTemplates catched 
[14:08:21] 4489 Weapons catched 
[14:08:21] 363 ItemSets catched 
[14:08:21] 171 ItemTypes catched 
[14:08:21] 110 ItemPets catched 
[14:08:21] 2476 NpcTemplates catched 
[14:08:21] 787 NpcSpawns catched 
[14:08:21] 94 NpcItems catched 
[14:08:21] 19801 NpcMessages catched 
[14:08:21] 7 NpcReplies catched 
[14:08:22] 353 Triggers catched
[14:08:22] 1281 Paddocks catched
[14:08:22] 72 Mounts catched
[14:08:22] 4 Guild catched
[14:08:22] 2 GuildMembers catched
[14:08:22] 103 Handlers Readed
[14:08:23] 141 Messages Readed
[14:08:23] WorldServer start in 12545 ms.
[14:09:50] MySQL Database Connected
[14:09:50] 16 Breeds catched
[14:09:50] 256 Heads catched
[14:09:50] 561 Effects catched
[14:09:51] 4 SuperAreas catched
[14:09:51] 48 Areas catched
[14:09:52] 334 SubAreas catched
[14:09:59] 11260 DofusMaps catched
[14:09:59] 9761 StatedElements catched
[14:09:59] 13349 InteractiveElements catched
[14:10:00] 1485 HouseInformations catched
[14:10:00] 556 InteractiveDoors catched
[14:10:00] 3614 MapPositions uncatched
[14:10:00] 14681 MapPositions catched
[14:10:00] 42 MapZaaps catched
[14:10:00] 79 MapSubways catched
[14:10:00] 15228 SpellLevels catched 
[14:10:00] 4772 Spells catched 
[14:10:00] 316 GuildEmblems catched 
[14:10:00] 1179 LearnableSpells catched 
[14:10:00] 9780 ItemTemplates catched 
[14:10:00] 4489 Weapons catched 
[14:10:00] 363 ItemSets catched 
[14:10:00] 171 ItemTypes catched 
[14:10:00] 110 ItemPets catched 
[14:10:01] 2476 NpcTemplates catched 
[14:10:01] 787 NpcSpawns catched 
[14:10:01] 94 NpcItems catched 
[14:10:01] 19801 NpcMessages catched 
[14:10:01] 7 NpcReplies catched 
[14:10:01] 353 Triggers catched
[14:10:01] 1281 Paddocks catched
[14:10:01] 72 Mounts catched
[14:10:01] 4 Guild catched
[14:10:01] 3 GuildMembers catched
[14:10:02] 103 Handlers Readed
[14:10:02] 141 Messages Readed
[14:10:02] WorldServer start in 12626 ms.
[14:31:12] Packet not handled 5706
[14:44:18] MySQL Database Connected
[14:44:18] 16 Breeds catched
[14:44:18] 256 Heads catched
[14:44:18] 561 Effects catched
[14:44:19] 4 SuperAreas catched
[14:44:19] 48 Areas catched
[14:44:20] 334 SubAreas catched
[14:44:30] 11260 DofusMaps catched
[14:44:30] 9761 StatedElements catched
[14:44:30] 13349 InteractiveElements catched
[14:44:30] 1485 HouseInformations catched
[14:44:30] 556 InteractiveDoors catched
[14:44:30] 3614 MapPositions uncatched
[14:44:30] 14681 MapPositions catched
[14:44:30] 42 MapZaaps catched
[14:44:30] 79 MapSubways catched
[14:44:31] 15228 SpellLevels catched 
[14:44:31] 4772 Spells catched 
[14:44:31] 316 GuildEmblems catched 
[14:44:31] 1179 LearnableSpells catched 
[14:44:31] 9780 ItemTemplates catched 
[14:44:31] 4489 Weapons catched 
[14:44:31] 363 ItemSets catched 
[14:44:31] 171 ItemTypes catched 
[14:44:31] 110 ItemPets catched 
[14:44:32] 2476 NpcTemplates catched 
[14:44:32] 787 NpcSpawns catched 
[14:44:32] 94 NpcItems catched 
[14:44:32] 19801 NpcMessages catched 
[14:44:32] 7 NpcReplies catched 
[14:44:32] 353 Triggers catched
[14:44:32] 1281 Paddocks catched
[14:44:32] 72 Mounts catched
[14:44:32] 4 Guild catched
[14:44:32] 3 GuildMembers catched
[14:44:33] 104 Handlers Readed
[14:44:33] 141 Messages Readed
[14:45:26] MySQL Database Connected
[14:45:26] 16 Breeds catched
[14:45:26] 256 Heads catched
[14:45:26] 561 Effects catched
[14:45:27] 4 SuperAreas catched
[14:45:27] 48 Areas catched
[14:45:28] 334 SubAreas catched
[14:45:55] 11260 DofusMaps catched
[14:45:55] 9761 StatedElements catched
[14:45:55] 13349 InteractiveElements catched
[14:45:55] 1485 HouseInformations catched
[14:45:55] 556 InteractiveDoors catched
[14:45:56] 3614 MapPositions uncatched
[14:45:56] 14681 MapPositions catched
[14:45:56] 42 MapZaaps catched
[14:45:56] 79 MapSubways catched
[14:45:56] 15228 SpellLevels catched 
[14:45:56] 4772 Spells catched 
[14:45:56] 316 GuildEmblems catched 
[14:45:56] 1179 LearnableSpells catched 
[14:45:56] 9780 ItemTemplates catched 
[14:45:56] 4489 Weapons catched 
[14:45:56] 363 ItemSets catched 
[14:45:56] 171 ItemTypes catched 
[14:45:56] 110 ItemPets catched 
[14:45:57] 2476 NpcTemplates catched 
[14:45:57] 787 NpcSpawns catched 
[14:45:57] 94 NpcItems catched 
[14:45:57] 19801 NpcMessages catched 
[14:45:57] 7 NpcReplies catched 
[14:45:57] 353 Triggers catched
[14:45:57] 1281 Paddocks catched
[14:45:57] 72 Mounts catched
[14:45:58] 4 Guild catched
[14:45:58] 3 GuildMembers catched
[14:45:58] 104 Handlers Readed
[14:45:58] 141 Messages Readed
[14:45:59] WorldServer start in 32429 ms.
[14:46:42] Packet not handled 5699
[15:00:31] MySQL Database Connected
[15:00:31] 16 Breeds catched
[15:00:31] 256 Heads catched
[15:00:31] 561 Effects catched
[15:00:31] 4 SuperAreas catched
[15:00:31] 48 Areas catched
[15:00:32] 334 SubAreas catched
[15:00:41] 11260 DofusMaps catched
[15:00:41] 9761 StatedElements catched
[15:00:41] 13349 InteractiveElements catched
[15:00:41] 1485 HouseInformations catched
[15:00:41] 556 InteractiveDoors catched
[15:00:42] 3614 MapPositions uncatched
[15:00:42] 14681 MapPositions catched
[15:00:42] 42 MapZaaps catched
[15:00:42] 79 MapSubways catched
[15:00:42] 15228 SpellLevels catched 
[15:00:42] 4772 Spells catched 
[15:00:42] 316 GuildEmblems catched 
[15:00:42] 1179 LearnableSpells catched 
[15:00:42] 9780 ItemTemplates catched 
[15:00:42] 4489 Weapons catched 
[15:00:43] 363 ItemSets catched 
[15:00:43] 171 ItemTypes catched 
[15:00:43] 110 ItemPets catched 
[15:00:43] 2476 NpcTemplates catched 
[15:00:43] 787 NpcSpawns catched 
[15:00:43] 94 NpcItems catched 
[15:00:43] 19801 NpcMessages catched 
[15:00:43] 7 NpcReplies catched 
[15:00:43] 353 Triggers catched
[15:00:43] 1281 Paddocks catched
[15:00:43] 72 Mounts catched
[15:00:43] 4 Guild catched
[15:00:43] 3 GuildMembers catched
[15:00:44] 105 Handlers Readed
[15:00:44] 141 Messages Readed
[15:00:44] WorldServer start in 13856 ms.
[15:01:49] MySQL Database Connected
[15:01:49] 16 Breeds catched
[15:01:49] 256 Heads catched
[15:01:49] 561 Effects catched
[15:01:50] 4 SuperAreas catched
[15:01:50] 48 Areas catched
[15:01:51] 334 SubAreas catched
[15:02:01] 11260 DofusMaps catched
[15:02:01] 9761 StatedElements catched
[15:02:02] 13349 InteractiveElements catched
[15:02:02] 1485 HouseInformations catched
[15:02:02] 556 InteractiveDoors catched
[15:02:02] 3614 MapPositions uncatched
[15:02:02] 14681 MapPositions catched
[15:02:02] 42 MapZaaps catched
[15:02:02] 79 MapSubways catched
[15:02:02] 15228 SpellLevels catched 
[15:02:02] 4772 Spells catched 
[15:02:02] 316 GuildEmblems catched 
[15:02:02] 1179 LearnableSpells catched 
[15:02:02] 9780 ItemTemplates catched 
[15:02:02] 4489 Weapons catched 
[15:02:03] 363 ItemSets catched 
[15:02:03] 171 ItemTypes catched 
[15:02:03] 110 ItemPets catched 
[15:02:03] 2476 NpcTemplates catched 
[15:02:03] 787 NpcSpawns catched 
[15:02:03] 94 NpcItems catched 
[15:02:03] 19801 NpcMessages catched 
[15:02:03] 7 NpcReplies catched 
[15:02:03] 353 Triggers catched
[15:02:03] 1281 Paddocks catched
[15:02:03] 72 Mounts catched
[15:02:03] 4 Guild catched
[15:02:03] 3 GuildMembers catched
[15:02:04] 105 Handlers Readed
[15:02:04] 141 Messages Readed
[15:02:04] WorldServer start in 15441 ms.
[15:03:40] MySQL Database Connected
[15:03:40] 16 Breeds catched
[15:03:40] 256 Heads catched
[15:03:40] 561 Effects catched
[15:03:40] 4 SuperAreas catched
[15:03:40] 48 Areas catched
[15:03:41] 334 SubAreas catched
[15:03:49] 11260 DofusMaps catched
[15:03:49] 9761 StatedElements catched
[15:03:49] 13349 InteractiveElements catched
[15:03:49] 1485 HouseInformations catched
[15:03:49] 556 InteractiveDoors catched
[15:03:49] 3614 MapPositions uncatched
[15:03:49] 14681 MapPositions catched
[15:03:49] 42 MapZaaps catched
[15:03:49] 79 MapSubways catched
[15:03:49] 15228 SpellLevels catched 
[15:03:49] 4772 Spells catched 
[15:03:49] 316 GuildEmblems catched 
[15:03:49] 1179 LearnableSpells catched 
[15:03:50] 9780 ItemTemplates catched 
[15:03:50] 4489 Weapons catched 
[15:03:50] 363 ItemSets catched 
[15:03:50] 171 ItemTypes catched 
[15:03:50] 110 ItemPets catched 
[15:03:50] 2476 NpcTemplates catched 
[15:03:50] 787 NpcSpawns catched 
[15:03:50] 94 NpcItems catched 
[15:03:50] 19801 NpcMessages catched 
[15:03:50] 7 NpcReplies catched 
[15:03:51] 353 Triggers catched
[15:03:51] 1281 Paddocks catched
[15:03:51] 72 Mounts catched
[15:03:51] 4 Guild catched
[15:03:51] 3 GuildMembers catched
[15:03:51] 105 Handlers Readed
[15:03:52] 141 Messages Readed
[15:03:52] WorldServer start in 12274 ms.
[15:05:04] MySQL Database Connected
[15:05:04] 16 Breeds catched
[15:05:04] 256 Heads catched
[15:05:04] 561 Effects catched
[15:05:05] 4 SuperAreas catched
[15:05:05] 48 Areas catched
[15:05:06] 334 SubAreas catched
[15:05:19] 11260 DofusMaps catched
[15:05:19] 9761 StatedElements catched
[15:05:19] 13349 InteractiveElements catched
[15:05:19] 1485 HouseInformations catched
[15:05:19] 556 InteractiveDoors catched
[15:05:19] 3614 MapPositions uncatched
[15:05:19] 14681 MapPositions catched
[15:05:19] 42 MapZaaps catched
[15:05:19] 79 MapSubways catched
[15:05:19] 15228 SpellLevels catched 
[15:05:19] 4772 Spells catched 
[15:05:19] 316 GuildEmblems catched 
[15:05:19] 1179 LearnableSpells catched 
[15:05:19] 9780 ItemTemplates catched 
[15:05:20] 4489 Weapons catched 
[15:05:20] 363 ItemSets catched 
[15:05:20] 171 ItemTypes catched 
[15:05:20] 110 ItemPets catched 
[15:05:20] 2476 NpcTemplates catched 
[15:05:20] 787 NpcSpawns catched 
[15:05:20] 94 NpcItems catched 
[15:05:20] 19801 NpcMessages catched 
[15:05:20] 7 NpcReplies catched 
[15:05:21] 353 Triggers catched
[15:05:21] 1281 Paddocks catched
[15:05:21] 72 Mounts catched
[15:05:21] 4 Guild catched
[15:05:21] 3 GuildMembers catched
[15:05:21] 105 Handlers Readed
[15:05:22] 141 Messages Readed
[15:05:22] WorldServer start in 17678 ms.
[15:05:59] MySQL Database Connected
[15:05:59] 16 Breeds catched
[15:05:59] 256 Heads catched
[15:05:59] 561 Effects catched
[15:06:00] 4 SuperAreas catched
[15:06:00] 48 Areas catched
[15:06:01] 334 SubAreas catched
[15:06:10] 11260 DofusMaps catched
[15:06:10] 9761 StatedElements catched
[15:06:10] 13349 InteractiveElements catched
[15:06:10] 1485 HouseInformations catched
[15:06:10] 556 InteractiveDoors catched
[15:06:10] 3614 MapPositions uncatched
[15:06:10] 14681 MapPositions catched
[15:06:10] 42 MapZaaps catched
[15:06:10] 79 MapSubways catched
[15:06:10] 15228 SpellLevels catched 
[15:06:10] 4772 Spells catched 
[15:06:10] 316 GuildEmblems catched 
[15:06:10] 1179 LearnableSpells catched 
[15:06:11] 9780 ItemTemplates catched 
[15:06:11] 4489 Weapons catched 
[15:06:11] 363 ItemSets catched 
[15:06:11] 171 ItemTypes catched 
[15:06:11] 110 ItemPets catched 
[15:06:11] 2476 NpcTemplates catched 
[15:06:11] 787 NpcSpawns catched 
[15:06:11] 94 NpcItems catched 
[15:06:11] 19801 NpcMessages catched 
[15:06:11] 7 NpcReplies catched 
[15:06:12] 353 Triggers catched
[15:06:12] 1281 Paddocks catched
[15:06:12] 72 Mounts catched
[15:06:12] 4 Guild catched
[15:06:12] 3 GuildMembers catched
[15:06:12] 105 Handlers Readed
[15:06:13] 141 Messages Readed
[15:06:13] WorldServer start in 13779 ms.
[15:14:23] MySQL Database Connected
[15:14:24] 16 Breeds catched
[15:14:24] 256 Heads catched
[15:14:24] 561 Effects catched
[15:14:24] 4 SuperAreas catched
[15:14:24] 48 Areas catched
[15:14:25] 334 SubAreas catched
[15:14:34] 11260 DofusMaps catched
[15:14:34] 9761 StatedElements catched
[15:14:34] 13349 InteractiveElements catched
[15:14:34] 1485 HouseInformations catched
[15:14:34] 556 InteractiveDoors catched
[15:14:34] 3614 MapPositions uncatched
[15:14:34] 14681 MapPositions catched
[15:14:34] 42 MapZaaps catched
[15:14:34] 79 MapSubways catched
[15:14:35] 15228 SpellLevels catched 
[15:14:35] 4772 Spells catched 
[15:14:35] 316 GuildEmblems catched 
[15:14:35] 1179 LearnableSpells catched 
[15:14:35] 9780 ItemTemplates catched 
[15:14:35] 4489 Weapons catched 
[15:14:35] 363 ItemSets catched 
[15:14:35] 171 ItemTypes catched 
[15:14:35] 110 ItemPets catched 
[15:14:35] 2476 NpcTemplates catched 
[15:14:36] 787 NpcSpawns catched 
[15:14:36] 94 NpcItems catched 
[15:14:36] 19801 NpcMessages catched 
[15:14:36] 7 NpcReplies catched 
[15:14:36] 353 Triggers catched
[15:14:36] 1281 Paddocks catched
[15:14:36] 72 Mounts catched
[15:14:36] 4 Guild catched
[15:14:36] 3 GuildMembers catched
[15:14:36] 105 Handlers Readed
[15:14:37] 141 Messages Readed
[15:14:37] WorldServer start in 13586 ms.
[15:18:09] MySQL Database Connected
[15:18:09] 16 Breeds catched
[15:18:09] 256 Heads catched
[15:18:09] 561 Effects catched
[15:18:09] 4 SuperAreas catched
[15:18:09] 48 Areas catched
[15:18:10] 334 SubAreas catched
[15:18:17] 11260 DofusMaps catched
[15:18:17] 9761 StatedElements catched
[15:18:18] 13349 InteractiveElements catched
[15:18:18] 1485 HouseInformations catched
[15:18:18] 556 InteractiveDoors catched
[15:18:18] 3614 MapPositions uncatched
[15:18:18] 14681 MapPositions catched
[15:18:18] 42 MapZaaps catched
[15:18:18] 79 MapSubways catched
[15:18:18] 15228 SpellLevels catched 
[15:18:18] 4772 Spells catched 
[15:18:18] 316 GuildEmblems catched 
[15:18:18] 1179 LearnableSpells catched 
[15:18:18] 9780 ItemTemplates catched 
[15:18:18] 4489 Weapons catched 
[15:18:18] 363 ItemSets catched 
[15:18:18] 171 ItemTypes catched 
[15:18:18] 110 ItemPets catched 
[15:18:19] 2476 NpcTemplates catched 
[15:18:19] 787 NpcSpawns catched 
[15:18:19] 94 NpcItems catched 
[15:18:19] 19801 NpcMessages catched 
[15:18:19] 7 NpcReplies catched 
[15:18:19] 353 Triggers catched
[15:18:19] 1281 Paddocks catched
[15:18:19] 72 Mounts catched
[15:18:19] 4 Guild catched
[15:18:19] 3 GuildMembers catched
[15:18:20] 105 Handlers Readed
[15:18:20] 141 Messages Readed
[15:18:20] WorldServer start in 12021 ms.
[15:19:20] MySQL Database Connected
[15:19:20] 16 Breeds catched
[15:19:20] 256 Heads catched
[15:19:20] 561 Effects catched
[15:19:21] 4 SuperAreas catched
[15:19:21] 48 Areas catched
[15:19:22] 334 SubAreas catched
[15:19:29] 11260 DofusMaps catched
[15:19:29] 9761 StatedElements catched
[15:19:29] 13349 InteractiveElements catched
[15:19:29] 1485 HouseInformations catched
[15:19:29] 556 InteractiveDoors catched
[15:19:29] 3614 MapPositions uncatched
[15:19:29] 14681 MapPositions catched
[15:19:29] 42 MapZaaps catched
[15:19:29] 79 MapSubways catched
[15:19:30] 15228 SpellLevels catched 
[15:19:30] 4772 Spells catched 
[15:19:30] 316 GuildEmblems catched 
[15:19:30] 1179 LearnableSpells catched 
[15:19:30] 9780 ItemTemplates catched 
[15:19:30] 4489 Weapons catched 
[15:19:30] 363 ItemSets catched 
[15:19:30] 171 ItemTypes catched 
[15:19:30] 110 ItemPets catched 
[15:19:31] 2476 NpcTemplates catched 
[15:19:31] 787 NpcSpawns catched 
[15:19:31] 94 NpcItems catched 
[15:19:31] 19801 NpcMessages catched 
[15:19:31] 7 NpcReplies catched 
[15:19:31] 353 Triggers catched
[15:19:31] 1281 Paddocks catched
[15:19:31] 72 Mounts catched
[15:19:31] 4 Guild catched
[15:19:31] 3 GuildMembers catched
[15:19:31] 105 Handlers Readed
[15:19:32] 141 Messages Readed
[15:19:32] WorldServer start in 11954 ms.
[15:20:04] MySQL Database Connected
[15:20:04] 16 Breeds catched
[15:20:04] 256 Heads catched
[15:20:04] 561 Effects catched
[15:20:04] 4 SuperAreas catched
[15:20:04] 48 Areas catched
[15:20:05] 334 SubAreas catched
[15:20:13] 11260 DofusMaps catched
[15:20:13] 9761 StatedElements catched
[15:20:13] 13349 InteractiveElements catched
[15:20:13] 1485 HouseInformations catched
[15:20:13] 556 InteractiveDoors catched
[15:20:13] 3614 MapPositions uncatched
[15:20:13] 14681 MapPositions catched
[15:20:13] 42 MapZaaps catched
[15:20:13] 79 MapSubways catched
[15:20:13] 15228 SpellLevels catched 
[15:20:13] 4772 Spells catched 
[15:20:13] 316 GuildEmblems catched 
[15:20:13] 1179 LearnableSpells catched 
[15:20:13] 9780 ItemTemplates catched 
[15:20:14] 4489 Weapons catched 
[15:20:14] 363 ItemSets catched 
[15:20:14] 171 ItemTypes catched 
[15:20:14] 110 ItemPets catched 
[15:20:14] 2476 NpcTemplates catched 
[15:20:14] 787 NpcSpawns catched 
[15:20:14] 94 NpcItems catched 
[15:20:14] 19801 NpcMessages catched 
[15:20:14] 7 NpcReplies catched 
[15:20:15] 353 Triggers catched
[15:20:15] 1281 Paddocks catched
[15:20:15] 72 Mounts catched
[15:20:15] 4 Guild catched
[15:20:15] 3 GuildMembers catched
[15:20:15] 105 Handlers Readed
[15:20:15] 141 Messages Readed
[15:20:16] WorldServer start in 12101 ms.
