[11:45:15] MySQL Database Connected
[11:45:15] 16 Breeds catched
[11:45:15] 256 Heads catched
[11:45:15] 561 Effects catched
[11:45:31] 11260 DofusMaps catched
[11:45:31] 454 StatedElements catched
[11:45:31] 820 InteractiveElements catched
[11:45:31] 87 HouseInformations catched
[11:45:31] 120 InteractiveDoors catched
[11:45:32] 3614 MapPositions uncatched
[11:45:32] 14681 MapPositions catched
[11:45:32] 42 MapZaaps catched
[11:45:32] 15228 SpellLevels catched 
[11:45:32] 4772 Spells catched 
[11:45:32] 1179 LearnableSpells catched 
[11:45:33] 9780 ItemTemplates catched 
[11:45:33] 4489 Weapons catched 
[11:45:33] 363 ItemSets catched 
[11:45:33] 171 ItemTypes catched 
[11:45:33] 110 ItemPets catched 
[11:45:34] 2476 NpcTemplates catched 
[11:45:34] 138 NpcSpawns catched 
[11:45:34] 50 NpcItems catched 
[11:45:34] 19801 NpcMessages catched 
[11:45:34] 7 NpcReplies catched 
[11:45:34] 18 Triggers catched
[11:45:34] 5 Paddocks catched
[11:45:34] 72 Mounts catched
[11:45:39] 96 Handlers Readed
[11:45:53] 125 Messages Readed
[11:45:54] WorldServer start in 39273 ms.
[11:49:32] MySQL Database Connected
[11:49:32] 16 Breeds catched
[11:49:32] 256 Heads catched
[11:49:32] 561 Effects catched
[11:49:41] 11260 DofusMaps catched
[11:49:41] 454 StatedElements catched
[11:49:41] 820 InteractiveElements catched
[11:49:41] 87 HouseInformations catched
[11:49:41] 120 InteractiveDoors catched
[11:49:41] 3614 MapPositions uncatched
[11:49:41] 14681 MapPositions catched
[11:49:41] 42 MapZaaps catched
[11:49:41] 15228 SpellLevels catched 
[11:49:41] 4772 Spells catched 
[11:49:41] 1179 LearnableSpells catched 
[11:49:42] 9780 ItemTemplates catched 
[11:49:42] 4489 Weapons catched 
[11:49:42] 363 ItemSets catched 
[11:49:42] 171 ItemTypes catched 
[11:49:42] 110 ItemPets catched 
[11:49:42] 2476 NpcTemplates catched 
[11:49:42] 138 NpcSpawns catched 
[11:49:42] 50 NpcItems catched 
[11:49:42] 19801 NpcMessages catched 
[11:49:42] 7 NpcReplies catched 
[11:49:42] 18 Triggers catched
[11:49:42] 5 Paddocks catched
[11:49:42] 72 Mounts catched
[11:49:43] 96 Handlers Readed
[11:49:43] 125 Messages Readed
[11:49:43] WorldServer start in 11339 ms.
[11:54:57] MySQL Database Connected
[11:54:57] 16 Breeds catched
[11:54:57] 256 Heads catched
[11:54:57] 561 Effects catched
[11:55:56] 11260 DofusMaps catched
[11:55:56] 454 StatedElements catched
[11:55:57] 820 InteractiveElements catched
[11:55:57] 87 HouseInformations catched
[11:55:57] 120 InteractiveDoors catched
[11:55:57] 3614 MapPositions uncatched
[11:55:57] 14681 MapPositions catched
[11:55:57] 42 MapZaaps catched
[11:55:58] 15228 SpellLevels catched 
[11:55:58] 4772 Spells catched 
[11:55:58] 1179 LearnableSpells catched 
[11:55:59] 9780 ItemTemplates catched 
[11:55:59] 4489 Weapons catched 
[11:55:59] 363 ItemSets catched 
[11:55:59] 171 ItemTypes catched 
[11:55:59] 110 ItemPets catched 
[11:55:59] 2476 NpcTemplates catched 
[11:55:59] 138 NpcSpawns catched 
[11:55:59] 50 NpcItems catched 
[11:55:59] 19801 NpcMessages catched 
[11:55:59] 7 NpcReplies catched 
[11:56:00] 18 Triggers catched
[11:56:00] 5 Paddocks catched
[11:56:00] 72 Mounts catched
[11:56:00] 96 Handlers Readed
[11:56:00] 125 Messages Readed
[11:56:00] WorldServer start in 63406 ms.
[11:59:43] MySQL Database Connected
[11:59:44] 16 Breeds catched
[11:59:44] 256 Heads catched
[11:59:44] 561 Effects catched
[11:59:52] 11260 DofusMaps catched
[11:59:52] 454 StatedElements catched
[11:59:52] 820 InteractiveElements catched
[11:59:52] 87 HouseInformations catched
[11:59:52] 120 InteractiveDoors catched
[11:59:52] 3614 MapPositions uncatched
[11:59:52] 14681 MapPositions catched
[11:59:53] 42 MapZaaps catched
[11:59:53] 15228 SpellLevels catched 
[11:59:53] 4772 Spells catched 
[11:59:53] 1179 LearnableSpells catched 
[11:59:53] 9780 ItemTemplates catched 
[11:59:54] 4489 Weapons catched 
[11:59:54] 363 ItemSets catched 
[11:59:54] 171 ItemTypes catched 
[11:59:54] 110 ItemPets catched 
[11:59:54] 2476 NpcTemplates catched 
[11:59:54] 138 NpcSpawns catched 
[11:59:54] 50 NpcItems catched 
[11:59:54] 19801 NpcMessages catched 
[11:59:54] 7 NpcReplies catched 
[11:59:54] 18 Triggers catched
[11:59:54] 5 Paddocks catched
[11:59:54] 72 Mounts catched
[11:59:55] 96 Handlers Readed
[11:59:55] 125 Messages Readed
[11:59:55] WorldServer start in 11955 ms.
[12:01:54] MySQL Database Connected
[12:01:54] 16 Breeds catched
[12:01:54] 256 Heads catched
[12:01:54] 561 Effects catched
[12:02:03] 11260 DofusMaps catched
[12:02:03] 454 StatedElements catched
[12:02:03] 820 InteractiveElements catched
[12:02:03] 87 HouseInformations catched
[12:02:03] 120 InteractiveDoors catched
[12:02:05] 3614 MapPositions uncatched
[12:02:05] 14681 MapPositions catched
[12:02:05] 42 MapZaaps catched
[12:02:08] 15228 SpellLevels catched 
[12:02:09] 4772 Spells catched 
[12:02:09] 1179 LearnableSpells catched 
[12:02:13] 9780 ItemTemplates catched 
[12:02:15] 4489 Weapons catched 
[12:02:15] 363 ItemSets catched 
[12:02:15] 171 ItemTypes catched 
[12:02:15] 110 ItemPets catched 
[12:02:16] 2476 NpcTemplates catched 
[12:02:16] 138 NpcSpawns catched 
[12:02:16] 50 NpcItems catched 
[12:02:16] 19801 NpcMessages catched 
[12:02:16] 7 NpcReplies catched 
[12:02:16] 18 Triggers catched
[12:02:16] 5 Paddocks catched
[12:02:16] 72 Mounts catched
[12:02:16] 96 Handlers Readed
[12:02:16] 125 Messages Readed
[12:02:17] WorldServer start in 22462 ms.
[12:02:26] MySQL Database Connected
[12:02:26] 16 Breeds catched
[12:02:26] 256 Heads catched
[12:02:26] 561 Effects catched
[12:02:35] 11260 DofusMaps catched
[12:02:35] 454 StatedElements catched
[12:02:35] 820 InteractiveElements catched
[12:02:35] 87 HouseInformations catched
[12:02:35] 120 InteractiveDoors catched
[12:02:35] 3614 MapPositions uncatched
[12:02:35] 14681 MapPositions catched
[12:02:35] 42 MapZaaps catched
[12:02:35] 15228 SpellLevels catched 
[12:02:35] 4772 Spells catched 
[12:02:35] 1179 LearnableSpells catched 
[12:02:36] 9780 ItemTemplates catched 
[12:02:36] 4489 Weapons catched 
[12:02:36] 363 ItemSets catched 
[12:02:36] 171 ItemTypes catched 
[12:02:36] 110 ItemPets catched 
[12:02:36] 2476 NpcTemplates catched 
[12:02:36] 138 NpcSpawns catched 
[12:02:36] 50 NpcItems catched 
[12:02:36] 19801 NpcMessages catched 
[12:02:36] 7 NpcReplies catched 
[12:02:36] 18 Triggers catched
[12:02:36] 5 Paddocks catched
[12:02:36] 72 Mounts catched
[12:02:37] 96 Handlers Readed
[12:02:37] 125 Messages Readed
[12:02:37] WorldServer start in 11324 ms.
[12:19:42] MySQL Database Connected
[12:19:42] 16 Breeds catched
[12:19:42] 256 Heads catched
[12:19:42] 561 Effects catched
[12:19:50] 11260 DofusMaps catched
[12:19:50] 454 StatedElements catched
[12:19:50] 820 InteractiveElements catched
[12:19:50] 87 HouseInformations catched
[12:19:50] 120 InteractiveDoors catched
[12:19:50] 3614 MapPositions uncatched
[12:19:50] 14681 MapPositions catched
[12:19:50] 42 MapZaaps catched
[12:19:51] 15228 SpellLevels catched 
[12:19:51] 4772 Spells catched 
[12:19:51] 1179 LearnableSpells catched 
[12:19:52] 9780 ItemTemplates catched 
[12:19:52] 4489 Weapons catched 
[12:19:52] 363 ItemSets catched 
[12:19:52] 171 ItemTypes catched 
[12:19:52] 110 ItemPets catched 
[12:19:52] 2476 NpcTemplates catched 
[12:19:52] 138 NpcSpawns catched 
[12:19:52] 50 NpcItems catched 
[12:19:52] 19801 NpcMessages catched 
[12:19:52] 7 NpcReplies catched 
[12:19:52] 18 Triggers catched
[12:19:52] 5 Paddocks catched
[12:19:52] 72 Mounts catched
[12:19:53] 96 Handlers Readed
[12:19:53] 125 Messages Readed
[12:19:53] WorldServer start in 11459 ms.
[12:23:24] MySQL Database Connected
[12:23:24] 16 Breeds catched
[12:23:24] 256 Heads catched
[12:23:24] 561 Effects catched
[12:23:44] 11260 DofusMaps catched
[12:23:44] 454 StatedElements catched
[12:23:44] 820 InteractiveElements catched
[12:23:44] 87 HouseInformations catched
[12:23:44] 120 InteractiveDoors catched
[12:23:48] 3614 MapPositions uncatched
[12:23:48] 14681 MapPositions catched
[12:23:48] 42 MapZaaps catched
[12:23:50] 15228 SpellLevels catched 
[12:23:50] 4772 Spells catched 
[12:23:50] 1179 LearnableSpells catched 
[12:23:50] 9780 ItemTemplates catched 
[12:23:51] 4489 Weapons catched 
[12:23:52] 363 ItemSets catched 
[12:23:52] 171 ItemTypes catched 
[12:23:52] 110 ItemPets catched 
[12:23:52] 2476 NpcTemplates catched 
[12:23:52] 138 NpcSpawns catched 
[12:23:52] 50 NpcItems catched 
[12:23:52] 19801 NpcMessages catched 
[12:23:52] 7 NpcReplies catched 
[12:23:52] 18 Triggers catched
[12:23:52] 5 Paddocks catched
[12:23:52] 72 Mounts catched
[12:23:53] 96 Handlers Readed
[12:23:53] 125 Messages Readed
[12:23:53] WorldServer start in 29607 ms.
[13:08:58] MySQL Database Connected
[13:08:58] 16 Breeds catched
[13:08:58] 256 Heads catched
[13:08:58] 561 Effects catched
[13:09:06] 11260 DofusMaps catched
[13:09:06] 454 StatedElements catched
[13:09:07] 820 InteractiveElements catched
[13:09:07] 87 HouseInformations catched
[13:09:07] 120 InteractiveDoors catched
[13:09:07] 3614 MapPositions uncatched
[13:09:07] 14681 MapPositions catched
[13:09:07] 42 MapZaaps catched
[13:09:07] 15228 SpellLevels catched 
[13:09:07] 4772 Spells catched 
[13:09:07] 1179 LearnableSpells catched 
[13:09:07] 9780 ItemTemplates catched 
[13:09:08] 4489 Weapons catched 
[13:09:08] 363 ItemSets catched 
[13:09:08] 171 ItemTypes catched 
[13:09:08] 110 ItemPets catched 
[13:09:08] 2476 NpcTemplates catched 
[13:09:08] 138 NpcSpawns catched 
[13:09:08] 50 NpcItems catched 
[13:09:08] 19801 NpcMessages catched 
[13:09:08] 7 NpcReplies catched 
[13:09:08] 18 Triggers catched
[13:09:08] 5 Paddocks catched
[13:09:08] 72 Mounts catched
[13:09:09] 96 Handlers Readed
[13:09:09] 125 Messages Readed
[13:09:09] WorldServer start in 10788 ms.
[13:12:24] MySQL Database Connected
[13:12:24] 16 Breeds catched
[13:12:24] 256 Heads catched
[13:12:24] 561 Effects catched
[13:12:33] 11260 DofusMaps catched
[13:12:33] 454 StatedElements catched
[13:12:33] 820 InteractiveElements catched
[13:12:33] 87 HouseInformations catched
[13:12:33] 120 InteractiveDoors catched
[13:12:34] 3614 MapPositions uncatched
[13:12:34] 14681 MapPositions catched
[13:12:34] 42 MapZaaps catched
[13:12:34] 15228 SpellLevels catched 
[13:12:34] 4772 Spells catched 
[13:12:34] 1179 LearnableSpells catched 
[13:12:34] 9780 ItemTemplates catched 
[13:12:34] 4489 Weapons catched 
[13:12:35] 363 ItemSets catched 
[13:12:35] 171 ItemTypes catched 
[13:12:35] 110 ItemPets catched 
[13:12:35] 2476 NpcTemplates catched 
[13:12:35] 138 NpcSpawns catched 
[13:12:35] 50 NpcItems catched 
[13:12:35] 19801 NpcMessages catched 
[13:12:35] 7 NpcReplies catched 
[13:12:35] 18 Triggers catched
[13:12:35] 5 Paddocks catched
[13:12:35] 72 Mounts catched
[13:12:35] 96 Handlers Readed
[13:12:36] 125 Messages Readed
[13:12:36] WorldServer start in 12330 ms.
[13:17:18] MySQL Database Connected
[13:17:18] 16 Breeds catched
[13:17:18] 256 Heads catched
[13:17:18] 561 Effects catched
[13:17:27] 11260 DofusMaps catched
[13:17:27] 454 StatedElements catched
[13:17:27] 820 InteractiveElements catched
[13:17:27] 87 HouseInformations catched
[13:17:27] 120 InteractiveDoors catched
[13:17:27] 3614 MapPositions uncatched
[13:17:27] 14681 MapPositions catched
[13:17:27] 42 MapZaaps catched
[13:17:28] 15228 SpellLevels catched 
[13:17:28] 4772 Spells catched 
[13:17:28] 1179 LearnableSpells catched 
[13:17:28] 9780 ItemTemplates catched 
[13:17:29] 4489 Weapons catched 
[13:17:29] 363 ItemSets catched 
[13:17:29] 171 ItemTypes catched 
[13:17:29] 110 ItemPets catched 
[13:17:29] 2476 NpcTemplates catched 
[13:17:29] 138 NpcSpawns catched 
[13:17:29] 50 NpcItems catched 
[13:17:29] 19801 NpcMessages catched 
[13:17:29] 7 NpcReplies catched 
[13:17:29] 18 Triggers catched
[13:17:29] 5 Paddocks catched
[13:17:29] 72 Mounts catched
[13:17:30] 96 Handlers Readed
[13:17:30] 125 Messages Readed
[13:17:30] WorldServer start in 12472 ms.
