avr. 23, 2015 1:40:35 PM com.j256.ormlite.logger.Slf4jLoggingLog log
GRAVE: WARNING: you seem to not be using the Xerial SQLite driver.  See ORMLite docs on SQLite: http://ormlite.com/docs/sqlite
avr. 23, 2015 1:40:49 PM org.reflections.Reflections scan
INFOS: Reflections took 619 ms to scan 1 urls, producing 1 keys and 87 values 
avr. 23, 2015 1:40:50 PM org.reflections.Reflections scan
INFOS: Reflections took 876 ms to scan 1 urls, producing 2 keys and 117 values 
[13:40:57] Undefinied Stat id 285
[13:40:57] Undefinied Stat id 281
[13:40:57] Undefinied Stat id 288
[13:40:57] Undefinied Stat id 283
[13:40:57] Undefinied Stat id 970
[13:40:57] Undefinied Stat id 974
[13:40:57] Undefinied Stat id 973
[13:40:57] Undefinied Stat id 971
[13:40:57] Undefinied Stat id 972
[13:40:57] Undefinied Stat id 110
[16:29:37] Undefinied Stat id 285
[16:29:37] Undefinied Stat id 281
[16:29:37] Undefinied Stat id 288
[16:29:37] Undefinied Stat id 283
[16:29:37] Undefinied Stat id 970
[16:29:37] Undefinied Stat id 974
[16:29:37] Undefinied Stat id 973
[16:29:37] Undefinied Stat id 971
[16:29:37] Undefinied Stat id 972
[16:42:03] Undefinied Stat id 800
[16:42:03] Undefinied Stat id 806
[16:42:03] Undefinied Stat id 807
[16:42:03] Undefinied Stat id 984
[16:42:03] Undefinied Stat id 995
[16:42:03] An error occurred: Could not evaluate null: no value set for the variable.
[16:42:03] An error occurred: Could not evaluate null: no value set for the variable.
[16:42:04] An error occurred: Could not evaluate null: no value set for the variable.
[16:42:04] An error occurred: Could not evaluate null: no value set for the variable.
[16:42:06] Undefinied Stat id 800
[16:42:06] Undefinied Stat id 806
[16:42:06] Undefinied Stat id 807
[16:42:06] Undefinied Stat id 984
[16:42:06] Undefinied Stat id 995
[16:42:06] An error occurred: Could not evaluate null: no value set for the variable.
[16:42:06] An error occurred: Could not evaluate null: no value set for the variable.
[16:42:08] An error occurred: Could not evaluate null: no value set for the variable.
[16:42:08] An error occurred: Could not evaluate null: no value set for the variable.
[16:42:09] An error occurred: Could not evaluate null: no value set for the variable.
[16:42:09] An error occurred: Could not evaluate null: no value set for the variable.
[16:42:54] [ERROR] Unknown Message Header Handler 512/127.0.0.1:20439
[16:43:10] [ERROR] Unknown Message Header Handler 512/127.0.0.1:20439
[16:43:12] [ERROR] Unknown Message Header Handler 4520/127.0.0.1:20439
[16:48:50] [ERROR] Unknown Message Header Handler 402/127.0.0.1:20439
[17:04:01] [ERROR] Unknown Message Header Handler 18/127.0.0.1:20439
[17:11:30] [ERROR] Unknown Message Header Handler -5631/127.0.0.1:20439
