[12:08:02] MySQL Database Connected
[12:08:02] 16 Breeds catched
[12:08:02] 256 Heads catched
[12:08:02] 561 Effects catched
[12:08:10] 11260 DofusMaps catched
[12:08:10] 454 StatedElements catched
[12:08:10] 802 InteractiveElements catched
[12:08:10] 74 HouseInformations catched
[12:08:11] 120 InteractiveDoors catched
[12:08:11] 3614 MapPositions uncatched
[12:08:11] 14681 MapPositions catched
[12:08:11] 42 MapZaaps catched
[12:08:11] 15228 SpellLevels catched 
[12:08:11] 4772 Spells catched 
[12:08:11] 1179 LearnableSpells catched 
[12:08:11] 9780 ItemTemplates catched 
[12:08:11] 4489 Weapons catched 
[12:08:11] 363 ItemSets catched 
[12:08:11] 171 ItemTypes catched 
[12:08:12] 110 ItemPets catched 
[12:08:12] 2476 NpcTemplates catched 
[12:08:12] 138 NpcSpawns catched 
[12:08:12] 50 NpcItems catched 
[12:08:12] 19801 NpcMessages catched 
[12:08:12] 6 NpcReplies catched 
[12:08:12] 18 Triggers catched
[12:08:13] 43 Handlers Readed
[12:08:13] 48 Messages Readed
[12:08:13] WorldServer start in 10999 ms.
[12:26:46] MySQL Database Connected
[12:26:46] 16 Breeds catched
[12:26:46] 256 Heads catched
[12:26:46] 561 Effects catched
[12:26:59] 11260 DofusMaps catched
[12:26:59] 454 StatedElements catched
[12:26:59] 802 InteractiveElements catched
[12:26:59] 74 HouseInformations catched
[12:26:59] 120 InteractiveDoors catched
[12:27:00] 3614 MapPositions uncatched
[12:27:00] 14681 MapPositions catched
[12:27:00] 42 MapZaaps catched
[12:27:00] 15228 SpellLevels catched 
[12:27:00] 4772 Spells catched 
[12:27:00] 1179 LearnableSpells catched 
[12:27:00] 9780 ItemTemplates catched 
[12:27:00] 4489 Weapons catched 
[12:27:00] 363 ItemSets catched 
[12:27:00] 171 ItemTypes catched 
[12:27:00] 110 ItemPets catched 
[12:27:01] 2476 NpcTemplates catched 
[12:27:01] 138 NpcSpawns catched 
[12:27:01] 50 NpcItems catched 
[12:27:01] 19801 NpcMessages catched 
[12:27:01] 6 NpcReplies catched 
[12:27:01] 18 Triggers catched
[12:27:01] 43 Handlers Readed
[12:27:01] 48 Messages Readed
[12:27:01] WorldServer start in 15454 ms.
[12:34:23] MySQL Database Connected
[12:34:24] 16 Breeds catched
[12:34:24] 256 Heads catched
[12:34:24] 561 Effects catched
[12:34:31] 11260 DofusMaps catched
[12:34:31] 454 StatedElements catched
[12:34:31] 802 InteractiveElements catched
[12:34:31] 74 HouseInformations catched
[12:34:31] 120 InteractiveDoors catched
[12:34:31] 3614 MapPositions uncatched
[12:34:31] 14681 MapPositions catched
[12:34:31] 42 MapZaaps catched
[12:34:32] 15228 SpellLevels catched 
[12:34:32] 4772 Spells catched 
[12:34:32] 1179 LearnableSpells catched 
[12:34:32] 9780 ItemTemplates catched 
[12:34:32] 4489 Weapons catched 
[12:34:32] 363 ItemSets catched 
[12:34:32] 171 ItemTypes catched 
[12:34:32] 110 ItemPets catched 
[12:34:32] 2476 NpcTemplates catched 
[12:34:32] 138 NpcSpawns catched 
[12:34:32] 50 NpcItems catched 
[12:34:33] 19801 NpcMessages catched 
[12:34:33] 6 NpcReplies catched 
[12:34:33] 18 Triggers catched
[12:34:33] 43 Handlers Readed
[12:34:33] 48 Messages Readed
[12:34:33] WorldServer start in 10114 ms.
[12:35:41] MySQL Database Connected
[12:35:41] 16 Breeds catched
[12:35:41] 256 Heads catched
[12:35:41] 561 Effects catched
[12:35:50] 11260 DofusMaps catched
[12:35:50] 454 StatedElements catched
[12:35:50] 802 InteractiveElements catched
[12:35:50] 74 HouseInformations catched
[12:35:50] 120 InteractiveDoors catched
[12:35:50] 3614 MapPositions uncatched
[12:35:50] 14681 MapPositions catched
[12:35:50] 42 MapZaaps catched
[12:35:50] 15228 SpellLevels catched 
[12:35:50] 4772 Spells catched 
[12:35:50] 1179 LearnableSpells catched 
[12:35:51] 9780 ItemTemplates catched 
[12:35:51] 4489 Weapons catched 
[12:35:51] 363 ItemSets catched 
[12:35:51] 171 ItemTypes catched 
[12:35:51] 110 ItemPets catched 
[12:35:51] 2476 NpcTemplates catched 
[12:35:51] 138 NpcSpawns catched 
[12:35:51] 50 NpcItems catched 
[12:35:51] 19801 NpcMessages catched 
[12:35:51] 6 NpcReplies catched 
[12:35:51] 18 Triggers catched
[12:35:52] 43 Handlers Readed
[12:35:52] 48 Messages Readed
[12:35:52] WorldServer start in 10933 ms.
[12:45:10] MySQL Database Connected
[12:45:10] 16 Breeds catched
[12:45:10] 256 Heads catched
[12:45:10] 561 Effects catched
[12:45:19] 11260 DofusMaps catched
[12:45:19] 454 StatedElements catched
[12:45:19] 802 InteractiveElements catched
[12:45:19] 74 HouseInformations catched
[12:45:19] 120 InteractiveDoors catched
[12:45:19] 3614 MapPositions uncatched
[12:45:19] 14681 MapPositions catched
[12:45:19] 42 MapZaaps catched
[12:45:20] 15228 SpellLevels catched 
[12:45:20] 4772 Spells catched 
[12:45:20] 1179 LearnableSpells catched 
[12:45:21] 9780 ItemTemplates catched 
[12:45:21] 4489 Weapons catched 
[12:45:21] 363 ItemSets catched 
[12:45:21] 171 ItemTypes catched 
[12:45:21] 110 ItemPets catched 
[12:45:21] 2476 NpcTemplates catched 
[12:45:21] 138 NpcSpawns catched 
[12:45:21] 50 NpcItems catched 
[12:45:21] 19801 NpcMessages catched 
[12:45:21] 6 NpcReplies catched 
[12:45:21] 18 Triggers catched
[12:45:22] 43 Handlers Readed
[12:45:22] 48 Messages Readed
[12:45:22] WorldServer start in 12269 ms.
[12:47:43] MySQL Database Connected
[12:47:43] 16 Breeds catched
[12:47:43] 256 Heads catched
[12:47:43] 561 Effects catched
[12:47:53] 11260 DofusMaps catched
[12:47:53] 454 StatedElements catched
[12:47:53] 802 InteractiveElements catched
[12:47:53] 74 HouseInformations catched
[12:47:53] 120 InteractiveDoors catched
[12:47:53] 3614 MapPositions uncatched
[12:47:53] 14681 MapPositions catched
[12:47:53] 42 MapZaaps catched
[12:47:53] 15228 SpellLevels catched 
[12:47:53] 4772 Spells catched 
[12:47:53] 1179 LearnableSpells catched 
[12:47:53] 9780 ItemTemplates catched 
[12:47:54] 4489 Weapons catched 
[12:47:54] 363 ItemSets catched 
[12:47:54] 171 ItemTypes catched 
[12:47:54] 110 ItemPets catched 
[12:47:54] 2476 NpcTemplates catched 
[12:47:54] 138 NpcSpawns catched 
[12:47:54] 50 NpcItems catched 
[12:47:54] 19801 NpcMessages catched 
[12:47:54] 6 NpcReplies catched 
[12:47:54] 18 Triggers catched
[12:47:54] 43 Handlers Readed
[12:47:55] 48 Messages Readed
[12:47:55] WorldServer start in 11979 ms.
[13:28:58] MySQL Database Connected
[13:28:58] 16 Breeds catched
[13:28:58] 256 Heads catched
[13:28:58] 561 Effects catched
[13:29:07] 11260 DofusMaps catched
[13:29:07] 454 StatedElements catched
[13:29:07] 802 InteractiveElements catched
[13:29:07] 74 HouseInformations catched
[13:29:07] 120 InteractiveDoors catched
[13:29:07] 3614 MapPositions uncatched
[13:29:07] 14681 MapPositions catched
[13:29:07] 42 MapZaaps catched
[13:29:07] 15228 SpellLevels catched 
[13:29:07] 4772 Spells catched 
[13:29:07] 1179 LearnableSpells catched 
[13:29:08] 9780 ItemTemplates catched 
[13:29:08] 4489 Weapons catched 
[13:29:08] 363 ItemSets catched 
[13:29:08] 171 ItemTypes catched 
[13:29:08] 110 ItemPets catched 
[13:29:08] 2476 NpcTemplates catched 
[13:29:08] 138 NpcSpawns catched 
[13:29:08] 50 NpcItems catched 
[13:29:08] 19801 NpcMessages catched 
[13:29:08] 6 NpcReplies catched 
[13:29:08] 18 Triggers catched
[13:29:09] 43 Handlers Readed
[13:29:09] 48 Messages Readed
[13:29:09] WorldServer start in 11136 ms.
[13:30:43] MySQL Database Connected
[13:30:43] 16 Breeds catched
[13:30:43] 256 Heads catched
[13:30:43] 561 Effects catched
[13:30:51] 11260 DofusMaps catched
[13:30:51] 454 StatedElements catched
[13:30:51] 802 InteractiveElements catched
[13:30:51] 74 HouseInformations catched
[13:30:51] 120 InteractiveDoors catched
[13:30:51] 3614 MapPositions uncatched
[13:30:51] 14681 MapPositions catched
[13:30:51] 42 MapZaaps catched
[13:30:51] 15228 SpellLevels catched 
[13:30:52] 4772 Spells catched 
[13:30:52] 1179 LearnableSpells catched 
[13:30:52] 9780 ItemTemplates catched 
[13:30:52] 4489 Weapons catched 
[13:30:52] 363 ItemSets catched 
[13:30:52] 171 ItemTypes catched 
[13:30:52] 110 ItemPets catched 
[13:30:52] 2476 NpcTemplates catched 
[13:30:52] 138 NpcSpawns catched 
[13:30:52] 50 NpcItems catched 
[13:30:52] 19801 NpcMessages catched 
[13:30:52] 6 NpcReplies catched 
[13:30:52] 18 Triggers catched
[13:30:53] 43 Handlers Readed
[13:30:53] 48 Messages Readed
[13:30:53] WorldServer start in 10142 ms.
[13:32:59] MySQL Database Connected
[13:32:59] 16 Breeds catched
[13:32:59] 256 Heads catched
[13:32:59] 561 Effects catched
[13:33:08] 11260 DofusMaps catched
[13:33:08] 454 StatedElements catched
[13:33:08] 802 InteractiveElements catched
[13:33:08] 74 HouseInformations catched
[13:33:08] 120 InteractiveDoors catched
[13:33:08] 3614 MapPositions uncatched
[13:33:08] 14681 MapPositions catched
[13:33:08] 42 MapZaaps catched
[13:33:08] 15228 SpellLevels catched 
[13:33:08] 4772 Spells catched 
[13:33:08] 1179 LearnableSpells catched 
[13:33:08] 9780 ItemTemplates catched 
[13:33:09] 4489 Weapons catched 
[13:33:09] 363 ItemSets catched 
[13:33:09] 171 ItemTypes catched 
[13:33:09] 110 ItemPets catched 
[13:33:09] 2476 NpcTemplates catched 
[13:33:09] 138 NpcSpawns catched 
[13:33:09] 50 NpcItems catched 
[13:33:09] 19801 NpcMessages catched 
[13:33:09] 6 NpcReplies catched 
[13:33:09] 18 Triggers catched
[13:33:09] 43 Handlers Readed
[13:33:10] 48 Messages Readed
[13:33:10] WorldServer start in 10504 ms.
[16:44:58] MySQL Database Connected
[16:44:58] 16 Breeds catched
[16:44:58] 256 Heads catched
[16:44:58] 561 Effects catched
[16:45:06] 11260 DofusMaps catched
[16:45:06] 454 StatedElements catched
[16:45:06] 802 InteractiveElements catched
[16:45:06] 74 HouseInformations catched
[16:45:06] 120 InteractiveDoors catched
[16:45:06] 3614 MapPositions uncatched
[16:45:06] 14681 MapPositions catched
[16:45:06] 42 MapZaaps catched
[16:45:06] 15228 SpellLevels catched 
[16:45:06] 4772 Spells catched 
[16:45:06] 1179 LearnableSpells catched 
[16:45:06] 9780 ItemTemplates catched 
[16:45:07] 4489 Weapons catched 
[16:45:07] 363 ItemSets catched 
[16:45:07] 171 ItemTypes catched 
[16:45:07] 110 ItemPets catched 
[16:45:07] 2476 NpcTemplates catched 
[16:45:07] 138 NpcSpawns catched 
[16:45:07] 50 NpcItems catched 
[16:45:07] 19801 NpcMessages catched 
[16:45:07] 6 NpcReplies catched 
[16:45:07] 18 Triggers catched
[16:45:07] 43 Handlers Readed
[16:45:08] 48 Messages Readed
[16:45:08] WorldServer start in 10041 ms.
[16:46:53] MySQL Database Connected
[16:46:53] 16 Breeds catched
[16:46:53] 256 Heads catched
[16:46:53] 561 Effects catched
[16:47:00] 11260 DofusMaps catched
[16:47:00] 454 StatedElements catched
[16:47:00] 802 InteractiveElements catched
[16:47:00] 74 HouseInformations catched
[16:47:00] 120 InteractiveDoors catched
[16:47:01] 3614 MapPositions uncatched
[16:47:01] 14681 MapPositions catched
[16:47:01] 42 MapZaaps catched
[16:47:01] 15228 SpellLevels catched 
[16:47:01] 4772 Spells catched 
[16:47:01] 1179 LearnableSpells catched 
[16:47:01] 9780 ItemTemplates catched 
[16:47:01] 4489 Weapons catched 
[16:47:01] 363 ItemSets catched 
[16:47:01] 171 ItemTypes catched 
[16:47:01] 110 ItemPets catched 
[16:47:02] 2476 NpcTemplates catched 
[16:47:02] 138 NpcSpawns catched 
[16:47:02] 50 NpcItems catched 
[16:47:02] 19801 NpcMessages catched 
[16:47:02] 6 NpcReplies catched 
[16:47:02] 18 Triggers catched
[16:47:02] 43 Handlers Readed
[16:47:02] 48 Messages Readed
[16:47:02] WorldServer start in 9868 ms.
[16:47:30] MySQL Database Connected
[16:47:30] 16 Breeds catched
[16:47:30] 256 Heads catched
[16:47:30] 561 Effects catched
[16:48:10] MySQL Database Connected
[16:48:10] 16 Breeds catched
[16:48:10] 256 Heads catched
[16:48:10] 561 Effects catched
[16:50:02] MySQL Database Connected
[16:50:02] 16 Breeds catched
[16:50:02] 256 Heads catched
[16:50:02] 561 Effects catched
[16:51:10] 11260 DofusMaps catched
[16:51:10] 454 StatedElements catched
[16:51:10] 802 InteractiveElements catched
[16:51:10] 74 HouseInformations catched
[16:51:10] 120 InteractiveDoors catched
[16:51:10] 3614 MapPositions uncatched
[16:51:10] 14681 MapPositions catched
[16:51:10] 42 MapZaaps catched
[16:51:11] 15228 SpellLevels catched 
[16:51:11] 4772 Spells catched 
[16:51:11] 1179 LearnableSpells catched 
[16:51:11] 9780 ItemTemplates catched 
[16:51:11] 4489 Weapons catched 
[16:51:11] 363 ItemSets catched 
[16:51:11] 171 ItemTypes catched 
[16:51:11] 110 ItemPets catched 
[16:51:11] 2476 NpcTemplates catched 
[16:51:11] 138 NpcSpawns catched 
[16:51:11] 50 NpcItems catched 
[16:51:12] 19801 NpcMessages catched 
[16:51:12] 6 NpcReplies catched 
[16:51:12] 18 Triggers catched
[16:51:12] 43 Handlers Readed
[16:51:12] 48 Messages Readed
[16:51:12] WorldServer start in 70782 ms.
[17:04:39] MySQL Database Connected
[17:04:39] 16 Breeds catched
[17:04:39] 256 Heads catched
[17:04:39] 561 Effects catched
[17:04:50] 11260 DofusMaps catched
[17:04:50] 454 StatedElements catched
[17:04:50] 802 InteractiveElements catched
[17:04:50] 74 HouseInformations catched
[17:04:50] 120 InteractiveDoors catched
[17:04:51] 3614 MapPositions uncatched
[17:04:51] 14681 MapPositions catched
[17:04:51] 42 MapZaaps catched
[17:04:52] 15228 SpellLevels catched 
[17:04:52] 4772 Spells catched 
[17:04:52] 1179 LearnableSpells catched 
[17:04:52] 9780 ItemTemplates catched 
[17:04:52] 4489 Weapons catched 
[17:04:52] 363 ItemSets catched 
[17:04:52] 171 ItemTypes catched 
[17:04:52] 110 ItemPets catched 
[17:04:53] 2476 NpcTemplates catched 
[17:04:53] 138 NpcSpawns catched 
[17:04:53] 50 NpcItems catched 
[17:04:53] 19801 NpcMessages catched 
[17:04:53] 6 NpcReplies catched 
[17:04:53] 18 Triggers catched
[17:04:53] 43 Handlers Readed
[17:04:53] 48 Messages Readed
[17:04:53] WorldServer start in 14405 ms.
[17:10:35] MySQL Database Connected
[17:10:35] 16 Breeds catched
[17:10:35] 256 Heads catched
[17:10:35] 561 Effects catched
[17:10:43] 11260 DofusMaps catched
[17:10:43] 454 StatedElements catched
[17:10:43] 802 InteractiveElements catched
[17:10:43] 74 HouseInformations catched
[17:10:43] 120 InteractiveDoors catched
[17:10:44] 3614 MapPositions uncatched
[17:10:44] 14681 MapPositions catched
[17:10:44] 42 MapZaaps catched
[17:10:44] 15228 SpellLevels catched 
[17:10:44] 4772 Spells catched 
[17:10:44] 1179 LearnableSpells catched 
[17:10:44] 9780 ItemTemplates catched 
[17:10:44] 4489 Weapons catched 
[17:10:44] 363 ItemSets catched 
[17:10:44] 171 ItemTypes catched 
[17:10:44] 110 ItemPets catched 
[17:10:45] 2476 NpcTemplates catched 
[17:10:45] 138 NpcSpawns catched 
[17:10:45] 50 NpcItems catched 
[17:10:45] 19801 NpcMessages catched 
[17:10:45] 6 NpcReplies catched 
[17:10:45] 18 Triggers catched
[17:10:45] 43 Handlers Readed
[17:10:45] 48 Messages Readed
[17:10:45] WorldServer start in 11200 ms.
[17:13:02] MySQL Database Connected
[17:13:02] 16 Breeds catched
[17:13:02] 256 Heads catched
[17:13:02] 561 Effects catched
[17:13:09] 11260 DofusMaps catched
[17:13:09] 454 StatedElements catched
[17:13:09] 802 InteractiveElements catched
[17:13:09] 74 HouseInformations catched
[17:13:09] 120 InteractiveDoors catched
[17:13:10] 3614 MapPositions uncatched
[17:13:10] 14681 MapPositions catched
[17:13:10] 42 MapZaaps catched
[17:13:10] 15228 SpellLevels catched 
[17:13:10] 4772 Spells catched 
[17:13:10] 1179 LearnableSpells catched 
[17:13:10] 9780 ItemTemplates catched 
[17:13:11] 4489 Weapons catched 
[17:13:11] 363 ItemSets catched 
[17:13:11] 171 ItemTypes catched 
[17:13:11] 110 ItemPets catched 
[17:13:11] 2476 NpcTemplates catched 
[17:13:11] 138 NpcSpawns catched 
[17:13:11] 50 NpcItems catched 
[17:13:11] 19801 NpcMessages catched 
[17:13:11] 6 NpcReplies catched 
[17:13:11] 18 Triggers catched
[17:13:11] 43 Handlers Readed
[17:13:12] 48 Messages Readed
[17:13:12] WorldServer start in 10053 ms.
[17:17:06] MySQL Database Connected
[17:17:06] 16 Breeds catched
[17:17:06] 256 Heads catched
[17:17:06] 561 Effects catched
[17:17:14] 11260 DofusMaps catched
[17:17:14] 454 StatedElements catched
[17:17:14] 802 InteractiveElements catched
[17:17:14] 74 HouseInformations catched
[17:17:14] 120 InteractiveDoors catched
[17:17:14] 3614 MapPositions uncatched
[17:17:14] 14681 MapPositions catched
[17:17:14] 42 MapZaaps catched
[17:17:14] 15228 SpellLevels catched 
[17:17:14] 4772 Spells catched 
[17:17:14] 1179 LearnableSpells catched 
[17:17:15] 9780 ItemTemplates catched 
[17:17:15] 4489 Weapons catched 
[17:17:15] 363 ItemSets catched 
[17:17:15] 171 ItemTypes catched 
[17:17:15] 110 ItemPets catched 
[17:17:15] 2476 NpcTemplates catched 
[17:17:15] 138 NpcSpawns catched 
[17:17:15] 50 NpcItems catched 
[17:17:15] 19801 NpcMessages catched 
[17:17:15] 6 NpcReplies catched 
[17:17:15] 18 Triggers catched
[17:17:16] 43 Handlers Readed
[17:17:16] 48 Messages Readed
[17:17:16] WorldServer start in 9844 ms.
[17:17:46] MySQL Database Connected
[17:17:47] 16 Breeds catched
[17:17:47] 256 Heads catched
[17:17:47] 561 Effects catched
[17:17:56] 11260 DofusMaps catched
[17:17:56] 454 StatedElements catched
[17:17:56] 802 InteractiveElements catched
[17:17:56] 74 HouseInformations catched
[17:17:56] 120 InteractiveDoors catched
[17:17:56] 3614 MapPositions uncatched
[17:17:56] 14681 MapPositions catched
[17:17:56] 42 MapZaaps catched
[17:17:56] 15228 SpellLevels catched 
[17:17:56] 4772 Spells catched 
[17:17:56] 1179 LearnableSpells catched 
[17:17:56] 9780 ItemTemplates catched 
[17:17:57] 4489 Weapons catched 
[17:17:57] 363 ItemSets catched 
[17:17:57] 171 ItemTypes catched 
[17:17:57] 110 ItemPets catched 
[17:17:57] 2476 NpcTemplates catched 
[17:17:57] 138 NpcSpawns catched 
[17:17:57] 50 NpcItems catched 
[17:17:57] 19801 NpcMessages catched 
[17:17:57] 6 NpcReplies catched 
[17:17:57] 18 Triggers catched
[17:17:58] 43 Handlers Readed
[17:17:58] 48 Messages Readed
[17:17:58] WorldServer start in 11703 ms.
[17:23:53] MySQL Database Connected
[17:23:53] 16 Breeds catched
[17:23:53] 256 Heads catched
[17:23:53] 561 Effects catched
[17:34:04] MySQL Database Connected
[17:34:04] 16 Breeds catched
[17:34:04] 256 Heads catched
[17:34:04] 561 Effects catched
[17:34:13] 11260 DofusMaps catched
[17:34:13] 454 StatedElements catched
[17:34:13] 802 InteractiveElements catched
[17:34:13] 74 HouseInformations catched
[17:34:13] 120 InteractiveDoors catched
[17:34:13] 3614 MapPositions uncatched
[17:34:13] 14681 MapPositions catched
[17:34:13] 42 MapZaaps catched
[17:34:13] 15228 SpellLevels catched 
[17:34:13] 4772 Spells catched 
[17:34:13] 1179 LearnableSpells catched 
[17:34:13] 9780 ItemTemplates catched 
[17:34:14] 4489 Weapons catched 
[17:34:14] 363 ItemSets catched 
[17:34:14] 171 ItemTypes catched 
[17:34:14] 110 ItemPets catched 
[17:34:14] 2476 NpcTemplates catched 
[17:34:14] 138 NpcSpawns catched 
[17:34:14] 50 NpcItems catched 
[17:34:14] 19801 NpcMessages catched 
[17:34:14] 6 NpcReplies catched 
[17:34:14] 18 Triggers catched
[17:34:14] 43 Handlers Readed
[17:34:15] 49 Messages Readed
[17:34:15] WorldServer start in 10805 ms.
[17:37:26] MySQL Database Connected
[17:37:26] 16 Breeds catched
[17:37:26] 256 Heads catched
[17:37:26] 561 Effects catched
[17:37:35] 11260 DofusMaps catched
[17:37:35] 454 StatedElements catched
[17:37:35] 802 InteractiveElements catched
[17:37:35] 74 HouseInformations catched
[17:37:35] 120 InteractiveDoors catched
[17:37:35] 3614 MapPositions uncatched
[17:37:35] 14681 MapPositions catched
[17:37:35] 42 MapZaaps catched
[17:37:35] 15228 SpellLevels catched 
[17:37:35] 4772 Spells catched 
[17:37:35] 1179 LearnableSpells catched 
[17:37:36] 9780 ItemTemplates catched 
[17:37:36] 4489 Weapons catched 
[17:37:36] 363 ItemSets catched 
[17:37:36] 171 ItemTypes catched 
[17:37:36] 110 ItemPets catched 
[17:37:36] 2476 NpcTemplates catched 
[17:37:36] 138 NpcSpawns catched 
[17:37:36] 50 NpcItems catched 
[17:37:36] 19801 NpcMessages catched 
[17:37:36] 6 NpcReplies catched 
[17:37:36] 18 Triggers catched
[17:37:37] 43 Handlers Readed
[17:37:37] 49 Messages Readed
[17:37:37] WorldServer start in 11529 ms.
[17:38:11] MySQL Database Connected
[17:38:11] 16 Breeds catched
[17:38:11] 256 Heads catched
[17:38:11] 561 Effects catched
[17:38:20] 11260 DofusMaps catched
[17:38:20] 454 StatedElements catched
[17:38:20] 802 InteractiveElements catched
[17:38:20] 74 HouseInformations catched
[17:38:20] 120 InteractiveDoors catched
[17:38:21] 3614 MapPositions uncatched
[17:38:21] 14681 MapPositions catched
[17:38:21] 42 MapZaaps catched
[17:38:21] 15228 SpellLevels catched 
[17:38:21] 4772 Spells catched 
[17:38:21] 1179 LearnableSpells catched 
[17:38:21] 9780 ItemTemplates catched 
[17:38:21] 4489 Weapons catched 
[17:38:21] 363 ItemSets catched 
[17:38:21] 171 ItemTypes catched 
[17:38:22] 110 ItemPets catched 
[17:38:22] 2476 NpcTemplates catched 
[17:38:22] 138 NpcSpawns catched 
[17:38:22] 50 NpcItems catched 
[17:38:22] 19801 NpcMessages catched 
[17:38:22] 6 NpcReplies catched 
[17:38:22] 18 Triggers catched
[17:38:22] 43 Handlers Readed
[17:38:22] 49 Messages Readed
[17:38:23] WorldServer start in 11783 ms.
[17:39:30] MySQL Database Connected
[17:39:30] 16 Breeds catched
[17:39:30] 256 Heads catched
[17:39:30] 561 Effects catched
[17:39:39] 11260 DofusMaps catched
[17:39:39] 454 StatedElements catched
[17:39:39] 802 InteractiveElements catched
[17:39:39] 74 HouseInformations catched
[17:39:39] 120 InteractiveDoors catched
[17:39:39] 3614 MapPositions uncatched
[17:39:39] 14681 MapPositions catched
[17:39:39] 42 MapZaaps catched
[17:39:40] 15228 SpellLevels catched 
[17:39:40] 4772 Spells catched 
[17:39:40] 1179 LearnableSpells catched 
[17:39:40] 9780 ItemTemplates catched 
[17:39:40] 4489 Weapons catched 
[17:39:40] 363 ItemSets catched 
[17:39:40] 171 ItemTypes catched 
[17:39:40] 110 ItemPets catched 
[17:39:40] 2476 NpcTemplates catched 
[17:39:40] 138 NpcSpawns catched 
[17:39:40] 50 NpcItems catched 
[17:39:40] 19801 NpcMessages catched 
[17:39:40] 6 NpcReplies catched 
[17:39:40] 18 Triggers catched
[17:39:41] 43 Handlers Readed
[17:39:41] 49 Messages Readed
[17:39:41] WorldServer start in 11634 ms.
[17:41:56] MySQL Database Connected
[17:41:56] 16 Breeds catched
[17:41:56] 256 Heads catched
[17:41:56] 561 Effects catched
[17:42:04] 11260 DofusMaps catched
[17:42:04] 454 StatedElements catched
[17:42:04] 802 InteractiveElements catched
[17:42:04] 74 HouseInformations catched
[17:42:04] 120 InteractiveDoors catched
[17:42:04] 3614 MapPositions uncatched
[17:42:04] 14681 MapPositions catched
[17:42:04] 42 MapZaaps catched
[17:42:04] 15228 SpellLevels catched 
[17:42:04] 4772 Spells catched 
[17:42:04] 1179 LearnableSpells catched 
[17:42:05] 9780 ItemTemplates catched 
[17:42:05] 4489 Weapons catched 
[17:42:05] 363 ItemSets catched 
[17:42:05] 171 ItemTypes catched 
[17:42:05] 110 ItemPets catched 
[17:42:05] 2476 NpcTemplates catched 
[17:42:05] 138 NpcSpawns catched 
[17:42:05] 50 NpcItems catched 
[17:42:05] 19801 NpcMessages catched 
[17:42:05] 6 NpcReplies catched 
[17:42:05] 18 Triggers catched
[17:42:06] 43 Handlers Readed
[17:42:06] 49 Messages Readed
[17:42:06] WorldServer start in 10619 ms.
[17:42:43] MySQL Database Connected
[17:42:43] 16 Breeds catched
[17:42:43] 256 Heads catched
[17:42:43] 561 Effects catched
[17:42:55] 11260 DofusMaps catched
[17:42:55] 454 StatedElements catched
[17:42:55] 802 InteractiveElements catched
[17:42:55] 74 HouseInformations catched
[17:42:55] 120 InteractiveDoors catched
[17:42:55] 3614 MapPositions uncatched
[17:42:55] 14681 MapPositions catched
[17:42:55] 42 MapZaaps catched
[17:42:55] 15228 SpellLevels catched 
[17:42:55] 4772 Spells catched 
[17:42:55] 1179 LearnableSpells catched 
[17:42:56] 9780 ItemTemplates catched 
[17:42:56] 4489 Weapons catched 
[17:42:56] 363 ItemSets catched 
[17:42:56] 171 ItemTypes catched 
[17:42:56] 110 ItemPets catched 
[17:42:56] 2476 NpcTemplates catched 
[17:42:56] 138 NpcSpawns catched 
[17:42:56] 50 NpcItems catched 
[17:42:56] 19801 NpcMessages catched 
[17:42:56] 6 NpcReplies catched 
[17:42:56] 18 Triggers catched
[17:42:56] 43 Handlers Readed
[17:42:57] 49 Messages Readed
[17:42:57] WorldServer start in 14320 ms.
[17:53:58] MySQL Database Connected
[17:53:59] 16 Breeds catched
[17:53:59] 256 Heads catched
[17:53:59] 561 Effects catched
[17:54:06] 11260 DofusMaps catched
[17:54:06] 454 StatedElements catched
[17:54:06] 802 InteractiveElements catched
[17:54:06] 74 HouseInformations catched
[17:54:06] 120 InteractiveDoors catched
[17:54:06] 3614 MapPositions uncatched
[17:54:06] 14681 MapPositions catched
[17:54:06] 42 MapZaaps catched
[17:54:07] 15228 SpellLevels catched 
[17:54:07] 4772 Spells catched 
[17:54:07] 1179 LearnableSpells catched 
[17:54:07] 9780 ItemTemplates catched 
[17:54:07] 4489 Weapons catched 
[17:54:07] 363 ItemSets catched 
[17:54:07] 171 ItemTypes catched 
[17:54:07] 110 ItemPets catched 
[17:54:08] 2476 NpcTemplates catched 
[17:54:08] 138 NpcSpawns catched 
[17:54:08] 50 NpcItems catched 
[17:54:08] 19801 NpcMessages catched 
[17:54:08] 6 NpcReplies catched 
[17:54:08] 18 Triggers catched
[17:54:08] 43 Handlers Readed
[17:54:08] 49 Messages Readed
[17:54:08] WorldServer start in 10133 ms.
[22:05:54] MySQL Database Connected
[22:05:54] 16 Breeds catched
[22:05:54] 256 Heads catched
[22:05:54] 561 Effects catched
[22:06:06] 11260 DofusMaps catched
[22:06:06] 454 StatedElements catched
[22:06:06] 802 InteractiveElements catched
[22:06:06] 74 HouseInformations catched
[22:06:06] 120 InteractiveDoors catched
[22:06:06] 3614 MapPositions uncatched
[22:06:06] 14681 MapPositions catched
[22:06:06] 42 MapZaaps catched
[22:06:06] 15228 SpellLevels catched 
[22:06:06] 4772 Spells catched 
[22:06:06] 1179 LearnableSpells catched 
[22:06:07] 9780 ItemTemplates catched 
[22:06:07] 4489 Weapons catched 
[22:06:07] 363 ItemSets catched 
[22:06:07] 171 ItemTypes catched 
[22:06:07] 110 ItemPets catched 
[22:06:07] 2476 NpcTemplates catched 
[22:06:07] 138 NpcSpawns catched 
[22:06:07] 50 NpcItems catched 
[22:06:07] 19801 NpcMessages catched 
[22:06:07] 6 NpcReplies catched 
[22:06:07] 18 Triggers catched
[22:06:08] 43 Handlers Readed
[22:06:08] 49 Messages Readed
[22:06:08] WorldServer start in 14492 ms.
[22:08:00] MySQL Database Connected
[22:08:00] 16 Breeds catched
[22:08:00] 256 Heads catched
[22:08:00] 561 Effects catched
[22:08:17] 11260 DofusMaps catched
[22:08:17] 454 StatedElements catched
[22:08:17] 802 InteractiveElements catched
[22:08:17] 74 HouseInformations catched
[22:08:17] 120 InteractiveDoors catched
[22:08:17] 3614 MapPositions uncatched
[22:08:17] 14681 MapPositions catched
[22:08:17] 42 MapZaaps catched
[22:08:18] 15228 SpellLevels catched 
[22:08:18] 4772 Spells catched 
[22:08:18] 1179 LearnableSpells catched 
[22:08:18] 9780 ItemTemplates catched 
[22:08:18] 4489 Weapons catched 
[22:08:18] 363 ItemSets catched 
[22:08:18] 171 ItemTypes catched 
[22:08:18] 110 ItemPets catched 
[22:08:18] 2476 NpcTemplates catched 
[22:08:18] 138 NpcSpawns catched 
[22:08:19] 50 NpcItems catched 
[22:08:19] 19801 NpcMessages catched 
[22:08:19] 6 NpcReplies catched 
[22:08:19] 18 Triggers catched
[22:08:19] 43 Handlers Readed
[22:08:19] 49 Messages Readed
[22:08:19] WorldServer start in 19939 ms.
[22:09:06] MySQL Database Connected
[22:09:06] 16 Breeds catched
[22:09:06] 256 Heads catched
[22:09:06] 561 Effects catched
[22:09:14] 11260 DofusMaps catched
[22:09:14] 454 StatedElements catched
[22:09:14] 802 InteractiveElements catched
[22:09:14] 74 HouseInformations catched
[22:09:14] 120 InteractiveDoors catched
[22:09:14] 3614 MapPositions uncatched
[22:09:14] 14681 MapPositions catched
[22:09:14] 42 MapZaaps catched
[22:09:14] 15228 SpellLevels catched 
[22:09:14] 4772 Spells catched 
[22:09:14] 1179 LearnableSpells catched 
[22:09:15] 9780 ItemTemplates catched 
[22:09:15] 4489 Weapons catched 
[22:09:15] 363 ItemSets catched 
[22:09:15] 171 ItemTypes catched 
[22:09:15] 110 ItemPets catched 
[22:09:15] 2476 NpcTemplates catched 
[22:09:15] 138 NpcSpawns catched 
[22:09:15] 50 NpcItems catched 
[22:09:15] 19801 NpcMessages catched 
[22:09:15] 6 NpcReplies catched 
[22:09:15] 18 Triggers catched
[22:09:16] 43 Handlers Readed
[22:09:16] 49 Messages Readed
[22:09:16] WorldServer start in 10151 ms.
[22:23:02] MySQL Database Connected
[22:23:02] 16 Breeds catched
[22:23:02] 256 Heads catched
[22:23:02] 561 Effects catched
[22:23:10] 11260 DofusMaps catched
[22:23:10] 454 StatedElements catched
[22:23:10] 802 InteractiveElements catched
[22:23:10] 74 HouseInformations catched
[22:23:10] 120 InteractiveDoors catched
[22:23:10] 3614 MapPositions uncatched
[22:23:10] 14681 MapPositions catched
[22:23:10] 42 MapZaaps catched
[22:23:10] 15228 SpellLevels catched 
[22:23:10] 4772 Spells catched 
[22:23:10] 1179 LearnableSpells catched 
[22:23:11] 9780 ItemTemplates catched 
[22:23:11] 4489 Weapons catched 
[22:23:11] 363 ItemSets catched 
[22:23:11] 171 ItemTypes catched 
[22:23:11] 110 ItemPets catched 
[22:23:11] 2476 NpcTemplates catched 
[22:23:11] 138 NpcSpawns catched 
[22:23:11] 50 NpcItems catched 
[22:23:11] 19801 NpcMessages catched 
[22:23:11] 6 NpcReplies catched 
[22:23:11] 18 Triggers catched
[22:23:12] 43 Handlers Readed
[22:23:12] 49 Messages Readed
[22:23:12] WorldServer start in 10421 ms.
[22:33:08] MySQL Database Connected
[22:33:08] 16 Breeds catched
[22:33:08] 256 Heads catched
[22:33:08] 561 Effects catched
[22:33:15] 11260 DofusMaps catched
[22:33:15] 454 StatedElements catched
[22:33:15] 802 InteractiveElements catched
[22:33:15] 74 HouseInformations catched
[22:33:15] 120 InteractiveDoors catched
[22:33:16] 3614 MapPositions uncatched
[22:33:16] 14681 MapPositions catched
[22:33:16] 42 MapZaaps catched
[22:33:16] 15228 SpellLevels catched 
[22:33:16] 4772 Spells catched 
[22:33:16] 1179 LearnableSpells catched 
[22:33:16] 9780 ItemTemplates catched 
[22:33:16] 4489 Weapons catched 
[22:33:16] 363 ItemSets catched 
[22:33:16] 171 ItemTypes catched 
[22:33:16] 110 ItemPets catched 
[22:33:17] 2476 NpcTemplates catched 
[22:33:17] 138 NpcSpawns catched 
[22:33:17] 50 NpcItems catched 
[22:33:17] 19801 NpcMessages catched 
[22:33:17] 6 NpcReplies catched 
[22:33:17] 18 Triggers catched
[22:33:17] 43 Handlers Readed
[22:33:18] 49 Messages Readed
[22:33:18] WorldServer start in 10286 ms.
[22:34:02] MySQL Database Connected
[22:34:02] 16 Breeds catched
[22:34:02] 256 Heads catched
[22:34:02] 561 Effects catched
[22:34:10] 11260 DofusMaps catched
[22:34:10] 454 StatedElements catched
[22:34:10] 802 InteractiveElements catched
[22:34:10] 74 HouseInformations catched
[22:34:10] 120 InteractiveDoors catched
[22:34:10] 3614 MapPositions uncatched
[22:34:10] 14681 MapPositions catched
[22:34:10] 42 MapZaaps catched
[22:34:11] 15228 SpellLevels catched 
[22:34:11] 4772 Spells catched 
[22:34:11] 1179 LearnableSpells catched 
[22:34:11] 9780 ItemTemplates catched 
[22:34:11] 4489 Weapons catched 
[22:34:11] 363 ItemSets catched 
[22:34:11] 171 ItemTypes catched 
[22:34:11] 110 ItemPets catched 
[22:34:11] 2476 NpcTemplates catched 
[22:34:11] 138 NpcSpawns catched 
[22:34:11] 50 NpcItems catched 
[22:34:11] 19801 NpcMessages catched 
[22:34:11] 6 NpcReplies catched 
[22:34:12] 18 Triggers catched
[22:34:12] 43 Handlers Readed
[22:34:12] 49 Messages Readed
[22:34:12] WorldServer start in 10044 ms.
[22:35:17] MySQL Database Connected
[22:35:17] 16 Breeds catched
[22:35:17] 256 Heads catched
[22:35:17] 561 Effects catched
[22:35:24] 11260 DofusMaps catched
[22:35:24] 454 StatedElements catched
[22:35:25] 802 InteractiveElements catched
[22:35:25] 74 HouseInformations catched
[22:35:25] 120 InteractiveDoors catched
[22:35:25] 3614 MapPositions uncatched
[22:35:25] 14681 MapPositions catched
[22:35:25] 42 MapZaaps catched
[22:35:25] 15228 SpellLevels catched 
[22:35:25] 4772 Spells catched 
[22:35:25] 1179 LearnableSpells catched 
[22:35:25] 9780 ItemTemplates catched 
[22:35:25] 4489 Weapons catched 
[22:35:25] 363 ItemSets catched 
[22:35:25] 171 ItemTypes catched 
[22:35:25] 110 ItemPets catched 
[22:35:26] 2476 NpcTemplates catched 
[22:35:26] 138 NpcSpawns catched 
[22:35:26] 50 NpcItems catched 
[22:35:26] 19801 NpcMessages catched 
[22:35:26] 6 NpcReplies catched 
[22:35:26] 18 Triggers catched
[22:35:26] 43 Handlers Readed
[22:35:26] 49 Messages Readed
[22:35:26] WorldServer start in 10195 ms.
[22:36:13] MySQL Database Connected
[22:36:13] 16 Breeds catched
[22:36:13] 256 Heads catched
[22:36:13] 561 Effects catched
[22:36:21] 11260 DofusMaps catched
[22:36:21] 454 StatedElements catched
[22:36:21] 802 InteractiveElements catched
[22:36:21] 74 HouseInformations catched
[22:36:21] 120 InteractiveDoors catched
[22:36:21] 3614 MapPositions uncatched
[22:36:21] 14681 MapPositions catched
[22:36:21] 42 MapZaaps catched
[22:36:22] 15228 SpellLevels catched 
[22:36:22] 4772 Spells catched 
[22:36:22] 1179 LearnableSpells catched 
[22:36:23] 9780 ItemTemplates catched 
[22:36:23] 4489 Weapons catched 
[22:36:23] 363 ItemSets catched 
[22:36:23] 171 ItemTypes catched 
[22:36:23] 110 ItemPets catched 
[22:36:23] 2476 NpcTemplates catched 
[22:36:23] 138 NpcSpawns catched 
[22:36:23] 50 NpcItems catched 
[22:36:23] 19801 NpcMessages catched 
[22:36:23] 6 NpcReplies catched 
[22:36:23] 18 Triggers catched
[22:36:24] 43 Handlers Readed
[22:36:24] 49 Messages Readed
[22:36:24] WorldServer start in 11157 ms.
[22:38:13] MySQL Database Connected
[22:38:13] 16 Breeds catched
[22:38:13] 256 Heads catched
[22:38:13] 561 Effects catched
[22:38:21] 11260 DofusMaps catched
[22:38:21] 454 StatedElements catched
[22:38:21] 802 InteractiveElements catched
[22:38:21] 74 HouseInformations catched
[22:38:21] 120 InteractiveDoors catched
[22:38:21] 3614 MapPositions uncatched
[22:38:21] 14681 MapPositions catched
[22:38:21] 42 MapZaaps catched
[22:38:21] 15228 SpellLevels catched 
[22:38:22] 4772 Spells catched 
[22:38:22] 1179 LearnableSpells catched 
[22:38:22] 9780 ItemTemplates catched 
[22:38:22] 4489 Weapons catched 
[22:38:22] 363 ItemSets catched 
[22:38:22] 171 ItemTypes catched 
[22:38:22] 110 ItemPets catched 
[22:38:22] 2476 NpcTemplates catched 
[22:38:22] 138 NpcSpawns catched 
[22:38:22] 50 NpcItems catched 
[22:38:22] 19801 NpcMessages catched 
[22:38:22] 6 NpcReplies catched 
[22:38:22] 18 Triggers catched
[22:38:23] 43 Handlers Readed
[22:38:23] 49 Messages Readed
[22:38:23] WorldServer start in 10304 ms.
[22:39:36] MySQL Database Connected
[22:39:36] 16 Breeds catched
[22:39:36] 256 Heads catched
[22:39:36] 561 Effects catched
[22:39:44] 11260 DofusMaps catched
[22:39:44] 454 StatedElements catched
[22:39:44] 802 InteractiveElements catched
[22:39:44] 74 HouseInformations catched
[22:39:44] 120 InteractiveDoors catched
[22:39:45] 3614 MapPositions uncatched
[22:39:45] 14681 MapPositions catched
[22:39:45] 42 MapZaaps catched
[22:39:45] 15228 SpellLevels catched 
[22:39:45] 4772 Spells catched 
[22:39:45] 1179 LearnableSpells catched 
[22:39:45] 9780 ItemTemplates catched 
[22:39:45] 4489 Weapons catched 
[22:39:45] 363 ItemSets catched 
[22:39:45] 171 ItemTypes catched 
[22:39:45] 110 ItemPets catched 
[22:39:46] 2476 NpcTemplates catched 
[22:39:46] 138 NpcSpawns catched 
[22:39:46] 50 NpcItems catched 
[22:39:46] 19801 NpcMessages catched 
[22:39:46] 6 NpcReplies catched 
[22:39:46] 18 Triggers catched
[22:39:46] 43 Handlers Readed
[22:39:46] 49 Messages Readed
[22:39:46] WorldServer start in 10779 ms.
[22:40:10] MySQL Database Connected
[22:40:10] 16 Breeds catched
[22:40:10] 256 Heads catched
[22:40:10] 561 Effects catched
[22:40:22] 11260 DofusMaps catched
[22:40:22] 454 StatedElements catched
[22:40:22] 802 InteractiveElements catched
[22:40:22] 74 HouseInformations catched
[22:40:22] 120 InteractiveDoors catched
[22:40:23] 3614 MapPositions uncatched
[22:40:23] 14681 MapPositions catched
[22:40:23] 42 MapZaaps catched
[22:40:23] 15228 SpellLevels catched 
[22:40:23] 4772 Spells catched 
[22:40:23] 1179 LearnableSpells catched 
[22:40:23] 9780 ItemTemplates catched 
[22:40:23] 4489 Weapons catched 
[22:40:23] 363 ItemSets catched 
[22:40:23] 171 ItemTypes catched 
[22:40:23] 110 ItemPets catched 
[22:40:24] 2476 NpcTemplates catched 
[22:40:24] 138 NpcSpawns catched 
[22:40:24] 50 NpcItems catched 
[22:40:24] 19801 NpcMessages catched 
[22:40:24] 6 NpcReplies catched 
[22:40:24] 18 Triggers catched
[22:40:24] 43 Handlers Readed
[22:40:24] 49 Messages Readed
[22:40:25] WorldServer start in 14713 ms.
[22:41:31] MySQL Database Connected
[22:41:31] 16 Breeds catched
[22:41:31] 256 Heads catched
[22:41:31] 561 Effects catched
[22:41:39] 11260 DofusMaps catched
[22:41:39] 454 StatedElements catched
[22:41:39] 802 InteractiveElements catched
[22:41:39] 74 HouseInformations catched
[22:41:39] 120 InteractiveDoors catched
[22:41:39] 3614 MapPositions uncatched
[22:41:39] 14681 MapPositions catched
[22:41:39] 42 MapZaaps catched
[22:41:40] 15228 SpellLevels catched 
[22:41:40] 4772 Spells catched 
[22:41:40] 1179 LearnableSpells catched 
[22:41:40] 9780 ItemTemplates catched 
[22:41:40] 4489 Weapons catched 
[22:41:40] 363 ItemSets catched 
[22:41:40] 171 ItemTypes catched 
[22:41:40] 110 ItemPets catched 
[22:41:41] 2476 NpcTemplates catched 
[22:41:41] 138 NpcSpawns catched 
[22:41:41] 50 NpcItems catched 
[22:41:41] 19801 NpcMessages catched 
[22:41:41] 6 NpcReplies catched 
[22:41:41] 18 Triggers catched
[22:41:41] 43 Handlers Readed
[22:41:41] 49 Messages Readed
[22:41:41] WorldServer start in 10302 ms.
[22:43:40] MySQL Database Connected
[22:43:40] 16 Breeds catched
[22:43:40] 256 Heads catched
[22:43:40] 561 Effects catched
[22:43:48] 11260 DofusMaps catched
[22:43:48] 454 StatedElements catched
[22:43:48] 802 InteractiveElements catched
[22:43:48] 74 HouseInformations catched
[22:43:48] 120 InteractiveDoors catched
[22:43:49] 3614 MapPositions uncatched
[22:43:49] 14681 MapPositions catched
[22:43:49] 42 MapZaaps catched
[22:43:49] 15228 SpellLevels catched 
[22:43:49] 4772 Spells catched 
[22:43:49] 1179 LearnableSpells catched 
[22:43:49] 9780 ItemTemplates catched 
[22:43:50] 4489 Weapons catched 
[22:43:50] 363 ItemSets catched 
[22:43:50] 171 ItemTypes catched 
[22:43:50] 110 ItemPets catched 
[22:43:50] 2476 NpcTemplates catched 
[22:43:50] 138 NpcSpawns catched 
[22:43:50] 50 NpcItems catched 
[22:43:50] 19801 NpcMessages catched 
[22:43:50] 6 NpcReplies catched 
[22:43:50] 18 Triggers catched
[22:43:50] 43 Handlers Readed
[22:43:51] 49 Messages Readed
[22:43:51] WorldServer start in 11252 ms.
[22:44:15] MySQL Database Connected
[22:44:15] 16 Breeds catched
[22:44:15] 256 Heads catched
[22:44:15] 561 Effects catched
[22:44:23] 11260 DofusMaps catched
[22:44:23] 454 StatedElements catched
[22:44:23] 802 InteractiveElements catched
[22:44:23] 74 HouseInformations catched
[22:44:23] 120 InteractiveDoors catched
[22:44:23] 3614 MapPositions uncatched
[22:44:23] 14681 MapPositions catched
[22:44:23] 42 MapZaaps catched
[22:44:23] 15228 SpellLevels catched 
[22:44:23] 4772 Spells catched 
[22:44:23] 1179 LearnableSpells catched 
[22:44:24] 9780 ItemTemplates catched 
[22:44:24] 4489 Weapons catched 
[22:44:24] 363 ItemSets catched 
[22:44:24] 171 ItemTypes catched 
[22:44:24] 110 ItemPets catched 
[22:44:24] 2476 NpcTemplates catched 
[22:44:24] 138 NpcSpawns catched 
[22:44:24] 50 NpcItems catched 
[22:44:24] 19801 NpcMessages catched 
[22:44:24] 6 NpcReplies catched 
[22:44:24] 18 Triggers catched
[22:44:24] 43 Handlers Readed
[22:44:25] 49 Messages Readed
[22:44:25] WorldServer start in 10162 ms.
[22:44:45] MySQL Database Connected
[22:44:45] 16 Breeds catched
[22:44:45] 256 Heads catched
[22:44:45] 561 Effects catched
[22:44:53] 11260 DofusMaps catched
[22:44:53] 454 StatedElements catched
[22:44:53] 802 InteractiveElements catched
[22:44:53] 74 HouseInformations catched
[22:44:53] 120 InteractiveDoors catched
[22:44:53] 3614 MapPositions uncatched
[22:44:53] 14681 MapPositions catched
[22:44:53] 42 MapZaaps catched
[22:44:53] 15228 SpellLevels catched 
[22:44:54] 4772 Spells catched 
[22:44:54] 1179 LearnableSpells catched 
[22:44:55] 9780 ItemTemplates catched 
[22:44:55] 4489 Weapons catched 
[22:44:55] 363 ItemSets catched 
[22:44:55] 171 ItemTypes catched 
[22:44:55] 110 ItemPets catched 
[22:44:56] 2476 NpcTemplates catched 
[22:44:56] 138 NpcSpawns catched 
[22:44:56] 50 NpcItems catched 
[22:44:56] 19801 NpcMessages catched 
[22:44:56] 6 NpcReplies catched 
[22:44:56] 18 Triggers catched
[22:44:56] 43 Handlers Readed
[22:44:56] 49 Messages Readed
[22:44:56] WorldServer start in 11893 ms.
[22:47:15] MySQL Database Connected
[22:47:15] 16 Breeds catched
[22:47:15] 256 Heads catched
[22:47:15] 561 Effects catched
[22:47:23] 11260 DofusMaps catched
[22:47:23] 454 StatedElements catched
[22:47:23] 802 InteractiveElements catched
[22:47:23] 74 HouseInformations catched
[22:47:23] 120 InteractiveDoors catched
[22:47:24] 3614 MapPositions uncatched
[22:47:24] 14681 MapPositions catched
[22:47:24] 42 MapZaaps catched
[22:47:24] 15228 SpellLevels catched 
[22:47:24] 4772 Spells catched 
[22:47:24] 1179 LearnableSpells catched 
[22:47:24] 9780 ItemTemplates catched 
[22:47:24] 4489 Weapons catched 
[22:47:24] 363 ItemSets catched 
[22:47:24] 171 ItemTypes catched 
[22:47:24] 110 ItemPets catched 
[22:47:25] 2476 NpcTemplates catched 
[22:47:25] 138 NpcSpawns catched 
[22:47:25] 50 NpcItems catched 
[22:47:25] 19801 NpcMessages catched 
[22:47:25] 6 NpcReplies catched 
[22:47:25] 18 Triggers catched
[22:47:25] 43 Handlers Readed
[22:47:25] 49 Messages Readed
[22:47:25] WorldServer start in 11014 ms.
[23:01:09] MySQL Database Connected
[23:01:09] 16 Breeds catched
[23:01:09] 256 Heads catched
[23:01:09] 561 Effects catched
[23:01:17] 11260 DofusMaps catched
[23:01:17] 454 StatedElements catched
[23:01:17] 802 InteractiveElements catched
[23:01:17] 74 HouseInformations catched
[23:01:17] 120 InteractiveDoors catched
[23:01:17] 3614 MapPositions uncatched
[23:01:17] 14681 MapPositions catched
[23:01:17] 42 MapZaaps catched
[23:01:17] 15228 SpellLevels catched 
[23:01:17] 4772 Spells catched 
[23:01:17] 1179 LearnableSpells catched 
[23:01:17] 9780 ItemTemplates catched 
[23:01:17] 4489 Weapons catched 
[23:01:17] 363 ItemSets catched 
[23:01:17] 171 ItemTypes catched 
[23:01:17] 110 ItemPets catched 
[23:01:18] 2476 NpcTemplates catched 
[23:01:18] 138 NpcSpawns catched 
[23:01:18] 50 NpcItems catched 
[23:01:18] 19801 NpcMessages catched 
[23:01:18] 6 NpcReplies catched 
[23:01:18] 18 Triggers catched
[23:01:18] 43 Handlers Readed
[23:01:18] 49 Messages Readed
[23:01:19] WorldServer start in 9850 ms.
[23:02:39] MySQL Database Connected
[23:02:39] 16 Breeds catched
[23:02:39] 256 Heads catched
[23:02:39] 561 Effects catched
[23:02:47] 11260 DofusMaps catched
[23:02:47] 454 StatedElements catched
[23:02:47] 802 InteractiveElements catched
[23:02:47] 74 HouseInformations catched
[23:02:47] 120 InteractiveDoors catched
[23:02:47] 3614 MapPositions uncatched
[23:02:47] 14681 MapPositions catched
[23:02:47] 42 MapZaaps catched
[23:02:47] 15228 SpellLevels catched 
[23:02:47] 4772 Spells catched 
[23:02:47] 1179 LearnableSpells catched 
[23:02:48] 9780 ItemTemplates catched 
[23:02:48] 4489 Weapons catched 
[23:02:48] 363 ItemSets catched 
[23:02:48] 171 ItemTypes catched 
[23:02:48] 110 ItemPets catched 
[23:02:48] 2476 NpcTemplates catched 
[23:02:48] 138 NpcSpawns catched 
[23:02:48] 50 NpcItems catched 
[23:02:48] 19801 NpcMessages catched 
[23:02:48] 6 NpcReplies catched 
[23:02:48] 18 Triggers catched
[23:02:48] 43 Handlers Readed
[23:02:49] 49 Messages Readed
[23:02:49] WorldServer start in 10298 ms.
[23:03:13] MySQL Database Connected
[23:03:13] 16 Breeds catched
[23:03:13] 256 Heads catched
[23:03:13] 561 Effects catched
[23:03:20] 11260 DofusMaps catched
[23:03:20] 454 StatedElements catched
[23:03:20] 802 InteractiveElements catched
[23:03:20] 74 HouseInformations catched
[23:03:20] 120 InteractiveDoors catched
[23:03:21] 3614 MapPositions uncatched
[23:03:21] 14681 MapPositions catched
[23:03:21] 42 MapZaaps catched
[23:03:21] 15228 SpellLevels catched 
[23:03:21] 4772 Spells catched 
[23:03:21] 1179 LearnableSpells catched 
[23:03:22] 9780 ItemTemplates catched 
[23:03:22] 4489 Weapons catched 
[23:03:22] 363 ItemSets catched 
[23:03:22] 171 ItemTypes catched 
[23:03:22] 110 ItemPets catched 
[23:03:22] 2476 NpcTemplates catched 
[23:03:22] 138 NpcSpawns catched 
[23:03:22] 50 NpcItems catched 
[23:03:22] 19801 NpcMessages catched 
[23:03:22] 6 NpcReplies catched 
[23:03:22] 18 Triggers catched
[23:03:22] 43 Handlers Readed
[23:03:23] 49 Messages Readed
[23:03:23] WorldServer start in 10274 ms.
