[20:08:35] 16 Breeds catched
[20:08:35] 256 Heads catched
[20:08:35] 566 Effects catched
[20:10:20] MySQL Database Connected
[20:10:20] 16 Breeds catched
[20:10:20] 256 Heads catched
[20:10:20] 566 Effects catched
[20:13:33] MySQL Database Connected
[20:13:33] 16 Breeds catched
[20:13:33] 256 Heads catched
[20:13:33] 566 Effects catched
[20:16:47] MySQL Database Connected
[20:16:47] 16 Breeds catched
[20:16:47] 256 Heads catched
[20:16:47] 566 Effects catched
[20:19:21] MySQL Database Connected
[20:19:21] 16 Breeds catched
[20:19:21] 256 Heads catched
[20:19:21] 566 Effects catched
[20:19:22] 4 SuperAreas catched
[20:19:22] 48 Areas catched
[20:19:23] 334 SubAreas catched
[20:19:24] 11267 DofusMaps catched
[20:19:25] 9769 StatedElements catched
[20:19:25] 13379 InteractiveElements catched
[20:19:25] 1485 HouseInformations catched
[20:19:25] 568 InteractiveDoors catched
[20:19:25] 3530 MapPositions uncatched
[20:19:25] 14681 MapPositions catched
[20:19:25] 38 MapZaaps catched
[20:19:25] 79 MapSubways catched
[20:19:26] 15612 SpellLevels catched 
[20:19:26] 4972 Spells catched 
[20:19:26] 4 SpellBombs catched 
[20:19:26] 316 GuildEmblems catched 
[20:19:26] 1179 LearnableSpells catched 
[20:19:26] 171 ItemTypes catched 
[20:19:26] 10063 ItemTemplates catched 
[20:19:26] 4355 Weapons catched 
[20:19:26] 366 ItemSets catched 
[20:19:27] 114 ItemPets catched 
[20:19:28] 2476 NpcTemplates catched 
[20:19:28] 812 NpcSpawns catched 
[20:19:28] 3112 NpcItems catched 
[20:19:28] 19801 NpcMessages catched 
[20:19:28] 8 NpcReplies catched 
[20:19:28] 366 Triggers catched
[20:19:28] 1277 Paddocks catched
[20:19:28] 72 Mounts catched
[20:19:28] 3 Guild catched
[20:19:28] 2 GuildMembers catched
[20:19:28] 11 GatheringJob LevelInfos catched
[20:19:28] 233 InteractiveSkills LevelInfos catched
[20:19:28] 2210 Monster Templates catched
[20:19:28] 11688 Monster Grades catched
[20:19:29] 8021 Monster Drops catched
[20:19:29] 131 Handlers Readed
[20:19:29] 177 Messages Readed
[20:19:30] WorldServer start in 8794 ms.
