[14:45:47] MySQL Database Connected
[14:45:48] 16 Breeds catched
[14:45:48] 256 Heads catched
[14:45:48] 561 Effects catched
[14:45:55] 11260 DofusMaps catched
[14:45:55] 169 StatedElements catched
[14:45:55] 323 InteractiveElements catched
[14:45:55] 15228 SpellLevels catched 
[14:45:56] 4772 Spells catched 
[14:45:56] 1179 LearnableSpells catched 
[14:45:56] 9780 ItemTemplates catched 
[14:45:56] 4489 Weapons catched 
[14:45:56] 363 ItemSets catched 
[14:45:56] 171 ItemTypes catched 
[14:45:57] 34 Handlers Readed
[14:45:57] 38 Messages Readed
[14:45:57] WorldServer start in 9697 ms.
[16:44:08] MySQL Database Connected
[16:44:08] 16 Breeds catched
[16:44:08] 256 Heads catched
[16:44:08] 561 Effects catched
[16:44:15] 11260 DofusMaps catched
[16:44:15] 169 StatedElements catched
[16:44:15] 0 InteractiveElements catched
[16:44:15] 15228 SpellLevels catched 
[16:44:15] 4772 Spells catched 
[16:44:15] 1179 LearnableSpells catched 
[16:44:16] 9780 ItemTemplates catched 
[16:44:16] 4489 Weapons catched 
[16:44:16] 363 ItemSets catched 
[16:44:16] 171 ItemTypes catched 
[16:44:16] 34 Handlers Readed
[16:44:17] 38 Messages Readed
[16:44:17] WorldServer start in 8663 ms.
[16:45:24] MySQL Database Connected
[16:45:24] 16 Breeds catched
[16:45:24] 256 Heads catched
[16:45:24] 561 Effects catched
[16:45:32] 11260 DofusMaps catched
[16:45:32] 169 StatedElements catched
[16:45:32] 204 InteractiveElements catched
[16:45:32] 15228 SpellLevels catched 
[16:45:32] 4772 Spells catched 
[16:45:32] 1179 LearnableSpells catched 
[16:45:33] 9780 ItemTemplates catched 
[16:45:33] 4489 Weapons catched 
[16:45:33] 363 ItemSets catched 
[16:45:33] 171 ItemTypes catched 
[16:45:33] 34 Handlers Readed
[16:45:33] 38 Messages Readed
[16:45:33] WorldServer start in 9297 ms.
[17:05:13] MySQL Database Connected
[17:05:13] 16 Breeds catched
[17:05:13] 256 Heads catched
[17:05:13] 561 Effects catched
[17:05:21] 11260 DofusMaps catched
[17:05:21] 169 StatedElements catched
[17:05:21] 204 InteractiveElements catched
[17:05:22] 15228 SpellLevels catched 
[17:05:22] 4772 Spells catched 
[17:05:22] 1179 LearnableSpells catched 
[17:05:23] 9780 ItemTemplates catched 
[17:05:23] 4489 Weapons catched 
[17:05:23] 363 ItemSets catched 
[17:05:23] 171 ItemTypes catched 
[17:05:23] 34 Handlers Readed
[17:05:23] 38 Messages Readed
[17:05:24] WorldServer start in 10402 ms.
[21:44:00] MySQL Database Connected
[21:44:00] 16 Breeds catched
[21:44:00] 256 Heads catched
[21:44:00] 561 Effects catched
[21:44:08] 11260 DofusMaps catched
[21:44:08] 169 StatedElements catched
[21:44:08] 204 InteractiveElements catched
[21:44:08] 15228 SpellLevels catched 
[21:44:08] 4772 Spells catched 
[21:44:08] 1179 LearnableSpells catched 
[21:44:09] 9780 ItemTemplates catched 
[21:44:09] 4489 Weapons catched 
[21:44:09] 363 ItemSets catched 
[21:44:09] 171 ItemTypes catched 
[21:44:10] 35 Handlers Readed
[21:44:10] 39 Messages Readed
[21:44:10] WorldServer start in 10298 ms.
[21:58:35] MySQL Database Connected
[21:58:35] 16 Breeds catched
[21:58:35] 256 Heads catched
[21:58:35] 561 Effects catched
[21:58:42] 11260 DofusMaps catched
[21:58:42] 672 StatedElements catched
[21:58:42] 1369 InteractiveElements catched
[21:58:43] 15228 SpellLevels catched 
[21:58:43] 4772 Spells catched 
[21:58:43] 1179 LearnableSpells catched 
[21:58:43] 9780 ItemTemplates catched 
[21:58:43] 4489 Weapons catched 
[21:58:43] 363 ItemSets catched 
[21:58:43] 171 ItemTypes catched 
[21:58:43] 35 Handlers Readed
[21:58:44] 39 Messages Readed
[21:58:44] WorldServer start in 9145 ms.
[22:00:37] MySQL Database Connected
[22:00:37] 16 Breeds catched
[22:00:37] 256 Heads catched
[22:00:37] 561 Effects catched
[22:00:52] 11260 DofusMaps catched
[22:00:52] 672 StatedElements catched
[22:00:52] 1369 InteractiveElements catched
[22:00:52] 15228 SpellLevels catched 
[22:00:53] 4772 Spells catched 
[22:00:53] 1179 LearnableSpells catched 
[22:00:53] 9780 ItemTemplates catched 
[22:00:53] 4489 Weapons catched 
[22:00:53] 363 ItemSets catched 
[22:00:53] 171 ItemTypes catched 
[22:00:53] 35 Handlers Readed
[22:00:54] 39 Messages Readed
[22:00:54] WorldServer start in 16733 ms.
[22:02:31] MySQL Database Connected
[22:02:31] 16 Breeds catched
[22:02:31] 256 Heads catched
[22:02:31] 561 Effects catched
[22:02:39] 11260 DofusMaps catched
[22:02:39] 672 StatedElements catched
[22:02:39] 1369 InteractiveElements catched
[22:02:39] 15228 SpellLevels catched 
[22:02:39] 4772 Spells catched 
[22:02:39] 1179 LearnableSpells catched 
[22:02:39] 9780 ItemTemplates catched 
[22:02:40] 4489 Weapons catched 
[22:02:40] 363 ItemSets catched 
[22:02:40] 171 ItemTypes catched 
[22:02:40] 35 Handlers Readed
[22:02:40] 39 Messages Readed
[22:02:40] WorldServer start in 9666 ms.
[22:03:42] MySQL Database Connected
[22:03:42] 16 Breeds catched
[22:03:42] 256 Heads catched
[22:03:42] 561 Effects catched
[22:03:50] 11260 DofusMaps catched
[22:03:50] 672 StatedElements catched
[22:03:50] 1369 InteractiveElements catched
[22:03:50] 15228 SpellLevels catched 
[22:03:50] 4772 Spells catched 
[22:03:50] 1179 LearnableSpells catched 
[22:03:50] 9780 ItemTemplates catched 
[22:03:50] 4489 Weapons catched 
[22:03:50] 363 ItemSets catched 
[22:03:50] 171 ItemTypes catched 
[22:03:51] 35 Handlers Readed
[22:03:51] 39 Messages Readed
[22:03:51] WorldServer start in 9523 ms.
[22:18:14] MySQL Database Connected
[22:18:14] 16 Breeds catched
[22:18:14] 256 Heads catched
[22:18:14] 561 Effects catched
[22:18:21] 11260 DofusMaps catched
[22:18:21] 413 StatedElements catched
[22:18:21] 704 InteractiveElements catched
[22:18:22] 15228 SpellLevels catched 
[22:18:22] 4772 Spells catched 
[22:18:22] 1179 LearnableSpells catched 
[22:18:22] 9780 ItemTemplates catched 
[22:18:22] 4489 Weapons catched 
[22:18:22] 363 ItemSets catched 
[22:18:22] 171 ItemTypes catched 
[22:18:22] 35 Handlers Readed
[22:18:23] 39 Messages Readed
[22:18:23] WorldServer start in 9250 ms.
[22:20:38] MySQL Database Connected
[22:20:38] 16 Breeds catched
[22:20:38] 256 Heads catched
[22:20:38] 561 Effects catched
[22:20:45] 11260 DofusMaps catched
[22:20:45] 413 StatedElements catched
[22:20:45] 704 InteractiveElements catched
[22:20:46] 15228 SpellLevels catched 
[22:20:46] 4772 Spells catched 
[22:20:46] 1179 LearnableSpells catched 
[22:20:46] 9780 ItemTemplates catched 
[22:20:46] 4489 Weapons catched 
[22:20:46] 363 ItemSets catched 
[22:20:46] 171 ItemTypes catched 
[22:20:47] 35 Handlers Readed
[22:20:47] 39 Messages Readed
[22:20:47] WorldServer start in 9231 ms.
[22:24:03] MySQL Database Connected
[22:24:03] 16 Breeds catched
[22:24:03] 256 Heads catched
[22:24:03] 561 Effects catched
[22:24:10] 11260 DofusMaps catched
[22:24:10] 413 StatedElements catched
[22:24:10] 704 InteractiveElements catched
[22:24:10] 15228 SpellLevels catched 
[22:24:11] 4772 Spells catched 
[22:24:11] 1179 LearnableSpells catched 
[22:24:11] 9780 ItemTemplates catched 
[22:24:11] 4489 Weapons catched 
[22:24:11] 363 ItemSets catched 
[22:24:11] 171 ItemTypes catched 
[22:24:11] 35 Handlers Readed
[22:24:11] 39 Messages Readed
[22:24:12] WorldServer start in 9125 ms.
[22:25:41] MySQL Database Connected
[22:25:41] 16 Breeds catched
[22:25:41] 256 Heads catched
[22:25:41] 561 Effects catched
[22:25:48] 11260 DofusMaps catched
[22:25:48] 413 StatedElements catched
[22:25:48] 704 InteractiveElements catched
[22:25:49] 15228 SpellLevels catched 
[22:25:49] 4772 Spells catched 
[22:25:49] 1179 LearnableSpells catched 
[22:25:49] 9780 ItemTemplates catched 
[22:25:49] 4489 Weapons catched 
[22:25:49] 363 ItemSets catched 
[22:25:49] 171 ItemTypes catched 
[22:25:50] 35 Handlers Readed
[22:25:50] 39 Messages Readed
[22:25:50] WorldServer start in 9253 ms.
[22:35:25] MySQL Database Connected
[22:35:25] 16 Breeds catched
[22:35:25] 256 Heads catched
[22:35:25] 561 Effects catched
[22:35:33] 11260 DofusMaps catched
[22:35:33] 413 StatedElements catched
[22:35:33] 704 InteractiveElements catched
[22:35:33] 15228 SpellLevels catched 
[22:35:33] 4772 Spells catched 
[22:35:33] 1179 LearnableSpells catched 
[22:35:34] 9780 ItemTemplates catched 
[22:35:34] 4489 Weapons catched 
[22:35:34] 363 ItemSets catched 
[22:35:34] 171 ItemTypes catched 
[22:35:34] 35 Handlers Readed
[22:35:34] 39 Messages Readed
[22:35:34] WorldServer start in 9150 ms.
[22:37:57] MySQL Database Connected
[22:37:58] 16 Breeds catched
[22:37:58] 256 Heads catched
[22:37:58] 561 Effects catched
[22:38:05] 11260 DofusMaps catched
[22:38:05] 413 StatedElements catched
[22:38:05] 704 InteractiveElements catched
[22:38:06] 15228 SpellLevels catched 
[22:38:06] 4772 Spells catched 
[22:38:06] 1179 LearnableSpells catched 
[22:38:06] 9780 ItemTemplates catched 
[22:38:06] 4489 Weapons catched 
[22:38:06] 363 ItemSets catched 
[22:38:06] 171 ItemTypes catched 
[22:38:07] 35 Handlers Readed
[22:38:07] 39 Messages Readed
[22:38:07] WorldServer start in 9666 ms.
[22:43:33] MySQL Database Connected
[22:43:34] 16 Breeds catched
[22:43:34] 256 Heads catched
[22:43:34] 561 Effects catched
[22:43:41] 11260 DofusMaps catched
[22:43:41] 413 StatedElements catched
[22:43:41] 704 InteractiveElements catched
[22:43:41] 15228 SpellLevels catched 
[22:43:41] 4772 Spells catched 
[22:43:41] 1179 LearnableSpells catched 
[22:43:42] 9780 ItemTemplates catched 
[22:43:42] 4489 Weapons catched 
[22:43:42] 363 ItemSets catched 
[22:43:42] 171 ItemTypes catched 
[22:43:42] 35 Handlers Readed
[22:43:42] 39 Messages Readed
[22:43:42] WorldServer start in 8993 ms.
[22:46:52] MySQL Database Connected
[22:46:52] 16 Breeds catched
[22:46:52] 256 Heads catched
[22:46:52] 561 Effects catched
[22:47:00] 11260 DofusMaps catched
[22:47:00] 413 StatedElements catched
[22:47:00] 704 InteractiveElements catched
[22:47:00] 15228 SpellLevels catched 
[22:47:00] 4772 Spells catched 
[22:47:00] 1179 LearnableSpells catched 
[22:47:00] 9780 ItemTemplates catched 
[22:47:00] 4489 Weapons catched 
[22:47:00] 363 ItemSets catched 
[22:47:00] 171 ItemTypes catched 
[22:47:01] 35 Handlers Readed
[22:47:01] 39 Messages Readed
[22:47:01] WorldServer start in 9336 ms.
[22:53:16] MySQL Database Connected
[22:53:16] 16 Breeds catched
[22:53:16] 256 Heads catched
[22:53:16] 561 Effects catched
[22:53:24] 11260 DofusMaps catched
[22:53:24] 413 StatedElements catched
[22:53:24] 704 InteractiveElements catched
[22:53:24] 15228 SpellLevels catched 
[22:53:24] 4772 Spells catched 
[22:53:24] 1179 LearnableSpells catched 
[22:53:25] 9780 ItemTemplates catched 
[22:53:25] 4489 Weapons catched 
[22:53:25] 363 ItemSets catched 
[22:53:25] 171 ItemTypes catched 
[22:53:25] 35 Handlers Readed
[22:53:25] 39 Messages Readed
[22:53:25] WorldServer start in 9490 ms.
[22:55:04] MySQL Database Connected
[22:55:04] 16 Breeds catched
[22:55:04] 256 Heads catched
[22:55:04] 561 Effects catched
[22:55:11] 11260 DofusMaps catched
[22:55:11] 413 StatedElements catched
[22:55:11] 704 InteractiveElements catched
[22:55:11] 15228 SpellLevels catched 
[22:55:11] 4772 Spells catched 
[22:55:11] 1179 LearnableSpells catched 
[22:55:12] 9780 ItemTemplates catched 
[22:55:12] 4489 Weapons catched 
[22:55:12] 363 ItemSets catched 
[22:55:12] 171 ItemTypes catched 
[22:55:12] 35 Handlers Readed
[22:55:12] 39 Messages Readed
[22:55:12] WorldServer start in 9106 ms.
[22:56:47] MySQL Database Connected
[22:56:48] 16 Breeds catched
[22:56:48] 256 Heads catched
[22:56:48] 561 Effects catched
[22:56:55] 11260 DofusMaps catched
[22:56:55] 413 StatedElements catched
[22:56:55] 704 InteractiveElements catched
[22:56:56] 15228 SpellLevels catched 
[22:56:56] 4772 Spells catched 
[22:56:56] 1179 LearnableSpells catched 
[22:56:56] 9780 ItemTemplates catched 
[22:56:56] 4489 Weapons catched 
[22:56:56] 363 ItemSets catched 
[22:56:56] 171 ItemTypes catched 
[22:56:56] 35 Handlers Readed
[22:56:57] 39 Messages Readed
[22:56:57] WorldServer start in 9445 ms.
