[07:54:47] MySQL Database Connected
[07:54:47] 16 Breeds catched
[07:54:47] 256 Heads catched
[07:54:47] 561 Effects catched
[07:54:55] 11260 DofusMaps catched
[07:54:55] 169 StatedElements catched
[07:54:55] 323 InteractiveElements catched
[07:54:56] 15228 SpellLevels catched 
[07:54:56] 4772 Spells catched 
[07:54:56] 1179 LearnableSpells catched 
[07:54:56] 9780 ItemTemplates catched 
[07:54:56] 4489 Weapons catched 
[07:54:56] 363 ItemSets catched 
[07:54:56] 171 ItemTypes catched 
[07:54:57] 32 Handlers Readed
[07:54:57] 35 Messages Readed
[07:54:57] WorldServer start in 10145 ms.
[08:03:06] MySQL Database Connected
[08:03:06] 16 Breeds catched
[08:03:06] 256 Heads catched
[08:03:06] 561 Effects catched
[08:03:14] 11260 DofusMaps catched
[08:03:14] 169 StatedElements catched
[08:03:14] 323 InteractiveElements catched
[08:03:15] 15228 SpellLevels catched 
[08:03:15] 4772 Spells catched 
[08:03:15] 1179 LearnableSpells catched 
[08:03:15] 9780 ItemTemplates catched 
[08:03:15] 4489 Weapons catched 
[08:03:15] 363 ItemSets catched 
[08:03:15] 171 ItemTypes catched 
[08:03:15] 32 Handlers Readed
[08:03:16] 35 Messages Readed
[08:03:16] WorldServer start in 9877 ms.
[08:08:49] MySQL Database Connected
[08:08:49] 16 Breeds catched
[08:08:49] 256 Heads catched
[08:08:49] 561 Effects catched
[08:08:57] 11260 DofusMaps catched
[08:08:57] 169 StatedElements catched
[08:08:57] 323 InteractiveElements catched
[08:08:57] 15228 SpellLevels catched 
[08:08:57] 4772 Spells catched 
[08:08:57] 1179 LearnableSpells catched 
[08:08:58] 9780 ItemTemplates catched 
[08:08:58] 4489 Weapons catched 
[08:08:58] 363 ItemSets catched 
[08:08:58] 171 ItemTypes catched 
[08:08:58] 32 Handlers Readed
[08:08:58] 35 Messages Readed
[08:08:58] WorldServer start in 9253 ms.
[08:11:32] MySQL Database Connected
[08:11:32] 16 Breeds catched
[08:11:32] 256 Heads catched
[08:11:32] 561 Effects catched
[08:11:40] 11260 DofusMaps catched
[08:11:40] 169 StatedElements catched
[08:11:40] 323 InteractiveElements catched
[08:11:40] 15228 SpellLevels catched 
[08:11:40] 4772 Spells catched 
[08:11:40] 1179 LearnableSpells catched 
[08:11:40] 9780 ItemTemplates catched 
[08:11:40] 4489 Weapons catched 
[08:11:41] 363 ItemSets catched 
[08:11:41] 171 ItemTypes catched 
[08:11:41] 32 Handlers Readed
[08:11:41] 35 Messages Readed
[08:11:41] WorldServer start in 9577 ms.
[08:56:56] MySQL Database Connected
[08:56:56] 16 Breeds catched
[08:56:56] 256 Heads catched
[08:56:56] 561 Effects catched
[08:57:04] 11260 DofusMaps catched
[08:57:04] 169 StatedElements catched
[08:57:04] 323 InteractiveElements catched
[08:57:04] 15228 SpellLevels catched 
[08:57:04] 4772 Spells catched 
[08:57:04] 1179 LearnableSpells catched 
[08:57:05] 9780 ItemTemplates catched 
[08:57:05] 4489 Weapons catched 
[08:57:05] 363 ItemSets catched 
[08:57:05] 171 ItemTypes catched 
[08:57:05] 32 Handlers Readed
[08:57:05] 35 Messages Readed
[08:57:05] WorldServer start in 9771 ms.
[09:08:12] MySQL Database Connected
[09:08:12] 16 Breeds catched
[09:08:12] 256 Heads catched
[09:08:12] 561 Effects catched
[09:08:19] 11260 DofusMaps catched
[09:08:19] 169 StatedElements catched
[09:08:19] 323 InteractiveElements catched
[09:08:20] 15228 SpellLevels catched 
[09:08:20] 4772 Spells catched 
[09:08:20] 1179 LearnableSpells catched 
[09:08:20] 9780 ItemTemplates catched 
[09:08:20] 4489 Weapons catched 
[09:08:20] 363 ItemSets catched 
[09:08:20] 171 ItemTypes catched 
[09:08:20] 32 Handlers Readed
[09:08:21] 35 Messages Readed
[09:08:21] WorldServer start in 9258 ms.
[11:26:21] MySQL Database Connected
[11:26:21] 16 Breeds catched
[11:26:21] 256 Heads catched
[11:26:21] 561 Effects catched
[11:26:30] 11260 DofusMaps catched
[11:26:30] 169 StatedElements catched
[11:26:30] 323 InteractiveElements catched
[11:26:31] 15228 SpellLevels catched 
[11:26:31] 4772 Spells catched 
[11:26:31] 1179 LearnableSpells catched 
[11:26:31] 9780 ItemTemplates catched 
[11:26:31] 4489 Weapons catched 
[11:26:31] 363 ItemSets catched 
[11:26:31] 171 ItemTypes catched 
[11:26:31] 27 Handlers Readed
[11:26:32] 37 Messages Readed
[11:26:32] WorldServer start in 10690 ms.
[11:26:40] Packet not handled 250
[11:27:06] Packet not handled 250
[11:27:58] MySQL Database Connected
[11:27:58] 16 Breeds catched
[11:27:58] 256 Heads catched
[11:27:58] 561 Effects catched
[11:28:06] 11260 DofusMaps catched
[11:28:06] 169 StatedElements catched
[11:28:06] 323 InteractiveElements catched
[11:28:06] 15228 SpellLevels catched 
[11:28:06] 4772 Spells catched 
[11:28:06] 1179 LearnableSpells catched 
[11:28:07] 9780 ItemTemplates catched 
[11:28:07] 4489 Weapons catched 
[11:28:07] 363 ItemSets catched 
[11:28:07] 171 ItemTypes catched 
[11:28:07] 27 Handlers Readed
[11:28:07] 37 Messages Readed
[11:28:07] WorldServer start in 9503 ms.
[11:28:14] Packet not handled 250
[11:28:56] MySQL Database Connected
[11:28:56] 16 Breeds catched
[11:28:56] 256 Heads catched
[11:28:56] 561 Effects catched
[11:29:04] 11260 DofusMaps catched
[11:29:04] 169 StatedElements catched
[11:29:04] 323 InteractiveElements catched
[11:29:04] 15228 SpellLevels catched 
[11:29:04] 4772 Spells catched 
[11:29:04] 1179 LearnableSpells catched 
[11:29:04] 9780 ItemTemplates catched 
[11:29:04] 4489 Weapons catched 
[11:29:04] 363 ItemSets catched 
[11:29:04] 171 ItemTypes catched 
[11:29:05] 27 Handlers Readed
[11:29:05] 37 Messages Readed
[11:29:05] WorldServer start in 9263 ms.
[11:31:32] MySQL Database Connected
[11:31:32] 16 Breeds catched
[11:31:32] 256 Heads catched
[11:31:32] 561 Effects catched
[11:31:49] 11260 DofusMaps catched
[11:31:49] 169 StatedElements catched
[11:31:49] 323 InteractiveElements catched
[11:31:50] 15228 SpellLevels catched 
[11:31:50] 4772 Spells catched 
[11:31:50] 1179 LearnableSpells catched 
[11:31:50] 9780 ItemTemplates catched 
[11:31:50] 4489 Weapons catched 
[11:31:50] 363 ItemSets catched 
[11:31:50] 171 ItemTypes catched 
[11:31:50] 33 Handlers Readed
[11:31:51] 37 Messages Readed
[11:31:51] WorldServer start in 18520 ms.
[11:35:12] MySQL Database Connected
[11:35:12] 16 Breeds catched
[11:35:12] 256 Heads catched
[11:35:12] 561 Effects catched
[11:35:20] 11260 DofusMaps catched
[11:35:20] 169 StatedElements catched
[11:35:20] 323 InteractiveElements catched
[11:35:20] 15228 SpellLevels catched 
[11:35:21] 4772 Spells catched 
[11:35:21] 1179 LearnableSpells catched 
[11:35:21] 9780 ItemTemplates catched 
[11:35:21] 4489 Weapons catched 
[11:35:21] 363 ItemSets catched 
[11:35:21] 171 ItemTypes catched 
[11:35:21] 33 Handlers Readed
[11:35:21] 37 Messages Readed
[11:35:22] WorldServer start in 9904 ms.
[11:36:12] MySQL Database Connected
[11:36:12] 16 Breeds catched
[11:36:12] 256 Heads catched
[11:36:12] 561 Effects catched
[11:36:20] 11260 DofusMaps catched
[11:36:20] 169 StatedElements catched
[11:36:20] 323 InteractiveElements catched
[11:36:20] 15228 SpellLevels catched 
[11:36:20] 4772 Spells catched 
[11:36:20] 1179 LearnableSpells catched 
[11:36:21] 9780 ItemTemplates catched 
[11:36:21] 4489 Weapons catched 
[11:36:21] 363 ItemSets catched 
[11:36:21] 171 ItemTypes catched 
[11:36:21] 33 Handlers Readed
[11:36:21] 37 Messages Readed
[11:36:21] WorldServer start in 9263 ms.
[11:37:50] MySQL Database Connected
[11:37:50] 16 Breeds catched
[11:37:50] 256 Heads catched
[11:37:50] 561 Effects catched
[11:37:58] 11260 DofusMaps catched
[11:37:58] 169 StatedElements catched
[11:37:58] 323 InteractiveElements catched
[11:37:58] 15228 SpellLevels catched 
[11:37:58] 4772 Spells catched 
[11:37:58] 1179 LearnableSpells catched 
[11:37:58] 9780 ItemTemplates catched 
[11:37:58] 4489 Weapons catched 
[11:37:58] 363 ItemSets catched 
[11:37:58] 171 ItemTypes catched 
[11:37:59] 33 Handlers Readed
[11:37:59] 37 Messages Readed
[11:37:59] WorldServer start in 9143 ms.
[12:07:03] MySQL Database Connected
[12:07:03] 16 Breeds catched
[12:07:03] 256 Heads catched
[12:07:03] 561 Effects catched
[12:07:14] 11260 DofusMaps catched
[12:07:14] 169 StatedElements catched
[12:07:14] 323 InteractiveElements catched
[12:07:15] 15228 SpellLevels catched 
[12:07:15] 4772 Spells catched 
[12:07:15] 1179 LearnableSpells catched 
[12:07:15] 9780 ItemTemplates catched 
[12:07:15] 4489 Weapons catched 
[12:07:15] 363 ItemSets catched 
[12:07:15] 171 ItemTypes catched 
[12:07:16] 33 Handlers Readed
[12:07:16] 37 Messages Readed
[12:07:16] WorldServer start in 13084 ms.
[12:09:07] MySQL Database Connected
[12:09:07] 16 Breeds catched
[12:09:07] 256 Heads catched
[12:09:07] 561 Effects catched
[12:09:17] 11260 DofusMaps catched
[12:09:17] 169 StatedElements catched
[12:09:17] 323 InteractiveElements catched
[12:09:18] 15228 SpellLevels catched 
[12:09:18] 4772 Spells catched 
[12:09:18] 1179 LearnableSpells catched 
[12:09:18] 9780 ItemTemplates catched 
[12:09:18] 4489 Weapons catched 
[12:09:18] 363 ItemSets catched 
[12:09:18] 171 ItemTypes catched 
[12:09:19] 33 Handlers Readed
[12:09:19] 37 Messages Readed
[12:09:19] WorldServer start in 12230 ms.
[12:11:11] MySQL Database Connected
[12:11:11] 16 Breeds catched
[12:11:11] 256 Heads catched
[12:11:11] 561 Effects catched
[12:11:23] 11260 DofusMaps catched
[12:11:23] 169 StatedElements catched
[12:11:23] 323 InteractiveElements catched
[12:11:23] 15228 SpellLevels catched 
[12:11:23] 4772 Spells catched 
[12:11:23] 1179 LearnableSpells catched 
[12:11:24] 9780 ItemTemplates catched 
[12:11:24] 4489 Weapons catched 
[12:11:24] 363 ItemSets catched 
[12:11:24] 171 ItemTypes catched 
[12:11:24] 33 Handlers Readed
[12:11:24] 37 Messages Readed
[12:11:25] WorldServer start in 13710 ms.
[12:15:00] MySQL Database Connected
[12:15:00] 16 Breeds catched
[12:15:00] 256 Heads catched
[12:15:00] 561 Effects catched
[12:15:08] 11260 DofusMaps catched
[12:15:08] 169 StatedElements catched
[12:15:08] 323 InteractiveElements catched
[12:15:09] 15228 SpellLevels catched 
[12:15:09] 4772 Spells catched 
[12:15:09] 1179 LearnableSpells catched 
[12:15:09] 9780 ItemTemplates catched 
[12:15:09] 4489 Weapons catched 
[12:15:09] 363 ItemSets catched 
[12:15:09] 171 ItemTypes catched 
[12:15:09] 33 Handlers Readed
[12:15:10] 37 Messages Readed
[12:15:10] WorldServer start in 10244 ms.
[12:23:14] MySQL Database Connected
[12:23:14] 16 Breeds catched
[12:23:14] 256 Heads catched
[12:23:14] 561 Effects catched
[12:23:22] 11260 DofusMaps catched
[12:23:22] 169 StatedElements catched
[12:23:22] 323 InteractiveElements catched
[12:23:22] 15228 SpellLevels catched 
[12:23:22] 4772 Spells catched 
[12:23:22] 1179 LearnableSpells catched 
[12:23:23] 9780 ItemTemplates catched 
[12:23:23] 4489 Weapons catched 
[12:23:23] 363 ItemSets catched 
[12:23:23] 171 ItemTypes catched 
[12:23:23] 33 Handlers Readed
[12:23:23] 37 Messages Readed
[12:23:23] WorldServer start in 9319 ms.
[12:28:15] MySQL Database Connected
[12:28:15] 16 Breeds catched
[12:28:15] 256 Heads catched
[12:28:15] 561 Effects catched
[12:28:22] 11260 DofusMaps catched
[12:28:22] 169 StatedElements catched
[12:28:22] 323 InteractiveElements catched
[12:28:23] 15228 SpellLevels catched 
[12:28:23] 4772 Spells catched 
[12:28:23] 1179 LearnableSpells catched 
[12:28:23] 9780 ItemTemplates catched 
[12:28:23] 4489 Weapons catched 
[12:28:23] 363 ItemSets catched 
[12:28:23] 171 ItemTypes catched 
[12:28:24] 33 Handlers Readed
[12:28:24] 37 Messages Readed
[12:28:24] WorldServer start in 9473 ms.
[12:31:05] MySQL Database Connected
[12:31:05] 16 Breeds catched
[12:31:05] 256 Heads catched
[12:31:05] 561 Effects catched
[12:31:13] 11260 DofusMaps catched
[12:31:13] 169 StatedElements catched
[12:31:13] 323 InteractiveElements catched
[12:31:13] 15228 SpellLevels catched 
[12:31:14] 4772 Spells catched 
[12:31:14] 1179 LearnableSpells catched 
[12:31:14] 9780 ItemTemplates catched 
[12:31:14] 4489 Weapons catched 
[12:31:14] 363 ItemSets catched 
[12:31:14] 171 ItemTypes catched 
[12:31:14] 33 Handlers Readed
[12:31:14] 37 Messages Readed
[12:31:15] WorldServer start in 9443 ms.
[12:34:23] MySQL Database Connected
[12:34:23] 16 Breeds catched
[12:34:23] 256 Heads catched
[12:34:23] 561 Effects catched
[12:34:31] 11260 DofusMaps catched
[12:34:31] 169 StatedElements catched
[12:34:31] 323 InteractiveElements catched
[12:34:31] 15228 SpellLevels catched 
[12:34:31] 4772 Spells catched 
[12:34:31] 1179 LearnableSpells catched 
[12:34:32] 9780 ItemTemplates catched 
[12:34:32] 4489 Weapons catched 
[12:34:32] 363 ItemSets catched 
[12:34:32] 171 ItemTypes catched 
[12:34:32] 33 Handlers Readed
[12:34:32] 37 Messages Readed
[12:34:32] WorldServer start in 9565 ms.
[12:40:44] MySQL Database Connected
[12:40:44] 16 Breeds catched
[12:40:44] 256 Heads catched
[12:40:44] 561 Effects catched
[12:40:52] 11260 DofusMaps catched
[12:40:52] 169 StatedElements catched
[12:40:52] 323 InteractiveElements catched
[12:40:53] 15228 SpellLevels catched 
[12:40:53] 4772 Spells catched 
[12:40:53] 1179 LearnableSpells catched 
[12:40:54] 9780 ItemTemplates catched 
[12:40:54] 4489 Weapons catched 
[12:40:54] 363 ItemSets catched 
[12:40:54] 171 ItemTypes catched 
[12:40:54] 33 Handlers Readed
[12:40:54] 37 Messages Readed
[12:40:54] WorldServer start in 10398 ms.
[12:42:47] MySQL Database Connected
[12:42:47] 16 Breeds catched
[12:42:47] 256 Heads catched
[12:42:47] 561 Effects catched
[12:42:55] 11260 DofusMaps catched
[12:42:55] 169 StatedElements catched
[12:42:55] 323 InteractiveElements catched
[12:42:55] 15228 SpellLevels catched 
[12:42:55] 4772 Spells catched 
[12:42:55] 1179 LearnableSpells catched 
[12:42:56] 9780 ItemTemplates catched 
[12:42:56] 4489 Weapons catched 
[12:42:56] 363 ItemSets catched 
[12:42:56] 171 ItemTypes catched 
[12:42:56] 33 Handlers Readed
[12:42:56] 37 Messages Readed
[12:42:57] WorldServer start in 9623 ms.
[13:22:54] MySQL Database Connected
[13:22:54] 16 Breeds catched
[13:22:54] 256 Heads catched
[13:22:54] 561 Effects catched
[13:23:03] 11260 DofusMaps catched
[13:23:03] 169 StatedElements catched
[13:23:03] 323 InteractiveElements catched
[13:23:03] 15228 SpellLevels catched 
[13:23:03] 4772 Spells catched 
[13:23:03] 1179 LearnableSpells catched 
[13:23:03] 9780 ItemTemplates catched 
[13:23:04] 4489 Weapons catched 
[13:23:04] 363 ItemSets catched 
[13:23:04] 171 ItemTypes catched 
[13:23:04] 33 Handlers Readed
[13:23:04] 37 Messages Readed
[13:23:04] WorldServer start in 10556 ms.
[13:25:17] MySQL Database Connected
[13:25:18] 16 Breeds catched
[13:25:18] 256 Heads catched
[13:25:18] 561 Effects catched
[13:25:25] 11260 DofusMaps catched
[13:25:25] 169 StatedElements catched
[13:25:25] 323 InteractiveElements catched
[13:25:26] 15228 SpellLevels catched 
[13:25:26] 4772 Spells catched 
[13:25:26] 1179 LearnableSpells catched 
[13:25:26] 9780 ItemTemplates catched 
[13:25:26] 4489 Weapons catched 
[13:25:26] 363 ItemSets catched 
[13:25:26] 171 ItemTypes catched 
[13:25:27] 33 Handlers Readed
[13:25:27] 37 Messages Readed
[13:25:27] WorldServer start in 9836 ms.
[13:29:11] MySQL Database Connected
[13:29:11] 16 Breeds catched
[13:29:11] 256 Heads catched
[13:29:11] 561 Effects catched
[13:29:19] 11260 DofusMaps catched
[13:29:19] 169 StatedElements catched
[13:29:19] 323 InteractiveElements catched
[13:29:20] 15228 SpellLevels catched 
[13:29:20] 4772 Spells catched 
[13:29:20] 1179 LearnableSpells catched 
[13:29:20] 9780 ItemTemplates catched 
[13:29:20] 4489 Weapons catched 
[13:29:20] 363 ItemSets catched 
[13:29:20] 171 ItemTypes catched 
[13:29:20] 33 Handlers Readed
[13:29:21] 37 Messages Readed
[13:29:21] WorldServer start in 9792 ms.
[22:11:33] MySQL Database Connected
[22:11:33] 16 Breeds catched
[22:11:33] 256 Heads catched
[22:11:33] 561 Effects catched
[22:11:41] 11260 DofusMaps catched
[22:11:41] 169 StatedElements catched
[22:11:41] 323 InteractiveElements catched
[22:11:42] 15228 SpellLevels catched 
[22:11:43] 4772 Spells catched 
[22:11:43] 1179 LearnableSpells catched 
[22:11:44] 9780 ItemTemplates catched 
[22:11:45] 4489 Weapons catched 
[22:11:45] 363 ItemSets catched 
[22:11:45] 171 ItemTypes catched 
[22:11:45] 33 Handlers Readed
[22:11:45] 37 Messages Readed
[22:11:45] WorldServer start in 12616 ms.
[22:12:23] MySQL Database Connected
[22:12:23] 16 Breeds catched
[22:12:23] 256 Heads catched
[22:12:23] 561 Effects catched
[22:12:31] 11260 DofusMaps catched
[22:12:31] 169 StatedElements catched
[22:12:31] 323 InteractiveElements catched
[22:12:31] 15228 SpellLevels catched 
[22:12:32] 4772 Spells catched 
[22:12:32] 1179 LearnableSpells catched 
[22:12:32] 9780 ItemTemplates catched 
[22:12:32] 4489 Weapons catched 
[22:12:32] 363 ItemSets catched 
[22:12:32] 171 ItemTypes catched 
[22:12:32] 33 Handlers Readed
[22:12:32] 37 Messages Readed
[22:12:33] WorldServer start in 9491 ms.
[22:13:31] MySQL Database Connected
[22:13:31] 16 Breeds catched
[22:13:31] 256 Heads catched
[22:13:31] 561 Effects catched
[22:13:39] 11260 DofusMaps catched
[22:13:39] 169 StatedElements catched
[22:13:39] 323 InteractiveElements catched
[22:13:39] 15228 SpellLevels catched 
[22:13:39] 4772 Spells catched 
[22:13:39] 1179 LearnableSpells catched 
[22:13:39] 9780 ItemTemplates catched 
[22:13:40] 4489 Weapons catched 
[22:13:40] 363 ItemSets catched 
[22:13:40] 171 ItemTypes catched 
[22:13:40] 33 Handlers Readed
[22:13:40] 37 Messages Readed
[22:13:40] WorldServer start in 9753 ms.
[22:14:24] MySQL Database Connected
[22:14:24] 16 Breeds catched
[22:14:24] 256 Heads catched
[22:14:24] 561 Effects catched
[22:14:31] 11260 DofusMaps catched
[22:14:31] 169 StatedElements catched
[22:14:31] 323 InteractiveElements catched
[22:14:32] 15228 SpellLevels catched 
[22:14:32] 4772 Spells catched 
[22:14:32] 1179 LearnableSpells catched 
[22:14:32] 9780 ItemTemplates catched 
[22:14:32] 4489 Weapons catched 
[22:14:32] 363 ItemSets catched 
[22:14:32] 171 ItemTypes catched 
[22:14:32] 33 Handlers Readed
[22:14:33] 37 Messages Readed
[22:14:33] WorldServer start in 9034 ms.
[22:16:46] MySQL Database Connected
[22:16:46] 16 Breeds catched
[22:16:46] 256 Heads catched
[22:16:46] 561 Effects catched
[22:16:55] 11260 DofusMaps catched
[22:16:55] 169 StatedElements catched
[22:16:55] 323 InteractiveElements catched
[22:16:55] 15228 SpellLevels catched 
[22:16:55] 4772 Spells catched 
[22:16:55] 1179 LearnableSpells catched 
[22:16:55] 9780 ItemTemplates catched 
[22:16:55] 4489 Weapons catched 
[22:16:55] 363 ItemSets catched 
[22:16:55] 171 ItemTypes catched 
[22:16:56] 33 Handlers Readed
[22:16:56] 37 Messages Readed
[22:16:56] WorldServer start in 9805 ms.
[22:17:12] MySQL Database Connected
[22:17:12] 16 Breeds catched
[22:17:12] 256 Heads catched
[22:17:12] 561 Effects catched
[22:17:19] 11260 DofusMaps catched
[22:17:19] 169 StatedElements catched
[22:17:19] 323 InteractiveElements catched
[22:17:20] 15228 SpellLevels catched 
[22:17:20] 4772 Spells catched 
[22:17:20] 1179 LearnableSpells catched 
[22:17:20] 9780 ItemTemplates catched 
[22:17:20] 4489 Weapons catched 
[22:17:20] 363 ItemSets catched 
[22:17:20] 171 ItemTypes catched 
[22:17:20] 33 Handlers Readed
[22:17:21] 37 Messages Readed
[22:17:21] WorldServer start in 8952 ms.
[22:18:39] MySQL Database Connected
[22:18:39] 16 Breeds catched
[22:18:39] 256 Heads catched
[22:18:39] 561 Effects catched
[22:18:49] 11260 DofusMaps catched
[22:18:49] 169 StatedElements catched
[22:18:49] 323 InteractiveElements catched
[22:18:49] 15228 SpellLevels catched 
[22:18:49] 4772 Spells catched 
[22:18:49] 1179 LearnableSpells catched 
[22:18:50] 9780 ItemTemplates catched 
[22:18:50] 4489 Weapons catched 
[22:18:50] 363 ItemSets catched 
[22:18:50] 171 ItemTypes catched 
[22:18:50] 33 Handlers Readed
[22:18:50] 37 Messages Readed
[22:18:50] WorldServer start in 11770 ms.
[22:21:49] MySQL Database Connected
[22:21:49] 16 Breeds catched
[22:21:49] 256 Heads catched
[22:21:49] 561 Effects catched
[22:21:58] 11260 DofusMaps catched
[22:21:58] 169 StatedElements catched
[22:21:58] 323 InteractiveElements catched
[22:21:58] 15228 SpellLevels catched 
[22:21:58] 4772 Spells catched 
[22:21:58] 1179 LearnableSpells catched 
[22:21:59] 9780 ItemTemplates catched 
[22:21:59] 4489 Weapons catched 
[22:21:59] 363 ItemSets catched 
[22:21:59] 171 ItemTypes catched 
[22:21:59] 33 Handlers Readed
[22:21:59] 37 Messages Readed
[22:21:59] WorldServer start in 10570 ms.
