[08:07:37] MySQL Database Connected
[08:07:38] 16 Breeds catched
[08:07:38] 256 Heads catched
[08:07:38] 561 Effects catched
[08:07:42] 4 SuperAreas catched
[08:07:42] 48 Areas catched
[08:07:43] 334 SubAreas catched
[08:08:39] 11260 DofusMaps catched
[08:08:39] 9761 StatedElements catched
[08:08:39] 13349 InteractiveElements catched
[08:08:40] 1485 HouseInformations catched
[08:08:40] 556 InteractiveDoors catched
[08:08:40] 3614 MapPositions uncatched
[08:08:40] 14681 MapPositions catched
[08:08:40] 42 MapZaaps catched
[08:08:40] 79 MapSubways catched
[08:08:40] 15228 SpellLevels catched 
[08:08:40] 4772 Spells catched 
[08:08:40] 316 GuildEmblems catched 
[08:08:41] 1179 LearnableSpells catched 
[08:08:41] 9780 ItemTemplates catched 
[08:08:41] 4489 Weapons catched 
[08:08:41] 363 ItemSets catched 
[08:08:41] 171 ItemTypes catched 
[08:08:41] 110 ItemPets catched 
[08:08:42] 2476 NpcTemplates catched 
[08:08:42] 787 NpcSpawns catched 
[08:08:42] 94 NpcItems catched 
[08:08:42] 19801 NpcMessages catched 
[08:08:43] 7 NpcReplies catched 
[08:08:44] 353 Triggers catched
[08:08:44] 1277 Paddocks catched
[08:08:44] 72 Mounts catched
[08:08:44] 4 Guild catched
[08:08:44] 3 GuildMembers catched
[08:08:50] 120 Handlers Readed
[08:09:08] 164 Messages Readed
[08:09:08] WorldServer start in 90697 ms.
[08:16:50] MySQL Database Connected
[08:16:51] 16 Breeds catched
[08:16:51] 256 Heads catched
[08:16:51] 561 Effects catched
[08:16:51] 4 SuperAreas catched
[08:16:51] 48 Areas catched
[08:16:52] 334 SubAreas catched
[08:16:59] 11260 DofusMaps catched
[08:16:59] 9761 StatedElements catched
[08:17:00] 13349 InteractiveElements catched
[08:17:00] 1485 HouseInformations catched
[08:17:00] 556 InteractiveDoors catched
[08:17:00] 3614 MapPositions uncatched
[08:17:00] 14681 MapPositions catched
[08:17:00] 42 MapZaaps catched
[08:17:00] 79 MapSubways catched
[08:17:00] 15228 SpellLevels catched 
[08:17:00] 4772 Spells catched 
[08:17:00] 316 GuildEmblems catched 
[08:17:00] 1179 LearnableSpells catched 
[08:17:00] 9780 ItemTemplates catched 
[08:17:00] 4489 Weapons catched 
[08:17:00] 363 ItemSets catched 
[08:17:00] 171 ItemTypes catched 
[08:17:01] 110 ItemPets catched 
[08:17:01] 2476 NpcTemplates catched 
[08:17:01] 787 NpcSpawns catched 
[08:17:01] 94 NpcItems catched 
[08:17:01] 19801 NpcMessages catched 
[08:17:01] 7 NpcReplies catched 
[08:17:01] 353 Triggers catched
[08:17:01] 1277 Paddocks catched
[08:17:01] 72 Mounts catched
[08:17:01] 4 Guild catched
[08:17:01] 3 GuildMembers catched
[08:17:02] 120 Handlers Readed
[08:17:02] 164 Messages Readed
[08:17:02] WorldServer start in 12191 ms.
[08:32:10] MySQL Database Connected
[08:32:10] 16 Breeds catched
[08:32:10] 256 Heads catched
[08:32:10] 561 Effects catched
[08:32:11] 4 SuperAreas catched
[08:32:11] 48 Areas catched
[08:32:12] 334 SubAreas catched
[08:32:22] 11260 DofusMaps catched
[08:32:22] 9761 StatedElements catched
[08:32:22] 13349 InteractiveElements catched
[08:32:22] 1485 HouseInformations catched
[08:32:22] 556 InteractiveDoors catched
[08:32:23] 3614 MapPositions uncatched
[08:32:23] 14681 MapPositions catched
[08:32:23] 42 MapZaaps catched
[08:32:23] 79 MapSubways catched
[08:32:23] 15228 SpellLevels catched 
[08:32:23] 4772 Spells catched 
[08:32:23] 316 GuildEmblems catched 
[08:32:23] 1179 LearnableSpells catched 
[08:32:23] 9780 ItemTemplates catched 
[08:32:23] 4489 Weapons catched 
[08:32:23] 363 ItemSets catched 
[08:32:23] 171 ItemTypes catched 
[08:32:23] 110 ItemPets catched 
[08:32:24] 2476 NpcTemplates catched 
[08:32:24] 787 NpcSpawns catched 
[08:32:24] 94 NpcItems catched 
[08:32:24] 19801 NpcMessages catched 
[08:32:24] 7 NpcReplies catched 
[08:32:24] 353 Triggers catched
[08:32:24] 1277 Paddocks catched
[08:32:24] 72 Mounts catched
[08:32:24] 4 Guild catched
[08:32:24] 3 GuildMembers catched
[08:32:25] 120 Handlers Readed
[08:32:25] 164 Messages Readed
[08:32:25] WorldServer start in 15246 ms.
[08:36:17] MySQL Database Connected
[08:36:17] 16 Breeds catched
[08:36:17] 256 Heads catched
[08:36:17] 561 Effects catched
[08:36:18] 4 SuperAreas catched
[08:36:18] 48 Areas catched
[08:36:19] 334 SubAreas catched
[08:36:33] 11260 DofusMaps catched
[08:36:33] 9761 StatedElements catched
[08:36:33] 13349 InteractiveElements catched
[08:36:34] 1485 HouseInformations catched
[08:36:34] 556 InteractiveDoors catched
[08:36:34] 3614 MapPositions uncatched
[08:36:34] 14681 MapPositions catched
[08:36:34] 42 MapZaaps catched
[08:36:34] 79 MapSubways catched
[08:36:34] 15228 SpellLevels catched 
[08:36:34] 4772 Spells catched 
[08:36:34] 316 GuildEmblems catched 
[08:36:34] 1179 LearnableSpells catched 
[08:36:34] 9780 ItemTemplates catched 
[08:36:35] 4489 Weapons catched 
[08:36:35] 363 ItemSets catched 
[08:36:35] 171 ItemTypes catched 
[08:36:35] 110 ItemPets catched 
[08:36:35] 2476 NpcTemplates catched 
[08:36:35] 787 NpcSpawns catched 
[08:36:35] 94 NpcItems catched 
[08:36:35] 19801 NpcMessages catched 
[08:36:35] 7 NpcReplies catched 
[08:36:36] 353 Triggers catched
[08:36:36] 1277 Paddocks catched
[08:36:36] 72 Mounts catched
[08:36:36] 4 Guild catched
[08:36:36] 3 GuildMembers catched
[08:36:36] 120 Handlers Readed
[08:36:37] 164 Messages Readed
[08:36:37] WorldServer start in 19777 ms.
[08:40:46] MySQL Database Connected
[08:40:46] 16 Breeds catched
[08:40:46] 256 Heads catched
[08:40:46] 561 Effects catched
[08:40:47] 4 SuperAreas catched
[08:40:47] 48 Areas catched
[08:40:48] 334 SubAreas catched
[08:40:55] 11260 DofusMaps catched
[08:40:55] 9761 StatedElements catched
[08:40:55] 13349 InteractiveElements catched
[08:40:55] 1485 HouseInformations catched
[08:40:55] 556 InteractiveDoors catched
[08:40:56] 3614 MapPositions uncatched
[08:40:56] 14681 MapPositions catched
[08:40:56] 42 MapZaaps catched
[08:40:56] 79 MapSubways catched
[08:40:56] 15228 SpellLevels catched 
[08:40:56] 4772 Spells catched 
[08:40:56] 316 GuildEmblems catched 
[08:40:56] 1179 LearnableSpells catched 
[08:40:56] 9780 ItemTemplates catched 
[08:40:56] 4489 Weapons catched 
[08:40:56] 363 ItemSets catched 
[08:40:56] 171 ItemTypes catched 
[08:40:56] 110 ItemPets catched 
[08:40:57] 2476 NpcTemplates catched 
[08:40:57] 787 NpcSpawns catched 
[08:40:57] 94 NpcItems catched 
[08:40:57] 19801 NpcMessages catched 
[08:40:57] 7 NpcReplies catched 
[08:40:57] 353 Triggers catched
[08:40:57] 1277 Paddocks catched
[08:40:57] 72 Mounts catched
[08:40:57] 4 Guild catched
[08:40:57] 3 GuildMembers catched
[08:40:58] 120 Handlers Readed
[08:40:58] 164 Messages Readed
[08:40:58] WorldServer start in 12538 ms.
[08:41:35] MySQL Database Connected
[08:41:35] 16 Breeds catched
[08:41:35] 256 Heads catched
[08:41:35] 561 Effects catched
[08:41:36] 4 SuperAreas catched
[08:41:36] 48 Areas catched
[08:41:37] 334 SubAreas catched
[08:41:44] 11260 DofusMaps catched
[08:41:44] 9761 StatedElements catched
[08:41:44] 13349 InteractiveElements catched
[08:41:44] 1485 HouseInformations catched
[08:41:44] 556 InteractiveDoors catched
[08:41:44] 3614 MapPositions uncatched
[08:41:44] 14681 MapPositions catched
[08:41:44] 42 MapZaaps catched
[08:41:44] 79 MapSubways catched
[08:41:45] 15228 SpellLevels catched 
[08:41:45] 4772 Spells catched 
[08:41:45] 316 GuildEmblems catched 
[08:41:45] 1179 LearnableSpells catched 
[08:41:45] 9780 ItemTemplates catched 
[08:41:45] 4489 Weapons catched 
[08:41:45] 363 ItemSets catched 
[08:41:45] 171 ItemTypes catched 
[08:41:45] 110 ItemPets catched 
[08:41:46] 2476 NpcTemplates catched 
[08:41:46] 787 NpcSpawns catched 
[08:41:46] 94 NpcItems catched 
[08:41:46] 19801 NpcMessages catched 
[08:41:46] 7 NpcReplies catched 
[08:41:46] 353 Triggers catched
[08:41:46] 1277 Paddocks catched
[08:41:47] MySQL Database Connected
[08:41:48] 16 Breeds catched
[08:41:48] 256 Heads catched
[08:41:48] 561 Effects catched
[08:41:48] 4 SuperAreas catched
[08:41:48] 48 Areas catched
[08:41:49] 334 SubAreas catched
[08:42:02] 11260 DofusMaps catched
[08:42:02] 9761 StatedElements catched
[08:42:02] 13349 InteractiveElements catched
[08:42:02] 1485 HouseInformations catched
[08:42:02] 556 InteractiveDoors catched
[08:42:02] 3614 MapPositions uncatched
[08:42:02] 14681 MapPositions catched
[08:42:02] 42 MapZaaps catched
[08:42:02] 79 MapSubways catched
[08:42:02] 15228 SpellLevels catched 
[08:42:02] 4772 Spells catched 
[08:42:02] 316 GuildEmblems catched 
[08:42:02] 1179 LearnableSpells catched 
[08:42:03] 9780 ItemTemplates catched 
[08:42:03] 4489 Weapons catched 
[08:42:03] 363 ItemSets catched 
[08:42:03] 171 ItemTypes catched 
[08:42:03] 110 ItemPets catched 
[08:42:03] 2476 NpcTemplates catched 
[08:42:03] 787 NpcSpawns catched 
[08:42:03] 94 NpcItems catched 
[08:42:03] 19801 NpcMessages catched 
[08:42:03] 7 NpcReplies catched 
[08:42:04] 353 Triggers catched
[08:42:04] 1277 Paddocks catched
[08:42:04] 72 Mounts catched
[08:42:04] 4 Guild catched
[08:42:04] 3 GuildMembers catched
[08:42:04] 120 Handlers Readed
[08:42:05] 164 Messages Readed
[08:42:05] WorldServer start in 17631 ms.
[08:43:29] MySQL Database Connected
[08:43:29] 16 Breeds catched
[08:43:29] 256 Heads catched
[08:43:29] 561 Effects catched
[08:43:29] 4 SuperAreas catched
[08:43:29] 48 Areas catched
[08:43:30] 334 SubAreas catched
[08:43:39] 11260 DofusMaps catched
[08:43:39] 9761 StatedElements catched
[08:43:39] 13349 InteractiveElements catched
[08:43:39] 1485 HouseInformations catched
[08:43:39] 556 InteractiveDoors catched
[08:43:39] 3614 MapPositions uncatched
[08:43:39] 14681 MapPositions catched
[08:43:39] 42 MapZaaps catched
[08:43:39] 79 MapSubways catched
[08:43:39] 15228 SpellLevels catched 
[08:43:39] 4772 Spells catched 
[08:43:39] 316 GuildEmblems catched 
[08:43:39] 1179 LearnableSpells catched 
[08:43:40] 9780 ItemTemplates catched 
[08:43:40] 4489 Weapons catched 
[08:43:40] 363 ItemSets catched 
[08:43:40] 171 ItemTypes catched 
[08:43:40] 110 ItemPets catched 
[08:43:40] 2476 NpcTemplates catched 
[08:43:40] 787 NpcSpawns catched 
[08:43:40] 94 NpcItems catched 
[08:43:41] 19801 NpcMessages catched 
[08:43:41] 7 NpcReplies catched 
[08:43:41] 353 Triggers catched
[08:43:41] 1277 Paddocks catched
[08:43:41] 72 Mounts catched
[08:43:41] 4 Guild catched
[08:43:41] 3 GuildMembers catched
[08:43:41] 120 Handlers Readed
[08:43:42] 164 Messages Readed
[08:43:42] WorldServer start in 13485 ms.
[09:01:27] MySQL Database Connected
[09:01:27] 16 Breeds catched
[09:01:27] 256 Heads catched
[09:01:27] 561 Effects catched
[09:01:28] 4 SuperAreas catched
[09:01:28] 48 Areas catched
[09:01:29] 334 SubAreas catched
[09:01:36] 11260 DofusMaps catched
[09:01:36] 9761 StatedElements catched
[09:01:36] 13349 InteractiveElements catched
[09:01:36] 1485 HouseInformations catched
[09:01:36] 556 InteractiveDoors catched
[09:01:37] 3614 MapPositions uncatched
[09:01:37] 14681 MapPositions catched
[09:01:37] 42 MapZaaps catched
[09:01:37] 79 MapSubways catched
[09:01:37] 15228 SpellLevels catched 
[09:01:37] 4772 Spells catched 
[09:01:37] 316 GuildEmblems catched 
[09:01:37] 1179 LearnableSpells catched 
[09:01:37] 9780 ItemTemplates catched 
[09:01:37] 4489 Weapons catched 
[09:01:37] 363 ItemSets catched 
[09:01:37] 171 ItemTypes catched 
[09:01:37] 110 ItemPets catched 
[09:01:38] 2476 NpcTemplates catched 
[09:01:38] 787 NpcSpawns catched 
[09:01:38] 94 NpcItems catched 
[09:01:38] 19801 NpcMessages catched 
[09:01:38] 7 NpcReplies catched 
[09:01:38] 353 Triggers catched
[09:01:38] 1277 Paddocks catched
[09:01:38] 72 Mounts catched
[09:01:38] 4 Guild catched
[09:01:38] 3 GuildMembers catched
[09:01:39] 120 Handlers Readed
[09:01:39] 164 Messages Readed
[09:01:39] WorldServer start in 12585 ms.
[09:02:49] MySQL Database Connected
[09:02:49] 16 Breeds catched
[09:02:49] 256 Heads catched
[09:02:49] 561 Effects catched
[09:02:49] 4 SuperAreas catched
[09:02:49] 48 Areas catched
[09:02:50] 334 SubAreas catched
[09:03:06] 11260 DofusMaps catched
[09:03:06] 9761 StatedElements catched
[09:03:06] 13349 InteractiveElements catched
[09:03:06] 1485 HouseInformations catched
[09:03:06] 556 InteractiveDoors catched
[09:03:06] 3614 MapPositions uncatched
[09:03:06] 14681 MapPositions catched
[09:03:06] 42 MapZaaps catched
[09:03:06] 79 MapSubways catched
[09:03:06] 15228 SpellLevels catched 
[09:03:06] 4772 Spells catched 
[09:03:06] 316 GuildEmblems catched 
[09:03:06] 1179 LearnableSpells catched 
[09:03:07] 9780 ItemTemplates catched 
[09:03:07] 4489 Weapons catched 
[09:03:07] 363 ItemSets catched 
[09:03:07] 171 ItemTypes catched 
[09:03:07] 110 ItemPets catched 
[09:03:07] 2476 NpcTemplates catched 
[09:03:07] 787 NpcSpawns catched 
[09:03:07] 94 NpcItems catched 
[09:03:07] 19801 NpcMessages catched 
[09:03:07] 7 NpcReplies catched 
[09:03:08] 353 Triggers catched
[09:03:08] 1277 Paddocks catched
[09:03:08] 72 Mounts catched
[09:03:08] 4 Guild catched
[09:03:08] 3 GuildMembers catched
[09:03:08] 120 Handlers Readed
[09:03:09] 164 Messages Readed
[09:03:09] WorldServer start in 20096 ms.
[09:45:53] MySQL Database Connected
[09:45:53] 16 Breeds catched
[09:45:53] 256 Heads catched
[09:45:53] 561 Effects catched
[09:45:54] 4 SuperAreas catched
[09:45:54] 48 Areas catched
[09:45:55] 334 SubAreas catched
[09:46:03] 11260 DofusMaps catched
[09:46:03] 9761 StatedElements catched
[09:46:03] 13349 InteractiveElements catched
[09:46:03] 1485 HouseInformations catched
[09:46:03] 556 InteractiveDoors catched
[09:46:03] 3614 MapPositions uncatched
[09:46:03] 14681 MapPositions catched
[09:46:03] 42 MapZaaps catched
[09:46:03] 79 MapSubways catched
[09:46:03] 15228 SpellLevels catched 
[09:46:03] 4772 Spells catched 
[09:46:03] 316 GuildEmblems catched 
[09:46:03] 1179 LearnableSpells catched 
[09:46:03] 9780 ItemTemplates catched 
[09:46:04] 4489 Weapons catched 
[09:46:04] 363 ItemSets catched 
[09:46:04] 171 ItemTypes catched 
[09:46:04] 110 ItemPets catched 
[09:46:04] 2476 NpcTemplates catched 
[09:46:04] 787 NpcSpawns catched 
[09:46:04] 94 NpcItems catched 
[09:46:04] 19801 NpcMessages catched 
[09:46:04] 7 NpcReplies catched 
[09:46:05] 353 Triggers catched
[09:46:05] 1277 Paddocks catched
[09:46:05] 72 Mounts catched
[09:46:05] 4 Guild catched
[09:46:05] 3 GuildMembers catched
[09:46:05] 120 Handlers Readed
[09:46:06] 164 Messages Readed
[09:46:06] WorldServer start in 12496 ms.
[09:47:06] MySQL Database Connected
[09:47:06] 16 Breeds catched
[09:47:06] 256 Heads catched
[09:47:06] 561 Effects catched
[09:47:06] 4 SuperAreas catched
[09:47:06] 48 Areas catched
[09:47:07] 334 SubAreas catched
[09:47:14] 11260 DofusMaps catched
[09:47:14] 9761 StatedElements catched
[09:47:15] 13349 InteractiveElements catched
[09:47:15] 1485 HouseInformations catched
[09:47:15] 556 InteractiveDoors catched
[09:47:15] 3614 MapPositions uncatched
[09:47:15] 14681 MapPositions catched
[09:47:15] 42 MapZaaps catched
[09:47:15] 79 MapSubways catched
[09:47:15] 15228 SpellLevels catched 
[09:47:15] 4772 Spells catched 
[09:47:15] 316 GuildEmblems catched 
[09:47:15] 1179 LearnableSpells catched 
[09:47:15] 9780 ItemTemplates catched 
[09:47:15] 4489 Weapons catched 
[09:47:15] 363 ItemSets catched 
[09:47:15] 171 ItemTypes catched 
[09:47:16] 110 ItemPets catched 
[09:47:16] 2476 NpcTemplates catched 
[09:47:16] 787 NpcSpawns catched 
[09:47:16] 94 NpcItems catched 
[09:47:16] 19801 NpcMessages catched 
[09:47:16] 7 NpcReplies catched 
[09:47:16] 353 Triggers catched
[09:47:17] 1277 Paddocks catched
[09:47:17] 72 Mounts catched
[09:47:17] 4 Guild catched
[09:47:17] 3 GuildMembers catched
[09:47:17] 120 Handlers Readed
[09:47:17] 164 Messages Readed
[09:47:18] WorldServer start in 12150 ms.
[09:49:03] MySQL Database Connected
[09:49:03] 16 Breeds catched
[09:49:03] 256 Heads catched
[09:49:03] 561 Effects catched
[09:49:03] 4 SuperAreas catched
[09:49:03] 48 Areas catched
[09:49:04] 334 SubAreas catched
[09:49:11] 11260 DofusMaps catched
[09:49:11] 9761 StatedElements catched
[09:49:12] 13349 InteractiveElements catched
[09:49:12] 1485 HouseInformations catched
[09:49:12] 556 InteractiveDoors catched
[09:49:12] 3614 MapPositions uncatched
[09:49:12] 14681 MapPositions catched
[09:49:12] 42 MapZaaps catched
[09:49:12] 79 MapSubways catched
[09:49:12] 15228 SpellLevels catched 
[09:49:12] 4772 Spells catched 
[09:49:12] 316 GuildEmblems catched 
[09:49:12] 1179 LearnableSpells catched 
[09:49:12] 9780 ItemTemplates catched 
[09:49:12] 4489 Weapons catched 
[09:49:12] 363 ItemSets catched 
[09:49:12] 171 ItemTypes catched 
[09:49:13] 110 ItemPets catched 
[09:49:13] 2476 NpcTemplates catched 
[09:49:13] 787 NpcSpawns catched 
[09:49:13] 94 NpcItems catched 
[09:49:13] 19801 NpcMessages catched 
[09:49:13] 7 NpcReplies catched 
[09:49:13] 353 Triggers catched
[09:49:13] 1277 Paddocks catched
[09:49:13] 72 Mounts catched
[09:49:13] 4 Guild catched
[09:49:13] 3 GuildMembers catched
[09:49:14] 120 Handlers Readed
[09:49:14] 164 Messages Readed
[09:49:14] WorldServer start in 11937 ms.
[10:09:22] MySQL Database Connected
[10:09:22] 16 Breeds catched
[10:09:22] 256 Heads catched
[10:09:22] 561 Effects catched
[10:09:22] 4 SuperAreas catched
[10:09:22] 48 Areas catched
[10:09:23] 334 SubAreas catched
[10:09:31] 11260 DofusMaps catched
[10:09:31] 9761 StatedElements catched
[10:09:31] 13349 InteractiveElements catched
[10:09:31] 1485 HouseInformations catched
[10:09:31] 556 InteractiveDoors catched
[10:09:31] 3614 MapPositions uncatched
[10:09:31] 14681 MapPositions catched
[10:09:31] 42 MapZaaps catched
[10:09:31] 79 MapSubways catched
[10:09:31] 15228 SpellLevels catched 
[10:09:31] 4772 Spells catched 
[10:09:31] 316 GuildEmblems catched 
[10:09:31] 1179 LearnableSpells catched 
[10:09:32] 9780 ItemTemplates catched 
[10:09:32] 4489 Weapons catched 
[10:09:32] 363 ItemSets catched 
[10:09:32] 171 ItemTypes catched 
[10:09:32] 110 ItemPets catched 
[10:09:32] 2476 NpcTemplates catched 
[10:09:32] 787 NpcSpawns catched 
[10:09:32] 94 NpcItems catched 
[10:09:32] 19801 NpcMessages catched 
[10:09:32] 7 NpcReplies catched 
[10:09:33] 353 Triggers catched
[10:09:33] 1277 Paddocks catched
[10:09:33] 72 Mounts catched
[10:09:33] 4 Guild catched
[10:09:33] 3 GuildMembers catched
[10:09:33] 120 Handlers Readed
[10:09:34] 164 Messages Readed
[10:09:34] WorldServer start in 12178 ms.
[10:19:49] MySQL Database Connected
[10:19:49] 16 Breeds catched
[10:19:49] 256 Heads catched
[10:19:49] 561 Effects catched
[10:19:49] 4 SuperAreas catched
[10:19:49] 48 Areas catched
[10:19:50] 334 SubAreas catched
[10:19:58] 11260 DofusMaps catched
[10:19:58] 9761 StatedElements catched
[10:19:58] 13349 InteractiveElements catched
[10:19:58] 1485 HouseInformations catched
[10:19:58] 556 InteractiveDoors catched
[10:19:58] 3614 MapPositions uncatched
[10:19:58] 14681 MapPositions catched
[10:19:58] 42 MapZaaps catched
[10:19:58] 79 MapSubways catched
[10:19:58] 15228 SpellLevels catched 
[10:19:58] 4772 Spells catched 
[10:19:58] 316 GuildEmblems catched 
[10:19:58] 1179 LearnableSpells catched 
[10:19:59] 9780 ItemTemplates catched 
[10:19:59] 4489 Weapons catched 
[10:19:59] 363 ItemSets catched 
[10:19:59] 171 ItemTypes catched 
[10:19:59] 110 ItemPets catched 
[10:19:59] 2476 NpcTemplates catched 
[10:19:59] 787 NpcSpawns catched 
[10:19:59] 94 NpcItems catched 
[10:19:59] 19801 NpcMessages catched 
[10:19:59] 7 NpcReplies catched 
[10:20:00] 353 Triggers catched
[10:20:00] 1277 Paddocks catched
[10:20:00] 72 Mounts catched
[10:20:00] 4 Guild catched
[10:20:00] 3 GuildMembers catched
[10:20:00] 120 Handlers Readed
[10:20:01] 164 Messages Readed
[10:20:01] WorldServer start in 12294 ms.
[10:22:05] MySQL Database Connected
[10:22:05] 16 Breeds catched
[10:22:05] 256 Heads catched
[10:22:05] 561 Effects catched
[10:22:06] 4 SuperAreas catched
[10:22:06] 48 Areas catched
[10:22:07] 334 SubAreas catched
[10:22:14] 11260 DofusMaps catched
[10:22:14] 9761 StatedElements catched
[10:22:14] 13349 InteractiveElements catched
[10:22:15] 1485 HouseInformations catched
[10:22:15] 556 InteractiveDoors catched
[10:22:15] 3614 MapPositions uncatched
[10:22:15] 14681 MapPositions catched
[10:22:15] 42 MapZaaps catched
[10:22:15] 79 MapSubways catched
[10:22:15] 15228 SpellLevels catched 
[10:22:15] 4772 Spells catched 
[10:22:15] 316 GuildEmblems catched 
[10:22:15] 1179 LearnableSpells catched 
[10:22:15] 9780 ItemTemplates catched 
[10:22:15] 4489 Weapons catched 
[10:22:15] 363 ItemSets catched 
[10:22:15] 171 ItemTypes catched 
[10:22:15] 110 ItemPets catched 
[10:22:16] 2476 NpcTemplates catched 
[10:22:16] 787 NpcSpawns catched 
[10:22:16] 94 NpcItems catched 
[10:22:16] 19801 NpcMessages catched 
[10:22:16] 7 NpcReplies catched 
[10:22:16] 353 Triggers catched
[10:22:16] 1277 Paddocks catched
[10:22:16] 72 Mounts catched
[10:22:16] 4 Guild catched
[10:22:16] 3 GuildMembers catched
[10:22:17] 120 Handlers Readed
[10:22:17] 164 Messages Readed
[10:22:17] WorldServer start in 12336 ms.
[10:23:29] MySQL Database Connected
[10:23:30] 16 Breeds catched
[10:23:30] 256 Heads catched
[10:23:30] 561 Effects catched
[10:23:30] 4 SuperAreas catched
[10:23:30] 48 Areas catched
[10:23:31] 334 SubAreas catched
[10:23:39] 11260 DofusMaps catched
[10:23:39] 9761 StatedElements catched
[10:23:39] 13349 InteractiveElements catched
[10:23:39] 1485 HouseInformations catched
[10:23:39] 556 InteractiveDoors catched
[10:23:39] 3614 MapPositions uncatched
[10:23:39] 14681 MapPositions catched
[10:23:39] 42 MapZaaps catched
[10:23:39] 79 MapSubways catched
[10:23:39] 15228 SpellLevels catched 
[10:23:39] 4772 Spells catched 
[10:23:39] 316 GuildEmblems catched 
[10:23:39] 1179 LearnableSpells catched 
[10:23:40] 9780 ItemTemplates catched 
[10:23:40] 4489 Weapons catched 
[10:23:40] 363 ItemSets catched 
[10:23:40] 171 ItemTypes catched 
[10:23:40] 110 ItemPets catched 
[10:23:41] 2476 NpcTemplates catched 
[10:23:41] 787 NpcSpawns catched 
[10:23:41] 94 NpcItems catched 
[10:23:41] 19801 NpcMessages catched 
[10:23:41] 7 NpcReplies catched 
[10:23:41] 353 Triggers catched
[10:23:41] 1277 Paddocks catched
[10:23:41] 72 Mounts catched
[10:23:41] 4 Guild catched
[10:23:41] 3 GuildMembers catched
[10:23:41] 120 Handlers Readed
[10:23:42] 164 Messages Readed
[10:23:42] WorldServer start in 12833 ms.
[10:27:14] MySQL Database Connected
[10:27:14] 16 Breeds catched
[10:27:14] 256 Heads catched
[10:27:14] 561 Effects catched
[10:27:15] 4 SuperAreas catched
[10:27:15] 48 Areas catched
[10:27:16] 334 SubAreas catched
[10:27:56] MySQL Database Connected
[10:27:56] 16 Breeds catched
[10:27:56] 256 Heads catched
[10:27:56] 561 Effects catched
[10:27:56] 4 SuperAreas catched
[10:27:56] 48 Areas catched
[10:27:57] 334 SubAreas catched
[10:28:03] 11260 DofusMaps catched
[10:28:03] 9761 StatedElements catched
[10:28:03] 13349 InteractiveElements catched
[10:28:03] 1485 HouseInformations catched
[10:28:03] 556 InteractiveDoors catched
[10:28:03] 3614 MapPositions uncatched
[10:28:03] 14681 MapPositions catched
[10:28:03] 42 MapZaaps catched
[10:28:03] 79 MapSubways catched
[10:28:04] 15228 SpellLevels catched 
[10:28:04] 4772 Spells catched 
[10:28:04] 316 GuildEmblems catched 
[10:28:04] 1179 LearnableSpells catched 
[10:28:04] 9780 ItemTemplates catched 
[10:28:04] 4489 Weapons catched 
[10:28:04] 363 ItemSets catched 
[10:28:04] 171 ItemTypes catched 
[10:28:04] 110 ItemPets catched 
[10:28:05] 2476 NpcTemplates catched 
[10:28:05] 787 NpcSpawns catched 
[10:28:05] 94 NpcItems catched 
[10:28:05] 19801 NpcMessages catched 
[10:28:05] 7 NpcReplies catched 
[10:28:05] 353 Triggers catched
[10:28:05] 1277 Paddocks catched
[10:28:05] 72 Mounts catched
[10:28:05] 4 Guild catched
[10:28:05] 3 GuildMembers catched
[10:28:05] 120 Handlers Readed
[10:28:06] 164 Messages Readed
[10:28:06] WorldServer start in 10429 ms.
[10:30:57] MySQL Database Connected
[10:30:57] 16 Breeds catched
[10:30:57] 256 Heads catched
[10:30:57] 561 Effects catched
[10:30:57] 4 SuperAreas catched
[10:30:57] 48 Areas catched
[10:30:58] 334 SubAreas catched
[10:31:05] 11260 DofusMaps catched
[10:31:05] 9761 StatedElements catched
[10:31:05] 13349 InteractiveElements catched
[10:31:05] 1485 HouseInformations catched
[10:31:05] 556 InteractiveDoors catched
[10:31:05] 3614 MapPositions uncatched
[10:31:05] 14681 MapPositions catched
[10:31:05] 42 MapZaaps catched
[10:31:05] 79 MapSubways catched
[10:31:06] 15228 SpellLevels catched 
[10:31:06] 4772 Spells catched 
[10:31:06] 316 GuildEmblems catched 
[10:31:06] 1179 LearnableSpells catched 
[10:31:06] 9780 ItemTemplates catched 
[10:31:06] 4489 Weapons catched 
[10:31:06] 363 ItemSets catched 
[10:31:06] 171 ItemTypes catched 
[10:31:06] 110 ItemPets catched 
[10:31:07] 2476 NpcTemplates catched 
[10:31:07] 787 NpcSpawns catched 
[10:31:07] 94 NpcItems catched 
[10:31:07] 19801 NpcMessages catched 
[10:31:07] 7 NpcReplies catched 
[10:31:07] 353 Triggers catched
[10:31:07] 1277 Paddocks catched
[10:31:07] 72 Mounts catched
[10:31:07] 4 Guild catched
[10:31:07] 3 GuildMembers catched
[10:31:08] 120 Handlers Readed
[10:31:08] 164 Messages Readed
[10:31:08] WorldServer start in 11808 ms.
[10:35:26] MySQL Database Connected
[10:35:26] 16 Breeds catched
[10:35:26] 256 Heads catched
[10:35:26] 561 Effects catched
[10:35:27] 4 SuperAreas catched
[10:35:27] 48 Areas catched
[10:35:28] 334 SubAreas catched
[10:35:35] 11260 DofusMaps catched
[10:35:35] 9761 StatedElements catched
[10:35:35] 13349 InteractiveElements catched
[10:35:35] 1485 HouseInformations catched
[10:35:35] 556 InteractiveDoors catched
[10:35:35] 3614 MapPositions uncatched
[10:35:35] 14681 MapPositions catched
[10:35:35] 42 MapZaaps catched
[10:35:35] 79 MapSubways catched
[10:35:36] 15228 SpellLevels catched 
[10:35:36] 4772 Spells catched 
[10:35:36] 316 GuildEmblems catched 
[10:35:36] 1179 LearnableSpells catched 
[10:35:36] 9780 ItemTemplates catched 
[10:35:36] 4489 Weapons catched 
[10:35:36] 363 ItemSets catched 
[10:35:36] 171 ItemTypes catched 
[10:35:36] 110 ItemPets catched 
[10:35:37] 2476 NpcTemplates catched 
[10:35:37] 787 NpcSpawns catched 
[10:35:37] 94 NpcItems catched 
[10:35:37] 19801 NpcMessages catched 
[10:35:37] 7 NpcReplies catched 
[10:35:37] 353 Triggers catched
[10:35:37] 1277 Paddocks catched
[10:35:37] 72 Mounts catched
[10:35:37] 4 Guild catched
[10:35:37] 3 GuildMembers catched
[10:35:38] 120 Handlers Readed
[10:35:38] 164 Messages Readed
[10:35:38] WorldServer start in 12308 ms.
[10:39:39] MySQL Database Connected
[10:39:39] 16 Breeds catched
[10:39:39] 256 Heads catched
[10:39:39] 561 Effects catched
[10:39:39] 4 SuperAreas catched
[10:39:39] 48 Areas catched
[10:39:40] 334 SubAreas catched
[10:39:48] 11260 DofusMaps catched
[10:39:48] 9761 StatedElements catched
[10:39:48] 13349 InteractiveElements catched
[10:39:48] 1485 HouseInformations catched
[10:39:48] 556 InteractiveDoors catched
[10:39:48] 3614 MapPositions uncatched
[10:39:48] 14681 MapPositions catched
[10:39:48] 42 MapZaaps catched
[10:39:48] 79 MapSubways catched
[10:39:48] 15228 SpellLevels catched 
[10:39:49] 4772 Spells catched 
[10:39:49] 316 GuildEmblems catched 
[10:39:49] 1179 LearnableSpells catched 
[10:39:49] 9780 ItemTemplates catched 
[10:39:49] 4489 Weapons catched 
[10:39:49] 363 ItemSets catched 
[10:39:49] 171 ItemTypes catched 
[10:39:49] 110 ItemPets catched 
[10:39:50] 2476 NpcTemplates catched 
[10:39:50] 787 NpcSpawns catched 
[10:39:50] 94 NpcItems catched 
[10:39:50] 19801 NpcMessages catched 
[10:39:50] 7 NpcReplies catched 
[10:39:50] 353 Triggers catched
[10:39:50] 1277 Paddocks catched
[10:39:50] 72 Mounts catched
[10:39:50] 4 Guild catched
[10:39:50] 3 GuildMembers catched
[10:39:51] 120 Handlers Readed
[10:39:51] 164 Messages Readed
[10:39:51] WorldServer start in 13002 ms.
[10:42:13] MySQL Database Connected
[10:42:13] 16 Breeds catched
[10:42:13] 256 Heads catched
[10:42:13] 561 Effects catched
[10:42:14] 4 SuperAreas catched
[10:42:14] 48 Areas catched
[10:42:15] 334 SubAreas catched
[10:42:22] 11260 DofusMaps catched
[10:42:22] 9761 StatedElements catched
[10:42:23] 13349 InteractiveElements catched
[10:42:23] 1485 HouseInformations catched
[10:42:23] 556 InteractiveDoors catched
[10:42:23] 3614 MapPositions uncatched
[10:42:23] 14681 MapPositions catched
[10:42:23] 42 MapZaaps catched
[10:42:23] 79 MapSubways catched
[10:42:23] 15228 SpellLevels catched 
[10:42:23] 4772 Spells catched 
[10:42:23] 316 GuildEmblems catched 
[10:42:23] 1179 LearnableSpells catched 
[10:42:24] 9780 ItemTemplates catched 
[10:42:24] 4489 Weapons catched 
[10:42:24] 363 ItemSets catched 
[10:42:24] 171 ItemTypes catched 
[10:42:24] 110 ItemPets catched 
[10:42:24] 2476 NpcTemplates catched 
[10:42:24] 787 NpcSpawns catched 
[10:42:24] 94 NpcItems catched 
[10:42:24] 19801 NpcMessages catched 
[10:42:24] 7 NpcReplies catched 
[10:42:25] 353 Triggers catched
[10:42:25] 1277 Paddocks catched
[10:42:25] 72 Mounts catched
[10:42:25] 4 Guild catched
[10:42:25] 3 GuildMembers catched
[10:42:25] 120 Handlers Readed
[10:42:26] 164 Messages Readed
[10:42:26] WorldServer start in 12980 ms.
[10:43:38] MySQL Database Connected
[10:43:38] 16 Breeds catched
[10:43:38] 256 Heads catched
[10:43:38] 561 Effects catched
[10:43:38] 4 SuperAreas catched
[10:43:38] 48 Areas catched
[10:43:39] 334 SubAreas catched
[10:43:46] 11260 DofusMaps catched
[10:43:46] 9761 StatedElements catched
[10:43:47] 13349 InteractiveElements catched
[10:43:47] 1485 HouseInformations catched
[10:43:47] 556 InteractiveDoors catched
[10:43:47] 3614 MapPositions uncatched
[10:43:47] 14681 MapPositions catched
[10:43:47] 42 MapZaaps catched
[10:43:47] 79 MapSubways catched
[10:43:47] 15228 SpellLevels catched 
[10:43:47] 4772 Spells catched 
[10:43:47] 316 GuildEmblems catched 
[10:43:47] 1179 LearnableSpells catched 
[10:43:47] 9780 ItemTemplates catched 
[10:43:47] 4489 Weapons catched 
[10:43:47] 363 ItemSets catched 
[10:43:47] 171 ItemTypes catched 
[10:43:47] 110 ItemPets catched 
[10:43:48] 2476 NpcTemplates catched 
[10:43:48] 787 NpcSpawns catched 
[10:43:48] 94 NpcItems catched 
[10:43:48] 19801 NpcMessages catched 
[10:43:48] 7 NpcReplies catched 
[10:43:48] 353 Triggers catched
[10:43:48] 1277 Paddocks catched
[10:43:48] 72 Mounts catched
[10:43:48] 4 Guild catched
[10:43:48] 3 GuildMembers catched
[10:43:49] 120 Handlers Readed
[10:43:49] 164 Messages Readed
[10:43:49] WorldServer start in 12017 ms.
[11:07:38] MySQL Database Connected
[11:07:38] 16 Breeds catched
[11:07:38] 256 Heads catched
[11:07:38] 561 Effects catched
[11:07:38] 4 SuperAreas catched
[11:07:38] 48 Areas catched
[11:07:39] 334 SubAreas catched
[11:07:47] 11260 DofusMaps catched
[11:07:48] 9761 StatedElements catched
[11:07:48] 13349 InteractiveElements catched
[11:07:48] 1485 HouseInformations catched
[11:07:48] 556 InteractiveDoors catched
[11:07:48] 3614 MapPositions uncatched
[11:07:48] 14681 MapPositions catched
[11:07:48] 42 MapZaaps catched
[11:07:48] 79 MapSubways catched
[11:07:48] 15228 SpellLevels catched 
[11:07:48] 4772 Spells catched 
[11:07:48] 316 GuildEmblems catched 
[11:07:48] 1179 LearnableSpells catched 
[11:07:48] 9780 ItemTemplates catched 
[11:07:48] 4489 Weapons catched 
[11:07:49] 363 ItemSets catched 
[11:07:49] 171 ItemTypes catched 
[11:07:49] 110 ItemPets catched 
[11:07:49] 2476 NpcTemplates catched 
[11:07:49] 787 NpcSpawns catched 
[11:07:49] 94 NpcItems catched 
[11:07:49] 19801 NpcMessages catched 
[11:07:49] 7 NpcReplies catched 
[11:07:49] 353 Triggers catched
[11:07:49] 1277 Paddocks catched
[11:07:49] 72 Mounts catched
[11:07:49] 4 Guild catched
[11:07:49] 3 GuildMembers catched
[11:07:50] 120 Handlers Readed
[11:07:50] 164 Messages Readed
[11:07:51] WorldServer start in 12954 ms.
[11:11:58] MySQL Database Connected
[11:11:58] 16 Breeds catched
[11:11:58] 256 Heads catched
[11:11:58] 561 Effects catched
[11:11:58] 4 SuperAreas catched
[11:11:58] 48 Areas catched
[11:11:59] 334 SubAreas catched
[11:12:07] 11260 DofusMaps catched
[11:12:07] 9761 StatedElements catched
[11:12:07] 13349 InteractiveElements catched
[11:12:07] 1485 HouseInformations catched
[11:12:07] 556 InteractiveDoors catched
[11:12:07] 3614 MapPositions uncatched
[11:12:07] 14681 MapPositions catched
[11:12:07] 42 MapZaaps catched
[11:12:07] 79 MapSubways catched
[11:12:07] 15228 SpellLevels catched 
[11:12:07] 4772 Spells catched 
[11:12:07] 316 GuildEmblems catched 
[11:12:07] 1179 LearnableSpells catched 
[11:12:08] 9780 ItemTemplates catched 
[11:12:08] 4489 Weapons catched 
[11:12:08] 363 ItemSets catched 
[11:12:08] 171 ItemTypes catched 
[11:12:08] 110 ItemPets catched 
[11:12:08] 2476 NpcTemplates catched 
[11:12:08] 787 NpcSpawns catched 
[11:12:08] 94 NpcItems catched 
[11:12:08] 19801 NpcMessages catched 
[11:12:08] 7 NpcReplies catched 
[11:12:09] 353 Triggers catched
[11:12:09] 1277 Paddocks catched
[11:12:09] 72 Mounts catched
[11:12:09] 4 Guild catched
[11:12:09] 3 GuildMembers catched
[11:12:09] 120 Handlers Readed
[11:12:10] 164 Messages Readed
[11:12:10] WorldServer start in 12196 ms.
[11:14:07] MySQL Database Connected
[11:14:07] 16 Breeds catched
[11:14:07] 256 Heads catched
[11:14:07] 561 Effects catched
[11:14:07] 4 SuperAreas catched
[11:14:07] 48 Areas catched
[11:14:08] 334 SubAreas catched
[11:14:16] 11260 DofusMaps catched
[11:14:16] 9761 StatedElements catched
[11:14:16] 13349 InteractiveElements catched
[11:14:16] 1485 HouseInformations catched
[11:14:16] 556 InteractiveDoors catched
[11:14:16] 3614 MapPositions uncatched
[11:14:16] 14681 MapPositions catched
[11:14:16] 42 MapZaaps catched
[11:14:16] 79 MapSubways catched
[11:14:17] 15228 SpellLevels catched 
[11:14:17] 4772 Spells catched 
[11:14:17] 316 GuildEmblems catched 
[11:14:17] 1179 LearnableSpells catched 
[11:14:17] 9780 ItemTemplates catched 
[11:14:17] 4489 Weapons catched 
[11:14:17] 363 ItemSets catched 
[11:14:17] 171 ItemTypes catched 
[11:14:17] 110 ItemPets catched 
[11:14:18] 2476 NpcTemplates catched 
[11:14:18] 787 NpcSpawns catched 
[11:14:18] 94 NpcItems catched 
[11:14:18] 19801 NpcMessages catched 
[11:14:18] 7 NpcReplies catched 
[11:14:18] 353 Triggers catched
[11:14:18] 1277 Paddocks catched
[11:14:18] 72 Mounts catched
[11:14:18] 4 Guild catched
[11:14:18] 3 GuildMembers catched
[11:14:19] 120 Handlers Readed
[11:14:19] 164 Messages Readed
[11:14:19] WorldServer start in 12471 ms.
[11:15:28] MySQL Database Connected
[11:15:28] 16 Breeds catched
[11:15:28] 256 Heads catched
[11:15:28] 561 Effects catched
[11:15:28] 4 SuperAreas catched
[11:15:28] 48 Areas catched
[11:15:29] 334 SubAreas catched
[11:15:37] 11260 DofusMaps catched
[11:15:37] 9761 StatedElements catched
[11:15:37] 13349 InteractiveElements catched
[11:15:37] 1485 HouseInformations catched
[11:15:38] 556 InteractiveDoors catched
[11:15:38] 3614 MapPositions uncatched
[11:15:38] 14681 MapPositions catched
[11:15:38] 42 MapZaaps catched
[11:15:38] 79 MapSubways catched
[11:15:38] 15228 SpellLevels catched 
[11:15:38] 4772 Spells catched 
[11:15:38] 316 GuildEmblems catched 
[11:15:38] 1179 LearnableSpells catched 
[11:15:38] 9780 ItemTemplates catched 
[11:15:38] 4489 Weapons catched 
[11:15:38] 363 ItemSets catched 
[11:15:38] 171 ItemTypes catched 
[11:15:38] 110 ItemPets catched 
[11:15:39] 2476 NpcTemplates catched 
[11:15:39] 787 NpcSpawns catched 
[11:15:39] 94 NpcItems catched 
[11:15:39] 19801 NpcMessages catched 
[11:15:39] 7 NpcReplies catched 
[11:15:39] 353 Triggers catched
[11:15:39] 1277 Paddocks catched
[11:15:39] 72 Mounts catched
[11:15:39] 4 Guild catched
[11:15:39] 3 GuildMembers catched
[11:15:40] 120 Handlers Readed
[11:15:40] 164 Messages Readed
[11:15:40] WorldServer start in 12646 ms.
[11:21:56] MySQL Database Connected
[11:21:56] 16 Breeds catched
[11:21:56] 256 Heads catched
[11:21:56] 561 Effects catched
[11:21:56] 4 SuperAreas catched
[11:21:56] 48 Areas catched
[11:21:57] 334 SubAreas catched
[11:22:05] 11260 DofusMaps catched
[11:22:05] 9761 StatedElements catched
[11:22:05] 13349 InteractiveElements catched
[11:22:05] 1485 HouseInformations catched
[11:22:05] 556 InteractiveDoors catched
[11:22:05] 3614 MapPositions uncatched
[11:22:05] 14681 MapPositions catched
[11:22:05] 42 MapZaaps catched
[11:22:05] 79 MapSubways catched
[11:22:05] 15228 SpellLevels catched 
[11:22:06] 4772 Spells catched 
[11:22:06] 316 GuildEmblems catched 
[11:22:06] 1179 LearnableSpells catched 
[11:22:06] 9780 ItemTemplates catched 
[11:22:06] 4489 Weapons catched 
[11:22:06] 363 ItemSets catched 
[11:22:06] 171 ItemTypes catched 
[11:22:06] 110 ItemPets catched 
[11:22:07] 2476 NpcTemplates catched 
[11:22:07] 787 NpcSpawns catched 
[11:22:07] 94 NpcItems catched 
[11:22:07] 19801 NpcMessages catched 
[11:22:07] 7 NpcReplies catched 
[11:22:07] 353 Triggers catched
[11:22:07] 1277 Paddocks catched
[11:22:07] 72 Mounts catched
[11:22:07] 4 Guild catched
[11:22:07] 3 GuildMembers catched
[11:22:07] 120 Handlers Readed
[11:22:08] 164 Messages Readed
[11:22:08] WorldServer start in 12294 ms.
[11:23:29] MySQL Database Connected
[11:23:30] 16 Breeds catched
[11:23:30] 256 Heads catched
[11:23:30] 561 Effects catched
[11:23:30] 4 SuperAreas catched
[11:23:30] 48 Areas catched
[11:23:31] 334 SubAreas catched
[11:23:38] 11260 DofusMaps catched
[11:23:38] 9761 StatedElements catched
[11:23:39] 13349 InteractiveElements catched
[11:23:39] 1485 HouseInformations catched
[11:23:39] 556 InteractiveDoors catched
[11:23:39] 3614 MapPositions uncatched
[11:23:39] 14681 MapPositions catched
[11:23:39] 42 MapZaaps catched
[11:23:39] 79 MapSubways catched
[11:23:39] 15228 SpellLevels catched 
[11:23:39] 4772 Spells catched 
[11:23:39] 316 GuildEmblems catched 
[11:23:39] 1179 LearnableSpells catched 
[11:23:39] 9780 ItemTemplates catched 
[11:23:39] 4489 Weapons catched 
[11:23:39] 363 ItemSets catched 
[11:23:39] 171 ItemTypes catched 
[11:23:39] 110 ItemPets catched 
[11:23:40] 2476 NpcTemplates catched 
[11:23:40] 787 NpcSpawns catched 
[11:23:40] 94 NpcItems catched 
[11:23:40] 19801 NpcMessages catched 
[11:23:40] 7 NpcReplies catched 
[11:23:40] 353 Triggers catched
[11:23:40] 1277 Paddocks catched
[11:23:40] 72 Mounts catched
[11:23:40] 4 Guild catched
[11:23:40] 3 GuildMembers catched
[11:23:41] 120 Handlers Readed
[11:23:41] 164 Messages Readed
[11:23:41] WorldServer start in 12199 ms.
[11:25:27] MySQL Database Connected
[11:25:27] 16 Breeds catched
[11:25:27] 256 Heads catched
[11:25:27] 561 Effects catched
[11:25:27] 4 SuperAreas catched
[11:25:27] 48 Areas catched
[11:25:28] 334 SubAreas catched
[11:25:36] 11260 DofusMaps catched
[11:25:36] 9761 StatedElements catched
[11:25:36] 13349 InteractiveElements catched
[11:25:36] 1485 HouseInformations catched
[11:25:36] 556 InteractiveDoors catched
[11:25:36] 3614 MapPositions uncatched
[11:25:36] 14681 MapPositions catched
[11:25:36] 42 MapZaaps catched
[11:25:36] 79 MapSubways catched
[11:25:36] 15228 SpellLevels catched 
[11:25:36] 4772 Spells catched 
[11:25:36] 316 GuildEmblems catched 
[11:25:36] 1179 LearnableSpells catched 
[11:25:36] 9780 ItemTemplates catched 
[11:25:37] 4489 Weapons catched 
[11:25:37] 363 ItemSets catched 
[11:25:37] 171 ItemTypes catched 
[11:25:37] 110 ItemPets catched 
[11:25:37] 2476 NpcTemplates catched 
[11:25:37] 787 NpcSpawns catched 
[11:25:37] 94 NpcItems catched 
[11:25:37] 19801 NpcMessages catched 
[11:25:37] 7 NpcReplies catched 
[11:25:37] 353 Triggers catched
[11:25:38] 1277 Paddocks catched
[11:25:38] 72 Mounts catched
[11:25:38] 4 Guild catched
[11:25:38] 3 GuildMembers catched
[11:25:38] 120 Handlers Readed
[11:25:39] 164 Messages Readed
[11:25:39] WorldServer start in 12329 ms.
[11:26:20] MySQL Database Connected
[11:26:20] 16 Breeds catched
[11:26:20] 256 Heads catched
[11:26:20] 561 Effects catched
[11:26:21] 4 SuperAreas catched
[11:26:21] 48 Areas catched
[11:26:22] 334 SubAreas catched
[11:26:29] 11260 DofusMaps catched
[11:26:29] 9761 StatedElements catched
[11:26:30] 13349 InteractiveElements catched
[11:26:30] 1485 HouseInformations catched
[11:26:30] 556 InteractiveDoors catched
[11:26:30] 3614 MapPositions uncatched
[11:26:30] 14681 MapPositions catched
[11:26:30] 42 MapZaaps catched
[11:26:30] 79 MapSubways catched
[11:26:30] 15228 SpellLevels catched 
[11:26:30] 4772 Spells catched 
[11:26:30] 316 GuildEmblems catched 
[11:26:30] 1179 LearnableSpells catched 
[11:26:30] 9780 ItemTemplates catched 
[11:26:30] 4489 Weapons catched 
[11:26:30] 363 ItemSets catched 
[11:26:30] 171 ItemTypes catched 
[11:26:31] 110 ItemPets catched 
[11:26:31] 2476 NpcTemplates catched 
[11:26:31] 787 NpcSpawns catched 
[11:26:31] 94 NpcItems catched 
[11:26:31] 19801 NpcMessages catched 
[11:26:31] 7 NpcReplies catched 
[11:26:31] 353 Triggers catched
[11:26:31] 1277 Paddocks catched
[11:26:31] 72 Mounts catched
[11:26:31] 4 Guild catched
[11:26:31] 3 GuildMembers catched
[11:26:32] 120 Handlers Readed
[11:26:32] 164 Messages Readed
[11:26:32] WorldServer start in 12509 ms.
[11:27:49] MySQL Database Connected
[11:27:49] 16 Breeds catched
[11:27:49] 256 Heads catched
[11:27:49] 561 Effects catched
[11:27:49] 4 SuperAreas catched
[11:27:49] 48 Areas catched
[11:27:50] 334 SubAreas catched
[11:27:58] 11260 DofusMaps catched
[11:27:58] 9761 StatedElements catched
[11:27:58] 13349 InteractiveElements catched
[11:27:58] 1485 HouseInformations catched
[11:27:58] 556 InteractiveDoors catched
[11:27:58] 3614 MapPositions uncatched
[11:27:58] 14681 MapPositions catched
[11:27:58] 42 MapZaaps catched
[11:27:58] 79 MapSubways catched
[11:27:59] 15228 SpellLevels catched 
[11:27:59] 4772 Spells catched 
[11:27:59] 316 GuildEmblems catched 
[11:27:59] 1179 LearnableSpells catched 
[11:27:59] 9780 ItemTemplates catched 
[11:27:59] 4489 Weapons catched 
[11:27:59] 363 ItemSets catched 
[11:27:59] 171 ItemTypes catched 
[11:27:59] 110 ItemPets catched 
[11:28:00] 2476 NpcTemplates catched 
[11:28:00] 787 NpcSpawns catched 
[11:28:00] 94 NpcItems catched 
[11:28:00] 19801 NpcMessages catched 
[11:28:00] 7 NpcReplies catched 
[11:28:00] 353 Triggers catched
[11:28:00] 1277 Paddocks catched
[11:28:00] 72 Mounts catched
[11:28:00] 4 Guild catched
[11:28:00] 3 GuildMembers catched
[11:28:01] 120 Handlers Readed
[11:28:01] 164 Messages Readed
[11:28:01] WorldServer start in 12777 ms.
[11:29:04] MySQL Database Connected
[11:29:04] 16 Breeds catched
[11:29:04] 256 Heads catched
[11:29:04] 561 Effects catched
[11:29:05] 4 SuperAreas catched
[11:29:05] 48 Areas catched
[11:29:06] 334 SubAreas catched
[11:29:13] 11260 DofusMaps catched
[11:29:13] 9761 StatedElements catched
[11:29:13] 13349 InteractiveElements catched
[11:29:13] 1485 HouseInformations catched
[11:29:13] 556 InteractiveDoors catched
[11:29:13] 3614 MapPositions uncatched
[11:29:13] 14681 MapPositions catched
[11:29:13] 42 MapZaaps catched
[11:29:13] 79 MapSubways catched
[11:29:14] 15228 SpellLevels catched 
[11:29:14] 4772 Spells catched 
[11:29:14] 316 GuildEmblems catched 
[11:29:14] 1179 LearnableSpells catched 
[11:29:14] 9780 ItemTemplates catched 
[11:29:14] 4489 Weapons catched 
[11:29:14] 363 ItemSets catched 
[11:29:14] 171 ItemTypes catched 
[11:29:14] 110 ItemPets catched 
[11:29:15] 2476 NpcTemplates catched 
[11:29:15] 787 NpcSpawns catched 
[11:29:15] 94 NpcItems catched 
[11:29:15] 19801 NpcMessages catched 
[11:29:15] 7 NpcReplies catched 
[11:29:15] 353 Triggers catched
[11:29:15] 1277 Paddocks catched
[11:29:15] 72 Mounts catched
[11:29:15] 4 Guild catched
[11:29:15] 3 GuildMembers catched
[11:29:16] 120 Handlers Readed
[11:29:16] 164 Messages Readed
[11:29:16] WorldServer start in 12186 ms.
[11:51:30] MySQL Database Connected
[11:51:30] 16 Breeds catched
[11:51:30] 256 Heads catched
[11:51:30] 561 Effects catched
[11:51:30] 4 SuperAreas catched
[11:51:30] 48 Areas catched
[11:51:31] 334 SubAreas catched
[11:51:38] 11260 DofusMaps catched
[11:51:38] 9761 StatedElements catched
[11:51:38] 13349 InteractiveElements catched
[11:51:38] 1485 HouseInformations catched
[11:51:38] 556 InteractiveDoors catched
[11:51:39] 3614 MapPositions uncatched
[11:51:39] 14681 MapPositions catched
[11:51:39] 42 MapZaaps catched
[11:51:39] 79 MapSubways catched
[11:51:39] 15228 SpellLevels catched 
[11:51:39] 4772 Spells catched 
[11:51:39] 316 GuildEmblems catched 
[11:51:39] 1179 LearnableSpells catched 
[11:51:39] 9780 ItemTemplates catched 
[11:51:39] 4489 Weapons catched 
[11:51:39] 363 ItemSets catched 
[11:51:39] 171 ItemTypes catched 
[11:51:39] 110 ItemPets catched 
[11:51:40] 2476 NpcTemplates catched 
[11:51:40] 787 NpcSpawns catched 
[11:51:40] 94 NpcItems catched 
[11:51:40] 19801 NpcMessages catched 
[11:51:40] 7 NpcReplies catched 
[11:51:40] 353 Triggers catched
[11:51:40] 1277 Paddocks catched
[11:51:40] 72 Mounts catched
[11:51:40] 4 Guild catched
[11:51:40] 3 GuildMembers catched
[11:51:41] 120 Handlers Readed
[11:51:41] 164 Messages Readed
[11:51:41] WorldServer start in 12009 ms.
[11:53:10] MySQL Database Connected
[11:53:10] 16 Breeds catched
[11:53:10] 256 Heads catched
[11:53:10] 561 Effects catched
[11:53:10] 4 SuperAreas catched
[11:53:10] 48 Areas catched
[11:53:12] 334 SubAreas catched
[11:53:21] 11260 DofusMaps catched
[11:53:21] 9761 StatedElements catched
[11:53:22] 13349 InteractiveElements catched
[11:53:22] 1485 HouseInformations catched
[11:53:22] 556 InteractiveDoors catched
[11:53:22] 3614 MapPositions uncatched
[11:53:22] 14681 MapPositions catched
[11:53:22] 42 MapZaaps catched
[11:53:22] 79 MapSubways catched
[11:53:23] 15228 SpellLevels catched 
[11:53:23] 4772 Spells catched 
[11:53:23] 316 GuildEmblems catched 
[11:53:23] 1179 LearnableSpells catched 
[11:53:24] 9780 ItemTemplates catched 
[11:53:24] 4489 Weapons catched 
[11:53:24] 363 ItemSets catched 
[11:53:24] 171 ItemTypes catched 
[11:53:24] 110 ItemPets catched 
[11:53:25] 2476 NpcTemplates catched 
[11:53:25] 787 NpcSpawns catched 
[11:53:25] 94 NpcItems catched 
[11:53:25] 19801 NpcMessages catched 
[11:53:25] 7 NpcReplies catched 
[11:53:25] 353 Triggers catched
[11:53:26] 1277 Paddocks catched
[11:53:26] 72 Mounts catched
[11:53:26] 4 Guild catched
[11:53:26] 3 GuildMembers catched
[11:53:26] 120 Handlers Readed
[11:53:27] 164 Messages Readed
[11:53:27] WorldServer start in 17214 ms.
[12:05:34] MySQL Database Connected
[12:05:34] 16 Breeds catched
[12:05:34] 256 Heads catched
[12:05:34] 561 Effects catched
[12:05:34] 4 SuperAreas catched
[12:05:34] 48 Areas catched
[12:05:35] 334 SubAreas catched
[12:05:43] 11260 DofusMaps catched
[12:05:43] 9761 StatedElements catched
[12:05:43] 13349 InteractiveElements catched
[12:05:43] 1485 HouseInformations catched
[12:05:43] 556 InteractiveDoors catched
[12:05:43] 3614 MapPositions uncatched
[12:05:43] 14681 MapPositions catched
[12:05:43] 42 MapZaaps catched
[12:05:43] 79 MapSubways catched
[12:05:44] 15228 SpellLevels catched 
[12:05:44] 4772 Spells catched 
[12:05:44] 316 GuildEmblems catched 
[12:05:44] 1179 LearnableSpells catched 
[12:05:44] 9780 ItemTemplates catched 
[12:05:44] 4489 Weapons catched 
[12:05:44] 363 ItemSets catched 
[12:05:44] 171 ItemTypes catched 
[12:05:44] 110 ItemPets catched 
[12:05:45] 2476 NpcTemplates catched 
[12:05:45] 787 NpcSpawns catched 
[12:05:45] 94 NpcItems catched 
[12:05:45] 19801 NpcMessages catched 
[12:05:45] 7 NpcReplies catched 
[12:05:45] 353 Triggers catched
[12:05:45] 1277 Paddocks catched
[12:05:45] 72 Mounts catched
[12:05:45] 4 Guild catched
[12:05:45] 3 GuildMembers catched
[12:05:45] 120 Handlers Readed
[12:05:46] 164 Messages Readed
[12:05:46] WorldServer start in 12640 ms.
[12:09:36] MySQL Database Connected
[12:09:36] 16 Breeds catched
[12:09:36] 256 Heads catched
[12:09:36] 561 Effects catched
[12:09:37] 4 SuperAreas catched
[12:09:37] 48 Areas catched
[12:09:38] 334 SubAreas catched
[12:09:45] 11260 DofusMaps catched
[12:09:45] 9761 StatedElements catched
[12:09:45] 13349 InteractiveElements catched
[12:09:45] 1485 HouseInformations catched
[12:09:45] 556 InteractiveDoors catched
[12:09:45] 3614 MapPositions uncatched
[12:09:45] 14681 MapPositions catched
[12:09:45] 42 MapZaaps catched
[12:09:45] 79 MapSubways catched
[12:09:46] 15228 SpellLevels catched 
[12:09:46] 4772 Spells catched 
[12:09:46] 316 GuildEmblems catched 
[12:09:46] 1179 LearnableSpells catched 
[12:09:46] 9780 ItemTemplates catched 
[12:09:46] 4489 Weapons catched 
[12:09:46] 363 ItemSets catched 
[12:09:46] 171 ItemTypes catched 
[12:09:46] 110 ItemPets catched 
[12:09:47] 2476 NpcTemplates catched 
[12:09:47] 787 NpcSpawns catched 
[12:09:47] 94 NpcItems catched 
[12:09:47] 19801 NpcMessages catched 
[12:09:47] 7 NpcReplies catched 
[12:09:47] 353 Triggers catched
[12:09:47] 1277 Paddocks catched
[12:09:47] 72 Mounts catched
[12:09:47] 4 Guild catched
[12:09:47] 3 GuildMembers catched
[12:09:47] 120 Handlers Readed
[12:09:48] 164 Messages Readed
[12:09:48] WorldServer start in 12189 ms.
[12:11:37] MySQL Database Connected
[12:11:37] 16 Breeds catched
[12:11:37] 256 Heads catched
[12:11:37] 561 Effects catched
[12:11:37] 4 SuperAreas catched
[12:11:37] 48 Areas catched
[12:11:38] 334 SubAreas catched
[12:11:46] 11260 DofusMaps catched
[12:11:46] 9761 StatedElements catched
[12:11:46] 13349 InteractiveElements catched
[12:11:46] 1485 HouseInformations catched
[12:11:46] 556 InteractiveDoors catched
[12:11:47] 3614 MapPositions uncatched
[12:11:47] 14681 MapPositions catched
[12:11:47] 42 MapZaaps catched
[12:11:47] 79 MapSubways catched
[12:11:47] 15228 SpellLevels catched 
[12:11:47] 4772 Spells catched 
[12:11:47] 316 GuildEmblems catched 
[12:11:47] 1179 LearnableSpells catched 
[12:11:47] 9780 ItemTemplates catched 
[12:11:47] 4489 Weapons catched 
[12:11:47] 363 ItemSets catched 
[12:11:47] 171 ItemTypes catched 
[12:11:47] 110 ItemPets catched 
[12:11:48] 2476 NpcTemplates catched 
[12:11:48] 787 NpcSpawns catched 
[12:11:48] 94 NpcItems catched 
[12:11:48] 19801 NpcMessages catched 
[12:11:48] 7 NpcReplies catched 
[12:11:48] 353 Triggers catched
[12:11:48] 1277 Paddocks catched
[12:11:48] 72 Mounts catched
[12:11:48] 4 Guild catched
[12:11:48] 3 GuildMembers catched
[12:11:49] 120 Handlers Readed
[12:11:49] 164 Messages Readed
[12:11:49] WorldServer start in 12833 ms.
[12:13:28] MySQL Database Connected
[12:13:28] 16 Breeds catched
[12:13:28] 256 Heads catched
[12:13:28] 561 Effects catched
[12:13:29] 4 SuperAreas catched
[12:13:29] 48 Areas catched
[12:13:30] 334 SubAreas catched
[12:13:38] 11260 DofusMaps catched
[12:13:38] 9761 StatedElements catched
[12:13:38] 13349 InteractiveElements catched
[12:13:38] 1485 HouseInformations catched
[12:13:38] 556 InteractiveDoors catched
[12:13:38] 3614 MapPositions uncatched
[12:13:38] 14681 MapPositions catched
[12:13:38] 42 MapZaaps catched
[12:13:38] 79 MapSubways catched
[12:13:38] 15228 SpellLevels catched 
[12:13:38] 4772 Spells catched 
[12:13:38] 316 GuildEmblems catched 
[12:13:38] 1179 LearnableSpells catched 
[12:13:39] 9780 ItemTemplates catched 
[12:13:39] 4489 Weapons catched 
[12:13:39] 363 ItemSets catched 
[12:13:39] 171 ItemTypes catched 
[12:13:39] 110 ItemPets catched 
[12:13:39] 2476 NpcTemplates catched 
[12:13:39] 787 NpcSpawns catched 
[12:13:39] 94 NpcItems catched 
[12:13:39] 19801 NpcMessages catched 
[12:13:39] 7 NpcReplies catched 
[12:13:40] 353 Triggers catched
[12:13:40] 1277 Paddocks catched
[12:13:40] 72 Mounts catched
[12:13:40] 4 Guild catched
[12:13:40] 3 GuildMembers catched
[12:13:40] 120 Handlers Readed
[12:13:41] 164 Messages Readed
[12:13:41] WorldServer start in 12777 ms.
[12:15:51] MySQL Database Connected
[12:15:51] 16 Breeds catched
[12:15:51] 256 Heads catched
[12:15:51] 561 Effects catched
[12:15:52] 4 SuperAreas catched
[12:15:52] 48 Areas catched
[12:15:53] 334 SubAreas catched
[12:16:01] 11260 DofusMaps catched
[12:16:01] 9761 StatedElements catched
[12:16:01] 13349 InteractiveElements catched
[12:16:01] 1485 HouseInformations catched
[12:16:01] 556 InteractiveDoors catched
[12:16:01] 3614 MapPositions uncatched
[12:16:01] 14681 MapPositions catched
[12:16:01] 42 MapZaaps catched
[12:16:01] 79 MapSubways catched
[12:16:01] 15228 SpellLevels catched 
[12:16:01] 4772 Spells catched 
[12:16:01] 316 GuildEmblems catched 
[12:16:01] 1179 LearnableSpells catched 
[12:16:02] 9780 ItemTemplates catched 
[12:16:02] 4489 Weapons catched 
[12:16:02] 363 ItemSets catched 
[12:16:02] 171 ItemTypes catched 
[12:16:02] 110 ItemPets catched 
[12:16:02] 2476 NpcTemplates catched 
[12:16:02] 787 NpcSpawns catched 
[12:16:02] 94 NpcItems catched 
[12:16:02] 19801 NpcMessages catched 
[12:16:02] 7 NpcReplies catched 
[12:16:03] 353 Triggers catched
[12:16:03] 1277 Paddocks catched
[12:16:03] 72 Mounts catched
[12:16:03] 4 Guild catched
[12:16:03] 3 GuildMembers catched
[12:16:03] 120 Handlers Readed
[12:16:04] 164 Messages Readed
[12:16:04] WorldServer start in 12558 ms.
[12:28:23] MySQL Database Connected
[12:28:23] 16 Breeds catched
[12:28:23] 256 Heads catched
[12:28:23] 561 Effects catched
[12:28:24] 4 SuperAreas catched
[12:28:24] 48 Areas catched
[12:28:25] 334 SubAreas catched
[12:28:33] 11260 DofusMaps catched
[12:28:33] 9761 StatedElements catched
[12:28:33] 13349 InteractiveElements catched
[12:28:33] 1485 HouseInformations catched
[12:28:33] 556 InteractiveDoors catched
[12:28:33] 3614 MapPositions uncatched
[12:28:33] 14681 MapPositions catched
[12:28:33] 42 MapZaaps catched
[12:28:33] 79 MapSubways catched
[12:28:34] 15228 SpellLevels catched 
[12:28:34] 4772 Spells catched 
[12:28:34] 316 GuildEmblems catched 
[12:28:34] 1179 LearnableSpells catched 
[12:28:34] 9780 ItemTemplates catched 
[12:28:34] 4489 Weapons catched 
[12:28:34] 363 ItemSets catched 
[12:28:34] 171 ItemTypes catched 
[12:28:34] 110 ItemPets catched 
[12:28:35] 2476 NpcTemplates catched 
[12:28:35] 787 NpcSpawns catched 
[12:28:35] 94 NpcItems catched 
[12:28:35] 19801 NpcMessages catched 
[12:28:35] 7 NpcReplies catched 
[12:28:35] 353 Triggers catched
[12:28:35] 1277 Paddocks catched
[12:28:35] 72 Mounts catched
[12:28:35] 4 Guild catched
[12:28:35] 3 GuildMembers catched
[12:28:36] 120 Handlers Readed
[12:28:36] 164 Messages Readed
[12:28:36] WorldServer start in 13150 ms.
[12:29:26] MySQL Database Connected
[12:29:26] 16 Breeds catched
[12:29:26] 256 Heads catched
[12:29:26] 561 Effects catched
[12:29:26] 4 SuperAreas catched
[12:29:26] 48 Areas catched
[12:29:27] 334 SubAreas catched
[12:29:34] 11260 DofusMaps catched
[12:29:34] 9761 StatedElements catched
[12:29:35] 13349 InteractiveElements catched
[12:29:35] 1485 HouseInformations catched
[12:29:35] 556 InteractiveDoors catched
[12:29:35] 3614 MapPositions uncatched
[12:29:35] 14681 MapPositions catched
[12:29:35] 42 MapZaaps catched
[12:29:35] 79 MapSubways catched
[12:29:35] 15228 SpellLevels catched 
[12:29:35] 4772 Spells catched 
[12:29:35] 316 GuildEmblems catched 
[12:29:35] 1179 LearnableSpells catched 
[12:29:35] 9780 ItemTemplates catched 
[12:29:35] 4489 Weapons catched 
[12:29:35] 363 ItemSets catched 
[12:29:35] 171 ItemTypes catched 
[12:29:36] 110 ItemPets catched 
[12:29:36] 2476 NpcTemplates catched 
[12:29:36] 787 NpcSpawns catched 
[12:29:36] 94 NpcItems catched 
[12:29:36] 19801 NpcMessages catched 
[12:29:36] 7 NpcReplies catched 
[12:29:36] 353 Triggers catched
[12:29:36] 1277 Paddocks catched
[12:29:36] 72 Mounts catched
[12:29:36] 4 Guild catched
[12:29:36] 3 GuildMembers catched
[12:29:37] 120 Handlers Readed
[12:29:37] 164 Messages Readed
[12:29:37] WorldServer start in 11866 ms.
[12:31:18] MySQL Database Connected
[12:31:18] 16 Breeds catched
[12:31:18] 256 Heads catched
[12:31:18] 561 Effects catched
[12:31:18] 4 SuperAreas catched
[12:31:18] 48 Areas catched
[12:31:19] 334 SubAreas catched
[12:31:27] 11260 DofusMaps catched
[12:31:27] 9761 StatedElements catched
[12:31:28] 13349 InteractiveElements catched
[12:31:28] 1485 HouseInformations catched
[12:31:28] 556 InteractiveDoors catched
[12:31:28] 3614 MapPositions uncatched
[12:31:28] 14681 MapPositions catched
[12:31:28] 42 MapZaaps catched
[12:31:28] 79 MapSubways catched
[12:31:28] 15228 SpellLevels catched 
[12:31:28] 4772 Spells catched 
[12:31:28] 316 GuildEmblems catched 
[12:31:28] 1179 LearnableSpells catched 
[12:31:28] 9780 ItemTemplates catched 
[12:31:28] 4489 Weapons catched 
[12:31:29] 363 ItemSets catched 
[12:31:29] 171 ItemTypes catched 
[12:31:29] 110 ItemPets catched 
[12:31:29] 2476 NpcTemplates catched 
[12:31:29] 787 NpcSpawns catched 
[12:31:29] 94 NpcItems catched 
[12:31:29] 19801 NpcMessages catched 
[12:31:29] 7 NpcReplies catched 
[12:31:29] 353 Triggers catched
[12:31:29] 1277 Paddocks catched
[12:31:30] 72 Mounts catched
[12:31:30] 4 Guild catched
[12:31:30] 3 GuildMembers catched
[12:31:30] 120 Handlers Readed
[12:31:31] 164 Messages Readed
[12:31:31] WorldServer start in 13137 ms.
[12:34:23] MySQL Database Connected
[12:34:23] 16 Breeds catched
[12:34:23] 256 Heads catched
[12:34:23] 561 Effects catched
[12:34:24] 4 SuperAreas catched
[12:34:24] 48 Areas catched
[12:34:25] 334 SubAreas catched
[12:34:32] 11260 DofusMaps catched
[12:34:32] 9761 StatedElements catched
[12:34:32] 13349 InteractiveElements catched
[12:34:32] 1485 HouseInformations catched
[12:34:32] 556 InteractiveDoors catched
[12:34:32] 3614 MapPositions uncatched
[12:34:32] 14681 MapPositions catched
[12:34:32] 42 MapZaaps catched
[12:34:32] 79 MapSubways catched
[12:34:33] 15228 SpellLevels catched 
[12:34:33] 4772 Spells catched 
[12:34:33] 316 GuildEmblems catched 
[12:34:33] 1179 LearnableSpells catched 
[12:34:33] 9780 ItemTemplates catched 
[12:34:33] 4489 Weapons catched 
[12:34:33] 363 ItemSets catched 
[12:34:33] 171 ItemTypes catched 
[12:34:33] 110 ItemPets catched 
[12:34:34] 2476 NpcTemplates catched 
[12:34:34] 787 NpcSpawns catched 
[12:34:34] 94 NpcItems catched 
[12:34:34] 19801 NpcMessages catched 
[12:34:34] 7 NpcReplies catched 
[12:34:34] 353 Triggers catched
[12:34:34] 1277 Paddocks catched
[12:34:34] 72 Mounts catched
[12:34:34] 4 Guild catched
[12:34:34] 3 GuildMembers catched
[12:34:35] 120 Handlers Readed
[12:34:35] 164 Messages Readed
[12:34:35] WorldServer start in 12144 ms.
[12:35:16] MySQL Database Connected
[12:35:16] 16 Breeds catched
[12:35:16] 256 Heads catched
[12:35:16] 561 Effects catched
[12:35:16] 4 SuperAreas catched
[12:35:16] 48 Areas catched
[12:35:17] 334 SubAreas catched
[12:35:24] 11260 DofusMaps catched
[12:35:24] 9761 StatedElements catched
[12:35:24] 13349 InteractiveElements catched
[12:35:24] 1485 HouseInformations catched
[12:35:24] 556 InteractiveDoors catched
[12:35:24] 3614 MapPositions uncatched
[12:35:24] 14681 MapPositions catched
[12:35:24] 42 MapZaaps catched
[12:35:24] 79 MapSubways catched
[12:35:25] 15228 SpellLevels catched 
[12:35:25] 4772 Spells catched 
[12:35:25] 316 GuildEmblems catched 
[12:35:25] 1179 LearnableSpells catched 
[12:35:25] 9780 ItemTemplates catched 
[12:35:25] 4489 Weapons catched 
[12:35:25] 363 ItemSets catched 
[12:35:25] 171 ItemTypes catched 
[12:35:25] 110 ItemPets catched 
[12:35:26] 2476 NpcTemplates catched 
[12:35:26] 787 NpcSpawns catched 
[12:35:26] 94 NpcItems catched 
[12:35:26] 19801 NpcMessages catched 
[12:35:26] 7 NpcReplies catched 
[12:35:26] 353 Triggers catched
[12:35:26] 1277 Paddocks catched
[12:35:26] 72 Mounts catched
[12:35:26] 4 Guild catched
[12:35:26] 3 GuildMembers catched
[12:35:27] 120 Handlers Readed
[12:35:27] 164 Messages Readed
[12:35:27] WorldServer start in 11699 ms.
[12:46:42] MySQL Database Connected
[12:46:42] 16 Breeds catched
[12:46:42] 256 Heads catched
[12:46:42] 561 Effects catched
[12:46:42] 4 SuperAreas catched
[12:46:42] 48 Areas catched
[12:46:43] 334 SubAreas catched
[12:46:51] 11260 DofusMaps catched
[12:46:51] 9761 StatedElements catched
[12:46:51] 13349 InteractiveElements catched
[12:46:51] 1485 HouseInformations catched
[12:46:51] 556 InteractiveDoors catched
[12:46:51] 3614 MapPositions uncatched
[12:46:51] 14681 MapPositions catched
[12:46:51] 42 MapZaaps catched
[12:46:51] 79 MapSubways catched
[12:46:52] 15228 SpellLevels catched 
[12:46:52] 4772 Spells catched 
[12:46:52] 316 GuildEmblems catched 
[12:46:52] 1179 LearnableSpells catched 
[12:46:52] 9780 ItemTemplates catched 
[12:46:52] 4489 Weapons catched 
[12:46:52] 363 ItemSets catched 
[12:46:52] 171 ItemTypes catched 
[12:46:52] 110 ItemPets catched 
[12:46:53] 2476 NpcTemplates catched 
[12:46:53] 787 NpcSpawns catched 
[12:46:53] 94 NpcItems catched 
[12:46:53] 19801 NpcMessages catched 
[12:46:53] 7 NpcReplies catched 
[12:46:53] 353 Triggers catched
[12:46:53] 1277 Paddocks catched
[12:46:53] 72 Mounts catched
[12:46:53] 4 Guild catched
[12:46:53] 3 GuildMembers catched
[12:46:54] 120 Handlers Readed
[12:46:54] 164 Messages Readed
[12:46:54] WorldServer start in 12640 ms.
[13:16:54] MySQL Database Connected
[13:16:54] 16 Breeds catched
[13:16:54] 256 Heads catched
[13:16:54] 561 Effects catched
[13:16:55] 4 SuperAreas catched
[13:16:55] 48 Areas catched
[13:16:56] 334 SubAreas catched
[13:17:04] 11260 DofusMaps catched
[13:17:04] 9761 StatedElements catched
[13:17:04] 13349 InteractiveElements catched
[13:17:04] 1485 HouseInformations catched
[13:17:04] 556 InteractiveDoors catched
[13:17:04] 3614 MapPositions uncatched
[13:17:04] 14681 MapPositions catched
[13:17:04] 42 MapZaaps catched
[13:17:04] 79 MapSubways catched
[13:17:05] 15228 SpellLevels catched 
[13:17:05] 4772 Spells catched 
[13:17:05] 316 GuildEmblems catched 
[13:17:05] 1179 LearnableSpells catched 
[13:17:05] 9780 ItemTemplates catched 
[13:17:05] 4489 Weapons catched 
[13:17:05] 363 ItemSets catched 
[13:17:05] 171 ItemTypes catched 
[13:17:05] 110 ItemPets catched 
[13:17:06] 2476 NpcTemplates catched 
[13:17:06] 787 NpcSpawns catched 
[13:17:06] 94 NpcItems catched 
[13:17:06] 19801 NpcMessages catched 
[13:17:06] 7 NpcReplies catched 
[13:17:06] 353 Triggers catched
[13:17:06] 1277 Paddocks catched
[13:17:06] 72 Mounts catched
[13:17:06] 4 Guild catched
[13:17:06] 3 GuildMembers catched
[13:17:07] 120 Handlers Readed
[13:17:07] 164 Messages Readed
[13:17:07] WorldServer start in 13155 ms.
