[09:21:54] MySQL Database Connected
[09:21:54] 16 Breeds catched
[09:21:54] 256 Heads catched
[09:21:54] 561 Effects catched
[09:21:55] 4 SuperAreas catched
[09:21:55] 48 Areas catched
[09:21:56] 334 SubAreas catched
[09:23:58] MySQL Database Connected
[09:23:58] 16 Breeds catched
[09:23:58] 256 Heads catched
[09:23:58] 561 Effects catched
[09:24:23] 4 SuperAreas catched
[09:24:23] 48 Areas catched
[09:24:25] 334 SubAreas catched
[09:25:06] 11260 DofusMaps catched
[09:25:06] 9761 StatedElements catched
[09:25:06] 13349 InteractiveElements catched
[09:25:06] 1485 HouseInformations catched
[09:25:06] 556 InteractiveDoors catched
[09:25:06] 3614 MapPositions uncatched
[09:25:06] 14681 MapPositions catched
[09:25:06] 42 MapZaaps catched
[09:25:06] 79 MapSubways catched
[09:25:07] 15228 SpellLevels catched 
[09:25:07] 4772 Spells catched 
[09:25:07] 316 GuildEmblems catched 
[09:25:07] 1179 LearnableSpells catched 
[09:25:07] 9780 ItemTemplates catched 
[09:25:07] 4489 Weapons catched 
[09:25:07] 363 ItemSets catched 
[09:25:07] 171 ItemTypes catched 
[09:25:08] 110 ItemPets catched 
[09:25:08] 2476 NpcTemplates catched 
[09:25:08] 787 NpcSpawns catched 
[09:25:08] 94 NpcItems catched 
[09:25:08] 19801 NpcMessages catched 
[09:25:08] 7 NpcReplies catched 
[09:25:09] 353 Triggers catched
[09:25:09] 1277 Paddocks catched
[09:25:09] 72 Mounts catched
[09:25:09] 4 Guild catched
[09:25:09] 3 GuildMembers catched
[09:25:12] 121 Handlers Readed
[09:25:18] 166 Messages Readed
[09:25:18] WorldServer start in 81387 ms.
[09:27:30] MySQL Database Connected
[09:27:30] 16 Breeds catched
[09:27:30] 256 Heads catched
[09:27:30] 561 Effects catched
[09:27:31] 4 SuperAreas catched
[09:27:31] 48 Areas catched
[09:27:32] 334 SubAreas catched
[09:27:42] 11260 DofusMaps catched
[09:27:42] 9761 StatedElements catched
[09:27:42] 13349 InteractiveElements catched
[09:27:42] 1485 HouseInformations catched
[09:27:42] 556 InteractiveDoors catched
[09:27:42] 3614 MapPositions uncatched
[09:27:42] 14681 MapPositions catched
[09:27:43] 42 MapZaaps catched
[09:27:43] 79 MapSubways catched
[09:27:43] 15228 SpellLevels catched 
[09:27:43] 4772 Spells catched 
[09:27:43] 316 GuildEmblems catched 
[09:27:43] 1179 LearnableSpells catched 
[09:27:43] 9780 ItemTemplates catched 
[09:27:44] 4489 Weapons catched 
[09:27:44] 363 ItemSets catched 
[09:27:44] 171 ItemTypes catched 
[09:27:44] 110 ItemPets catched 
[09:27:44] 2476 NpcTemplates catched 
[09:27:44] 787 NpcSpawns catched 
[09:27:44] 94 NpcItems catched 
[09:27:44] 19801 NpcMessages catched 
[09:27:44] 7 NpcReplies catched 
[09:27:45] 353 Triggers catched
[09:27:45] 1277 Paddocks catched
[09:27:45] 72 Mounts catched
[09:27:45] 4 Guild catched
[09:27:45] 3 GuildMembers catched
[09:27:45] 121 Handlers Readed
[09:27:46] 166 Messages Readed
[09:27:46] WorldServer start in 15981 ms.
[09:33:58] MySQL Database Connected
[09:33:58] 16 Breeds catched
[09:33:58] 256 Heads catched
[09:33:58] 561 Effects catched
[09:33:59] 4 SuperAreas catched
[09:33:59] 48 Areas catched
[09:34:00] 334 SubAreas catched
[09:34:07] 11260 DofusMaps catched
[09:34:07] 9761 StatedElements catched
[09:34:07] 13349 InteractiveElements catched
[09:34:07] 1485 HouseInformations catched
[09:34:07] 556 InteractiveDoors catched
[09:34:08] 3614 MapPositions uncatched
[09:34:08] 14681 MapPositions catched
[09:34:08] 42 MapZaaps catched
[09:34:08] 79 MapSubways catched
[09:34:08] 15228 SpellLevels catched 
[09:34:08] 4772 Spells catched 
[09:34:08] 316 GuildEmblems catched 
[09:34:08] 1179 LearnableSpells catched 
[09:34:08] 9780 ItemTemplates catched 
[09:34:08] 4489 Weapons catched 
[09:34:08] 363 ItemSets catched 
[09:34:08] 171 ItemTypes catched 
[09:34:08] 110 ItemPets catched 
[09:34:09] 2476 NpcTemplates catched 
[09:34:09] 787 NpcSpawns catched 
[09:34:09] 94 NpcItems catched 
[09:34:09] 19801 NpcMessages catched 
[09:34:09] 7 NpcReplies catched 
[09:34:09] 353 Triggers catched
[09:34:09] 1277 Paddocks catched
[09:34:09] 72 Mounts catched
[09:34:09] 4 Guild catched
[09:34:09] 3 GuildMembers catched
[09:34:10] 121 Handlers Readed
[09:34:10] 166 Messages Readed
[09:34:10] WorldServer start in 12366 ms.
[09:40:53] MySQL Database Connected
[09:40:53] 16 Breeds catched
[09:40:53] 256 Heads catched
[09:40:53] 561 Effects catched
[09:40:54] 4 SuperAreas catched
[09:40:54] 48 Areas catched
[09:40:55] 334 SubAreas catched
[09:41:02] 11260 DofusMaps catched
[09:41:02] 9761 StatedElements catched
[09:41:03] 13349 InteractiveElements catched
[09:41:03] 1485 HouseInformations catched
[09:41:03] 556 InteractiveDoors catched
[09:41:03] 3614 MapPositions uncatched
[09:41:03] 14681 MapPositions catched
[09:41:03] 42 MapZaaps catched
[09:41:03] 79 MapSubways catched
[09:41:03] 15228 SpellLevels catched 
[09:41:03] 4772 Spells catched 
[09:41:03] 316 GuildEmblems catched 
[09:41:03] 1179 LearnableSpells catched 
[09:41:03] 9780 ItemTemplates catched 
[09:41:03] 4489 Weapons catched 
[09:41:04] 363 ItemSets catched 
[09:41:04] 171 ItemTypes catched 
[09:41:04] 110 ItemPets catched 
[09:41:04] 2476 NpcTemplates catched 
[09:41:04] 787 NpcSpawns catched 
[09:41:04] 94 NpcItems catched 
[09:41:04] 19801 NpcMessages catched 
[09:41:04] 7 NpcReplies catched 
[09:41:04] 353 Triggers catched
[09:41:04] 1277 Paddocks catched
[09:41:04] 72 Mounts catched
[09:41:04] 4 Guild catched
[09:41:04] 3 GuildMembers catched
[09:41:05] 121 Handlers Readed
[09:41:06] 166 Messages Readed
[09:41:06] WorldServer start in 12782 ms.
[09:44:17] MySQL Database Connected
[09:44:18] 16 Breeds catched
[09:44:18] 256 Heads catched
[09:44:18] 561 Effects catched
[09:44:18] 4 SuperAreas catched
[09:44:18] 48 Areas catched
[09:44:19] 334 SubAreas catched
[09:44:27] 11260 DofusMaps catched
[09:44:27] 9761 StatedElements catched
[09:44:28] 13349 InteractiveElements catched
[09:44:28] 1485 HouseInformations catched
[09:44:28] 556 InteractiveDoors catched
[09:44:28] 3614 MapPositions uncatched
[09:44:28] 14681 MapPositions catched
[09:44:28] 42 MapZaaps catched
[09:44:28] 79 MapSubways catched
[09:44:28] 15228 SpellLevels catched 
[09:44:28] 4772 Spells catched 
[09:44:28] 316 GuildEmblems catched 
[09:44:28] 1179 LearnableSpells catched 
[09:44:28] 9780 ItemTemplates catched 
[09:44:28] 4489 Weapons catched 
[09:44:29] 363 ItemSets catched 
[09:44:29] 171 ItemTypes catched 
[09:44:29] 110 ItemPets catched 
[09:44:29] 2476 NpcTemplates catched 
[09:44:29] 787 NpcSpawns catched 
[09:44:29] 94 NpcItems catched 
[09:44:29] 19801 NpcMessages catched 
[09:44:29] 7 NpcReplies catched 
[09:44:29] 353 Triggers catched
[09:44:30] 1277 Paddocks catched
[09:44:30] 72 Mounts catched
[09:44:30] 4 Guild catched
[09:44:30] 3 GuildMembers catched
[09:44:30] 121 Handlers Readed
[09:44:31] 166 Messages Readed
[09:44:31] WorldServer start in 13534 ms.
[14:07:41] MySQL Database Connected
[14:07:41] 16 Breeds catched
[14:07:41] 256 Heads catched
[14:07:41] 561 Effects catched
[14:07:49] 4 SuperAreas catched
[14:07:49] 48 Areas catched
[14:07:50] 334 SubAreas catched
[14:07:59] 11260 DofusMaps catched
[14:07:59] 9761 StatedElements catched
[14:08:00] 13349 InteractiveElements catched
[14:08:00] 1485 HouseInformations catched
[14:08:00] 556 InteractiveDoors catched
[14:08:00] 3614 MapPositions uncatched
[14:08:00] 14681 MapPositions catched
[14:08:00] 42 MapZaaps catched
[14:08:00] 79 MapSubways catched
[14:08:00] 15228 SpellLevels catched 
[14:08:00] 4772 Spells catched 
[14:08:00] 316 GuildEmblems catched 
[14:08:01] 1179 LearnableSpells catched 
[14:08:01] 9780 ItemTemplates catched 
[14:08:01] 4489 Weapons catched 
[14:08:01] 363 ItemSets catched 
[14:08:01] 171 ItemTypes catched 
[14:08:01] 110 ItemPets catched 
[14:08:02] 2476 NpcTemplates catched 
[14:08:02] 787 NpcSpawns catched 
[14:08:02] 94 NpcItems catched 
[14:08:02] 19801 NpcMessages catched 
[14:08:03] 7 NpcReplies catched 
[14:08:04] 353 Triggers catched
[14:08:04] 1277 Paddocks catched
[14:08:04] 72 Mounts catched
[14:08:05] 4 Guild catched
[14:08:05] 3 GuildMembers catched
[14:08:09] 121 Handlers Readed
[14:08:16] 166 Messages Readed
[14:08:16] WorldServer start in 35962 ms.
[14:10:50] MySQL Database Connected
[14:10:50] 16 Breeds catched
[14:10:50] 256 Heads catched
[14:10:50] 561 Effects catched
[14:10:50] 4 SuperAreas catched
[14:10:50] 48 Areas catched
[14:10:51] 334 SubAreas catched
[14:11:06] 11260 DofusMaps catched
[14:11:06] 9761 StatedElements catched
[14:11:06] 13349 InteractiveElements catched
[14:11:06] 1485 HouseInformations catched
[14:11:06] 556 InteractiveDoors catched
[14:11:06] 3614 MapPositions uncatched
[14:11:06] 14681 MapPositions catched
[14:11:06] 42 MapZaaps catched
[14:11:06] 79 MapSubways catched
[14:11:06] 15228 SpellLevels catched 
[14:11:07] 4772 Spells catched 
[14:11:07] 316 GuildEmblems catched 
[14:11:07] 1179 LearnableSpells catched 
[14:11:07] 9780 ItemTemplates catched 
[14:11:07] 4489 Weapons catched 
[14:11:07] 363 ItemSets catched 
[14:11:07] 171 ItemTypes catched 
[14:11:07] 110 ItemPets catched 
[14:11:08] 2476 NpcTemplates catched 
[14:11:08] 787 NpcSpawns catched 
[14:11:08] 94 NpcItems catched 
[14:11:08] 19801 NpcMessages catched 
[14:11:08] 7 NpcReplies catched 
[14:11:08] 353 Triggers catched
[14:11:08] 1277 Paddocks catched
[14:11:08] 72 Mounts catched
[14:11:08] 4 Guild catched
[14:11:08] 3 GuildMembers catched
[14:11:09] 121 Handlers Readed
[14:11:09] 166 Messages Readed
[14:11:09] WorldServer start in 20085 ms.
[14:17:03] MySQL Database Connected
[14:17:03] 16 Breeds catched
[14:17:03] 256 Heads catched
[14:17:03] 561 Effects catched
[14:17:04] 4 SuperAreas catched
[14:17:04] 48 Areas catched
[14:17:05] 334 SubAreas catched
[14:17:14] 11260 DofusMaps catched
[14:17:14] 9761 StatedElements catched
[14:17:14] 13349 InteractiveElements catched
[14:17:14] 1485 HouseInformations catched
[14:17:14] 556 InteractiveDoors catched
[14:17:14] 3614 MapPositions uncatched
[14:17:14] 14681 MapPositions catched
[14:17:14] 42 MapZaaps catched
[14:17:14] 79 MapSubways catched
[14:17:16] 15228 SpellLevels catched 
[14:17:16] 4772 Spells catched 
[14:17:16] 316 GuildEmblems catched 
[14:17:16] 1179 LearnableSpells catched 
[14:17:17] 9780 ItemTemplates catched 
[14:17:17] 4489 Weapons catched 
[14:17:17] 363 ItemSets catched 
[14:17:17] 171 ItemTypes catched 
[14:17:17] 110 ItemPets catched 
[14:17:17] 2476 NpcTemplates catched 
[14:17:17] 787 NpcSpawns catched 
[14:17:17] 94 NpcItems catched 
[14:17:18] 19801 NpcMessages catched 
[14:17:18] 7 NpcReplies catched 
[14:17:18] 353 Triggers catched
[14:17:18] 1277 Paddocks catched
[14:17:18] 72 Mounts catched
[14:17:18] 4 Guild catched
[14:17:18] 3 GuildMembers catched
[14:17:18] 121 Handlers Readed
[14:17:19] 166 Messages Readed
[14:17:19] WorldServer start in 16284 ms.
[14:24:55] MySQL Database Connected
[14:24:55] 16 Breeds catched
[14:24:55] 256 Heads catched
[14:24:55] 561 Effects catched
[14:24:56] 4 SuperAreas catched
[14:24:56] 48 Areas catched
[14:24:57] 334 SubAreas catched
[14:25:06] 11260 DofusMaps catched
[14:25:06] 9761 StatedElements catched
[14:25:06] 13349 InteractiveElements catched
[14:25:06] 1485 HouseInformations catched
[14:25:06] 556 InteractiveDoors catched
[14:25:06] 3614 MapPositions uncatched
[14:25:06] 14681 MapPositions catched
[14:25:06] 42 MapZaaps catched
[14:25:06] 79 MapSubways catched
[14:25:07] 15228 SpellLevels catched 
[14:25:07] 4772 Spells catched 
[14:25:07] 316 GuildEmblems catched 
[14:25:07] 1179 LearnableSpells catched 
[14:25:07] 9780 ItemTemplates catched 
[14:25:07] 4489 Weapons catched 
[14:25:07] 363 ItemSets catched 
[14:25:07] 171 ItemTypes catched 
[14:25:07] 110 ItemPets catched 
[14:25:08] 2476 NpcTemplates catched 
[14:25:08] 787 NpcSpawns catched 
[14:25:08] 94 NpcItems catched 
[14:25:08] 19801 NpcMessages catched 
[14:25:08] 7 NpcReplies catched 
[14:25:08] 353 Triggers catched
[14:25:08] 1277 Paddocks catched
[14:25:08] 72 Mounts catched
[14:25:08] 4 Guild catched
[14:25:08] 3 GuildMembers catched
[14:25:09] 121 Handlers Readed
[14:25:09] 166 Messages Readed
[14:25:09] WorldServer start in 14503 ms.
[14:29:13] MySQL Database Connected
[14:29:13] 16 Breeds catched
[14:29:13] 256 Heads catched
[14:29:13] 561 Effects catched
[14:29:13] 4 SuperAreas catched
[14:29:13] 48 Areas catched
[14:29:14] 334 SubAreas catched
[14:29:23] 11260 DofusMaps catched
[14:29:23] 9761 StatedElements catched
[14:29:24] 13349 InteractiveElements catched
[14:29:24] 1485 HouseInformations catched
[14:29:24] 556 InteractiveDoors catched
[14:29:24] 3614 MapPositions uncatched
[14:29:24] 14681 MapPositions catched
[14:29:24] 42 MapZaaps catched
[14:29:24] 79 MapSubways catched
[14:29:24] 15228 SpellLevels catched 
[14:29:24] 4772 Spells catched 
[14:29:24] 316 GuildEmblems catched 
[14:29:24] 1179 LearnableSpells catched 
[14:29:25] 9780 ItemTemplates catched 
[14:29:25] 4489 Weapons catched 
[14:29:26] 363 ItemSets catched 
[14:29:26] 171 ItemTypes catched 
[14:29:26] 110 ItemPets catched 
[14:29:27] 2476 NpcTemplates catched 
[14:29:27] 787 NpcSpawns catched 
[14:29:27] 94 NpcItems catched 
[14:29:27] 19801 NpcMessages catched 
[14:29:27] 7 NpcReplies catched 
[14:29:27] 353 Triggers catched
[14:29:27] 1277 Paddocks catched
[14:29:27] 72 Mounts catched
[14:29:27] 4 Guild catched
[14:29:27] 3 GuildMembers catched
[14:29:28] 121 Handlers Readed
[14:29:29] 166 Messages Readed
[14:29:29] WorldServer start in 16148 ms.
[14:33:01] MySQL Database Connected
[14:33:01] 16 Breeds catched
[14:33:01] 256 Heads catched
[14:33:01] 561 Effects catched
[14:33:02] 4 SuperAreas catched
[14:33:02] 48 Areas catched
[14:33:03] 334 SubAreas catched
[14:33:10] 11260 DofusMaps catched
[14:33:10] 9761 StatedElements catched
[14:33:12] 13349 InteractiveElements catched
[14:33:13] 1485 HouseInformations catched
[14:33:13] 556 InteractiveDoors catched
[14:33:13] 3614 MapPositions uncatched
[14:33:13] 14681 MapPositions catched
[14:33:13] 42 MapZaaps catched
[14:33:13] 79 MapSubways catched
[14:33:13] 15228 SpellLevels catched 
[14:33:13] 4772 Spells catched 
[14:33:13] 316 GuildEmblems catched 
[14:33:13] 1179 LearnableSpells catched 
[14:33:14] 9780 ItemTemplates catched 
[14:33:14] 4489 Weapons catched 
[14:33:15] 363 ItemSets catched 
[14:33:15] 171 ItemTypes catched 
[14:33:15] 110 ItemPets catched 
[14:33:15] 2476 NpcTemplates catched 
[14:33:15] 787 NpcSpawns catched 
[14:33:15] 94 NpcItems catched 
[14:33:15] 19801 NpcMessages catched 
[14:33:15] 7 NpcReplies catched 
[14:33:16] 353 Triggers catched
[14:33:16] 1277 Paddocks catched
[14:33:16] 72 Mounts catched
[14:33:16] 4 Guild catched
[14:33:16] 3 GuildMembers catched
[14:33:16] 121 Handlers Readed
[14:33:17] 166 Messages Readed
[14:33:17] WorldServer start in 16282 ms.
[14:35:01] MySQL Database Connected
[14:35:01] 16 Breeds catched
[14:35:01] 256 Heads catched
[14:35:01] 561 Effects catched
[14:35:01] 4 SuperAreas catched
[14:35:01] 48 Areas catched
[14:35:02] 334 SubAreas catched
[14:35:13] 11260 DofusMaps catched
[14:35:13] 9761 StatedElements catched
[14:35:13] 13349 InteractiveElements catched
[14:35:13] 1485 HouseInformations catched
[14:35:13] 556 InteractiveDoors catched
[14:35:13] 3614 MapPositions uncatched
[14:35:13] 14681 MapPositions catched
[14:35:13] 42 MapZaaps catched
[14:35:13] 79 MapSubways catched
[14:35:14] 15228 SpellLevels catched 
[14:35:14] 4772 Spells catched 
[14:35:14] 316 GuildEmblems catched 
[14:35:14] 1179 LearnableSpells catched 
[14:35:14] 9780 ItemTemplates catched 
[14:35:14] 4489 Weapons catched 
[14:35:14] 363 ItemSets catched 
[14:35:14] 171 ItemTypes catched 
[14:35:14] 110 ItemPets catched 
[14:35:15] 2476 NpcTemplates catched 
[14:35:15] 787 NpcSpawns catched 
[14:35:15] 94 NpcItems catched 
[14:35:15] 19801 NpcMessages catched 
[14:35:15] 7 NpcReplies catched 
[14:35:15] 353 Triggers catched
[14:35:15] 1277 Paddocks catched
[14:35:15] 72 Mounts catched
[14:35:15] 4 Guild catched
[14:35:15] 3 GuildMembers catched
[14:35:16] 121 Handlers Readed
[14:35:17] 166 Messages Readed
[14:35:17] WorldServer start in 16357 ms.
[14:42:30] MySQL Database Connected
[14:42:30] 16 Breeds catched
[14:42:30] 256 Heads catched
[14:42:30] 561 Effects catched
[14:42:30] 4 SuperAreas catched
[14:42:30] 48 Areas catched
[14:42:32] 334 SubAreas catched
[14:42:44] 11260 DofusMaps catched
[14:42:44] 9761 StatedElements catched
[14:42:44] 13349 InteractiveElements catched
[14:42:44] 1485 HouseInformations catched
[14:42:44] 556 InteractiveDoors catched
[14:42:44] 3614 MapPositions uncatched
[14:42:44] 14681 MapPositions catched
[14:42:44] 42 MapZaaps catched
[14:42:44] 79 MapSubways catched
[14:42:45] 15228 SpellLevels catched 
[14:42:45] 4772 Spells catched 
[14:42:45] 316 GuildEmblems catched 
[14:42:45] 1179 LearnableSpells catched 
[14:42:45] 9780 ItemTemplates catched 
[14:42:45] 4489 Weapons catched 
[14:42:45] 363 ItemSets catched 
[14:42:45] 171 ItemTypes catched 
[14:42:45] 110 ItemPets catched 
[14:42:46] 2476 NpcTemplates catched 
[14:42:46] 787 NpcSpawns catched 
[14:42:46] 94 NpcItems catched 
[14:42:46] 19801 NpcMessages catched 
[14:42:46] 7 NpcReplies catched 
[14:42:46] 353 Triggers catched
[14:42:46] 1277 Paddocks catched
[14:42:46] 72 Mounts catched
[14:42:46] 4 Guild catched
[14:42:46] 3 GuildMembers catched
[14:42:47] 121 Handlers Readed
[14:42:47] 166 Messages Readed
[14:42:47] WorldServer start in 18008 ms.
[15:49:00] MySQL Database Connected
[15:49:00] 16 Breeds catched
[15:49:00] 256 Heads catched
[15:49:00] 561 Effects catched
[15:49:00] 4 SuperAreas catched
[15:49:00] 48 Areas catched
[15:49:01] 334 SubAreas catched
[15:49:10] 11260 DofusMaps catched
[15:49:10] 9761 StatedElements catched
[15:49:10] 13349 InteractiveElements catched
[15:49:10] 1485 HouseInformations catched
[15:49:10] 556 InteractiveDoors catched
[15:49:10] 3614 MapPositions uncatched
[15:49:10] 14681 MapPositions catched
[15:49:10] 42 MapZaaps catched
[15:49:10] 79 MapSubways catched
[15:49:11] 15228 SpellLevels catched 
[15:49:11] 4772 Spells catched 
[15:49:11] 316 GuildEmblems catched 
[15:49:11] 1179 LearnableSpells catched 
[15:49:11] 9780 ItemTemplates catched 
[15:49:11] 4489 Weapons catched 
[15:49:11] 363 ItemSets catched 
[15:49:11] 171 ItemTypes catched 
[15:49:11] 110 ItemPets catched 
[15:49:12] 2476 NpcTemplates catched 
[15:49:12] 787 NpcSpawns catched 
[15:49:12] 94 NpcItems catched 
[15:49:12] 19801 NpcMessages catched 
[15:49:12] 7 NpcReplies catched 
[15:49:12] 353 Triggers catched
[15:49:12] 1277 Paddocks catched
[15:49:12] 72 Mounts catched
[15:49:12] 4 Guild catched
[15:49:12] 3 GuildMembers catched
[15:49:13] 121 Handlers Readed
[15:49:13] 166 Messages Readed
[15:49:13] WorldServer start in 13986 ms.
