[11:08:32] MySQL Database Connected
[11:08:33] 16 Breeds catched
[11:08:33] 256 Heads catched
[11:08:33] 561 Effects catched
[11:08:45] 11260 DofusMaps catched
[11:08:45] 454 StatedElements catched
[11:08:45] 820 InteractiveElements catched
[11:08:45] 87 HouseInformations catched
[11:08:45] 120 InteractiveDoors catched
[11:08:46] 3614 MapPositions uncatched
[11:08:46] 14681 MapPositions catched
[11:08:46] 42 MapZaaps catched
[11:08:47] 15228 SpellLevels catched 
[11:08:47] 4772 Spells catched 
[11:08:47] 1179 LearnableSpells catched 
[11:08:47] 9780 ItemTemplates catched 
[11:08:47] 4489 Weapons catched 
[11:08:47] 363 ItemSets catched 
[11:08:47] 171 ItemTypes catched 
[11:08:48] 110 ItemPets catched 
[11:08:48] 2476 NpcTemplates catched 
[11:08:48] 138 NpcSpawns catched 
[11:08:48] 50 NpcItems catched 
[11:08:48] 19801 NpcMessages catched 
[11:08:48] 7 NpcReplies catched 
[11:08:48] 18 Triggers catched
[11:08:48] 5 Paddocks catched
[11:08:49] 72 Mounts catched
[11:08:50] 88 Handlers Readed
[11:08:51] 124 Messages Readed
[11:08:51] WorldServer start in 19675 ms.
[11:19:19] MySQL Database Connected
[11:19:19] 16 Breeds catched
[11:19:19] 256 Heads catched
[11:19:19] 561 Effects catched
[11:19:42] 11260 DofusMaps catched
[11:19:42] 454 StatedElements catched
[11:19:42] 820 InteractiveElements catched
[11:19:42] 87 HouseInformations catched
[11:19:42] 120 InteractiveDoors catched
[11:19:43] 3614 MapPositions uncatched
[11:19:43] 14681 MapPositions catched
[11:19:43] 42 MapZaaps catched
[11:19:43] 15228 SpellLevels catched 
[11:19:43] 4772 Spells catched 
[11:19:43] 1179 LearnableSpells catched 
[11:19:44] 9780 ItemTemplates catched 
[11:19:44] 4489 Weapons catched 
[11:19:44] 363 ItemSets catched 
[11:19:44] 171 ItemTypes catched 
[11:19:44] 110 ItemPets catched 
[11:19:44] 2476 NpcTemplates catched 
[11:19:44] 138 NpcSpawns catched 
[11:19:44] 50 NpcItems catched 
[11:19:44] 19801 NpcMessages catched 
[11:19:44] 7 NpcReplies catched 
[11:19:44] 18 Triggers catched
[11:19:44] 5 Paddocks catched
[11:19:44] 72 Mounts catched
[11:19:45] 88 Handlers Readed
[11:19:45] 124 Messages Readed
[11:19:45] WorldServer start in 26893 ms.
[11:34:07] MySQL Database Connected
[11:34:07] 16 Breeds catched
[11:34:07] 256 Heads catched
[11:34:07] 561 Effects catched
[11:34:16] 11260 DofusMaps catched
[11:34:16] 454 StatedElements catched
[11:34:16] 820 InteractiveElements catched
[11:34:16] 87 HouseInformations catched
[11:34:16] 120 InteractiveDoors catched
[11:34:17] 3614 MapPositions uncatched
[11:34:17] 14681 MapPositions catched
[11:34:17] 42 MapZaaps catched
[11:34:17] 15228 SpellLevels catched 
[11:34:17] 4772 Spells catched 
[11:34:17] 1179 LearnableSpells catched 
[11:34:17] 9780 ItemTemplates catched 
[11:34:17] 4489 Weapons catched 
[11:34:17] 363 ItemSets catched 
[11:34:17] 171 ItemTypes catched 
[11:34:17] 110 ItemPets catched 
[11:34:18] 2476 NpcTemplates catched 
[11:34:18] 138 NpcSpawns catched 
[11:34:18] 50 NpcItems catched 
[11:34:18] 19801 NpcMessages catched 
[11:34:18] 7 NpcReplies catched 
[11:34:18] 18 Triggers catched
[11:34:18] 5 Paddocks catched
[11:34:18] 72 Mounts catched
[11:34:18] 88 Handlers Readed
[11:34:19] 124 Messages Readed
[11:34:19] WorldServer start in 11810 ms.
[11:40:49] MySQL Database Connected
[11:40:49] 16 Breeds catched
[11:40:49] 256 Heads catched
[11:40:49] 561 Effects catched
[11:40:57] 11260 DofusMaps catched
[11:40:57] 454 StatedElements catched
[11:40:58] 820 InteractiveElements catched
[11:40:58] 87 HouseInformations catched
[11:40:58] 120 InteractiveDoors catched
[11:41:00] 3614 MapPositions uncatched
[11:41:00] 14681 MapPositions catched
[11:41:00] 42 MapZaaps catched
[11:41:00] 15228 SpellLevels catched 
[11:41:00] 4772 Spells catched 
[11:41:00] 1179 LearnableSpells catched 
[11:41:01] 9780 ItemTemplates catched 
[11:41:01] 4489 Weapons catched 
[11:41:01] 363 ItemSets catched 
[11:41:01] 171 ItemTypes catched 
[11:41:01] 110 ItemPets catched 
[11:41:02] 2476 NpcTemplates catched 
[11:41:02] 138 NpcSpawns catched 
[11:41:02] 50 NpcItems catched 
[11:41:02] 19801 NpcMessages catched 
[11:41:02] 7 NpcReplies catched 
[11:41:02] 18 Triggers catched
[11:41:02] 5 Paddocks catched
[11:41:02] 72 Mounts catched
[11:41:03] 88 Handlers Readed
[11:41:03] 124 Messages Readed
[11:41:03] WorldServer start in 14425 ms.
[11:42:26] MySQL Database Connected
[11:42:26] 16 Breeds catched
[11:42:26] 256 Heads catched
[11:42:26] 561 Effects catched
[11:42:34] 11260 DofusMaps catched
[11:42:35] 454 StatedElements catched
[11:42:35] 820 InteractiveElements catched
[11:42:35] 87 HouseInformations catched
[11:42:35] 120 InteractiveDoors catched
[11:42:35] 3614 MapPositions uncatched
[11:42:35] 14681 MapPositions catched
[11:42:35] 42 MapZaaps catched
[11:42:35] 15228 SpellLevels catched 
[11:42:35] 4772 Spells catched 
[11:42:35] 1179 LearnableSpells catched 
[11:42:35] 9780 ItemTemplates catched 
[11:42:35] 4489 Weapons catched 
[11:42:35] 363 ItemSets catched 
[11:42:35] 171 ItemTypes catched 
[11:42:36] 110 ItemPets catched 
[11:42:36] 2476 NpcTemplates catched 
[11:42:36] 138 NpcSpawns catched 
[11:42:36] 50 NpcItems catched 
[11:42:36] 19801 NpcMessages catched 
[11:42:36] 7 NpcReplies catched 
[11:42:36] 18 Triggers catched
[11:42:36] 5 Paddocks catched
[11:42:36] 72 Mounts catched
[11:42:36] 88 Handlers Readed
[11:42:37] 124 Messages Readed
[11:42:37] WorldServer start in 10952 ms.
[11:53:04] MySQL Database Connected
[11:53:04] 16 Breeds catched
[11:53:04] 256 Heads catched
[11:53:04] 561 Effects catched
[11:53:26] 11260 DofusMaps catched
[11:53:26] 454 StatedElements catched
[11:53:27] 820 InteractiveElements catched
[11:53:27] 87 HouseInformations catched
[11:53:27] 120 InteractiveDoors catched
[11:53:27] 3614 MapPositions uncatched
[11:53:27] 14681 MapPositions catched
[11:53:27] 42 MapZaaps catched
[11:53:28] 15228 SpellLevels catched 
[11:53:28] 4772 Spells catched 
[11:53:28] 1179 LearnableSpells catched 
[11:53:28] 9780 ItemTemplates catched 
[11:53:28] 4489 Weapons catched 
[11:53:28] 363 ItemSets catched 
[11:53:28] 171 ItemTypes catched 
[11:53:28] 110 ItemPets catched 
[11:53:29] 2476 NpcTemplates catched 
[11:53:29] 138 NpcSpawns catched 
[11:53:29] 50 NpcItems catched 
[11:53:29] 19801 NpcMessages catched 
[11:53:29] 7 NpcReplies catched 
[11:53:29] 18 Triggers catched
[11:53:29] 5 Paddocks catched
[11:53:29] 72 Mounts catched
[11:53:29] 88 Handlers Readed
[11:53:29] 124 Messages Readed
[11:53:30] WorldServer start in 25623 ms.
[11:54:28] MySQL Database Connected
[11:54:28] 16 Breeds catched
[11:54:28] 256 Heads catched
[11:54:28] 561 Effects catched
[11:54:38] 11260 DofusMaps catched
[11:54:38] 454 StatedElements catched
[11:54:38] 820 InteractiveElements catched
[11:54:38] 87 HouseInformations catched
[11:54:38] 120 InteractiveDoors catched
[11:54:38] 3614 MapPositions uncatched
[11:54:38] 14681 MapPositions catched
[11:54:38] 42 MapZaaps catched
[11:54:38] 15228 SpellLevels catched 
[11:54:38] 4772 Spells catched 
[11:54:38] 1179 LearnableSpells catched 
[11:54:39] 9780 ItemTemplates catched 
[11:54:39] 4489 Weapons catched 
[11:54:39] 363 ItemSets catched 
[11:54:39] 171 ItemTypes catched 
[11:54:39] 110 ItemPets catched 
[11:54:39] 2476 NpcTemplates catched 
[11:54:39] 138 NpcSpawns catched 
[11:54:39] 50 NpcItems catched 
[11:54:39] 19801 NpcMessages catched 
[11:54:39] 7 NpcReplies catched 
[11:54:39] 18 Triggers catched
[11:54:39] 5 Paddocks catched
[11:54:39] 72 Mounts catched
[11:54:40] 88 Handlers Readed
[11:54:40] 124 Messages Readed
[11:54:40] WorldServer start in 12492 ms.
[12:02:09] MySQL Database Connected
[12:02:09] 16 Breeds catched
[12:02:09] 256 Heads catched
[12:02:09] 561 Effects catched
[12:02:19] 11260 DofusMaps catched
[12:02:19] 454 StatedElements catched
[12:02:19] 820 InteractiveElements catched
[12:02:19] 87 HouseInformations catched
[12:02:19] 120 InteractiveDoors catched
[12:02:19] 3614 MapPositions uncatched
[12:02:19] 14681 MapPositions catched
[12:02:19] 42 MapZaaps catched
[12:02:19] 15228 SpellLevels catched 
[12:02:20] 4772 Spells catched 
[12:02:20] 1179 LearnableSpells catched 
[12:02:20] 9780 ItemTemplates catched 
[12:02:20] 4489 Weapons catched 
[12:02:20] 363 ItemSets catched 
[12:02:20] 171 ItemTypes catched 
[12:02:20] 110 ItemPets catched 
[12:02:20] 2476 NpcTemplates catched 
[12:02:20] 138 NpcSpawns catched 
[12:02:20] 50 NpcItems catched 
[12:02:21] 19801 NpcMessages catched 
[12:02:21] 7 NpcReplies catched 
[12:02:21] 18 Triggers catched
[12:02:21] 5 Paddocks catched
[12:02:21] 72 Mounts catched
[12:02:21] 88 Handlers Readed
[12:02:21] 124 Messages Readed
[12:02:22] WorldServer start in 13117 ms.
[12:41:44] MySQL Database Connected
[12:41:44] 16 Breeds catched
[12:41:44] 256 Heads catched
[12:41:44] 561 Effects catched
[12:41:52] 11260 DofusMaps catched
[12:41:52] 454 StatedElements catched
[12:41:52] 820 InteractiveElements catched
[12:41:52] 87 HouseInformations catched
[12:41:52] 120 InteractiveDoors catched
[12:41:52] 3614 MapPositions uncatched
[12:41:52] 14681 MapPositions catched
[12:41:52] 42 MapZaaps catched
[12:41:53] 15228 SpellLevels catched 
[12:41:53] 4772 Spells catched 
[12:41:53] 1179 LearnableSpells catched 
[12:41:53] 9780 ItemTemplates catched 
[12:41:53] 4489 Weapons catched 
[12:41:53] 363 ItemSets catched 
[12:41:53] 171 ItemTypes catched 
[12:41:53] 110 ItemPets catched 
[12:41:54] 2476 NpcTemplates catched 
[12:41:54] 138 NpcSpawns catched 
[12:41:54] 50 NpcItems catched 
[12:41:54] 19801 NpcMessages catched 
[12:41:54] 7 NpcReplies catched 
[12:41:54] 18 Triggers catched
[12:41:54] 5 Paddocks catched
[12:41:54] 72 Mounts catched
[12:41:54] 88 Handlers Readed
[12:41:54] 124 Messages Readed
[12:41:55] WorldServer start in 10972 ms.
[12:45:53] MySQL Database Connected
[12:45:53] 16 Breeds catched
[12:45:53] 256 Heads catched
[12:45:53] 561 Effects catched
[12:46:02] 11260 DofusMaps catched
[12:46:02] 454 StatedElements catched
[12:46:02] 820 InteractiveElements catched
[12:46:02] 87 HouseInformations catched
[12:46:02] 120 InteractiveDoors catched
[12:46:02] 3614 MapPositions uncatched
[12:46:02] 14681 MapPositions catched
[12:46:03] 42 MapZaaps catched
[12:46:03] 15228 SpellLevels catched 
[12:46:03] 4772 Spells catched 
[12:46:03] 1179 LearnableSpells catched 
[12:46:03] 9780 ItemTemplates catched 
[12:46:03] 4489 Weapons catched 
[12:46:03] 363 ItemSets catched 
[12:46:03] 171 ItemTypes catched 
[12:46:03] 110 ItemPets catched 
[12:46:04] 2476 NpcTemplates catched 
[12:46:04] 138 NpcSpawns catched 
[12:46:04] 50 NpcItems catched 
[12:46:04] 19801 NpcMessages catched 
[12:46:04] 7 NpcReplies catched 
[12:46:04] 18 Triggers catched
[12:46:04] 5 Paddocks catched
[12:46:04] 72 Mounts catched
[12:46:04] 88 Handlers Readed
[12:46:05] 124 Messages Readed
[12:46:05] WorldServer start in 11685 ms.
[12:47:18] MySQL Database Connected
[12:47:18] 16 Breeds catched
[12:47:18] 256 Heads catched
[12:47:18] 561 Effects catched
[12:47:27] 11260 DofusMaps catched
[12:47:27] 454 StatedElements catched
[12:47:27] 820 InteractiveElements catched
[12:47:27] 87 HouseInformations catched
[12:47:27] 120 InteractiveDoors catched
[12:47:27] 3614 MapPositions uncatched
[12:47:27] 14681 MapPositions catched
[12:47:27] 42 MapZaaps catched
[12:47:27] 15228 SpellLevels catched 
[12:47:27] 4772 Spells catched 
[12:47:27] 1179 LearnableSpells catched 
[12:47:27] 9780 ItemTemplates catched 
[12:47:27] 4489 Weapons catched 
[12:47:28] 363 ItemSets catched 
[12:47:28] 171 ItemTypes catched 
[12:47:28] 110 ItemPets catched 
[12:47:28] 2476 NpcTemplates catched 
[12:47:28] 138 NpcSpawns catched 
[12:47:28] 50 NpcItems catched 
[12:47:28] 19801 NpcMessages catched 
[12:47:28] 7 NpcReplies catched 
[12:47:28] 18 Triggers catched
[12:47:28] 5 Paddocks catched
[12:47:28] 72 Mounts catched
[12:47:29] 88 Handlers Readed
[12:47:29] 124 Messages Readed
[12:47:29] WorldServer start in 11138 ms.
[12:59:12] MySQL Database Connected
[12:59:12] 16 Breeds catched
[12:59:12] 256 Heads catched
[12:59:12] 561 Effects catched
[12:59:23] 11260 DofusMaps catched
[12:59:23] 454 StatedElements catched
[12:59:23] 820 InteractiveElements catched
[12:59:23] 87 HouseInformations catched
[12:59:23] 120 InteractiveDoors catched
[12:59:23] 3614 MapPositions uncatched
[12:59:23] 14681 MapPositions catched
[12:59:23] 42 MapZaaps catched
[12:59:24] 15228 SpellLevels catched 
[12:59:24] 4772 Spells catched 
[12:59:24] 1179 LearnableSpells catched 
[12:59:25] 9780 ItemTemplates catched 
[12:59:25] 4489 Weapons catched 
[12:59:25] 363 ItemSets catched 
[12:59:25] 171 ItemTypes catched 
[12:59:25] 110 ItemPets catched 
[12:59:26] 2476 NpcTemplates catched 
[12:59:26] 138 NpcSpawns catched 
[12:59:26] 50 NpcItems catched 
[12:59:26] 19801 NpcMessages catched 
[12:59:26] 7 NpcReplies catched 
[12:59:26] 18 Triggers catched
[12:59:27] 5 Paddocks catched
[12:59:27] 72 Mounts catched
[12:59:27] 88 Handlers Readed
[12:59:27] 124 Messages Readed
[12:59:27] WorldServer start in 15726 ms.
[13:04:52] MySQL Database Connected
[13:04:52] 16 Breeds catched
[13:04:52] 256 Heads catched
[13:04:52] 561 Effects catched
[13:05:00] 11260 DofusMaps catched
[13:05:00] 454 StatedElements catched
[13:05:00] 820 InteractiveElements catched
[13:05:00] 87 HouseInformations catched
[13:05:00] 120 InteractiveDoors catched
[13:05:00] 3614 MapPositions uncatched
[13:05:00] 14681 MapPositions catched
[13:05:00] 42 MapZaaps catched
[13:05:01] 15228 SpellLevels catched 
[13:05:01] 4772 Spells catched 
[13:05:01] 1179 LearnableSpells catched 
[13:05:01] 9780 ItemTemplates catched 
[13:05:01] 4489 Weapons catched 
[13:05:01] 363 ItemSets catched 
[13:05:01] 171 ItemTypes catched 
[13:05:01] 110 ItemPets catched 
[13:05:01] 2476 NpcTemplates catched 
[13:05:01] 138 NpcSpawns catched 
[13:05:01] 50 NpcItems catched 
[13:05:01] 19801 NpcMessages catched 
[13:05:01] 7 NpcReplies catched 
[13:05:02] 18 Triggers catched
[13:05:02] 5 Paddocks catched
[13:05:02] 72 Mounts catched
[13:05:02] 88 Handlers Readed
[13:05:02] 124 Messages Readed
[13:05:02] WorldServer start in 10835 ms.
[13:21:00] MySQL Database Connected
[13:21:00] 16 Breeds catched
[13:21:00] 256 Heads catched
[13:21:00] 561 Effects catched
[13:21:08] 11260 DofusMaps catched
[13:21:08] 454 StatedElements catched
[13:21:08] 820 InteractiveElements catched
[13:21:08] 87 HouseInformations catched
[13:21:09] 120 InteractiveDoors catched
[13:21:09] 3614 MapPositions uncatched
[13:21:09] 14681 MapPositions catched
[13:21:09] 42 MapZaaps catched
[13:21:09] 15228 SpellLevels catched 
[13:21:09] 4772 Spells catched 
[13:21:09] 1179 LearnableSpells catched 
[13:21:09] 9780 ItemTemplates catched 
[13:21:09] 4489 Weapons catched 
[13:21:09] 363 ItemSets catched 
[13:21:09] 171 ItemTypes catched 
[13:21:09] 110 ItemPets catched 
[13:21:10] 2476 NpcTemplates catched 
[13:21:10] 138 NpcSpawns catched 
[13:21:10] 50 NpcItems catched 
[13:21:10] 19801 NpcMessages catched 
[13:21:10] 7 NpcReplies catched 
[13:21:10] 18 Triggers catched
[13:21:10] 5 Paddocks catched
[13:21:10] 72 Mounts catched
[13:21:10] 88 Handlers Readed
[13:21:11] 124 Messages Readed
[13:21:11] WorldServer start in 10621 ms.
[13:22:38] MySQL Database Connected
[13:22:38] 16 Breeds catched
[13:22:38] 256 Heads catched
[13:22:38] 561 Effects catched
[13:23:29] MySQL Database Connected
[13:23:29] 16 Breeds catched
[13:23:29] 256 Heads catched
[13:23:29] 561 Effects catched
[13:23:39] 11260 DofusMaps catched
[13:23:39] 454 StatedElements catched
[13:23:39] 820 InteractiveElements catched
[13:23:39] 87 HouseInformations catched
[13:23:39] 120 InteractiveDoors catched
[13:23:39] 3614 MapPositions uncatched
[13:23:39] 14681 MapPositions catched
[13:23:39] 42 MapZaaps catched
[13:23:39] 15228 SpellLevels catched 
[13:23:39] 4772 Spells catched 
[13:23:39] 1179 LearnableSpells catched 
[13:23:39] 9780 ItemTemplates catched 
[13:23:40] 4489 Weapons catched 
[13:23:40] 363 ItemSets catched 
[13:23:40] 171 ItemTypes catched 
[13:23:40] 110 ItemPets catched 
[13:23:40] 2476 NpcTemplates catched 
[13:23:40] 138 NpcSpawns catched 
[13:23:40] 50 NpcItems catched 
[13:23:40] 19801 NpcMessages catched 
[13:23:40] 7 NpcReplies catched 
[13:23:40] 18 Triggers catched
[13:23:40] 5 Paddocks catched
[13:23:40] 72 Mounts catched
[13:23:40] 88 Handlers Readed
[13:23:41] 124 Messages Readed
[13:23:41] WorldServer start in 11806 ms.
[13:25:41] MySQL Database Connected
[13:25:41] 16 Breeds catched
[13:25:41] 256 Heads catched
[13:25:41] 561 Effects catched
[13:26:05] 11260 DofusMaps catched
[13:26:05] 454 StatedElements catched
[13:26:05] 820 InteractiveElements catched
[13:26:05] 87 HouseInformations catched
[13:26:05] 120 InteractiveDoors catched
[13:26:05] 3614 MapPositions uncatched
[13:26:05] 14681 MapPositions catched
[13:26:05] 42 MapZaaps catched
[13:26:05] 15228 SpellLevels catched 
[13:26:05] 4772 Spells catched 
[13:26:05] 1179 LearnableSpells catched 
[13:26:06] 9780 ItemTemplates catched 
[13:26:06] 4489 Weapons catched 
[13:26:06] 363 ItemSets catched 
[13:26:06] 171 ItemTypes catched 
[13:26:06] 110 ItemPets catched 
[13:26:06] 2476 NpcTemplates catched 
[13:26:06] 138 NpcSpawns catched 
[13:26:06] 50 NpcItems catched 
[13:26:06] 19801 NpcMessages catched 
[13:26:06] 7 NpcReplies catched 
[13:26:06] 18 Triggers catched
[13:26:06] 5 Paddocks catched
[13:26:06] 72 Mounts catched
[13:26:07] 88 Handlers Readed
[13:26:07] 124 Messages Readed
[13:26:07] WorldServer start in 26414 ms.
[13:27:28] MySQL Database Connected
[13:27:28] 16 Breeds catched
[13:27:28] 256 Heads catched
[13:27:28] 561 Effects catched
[13:27:36] 11260 DofusMaps catched
[13:27:36] 454 StatedElements catched
[13:27:36] 820 InteractiveElements catched
[13:27:36] 87 HouseInformations catched
[13:27:36] 120 InteractiveDoors catched
[13:27:37] 3614 MapPositions uncatched
[13:27:37] 14681 MapPositions catched
[13:27:37] 42 MapZaaps catched
[13:27:37] 15228 SpellLevels catched 
[13:27:37] 4772 Spells catched 
[13:27:37] 1179 LearnableSpells catched 
[13:27:37] 9780 ItemTemplates catched 
[13:27:37] 4489 Weapons catched 
[13:27:37] 363 ItemSets catched 
[13:27:37] 171 ItemTypes catched 
[13:27:37] 110 ItemPets catched 
[13:27:38] 2476 NpcTemplates catched 
[13:27:38] 138 NpcSpawns catched 
[13:27:38] 50 NpcItems catched 
[13:27:38] 19801 NpcMessages catched 
[13:27:38] 7 NpcReplies catched 
[13:27:38] 18 Triggers catched
[13:27:38] 5 Paddocks catched
[13:27:38] 72 Mounts catched
[13:27:38] 88 Handlers Readed
[13:27:39] 124 Messages Readed
[13:27:39] WorldServer start in 10982 ms.
[13:28:03] MySQL Database Connected
[13:28:03] 16 Breeds catched
[13:28:03] 256 Heads catched
[13:28:03] 561 Effects catched
[13:28:12] 11260 DofusMaps catched
[13:28:12] 454 StatedElements catched
[13:28:12] 820 InteractiveElements catched
[13:28:12] 87 HouseInformations catched
[13:28:12] 120 InteractiveDoors catched
[13:28:12] 3614 MapPositions uncatched
[13:28:12] 14681 MapPositions catched
[13:28:12] 42 MapZaaps catched
[13:28:12] 15228 SpellLevels catched 
[13:28:12] 4772 Spells catched 
[13:28:12] 1179 LearnableSpells catched 
[13:28:12] 9780 ItemTemplates catched 
[13:28:13] 4489 Weapons catched 
[13:28:13] 363 ItemSets catched 
[13:28:13] 171 ItemTypes catched 
[13:28:13] 110 ItemPets catched 
[13:28:13] 2476 NpcTemplates catched 
[13:28:13] 138 NpcSpawns catched 
[13:28:13] 50 NpcItems catched 
[13:28:13] 19801 NpcMessages catched 
[13:28:13] 7 NpcReplies catched 
[13:28:13] 18 Triggers catched
[13:28:13] 5 Paddocks catched
[13:28:13] 72 Mounts catched
[13:28:14] 88 Handlers Readed
[13:28:14] 124 Messages Readed
[13:28:14] WorldServer start in 10951 ms.
[13:29:48] MySQL Database Connected
[13:29:48] 16 Breeds catched
[13:29:48] 256 Heads catched
[13:29:48] 561 Effects catched
[13:29:57] 11260 DofusMaps catched
[13:29:57] 454 StatedElements catched
[13:29:57] 820 InteractiveElements catched
[13:29:57] 87 HouseInformations catched
[13:29:57] 120 InteractiveDoors catched
[13:29:57] 3614 MapPositions uncatched
[13:29:57] 14681 MapPositions catched
[13:29:57] 42 MapZaaps catched
[13:29:57] 15228 SpellLevels catched 
[13:29:57] 4772 Spells catched 
[13:29:57] 1179 LearnableSpells catched 
[13:29:57] 9780 ItemTemplates catched 
[13:29:57] 4489 Weapons catched 
[13:29:57] 363 ItemSets catched 
[13:29:57] 171 ItemTypes catched 
[13:29:58] 110 ItemPets catched 
[13:29:58] 2476 NpcTemplates catched 
[13:29:58] 138 NpcSpawns catched 
[13:29:58] 50 NpcItems catched 
[13:29:58] 19801 NpcMessages catched 
[13:29:58] 7 NpcReplies catched 
[13:29:58] 18 Triggers catched
[13:29:58] 5 Paddocks catched
[13:29:58] 72 Mounts catched
[13:29:58] 88 Handlers Readed
[13:29:59] 124 Messages Readed
[13:29:59] WorldServer start in 10752 ms.
[13:31:24] MySQL Database Connected
[13:31:24] 16 Breeds catched
[13:31:24] 256 Heads catched
[13:31:24] 561 Effects catched
[13:31:32] 11260 DofusMaps catched
[13:31:32] 454 StatedElements catched
[13:31:32] 820 InteractiveElements catched
[13:31:32] 87 HouseInformations catched
[13:31:32] 120 InteractiveDoors catched
[13:31:33] 3614 MapPositions uncatched
[13:31:33] 14681 MapPositions catched
[13:31:33] 42 MapZaaps catched
[13:31:33] 15228 SpellLevels catched 
[13:31:33] 4772 Spells catched 
[13:31:33] 1179 LearnableSpells catched 
[13:31:33] 9780 ItemTemplates catched 
[13:31:33] 4489 Weapons catched 
[13:31:33] 363 ItemSets catched 
[13:31:33] 171 ItemTypes catched 
[13:31:33] 110 ItemPets catched 
[13:31:34] 2476 NpcTemplates catched 
[13:31:34] 138 NpcSpawns catched 
[13:31:34] 50 NpcItems catched 
[13:31:34] 19801 NpcMessages catched 
[13:31:34] 7 NpcReplies catched 
[13:31:34] 18 Triggers catched
[13:31:34] 5 Paddocks catched
[13:31:34] 72 Mounts catched
[13:31:34] 88 Handlers Readed
[13:31:35] 124 Messages Readed
[13:31:35] WorldServer start in 11214 ms.
[13:32:41] MySQL Database Connected
[13:32:41] 16 Breeds catched
[13:32:41] 256 Heads catched
[13:32:41] 561 Effects catched
[13:32:42] MySQL Database Connected
[13:32:42] 16 Breeds catched
[13:32:42] 256 Heads catched
[13:32:42] 561 Effects catched
[13:32:51] 11260 DofusMaps catched
[13:32:51] 454 StatedElements catched
[13:32:51] 820 InteractiveElements catched
[13:32:51] 87 HouseInformations catched
[13:32:51] 120 InteractiveDoors catched
[13:32:51] 3614 MapPositions uncatched
[13:32:51] 14681 MapPositions catched
[13:32:51] 42 MapZaaps catched
[13:32:51] 15228 SpellLevels catched 
[13:32:52] 4772 Spells catched 
[13:32:52] 1179 LearnableSpells catched 
[13:32:52] 9780 ItemTemplates catched 
[13:32:52] 4489 Weapons catched 
[13:32:52] 363 ItemSets catched 
[13:32:52] 171 ItemTypes catched 
[13:32:52] 110 ItemPets catched 
[13:32:53] 2476 NpcTemplates catched 
[13:32:53] 138 NpcSpawns catched 
[13:32:53] 50 NpcItems catched 
[13:32:53] 19801 NpcMessages catched 
[13:32:53] 7 NpcReplies catched 
[13:32:53] 18 Triggers catched
[13:32:53] 5 Paddocks catched
[13:32:53] 72 Mounts catched
[13:32:53] 88 Handlers Readed
[13:32:53] 124 Messages Readed
[13:32:54] WorldServer start in 11499 ms.
[14:25:41] MySQL Database Connected
[14:25:41] 16 Breeds catched
[14:25:41] 256 Heads catched
[14:25:41] 561 Effects catched
[14:25:49] 11260 DofusMaps catched
[14:25:49] 454 StatedElements catched
[14:25:49] 820 InteractiveElements catched
[14:25:49] 87 HouseInformations catched
[14:25:49] 120 InteractiveDoors catched
[14:25:49] 3614 MapPositions uncatched
[14:25:49] 14681 MapPositions catched
[14:25:49] 42 MapZaaps catched
[14:25:49] 15228 SpellLevels catched 
[14:25:49] 4772 Spells catched 
[14:25:49] 1179 LearnableSpells catched 
[14:25:50] 9780 ItemTemplates catched 
[14:25:50] 4489 Weapons catched 
[14:25:50] 363 ItemSets catched 
[14:25:50] 171 ItemTypes catched 
[14:25:50] 110 ItemPets catched 
[14:25:50] 2476 NpcTemplates catched 
[14:25:50] 138 NpcSpawns catched 
[14:25:50] 50 NpcItems catched 
[14:25:50] 19801 NpcMessages catched 
[14:25:50] 7 NpcReplies catched 
[14:25:50] 18 Triggers catched
[14:25:50] 5 Paddocks catched
[14:25:50] 72 Mounts catched
[14:25:51] 88 Handlers Readed
[14:25:51] 124 Messages Readed
[14:25:51] WorldServer start in 10555 ms.
[14:27:19] MySQL Database Connected
[14:27:19] 16 Breeds catched
[14:27:19] 256 Heads catched
[14:27:19] 561 Effects catched
[14:27:27] 11260 DofusMaps catched
[14:27:27] 454 StatedElements catched
[14:27:27] 820 InteractiveElements catched
[14:27:27] 87 HouseInformations catched
[14:27:27] 120 InteractiveDoors catched
[14:27:27] 3614 MapPositions uncatched
[14:27:27] 14681 MapPositions catched
[14:27:27] 42 MapZaaps catched
[14:27:27] 15228 SpellLevels catched 
[14:27:27] 4772 Spells catched 
[14:27:27] 1179 LearnableSpells catched 
[14:27:28] 9780 ItemTemplates catched 
[14:27:28] 4489 Weapons catched 
[14:27:28] 363 ItemSets catched 
[14:27:28] 171 ItemTypes catched 
[14:27:28] 110 ItemPets catched 
[14:27:28] 2476 NpcTemplates catched 
[14:27:28] 138 NpcSpawns catched 
[14:27:28] 50 NpcItems catched 
[14:27:28] 19801 NpcMessages catched 
[14:27:28] 7 NpcReplies catched 
[14:27:28] 18 Triggers catched
[14:27:28] 5 Paddocks catched
[14:27:28] 72 Mounts catched
[14:27:29] 88 Handlers Readed
[14:27:29] 124 Messages Readed
[14:27:29] WorldServer start in 10553 ms.
[14:30:12] MySQL Database Connected
[14:30:12] 16 Breeds catched
[14:30:12] 256 Heads catched
[14:30:12] 561 Effects catched
[14:30:20] 11260 DofusMaps catched
[14:30:20] 454 StatedElements catched
[14:30:20] 820 InteractiveElements catched
[14:30:20] 87 HouseInformations catched
[14:30:20] 120 InteractiveDoors catched
[14:30:20] 3614 MapPositions uncatched
[14:30:20] 14681 MapPositions catched
[14:30:20] 42 MapZaaps catched
[14:30:20] 15228 SpellLevels catched 
[14:30:20] 4772 Spells catched 
[14:30:20] 1179 LearnableSpells catched 
[14:30:21] 9780 ItemTemplates catched 
[14:30:21] 4489 Weapons catched 
[14:30:21] 363 ItemSets catched 
[14:30:21] 171 ItemTypes catched 
[14:30:21] 110 ItemPets catched 
[14:30:21] 2476 NpcTemplates catched 
[14:30:21] 138 NpcSpawns catched 
[14:30:21] 50 NpcItems catched 
[14:30:21] 19801 NpcMessages catched 
[14:30:21] 7 NpcReplies catched 
[14:30:21] 18 Triggers catched
[14:30:21] 5 Paddocks catched
[14:30:21] 72 Mounts catched
[14:30:22] 88 Handlers Readed
[14:30:22] 124 Messages Readed
[14:30:22] WorldServer start in 10836 ms.
[14:31:52] MySQL Database Connected
[14:31:52] 16 Breeds catched
[14:31:52] 256 Heads catched
[14:31:52] 561 Effects catched
[14:32:03] 11260 DofusMaps catched
[14:32:03] 454 StatedElements catched
[14:32:03] 820 InteractiveElements catched
[14:32:03] 87 HouseInformations catched
[14:32:03] 120 InteractiveDoors catched
[14:32:03] 3614 MapPositions uncatched
[14:32:03] 14681 MapPositions catched
[14:32:03] 42 MapZaaps catched
[14:32:04] 15228 SpellLevels catched 
[14:32:04] 4772 Spells catched 
[14:32:04] 1179 LearnableSpells catched 
[14:32:04] 9780 ItemTemplates catched 
[14:32:04] 4489 Weapons catched 
[14:32:04] 363 ItemSets catched 
[14:32:04] 171 ItemTypes catched 
[14:32:04] 110 ItemPets catched 
[14:32:04] 2476 NpcTemplates catched 
[14:32:04] 138 NpcSpawns catched 
[14:32:04] 50 NpcItems catched 
[14:32:04] 19801 NpcMessages catched 
[14:32:04] 7 NpcReplies catched 
[14:32:05] 18 Triggers catched
[14:32:05] 5 Paddocks catched
[14:32:05] 72 Mounts catched
[14:32:05] 88 Handlers Readed
[14:32:05] 124 Messages Readed
[14:32:05] WorldServer start in 14113 ms.
[14:36:11] MySQL Database Connected
[14:36:11] 16 Breeds catched
[14:36:11] 256 Heads catched
[14:36:11] 561 Effects catched
[14:36:21] 11260 DofusMaps catched
[14:36:21] 454 StatedElements catched
[14:36:21] 820 InteractiveElements catched
[14:36:21] 87 HouseInformations catched
[14:36:21] 120 InteractiveDoors catched
[14:36:21] 3614 MapPositions uncatched
[14:36:21] 14681 MapPositions catched
[14:36:21] 42 MapZaaps catched
[14:36:22] 15228 SpellLevels catched 
[14:36:22] 4772 Spells catched 
[14:36:22] 1179 LearnableSpells catched 
[14:36:22] 9780 ItemTemplates catched 
[14:36:22] 4489 Weapons catched 
[14:36:22] 363 ItemSets catched 
[14:36:22] 171 ItemTypes catched 
[14:36:22] 110 ItemPets catched 
[14:36:23] 2476 NpcTemplates catched 
[14:36:23] 138 NpcSpawns catched 
[14:36:23] 50 NpcItems catched 
[14:36:23] 19801 NpcMessages catched 
[14:36:23] 7 NpcReplies catched 
[14:36:23] 18 Triggers catched
[14:36:23] 5 Paddocks catched
[14:36:23] 72 Mounts catched
[14:36:23] 88 Handlers Readed
[14:36:24] 124 Messages Readed
[14:36:24] WorldServer start in 12557 ms.
[21:43:59] MySQL Database Connected
[21:43:59] 16 Breeds catched
[21:43:59] 256 Heads catched
[21:43:59] 561 Effects catched
[21:44:08] 11260 DofusMaps catched
[21:44:08] 454 StatedElements catched
[21:44:08] 820 InteractiveElements catched
[21:44:08] 87 HouseInformations catched
[21:44:08] 120 InteractiveDoors catched
[21:44:08] 3614 MapPositions uncatched
[21:44:08] 14681 MapPositions catched
[21:44:08] 42 MapZaaps catched
[21:44:09] 15228 SpellLevels catched 
[21:44:09] 4772 Spells catched 
[21:44:09] 1179 LearnableSpells catched 
[21:44:09] 9780 ItemTemplates catched 
[21:44:09] 4489 Weapons catched 
[21:44:09] 363 ItemSets catched 
[21:44:09] 171 ItemTypes catched 
[21:44:09] 110 ItemPets catched 
[21:44:10] 2476 NpcTemplates catched 
[21:44:10] 138 NpcSpawns catched 
[21:44:10] 50 NpcItems catched 
[21:44:10] 19801 NpcMessages catched 
[21:44:10] 7 NpcReplies catched 
[21:44:10] 18 Triggers catched
[21:44:10] 5 Paddocks catched
[21:44:10] 72 Mounts catched
[21:44:10] 89 Handlers Readed
[21:44:11] 125 Messages Readed
[21:44:11] WorldServer start in 11884 ms.
[21:45:10] MySQL Database Connected
[21:45:10] 16 Breeds catched
[21:45:10] 256 Heads catched
[21:45:10] 561 Effects catched
[21:45:18] 11260 DofusMaps catched
[21:45:18] 454 StatedElements catched
[21:45:18] 820 InteractiveElements catched
[21:45:18] 87 HouseInformations catched
[21:45:18] 120 InteractiveDoors catched
[21:45:18] 3614 MapPositions uncatched
[21:45:18] 14681 MapPositions catched
[21:45:18] 42 MapZaaps catched
[21:45:18] 15228 SpellLevels catched 
[21:45:18] 4772 Spells catched 
[21:45:18] 1179 LearnableSpells catched 
[21:45:19] 9780 ItemTemplates catched 
[21:45:19] 4489 Weapons catched 
[21:45:19] 363 ItemSets catched 
[21:45:19] 171 ItemTypes catched 
[21:45:19] 110 ItemPets catched 
[21:45:19] 2476 NpcTemplates catched 
[21:45:19] 138 NpcSpawns catched 
[21:45:19] 50 NpcItems catched 
[21:45:19] 19801 NpcMessages catched 
[21:45:19] 7 NpcReplies catched 
[21:45:19] 18 Triggers catched
[21:45:19] 5 Paddocks catched
[21:45:19] 72 Mounts catched
[21:45:20] 89 Handlers Readed
[21:45:20] 125 Messages Readed
[21:45:20] WorldServer start in 10925 ms.
[21:45:49] MySQL Database Connected
[21:45:49] 16 Breeds catched
[21:45:49] 256 Heads catched
[21:45:49] 561 Effects catched
[21:45:57] 11260 DofusMaps catched
[21:45:57] 454 StatedElements catched
[21:45:58] 820 InteractiveElements catched
[21:45:58] 87 HouseInformations catched
[21:45:58] 120 InteractiveDoors catched
[21:45:58] 3614 MapPositions uncatched
[21:45:58] 14681 MapPositions catched
[21:45:58] 42 MapZaaps catched
[21:45:58] 15228 SpellLevels catched 
[21:45:58] 4772 Spells catched 
[21:45:58] 1179 LearnableSpells catched 
[21:45:58] 9780 ItemTemplates catched 
[21:45:58] 4489 Weapons catched 
[21:45:58] 363 ItemSets catched 
[21:45:58] 171 ItemTypes catched 
[21:45:58] 110 ItemPets catched 
[21:45:59] 2476 NpcTemplates catched 
[21:45:59] 138 NpcSpawns catched 
[21:45:59] 50 NpcItems catched 
[21:45:59] 19801 NpcMessages catched 
[21:45:59] 7 NpcReplies catched 
[21:45:59] 18 Triggers catched
[21:45:59] 5 Paddocks catched
[21:45:59] 72 Mounts catched
[21:45:59] 89 Handlers Readed
[21:46:00] 125 Messages Readed
[21:46:00] WorldServer start in 11360 ms.
[21:47:14] MySQL Database Connected
[21:47:14] 16 Breeds catched
[21:47:14] 256 Heads catched
[21:47:14] 561 Effects catched
[21:47:23] 11260 DofusMaps catched
[21:47:23] 454 StatedElements catched
[21:47:24] 820 InteractiveElements catched
[21:47:24] 87 HouseInformations catched
[21:47:24] 120 InteractiveDoors catched
[21:47:24] 3614 MapPositions uncatched
[21:47:24] 14681 MapPositions catched
[21:47:24] 42 MapZaaps catched
[21:47:24] 15228 SpellLevels catched 
[21:47:24] 4772 Spells catched 
[21:47:24] 1179 LearnableSpells catched 
[21:47:24] 9780 ItemTemplates catched 
[21:47:24] 4489 Weapons catched 
[21:47:24] 363 ItemSets catched 
[21:47:24] 171 ItemTypes catched 
[21:47:25] 110 ItemPets catched 
[21:47:25] 2476 NpcTemplates catched 
[21:47:25] 138 NpcSpawns catched 
[21:47:25] 50 NpcItems catched 
[21:47:25] 19801 NpcMessages catched 
[21:47:25] 7 NpcReplies catched 
[21:47:25] 18 Triggers catched
[21:47:25] 5 Paddocks catched
[21:47:25] 72 Mounts catched
[21:47:25] 89 Handlers Readed
[21:47:26] 125 Messages Readed
[21:47:26] WorldServer start in 11899 ms.
[21:49:08] MySQL Database Connected
[21:49:08] 16 Breeds catched
[21:49:08] 256 Heads catched
[21:49:08] 561 Effects catched
[21:49:16] 11260 DofusMaps catched
[21:49:16] 454 StatedElements catched
[21:49:16] 820 InteractiveElements catched
[21:49:16] 87 HouseInformations catched
[21:49:16] 120 InteractiveDoors catched
[21:49:16] 3614 MapPositions uncatched
[21:49:16] 14681 MapPositions catched
[21:49:16] 42 MapZaaps catched
[21:49:17] 15228 SpellLevels catched 
[21:49:17] 4772 Spells catched 
[21:49:17] 1179 LearnableSpells catched 
[21:49:17] 9780 ItemTemplates catched 
[21:49:17] 4489 Weapons catched 
[21:49:17] 363 ItemSets catched 
[21:49:17] 171 ItemTypes catched 
[21:49:17] 110 ItemPets catched 
[21:49:18] 2476 NpcTemplates catched 
[21:49:18] 138 NpcSpawns catched 
[21:49:18] 50 NpcItems catched 
[21:49:18] 19801 NpcMessages catched 
[21:49:18] 7 NpcReplies catched 
[21:49:18] 18 Triggers catched
[21:49:18] 5 Paddocks catched
[21:49:18] 72 Mounts catched
[21:49:18] 89 Handlers Readed
[21:49:18] 125 Messages Readed
[21:49:19] WorldServer start in 11016 ms.
[21:55:12] Packet not handled 5986
[22:13:09] MySQL Database Connected
[22:13:09] 16 Breeds catched
[22:13:09] 256 Heads catched
[22:13:09] 561 Effects catched
[22:13:18] 11260 DofusMaps catched
[22:13:18] 454 StatedElements catched
[22:13:18] 820 InteractiveElements catched
[22:13:18] 87 HouseInformations catched
[22:13:18] 120 InteractiveDoors catched
[22:13:18] 3614 MapPositions uncatched
[22:13:18] 14681 MapPositions catched
[22:13:18] 42 MapZaaps catched
[22:13:18] 15228 SpellLevels catched 
[22:13:18] 4772 Spells catched 
[22:13:18] 1179 LearnableSpells catched 
[22:13:19] 9780 ItemTemplates catched 
[22:13:19] 4489 Weapons catched 
[22:13:19] 363 ItemSets catched 
[22:13:19] 171 ItemTypes catched 
[22:13:19] 110 ItemPets catched 
[22:13:19] 2476 NpcTemplates catched 
[22:13:19] 138 NpcSpawns catched 
[22:13:19] 50 NpcItems catched 
[22:13:19] 19801 NpcMessages catched 
[22:13:19] 7 NpcReplies catched 
[22:13:19] 18 Triggers catched
[22:13:19] 5 Paddocks catched
[22:13:19] 72 Mounts catched
[22:13:20] 89 Handlers Readed
[22:13:20] 125 Messages Readed
[22:13:20] WorldServer start in 11363 ms.
[22:14:36] MySQL Database Connected
[22:14:36] 16 Breeds catched
[22:14:36] 256 Heads catched
[22:14:36] 561 Effects catched
[22:15:11] 11260 DofusMaps catched
[22:15:11] 454 StatedElements catched
[22:15:11] 820 InteractiveElements catched
[22:15:11] 87 HouseInformations catched
[22:15:11] 120 InteractiveDoors catched
[22:15:11] 3614 MapPositions uncatched
[22:15:11] 14681 MapPositions catched
[22:15:11] 42 MapZaaps catched
[22:15:12] 15228 SpellLevels catched 
[22:15:12] 4772 Spells catched 
[22:15:12] 1179 LearnableSpells catched 
[22:15:12] 9780 ItemTemplates catched 
[22:15:12] 4489 Weapons catched 
[22:15:12] 363 ItemSets catched 
[22:15:12] 171 ItemTypes catched 
[22:15:12] 110 ItemPets catched 
[22:15:12] 2476 NpcTemplates catched 
[22:15:12] 138 NpcSpawns catched 
[22:15:12] 50 NpcItems catched 
[22:15:12] 19801 NpcMessages catched 
[22:15:12] 7 NpcReplies catched 
[22:15:12] 18 Triggers catched
[22:15:13] 5 Paddocks catched
[22:15:13] 72 Mounts catched
[22:15:13] 89 Handlers Readed
[22:15:13] 125 Messages Readed
[22:15:13] WorldServer start in 37664 ms.
[22:16:10] MySQL Database Connected
[22:16:10] 16 Breeds catched
[22:16:10] 256 Heads catched
[22:16:10] 561 Effects catched
[22:16:20] 11260 DofusMaps catched
[22:16:20] 454 StatedElements catched
[22:16:20] 820 InteractiveElements catched
[22:16:20] 87 HouseInformations catched
[22:16:20] 120 InteractiveDoors catched
[22:16:20] 3614 MapPositions uncatched
[22:16:20] 14681 MapPositions catched
[22:16:20] 42 MapZaaps catched
[22:16:20] 15228 SpellLevels catched 
[22:16:20] 4772 Spells catched 
[22:16:20] 1179 LearnableSpells catched 
[22:16:21] 9780 ItemTemplates catched 
[22:16:21] 4489 Weapons catched 
[22:16:21] 363 ItemSets catched 
[22:16:21] 171 ItemTypes catched 
[22:16:21] 110 ItemPets catched 
[22:16:21] 2476 NpcTemplates catched 
[22:16:21] 138 NpcSpawns catched 
[22:16:21] 50 NpcItems catched 
[22:16:21] 19801 NpcMessages catched 
[22:16:21] 7 NpcReplies catched 
[22:16:21] 18 Triggers catched
[22:16:21] 5 Paddocks catched
[22:16:21] 72 Mounts catched
[22:16:22] 89 Handlers Readed
[22:16:22] 125 Messages Readed
[22:16:22] WorldServer start in 12797 ms.
[22:16:49] MySQL Database Connected
[22:16:49] 16 Breeds catched
[22:16:49] 256 Heads catched
[22:16:49] 561 Effects catched
[22:16:58] 11260 DofusMaps catched
[22:16:58] 454 StatedElements catched
[22:16:58] 820 InteractiveElements catched
[22:16:58] 87 HouseInformations catched
[22:16:58] 120 InteractiveDoors catched
[22:16:58] 3614 MapPositions uncatched
[22:16:58] 14681 MapPositions catched
[22:16:58] 42 MapZaaps catched
[22:16:58] 15228 SpellLevels catched 
[22:16:58] 4772 Spells catched 
[22:16:58] 1179 LearnableSpells catched 
[22:16:59] 9780 ItemTemplates catched 
[22:16:59] 4489 Weapons catched 
[22:16:59] 363 ItemSets catched 
[22:16:59] 171 ItemTypes catched 
[22:16:59] 110 ItemPets catched 
[22:16:59] 2476 NpcTemplates catched 
[22:16:59] 138 NpcSpawns catched 
[22:16:59] 50 NpcItems catched 
[22:16:59] 19801 NpcMessages catched 
[22:16:59] 7 NpcReplies catched 
[22:17:00] 18 Triggers catched
[22:17:00] 5 Paddocks catched
[22:17:00] 72 Mounts catched
[22:17:00] 89 Handlers Readed
[22:17:00] 125 Messages Readed
[22:17:00] WorldServer start in 11302 ms.
[22:19:20] MySQL Database Connected
[22:19:20] 16 Breeds catched
[22:19:20] 256 Heads catched
[22:19:20] 561 Effects catched
[22:19:29] 11260 DofusMaps catched
[22:19:29] 454 StatedElements catched
[22:19:29] 820 InteractiveElements catched
[22:19:29] 87 HouseInformations catched
[22:19:29] 120 InteractiveDoors catched
[22:19:29] 3614 MapPositions uncatched
[22:19:29] 14681 MapPositions catched
[22:19:29] 42 MapZaaps catched
[22:19:29] 15228 SpellLevels catched 
[22:19:29] 4772 Spells catched 
[22:19:29] 1179 LearnableSpells catched 
[22:19:29] 9780 ItemTemplates catched 
[22:19:30] 4489 Weapons catched 
[22:19:30] 363 ItemSets catched 
[22:19:30] 171 ItemTypes catched 
[22:19:30] 110 ItemPets catched 
[22:19:30] 2476 NpcTemplates catched 
[22:19:30] 138 NpcSpawns catched 
[22:19:30] 50 NpcItems catched 
[22:19:30] 19801 NpcMessages catched 
[22:19:30] 7 NpcReplies catched 
[22:19:30] 18 Triggers catched
[22:19:30] 5 Paddocks catched
[22:19:30] 72 Mounts catched
[22:19:30] 89 Handlers Readed
[22:19:31] 125 Messages Readed
[22:19:31] WorldServer start in 11659 ms.
[22:25:29] MySQL Database Connected
[22:25:29] 16 Breeds catched
[22:25:29] 256 Heads catched
[22:25:29] 561 Effects catched
[22:25:41] 11260 DofusMaps catched
[22:25:41] 454 StatedElements catched
[22:25:41] 820 InteractiveElements catched
[22:25:41] 87 HouseInformations catched
[22:25:41] 120 InteractiveDoors catched
[22:25:41] 3614 MapPositions uncatched
[22:25:41] 14681 MapPositions catched
[22:25:41] 42 MapZaaps catched
[22:25:41] 15228 SpellLevels catched 
[22:25:41] 4772 Spells catched 
[22:25:41] 1179 LearnableSpells catched 
[22:25:41] 9780 ItemTemplates catched 
[22:25:42] 4489 Weapons catched 
[22:25:42] 363 ItemSets catched 
[22:25:42] 171 ItemTypes catched 
[22:25:42] 110 ItemPets catched 
[22:25:42] 2476 NpcTemplates catched 
[22:25:42] 138 NpcSpawns catched 
[22:25:42] 50 NpcItems catched 
[22:25:42] 19801 NpcMessages catched 
[22:25:42] 7 NpcReplies catched 
[22:25:42] 18 Triggers catched
[22:25:42] 5 Paddocks catched
[22:25:42] 72 Mounts catched
[22:25:43] 89 Handlers Readed
[22:25:43] 125 Messages Readed
[22:25:43] WorldServer start in 14665 ms.
[22:27:29] MySQL Database Connected
[22:27:29] 16 Breeds catched
[22:27:29] 256 Heads catched
[22:27:29] 561 Effects catched
[22:27:37] 11260 DofusMaps catched
[22:27:37] 454 StatedElements catched
[22:27:37] 820 InteractiveElements catched
[22:27:37] 87 HouseInformations catched
[22:27:37] 120 InteractiveDoors catched
[22:27:37] 3614 MapPositions uncatched
[22:27:37] 14681 MapPositions catched
[22:27:37] 42 MapZaaps catched
[22:27:38] 15228 SpellLevels catched 
[22:27:38] 4772 Spells catched 
[22:27:38] 1179 LearnableSpells catched 
[22:27:38] 9780 ItemTemplates catched 
[22:27:38] 4489 Weapons catched 
[22:27:38] 363 ItemSets catched 
[22:27:38] 171 ItemTypes catched 
[22:27:39] 110 ItemPets catched 
[22:27:39] 2476 NpcTemplates catched 
[22:27:39] 138 NpcSpawns catched 
[22:27:39] 50 NpcItems catched 
[22:27:39] 19801 NpcMessages catched 
[22:27:39] 7 NpcReplies catched 
[22:27:39] 18 Triggers catched
[22:27:39] 5 Paddocks catched
[22:27:39] 72 Mounts catched
[22:27:39] 89 Handlers Readed
[22:27:40] 125 Messages Readed
[22:27:40] WorldServer start in 10967 ms.
[22:29:21] MySQL Database Connected
[22:29:22] 16 Breeds catched
[22:29:22] 256 Heads catched
[22:29:22] 561 Effects catched
[22:29:34] 11260 DofusMaps catched
[22:29:34] 454 StatedElements catched
[22:29:34] 820 InteractiveElements catched
[22:29:34] 87 HouseInformations catched
[22:29:34] 120 InteractiveDoors catched
[22:29:34] 3614 MapPositions uncatched
[22:29:34] 14681 MapPositions catched
[22:29:34] 42 MapZaaps catched
[22:29:34] 15228 SpellLevels catched 
[22:29:34] 4772 Spells catched 
[22:29:34] 1179 LearnableSpells catched 
[22:29:35] 9780 ItemTemplates catched 
[22:29:35] 4489 Weapons catched 
[22:29:35] 363 ItemSets catched 
[22:29:35] 171 ItemTypes catched 
[22:29:35] 110 ItemPets catched 
[22:29:35] 2476 NpcTemplates catched 
[22:29:35] 138 NpcSpawns catched 
[22:29:35] 50 NpcItems catched 
[22:29:35] 19801 NpcMessages catched 
[22:29:35] 7 NpcReplies catched 
[22:29:35] 18 Triggers catched
[22:29:35] 5 Paddocks catched
[22:29:35] 72 Mounts catched
[22:29:36] 89 Handlers Readed
[22:29:36] 125 Messages Readed
[22:29:36] WorldServer start in 15151 ms.
[22:49:13] MySQL Database Connected
[22:49:13] 16 Breeds catched
[22:49:13] 256 Heads catched
[22:49:13] 561 Effects catched
[22:49:22] 11260 DofusMaps catched
[22:49:22] 454 StatedElements catched
[22:49:22] 820 InteractiveElements catched
[22:49:22] 87 HouseInformations catched
[22:49:22] 120 InteractiveDoors catched
[22:49:23] 3614 MapPositions uncatched
[22:49:23] 14681 MapPositions catched
[22:49:23] 42 MapZaaps catched
[22:49:23] 15228 SpellLevels catched 
[22:49:23] 4772 Spells catched 
[22:49:23] 1179 LearnableSpells catched 
[22:49:23] 9780 ItemTemplates catched 
[22:49:23] 4489 Weapons catched 
[22:49:23] 363 ItemSets catched 
[22:49:23] 171 ItemTypes catched 
[22:49:23] 110 ItemPets catched 
[22:49:24] 2476 NpcTemplates catched 
[22:49:24] 138 NpcSpawns catched 
[22:49:24] 50 NpcItems catched 
[22:49:24] 19801 NpcMessages catched 
[22:49:24] 7 NpcReplies catched 
[22:49:24] 18 Triggers catched
[22:49:24] 5 Paddocks catched
[22:49:24] 72 Mounts catched
[22:49:24] 89 Handlers Readed
[22:49:25] 125 Messages Readed
[22:49:25] WorldServer start in 12081 ms.
[23:01:11] MySQL Database Connected
[23:01:11] 16 Breeds catched
[23:01:11] 256 Heads catched
[23:01:11] 561 Effects catched
[23:01:19] 11260 DofusMaps catched
[23:01:19] 454 StatedElements catched
[23:01:19] 820 InteractiveElements catched
[23:01:19] 87 HouseInformations catched
[23:01:19] 120 InteractiveDoors catched
[23:01:20] 3614 MapPositions uncatched
[23:01:20] 14681 MapPositions catched
[23:01:20] 42 MapZaaps catched
[23:01:20] 15228 SpellLevels catched 
[23:01:20] 4772 Spells catched 
[23:01:20] 1179 LearnableSpells catched 
[23:01:20] 9780 ItemTemplates catched 
[23:01:20] 4489 Weapons catched 
[23:01:20] 363 ItemSets catched 
[23:01:20] 171 ItemTypes catched 
[23:01:21] 110 ItemPets catched 
[23:01:21] 2476 NpcTemplates catched 
[23:01:21] 138 NpcSpawns catched 
[23:01:21] 50 NpcItems catched 
[23:01:21] 19801 NpcMessages catched 
[23:01:21] 7 NpcReplies catched 
[23:01:21] 18 Triggers catched
[23:01:21] 5 Paddocks catched
[23:01:21] 72 Mounts catched
[23:01:21] 89 Handlers Readed
[23:01:22] 125 Messages Readed
[23:01:22] WorldServer start in 11070 ms.
