[14:06:17] MySQL Database Connected
[14:06:17] 16 Breeds catched
[14:06:17] 256 Heads catched
[14:06:17] 566 Effects catched
[14:06:18] 4 SuperAreas catched
[14:06:18] 48 Areas catched
[14:06:19] 334 SubAreas catched
[14:06:20] 11267 DofusMaps catched
[14:06:20] 9761 StatedElements catched
[14:06:20] 13349 InteractiveElements catched
[14:06:20] 1485 HouseInformations catched
[14:06:20] 556 InteractiveDoors catched
[14:06:20] 3530 MapPositions uncatched
[14:06:20] 14681 MapPositions catched
[14:06:20] 42 MapZaaps catched
[14:06:20] 79 MapSubways catched
[14:06:20] 15612 SpellLevels catched 
[14:06:20] 4972 Spells catched 
[14:06:20] 4 SpellBombs catched 
[14:06:20] 316 GuildEmblems catched 
[14:06:20] 1179 LearnableSpells catched 
[14:06:21] 10063 ItemTemplates catched 
[14:06:21] 4355 Weapons catched 
[14:06:21] 366 ItemSets catched 
[14:06:21] 171 ItemTypes catched 
[14:06:21] 114 ItemPets catched 
[14:06:21] 2476 NpcTemplates catched 
[14:06:21] 787 NpcSpawns catched 
[14:06:21] 94 NpcItems catched 
[14:06:21] 19801 NpcMessages catched 
[14:06:21] 7 NpcReplies catched 
[14:06:21] 353 Triggers catched
[14:06:21] 1277 Paddocks catched
[14:06:21] 72 Mounts catched
[14:06:21] 3 Guild catched
[14:06:21] 2 GuildMembers catched
[14:06:21] 11 GatheringJob LevelInfos catched
[14:06:21] 233 InteractiveSkills LevelInfos catched
[14:06:21] 2210 Monster Templates catched
[14:06:22] 11688 Monster Grades catched
[14:06:22] 8021 Monster Drops catched
[14:06:22] 128 Handlers Readed
[14:06:23] 175 Messages Readed
[14:06:23] WorldServer start in 5811 ms.
[21:22:24] MySQL Database Connected
[21:22:25] 16 Breeds catched
[21:22:25] 256 Heads catched
[21:22:25] 566 Effects catched
[21:22:30] 4 SuperAreas catched
[21:22:30] 48 Areas catched
[21:22:31] 334 SubAreas catched
[21:22:31] 11267 DofusMaps catched
[21:22:31] 9761 StatedElements catched
[21:22:32] 13349 InteractiveElements catched
[21:22:32] 1485 HouseInformations catched
[21:22:32] 556 InteractiveDoors catched
[21:22:32] 3530 MapPositions uncatched
[21:22:32] 14681 MapPositions catched
[21:22:32] 42 MapZaaps catched
[21:22:32] 79 MapSubways catched
[21:22:32] 15612 SpellLevels catched 
[21:22:32] 4972 Spells catched 
[21:22:32] 4 SpellBombs catched 
[21:22:32] 316 GuildEmblems catched 
[21:22:32] 1179 LearnableSpells catched 
[21:22:32] 10063 ItemTemplates catched 
[21:22:32] 4355 Weapons catched 
[21:22:32] 366 ItemSets catched 
[21:22:32] 171 ItemTypes catched 
[21:22:32] 114 ItemPets catched 
[21:22:33] 2476 NpcTemplates catched 
[21:22:33] 787 NpcSpawns catched 
[21:22:33] 94 NpcItems catched 
[21:22:33] 19801 NpcMessages catched 
[21:22:33] 7 NpcReplies catched 
[21:22:33] 353 Triggers catched
[21:22:33] 1277 Paddocks catched
[21:22:33] 72 Mounts catched
[21:29:03] MySQL Database Connected
[21:29:03] 16 Breeds catched
[21:29:03] 256 Heads catched
[21:29:03] 566 Effects catched
[21:29:04] 4 SuperAreas catched
[21:29:04] 48 Areas catched
[21:29:05] 334 SubAreas catched
[21:29:05] 11267 DofusMaps catched
[21:29:05] 9761 StatedElements catched
[21:29:06] 13349 InteractiveElements catched
[21:29:06] 1485 HouseInformations catched
[21:29:06] 556 InteractiveDoors catched
[21:29:06] 3530 MapPositions uncatched
[21:29:06] 14681 MapPositions catched
[21:29:06] 42 MapZaaps catched
[21:29:06] 79 MapSubways catched
[21:29:06] 15612 SpellLevels catched 
[21:29:06] 4972 Spells catched 
[21:29:06] 4 SpellBombs catched 
[21:29:06] 316 GuildEmblems catched 
[21:29:06] 1179 LearnableSpells catched 
[21:29:06] 10063 ItemTemplates catched 
[21:29:06] 4355 Weapons catched 
[21:29:06] 366 ItemSets catched 
[21:29:06] 171 ItemTypes catched 
[21:29:06] 114 ItemPets catched 
[21:29:07] 2476 NpcTemplates catched 
[21:29:07] 787 NpcSpawns catched 
[21:29:07] 94 NpcItems catched 
[21:29:07] 19801 NpcMessages catched 
[21:29:07] 7 NpcReplies catched 
[21:29:07] 353 Triggers catched
[21:29:07] 1277 Paddocks catched
[21:29:07] 72 Mounts catched
[21:30:49] MySQL Database Connected
[21:30:49] 16 Breeds catched
[21:30:49] 256 Heads catched
[21:30:49] 566 Effects catched
[21:30:49] 4 SuperAreas catched
[21:30:49] 48 Areas catched
[21:30:50] 334 SubAreas catched
[21:30:51] 11267 DofusMaps catched
[21:30:51] 9761 StatedElements catched
[21:30:51] 13349 InteractiveElements catched
[21:30:51] 1485 HouseInformations catched
[21:30:51] 556 InteractiveDoors catched
[21:30:51] 3530 MapPositions uncatched
[21:30:51] 14681 MapPositions catched
[21:30:51] 42 MapZaaps catched
[21:30:51] 79 MapSubways catched
[21:30:51] 15612 SpellLevels catched 
[21:30:51] 4972 Spells catched 
[21:30:51] 4 SpellBombs catched 
[21:30:51] 316 GuildEmblems catched 
[21:30:51] 1179 LearnableSpells catched 
[21:30:52] 10063 ItemTemplates catched 
[21:30:52] 4355 Weapons catched 
[21:30:52] 366 ItemSets catched 
[21:30:52] 171 ItemTypes catched 
[21:30:52] 114 ItemPets catched 
[21:30:52] 2476 NpcTemplates catched 
[21:30:52] 787 NpcSpawns catched 
[21:30:52] 94 NpcItems catched 
[21:30:52] 19801 NpcMessages catched 
[21:30:52] 7 NpcReplies catched 
[21:30:52] 353 Triggers catched
[21:30:52] 1277 Paddocks catched
[21:30:52] 72 Mounts catched
[21:31:24] MySQL Database Connected
[21:31:24] 16 Breeds catched
[21:31:24] 256 Heads catched
[21:31:24] 566 Effects catched
[21:31:24] 4 SuperAreas catched
[21:31:25] 48 Areas catched
[21:31:26] 334 SubAreas catched
[21:31:26] 11267 DofusMaps catched
[21:31:26] 9761 StatedElements catched
[21:31:26] 13349 InteractiveElements catched
[21:31:26] 1485 HouseInformations catched
[21:31:26] 556 InteractiveDoors catched
[21:31:26] 3530 MapPositions uncatched
[21:31:26] 14681 MapPositions catched
[21:31:26] 42 MapZaaps catched
[21:31:26] 79 MapSubways catched
[21:31:27] 15612 SpellLevels catched 
[21:31:27] 4972 Spells catched 
[21:31:27] 4 SpellBombs catched 
[21:31:27] 316 GuildEmblems catched 
[21:31:27] 1179 LearnableSpells catched 
[21:31:27] 10063 ItemTemplates catched 
[21:31:27] 4355 Weapons catched 
[21:31:27] 366 ItemSets catched 
[21:31:27] 171 ItemTypes catched 
[21:31:27] 114 ItemPets catched 
[21:31:27] 2476 NpcTemplates catched 
[21:31:27] 787 NpcSpawns catched 
[21:31:27] 94 NpcItems catched 
[21:31:27] 19801 NpcMessages catched 
[21:31:27] 7 NpcReplies catched 
[21:31:27] 353 Triggers catched
[21:31:27] 1277 Paddocks catched
[21:31:27] 72 Mounts catched
[21:32:15] MySQL Database Connected
[21:32:15] 16 Breeds catched
[21:32:15] 256 Heads catched
[21:32:15] 566 Effects catched
[21:32:15] 4 SuperAreas catched
[21:32:15] 48 Areas catched
[21:32:16] 334 SubAreas catched
[21:32:17] 11267 DofusMaps catched
[21:32:17] 9761 StatedElements catched
[21:32:17] 13349 InteractiveElements catched
[21:32:17] 1485 HouseInformations catched
[21:32:17] 556 InteractiveDoors catched
[21:32:17] 3530 MapPositions uncatched
[21:32:17] 14681 MapPositions catched
[21:32:17] 42 MapZaaps catched
[21:32:17] 79 MapSubways catched
[21:32:17] 15612 SpellLevels catched 
[21:32:17] 4972 Spells catched 
[21:32:17] 4 SpellBombs catched 
[21:32:17] 316 GuildEmblems catched 
[21:32:17] 1179 LearnableSpells catched 
[21:32:18] 10063 ItemTemplates catched 
[21:32:18] 4355 Weapons catched 
[21:32:18] 366 ItemSets catched 
[21:32:18] 171 ItemTypes catched 
[21:32:18] 114 ItemPets catched 
[21:32:18] 2476 NpcTemplates catched 
[21:32:18] 787 NpcSpawns catched 
[21:32:18] 94 NpcItems catched 
[21:32:18] 19801 NpcMessages catched 
[21:32:18] 7 NpcReplies catched 
[21:32:18] 353 Triggers catched
[21:32:18] 1277 Paddocks catched
[21:32:18] 72 Mounts catched
[21:32:18] 3 Guild catched
[21:32:18] 2 GuildMembers catched
[21:32:18] 11 GatheringJob LevelInfos catched
[21:32:18] 233 InteractiveSkills LevelInfos catched
[21:32:18] 2210 Monster Templates catched
[21:32:18] 11688 Monster Grades catched
[21:32:19] 8021 Monster Drops catched
[21:32:19] 128 Handlers Readed
[21:32:20] 175 Messages Readed
[21:32:20] WorldServer start in 5510 ms.
[21:53:16] MySQL Database Connected
[21:53:16] 16 Breeds catched
[21:53:16] 256 Heads catched
[21:53:16] 566 Effects catched
[21:53:17] 4 SuperAreas catched
[21:53:17] 48 Areas catched
[21:53:18] 334 SubAreas catched
[21:53:18] 11267 DofusMaps catched
[21:53:18] 9761 StatedElements catched
[21:53:18] 13349 InteractiveElements catched
[21:53:18] 1485 HouseInformations catched
[21:53:18] 556 InteractiveDoors catched
[21:53:18] 3530 MapPositions uncatched
[21:53:18] 14681 MapPositions catched
[21:53:18] 42 MapZaaps catched
[21:53:18] 79 MapSubways catched
[21:53:19] 15612 SpellLevels catched 
[21:53:19] 4972 Spells catched 
[21:53:19] 4 SpellBombs catched 
[21:53:19] 316 GuildEmblems catched 
[21:53:19] 1179 LearnableSpells catched 
[21:53:19] 10063 ItemTemplates catched 
[21:53:19] 4355 Weapons catched 
[21:53:19] 366 ItemSets catched 
[21:53:19] 171 ItemTypes catched 
[21:53:19] 114 ItemPets catched 
[21:53:19] 2476 NpcTemplates catched 
[21:53:19] 787 NpcSpawns catched 
[21:53:19] 94 NpcItems catched 
[21:53:19] 19801 NpcMessages catched 
[21:53:19] 7 NpcReplies catched 
[21:53:19] 353 Triggers catched
[21:53:19] 1277 Paddocks catched
[21:53:19] 72 Mounts catched
[21:53:19] 3 Guild catched
[21:53:19] 2 GuildMembers catched
[21:53:19] 11 GatheringJob LevelInfos catched
[21:53:20] 233 InteractiveSkills LevelInfos catched
[21:53:20] 2210 Monster Templates catched
[21:53:20] 11688 Monster Grades catched
[21:53:20] 8021 Monster Drops catched
[21:53:20] 128 Handlers Readed
[21:53:21] 175 Messages Readed
[21:53:21] WorldServer start in 4999 ms.
[21:54:46] MySQL Database Connected
[21:54:46] 16 Breeds catched
[21:54:46] 256 Heads catched
[21:54:46] 566 Effects catched
[21:54:47] 4 SuperAreas catched
[21:54:47] 48 Areas catched
[21:54:48] 334 SubAreas catched
[21:54:48] 11267 DofusMaps catched
[21:54:48] 9761 StatedElements catched
[21:54:49] 13349 InteractiveElements catched
[21:54:49] 1485 HouseInformations catched
[21:54:49] 556 InteractiveDoors catched
[21:54:49] 3530 MapPositions uncatched
[21:54:49] 14681 MapPositions catched
[21:54:49] 42 MapZaaps catched
[21:54:49] 79 MapSubways catched
[21:54:49] 15612 SpellLevels catched 
[21:54:49] 4972 Spells catched 
[21:54:49] 4 SpellBombs catched 
[21:54:49] 316 GuildEmblems catched 
[21:54:49] 1179 LearnableSpells catched 
[21:54:49] 10063 ItemTemplates catched 
[21:54:49] 4355 Weapons catched 
[21:54:49] 366 ItemSets catched 
[21:54:49] 171 ItemTypes catched 
[21:54:49] 114 ItemPets catched 
[21:54:49] 2476 NpcTemplates catched 
[21:54:49] 787 NpcSpawns catched 
[21:54:49] 94 NpcItems catched 
[21:54:50] 19801 NpcMessages catched 
[21:54:50] 7 NpcReplies catched 
[21:54:50] 353 Triggers catched
[21:54:50] 1277 Paddocks catched
[21:54:50] 72 Mounts catched
[21:54:50] 3 Guild catched
[21:54:50] 2 GuildMembers catched
[21:54:50] 11 GatheringJob LevelInfos catched
[21:54:50] 233 InteractiveSkills LevelInfos catched
[21:54:50] 2210 Monster Templates catched
[21:54:50] 11688 Monster Grades catched
[21:54:50] 8021 Monster Drops catched
[21:54:50] 128 Handlers Readed
[21:54:51] 175 Messages Readed
[21:54:51] WorldServer start in 5037 ms.
[23:05:43] MySQL Database Connected
[23:05:43] 16 Breeds catched
[23:05:43] 256 Heads catched
[23:05:43] 566 Effects catched
[23:05:44] 4 SuperAreas catched
[23:05:44] 48 Areas catched
[23:05:45] 334 SubAreas catched
[23:05:46] 11267 DofusMaps catched
[23:05:46] 9761 StatedElements catched
[23:05:46] 13349 InteractiveElements catched
[23:05:46] 1485 HouseInformations catched
[23:05:46] 556 InteractiveDoors catched
[23:05:46] 3530 MapPositions uncatched
[23:05:46] 14681 MapPositions catched
[23:05:46] 42 MapZaaps catched
[23:05:46] 79 MapSubways catched
[23:05:46] 15612 SpellLevels catched 
[23:05:46] 4972 Spells catched 
[23:05:46] 4 SpellBombs catched 
[23:05:46] 316 GuildEmblems catched 
[23:05:46] 1179 LearnableSpells catched 
[23:05:46] 10063 ItemTemplates catched 
[23:05:46] 4355 Weapons catched 
[23:05:46] 366 ItemSets catched 
[23:05:46] 171 ItemTypes catched 
[23:05:46] 114 ItemPets catched 
[23:05:47] 2476 NpcTemplates catched 
[23:05:47] 787 NpcSpawns catched 
[23:05:47] 94 NpcItems catched 
[23:05:47] 19801 NpcMessages catched 
[23:05:47] 7 NpcReplies catched 
[23:05:47] 353 Triggers catched
[23:05:47] 1277 Paddocks catched
[23:05:47] 72 Mounts catched
[23:05:47] 3 Guild catched
[23:05:47] 2 GuildMembers catched
[23:05:47] 11 GatheringJob LevelInfos catched
[23:05:47] 233 InteractiveSkills LevelInfos catched
[23:05:47] 2210 Monster Templates catched
[23:05:47] 11688 Monster Grades catched
[23:05:47] 8021 Monster Drops catched
[23:05:48] 128 Handlers Readed
[23:05:48] 175 Messages Readed
[23:05:48] WorldServer start in 5464 ms.
[23:07:09] MySQL Database Connected
[23:07:09] 16 Breeds catched
[23:07:09] 256 Heads catched
[23:07:09] 566 Effects catched
[23:07:10] 4 SuperAreas catched
[23:07:10] 48 Areas catched
[23:07:11] 334 SubAreas catched
[23:07:11] 11267 DofusMaps catched
[23:07:11] 9761 StatedElements catched
[23:07:11] 13349 InteractiveElements catched
[23:07:11] 1485 HouseInformations catched
[23:07:11] 556 InteractiveDoors catched
[23:07:12] 3530 MapPositions uncatched
[23:07:12] 14681 MapPositions catched
[23:07:12] 42 MapZaaps catched
[23:07:12] 79 MapSubways catched
[23:07:12] 15612 SpellLevels catched 
[23:07:12] 4972 Spells catched 
[23:07:12] 4 SpellBombs catched 
[23:07:12] 316 GuildEmblems catched 
[23:07:12] 1179 LearnableSpells catched 
[23:07:12] 10063 ItemTemplates catched 
[23:07:12] 4355 Weapons catched 
[23:07:12] 366 ItemSets catched 
[23:07:12] 171 ItemTypes catched 
[23:07:12] 114 ItemPets catched 
[23:07:12] 2476 NpcTemplates catched 
[23:07:12] 787 NpcSpawns catched 
[23:07:12] 94 NpcItems catched 
[23:07:12] 19801 NpcMessages catched 
[23:07:12] 7 NpcReplies catched 
[23:07:13] 353 Triggers catched
[23:07:13] 1277 Paddocks catched
[23:07:13] 72 Mounts catched
[23:07:13] 3 Guild catched
[23:07:13] 2 GuildMembers catched
[23:07:13] 11 GatheringJob LevelInfos catched
[23:07:13] 233 InteractiveSkills LevelInfos catched
[23:07:13] 2210 Monster Templates catched
[23:07:13] 11688 Monster Grades catched
[23:07:13] 8021 Monster Drops catched
[23:07:13] 128 Handlers Readed
[23:07:14] 175 Messages Readed
[23:07:14] WorldServer start in 5024 ms.
[23:10:00] MySQL Database Connected
[23:10:00] 16 Breeds catched
[23:10:00] 256 Heads catched
[23:10:00] 566 Effects catched
[23:10:01] 4 SuperAreas catched
[23:10:01] 48 Areas catched
[23:10:02] 334 SubAreas catched
[23:10:02] 11267 DofusMaps catched
[23:10:03] 9761 StatedElements catched
[23:10:03] 13349 InteractiveElements catched
[23:10:03] 1485 HouseInformations catched
[23:10:03] 556 InteractiveDoors catched
[23:10:03] 3530 MapPositions uncatched
[23:10:03] 14681 MapPositions catched
[23:10:03] 42 MapZaaps catched
[23:10:03] 79 MapSubways catched
[23:10:03] 15612 SpellLevels catched 
[23:10:03] 4972 Spells catched 
[23:10:03] 4 SpellBombs catched 
[23:10:03] 316 GuildEmblems catched 
[23:10:03] 1179 LearnableSpells catched 
[23:10:03] 10063 ItemTemplates catched 
[23:10:03] 4355 Weapons catched 
[23:10:03] 366 ItemSets catched 
[23:10:03] 171 ItemTypes catched 
[23:10:03] 114 ItemPets catched 
[23:10:04] 2476 NpcTemplates catched 
[23:10:04] 787 NpcSpawns catched 
[23:10:04] 94 NpcItems catched 
[23:10:04] 19801 NpcMessages catched 
[23:10:04] 7 NpcReplies catched 
[23:10:04] 353 Triggers catched
[23:10:04] 1277 Paddocks catched
[23:10:04] 72 Mounts catched
[23:10:04] 3 Guild catched
[23:10:04] 2 GuildMembers catched
[23:10:04] 11 GatheringJob LevelInfos catched
[23:10:04] 233 InteractiveSkills LevelInfos catched
[23:10:04] 2210 Monster Templates catched
[23:10:04] 11688 Monster Grades catched
[23:10:04] 8021 Monster Drops catched
[23:10:05] 128 Handlers Readed
[23:10:05] 175 Messages Readed
[23:10:05] WorldServer start in 5118 ms.
[23:14:19] MySQL Database Connected
[23:14:19] 16 Breeds catched
[23:14:19] 256 Heads catched
[23:14:19] 566 Effects catched
[23:14:19] 4 SuperAreas catched
[23:14:19] 48 Areas catched
[23:14:20] 334 SubAreas catched
[23:14:21] 11267 DofusMaps catched
[23:14:21] 9761 StatedElements catched
[23:14:21] 13349 InteractiveElements catched
[23:14:21] 1485 HouseInformations catched
[23:14:21] 556 InteractiveDoors catched
[23:14:21] 3530 MapPositions uncatched
[23:14:21] 14681 MapPositions catched
[23:14:21] 42 MapZaaps catched
[23:14:21] 79 MapSubways catched
[23:14:21] 15612 SpellLevels catched 
[23:14:21] 4972 Spells catched 
[23:14:21] 4 SpellBombs catched 
[23:14:21] 316 GuildEmblems catched 
[23:14:21] 1179 LearnableSpells catched 
[23:14:21] 10063 ItemTemplates catched 
[23:14:21] 4355 Weapons catched 
[23:14:22] 366 ItemSets catched 
[23:14:22] 171 ItemTypes catched 
[23:14:22] 114 ItemPets catched 
[23:14:22] 2476 NpcTemplates catched 
[23:14:22] 787 NpcSpawns catched 
[23:14:22] 94 NpcItems catched 
[23:14:22] 19801 NpcMessages catched 
[23:14:22] 7 NpcReplies catched 
[23:14:22] 353 Triggers catched
[23:14:22] 1277 Paddocks catched
[23:14:22] 72 Mounts catched
[23:14:22] 3 Guild catched
[23:14:22] 2 GuildMembers catched
[23:14:22] 11 GatheringJob LevelInfos catched
[23:14:22] 233 InteractiveSkills LevelInfos catched
[23:14:22] 2210 Monster Templates catched
[23:14:22] 11688 Monster Grades catched
[23:14:22] 8021 Monster Drops catched
[23:14:23] 128 Handlers Readed
[23:14:23] 175 Messages Readed
[23:14:23] WorldServer start in 4994 ms.
[23:17:18] MySQL Database Connected
[23:17:18] 16 Breeds catched
[23:17:18] 256 Heads catched
[23:17:18] 566 Effects catched
[23:17:18] 4 SuperAreas catched
[23:17:18] 48 Areas catched
[23:17:19] 334 SubAreas catched
[23:17:20] 11267 DofusMaps catched
[23:17:20] 9761 StatedElements catched
[23:17:20] 13349 InteractiveElements catched
[23:17:20] 1485 HouseInformations catched
[23:17:20] 556 InteractiveDoors catched
[23:17:20] 3530 MapPositions uncatched
[23:17:20] 14681 MapPositions catched
[23:17:20] 42 MapZaaps catched
[23:17:20] 79 MapSubways catched
[23:17:20] 15612 SpellLevels catched 
[23:17:20] 4972 Spells catched 
[23:17:20] 4 SpellBombs catched 
[23:17:20] 316 GuildEmblems catched 
[23:17:20] 1179 LearnableSpells catched 
[23:17:20] 10063 ItemTemplates catched 
[23:17:21] 4355 Weapons catched 
[23:17:21] 366 ItemSets catched 
[23:17:21] 171 ItemTypes catched 
[23:17:21] 114 ItemPets catched 
[23:17:21] 2476 NpcTemplates catched 
[23:17:21] 787 NpcSpawns catched 
[23:17:21] 94 NpcItems catched 
[23:17:21] 19801 NpcMessages catched 
[23:17:21] 7 NpcReplies catched 
[23:17:21] 353 Triggers catched
[23:17:21] 1277 Paddocks catched
[23:17:21] 72 Mounts catched
[23:17:21] 3 Guild catched
[23:17:21] 2 GuildMembers catched
[23:17:21] 11 GatheringJob LevelInfos catched
[23:17:21] 233 InteractiveSkills LevelInfos catched
[23:17:21] 2210 Monster Templates catched
[23:17:21] 11688 Monster Grades catched
[23:17:21] 8021 Monster Drops catched
[23:17:22] 128 Handlers Readed
[23:17:22] 175 Messages Readed
[23:17:22] WorldServer start in 5012 ms.
[23:18:36] MySQL Database Connected
[23:18:36] 16 Breeds catched
[23:18:36] 256 Heads catched
[23:18:36] 566 Effects catched
[23:18:36] 4 SuperAreas catched
[23:18:36] 48 Areas catched
[23:18:37] 334 SubAreas catched
[23:18:38] 11267 DofusMaps catched
[23:18:38] 9761 StatedElements catched
[23:18:38] 13349 InteractiveElements catched
[23:18:38] 1485 HouseInformations catched
[23:18:38] 556 InteractiveDoors catched
[23:18:38] 3530 MapPositions uncatched
[23:18:38] 14681 MapPositions catched
[23:18:38] 42 MapZaaps catched
[23:18:38] 79 MapSubways catched
[23:18:38] 15612 SpellLevels catched 
[23:18:38] 4972 Spells catched 
[23:18:38] 4 SpellBombs catched 
[23:18:38] 316 GuildEmblems catched 
[23:18:38] 1179 LearnableSpells catched 
[23:18:39] 10063 ItemTemplates catched 
[23:18:39] 4355 Weapons catched 
[23:18:39] 366 ItemSets catched 
[23:18:39] 171 ItemTypes catched 
[23:18:39] 114 ItemPets catched 
[23:18:39] 2476 NpcTemplates catched 
[23:18:39] 787 NpcSpawns catched 
[23:18:39] 94 NpcItems catched 
[23:18:39] 19801 NpcMessages catched 
[23:18:39] 7 NpcReplies catched 
[23:18:39] 353 Triggers catched
[23:18:39] 1277 Paddocks catched
[23:18:39] 72 Mounts catched
[23:18:39] 3 Guild catched
[23:18:39] 2 GuildMembers catched
[23:18:39] 11 GatheringJob LevelInfos catched
[23:18:39] 233 InteractiveSkills LevelInfos catched
[23:18:39] 2210 Monster Templates catched
[23:18:39] 11688 Monster Grades catched
[23:18:39] 8021 Monster Drops catched
[23:18:40] 128 Handlers Readed
[23:18:41] 175 Messages Readed
[23:18:41] WorldServer start in 5130 ms.
[23:23:03] MySQL Database Connected
[23:23:03] 16 Breeds catched
[23:23:03] 256 Heads catched
[23:23:03] 566 Effects catched
[23:23:04] 4 SuperAreas catched
[23:23:04] 48 Areas catched
[23:23:05] 334 SubAreas catched
[23:23:05] 11267 DofusMaps catched
[23:23:05] 9761 StatedElements catched
[23:23:05] 13349 InteractiveElements catched
[23:23:05] 1485 HouseInformations catched
[23:23:05] 556 InteractiveDoors catched
[23:23:05] 3530 MapPositions uncatched
[23:23:05] 14681 MapPositions catched
[23:23:05] 42 MapZaaps catched
[23:23:05] 79 MapSubways catched
[23:23:06] 15612 SpellLevels catched 
[23:23:06] 4972 Spells catched 
[23:23:06] 4 SpellBombs catched 
[23:23:06] 316 GuildEmblems catched 
[23:23:06] 1179 LearnableSpells catched 
[23:23:06] 10063 ItemTemplates catched 
[23:23:06] 4355 Weapons catched 
[23:23:06] 366 ItemSets catched 
[23:23:06] 171 ItemTypes catched 
[23:23:06] 114 ItemPets catched 
[23:23:06] 2476 NpcTemplates catched 
[23:23:06] 787 NpcSpawns catched 
[23:23:06] 94 NpcItems catched 
[23:23:06] 19801 NpcMessages catched 
[23:23:06] 7 NpcReplies catched 
[23:23:06] 353 Triggers catched
[23:23:06] 1277 Paddocks catched
[23:23:06] 72 Mounts catched
[23:23:06] 3 Guild catched
[23:23:06] 2 GuildMembers catched
[23:23:06] 11 GatheringJob LevelInfos catched
[23:23:07] 233 InteractiveSkills LevelInfos catched
[23:23:07] 2210 Monster Templates catched
[23:23:07] 11688 Monster Grades catched
[23:23:07] 8021 Monster Drops catched
[23:23:07] 128 Handlers Readed
[23:23:08] 175 Messages Readed
[23:23:08] WorldServer start in 4985 ms.
[23:28:05] MySQL Database Connected
[23:28:05] 16 Breeds catched
[23:28:05] 256 Heads catched
[23:28:05] 566 Effects catched
[23:28:05] 4 SuperAreas catched
[23:28:05] 48 Areas catched
[23:28:06] 334 SubAreas catched
[23:28:07] 11267 DofusMaps catched
[23:28:07] 9761 StatedElements catched
[23:28:07] 13349 InteractiveElements catched
[23:28:07] 1485 HouseInformations catched
[23:28:07] 556 InteractiveDoors catched
[23:28:07] 3530 MapPositions uncatched
[23:28:07] 14681 MapPositions catched
[23:28:07] 42 MapZaaps catched
[23:28:07] 79 MapSubways catched
[23:28:07] 15612 SpellLevels catched 
[23:28:07] 4972 Spells catched 
[23:28:07] 4 SpellBombs catched 
[23:28:07] 316 GuildEmblems catched 
[23:28:07] 1179 LearnableSpells catched 
[23:28:08] 10063 ItemTemplates catched 
[23:28:08] 4355 Weapons catched 
[23:28:08] 366 ItemSets catched 
[23:28:08] 171 ItemTypes catched 
[23:28:08] 114 ItemPets catched 
[23:28:08] 2476 NpcTemplates catched 
[23:28:08] 787 NpcSpawns catched 
[23:28:08] 94 NpcItems catched 
[23:28:08] 19801 NpcMessages catched 
[23:28:08] 7 NpcReplies catched 
[23:28:08] 353 Triggers catched
[23:28:08] 1277 Paddocks catched
[23:28:08] 72 Mounts catched
[23:28:08] 3 Guild catched
[23:28:08] 2 GuildMembers catched
[23:28:08] 11 GatheringJob LevelInfos catched
[23:28:08] 233 InteractiveSkills LevelInfos catched
[23:28:08] 2210 Monster Templates catched
[23:28:08] 11688 Monster Grades catched
[23:28:09] 8021 Monster Drops catched
[23:28:09] 128 Handlers Readed
[23:28:10] 175 Messages Readed
[23:28:10] WorldServer start in 5080 ms.
