[00:02:37] MySQL Database Connected
[00:02:38] 1 Handlers Readed
[00:02:38] 1 Messages Readed
[00:02:38] WorldServer start in 573 ms.
[16:51:21] MySQL Database Connected
[16:51:21] 2 Handlers Readed
[16:51:22] 1 Messages Readed
[16:51:22] WorldServer start in 578 ms.
[16:53:02] MySQL Database Connected
[16:53:02] 2 Handlers Readed
[16:53:02] 1 Messages Readed
[16:53:02] WorldServer start in 589 ms.
[16:55:41] MySQL Database Connected
[16:55:41] 2 Handlers Readed
[16:55:41] 2 Messages Readed
[16:55:41] WorldServer start in 599 ms.
[20:45:25] MySQL Database Connected
[20:45:26] 1 Handlers Readed
[20:45:26] 2 Messages Readed
[20:45:26] WorldServer start in 645 ms.
[20:46:20] MySQL Database Connected
[20:46:20] 1 Handlers Readed
[20:46:20] 2 Messages Readed
[20:46:20] WorldServer start in 599 ms.
[20:46:39] MySQL Database Connected
[20:46:40] 1 Handlers Readed
[20:46:40] 2 Messages Readed
[20:46:40] WorldServer start in 576 ms.
[20:47:02] MySQL Database Connected
[20:47:03] 1 Handlers Readed
[20:47:03] 2 Messages Readed
[20:47:03] WorldServer start in 577 ms.
[20:47:24] MySQL Database Connected
[20:47:24] 1 Handlers Readed
[20:47:24] 2 Messages Readed
[20:47:24] WorldServer start in 633 ms.
[20:48:31] MySQL Database Connected
[20:48:32] 1 Handlers Readed
[20:48:32] 2 Messages Readed
[20:48:32] WorldServer start in 621 ms.
[20:48:36] Packet not handled 150
[20:48:57] MySQL Database Connected
[20:48:57] 1 Handlers Readed
[20:48:57] 2 Messages Readed
[20:48:57] WorldServer start in 609 ms.
[20:49:01] Packet not handled 150
[20:49:48] MySQL Database Connected
[20:49:48] 2 Handlers Readed
[20:49:48] 2 Messages Readed
[20:49:48] WorldServer start in 601 ms.
[20:50:22] MySQL Database Connected
[20:50:22] 1 Handlers Readed
[20:50:22] 2 Messages Readed
[20:50:22] WorldServer start in 604 ms.
[20:50:29] Packet not handled 150
[20:51:59] MySQL Database Connected
[20:52:00] 2 Handlers Readed
[20:52:00] 2 Messages Readed
[20:52:00] WorldServer start in 606 ms.
[20:54:07] MySQL Database Connected
[20:54:07] 1 Handlers Readed
[20:54:07] 2 Messages Readed
[20:54:07] WorldServer start in 593 ms.
[20:54:11] Packet not handled 150
[20:56:04] MySQL Database Connected
[20:56:04] 1 Handlers Readed
[20:56:04] 2 Messages Readed
[20:56:04] WorldServer start in 585 ms.
[20:56:09] Packet not handled 150
[20:58:03] MySQL Database Connected
[20:58:03] 1 Handlers Readed
[20:58:03] 2 Messages Readed
[20:58:04] WorldServer start in 630 ms.
[20:58:12] Packet not handled 150
[20:58:22] MySQL Database Connected
[20:58:22] 1 Handlers Readed
[20:58:22] 2 Messages Readed
[20:58:22] WorldServer start in 592 ms.
[20:58:26] Packet not handled 150
[20:58:40] MySQL Database Connected
[20:58:41] 2 Handlers Readed
[20:58:41] 2 Messages Readed
[20:58:41] WorldServer start in 613 ms.
[20:58:57] MySQL Database Connected
[20:58:57] 1 Handlers Readed
[20:58:57] 2 Messages Readed
[20:58:58] WorldServer start in 603 ms.
[20:59:02] Packet not handled 150
[21:00:47] MySQL Database Connected
[21:00:47] 2 Handlers Readed
[21:00:47] 2 Messages Readed
[21:00:47] WorldServer start in 596 ms.
[21:02:24] MySQL Database Connected
[21:02:25] 2 Handlers Readed
[21:02:25] 2 Messages Readed
[21:02:25] WorldServer start in 617 ms.
[21:03:00] MySQL Database Connected
[21:03:00] 2 Handlers Readed
[21:03:00] 2 Messages Readed
[21:03:01] WorldServer start in 735 ms.
[21:03:44] MySQL Database Connected
[21:03:45] 2 Handlers Readed
[21:03:45] 2 Messages Readed
[21:03:45] WorldServer start in 605 ms.
[21:07:55] MySQL Database Connected
[21:07:55] 2 Handlers Readed
[21:07:55] 2 Messages Readed
[21:07:55] WorldServer start in 606 ms.
[21:08:11] MySQL Database Connected
[21:08:11] 2 Handlers Readed
[21:08:12] 2 Messages Readed
[21:08:12] WorldServer start in 563 ms.
[21:12:25] MySQL Database Connected
[21:12:25] 2 Handlers Readed
[21:12:25] 2 Messages Readed
[21:12:25] WorldServer start in 593 ms.
[22:00:18] MySQL Database Connected
[22:00:18] 2 Handlers Readed
[22:00:18] 2 Messages Readed
[22:00:18] WorldServer start in 592 ms.
[22:17:24] MySQL Database Connected
[22:17:24] 2 Handlers Readed
[22:17:24] 2 Messages Readed
[22:17:24] WorldServer start in 593 ms.
[22:52:21] MySQL Database Connected
[22:52:21] 2 Handlers Readed
[22:52:21] 2 Messages Readed
[22:52:21] WorldServer start in 583 ms.
[22:52:39] MySQL Database Connected
[22:52:39] 2 Handlers Readed
[22:52:39] 2 Messages Readed
[22:52:39] WorldServer start in 576 ms.
[22:57:17] MySQL Database Connected
[22:57:17] 2 Handlers Readed
[22:57:17] 2 Messages Readed
[22:57:17] WorldServer start in 604 ms.
[23:11:48] MySQL Database Connected
[23:11:48] 3 Handlers Readed
[23:11:48] 3 Messages Readed
[23:11:48] WorldServer start in 609 ms.
