[12:16:47] 16 Breeds catched
[12:16:47] 256 Heads catched
[12:16:47] 561 Effects catched
[12:19:51] MySQL Database Connected
[12:19:51] 16 Breeds catched
[12:19:51] 256 Heads catched
[12:19:51] 561 Effects catched
[12:19:53] 4 SuperAreas catched
[12:19:53] 48 Areas catched
[12:19:54] 334 SubAreas catched
[12:20:08] 11260 DofusMaps catched
[12:20:08] 9761 StatedElements catched
[12:20:08] 13349 InteractiveElements catched
[12:20:09] 1485 HouseInformations catched
[12:20:09] 556 InteractiveDoors catched
[12:20:09] 3614 MapPositions uncatched
[12:20:09] 14681 MapPositions catched
[12:20:09] 42 MapZaaps catched
[12:20:09] 79 MapSubways catched
[12:20:09] 15228 SpellLevels catched 
[12:20:09] 4772 Spells catched 
[12:20:09] 316 GuildEmblems catched 
[12:20:09] 1179 LearnableSpells catched 
[12:20:10] 9780 ItemTemplates catched 
[12:20:10] 4489 Weapons catched 
[12:20:10] 363 ItemSets catched 
[12:20:10] 171 ItemTypes catched 
[12:20:10] 110 ItemPets catched 
[12:20:11] 2476 NpcTemplates catched 
[12:20:11] 787 NpcSpawns catched 
[12:20:11] 94 NpcItems catched 
[12:20:12] 19801 NpcMessages catched 
[12:20:12] 7 NpcReplies catched 
[12:20:13] 353 Triggers catched
[12:20:13] 1277 Paddocks catched
[12:20:13] 72 Mounts catched
[12:20:13] 4 Guild catched
[12:20:13] 3 GuildMembers catched
[12:20:19] 108 Handlers Readed
[12:20:33] 159 Messages Readed
[12:20:33] WorldServer start in 41622 ms.
[12:24:57] MySQL Database Connected
[12:24:57] 16 Breeds catched
[12:24:57] 256 Heads catched
[12:24:57] 561 Effects catched
[12:24:58] 4 SuperAreas catched
[12:24:58] 48 Areas catched
[12:24:59] 334 SubAreas catched
[12:26:59] 11260 DofusMaps catched
[12:26:59] 9761 StatedElements catched
[12:27:02] 13349 InteractiveElements catched
[12:27:02] 1485 HouseInformations catched
[12:27:02] 556 InteractiveDoors catched
[12:27:05] 3614 MapPositions uncatched
[12:27:05] 14681 MapPositions catched
[12:27:05] 42 MapZaaps catched
[12:27:05] 79 MapSubways catched
[12:27:06] 15228 SpellLevels catched 
[12:27:07] 4772 Spells catched 
[12:27:07] 316 GuildEmblems catched 
[12:27:07] 1179 LearnableSpells catched 
[12:27:07] 9780 ItemTemplates catched 
[12:27:08] 4489 Weapons catched 
[12:27:08] 363 ItemSets catched 
[12:27:08] 171 ItemTypes catched 
[12:27:08] 110 ItemPets catched 
[12:27:08] 2476 NpcTemplates catched 
[12:27:08] 787 NpcSpawns catched 
[12:27:08] 94 NpcItems catched 
[12:27:08] 19801 NpcMessages catched 
[12:27:08] 7 NpcReplies catched 
[12:27:09] 353 Triggers catched
[12:27:09] 1277 Paddocks catched
[12:27:09] 72 Mounts catched
[12:27:09] 4 Guild catched
[12:27:09] 3 GuildMembers catched
[12:27:09] 108 Handlers Readed
[12:27:10] 159 Messages Readed
[12:27:10] WorldServer start in 133161 ms.
[12:36:06] MySQL Database Connected
[12:36:07] 16 Breeds catched
[12:36:07] 256 Heads catched
[12:36:07] 561 Effects catched
[12:36:07] 4 SuperAreas catched
[12:36:07] 48 Areas catched
[12:36:08] 334 SubAreas catched
[12:36:15] 11260 DofusMaps catched
[12:36:15] 9761 StatedElements catched
[12:36:15] 13349 InteractiveElements catched
[12:36:15] 1485 HouseInformations catched
[12:36:15] 556 InteractiveDoors catched
[12:36:16] 3614 MapPositions uncatched
[12:36:16] 14681 MapPositions catched
[12:36:16] 42 MapZaaps catched
[12:36:16] 79 MapSubways catched
[12:36:16] 15228 SpellLevels catched 
[12:36:16] 4772 Spells catched 
[12:36:16] 316 GuildEmblems catched 
[12:36:16] 1179 LearnableSpells catched 
[12:36:16] 9780 ItemTemplates catched 
[12:36:16] 4489 Weapons catched 
[12:36:17] 363 ItemSets catched 
[12:36:17] 171 ItemTypes catched 
[12:36:17] 110 ItemPets catched 
[12:36:17] 2476 NpcTemplates catched 
[12:36:17] 787 NpcSpawns catched 
[12:36:17] 94 NpcItems catched 
[12:36:17] 19801 NpcMessages catched 
[12:36:17] 7 NpcReplies catched 
[12:36:18] 353 Triggers catched
[12:36:18] 1277 Paddocks catched
[12:36:18] 72 Mounts catched
[12:36:18] 4 Guild catched
[12:36:18] 3 GuildMembers catched
[12:36:18] 108 Handlers Readed
[12:36:19] 159 Messages Readed
[12:36:19] WorldServer start in 12454 ms.
[12:37:40] MySQL Database Connected
[12:37:40] 16 Breeds catched
[12:37:40] 256 Heads catched
[12:37:40] 561 Effects catched
[12:37:41] 4 SuperAreas catched
[12:37:41] 48 Areas catched
[12:37:42] 334 SubAreas catched
[12:37:52] 11260 DofusMaps catched
[12:37:52] 9761 StatedElements catched
[12:37:52] 13349 InteractiveElements catched
[12:37:52] 1485 HouseInformations catched
[12:37:52] 556 InteractiveDoors catched
[12:37:52] 3614 MapPositions uncatched
[12:37:52] 14681 MapPositions catched
[12:37:52] 42 MapZaaps catched
[12:37:52] 79 MapSubways catched
[12:37:52] 15228 SpellLevels catched 
[12:37:52] 4772 Spells catched 
[12:37:52] 316 GuildEmblems catched 
[12:37:52] 1179 LearnableSpells catched 
[12:37:53] 9780 ItemTemplates catched 
[12:37:53] 4489 Weapons catched 
[12:37:53] 363 ItemSets catched 
[12:37:53] 171 ItemTypes catched 
[12:37:53] 110 ItemPets catched 
[12:37:53] 2476 NpcTemplates catched 
[12:37:53] 787 NpcSpawns catched 
[12:37:53] 94 NpcItems catched 
[12:37:53] 19801 NpcMessages catched 
[12:37:53] 7 NpcReplies catched 
[12:37:54] 353 Triggers catched
[12:37:54] 1277 Paddocks catched
[12:37:54] 72 Mounts catched
[12:37:54] 4 Guild catched
[12:37:54] 3 GuildMembers catched
[12:37:54] 108 Handlers Readed
[12:37:55] 159 Messages Readed
[12:37:55] WorldServer start in 14547 ms.
[12:38:30] MySQL Database Connected
[12:38:31] 16 Breeds catched
[12:38:31] 256 Heads catched
[12:38:31] 561 Effects catched
[12:38:31] 4 SuperAreas catched
[12:38:31] 48 Areas catched
[12:38:32] 334 SubAreas catched
[12:38:40] 11260 DofusMaps catched
[12:38:40] 9761 StatedElements catched
[12:38:40] 13349 InteractiveElements catched
[12:38:40] 1485 HouseInformations catched
[12:38:40] 556 InteractiveDoors catched
[12:38:40] 3614 MapPositions uncatched
[12:38:40] 14681 MapPositions catched
[12:38:40] 42 MapZaaps catched
[12:38:40] 79 MapSubways catched
[12:38:40] 15228 SpellLevels catched 
[12:38:40] 4772 Spells catched 
[12:38:40] 316 GuildEmblems catched 
[12:38:40] 1179 LearnableSpells catched 
[12:38:41] 9780 ItemTemplates catched 
[12:38:41] 4489 Weapons catched 
[12:38:41] 363 ItemSets catched 
[12:38:41] 171 ItemTypes catched 
[12:38:41] 110 ItemPets catched 
[12:38:41] 2476 NpcTemplates catched 
[12:38:41] 787 NpcSpawns catched 
[12:38:41] 94 NpcItems catched 
[12:38:41] 19801 NpcMessages catched 
[12:38:41] 7 NpcReplies catched 
[12:38:41] 353 Triggers catched
[12:38:42] 1277 Paddocks catched
[12:38:42] 72 Mounts catched
[12:38:42] 4 Guild catched
[12:38:42] 3 GuildMembers catched
[12:38:42] 108 Handlers Readed
[12:38:43] 159 Messages Readed
[12:38:43] WorldServer start in 12371 ms.
[12:39:11] MySQL Database Connected
[12:39:11] 16 Breeds catched
[12:39:11] 256 Heads catched
[12:39:11] 561 Effects catched
[12:39:12] 4 SuperAreas catched
[12:39:12] 48 Areas catched
[12:39:13] 334 SubAreas catched
[12:39:20] 11260 DofusMaps catched
[12:39:20] 9761 StatedElements catched
[12:39:20] 13349 InteractiveElements catched
[12:39:20] 1485 HouseInformations catched
[12:39:20] 556 InteractiveDoors catched
[12:39:20] 3614 MapPositions uncatched
[12:39:20] 14681 MapPositions catched
[12:39:20] 42 MapZaaps catched
[12:39:20] 79 MapSubways catched
[12:39:21] 15228 SpellLevels catched 
[12:39:21] 4772 Spells catched 
[12:39:21] 316 GuildEmblems catched 
[12:39:21] 1179 LearnableSpells catched 
[12:39:21] 9780 ItemTemplates catched 
[12:39:21] 4489 Weapons catched 
[12:39:21] 363 ItemSets catched 
[12:39:21] 171 ItemTypes catched 
[12:39:21] 110 ItemPets catched 
[12:39:22] 2476 NpcTemplates catched 
[12:39:22] 787 NpcSpawns catched 
[12:39:22] 94 NpcItems catched 
[12:39:22] 19801 NpcMessages catched 
[12:39:22] 7 NpcReplies catched 
[12:39:22] 353 Triggers catched
[12:39:22] 1277 Paddocks catched
[12:39:22] 72 Mounts catched
[12:39:22] 4 Guild catched
[12:39:22] 3 GuildMembers catched
[12:39:23] 108 Handlers Readed
[12:39:23] 159 Messages Readed
[12:39:23] WorldServer start in 12410 ms.
[12:41:01] MySQL Database Connected
[12:41:02] 16 Breeds catched
[12:41:02] 256 Heads catched
[12:41:02] 561 Effects catched
[12:41:02] 4 SuperAreas catched
[12:41:02] 48 Areas catched
[12:41:03] 334 SubAreas catched
[12:41:11] 11260 DofusMaps catched
[12:41:11] 9761 StatedElements catched
[12:41:12] 13349 InteractiveElements catched
[12:41:12] 1485 HouseInformations catched
[12:41:12] 556 InteractiveDoors catched
[12:41:12] 3614 MapPositions uncatched
[12:41:12] 14681 MapPositions catched
[12:41:12] 42 MapZaaps catched
[12:41:12] 79 MapSubways catched
[12:41:12] 15228 SpellLevels catched 
[12:41:12] 4772 Spells catched 
[12:41:12] 316 GuildEmblems catched 
[12:41:12] 1179 LearnableSpells catched 
[12:41:13] 9780 ItemTemplates catched 
[12:41:13] 4489 Weapons catched 
[12:41:13] 363 ItemSets catched 
[12:41:13] 171 ItemTypes catched 
[12:41:13] 110 ItemPets catched 
[12:41:13] 2476 NpcTemplates catched 
[12:41:13] 787 NpcSpawns catched 
[12:41:13] 94 NpcItems catched 
[12:41:13] 19801 NpcMessages catched 
[12:41:13] 7 NpcReplies catched 
[12:41:14] 353 Triggers catched
[12:41:14] 1277 Paddocks catched
[12:41:14] 72 Mounts catched
[12:41:14] 4 Guild catched
[12:41:14] 3 GuildMembers catched
[12:41:14] 108 Handlers Readed
[12:41:15] 159 Messages Readed
[12:41:15] WorldServer start in 13521 ms.
[12:43:40] MySQL Database Connected
[12:43:40] 16 Breeds catched
[12:43:40] 256 Heads catched
[12:43:40] 561 Effects catched
[12:43:40] 4 SuperAreas catched
[12:43:40] 48 Areas catched
[12:43:41] 334 SubAreas catched
[12:43:49] 11260 DofusMaps catched
[12:43:49] 9761 StatedElements catched
[12:43:49] 13349 InteractiveElements catched
[12:43:49] 1485 HouseInformations catched
[12:43:49] 556 InteractiveDoors catched
[12:43:50] 3614 MapPositions uncatched
[12:43:50] 14681 MapPositions catched
[12:43:50] 42 MapZaaps catched
[12:43:50] 79 MapSubways catched
[12:43:50] 15228 SpellLevels catched 
[12:43:50] 4772 Spells catched 
[12:43:50] 316 GuildEmblems catched 
[12:43:50] 1179 LearnableSpells catched 
[12:43:50] 9780 ItemTemplates catched 
[12:43:51] 4489 Weapons catched 
[12:43:51] 363 ItemSets catched 
[12:43:51] 171 ItemTypes catched 
[12:43:52] 110 ItemPets catched 
[12:43:52] 2476 NpcTemplates catched 
[12:43:52] 787 NpcSpawns catched 
[12:43:52] 94 NpcItems catched 
[12:43:52] 19801 NpcMessages catched 
[12:43:52] 7 NpcReplies catched 
[12:43:52] 353 Triggers catched
[12:43:52] 1277 Paddocks catched
[12:43:52] 72 Mounts catched
[12:43:52] 4 Guild catched
[12:43:52] 3 GuildMembers catched
[12:43:53] 108 Handlers Readed
[12:43:53] 159 Messages Readed
[12:43:53] WorldServer start in 13937 ms.
[12:44:22] MySQL Database Connected
[12:44:22] 16 Breeds catched
[12:44:22] 256 Heads catched
[12:44:22] 561 Effects catched
[12:44:23] 4 SuperAreas catched
[12:44:23] 48 Areas catched
[12:44:23] 334 SubAreas catched
[12:44:31] 11260 DofusMaps catched
[12:44:31] 9761 StatedElements catched
[12:44:31] 13349 InteractiveElements catched
[12:44:31] 1485 HouseInformations catched
[12:44:31] 556 InteractiveDoors catched
[12:44:31] 3614 MapPositions uncatched
[12:44:31] 14681 MapPositions catched
[12:44:31] 42 MapZaaps catched
[12:44:31] 79 MapSubways catched
[12:44:31] 15228 SpellLevels catched 
[12:44:31] 4772 Spells catched 
[12:44:31] 316 GuildEmblems catched 
[12:44:31] 1179 LearnableSpells catched 
[12:44:32] 9780 ItemTemplates catched 
[12:44:32] 4489 Weapons catched 
[12:44:32] 363 ItemSets catched 
[12:44:32] 171 ItemTypes catched 
[12:44:32] 110 ItemPets catched 
[12:44:32] 2476 NpcTemplates catched 
[12:44:32] 787 NpcSpawns catched 
[12:44:32] 94 NpcItems catched 
[12:44:33] 19801 NpcMessages catched 
[12:44:33] 7 NpcReplies catched 
[12:44:33] 353 Triggers catched
[12:44:33] 1277 Paddocks catched
[12:44:33] 72 Mounts catched
[12:44:33] 4 Guild catched
[12:44:33] 3 GuildMembers catched
[12:44:33] 108 Handlers Readed
[12:44:34] 159 Messages Readed
[12:44:34] WorldServer start in 12117 ms.
[12:45:43] MySQL Database Connected
[12:45:43] 16 Breeds catched
[12:45:43] 256 Heads catched
[12:45:43] 561 Effects catched
[12:45:43] 4 SuperAreas catched
[12:45:43] 48 Areas catched
[12:45:44] 334 SubAreas catched
[12:45:52] 11260 DofusMaps catched
[12:45:52] 9761 StatedElements catched
[12:45:53] 13349 InteractiveElements catched
[12:45:53] 1485 HouseInformations catched
[12:45:53] 556 InteractiveDoors catched
[12:45:53] 3614 MapPositions uncatched
[12:45:53] 14681 MapPositions catched
[12:45:53] 42 MapZaaps catched
[12:45:53] 79 MapSubways catched
[12:45:53] 15228 SpellLevels catched 
[12:45:53] 4772 Spells catched 
[12:45:53] 316 GuildEmblems catched 
[12:45:53] 1179 LearnableSpells catched 
[12:45:53] 9780 ItemTemplates catched 
[12:45:53] 4489 Weapons catched 
[12:45:53] 363 ItemSets catched 
[12:45:53] 171 ItemTypes catched 
[12:45:54] 110 ItemPets catched 
[12:45:54] 2476 NpcTemplates catched 
[12:45:54] 787 NpcSpawns catched 
[12:45:54] 94 NpcItems catched 
[12:45:54] 19801 NpcMessages catched 
[12:45:54] 7 NpcReplies catched 
[12:45:54] 353 Triggers catched
[12:45:54] 1277 Paddocks catched
[12:45:54] 72 Mounts catched
[12:45:54] 4 Guild catched
[12:45:54] 3 GuildMembers catched
[12:45:55] 108 Handlers Readed
[12:45:55] 159 Messages Readed
[12:45:55] WorldServer start in 12709 ms.
[12:46:55] MySQL Database Connected
[12:46:56] 16 Breeds catched
[12:46:56] 256 Heads catched
[12:46:56] 561 Effects catched
[12:46:56] 4 SuperAreas catched
[12:46:56] 48 Areas catched
[12:46:57] 334 SubAreas catched
[12:47:05] 11260 DofusMaps catched
[12:47:05] 9761 StatedElements catched
[12:47:05] 13349 InteractiveElements catched
[12:47:05] 1485 HouseInformations catched
[12:47:05] 556 InteractiveDoors catched
[12:47:06] 3614 MapPositions uncatched
[12:47:06] 14681 MapPositions catched
[12:47:06] 42 MapZaaps catched
[12:47:06] 79 MapSubways catched
[12:47:06] 15228 SpellLevels catched 
[12:47:06] 4772 Spells catched 
[12:47:06] 316 GuildEmblems catched 
[12:47:06] 1179 LearnableSpells catched 
[12:47:06] 9780 ItemTemplates catched 
[12:47:06] 4489 Weapons catched 
[12:47:06] 363 ItemSets catched 
[12:47:06] 171 ItemTypes catched 
[12:47:07] 110 ItemPets catched 
[12:47:07] 2476 NpcTemplates catched 
[12:47:07] 787 NpcSpawns catched 
[12:47:07] 94 NpcItems catched 
[12:47:07] 19801 NpcMessages catched 
[12:47:07] 7 NpcReplies catched 
[12:47:07] 353 Triggers catched
[12:47:07] 1277 Paddocks catched
[12:47:07] 72 Mounts catched
[12:47:07] 4 Guild catched
[12:47:07] 3 GuildMembers catched
[12:47:08] 108 Handlers Readed
[12:47:08] 159 Messages Readed
[12:47:08] WorldServer start in 13251 ms.
[12:47:36] MySQL Database Connected
[12:47:36] 16 Breeds catched
[12:47:36] 256 Heads catched
[12:47:36] 561 Effects catched
[12:47:37] 4 SuperAreas catched
[12:47:37] 48 Areas catched
[12:47:37] 334 SubAreas catched
[12:47:51] 11260 DofusMaps catched
[12:47:51] 9761 StatedElements catched
[12:47:51] 13349 InteractiveElements catched
[12:47:51] 1485 HouseInformations catched
[12:47:51] 556 InteractiveDoors catched
[12:47:51] 3614 MapPositions uncatched
[12:47:51] 14681 MapPositions catched
[12:47:51] 42 MapZaaps catched
[12:47:51] 79 MapSubways catched
[12:47:51] 15228 SpellLevels catched 
[12:47:52] 4772 Spells catched 
[12:47:52] 316 GuildEmblems catched 
[12:47:52] 1179 LearnableSpells catched 
[12:47:52] 9780 ItemTemplates catched 
[12:47:52] 4489 Weapons catched 
[12:47:52] 363 ItemSets catched 
[12:47:52] 171 ItemTypes catched 
[12:47:52] 110 ItemPets catched 
[12:47:53] 2476 NpcTemplates catched 
[12:47:53] 787 NpcSpawns catched 
[12:47:53] 94 NpcItems catched 
[12:47:53] 19801 NpcMessages catched 
[12:47:53] 7 NpcReplies catched 
[12:47:53] 353 Triggers catched
[12:47:53] 1277 Paddocks catched
[12:47:53] 72 Mounts catched
[12:47:53] 4 Guild catched
[12:47:53] 3 GuildMembers catched
[12:47:54] 108 Handlers Readed
[12:47:54] 159 Messages Readed
[12:47:54] WorldServer start in 18513 ms.
[12:48:14] MySQL Database Connected
[12:48:14] 16 Breeds catched
[12:48:14] 256 Heads catched
[12:48:14] 561 Effects catched
[12:48:15] 4 SuperAreas catched
[12:48:15] 48 Areas catched
[12:48:16] 334 SubAreas catched
[12:48:23] 11260 DofusMaps catched
[12:48:23] 9761 StatedElements catched
[12:48:23] 13349 InteractiveElements catched
[12:48:23] 1485 HouseInformations catched
[12:48:23] 556 InteractiveDoors catched
[12:48:24] 3614 MapPositions uncatched
[12:48:24] 14681 MapPositions catched
[12:48:24] 42 MapZaaps catched
[12:48:24] 79 MapSubways catched
[12:48:24] 15228 SpellLevels catched 
[12:48:24] 4772 Spells catched 
[12:48:24] 316 GuildEmblems catched 
[12:48:24] 1179 LearnableSpells catched 
[12:48:24] 9780 ItemTemplates catched 
[12:48:24] 4489 Weapons catched 
[12:48:24] 363 ItemSets catched 
[12:48:24] 171 ItemTypes catched 
[12:48:24] 110 ItemPets catched 
[12:48:25] 2476 NpcTemplates catched 
[12:48:25] 787 NpcSpawns catched 
[12:48:25] 94 NpcItems catched 
[12:48:25] 19801 NpcMessages catched 
[12:48:25] 7 NpcReplies catched 
[12:48:25] 353 Triggers catched
[12:48:25] 1277 Paddocks catched
[12:48:25] 72 Mounts catched
[12:48:25] 4 Guild catched
[12:48:25] 3 GuildMembers catched
[12:48:26] 108 Handlers Readed
[12:48:26] 159 Messages Readed
[12:48:26] WorldServer start in 12240 ms.
[12:48:54] MySQL Database Connected
[12:48:54] 16 Breeds catched
[12:48:54] 256 Heads catched
[12:48:54] 561 Effects catched
[12:48:54] 4 SuperAreas catched
[12:48:54] 48 Areas catched
[12:48:55] 334 SubAreas catched
[12:49:21] MySQL Database Connected
[12:49:21] 16 Breeds catched
[12:49:21] 256 Heads catched
[12:49:21] 561 Effects catched
[12:49:22] 4 SuperAreas catched
[12:49:22] 48 Areas catched
[12:49:23] 334 SubAreas catched
[12:49:30] 11260 DofusMaps catched
[12:49:30] 9761 StatedElements catched
[12:49:31] 13349 InteractiveElements catched
[12:49:31] 1485 HouseInformations catched
[12:49:31] 556 InteractiveDoors catched
[12:49:31] 3614 MapPositions uncatched
[12:49:31] 14681 MapPositions catched
[12:49:31] 42 MapZaaps catched
[12:49:31] 79 MapSubways catched
[12:49:31] 15228 SpellLevels catched 
[12:49:31] 4772 Spells catched 
[12:49:31] 316 GuildEmblems catched 
[12:49:31] 1179 LearnableSpells catched 
[12:49:31] 9780 ItemTemplates catched 
[12:49:31] 4489 Weapons catched 
[12:49:31] 363 ItemSets catched 
[12:49:31] 171 ItemTypes catched 
[12:49:31] 110 ItemPets catched 
[12:49:32] 2476 NpcTemplates catched 
[12:49:32] 787 NpcSpawns catched 
[12:49:32] 94 NpcItems catched 
[12:49:32] 19801 NpcMessages catched 
[12:49:32] 7 NpcReplies catched 
[12:49:32] 353 Triggers catched
[12:49:32] 1277 Paddocks catched
[12:49:32] 72 Mounts catched
[12:49:32] 4 Guild catched
[12:49:32] 3 GuildMembers catched
[12:49:33] 108 Handlers Readed
[12:49:33] 159 Messages Readed
[12:49:33] WorldServer start in 12266 ms.
[12:50:23] MySQL Database Connected
[12:50:23] 16 Breeds catched
[12:50:23] 256 Heads catched
[12:50:23] 561 Effects catched
[12:50:23] 4 SuperAreas catched
[12:50:23] 48 Areas catched
[12:50:24] 334 SubAreas catched
[12:50:52] 11260 DofusMaps catched
[12:50:52] 9761 StatedElements catched
[12:50:53] 13349 InteractiveElements catched
[12:50:53] 1485 HouseInformations catched
[12:50:53] 556 InteractiveDoors catched
[12:50:53] 3614 MapPositions uncatched
[12:50:53] 14681 MapPositions catched
[12:50:53] 42 MapZaaps catched
[12:50:53] 79 MapSubways catched
[12:50:53] 15228 SpellLevels catched 
[12:50:53] 4772 Spells catched 
[12:50:53] 316 GuildEmblems catched 
[12:50:53] 1179 LearnableSpells catched 
[12:50:53] 9780 ItemTemplates catched 
[12:50:54] 4489 Weapons catched 
[12:50:54] 363 ItemSets catched 
[12:50:54] 171 ItemTypes catched 
[12:50:54] 110 ItemPets catched 
[12:50:54] 2476 NpcTemplates catched 
[12:50:54] 787 NpcSpawns catched 
[12:50:54] 94 NpcItems catched 
[12:50:54] 19801 NpcMessages catched 
[12:50:54] 7 NpcReplies catched 
[12:50:54] 353 Triggers catched
[12:50:55] 1277 Paddocks catched
[12:50:55] 72 Mounts catched
[12:50:55] 4 Guild catched
[12:50:55] 3 GuildMembers catched
[12:50:55] 108 Handlers Readed
[12:50:56] 159 Messages Readed
[12:50:56] WorldServer start in 33237 ms.
[12:51:59] MySQL Database Connected
[12:51:59] 16 Breeds catched
[12:51:59] 256 Heads catched
[12:51:59] 561 Effects catched
[12:52:00] 4 SuperAreas catched
[12:52:00] 48 Areas catched
[12:52:01] 334 SubAreas catched
[12:52:09] 11260 DofusMaps catched
[12:52:09] 9761 StatedElements catched
[12:52:09] 13349 InteractiveElements catched
[12:52:09] 1485 HouseInformations catched
[12:52:09] 556 InteractiveDoors catched
[12:52:09] 3614 MapPositions uncatched
[12:52:09] 14681 MapPositions catched
[12:52:09] 42 MapZaaps catched
[12:52:09] 79 MapSubways catched
[12:52:10] 15228 SpellLevels catched 
[12:52:10] 4772 Spells catched 
[12:52:10] 316 GuildEmblems catched 
[12:52:10] 1179 LearnableSpells catched 
[12:52:10] 9780 ItemTemplates catched 
[12:52:10] 4489 Weapons catched 
[12:52:10] 363 ItemSets catched 
[12:52:10] 171 ItemTypes catched 
[12:52:10] 110 ItemPets catched 
[12:52:11] 2476 NpcTemplates catched 
[12:52:11] 787 NpcSpawns catched 
[12:52:11] 94 NpcItems catched 
[12:52:11] 19801 NpcMessages catched 
[12:52:11] 7 NpcReplies catched 
[12:52:11] 353 Triggers catched
[12:52:11] 1277 Paddocks catched
[12:52:11] 72 Mounts catched
[12:52:11] 4 Guild catched
[12:52:11] 3 GuildMembers catched
[12:52:11] 108 Handlers Readed
[12:52:12] 159 Messages Readed
[12:52:12] WorldServer start in 12815 ms.
[12:53:38] MySQL Database Connected
[12:53:38] 16 Breeds catched
[12:53:38] 256 Heads catched
[12:53:38] 561 Effects catched
[12:53:39] 4 SuperAreas catched
[12:53:39] 48 Areas catched
[12:53:40] 334 SubAreas catched
[12:53:47] 11260 DofusMaps catched
[12:53:47] 9761 StatedElements catched
[12:53:47] 13349 InteractiveElements catched
[12:53:47] 1485 HouseInformations catched
[12:53:47] 556 InteractiveDoors catched
[12:53:48] 3614 MapPositions uncatched
[12:53:48] 14681 MapPositions catched
[12:53:48] 42 MapZaaps catched
[12:53:48] 79 MapSubways catched
[12:53:48] 15228 SpellLevels catched 
[12:53:48] 4772 Spells catched 
[12:53:48] 316 GuildEmblems catched 
[12:53:48] 1179 LearnableSpells catched 
[12:53:48] 9780 ItemTemplates catched 
[12:53:48] 4489 Weapons catched 
[12:53:48] 363 ItemSets catched 
[12:53:48] 171 ItemTypes catched 
[12:53:49] 110 ItemPets catched 
[12:53:49] 2476 NpcTemplates catched 
[12:53:49] 787 NpcSpawns catched 
[12:53:49] 94 NpcItems catched 
[12:53:49] 19801 NpcMessages catched 
[12:53:49] 7 NpcReplies catched 
[12:53:49] 353 Triggers catched
[12:53:49] 1277 Paddocks catched
[12:53:49] 72 Mounts catched
[12:53:49] 4 Guild catched
[12:53:49] 3 GuildMembers catched
[12:53:50] 108 Handlers Readed
[12:53:50] 159 Messages Readed
[12:53:50] WorldServer start in 12572 ms.
[12:55:49] MySQL Database Connected
[12:55:49] 16 Breeds catched
[12:55:49] 256 Heads catched
[12:55:49] 561 Effects catched
[12:55:49] 4 SuperAreas catched
[12:55:49] 48 Areas catched
[12:55:50] 334 SubAreas catched
[12:55:59] 11260 DofusMaps catched
[12:55:59] 9761 StatedElements catched
[12:55:59] 13349 InteractiveElements catched
[12:55:59] 1485 HouseInformations catched
[12:56:00] 556 InteractiveDoors catched
[12:56:00] 3614 MapPositions uncatched
[12:56:00] 14681 MapPositions catched
[12:56:00] 42 MapZaaps catched
[12:56:00] 79 MapSubways catched
[12:56:00] 15228 SpellLevels catched 
[12:56:00] 4772 Spells catched 
[12:56:00] 316 GuildEmblems catched 
[12:56:00] 1179 LearnableSpells catched 
[12:56:00] 9780 ItemTemplates catched 
[12:56:00] 4489 Weapons catched 
[12:56:00] 363 ItemSets catched 
[12:56:00] 171 ItemTypes catched 
[12:56:00] 110 ItemPets catched 
[12:56:01] 2476 NpcTemplates catched 
[12:56:01] 787 NpcSpawns catched 
[12:56:01] 94 NpcItems catched 
[12:56:01] 19801 NpcMessages catched 
[12:56:01] 7 NpcReplies catched 
[12:56:01] 353 Triggers catched
[12:56:01] 1277 Paddocks catched
[12:56:01] 72 Mounts catched
[12:56:01] 4 Guild catched
[12:56:01] 3 GuildMembers catched
[12:56:02] 108 Handlers Readed
[12:56:02] 159 Messages Readed
[12:56:02] WorldServer start in 13597 ms.
[12:56:45] MySQL Database Connected
[12:56:45] 16 Breeds catched
[12:56:45] 256 Heads catched
[12:56:45] 561 Effects catched
[12:56:45] 4 SuperAreas catched
[12:56:45] 48 Areas catched
[12:56:46] 334 SubAreas catched
[12:56:55] 11260 DofusMaps catched
[12:56:55] 9761 StatedElements catched
[12:56:55] 13349 InteractiveElements catched
[12:56:55] 1485 HouseInformations catched
[12:56:55] 556 InteractiveDoors catched
[12:56:55] 3614 MapPositions uncatched
[12:56:55] 14681 MapPositions catched
[12:56:55] 42 MapZaaps catched
[12:56:55] 79 MapSubways catched
[12:56:55] 15228 SpellLevels catched 
[12:56:55] 4772 Spells catched 
[12:56:55] 316 GuildEmblems catched 
[12:56:55] 1179 LearnableSpells catched 
[12:56:56] 9780 ItemTemplates catched 
[12:56:56] 4489 Weapons catched 
[12:56:56] 363 ItemSets catched 
[12:56:56] 171 ItemTypes catched 
[12:56:56] 110 ItemPets catched 
[12:56:56] 2476 NpcTemplates catched 
[12:56:56] 787 NpcSpawns catched 
[12:56:56] 94 NpcItems catched 
[12:56:56] 19801 NpcMessages catched 
[12:56:56] 7 NpcReplies catched 
[12:56:56] 353 Triggers catched
[12:56:56] 1277 Paddocks catched
[12:56:57] 72 Mounts catched
[12:56:57] 4 Guild catched
[12:56:57] 3 GuildMembers catched
[12:56:57] 108 Handlers Readed
[12:56:57] 159 Messages Readed
[12:56:58] WorldServer start in 12987 ms.
[12:57:32] MySQL Database Connected
[12:57:32] 16 Breeds catched
[12:57:32] 256 Heads catched
[12:57:32] 561 Effects catched
[12:57:32] 4 SuperAreas catched
[12:57:32] 48 Areas catched
[12:57:33] 334 SubAreas catched
[12:57:41] 11260 DofusMaps catched
[12:57:41] 9761 StatedElements catched
[12:57:41] 13349 InteractiveElements catched
[12:57:41] 1485 HouseInformations catched
[12:57:41] 556 InteractiveDoors catched
[12:57:42] 3614 MapPositions uncatched
[12:57:42] 14681 MapPositions catched
[12:57:42] 42 MapZaaps catched
[12:57:42] 79 MapSubways catched
[12:57:42] 15228 SpellLevels catched 
[12:57:42] 4772 Spells catched 
[12:57:42] 316 GuildEmblems catched 
[12:57:42] 1179 LearnableSpells catched 
[12:57:42] 9780 ItemTemplates catched 
[12:57:42] 4489 Weapons catched 
[12:57:42] 363 ItemSets catched 
[12:57:42] 171 ItemTypes catched 
[12:57:42] 110 ItemPets catched 
[12:57:43] 2476 NpcTemplates catched 
[12:57:43] 787 NpcSpawns catched 
[12:57:43] 94 NpcItems catched 
[12:57:43] 19801 NpcMessages catched 
[12:57:43] 7 NpcReplies catched 
[12:57:43] 353 Triggers catched
[12:57:43] 1277 Paddocks catched
[12:57:43] 72 Mounts catched
[12:57:43] 4 Guild catched
[12:57:43] 3 GuildMembers catched
[12:57:44] 108 Handlers Readed
[12:57:44] 159 Messages Readed
[12:57:44] WorldServer start in 12586 ms.
[12:59:16] MySQL Database Connected
[12:59:16] 16 Breeds catched
[12:59:16] 256 Heads catched
[12:59:16] 561 Effects catched
[12:59:16] 4 SuperAreas catched
[12:59:16] 48 Areas catched
[12:59:17] 334 SubAreas catched
[12:59:25] 11260 DofusMaps catched
[12:59:25] 9761 StatedElements catched
[12:59:25] 13349 InteractiveElements catched
[12:59:25] 1485 HouseInformations catched
[12:59:25] 556 InteractiveDoors catched
[12:59:25] 3614 MapPositions uncatched
[12:59:25] 14681 MapPositions catched
[12:59:25] 42 MapZaaps catched
[12:59:25] 79 MapSubways catched
[12:59:25] 15228 SpellLevels catched 
[12:59:25] 4772 Spells catched 
[12:59:25] 316 GuildEmblems catched 
[12:59:25] 1179 LearnableSpells catched 
[12:59:26] 9780 ItemTemplates catched 
[12:59:26] 4489 Weapons catched 
[12:59:26] 363 ItemSets catched 
[12:59:26] 171 ItemTypes catched 
[12:59:26] 110 ItemPets catched 
[12:59:26] 2476 NpcTemplates catched 
[12:59:26] 787 NpcSpawns catched 
[12:59:26] 94 NpcItems catched 
[12:59:26] 19801 NpcMessages catched 
[12:59:26] 7 NpcReplies catched 
[12:59:27] 353 Triggers catched
[12:59:27] 1277 Paddocks catched
[12:59:27] 72 Mounts catched
[12:59:27] 4 Guild catched
[12:59:27] 3 GuildMembers catched
[12:59:27] 108 Handlers Readed
[12:59:28] 159 Messages Readed
[12:59:28] WorldServer start in 12360 ms.
[12:59:57] MySQL Database Connected
[12:59:57] 16 Breeds catched
[12:59:57] 256 Heads catched
[12:59:57] 561 Effects catched
[12:59:57] 4 SuperAreas catched
[12:59:57] 48 Areas catched
[12:59:58] 334 SubAreas catched
[13:00:17] 11260 DofusMaps catched
[13:00:17] 9761 StatedElements catched
[13:00:17] 13349 InteractiveElements catched
[13:00:17] 1485 HouseInformations catched
[13:00:17] 556 InteractiveDoors catched
[13:00:17] 3614 MapPositions uncatched
[13:00:17] 14681 MapPositions catched
[13:00:17] 42 MapZaaps catched
[13:00:17] 79 MapSubways catched
[13:00:17] 15228 SpellLevels catched 
[13:00:17] 4772 Spells catched 
[13:00:17] 316 GuildEmblems catched 
[13:00:17] 1179 LearnableSpells catched 
[13:00:18] 9780 ItemTemplates catched 
[13:00:18] 4489 Weapons catched 
[13:00:18] 363 ItemSets catched 
[13:00:18] 171 ItemTypes catched 
[13:00:18] 110 ItemPets catched 
[13:00:18] 2476 NpcTemplates catched 
[13:00:18] 787 NpcSpawns catched 
[13:00:18] 94 NpcItems catched 
[13:00:18] 19801 NpcMessages catched 
[13:00:18] 7 NpcReplies catched 
[13:00:19] 353 Triggers catched
[13:00:19] 1277 Paddocks catched
[13:00:19] 72 Mounts catched
[13:00:19] 4 Guild catched
[13:00:19] 3 GuildMembers catched
[13:00:19] 108 Handlers Readed
[13:00:20] 159 Messages Readed
[13:00:20] WorldServer start in 23215 ms.
[13:00:57] MySQL Database Connected
[13:00:57] 16 Breeds catched
[13:00:57] 256 Heads catched
[13:00:57] 561 Effects catched
[13:00:57] 4 SuperAreas catched
[13:00:57] 48 Areas catched
[13:00:58] 334 SubAreas catched
[13:01:05] 11260 DofusMaps catched
[13:01:05] 9761 StatedElements catched
[13:01:06] 13349 InteractiveElements catched
[13:01:06] 1485 HouseInformations catched
[13:01:06] 556 InteractiveDoors catched
[13:01:06] 3614 MapPositions uncatched
[13:01:06] 14681 MapPositions catched
[13:01:06] 42 MapZaaps catched
[13:01:06] 79 MapSubways catched
[13:01:07] 15228 SpellLevels catched 
[13:01:07] 4772 Spells catched 
[13:01:07] 316 GuildEmblems catched 
[13:01:07] 1179 LearnableSpells catched 
[13:01:07] 9780 ItemTemplates catched 
[13:01:07] 4489 Weapons catched 
[13:01:07] 363 ItemSets catched 
[13:01:07] 171 ItemTypes catched 
[13:01:07] 110 ItemPets catched 
[13:01:08] 2476 NpcTemplates catched 
[13:01:08] 787 NpcSpawns catched 
[13:01:08] 94 NpcItems catched 
[13:01:08] 19801 NpcMessages catched 
[13:01:08] 7 NpcReplies catched 
[13:01:08] 353 Triggers catched
[13:01:08] 1277 Paddocks catched
[13:01:08] 72 Mounts catched
[13:01:08] 4 Guild catched
[13:01:08] 3 GuildMembers catched
[13:01:08] 108 Handlers Readed
[13:01:09] 159 Messages Readed
[13:01:09] WorldServer start in 12644 ms.
[13:01:40] MySQL Database Connected
[13:01:40] 16 Breeds catched
[13:01:40] 256 Heads catched
[13:01:40] 561 Effects catched
[13:01:41] 4 SuperAreas catched
[13:01:41] 48 Areas catched
[13:01:41] 334 SubAreas catched
[13:01:50] 11260 DofusMaps catched
[13:01:50] 9761 StatedElements catched
[13:01:50] 13349 InteractiveElements catched
[13:01:50] 1485 HouseInformations catched
[13:01:50] 556 InteractiveDoors catched
[13:01:50] 3614 MapPositions uncatched
[13:01:50] 14681 MapPositions catched
[13:01:50] 42 MapZaaps catched
[13:01:50] 79 MapSubways catched
[13:01:50] 15228 SpellLevels catched 
[13:01:50] 4772 Spells catched 
[13:01:50] 316 GuildEmblems catched 
[13:01:50] 1179 LearnableSpells catched 
[13:01:51] 9780 ItemTemplates catched 
[13:01:51] 4489 Weapons catched 
[13:01:51] 363 ItemSets catched 
[13:01:51] 171 ItemTypes catched 
[13:01:51] 110 ItemPets catched 
[13:01:51] 2476 NpcTemplates catched 
[13:01:51] 787 NpcSpawns catched 
[13:01:51] 94 NpcItems catched 
[13:01:51] 19801 NpcMessages catched 
[13:01:51] 7 NpcReplies catched 
[13:01:52] 353 Triggers catched
[13:01:52] 1277 Paddocks catched
[13:01:52] 72 Mounts catched
[13:01:52] 4 Guild catched
[13:01:52] 3 GuildMembers catched
[13:01:52] 108 Handlers Readed
[13:01:53] 159 Messages Readed
[13:01:53] WorldServer start in 12652 ms.
[21:24:06] MySQL Database Connected
[21:24:06] 16 Breeds catched
[21:24:06] 256 Heads catched
[21:24:06] 561 Effects catched
[21:24:06] 4 SuperAreas catched
[21:24:06] 48 Areas catched
[21:24:07] 334 SubAreas catched
[21:24:14] 11260 DofusMaps catched
[21:24:14] 9761 StatedElements catched
[21:24:15] 13349 InteractiveElements catched
[21:24:15] 1485 HouseInformations catched
[21:24:15] 556 InteractiveDoors catched
[21:24:15] 3614 MapPositions uncatched
[21:24:15] 14681 MapPositions catched
[21:24:15] 42 MapZaaps catched
[21:24:15] 79 MapSubways catched
[21:24:15] 15228 SpellLevels catched 
[21:24:15] 4772 Spells catched 
[21:24:15] 316 GuildEmblems catched 
[21:24:15] 1179 LearnableSpells catched 
[21:24:16] 9780 ItemTemplates catched 
[21:24:16] 4489 Weapons catched 
[21:24:16] 363 ItemSets catched 
[21:24:16] 171 ItemTypes catched 
[21:24:16] 110 ItemPets catched 
[21:24:16] 2476 NpcTemplates catched 
[21:24:17] 787 NpcSpawns catched 
[21:24:17] 94 NpcItems catched 
[21:24:17] 19801 NpcMessages catched 
[21:24:17] 7 NpcReplies catched 
[21:24:17] 353 Triggers catched
[21:24:17] 1277 Paddocks catched
[21:24:17] 72 Mounts catched
[21:24:17] 4 Guild catched
[21:24:17] 3 GuildMembers catched
[21:24:20] 108 Handlers Readed
[21:24:25] 159 Messages Readed
[21:24:25] WorldServer start in 19618 ms.
[21:30:37] MySQL Database Connected
[21:30:37] 16 Breeds catched
[21:30:37] 256 Heads catched
[21:30:37] 561 Effects catched
[21:30:37] 4 SuperAreas catched
[21:30:37] 48 Areas catched
[21:30:38] 334 SubAreas catched
[21:30:46] 11260 DofusMaps catched
[21:30:46] 9761 StatedElements catched
[21:30:46] 13349 InteractiveElements catched
[21:30:46] 1485 HouseInformations catched
[21:30:46] 556 InteractiveDoors catched
[21:30:46] 3614 MapPositions uncatched
[21:30:46] 14681 MapPositions catched
[21:30:46] 42 MapZaaps catched
[21:30:46] 79 MapSubways catched
[21:30:47] 15228 SpellLevels catched 
[21:30:47] 4772 Spells catched 
[21:30:47] 316 GuildEmblems catched 
[21:30:47] 1179 LearnableSpells catched 
[21:30:47] 9780 ItemTemplates catched 
[21:30:47] 4489 Weapons catched 
[21:30:47] 363 ItemSets catched 
[21:30:47] 171 ItemTypes catched 
[21:30:47] 110 ItemPets catched 
[21:30:48] 2476 NpcTemplates catched 
[21:30:48] 787 NpcSpawns catched 
[21:30:48] 94 NpcItems catched 
[21:30:48] 19801 NpcMessages catched 
[21:30:48] 7 NpcReplies catched 
[21:30:48] 353 Triggers catched
[21:30:48] 1277 Paddocks catched
[21:30:48] 72 Mounts catched
[21:30:48] 4 Guild catched
[21:30:48] 3 GuildMembers catched
[21:30:49] 108 Handlers Readed
[21:30:49] 159 Messages Readed
[21:30:49] WorldServer start in 12653 ms.
[21:32:02] MySQL Database Connected
[21:32:02] 16 Breeds catched
[21:32:02] 256 Heads catched
[21:32:02] 561 Effects catched
[21:32:03] 4 SuperAreas catched
[21:32:03] 48 Areas catched
[21:32:04] 334 SubAreas catched
[21:32:12] 11260 DofusMaps catched
[21:32:12] 9761 StatedElements catched
[21:32:12] 13349 InteractiveElements catched
[21:32:12] 1485 HouseInformations catched
[21:32:12] 556 InteractiveDoors catched
[21:32:12] 3614 MapPositions uncatched
[21:32:12] 14681 MapPositions catched
[21:32:12] 42 MapZaaps catched
[21:32:12] 79 MapSubways catched
[21:32:12] 15228 SpellLevels catched 
[21:32:12] 4772 Spells catched 
[21:32:12] 316 GuildEmblems catched 
[21:32:12] 1179 LearnableSpells catched 
[21:32:13] 9780 ItemTemplates catched 
[21:32:13] 4489 Weapons catched 
[21:32:13] 363 ItemSets catched 
[21:32:13] 171 ItemTypes catched 
[21:32:13] 110 ItemPets catched 
[21:32:13] 2476 NpcTemplates catched 
[21:32:13] 787 NpcSpawns catched 
[21:32:13] 94 NpcItems catched 
[21:32:13] 19801 NpcMessages catched 
[21:32:13] 7 NpcReplies catched 
[21:32:14] 353 Triggers catched
[21:32:14] 1277 Paddocks catched
[21:32:14] 72 Mounts catched
[21:32:14] 4 Guild catched
[21:32:14] 3 GuildMembers catched
[21:32:14] 108 Handlers Readed
[21:32:15] 159 Messages Readed
[21:32:15] WorldServer start in 12744 ms.
[21:33:10] MySQL Database Connected
[21:33:10] 16 Breeds catched
[21:33:10] 256 Heads catched
[21:33:10] 561 Effects catched
[21:33:10] 4 SuperAreas catched
[21:33:10] 48 Areas catched
[21:33:11] 334 SubAreas catched
[21:33:19] 11260 DofusMaps catched
[21:33:19] 9761 StatedElements catched
[21:33:19] 13349 InteractiveElements catched
[21:33:19] 1485 HouseInformations catched
[21:33:19] 556 InteractiveDoors catched
[21:33:19] 3614 MapPositions uncatched
[21:33:19] 14681 MapPositions catched
[21:33:19] 42 MapZaaps catched
[21:33:19] 79 MapSubways catched
[21:33:19] 15228 SpellLevels catched 
[21:33:19] 4772 Spells catched 
[21:33:19] 316 GuildEmblems catched 
[21:33:19] 1179 LearnableSpells catched 
[21:33:20] 9780 ItemTemplates catched 
[21:33:22] 4489 Weapons catched 
[21:33:23] 363 ItemSets catched 
[21:33:23] 171 ItemTypes catched 
[21:33:23] 110 ItemPets catched 
[21:33:24] 2476 NpcTemplates catched 
[21:33:24] 787 NpcSpawns catched 
[21:33:24] 94 NpcItems catched 
[21:33:24] 19801 NpcMessages catched 
[21:33:24] 7 NpcReplies catched 
[21:33:24] 353 Triggers catched
[21:33:24] 1277 Paddocks catched
[21:33:24] 72 Mounts catched
[21:33:24] 4 Guild catched
[21:33:24] 3 GuildMembers catched
[21:33:25] 108 Handlers Readed
[21:33:25] 159 Messages Readed
[21:33:25] WorldServer start in 15637 ms.
[21:33:52] MySQL Database Connected
[21:33:52] 16 Breeds catched
[21:33:52] 256 Heads catched
[21:33:52] 561 Effects catched
[21:33:53] 4 SuperAreas catched
[21:33:53] 48 Areas catched
[21:33:54] 334 SubAreas catched
[21:34:01] 11260 DofusMaps catched
[21:34:01] 9761 StatedElements catched
[21:34:01] 13349 InteractiveElements catched
[21:34:01] 1485 HouseInformations catched
[21:34:01] 556 InteractiveDoors catched
[21:34:02] 3614 MapPositions uncatched
[21:34:02] 14681 MapPositions catched
[21:34:02] 42 MapZaaps catched
[21:34:02] 79 MapSubways catched
[21:34:02] 15228 SpellLevels catched 
[21:34:02] 4772 Spells catched 
[21:34:02] 316 GuildEmblems catched 
[21:34:02] 1179 LearnableSpells catched 
[21:34:02] 9780 ItemTemplates catched 
[21:34:02] 4489 Weapons catched 
[21:34:02] 363 ItemSets catched 
[21:34:02] 171 ItemTypes catched 
[21:34:02] 110 ItemPets catched 
[21:34:03] 2476 NpcTemplates catched 
[21:34:03] 787 NpcSpawns catched 
[21:34:03] 94 NpcItems catched 
[21:34:03] 19801 NpcMessages catched 
[21:34:03] 7 NpcReplies catched 
[21:34:03] 353 Triggers catched
[21:34:03] 1277 Paddocks catched
[21:34:03] 72 Mounts catched
[21:34:03] 4 Guild catched
[21:34:03] 3 GuildMembers catched
[21:34:04] 108 Handlers Readed
[21:34:04] 159 Messages Readed
[21:34:04] WorldServer start in 12001 ms.
[21:49:15] MySQL Database Connected
[21:49:15] 16 Breeds catched
[21:49:15] 256 Heads catched
[21:49:15] 561 Effects catched
[21:49:15] 4 SuperAreas catched
[21:49:15] 48 Areas catched
[21:49:16] 334 SubAreas catched
[21:49:24] 11260 DofusMaps catched
[21:49:24] 9761 StatedElements catched
[21:49:24] 13349 InteractiveElements catched
[21:49:24] 1485 HouseInformations catched
[21:49:24] 556 InteractiveDoors catched
[21:49:24] 3614 MapPositions uncatched
[21:49:24] 14681 MapPositions catched
[21:49:24] 42 MapZaaps catched
[21:49:24] 79 MapSubways catched
[21:49:24] 15228 SpellLevels catched 
[21:49:24] 4772 Spells catched 
[21:49:24] 316 GuildEmblems catched 
[21:49:24] 1179 LearnableSpells catched 
[21:49:24] 9780 ItemTemplates catched 
[21:49:25] 4489 Weapons catched 
[21:49:25] 363 ItemSets catched 
[21:49:25] 171 ItemTypes catched 
[21:49:25] 110 ItemPets catched 
[21:49:25] 2476 NpcTemplates catched 
[21:49:25] 787 NpcSpawns catched 
[21:49:25] 94 NpcItems catched 
[21:49:25] 19801 NpcMessages catched 
[21:49:25] 7 NpcReplies catched 
[21:49:26] 353 Triggers catched
[21:49:26] 1277 Paddocks catched
[21:49:26] 72 Mounts catched
[21:49:26] 4 Guild catched
[21:49:26] 3 GuildMembers catched
[21:49:26] 108 Handlers Readed
[21:49:27] 159 Messages Readed
[21:49:27] WorldServer start in 12436 ms.
[21:55:22] MySQL Database Connected
[21:55:22] 16 Breeds catched
[21:55:22] 256 Heads catched
[21:55:22] 561 Effects catched
[21:55:22] 4 SuperAreas catched
[21:55:22] 48 Areas catched
[21:55:23] 334 SubAreas catched
[21:55:31] 11260 DofusMaps catched
[21:55:31] 9761 StatedElements catched
[21:55:31] 13349 InteractiveElements catched
[21:55:31] 1485 HouseInformations catched
[21:55:31] 556 InteractiveDoors catched
[21:55:31] 3614 MapPositions uncatched
[21:55:31] 14681 MapPositions catched
[21:55:31] 42 MapZaaps catched
[21:55:31] 79 MapSubways catched
[21:55:31] 15228 SpellLevels catched 
[21:55:31] 4772 Spells catched 
[21:55:31] 316 GuildEmblems catched 
[21:55:31] 1179 LearnableSpells catched 
[21:55:32] 9780 ItemTemplates catched 
[21:55:32] 4489 Weapons catched 
[21:55:32] 363 ItemSets catched 
[21:55:32] 171 ItemTypes catched 
[21:55:32] 110 ItemPets catched 
[21:55:32] 2476 NpcTemplates catched 
[21:55:32] 787 NpcSpawns catched 
[21:55:32] 94 NpcItems catched 
[21:55:32] 19801 NpcMessages catched 
[21:55:32] 7 NpcReplies catched 
[21:55:33] 353 Triggers catched
[21:55:33] 1277 Paddocks catched
[21:55:33] 72 Mounts catched
[21:55:33] 4 Guild catched
[21:55:33] 3 GuildMembers catched
[21:55:33] 108 Handlers Readed
[21:55:34] 159 Messages Readed
[21:55:34] WorldServer start in 12032 ms.
[21:55:36] MySQL Database Connected
[21:55:36] 16 Breeds catched
[21:55:36] 256 Heads catched
[21:55:36] 561 Effects catched
[21:55:37] 4 SuperAreas catched
[21:55:37] 48 Areas catched
[21:55:38] 334 SubAreas catched
[21:55:45] 11260 DofusMaps catched
[21:55:45] 9761 StatedElements catched
[21:55:46] 13349 InteractiveElements catched
[21:55:46] 1485 HouseInformations catched
[21:55:46] 556 InteractiveDoors catched
[21:55:46] 3614 MapPositions uncatched
[21:55:46] 14681 MapPositions catched
[21:55:46] 42 MapZaaps catched
[21:55:46] 79 MapSubways catched
[21:55:46] 15228 SpellLevels catched 
[21:55:46] 4772 Spells catched 
[21:55:46] 316 GuildEmblems catched 
[21:55:46] 1179 LearnableSpells catched 
[21:55:47] 9780 ItemTemplates catched 
[21:55:47] 4489 Weapons catched 
[21:55:47] 363 ItemSets catched 
[21:55:47] 171 ItemTypes catched 
[21:55:47] 110 ItemPets catched 
[21:55:47] 2476 NpcTemplates catched 
[21:55:47] 787 NpcSpawns catched 
[21:55:47] 94 NpcItems catched 
[21:55:48] 19801 NpcMessages catched 
[21:55:48] 7 NpcReplies catched 
[21:55:48] 353 Triggers catched
[21:55:48] 1277 Paddocks catched
[21:55:48] 72 Mounts catched
[21:55:48] 4 Guild catched
[21:55:48] 3 GuildMembers catched
[21:55:48] 108 Handlers Readed
[21:55:49] 159 Messages Readed
[21:55:49] WorldServer start in 12861 ms.
[21:57:28] MySQL Database Connected
[21:57:28] 16 Breeds catched
[21:57:28] 256 Heads catched
[21:57:28] 561 Effects catched
[21:57:29] 4 SuperAreas catched
[21:57:29] 48 Areas catched
[21:57:30] 334 SubAreas catched
[21:57:38] 11260 DofusMaps catched
[21:57:38] 9761 StatedElements catched
[21:57:38] 13349 InteractiveElements catched
[21:57:38] 1485 HouseInformations catched
[21:57:38] 556 InteractiveDoors catched
[21:57:38] 3614 MapPositions uncatched
[21:57:38] 14681 MapPositions catched
[21:57:38] 42 MapZaaps catched
[21:57:38] 79 MapSubways catched
[21:57:38] 15228 SpellLevels catched 
[21:57:39] 4772 Spells catched 
[21:57:39] 316 GuildEmblems catched 
[21:57:39] 1179 LearnableSpells catched 
[21:57:40] 9780 ItemTemplates catched 
[21:57:41] 4489 Weapons catched 
[21:57:41] 363 ItemSets catched 
[21:57:41] 171 ItemTypes catched 
[21:57:41] 110 ItemPets catched 
[21:57:41] 2476 NpcTemplates catched 
[21:57:41] 787 NpcSpawns catched 
[21:57:41] 94 NpcItems catched 
[21:57:41] 19801 NpcMessages catched 
[21:57:41] 7 NpcReplies catched 
[21:57:42] 353 Triggers catched
[21:57:42] 1277 Paddocks catched
[21:57:42] 72 Mounts catched
[21:57:42] 4 Guild catched
[21:57:42] 3 GuildMembers catched
[21:57:42] 108 Handlers Readed
[21:57:43] 159 Messages Readed
[21:57:43] WorldServer start in 14695 ms.
[22:07:14] Packet not handled 707
[22:09:15] MySQL Database Connected
[22:09:15] 16 Breeds catched
[22:09:15] 256 Heads catched
[22:09:15] 561 Effects catched
[22:09:16] 4 SuperAreas catched
[22:09:16] 48 Areas catched
[22:09:17] 334 SubAreas catched
[22:09:25] 11260 DofusMaps catched
[22:09:25] 9761 StatedElements catched
[22:09:25] 13349 InteractiveElements catched
[22:09:25] 1485 HouseInformations catched
[22:09:25] 556 InteractiveDoors catched
[22:09:25] 3614 MapPositions uncatched
[22:09:25] 14681 MapPositions catched
[22:09:25] 42 MapZaaps catched
[22:09:25] 79 MapSubways catched
[22:09:25] 15228 SpellLevels catched 
[22:09:25] 4772 Spells catched 
[22:09:25] 316 GuildEmblems catched 
[22:09:25] 1179 LearnableSpells catched 
[22:09:26] 9780 ItemTemplates catched 
[22:09:26] 4489 Weapons catched 
[22:09:26] 363 ItemSets catched 
[22:09:26] 171 ItemTypes catched 
[22:09:26] 110 ItemPets catched 
[22:09:26] 2476 NpcTemplates catched 
[22:09:26] 787 NpcSpawns catched 
[22:09:26] 94 NpcItems catched 
[22:09:26] 19801 NpcMessages catched 
[22:09:26] 7 NpcReplies catched 
[22:09:27] 353 Triggers catched
[22:09:27] 1277 Paddocks catched
[22:09:27] 72 Mounts catched
[22:09:27] 4 Guild catched
[22:09:27] 3 GuildMembers catched
[22:09:27] 108 Handlers Readed
[22:09:28] 159 Messages Readed
[22:09:28] WorldServer start in 12542 ms.
[22:11:16] MySQL Database Connected
[22:11:16] 16 Breeds catched
[22:11:16] 256 Heads catched
[22:11:16] 561 Effects catched
[22:11:17] 4 SuperAreas catched
[22:11:17] 48 Areas catched
[22:11:17] 334 SubAreas catched
[22:11:25] 11260 DofusMaps catched
[22:11:25] 9761 StatedElements catched
[22:11:25] 13349 InteractiveElements catched
[22:11:26] 1485 HouseInformations catched
[22:11:26] 556 InteractiveDoors catched
[22:11:26] 3614 MapPositions uncatched
[22:11:26] 14681 MapPositions catched
[22:11:26] 42 MapZaaps catched
[22:11:26] 79 MapSubways catched
[22:11:26] 15228 SpellLevels catched 
[22:11:26] 4772 Spells catched 
[22:11:26] 316 GuildEmblems catched 
[22:11:26] 1179 LearnableSpells catched 
[22:11:26] 9780 ItemTemplates catched 
[22:11:26] 4489 Weapons catched 
[22:11:26] 363 ItemSets catched 
[22:11:26] 171 ItemTypes catched 
[22:11:26] 110 ItemPets catched 
[22:11:27] 2476 NpcTemplates catched 
[22:11:27] 787 NpcSpawns catched 
[22:11:27] 94 NpcItems catched 
[22:11:27] 19801 NpcMessages catched 
[22:11:27] 7 NpcReplies catched 
[22:11:27] 353 Triggers catched
[22:11:27] 1277 Paddocks catched
[22:11:27] 72 Mounts catched
[22:11:27] 4 Guild catched
[22:11:27] 3 GuildMembers catched
[22:11:28] 108 Handlers Readed
[22:11:28] 159 Messages Readed
[22:11:28] WorldServer start in 12344 ms.
[22:15:24] MySQL Database Connected
[22:15:24] 16 Breeds catched
[22:15:24] 256 Heads catched
[22:15:24] 561 Effects catched
[22:15:25] 4 SuperAreas catched
[22:15:25] 48 Areas catched
[22:15:26] 334 SubAreas catched
[22:15:33] 11260 DofusMaps catched
[22:15:33] 9761 StatedElements catched
[22:15:34] 13349 InteractiveElements catched
[22:15:34] 1485 HouseInformations catched
[22:15:34] 556 InteractiveDoors catched
[22:15:34] 3614 MapPositions uncatched
[22:15:34] 14681 MapPositions catched
[22:15:34] 42 MapZaaps catched
[22:15:34] 79 MapSubways catched
[22:15:34] 15228 SpellLevels catched 
[22:15:34] 4772 Spells catched 
[22:15:34] 316 GuildEmblems catched 
[22:15:34] 1179 LearnableSpells catched 
[22:15:34] 9780 ItemTemplates catched 
[22:15:34] 4489 Weapons catched 
[22:15:34] 363 ItemSets catched 
[22:15:34] 171 ItemTypes catched 
[22:15:35] 110 ItemPets catched 
[22:15:35] 2476 NpcTemplates catched 
[22:15:35] 787 NpcSpawns catched 
[22:15:35] 94 NpcItems catched 
[22:15:35] 19801 NpcMessages catched 
[22:15:35] 7 NpcReplies catched 
[22:15:36] 353 Triggers catched
[22:15:36] 1277 Paddocks catched
[22:15:36] 72 Mounts catched
[22:15:36] 4 Guild catched
[22:15:36] 3 GuildMembers catched
[22:15:36] 108 Handlers Readed
[22:15:37] 159 Messages Readed
[22:15:37] WorldServer start in 12783 ms.
[22:16:18] MySQL Database Connected
[22:16:18] 16 Breeds catched
[22:16:18] 256 Heads catched
[22:16:18] 561 Effects catched
[22:16:18] 4 SuperAreas catched
[22:16:18] 48 Areas catched
[22:16:19] 334 SubAreas catched
[22:16:27] 11260 DofusMaps catched
[22:16:27] 9761 StatedElements catched
[22:16:27] 13349 InteractiveElements catched
[22:16:27] 1485 HouseInformations catched
[22:16:27] 556 InteractiveDoors catched
[22:16:27] 3614 MapPositions uncatched
[22:16:27] 14681 MapPositions catched
[22:16:27] 42 MapZaaps catched
[22:16:27] 79 MapSubways catched
[22:16:27] 15228 SpellLevels catched 
[22:16:27] 4772 Spells catched 
[22:16:27] 316 GuildEmblems catched 
[22:16:27] 1179 LearnableSpells catched 
[22:16:27] 9780 ItemTemplates catched 
[22:16:28] 4489 Weapons catched 
[22:16:28] 363 ItemSets catched 
[22:16:28] 171 ItemTypes catched 
[22:16:28] 110 ItemPets catched 
[22:16:28] 2476 NpcTemplates catched 
[22:16:28] 787 NpcSpawns catched 
[22:16:28] 94 NpcItems catched 
[22:16:28] 19801 NpcMessages catched 
[22:16:28] 7 NpcReplies catched 
[22:16:28] 353 Triggers catched
[22:16:28] 1277 Paddocks catched
[22:16:28] 72 Mounts catched
[22:16:28] 4 Guild catched
[22:16:28] 3 GuildMembers catched
[22:16:29] 108 Handlers Readed
[22:16:29] 159 Messages Readed
[22:16:29] WorldServer start in 11932 ms.
[22:18:38] MySQL Database Connected
[22:18:38] 16 Breeds catched
[22:18:38] 256 Heads catched
[22:18:38] 561 Effects catched
[22:18:38] 4 SuperAreas catched
[22:18:38] 48 Areas catched
[22:18:39] 334 SubAreas catched
[22:18:47] 11260 DofusMaps catched
[22:18:47] 9761 StatedElements catched
[22:18:47] 13349 InteractiveElements catched
[22:18:47] 1485 HouseInformations catched
[22:18:47] 556 InteractiveDoors catched
[22:18:47] 3614 MapPositions uncatched
[22:18:47] 14681 MapPositions catched
[22:18:47] 42 MapZaaps catched
[22:18:47] 79 MapSubways catched
[22:18:47] 15228 SpellLevels catched 
[22:18:47] 4772 Spells catched 
[22:18:47] 316 GuildEmblems catched 
[22:18:47] 1179 LearnableSpells catched 
[22:18:48] 9780 ItemTemplates catched 
[22:18:48] 4489 Weapons catched 
[22:18:48] 363 ItemSets catched 
[22:18:48] 171 ItemTypes catched 
[22:18:48] 110 ItemPets catched 
[22:18:48] 2476 NpcTemplates catched 
[22:18:48] 787 NpcSpawns catched 
[22:18:48] 94 NpcItems catched 
[22:18:48] 19801 NpcMessages catched 
[22:18:48] 7 NpcReplies catched 
[22:18:49] 353 Triggers catched
[22:18:49] 1277 Paddocks catched
[22:18:49] 72 Mounts catched
[22:18:49] 4 Guild catched
[22:18:49] 3 GuildMembers catched
[22:18:49] 108 Handlers Readed
[22:18:50] 159 Messages Readed
[22:18:50] WorldServer start in 12281 ms.
[22:24:43] MySQL Database Connected
[22:24:43] 16 Breeds catched
[22:24:43] 256 Heads catched
[22:24:43] 561 Effects catched
[22:24:44] 4 SuperAreas catched
[22:24:44] 48 Areas catched
[22:24:45] 334 SubAreas catched
[22:24:52] 11260 DofusMaps catched
[22:24:52] 9761 StatedElements catched
[22:24:53] 13349 InteractiveElements catched
[22:24:53] 1485 HouseInformations catched
[22:24:53] 556 InteractiveDoors catched
[22:24:53] 3614 MapPositions uncatched
[22:24:53] 14681 MapPositions catched
[22:24:53] 42 MapZaaps catched
[22:24:53] 79 MapSubways catched
[22:24:53] 15228 SpellLevels catched 
[22:24:53] 4772 Spells catched 
[22:24:53] 316 GuildEmblems catched 
[22:24:53] 1179 LearnableSpells catched 
[22:24:53] 9780 ItemTemplates catched 
[22:24:53] 4489 Weapons catched 
[22:24:53] 363 ItemSets catched 
[22:24:53] 171 ItemTypes catched 
[22:24:53] 110 ItemPets catched 
[22:24:54] 2476 NpcTemplates catched 
[22:24:54] 787 NpcSpawns catched 
[22:24:54] 94 NpcItems catched 
[22:24:54] 19801 NpcMessages catched 
[22:24:54] 7 NpcReplies catched 
[22:24:54] 353 Triggers catched
[22:24:54] 1277 Paddocks catched
[22:24:54] 72 Mounts catched
[22:24:54] 4 Guild catched
[22:24:54] 3 GuildMembers catched
[22:24:55] 108 Handlers Readed
[22:24:55] 159 Messages Readed
[22:24:55] WorldServer start in 12142 ms.
