[22:56:11] MySQL Database Connected
[22:56:11] 16 Breeds catched
[22:56:11] 256 Heads catched
[22:56:11] 561 Effects catched
[22:56:20] 11260 DofusMaps catched
[22:56:20] 413 StatedElements catched
[22:56:20] 708 InteractiveElements catched
[22:56:20] 0 HouseInformations catched
[22:56:20] 16 InteractiveDoors catched
[22:56:20] 0 Triggers catched
[22:56:20] 15228 SpellLevels catched 
[22:56:20] 4772 Spells catched 
[22:56:20] 1179 LearnableSpells catched 
[22:56:21] 9780 ItemTemplates catched 
[22:56:21] 4489 Weapons catched 
[22:56:21] 363 ItemSets catched 
[22:56:21] 171 ItemTypes catched 
[22:56:21] 37 Handlers Readed
[22:56:22] 41 Messages Readed
[22:56:22] WorldServer start in 11043 ms.
[22:58:50] MySQL Database Connected
[22:58:50] 16 Breeds catched
[22:58:50] 256 Heads catched
[22:58:50] 561 Effects catched
[22:58:58] 11260 DofusMaps catched
[22:58:58] 413 StatedElements catched
[22:58:58] 708 InteractiveElements catched
[22:58:58] 68 HouseInformations catched
[22:58:58] 16 InteractiveDoors catched
[22:58:58] 0 Triggers catched
[22:58:58] 15228 SpellLevels catched 
[22:58:58] 4772 Spells catched 
[22:58:58] 1179 LearnableSpells catched 
[22:58:59] 9780 ItemTemplates catched 
[22:58:59] 4489 Weapons catched 
[22:58:59] 363 ItemSets catched 
[22:58:59] 171 ItemTypes catched 
[22:58:59] 37 Handlers Readed
[22:58:59] 41 Messages Readed
[22:58:59] WorldServer start in 9414 ms.
[23:02:32] MySQL Database Connected
[23:02:32] 16 Breeds catched
[23:02:32] 256 Heads catched
[23:02:32] 561 Effects catched
[23:02:39] 11260 DofusMaps catched
[23:02:39] 413 StatedElements catched
[23:02:39] 708 InteractiveElements catched
[23:02:39] 68 HouseInformations catched
[23:02:39] 16 InteractiveDoors catched
[23:02:39] 0 Triggers catched
[23:02:40] 15228 SpellLevels catched 
[23:02:40] 4772 Spells catched 
[23:02:40] 1179 LearnableSpells catched 
[23:02:40] 9780 ItemTemplates catched 
[23:02:40] 4489 Weapons catched 
[23:02:40] 363 ItemSets catched 
[23:02:40] 171 ItemTypes catched 
[23:02:41] 37 Handlers Readed
[23:02:41] 41 Messages Readed
[23:02:41] WorldServer start in 9242 ms.
[23:03:14] MySQL Database Connected
[23:03:14] 16 Breeds catched
[23:03:14] 256 Heads catched
[23:03:14] 561 Effects catched
[23:03:24] 11260 DofusMaps catched
[23:03:24] 413 StatedElements catched
[23:03:24] 708 InteractiveElements catched
[23:03:24] 68 HouseInformations catched
[23:03:24] 16 InteractiveDoors catched
[23:03:24] 0 Triggers catched
[23:03:24] 15228 SpellLevels catched 
[23:03:24] 4772 Spells catched 
[23:03:24] 1179 LearnableSpells catched 
[23:03:25] 9780 ItemTemplates catched 
[23:03:25] 4489 Weapons catched 
[23:03:25] 363 ItemSets catched 
[23:03:25] 171 ItemTypes catched 
[23:03:25] 37 Handlers Readed
[23:03:25] 41 Messages Readed
[23:03:26] WorldServer start in 11561 ms.
[23:04:13] MySQL Database Connected
[23:04:13] 16 Breeds catched
[23:04:13] 256 Heads catched
[23:04:13] 561 Effects catched
[23:04:21] 11260 DofusMaps catched
[23:04:21] 413 StatedElements catched
[23:04:21] 708 InteractiveElements catched
[23:04:21] 68 HouseInformations catched
[23:04:21] 16 InteractiveDoors catched
[23:04:21] 0 Triggers catched
[23:04:21] 15228 SpellLevels catched 
[23:04:21] 4772 Spells catched 
[23:04:21] 1179 LearnableSpells catched 
[23:04:21] 9780 ItemTemplates catched 
[23:04:22] 4489 Weapons catched 
[23:04:22] 363 ItemSets catched 
[23:04:22] 171 ItemTypes catched 
[23:04:22] 37 Handlers Readed
[23:04:22] 41 Messages Readed
[23:04:22] WorldServer start in 9422 ms.
[23:04:54] MySQL Database Connected
[23:04:54] 16 Breeds catched
[23:04:54] 256 Heads catched
[23:04:54] 561 Effects catched
[23:05:03] 11260 DofusMaps catched
[23:05:03] 413 StatedElements catched
[23:05:03] 708 InteractiveElements catched
[23:05:03] 68 HouseInformations catched
[23:05:03] 16 InteractiveDoors catched
[23:05:03] 0 Triggers catched
[23:05:03] 15228 SpellLevels catched 
[23:05:04] 4772 Spells catched 
[23:05:04] 1179 LearnableSpells catched 
[23:05:04] 9780 ItemTemplates catched 
[23:05:04] 4489 Weapons catched 
[23:05:04] 363 ItemSets catched 
[23:05:04] 171 ItemTypes catched 
[23:05:04] 37 Handlers Readed
[23:05:05] 41 Messages Readed
[23:05:05] WorldServer start in 10579 ms.
[23:06:41] MySQL Database Connected
[23:06:41] 16 Breeds catched
[23:06:41] 256 Heads catched
[23:06:41] 561 Effects catched
[23:06:48] 11260 DofusMaps catched
[23:06:48] 413 StatedElements catched
[23:06:48] 708 InteractiveElements catched
[23:06:48] 68 HouseInformations catched
[23:06:48] 16 InteractiveDoors catched
[23:06:48] 0 Triggers catched
[23:06:49] 15228 SpellLevels catched 
[23:06:49] 4772 Spells catched 
[23:06:49] 1179 LearnableSpells catched 
[23:06:49] 9780 ItemTemplates catched 
[23:06:49] 4489 Weapons catched 
[23:06:49] 363 ItemSets catched 
[23:06:49] 171 ItemTypes catched 
[23:06:49] 37 Handlers Readed
[23:06:50] 41 Messages Readed
[23:06:50] WorldServer start in 9402 ms.
[23:07:14] MySQL Database Connected
[23:07:14] 16 Breeds catched
[23:07:14] 256 Heads catched
[23:07:14] 561 Effects catched
[23:07:23] 11260 DofusMaps catched
[23:07:23] 413 StatedElements catched
[23:07:23] 708 InteractiveElements catched
[23:07:23] 68 HouseInformations catched
[23:07:23] 16 InteractiveDoors catched
[23:07:23] 0 Triggers catched
[23:07:24] 15228 SpellLevels catched 
[23:07:24] 4772 Spells catched 
[23:07:24] 1179 LearnableSpells catched 
[23:07:24] 9780 ItemTemplates catched 
[23:07:24] 4489 Weapons catched 
[23:07:24] 363 ItemSets catched 
[23:07:24] 171 ItemTypes catched 
[23:07:25] 37 Handlers Readed
[23:07:25] 41 Messages Readed
[23:07:25] WorldServer start in 10807 ms.
[23:11:35] MySQL Database Connected
[23:11:35] 16 Breeds catched
[23:11:35] 256 Heads catched
[23:11:35] 561 Effects catched
[23:11:43] 11260 DofusMaps catched
[23:11:43] 413 StatedElements catched
[23:11:43] 708 InteractiveElements catched
[23:11:43] 68 HouseInformations catched
[23:11:43] 16 InteractiveDoors catched
[23:11:43] 0 Triggers catched
[23:11:44] 15228 SpellLevels catched 
[23:11:44] 4772 Spells catched 
[23:11:44] 1179 LearnableSpells catched 
[23:11:44] 9780 ItemTemplates catched 
[23:11:44] 4489 Weapons catched 
[23:11:44] 363 ItemSets catched 
[23:11:44] 171 ItemTypes catched 
[23:11:44] 37 Handlers Readed
[23:11:45] 41 Messages Readed
[23:11:45] WorldServer start in 10381 ms.
[23:12:17] MySQL Database Connected
[23:12:17] 16 Breeds catched
[23:12:17] 256 Heads catched
[23:12:17] 561 Effects catched
[23:12:25] 11260 DofusMaps catched
[23:12:25] 413 StatedElements catched
[23:12:25] 708 InteractiveElements catched
[23:12:25] 68 HouseInformations catched
[23:12:25] 16 InteractiveDoors catched
[23:12:25] 0 Triggers catched
[23:12:26] 15228 SpellLevels catched 
[23:12:26] 4772 Spells catched 
[23:12:26] 1179 LearnableSpells catched 
[23:12:26] 9780 ItemTemplates catched 
[23:12:26] 4489 Weapons catched 
[23:12:26] 363 ItemSets catched 
[23:12:26] 171 ItemTypes catched 
[23:12:26] 37 Handlers Readed
[23:12:27] 41 Messages Readed
[23:12:27] WorldServer start in 9720 ms.
[23:14:20] MySQL Database Connected
[23:14:20] 16 Breeds catched
[23:14:20] 256 Heads catched
[23:14:20] 561 Effects catched
[23:14:28] 11260 DofusMaps catched
[23:14:28] 413 StatedElements catched
[23:14:28] 708 InteractiveElements catched
[23:14:28] 68 HouseInformations catched
[23:14:28] 16 InteractiveDoors catched
[23:14:28] 0 Triggers catched
[23:14:28] 15228 SpellLevels catched 
[23:14:28] 4772 Spells catched 
[23:14:28] 1179 LearnableSpells catched 
[23:14:28] 9780 ItemTemplates catched 
[23:14:28] 4489 Weapons catched 
[23:14:28] 363 ItemSets catched 
[23:14:28] 171 ItemTypes catched 
[23:14:29] 37 Handlers Readed
[23:14:29] 41 Messages Readed
[23:14:29] WorldServer start in 9378 ms.
