[00:12:33] MySQL Database Connected
[00:12:33] 16 Breeds catched
[00:12:33] 256 Heads catched
[00:12:33] 561 Effects catched
[00:12:34] 4 SuperAreas catched
[00:12:34] 48 Areas catched
[00:12:35] 334 SubAreas catched
[00:12:36] 11267 DofusMaps catched
[00:12:36] 9761 StatedElements catched
[00:12:36] 13349 InteractiveElements catched
[00:12:36] 1485 HouseInformations catched
[00:12:36] 556 InteractiveDoors catched
[00:12:36] 3530 MapPositions uncatched
[00:12:36] 14681 MapPositions catched
[00:12:36] 42 MapZaaps catched
[00:12:36] 79 MapSubways catched
[00:12:36] 15228 SpellLevels catched 
[00:12:36] 4772 Spells catched 
[00:12:36] 316 GuildEmblems catched 
[00:12:36] 1179 LearnableSpells catched 
[00:12:36] 9780 ItemTemplates catched 
[00:12:36] 4489 Weapons catched 
[00:12:36] 363 ItemSets catched 
[00:12:36] 171 ItemTypes catched 
[00:12:37] 110 ItemPets catched 
[00:12:37] 2476 NpcTemplates catched 
[00:12:37] 787 NpcSpawns catched 
[00:12:37] 94 NpcItems catched 
[00:12:37] 19801 NpcMessages catched 
[00:12:37] 7 NpcReplies catched 
[00:12:37] 353 Triggers catched
[00:12:37] 1277 Paddocks catched
[00:12:37] 72 Mounts catched
[00:12:37] 3 Guild catched
[00:12:37] 2 GuildMembers catched
[00:12:37] 11 GatheringJob LevelInfos catched
[00:12:37] 233 InteractiveSkills LevelInfos catched
[00:12:38] 126 Handlers Readed
[00:12:38] 173 Messages Readed
[00:12:38] WorldServer start in 5325 ms.
[00:13:42] MySQL Database Connected
[00:13:43] 16 Breeds catched
[00:13:43] 256 Heads catched
[00:13:43] 561 Effects catched
[00:13:43] 4 SuperAreas catched
[00:13:43] 48 Areas catched
[00:13:44] 334 SubAreas catched
[00:13:45] 11267 DofusMaps catched
[00:13:45] 9761 StatedElements catched
[00:13:45] 13349 InteractiveElements catched
[00:13:45] 1485 HouseInformations catched
[00:13:45] 556 InteractiveDoors catched
[00:13:45] 3530 MapPositions uncatched
[00:13:45] 14681 MapPositions catched
[00:13:45] 42 MapZaaps catched
[00:13:45] 79 MapSubways catched
[00:13:45] 15228 SpellLevels catched 
[00:13:45] 4772 Spells catched 
[00:13:45] 316 GuildEmblems catched 
[00:13:45] 1179 LearnableSpells catched 
[00:13:45] 9780 ItemTemplates catched 
[00:13:45] 4489 Weapons catched 
[00:13:45] 363 ItemSets catched 
[00:13:45] 171 ItemTypes catched 
[00:13:46] 110 ItemPets catched 
[00:13:46] 2476 NpcTemplates catched 
[00:13:46] 787 NpcSpawns catched 
[00:13:46] 94 NpcItems catched 
[00:13:46] 19801 NpcMessages catched 
[00:13:46] 7 NpcReplies catched 
[00:13:46] 353 Triggers catched
[00:13:46] 1277 Paddocks catched
[00:13:46] 72 Mounts catched
[00:13:46] 3 Guild catched
[00:13:46] 2 GuildMembers catched
[00:13:46] 11 GatheringJob LevelInfos catched
[00:13:46] 233 InteractiveSkills LevelInfos catched
[00:13:47] 126 Handlers Readed
[00:13:47] 173 Messages Readed
[00:13:47] WorldServer start in 5078 ms.
[00:14:46] MySQL Database Connected
[00:14:46] 16 Breeds catched
[00:14:46] 256 Heads catched
[00:14:46] 561 Effects catched
[00:14:46] 4 SuperAreas catched
[00:14:46] 48 Areas catched
[00:14:47] 334 SubAreas catched
[00:14:48] 11267 DofusMaps catched
[00:14:48] 9761 StatedElements catched
[00:14:48] 13349 InteractiveElements catched
[00:14:48] 1485 HouseInformations catched
[00:14:48] 556 InteractiveDoors catched
[00:14:48] 3530 MapPositions uncatched
[00:14:48] 14681 MapPositions catched
[00:14:48] 42 MapZaaps catched
[00:14:48] 79 MapSubways catched
[00:14:48] 15228 SpellLevels catched 
[00:14:48] 4772 Spells catched 
[00:14:48] 316 GuildEmblems catched 
[00:14:48] 1179 LearnableSpells catched 
[00:14:48] 9780 ItemTemplates catched 
[00:14:48] 4489 Weapons catched 
[00:14:49] 363 ItemSets catched 
[00:14:49] 171 ItemTypes catched 
[00:14:49] 110 ItemPets catched 
[00:14:49] 2476 NpcTemplates catched 
[00:14:49] 787 NpcSpawns catched 
[00:14:49] 94 NpcItems catched 
[00:14:49] 19801 NpcMessages catched 
[00:14:49] 7 NpcReplies catched 
[00:14:49] 353 Triggers catched
[00:14:49] 1277 Paddocks catched
[00:14:49] 72 Mounts catched
[00:14:49] 3 Guild catched
[00:14:49] 2 GuildMembers catched
[00:14:49] 11 GatheringJob LevelInfos catched
[00:14:49] 233 InteractiveSkills LevelInfos catched
[00:14:50] 126 Handlers Readed
[00:14:50] 173 Messages Readed
[00:14:50] WorldServer start in 4861 ms.
[10:49:38] MySQL Database Connected
[10:49:38] 16 Breeds catched
[10:49:38] 256 Heads catched
[10:49:38] 561 Effects catched
[10:49:38] 4 SuperAreas catched
[10:49:38] 48 Areas catched
[10:49:39] 334 SubAreas catched
[10:49:40] 11267 DofusMaps catched
[10:49:40] 9761 StatedElements catched
[10:49:40] 13349 InteractiveElements catched
[10:49:40] 1485 HouseInformations catched
[10:49:40] 556 InteractiveDoors catched
[10:49:40] 3530 MapPositions uncatched
[10:49:40] 14681 MapPositions catched
[10:49:40] 42 MapZaaps catched
[10:49:40] 79 MapSubways catched
[10:49:40] 15228 SpellLevels catched 
[10:49:40] 4772 Spells catched 
[10:49:40] 316 GuildEmblems catched 
[10:49:40] 1179 LearnableSpells catched 
[10:49:40] 9780 ItemTemplates catched 
[10:49:40] 4489 Weapons catched 
[10:49:40] 363 ItemSets catched 
[10:49:40] 171 ItemTypes catched 
[10:49:40] 110 ItemPets catched 
[10:49:41] 2476 NpcTemplates catched 
[10:49:41] 787 NpcSpawns catched 
[10:49:41] 94 NpcItems catched 
[10:49:41] 19801 NpcMessages catched 
[10:49:41] 7 NpcReplies catched 
[10:49:41] 353 Triggers catched
[10:49:41] 1277 Paddocks catched
[10:49:41] 72 Mounts catched
[10:49:41] 3 Guild catched
[10:49:41] 2 GuildMembers catched
[10:49:41] 11 GatheringJob LevelInfos catched
[10:49:41] 233 InteractiveSkills LevelInfos catched
[10:49:42] 126 Handlers Readed
[10:49:42] 173 Messages Readed
[10:49:42] WorldServer start in 4891 ms.
[10:53:48] MySQL Database Connected
[10:53:48] 16 Breeds catched
[10:53:48] 256 Heads catched
[10:53:48] 561 Effects catched
[10:53:48] 4 SuperAreas catched
[10:53:48] 48 Areas catched
[10:53:49] 334 SubAreas catched
[10:53:50] 11267 DofusMaps catched
[10:53:50] 9761 StatedElements catched
[10:53:50] 13349 InteractiveElements catched
[10:53:50] 1485 HouseInformations catched
[10:53:50] 556 InteractiveDoors catched
[10:53:50] 3530 MapPositions uncatched
[10:53:50] 14681 MapPositions catched
[10:53:50] 42 MapZaaps catched
[10:53:50] 79 MapSubways catched
[10:53:50] 15228 SpellLevels catched 
[10:53:50] 4772 Spells catched 
[10:53:50] 316 GuildEmblems catched 
[10:53:50] 1179 LearnableSpells catched 
[10:53:50] 9780 ItemTemplates catched 
[10:53:51] 4489 Weapons catched 
[10:53:51] 363 ItemSets catched 
[10:53:51] 171 ItemTypes catched 
[10:53:51] 110 ItemPets catched 
[10:53:51] 2476 NpcTemplates catched 
[10:53:51] 787 NpcSpawns catched 
[10:53:51] 94 NpcItems catched 
[10:53:51] 19801 NpcMessages catched 
[10:53:51] 7 NpcReplies catched 
[10:53:51] 353 Triggers catched
[10:53:51] 1277 Paddocks catched
[10:53:51] 72 Mounts catched
[10:53:51] 3 Guild catched
[10:53:51] 2 GuildMembers catched
[10:53:51] 11 GatheringJob LevelInfos catched
[10:53:51] 233 InteractiveSkills LevelInfos catched
[10:53:52] 126 Handlers Readed
[10:53:52] 173 Messages Readed
[10:53:52] WorldServer start in 4895 ms.
[11:09:01] MySQL Database Connected
[11:09:01] 16 Breeds catched
[11:09:01] 256 Heads catched
[11:09:01] 561 Effects catched
[11:09:01] 4 SuperAreas catched
[11:09:01] 48 Areas catched
[11:09:02] 334 SubAreas catched
[11:09:03] 11267 DofusMaps catched
[11:09:03] 9761 StatedElements catched
[11:09:03] 13349 InteractiveElements catched
[11:09:03] 1485 HouseInformations catched
[11:09:03] 556 InteractiveDoors catched
[11:09:03] 3530 MapPositions uncatched
[11:09:03] 14681 MapPositions catched
[11:09:03] 42 MapZaaps catched
[11:09:03] 79 MapSubways catched
[11:09:03] 15228 SpellLevels catched 
[11:09:03] 4772 Spells catched 
[11:09:03] 316 GuildEmblems catched 
[11:09:03] 1179 LearnableSpells catched 
[11:09:04] 9780 ItemTemplates catched 
[11:09:04] 4489 Weapons catched 
[11:09:04] 363 ItemSets catched 
[11:09:04] 171 ItemTypes catched 
[11:09:04] 110 ItemPets catched 
[11:09:04] 2476 NpcTemplates catched 
[11:09:04] 787 NpcSpawns catched 
[11:09:04] 94 NpcItems catched 
[11:09:04] 19801 NpcMessages catched 
[11:09:04] 7 NpcReplies catched 
[11:09:04] 353 Triggers catched
[11:09:04] 1277 Paddocks catched
[11:09:04] 72 Mounts catched
[11:09:04] 3 Guild catched
[11:09:04] 2 GuildMembers catched
[11:09:04] 11 GatheringJob LevelInfos catched
[11:09:04] 233 InteractiveSkills LevelInfos catched
[11:09:05] 126 Handlers Readed
[11:09:05] 173 Messages Readed
[11:09:06] WorldServer start in 5151 ms.
[11:21:19] MySQL Database Connected
[11:21:19] 16 Breeds catched
[11:21:19] 256 Heads catched
[11:21:19] 561 Effects catched
[11:21:19] 4 SuperAreas catched
[11:21:19] 48 Areas catched
[11:21:20] 334 SubAreas catched
[11:21:21] 11267 DofusMaps catched
[11:21:21] 9761 StatedElements catched
[11:21:21] 13349 InteractiveElements catched
[11:21:21] 1485 HouseInformations catched
[11:21:21] 556 InteractiveDoors catched
[11:21:21] 3530 MapPositions uncatched
[11:21:21] 14681 MapPositions catched
[11:21:21] 42 MapZaaps catched
[11:21:21] 79 MapSubways catched
[11:21:21] 15228 SpellLevels catched 
[11:21:21] 4772 Spells catched 
[11:21:21] 316 GuildEmblems catched 
[11:21:21] 1179 LearnableSpells catched 
[11:21:21] 9780 ItemTemplates catched 
[11:21:22] 4489 Weapons catched 
[11:21:22] 363 ItemSets catched 
[11:21:22] 171 ItemTypes catched 
[11:21:22] 110 ItemPets catched 
[11:21:22] 2476 NpcTemplates catched 
[11:21:22] 787 NpcSpawns catched 
[11:21:22] 94 NpcItems catched 
[11:21:22] 19801 NpcMessages catched 
[11:21:22] 7 NpcReplies catched 
[11:21:22] 353 Triggers catched
[11:21:22] 1277 Paddocks catched
[11:21:22] 72 Mounts catched
[11:21:22] 3 Guild catched
[11:21:22] 2 GuildMembers catched
[11:21:22] 11 GatheringJob LevelInfos catched
[11:21:22] 233 InteractiveSkills LevelInfos catched
[11:21:23] 126 Handlers Readed
[11:21:23] 173 Messages Readed
[11:21:23] WorldServer start in 4640 ms.
[12:02:00] MySQL Database Connected
[12:02:00] 16 Breeds catched
[12:02:00] 256 Heads catched
[12:02:00] 561 Effects catched
[12:02:00] 4 SuperAreas catched
[12:02:00] 48 Areas catched
[12:02:01] 334 SubAreas catched
[12:02:02] 11267 DofusMaps catched
[12:02:02] 9761 StatedElements catched
[12:02:02] 13349 InteractiveElements catched
[12:02:02] 1485 HouseInformations catched
[12:02:02] 556 InteractiveDoors catched
[12:02:02] 3530 MapPositions uncatched
[12:02:02] 14681 MapPositions catched
[12:02:02] 42 MapZaaps catched
[12:02:02] 79 MapSubways catched
[12:02:02] 15228 SpellLevels catched 
[12:02:02] 4772 Spells catched 
[12:02:02] 316 GuildEmblems catched 
[12:02:02] 1179 LearnableSpells catched 
[12:02:03] 9780 ItemTemplates catched 
[12:02:03] 4489 Weapons catched 
[12:02:03] 363 ItemSets catched 
[12:02:03] 171 ItemTypes catched 
[12:02:03] 110 ItemPets catched 
[12:02:03] 2476 NpcTemplates catched 
[12:02:03] 787 NpcSpawns catched 
[12:02:03] 94 NpcItems catched 
[12:02:03] 19801 NpcMessages catched 
[12:02:03] 7 NpcReplies catched 
[12:02:03] 353 Triggers catched
[12:02:03] 1277 Paddocks catched
[12:02:03] 72 Mounts catched
[12:02:03] 3 Guild catched
[12:02:03] 2 GuildMembers catched
[12:02:03] 11 GatheringJob LevelInfos catched
[12:02:03] 233 InteractiveSkills LevelInfos catched
[12:02:04] 126 Handlers Readed
[12:02:04] 173 Messages Readed
[12:02:04] WorldServer start in 5179 ms.
[12:02:43] MySQL Database Connected
[12:02:43] 16 Breeds catched
[12:02:43] 256 Heads catched
[12:02:43] 561 Effects catched
[12:02:43] 4 SuperAreas catched
[12:02:43] 48 Areas catched
[12:02:44] 334 SubAreas catched
[12:02:44] 11267 DofusMaps catched
[12:02:44] 9761 StatedElements catched
[12:02:45] 13349 InteractiveElements catched
[12:02:45] 1485 HouseInformations catched
[12:02:45] 556 InteractiveDoors catched
[12:02:45] 3530 MapPositions uncatched
[12:02:45] 14681 MapPositions catched
[12:02:45] 42 MapZaaps catched
[12:02:45] 79 MapSubways catched
[12:02:45] 15228 SpellLevels catched 
[12:02:45] 4772 Spells catched 
[12:02:45] 316 GuildEmblems catched 
[12:02:45] 1179 LearnableSpells catched 
[12:02:45] 9780 ItemTemplates catched 
[12:02:45] 4489 Weapons catched 
[12:02:45] 363 ItemSets catched 
[12:02:45] 171 ItemTypes catched 
[12:02:45] 110 ItemPets catched 
[12:02:46] 2476 NpcTemplates catched 
[12:02:46] 787 NpcSpawns catched 
[12:02:46] 94 NpcItems catched 
[12:02:46] 19801 NpcMessages catched 
[12:02:46] 7 NpcReplies catched 
[12:02:46] 353 Triggers catched
[12:02:46] 1277 Paddocks catched
[12:02:46] 72 Mounts catched
[12:02:46] 3 Guild catched
[12:02:46] 2 GuildMembers catched
[12:02:46] 11 GatheringJob LevelInfos catched
[12:02:46] 233 InteractiveSkills LevelInfos catched
[12:02:47] 126 Handlers Readed
[12:02:47] 173 Messages Readed
[12:02:47] WorldServer start in 4820 ms.
[12:04:31] MySQL Database Connected
[12:04:31] 16 Breeds catched
[12:04:31] 256 Heads catched
[12:04:31] 561 Effects catched
[12:04:31] 4 SuperAreas catched
[12:04:31] 48 Areas catched
[12:04:32] 334 SubAreas catched
[12:04:33] 11267 DofusMaps catched
[12:04:33] 9761 StatedElements catched
[12:04:33] 13349 InteractiveElements catched
[12:04:33] 1485 HouseInformations catched
[12:04:33] 556 InteractiveDoors catched
[12:04:33] 3530 MapPositions uncatched
[12:04:33] 14681 MapPositions catched
[12:04:33] 42 MapZaaps catched
[12:04:33] 79 MapSubways catched
[12:04:33] 15228 SpellLevels catched 
[12:04:33] 4772 Spells catched 
[12:04:33] 316 GuildEmblems catched 
[12:04:33] 1179 LearnableSpells catched 
[12:04:33] 9780 ItemTemplates catched 
[12:04:33] 4489 Weapons catched 
[12:04:33] 363 ItemSets catched 
[12:04:33] 171 ItemTypes catched 
[12:04:33] 110 ItemPets catched 
[12:04:34] 2476 NpcTemplates catched 
[12:04:34] 787 NpcSpawns catched 
[12:04:34] 94 NpcItems catched 
[12:04:34] 19801 NpcMessages catched 
[12:04:34] 7 NpcReplies catched 
[12:04:34] 353 Triggers catched
[12:04:34] 1277 Paddocks catched
[12:04:34] 72 Mounts catched
[12:04:34] 3 Guild catched
[12:04:34] 2 GuildMembers catched
[12:04:34] 11 GatheringJob LevelInfos catched
[12:04:34] 233 InteractiveSkills LevelInfos catched
[12:04:40] MySQL Database Connected
[12:04:40] 16 Breeds catched
[12:04:40] 256 Heads catched
[12:04:40] 561 Effects catched
[12:04:41] 4 SuperAreas catched
[12:04:41] 48 Areas catched
[12:04:42] 334 SubAreas catched
[12:04:42] 11267 DofusMaps catched
[12:04:42] 9761 StatedElements catched
[12:04:42] 13349 InteractiveElements catched
[12:04:42] 1485 HouseInformations catched
[12:04:42] 556 InteractiveDoors catched
[12:04:42] 3530 MapPositions uncatched
[12:04:42] 14681 MapPositions catched
[12:04:42] 42 MapZaaps catched
[12:04:42] 79 MapSubways catched
[12:04:43] 15228 SpellLevels catched 
[12:04:43] 4772 Spells catched 
[12:04:43] 316 GuildEmblems catched 
[12:04:43] 1179 LearnableSpells catched 
[12:04:43] 9780 ItemTemplates catched 
[12:04:43] 4489 Weapons catched 
[12:04:43] 363 ItemSets catched 
[12:04:43] 171 ItemTypes catched 
[12:04:43] 110 ItemPets catched 
[12:04:43] 2476 NpcTemplates catched 
[12:04:43] 787 NpcSpawns catched 
[12:04:43] 94 NpcItems catched 
[12:04:43] 19801 NpcMessages catched 
[12:04:43] 7 NpcReplies catched 
[12:04:43] 353 Triggers catched
[12:04:43] 1277 Paddocks catched
[12:04:43] 72 Mounts catched
[12:04:43] 3 Guild catched
[12:04:43] 2 GuildMembers catched
[12:04:43] 11 GatheringJob LevelInfos catched
[12:04:44] 233 InteractiveSkills LevelInfos catched
[12:04:44] 126 Handlers Readed
[12:04:45] 173 Messages Readed
[12:04:45] WorldServer start in 4898 ms.
[12:05:33] MySQL Database Connected
[12:05:33] 16 Breeds catched
[12:05:33] 256 Heads catched
[12:05:33] 561 Effects catched
[12:05:34] 4 SuperAreas catched
[12:05:34] 48 Areas catched
[12:05:35] 334 SubAreas catched
[12:05:35] 11267 DofusMaps catched
[12:05:35] 9761 StatedElements catched
[12:05:35] 13349 InteractiveElements catched
[12:05:35] 1485 HouseInformations catched
[12:05:35] 556 InteractiveDoors catched
[12:05:35] 3530 MapPositions uncatched
[12:05:35] 14681 MapPositions catched
[12:05:35] 42 MapZaaps catched
[12:05:35] 79 MapSubways catched
[12:05:36] 15228 SpellLevels catched 
[12:05:36] 4772 Spells catched 
[12:05:36] 316 GuildEmblems catched 
[12:05:36] 1179 LearnableSpells catched 
[12:05:36] 9780 ItemTemplates catched 
[12:05:36] 4489 Weapons catched 
[12:05:36] 363 ItemSets catched 
[12:05:36] 171 ItemTypes catched 
[12:05:36] 110 ItemPets catched 
[12:05:36] 2476 NpcTemplates catched 
[12:05:36] 787 NpcSpawns catched 
[12:05:36] 94 NpcItems catched 
[12:05:36] 19801 NpcMessages catched 
[12:05:36] 7 NpcReplies catched 
[12:05:36] 353 Triggers catched
[12:05:36] 1277 Paddocks catched
[12:05:36] 72 Mounts catched
[12:05:37] 3 Guild catched
[12:05:37] 2 GuildMembers catched
[12:05:37] 11 GatheringJob LevelInfos catched
[12:05:37] 233 InteractiveSkills LevelInfos catched
[12:05:37] 126 Handlers Readed
[12:05:38] 173 Messages Readed
[12:05:38] WorldServer start in 5004 ms.
[12:06:55] Packet not handled 5753
[12:07:50] MySQL Database Connected
[12:07:50] 16 Breeds catched
[12:07:50] 256 Heads catched
[12:07:50] 561 Effects catched
[12:07:50] 4 SuperAreas catched
[12:07:50] 48 Areas catched
[12:07:51] 334 SubAreas catched
[12:07:52] 11267 DofusMaps catched
[12:07:52] 9761 StatedElements catched
[12:07:52] 13349 InteractiveElements catched
[12:07:52] 1485 HouseInformations catched
[12:07:52] 556 InteractiveDoors catched
[12:07:52] 3530 MapPositions uncatched
[12:07:52] 14681 MapPositions catched
[12:07:52] 42 MapZaaps catched
[12:07:52] 79 MapSubways catched
[12:07:52] 15228 SpellLevels catched 
[12:07:52] 4772 Spells catched 
[12:07:52] 316 GuildEmblems catched 
[12:07:52] 1179 LearnableSpells catched 
[12:07:53] 9780 ItemTemplates catched 
[12:07:53] 4489 Weapons catched 
[12:07:53] 363 ItemSets catched 
[12:07:53] 171 ItemTypes catched 
[12:07:53] 110 ItemPets catched 
[12:07:53] 2476 NpcTemplates catched 
[12:07:53] 787 NpcSpawns catched 
[12:07:53] 94 NpcItems catched 
[12:07:53] 19801 NpcMessages catched 
[12:07:53] 7 NpcReplies catched 
[12:07:53] 353 Triggers catched
[12:07:53] 1277 Paddocks catched
[12:07:53] 72 Mounts catched
[12:07:53] 3 Guild catched
[12:07:53] 2 GuildMembers catched
[12:07:53] 11 GatheringJob LevelInfos catched
[12:07:53] 233 InteractiveSkills LevelInfos catched
[12:07:54] 126 Handlers Readed
[12:07:54] 173 Messages Readed
[12:07:55] WorldServer start in 5026 ms.
[13:55:53] MySQL Database Connected
[13:55:53] 16 Breeds catched
[13:55:53] 256 Heads catched
[13:55:53] 561 Effects catched
[13:55:54] 4 SuperAreas catched
[13:55:54] 48 Areas catched
[13:55:55] 334 SubAreas catched
[13:55:55] 11267 DofusMaps catched
[13:55:55] 9761 StatedElements catched
[13:55:55] 13349 InteractiveElements catched
[13:55:55] 1485 HouseInformations catched
[13:55:55] 556 InteractiveDoors catched
[13:55:56] 3530 MapPositions uncatched
[13:55:56] 14681 MapPositions catched
[13:55:56] 42 MapZaaps catched
[13:55:56] 79 MapSubways catched
[13:55:56] 15228 SpellLevels catched 
[13:55:56] 4772 Spells catched 
[13:55:56] 316 GuildEmblems catched 
[13:55:56] 1179 LearnableSpells catched 
[13:55:56] 9780 ItemTemplates catched 
[13:55:56] 4489 Weapons catched 
[13:55:56] 363 ItemSets catched 
[13:55:56] 171 ItemTypes catched 
[13:55:56] 110 ItemPets catched 
[13:55:56] 2476 NpcTemplates catched 
[13:55:56] 787 NpcSpawns catched 
[13:55:56] 94 NpcItems catched 
[13:55:56] 19801 NpcMessages catched 
[13:55:56] 7 NpcReplies catched 
[13:55:57] 353 Triggers catched
[13:55:57] 1277 Paddocks catched
[13:55:57] 72 Mounts catched
[13:55:57] 3 Guild catched
[13:55:57] 2 GuildMembers catched
[13:55:57] 11 GatheringJob LevelInfos catched
[13:55:57] 233 InteractiveSkills LevelInfos catched
[13:55:57] 126 Handlers Readed
[13:55:58] 173 Messages Readed
[13:55:58] WorldServer start in 5190 ms.
[13:58:06] MySQL Database Connected
[13:58:06] 16 Breeds catched
[13:58:06] 256 Heads catched
[13:58:06] 561 Effects catched
[13:58:07] 4 SuperAreas catched
[13:58:07] 48 Areas catched
[13:58:08] 334 SubAreas catched
[13:58:09] 11267 DofusMaps catched
[13:58:09] 9761 StatedElements catched
[13:58:09] 13349 InteractiveElements catched
[13:58:09] 1485 HouseInformations catched
[13:58:09] 556 InteractiveDoors catched
[13:58:09] 3530 MapPositions uncatched
[13:58:09] 14681 MapPositions catched
[13:58:09] 42 MapZaaps catched
[13:58:09] 79 MapSubways catched
[13:58:09] 15228 SpellLevels catched 
[13:58:09] 4772 Spells catched 
[13:58:09] 316 GuildEmblems catched 
[13:58:09] 1179 LearnableSpells catched 
[13:58:10] 9780 ItemTemplates catched 
[13:58:10] 4489 Weapons catched 
[13:58:10] 363 ItemSets catched 
[13:58:10] 171 ItemTypes catched 
[13:58:10] 110 ItemPets catched 
[13:58:10] 2476 NpcTemplates catched 
[13:58:10] 787 NpcSpawns catched 
[13:58:10] 94 NpcItems catched 
[13:58:10] 19801 NpcMessages catched 
[13:58:10] 7 NpcReplies catched 
[13:58:10] 353 Triggers catched
[13:58:10] 1277 Paddocks catched
[13:58:10] 72 Mounts catched
[13:58:10] 3 Guild catched
[13:58:10] 2 GuildMembers catched
[13:58:10] 11 GatheringJob LevelInfos catched
[13:58:10] 233 InteractiveSkills LevelInfos catched
[13:58:11] 126 Handlers Readed
[13:58:12] 173 Messages Readed
[13:58:12] WorldServer start in 5842 ms.
[14:01:45] MySQL Database Connected
[14:01:45] 16 Breeds catched
[14:01:45] 256 Heads catched
[14:01:45] 561 Effects catched
[14:01:45] 4 SuperAreas catched
[14:01:45] 48 Areas catched
[14:01:46] 334 SubAreas catched
[14:01:47] 11267 DofusMaps catched
[14:01:47] 9761 StatedElements catched
[14:01:47] 13349 InteractiveElements catched
[14:01:47] 1485 HouseInformations catched
[14:01:47] 556 InteractiveDoors catched
[14:01:47] 3530 MapPositions uncatched
[14:01:47] 14681 MapPositions catched
[14:01:47] 42 MapZaaps catched
[14:01:47] 79 MapSubways catched
[14:01:47] 15228 SpellLevels catched 
[14:01:47] 4772 Spells catched 
[14:01:47] 316 GuildEmblems catched 
[14:01:47] 1179 LearnableSpells catched 
[14:01:48] 9780 ItemTemplates catched 
[14:01:48] 4489 Weapons catched 
[14:01:48] 363 ItemSets catched 
[14:01:48] 171 ItemTypes catched 
[14:01:48] 110 ItemPets catched 
[14:01:48] 2476 NpcTemplates catched 
[14:01:48] 787 NpcSpawns catched 
[14:01:48] 94 NpcItems catched 
[14:01:48] 19801 NpcMessages catched 
[14:01:48] 7 NpcReplies catched 
[14:01:48] 353 Triggers catched
[14:01:48] 1277 Paddocks catched
[14:01:48] 72 Mounts catched
[14:01:48] 3 Guild catched
[14:01:48] 2 GuildMembers catched
[14:01:48] 11 GatheringJob LevelInfos catched
[14:01:48] 233 InteractiveSkills LevelInfos catched
[14:01:49] 126 Handlers Readed
[14:01:49] 173 Messages Readed
[14:01:50] WorldServer start in 5075 ms.
[14:05:28] MySQL Database Connected
[14:05:28] 16 Breeds catched
[14:05:28] 256 Heads catched
[14:05:28] 561 Effects catched
[14:05:28] 4 SuperAreas catched
[14:05:28] 48 Areas catched
[14:05:29] 334 SubAreas catched
[14:05:30] 11267 DofusMaps catched
[14:05:30] 9761 StatedElements catched
[14:05:30] 13349 InteractiveElements catched
[14:05:30] 1485 HouseInformations catched
[14:05:30] 556 InteractiveDoors catched
[14:05:30] 3530 MapPositions uncatched
[14:05:30] 14681 MapPositions catched
[14:05:30] 42 MapZaaps catched
[14:05:30] 79 MapSubways catched
[14:05:30] 15228 SpellLevels catched 
[14:05:30] 4772 Spells catched 
[14:05:30] 316 GuildEmblems catched 
[14:05:30] 1179 LearnableSpells catched 
[14:05:31] 9780 ItemTemplates catched 
[14:05:31] 4489 Weapons catched 
[14:05:31] 363 ItemSets catched 
[14:05:31] 171 ItemTypes catched 
[14:05:31] 110 ItemPets catched 
[14:05:31] 2476 NpcTemplates catched 
[14:05:31] 787 NpcSpawns catched 
[14:05:31] 94 NpcItems catched 
[14:05:31] 19801 NpcMessages catched 
[14:05:31] 7 NpcReplies catched 
[14:05:31] 353 Triggers catched
[14:05:31] 1277 Paddocks catched
[14:05:31] 72 Mounts catched
[14:05:31] 3 Guild catched
[14:05:31] 2 GuildMembers catched
[14:05:31] 11 GatheringJob LevelInfos catched
[14:05:31] 233 InteractiveSkills LevelInfos catched
[14:05:32] 126 Handlers Readed
[14:05:33] 173 Messages Readed
[14:05:33] WorldServer start in 5266 ms.
[14:13:44] MySQL Database Connected
[14:13:44] 16 Breeds catched
[14:13:44] 256 Heads catched
[14:13:44] 561 Effects catched
[14:13:45] 4 SuperAreas catched
[14:13:45] 48 Areas catched
[14:13:46] 334 SubAreas catched
[14:13:46] 11267 DofusMaps catched
[14:13:47] 9761 StatedElements catched
[14:13:47] 13349 InteractiveElements catched
[14:13:47] 1485 HouseInformations catched
[14:13:47] 556 InteractiveDoors catched
[14:13:47] 3530 MapPositions uncatched
[14:13:47] 14681 MapPositions catched
[14:13:47] 42 MapZaaps catched
[14:13:47] 79 MapSubways catched
[14:13:47] 15228 SpellLevels catched 
[14:13:47] 4772 Spells catched 
[14:13:47] 316 GuildEmblems catched 
[14:13:47] 1179 LearnableSpells catched 
[14:13:47] 9780 ItemTemplates catched 
[14:13:47] 4489 Weapons catched 
[14:13:47] 363 ItemSets catched 
[14:13:47] 171 ItemTypes catched 
[14:13:47] 110 ItemPets catched 
[14:13:48] 2476 NpcTemplates catched 
[14:13:48] 787 NpcSpawns catched 
[14:13:48] 94 NpcItems catched 
[14:13:48] 19801 NpcMessages catched 
[14:13:48] 7 NpcReplies catched 
[14:13:48] 353 Triggers catched
[14:13:48] 1277 Paddocks catched
[14:13:48] 72 Mounts catched
[14:13:48] 3 Guild catched
[14:13:48] 2 GuildMembers catched
[14:13:48] 11 GatheringJob LevelInfos catched
[14:13:48] 233 InteractiveSkills LevelInfos catched
[14:13:49] 126 Handlers Readed
[14:13:49] 173 Messages Readed
[14:13:49] WorldServer start in 5294 ms.
[14:18:01] MySQL Database Connected
[14:18:01] 16 Breeds catched
[14:18:01] 256 Heads catched
[14:18:01] 561 Effects catched
[14:18:01] 4 SuperAreas catched
[14:18:01] 48 Areas catched
[14:18:02] 334 SubAreas catched
[14:18:03] 11267 DofusMaps catched
[14:18:03] 9761 StatedElements catched
[14:18:03] 13349 InteractiveElements catched
[14:18:03] 1485 HouseInformations catched
[14:18:03] 556 InteractiveDoors catched
[14:18:03] 3530 MapPositions uncatched
[14:18:03] 14681 MapPositions catched
[14:18:03] 42 MapZaaps catched
[14:18:03] 79 MapSubways catched
[14:18:03] 15228 SpellLevels catched 
[14:18:03] 4772 Spells catched 
[14:18:03] 316 GuildEmblems catched 
[14:18:03] 1179 LearnableSpells catched 
[14:18:04] 9780 ItemTemplates catched 
[14:18:04] 4489 Weapons catched 
[14:18:04] 363 ItemSets catched 
[14:18:04] 171 ItemTypes catched 
[14:18:04] 110 ItemPets catched 
[14:18:04] 2476 NpcTemplates catched 
[14:18:04] 787 NpcSpawns catched 
[14:18:04] 94 NpcItems catched 
[14:18:04] 19801 NpcMessages catched 
[14:18:04] 7 NpcReplies catched 
[14:18:04] 353 Triggers catched
[14:18:04] 1277 Paddocks catched
[14:18:04] 72 Mounts catched
[14:18:04] 3 Guild catched
[14:18:04] 2 GuildMembers catched
[14:18:04] 11 GatheringJob LevelInfos catched
[14:18:04] 233 InteractiveSkills LevelInfos catched
[14:18:05] 126 Handlers Readed
[14:18:06] 173 Messages Readed
[14:18:06] WorldServer start in 5127 ms.
[14:19:29] MySQL Database Connected
[14:19:29] 16 Breeds catched
[14:19:29] 256 Heads catched
[14:19:29] 561 Effects catched
[14:19:29] 4 SuperAreas catched
[14:19:29] 48 Areas catched
[14:19:30] 334 SubAreas catched
[14:19:31] 11267 DofusMaps catched
[14:19:31] 9761 StatedElements catched
[14:19:31] 13349 InteractiveElements catched
[14:19:31] 1485 HouseInformations catched
[14:19:31] 556 InteractiveDoors catched
[14:19:31] 3530 MapPositions uncatched
[14:19:31] 14681 MapPositions catched
[14:19:31] 42 MapZaaps catched
[14:19:31] 79 MapSubways catched
[14:19:31] 15228 SpellLevels catched 
[14:19:31] 4772 Spells catched 
[14:19:31] 316 GuildEmblems catched 
[14:19:31] 1179 LearnableSpells catched 
[14:19:31] 9780 ItemTemplates catched 
[14:19:31] 4489 Weapons catched 
[14:19:31] 363 ItemSets catched 
[14:19:31] 171 ItemTypes catched 
[14:19:32] 110 ItemPets catched 
[14:19:32] 2476 NpcTemplates catched 
[14:19:32] 787 NpcSpawns catched 
[14:19:32] 94 NpcItems catched 
[14:19:32] 19801 NpcMessages catched 
[14:19:32] 7 NpcReplies catched 
[14:19:32] 353 Triggers catched
[14:19:32] 1277 Paddocks catched
[14:19:32] 72 Mounts catched
[14:19:32] 3 Guild catched
[14:19:32] 2 GuildMembers catched
[14:19:32] 11 GatheringJob LevelInfos catched
[14:19:32] 233 InteractiveSkills LevelInfos catched
[14:19:33] 126 Handlers Readed
[14:19:33] 173 Messages Readed
[14:19:33] WorldServer start in 4939 ms.
[14:35:13] MySQL Database Connected
[14:35:13] 16 Breeds catched
[14:35:13] 256 Heads catched
[14:35:13] 561 Effects catched
[14:35:14] 4 SuperAreas catched
[14:35:14] 48 Areas catched
[14:35:15] 334 SubAreas catched
[14:35:15] 11267 DofusMaps catched
[14:35:16] 9761 StatedElements catched
[14:35:16] 13349 InteractiveElements catched
[14:35:16] 1485 HouseInformations catched
[14:35:16] 556 InteractiveDoors catched
[14:35:16] 3530 MapPositions uncatched
[14:35:16] 14681 MapPositions catched
[14:35:16] 42 MapZaaps catched
[14:35:16] 79 MapSubways catched
[14:35:16] 15228 SpellLevels catched 
[14:35:16] 4772 Spells catched 
[14:35:16] 316 GuildEmblems catched 
[14:35:16] 1179 LearnableSpells catched 
[14:35:16] 9780 ItemTemplates catched 
[14:35:16] 4489 Weapons catched 
[14:35:16] 363 ItemSets catched 
[14:35:16] 171 ItemTypes catched 
[14:35:16] 110 ItemPets catched 
[14:35:17] 2476 NpcTemplates catched 
[14:35:17] 787 NpcSpawns catched 
[14:35:17] 94 NpcItems catched 
[14:35:17] 19801 NpcMessages catched 
[14:35:17] 7 NpcReplies catched 
[14:35:17] 353 Triggers catched
[14:35:17] 1277 Paddocks catched
[14:35:17] 72 Mounts catched
[14:35:17] 3 Guild catched
[14:35:17] 2 GuildMembers catched
[14:35:17] 11 GatheringJob LevelInfos catched
[14:35:17] 233 InteractiveSkills LevelInfos catched
[14:35:18] 126 Handlers Readed
[14:35:18] 173 Messages Readed
[14:35:18] WorldServer start in 5373 ms.
[14:56:11] MySQL Database Connected
[14:56:11] 16 Breeds catched
[14:56:11] 256 Heads catched
[14:56:11] 561 Effects catched
[14:56:11] 4 SuperAreas catched
[14:56:11] 48 Areas catched
[14:56:12] 334 SubAreas catched
[14:56:13] 11267 DofusMaps catched
[14:56:13] 9761 StatedElements catched
[14:56:13] 13349 InteractiveElements catched
[14:56:13] 1485 HouseInformations catched
[14:56:13] 556 InteractiveDoors catched
[14:56:13] 3530 MapPositions uncatched
[14:56:13] 14681 MapPositions catched
[14:56:13] 42 MapZaaps catched
[14:56:13] 79 MapSubways catched
[14:56:13] 15228 SpellLevels catched 
[14:56:13] 4772 Spells catched 
[14:56:13] 316 GuildEmblems catched 
[14:56:13] 1179 LearnableSpells catched 
[14:56:13] 9780 ItemTemplates catched 
[14:56:14] 4489 Weapons catched 
[14:56:14] 363 ItemSets catched 
[14:56:14] 171 ItemTypes catched 
[14:56:14] 110 ItemPets catched 
[14:56:14] 2476 NpcTemplates catched 
[14:56:14] 787 NpcSpawns catched 
[14:56:14] 94 NpcItems catched 
[14:56:14] 19801 NpcMessages catched 
[14:56:14] 7 NpcReplies catched 
[14:56:14] 353 Triggers catched
[14:56:14] 1277 Paddocks catched
[14:56:14] 72 Mounts catched
[14:56:14] 3 Guild catched
[14:56:14] 2 GuildMembers catched
[14:56:14] 11 GatheringJob LevelInfos catched
[14:56:14] 233 InteractiveSkills LevelInfos catched
[14:56:15] 126 Handlers Readed
[14:56:15] 173 Messages Readed
[14:56:15] WorldServer start in 5116 ms.
[15:06:24] MySQL Database Connected
[15:06:24] 16 Breeds catched
[15:06:24] 256 Heads catched
[15:06:24] 561 Effects catched
[15:06:25] 4 SuperAreas catched
[15:06:25] 48 Areas catched
[15:06:26] 334 SubAreas catched
[15:06:27] 11267 DofusMaps catched
[15:06:27] 9761 StatedElements catched
[15:06:27] 13349 InteractiveElements catched
[15:06:27] 1485 HouseInformations catched
[15:06:27] 556 InteractiveDoors catched
[15:06:27] 3530 MapPositions uncatched
[15:06:27] 14681 MapPositions catched
[15:06:27] 42 MapZaaps catched
[15:06:27] 79 MapSubways catched
[15:06:27] 15228 SpellLevels catched 
[15:06:27] 4772 Spells catched 
[15:06:27] 316 GuildEmblems catched 
[15:06:27] 1179 LearnableSpells catched 
[15:06:27] 9780 ItemTemplates catched 
[15:06:28] 4489 Weapons catched 
[15:06:28] 363 ItemSets catched 
[15:06:28] 171 ItemTypes catched 
[15:06:28] 110 ItemPets catched 
[15:06:28] 2476 NpcTemplates catched 
[15:06:28] 787 NpcSpawns catched 
[15:06:28] 94 NpcItems catched 
[15:06:28] 19801 NpcMessages catched 
[15:06:28] 7 NpcReplies catched 
[15:06:28] 353 Triggers catched
[15:06:28] 1277 Paddocks catched
[15:06:28] 72 Mounts catched
[15:06:28] 3 Guild catched
[15:06:28] 2 GuildMembers catched
[15:06:28] 11 GatheringJob LevelInfos catched
[15:06:28] 233 InteractiveSkills LevelInfos catched
[15:06:29] 126 Handlers Readed
[15:06:30] 173 Messages Readed
[15:06:30] WorldServer start in 5540 ms.
[15:10:11] MySQL Database Connected
[15:10:11] 16 Breeds catched
[15:10:11] 256 Heads catched
[15:10:11] 561 Effects catched
[15:10:12] 4 SuperAreas catched
[15:10:12] 48 Areas catched
[15:10:13] 334 SubAreas catched
[15:10:13] 11267 DofusMaps catched
[15:10:13] 9761 StatedElements catched
[15:10:13] 13349 InteractiveElements catched
[15:10:13] 1485 HouseInformations catched
[15:10:13] 556 InteractiveDoors catched
[15:10:13] 3530 MapPositions uncatched
[15:10:13] 14681 MapPositions catched
[15:10:13] 42 MapZaaps catched
[15:10:13] 79 MapSubways catched
[15:10:14] 15228 SpellLevels catched 
[15:10:14] 4772 Spells catched 
[15:10:14] 316 GuildEmblems catched 
[15:10:14] 1179 LearnableSpells catched 
[15:10:14] 9780 ItemTemplates catched 
[15:10:14] 4489 Weapons catched 
[15:10:14] 363 ItemSets catched 
[15:10:14] 171 ItemTypes catched 
[15:10:14] 110 ItemPets catched 
[15:10:14] 2476 NpcTemplates catched 
[15:10:14] 787 NpcSpawns catched 
[15:10:14] 94 NpcItems catched 
[15:10:14] 19801 NpcMessages catched 
[15:10:14] 7 NpcReplies catched 
[15:10:15] 353 Triggers catched
[15:10:15] 1277 Paddocks catched
[15:10:15] 72 Mounts catched
[15:10:15] 3 Guild catched
[15:10:15] 2 GuildMembers catched
[15:10:15] 11 GatheringJob LevelInfos catched
[15:10:15] 233 InteractiveSkills LevelInfos catched
[15:10:15] 126 Handlers Readed
[15:10:16] 173 Messages Readed
[15:10:16] WorldServer start in 5260 ms.
[18:34:46] MySQL Database Connected
[18:34:46] 16 Breeds catched
[18:34:46] 256 Heads catched
[18:34:46] 561 Effects catched
[18:34:47] 4 SuperAreas catched
[18:34:47] 48 Areas catched
[18:34:48] 334 SubAreas catched
[18:34:48] 11267 DofusMaps catched
[18:34:48] 9761 StatedElements catched
[18:34:48] 13349 InteractiveElements catched
[18:34:48] 1485 HouseInformations catched
[18:34:48] 556 InteractiveDoors catched
[18:34:48] 3530 MapPositions uncatched
[18:34:48] 14681 MapPositions catched
[18:34:48] 42 MapZaaps catched
[18:34:48] 79 MapSubways catched
[18:34:49] 15228 SpellLevels catched 
[18:34:49] 4772 Spells catched 
[18:34:49] 316 GuildEmblems catched 
[18:34:49] 1179 LearnableSpells catched 
[18:34:49] 9780 ItemTemplates catched 
[18:34:49] 4489 Weapons catched 
[18:34:49] 363 ItemSets catched 
[18:34:49] 171 ItemTypes catched 
[18:34:49] 110 ItemPets catched 
[18:34:49] 2476 NpcTemplates catched 
[18:34:49] 787 NpcSpawns catched 
[18:34:49] 94 NpcItems catched 
[18:34:49] 19801 NpcMessages catched 
[18:34:49] 7 NpcReplies catched 
[18:34:49] 353 Triggers catched
[18:34:49] 1277 Paddocks catched
[18:34:49] 72 Mounts catched
[18:34:49] 3 Guild catched
[18:34:49] 2 GuildMembers catched
[18:34:49] 11 GatheringJob LevelInfos catched
[18:34:50] 233 InteractiveSkills LevelInfos catched
[18:34:50] 126 Handlers Readed
[18:34:51] 173 Messages Readed
[18:34:51] WorldServer start in 4869 ms.
[18:49:44] MySQL Database Connected
[18:49:45] 16 Breeds catched
[18:49:45] 256 Heads catched
[18:49:45] 561 Effects catched
[18:49:45] 4 SuperAreas catched
[18:49:45] 48 Areas catched
[18:49:46] 334 SubAreas catched
[18:49:46] 11267 DofusMaps catched
[18:49:46] 9761 StatedElements catched
[18:49:47] 13349 InteractiveElements catched
[18:49:47] 1485 HouseInformations catched
[18:49:47] 556 InteractiveDoors catched
[18:49:47] 3530 MapPositions uncatched
[18:49:47] 14681 MapPositions catched
[18:49:47] 42 MapZaaps catched
[18:49:47] 79 MapSubways catched
[18:49:47] 15228 SpellLevels catched 
[18:49:47] 4772 Spells catched 
[18:49:47] 316 GuildEmblems catched 
[18:49:47] 1179 LearnableSpells catched 
[18:49:47] 9780 ItemTemplates catched 
[18:49:47] 4489 Weapons catched 
[18:49:47] 363 ItemSets catched 
[18:49:47] 171 ItemTypes catched 
[18:49:47] 110 ItemPets catched 
[18:49:48] 2476 NpcTemplates catched 
[18:49:48] 787 NpcSpawns catched 
[18:49:48] 94 NpcItems catched 
[18:49:48] 19801 NpcMessages catched 
[18:49:48] 7 NpcReplies catched 
[18:49:48] 353 Triggers catched
[18:49:48] 1277 Paddocks catched
[18:49:48] 72 Mounts catched
[18:49:48] 3 Guild catched
[18:49:48] 2 GuildMembers catched
[18:49:48] 11 GatheringJob LevelInfos catched
[18:49:48] 233 InteractiveSkills LevelInfos catched
[18:49:48] 126 Handlers Readed
[18:49:49] 173 Messages Readed
[18:49:49] WorldServer start in 4893 ms.
[18:50:47] MySQL Database Connected
[18:50:48] 16 Breeds catched
[18:50:48] 256 Heads catched
[18:50:48] 561 Effects catched
[18:50:48] 4 SuperAreas catched
[18:50:48] 48 Areas catched
[18:50:49] 334 SubAreas catched
[18:50:50] 11267 DofusMaps catched
[18:50:50] 9761 StatedElements catched
[18:50:50] 13349 InteractiveElements catched
[18:50:50] 1485 HouseInformations catched
[18:50:50] 556 InteractiveDoors catched
[18:50:50] 3530 MapPositions uncatched
[18:50:50] 14681 MapPositions catched
[18:50:50] 42 MapZaaps catched
[18:50:50] 79 MapSubways catched
[18:50:50] 15228 SpellLevels catched 
[18:50:50] 4772 Spells catched 
[18:50:50] 316 GuildEmblems catched 
[18:50:50] 1179 LearnableSpells catched 
[18:50:50] 9780 ItemTemplates catched 
[18:50:50] 4489 Weapons catched 
[18:50:50] 363 ItemSets catched 
[18:50:50] 171 ItemTypes catched 
[18:50:50] 110 ItemPets catched 
[18:50:51] 2476 NpcTemplates catched 
[18:50:51] 787 NpcSpawns catched 
[18:50:51] 94 NpcItems catched 
[18:50:51] 19801 NpcMessages catched 
[18:50:51] 7 NpcReplies catched 
[18:50:51] 353 Triggers catched
[18:50:51] 1277 Paddocks catched
[18:50:51] 72 Mounts catched
[18:50:51] 3 Guild catched
[18:50:51] 2 GuildMembers catched
[18:50:51] 11 GatheringJob LevelInfos catched
[18:50:51] 233 InteractiveSkills LevelInfos catched
[18:50:51] 126 Handlers Readed
[18:50:52] 173 Messages Readed
[18:50:52] WorldServer start in 4929 ms.
[18:55:12] MySQL Database Connected
[18:55:12] 16 Breeds catched
[18:55:12] 256 Heads catched
[18:55:12] 561 Effects catched
[18:55:12] 4 SuperAreas catched
[18:55:12] 48 Areas catched
[18:55:13] 334 SubAreas catched
[18:55:14] 11267 DofusMaps catched
[18:55:14] 9761 StatedElements catched
[18:55:14] 13349 InteractiveElements catched
[18:55:14] 1485 HouseInformations catched
[18:55:14] 556 InteractiveDoors catched
[18:55:14] 3530 MapPositions uncatched
[18:55:14] 14681 MapPositions catched
[18:55:14] 42 MapZaaps catched
[18:55:14] 79 MapSubways catched
[18:55:14] 15228 SpellLevels catched 
[18:55:14] 4772 Spells catched 
[18:55:14] 316 GuildEmblems catched 
[18:55:14] 1179 LearnableSpells catched 
[18:55:14] 9780 ItemTemplates catched 
[18:55:14] 4489 Weapons catched 
[18:55:14] 363 ItemSets catched 
[18:55:14] 171 ItemTypes catched 
[18:55:15] 110 ItemPets catched 
[18:55:15] 2476 NpcTemplates catched 
[18:55:15] 787 NpcSpawns catched 
[18:55:15] 94 NpcItems catched 
[18:55:15] 19801 NpcMessages catched 
[18:55:15] 7 NpcReplies catched 
[18:55:15] 353 Triggers catched
[18:55:15] 1277 Paddocks catched
[18:55:15] 72 Mounts catched
[18:55:15] 3 Guild catched
[18:55:15] 2 GuildMembers catched
[18:55:15] 11 GatheringJob LevelInfos catched
[18:55:15] 233 InteractiveSkills LevelInfos catched
[18:55:16] 126 Handlers Readed
[18:55:16] 173 Messages Readed
[18:55:16] WorldServer start in 4833 ms.
[18:57:34] MySQL Database Connected
[18:57:34] 16 Breeds catched
[18:57:34] 256 Heads catched
[18:57:34] 561 Effects catched
[18:57:34] 4 SuperAreas catched
[18:57:34] 48 Areas catched
[18:57:35] 334 SubAreas catched
[18:57:36] 11267 DofusMaps catched
[18:57:36] 9761 StatedElements catched
[18:57:36] 13349 InteractiveElements catched
[18:57:36] 1485 HouseInformations catched
[18:57:36] 556 InteractiveDoors catched
[18:57:36] 3530 MapPositions uncatched
[18:57:36] 14681 MapPositions catched
[18:57:36] 42 MapZaaps catched
[18:57:36] 79 MapSubways catched
[18:57:36] 15228 SpellLevels catched 
[18:57:36] 4772 Spells catched 
[18:57:36] 316 GuildEmblems catched 
[18:57:36] 1179 LearnableSpells catched 
[18:57:36] 9780 ItemTemplates catched 
[18:57:36] 4489 Weapons catched 
[18:57:36] 363 ItemSets catched 
[18:57:36] 171 ItemTypes catched 
[18:57:37] 110 ItemPets catched 
[18:57:37] 2476 NpcTemplates catched 
[18:57:37] 787 NpcSpawns catched 
[18:57:37] 94 NpcItems catched 
[18:57:37] 19801 NpcMessages catched 
[18:57:37] 7 NpcReplies catched 
[18:57:37] 353 Triggers catched
[18:57:37] 1277 Paddocks catched
[18:57:37] 72 Mounts catched
[18:57:37] 3 Guild catched
[18:57:37] 2 GuildMembers catched
[18:57:37] 11 GatheringJob LevelInfos catched
[18:57:37] 233 InteractiveSkills LevelInfos catched
[18:57:38] 126 Handlers Readed
[18:57:38] 173 Messages Readed
[18:57:38] WorldServer start in 4606 ms.
[19:00:17] MySQL Database Connected
[19:00:18] 16 Breeds catched
[19:00:18] 256 Heads catched
[19:00:18] 561 Effects catched
[19:00:18] 4 SuperAreas catched
[19:00:18] 48 Areas catched
[19:00:19] 334 SubAreas catched
[19:00:20] 11267 DofusMaps catched
[19:00:20] 9761 StatedElements catched
[19:00:20] 13349 InteractiveElements catched
[19:00:20] 1485 HouseInformations catched
[19:00:20] 556 InteractiveDoors catched
[19:00:20] 3530 MapPositions uncatched
[19:00:20] 14681 MapPositions catched
[19:00:20] 42 MapZaaps catched
[19:00:20] 79 MapSubways catched
[19:00:20] 15228 SpellLevels catched 
[19:00:20] 4772 Spells catched 
[19:00:20] 316 GuildEmblems catched 
[19:00:20] 1179 LearnableSpells catched 
[19:00:20] 9780 ItemTemplates catched 
[19:00:20] 4489 Weapons catched 
[19:00:20] 363 ItemSets catched 
[19:00:20] 171 ItemTypes catched 
[19:00:20] 110 ItemPets catched 
[19:00:21] 2476 NpcTemplates catched 
[19:00:21] 787 NpcSpawns catched 
[19:00:21] 94 NpcItems catched 
[19:00:21] 19801 NpcMessages catched 
[19:00:21] 7 NpcReplies catched 
[19:00:21] 353 Triggers catched
[19:00:21] 1277 Paddocks catched
[19:00:21] 72 Mounts catched
[19:00:21] 3 Guild catched
[19:00:21] 2 GuildMembers catched
[19:00:21] 11 GatheringJob LevelInfos catched
[19:00:21] 233 InteractiveSkills LevelInfos catched
[19:00:22] 126 Handlers Readed
[19:00:22] 173 Messages Readed
[19:00:22] WorldServer start in 4982 ms.
[19:01:45] MySQL Database Connected
[19:01:45] 16 Breeds catched
[19:01:45] 256 Heads catched
[19:01:45] 561 Effects catched
[19:01:45] 4 SuperAreas catched
[19:01:45] 48 Areas catched
[19:01:46] 334 SubAreas catched
[19:01:47] 11267 DofusMaps catched
[19:01:47] 9761 StatedElements catched
[19:01:47] 13349 InteractiveElements catched
[19:01:47] 1485 HouseInformations catched
[19:01:47] 556 InteractiveDoors catched
[19:01:47] 3530 MapPositions uncatched
[19:01:47] 14681 MapPositions catched
[19:01:47] 42 MapZaaps catched
[19:01:47] 79 MapSubways catched
[19:01:47] 15228 SpellLevels catched 
[19:01:47] 4772 Spells catched 
[19:01:47] 316 GuildEmblems catched 
[19:01:47] 1179 LearnableSpells catched 
[19:01:48] 9780 ItemTemplates catched 
[19:01:48] 4489 Weapons catched 
[19:01:48] 363 ItemSets catched 
[19:01:48] 171 ItemTypes catched 
[19:01:48] 110 ItemPets catched 
[19:01:48] 2476 NpcTemplates catched 
[19:01:48] 787 NpcSpawns catched 
[19:01:48] 94 NpcItems catched 
[19:01:48] 19801 NpcMessages catched 
[19:01:48] 7 NpcReplies catched 
[19:01:48] 353 Triggers catched
[19:01:48] 1277 Paddocks catched
[19:01:48] 72 Mounts catched
[19:01:48] 3 Guild catched
[19:01:48] 2 GuildMembers catched
[19:01:48] 11 GatheringJob LevelInfos catched
[19:01:48] 233 InteractiveSkills LevelInfos catched
[19:01:49] 126 Handlers Readed
[19:01:49] 173 Messages Readed
[19:01:49] WorldServer start in 5002 ms.
[19:28:55] MySQL Database Connected
[19:28:55] 16 Breeds catched
[19:28:55] 256 Heads catched
[19:28:55] 561 Effects catched
[19:28:56] 4 SuperAreas catched
[19:28:56] 48 Areas catched
[19:28:57] 334 SubAreas catched
[19:28:57] 11267 DofusMaps catched
[19:28:57] 9761 StatedElements catched
[19:28:57] 13349 InteractiveElements catched
[19:28:57] 1485 HouseInformations catched
[19:28:57] 556 InteractiveDoors catched
[19:28:57] 3530 MapPositions uncatched
[19:28:57] 14681 MapPositions catched
[19:28:57] 42 MapZaaps catched
[19:28:58] 79 MapSubways catched
[19:28:58] 15228 SpellLevels catched 
[19:28:58] 4772 Spells catched 
[19:28:58] 316 GuildEmblems catched 
[19:28:58] 1179 LearnableSpells catched 
[19:28:58] 9780 ItemTemplates catched 
[19:28:58] 4489 Weapons catched 
[19:28:58] 363 ItemSets catched 
[19:28:58] 171 ItemTypes catched 
[19:28:58] 110 ItemPets catched 
[19:28:58] 2476 NpcTemplates catched 
[19:28:58] 787 NpcSpawns catched 
[19:28:58] 94 NpcItems catched 
[19:28:58] 19801 NpcMessages catched 
[19:28:58] 7 NpcReplies catched 
[19:28:58] 353 Triggers catched
[19:28:58] 1277 Paddocks catched
[19:28:58] 72 Mounts catched
[19:28:58] 3 Guild catched
[19:28:58] 2 GuildMembers catched
[19:28:58] 11 GatheringJob LevelInfos catched
[19:28:59] 233 InteractiveSkills LevelInfos catched
[19:28:59] 126 Handlers Readed
[19:29:00] 173 Messages Readed
[19:29:00] WorldServer start in 4876 ms.
[20:40:07] MySQL Database Connected
[20:40:07] 16 Breeds catched
[20:40:07] 256 Heads catched
[20:40:07] 561 Effects catched
[20:40:07] 4 SuperAreas catched
[20:40:07] 48 Areas catched
[20:40:08] 334 SubAreas catched
[20:40:09] 11267 DofusMaps catched
[20:40:09] 9761 StatedElements catched
[20:40:09] 13349 InteractiveElements catched
[20:40:09] 1485 HouseInformations catched
[20:40:09] 556 InteractiveDoors catched
[20:40:09] 3530 MapPositions uncatched
[20:40:09] 14681 MapPositions catched
[20:40:09] 42 MapZaaps catched
[20:40:09] 79 MapSubways catched
[20:40:09] 15228 SpellLevels catched 
[20:40:09] 4772 Spells catched 
[20:40:09] 316 GuildEmblems catched 
[20:40:09] 1179 LearnableSpells catched 
[20:40:10] 9780 ItemTemplates catched 
[20:40:10] 4489 Weapons catched 
[20:40:10] 363 ItemSets catched 
[20:40:10] 171 ItemTypes catched 
[20:40:10] 110 ItemPets catched 
[20:40:10] 2476 NpcTemplates catched 
[20:40:10] 787 NpcSpawns catched 
[20:40:10] 94 NpcItems catched 
[20:40:10] 19801 NpcMessages catched 
[20:40:10] 7 NpcReplies catched 
[20:40:10] 353 Triggers catched
[20:40:10] 1277 Paddocks catched
[20:40:10] 72 Mounts catched
[20:40:10] 3 Guild catched
[20:40:10] 2 GuildMembers catched
[20:40:10] 11 GatheringJob LevelInfos catched
[20:40:10] 233 InteractiveSkills LevelInfos catched
[20:40:11] 126 Handlers Readed
[20:40:11] 173 Messages Readed
[20:40:12] WorldServer start in 5075 ms.
[20:51:19] MySQL Database Connected
[20:51:19] 16 Breeds catched
[20:51:19] 256 Heads catched
[20:51:19] 561 Effects catched
[20:51:19] 4 SuperAreas catched
[20:51:19] 48 Areas catched
[20:51:20] 334 SubAreas catched
[20:51:21] 11267 DofusMaps catched
[20:51:21] 9761 StatedElements catched
[20:51:21] 13349 InteractiveElements catched
[20:51:21] 1485 HouseInformations catched
[20:51:21] 556 InteractiveDoors catched
[20:51:21] 3530 MapPositions uncatched
[20:51:21] 14681 MapPositions catched
[20:51:21] 42 MapZaaps catched
[20:51:21] 79 MapSubways catched
[20:51:21] 15228 SpellLevels catched 
[20:51:21] 4772 Spells catched 
[20:51:21] 316 GuildEmblems catched 
[20:51:21] 1179 LearnableSpells catched 
[20:51:22] 9780 ItemTemplates catched 
[20:51:22] 4489 Weapons catched 
[20:51:22] 363 ItemSets catched 
[20:51:22] 171 ItemTypes catched 
[20:51:22] 110 ItemPets catched 
[20:51:22] 2476 NpcTemplates catched 
[20:51:22] 787 NpcSpawns catched 
[20:51:22] 94 NpcItems catched 
[20:51:22] 19801 NpcMessages catched 
[20:51:22] 7 NpcReplies catched 
[20:51:22] 353 Triggers catched
[20:51:22] 1277 Paddocks catched
[20:51:22] 72 Mounts catched
[20:51:22] 3 Guild catched
[20:51:22] 2 GuildMembers catched
[20:51:22] 11 GatheringJob LevelInfos catched
[20:51:22] 233 InteractiveSkills LevelInfos catched
[20:51:23] 126 Handlers Readed
[20:51:23] 173 Messages Readed
[20:51:23] WorldServer start in 4953 ms.
[20:54:27] MySQL Database Connected
[20:54:27] 16 Breeds catched
[20:54:27] 256 Heads catched
[20:54:27] 561 Effects catched
[20:54:28] 4 SuperAreas catched
[20:54:28] 48 Areas catched
[20:54:29] 334 SubAreas catched
[20:54:29] 11267 DofusMaps catched
[20:54:29] 9761 StatedElements catched
[20:54:29] 13349 InteractiveElements catched
[20:54:29] 1485 HouseInformations catched
[20:54:29] 556 InteractiveDoors catched
[20:54:29] 3530 MapPositions uncatched
[20:54:29] 14681 MapPositions catched
[20:54:29] 42 MapZaaps catched
[20:54:29] 79 MapSubways catched
[20:54:30] 15228 SpellLevels catched 
[20:54:30] 4772 Spells catched 
[20:54:30] 316 GuildEmblems catched 
[20:54:30] 1179 LearnableSpells catched 
[20:54:30] 9780 ItemTemplates catched 
[20:54:30] 4489 Weapons catched 
[20:54:30] 363 ItemSets catched 
[20:54:30] 171 ItemTypes catched 
[20:54:30] 110 ItemPets catched 
[20:54:30] 2476 NpcTemplates catched 
[20:54:30] 787 NpcSpawns catched 
[20:54:30] 94 NpcItems catched 
[20:54:30] 19801 NpcMessages catched 
[20:54:30] 7 NpcReplies catched 
[20:54:30] 353 Triggers catched
[20:54:30] 1277 Paddocks catched
[20:54:30] 72 Mounts catched
[20:54:30] 3 Guild catched
[20:54:30] 2 GuildMembers catched
[20:54:30] 11 GatheringJob LevelInfos catched
[20:54:31] 233 InteractiveSkills LevelInfos catched
[20:54:31] 126 Handlers Readed
[20:54:32] 173 Messages Readed
[20:54:32] WorldServer start in 5188 ms.
[21:05:40] MySQL Database Connected
[21:05:40] 16 Breeds catched
[21:05:40] 256 Heads catched
[21:05:40] 561 Effects catched
[21:05:41] 4 SuperAreas catched
[21:05:41] 48 Areas catched
[21:05:42] 334 SubAreas catched
[21:05:42] 11267 DofusMaps catched
[21:05:42] 9761 StatedElements catched
[21:05:42] 13349 InteractiveElements catched
[21:05:42] 1485 HouseInformations catched
[21:05:42] 556 InteractiveDoors catched
[21:05:42] 3530 MapPositions uncatched
[21:05:42] 14681 MapPositions catched
[21:05:42] 42 MapZaaps catched
[21:05:42] 79 MapSubways catched
[21:05:43] 15228 SpellLevels catched 
[21:05:43] 4772 Spells catched 
[21:05:43] 316 GuildEmblems catched 
[21:05:43] 1179 LearnableSpells catched 
[21:05:43] 9780 ItemTemplates catched 
[21:05:43] 4489 Weapons catched 
[21:05:43] 363 ItemSets catched 
[21:05:43] 171 ItemTypes catched 
[21:05:43] 110 ItemPets catched 
[21:05:43] 2476 NpcTemplates catched 
[21:05:43] 787 NpcSpawns catched 
[21:05:43] 94 NpcItems catched 
[21:05:43] 19801 NpcMessages catched 
[21:05:43] 7 NpcReplies catched 
[21:05:43] 353 Triggers catched
[21:05:43] 1277 Paddocks catched
[21:05:43] 72 Mounts catched
[21:05:43] 3 Guild catched
[21:05:43] 2 GuildMembers catched
[21:05:43] 11 GatheringJob LevelInfos catched
[21:05:43] 233 InteractiveSkills LevelInfos catched
[21:05:44] 126 Handlers Readed
[21:05:45] 173 Messages Readed
[21:05:45] WorldServer start in 4852 ms.
[21:06:19] MySQL Database Connected
[21:06:19] 16 Breeds catched
[21:06:19] 256 Heads catched
[21:06:19] 561 Effects catched
[21:06:19] 4 SuperAreas catched
[21:06:19] 48 Areas catched
[21:06:20] 334 SubAreas catched
[21:06:21] 11267 DofusMaps catched
[21:06:21] 9761 StatedElements catched
[21:06:21] 13349 InteractiveElements catched
[21:06:21] 1485 HouseInformations catched
[21:06:21] 556 InteractiveDoors catched
[21:06:21] 3530 MapPositions uncatched
[21:06:21] 14681 MapPositions catched
[21:06:21] 42 MapZaaps catched
[21:06:21] 79 MapSubways catched
[21:06:21] 15228 SpellLevels catched 
[21:06:21] 4772 Spells catched 
[21:06:21] 316 GuildEmblems catched 
[21:06:21] 1179 LearnableSpells catched 
[21:06:21] 9780 ItemTemplates catched 
[21:06:22] 4489 Weapons catched 
[21:06:22] 363 ItemSets catched 
[21:06:22] 171 ItemTypes catched 
[21:06:22] 110 ItemPets catched 
[21:06:22] 2476 NpcTemplates catched 
[21:06:22] 787 NpcSpawns catched 
[21:06:22] 94 NpcItems catched 
[21:06:22] 19801 NpcMessages catched 
[21:06:22] 7 NpcReplies catched 
[21:06:22] 353 Triggers catched
[21:06:22] 1277 Paddocks catched
[21:06:22] 72 Mounts catched
[21:06:22] 3 Guild catched
[21:06:22] 2 GuildMembers catched
[21:06:22] 11 GatheringJob LevelInfos catched
[21:06:22] 233 InteractiveSkills LevelInfos catched
[21:06:23] 126 Handlers Readed
[21:06:23] 173 Messages Readed
[21:06:23] WorldServer start in 4911 ms.
[21:07:03] MySQL Database Connected
[21:07:03] 16 Breeds catched
[21:07:03] 256 Heads catched
[21:07:03] 561 Effects catched
[21:07:04] 4 SuperAreas catched
[21:07:04] 48 Areas catched
[21:07:05] 334 SubAreas catched
[21:07:05] 11267 DofusMaps catched
[21:07:06] 9761 StatedElements catched
[21:07:06] 13349 InteractiveElements catched
[21:07:06] 1485 HouseInformations catched
[21:07:06] 556 InteractiveDoors catched
[21:07:06] 3530 MapPositions uncatched
[21:07:06] 14681 MapPositions catched
[21:07:06] 42 MapZaaps catched
[21:07:06] 79 MapSubways catched
[21:07:06] 15228 SpellLevels catched 
[21:07:06] 4772 Spells catched 
[21:07:06] 316 GuildEmblems catched 
[21:07:06] 1179 LearnableSpells catched 
[21:07:06] 9780 ItemTemplates catched 
[21:07:06] 4489 Weapons catched 
[21:07:06] 363 ItemSets catched 
[21:07:06] 171 ItemTypes catched 
[21:07:06] 110 ItemPets catched 
[21:07:07] 2476 NpcTemplates catched 
[21:07:07] 787 NpcSpawns catched 
[21:07:07] 94 NpcItems catched 
[21:07:07] 19801 NpcMessages catched 
[21:07:07] 7 NpcReplies catched 
[21:07:07] 353 Triggers catched
[21:07:07] 1277 Paddocks catched
[21:07:07] 72 Mounts catched
[21:07:07] 3 Guild catched
[21:07:07] 2 GuildMembers catched
[21:07:07] 11 GatheringJob LevelInfos catched
[21:07:07] 233 InteractiveSkills LevelInfos catched
[21:07:07] 126 Handlers Readed
[21:07:08] 173 Messages Readed
[21:07:08] WorldServer start in 4844 ms.
[21:07:44] MySQL Database Connected
[21:07:44] 16 Breeds catched
[21:07:44] 256 Heads catched
[21:07:44] 561 Effects catched
[21:07:44] 4 SuperAreas catched
[21:07:44] 48 Areas catched
[21:07:45] 334 SubAreas catched
[21:07:46] 11267 DofusMaps catched
[21:07:46] 9761 StatedElements catched
[21:07:46] 13349 InteractiveElements catched
[21:07:46] 1485 HouseInformations catched
[21:07:46] 556 InteractiveDoors catched
[21:07:46] 3530 MapPositions uncatched
[21:07:46] 14681 MapPositions catched
[21:07:46] 42 MapZaaps catched
[21:07:46] 79 MapSubways catched
[21:07:46] 15228 SpellLevels catched 
[21:07:46] 4772 Spells catched 
[21:07:46] 316 GuildEmblems catched 
[21:07:46] 1179 LearnableSpells catched 
[21:07:47] 9780 ItemTemplates catched 
[21:07:47] 4489 Weapons catched 
[21:07:47] 363 ItemSets catched 
[21:07:47] 171 ItemTypes catched 
[21:07:47] 110 ItemPets catched 
[21:07:47] 2476 NpcTemplates catched 
[21:07:47] 787 NpcSpawns catched 
[21:07:47] 94 NpcItems catched 
[21:07:47] 19801 NpcMessages catched 
[21:07:47] 7 NpcReplies catched 
[21:07:47] 353 Triggers catched
[21:07:47] 1277 Paddocks catched
[21:07:47] 72 Mounts catched
[21:07:47] 3 Guild catched
[21:07:47] 2 GuildMembers catched
[21:07:47] 11 GatheringJob LevelInfos catched
[21:07:47] 233 InteractiveSkills LevelInfos catched
[21:07:48] 126 Handlers Readed
[21:07:48] 173 Messages Readed
[21:07:48] WorldServer start in 5124 ms.
[21:08:51] MySQL Database Connected
[21:08:51] 16 Breeds catched
[21:08:51] 256 Heads catched
[21:08:51] 561 Effects catched
[21:08:51] 4 SuperAreas catched
[21:08:51] 48 Areas catched
[21:08:52] 334 SubAreas catched
[21:08:53] 11267 DofusMaps catched
[21:08:53] 9761 StatedElements catched
[21:08:53] 13349 InteractiveElements catched
[21:08:53] 1485 HouseInformations catched
[21:08:53] 556 InteractiveDoors catched
[21:08:53] 3530 MapPositions uncatched
[21:08:53] 14681 MapPositions catched
[21:08:53] 42 MapZaaps catched
[21:08:53] 79 MapSubways catched
[21:08:53] 15228 SpellLevels catched 
[21:08:53] 4772 Spells catched 
[21:08:53] 316 GuildEmblems catched 
[21:08:53] 1179 LearnableSpells catched 
[21:08:54] 9780 ItemTemplates catched 
[21:08:54] 4489 Weapons catched 
[21:08:54] 363 ItemSets catched 
[21:08:54] 171 ItemTypes catched 
[21:08:54] 110 ItemPets catched 
[21:08:54] 2476 NpcTemplates catched 
[21:08:54] 787 NpcSpawns catched 
[21:08:54] 94 NpcItems catched 
[21:08:54] 19801 NpcMessages catched 
[21:08:54] 7 NpcReplies catched 
[21:08:54] 353 Triggers catched
[21:08:54] 1277 Paddocks catched
[21:08:54] 72 Mounts catched
[21:08:54] 3 Guild catched
[21:08:54] 2 GuildMembers catched
[21:08:54] 11 GatheringJob LevelInfos catched
[21:08:54] 233 InteractiveSkills LevelInfos catched
[21:08:55] 126 Handlers Readed
[21:08:55] 173 Messages Readed
[21:08:55] WorldServer start in 4836 ms.
[21:10:09] MySQL Database Connected
[21:10:10] 16 Breeds catched
[21:10:10] 256 Heads catched
[21:10:10] 561 Effects catched
[21:10:10] 4 SuperAreas catched
[21:10:10] 48 Areas catched
[21:10:11] 334 SubAreas catched
[21:10:12] 11267 DofusMaps catched
[21:10:12] 9761 StatedElements catched
[21:10:12] 13349 InteractiveElements catched
[21:10:12] 1485 HouseInformations catched
[21:10:12] 556 InteractiveDoors catched
[21:10:12] 3530 MapPositions uncatched
[21:10:12] 14681 MapPositions catched
[21:10:12] 42 MapZaaps catched
[21:10:12] 79 MapSubways catched
[21:10:12] 15228 SpellLevels catched 
[21:10:12] 4772 Spells catched 
[21:10:12] 316 GuildEmblems catched 
[21:10:12] 1179 LearnableSpells catched 
[21:10:12] 9780 ItemTemplates catched 
[21:10:12] 4489 Weapons catched 
[21:10:12] 363 ItemSets catched 
[21:10:12] 171 ItemTypes catched 
[21:10:12] 110 ItemPets catched 
[21:10:13] 2476 NpcTemplates catched 
[21:10:13] 787 NpcSpawns catched 
[21:10:13] 94 NpcItems catched 
[21:10:13] 19801 NpcMessages catched 
[21:10:13] 7 NpcReplies catched 
[21:10:13] 353 Triggers catched
[21:10:13] 1277 Paddocks catched
[21:10:13] 72 Mounts catched
[21:10:13] 3 Guild catched
[21:10:13] 2 GuildMembers catched
[21:10:13] 11 GatheringJob LevelInfos catched
[21:10:13] 233 InteractiveSkills LevelInfos catched
[21:10:13] 126 Handlers Readed
[21:10:14] 173 Messages Readed
[21:10:14] WorldServer start in 4931 ms.
[21:11:20] MySQL Database Connected
[21:11:20] 16 Breeds catched
[21:11:20] 256 Heads catched
[21:11:20] 561 Effects catched
[21:11:20] 4 SuperAreas catched
[21:11:20] 48 Areas catched
[21:11:21] 334 SubAreas catched
[21:11:22] 11267 DofusMaps catched
[21:11:22] 9761 StatedElements catched
[21:11:22] 13349 InteractiveElements catched
[21:11:22] 1485 HouseInformations catched
[21:11:22] 556 InteractiveDoors catched
[21:11:22] 3530 MapPositions uncatched
[21:11:22] 14681 MapPositions catched
[21:11:22] 42 MapZaaps catched
[21:11:22] 79 MapSubways catched
[21:11:22] 15228 SpellLevels catched 
[21:11:22] 4772 Spells catched 
[21:11:22] 316 GuildEmblems catched 
[21:11:22] 1179 LearnableSpells catched 
[21:11:22] 9780 ItemTemplates catched 
[21:11:23] 4489 Weapons catched 
[21:11:23] 363 ItemSets catched 
[21:11:23] 171 ItemTypes catched 
[21:11:23] 110 ItemPets catched 
[21:11:23] 2476 NpcTemplates catched 
[21:11:23] 787 NpcSpawns catched 
[21:11:23] 94 NpcItems catched 
[21:11:23] 19801 NpcMessages catched 
[21:11:23] 7 NpcReplies catched 
[21:11:23] 353 Triggers catched
[21:11:23] 1277 Paddocks catched
[21:11:23] 72 Mounts catched
[21:11:23] 3 Guild catched
[21:11:23] 2 GuildMembers catched
[21:11:23] 11 GatheringJob LevelInfos catched
[21:11:23] 233 InteractiveSkills LevelInfos catched
[21:11:24] 126 Handlers Readed
[21:11:24] 173 Messages Readed
[21:11:24] WorldServer start in 4683 ms.
[21:12:25] MySQL Database Connected
[21:12:25] 16 Breeds catched
[21:12:25] 256 Heads catched
[21:12:25] 561 Effects catched
[21:12:26] 4 SuperAreas catched
[21:12:26] 48 Areas catched
[21:12:27] 334 SubAreas catched
[21:12:28] 11267 DofusMaps catched
[21:12:28] 9761 StatedElements catched
[21:12:28] 13349 InteractiveElements catched
[21:12:28] 1485 HouseInformations catched
[21:12:28] 556 InteractiveDoors catched
[21:12:28] 3530 MapPositions uncatched
[21:12:28] 14681 MapPositions catched
[21:12:28] 42 MapZaaps catched
[21:12:28] 79 MapSubways catched
[21:12:28] 15228 SpellLevels catched 
[21:12:28] 4772 Spells catched 
[21:12:28] 316 GuildEmblems catched 
[21:12:28] 1179 LearnableSpells catched 
[21:12:28] 9780 ItemTemplates catched 
[21:12:28] 4489 Weapons catched 
[21:12:28] 363 ItemSets catched 
[21:12:28] 171 ItemTypes catched 
[21:12:29] 110 ItemPets catched 
[21:12:29] 2476 NpcTemplates catched 
[21:12:29] 787 NpcSpawns catched 
[21:12:29] 94 NpcItems catched 
[21:12:29] 19801 NpcMessages catched 
[21:12:29] 7 NpcReplies catched 
[21:12:29] 353 Triggers catched
[21:12:29] 1277 Paddocks catched
[21:12:29] 72 Mounts catched
[21:12:29] 3 Guild catched
[21:12:29] 2 GuildMembers catched
[21:12:29] 11 GatheringJob LevelInfos catched
[21:12:29] 233 InteractiveSkills LevelInfos catched
[21:12:30] 126 Handlers Readed
[21:12:30] 173 Messages Readed
[21:12:30] WorldServer start in 5214 ms.
[21:13:30] MySQL Database Connected
[21:13:30] 16 Breeds catched
[21:13:30] 256 Heads catched
[21:13:30] 561 Effects catched
[21:13:31] 4 SuperAreas catched
[21:13:31] 48 Areas catched
[21:13:32] 334 SubAreas catched
[21:13:32] 11267 DofusMaps catched
[21:13:32] 9761 StatedElements catched
[21:13:33] 13349 InteractiveElements catched
[21:13:33] 1485 HouseInformations catched
[21:13:33] 556 InteractiveDoors catched
[21:13:33] 3530 MapPositions uncatched
[21:13:33] 14681 MapPositions catched
[21:13:33] 42 MapZaaps catched
[21:13:33] 79 MapSubways catched
[21:13:33] 15228 SpellLevels catched 
[21:13:33] 4772 Spells catched 
[21:13:33] 316 GuildEmblems catched 
[21:13:33] 1179 LearnableSpells catched 
[21:13:33] 9780 ItemTemplates catched 
[21:13:33] 4489 Weapons catched 
[21:13:33] 363 ItemSets catched 
[21:13:33] 171 ItemTypes catched 
[21:13:33] 110 ItemPets catched 
[21:13:34] 2476 NpcTemplates catched 
[21:13:34] 787 NpcSpawns catched 
[21:13:34] 94 NpcItems catched 
[21:13:34] 19801 NpcMessages catched 
[21:13:34] 7 NpcReplies catched 
[21:13:34] 353 Triggers catched
[21:13:34] 1277 Paddocks catched
[21:13:34] 72 Mounts catched
[21:13:34] 3 Guild catched
[21:13:34] 2 GuildMembers catched
[21:13:34] 11 GatheringJob LevelInfos catched
[21:13:34] 233 InteractiveSkills LevelInfos catched
[21:13:34] 126 Handlers Readed
[21:13:35] 173 Messages Readed
[21:13:35] WorldServer start in 4849 ms.
[21:21:50] MySQL Database Connected
[21:21:51] 16 Breeds catched
[21:21:51] 256 Heads catched
[21:21:51] 561 Effects catched
[21:21:51] 4 SuperAreas catched
[21:21:51] 48 Areas catched
[21:21:52] 334 SubAreas catched
[21:21:53] 11267 DofusMaps catched
[21:21:53] 9761 StatedElements catched
[21:21:53] 13349 InteractiveElements catched
[21:21:53] 1485 HouseInformations catched
[21:21:53] 556 InteractiveDoors catched
[21:21:53] 3530 MapPositions uncatched
[21:21:53] 14681 MapPositions catched
[21:21:53] 42 MapZaaps catched
[21:21:53] 79 MapSubways catched
[21:21:53] 15228 SpellLevels catched 
[21:21:53] 4772 Spells catched 
[21:21:53] 316 GuildEmblems catched 
[21:21:53] 1179 LearnableSpells catched 
[21:21:53] 9780 ItemTemplates catched 
[21:21:53] 4489 Weapons catched 
[21:21:53] 363 ItemSets catched 
[21:21:53] 171 ItemTypes catched 
[21:21:54] 110 ItemPets catched 
[21:21:54] 2476 NpcTemplates catched 
[21:21:54] 787 NpcSpawns catched 
[21:21:54] 94 NpcItems catched 
[21:21:54] 19801 NpcMessages catched 
[21:21:54] 7 NpcReplies catched 
[21:21:54] 353 Triggers catched
[21:21:54] 1277 Paddocks catched
[21:21:54] 72 Mounts catched
[21:21:54] 3 Guild catched
[21:21:54] 2 GuildMembers catched
[21:21:54] 11 GatheringJob LevelInfos catched
[21:21:54] 233 InteractiveSkills LevelInfos catched
[21:21:55] 126 Handlers Readed
[21:21:55] 173 Messages Readed
[21:21:55] WorldServer start in 5132 ms.
[21:22:43] MySQL Database Connected
[21:22:43] 16 Breeds catched
[21:22:43] 256 Heads catched
[21:22:43] 561 Effects catched
[21:22:43] 4 SuperAreas catched
[21:22:43] 48 Areas catched
[21:22:44] 334 SubAreas catched
[21:22:45] 11267 DofusMaps catched
[21:22:45] 9761 StatedElements catched
[21:22:45] 13349 InteractiveElements catched
[21:22:45] 1485 HouseInformations catched
[21:22:45] 556 InteractiveDoors catched
[21:22:45] 3530 MapPositions uncatched
[21:22:45] 14681 MapPositions catched
[21:22:45] 42 MapZaaps catched
[21:22:45] 79 MapSubways catched
[21:22:45] 15228 SpellLevels catched 
[21:22:45] 4772 Spells catched 
[21:22:45] 316 GuildEmblems catched 
[21:22:45] 1179 LearnableSpells catched 
[21:22:45] 9780 ItemTemplates catched 
[21:22:45] 4489 Weapons catched 
[21:22:45] 363 ItemSets catched 
[21:22:45] 171 ItemTypes catched 
[21:22:46] 110 ItemPets catched 
[21:22:46] 2476 NpcTemplates catched 
[21:22:46] 787 NpcSpawns catched 
[21:22:46] 94 NpcItems catched 
[21:22:46] 19801 NpcMessages catched 
[21:22:46] 7 NpcReplies catched 
[21:22:46] 353 Triggers catched
[21:22:46] 1277 Paddocks catched
[21:22:46] 72 Mounts catched
[21:22:46] 3 Guild catched
[21:22:46] 2 GuildMembers catched
[21:22:46] 11 GatheringJob LevelInfos catched
[21:22:46] 233 InteractiveSkills LevelInfos catched
[21:22:47] 126 Handlers Readed
[21:22:47] 173 Messages Readed
[21:22:47] WorldServer start in 4846 ms.
[21:23:34] MySQL Database Connected
[21:23:34] 16 Breeds catched
[21:23:34] 256 Heads catched
[21:23:34] 561 Effects catched
[21:23:34] 4 SuperAreas catched
[21:23:34] 48 Areas catched
[21:23:35] 334 SubAreas catched
[21:23:36] 11267 DofusMaps catched
[21:23:36] 9761 StatedElements catched
[21:23:36] 13349 InteractiveElements catched
[21:23:36] 1485 HouseInformations catched
[21:23:36] 556 InteractiveDoors catched
[21:23:36] 3530 MapPositions uncatched
[21:23:36] 14681 MapPositions catched
[21:23:36] 42 MapZaaps catched
[21:23:36] 79 MapSubways catched
[21:23:36] 15228 SpellLevels catched 
[21:23:36] 4772 Spells catched 
[21:23:36] 316 GuildEmblems catched 
[21:23:36] 1179 LearnableSpells catched 
[21:23:37] 9780 ItemTemplates catched 
[21:23:37] 4489 Weapons catched 
[21:23:37] 363 ItemSets catched 
[21:23:37] 171 ItemTypes catched 
[21:23:37] 110 ItemPets catched 
[21:23:37] 2476 NpcTemplates catched 
[21:23:37] 787 NpcSpawns catched 
[21:23:37] 94 NpcItems catched 
[21:23:37] 19801 NpcMessages catched 
[21:23:37] 7 NpcReplies catched 
[21:23:37] 353 Triggers catched
[21:23:37] 1277 Paddocks catched
[21:23:37] 72 Mounts catched
[21:23:37] 3 Guild catched
[21:23:37] 2 GuildMembers catched
[21:23:37] 11 GatheringJob LevelInfos catched
[21:23:37] 233 InteractiveSkills LevelInfos catched
[21:23:38] 126 Handlers Readed
[21:23:38] 173 Messages Readed
[21:23:38] WorldServer start in 4855 ms.
[21:25:31] MySQL Database Connected
[21:25:31] 16 Breeds catched
[21:25:31] 256 Heads catched
[21:25:31] 561 Effects catched
[21:25:31] 4 SuperAreas catched
[21:25:31] 48 Areas catched
[21:25:32] 334 SubAreas catched
[21:25:33] 11267 DofusMaps catched
[21:25:33] 9761 StatedElements catched
[21:25:33] 13349 InteractiveElements catched
[21:25:33] 1485 HouseInformations catched
[21:25:33] 556 InteractiveDoors catched
[21:25:33] 3530 MapPositions uncatched
[21:25:33] 14681 MapPositions catched
[21:25:33] 42 MapZaaps catched
[21:25:33] 79 MapSubways catched
[21:25:33] 15228 SpellLevels catched 
[21:25:33] 4772 Spells catched 
[21:25:33] 316 GuildEmblems catched 
[21:25:33] 1179 LearnableSpells catched 
[21:25:34] 9780 ItemTemplates catched 
[21:25:34] 4489 Weapons catched 
[21:25:34] 363 ItemSets catched 
[21:25:34] 171 ItemTypes catched 
[21:25:34] 110 ItemPets catched 
[21:25:34] 2476 NpcTemplates catched 
[21:25:34] 787 NpcSpawns catched 
[21:25:34] 94 NpcItems catched 
[21:25:34] 19801 NpcMessages catched 
[21:25:34] 7 NpcReplies catched 
[21:25:34] 353 Triggers catched
[21:25:34] 1277 Paddocks catched
[21:25:34] 72 Mounts catched
[21:25:34] 3 Guild catched
[21:25:34] 2 GuildMembers catched
[21:25:34] 11 GatheringJob LevelInfos catched
[21:25:34] 233 InteractiveSkills LevelInfos catched
[21:25:35] 126 Handlers Readed
[21:25:35] 173 Messages Readed
[21:25:36] WorldServer start in 4847 ms.
[21:26:04] MySQL Database Connected
[21:26:04] 16 Breeds catched
[21:26:04] 256 Heads catched
[21:26:04] 561 Effects catched
[21:26:05] 4 SuperAreas catched
[21:26:05] 48 Areas catched
[21:26:06] 334 SubAreas catched
[21:26:06] 11267 DofusMaps catched
[21:26:06] 9761 StatedElements catched
[21:26:06] 13349 InteractiveElements catched
[21:26:06] 1485 HouseInformations catched
[21:26:06] 556 InteractiveDoors catched
[21:26:07] 3530 MapPositions uncatched
[21:26:07] 14681 MapPositions catched
[21:26:07] 42 MapZaaps catched
[21:26:07] 79 MapSubways catched
[21:26:07] 15228 SpellLevels catched 
[21:26:07] 4772 Spells catched 
[21:26:07] 316 GuildEmblems catched 
[21:26:07] 1179 LearnableSpells catched 
[21:26:07] 9780 ItemTemplates catched 
[21:26:07] 4489 Weapons catched 
[21:26:07] 363 ItemSets catched 
[21:26:07] 171 ItemTypes catched 
[21:26:07] 110 ItemPets catched 
[21:26:07] 2476 NpcTemplates catched 
[21:26:07] 787 NpcSpawns catched 
[21:26:07] 94 NpcItems catched 
[21:26:07] 19801 NpcMessages catched 
[21:26:07] 7 NpcReplies catched 
[21:26:07] 353 Triggers catched
[21:26:07] 1277 Paddocks catched
[21:26:08] 72 Mounts catched
[21:26:08] 3 Guild catched
[21:26:08] 2 GuildMembers catched
[21:26:08] 11 GatheringJob LevelInfos catched
[21:26:08] 233 InteractiveSkills LevelInfos catched
[21:26:08] 126 Handlers Readed
[21:26:09] 173 Messages Readed
[21:26:09] WorldServer start in 4933 ms.
[21:27:12] MySQL Database Connected
[21:27:12] 16 Breeds catched
[21:27:12] 256 Heads catched
[21:27:12] 561 Effects catched
[21:27:13] 4 SuperAreas catched
[21:27:13] 48 Areas catched
[21:27:14] 334 SubAreas catched
[21:27:14] 11267 DofusMaps catched
[21:27:15] 9761 StatedElements catched
[21:27:15] 13349 InteractiveElements catched
[21:27:15] 1485 HouseInformations catched
[21:27:15] 556 InteractiveDoors catched
[21:27:15] 3530 MapPositions uncatched
[21:27:15] 14681 MapPositions catched
[21:27:15] 42 MapZaaps catched
[21:27:15] 79 MapSubways catched
[21:27:15] 15228 SpellLevels catched 
[21:27:15] 4772 Spells catched 
[21:27:15] 316 GuildEmblems catched 
[21:27:15] 1179 LearnableSpells catched 
[21:27:15] 9780 ItemTemplates catched 
[21:27:15] 4489 Weapons catched 
[21:27:15] 363 ItemSets catched 
[21:27:15] 171 ItemTypes catched 
[21:27:15] 110 ItemPets catched 
[21:27:16] 2476 NpcTemplates catched 
[21:27:16] 787 NpcSpawns catched 
[21:27:16] 94 NpcItems catched 
[21:27:16] 19801 NpcMessages catched 
[21:27:16] 7 NpcReplies catched 
[21:27:16] 353 Triggers catched
[21:27:16] 1277 Paddocks catched
[21:27:16] 72 Mounts catched
[21:27:16] 3 Guild catched
[21:27:16] 2 GuildMembers catched
[21:27:16] 11 GatheringJob LevelInfos catched
[21:27:16] 233 InteractiveSkills LevelInfos catched
[21:27:16] 126 Handlers Readed
[21:27:17] 173 Messages Readed
[21:27:17] WorldServer start in 4900 ms.
[21:27:41] MySQL Database Connected
[21:27:41] 16 Breeds catched
[21:27:41] 256 Heads catched
[21:27:41] 561 Effects catched
[21:27:42] 4 SuperAreas catched
[21:27:42] 48 Areas catched
[21:27:43] 334 SubAreas catched
[21:27:43] 11267 DofusMaps catched
[21:27:43] 9761 StatedElements catched
[21:27:43] 13349 InteractiveElements catched
[21:27:43] 1485 HouseInformations catched
[21:27:43] 556 InteractiveDoors catched
[21:27:43] 3530 MapPositions uncatched
[21:27:43] 14681 MapPositions catched
[21:27:43] 42 MapZaaps catched
[21:27:43] 79 MapSubways catched
[21:27:44] 15228 SpellLevels catched 
[21:27:44] 4772 Spells catched 
[21:27:44] 316 GuildEmblems catched 
[21:27:44] 1179 LearnableSpells catched 
[21:27:44] 9780 ItemTemplates catched 
[21:27:44] 4489 Weapons catched 
[21:27:44] 363 ItemSets catched 
[21:27:44] 171 ItemTypes catched 
[21:27:44] 110 ItemPets catched 
[21:27:44] 2476 NpcTemplates catched 
[21:27:44] 787 NpcSpawns catched 
[21:27:44] 94 NpcItems catched 
[21:27:44] 19801 NpcMessages catched 
[21:27:44] 7 NpcReplies catched 
[21:27:44] 353 Triggers catched
[21:27:45] 1277 Paddocks catched
[21:27:45] 72 Mounts catched
[21:27:45] 3 Guild catched
[21:27:45] 2 GuildMembers catched
[21:27:45] 11 GatheringJob LevelInfos catched
[21:27:45] 233 InteractiveSkills LevelInfos catched
[21:27:45] 126 Handlers Readed
[21:27:46] 173 Messages Readed
[21:27:46] WorldServer start in 5104 ms.
