févr. 06, 2015 11:46:06 PM org.reflections.Reflections scan
INFOS: Reflections took 122 ms to scan 1 urls, producing 1 keys and 17 values 
févr. 06, 2015 11:46:06 PM org.reflections.Reflections scan
INFOS: Reflections took 139 ms to scan 1 urls, producing 2 keys and 18 values 
[23:56:08] [ERROR] Unknown Message Header Handler 182/127.0.0.1:21178
[23:56:11] (client->proxy->server)[ip:/127.0.0.1]::Error:{org.apache.mina.filter.codec.ProtocolDecoderException: java.nio.BufferUnderflowException (Hexdump: 0E E0)
	at org.apache.mina.filter.codec.ProtocolCodecFilter.messageReceived(ProtocolCodecFilter.java:241)
	at org.apache.mina.core.filterchain.DefaultIoFilterChain.callNextMessageReceived(DefaultIoFilterChain.java:542)
	at org.apache.mina.core.filterchain.DefaultIoFilterChain.access$1300(DefaultIoFilterChain.java:48)
	at org.apache.mina.core.filterchain.DefaultIoFilterChain$EntryImpl$1.messageReceived(DefaultIoFilterChain.java:943)
	at org.apache.mina.core.filterchain.IoFilterAdapter.messageReceived(IoFilterAdapter.java:109)
	at org.apache.mina.core.filterchain.DefaultIoFilterChain.callNextMessageReceived(DefaultIoFilterChain.java:542)
	at org.apache.mina.core.filterchain.DefaultIoFilterChain.fireMessageReceived(DefaultIoFilterChain.java:535)
	at org.apache.mina.core.polling.AbstractPollingIoProcessor.read(AbstractPollingIoProcessor.java:714)
	at org.apache.mina.core.polling.AbstractPollingIoProcessor.process(AbstractPollingIoProcessor.java:668)
	at org.apache.mina.core.polling.AbstractPollingIoProcessor.process(AbstractPollingIoProcessor.java:657)
	at org.apache.mina.core.polling.AbstractPollingIoProcessor.access$600(AbstractPollingIoProcessor.java:67)
	at org.apache.mina.core.polling.AbstractPollingIoProcessor$Processor.run(AbstractPollingIoProcessor.java:1121)
	at org.apache.mina.util.NamePreservingRunnable.run(NamePreservingRunnable.java:64)
	at java.util.concurrent.ThreadPoolExecutor.runWorker(ThreadPoolExecutor.java:1142)
	at java.util.concurrent.ThreadPoolExecutor$Worker.run(ThreadPoolExecutor.java:617)
	at java.lang.Thread.run(Thread.java:745)
Caused by: java.nio.BufferUnderflowException
	at java.nio.Buffer.nextGetIndex(Buffer.java:506)
	at java.nio.HeapByteBuffer.getShort(HeapByteBuffer.java:310)
	at org.apache.mina.core.buffer.AbstractIoBuffer.getShort(AbstractIoBuffer.java:765)
	at koh.game.network.codec.ProtocolDecoder.getMessageLength(ProtocolDecoder.java:29)
	at koh.game.network.codec.ProtocolDecoder.doDecode(ProtocolDecoder.java:47)
	at org.apache.mina.filter.codec.CumulativeProtocolDecoder.decode(CumulativeProtocolDecoder.java:176)
	at org.apache.mina.filter.codec.ProtocolCodecFilter.messageReceived(ProtocolCodecFilter.java:233)
	... 15 more
}
