[22:11:46] MySQL Database Connected
[22:11:46] 16 Breeds catched
[22:11:46] 256 Heads catched
[22:11:47] 11259 DofusMaps catched
[22:11:47] 15 Handlers Readed
[22:11:47] 15 Messages Readed
[22:11:47] WorldServer start in 1690 ms.
[22:14:49] MySQL Database Connected
[22:14:49] 16 Breeds catched
[22:14:49] 256 Heads catched
[22:14:50] 11259 DofusMaps catched
[22:14:50] 15 Handlers Readed
[22:14:51] 15 Messages Readed
[22:14:51] WorldServer start in 1725 ms.
[22:15:21] MySQL Database Connected
[22:15:21] 16 Breeds catched
[22:15:21] 256 Heads catched
[22:15:22] 11259 DofusMaps catched
[22:15:23] 15 Handlers Readed
[22:15:23] 15 Messages Readed
[22:15:23] WorldServer start in 2169 ms.
[22:16:42] MySQL Database Connected
[22:16:42] 16 Breeds catched
[22:16:42] 256 Heads catched
[22:16:43] 11259 DofusMaps catched
[22:16:43] 15 Handlers Readed
[22:16:43] 15 Messages Readed
[22:16:44] WorldServer start in 1716 ms.
[22:21:50] MySQL Database Connected
[22:21:50] 16 Breeds catched
[22:21:50] 256 Heads catched
[22:21:50] 11259 DofusMaps catched
[22:21:51] 16 Handlers Readed
[22:21:51] 16 Messages Readed
[22:21:51] WorldServer start in 1699 ms.
[22:26:09] MySQL Database Connected
[22:26:09] 16 Breeds catched
[22:26:09] 256 Heads catched
[22:26:10] 11259 DofusMaps catched
[22:26:10] 16 Handlers Readed
[22:26:10] 16 Messages Readed
[22:26:10] WorldServer start in 1700 ms.
[22:59:31] MySQL Database Connected
[22:59:31] 16 Breeds catched
[22:59:31] 256 Heads catched
[22:59:32] 11259 DofusMaps catched
[22:59:32] 17 Handlers Readed
[22:59:32] 17 Messages Readed
[22:59:33] WorldServer start in 1675 ms.
[23:00:46] MySQL Database Connected
[23:00:46] 16 Breeds catched
[23:00:46] 256 Heads catched
[23:00:47] 11259 DofusMaps catched
[23:00:47] 17 Handlers Readed
[23:00:48] 17 Messages Readed
[23:00:48] WorldServer start in 1656 ms.
[23:01:06] MySQL Database Connected
[23:01:06] 16 Breeds catched
[23:01:06] 256 Heads catched
[23:01:07] 11259 DofusMaps catched
[23:01:07] 17 Handlers Readed
[23:01:07] 17 Messages Readed
[23:01:07] WorldServer start in 1611 ms.
[23:08:53] MySQL Database Connected
[23:08:53] 16 Breeds catched
[23:08:53] 256 Heads catched
[23:08:54] 11259 DofusMaps catched
[23:08:54] 17 Handlers Readed
[23:08:55] 17 Messages Readed
[23:08:55] WorldServer start in 1734 ms.
[23:14:34] MySQL Database Connected
[23:14:34] 16 Breeds catched
[23:14:34] 256 Heads catched
[23:14:35] 11259 DofusMaps catched
[23:14:35] 17 Handlers Readed
[23:14:36] 17 Messages Readed
[23:14:36] WorldServer start in 1729 ms.
[23:16:03] MySQL Database Connected
[23:16:03] 16 Breeds catched
[23:16:03] 256 Heads catched
[23:16:04] 11259 DofusMaps catched
[23:16:04] 17 Handlers Readed
[23:16:04] 17 Messages Readed
[23:16:04] WorldServer start in 1722 ms.
[23:19:00] MySQL Database Connected
[23:19:00] 16 Breeds catched
[23:19:00] 256 Heads catched
[23:19:01] 11259 DofusMaps catched
[23:19:01] 17 Handlers Readed
[23:19:01] 17 Messages Readed
[23:19:01] WorldServer start in 1681 ms.
[23:23:01] MySQL Database Connected
[23:23:01] 16 Breeds catched
[23:23:01] 256 Heads catched
[23:23:02] 11259 DofusMaps catched
[23:23:02] 17 Handlers Readed
[23:23:02] 17 Messages Readed
[23:23:02] WorldServer start in 1812 ms.
[23:29:07] MySQL Database Connected
[23:29:07] 16 Breeds catched
[23:29:07] 256 Heads catched
[23:29:08] 11259 DofusMaps catched
[23:29:08] 17 Handlers Readed
[23:29:08] 17 Messages Readed
[23:29:08] WorldServer start in 1672 ms.
[23:29:28] MySQL Database Connected
[23:29:28] 16 Breeds catched
[23:29:28] 256 Heads catched
[23:29:29] 11259 DofusMaps catched
[23:29:30] 17 Handlers Readed
[23:29:30] 17 Messages Readed
[23:29:30] WorldServer start in 1743 ms.
[23:36:31] MySQL Database Connected
[23:36:31] 16 Breeds catched
[23:36:31] 256 Heads catched
[23:36:32] 11259 DofusMaps catched
[23:36:32] 17 Handlers Readed
[23:36:32] 17 Messages Readed
[23:36:32] WorldServer start in 1795 ms.
[23:37:05] MySQL Database Connected
[23:37:05] 16 Breeds catched
[23:37:05] 256 Heads catched
[23:37:06] 11259 DofusMaps catched
[23:37:07] 17 Handlers Readed
[23:37:07] 17 Messages Readed
[23:37:07] WorldServer start in 1638 ms.
[23:38:33] MySQL Database Connected
[23:38:34] 16 Breeds catched
[23:38:34] 256 Heads catched
[23:38:34] 11259 DofusMaps catched
[23:38:35] 17 Handlers Readed
[23:38:35] 17 Messages Readed
[23:38:35] WorldServer start in 1747 ms.
[23:39:38] MySQL Database Connected
[23:39:38] 16 Breeds catched
[23:39:38] 256 Heads catched
[23:39:39] 11259 DofusMaps catched
[23:39:39] 17 Handlers Readed
[23:39:39] 17 Messages Readed
[23:39:39] WorldServer start in 1660 ms.
[23:41:11] MySQL Database Connected
[23:41:11] 16 Breeds catched
[23:41:11] 256 Heads catched
[23:41:12] 11259 DofusMaps catched
[23:41:13] 17 Handlers Readed
[23:41:13] 17 Messages Readed
[23:41:13] WorldServer start in 1819 ms.
[23:42:33] MySQL Database Connected
[23:42:33] 16 Breeds catched
[23:42:33] 256 Heads catched
[23:42:34] 11259 DofusMaps catched
[23:42:34] 17 Handlers Readed
[23:42:34] 17 Messages Readed
[23:42:34] WorldServer start in 1753 ms.
[23:44:22] MySQL Database Connected
[23:44:22] 16 Breeds catched
[23:44:22] 256 Heads catched
[23:44:23] 11259 DofusMaps catched
[23:44:23] 17 Handlers Readed
[23:44:23] 17 Messages Readed
[23:44:23] WorldServer start in 1785 ms.
[23:44:48] MySQL Database Connected
[23:44:48] 16 Breeds catched
[23:44:48] 256 Heads catched
[23:44:49] 11259 DofusMaps catched
[23:44:50] 17 Handlers Readed
[23:44:50] 17 Messages Readed
[23:44:50] WorldServer start in 1777 ms.
[23:45:27] MySQL Database Connected
[23:45:27] 16 Breeds catched
[23:45:27] 256 Heads catched
[23:45:28] 11259 DofusMaps catched
[23:45:28] 17 Handlers Readed
[23:45:28] 17 Messages Readed
[23:45:28] WorldServer start in 1755 ms.
[23:46:04] MySQL Database Connected
[23:46:04] 16 Breeds catched
[23:46:04] 256 Heads catched
[23:46:05] 11259 DofusMaps catched
[23:46:06] 17 Handlers Readed
[23:46:06] 17 Messages Readed
[23:46:06] WorldServer start in 1883 ms.
