[18:53:57] MySQL Database Connected
[18:53:57] 16 Breeds catched
[18:53:57] 256 Heads catched
[18:53:57] 561 Effects catched
[18:53:57] 4 SuperAreas catched
[18:53:57] 48 Areas catched
[18:53:58] 334 SubAreas catched
[18:53:59] 11267 DofusMaps catched
[18:53:59] 9761 StatedElements catched
[18:53:59] 13349 InteractiveElements catched
[18:53:59] 1485 HouseInformations catched
[18:53:59] 556 InteractiveDoors catched
[18:53:59] 3530 MapPositions uncatched
[18:53:59] 14681 MapPositions catched
[18:53:59] 42 MapZaaps catched
[18:53:59] 79 MapSubways catched
[18:53:59] 15228 SpellLevels catched 
[18:53:59] 4772 Spells catched 
[18:53:59] 316 GuildEmblems catched 
[18:53:59] 1179 LearnableSpells catched 
[18:53:59] 9780 ItemTemplates catched 
[18:54:00] 4489 Weapons catched 
[18:54:00] 363 ItemSets catched 
[18:54:00] 171 ItemTypes catched 
[18:54:00] 110 ItemPets catched 
[18:54:00] 2476 NpcTemplates catched 
[18:54:00] 787 NpcSpawns catched 
[18:54:00] 94 NpcItems catched 
[18:54:00] 19801 NpcMessages catched 
[18:54:00] 7 NpcReplies catched 
[18:54:00] 353 Triggers catched
[18:54:00] 1277 Paddocks catched
[18:54:00] 72 Mounts catched
[18:54:00] 3 Guild catched
[18:54:00] 2 GuildMembers catched
[18:54:00] 11 GatheringJob LevelInfos catched
[18:54:00] 233 InteractiveSkills LevelInfos catched
[18:54:01] 126 Handlers Readed
[18:54:01] 173 Messages Readed
[18:54:01] WorldServer start in 4908 ms.
[19:08:48] MySQL Database Connected
[19:08:48] 16 Breeds catched
[19:08:48] 256 Heads catched
[19:08:48] 561 Effects catched
[19:08:48] 4 SuperAreas catched
[19:08:48] 48 Areas catched
[19:08:49] 334 SubAreas catched
[19:08:50] 11267 DofusMaps catched
[19:08:50] 9761 StatedElements catched
[19:08:50] 13349 InteractiveElements catched
[19:08:50] 1485 HouseInformations catched
[19:08:50] 556 InteractiveDoors catched
[19:08:50] 3530 MapPositions uncatched
[19:08:50] 14681 MapPositions catched
[19:08:50] 42 MapZaaps catched
[19:08:50] 79 MapSubways catched
[19:08:50] 15228 SpellLevels catched 
[19:08:50] 4772 Spells catched 
[19:08:50] 316 GuildEmblems catched 
[19:08:50] 1179 LearnableSpells catched 
[19:08:51] 9780 ItemTemplates catched 
[19:08:51] 4489 Weapons catched 
[19:08:51] 363 ItemSets catched 
[19:08:51] 171 ItemTypes catched 
[19:08:51] 110 ItemPets catched 
[19:08:51] 2476 NpcTemplates catched 
[19:08:51] 787 NpcSpawns catched 
[19:08:51] 94 NpcItems catched 
[19:08:51] 19801 NpcMessages catched 
[19:08:51] 7 NpcReplies catched 
[19:08:51] 353 Triggers catched
[19:08:51] 1277 Paddocks catched
[19:08:51] 72 Mounts catched
[19:08:51] 3 Guild catched
[19:08:51] 2 GuildMembers catched
[19:08:51] 11 GatheringJob LevelInfos catched
[19:08:51] 233 InteractiveSkills LevelInfos catched
[19:08:52] 126 Handlers Readed
[19:08:52] 173 Messages Readed
[19:08:52] WorldServer start in 4810 ms.
[19:10:37] MySQL Database Connected
[19:10:37] 16 Breeds catched
[19:10:37] 256 Heads catched
[19:10:37] 561 Effects catched
[19:10:37] 4 SuperAreas catched
[19:10:37] 48 Areas catched
[19:10:38] 334 SubAreas catched
[19:10:39] 11267 DofusMaps catched
[19:10:39] 9761 StatedElements catched
[19:10:39] 13349 InteractiveElements catched
[19:10:39] 1485 HouseInformations catched
[19:10:39] 556 InteractiveDoors catched
[19:10:39] 3530 MapPositions uncatched
[19:10:39] 14681 MapPositions catched
[19:10:39] 42 MapZaaps catched
[19:10:39] 79 MapSubways catched
[19:10:39] 15228 SpellLevels catched 
[19:10:39] 4772 Spells catched 
[19:10:39] 316 GuildEmblems catched 
[19:10:39] 1179 LearnableSpells catched 
[19:10:39] 9780 ItemTemplates catched 
[19:10:40] 4489 Weapons catched 
[19:10:40] 363 ItemSets catched 
[19:10:40] 171 ItemTypes catched 
[19:10:40] 110 ItemPets catched 
[19:10:40] 2476 NpcTemplates catched 
[19:10:40] 787 NpcSpawns catched 
[19:10:40] 94 NpcItems catched 
[19:10:40] 19801 NpcMessages catched 
[19:10:40] 7 NpcReplies catched 
[19:10:40] 353 Triggers catched
[19:10:40] 1277 Paddocks catched
[19:10:40] 72 Mounts catched
[19:10:40] 3 Guild catched
[19:10:40] 2 GuildMembers catched
[19:10:40] 11 GatheringJob LevelInfos catched
[19:10:40] 233 InteractiveSkills LevelInfos catched
[19:10:41] 126 Handlers Readed
[19:10:41] 173 Messages Readed
[19:10:41] WorldServer start in 4679 ms.
[19:13:45] MySQL Database Connected
[19:13:45] 16 Breeds catched
[19:13:45] 256 Heads catched
[19:13:45] 561 Effects catched
[19:13:45] 4 SuperAreas catched
[19:13:45] 48 Areas catched
[19:13:46] 334 SubAreas catched
[19:13:47] 11267 DofusMaps catched
[19:13:47] 9761 StatedElements catched
[19:13:47] 13349 InteractiveElements catched
[19:13:47] 1485 HouseInformations catched
[19:13:47] 556 InteractiveDoors catched
[19:13:47] 3530 MapPositions uncatched
[19:13:47] 14681 MapPositions catched
[19:13:47] 42 MapZaaps catched
[19:13:47] 79 MapSubways catched
[19:13:47] 15228 SpellLevels catched 
[19:13:47] 4772 Spells catched 
[19:13:47] 316 GuildEmblems catched 
[19:13:47] 1179 LearnableSpells catched 
[19:13:48] 9780 ItemTemplates catched 
[19:13:48] 4489 Weapons catched 
[19:13:48] 363 ItemSets catched 
[19:13:48] 171 ItemTypes catched 
[19:13:48] 110 ItemPets catched 
[19:13:48] 2476 NpcTemplates catched 
[19:13:48] 787 NpcSpawns catched 
[19:13:48] 94 NpcItems catched 
[19:13:48] 19801 NpcMessages catched 
[19:13:48] 7 NpcReplies catched 
[19:13:48] 353 Triggers catched
[19:13:48] 1277 Paddocks catched
[19:13:48] 72 Mounts catched
[19:13:48] 3 Guild catched
[19:13:48] 2 GuildMembers catched
[19:13:48] 11 GatheringJob LevelInfos catched
[19:13:48] 233 InteractiveSkills LevelInfos catched
[19:13:49] 126 Handlers Readed
[19:13:49] 173 Messages Readed
[19:13:49] WorldServer start in 4878 ms.
[19:22:36] MySQL Database Connected
[19:22:36] 16 Breeds catched
[19:22:36] 256 Heads catched
[19:22:36] 561 Effects catched
[19:22:37] 4 SuperAreas catched
[19:22:37] 48 Areas catched
[19:22:38] 334 SubAreas catched
[19:22:38] 11267 DofusMaps catched
[19:22:38] 9761 StatedElements catched
[19:22:38] 13349 InteractiveElements catched
[19:22:38] 1485 HouseInformations catched
[19:22:38] 556 InteractiveDoors catched
[19:22:38] 3530 MapPositions uncatched
[19:22:38] 14681 MapPositions catched
[19:22:38] 42 MapZaaps catched
[19:22:38] 79 MapSubways catched
[19:22:39] 15228 SpellLevels catched 
[19:22:39] 4772 Spells catched 
[19:22:39] 316 GuildEmblems catched 
[19:22:39] 1179 LearnableSpells catched 
[19:22:39] 9780 ItemTemplates catched 
[19:22:39] 4489 Weapons catched 
[19:22:39] 363 ItemSets catched 
[19:22:39] 171 ItemTypes catched 
[19:22:39] 110 ItemPets catched 
[19:22:39] 2476 NpcTemplates catched 
[19:22:40] 787 NpcSpawns catched 
[19:22:40] 94 NpcItems catched 
[19:22:40] 19801 NpcMessages catched 
[19:22:40] 7 NpcReplies catched 
[19:22:40] 353 Triggers catched
[19:22:40] 1277 Paddocks catched
[19:22:40] 72 Mounts catched
[19:22:40] 3 Guild catched
[19:22:40] 2 GuildMembers catched
[19:22:40] 11 GatheringJob LevelInfos catched
[19:22:40] 233 InteractiveSkills LevelInfos catched
[19:22:40] 126 Handlers Readed
[19:22:41] 173 Messages Readed
[19:22:41] WorldServer start in 5367 ms.
[19:35:08] MySQL Database Connected
[19:35:08] 16 Breeds catched
[19:35:08] 256 Heads catched
[19:35:08] 561 Effects catched
[19:35:08] 4 SuperAreas catched
[19:35:08] 48 Areas catched
[19:35:09] 334 SubAreas catched
[19:35:10] 11267 DofusMaps catched
[19:35:10] 9761 StatedElements catched
[19:35:10] 13349 InteractiveElements catched
[19:35:10] 1485 HouseInformations catched
[19:35:10] 556 InteractiveDoors catched
[19:35:10] 3530 MapPositions uncatched
[19:35:10] 14681 MapPositions catched
[19:35:10] 42 MapZaaps catched
[19:35:10] 79 MapSubways catched
[19:35:10] 15228 SpellLevels catched 
[19:35:10] 4772 Spells catched 
[19:35:10] 316 GuildEmblems catched 
[19:35:10] 1179 LearnableSpells catched 
[19:35:10] 9780 ItemTemplates catched 
[19:35:11] 4489 Weapons catched 
[19:35:11] 363 ItemSets catched 
[19:35:11] 171 ItemTypes catched 
[19:35:11] 110 ItemPets catched 
[19:35:11] 2476 NpcTemplates catched 
[19:35:11] 787 NpcSpawns catched 
[19:35:11] 94 NpcItems catched 
[19:35:11] 19801 NpcMessages catched 
[19:35:11] 7 NpcReplies catched 
[19:35:11] 353 Triggers catched
[19:35:11] 1277 Paddocks catched
[19:35:11] 72 Mounts catched
[19:35:11] 3 Guild catched
[19:35:11] 2 GuildMembers catched
[19:35:11] 11 GatheringJob LevelInfos catched
[19:35:11] 233 InteractiveSkills LevelInfos catched
[19:35:12] 126 Handlers Readed
[19:35:12] 173 Messages Readed
[19:35:12] WorldServer start in 4845 ms.
[20:54:27] MySQL Database Connected
[20:54:27] 16 Breeds catched
[20:54:27] 256 Heads catched
[20:54:27] 561 Effects catched
[20:54:28] 4 SuperAreas catched
[20:54:28] 48 Areas catched
[20:54:29] 334 SubAreas catched
[20:54:29] 11267 DofusMaps catched
[20:54:29] 9761 StatedElements catched
[20:54:29] 13349 InteractiveElements catched
[20:54:29] 1485 HouseInformations catched
[20:54:29] 556 InteractiveDoors catched
[20:54:30] 3530 MapPositions uncatched
[20:54:30] 14681 MapPositions catched
[20:54:30] 42 MapZaaps catched
[20:54:30] 79 MapSubways catched
[20:54:30] 15228 SpellLevels catched 
[20:54:30] 4772 Spells catched 
[20:54:30] 316 GuildEmblems catched 
[20:54:30] 1179 LearnableSpells catched 
[20:54:30] 9780 ItemTemplates catched 
[20:54:30] 4489 Weapons catched 
[20:54:30] 363 ItemSets catched 
[20:54:30] 171 ItemTypes catched 
[20:54:30] 110 ItemPets catched 
[20:54:30] 2476 NpcTemplates catched 
[20:54:30] 787 NpcSpawns catched 
[20:54:30] 94 NpcItems catched 
[20:54:31] 19801 NpcMessages catched 
[20:54:31] 7 NpcReplies catched 
[20:54:31] 353 Triggers catched
[20:54:31] 1277 Paddocks catched
[20:54:31] 72 Mounts catched
[20:54:31] 3 Guild catched
[20:54:31] 2 GuildMembers catched
[20:54:31] 11 GatheringJob LevelInfos catched
[20:54:31] 233 InteractiveSkills LevelInfos catched
[20:54:31] 126 Handlers Readed
[20:54:32] 173 Messages Readed
[20:54:32] WorldServer start in 5313 ms.
[21:05:28] MySQL Database Connected
[21:05:28] 16 Breeds catched
[21:05:28] 256 Heads catched
[21:05:28] 561 Effects catched
[21:05:29] 4 SuperAreas catched
[21:05:29] 48 Areas catched
[21:05:30] 334 SubAreas catched
[21:05:30] 11267 DofusMaps catched
[21:05:30] 9761 StatedElements catched
[21:05:31] 13349 InteractiveElements catched
[21:05:31] 1485 HouseInformations catched
[21:05:31] 556 InteractiveDoors catched
[21:05:31] 3530 MapPositions uncatched
[21:05:31] 14681 MapPositions catched
[21:05:31] 42 MapZaaps catched
[21:05:31] 79 MapSubways catched
[21:05:31] 15228 SpellLevels catched 
[21:05:31] 4772 Spells catched 
[21:05:31] 316 GuildEmblems catched 
[21:05:31] 1179 LearnableSpells catched 
[21:05:31] 9780 ItemTemplates catched 
[21:05:31] 4489 Weapons catched 
[21:05:31] 363 ItemSets catched 
[21:05:31] 171 ItemTypes catched 
[21:05:31] 110 ItemPets catched 
[21:05:31] 2476 NpcTemplates catched 
[21:05:31] 787 NpcSpawns catched 
[21:05:32] 94 NpcItems catched 
[21:05:32] 19801 NpcMessages catched 
[21:05:32] 7 NpcReplies catched 
[21:05:32] 353 Triggers catched
[21:05:32] 1277 Paddocks catched
[21:05:32] 72 Mounts catched
[21:05:32] 3 Guild catched
[21:05:32] 2 GuildMembers catched
[21:05:32] 11 GatheringJob LevelInfos catched
[21:05:32] 233 InteractiveSkills LevelInfos catched
[21:05:32] 126 Handlers Readed
[21:05:33] 173 Messages Readed
[21:05:33] WorldServer start in 4811 ms.
[21:17:11] MySQL Database Connected
[21:17:11] 16 Breeds catched
[21:17:11] 256 Heads catched
[21:17:11] 561 Effects catched
[21:17:12] 4 SuperAreas catched
[21:17:12] 48 Areas catched
[21:17:13] 334 SubAreas catched
[21:17:13] 11267 DofusMaps catched
[21:17:13] 9761 StatedElements catched
[21:17:13] 13349 InteractiveElements catched
[21:17:13] 1485 HouseInformations catched
[21:17:13] 556 InteractiveDoors catched
[21:17:13] 3530 MapPositions uncatched
[21:17:13] 14681 MapPositions catched
[21:17:13] 42 MapZaaps catched
[21:17:13] 79 MapSubways catched
[21:17:14] 15228 SpellLevels catched 
[21:17:14] 4772 Spells catched 
[21:17:14] 316 GuildEmblems catched 
[21:17:14] 1179 LearnableSpells catched 
[21:17:14] 9780 ItemTemplates catched 
[21:17:14] 4489 Weapons catched 
[21:17:14] 363 ItemSets catched 
[21:17:14] 171 ItemTypes catched 
[21:17:14] 110 ItemPets catched 
[21:17:14] 2476 NpcTemplates catched 
[21:17:14] 787 NpcSpawns catched 
[21:17:14] 94 NpcItems catched 
[21:17:14] 19801 NpcMessages catched 
[21:17:14] 7 NpcReplies catched 
[21:17:14] 353 Triggers catched
[21:17:14] 1277 Paddocks catched
[21:17:14] 72 Mounts catched
[21:17:14] 3 Guild catched
[21:17:14] 2 GuildMembers catched
[21:17:14] 11 GatheringJob LevelInfos catched
[21:17:14] 233 InteractiveSkills LevelInfos catched
[21:17:15] 126 Handlers Readed
[21:17:15] 173 Messages Readed
[21:17:16] WorldServer start in 4601 ms.
