avr. 05, 2015 8:07:18 PM org.reflections.Reflections scan
INFOS: Reflections took 201 ms to scan 1 urls, producing 1 keys and 44 values 
avr. 05, 2015 8:07:18 PM org.reflections.Reflections scan
INFOS: Reflections took 218 ms to scan 1 urls, producing 2 keys and 55 values 
[20:07:21] Undefinied Stat id 800
[20:07:21] Undefinied Stat id 807
[20:07:21] Undefinied Stat id 806
[20:07:21] Undefinied Stat id 153
[20:07:21] Undefinied Stat id 10
[20:07:21] Undefinied Stat id 10
[20:07:21] Undefinied Stat id 285
[20:07:21] Undefinied Stat id 281
[20:07:21] Undefinied Stat id 288
[20:07:21] Undefinied Stat id 283
[20:07:27] An error occurred: Could not evaluate null: no value set for the variable.
[20:07:27] An error occurred: Could not evaluate null: no value set for the variable.
[20:53:18] Undefinied Stat id 800
[20:53:18] Undefinied Stat id 807
[20:53:18] Undefinied Stat id 806
[20:53:18] Undefinied Stat id 10
[20:53:18] Undefinied Stat id 10
[20:53:41] Undefinied Stat id 800
[20:53:41] Undefinied Stat id 807
[20:53:41] Undefinied Stat id 806
[20:53:41] Undefinied Stat id 153
[20:53:41] Undefinied Stat id 10
[20:53:41] Undefinied Stat id 10
[20:53:41] An error occurred: Could not evaluate Sc: no value set for the variable.
[20:53:43] Undefinied Stat id 800
[20:53:43] Undefinied Stat id 807
[20:53:43] Undefinied Stat id 806
[20:53:43] Undefinied Stat id 153
[20:53:43] Undefinied Stat id 10
[20:53:43] Undefinied Stat id 10
[20:53:43] An error occurred: Could not evaluate Sc: no value set for the variable.
[20:53:45] Undefinied Stat id 800
[20:53:45] Undefinied Stat id 807
[20:53:45] Undefinied Stat id 806
[20:53:45] Undefinied Stat id 10
[20:53:45] Undefinied Stat id 10
[20:53:45] An error occurred: Could not evaluate Sc: no value set for the variable.
[20:53:46] An error occurred: Could not evaluate Sc: no value set for the variable.
[20:53:53] Undefinied Stat id 800
[20:53:53] An error occurred: Could not evaluate null: no value set for the variable.
[20:53:53] An error occurred: Could not evaluate null: no value set for the variable.
[20:54:00] An error occurred: Could not evaluate null: no value set for the variable.
[20:54:00] An error occurred: Could not evaluate null: no value set for the variable.
[20:54:01] An error occurred: Could not evaluate PE: no value set for the variable.
[20:54:01] Undefinied Stat id 800
[20:54:01] An error occurred: Could not evaluate null: no value set for the variable.
[20:54:01] An error occurred: Could not evaluate null: no value set for the variable.
[20:54:01] An error occurred: Could not evaluate PE: no value set for the variable.
[20:54:04] Undefinied Stat id 800
[20:54:04] Undefinied Stat id 807
[20:54:04] Undefinied Stat id 806
[20:54:04] Undefinied Stat id 153
[20:54:04] Undefinied Stat id 10
[20:54:04] Undefinied Stat id 10
[20:54:04] An error occurred: Could not evaluate null: no value set for the variable.
[20:54:04] An error occurred: Could not evaluate null: no value set for the variable.
[20:54:12] An error occurred: Could not evaluate null: no value set for the variable.
[20:54:12] An error occurred: Could not evaluate null: no value set for the variable.
[20:54:26] An error occurred: Could not evaluate null: no value set for the variable.
[20:54:26] Undefinied Stat id 984
[20:54:26] Undefinied Stat id 981
[20:54:26] Undefinied Stat id 724
[20:54:26] An error occurred: Could not evaluate null: no value set for the variable.
[20:54:26] An error occurred: Could not evaluate null: no value set for the variable.
[20:54:26] An error occurred: Could not evaluate null: no value set for the variable.
[20:54:29] An error occurred: Could not evaluate null: no value set for the variable.
[20:54:29] An error occurred: Could not evaluate null: no value set for the variable.
