[08:55:55] MySQL Database Connected
[08:55:55] 16 Breeds catched
[08:55:55] 256 Heads catched
[08:55:55] 561 Effects catched
[08:56:03] 11260 DofusMaps catched
[08:56:03] 454 StatedElements catched
[08:56:03] 802 InteractiveElements catched
[08:56:03] 74 HouseInformations catched
[08:56:03] 120 InteractiveDoors catched
[08:56:04] 3614 MapPositions uncatched
[08:56:04] 14681 MapPositions catched
[08:56:04] 42 MapZaaps catched
[08:56:04] 15228 SpellLevels catched 
[08:56:05] 4772 Spells catched 
[08:56:05] 1179 LearnableSpells catched 
[08:56:05] 9780 ItemTemplates catched 
[08:56:05] 4489 Weapons catched 
[08:56:05] 363 ItemSets catched 
[08:56:05] 171 ItemTypes catched 
[08:56:06] 110 ItemPets catched 
[08:56:06] 2476 NpcTemplates catched 
[08:56:06] 138 NpcSpawns catched 
[08:56:06] 50 NpcItems catched 
[08:56:06] 19801 NpcMessages catched 
[08:56:06] 6 NpcReplies catched 
[08:56:06] 18 Triggers catched
[08:56:08] 43 Handlers Readed
[08:56:10] 49 Messages Readed
[08:56:10] WorldServer start in 16275 ms.
[09:23:05] MySQL Database Connected
[09:23:05] 16 Breeds catched
[09:23:05] 256 Heads catched
[09:23:05] 561 Effects catched
[09:23:13] 11260 DofusMaps catched
[09:23:13] 454 StatedElements catched
[09:23:13] 802 InteractiveElements catched
[09:23:13] 74 HouseInformations catched
[09:23:13] 120 InteractiveDoors catched
[09:23:13] 3614 MapPositions uncatched
[09:23:13] 14681 MapPositions catched
[09:23:13] 42 MapZaaps catched
[09:23:14] 15228 SpellLevels catched 
[09:23:14] 4772 Spells catched 
[09:23:14] 1179 LearnableSpells catched 
[09:23:14] 9780 ItemTemplates catched 
[09:23:14] 4489 Weapons catched 
[09:23:14] 363 ItemSets catched 
[09:23:14] 171 ItemTypes catched 
[09:23:14] 110 ItemPets catched 
[09:23:15] 2476 NpcTemplates catched 
[09:23:15] 138 NpcSpawns catched 
[09:23:15] 50 NpcItems catched 
[09:23:15] 19801 NpcMessages catched 
[09:23:15] 6 NpcReplies catched 
[09:23:15] 18 Triggers catched
[09:23:15] 43 Handlers Readed
[09:23:15] 49 Messages Readed
[09:23:15] WorldServer start in 11010 ms.
[09:27:33] MySQL Database Connected
[09:27:33] 16 Breeds catched
[09:27:33] 256 Heads catched
[09:27:33] 561 Effects catched
[09:27:46] 11260 DofusMaps catched
[09:27:46] 454 StatedElements catched
[09:27:46] 802 InteractiveElements catched
[09:27:46] 74 HouseInformations catched
[09:27:46] 120 InteractiveDoors catched
[09:27:46] 3614 MapPositions uncatched
[09:27:46] 14681 MapPositions catched
[09:27:46] 42 MapZaaps catched
[09:27:47] 15228 SpellLevels catched 
[09:27:47] 4772 Spells catched 
[09:27:47] 1179 LearnableSpells catched 
[09:27:47] 9780 ItemTemplates catched 
[09:27:48] 4489 Weapons catched 
[09:27:48] 363 ItemSets catched 
[09:27:48] 171 ItemTypes catched 
[09:27:48] 110 ItemPets catched 
[09:27:48] 2476 NpcTemplates catched 
[09:27:48] 138 NpcSpawns catched 
[09:27:48] 50 NpcItems catched 
[09:27:48] 19801 NpcMessages catched 
[09:27:48] 6 NpcReplies catched 
[09:27:48] 18 Triggers catched
[09:27:48] 43 Handlers Readed
[09:27:49] 49 Messages Readed
[09:27:49] WorldServer start in 15627 ms.
[10:20:30] MySQL Database Connected
[10:20:31] 16 Breeds catched
[10:20:31] 256 Heads catched
[10:20:31] 561 Effects catched
[10:20:56] MySQL Database Connected
[10:20:56] 16 Breeds catched
[10:20:56] 256 Heads catched
[10:20:56] 561 Effects catched
[10:21:17] MySQL Database Connected
[10:21:17] 16 Breeds catched
[10:21:17] 256 Heads catched
[10:21:17] 561 Effects catched
[10:21:54] MySQL Database Connected
[10:21:54] 16 Breeds catched
[10:21:54] 256 Heads catched
[10:21:54] 561 Effects catched
[10:22:32] MySQL Database Connected
[10:22:32] 16 Breeds catched
[10:22:32] 256 Heads catched
[10:22:32] 561 Effects catched
[10:23:35] MySQL Database Connected
[10:23:35] 16 Breeds catched
[10:23:35] 256 Heads catched
[10:23:35] 561 Effects catched
[10:23:44] 11260 DofusMaps catched
[10:23:44] 454 StatedElements catched
[10:23:44] 802 InteractiveElements catched
[10:23:44] 74 HouseInformations catched
[10:23:44] 120 InteractiveDoors catched
[10:23:44] 3614 MapPositions uncatched
[10:23:44] 14681 MapPositions catched
[10:23:44] 42 MapZaaps catched
[10:23:44] 15228 SpellLevels catched 
[10:23:44] 4772 Spells catched 
[10:23:44] 1179 LearnableSpells catched 
[10:23:45] 9780 ItemTemplates catched 
[10:23:45] 4489 Weapons catched 
[10:23:45] 363 ItemSets catched 
[10:23:45] 171 ItemTypes catched 
[10:23:45] 110 ItemPets catched 
[10:23:45] 2476 NpcTemplates catched 
[10:23:45] 138 NpcSpawns catched 
[10:23:45] 50 NpcItems catched 
[10:23:45] 19801 NpcMessages catched 
[10:23:45] 6 NpcReplies catched 
[10:23:45] 18 Triggers catched
[10:23:46] 43 Handlers Readed
[10:23:46] 49 Messages Readed
[10:23:46] WorldServer start in 10838 ms.
[10:26:53] MySQL Database Connected
[10:26:53] 16 Breeds catched
[10:26:53] 256 Heads catched
[10:26:53] 561 Effects catched
[10:27:02] 11260 DofusMaps catched
[10:27:02] 454 StatedElements catched
[10:27:02] 802 InteractiveElements catched
[10:27:02] 74 HouseInformations catched
[10:27:02] 120 InteractiveDoors catched
[10:27:02] 3614 MapPositions uncatched
[10:27:02] 14681 MapPositions catched
[10:27:02] 42 MapZaaps catched
[10:27:03] 15228 SpellLevels catched 
[10:27:03] 4772 Spells catched 
[10:27:03] 1179 LearnableSpells catched 
[10:27:03] 9780 ItemTemplates catched 
[10:27:04] 4489 Weapons catched 
[10:27:04] 363 ItemSets catched 
[10:27:04] 171 ItemTypes catched 
[10:27:04] 110 ItemPets catched 
[10:27:04] 2476 NpcTemplates catched 
[10:27:04] 138 NpcSpawns catched 
[10:27:04] 50 NpcItems catched 
[10:27:04] 19801 NpcMessages catched 
[10:27:04] 6 NpcReplies catched 
[10:27:04] 18 Triggers catched
[10:27:04] 43 Handlers Readed
[10:27:05] 49 Messages Readed
[10:27:05] WorldServer start in 12416 ms.
[11:43:28] MySQL Database Connected
[11:43:28] 16 Breeds catched
[11:43:28] 256 Heads catched
[11:43:28] 561 Effects catched
[11:43:36] 11260 DofusMaps catched
[11:43:36] 454 StatedElements catched
[11:43:36] 802 InteractiveElements catched
[11:43:36] 74 HouseInformations catched
[11:43:36] 120 InteractiveDoors catched
[11:43:36] 3614 MapPositions uncatched
[11:43:36] 14681 MapPositions catched
[11:43:36] 42 MapZaaps catched
[11:43:36] 15228 SpellLevels catched 
[11:43:37] 4772 Spells catched 
[11:43:37] 1179 LearnableSpells catched 
[11:43:37] 9780 ItemTemplates catched 
[11:43:37] 4489 Weapons catched 
[11:43:37] 363 ItemSets catched 
[11:43:37] 171 ItemTypes catched 
[11:43:37] 110 ItemPets catched 
[11:43:37] 2476 NpcTemplates catched 
[11:43:37] 138 NpcSpawns catched 
[11:43:37] 50 NpcItems catched 
[11:43:38] 19801 NpcMessages catched 
[11:43:38] 6 NpcReplies catched 
[11:43:38] 18 Triggers catched
[11:43:38] 43 Handlers Readed
[11:43:38] 49 Messages Readed
[11:43:38] WorldServer start in 10976 ms.
[11:47:44] MySQL Database Connected
[11:47:45] 16 Breeds catched
[11:47:45] 256 Heads catched
[11:47:45] 561 Effects catched
[11:47:53] 11260 DofusMaps catched
[11:47:53] 454 StatedElements catched
[11:47:53] 802 InteractiveElements catched
[11:47:53] 74 HouseInformations catched
[11:47:53] 120 InteractiveDoors catched
[11:47:54] 3614 MapPositions uncatched
[11:47:54] 14681 MapPositions catched
[11:47:54] 42 MapZaaps catched
[11:47:54] 15228 SpellLevels catched 
[11:47:54] 4772 Spells catched 
[11:47:54] 1179 LearnableSpells catched 
[11:47:55] 9780 ItemTemplates catched 
[11:47:55] 4489 Weapons catched 
[11:47:55] 363 ItemSets catched 
[11:47:55] 171 ItemTypes catched 
[11:47:55] 110 ItemPets catched 
[11:47:55] 2476 NpcTemplates catched 
[11:47:55] 138 NpcSpawns catched 
[11:47:55] 50 NpcItems catched 
[11:47:56] 19801 NpcMessages catched 
[11:47:56] 6 NpcReplies catched 
[11:47:56] 18 Triggers catched
[11:47:56] 43 Handlers Readed
[11:47:56] 49 Messages Readed
[11:47:56] WorldServer start in 12194 ms.
[12:14:00] MySQL Database Connected
[12:14:00] 16 Breeds catched
[12:14:00] 256 Heads catched
[12:14:00] 561 Effects catched
[12:14:10] 11260 DofusMaps catched
[12:14:10] 454 StatedElements catched
[12:14:10] 802 InteractiveElements catched
[12:14:10] 74 HouseInformations catched
[12:14:10] 120 InteractiveDoors catched
[12:14:10] 3614 MapPositions uncatched
[12:14:10] 14681 MapPositions catched
[12:14:10] 42 MapZaaps catched
[12:14:11] 15228 SpellLevels catched 
[12:14:11] 4772 Spells catched 
[12:14:11] 1179 LearnableSpells catched 
[12:14:12] 9780 ItemTemplates catched 
[12:14:12] 4489 Weapons catched 
[12:14:12] 363 ItemSets catched 
[12:14:12] 171 ItemTypes catched 
[12:14:12] 110 ItemPets catched 
[12:14:12] 2476 NpcTemplates catched 
[12:14:12] 138 NpcSpawns catched 
[12:14:12] 50 NpcItems catched 
[12:14:12] 19801 NpcMessages catched 
[12:14:12] 6 NpcReplies catched 
[12:14:12] 18 Triggers catched
[12:14:13] 44 Handlers Readed
[12:14:13] 50 Messages Readed
[12:14:13] WorldServer start in 13678 ms.
[12:18:43] MySQL Database Connected
[12:18:43] 16 Breeds catched
[12:18:43] 256 Heads catched
[12:18:43] 561 Effects catched
[12:18:51] 11260 DofusMaps catched
[12:18:51] 454 StatedElements catched
[12:18:51] 802 InteractiveElements catched
[12:18:51] 74 HouseInformations catched
[12:18:51] 120 InteractiveDoors catched
[12:18:51] 3614 MapPositions uncatched
[12:18:51] 14681 MapPositions catched
[12:18:51] 42 MapZaaps catched
[12:18:51] 15228 SpellLevels catched 
[12:18:51] 4772 Spells catched 
[12:18:51] 1179 LearnableSpells catched 
[12:18:52] 9780 ItemTemplates catched 
[12:18:52] 4489 Weapons catched 
[12:18:52] 363 ItemSets catched 
[12:18:52] 171 ItemTypes catched 
[12:18:52] 110 ItemPets catched 
[12:18:52] 2476 NpcTemplates catched 
[12:18:52] 138 NpcSpawns catched 
[12:18:52] 50 NpcItems catched 
[12:18:52] 19801 NpcMessages catched 
[12:18:52] 6 NpcReplies catched 
[12:18:52] 18 Triggers catched
[12:18:53] 44 Handlers Readed
[12:18:53] 50 Messages Readed
[12:18:53] WorldServer start in 10580 ms.
[12:25:35] MySQL Database Connected
[12:25:35] 16 Breeds catched
[12:25:35] 256 Heads catched
[12:25:35] 561 Effects catched
[12:25:43] 11260 DofusMaps catched
[12:25:43] 454 StatedElements catched
[12:25:43] 802 InteractiveElements catched
[12:25:43] 74 HouseInformations catched
[12:25:43] 120 InteractiveDoors catched
[12:25:43] 3614 MapPositions uncatched
[12:25:43] 14681 MapPositions catched
[12:25:43] 42 MapZaaps catched
[12:25:43] 15228 SpellLevels catched 
[12:25:43] 4772 Spells catched 
[12:25:43] 1179 LearnableSpells catched 
[12:25:43] 9780 ItemTemplates catched 
[12:25:44] 4489 Weapons catched 
[12:25:44] 363 ItemSets catched 
[12:25:44] 171 ItemTypes catched 
[12:25:44] 110 ItemPets catched 
[12:25:44] 2476 NpcTemplates catched 
[12:25:44] 138 NpcSpawns catched 
[12:25:44] 50 NpcItems catched 
[12:25:44] 19801 NpcMessages catched 
[12:25:44] 6 NpcReplies catched 
[12:25:44] 18 Triggers catched
[12:25:45] 44 Handlers Readed
[12:25:45] 50 Messages Readed
[12:25:45] WorldServer start in 10450 ms.
[12:26:50] MySQL Database Connected
[12:26:50] 16 Breeds catched
[12:26:50] 256 Heads catched
[12:26:50] 561 Effects catched
[12:26:57] 11260 DofusMaps catched
[12:26:57] 454 StatedElements catched
[12:26:58] 802 InteractiveElements catched
[12:26:58] 74 HouseInformations catched
[12:26:58] 120 InteractiveDoors catched
[12:26:58] 3614 MapPositions uncatched
[12:26:58] 14681 MapPositions catched
[12:26:58] 42 MapZaaps catched
[12:26:58] 15228 SpellLevels catched 
[12:26:58] 4772 Spells catched 
[12:26:58] 1179 LearnableSpells catched 
[12:26:58] 9780 ItemTemplates catched 
[12:26:58] 4489 Weapons catched 
[12:26:58] 363 ItemSets catched 
[12:26:58] 171 ItemTypes catched 
[12:26:58] 110 ItemPets catched 
[12:26:59] 2476 NpcTemplates catched 
[12:26:59] 138 NpcSpawns catched 
[12:26:59] 50 NpcItems catched 
[12:26:59] 19801 NpcMessages catched 
[12:26:59] 6 NpcReplies catched 
[12:26:59] 18 Triggers catched
[12:26:59] 44 Handlers Readed
[12:26:59] 50 Messages Readed
[12:27:00] WorldServer start in 10068 ms.
[12:28:26] MySQL Database Connected
[12:28:26] 16 Breeds catched
[12:28:26] 256 Heads catched
[12:28:26] 561 Effects catched
[12:28:34] 11260 DofusMaps catched
[12:28:34] 454 StatedElements catched
[12:28:34] 802 InteractiveElements catched
[12:28:34] 74 HouseInformations catched
[12:28:34] 120 InteractiveDoors catched
[12:28:34] 3614 MapPositions uncatched
[12:28:34] 14681 MapPositions catched
[12:28:34] 42 MapZaaps catched
[12:28:34] 15228 SpellLevels catched 
[12:28:34] 4772 Spells catched 
[12:28:34] 1179 LearnableSpells catched 
[12:28:35] 9780 ItemTemplates catched 
[12:28:35] 4489 Weapons catched 
[12:28:35] 363 ItemSets catched 
[12:28:35] 171 ItemTypes catched 
[12:28:35] 110 ItemPets catched 
[12:28:35] 2476 NpcTemplates catched 
[12:28:35] 138 NpcSpawns catched 
[12:28:35] 50 NpcItems catched 
[12:28:35] 19801 NpcMessages catched 
[12:28:35] 6 NpcReplies catched 
[12:28:35] 18 Triggers catched
[12:28:36] 44 Handlers Readed
[12:28:36] 50 Messages Readed
[12:28:36] WorldServer start in 10079 ms.
[12:29:36] MySQL Database Connected
[12:29:36] 16 Breeds catched
[12:29:36] 256 Heads catched
[12:29:36] 561 Effects catched
[12:29:44] 11260 DofusMaps catched
[12:29:44] 454 StatedElements catched
[12:29:44] 802 InteractiveElements catched
[12:29:44] 74 HouseInformations catched
[12:29:44] 120 InteractiveDoors catched
[12:29:44] 3614 MapPositions uncatched
[12:29:44] 14681 MapPositions catched
[12:29:44] 42 MapZaaps catched
[12:29:45] 15228 SpellLevels catched 
[12:29:45] 4772 Spells catched 
[12:29:45] 1179 LearnableSpells catched 
[12:29:45] 9780 ItemTemplates catched 
[12:29:45] 4489 Weapons catched 
[12:29:45] 363 ItemSets catched 
[12:29:45] 171 ItemTypes catched 
[12:29:45] 110 ItemPets catched 
[12:29:46] 2476 NpcTemplates catched 
[12:29:46] 138 NpcSpawns catched 
[12:29:46] 50 NpcItems catched 
[12:29:46] 19801 NpcMessages catched 
[12:29:46] 6 NpcReplies catched 
[12:29:46] 18 Triggers catched
[12:29:46] 44 Handlers Readed
[12:29:46] 50 Messages Readed
[12:29:47] WorldServer start in 10460 ms.
[12:30:08] MySQL Database Connected
[12:30:08] 16 Breeds catched
[12:30:08] 256 Heads catched
[12:30:08] 561 Effects catched
[12:30:16] 11260 DofusMaps catched
[12:30:16] 454 StatedElements catched
[12:30:16] 802 InteractiveElements catched
[12:30:16] 74 HouseInformations catched
[12:30:16] 120 InteractiveDoors catched
[12:30:17] 3614 MapPositions uncatched
[12:30:17] 14681 MapPositions catched
[12:30:17] 42 MapZaaps catched
[12:30:17] 15228 SpellLevels catched 
[12:30:17] 4772 Spells catched 
[12:30:17] 1179 LearnableSpells catched 
[12:30:17] 9780 ItemTemplates catched 
[12:30:17] 4489 Weapons catched 
[12:30:17] 363 ItemSets catched 
[12:30:17] 171 ItemTypes catched 
[12:30:17] 110 ItemPets catched 
[12:30:18] 2476 NpcTemplates catched 
[12:30:18] 138 NpcSpawns catched 
[12:30:18] 50 NpcItems catched 
[12:30:18] 19801 NpcMessages catched 
[12:30:18] 6 NpcReplies catched 
[12:30:18] 18 Triggers catched
[12:30:18] 44 Handlers Readed
[12:30:18] 50 Messages Readed
[12:30:19] WorldServer start in 10500 ms.
[12:30:46] MySQL Database Connected
[12:30:47] 16 Breeds catched
[12:30:47] 256 Heads catched
[12:30:47] 561 Effects catched
[12:30:54] 11260 DofusMaps catched
[12:30:54] 454 StatedElements catched
[12:30:54] 802 InteractiveElements catched
[12:30:54] 74 HouseInformations catched
[12:30:54] 120 InteractiveDoors catched
[12:30:54] 3614 MapPositions uncatched
[12:30:54] 14681 MapPositions catched
[12:30:54] 42 MapZaaps catched
[12:30:55] 15228 SpellLevels catched 
[12:30:55] 4772 Spells catched 
[12:30:55] 1179 LearnableSpells catched 
[12:30:55] 9780 ItemTemplates catched 
[12:30:55] 4489 Weapons catched 
[12:30:55] 363 ItemSets catched 
[12:30:55] 171 ItemTypes catched 
[12:30:55] 110 ItemPets catched 
[12:30:56] 2476 NpcTemplates catched 
[12:30:56] 138 NpcSpawns catched 
[12:30:56] 50 NpcItems catched 
[12:30:56] 19801 NpcMessages catched 
[12:30:56] 6 NpcReplies catched 
[12:30:56] 18 Triggers catched
[12:30:56] 44 Handlers Readed
[12:30:56] 50 Messages Readed
[12:30:56] WorldServer start in 10222 ms.
[18:54:05] MySQL Database Connected
[18:54:06] 16 Breeds catched
[18:54:06] 256 Heads catched
[18:54:06] 561 Effects catched
[18:54:15] 11260 DofusMaps catched
[18:54:15] 454 StatedElements catched
[18:54:15] 802 InteractiveElements catched
[18:54:15] 74 HouseInformations catched
[18:54:15] 120 InteractiveDoors catched
[18:54:15] 3614 MapPositions uncatched
[18:54:15] 14681 MapPositions catched
[18:54:16] 42 MapZaaps catched
[18:54:16] 15228 SpellLevels catched 
[18:54:16] 4772 Spells catched 
[18:54:16] 1179 LearnableSpells catched 
[18:54:16] 9780 ItemTemplates catched 
[18:54:16] 4489 Weapons catched 
[18:54:16] 363 ItemSets catched 
[18:54:16] 171 ItemTypes catched 
[18:54:16] 110 ItemPets catched 
[18:54:17] 2476 NpcTemplates catched 
[18:54:17] 138 NpcSpawns catched 
[18:54:17] 50 NpcItems catched 
[18:54:17] 19801 NpcMessages catched 
[18:54:17] 6 NpcReplies catched 
[18:54:17] 18 Triggers catched
[18:54:19] 44 Handlers Readed
[18:54:20] 54 Messages Readed
[18:54:20] WorldServer start in 14619 ms.
[18:56:20] MySQL Database Connected
[18:56:20] 16 Breeds catched
[18:56:20] 256 Heads catched
[18:56:20] 561 Effects catched
[18:56:32] 11260 DofusMaps catched
[18:56:32] 454 StatedElements catched
[18:56:32] 802 InteractiveElements catched
[18:56:32] 74 HouseInformations catched
[18:56:32] 120 InteractiveDoors catched
[18:56:32] 3614 MapPositions uncatched
[18:56:32] 14681 MapPositions catched
[18:56:32] 42 MapZaaps catched
[18:56:32] 15228 SpellLevels catched 
[18:56:32] 4772 Spells catched 
[18:56:32] 1179 LearnableSpells catched 
[18:56:33] 9780 ItemTemplates catched 
[18:56:33] 4489 Weapons catched 
[18:56:33] 363 ItemSets catched 
[18:56:33] 171 ItemTypes catched 
[18:56:33] 110 ItemPets catched 
[18:56:33] 2476 NpcTemplates catched 
[18:56:33] 138 NpcSpawns catched 
[18:56:33] 50 NpcItems catched 
[18:56:33] 19801 NpcMessages catched 
[18:56:33] 6 NpcReplies catched 
[18:56:33] 18 Triggers catched
[18:56:34] 44 Handlers Readed
[18:56:34] 54 Messages Readed
[18:56:34] WorldServer start in 14351 ms.
[18:58:04] MySQL Database Connected
[18:58:04] 16 Breeds catched
[18:58:04] 256 Heads catched
[18:58:04] 561 Effects catched
[18:58:13] 11260 DofusMaps catched
[18:58:13] 454 StatedElements catched
[18:58:13] 802 InteractiveElements catched
[18:58:13] 74 HouseInformations catched
[18:58:13] 120 InteractiveDoors catched
[18:58:13] 3614 MapPositions uncatched
[18:58:13] 14681 MapPositions catched
[18:58:13] 42 MapZaaps catched
[18:58:13] 15228 SpellLevels catched 
[18:58:13] 4772 Spells catched 
[18:58:13] 1179 LearnableSpells catched 
[18:58:14] 9780 ItemTemplates catched 
[18:58:14] 4489 Weapons catched 
[18:58:14] 363 ItemSets catched 
[18:58:14] 171 ItemTypes catched 
[18:58:14] 110 ItemPets catched 
[18:58:14] 2476 NpcTemplates catched 
[18:58:14] 138 NpcSpawns catched 
[18:58:14] 50 NpcItems catched 
[18:58:14] 19801 NpcMessages catched 
[18:58:14] 6 NpcReplies catched 
[18:58:14] 18 Triggers catched
[18:58:15] 44 Handlers Readed
[18:58:15] 54 Messages Readed
[18:58:15] WorldServer start in 11707 ms.
[19:00:46] MySQL Database Connected
[19:00:46] 16 Breeds catched
[19:00:46] 256 Heads catched
[19:00:46] 561 Effects catched
[19:00:56] 11260 DofusMaps catched
[19:00:56] 454 StatedElements catched
[19:00:56] 802 InteractiveElements catched
[19:00:56] 74 HouseInformations catched
[19:00:56] 120 InteractiveDoors catched
[19:00:56] 3614 MapPositions uncatched
[19:00:56] 14681 MapPositions catched
[19:00:56] 42 MapZaaps catched
[19:00:56] 15228 SpellLevels catched 
[19:00:56] 4772 Spells catched 
[19:00:56] 1179 LearnableSpells catched 
[19:00:57] 9780 ItemTemplates catched 
[19:00:57] 4489 Weapons catched 
[19:00:57] 363 ItemSets catched 
[19:00:57] 171 ItemTypes catched 
[19:00:57] 110 ItemPets catched 
[19:00:57] 2476 NpcTemplates catched 
[19:00:57] 138 NpcSpawns catched 
[19:00:57] 50 NpcItems catched 
[19:00:57] 19801 NpcMessages catched 
[19:00:57] 6 NpcReplies catched 
[19:00:57] 18 Triggers catched
[19:00:58] 44 Handlers Readed
[19:00:58] 54 Messages Readed
[19:00:58] WorldServer start in 12016 ms.
[19:02:10] MySQL Database Connected
[19:02:10] 16 Breeds catched
[19:02:10] 256 Heads catched
[19:02:10] 561 Effects catched
[19:02:19] 11260 DofusMaps catched
[19:02:19] 454 StatedElements catched
[19:02:19] 802 InteractiveElements catched
[19:02:19] 74 HouseInformations catched
[19:02:19] 120 InteractiveDoors catched
[19:02:19] 3614 MapPositions uncatched
[19:02:19] 14681 MapPositions catched
[19:02:19] 42 MapZaaps catched
[19:02:19] 15228 SpellLevels catched 
[19:02:19] 4772 Spells catched 
[19:02:19] 1179 LearnableSpells catched 
[19:02:20] 9780 ItemTemplates catched 
[19:02:20] 4489 Weapons catched 
[19:02:20] 363 ItemSets catched 
[19:02:20] 171 ItemTypes catched 
[19:02:20] 110 ItemPets catched 
[19:02:20] 2476 NpcTemplates catched 
[19:02:20] 138 NpcSpawns catched 
[19:02:20] 50 NpcItems catched 
[19:02:20] 19801 NpcMessages catched 
[19:02:20] 6 NpcReplies catched 
[19:02:20] 18 Triggers catched
[19:02:21] 44 Handlers Readed
[19:02:21] 54 Messages Readed
[19:02:21] WorldServer start in 11502 ms.
[19:05:57] MySQL Database Connected
[19:05:57] 16 Breeds catched
[19:05:57] 256 Heads catched
[19:05:57] 561 Effects catched
[19:06:05] 11260 DofusMaps catched
[19:06:05] 454 StatedElements catched
[19:06:05] 802 InteractiveElements catched
[19:06:05] 74 HouseInformations catched
[19:06:05] 120 InteractiveDoors catched
[19:06:06] 3614 MapPositions uncatched
[19:06:06] 14681 MapPositions catched
[19:06:06] 42 MapZaaps catched
[19:06:06] 15228 SpellLevels catched 
[19:06:06] 4772 Spells catched 
[19:06:06] 1179 LearnableSpells catched 
[19:06:06] 9780 ItemTemplates catched 
[19:06:06] 4489 Weapons catched 
[19:06:06] 363 ItemSets catched 
[19:06:06] 171 ItemTypes catched 
[19:06:06] 110 ItemPets catched 
[19:06:07] 2476 NpcTemplates catched 
[19:06:07] 138 NpcSpawns catched 
[19:06:07] 50 NpcItems catched 
[19:06:07] 19801 NpcMessages catched 
[19:06:07] 6 NpcReplies catched 
[19:06:07] 18 Triggers catched
[19:06:07] 44 Handlers Readed
[19:06:07] 54 Messages Readed
[19:06:07] WorldServer start in 10427 ms.
[19:09:40] MySQL Database Connected
[19:09:40] 16 Breeds catched
[19:09:40] 256 Heads catched
[19:09:40] 561 Effects catched
[19:09:50] 11260 DofusMaps catched
[19:09:50] 454 StatedElements catched
[19:09:50] 802 InteractiveElements catched
[19:09:50] 74 HouseInformations catched
[19:09:50] 120 InteractiveDoors catched
[19:09:50] 3614 MapPositions uncatched
[19:09:50] 14681 MapPositions catched
[19:09:50] 42 MapZaaps catched
[19:09:51] 15228 SpellLevels catched 
[19:09:51] 4772 Spells catched 
[19:09:51] 1179 LearnableSpells catched 
[19:09:51] 9780 ItemTemplates catched 
[19:09:51] 4489 Weapons catched 
[19:09:51] 363 ItemSets catched 
[19:09:51] 171 ItemTypes catched 
[19:09:51] 110 ItemPets catched 
[19:09:52] 2476 NpcTemplates catched 
[19:09:52] 138 NpcSpawns catched 
[19:09:52] 50 NpcItems catched 
[19:09:52] 19801 NpcMessages catched 
[19:09:52] 6 NpcReplies catched 
[19:09:52] 18 Triggers catched
[19:09:52] 44 Handlers Readed
[19:09:52] 54 Messages Readed
[19:09:52] WorldServer start in 12374 ms.
[19:11:24] MySQL Database Connected
[19:11:24] 16 Breeds catched
[19:11:24] 256 Heads catched
[19:11:24] 561 Effects catched
[19:11:32] 11260 DofusMaps catched
[19:11:32] 454 StatedElements catched
[19:11:32] 802 InteractiveElements catched
[19:11:32] 74 HouseInformations catched
[19:11:32] 120 InteractiveDoors catched
[19:11:32] 3614 MapPositions uncatched
[19:11:32] 14681 MapPositions catched
[19:11:32] 42 MapZaaps catched
[19:11:32] 15228 SpellLevels catched 
[19:11:32] 4772 Spells catched 
[19:11:32] 1179 LearnableSpells catched 
[19:11:33] 9780 ItemTemplates catched 
[19:11:33] 4489 Weapons catched 
[19:11:33] 363 ItemSets catched 
[19:11:33] 171 ItemTypes catched 
[19:11:33] 110 ItemPets catched 
[19:11:33] 2476 NpcTemplates catched 
[19:11:33] 138 NpcSpawns catched 
[19:11:33] 50 NpcItems catched 
[19:11:33] 19801 NpcMessages catched 
[19:11:33] 6 NpcReplies catched 
[19:11:33] 18 Triggers catched
[19:11:34] 44 Handlers Readed
[19:11:34] 54 Messages Readed
[19:11:34] WorldServer start in 10147 ms.
[19:12:54] MySQL Database Connected
[19:12:54] 16 Breeds catched
[19:12:54] 256 Heads catched
[19:12:54] 561 Effects catched
[19:13:08] 11260 DofusMaps catched
[19:13:08] 454 StatedElements catched
[19:13:08] 802 InteractiveElements catched
[19:13:08] 74 HouseInformations catched
[19:13:08] 120 InteractiveDoors catched
[19:13:09] 3614 MapPositions uncatched
[19:13:09] 14681 MapPositions catched
[19:13:09] 42 MapZaaps catched
[19:13:10] 15228 SpellLevels catched 
[19:13:10] 4772 Spells catched 
[19:13:10] 1179 LearnableSpells catched 
[19:13:11] 9780 ItemTemplates catched 
[19:13:11] 4489 Weapons catched 
[19:13:11] 363 ItemSets catched 
[19:13:11] 171 ItemTypes catched 
[19:13:11] 110 ItemPets catched 
[19:13:11] 2476 NpcTemplates catched 
[19:13:11] 138 NpcSpawns catched 
[19:13:11] 50 NpcItems catched 
[19:13:11] 19801 NpcMessages catched 
[19:13:11] 6 NpcReplies catched 
[19:13:11] 18 Triggers catched
[19:13:12] 44 Handlers Readed
[19:13:12] 54 Messages Readed
[19:13:12] WorldServer start in 17994 ms.
[19:16:18] MySQL Database Connected
[19:16:18] 16 Breeds catched
[19:16:18] 256 Heads catched
[19:16:18] 561 Effects catched
[19:16:27] 11260 DofusMaps catched
[19:16:27] 454 StatedElements catched
[19:16:27] 802 InteractiveElements catched
[19:16:27] 74 HouseInformations catched
[19:16:27] 120 InteractiveDoors catched
[19:16:27] 3614 MapPositions uncatched
[19:16:27] 14681 MapPositions catched
[19:16:27] 42 MapZaaps catched
[19:16:28] 15228 SpellLevels catched 
[19:16:28] 4772 Spells catched 
[19:16:28] 1179 LearnableSpells catched 
[19:16:28] 9780 ItemTemplates catched 
[19:16:28] 4489 Weapons catched 
[19:16:28] 363 ItemSets catched 
[19:16:28] 171 ItemTypes catched 
[19:16:28] 110 ItemPets catched 
[19:16:29] 2476 NpcTemplates catched 
[19:16:29] 138 NpcSpawns catched 
[19:16:29] 50 NpcItems catched 
[19:16:29] 19801 NpcMessages catched 
[19:16:29] 6 NpcReplies catched 
[19:16:29] 18 Triggers catched
[19:16:29] 44 Handlers Readed
[19:16:29] 54 Messages Readed
[19:16:29] WorldServer start in 11312 ms.
[19:17:34] MySQL Database Connected
[19:17:34] 16 Breeds catched
[19:17:34] 256 Heads catched
[19:17:34] 561 Effects catched
[19:17:42] 11260 DofusMaps catched
[19:17:42] 454 StatedElements catched
[19:17:42] 802 InteractiveElements catched
[19:17:42] 74 HouseInformations catched
[19:17:42] 120 InteractiveDoors catched
[19:17:42] 3614 MapPositions uncatched
[19:17:42] 14681 MapPositions catched
[19:17:42] 42 MapZaaps catched
[19:17:42] 15228 SpellLevels catched 
[19:17:43] 4772 Spells catched 
[19:17:43] 1179 LearnableSpells catched 
[19:17:43] 9780 ItemTemplates catched 
[19:17:43] 4489 Weapons catched 
[19:17:43] 363 ItemSets catched 
[19:17:43] 171 ItemTypes catched 
[19:17:43] 110 ItemPets catched 
[19:17:43] 2476 NpcTemplates catched 
[19:17:43] 138 NpcSpawns catched 
[19:17:43] 50 NpcItems catched 
[19:17:43] 19801 NpcMessages catched 
[19:17:43] 6 NpcReplies catched 
[19:17:43] 18 Triggers catched
[19:17:44] 44 Handlers Readed
[19:17:44] 54 Messages Readed
[19:17:44] WorldServer start in 10346 ms.
[19:18:26] MySQL Database Connected
[19:18:26] 16 Breeds catched
[19:18:26] 256 Heads catched
[19:18:26] 561 Effects catched
[19:18:34] 11260 DofusMaps catched
[19:18:34] 454 StatedElements catched
[19:18:34] 802 InteractiveElements catched
[19:18:34] 74 HouseInformations catched
[19:18:34] 120 InteractiveDoors catched
[19:18:34] 3614 MapPositions uncatched
[19:18:34] 14681 MapPositions catched
[19:18:34] 42 MapZaaps catched
[19:18:35] 15228 SpellLevels catched 
[19:18:35] 4772 Spells catched 
[19:18:35] 1179 LearnableSpells catched 
[19:18:35] 9780 ItemTemplates catched 
[19:18:35] 4489 Weapons catched 
[19:18:35] 363 ItemSets catched 
[19:18:35] 171 ItemTypes catched 
[19:18:35] 110 ItemPets catched 
[19:18:35] 2476 NpcTemplates catched 
[19:18:35] 138 NpcSpawns catched 
[19:18:35] 50 NpcItems catched 
[19:18:36] 19801 NpcMessages catched 
[19:18:36] 6 NpcReplies catched 
[19:18:36] 18 Triggers catched
[19:18:36] 44 Handlers Readed
[19:18:36] 54 Messages Readed
[19:18:36] WorldServer start in 10199 ms.
[19:19:30] MySQL Database Connected
[19:19:30] 16 Breeds catched
[19:19:30] 256 Heads catched
[19:19:30] 561 Effects catched
[19:20:03] MySQL Database Connected
[19:20:03] 16 Breeds catched
[19:20:03] 256 Heads catched
[19:20:03] 561 Effects catched
[19:20:26] 11260 DofusMaps catched
[19:20:26] 454 StatedElements catched
[19:20:26] 802 InteractiveElements catched
[19:20:26] 74 HouseInformations catched
[19:20:26] 120 InteractiveDoors catched
[19:20:27] 3614 MapPositions uncatched
[19:20:27] 14681 MapPositions catched
[19:20:27] 42 MapZaaps catched
[19:20:27] 15228 SpellLevels catched 
[19:20:27] 4772 Spells catched 
[19:20:27] 1179 LearnableSpells catched 
[19:20:27] 9780 ItemTemplates catched 
[19:20:27] 4489 Weapons catched 
[19:20:27] 363 ItemSets catched 
[19:20:27] 171 ItemTypes catched 
[19:20:27] 110 ItemPets catched 
[19:20:28] 2476 NpcTemplates catched 
[19:20:28] 138 NpcSpawns catched 
[19:20:28] 50 NpcItems catched 
[19:20:28] 19801 NpcMessages catched 
[19:20:28] 6 NpcReplies catched 
[19:20:28] 18 Triggers catched
[19:20:28] 44 Handlers Readed
[19:20:28] 54 Messages Readed
[19:20:29] WorldServer start in 25457 ms.
[19:22:40] MySQL Database Connected
[19:22:40] 16 Breeds catched
[19:22:40] 256 Heads catched
[19:22:40] 561 Effects catched
[19:22:49] 11260 DofusMaps catched
[19:22:49] 454 StatedElements catched
[19:22:49] 802 InteractiveElements catched
[19:22:49] 74 HouseInformations catched
[19:22:49] 120 InteractiveDoors catched
[19:22:50] 3614 MapPositions uncatched
[19:22:50] 14681 MapPositions catched
[19:22:50] 42 MapZaaps catched
[19:22:50] 15228 SpellLevels catched 
[19:22:50] 4772 Spells catched 
[19:22:50] 1179 LearnableSpells catched 
[19:22:50] 9780 ItemTemplates catched 
[19:22:50] 4489 Weapons catched 
[19:22:50] 363 ItemSets catched 
[19:22:50] 171 ItemTypes catched 
[19:22:50] 110 ItemPets catched 
[19:22:51] 2476 NpcTemplates catched 
[19:22:51] 138 NpcSpawns catched 
[19:22:51] 50 NpcItems catched 
[19:22:51] 19801 NpcMessages catched 
[19:22:51] 6 NpcReplies catched 
[19:22:51] 18 Triggers catched
[19:22:51] 44 Handlers Readed
[19:22:51] 54 Messages Readed
[19:22:52] WorldServer start in 11508 ms.
[19:26:55] MySQL Database Connected
[19:26:55] 16 Breeds catched
[19:26:55] 256 Heads catched
[19:26:55] 561 Effects catched
[19:27:08] 11260 DofusMaps catched
[19:27:08] 454 StatedElements catched
[19:27:08] 802 InteractiveElements catched
[19:27:08] 74 HouseInformations catched
[19:27:08] 120 InteractiveDoors catched
[19:27:08] 3614 MapPositions uncatched
[19:27:08] 14681 MapPositions catched
[19:27:08] 42 MapZaaps catched
[19:27:08] 15228 SpellLevels catched 
[19:27:08] 4772 Spells catched 
[19:27:08] 1179 LearnableSpells catched 
[19:27:08] 9780 ItemTemplates catched 
[19:27:09] 4489 Weapons catched 
[19:27:09] 363 ItemSets catched 
[19:27:09] 171 ItemTypes catched 
[19:27:09] 110 ItemPets catched 
[19:27:09] 2476 NpcTemplates catched 
[19:27:09] 138 NpcSpawns catched 
[19:27:09] 50 NpcItems catched 
[19:27:09] 19801 NpcMessages catched 
[19:27:09] 6 NpcReplies catched 
[19:27:09] 18 Triggers catched
[19:27:09] 44 Handlers Readed
[19:27:10] 54 Messages Readed
[19:27:10] WorldServer start in 15146 ms.
[19:31:17] MySQL Database Connected
[19:31:17] 16 Breeds catched
[19:31:17] 256 Heads catched
[19:31:17] 561 Effects catched
[19:31:25] 11260 DofusMaps catched
[19:31:25] 454 StatedElements catched
[19:31:25] 802 InteractiveElements catched
[19:31:25] 74 HouseInformations catched
[19:31:25] 120 InteractiveDoors catched
[19:31:26] 3614 MapPositions uncatched
[19:31:26] 14681 MapPositions catched
[19:31:26] 42 MapZaaps catched
[19:31:26] 15228 SpellLevels catched 
[19:31:26] 4772 Spells catched 
[19:31:26] 1179 LearnableSpells catched 
[19:31:26] 9780 ItemTemplates catched 
[19:31:26] 4489 Weapons catched 
[19:31:26] 363 ItemSets catched 
[19:31:26] 171 ItemTypes catched 
[19:31:26] 110 ItemPets catched 
[19:31:27] 2476 NpcTemplates catched 
[19:31:27] 138 NpcSpawns catched 
[19:31:27] 50 NpcItems catched 
[19:31:27] 19801 NpcMessages catched 
[19:31:27] 6 NpcReplies catched 
[19:31:27] 18 Triggers catched
[19:31:27] 44 Handlers Readed
[19:31:27] 54 Messages Readed
[19:31:28] WorldServer start in 11075 ms.
[19:33:43] MySQL Database Connected
[19:33:43] 16 Breeds catched
[19:33:43] 256 Heads catched
[19:33:43] 561 Effects catched
[19:33:53] 11260 DofusMaps catched
[19:33:53] 454 StatedElements catched
[19:33:53] 802 InteractiveElements catched
[19:33:53] 74 HouseInformations catched
[19:33:53] 120 InteractiveDoors catched
[19:33:53] 3614 MapPositions uncatched
[19:33:53] 14681 MapPositions catched
[19:33:53] 42 MapZaaps catched
[19:33:54] 15228 SpellLevels catched 
[19:33:54] 4772 Spells catched 
[19:33:54] 1179 LearnableSpells catched 
[19:33:54] 9780 ItemTemplates catched 
[19:33:54] 4489 Weapons catched 
[19:33:54] 363 ItemSets catched 
[19:33:54] 171 ItemTypes catched 
[19:33:54] 110 ItemPets catched 
[19:33:55] 2476 NpcTemplates catched 
[19:33:55] 138 NpcSpawns catched 
[19:33:55] 50 NpcItems catched 
[19:33:55] 19801 NpcMessages catched 
[19:33:55] 6 NpcReplies catched 
[19:33:55] 18 Triggers catched
[19:33:55] 44 Handlers Readed
[19:33:55] 54 Messages Readed
[19:33:55] WorldServer start in 12563 ms.
[19:45:35] MySQL Database Connected
[19:45:35] 16 Breeds catched
[19:45:35] 256 Heads catched
[19:45:35] 561 Effects catched
[19:45:43] 11260 DofusMaps catched
[19:45:43] 454 StatedElements catched
[19:45:43] 802 InteractiveElements catched
[19:45:43] 74 HouseInformations catched
[19:45:43] 120 InteractiveDoors catched
[19:45:43] 3614 MapPositions uncatched
[19:45:43] 14681 MapPositions catched
[19:45:43] 42 MapZaaps catched
[19:45:44] 15228 SpellLevels catched 
[19:45:44] 4772 Spells catched 
[19:45:44] 1179 LearnableSpells catched 
[19:45:44] 9780 ItemTemplates catched 
[19:45:44] 4489 Weapons catched 
[19:45:44] 363 ItemSets catched 
[19:45:44] 171 ItemTypes catched 
[19:45:44] 110 ItemPets catched 
[19:45:44] 2476 NpcTemplates catched 
[19:45:44] 138 NpcSpawns catched 
[19:45:44] 50 NpcItems catched 
[19:45:44] 19801 NpcMessages catched 
[19:45:44] 6 NpcReplies catched 
[19:45:44] 18 Triggers catched
[19:45:45] 44 Handlers Readed
[19:45:45] 54 Messages Readed
[19:45:45] WorldServer start in 10758 ms.
[19:46:51] MySQL Database Connected
[19:46:51] 16 Breeds catched
[19:46:51] 256 Heads catched
[19:46:51] 561 Effects catched
[19:46:59] 11260 DofusMaps catched
[19:46:59] 454 StatedElements catched
[19:47:00] 802 InteractiveElements catched
[19:47:00] 74 HouseInformations catched
[19:47:00] 120 InteractiveDoors catched
[19:47:00] 3614 MapPositions uncatched
[19:47:00] 14681 MapPositions catched
[19:47:00] 42 MapZaaps catched
[19:47:00] 15228 SpellLevels catched 
[19:47:00] 4772 Spells catched 
[19:47:00] 1179 LearnableSpells catched 
[19:47:00] 9780 ItemTemplates catched 
[19:47:00] 4489 Weapons catched 
[19:47:00] 363 ItemSets catched 
[19:47:00] 171 ItemTypes catched 
[19:47:00] 110 ItemPets catched 
[19:47:01] 2476 NpcTemplates catched 
[19:47:01] 138 NpcSpawns catched 
[19:47:01] 50 NpcItems catched 
[19:47:01] 19801 NpcMessages catched 
[19:47:01] 6 NpcReplies catched 
[19:47:01] 18 Triggers catched
[19:47:01] 44 Handlers Readed
[19:47:02] 54 Messages Readed
[19:47:02] WorldServer start in 11001 ms.
[19:47:36] MySQL Database Connected
[19:47:36] 16 Breeds catched
[19:47:36] 256 Heads catched
[19:47:36] 561 Effects catched
[19:47:44] 11260 DofusMaps catched
[19:47:44] 454 StatedElements catched
[19:47:44] 802 InteractiveElements catched
[19:47:44] 74 HouseInformations catched
[19:47:44] 120 InteractiveDoors catched
[19:47:44] 3614 MapPositions uncatched
[19:47:44] 14681 MapPositions catched
[19:47:44] 42 MapZaaps catched
[19:47:44] 15228 SpellLevels catched 
[19:47:44] 4772 Spells catched 
[19:47:44] 1179 LearnableSpells catched 
[19:47:44] 9780 ItemTemplates catched 
[19:47:45] 4489 Weapons catched 
[19:47:45] 363 ItemSets catched 
[19:47:45] 171 ItemTypes catched 
[19:47:45] 110 ItemPets catched 
[19:47:45] 2476 NpcTemplates catched 
[19:47:45] 138 NpcSpawns catched 
[19:47:45] 50 NpcItems catched 
[19:47:45] 19801 NpcMessages catched 
[19:47:45] 6 NpcReplies catched 
[19:47:45] 18 Triggers catched
[19:47:45] 44 Handlers Readed
[19:47:46] 54 Messages Readed
[19:47:46] WorldServer start in 10309 ms.
[19:49:05] MySQL Database Connected
[19:49:05] 16 Breeds catched
[19:49:05] 256 Heads catched
[19:49:05] 561 Effects catched
[19:49:14] 11260 DofusMaps catched
[19:49:14] 454 StatedElements catched
[19:49:14] 802 InteractiveElements catched
[19:49:14] 74 HouseInformations catched
[19:49:14] 120 InteractiveDoors catched
[19:49:14] 3614 MapPositions uncatched
[19:49:14] 14681 MapPositions catched
[19:49:14] 42 MapZaaps catched
[19:49:15] 15228 SpellLevels catched 
[19:49:15] 4772 Spells catched 
[19:49:15] 1179 LearnableSpells catched 
[19:49:15] 9780 ItemTemplates catched 
[19:49:15] 4489 Weapons catched 
[19:49:15] 363 ItemSets catched 
[19:49:15] 171 ItemTypes catched 
[19:49:15] 110 ItemPets catched 
[19:49:15] 2476 NpcTemplates catched 
[19:49:15] 138 NpcSpawns catched 
[19:49:15] 50 NpcItems catched 
[19:49:15] 19801 NpcMessages catched 
[19:49:15] 6 NpcReplies catched 
[19:49:16] 18 Triggers catched
[19:49:16] 44 Handlers Readed
[19:49:16] 54 Messages Readed
[19:49:16] WorldServer start in 11557 ms.
[19:49:42] MySQL Database Connected
[19:49:42] 16 Breeds catched
[19:49:42] 256 Heads catched
[19:49:42] 561 Effects catched
[19:49:51] 11260 DofusMaps catched
[19:49:51] 454 StatedElements catched
[19:49:51] 802 InteractiveElements catched
[19:49:51] 74 HouseInformations catched
[19:49:51] 120 InteractiveDoors catched
[19:49:52] 3614 MapPositions uncatched
[19:49:52] 14681 MapPositions catched
[19:49:52] 42 MapZaaps catched
[19:49:52] 15228 SpellLevels catched 
[19:49:52] 4772 Spells catched 
[19:49:52] 1179 LearnableSpells catched 
[19:49:52] 9780 ItemTemplates catched 
[19:49:52] 4489 Weapons catched 
[19:49:52] 363 ItemSets catched 
[19:49:52] 171 ItemTypes catched 
[19:49:52] 110 ItemPets catched 
[19:49:53] 2476 NpcTemplates catched 
[19:49:53] 138 NpcSpawns catched 
[19:49:53] 50 NpcItems catched 
[19:49:53] 19801 NpcMessages catched 
[19:49:53] 6 NpcReplies catched 
[19:49:53] 18 Triggers catched
[19:49:53] 44 Handlers Readed
[19:49:53] 54 Messages Readed
[19:49:54] WorldServer start in 11742 ms.
[19:50:31] MySQL Database Connected
[19:50:31] 16 Breeds catched
[19:50:31] 256 Heads catched
[19:50:31] 561 Effects catched
[19:50:46] 11260 DofusMaps catched
[19:50:46] 454 StatedElements catched
[19:50:46] 802 InteractiveElements catched
[19:50:46] 74 HouseInformations catched
[19:50:46] 120 InteractiveDoors catched
[19:50:46] 3614 MapPositions uncatched
[19:50:46] 14681 MapPositions catched
[19:50:46] 42 MapZaaps catched
[19:50:46] 15228 SpellLevels catched 
[19:50:46] 4772 Spells catched 
[19:50:46] 1179 LearnableSpells catched 
[19:50:47] 9780 ItemTemplates catched 
[19:50:47] 4489 Weapons catched 
[19:50:47] 363 ItemSets catched 
[19:50:47] 171 ItemTypes catched 
[19:50:47] 110 ItemPets catched 
[19:50:47] 2476 NpcTemplates catched 
[19:50:47] 138 NpcSpawns catched 
[19:50:47] 50 NpcItems catched 
[19:50:47] 19801 NpcMessages catched 
[19:50:47] 6 NpcReplies catched 
[19:50:47] 18 Triggers catched
[19:50:47] 44 Handlers Readed
[19:50:48] 54 Messages Readed
[19:50:48] WorldServer start in 17477 ms.
[19:52:09] MySQL Database Connected
[19:52:09] 16 Breeds catched
[19:52:09] 256 Heads catched
[19:52:09] 561 Effects catched
[19:52:19] 11260 DofusMaps catched
[19:52:19] 454 StatedElements catched
[19:52:19] 802 InteractiveElements catched
[19:52:19] 74 HouseInformations catched
[19:52:19] 120 InteractiveDoors catched
[19:52:20] 3614 MapPositions uncatched
[19:52:20] 14681 MapPositions catched
[19:52:20] 42 MapZaaps catched
[19:52:20] 15228 SpellLevels catched 
[19:52:20] 4772 Spells catched 
[19:52:20] 1179 LearnableSpells catched 
[19:52:20] 9780 ItemTemplates catched 
[19:52:20] 4489 Weapons catched 
[19:52:20] 363 ItemSets catched 
[19:52:20] 171 ItemTypes catched 
[19:52:20] 110 ItemPets catched 
[19:52:21] 2476 NpcTemplates catched 
[19:52:21] 138 NpcSpawns catched 
[19:52:21] 50 NpcItems catched 
[19:52:21] 19801 NpcMessages catched 
[19:52:21] 6 NpcReplies catched 
[19:52:21] 18 Triggers catched
[19:52:21] 44 Handlers Readed
[19:52:21] 54 Messages Readed
[19:52:22] WorldServer start in 12475 ms.
[19:53:08] MySQL Database Connected
[19:53:08] 16 Breeds catched
[19:53:08] 256 Heads catched
[19:53:08] 561 Effects catched
[19:53:16] 11260 DofusMaps catched
[19:53:16] 454 StatedElements catched
[19:53:16] 802 InteractiveElements catched
[19:53:16] 74 HouseInformations catched
[19:53:16] 120 InteractiveDoors catched
[19:53:16] 3614 MapPositions uncatched
[19:53:16] 14681 MapPositions catched
[19:53:16] 42 MapZaaps catched
[19:53:16] 15228 SpellLevels catched 
[19:53:16] 4772 Spells catched 
[19:53:16] 1179 LearnableSpells catched 
[19:53:16] 9780 ItemTemplates catched 
[19:53:17] 4489 Weapons catched 
[19:53:17] 363 ItemSets catched 
[19:53:17] 171 ItemTypes catched 
[19:53:17] 110 ItemPets catched 
[19:53:17] 2476 NpcTemplates catched 
[19:53:17] 138 NpcSpawns catched 
[19:53:17] 50 NpcItems catched 
[19:53:17] 19801 NpcMessages catched 
[19:53:17] 6 NpcReplies catched 
[19:53:17] 18 Triggers catched
[19:53:17] 44 Handlers Readed
[19:53:18] 54 Messages Readed
[19:53:18] WorldServer start in 10249 ms.
[19:53:50] MySQL Database Connected
[19:53:50] 16 Breeds catched
[19:53:50] 256 Heads catched
[19:53:50] 561 Effects catched
[19:54:01] 11260 DofusMaps catched
[19:54:01] 454 StatedElements catched
[19:54:01] 802 InteractiveElements catched
[19:54:01] 74 HouseInformations catched
[19:54:01] 120 InteractiveDoors catched
[19:54:01] 3614 MapPositions uncatched
[19:54:01] 14681 MapPositions catched
[19:54:01] 42 MapZaaps catched
[19:54:01] 15228 SpellLevels catched 
[19:54:01] 4772 Spells catched 
[19:54:01] 1179 LearnableSpells catched 
[19:54:01] 9780 ItemTemplates catched 
[19:54:02] 4489 Weapons catched 
[19:54:02] 363 ItemSets catched 
[19:54:02] 171 ItemTypes catched 
[19:54:02] 110 ItemPets catched 
[19:54:02] 2476 NpcTemplates catched 
[19:54:02] 138 NpcSpawns catched 
[19:54:02] 50 NpcItems catched 
[19:54:02] 19801 NpcMessages catched 
[19:54:02] 6 NpcReplies catched 
[19:54:02] 18 Triggers catched
[19:54:02] 44 Handlers Readed
[19:54:03] 54 Messages Readed
[19:54:03] WorldServer start in 13057 ms.
[19:54:59] MySQL Database Connected
[19:54:59] 16 Breeds catched
[19:54:59] 256 Heads catched
[19:54:59] 561 Effects catched
[19:55:09] 11260 DofusMaps catched
[19:55:09] 454 StatedElements catched
[19:55:09] 802 InteractiveElements catched
[19:55:09] 74 HouseInformations catched
[19:55:09] 120 InteractiveDoors catched
[19:55:09] 3614 MapPositions uncatched
[19:55:09] 14681 MapPositions catched
[19:55:09] 42 MapZaaps catched
[19:55:09] 15228 SpellLevels catched 
[19:55:09] 4772 Spells catched 
[19:55:09] 1179 LearnableSpells catched 
[19:55:10] 9780 ItemTemplates catched 
[19:55:10] 4489 Weapons catched 
[19:55:10] 363 ItemSets catched 
[19:55:10] 171 ItemTypes catched 
[19:55:10] 110 ItemPets catched 
[19:55:10] 2476 NpcTemplates catched 
[19:55:10] 138 NpcSpawns catched 
[19:55:10] 50 NpcItems catched 
[19:55:10] 19801 NpcMessages catched 
[19:55:10] 6 NpcReplies catched 
[19:55:10] 18 Triggers catched
[19:55:11] 44 Handlers Readed
[19:55:11] 54 Messages Readed
[19:55:11] WorldServer start in 12134 ms.
[19:58:50] MySQL Database Connected
[19:58:50] 16 Breeds catched
[19:58:50] 256 Heads catched
[19:58:50] 561 Effects catched
[19:58:59] 11260 DofusMaps catched
[19:58:59] 454 StatedElements catched
[19:58:59] 802 InteractiveElements catched
[19:58:59] 74 HouseInformations catched
[19:58:59] 120 InteractiveDoors catched
[19:58:59] 3614 MapPositions uncatched
[19:58:59] 14681 MapPositions catched
[19:58:59] 42 MapZaaps catched
[19:58:59] 15228 SpellLevels catched 
[19:58:59] 4772 Spells catched 
[19:58:59] 1179 LearnableSpells catched 
[19:59:00] 9780 ItemTemplates catched 
[19:59:00] 4489 Weapons catched 
[19:59:00] 363 ItemSets catched 
[19:59:00] 171 ItemTypes catched 
[19:59:00] 110 ItemPets catched 
[19:59:00] 2476 NpcTemplates catched 
[19:59:00] 138 NpcSpawns catched 
[19:59:00] 50 NpcItems catched 
[19:59:00] 19801 NpcMessages catched 
[19:59:00] 6 NpcReplies catched 
[19:59:00] 18 Triggers catched
[19:59:01] 44 Handlers Readed
[19:59:01] 54 Messages Readed
[19:59:01] WorldServer start in 11146 ms.
[19:59:41] MySQL Database Connected
[19:59:41] 16 Breeds catched
[19:59:41] 256 Heads catched
[19:59:41] 561 Effects catched
[19:59:52] 11260 DofusMaps catched
[19:59:52] 454 StatedElements catched
[19:59:52] 802 InteractiveElements catched
[19:59:52] 74 HouseInformations catched
[19:59:52] 120 InteractiveDoors catched
[19:59:52] 3614 MapPositions uncatched
[19:59:52] 14681 MapPositions catched
[19:59:52] 42 MapZaaps catched
[19:59:52] 15228 SpellLevels catched 
[19:59:52] 4772 Spells catched 
[19:59:52] 1179 LearnableSpells catched 
[19:59:53] 9780 ItemTemplates catched 
[19:59:53] 4489 Weapons catched 
[19:59:53] 363 ItemSets catched 
[19:59:53] 171 ItemTypes catched 
[19:59:53] 110 ItemPets catched 
[19:59:53] 2476 NpcTemplates catched 
[19:59:53] 138 NpcSpawns catched 
[19:59:53] 50 NpcItems catched 
[19:59:53] 19801 NpcMessages catched 
[19:59:53] 6 NpcReplies catched 
[19:59:53] 18 Triggers catched
[19:59:54] 44 Handlers Readed
[19:59:54] 54 Messages Readed
[19:59:54] WorldServer start in 13434 ms.
[20:02:11] MySQL Database Connected
[20:02:11] 16 Breeds catched
[20:02:11] 256 Heads catched
[20:02:11] 561 Effects catched
[20:02:20] 11260 DofusMaps catched
[20:02:20] 454 StatedElements catched
[20:02:20] 802 InteractiveElements catched
[20:02:20] 74 HouseInformations catched
[20:02:20] 120 InteractiveDoors catched
[20:02:20] 3614 MapPositions uncatched
[20:02:20] 14681 MapPositions catched
[20:02:20] 42 MapZaaps catched
[20:02:20] 15228 SpellLevels catched 
[20:02:20] 4772 Spells catched 
[20:02:20] 1179 LearnableSpells catched 
[20:02:21] 9780 ItemTemplates catched 
[20:02:21] 4489 Weapons catched 
[20:02:21] 363 ItemSets catched 
[20:02:21] 171 ItemTypes catched 
[20:02:21] 110 ItemPets catched 
[20:02:21] 2476 NpcTemplates catched 
[20:02:21] 138 NpcSpawns catched 
[20:02:21] 50 NpcItems catched 
[20:02:21] 19801 NpcMessages catched 
[20:02:21] 6 NpcReplies catched 
[20:02:21] 18 Triggers catched
[20:02:22] 44 Handlers Readed
[20:02:22] 54 Messages Readed
[20:02:22] WorldServer start in 11384 ms.
[20:03:47] MySQL Database Connected
[20:03:47] 16 Breeds catched
[20:03:47] 256 Heads catched
[20:03:47] 561 Effects catched
[20:03:57] 11260 DofusMaps catched
[20:03:57] 454 StatedElements catched
[20:03:57] 802 InteractiveElements catched
[20:03:57] 74 HouseInformations catched
[20:03:57] 120 InteractiveDoors catched
[20:04:00] 3614 MapPositions uncatched
[20:04:00] 14681 MapPositions catched
[20:04:00] 42 MapZaaps catched
[20:04:04] 15228 SpellLevels catched 
[20:04:06] 4772 Spells catched 
[20:04:06] 1179 LearnableSpells catched 
[20:04:08] 9780 ItemTemplates catched 
[20:04:10] 4489 Weapons catched 
[20:04:10] 363 ItemSets catched 
[20:04:10] 171 ItemTypes catched 
[20:04:10] 110 ItemPets catched 
[20:04:10] 2476 NpcTemplates catched 
[20:04:10] 138 NpcSpawns catched 
[20:04:10] 50 NpcItems catched 
[20:04:10] 19801 NpcMessages catched 
[20:04:10] 6 NpcReplies catched 
[20:04:10] 18 Triggers catched
[20:04:11] 44 Handlers Readed
[20:04:11] 54 Messages Readed
[20:04:11] WorldServer start in 24550 ms.
[20:07:06] MySQL Database Connected
[20:07:06] 16 Breeds catched
[20:07:06] 256 Heads catched
[20:07:06] 561 Effects catched
[20:07:15] 11260 DofusMaps catched
[20:07:15] 454 StatedElements catched
[20:07:15] 802 InteractiveElements catched
[20:07:15] 74 HouseInformations catched
[20:07:15] 120 InteractiveDoors catched
[20:07:16] 3614 MapPositions uncatched
[20:07:16] 14681 MapPositions catched
[20:07:16] 42 MapZaaps catched
[20:07:16] 15228 SpellLevels catched 
[20:07:16] 4772 Spells catched 
[20:07:16] 1179 LearnableSpells catched 
[20:07:16] 9780 ItemTemplates catched 
[20:07:16] 4489 Weapons catched 
[20:07:16] 363 ItemSets catched 
[20:07:16] 171 ItemTypes catched 
[20:07:16] 110 ItemPets catched 
[20:07:17] 2476 NpcTemplates catched 
[20:07:17] 138 NpcSpawns catched 
[20:07:17] 50 NpcItems catched 
[20:07:17] 19801 NpcMessages catched 
[20:07:17] 6 NpcReplies catched 
[20:07:17] 18 Triggers catched
[20:07:18] 44 Handlers Readed
[20:07:18] 54 Messages Readed
[20:07:18] WorldServer start in 12150 ms.
