[18:46:20] MySQL Database Connected
[18:46:21] 16 Breeds catched
[18:46:21] 256 Heads catched
[18:46:21] 566 Effects catched
[18:46:22] 4 SuperAreas catched
[18:46:22] 48 Areas catched
[18:46:26] 334 SubAreas catched
[18:46:27] 11267 DofusMaps catched
[18:46:28] 9769 StatedElements catched
[18:46:28] 13379 InteractiveElements catched
[18:46:28] 1485 HouseInformations catched
[18:46:28] 568 InteractiveDoors catched
[18:46:28] 3530 MapPositions uncatched
[18:46:28] 14681 MapPositions catched
[18:46:28] 38 MapZaaps catched
[18:46:28] 79 MapSubways catched
[18:46:29] 15612 SpellLevels catched 
[18:46:29] 4972 Spells catched 
[18:46:29] 4 SpellBombs catched 
[18:46:29] 316 GuildEmblems catched 
[18:46:29] 1179 LearnableSpells catched 
[18:46:29] 171 ItemTypes catched 
[18:46:30] 10063 ItemTemplates catched 
[18:46:30] 4355 Weapons catched 
[18:46:30] 366 ItemSets catched 
[18:46:30] 114 ItemPets catched 
[18:46:32] 2476 NpcTemplates catched 
[18:46:32] 812 NpcSpawns catched 
[18:46:32] 3112 NpcItems catched 
[18:46:32] 19801 NpcMessages catched 
[18:46:32] 8 NpcReplies catched 
[18:46:32] 366 Triggers catched
[18:46:32] 1277 Paddocks catched
[18:46:32] 72 Mounts catched
[18:46:32] 3 Guild catched
[18:46:32] 2 GuildMembers catched
[18:46:32] 11 GatheringJob LevelInfos catched
[18:46:32] 233 InteractiveSkills LevelInfos catched
[18:46:32] 2210 Monster Templates catched
[18:46:33] 11688 Monster Grades catched
[18:46:33] 8021 Monster Drops catched
[18:46:34] 131 Handlers Readed
[18:46:34] 177 Messages Readed
[18:46:34] WorldServer start in 14706 ms.
[18:50:06] Melan aded4
[18:50:06] Sesan aded4
[18:50:06] Slovakienne aded4
[18:50:06] Casx aded4
[19:02:32] Lkamar aded5
[19:02:32] Debana aded5
[19:02:32] Melanie aded5
[19:02:32] Nulmeulousalo aded5
[19:02:32] Charmola aded5
[19:06:20] MySQL Database Connected
[19:06:20] 16 Breeds catched
[19:06:20] 256 Heads catched
[19:06:20] 566 Effects catched
[19:06:21] 4 SuperAreas catched
[19:06:21] 48 Areas catched
[19:06:23] 334 SubAreas catched
[19:06:23] 11267 DofusMaps catched
[19:06:24] 9769 StatedElements catched
[19:06:24] 13379 InteractiveElements catched
[19:06:24] 1485 HouseInformations catched
[19:06:24] 568 InteractiveDoors catched
[19:06:25] 3530 MapPositions uncatched
[19:06:25] 14681 MapPositions catched
[19:06:25] 38 MapZaaps catched
[19:06:25] 79 MapSubways catched
[19:06:25] 15612 SpellLevels catched 
[19:06:25] 4972 Spells catched 
[19:06:25] 4 SpellBombs catched 
[19:06:25] 316 GuildEmblems catched 
[19:06:25] 1179 LearnableSpells catched 
[19:06:25] 171 ItemTypes catched 
[19:06:26] 10063 ItemTemplates catched 
[19:06:26] 4355 Weapons catched 
[19:06:26] 366 ItemSets catched 
[19:06:26] 114 ItemPets catched 
[19:06:28] 2476 NpcTemplates catched 
[19:06:28] 812 NpcSpawns catched 
[19:06:28] 3112 NpcItems catched 
[19:06:28] 19801 NpcMessages catched 
[19:06:28] 8 NpcReplies catched 
[19:06:28] 366 Triggers catched
[19:06:28] 1277 Paddocks catched
[19:06:28] 72 Mounts catched
[19:06:28] 3 Guild catched
[19:06:28] 2 GuildMembers catched
[19:06:28] 11 GatheringJob LevelInfos catched
[19:06:28] 233 InteractiveSkills LevelInfos catched
[19:06:28] 2210 Monster Templates catched
[19:06:29] 11688 Monster Grades catched
[19:06:29] 8021 Monster Drops catched
[19:06:30] 131 Handlers Readed
[19:06:30] 177 Messages Readed
[19:06:30] WorldServer start in 10826 ms.
[19:06:49] Lkamar aded5
[19:06:49] Debana aded5
[19:06:49] Melanie aded5
[19:06:49] Nulmeulousalo aded5
[19:06:49] Charmola aded5
[19:23:39] MySQL Database Connected
[19:23:39] 16 Breeds catched
[19:23:39] 256 Heads catched
[19:23:39] 566 Effects catched
[19:23:40] 4 SuperAreas catched
[19:23:40] 48 Areas catched
[19:23:42] 334 SubAreas catched
[19:23:42] 11267 DofusMaps catched
[19:23:42] 9769 StatedElements catched
[19:23:43] 13379 InteractiveElements catched
[19:23:43] 1485 HouseInformations catched
[19:23:43] 568 InteractiveDoors catched
[19:23:43] 3530 MapPositions uncatched
[19:23:43] 14681 MapPositions catched
[19:23:43] 38 MapZaaps catched
[19:23:43] 79 MapSubways catched
[19:23:43] 15612 SpellLevels catched 
[19:23:43] 4972 Spells catched 
[19:23:43] 4 SpellBombs catched 
[19:23:43] 316 GuildEmblems catched 
[19:23:43] 1179 LearnableSpells catched 
[19:23:43] 171 ItemTypes catched 
[19:23:43] 10063 ItemTemplates catched 
[19:23:44] 4355 Weapons catched 
[19:23:44] 366 ItemSets catched 
[19:23:44] 114 ItemPets catched 
[19:23:45] 2476 NpcTemplates catched 
[19:23:45] 812 NpcSpawns catched 
[19:23:45] 3112 NpcItems catched 
[19:23:45] 19801 NpcMessages catched 
[19:23:45] 8 NpcReplies catched 
[19:23:45] 366 Triggers catched
[19:23:45] 1277 Paddocks catched
[19:23:45] 72 Mounts catched
[19:23:45] 3 Guild catched
[19:23:45] 2 GuildMembers catched
[19:23:45] 11 GatheringJob LevelInfos catched
[19:23:45] 233 InteractiveSkills LevelInfos catched
[19:23:45] 2210 Monster Templates catched
[19:23:46] 11688 Monster Grades catched
[19:23:46] 8021 Monster Drops catched
[19:23:46] 131 Handlers Readed
[19:23:47] 177 Messages Readed
[19:23:47] WorldServer start in 9043 ms.
[19:26:18] Lkamar aded5
[19:26:18] Debana aded5
[19:26:18] Melanie aded5
[19:26:18] Nulmeulousalo aded5
[19:26:18] Charmola aded5
[19:27:57] MySQL Database Connected
[19:27:57] 16 Breeds catched
[19:27:57] 256 Heads catched
[19:27:57] 566 Effects catched
[19:27:57] 4 SuperAreas catched
[19:27:57] 48 Areas catched
[19:27:59] 334 SubAreas catched
[19:28:00] 11267 DofusMaps catched
[19:28:00] 9769 StatedElements catched
[19:28:00] 13379 InteractiveElements catched
[19:28:01] 1485 HouseInformations catched
[19:28:01] 568 InteractiveDoors catched
[19:28:01] 3530 MapPositions uncatched
[19:28:01] 14681 MapPositions catched
[19:28:01] 38 MapZaaps catched
[19:28:01] 79 MapSubways catched
[19:28:01] 15612 SpellLevels catched 
[19:28:01] 4972 Spells catched 
[19:28:01] 4 SpellBombs catched 
[19:28:01] 316 GuildEmblems catched 
[19:28:01] 1179 LearnableSpells catched 
[19:28:01] 171 ItemTypes catched 
[19:28:02] 10063 ItemTemplates catched 
[19:28:02] 4355 Weapons catched 
[19:28:02] 366 ItemSets catched 
[19:28:02] 114 ItemPets catched 
[19:28:03] 2476 NpcTemplates catched 
[19:28:03] 812 NpcSpawns catched 
[19:28:03] 3112 NpcItems catched 
[19:28:03] 19801 NpcMessages catched 
[19:28:03] 8 NpcReplies catched 
[19:28:03] 366 Triggers catched
[19:28:03] 1277 Paddocks catched
[19:28:03] 72 Mounts catched
[19:28:03] 3 Guild catched
[19:28:03] 2 GuildMembers catched
[19:28:03] 11 GatheringJob LevelInfos catched
[19:28:03] 233 InteractiveSkills LevelInfos catched
[19:28:03] 2210 Monster Templates catched
[19:28:04] 11688 Monster Grades catched
[19:28:04] 8021 Monster Drops catched
[19:28:04] 131 Handlers Readed
[19:28:05] 177 Messages Readed
[19:28:05] WorldServer start in 8560 ms.
[19:34:56] Lkamar aded5
[19:34:56] Debana aded5
[19:34:56] Melanie aded5
[19:34:56] Nulmeulousalo aded5
[19:34:56] Charmola aded5
[19:36:18] Bork aded5
[19:36:18] Mbawak aded5
[19:36:18] Fatale aded5
[19:36:18] Mchakraf aded5
[19:36:18] Idodoepedekoi aded5
[19:37:57] Player Lkamar is going to be cleared9/15/15 7:35 PM
[19:37:57] Player Debana is going to be cleared9/15/15 7:35 PM
[19:37:57] Player Melanie is going to be cleared9/15/15 7:35 PM
[19:37:57] Player Nulmeulousalo is going to be cleared9/15/15 7:35 PM
[19:37:57] Player Charmola is going to be cleared9/15/15 7:35 PM
[19:37:57] Player Bork is going to be cleared9/15/15 7:37 PM
[19:37:57] Player Mbawak is going to be cleared9/15/15 7:37 PM
[19:37:57] Player Fatale is going to be cleared9/15/15 7:37 PM
[19:37:57] Player Mchakraf is going to be cleared9/15/15 7:37 PM
[19:37:57] Player Idodoepedekoi is going to be cleared9/15/15 7:37 PM
[20:25:34] MySQL Database Connected
[20:25:34] 16 Breeds catched
[20:25:34] 256 Heads catched
[20:25:34] 566 Effects catched
[20:25:34] 4 SuperAreas catched
[20:25:34] 48 Areas catched
[20:25:37] 334 SubAreas catched
[20:25:38] 11267 DofusMaps catched
[20:25:38] 9769 StatedElements catched
[20:25:39] 13379 InteractiveElements catched
[20:25:39] 1485 HouseInformations catched
[20:25:39] 568 InteractiveDoors catched
[20:25:39] 3530 MapPositions uncatched
[20:25:39] 14681 MapPositions catched
[20:25:39] 38 MapZaaps catched
[20:25:39] 79 MapSubways catched
[20:25:39] 15612 SpellLevels catched 
[20:25:39] 4972 Spells catched 
[20:25:39] 4 SpellBombs catched 
[20:25:39] 316 GuildEmblems catched 
[20:25:39] 1179 LearnableSpells catched 
[20:25:39] 171 ItemTypes catched 
[20:25:40] 10063 ItemTemplates catched 
[20:25:40] 4355 Weapons catched 
[20:25:40] 366 ItemSets catched 
[20:25:40] 114 ItemPets catched 
[20:25:42] 2476 NpcTemplates catched 
[20:25:42] 812 NpcSpawns catched 
[20:25:42] 3112 NpcItems catched 
[20:25:42] 19801 NpcMessages catched 
[20:25:42] 8 NpcReplies catched 
[20:25:42] 366 Triggers catched
[20:25:42] 1277 Paddocks catched
[20:25:42] 72 Mounts catched
[20:25:42] 3 Guild catched
[20:25:42] 2 GuildMembers catched
[20:25:42] 11 GatheringJob LevelInfos catched
[20:25:42] 233 InteractiveSkills LevelInfos catched
[20:25:42] 2210 Monster Templates catched
[20:25:42] 11688 Monster Grades catched
[20:25:42] 8021 Monster Drops catched
[20:25:43] 131 Handlers Readed
[20:25:43] 177 Messages Readed
[20:25:43] WorldServer start in 10398 ms.
[21:57:05] MySQL Database Connected
[21:57:05] 16 Breeds catched
[21:57:05] 256 Heads catched
[21:57:05] 566 Effects catched
[21:57:06] 4 SuperAreas catched
[21:57:06] 48 Areas catched
[21:57:09] 334 SubAreas catched
[21:57:10] 11267 DofusMaps catched
[21:57:10] 9769 StatedElements catched
[21:57:10] 13379 InteractiveElements catched
[21:57:10] 1485 HouseInformations catched
[21:57:10] 568 InteractiveDoors catched
[21:57:11] 3530 MapPositions uncatched
[21:57:11] 14681 MapPositions catched
[21:57:11] 38 MapZaaps catched
[21:57:11] 79 MapSubways catched
[21:57:11] 15612 SpellLevels catched 
[21:57:11] 4972 Spells catched 
[21:57:11] 4 SpellBombs catched 
[21:57:11] 316 GuildEmblems catched 
[21:57:11] 1179 LearnableSpells catched 
[21:57:11] 171 ItemTypes catched 
[21:57:12] 10063 ItemTemplates catched 
[21:57:12] 4355 Weapons catched 
[21:57:12] 366 ItemSets catched 
[21:57:12] 114 ItemPets catched 
[21:57:14] 2476 NpcTemplates catched 
[21:57:14] 812 NpcSpawns catched 
[21:57:14] 3112 NpcItems catched 
[21:57:14] 19801 NpcMessages catched 
[21:57:14] 8 NpcReplies catched 
[21:57:15] 366 Triggers catched
[21:57:15] 1277 Paddocks catched
[21:57:15] 72 Mounts catched
[21:57:15] 3 Guild catched
[21:57:15] 2 GuildMembers catched
[21:57:15] 11 GatheringJob LevelInfos catched
[21:57:15] 233 InteractiveSkills LevelInfos catched
[21:57:15] 2210 Monster Templates catched
[21:57:16] 11688 Monster Grades catched
[21:57:16] 8021 Monster Drops catched
[21:57:17] 131 Handlers Readed
[21:57:18] 177 Messages Readed
[21:57:18] WorldServer start in 13917 ms.
[22:01:40] MySQL Database Connected
[22:01:40] 16 Breeds catched
[22:01:40] 256 Heads catched
[22:01:40] 566 Effects catched
[22:01:41] 4 SuperAreas catched
[22:01:41] 48 Areas catched
[22:01:43] 334 SubAreas catched
[22:01:43] 11267 DofusMaps catched
[22:01:44] 9769 StatedElements catched
[22:01:44] 13379 InteractiveElements catched
[22:01:44] 1485 HouseInformations catched
[22:01:44] 568 InteractiveDoors catched
[22:01:45] 3530 MapPositions uncatched
[22:01:45] 14681 MapPositions catched
[22:01:45] 38 MapZaaps catched
[22:01:45] 79 MapSubways catched
[22:01:45] 15612 SpellLevels catched 
[22:01:45] 4972 Spells catched 
[22:01:45] 4 SpellBombs catched 
[22:01:45] 316 GuildEmblems catched 
[22:01:45] 1179 LearnableSpells catched 
[22:01:45] 171 ItemTypes catched 
[22:01:45] 10063 ItemTemplates catched 
[22:01:45] 4355 Weapons catched 
[22:01:45] 366 ItemSets catched 
[22:01:46] 114 ItemPets catched 
[22:01:47] 2476 NpcTemplates catched 
[22:01:47] 812 NpcSpawns catched 
[22:01:47] 3112 NpcItems catched 
[22:01:47] 19801 NpcMessages catched 
[22:01:47] 8 NpcReplies catched 
[22:01:47] 366 Triggers catched
[22:01:47] 1277 Paddocks catched
[22:01:47] 72 Mounts catched
[22:01:47] 3 Guild catched
[22:01:47] 2 GuildMembers catched
[22:01:47] 11 GatheringJob LevelInfos catched
[22:01:48] 233 InteractiveSkills LevelInfos catched
[22:01:48] 2210 Monster Templates catched
[22:01:48] 11688 Monster Grades catched
[22:01:48] 8021 Monster Drops catched
[22:01:49] 131 Handlers Readed
[22:01:49] 177 Messages Readed
[22:01:50] WorldServer start in 10285 ms.
[22:02:54] Bork aded5
[22:02:54] Mbawak aded5
[22:02:54] Fatale aded5
[22:02:54] Mchakraf aded5
[22:02:54] Idodoepedekoi aded5
[22:06:08] MySQL Database Connected
[22:06:08] 16 Breeds catched
[22:06:08] 256 Heads catched
[22:06:08] 566 Effects catched
[22:06:09] 4 SuperAreas catched
[22:06:09] 48 Areas catched
[22:06:11] 334 SubAreas catched
[22:06:12] 11267 DofusMaps catched
[22:06:12] 9769 StatedElements catched
[22:06:13] 13379 InteractiveElements catched
[22:06:13] 1485 HouseInformations catched
[22:06:13] 568 InteractiveDoors catched
[22:06:13] 3530 MapPositions uncatched
[22:06:13] 14681 MapPositions catched
[22:06:13] 38 MapZaaps catched
[22:06:13] 79 MapSubways catched
[22:06:13] 15612 SpellLevels catched 
[22:06:14] 4972 Spells catched 
[22:06:14] 4 SpellBombs catched 
[22:06:14] 316 GuildEmblems catched 
[22:06:14] 1179 LearnableSpells catched 
[22:06:14] 171 ItemTypes catched 
[22:06:14] 10063 ItemTemplates catched 
[22:06:15] 4355 Weapons catched 
[22:06:15] 366 ItemSets catched 
[22:06:15] 114 ItemPets catched 
[22:06:16] 2476 NpcTemplates catched 
[22:06:16] 812 NpcSpawns catched 
[22:06:16] 3112 NpcItems catched 
[22:06:16] 19801 NpcMessages catched 
[22:06:16] 8 NpcReplies catched 
[22:06:16] 366 Triggers catched
[22:06:16] 1277 Paddocks catched
[22:06:16] 72 Mounts catched
[22:06:16] 3 Guild catched
[22:06:16] 2 GuildMembers catched
[22:06:16] 11 GatheringJob LevelInfos catched
[22:06:16] 233 InteractiveSkills LevelInfos catched
[22:06:16] 2210 Monster Templates catched
[22:06:16] 11688 Monster Grades catched
[22:06:16] 8021 Monster Drops catched
[22:06:17] 131 Handlers Readed
[22:06:17] 177 Messages Readed
[22:06:18] WorldServer start in 9844 ms.
[22:27:18] MySQL Database Connected
[22:27:18] 16 Breeds catched
[22:27:18] 256 Heads catched
[22:27:18] 566 Effects catched
[22:27:19] 4 SuperAreas catched
[22:27:19] 48 Areas catched
[22:27:21] 334 SubAreas catched
[22:27:22] 11267 DofusMaps catched
[22:27:23] 9769 StatedElements catched
[22:27:23] 13379 InteractiveElements catched
[22:27:23] 1485 HouseInformations catched
[22:27:23] 568 InteractiveDoors catched
[22:27:24] 3530 MapPositions uncatched
[22:27:24] 14681 MapPositions catched
[22:27:24] 38 MapZaaps catched
[22:27:24] 79 MapSubways catched
[22:27:24] 15612 SpellLevels catched 
[22:27:24] 4972 Spells catched 
[22:27:24] 4 SpellBombs catched 
[22:27:24] 316 GuildEmblems catched 
[22:27:24] 1179 LearnableSpells catched 
[22:27:24] 171 ItemTypes catched 
[22:27:25] 10063 ItemTemplates catched 
[22:27:25] 4355 Weapons catched 
[22:27:25] 366 ItemSets catched 
[22:27:25] 114 ItemPets catched 
[22:27:27] 2476 NpcTemplates catched 
[22:27:27] 812 NpcSpawns catched 
[22:27:27] 3112 NpcItems catched 
[22:27:27] 19801 NpcMessages catched 
[22:27:27] 8 NpcReplies catched 
[22:27:28] 366 Triggers catched
[22:27:28] 1277 Paddocks catched
[22:27:28] 72 Mounts catched
[22:27:28] 3 Guild catched
[22:27:28] 2 GuildMembers catched
[22:27:28] 11 GatheringJob LevelInfos catched
[22:27:28] 233 InteractiveSkills LevelInfos catched
[22:27:28] 2210 Monster Templates catched
[22:27:28] 11688 Monster Grades catched
[22:27:28] 8021 Monster Drops catched
[22:27:29] 131 Handlers Readed
[22:27:29] 177 Messages Readed
[22:27:30] WorldServer start in 12304 ms.
