[02:07:22] MySQL Database Connected
[02:07:22] 16 Breeds catched
[02:07:22] 256 Heads catched
[02:07:22] 561 Effects catched
[02:07:22] 4 SuperAreas catched
[02:07:22] 48 Areas catched
[02:07:23] 334 SubAreas catched
[02:07:30] 11260 DofusMaps catched
[02:07:30] 9761 StatedElements catched
[02:07:31] 13349 InteractiveElements catched
[02:07:31] 1485 HouseInformations catched
[02:07:31] 556 InteractiveDoors catched
[02:07:31] 3614 MapPositions uncatched
[02:07:31] 14681 MapPositions catched
[02:07:31] 42 MapZaaps catched
[02:07:31] 79 MapSubways catched
[02:07:31] 15228 SpellLevels catched 
[02:07:31] 4772 Spells catched 
[02:07:31] 316 GuildEmblems catched 
[02:07:31] 1179 LearnableSpells catched 
[02:07:31] 9780 ItemTemplates catched 
[02:07:32] 4489 Weapons catched 
[02:07:32] 363 ItemSets catched 
[02:07:32] 171 ItemTypes catched 
[02:07:32] 110 ItemPets catched 
[02:07:32] 2476 NpcTemplates catched 
[02:07:32] 787 NpcSpawns catched 
[02:07:32] 94 NpcItems catched 
[02:07:32] 19801 NpcMessages catched 
[02:07:32] 7 NpcReplies catched 
[02:07:33] 353 Triggers catched
[02:07:33] 1277 Paddocks catched
[02:07:33] 72 Mounts catched
[02:07:33] 4 Guild catched
[02:07:33] 3 GuildMembers catched
[02:07:33] 122 Handlers Readed
[02:07:34] 166 Messages Readed
[02:07:34] WorldServer start in 12618 ms.
[02:35:13] MySQL Database Connected
[02:35:13] 16 Breeds catched
[02:35:13] 256 Heads catched
[02:35:13] 561 Effects catched
[02:35:13] 4 SuperAreas catched
[02:35:13] 48 Areas catched
[02:35:14] 334 SubAreas catched
[02:35:21] 11260 DofusMaps catched
[02:35:22] 9761 StatedElements catched
[02:35:22] 13349 InteractiveElements catched
[02:35:22] 1485 HouseInformations catched
[02:35:22] 556 InteractiveDoors catched
[02:35:22] 3614 MapPositions uncatched
[02:35:22] 14681 MapPositions catched
[02:35:22] 42 MapZaaps catched
[02:35:22] 79 MapSubways catched
[02:35:22] 15228 SpellLevels catched 
[02:35:22] 4772 Spells catched 
[02:35:22] 316 GuildEmblems catched 
[02:35:22] 1179 LearnableSpells catched 
[02:35:22] 9780 ItemTemplates catched 
[02:35:23] 4489 Weapons catched 
[02:35:23] 363 ItemSets catched 
[02:35:23] 171 ItemTypes catched 
[02:35:23] 110 ItemPets catched 
[02:35:23] 2476 NpcTemplates catched 
[02:35:23] 787 NpcSpawns catched 
[02:35:23] 94 NpcItems catched 
[02:35:23] 19801 NpcMessages catched 
[02:35:23] 7 NpcReplies catched 
[02:35:23] 353 Triggers catched
[02:35:23] 1277 Paddocks catched
[02:35:23] 72 Mounts catched
[02:35:23] 4 Guild catched
[02:35:23] 3 GuildMembers catched
[02:35:24] 122 Handlers Readed
[02:35:25] 166 Messages Readed
[02:35:25] WorldServer start in 12324 ms.
[03:57:43] MySQL Database Connected
[03:57:43] 16 Breeds catched
[03:57:43] 256 Heads catched
[03:57:43] 561 Effects catched
[03:57:44] 4 SuperAreas catched
[03:57:44] 48 Areas catched
[03:57:45] 334 SubAreas catched
[03:57:52] 11260 DofusMaps catched
[03:57:52] 9761 StatedElements catched
[03:57:52] 13349 InteractiveElements catched
[03:57:52] 1485 HouseInformations catched
[03:57:52] 556 InteractiveDoors catched
[03:57:52] 3614 MapPositions uncatched
[03:57:52] 14681 MapPositions catched
[03:57:52] 42 MapZaaps catched
[03:57:52] 79 MapSubways catched
[03:57:53] 15228 SpellLevels catched 
[03:57:53] 4772 Spells catched 
[03:57:53] 316 GuildEmblems catched 
[03:57:53] 1179 LearnableSpells catched 
[03:57:53] 9780 ItemTemplates catched 
[03:57:53] 4489 Weapons catched 
[03:57:53] 363 ItemSets catched 
[03:57:53] 171 ItemTypes catched 
[03:57:53] 110 ItemPets catched 
[03:57:54] 2476 NpcTemplates catched 
[03:57:54] 787 NpcSpawns catched 
[03:57:54] 94 NpcItems catched 
[03:57:54] 19801 NpcMessages catched 
[03:57:54] 7 NpcReplies catched 
[03:57:54] 353 Triggers catched
[03:57:54] 1277 Paddocks catched
[03:57:54] 72 Mounts catched
[03:57:54] 4 Guild catched
[03:57:54] 3 GuildMembers catched
[03:57:55] 122 Handlers Readed
[03:57:55] 166 Messages Readed
[03:57:55] WorldServer start in 12381 ms.
[04:00:37] MySQL Database Connected
[04:00:37] 16 Breeds catched
[04:00:37] 256 Heads catched
[04:00:37] 561 Effects catched
[04:00:38] 4 SuperAreas catched
[04:00:38] 48 Areas catched
[04:00:39] 334 SubAreas catched
[04:01:33] MySQL Database Connected
[04:01:33] 16 Breeds catched
[04:01:33] 256 Heads catched
[04:01:33] 561 Effects catched
[04:01:35] 4 SuperAreas catched
[04:01:35] 48 Areas catched
[04:01:36] 334 SubAreas catched
[04:02:09] MySQL Database Connected
[04:02:09] 16 Breeds catched
[04:02:09] 256 Heads catched
[04:02:09] 561 Effects catched
[04:02:10] 4 SuperAreas catched
[04:02:10] 48 Areas catched
[04:02:11] 334 SubAreas catched
[04:02:39] 11260 DofusMaps catched
[04:02:39] 9761 StatedElements catched
[04:02:40] 13349 InteractiveElements catched
[04:02:40] 1485 HouseInformations catched
[04:02:40] 556 InteractiveDoors catched
[04:02:40] 3614 MapPositions uncatched
[04:02:40] 14681 MapPositions catched
[04:02:40] 42 MapZaaps catched
[04:02:40] 79 MapSubways catched
[04:02:40] 15228 SpellLevels catched 
[04:02:40] 4772 Spells catched 
[04:02:40] 316 GuildEmblems catched 
[04:02:40] 1179 LearnableSpells catched 
[04:02:40] 9780 ItemTemplates catched 
[04:02:41] 4489 Weapons catched 
[04:02:41] 363 ItemSets catched 
[04:02:41] 171 ItemTypes catched 
[04:02:41] 110 ItemPets catched 
[04:02:41] 2476 NpcTemplates catched 
[04:02:41] 787 NpcSpawns catched 
[04:02:41] 94 NpcItems catched 
[04:02:41] 19801 NpcMessages catched 
[04:02:41] 7 NpcReplies catched 
[04:02:42] 353 Triggers catched
[04:02:42] 1277 Paddocks catched
[04:02:42] 72 Mounts catched
[04:02:42] 4 Guild catched
[04:02:42] 3 GuildMembers catched
[04:02:42] 122 Handlers Readed
[04:02:43] 166 Messages Readed
[04:02:43] WorldServer start in 33729 ms.
[13:51:51] MySQL Database Connected
[13:51:51] 16 Breeds catched
[13:51:51] 256 Heads catched
[13:51:51] 561 Effects catched
[13:51:52] 4 SuperAreas catched
[13:51:52] 48 Areas catched
[13:51:53] 334 SubAreas catched
[13:52:00] 11260 DofusMaps catched
[13:52:00] 9761 StatedElements catched
[13:52:01] 13349 InteractiveElements catched
[13:52:01] 1485 HouseInformations catched
[13:52:01] 556 InteractiveDoors catched
[13:52:01] 3614 MapPositions uncatched
[13:52:01] 14681 MapPositions catched
[13:52:01] 42 MapZaaps catched
[13:52:01] 79 MapSubways catched
[13:52:01] 15228 SpellLevels catched 
[13:52:01] 4772 Spells catched 
[13:52:01] 316 GuildEmblems catched 
[13:52:01] 1179 LearnableSpells catched 
[13:52:01] 9780 ItemTemplates catched 
[13:52:01] 4489 Weapons catched 
[13:52:01] 363 ItemSets catched 
[13:52:01] 171 ItemTypes catched 
[13:52:02] 110 ItemPets catched 
[13:52:02] 2476 NpcTemplates catched 
[13:52:02] 787 NpcSpawns catched 
[13:52:02] 94 NpcItems catched 
[13:52:02] 19801 NpcMessages catched 
[13:52:02] 7 NpcReplies catched 
[13:52:02] 353 Triggers catched
[13:52:02] 1277 Paddocks catched
[13:52:02] 72 Mounts catched
[13:52:03] 4 Guild catched
[13:52:03] 3 GuildMembers catched
[13:52:03] 122 Handlers Readed
[13:52:04] 166 Messages Readed
[13:52:04] WorldServer start in 12721 ms.
[13:55:38] MySQL Database Connected
[13:55:38] 16 Breeds catched
[13:55:38] 256 Heads catched
[13:55:38] 561 Effects catched
[13:55:39] 4 SuperAreas catched
[13:55:39] 48 Areas catched
[13:55:40] 334 SubAreas catched
[13:55:47] 11260 DofusMaps catched
[13:55:47] 9761 StatedElements catched
[13:55:47] 13349 InteractiveElements catched
[13:55:47] 1485 HouseInformations catched
[13:55:47] 556 InteractiveDoors catched
[13:55:48] 3614 MapPositions uncatched
[13:55:48] 14681 MapPositions catched
[13:55:48] 42 MapZaaps catched
[13:55:48] 79 MapSubways catched
[13:55:48] 15228 SpellLevels catched 
[13:55:48] 4772 Spells catched 
[13:55:48] 316 GuildEmblems catched 
[13:55:48] 1179 LearnableSpells catched 
[13:55:48] 9780 ItemTemplates catched 
[13:55:48] 4489 Weapons catched 
[13:55:48] 363 ItemSets catched 
[13:55:48] 171 ItemTypes catched 
[13:55:48] 110 ItemPets catched 
[13:55:49] 2476 NpcTemplates catched 
[13:55:49] 787 NpcSpawns catched 
[13:55:49] 94 NpcItems catched 
[13:55:49] 19801 NpcMessages catched 
[13:55:49] 7 NpcReplies catched 
[13:55:49] 353 Triggers catched
[13:55:49] 1277 Paddocks catched
[13:55:49] 72 Mounts catched
[13:55:49] 4 Guild catched
[13:55:49] 3 GuildMembers catched
[13:55:50] 122 Handlers Readed
[13:55:50] 166 Messages Readed
[13:55:50] WorldServer start in 12626 ms.
[13:57:02] MySQL Database Connected
[13:57:03] 16 Breeds catched
[13:57:03] 256 Heads catched
[13:57:03] 561 Effects catched
[13:57:03] 4 SuperAreas catched
[13:57:03] 48 Areas catched
[13:57:04] 334 SubAreas catched
[13:57:12] 11260 DofusMaps catched
[13:57:12] 9761 StatedElements catched
[13:57:12] 13349 InteractiveElements catched
[13:57:12] 1485 HouseInformations catched
[13:57:12] 556 InteractiveDoors catched
[13:57:12] 3614 MapPositions uncatched
[13:57:12] 14681 MapPositions catched
[13:57:12] 42 MapZaaps catched
[13:57:12] 79 MapSubways catched
[13:57:12] 15228 SpellLevels catched 
[13:57:12] 4772 Spells catched 
[13:57:12] 316 GuildEmblems catched 
[13:57:12] 1179 LearnableSpells catched 
[13:57:13] 9780 ItemTemplates catched 
[13:57:13] 4489 Weapons catched 
[13:57:13] 363 ItemSets catched 
[13:57:13] 171 ItemTypes catched 
[13:57:13] 110 ItemPets catched 
[13:57:13] 2476 NpcTemplates catched 
[13:57:13] 787 NpcSpawns catched 
[13:57:13] 94 NpcItems catched 
[13:57:13] 19801 NpcMessages catched 
[13:57:13] 7 NpcReplies catched 
[13:57:14] 353 Triggers catched
[13:57:14] 1277 Paddocks catched
[13:57:14] 72 Mounts catched
[13:57:14] 4 Guild catched
[13:57:14] 3 GuildMembers catched
[13:57:14] 122 Handlers Readed
[13:57:15] 166 Messages Readed
[13:57:15] WorldServer start in 12460 ms.
[19:28:25] MySQL Database Connected
[19:28:25] 16 Breeds catched
[19:28:25] 256 Heads catched
[19:28:25] 561 Effects catched
[19:28:26] 4 SuperAreas catched
[19:28:26] 48 Areas catched
[19:28:27] 334 SubAreas catched
[19:28:39] 11260 DofusMaps catched
[19:28:39] 9761 StatedElements catched
[19:28:39] 13349 InteractiveElements catched
[19:28:39] 1485 HouseInformations catched
[19:28:39] 556 InteractiveDoors catched
[19:28:40] 3614 MapPositions uncatched
[19:28:40] 14681 MapPositions catched
[19:28:40] 42 MapZaaps catched
[19:28:40] 79 MapSubways catched
[19:28:40] 15228 SpellLevels catched 
[19:28:40] 4772 Spells catched 
[19:28:40] 316 GuildEmblems catched 
[19:28:40] 1179 LearnableSpells catched 
[19:28:40] 9780 ItemTemplates catched 
[19:28:41] 4489 Weapons catched 
[19:28:41] 363 ItemSets catched 
[19:28:41] 171 ItemTypes catched 
[19:28:41] 110 ItemPets catched 
[19:28:41] 2476 NpcTemplates catched 
[19:28:41] 787 NpcSpawns catched 
[19:28:41] 94 NpcItems catched 
[19:28:41] 19801 NpcMessages catched 
[19:28:41] 7 NpcReplies catched 
[19:28:41] 353 Triggers catched
[19:28:42] 1277 Paddocks catched
[19:28:42] 72 Mounts catched
[19:28:42] 4 Guild catched
[19:28:42] 3 GuildMembers catched
[19:28:42] 122 Handlers Readed
[19:28:43] 166 Messages Readed
[19:28:43] WorldServer start in 17530 ms.
[19:34:03] MySQL Database Connected
[19:34:03] 16 Breeds catched
[19:34:03] 256 Heads catched
[19:34:03] 561 Effects catched
[19:34:04] 4 SuperAreas catched
[19:34:04] 48 Areas catched
[19:34:05] 334 SubAreas catched
[19:34:12] 11260 DofusMaps catched
[19:34:12] 9761 StatedElements catched
[19:34:13] 13349 InteractiveElements catched
[19:34:13] 1485 HouseInformations catched
[19:34:13] 556 InteractiveDoors catched
[19:34:13] 3614 MapPositions uncatched
[19:34:13] 14681 MapPositions catched
[19:34:13] 42 MapZaaps catched
[19:34:13] 79 MapSubways catched
[19:34:13] 15228 SpellLevels catched 
[19:34:13] 4772 Spells catched 
[19:34:13] 316 GuildEmblems catched 
[19:34:13] 1179 LearnableSpells catched 
[19:34:13] 9780 ItemTemplates catched 
[19:34:13] 4489 Weapons catched 
[19:34:13] 363 ItemSets catched 
[19:34:13] 171 ItemTypes catched 
[19:34:14] 110 ItemPets catched 
[19:34:14] 2476 NpcTemplates catched 
[19:34:14] 787 NpcSpawns catched 
[19:34:14] 94 NpcItems catched 
[19:34:14] 19801 NpcMessages catched 
[19:34:14] 7 NpcReplies catched 
[19:34:14] 353 Triggers catched
[19:34:14] 1277 Paddocks catched
[19:34:14] 72 Mounts catched
[19:34:14] 4 Guild catched
[19:34:14] 3 GuildMembers catched
[19:34:15] 122 Handlers Readed
[19:34:15] 166 Messages Readed
[19:34:16] WorldServer start in 12744 ms.
[19:35:17] MySQL Database Connected
[19:35:17] 16 Breeds catched
[19:35:17] 256 Heads catched
[19:35:17] 561 Effects catched
[19:35:18] 4 SuperAreas catched
[19:35:18] 48 Areas catched
[19:35:19] 334 SubAreas catched
[19:35:26] 11260 DofusMaps catched
[19:35:26] 9761 StatedElements catched
[19:35:27] 13349 InteractiveElements catched
[19:35:27] 1485 HouseInformations catched
[19:35:27] 556 InteractiveDoors catched
[19:35:27] 3614 MapPositions uncatched
[19:35:27] 14681 MapPositions catched
[19:35:27] 42 MapZaaps catched
[19:35:27] 79 MapSubways catched
[19:35:27] 15228 SpellLevels catched 
[19:35:27] 4772 Spells catched 
[19:35:27] 316 GuildEmblems catched 
[19:35:27] 1179 LearnableSpells catched 
[19:35:27] 9780 ItemTemplates catched 
[19:35:27] 4489 Weapons catched 
[19:35:28] 363 ItemSets catched 
[19:35:28] 171 ItemTypes catched 
[19:35:28] 110 ItemPets catched 
[19:35:28] 2476 NpcTemplates catched 
[19:35:28] 787 NpcSpawns catched 
[19:35:28] 94 NpcItems catched 
[19:35:28] 19801 NpcMessages catched 
[19:35:28] 7 NpcReplies catched 
[19:35:28] 353 Triggers catched
[19:35:28] 1277 Paddocks catched
[19:35:28] 72 Mounts catched
[19:35:28] 4 Guild catched
[19:35:28] 3 GuildMembers catched
[19:35:29] 122 Handlers Readed
[19:35:30] 166 Messages Readed
[19:35:30] WorldServer start in 12702 ms.
[19:40:00] MySQL Database Connected
[19:40:00] 16 Breeds catched
[19:40:00] 256 Heads catched
[19:40:00] 561 Effects catched
[19:40:01] 4 SuperAreas catched
[19:40:01] 48 Areas catched
[19:40:02] 334 SubAreas catched
[19:40:10] 11260 DofusMaps catched
[19:40:10] 9761 StatedElements catched
[19:40:10] 13349 InteractiveElements catched
[19:40:10] 1485 HouseInformations catched
[19:40:10] 556 InteractiveDoors catched
[19:40:10] 3614 MapPositions uncatched
[19:40:10] 14681 MapPositions catched
[19:40:10] 42 MapZaaps catched
[19:40:10] 79 MapSubways catched
[19:40:10] 15228 SpellLevels catched 
[19:40:11] 4772 Spells catched 
[19:40:11] 316 GuildEmblems catched 
[19:40:11] 1179 LearnableSpells catched 
[19:40:11] 9780 ItemTemplates catched 
[19:40:11] 4489 Weapons catched 
[19:40:11] 363 ItemSets catched 
[19:40:11] 171 ItemTypes catched 
[19:40:11] 110 ItemPets catched 
[19:40:12] 2476 NpcTemplates catched 
[19:40:12] 787 NpcSpawns catched 
[19:40:12] 94 NpcItems catched 
[19:40:12] 19801 NpcMessages catched 
[19:40:12] 7 NpcReplies catched 
[19:40:12] 353 Triggers catched
[19:40:12] 1277 Paddocks catched
[19:40:12] 72 Mounts catched
[19:40:12] 4 Guild catched
[19:40:12] 3 GuildMembers catched
[19:40:12] 122 Handlers Readed
[19:40:13] 166 Messages Readed
[19:40:13] WorldServer start in 13188 ms.
[19:48:21] MySQL Database Connected
[19:48:21] 16 Breeds catched
[19:48:21] 256 Heads catched
[19:48:21] 561 Effects catched
[19:48:21] 4 SuperAreas catched
[19:48:21] 48 Areas catched
[19:48:22] 334 SubAreas catched
[19:48:30] 11260 DofusMaps catched
[19:48:30] 9761 StatedElements catched
[19:48:30] 13349 InteractiveElements catched
[19:48:30] 1485 HouseInformations catched
[19:48:30] 556 InteractiveDoors catched
[19:48:30] 3614 MapPositions uncatched
[19:48:30] 14681 MapPositions catched
[19:48:30] 42 MapZaaps catched
[19:48:30] 79 MapSubways catched
[19:48:31] 15228 SpellLevels catched 
[19:48:31] 4772 Spells catched 
[19:48:31] 316 GuildEmblems catched 
[19:48:31] 1179 LearnableSpells catched 
[19:48:31] 9780 ItemTemplates catched 
[19:48:33] 4489 Weapons catched 
[19:48:35] 363 ItemSets catched 
[19:48:35] 171 ItemTypes catched 
[19:48:35] 110 ItemPets catched 
[19:48:36] 2476 NpcTemplates catched 
[19:48:36] 787 NpcSpawns catched 
[19:48:36] 94 NpcItems catched 
[19:48:36] 19801 NpcMessages catched 
[19:48:36] 7 NpcReplies catched 
[19:48:36] 353 Triggers catched
[19:48:36] 1277 Paddocks catched
[19:48:36] 72 Mounts catched
[19:48:36] 4 Guild catched
[19:48:36] 3 GuildMembers catched
[19:48:37] 122 Handlers Readed
[19:48:38] 166 Messages Readed
[19:48:38] WorldServer start in 17242 ms.
