[00:34:36] MySQL Database Connected
[00:34:36] 16 Breeds catched
[00:34:36] 256 Heads catched
[00:34:36] 561 Effects catched
[00:34:36] 4 SuperAreas catched
[00:34:36] 48 Areas catched
[00:34:37] 334 SubAreas catched
[00:34:45] 11260 DofusMaps catched
[00:34:45] 9761 StatedElements catched
[00:34:45] 13349 InteractiveElements catched
[00:34:45] 1485 HouseInformations catched
[00:34:45] 556 InteractiveDoors catched
[00:34:45] 3614 MapPositions uncatched
[00:34:45] 14681 MapPositions catched
[00:34:45] 42 MapZaaps catched
[00:34:45] 79 MapSubways catched
[00:34:46] 15228 SpellLevels catched 
[00:34:46] 4772 Spells catched 
[00:34:46] 316 GuildEmblems catched 
[00:34:46] 1179 LearnableSpells catched 
[00:34:46] 9780 ItemTemplates catched 
[00:34:47] 4489 Weapons catched 
[00:34:47] 363 ItemSets catched 
[00:34:47] 171 ItemTypes catched 
[00:34:47] 110 ItemPets catched 
[00:34:47] 2476 NpcTemplates catched 
[00:34:47] 787 NpcSpawns catched 
[00:34:47] 94 NpcItems catched 
[00:34:47] 19801 NpcMessages catched 
[00:34:47] 7 NpcReplies catched 
[00:34:48] 353 Triggers catched
[00:34:48] 1277 Paddocks catched
[00:34:48] 72 Mounts catched
[00:34:48] 4 Guild catched
[00:34:48] 3 GuildMembers catched
[00:34:48] 122 Handlers Readed
[00:34:49] 166 Messages Readed
[00:34:49] WorldServer start in 13415 ms.
[00:36:41] MySQL Database Connected
[00:36:41] 16 Breeds catched
[00:36:41] 256 Heads catched
[00:36:41] 561 Effects catched
[00:36:41] 4 SuperAreas catched
[00:36:41] 48 Areas catched
[00:36:42] 334 SubAreas catched
[00:36:50] 11260 DofusMaps catched
[00:36:50] 9761 StatedElements catched
[00:36:50] 13349 InteractiveElements catched
[00:36:50] 1485 HouseInformations catched
[00:36:50] 556 InteractiveDoors catched
[00:36:50] 3614 MapPositions uncatched
[00:36:50] 14681 MapPositions catched
[00:36:50] 42 MapZaaps catched
[00:36:50] 79 MapSubways catched
[00:36:51] 15228 SpellLevels catched 
[00:36:51] 4772 Spells catched 
[00:36:51] 316 GuildEmblems catched 
[00:36:51] 1179 LearnableSpells catched 
[00:36:51] 9780 ItemTemplates catched 
[00:36:51] 4489 Weapons catched 
[00:36:51] 363 ItemSets catched 
[00:36:51] 171 ItemTypes catched 
[00:36:51] 110 ItemPets catched 
[00:36:52] 2476 NpcTemplates catched 
[00:36:52] 787 NpcSpawns catched 
[00:36:52] 94 NpcItems catched 
[00:36:52] 19801 NpcMessages catched 
[00:36:52] 7 NpcReplies catched 
[00:36:52] 353 Triggers catched
[00:36:52] 1277 Paddocks catched
[00:36:52] 72 Mounts catched
[00:36:52] 4 Guild catched
[00:36:52] 3 GuildMembers catched
[00:36:53] 122 Handlers Readed
[00:36:53] 166 Messages Readed
[00:36:53] WorldServer start in 12885 ms.
[00:38:42] MySQL Database Connected
[00:38:42] 16 Breeds catched
[00:38:42] 256 Heads catched
[00:38:42] 561 Effects catched
[00:38:43] 4 SuperAreas catched
[00:38:43] 48 Areas catched
[00:38:44] 334 SubAreas catched
[00:38:51] 11260 DofusMaps catched
[00:38:51] 9761 StatedElements catched
[00:38:51] 13349 InteractiveElements catched
[00:38:51] 1485 HouseInformations catched
[00:38:51] 556 InteractiveDoors catched
[00:38:51] 3614 MapPositions uncatched
[00:38:51] 14681 MapPositions catched
[00:38:51] 42 MapZaaps catched
[00:38:51] 79 MapSubways catched
[00:38:52] 15228 SpellLevels catched 
[00:38:52] 4772 Spells catched 
[00:38:52] 316 GuildEmblems catched 
[00:38:52] 1179 LearnableSpells catched 
[00:38:52] 9780 ItemTemplates catched 
[00:38:52] 4489 Weapons catched 
[00:38:52] 363 ItemSets catched 
[00:38:52] 171 ItemTypes catched 
[00:38:52] 110 ItemPets catched 
[00:38:53] 2476 NpcTemplates catched 
[00:38:53] 787 NpcSpawns catched 
[00:38:53] 94 NpcItems catched 
[00:38:53] 19801 NpcMessages catched 
[00:38:53] 7 NpcReplies catched 
[00:38:53] 353 Triggers catched
[00:38:53] 1277 Paddocks catched
[00:38:53] 72 Mounts catched
[00:38:53] 4 Guild catched
[00:38:53] 3 GuildMembers catched
[00:38:54] 122 Handlers Readed
[00:38:54] 166 Messages Readed
[00:38:54] WorldServer start in 12341 ms.
[00:41:38] MySQL Database Connected
[00:41:38] 16 Breeds catched
[00:41:38] 256 Heads catched
[00:41:38] 561 Effects catched
[00:41:39] 4 SuperAreas catched
[00:41:39] 48 Areas catched
[00:41:40] 334 SubAreas catched
[00:41:54] 11260 DofusMaps catched
[00:41:54] 9761 StatedElements catched
[00:41:55] 13349 InteractiveElements catched
[00:41:55] 1485 HouseInformations catched
[00:41:55] 556 InteractiveDoors catched
[00:41:55] 3614 MapPositions uncatched
[00:41:55] 14681 MapPositions catched
[00:41:55] 42 MapZaaps catched
[00:41:55] 79 MapSubways catched
[00:41:55] 15228 SpellLevels catched 
[00:41:55] 4772 Spells catched 
[00:41:55] 316 GuildEmblems catched 
[00:41:55] 1179 LearnableSpells catched 
[00:41:55] 9780 ItemTemplates catched 
[00:41:56] 4489 Weapons catched 
[00:41:56] 363 ItemSets catched 
[00:41:56] 171 ItemTypes catched 
[00:41:56] 110 ItemPets catched 
[00:41:56] 2476 NpcTemplates catched 
[00:41:56] 787 NpcSpawns catched 
[00:41:56] 94 NpcItems catched 
[00:41:56] 19801 NpcMessages catched 
[00:41:56] 7 NpcReplies catched 
[00:41:56] 353 Triggers catched
[00:41:57] 1277 Paddocks catched
[00:41:57] 72 Mounts catched
[00:41:57] 4 Guild catched
[00:41:57] 3 GuildMembers catched
[00:41:57] 122 Handlers Readed
[00:41:58] 166 Messages Readed
[00:41:58] WorldServer start in 19665 ms.
[00:46:32] MySQL Database Connected
[00:46:33] 16 Breeds catched
[00:46:33] 256 Heads catched
[00:46:33] 561 Effects catched
[00:46:33] 4 SuperAreas catched
[00:46:33] 48 Areas catched
[00:46:34] 334 SubAreas catched
[00:46:42] 11260 DofusMaps catched
[00:46:42] 9761 StatedElements catched
[00:46:42] 13349 InteractiveElements catched
[00:46:42] 1485 HouseInformations catched
[00:46:42] 556 InteractiveDoors catched
[00:46:43] 3614 MapPositions uncatched
[00:46:43] 14681 MapPositions catched
[00:46:43] 42 MapZaaps catched
[00:46:43] 79 MapSubways catched
[00:46:43] 15228 SpellLevels catched 
[00:46:43] 4772 Spells catched 
[00:46:43] 316 GuildEmblems catched 
[00:46:43] 1179 LearnableSpells catched 
[00:46:43] 9780 ItemTemplates catched 
[00:46:43] 4489 Weapons catched 
[00:46:43] 363 ItemSets catched 
[00:46:43] 171 ItemTypes catched 
[00:46:44] 110 ItemPets catched 
[00:46:44] 2476 NpcTemplates catched 
[00:46:44] 787 NpcSpawns catched 
[00:46:44] 94 NpcItems catched 
[00:46:44] 19801 NpcMessages catched 
[00:46:44] 7 NpcReplies catched 
[00:46:44] 353 Triggers catched
[00:46:44] 1277 Paddocks catched
[00:46:44] 72 Mounts catched
[00:46:44] 4 Guild catched
[00:46:44] 3 GuildMembers catched
[00:46:45] 122 Handlers Readed
[00:46:45] 166 Messages Readed
[00:46:46] WorldServer start in 13395 ms.
[00:49:01] MySQL Database Connected
[00:49:01] 16 Breeds catched
[00:49:01] 256 Heads catched
[00:49:01] 561 Effects catched
[00:49:02] 4 SuperAreas catched
[00:49:02] 48 Areas catched
[00:49:03] 334 SubAreas catched
[00:49:14] 11260 DofusMaps catched
[00:49:14] 9761 StatedElements catched
[00:49:14] 13349 InteractiveElements catched
[00:49:14] 1485 HouseInformations catched
[00:49:14] 556 InteractiveDoors catched
[00:49:14] 3614 MapPositions uncatched
[00:49:14] 14681 MapPositions catched
[00:49:14] 42 MapZaaps catched
[00:49:14] 79 MapSubways catched
[00:49:15] 15228 SpellLevels catched 
[00:49:15] 4772 Spells catched 
[00:49:15] 316 GuildEmblems catched 
[00:49:15] 1179 LearnableSpells catched 
[00:49:15] 9780 ItemTemplates catched 
[00:49:15] 4489 Weapons catched 
[00:49:15] 363 ItemSets catched 
[00:49:15] 171 ItemTypes catched 
[00:49:15] 110 ItemPets catched 
[00:49:16] 2476 NpcTemplates catched 
[00:49:16] 787 NpcSpawns catched 
[00:49:16] 94 NpcItems catched 
[00:49:16] 19801 NpcMessages catched 
[00:49:16] 7 NpcReplies catched 
[00:49:16] 353 Triggers catched
[00:49:16] 1277 Paddocks catched
[00:49:16] 72 Mounts catched
[00:49:16] 4 Guild catched
[00:49:16] 3 GuildMembers catched
[00:49:17] 122 Handlers Readed
[00:49:17] 166 Messages Readed
[00:49:17] WorldServer start in 16198 ms.
[00:50:38] MySQL Database Connected
[00:50:38] 16 Breeds catched
[00:50:38] 256 Heads catched
[00:50:38] 561 Effects catched
[00:50:38] 4 SuperAreas catched
[00:50:38] 48 Areas catched
[00:50:39] 334 SubAreas catched
[00:50:47] 11260 DofusMaps catched
[00:50:47] 9761 StatedElements catched
[00:50:47] 13349 InteractiveElements catched
[00:50:47] 1485 HouseInformations catched
[00:50:47] 556 InteractiveDoors catched
[00:50:47] 3614 MapPositions uncatched
[00:50:47] 14681 MapPositions catched
[00:50:47] 42 MapZaaps catched
[00:50:47] 79 MapSubways catched
[00:50:47] 15228 SpellLevels catched 
[00:50:47] 4772 Spells catched 
[00:50:47] 316 GuildEmblems catched 
[00:50:47] 1179 LearnableSpells catched 
[00:50:47] 9780 ItemTemplates catched 
[00:50:48] 4489 Weapons catched 
[00:50:48] 363 ItemSets catched 
[00:50:48] 171 ItemTypes catched 
[00:50:48] 110 ItemPets catched 
[00:50:48] 2476 NpcTemplates catched 
[00:50:48] 787 NpcSpawns catched 
[00:50:48] 94 NpcItems catched 
[00:50:48] 19801 NpcMessages catched 
[00:50:48] 7 NpcReplies catched 
[00:50:49] 353 Triggers catched
[00:50:49] 1277 Paddocks catched
[00:50:49] 72 Mounts catched
[00:50:49] 4 Guild catched
[00:50:49] 3 GuildMembers catched
[00:50:49] 122 Handlers Readed
[00:50:50] 166 Messages Readed
[00:50:50] WorldServer start in 12510 ms.
[00:53:26] MySQL Database Connected
[00:53:26] 16 Breeds catched
[00:53:26] 256 Heads catched
[00:53:26] 561 Effects catched
[00:53:26] 4 SuperAreas catched
[00:53:26] 48 Areas catched
[00:53:27] 334 SubAreas catched
[00:53:35] 11260 DofusMaps catched
[00:53:35] 9761 StatedElements catched
[00:53:35] 13349 InteractiveElements catched
[00:53:35] 1485 HouseInformations catched
[00:53:35] 556 InteractiveDoors catched
[00:53:35] 3614 MapPositions uncatched
[00:53:35] 14681 MapPositions catched
[00:53:35] 42 MapZaaps catched
[00:53:35] 79 MapSubways catched
[00:53:35] 15228 SpellLevels catched 
[00:53:36] 4772 Spells catched 
[00:53:36] 316 GuildEmblems catched 
[00:53:36] 1179 LearnableSpells catched 
[00:53:36] 9780 ItemTemplates catched 
[00:53:36] 4489 Weapons catched 
[00:53:36] 363 ItemSets catched 
[00:53:36] 171 ItemTypes catched 
[00:53:36] 110 ItemPets catched 
[00:53:36] 2476 NpcTemplates catched 
[00:53:36] 787 NpcSpawns catched 
[00:53:36] 94 NpcItems catched 
[00:53:37] 19801 NpcMessages catched 
[00:53:37] 7 NpcReplies catched 
[00:53:37] 353 Triggers catched
[00:53:37] 1277 Paddocks catched
[00:53:37] 72 Mounts catched
[00:53:37] 4 Guild catched
[00:53:37] 3 GuildMembers catched
[00:53:37] 122 Handlers Readed
[00:53:38] 166 Messages Readed
[00:53:38] WorldServer start in 12397 ms.
[00:55:10] MySQL Database Connected
[00:55:10] 16 Breeds catched
[00:55:10] 256 Heads catched
[00:55:10] 561 Effects catched
[00:55:10] 4 SuperAreas catched
[00:55:10] 48 Areas catched
[00:55:12] 334 SubAreas catched
[00:55:19] 11260 DofusMaps catched
[00:55:19] 9761 StatedElements catched
[00:55:19] 13349 InteractiveElements catched
[00:55:19] 1485 HouseInformations catched
[00:55:19] 556 InteractiveDoors catched
[00:55:19] 3614 MapPositions uncatched
[00:55:19] 14681 MapPositions catched
[00:55:19] 42 MapZaaps catched
[00:55:19] 79 MapSubways catched
[00:55:20] 15228 SpellLevels catched 
[00:55:20] 4772 Spells catched 
[00:55:20] 316 GuildEmblems catched 
[00:55:20] 1179 LearnableSpells catched 
[00:55:20] 9780 ItemTemplates catched 
[00:55:20] 4489 Weapons catched 
[00:55:20] 363 ItemSets catched 
[00:55:20] 171 ItemTypes catched 
[00:55:20] 110 ItemPets catched 
[00:55:21] 2476 NpcTemplates catched 
[00:55:21] 787 NpcSpawns catched 
[00:55:21] 94 NpcItems catched 
[00:55:21] 19801 NpcMessages catched 
[00:55:21] 7 NpcReplies catched 
[00:55:21] 353 Triggers catched
[00:55:21] 1277 Paddocks catched
[00:55:21] 72 Mounts catched
[00:55:21] 4 Guild catched
[00:55:21] 3 GuildMembers catched
[00:55:22] 122 Handlers Readed
[00:55:22] 166 Messages Readed
[00:55:22] WorldServer start in 12704 ms.
[00:57:08] MySQL Database Connected
[00:57:08] 16 Breeds catched
[00:57:08] 256 Heads catched
[00:57:08] 561 Effects catched
[00:57:08] 4 SuperAreas catched
[00:57:08] 48 Areas catched
[00:57:09] 334 SubAreas catched
[00:57:17] 11260 DofusMaps catched
[00:57:17] 9761 StatedElements catched
[00:57:17] 13349 InteractiveElements catched
[00:57:17] 1485 HouseInformations catched
[00:57:17] 556 InteractiveDoors catched
[00:57:17] 3614 MapPositions uncatched
[00:57:17] 14681 MapPositions catched
[00:57:17] 42 MapZaaps catched
[00:57:17] 79 MapSubways catched
[00:57:17] 15228 SpellLevels catched 
[00:57:17] 4772 Spells catched 
[00:57:17] 316 GuildEmblems catched 
[00:57:17] 1179 LearnableSpells catched 
[00:57:17] 9780 ItemTemplates catched 
[00:57:18] 4489 Weapons catched 
[00:57:18] 363 ItemSets catched 
[00:57:18] 171 ItemTypes catched 
[00:57:18] 110 ItemPets catched 
[00:57:18] 2476 NpcTemplates catched 
[00:57:18] 787 NpcSpawns catched 
[00:57:18] 94 NpcItems catched 
[00:57:18] 19801 NpcMessages catched 
[00:57:18] 7 NpcReplies catched 
[00:57:18] 353 Triggers catched
[00:57:18] 1277 Paddocks catched
[00:57:18] 72 Mounts catched
[00:57:19] 4 Guild catched
[00:57:19] 3 GuildMembers catched
[00:57:19] 122 Handlers Readed
[00:57:20] 166 Messages Readed
[00:57:20] WorldServer start in 12241 ms.
[00:59:09] MySQL Database Connected
[00:59:09] 16 Breeds catched
[00:59:09] 256 Heads catched
[00:59:09] 561 Effects catched
[00:59:09] 4 SuperAreas catched
[00:59:09] 48 Areas catched
[00:59:10] 334 SubAreas catched
[00:59:17] 11260 DofusMaps catched
[00:59:17] 9761 StatedElements catched
[00:59:18] 13349 InteractiveElements catched
[00:59:18] 1485 HouseInformations catched
[00:59:18] 556 InteractiveDoors catched
[00:59:18] 3614 MapPositions uncatched
[00:59:18] 14681 MapPositions catched
[00:59:18] 42 MapZaaps catched
[00:59:18] 79 MapSubways catched
[00:59:18] 15228 SpellLevels catched 
[00:59:18] 4772 Spells catched 
[00:59:18] 316 GuildEmblems catched 
[00:59:18] 1179 LearnableSpells catched 
[00:59:18] 9780 ItemTemplates catched 
[00:59:18] 4489 Weapons catched 
[00:59:18] 363 ItemSets catched 
[00:59:18] 171 ItemTypes catched 
[00:59:19] 110 ItemPets catched 
[00:59:19] 2476 NpcTemplates catched 
[00:59:19] 787 NpcSpawns catched 
[00:59:19] 94 NpcItems catched 
[00:59:19] 19801 NpcMessages catched 
[00:59:19] 7 NpcReplies catched 
[00:59:19] 353 Triggers catched
[00:59:20] 1277 Paddocks catched
[00:59:20] 72 Mounts catched
[00:59:20] 4 Guild catched
[00:59:20] 3 GuildMembers catched
[00:59:20] 122 Handlers Readed
[00:59:21] 166 Messages Readed
[00:59:21] WorldServer start in 12068 ms.
[01:00:13] MySQL Database Connected
[01:00:13] 16 Breeds catched
[01:00:13] 256 Heads catched
[01:00:13] 561 Effects catched
[01:00:13] 4 SuperAreas catched
[01:00:13] 48 Areas catched
[01:00:14] 334 SubAreas catched
[01:00:22] 11260 DofusMaps catched
[01:00:22] 9761 StatedElements catched
[01:00:22] 13349 InteractiveElements catched
[01:00:22] 1485 HouseInformations catched
[01:00:22] 556 InteractiveDoors catched
[01:00:22] 3614 MapPositions uncatched
[01:00:22] 14681 MapPositions catched
[01:00:22] 42 MapZaaps catched
[01:00:22] 79 MapSubways catched
[01:00:23] 15228 SpellLevels catched 
[01:00:23] 4772 Spells catched 
[01:00:23] 316 GuildEmblems catched 
[01:00:23] 1179 LearnableSpells catched 
[01:00:23] 9780 ItemTemplates catched 
[01:00:23] 4489 Weapons catched 
[01:00:23] 363 ItemSets catched 
[01:00:23] 171 ItemTypes catched 
[01:00:23] 110 ItemPets catched 
[01:00:24] 2476 NpcTemplates catched 
[01:00:24] 787 NpcSpawns catched 
[01:00:24] 94 NpcItems catched 
[01:00:24] 19801 NpcMessages catched 
[01:00:24] 7 NpcReplies catched 
[01:00:24] 353 Triggers catched
[01:00:24] 1277 Paddocks catched
[01:00:24] 72 Mounts catched
[01:00:24] 4 Guild catched
[01:00:24] 3 GuildMembers catched
[01:00:25] 122 Handlers Readed
[01:00:25] 166 Messages Readed
[01:00:25] WorldServer start in 12845 ms.
[01:03:14] MySQL Database Connected
[01:03:14] 16 Breeds catched
[01:03:14] 256 Heads catched
[01:03:14] 561 Effects catched
[01:03:15] 4 SuperAreas catched
[01:03:15] 48 Areas catched
[01:03:16] 334 SubAreas catched
[01:03:23] 11260 DofusMaps catched
[01:03:23] 9761 StatedElements catched
[01:03:23] 13349 InteractiveElements catched
[01:03:23] 1485 HouseInformations catched
[01:03:23] 556 InteractiveDoors catched
[01:03:23] 3614 MapPositions uncatched
[01:03:23] 14681 MapPositions catched
[01:03:23] 42 MapZaaps catched
[01:03:23] 79 MapSubways catched
[01:03:24] 15228 SpellLevels catched 
[01:03:24] 4772 Spells catched 
[01:03:24] 316 GuildEmblems catched 
[01:03:24] 1179 LearnableSpells catched 
[01:03:24] 9780 ItemTemplates catched 
[01:03:24] 4489 Weapons catched 
[01:03:24] 363 ItemSets catched 
[01:03:24] 171 ItemTypes catched 
[01:03:24] 110 ItemPets catched 
[01:03:25] 2476 NpcTemplates catched 
[01:03:25] 787 NpcSpawns catched 
[01:03:25] 94 NpcItems catched 
[01:03:25] 19801 NpcMessages catched 
[01:03:25] 7 NpcReplies catched 
[01:03:25] 353 Triggers catched
[01:03:25] 1277 Paddocks catched
[01:03:25] 72 Mounts catched
[01:03:25] 4 Guild catched
[01:03:25] 3 GuildMembers catched
[01:03:26] 122 Handlers Readed
[01:03:26] 166 Messages Readed
[01:03:26] WorldServer start in 12203 ms.
[01:04:15] MySQL Database Connected
[01:04:15] 16 Breeds catched
[01:04:15] 256 Heads catched
[01:04:15] 561 Effects catched
[01:04:16] 4 SuperAreas catched
[01:04:16] 48 Areas catched
[01:04:17] 334 SubAreas catched
[01:04:24] 11260 DofusMaps catched
[01:04:24] 9761 StatedElements catched
[01:04:24] 13349 InteractiveElements catched
[01:04:24] 1485 HouseInformations catched
[01:04:24] 556 InteractiveDoors catched
[01:04:24] 3614 MapPositions uncatched
[01:04:24] 14681 MapPositions catched
[01:04:24] 42 MapZaaps catched
[01:04:24] 79 MapSubways catched
[01:04:25] 15228 SpellLevels catched 
[01:04:25] 4772 Spells catched 
[01:04:25] 316 GuildEmblems catched 
[01:04:25] 1179 LearnableSpells catched 
[01:04:25] 9780 ItemTemplates catched 
[01:04:25] 4489 Weapons catched 
[01:04:25] 363 ItemSets catched 
[01:04:25] 171 ItemTypes catched 
[01:04:25] 110 ItemPets catched 
[01:04:25] 2476 NpcTemplates catched 
[01:04:26] 787 NpcSpawns catched 
[01:04:26] 94 NpcItems catched 
[01:04:26] 19801 NpcMessages catched 
[01:04:26] 7 NpcReplies catched 
[01:04:26] 353 Triggers catched
[01:04:26] 1277 Paddocks catched
[01:04:26] 72 Mounts catched
[01:04:26] 4 Guild catched
[01:04:26] 3 GuildMembers catched
[01:04:26] 122 Handlers Readed
[01:04:27] 166 Messages Readed
[01:04:27] WorldServer start in 12526 ms.
[01:05:11] MySQL Database Connected
[01:05:11] 16 Breeds catched
[01:05:11] 256 Heads catched
[01:05:11] 561 Effects catched
[01:05:12] 4 SuperAreas catched
[01:05:12] 48 Areas catched
[01:05:13] 334 SubAreas catched
[01:05:22] 11260 DofusMaps catched
[01:05:22] 9761 StatedElements catched
[01:05:23] 13349 InteractiveElements catched
[01:05:23] 1485 HouseInformations catched
[01:05:23] 556 InteractiveDoors catched
[01:05:23] 3614 MapPositions uncatched
[01:05:23] 14681 MapPositions catched
[01:05:23] 42 MapZaaps catched
[01:05:23] 79 MapSubways catched
[01:05:23] 15228 SpellLevels catched 
[01:05:23] 4772 Spells catched 
[01:05:23] 316 GuildEmblems catched 
[01:05:23] 1179 LearnableSpells catched 
[01:05:23] 9780 ItemTemplates catched 
[01:05:23] 4489 Weapons catched 
[01:05:23] 363 ItemSets catched 
[01:05:23] 171 ItemTypes catched 
[01:05:24] 110 ItemPets catched 
[01:05:24] 2476 NpcTemplates catched 
[01:05:24] 787 NpcSpawns catched 
[01:05:24] 94 NpcItems catched 
[01:05:24] 19801 NpcMessages catched 
[01:05:24] 7 NpcReplies catched 
[01:05:24] 353 Triggers catched
[01:05:24] 1277 Paddocks catched
[01:05:24] 72 Mounts catched
[01:05:24] 4 Guild catched
[01:05:24] 3 GuildMembers catched
[01:05:25] 122 Handlers Readed
[01:05:25] 166 Messages Readed
[01:05:26] WorldServer start in 14395 ms.
[03:05:34] MySQL Database Connected
[03:05:34] 16 Breeds catched
[03:05:34] 256 Heads catched
[03:05:34] 561 Effects catched
[03:05:35] 4 SuperAreas catched
[03:05:35] 48 Areas catched
[03:05:36] 334 SubAreas catched
[03:05:44] 11260 DofusMaps catched
[03:05:44] 9761 StatedElements catched
[03:05:44] 13349 InteractiveElements catched
[03:05:44] 1485 HouseInformations catched
[03:05:44] 556 InteractiveDoors catched
[03:05:44] 3614 MapPositions uncatched
[03:05:44] 14681 MapPositions catched
[03:05:44] 42 MapZaaps catched
[03:05:44] 79 MapSubways catched
[03:05:45] 15228 SpellLevels catched 
[03:05:45] 4772 Spells catched 
[03:05:45] 316 GuildEmblems catched 
[03:05:45] 1179 LearnableSpells catched 
[03:05:45] 9780 ItemTemplates catched 
[03:05:45] 4489 Weapons catched 
[03:05:45] 363 ItemSets catched 
[03:05:45] 171 ItemTypes catched 
[03:05:45] 110 ItemPets catched 
[03:05:46] 2476 NpcTemplates catched 
[03:05:46] 787 NpcSpawns catched 
[03:05:46] 94 NpcItems catched 
[03:05:46] 19801 NpcMessages catched 
[03:05:46] 7 NpcReplies catched 
[03:05:46] 353 Triggers catched
[03:05:46] 1277 Paddocks catched
[03:05:46] 72 Mounts catched
[03:05:46] 4 Guild catched
[03:05:46] 3 GuildMembers catched
[03:05:47] 122 Handlers Readed
[03:05:47] 166 Messages Readed
[03:05:47] WorldServer start in 13219 ms.
[03:07:08] MySQL Database Connected
[03:07:08] 16 Breeds catched
[03:07:08] 256 Heads catched
[03:07:08] 561 Effects catched
[03:07:08] 4 SuperAreas catched
[03:07:08] 48 Areas catched
[03:07:09] 334 SubAreas catched
[03:07:17] 11260 DofusMaps catched
[03:07:17] 9761 StatedElements catched
[03:07:17] 13349 InteractiveElements catched
[03:07:17] 1485 HouseInformations catched
[03:07:17] 556 InteractiveDoors catched
[03:07:17] 3614 MapPositions uncatched
[03:07:17] 14681 MapPositions catched
[03:07:17] 42 MapZaaps catched
[03:07:17] 79 MapSubways catched
[03:07:17] 15228 SpellLevels catched 
[03:07:17] 4772 Spells catched 
[03:07:17] 316 GuildEmblems catched 
[03:07:17] 1179 LearnableSpells catched 
[03:07:18] 9780 ItemTemplates catched 
[03:07:18] 4489 Weapons catched 
[03:07:18] 363 ItemSets catched 
[03:07:18] 171 ItemTypes catched 
[03:07:18] 110 ItemPets catched 
[03:07:18] 2476 NpcTemplates catched 
[03:07:18] 787 NpcSpawns catched 
[03:07:18] 94 NpcItems catched 
[03:07:18] 19801 NpcMessages catched 
[03:07:18] 7 NpcReplies catched 
[03:07:19] 353 Triggers catched
[03:07:19] 1277 Paddocks catched
[03:07:19] 72 Mounts catched
[03:07:19] 4 Guild catched
[03:07:19] 3 GuildMembers catched
[03:07:19] 122 Handlers Readed
[03:07:20] 166 Messages Readed
[03:07:20] WorldServer start in 12315 ms.
[03:08:28] MySQL Database Connected
[03:08:28] 16 Breeds catched
[03:08:28] 256 Heads catched
[03:08:28] 561 Effects catched
[03:08:28] 4 SuperAreas catched
[03:08:28] 48 Areas catched
[03:08:29] 334 SubAreas catched
[03:08:37] 11260 DofusMaps catched
[03:08:37] 9761 StatedElements catched
[03:08:37] 13349 InteractiveElements catched
[03:08:37] 1485 HouseInformations catched
[03:08:37] 556 InteractiveDoors catched
[03:08:37] 3614 MapPositions uncatched
[03:08:37] 14681 MapPositions catched
[03:08:37] 42 MapZaaps catched
[03:08:37] 79 MapSubways catched
[03:08:38] 15228 SpellLevels catched 
[03:08:38] 4772 Spells catched 
[03:08:38] 316 GuildEmblems catched 
[03:08:38] 1179 LearnableSpells catched 
[03:08:38] 9780 ItemTemplates catched 
[03:08:38] 4489 Weapons catched 
[03:08:38] 363 ItemSets catched 
[03:08:38] 171 ItemTypes catched 
[03:08:38] 110 ItemPets catched 
[03:08:39] 2476 NpcTemplates catched 
[03:08:39] 787 NpcSpawns catched 
[03:08:39] 94 NpcItems catched 
[03:08:39] 19801 NpcMessages catched 
[03:08:39] 7 NpcReplies catched 
[03:08:39] 353 Triggers catched
[03:08:39] 1277 Paddocks catched
[03:08:39] 72 Mounts catched
[03:08:39] 4 Guild catched
[03:08:39] 3 GuildMembers catched
[03:08:39] 122 Handlers Readed
[03:08:40] 166 Messages Readed
[03:08:40] WorldServer start in 12710 ms.
[03:15:07] MySQL Database Connected
[03:15:07] 16 Breeds catched
[03:15:07] 256 Heads catched
[03:15:07] 561 Effects catched
[03:15:07] 4 SuperAreas catched
[03:15:07] 48 Areas catched
[03:15:08] 334 SubAreas catched
[03:15:16] 11260 DofusMaps catched
[03:15:16] 9761 StatedElements catched
[03:15:16] 13349 InteractiveElements catched
[03:15:16] 1485 HouseInformations catched
[03:15:16] 556 InteractiveDoors catched
[03:15:16] 3614 MapPositions uncatched
[03:15:16] 14681 MapPositions catched
[03:15:16] 42 MapZaaps catched
[03:15:16] 79 MapSubways catched
[03:15:16] 15228 SpellLevels catched 
[03:15:16] 4772 Spells catched 
[03:15:16] 316 GuildEmblems catched 
[03:15:16] 1179 LearnableSpells catched 
[03:15:17] 9780 ItemTemplates catched 
[03:15:17] 4489 Weapons catched 
[03:15:17] 363 ItemSets catched 
[03:15:17] 171 ItemTypes catched 
[03:15:17] 110 ItemPets catched 
[03:15:17] 2476 NpcTemplates catched 
[03:15:17] 787 NpcSpawns catched 
[03:15:17] 94 NpcItems catched 
[03:15:17] 19801 NpcMessages catched 
[03:15:17] 7 NpcReplies catched 
[03:15:18] 353 Triggers catched
[03:15:18] 1277 Paddocks catched
[03:15:18] 72 Mounts catched
[03:15:18] 4 Guild catched
[03:15:18] 3 GuildMembers catched
[03:15:18] 122 Handlers Readed
[03:15:19] 166 Messages Readed
[03:15:19] WorldServer start in 12494 ms.
[03:18:10] MySQL Database Connected
[03:18:10] 16 Breeds catched
[03:18:10] 256 Heads catched
[03:18:10] 561 Effects catched
[03:18:11] 4 SuperAreas catched
[03:18:11] 48 Areas catched
[03:18:12] 334 SubAreas catched
[03:18:19] 11260 DofusMaps catched
[03:18:19] 9761 StatedElements catched
[03:18:19] 13349 InteractiveElements catched
[03:18:19] 1485 HouseInformations catched
[03:18:19] 556 InteractiveDoors catched
[03:18:19] 3614 MapPositions uncatched
[03:18:19] 14681 MapPositions catched
[03:18:19] 42 MapZaaps catched
[03:18:19] 79 MapSubways catched
[03:18:19] 15228 SpellLevels catched 
[03:18:19] 4772 Spells catched 
[03:18:19] 316 GuildEmblems catched 
[03:18:19] 1179 LearnableSpells catched 
[03:18:20] 9780 ItemTemplates catched 
[03:18:20] 4489 Weapons catched 
[03:18:20] 363 ItemSets catched 
[03:18:20] 171 ItemTypes catched 
[03:18:20] 110 ItemPets catched 
[03:18:20] 2476 NpcTemplates catched 
[03:18:20] 787 NpcSpawns catched 
[03:18:20] 94 NpcItems catched 
[03:18:20] 19801 NpcMessages catched 
[03:18:20] 7 NpcReplies catched 
[03:18:21] 353 Triggers catched
[03:18:21] 1277 Paddocks catched
[03:18:21] 72 Mounts catched
[03:18:21] 4 Guild catched
[03:18:21] 3 GuildMembers catched
[03:18:21] 122 Handlers Readed
[03:18:22] 166 Messages Readed
[03:18:22] WorldServer start in 11947 ms.
[03:19:28] MySQL Database Connected
[03:19:28] 16 Breeds catched
[03:19:28] 256 Heads catched
[03:19:28] 561 Effects catched
[03:19:28] 4 SuperAreas catched
[03:19:28] 48 Areas catched
[03:19:29] 334 SubAreas catched
[03:19:37] 11260 DofusMaps catched
[03:19:37] 9761 StatedElements catched
[03:19:37] 13349 InteractiveElements catched
[03:19:37] 1485 HouseInformations catched
[03:19:37] 556 InteractiveDoors catched
[03:19:37] 3614 MapPositions uncatched
[03:19:37] 14681 MapPositions catched
[03:19:37] 42 MapZaaps catched
[03:19:37] 79 MapSubways catched
[03:19:37] 15228 SpellLevels catched 
[03:19:37] 4772 Spells catched 
[03:19:37] 316 GuildEmblems catched 
[03:19:37] 1179 LearnableSpells catched 
[03:19:37] 9780 ItemTemplates catched 
[03:19:38] 4489 Weapons catched 
[03:19:38] 363 ItemSets catched 
[03:19:38] 171 ItemTypes catched 
[03:19:38] 110 ItemPets catched 
[03:19:38] 2476 NpcTemplates catched 
[03:19:38] 787 NpcSpawns catched 
[03:19:38] 94 NpcItems catched 
[03:19:38] 19801 NpcMessages catched 
[03:19:38] 7 NpcReplies catched 
[03:19:39] 353 Triggers catched
[03:19:39] 1277 Paddocks catched
[03:19:39] 72 Mounts catched
[03:19:39] 4 Guild catched
[03:19:39] 3 GuildMembers catched
[03:19:39] 122 Handlers Readed
[03:19:40] 166 Messages Readed
[03:19:40] WorldServer start in 11932 ms.
[03:21:19] MySQL Database Connected
[03:21:19] 16 Breeds catched
[03:21:19] 256 Heads catched
[03:21:19] 561 Effects catched
[03:21:20] 4 SuperAreas catched
[03:21:20] 48 Areas catched
[03:21:21] 334 SubAreas catched
[03:21:33] 11260 DofusMaps catched
[03:21:33] 9761 StatedElements catched
[03:21:33] 13349 InteractiveElements catched
[03:21:33] 1485 HouseInformations catched
[03:21:33] 556 InteractiveDoors catched
[03:21:33] 3614 MapPositions uncatched
[03:21:33] 14681 MapPositions catched
[03:21:33] 42 MapZaaps catched
[03:21:33] 79 MapSubways catched
[03:21:34] 15228 SpellLevels catched 
[03:21:34] 4772 Spells catched 
[03:21:34] 316 GuildEmblems catched 
[03:21:34] 1179 LearnableSpells catched 
[03:21:34] 9780 ItemTemplates catched 
[03:21:36] 4489 Weapons catched 
[03:21:36] 363 ItemSets catched 
[03:21:36] 171 ItemTypes catched 
[03:21:36] 110 ItemPets catched 
[03:21:36] 2476 NpcTemplates catched 
[03:21:36] 787 NpcSpawns catched 
[03:21:36] 94 NpcItems catched 
[03:21:36] 19801 NpcMessages catched 
[03:21:36] 7 NpcReplies catched 
[03:21:37] 353 Triggers catched
[03:21:37] 1277 Paddocks catched
[03:21:37] 72 Mounts catched
[03:21:37] 4 Guild catched
[03:21:37] 3 GuildMembers catched
[03:21:37] 122 Handlers Readed
[03:21:38] 166 Messages Readed
[03:21:38] WorldServer start in 18929 ms.
[03:23:41] MySQL Database Connected
[03:23:41] 16 Breeds catched
[03:23:41] 256 Heads catched
[03:23:41] 561 Effects catched
[03:23:41] 4 SuperAreas catched
[03:23:41] 48 Areas catched
[03:23:42] 334 SubAreas catched
[03:23:49] 11260 DofusMaps catched
[03:23:49] 9761 StatedElements catched
[03:23:49] 13349 InteractiveElements catched
[03:23:49] 1485 HouseInformations catched
[03:23:49] 556 InteractiveDoors catched
[03:23:50] 3614 MapPositions uncatched
[03:23:50] 14681 MapPositions catched
[03:23:50] 42 MapZaaps catched
[03:23:50] 79 MapSubways catched
[03:23:50] 15228 SpellLevels catched 
[03:23:50] 4772 Spells catched 
[03:23:50] 316 GuildEmblems catched 
[03:23:50] 1179 LearnableSpells catched 
[03:23:50] 9780 ItemTemplates catched 
[03:23:50] 4489 Weapons catched 
[03:23:50] 363 ItemSets catched 
[03:23:50] 171 ItemTypes catched 
[03:23:50] 110 ItemPets catched 
[03:23:51] 2476 NpcTemplates catched 
[03:23:51] 787 NpcSpawns catched 
[03:23:51] 94 NpcItems catched 
[03:23:51] 19801 NpcMessages catched 
[03:23:51] 7 NpcReplies catched 
[03:23:51] 353 Triggers catched
[03:23:51] 1277 Paddocks catched
[03:23:51] 72 Mounts catched
[03:23:51] 4 Guild catched
[03:23:51] 3 GuildMembers catched
[03:23:52] 122 Handlers Readed
[03:23:52] 166 Messages Readed
[03:23:52] WorldServer start in 12115 ms.
[03:24:45] MySQL Database Connected
[03:24:46] 16 Breeds catched
[03:24:46] 256 Heads catched
[03:24:46] 561 Effects catched
[03:24:46] 4 SuperAreas catched
[03:24:46] 48 Areas catched
[03:24:47] 334 SubAreas catched
[03:24:55] 11260 DofusMaps catched
[03:24:55] 9761 StatedElements catched
[03:24:55] 13349 InteractiveElements catched
[03:24:55] 1485 HouseInformations catched
[03:24:55] 556 InteractiveDoors catched
[03:24:55] 3614 MapPositions uncatched
[03:24:55] 14681 MapPositions catched
[03:24:55] 42 MapZaaps catched
[03:24:55] 79 MapSubways catched
[03:24:56] 15228 SpellLevels catched 
[03:24:56] 4772 Spells catched 
[03:24:56] 316 GuildEmblems catched 
[03:24:56] 1179 LearnableSpells catched 
[03:24:56] 9780 ItemTemplates catched 
[03:24:56] 4489 Weapons catched 
[03:24:56] 363 ItemSets catched 
[03:24:56] 171 ItemTypes catched 
[03:24:56] 110 ItemPets catched 
[03:24:57] 2476 NpcTemplates catched 
[03:24:57] 787 NpcSpawns catched 
[03:24:57] 94 NpcItems catched 
[03:24:57] 19801 NpcMessages catched 
[03:24:57] 7 NpcReplies catched 
[03:24:57] 353 Triggers catched
[03:24:57] 1277 Paddocks catched
[03:24:57] 72 Mounts catched
[03:24:57] 4 Guild catched
[03:24:57] 3 GuildMembers catched
[03:24:58] 122 Handlers Readed
[03:24:58] 166 Messages Readed
[03:24:58] WorldServer start in 13021 ms.
[10:28:13] MySQL Database Connected
[10:28:13] 16 Breeds catched
[10:28:13] 256 Heads catched
[10:28:13] 561 Effects catched
[10:28:14] 4 SuperAreas catched
[10:28:14] 48 Areas catched
[10:28:15] 334 SubAreas catched
[10:28:33] 11260 DofusMaps catched
[10:28:33] 9761 StatedElements catched
[10:28:33] 13349 InteractiveElements catched
[10:28:33] 1485 HouseInformations catched
[10:28:33] 556 InteractiveDoors catched
[10:28:33] 3614 MapPositions uncatched
[10:28:33] 14681 MapPositions catched
[10:28:33] 42 MapZaaps catched
[10:28:33] 79 MapSubways catched
[10:28:33] 15228 SpellLevels catched 
[10:28:34] 4772 Spells catched 
[10:28:34] 316 GuildEmblems catched 
[10:28:34] 1179 LearnableSpells catched 
[10:28:34] 9780 ItemTemplates catched 
[10:28:34] 4489 Weapons catched 
[10:28:34] 363 ItemSets catched 
[10:28:34] 171 ItemTypes catched 
[10:28:34] 110 ItemPets catched 
[10:28:35] 2476 NpcTemplates catched 
[10:28:35] 787 NpcSpawns catched 
[10:28:35] 94 NpcItems catched 
[10:28:35] 19801 NpcMessages catched 
[10:28:35] 7 NpcReplies catched 
[10:28:35] 353 Triggers catched
[10:28:35] 1277 Paddocks catched
[10:28:35] 72 Mounts catched
[10:28:35] 4 Guild catched
[10:28:35] 3 GuildMembers catched
[10:28:36] 122 Handlers Readed
[10:28:36] 166 Messages Readed
[10:28:37] WorldServer start in 23372 ms.
[10:43:27] MySQL Database Connected
[10:43:28] 16 Breeds catched
[10:43:28] 256 Heads catched
[10:43:28] 561 Effects catched
[10:43:28] 4 SuperAreas catched
[10:43:28] 48 Areas catched
[10:43:29] 334 SubAreas catched
[10:43:36] 11260 DofusMaps catched
[10:43:36] 9761 StatedElements catched
[10:43:36] 13349 InteractiveElements catched
[10:43:36] 1485 HouseInformations catched
[10:43:36] 556 InteractiveDoors catched
[10:43:36] 3614 MapPositions uncatched
[10:43:36] 14681 MapPositions catched
[10:43:36] 42 MapZaaps catched
[10:43:36] 79 MapSubways catched
[10:43:37] 15228 SpellLevels catched 
[10:43:37] 4772 Spells catched 
[10:43:37] 316 GuildEmblems catched 
[10:43:37] 1179 LearnableSpells catched 
[10:43:37] 9780 ItemTemplates catched 
[10:43:37] 4489 Weapons catched 
[10:43:37] 363 ItemSets catched 
[10:43:37] 171 ItemTypes catched 
[10:43:37] 110 ItemPets catched 
[10:43:38] 2476 NpcTemplates catched 
[10:43:38] 787 NpcSpawns catched 
[10:43:38] 94 NpcItems catched 
[10:43:38] 19801 NpcMessages catched 
[10:43:38] 7 NpcReplies catched 
[10:43:38] 353 Triggers catched
[10:43:38] 1277 Paddocks catched
[10:43:38] 72 Mounts catched
[10:43:38] 4 Guild catched
[10:43:38] 3 GuildMembers catched
[10:43:39] 122 Handlers Readed
[10:43:39] 166 Messages Readed
[10:43:39] WorldServer start in 12076 ms.
[10:52:42] MySQL Database Connected
[10:52:42] 16 Breeds catched
[10:52:42] 256 Heads catched
[10:52:42] 561 Effects catched
[10:52:43] 4 SuperAreas catched
[10:52:43] 48 Areas catched
[10:52:44] 334 SubAreas catched
[10:52:51] 11260 DofusMaps catched
[10:52:51] 9761 StatedElements catched
[10:52:51] 13349 InteractiveElements catched
[10:52:51] 1485 HouseInformations catched
[10:52:51] 556 InteractiveDoors catched
[10:52:51] 3614 MapPositions uncatched
[10:52:51] 14681 MapPositions catched
[10:52:51] 42 MapZaaps catched
[10:52:51] 79 MapSubways catched
[10:52:51] 15228 SpellLevels catched 
[10:52:52] 4772 Spells catched 
[10:52:52] 316 GuildEmblems catched 
[10:52:52] 1179 LearnableSpells catched 
[10:52:52] 9780 ItemTemplates catched 
[10:52:52] 4489 Weapons catched 
[10:52:52] 363 ItemSets catched 
[10:52:52] 171 ItemTypes catched 
[10:52:52] 110 ItemPets catched 
[10:52:53] 2476 NpcTemplates catched 
[10:52:53] 787 NpcSpawns catched 
[10:52:53] 94 NpcItems catched 
[10:52:53] 19801 NpcMessages catched 
[10:52:53] 7 NpcReplies catched 
[10:52:53] 353 Triggers catched
[10:52:53] 1277 Paddocks catched
[10:52:53] 72 Mounts catched
[10:52:53] 4 Guild catched
[10:52:53] 3 GuildMembers catched
[10:52:54] 122 Handlers Readed
[10:52:54] 166 Messages Readed
[10:52:54] WorldServer start in 12228 ms.
[10:55:19] MySQL Database Connected
[10:55:19] 16 Breeds catched
[10:55:19] 256 Heads catched
[10:55:19] 561 Effects catched
[10:55:20] 4 SuperAreas catched
[10:55:20] 48 Areas catched
[10:55:21] 334 SubAreas catched
[10:55:28] 11260 DofusMaps catched
[10:55:28] 9761 StatedElements catched
[10:55:29] 13349 InteractiveElements catched
[10:55:29] 1485 HouseInformations catched
[10:55:29] 556 InteractiveDoors catched
[10:55:29] 3614 MapPositions uncatched
[10:55:29] 14681 MapPositions catched
[10:55:29] 42 MapZaaps catched
[10:55:29] 79 MapSubways catched
[10:55:29] 15228 SpellLevels catched 
[10:55:29] 4772 Spells catched 
[10:55:29] 316 GuildEmblems catched 
[10:55:29] 1179 LearnableSpells catched 
[10:55:29] 9780 ItemTemplates catched 
[10:55:30] 4489 Weapons catched 
[10:55:30] 363 ItemSets catched 
[10:55:30] 171 ItemTypes catched 
[10:55:30] 110 ItemPets catched 
[10:55:30] 2476 NpcTemplates catched 
[10:55:30] 787 NpcSpawns catched 
[10:55:30] 94 NpcItems catched 
[10:55:30] 19801 NpcMessages catched 
[10:55:30] 7 NpcReplies catched 
[10:55:31] 353 Triggers catched
[10:55:31] 1277 Paddocks catched
[10:55:31] 72 Mounts catched
[10:55:31] 4 Guild catched
[10:55:31] 3 GuildMembers catched
[10:55:31] 122 Handlers Readed
[10:55:32] 166 Messages Readed
[10:55:32] WorldServer start in 12806 ms.
[11:18:46] MySQL Database Connected
[11:18:46] 16 Breeds catched
[11:18:46] 256 Heads catched
[11:18:46] 561 Effects catched
[11:18:47] 4 SuperAreas catched
[11:18:47] 48 Areas catched
[11:18:48] 334 SubAreas catched
[11:18:55] 11260 DofusMaps catched
[11:18:55] 9761 StatedElements catched
[11:18:55] 13349 InteractiveElements catched
[11:18:55] 1485 HouseInformations catched
[11:18:55] 556 InteractiveDoors catched
[11:18:56] 3614 MapPositions uncatched
[11:18:56] 14681 MapPositions catched
[11:18:56] 42 MapZaaps catched
[11:18:56] 79 MapSubways catched
[11:18:56] 15228 SpellLevels catched 
[11:18:56] 4772 Spells catched 
[11:18:56] 316 GuildEmblems catched 
[11:18:56] 1179 LearnableSpells catched 
[11:18:56] 9780 ItemTemplates catched 
[11:18:56] 4489 Weapons catched 
[11:18:56] 363 ItemSets catched 
[11:18:56] 171 ItemTypes catched 
[11:18:56] 110 ItemPets catched 
[11:18:57] 2476 NpcTemplates catched 
[11:18:57] 787 NpcSpawns catched 
[11:18:57] 94 NpcItems catched 
[11:18:57] 19801 NpcMessages catched 
[11:18:57] 7 NpcReplies catched 
[11:18:57] 353 Triggers catched
[11:18:57] 1277 Paddocks catched
[11:18:57] 72 Mounts catched
[11:18:57] 4 Guild catched
[11:18:57] 3 GuildMembers catched
[11:18:58] 122 Handlers Readed
[11:18:58] 166 Messages Readed
[11:18:58] WorldServer start in 12336 ms.
[11:25:07] MySQL Database Connected
[11:25:07] 16 Breeds catched
[11:25:07] 256 Heads catched
[11:25:07] 561 Effects catched
[11:25:07] 4 SuperAreas catched
[11:25:07] 48 Areas catched
[11:25:08] 334 SubAreas catched
[11:25:16] 11260 DofusMaps catched
[11:25:16] 9761 StatedElements catched
[11:25:16] 13349 InteractiveElements catched
[11:25:16] 1485 HouseInformations catched
[11:25:16] 556 InteractiveDoors catched
[11:25:16] 3614 MapPositions uncatched
[11:25:16] 14681 MapPositions catched
[11:25:16] 42 MapZaaps catched
[11:25:16] 79 MapSubways catched
[11:25:16] 15228 SpellLevels catched 
[11:25:17] 4772 Spells catched 
[11:25:17] 316 GuildEmblems catched 
[11:25:17] 1179 LearnableSpells catched 
[11:25:17] 9780 ItemTemplates catched 
[11:25:17] 4489 Weapons catched 
[11:25:17] 363 ItemSets catched 
[11:25:17] 171 ItemTypes catched 
[11:25:17] 110 ItemPets catched 
[11:25:17] 2476 NpcTemplates catched 
[11:25:17] 787 NpcSpawns catched 
[11:25:17] 94 NpcItems catched 
[11:25:18] 19801 NpcMessages catched 
[11:25:18] 7 NpcReplies catched 
[11:25:18] 353 Triggers catched
[11:25:18] 1277 Paddocks catched
[11:25:18] 72 Mounts catched
[11:25:18] 4 Guild catched
[11:25:18] 3 GuildMembers catched
[11:25:18] 122 Handlers Readed
[11:25:19] 166 Messages Readed
[11:25:19] WorldServer start in 12474 ms.
[12:07:13] MySQL Database Connected
[12:07:13] 16 Breeds catched
[12:07:13] 256 Heads catched
[12:07:13] 561 Effects catched
[12:07:13] 4 SuperAreas catched
[12:07:13] 48 Areas catched
[12:07:14] 334 SubAreas catched
[12:07:21] 11260 DofusMaps catched
[12:07:21] 9761 StatedElements catched
[12:07:21] 13349 InteractiveElements catched
[12:07:21] 1485 HouseInformations catched
[12:07:21] 556 InteractiveDoors catched
[12:07:22] 3614 MapPositions uncatched
[12:07:22] 14681 MapPositions catched
[12:07:22] 42 MapZaaps catched
[12:07:22] 79 MapSubways catched
[12:07:22] 15228 SpellLevels catched 
[12:07:22] 4772 Spells catched 
[12:07:22] 316 GuildEmblems catched 
[12:07:22] 1179 LearnableSpells catched 
[12:07:22] 9780 ItemTemplates catched 
[12:07:22] 4489 Weapons catched 
[12:07:23] 363 ItemSets catched 
[12:07:23] 171 ItemTypes catched 
[12:07:23] 110 ItemPets catched 
[12:07:23] 2476 NpcTemplates catched 
[12:07:23] 787 NpcSpawns catched 
[12:07:23] 94 NpcItems catched 
[12:07:23] 19801 NpcMessages catched 
[12:07:23] 7 NpcReplies catched 
[12:07:23] 353 Triggers catched
[12:07:23] 1277 Paddocks catched
[12:07:23] 72 Mounts catched
[12:07:23] 4 Guild catched
[12:07:23] 3 GuildMembers catched
[12:07:24] 122 Handlers Readed
[12:07:25] 166 Messages Readed
[12:07:25] WorldServer start in 12293 ms.
[12:19:38] MySQL Database Connected
[12:19:38] 16 Breeds catched
[12:19:38] 256 Heads catched
[12:19:38] 561 Effects catched
[12:19:39] 4 SuperAreas catched
[12:19:39] 48 Areas catched
[12:19:40] 334 SubAreas catched
[12:19:47] 11260 DofusMaps catched
[12:19:47] 9761 StatedElements catched
[12:19:48] 13349 InteractiveElements catched
[12:19:48] 1485 HouseInformations catched
[12:19:48] 556 InteractiveDoors catched
[12:19:48] 3614 MapPositions uncatched
[12:19:48] 14681 MapPositions catched
[12:19:48] 42 MapZaaps catched
[12:19:48] 79 MapSubways catched
[12:19:48] 15228 SpellLevels catched 
[12:19:48] 4772 Spells catched 
[12:19:48] 316 GuildEmblems catched 
[12:19:48] 1179 LearnableSpells catched 
[12:19:48] 9780 ItemTemplates catched 
[12:19:49] 4489 Weapons catched 
[12:19:49] 363 ItemSets catched 
[12:19:49] 171 ItemTypes catched 
[12:19:49] 110 ItemPets catched 
[12:19:49] 2476 NpcTemplates catched 
[12:19:49] 787 NpcSpawns catched 
[12:19:49] 94 NpcItems catched 
[12:19:49] 19801 NpcMessages catched 
[12:19:49] 7 NpcReplies catched 
[12:19:49] 353 Triggers catched
[12:19:49] 1277 Paddocks catched
[12:19:50] 72 Mounts catched
[12:19:50] 4 Guild catched
[12:19:50] 3 GuildMembers catched
[12:19:50] 122 Handlers Readed
[12:19:51] 166 Messages Readed
[12:19:51] WorldServer start in 12677 ms.
[12:26:48] MySQL Database Connected
[12:26:48] 16 Breeds catched
[12:26:48] 256 Heads catched
[12:26:48] 561 Effects catched
[12:26:48] 4 SuperAreas catched
[12:26:48] 48 Areas catched
[12:26:49] 334 SubAreas catched
[12:26:56] 11260 DofusMaps catched
[12:26:56] 9761 StatedElements catched
[12:26:56] 13349 InteractiveElements catched
[12:26:56] 1485 HouseInformations catched
[12:26:56] 556 InteractiveDoors catched
[12:26:56] 3614 MapPositions uncatched
[12:26:56] 14681 MapPositions catched
[12:26:56] 42 MapZaaps catched
[12:26:56] 79 MapSubways catched
[12:26:57] 15228 SpellLevels catched 
[12:26:57] 4772 Spells catched 
[12:26:57] 316 GuildEmblems catched 
[12:26:57] 1179 LearnableSpells catched 
[12:26:57] 9780 ItemTemplates catched 
[12:26:57] 4489 Weapons catched 
[12:26:57] 363 ItemSets catched 
[12:26:57] 171 ItemTypes catched 
[12:26:57] 110 ItemPets catched 
[12:26:58] 2476 NpcTemplates catched 
[12:26:58] 787 NpcSpawns catched 
[12:26:58] 94 NpcItems catched 
[12:26:58] 19801 NpcMessages catched 
[12:26:58] 7 NpcReplies catched 
[12:26:58] 353 Triggers catched
[12:26:58] 1277 Paddocks catched
[12:26:58] 72 Mounts catched
[12:26:58] 4 Guild catched
[12:26:58] 3 GuildMembers catched
[12:26:59] 122 Handlers Readed
[12:26:59] 166 Messages Readed
[12:26:59] WorldServer start in 11881 ms.
[12:36:54] MySQL Database Connected
[12:36:54] 16 Breeds catched
[12:36:54] 256 Heads catched
[12:36:54] 561 Effects catched
[12:36:55] 4 SuperAreas catched
[12:36:55] 48 Areas catched
[12:36:56] 334 SubAreas catched
[12:37:03] 11260 DofusMaps catched
[12:37:03] 9761 StatedElements catched
[12:37:03] 13349 InteractiveElements catched
[12:37:03] 1485 HouseInformations catched
[12:37:03] 556 InteractiveDoors catched
[12:37:03] 3614 MapPositions uncatched
[12:37:03] 14681 MapPositions catched
[12:37:03] 42 MapZaaps catched
[12:37:03] 79 MapSubways catched
[12:37:04] 15228 SpellLevels catched 
[12:37:04] 4772 Spells catched 
[12:37:04] 316 GuildEmblems catched 
[12:37:04] 1179 LearnableSpells catched 
[12:37:04] 9780 ItemTemplates catched 
[12:37:04] 4489 Weapons catched 
[12:37:04] 363 ItemSets catched 
[12:37:04] 171 ItemTypes catched 
[12:37:04] 110 ItemPets catched 
[12:37:05] 2476 NpcTemplates catched 
[12:37:05] 787 NpcSpawns catched 
[12:37:05] 94 NpcItems catched 
[12:37:05] 19801 NpcMessages catched 
[12:37:05] 7 NpcReplies catched 
[12:37:05] 353 Triggers catched
[12:37:05] 1277 Paddocks catched
[12:37:05] 72 Mounts catched
[12:37:05] 4 Guild catched
[12:37:05] 3 GuildMembers catched
[12:37:06] 122 Handlers Readed
[12:37:06] 166 Messages Readed
[12:37:06] WorldServer start in 12342 ms.
[12:40:28] MySQL Database Connected
[12:40:28] 16 Breeds catched
[12:40:28] 256 Heads catched
[12:40:28] 561 Effects catched
[12:40:28] 4 SuperAreas catched
[12:40:28] 48 Areas catched
[12:40:29] 334 SubAreas catched
[12:40:37] 11260 DofusMaps catched
[12:40:37] 9761 StatedElements catched
[12:40:37] 13349 InteractiveElements catched
[12:40:37] 1485 HouseInformations catched
[12:40:37] 556 InteractiveDoors catched
[12:40:37] 3614 MapPositions uncatched
[12:40:37] 14681 MapPositions catched
[12:40:37] 42 MapZaaps catched
[12:40:37] 79 MapSubways catched
[12:40:37] 15228 SpellLevels catched 
[12:40:37] 4772 Spells catched 
[12:40:37] 316 GuildEmblems catched 
[12:40:37] 1179 LearnableSpells catched 
[12:40:38] 9780 ItemTemplates catched 
[12:40:38] 4489 Weapons catched 
[12:40:38] 363 ItemSets catched 
[12:40:38] 171 ItemTypes catched 
[12:40:38] 110 ItemPets catched 
[12:40:38] 2476 NpcTemplates catched 
[12:40:38] 787 NpcSpawns catched 
[12:40:38] 94 NpcItems catched 
[12:40:38] 19801 NpcMessages catched 
[12:40:38] 7 NpcReplies catched 
[12:40:39] 353 Triggers catched
[12:40:39] 1277 Paddocks catched
[12:40:39] 72 Mounts catched
[12:40:39] 4 Guild catched
[12:40:39] 3 GuildMembers catched
[12:40:39] 122 Handlers Readed
[12:40:40] 166 Messages Readed
[12:40:40] WorldServer start in 12518 ms.
[16:49:14] MySQL Database Connected
[16:49:14] 16 Breeds catched
[16:49:14] 256 Heads catched
[16:49:14] 561 Effects catched
[16:49:15] 4 SuperAreas catched
[16:49:15] 48 Areas catched
[16:49:16] 334 SubAreas catched
[16:49:23] 11260 DofusMaps catched
[16:49:23] 9761 StatedElements catched
[16:49:23] 13349 InteractiveElements catched
[16:49:23] 1485 HouseInformations catched
[16:49:23] 556 InteractiveDoors catched
[16:49:24] 3614 MapPositions uncatched
[16:49:24] 14681 MapPositions catched
[16:49:24] 42 MapZaaps catched
[16:49:24] 79 MapSubways catched
[16:49:24] 15228 SpellLevels catched 
[16:49:24] 4772 Spells catched 
[16:49:24] 316 GuildEmblems catched 
[16:49:24] 1179 LearnableSpells catched 
[16:49:24] 9780 ItemTemplates catched 
[16:49:24] 4489 Weapons catched 
[16:49:25] 363 ItemSets catched 
[16:49:25] 171 ItemTypes catched 
[16:49:25] 110 ItemPets catched 
[16:49:25] 2476 NpcTemplates catched 
[16:49:25] 787 NpcSpawns catched 
[16:49:25] 94 NpcItems catched 
[16:49:25] 19801 NpcMessages catched 
[16:49:25] 7 NpcReplies catched 
[16:49:26] 353 Triggers catched
[16:49:26] 1277 Paddocks catched
[16:49:26] 72 Mounts catched
[16:49:26] 4 Guild catched
[16:49:26] 3 GuildMembers catched
[16:49:26] 122 Handlers Readed
[16:49:27] 166 Messages Readed
[16:49:27] WorldServer start in 13065 ms.
[16:52:46] MySQL Database Connected
[16:52:46] 16 Breeds catched
[16:52:46] 256 Heads catched
[16:52:46] 561 Effects catched
[16:52:47] 4 SuperAreas catched
[16:52:47] 48 Areas catched
[16:52:48] 334 SubAreas catched
[16:52:56] 11260 DofusMaps catched
[16:52:56] 9761 StatedElements catched
[16:52:56] 13349 InteractiveElements catched
[16:52:56] 1485 HouseInformations catched
[16:52:56] 556 InteractiveDoors catched
[16:52:56] 3614 MapPositions uncatched
[16:52:56] 14681 MapPositions catched
[16:52:56] 42 MapZaaps catched
[16:52:56] 79 MapSubways catched
[16:52:56] 15228 SpellLevels catched 
[16:52:56] 4772 Spells catched 
[16:52:56] 316 GuildEmblems catched 
[16:52:56] 1179 LearnableSpells catched 
[16:52:57] 9780 ItemTemplates catched 
[16:52:57] 4489 Weapons catched 
[16:52:57] 363 ItemSets catched 
[16:52:57] 171 ItemTypes catched 
[16:52:57] 110 ItemPets catched 
[16:52:57] 2476 NpcTemplates catched 
[16:52:57] 787 NpcSpawns catched 
[16:52:57] 94 NpcItems catched 
[16:52:58] 19801 NpcMessages catched 
[16:52:58] 7 NpcReplies catched 
[16:52:58] 353 Triggers catched
[16:52:58] 1277 Paddocks catched
[16:52:58] 72 Mounts catched
[16:52:58] 4 Guild catched
[16:52:58] 3 GuildMembers catched
[16:52:58] 122 Handlers Readed
[16:52:59] 166 Messages Readed
[16:52:59] WorldServer start in 13008 ms.
[16:54:39] MySQL Database Connected
[16:54:39] 16 Breeds catched
[16:54:39] 256 Heads catched
[16:54:39] 561 Effects catched
[16:54:39] 4 SuperAreas catched
[16:54:39] 48 Areas catched
[16:54:40] 334 SubAreas catched
[17:00:32] MySQL Database Connected
[17:00:32] 16 Breeds catched
[17:00:32] 256 Heads catched
[17:00:32] 561 Effects catched
[17:00:33] 4 SuperAreas catched
[17:00:33] 48 Areas catched
[17:00:34] 334 SubAreas catched
[17:00:42] 11260 DofusMaps catched
[17:00:42] 9761 StatedElements catched
[17:00:42] 13349 InteractiveElements catched
[17:00:42] 1485 HouseInformations catched
[17:00:42] 556 InteractiveDoors catched
[17:00:42] 3614 MapPositions uncatched
[17:00:42] 14681 MapPositions catched
[17:00:42] 42 MapZaaps catched
[17:00:42] 79 MapSubways catched
[17:00:42] 15228 SpellLevels catched 
[17:00:42] 4772 Spells catched 
[17:00:42] 316 GuildEmblems catched 
[17:00:42] 1179 LearnableSpells catched 
[17:00:43] 9780 ItemTemplates catched 
[17:00:43] 4489 Weapons catched 
[17:00:43] 363 ItemSets catched 
[17:00:43] 171 ItemTypes catched 
[17:00:43] 110 ItemPets catched 
[17:00:43] 2476 NpcTemplates catched 
[17:00:43] 787 NpcSpawns catched 
[17:00:43] 94 NpcItems catched 
[17:00:43] 19801 NpcMessages catched 
[17:00:43] 7 NpcReplies catched 
[17:00:44] 353 Triggers catched
[17:00:44] 1277 Paddocks catched
[17:00:44] 72 Mounts catched
[17:00:44] 4 Guild catched
[17:00:44] 3 GuildMembers catched
[17:00:44] 122 Handlers Readed
[17:00:45] 166 Messages Readed
[17:00:45] WorldServer start in 12957 ms.
[20:31:53] MySQL Database Connected
[20:31:53] 16 Breeds catched
[20:31:53] 256 Heads catched
[20:31:53] 561 Effects catched
[20:31:54] 4 SuperAreas catched
[20:31:54] 48 Areas catched
[20:31:55] 334 SubAreas catched
[20:32:05] 11260 DofusMaps catched
[20:32:05] 9761 StatedElements catched
[20:32:06] 13349 InteractiveElements catched
[20:32:06] 1485 HouseInformations catched
[20:32:06] 556 InteractiveDoors catched
[20:32:06] 3614 MapPositions uncatched
[20:32:06] 14681 MapPositions catched
[20:32:06] 42 MapZaaps catched
[20:32:06] 79 MapSubways catched
[20:32:06] 15228 SpellLevels catched 
[20:32:06] 4772 Spells catched 
[20:32:06] 316 GuildEmblems catched 
[20:32:06] 1179 LearnableSpells catched 
[20:32:06] 9780 ItemTemplates catched 
[20:32:06] 4489 Weapons catched 
[20:32:06] 363 ItemSets catched 
[20:32:06] 171 ItemTypes catched 
[20:32:06] 110 ItemPets catched 
[20:32:07] 2476 NpcTemplates catched 
[20:32:07] 787 NpcSpawns catched 
[20:32:07] 94 NpcItems catched 
[20:32:07] 19801 NpcMessages catched 
[20:32:07] 7 NpcReplies catched 
[20:32:07] 353 Triggers catched
[20:32:07] 1277 Paddocks catched
[20:32:07] 72 Mounts catched
[20:32:07] 4 Guild catched
[20:32:07] 3 GuildMembers catched
[20:32:08] 122 Handlers Readed
[20:32:09] 166 Messages Readed
[20:32:09] WorldServer start in 15824 ms.
[20:37:46] MySQL Database Connected
[20:37:46] 16 Breeds catched
[20:37:46] 256 Heads catched
[20:37:46] 561 Effects catched
[20:37:47] 4 SuperAreas catched
[20:37:47] 48 Areas catched
[20:37:48] 334 SubAreas catched
[20:37:55] 11260 DofusMaps catched
[20:37:55] 9761 StatedElements catched
[20:37:56] 13349 InteractiveElements catched
[20:37:56] 1485 HouseInformations catched
[20:37:56] 556 InteractiveDoors catched
[20:37:56] 3614 MapPositions uncatched
[20:37:56] 14681 MapPositions catched
[20:37:56] 42 MapZaaps catched
[20:37:56] 79 MapSubways catched
[20:37:56] 15228 SpellLevels catched 
[20:37:56] 4772 Spells catched 
[20:37:56] 316 GuildEmblems catched 
[20:37:56] 1179 LearnableSpells catched 
[20:37:56] 9780 ItemTemplates catched 
[20:37:57] 4489 Weapons catched 
[20:37:57] 363 ItemSets catched 
[20:37:57] 171 ItemTypes catched 
[20:37:57] 110 ItemPets catched 
[20:37:57] 2476 NpcTemplates catched 
[20:37:57] 787 NpcSpawns catched 
[20:37:57] 94 NpcItems catched 
[20:37:57] 19801 NpcMessages catched 
[20:37:57] 7 NpcReplies catched 
[20:37:58] 353 Triggers catched
[20:37:58] 1277 Paddocks catched
[20:37:58] 72 Mounts catched
[20:37:58] 4 Guild catched
[20:37:58] 3 GuildMembers catched
[20:37:58] 122 Handlers Readed
[20:37:59] 166 Messages Readed
[20:37:59] WorldServer start in 13283 ms.
[19:51:33] MySQL Database Connected
[19:51:33] 16 Breeds catched
[19:51:33] 256 Heads catched
[19:51:33] 561 Effects catched
[19:51:34] 4 SuperAreas catched
[19:51:34] 48 Areas catched
[19:51:35] 334 SubAreas catched
[19:51:42] 11260 DofusMaps catched
[19:51:42] 9761 StatedElements catched
[19:51:42] 13349 InteractiveElements catched
[19:51:42] 1485 HouseInformations catched
[19:51:42] 556 InteractiveDoors catched
[19:51:43] 3614 MapPositions uncatched
[19:51:43] 14681 MapPositions catched
[19:51:43] 42 MapZaaps catched
[19:51:43] 79 MapSubways catched
[19:51:43] 15228 SpellLevels catched 
[19:51:43] 4772 Spells catched 
[19:51:43] 316 GuildEmblems catched 
[19:51:43] 1179 LearnableSpells catched 
[19:51:43] 9780 ItemTemplates catched 
[19:51:43] 4489 Weapons catched 
[19:51:43] 363 ItemSets catched 
[19:51:43] 171 ItemTypes catched 
[19:51:43] 110 ItemPets catched 
[19:51:44] 2476 NpcTemplates catched 
[19:51:44] 787 NpcSpawns catched 
[19:51:44] 94 NpcItems catched 
[19:51:44] 19801 NpcMessages catched 
[19:51:44] 7 NpcReplies catched 
[19:51:44] 353 Triggers catched
[19:51:44] 1277 Paddocks catched
[19:51:44] 72 Mounts catched
[19:51:44] 4 Guild catched
[19:51:44] 3 GuildMembers catched
[19:51:45] 122 Handlers Readed
[19:51:45] 166 Messages Readed
[19:51:46] WorldServer start in 12762 ms.
[20:04:28] MySQL Database Connected
[20:04:28] 16 Breeds catched
[20:04:28] 256 Heads catched
[20:04:28] 561 Effects catched
[20:04:29] 4 SuperAreas catched
[20:04:29] 48 Areas catched
[20:04:30] 334 SubAreas catched
[20:04:37] 11260 DofusMaps catched
[20:04:37] 9761 StatedElements catched
[20:04:37] 13349 InteractiveElements catched
[20:04:37] 1485 HouseInformations catched
[20:04:37] 556 InteractiveDoors catched
[20:04:38] 3614 MapPositions uncatched
[20:04:38] 14681 MapPositions catched
[20:04:38] 42 MapZaaps catched
[20:04:38] 79 MapSubways catched
[20:04:38] 15228 SpellLevels catched 
[20:04:38] 4772 Spells catched 
[20:04:38] 316 GuildEmblems catched 
[20:04:38] 1179 LearnableSpells catched 
[20:04:38] 9780 ItemTemplates catched 
[20:04:38] 4489 Weapons catched 
[20:04:38] 363 ItemSets catched 
[20:04:38] 171 ItemTypes catched 
[20:04:38] 110 ItemPets catched 
[20:04:39] 2476 NpcTemplates catched 
[20:04:39] 787 NpcSpawns catched 
[20:04:39] 94 NpcItems catched 
[20:04:39] 19801 NpcMessages catched 
[20:04:39] 7 NpcReplies catched 
[20:04:39] 353 Triggers catched
[20:04:39] 1277 Paddocks catched
[20:04:39] 72 Mounts catched
[20:04:39] 4 Guild catched
[20:04:39] 3 GuildMembers catched
[20:04:40] 122 Handlers Readed
[20:04:40] 166 Messages Readed
[20:04:40] WorldServer start in 12701 ms.
[20:17:12] MySQL Database Connected
[20:17:12] 16 Breeds catched
[20:17:12] 256 Heads catched
[20:17:12] 561 Effects catched
[20:17:12] 4 SuperAreas catched
[20:17:12] 48 Areas catched
[20:17:13] 334 SubAreas catched
[20:17:21] 11260 DofusMaps catched
[20:17:21] 9761 StatedElements catched
[20:17:21] 13349 InteractiveElements catched
[20:17:21] 1485 HouseInformations catched
[20:17:21] 556 InteractiveDoors catched
[20:17:21] 3614 MapPositions uncatched
[20:17:21] 14681 MapPositions catched
[20:17:21] 42 MapZaaps catched
[20:17:21] 79 MapSubways catched
[20:17:21] 15228 SpellLevels catched 
[20:17:21] 4772 Spells catched 
[20:17:21] 316 GuildEmblems catched 
[20:17:21] 1179 LearnableSpells catched 
[20:17:22] 9780 ItemTemplates catched 
[20:17:22] 4489 Weapons catched 
[20:17:22] 363 ItemSets catched 
[20:17:22] 171 ItemTypes catched 
[20:17:22] 110 ItemPets catched 
[20:17:22] 2476 NpcTemplates catched 
[20:17:22] 787 NpcSpawns catched 
[20:17:22] 94 NpcItems catched 
[20:17:22] 19801 NpcMessages catched 
[20:17:22] 7 NpcReplies catched 
[20:17:23] 353 Triggers catched
[20:17:23] 1277 Paddocks catched
[20:17:23] 72 Mounts catched
[20:17:23] 4 Guild catched
[20:17:23] 3 GuildMembers catched
[20:17:23] 122 Handlers Readed
[20:17:24] 166 Messages Readed
[20:17:24] WorldServer start in 12510 ms.
[20:19:15] MySQL Database Connected
[20:19:15] 16 Breeds catched
[20:19:15] 256 Heads catched
[20:19:15] 561 Effects catched
[20:19:16] 4 SuperAreas catched
[20:19:16] 48 Areas catched
[20:19:17] 334 SubAreas catched
[20:19:24] 11260 DofusMaps catched
[20:19:24] 9761 StatedElements catched
[20:19:25] 13349 InteractiveElements catched
[20:19:25] 1485 HouseInformations catched
[20:19:25] 556 InteractiveDoors catched
[20:19:25] 3614 MapPositions uncatched
[20:19:25] 14681 MapPositions catched
[20:19:25] 42 MapZaaps catched
[20:19:25] 79 MapSubways catched
[20:19:25] 15228 SpellLevels catched 
[20:19:25] 4772 Spells catched 
[20:19:25] 316 GuildEmblems catched 
[20:19:25] 1179 LearnableSpells catched 
[20:19:25] 9780 ItemTemplates catched 
[20:19:26] 4489 Weapons catched 
[20:19:26] 363 ItemSets catched 
[20:19:26] 171 ItemTypes catched 
[20:19:26] 110 ItemPets catched 
[20:19:26] 2476 NpcTemplates catched 
[20:19:26] 787 NpcSpawns catched 
[20:19:26] 94 NpcItems catched 
[20:19:26] 19801 NpcMessages catched 
[20:19:26] 7 NpcReplies catched 
[20:19:26] 353 Triggers catched
[20:19:27] 1277 Paddocks catched
[20:19:27] 72 Mounts catched
[20:19:27] 4 Guild catched
[20:19:27] 3 GuildMembers catched
[20:19:27] 122 Handlers Readed
[20:19:28] 166 Messages Readed
[20:19:28] WorldServer start in 12773 ms.
[22:30:58] MySQL Database Connected
[22:30:58] 16 Breeds catched
[22:30:58] 256 Heads catched
[22:30:58] 561 Effects catched
[22:30:59] 4 SuperAreas catched
[22:30:59] 48 Areas catched
[22:31:00] 334 SubAreas catched
[22:31:08] 11260 DofusMaps catched
[22:31:08] 9761 StatedElements catched
[22:31:08] 13349 InteractiveElements catched
[22:31:08] 1485 HouseInformations catched
[22:31:08] 556 InteractiveDoors catched
[22:31:08] 3614 MapPositions uncatched
[22:31:08] 14681 MapPositions catched
[22:31:08] 42 MapZaaps catched
[22:31:08] 79 MapSubways catched
[22:31:08] 15228 SpellLevels catched 
[22:31:08] 4772 Spells catched 
[22:31:08] 316 GuildEmblems catched 
[22:31:08] 1179 LearnableSpells catched 
[22:31:08] 9780 ItemTemplates catched 
[22:31:09] 4489 Weapons catched 
[22:31:09] 363 ItemSets catched 
[22:31:09] 171 ItemTypes catched 
[22:31:09] 110 ItemPets catched 
[22:31:09] 2476 NpcTemplates catched 
[22:31:09] 787 NpcSpawns catched 
[22:31:09] 94 NpcItems catched 
[22:31:09] 19801 NpcMessages catched 
[22:31:09] 7 NpcReplies catched 
[22:31:10] 353 Triggers catched
[22:31:10] 1277 Paddocks catched
[22:31:10] 72 Mounts catched
[22:31:10] 4 Guild catched
[22:31:10] 3 GuildMembers catched
[22:31:10] 122 Handlers Readed
[22:31:11] 166 Messages Readed
[22:31:11] WorldServer start in 12776 ms.
[22:36:17] MySQL Database Connected
[22:36:17] 16 Breeds catched
[22:36:17] 256 Heads catched
[22:36:17] 561 Effects catched
[22:36:18] 4 SuperAreas catched
[22:36:18] 48 Areas catched
[22:36:19] 334 SubAreas catched
[22:36:26] 11260 DofusMaps catched
[22:36:26] 9761 StatedElements catched
[22:36:26] 13349 InteractiveElements catched
[22:36:26] 1485 HouseInformations catched
[22:36:26] 556 InteractiveDoors catched
[22:36:26] 3614 MapPositions uncatched
[22:36:26] 14681 MapPositions catched
[22:36:26] 42 MapZaaps catched
[22:36:26] 79 MapSubways catched
[22:36:27] 15228 SpellLevels catched 
[22:36:27] 4772 Spells catched 
[22:36:27] 316 GuildEmblems catched 
[22:36:27] 1179 LearnableSpells catched 
[22:36:27] 9780 ItemTemplates catched 
[22:36:27] 4489 Weapons catched 
[22:36:27] 363 ItemSets catched 
[22:36:27] 171 ItemTypes catched 
[22:36:27] 110 ItemPets catched 
[22:36:28] 2476 NpcTemplates catched 
[22:36:28] 787 NpcSpawns catched 
[22:36:28] 94 NpcItems catched 
[22:36:28] 19801 NpcMessages catched 
[22:36:28] 7 NpcReplies catched 
[22:36:28] 353 Triggers catched
[22:36:28] 1277 Paddocks catched
[22:36:28] 72 Mounts catched
[22:36:28] 4 Guild catched
[22:36:28] 3 GuildMembers catched
[22:36:29] 122 Handlers Readed
[22:36:29] 166 Messages Readed
[22:36:29] WorldServer start in 12456 ms.
[23:22:12] MySQL Database Connected
[23:22:12] 16 Breeds catched
[23:22:12] 256 Heads catched
[23:22:12] 561 Effects catched
[23:22:13] 4 SuperAreas catched
[23:22:13] 48 Areas catched
[23:22:14] 334 SubAreas catched
[23:22:21] 11260 DofusMaps catched
[23:22:21] 9761 StatedElements catched
[23:22:22] 13349 InteractiveElements catched
[23:22:22] 1485 HouseInformations catched
[23:22:22] 556 InteractiveDoors catched
[23:22:22] 3614 MapPositions uncatched
[23:22:22] 14681 MapPositions catched
[23:22:22] 42 MapZaaps catched
[23:22:22] 79 MapSubways catched
[23:22:22] 15228 SpellLevels catched 
[23:22:22] 4772 Spells catched 
[23:22:22] 316 GuildEmblems catched 
[23:22:22] 1179 LearnableSpells catched 
[23:22:22] 9780 ItemTemplates catched 
[23:22:22] 4489 Weapons catched 
[23:22:22] 363 ItemSets catched 
[23:22:22] 171 ItemTypes catched 
[23:22:23] 110 ItemPets catched 
[23:22:23] 2476 NpcTemplates catched 
[23:22:23] 787 NpcSpawns catched 
[23:22:23] 94 NpcItems catched 
[23:22:23] 19801 NpcMessages catched 
[23:22:23] 7 NpcReplies catched 
[23:22:23] 353 Triggers catched
[23:22:23] 1277 Paddocks catched
[23:22:23] 72 Mounts catched
[23:22:23] 4 Guild catched
[23:22:23] 3 GuildMembers catched
[23:22:24] 122 Handlers Readed
[23:22:24] 166 Messages Readed
[23:22:24] WorldServer start in 12462 ms.
[23:33:20] MySQL Database Connected
[23:33:20] 16 Breeds catched
[23:33:20] 256 Heads catched
[23:33:20] 561 Effects catched
[23:33:20] 4 SuperAreas catched
[23:33:20] 48 Areas catched
[23:33:21] 334 SubAreas catched
[23:33:29] 11260 DofusMaps catched
[23:33:29] 9761 StatedElements catched
[23:33:29] 13349 InteractiveElements catched
[23:33:29] 1485 HouseInformations catched
[23:33:29] 556 InteractiveDoors catched
[23:33:29] 3614 MapPositions uncatched
[23:33:29] 14681 MapPositions catched
[23:33:29] 42 MapZaaps catched
[23:33:29] 79 MapSubways catched
[23:33:30] 15228 SpellLevels catched 
[23:33:30] 4772 Spells catched 
[23:33:30] 316 GuildEmblems catched 
[23:33:30] 1179 LearnableSpells catched 
[23:33:30] 9780 ItemTemplates catched 
[23:33:30] 4489 Weapons catched 
[23:33:30] 363 ItemSets catched 
[23:33:30] 171 ItemTypes catched 
[23:33:30] 110 ItemPets catched 
[23:33:31] 2476 NpcTemplates catched 
[23:33:31] 787 NpcSpawns catched 
[23:33:31] 94 NpcItems catched 
[23:33:31] 19801 NpcMessages catched 
[23:33:31] 7 NpcReplies catched 
[23:33:31] 353 Triggers catched
[23:33:31] 1277 Paddocks catched
[23:33:31] 72 Mounts catched
[23:33:31] 4 Guild catched
[23:33:31] 3 GuildMembers catched
[23:33:32] 122 Handlers Readed
[23:33:32] 166 Messages Readed
[23:33:32] WorldServer start in 12803 ms.
