[15:51:46] MySQL Database Connected
[15:51:46] 16 Breeds catched
[15:51:46] 256 Heads catched
[15:51:58] 11260 DofusMaps catched
[15:51:59] 169 StatedElements catched
[15:51:59] 323 InteractiveElements catched
[15:51:59] 18 Handlers Readed
[15:52:01] 18 Messages Readed
[15:52:01] WorldServer start in 15248 ms.
[16:07:22] MySQL Database Connected
[16:07:23] 16 Breeds catched
[16:07:23] 256 Heads catched
[16:09:11] MySQL Database Connected
[16:09:11] 16 Breeds catched
[16:09:11] 256 Heads catched
[16:09:22] 11260 DofusMaps catched
[16:09:22] 169 StatedElements catched
[16:09:22] 323 InteractiveElements catched
[16:09:22] 18 Handlers Readed
[16:09:23] 18 Messages Readed
[16:09:23] WorldServer start in 12175 ms.
[16:30:02] MySQL Database Connected
[16:30:02] 16 Breeds catched
[16:30:02] 256 Heads catched
[16:30:09] 11260 DofusMaps catched
[16:30:09] 169 StatedElements catched
[16:30:09] 323 InteractiveElements catched
[16:30:09] 18 Handlers Readed
[16:30:09] 18 Messages Readed
[16:30:10] WorldServer start in 8290 ms.
[16:36:43] MySQL Database Connected
[16:36:43] 16 Breeds catched
[16:36:43] 256 Heads catched
[16:36:54] 11260 DofusMaps catched
[16:36:54] 169 StatedElements catched
[16:36:54] 323 InteractiveElements catched
[16:36:54] 18 Handlers Readed
[16:36:55] 18 Messages Readed
[16:36:55] WorldServer start in 11543 ms.
[16:37:51] MySQL Database Connected
[16:37:52] 16 Breeds catched
[16:37:52] 256 Heads catched
[16:38:00] 11260 DofusMaps catched
[16:38:00] 169 StatedElements catched
[16:38:00] 323 InteractiveElements catched
[16:38:00] 18 Handlers Readed
[16:38:00] 18 Messages Readed
[16:38:00] WorldServer start in 9076 ms.
[16:38:39] MySQL Database Connected
[16:38:39] 16 Breeds catched
[16:38:39] 256 Heads catched
[16:38:50] 11260 DofusMaps catched
[16:38:50] 169 StatedElements catched
[16:38:50] 323 InteractiveElements catched
[16:38:50] 18 Handlers Readed
[16:38:50] 18 Messages Readed
[16:38:50] WorldServer start in 11802 ms.
[16:39:39] MySQL Database Connected
[16:39:39] 16 Breeds catched
[16:39:39] 256 Heads catched
[16:39:47] 11260 DofusMaps catched
[16:39:47] 169 StatedElements catched
[16:39:47] 323 InteractiveElements catched
[16:39:47] 18 Handlers Readed
[16:39:47] 18 Messages Readed
[16:39:48] WorldServer start in 8413 ms.
[16:41:29] MySQL Database Connected
[16:41:29] 16 Breeds catched
[16:41:29] 256 Heads catched
[16:41:41] 11260 DofusMaps catched
[16:41:41] 169 StatedElements catched
[16:41:41] 323 InteractiveElements catched
[16:41:42] 18 Handlers Readed
[16:41:42] 18 Messages Readed
[16:41:42] WorldServer start in 13395 ms.
[16:47:23] MySQL Database Connected
[16:47:23] 16 Breeds catched
[16:47:23] 256 Heads catched
[16:47:31] 11260 DofusMaps catched
[16:47:31] 169 StatedElements catched
[16:47:31] 323 InteractiveElements catched
[16:47:31] 18 Handlers Readed
[16:47:31] 18 Messages Readed
[16:47:31] WorldServer start in 8360 ms.
[16:50:51] MySQL Database Connected
[16:50:51] 16 Breeds catched
[16:50:51] 256 Heads catched
[16:50:59] 11260 DofusMaps catched
[16:50:59] 169 StatedElements catched
[16:50:59] 323 InteractiveElements catched
[16:50:59] 18 Handlers Readed
[16:50:59] 18 Messages Readed
[16:50:59] WorldServer start in 8888 ms.
[17:00:35] MySQL Database Connected
[17:00:35] 16 Breeds catched
[17:00:35] 256 Heads catched
[17:00:43] 11260 DofusMaps catched
[17:00:43] 169 StatedElements catched
[17:00:43] 323 InteractiveElements catched
[17:00:43] 18 Handlers Readed
[17:00:43] 18 Messages Readed
[17:00:43] WorldServer start in 8818 ms.
[17:03:31] MySQL Database Connected
[17:03:31] 16 Breeds catched
[17:03:31] 256 Heads catched
[17:03:39] 11260 DofusMaps catched
[17:03:39] 169 StatedElements catched
[17:03:39] 323 InteractiveElements catched
[17:03:39] 18 Handlers Readed
[17:03:39] 18 Messages Readed
[17:03:39] WorldServer start in 8372 ms.
[17:23:23] MySQL Database Connected
[17:23:23] 16 Breeds catched
[17:23:23] 256 Heads catched
[17:23:34] 11260 DofusMaps catched
[17:23:34] 169 StatedElements catched
[17:23:34] 323 InteractiveElements catched
[17:23:34] 18 Handlers Readed
[17:23:34] 18 Messages Readed
[17:23:34] WorldServer start in 11476 ms.
[21:58:45] MySQL Database Connected
[21:58:45] 16 Breeds catched
[21:58:45] 256 Heads catched
[21:58:53] 11260 DofusMaps catched
[21:58:53] 169 StatedElements catched
[21:58:53] 323 InteractiveElements catched
[21:58:54] 18 Handlers Readed
[21:58:54] 18 Messages Readed
[21:58:54] WorldServer start in 9744 ms.
