[09:18:11] MySQL Database Connected
[09:18:11] 16 Breeds catched
[09:18:11] 256 Heads catched
[09:18:11] 561 Effects catched
[09:18:20] 11260 DofusMaps catched
[09:18:20] 413 StatedElements catched
[09:18:20] 704 InteractiveElements catched
[09:18:21] 15228 SpellLevels catched 
[09:18:21] 4772 Spells catched 
[09:18:21] 1179 LearnableSpells catched 
[09:18:21] 9780 ItemTemplates catched 
[09:18:22] 4489 Weapons catched 
[09:18:22] 363 ItemSets catched 
[09:18:22] 171 ItemTypes catched 
[09:18:23] 37 Handlers Readed
[09:19:51] MySQL Database Connected
[09:19:51] 16 Breeds catched
[09:19:51] 256 Heads catched
[09:19:51] 561 Effects catched
[09:19:59] 11260 DofusMaps catched
[09:19:59] 413 StatedElements catched
[09:19:59] 704 InteractiveElements catched
[09:19:59] 15228 SpellLevels catched 
[09:19:59] 4772 Spells catched 
[09:19:59] 1179 LearnableSpells catched 
[09:19:59] 9780 ItemTemplates catched 
[09:19:59] 4489 Weapons catched 
[09:19:59] 363 ItemSets catched 
[09:19:59] 171 ItemTypes catched 
[09:20:00] 37 Handlers Readed
[09:20:00] 41 Messages Readed
[09:20:00] WorldServer start in 9370 ms.
[10:11:38] MySQL Database Connected
[10:11:38] 16 Breeds catched
[10:11:38] 256 Heads catched
[10:11:38] 561 Effects catched
[10:11:47] 11260 DofusMaps catched
[10:11:47] 413 StatedElements catched
[10:12:46] MySQL Database Connected
[10:12:46] 16 Breeds catched
[10:12:46] 256 Heads catched
[10:12:46] 561 Effects catched
[10:12:54] 11260 DofusMaps catched
[10:12:54] 413 StatedElements catched
[10:14:19] MySQL Database Connected
[10:14:19] 16 Breeds catched
[10:14:19] 256 Heads catched
[10:14:19] 561 Effects catched
[10:14:27] 11260 DofusMaps catched
[10:14:27] 413 StatedElements catched
[10:14:27] 709 InteractiveElements catched
[10:14:28] 15228 SpellLevels catched 
[10:14:28] 4772 Spells catched 
[10:14:28] 1179 LearnableSpells catched 
[10:14:28] 9780 ItemTemplates catched 
[10:14:28] 4489 Weapons catched 
[10:14:28] 363 ItemSets catched 
[10:14:28] 171 ItemTypes catched 
[10:14:29] 37 Handlers Readed
[10:14:29] 41 Messages Readed
[10:14:29] WorldServer start in 10203 ms.
[10:15:06] MySQL Database Connected
[10:15:06] 16 Breeds catched
[10:15:06] 256 Heads catched
[10:15:06] 561 Effects catched
[10:15:13] 11260 DofusMaps catched
[10:15:13] 413 StatedElements catched
[10:15:13] 708 InteractiveElements catched
[10:15:13] 15228 SpellLevels catched 
[10:15:13] 4772 Spells catched 
[10:15:13] 1179 LearnableSpells catched 
[10:15:14] 9780 ItemTemplates catched 
[10:15:14] 4489 Weapons catched 
[10:15:14] 363 ItemSets catched 
[10:15:14] 171 ItemTypes catched 
[10:15:14] 37 Handlers Readed
[10:15:14] 41 Messages Readed
[10:15:14] WorldServer start in 9007 ms.
[10:23:49] MySQL Database Connected
[10:23:49] 16 Breeds catched
[10:23:49] 256 Heads catched
[10:23:49] 561 Effects catched
[10:23:57] 11260 DofusMaps catched
[10:23:57] 413 StatedElements catched
[10:23:57] 708 InteractiveElements catched
[10:23:58] 15228 SpellLevels catched 
[10:23:58] 4772 Spells catched 
[10:23:58] 1179 LearnableSpells catched 
[10:23:58] 9780 ItemTemplates catched 
[10:23:58] 4489 Weapons catched 
[10:23:58] 363 ItemSets catched 
[10:23:58] 171 ItemTypes catched 
[10:23:59] 37 Handlers Readed
[10:23:59] 41 Messages Readed
[10:23:59] WorldServer start in 9857 ms.
[10:25:58] MySQL Database Connected
[10:25:58] 16 Breeds catched
[10:25:58] 256 Heads catched
[10:25:58] 561 Effects catched
[10:26:06] 11260 DofusMaps catched
[10:26:06] 413 StatedElements catched
[10:26:06] 708 InteractiveElements catched
[10:26:06] 15228 SpellLevels catched 
[10:26:06] 4772 Spells catched 
[10:26:06] 1179 LearnableSpells catched 
[10:26:07] 9780 ItemTemplates catched 
[10:26:07] 4489 Weapons catched 
[10:26:07] 363 ItemSets catched 
[10:26:07] 171 ItemTypes catched 
[10:26:07] 37 Handlers Readed
[10:26:07] 41 Messages Readed
[10:26:07] WorldServer start in 9583 ms.
[10:55:26] MySQL Database Connected
[10:55:26] 16 Breeds catched
[10:55:26] 256 Heads catched
[10:55:26] 561 Effects catched
[10:55:34] 11260 DofusMaps catched
[10:55:34] 413 StatedElements catched
[10:55:34] 708 InteractiveElements catched
[10:55:34] 15228 SpellLevels catched 
[10:55:34] 4772 Spells catched 
[10:55:34] 1179 LearnableSpells catched 
[10:55:34] 9780 ItemTemplates catched 
[10:55:34] 4489 Weapons catched 
[10:55:34] 363 ItemSets catched 
[10:55:34] 171 ItemTypes catched 
[10:55:35] 37 Handlers Readed
[10:55:35] 41 Messages Readed
[10:55:35] WorldServer start in 9241 ms.
[10:57:22] MySQL Database Connected
[10:57:22] 16 Breeds catched
[10:57:22] 256 Heads catched
[10:57:22] 561 Effects catched
[10:57:31] 11260 DofusMaps catched
[10:57:31] 413 StatedElements catched
[10:57:31] 708 InteractiveElements catched
[10:57:31] 0 HouseInformations catched
[10:57:31] 15228 SpellLevels catched 
[10:57:31] 4772 Spells catched 
[10:57:31] 1179 LearnableSpells catched 
[10:57:32] 9780 ItemTemplates catched 
[10:57:32] 4489 Weapons catched 
[10:57:32] 363 ItemSets catched 
[10:57:32] 171 ItemTypes catched 
[10:57:32] 37 Handlers Readed
[10:57:32] 41 Messages Readed
[10:57:32] WorldServer start in 10242 ms.
[10:58:19] MySQL Database Connected
[10:58:19] 16 Breeds catched
[10:58:19] 256 Heads catched
[10:58:19] 561 Effects catched
[10:58:27] 11260 DofusMaps catched
[10:58:27] 413 StatedElements catched
[10:58:27] 708 InteractiveElements catched
[10:58:27] 68 HouseInformations catched
[10:58:27] 15228 SpellLevels catched 
[10:58:27] 4772 Spells catched 
[10:58:27] 1179 LearnableSpells catched 
[10:58:28] 9780 ItemTemplates catched 
[10:58:28] 4489 Weapons catched 
[10:58:28] 363 ItemSets catched 
[10:58:28] 171 ItemTypes catched 
[10:58:28] 37 Handlers Readed
[10:58:28] 41 Messages Readed
[10:58:29] WorldServer start in 9549 ms.
[11:08:10] MySQL Database Connected
[11:08:10] 16 Breeds catched
[11:08:10] 256 Heads catched
[11:08:10] 561 Effects catched
[11:08:18] 11260 DofusMaps catched
[11:08:18] 413 StatedElements catched
[11:08:18] 708 InteractiveElements catched
[11:08:18] 68 HouseInformations catched
[11:08:18] 15228 SpellLevels catched 
[11:08:18] 4772 Spells catched 
[11:08:18] 1179 LearnableSpells catched 
[11:08:18] 9780 ItemTemplates catched 
[11:08:19] 4489 Weapons catched 
[11:08:19] 363 ItemSets catched 
[11:08:19] 171 ItemTypes catched 
[11:08:19] 37 Handlers Readed
[11:08:19] 41 Messages Readed
[11:08:19] WorldServer start in 9636 ms.
[12:07:44] MySQL Database Connected
[12:07:44] 16 Breeds catched
[12:07:44] 256 Heads catched
[12:07:44] 561 Effects catched
[12:07:52] 11260 DofusMaps catched
[12:07:52] 413 StatedElements catched
[12:07:52] 708 InteractiveElements catched
[12:07:52] 68 HouseInformations catched
[12:07:53] 15228 SpellLevels catched 
[12:07:53] 4772 Spells catched 
[12:07:53] 1179 LearnableSpells catched 
[12:07:53] 9780 ItemTemplates catched 
[12:07:53] 4489 Weapons catched 
[12:07:53] 363 ItemSets catched 
[12:07:53] 171 ItemTypes catched 
[12:07:53] 37 Handlers Readed
[12:07:54] 41 Messages Readed
[12:07:54] WorldServer start in 10364 ms.
[12:10:26] MySQL Database Connected
[12:10:26] 16 Breeds catched
[12:10:26] 256 Heads catched
[12:10:26] 561 Effects catched
[12:11:07] 11260 DofusMaps catched
[12:11:07] 413 StatedElements catched
[12:11:07] 708 InteractiveElements catched
[12:11:07] 68 HouseInformations catched
[12:11:08] 15228 SpellLevels catched 
[12:11:08] 4772 Spells catched 
[12:11:08] 1179 LearnableSpells catched 
[12:11:08] 9780 ItemTemplates catched 
[12:11:08] 4489 Weapons catched 
[12:11:08] 363 ItemSets catched 
[12:11:08] 171 ItemTypes catched 
[12:11:08] 37 Handlers Readed
[12:11:09] 41 Messages Readed
[12:11:09] WorldServer start in 43104 ms.
[12:11:38] MySQL Database Connected
[12:11:38] 16 Breeds catched
[12:11:38] 256 Heads catched
[12:11:38] 561 Effects catched
[12:11:49] 11260 DofusMaps catched
[12:11:49] 413 StatedElements catched
[12:11:49] 708 InteractiveElements catched
[12:11:49] 68 HouseInformations catched
[12:11:50] 15228 SpellLevels catched 
[12:11:51] 4772 Spells catched 
[12:11:51] 1179 LearnableSpells catched 
[12:11:53] 9780 ItemTemplates catched 
[12:11:53] 4489 Weapons catched 
[12:11:53] 363 ItemSets catched 
[12:11:53] 171 ItemTypes catched 
[12:11:54] 37 Handlers Readed
[12:11:54] 41 Messages Readed
[12:11:54] WorldServer start in 16583 ms.
[12:14:47] MySQL Database Connected
[12:14:47] 16 Breeds catched
[12:14:47] 256 Heads catched
[12:14:47] 561 Effects catched
[12:14:55] 11260 DofusMaps catched
[12:14:55] 413 StatedElements catched
[12:14:56] 708 InteractiveElements catched
[12:14:56] 68 HouseInformations catched
[12:14:56] 15228 SpellLevels catched 
[12:14:56] 4772 Spells catched 
[12:14:56] 1179 LearnableSpells catched 
[12:14:56] 9780 ItemTemplates catched 
[12:14:56] 4489 Weapons catched 
[12:14:56] 363 ItemSets catched 
[12:14:56] 171 ItemTypes catched 
[12:14:57] 37 Handlers Readed
[12:14:57] 41 Messages Readed
[12:14:57] WorldServer start in 9849 ms.
[12:56:51] MySQL Database Connected
[12:56:51] 16 Breeds catched
[12:56:51] 256 Heads catched
[12:56:51] 561 Effects catched
[12:56:57] 11260 DofusMaps catched
[12:56:57] 413 StatedElements catched
[12:56:57] 708 InteractiveElements catched
[12:56:57] 68 HouseInformations catched
[12:56:58] 15228 SpellLevels catched 
[12:56:58] 4772 Spells catched 
[12:56:58] 1179 LearnableSpells catched 
[12:56:58] 9780 ItemTemplates catched 
[12:56:58] 4489 Weapons catched 
[12:56:58] 363 ItemSets catched 
[12:56:58] 171 ItemTypes catched 
[12:56:58] 37 Handlers Readed
[12:56:59] 41 Messages Readed
[12:56:59] WorldServer start in 7543 ms.
[14:20:19] MySQL Database Connected
[14:20:19] 16 Breeds catched
[14:20:19] 256 Heads catched
[14:20:19] 561 Effects catched
[14:20:27] 11260 DofusMaps catched
[14:20:27] 413 StatedElements catched
[14:20:27] 708 InteractiveElements catched
[14:20:27] 68 HouseInformations catched
[14:20:27] 0 nteractiveDoors catched
[14:20:28] 15228 SpellLevels catched 
[14:20:28] 4772 Spells catched 
[14:20:28] 1179 LearnableSpells catched 
[14:20:28] 9780 ItemTemplates catched 
[14:20:28] 4489 Weapons catched 
[14:20:28] 363 ItemSets catched 
[14:20:28] 171 ItemTypes catched 
[14:20:29] 37 Handlers Readed
[14:20:29] 41 Messages Readed
[14:20:29] WorldServer start in 9878 ms.
[14:22:52] MySQL Database Connected
[14:22:52] 16 Breeds catched
[14:22:52] 256 Heads catched
[14:22:52] 561 Effects catched
[14:23:00] 11260 DofusMaps catched
[14:23:00] 413 StatedElements catched
[14:23:00] 708 InteractiveElements catched
[14:23:00] 68 HouseInformations catched
[14:23:00] 2 nteractiveDoors catched
[14:23:01] 15228 SpellLevels catched 
[14:23:01] 4772 Spells catched 
[14:23:01] 1179 LearnableSpells catched 
[14:23:01] 9780 ItemTemplates catched 
[14:23:01] 4489 Weapons catched 
[14:23:01] 363 ItemSets catched 
[14:23:01] 171 ItemTypes catched 
[14:23:02] 37 Handlers Readed
[14:23:02] 41 Messages Readed
[14:23:02] WorldServer start in 10716 ms.
[14:40:30] MySQL Database Connected
[14:40:30] 16 Breeds catched
[14:40:30] 256 Heads catched
[14:40:30] 561 Effects catched
[14:40:38] 11260 DofusMaps catched
[14:40:38] 413 StatedElements catched
[14:40:38] 708 InteractiveElements catched
[14:40:38] 68 HouseInformations catched
[14:40:38] 16 nteractiveDoors catched
[14:40:39] 15228 SpellLevels catched 
[14:40:39] 4772 Spells catched 
[14:40:39] 1179 LearnableSpells catched 
[14:40:39] 9780 ItemTemplates catched 
[14:40:39] 4489 Weapons catched 
[14:40:39] 363 ItemSets catched 
[14:40:39] 171 ItemTypes catched 
[14:40:39] 37 Handlers Readed
[14:40:40] 41 Messages Readed
[14:40:40] WorldServer start in 9801 ms.
[15:39:38] MySQL Database Connected
[15:39:38] 16 Breeds catched
[15:39:38] 256 Heads catched
[15:39:38] 561 Effects catched
[15:39:46] 11260 DofusMaps catched
[15:39:46] 413 StatedElements catched
[15:39:46] 708 InteractiveElements catched
[15:39:46] 68 HouseInformations catched
[15:39:46] 16 nteractiveDoors catched
[15:39:46] 15228 SpellLevels catched 
[15:39:46] 4772 Spells catched 
[15:39:46] 1179 LearnableSpells catched 
[15:39:47] 9780 ItemTemplates catched 
[15:39:47] 4489 Weapons catched 
[15:39:47] 363 ItemSets catched 
[15:39:47] 171 ItemTypes catched 
[15:39:48] 37 Handlers Readed
[15:39:48] 41 Messages Readed
[15:39:48] WorldServer start in 10066 ms.
[21:37:42] MySQL Database Connected
[21:37:42] 16 Breeds catched
[21:37:42] 256 Heads catched
[21:37:42] 561 Effects catched
[21:37:50] 11260 DofusMaps catched
[21:37:50] 413 StatedElements catched
[21:37:50] 708 InteractiveElements catched
[21:37:50] 68 HouseInformations catched
[21:37:50] 16 nteractiveDoors catched
[21:37:50] 15228 SpellLevels catched 
[21:37:50] 4772 Spells catched 
[21:37:50] 1179 LearnableSpells catched 
[21:37:51] 9780 ItemTemplates catched 
[21:37:51] 4489 Weapons catched 
[21:37:51] 363 ItemSets catched 
[21:37:51] 171 ItemTypes catched 
[21:37:51] 37 Handlers Readed
[21:37:52] 41 Messages Readed
[21:37:52] WorldServer start in 9834 ms.
[22:08:45] MySQL Database Connected
[22:08:45] 16 Breeds catched
[22:08:45] 256 Heads catched
[22:08:45] 561 Effects catched
[22:08:53] 11260 DofusMaps catched
[22:08:53] 413 StatedElements catched
[22:08:53] 708 InteractiveElements catched
[22:08:54] 68 HouseInformations catched
[22:08:54] 16 InteractiveDoors catched
[22:08:54] 12 Triggers catched
[22:08:54] 15228 SpellLevels catched 
[22:08:54] 4772 Spells catched 
[22:08:54] 1179 LearnableSpells catched 
[22:08:54] 9780 ItemTemplates catched 
[22:08:54] 4489 Weapons catched 
[22:08:54] 363 ItemSets catched 
[22:08:54] 171 ItemTypes catched 
[22:08:55] 37 Handlers Readed
[22:08:55] 41 Messages Readed
[22:08:55] WorldServer start in 9821 ms.
[22:12:38] MySQL Database Connected
[22:12:38] 16 Breeds catched
[22:12:38] 256 Heads catched
[22:12:38] 561 Effects catched
[22:12:46] 11260 DofusMaps catched
[22:12:46] 413 StatedElements catched
[22:12:46] 708 InteractiveElements catched
[22:12:46] 68 HouseInformations catched
[22:12:46] 16 InteractiveDoors catched
[22:12:46] 12 Triggers catched
[22:12:46] 15228 SpellLevels catched 
[22:12:46] 4772 Spells catched 
[22:12:46] 1179 LearnableSpells catched 
[22:12:47] 9780 ItemTemplates catched 
[22:12:47] 4489 Weapons catched 
[22:12:47] 363 ItemSets catched 
[22:12:47] 171 ItemTypes catched 
[22:12:47] 37 Handlers Readed
[22:12:48] 41 Messages Readed
[22:12:48] WorldServer start in 9651 ms.
