[14:25:57] MySQL Database Connected
[14:25:57] 16 Breeds catched
[14:25:57] 256 Heads catched
[14:25:57] 561 Effects catched
[14:26:05] 11260 DofusMaps catched
[14:26:05] 454 StatedElements catched
[14:26:05] 802 InteractiveElements catched
[14:26:05] 74 HouseInformations catched
[14:26:05] 120 InteractiveDoors catched
[14:26:06] 3614 MapPositions uncatched
[14:26:06] 14681 MapPositions catched
[14:26:06] 42 MapZaaps catched
[14:26:06] 15228 SpellLevels catched 
[14:26:06] 4772 Spells catched 
[14:26:06] 1179 LearnableSpells catched 
[14:26:06] 9780 ItemTemplates catched 
[14:26:06] 4489 Weapons catched 
[14:26:06] 363 ItemSets catched 
[14:26:06] 171 ItemTypes catched 
[14:26:06] 110 ItemPets catched 
[14:26:07] 2476 NpcTemplates catched 
[14:26:07] 138 NpcSpawns catched 
[14:26:07] 50 NpcItems catched 
[14:26:07] 19801 NpcMessages catched 
[14:26:07] 6 NpcReplies catched 
[14:26:07] 18 Triggers catched
[14:26:07] 47 Handlers Readed
[14:26:08] 66 Messages Readed
[14:26:08] WorldServer start in 11242 ms.
[14:27:05] MySQL Database Connected
[14:27:05] 16 Breeds catched
[14:27:05] 256 Heads catched
[14:27:05] 561 Effects catched
[14:27:12] 11260 DofusMaps catched
[14:27:12] 454 StatedElements catched
[14:27:13] 802 InteractiveElements catched
[14:27:13] 74 HouseInformations catched
[14:27:13] 120 InteractiveDoors catched
[14:27:13] 3614 MapPositions uncatched
[14:27:13] 14681 MapPositions catched
[14:27:13] 42 MapZaaps catched
[14:27:13] 15228 SpellLevels catched 
[14:27:13] 4772 Spells catched 
[14:27:13] 1179 LearnableSpells catched 
[14:27:13] 9780 ItemTemplates catched 
[14:27:13] 4489 Weapons catched 
[14:27:13] 363 ItemSets catched 
[14:27:13] 171 ItemTypes catched 
[14:27:13] 110 ItemPets catched 
[14:27:14] 2476 NpcTemplates catched 
[14:27:14] 138 NpcSpawns catched 
[14:27:14] 50 NpcItems catched 
[14:27:14] 19801 NpcMessages catched 
[14:27:14] 6 NpcReplies catched 
[14:27:14] 18 Triggers catched
[14:27:14] 47 Handlers Readed
[14:27:14] 66 Messages Readed
[14:27:14] WorldServer start in 9706 ms.
[14:29:23] MySQL Database Connected
[14:29:23] 16 Breeds catched
[14:29:23] 256 Heads catched
[14:29:23] 561 Effects catched
[14:29:31] 11260 DofusMaps catched
[14:29:31] 454 StatedElements catched
[14:29:31] 802 InteractiveElements catched
[14:29:31] 74 HouseInformations catched
[14:29:31] 120 InteractiveDoors catched
[14:29:31] 3614 MapPositions uncatched
[14:29:31] 14681 MapPositions catched
[14:29:31] 42 MapZaaps catched
[14:29:32] 15228 SpellLevels catched 
[14:29:32] 4772 Spells catched 
[14:29:32] 1179 LearnableSpells catched 
[14:29:32] 9780 ItemTemplates catched 
[14:29:32] 4489 Weapons catched 
[14:29:32] 363 ItemSets catched 
[14:29:32] 171 ItemTypes catched 
[14:29:32] 110 ItemPets catched 
[14:29:32] 2476 NpcTemplates catched 
[14:29:32] 138 NpcSpawns catched 
[14:29:32] 50 NpcItems catched 
[14:29:32] 19801 NpcMessages catched 
[14:29:32] 6 NpcReplies catched 
[14:29:32] 18 Triggers catched
[14:29:33] 47 Handlers Readed
[14:29:33] 66 Messages Readed
[14:29:33] WorldServer start in 10381 ms.
[14:33:05] MySQL Database Connected
[14:33:05] 16 Breeds catched
[14:33:05] 256 Heads catched
[14:33:05] 561 Effects catched
[14:33:13] 11260 DofusMaps catched
[14:33:13] 454 StatedElements catched
[14:33:13] 802 InteractiveElements catched
[14:33:13] 74 HouseInformations catched
[14:33:13] 120 InteractiveDoors catched
[14:33:13] 3614 MapPositions uncatched
[14:33:13] 14681 MapPositions catched
[14:33:13] 42 MapZaaps catched
[14:33:14] 15228 SpellLevels catched 
[14:33:14] 4772 Spells catched 
[14:33:14] 1179 LearnableSpells catched 
[14:33:14] 9780 ItemTemplates catched 
[14:33:14] 4489 Weapons catched 
[14:33:14] 363 ItemSets catched 
[14:33:14] 171 ItemTypes catched 
[14:33:14] 110 ItemPets catched 
[14:33:14] 2476 NpcTemplates catched 
[14:33:14] 138 NpcSpawns catched 
[14:33:14] 50 NpcItems catched 
[14:33:14] 19801 NpcMessages catched 
[14:33:14] 6 NpcReplies catched 
[14:33:14] 18 Triggers catched
[14:33:15] 47 Handlers Readed
[14:33:15] 66 Messages Readed
[14:33:15] WorldServer start in 10868 ms.
[14:34:24] MySQL Database Connected
[14:34:24] 16 Breeds catched
[14:34:24] 256 Heads catched
[14:34:24] 561 Effects catched
[14:34:32] 11260 DofusMaps catched
[14:34:32] 454 StatedElements catched
[14:34:32] 802 InteractiveElements catched
[14:34:32] 74 HouseInformations catched
[14:34:32] 120 InteractiveDoors catched
[14:34:32] 3614 MapPositions uncatched
[14:34:32] 14681 MapPositions catched
[14:34:32] 42 MapZaaps catched
[14:34:32] 15228 SpellLevels catched 
[14:34:32] 4772 Spells catched 
[14:34:32] 1179 LearnableSpells catched 
[14:34:33] 9780 ItemTemplates catched 
[14:34:33] 4489 Weapons catched 
[14:34:33] 363 ItemSets catched 
[14:34:33] 171 ItemTypes catched 
[14:34:33] 110 ItemPets catched 
[14:34:33] 2476 NpcTemplates catched 
[14:34:33] 138 NpcSpawns catched 
[14:34:33] 50 NpcItems catched 
[14:34:33] 19801 NpcMessages catched 
[14:34:33] 6 NpcReplies catched 
[14:34:33] 18 Triggers catched
[14:34:34] 47 Handlers Readed
[14:34:34] 66 Messages Readed
[14:34:34] WorldServer start in 10603 ms.
[14:35:39] MySQL Database Connected
[14:35:39] 16 Breeds catched
[14:35:39] 256 Heads catched
[14:35:39] 561 Effects catched
[14:35:46] 11260 DofusMaps catched
[14:35:46] 454 StatedElements catched
[14:35:47] 802 InteractiveElements catched
[14:35:47] 74 HouseInformations catched
[14:35:47] 120 InteractiveDoors catched
[14:35:47] 3614 MapPositions uncatched
[14:35:47] 14681 MapPositions catched
[14:35:47] 42 MapZaaps catched
[14:35:47] 15228 SpellLevels catched 
[14:35:47] 4772 Spells catched 
[14:35:47] 1179 LearnableSpells catched 
[14:35:47] 9780 ItemTemplates catched 
[14:35:48] 4489 Weapons catched 
[14:35:48] 363 ItemSets catched 
[14:35:48] 171 ItemTypes catched 
[14:35:48] 110 ItemPets catched 
[14:35:48] 2476 NpcTemplates catched 
[14:35:48] 138 NpcSpawns catched 
[14:35:48] 50 NpcItems catched 
[14:35:48] 19801 NpcMessages catched 
[14:35:48] 6 NpcReplies catched 
[14:35:48] 18 Triggers catched
[14:35:48] 47 Handlers Readed
[14:35:49] 66 Messages Readed
[14:35:49] WorldServer start in 10208 ms.
[14:36:30] MySQL Database Connected
[14:36:30] 16 Breeds catched
[14:36:30] 256 Heads catched
[14:36:30] 561 Effects catched
[14:36:38] 11260 DofusMaps catched
[14:36:38] 454 StatedElements catched
[14:36:38] 802 InteractiveElements catched
[14:36:38] 74 HouseInformations catched
[14:36:38] 120 InteractiveDoors catched
[14:36:38] 3614 MapPositions uncatched
[14:36:38] 14681 MapPositions catched
[14:36:38] 42 MapZaaps catched
[14:36:38] 15228 SpellLevels catched 
[14:36:38] 4772 Spells catched 
[14:36:38] 1179 LearnableSpells catched 
[14:36:39] 9780 ItemTemplates catched 
[14:36:39] 4489 Weapons catched 
[14:36:39] 363 ItemSets catched 
[14:36:39] 171 ItemTypes catched 
[14:36:39] 110 ItemPets catched 
[14:36:39] 2476 NpcTemplates catched 
[14:36:39] 138 NpcSpawns catched 
[14:36:39] 50 NpcItems catched 
[14:36:39] 19801 NpcMessages catched 
[14:36:39] 6 NpcReplies catched 
[14:36:39] 18 Triggers catched
[14:36:40] 47 Handlers Readed
[14:36:40] 66 Messages Readed
[14:36:40] WorldServer start in 10192 ms.
[15:33:07] MySQL Database Connected
[15:33:07] 16 Breeds catched
[15:33:07] 256 Heads catched
[15:33:07] 561 Effects catched
[15:33:14] 11260 DofusMaps catched
[15:33:14] 454 StatedElements catched
[15:33:14] 802 InteractiveElements catched
[15:33:14] 74 HouseInformations catched
[15:33:14] 120 InteractiveDoors catched
[15:33:15] 3614 MapPositions uncatched
[15:33:15] 14681 MapPositions catched
[15:33:15] 42 MapZaaps catched
[15:33:15] 15228 SpellLevels catched 
[15:33:15] 4772 Spells catched 
[15:33:15] 1179 LearnableSpells catched 
[15:33:15] 9780 ItemTemplates catched 
[15:33:15] 4489 Weapons catched 
[15:33:15] 363 ItemSets catched 
[15:33:15] 171 ItemTypes catched 
[15:33:15] 110 ItemPets catched 
[15:33:16] 2476 NpcTemplates catched 
[15:33:16] 138 NpcSpawns catched 
[15:33:16] 50 NpcItems catched 
[15:33:16] 19801 NpcMessages catched 
[15:33:16] 6 NpcReplies catched 
[15:33:16] 18 Triggers catched
[15:33:16] 47 Handlers Readed
[15:33:17] 66 Messages Readed
[15:33:17] WorldServer start in 10029 ms.
[15:34:12] MySQL Database Connected
[15:34:12] 16 Breeds catched
[15:34:12] 256 Heads catched
[15:34:12] 561 Effects catched
[15:34:21] 11260 DofusMaps catched
[15:34:21] 454 StatedElements catched
[15:34:21] 802 InteractiveElements catched
[15:34:21] 74 HouseInformations catched
[15:34:21] 120 InteractiveDoors catched
[15:34:21] 3614 MapPositions uncatched
[15:34:21] 14681 MapPositions catched
[15:34:21] 42 MapZaaps catched
[15:34:21] 15228 SpellLevels catched 
[15:34:21] 4772 Spells catched 
[15:34:21] 1179 LearnableSpells catched 
[15:34:21] 9780 ItemTemplates catched 
[15:34:22] 4489 Weapons catched 
[15:34:22] 363 ItemSets catched 
[15:34:22] 171 ItemTypes catched 
[15:34:22] 110 ItemPets catched 
[15:34:22] 2476 NpcTemplates catched 
[15:34:22] 138 NpcSpawns catched 
[15:34:22] 50 NpcItems catched 
[15:34:22] 19801 NpcMessages catched 
[15:34:22] 6 NpcReplies catched 
[15:34:22] 18 Triggers catched
[15:34:22] 47 Handlers Readed
[15:34:23] 66 Messages Readed
[15:34:23] WorldServer start in 10807 ms.
[15:35:49] MySQL Database Connected
[15:35:49] 16 Breeds catched
[15:35:49] 256 Heads catched
[15:35:49] 561 Effects catched
[15:36:22] MySQL Database Connected
[15:36:22] 16 Breeds catched
[15:36:22] 256 Heads catched
[15:36:22] 561 Effects catched
[15:36:30] 11260 DofusMaps catched
[15:36:30] 454 StatedElements catched
[15:36:30] 802 InteractiveElements catched
[15:36:30] 74 HouseInformations catched
[15:36:30] 120 InteractiveDoors catched
[15:36:30] 3614 MapPositions uncatched
[15:36:30] 14681 MapPositions catched
[15:36:30] 42 MapZaaps catched
[15:36:31] 15228 SpellLevels catched 
[15:36:31] 4772 Spells catched 
[15:36:31] 1179 LearnableSpells catched 
[15:36:31] 9780 ItemTemplates catched 
[15:36:31] 4489 Weapons catched 
[15:36:31] 363 ItemSets catched 
[15:36:31] 171 ItemTypes catched 
[15:36:31] 110 ItemPets catched 
[15:36:31] 2476 NpcTemplates catched 
[15:36:31] 138 NpcSpawns catched 
[15:36:31] 50 NpcItems catched 
[15:36:31] 19801 NpcMessages catched 
[15:36:31] 6 NpcReplies catched 
[15:36:32] 18 Triggers catched
[15:36:32] 47 Handlers Readed
[15:36:32] 66 Messages Readed
[15:36:32] WorldServer start in 10448 ms.
[15:38:08] MySQL Database Connected
[15:38:08] 16 Breeds catched
[15:38:08] 256 Heads catched
[15:38:08] 561 Effects catched
[15:38:16] 11260 DofusMaps catched
[15:38:16] 454 StatedElements catched
[15:38:16] 802 InteractiveElements catched
[15:38:16] 74 HouseInformations catched
[15:38:16] 120 InteractiveDoors catched
[15:38:16] 3614 MapPositions uncatched
[15:38:16] 14681 MapPositions catched
[15:38:16] 42 MapZaaps catched
[15:38:17] 15228 SpellLevels catched 
[15:38:17] 4772 Spells catched 
[15:38:17] 1179 LearnableSpells catched 
[15:38:17] 9780 ItemTemplates catched 
[15:38:17] 4489 Weapons catched 
[15:38:17] 363 ItemSets catched 
[15:38:17] 171 ItemTypes catched 
[15:38:17] 110 ItemPets catched 
[15:38:17] 2476 NpcTemplates catched 
[15:38:17] 138 NpcSpawns catched 
[15:38:17] 50 NpcItems catched 
[15:38:17] 19801 NpcMessages catched 
[15:38:17] 6 NpcReplies catched 
[15:38:18] 18 Triggers catched
[15:38:18] 47 Handlers Readed
[15:38:18] 66 Messages Readed
[15:38:18] WorldServer start in 10303 ms.
[15:39:43] MySQL Database Connected
[15:39:43] 16 Breeds catched
[15:39:43] 256 Heads catched
[15:39:43] 561 Effects catched
[15:39:51] 11260 DofusMaps catched
[15:39:51] 454 StatedElements catched
[15:39:51] 802 InteractiveElements catched
[15:39:51] 74 HouseInformations catched
[15:39:51] 120 InteractiveDoors catched
[15:39:51] 3614 MapPositions uncatched
[15:39:51] 14681 MapPositions catched
[15:39:51] 42 MapZaaps catched
[15:39:51] 15228 SpellLevels catched 
[15:39:51] 4772 Spells catched 
[15:39:51] 1179 LearnableSpells catched 
[15:39:52] 9780 ItemTemplates catched 
[15:39:52] 4489 Weapons catched 
[15:39:52] 363 ItemSets catched 
[15:39:52] 171 ItemTypes catched 
[15:39:52] 110 ItemPets catched 
[15:39:52] 2476 NpcTemplates catched 
[15:39:52] 138 NpcSpawns catched 
[15:39:52] 50 NpcItems catched 
[15:39:52] 19801 NpcMessages catched 
[15:39:52] 6 NpcReplies catched 
[15:39:52] 18 Triggers catched
[15:39:53] 47 Handlers Readed
[15:39:53] 66 Messages Readed
[15:39:53] WorldServer start in 10281 ms.
[15:40:49] MySQL Database Connected
[15:40:49] 16 Breeds catched
[15:40:49] 256 Heads catched
[15:40:49] 561 Effects catched
[15:40:56] 11260 DofusMaps catched
[15:40:56] 454 StatedElements catched
[15:40:56] 802 InteractiveElements catched
[15:40:56] 74 HouseInformations catched
[15:40:56] 120 InteractiveDoors catched
[15:40:57] 3614 MapPositions uncatched
[15:40:57] 14681 MapPositions catched
[15:40:57] 42 MapZaaps catched
[15:40:57] 15228 SpellLevels catched 
[15:40:57] 4772 Spells catched 
[15:40:57] 1179 LearnableSpells catched 
[15:40:57] 9780 ItemTemplates catched 
[15:40:57] 4489 Weapons catched 
[15:40:57] 363 ItemSets catched 
[15:40:57] 171 ItemTypes catched 
[15:40:57] 110 ItemPets catched 
[15:40:58] 2476 NpcTemplates catched 
[15:40:58] 138 NpcSpawns catched 
[15:40:58] 50 NpcItems catched 
[15:40:58] 19801 NpcMessages catched 
[15:40:58] 6 NpcReplies catched 
[15:40:58] 18 Triggers catched
[15:40:58] 47 Handlers Readed
[15:40:58] 66 Messages Readed
[15:40:59] WorldServer start in 10114 ms.
[16:03:11] MySQL Database Connected
[16:03:11] 16 Breeds catched
[16:03:11] 256 Heads catched
[16:03:11] 561 Effects catched
[16:03:21] 11260 DofusMaps catched
[16:03:21] 454 StatedElements catched
[16:03:21] 802 InteractiveElements catched
[16:03:21] 74 HouseInformations catched
[16:03:21] 120 InteractiveDoors catched
[16:03:21] 3614 MapPositions uncatched
[16:03:21] 14681 MapPositions catched
[16:03:21] 42 MapZaaps catched
[16:03:21] 15228 SpellLevels catched 
[16:03:21] 4772 Spells catched 
[16:03:21] 1179 LearnableSpells catched 
[16:03:21] 9780 ItemTemplates catched 
[16:03:22] 4489 Weapons catched 
[16:03:22] 363 ItemSets catched 
[16:03:22] 171 ItemTypes catched 
[16:03:22] 110 ItemPets catched 
[16:03:22] 2476 NpcTemplates catched 
[16:03:22] 138 NpcSpawns catched 
[16:03:22] 50 NpcItems catched 
[16:03:22] 19801 NpcMessages catched 
[16:03:22] 6 NpcReplies catched 
[16:03:22] 18 Triggers catched
[16:03:22] 47 Handlers Readed
[16:03:23] 66 Messages Readed
[16:03:23] WorldServer start in 11861 ms.
[16:05:49] MySQL Database Connected
[16:05:49] 16 Breeds catched
[16:05:49] 256 Heads catched
[16:05:49] 561 Effects catched
[16:05:56] 11260 DofusMaps catched
[16:05:56] 454 StatedElements catched
[16:05:57] 802 InteractiveElements catched
[16:05:57] 74 HouseInformations catched
[16:05:57] 120 InteractiveDoors catched
[16:05:57] 3614 MapPositions uncatched
[16:05:57] 14681 MapPositions catched
[16:05:57] 42 MapZaaps catched
[16:05:57] 15228 SpellLevels catched 
[16:05:57] 4772 Spells catched 
[16:05:57] 1179 LearnableSpells catched 
[16:05:57] 9780 ItemTemplates catched 
[16:05:57] 4489 Weapons catched 
[16:05:57] 363 ItemSets catched 
[16:05:57] 171 ItemTypes catched 
[16:05:57] 110 ItemPets catched 
[16:05:58] 2476 NpcTemplates catched 
[16:05:58] 138 NpcSpawns catched 
[16:05:58] 50 NpcItems catched 
[16:05:58] 19801 NpcMessages catched 
[16:05:58] 6 NpcReplies catched 
[16:05:58] 18 Triggers catched
[16:05:58] 47 Handlers Readed
[16:05:58] 66 Messages Readed
[16:05:59] WorldServer start in 10165 ms.
[16:25:43] MySQL Database Connected
[16:25:43] 16 Breeds catched
[16:25:43] 256 Heads catched
[16:25:43] 561 Effects catched
[16:25:51] MySQL Database Connected
[16:25:51] 16 Breeds catched
[16:25:51] 256 Heads catched
[16:25:51] 561 Effects catched
[16:26:13] MySQL Database Connected
[16:26:13] 16 Breeds catched
[16:26:13] 256 Heads catched
[16:26:13] 561 Effects catched
[16:26:18] 11260 DofusMaps catched
[16:26:18] 454 StatedElements catched
[16:26:18] 802 InteractiveElements catched
[16:26:18] 74 HouseInformations catched
[16:26:18] 120 InteractiveDoors catched
[16:26:18] 3614 MapPositions uncatched
[16:26:18] 14681 MapPositions catched
[16:26:18] 42 MapZaaps catched
[16:26:19] 15228 SpellLevels catched 
[16:26:19] 4772 Spells catched 
[16:26:19] 1179 LearnableSpells catched 
[16:26:19] 9780 ItemTemplates catched 
[16:26:19] 4489 Weapons catched 
[16:26:19] 363 ItemSets catched 
[16:26:19] 171 ItemTypes catched 
[16:26:19] 110 ItemPets catched 
[16:26:20] 2476 NpcTemplates catched 
[16:26:20] 138 NpcSpawns catched 
[16:26:20] 50 NpcItems catched 
[16:26:20] 19801 NpcMessages catched 
[16:26:20] 6 NpcReplies catched 
[16:26:20] 18 Triggers catched
[16:26:20] 47 Handlers Readed
[16:26:20] 66 Messages Readed
[16:26:20] WorldServer start in 7201 ms.
[16:35:07] MySQL Database Connected
[16:35:07] 16 Breeds catched
[16:35:07] 256 Heads catched
[16:35:07] 561 Effects catched
[16:35:17] 11260 DofusMaps catched
[16:35:17] 454 StatedElements catched
[16:35:17] 802 InteractiveElements catched
[16:35:17] 74 HouseInformations catched
[16:35:17] 120 InteractiveDoors catched
[16:35:18] 3614 MapPositions uncatched
[16:35:18] 14681 MapPositions catched
[16:35:18] 42 MapZaaps catched
[16:35:18] 15228 SpellLevels catched 
[16:35:18] 4772 Spells catched 
[16:35:18] 1179 LearnableSpells catched 
[16:35:18] 9780 ItemTemplates catched 
[16:35:18] 4489 Weapons catched 
[16:35:18] 363 ItemSets catched 
[16:35:18] 171 ItemTypes catched 
[16:35:18] 110 ItemPets catched 
[16:35:19] 2476 NpcTemplates catched 
[16:35:19] 138 NpcSpawns catched 
[16:35:19] 50 NpcItems catched 
[16:35:19] 19801 NpcMessages catched 
[16:35:19] 6 NpcReplies catched 
[16:35:19] 18 Triggers catched
[16:35:19] 47 Handlers Readed
[16:35:19] 66 Messages Readed
[16:35:20] WorldServer start in 12407 ms.
[16:43:12] MySQL Database Connected
[16:43:12] 16 Breeds catched
[16:43:12] 256 Heads catched
[16:43:12] 561 Effects catched
[16:43:21] 11260 DofusMaps catched
[16:43:21] 454 StatedElements catched
[16:43:21] 802 InteractiveElements catched
[16:43:21] 74 HouseInformations catched
[16:43:21] 120 InteractiveDoors catched
[16:43:21] 3614 MapPositions uncatched
[16:43:21] 14681 MapPositions catched
[16:43:21] 42 MapZaaps catched
[16:43:21] 15228 SpellLevels catched 
[16:43:21] 4772 Spells catched 
[16:43:21] 1179 LearnableSpells catched 
[16:43:22] 9780 ItemTemplates catched 
[16:43:22] 4489 Weapons catched 
[16:43:22] 363 ItemSets catched 
[16:43:22] 171 ItemTypes catched 
[16:43:22] 110 ItemPets catched 
[16:43:22] 2476 NpcTemplates catched 
[16:43:22] 138 NpcSpawns catched 
[16:43:22] 50 NpcItems catched 
[16:43:22] 19801 NpcMessages catched 
[16:43:22] 6 NpcReplies catched 
[16:43:22] 18 Triggers catched
[16:43:23] 47 Handlers Readed
[16:43:23] 66 Messages Readed
[16:43:23] WorldServer start in 11145 ms.
[17:20:37] MySQL Database Connected
[17:20:37] 16 Breeds catched
[17:20:37] 256 Heads catched
[17:20:37] 561 Effects catched
[17:20:44] 11260 DofusMaps catched
[17:20:44] 454 StatedElements catched
[17:20:44] 802 InteractiveElements catched
[17:20:44] 74 HouseInformations catched
[17:20:44] 120 InteractiveDoors catched
[17:20:44] 3614 MapPositions uncatched
[17:20:44] 14681 MapPositions catched
[17:20:44] 42 MapZaaps catched
[17:20:45] 15228 SpellLevels catched 
[17:20:45] 4772 Spells catched 
[17:20:45] 1179 LearnableSpells catched 
[17:20:45] 9780 ItemTemplates catched 
[17:20:45] 4489 Weapons catched 
[17:20:45] 363 ItemSets catched 
[17:20:45] 171 ItemTypes catched 
[17:20:45] 110 ItemPets catched 
[17:20:45] 2476 NpcTemplates catched 
[17:20:45] 138 NpcSpawns catched 
[17:20:45] 50 NpcItems catched 
[17:20:46] 19801 NpcMessages catched 
[17:20:46] 6 NpcReplies catched 
[17:20:46] 18 Triggers catched
[17:20:46] 47 Handlers Readed
[17:20:46] 66 Messages Readed
[17:20:46] WorldServer start in 9894 ms.
[17:23:53] MySQL Database Connected
[17:23:53] 16 Breeds catched
[17:23:53] 256 Heads catched
[17:23:53] 561 Effects catched
[17:24:01] 11260 DofusMaps catched
[17:24:01] 454 StatedElements catched
[17:24:01] 802 InteractiveElements catched
[17:24:01] 74 HouseInformations catched
[17:24:01] 120 InteractiveDoors catched
[17:24:01] 3614 MapPositions uncatched
[17:24:01] 14681 MapPositions catched
[17:24:01] 42 MapZaaps catched
[17:24:01] 15228 SpellLevels catched 
[17:24:01] 4772 Spells catched 
[17:24:01] 1179 LearnableSpells catched 
[17:24:02] 9780 ItemTemplates catched 
[17:24:02] 4489 Weapons catched 
[17:24:02] 363 ItemSets catched 
[17:24:02] 171 ItemTypes catched 
[17:24:02] 110 ItemPets catched 
[17:24:02] 2476 NpcTemplates catched 
[17:24:02] 138 NpcSpawns catched 
[17:24:02] 50 NpcItems catched 
[17:24:02] 19801 NpcMessages catched 
[17:24:02] 6 NpcReplies catched 
[17:24:02] 18 Triggers catched
[17:24:03] 47 Handlers Readed
[17:24:03] 66 Messages Readed
[17:24:03] WorldServer start in 10355 ms.
[17:27:57] MySQL Database Connected
[17:27:57] 16 Breeds catched
[17:27:57] 256 Heads catched
[17:27:57] 561 Effects catched
[17:28:06] 11260 DofusMaps catched
[17:28:06] 454 StatedElements catched
[17:28:06] 802 InteractiveElements catched
[17:28:06] 74 HouseInformations catched
[17:28:06] 120 InteractiveDoors catched
[17:28:06] 3614 MapPositions uncatched
[17:28:06] 14681 MapPositions catched
[17:28:06] 42 MapZaaps catched
[17:28:06] 15228 SpellLevels catched 
[17:28:07] 4772 Spells catched 
[17:28:07] 1179 LearnableSpells catched 
[17:28:07] 9780 ItemTemplates catched 
[17:28:07] 4489 Weapons catched 
[17:28:07] 363 ItemSets catched 
[17:28:07] 171 ItemTypes catched 
[17:28:07] 110 ItemPets catched 
[17:28:08] 2476 NpcTemplates catched 
[17:28:08] 138 NpcSpawns catched 
[17:28:08] 50 NpcItems catched 
[17:28:08] 19801 NpcMessages catched 
[17:28:08] 6 NpcReplies catched 
[17:28:08] 18 Triggers catched
[17:28:08] 47 Handlers Readed
[17:28:08] 66 Messages Readed
[17:28:08] WorldServer start in 11350 ms.
[17:32:33] MySQL Database Connected
[17:32:33] 16 Breeds catched
[17:32:33] 256 Heads catched
[17:32:33] 561 Effects catched
[17:32:41] 11260 DofusMaps catched
[17:32:41] 454 StatedElements catched
[17:32:41] 802 InteractiveElements catched
[17:32:41] 74 HouseInformations catched
[17:32:41] 120 InteractiveDoors catched
[17:32:41] 3614 MapPositions uncatched
[17:32:41] 14681 MapPositions catched
[17:32:41] 42 MapZaaps catched
[17:32:41] 15228 SpellLevels catched 
[17:32:42] 4772 Spells catched 
[17:32:42] 1179 LearnableSpells catched 
[17:32:42] 9780 ItemTemplates catched 
[17:32:42] 4489 Weapons catched 
[17:32:42] 363 ItemSets catched 
[17:32:42] 171 ItemTypes catched 
[17:32:42] 110 ItemPets catched 
[17:32:42] 2476 NpcTemplates catched 
[17:32:42] 138 NpcSpawns catched 
[17:32:42] 50 NpcItems catched 
[17:32:42] 19801 NpcMessages catched 
[17:32:42] 6 NpcReplies catched 
[17:32:42] 18 Triggers catched
[17:32:43] 47 Handlers Readed
[17:32:43] 66 Messages Readed
[17:32:43] WorldServer start in 10265 ms.
[17:34:33] MySQL Database Connected
[17:34:33] 16 Breeds catched
[17:34:33] 256 Heads catched
[17:34:33] 561 Effects catched
[17:34:41] 11260 DofusMaps catched
[17:34:41] 454 StatedElements catched
[17:34:41] 802 InteractiveElements catched
[17:34:41] 74 HouseInformations catched
[17:34:41] 120 InteractiveDoors catched
[17:34:41] 3614 MapPositions uncatched
[17:34:41] 14681 MapPositions catched
[17:34:41] 42 MapZaaps catched
[17:34:42] 15228 SpellLevels catched 
[17:34:42] 4772 Spells catched 
[17:34:42] 1179 LearnableSpells catched 
[17:34:42] 9780 ItemTemplates catched 
[17:34:42] 4489 Weapons catched 
[17:34:42] 363 ItemSets catched 
[17:34:42] 171 ItemTypes catched 
[17:34:42] 110 ItemPets catched 
[17:34:42] 2476 NpcTemplates catched 
[17:34:42] 138 NpcSpawns catched 
[17:34:42] 50 NpcItems catched 
[17:34:42] 19801 NpcMessages catched 
[17:34:42] 6 NpcReplies catched 
[17:34:42] 18 Triggers catched
[17:34:43] 47 Handlers Readed
[17:34:43] 66 Messages Readed
[17:34:43] WorldServer start in 10077 ms.
[17:35:49] MySQL Database Connected
[17:35:49] 16 Breeds catched
[17:35:49] 256 Heads catched
[17:35:49] 561 Effects catched
[17:35:57] 11260 DofusMaps catched
[17:35:57] 454 StatedElements catched
[17:35:57] 802 InteractiveElements catched
[17:35:57] 74 HouseInformations catched
[17:35:57] 120 InteractiveDoors catched
[17:35:58] 3614 MapPositions uncatched
[17:35:58] 14681 MapPositions catched
[17:35:58] 42 MapZaaps catched
[17:35:58] 15228 SpellLevels catched 
[17:35:58] 4772 Spells catched 
[17:35:58] 1179 LearnableSpells catched 
[17:35:58] 9780 ItemTemplates catched 
[17:35:58] 4489 Weapons catched 
[17:35:58] 363 ItemSets catched 
[17:35:58] 171 ItemTypes catched 
[17:35:58] 110 ItemPets catched 
[17:35:59] 2476 NpcTemplates catched 
[17:35:59] 138 NpcSpawns catched 
[17:35:59] 50 NpcItems catched 
[17:35:59] 19801 NpcMessages catched 
[17:35:59] 6 NpcReplies catched 
[17:35:59] 18 Triggers catched
[17:35:59] 47 Handlers Readed
[17:35:59] 66 Messages Readed
[17:35:59] WorldServer start in 10534 ms.
[17:38:09] MySQL Database Connected
[17:38:09] 16 Breeds catched
[17:38:09] 256 Heads catched
[17:38:09] 561 Effects catched
[17:38:17] 11260 DofusMaps catched
[17:38:17] 454 StatedElements catched
[17:38:17] 802 InteractiveElements catched
[17:38:17] 74 HouseInformations catched
[17:38:17] 120 InteractiveDoors catched
[17:38:17] 3614 MapPositions uncatched
[17:38:17] 14681 MapPositions catched
[17:38:17] 42 MapZaaps catched
[17:38:18] 15228 SpellLevels catched 
[17:38:18] 4772 Spells catched 
[17:38:18] 1179 LearnableSpells catched 
[17:38:18] 9780 ItemTemplates catched 
[17:38:18] 4489 Weapons catched 
[17:38:18] 363 ItemSets catched 
[17:38:18] 171 ItemTypes catched 
[17:38:18] 110 ItemPets catched 
[17:38:18] 2476 NpcTemplates catched 
[17:38:18] 138 NpcSpawns catched 
[17:38:19] 50 NpcItems catched 
[17:38:19] 19801 NpcMessages catched 
[17:38:19] 6 NpcReplies catched 
[17:38:19] 18 Triggers catched
[17:38:19] 47 Handlers Readed
[17:38:19] 66 Messages Readed
[17:38:19] WorldServer start in 10912 ms.
[17:41:01] MySQL Database Connected
[17:41:01] 16 Breeds catched
[17:41:01] 256 Heads catched
[17:41:01] 561 Effects catched
[17:41:09] 11260 DofusMaps catched
[17:41:09] 454 StatedElements catched
[17:41:09] 802 InteractiveElements catched
[17:41:09] 74 HouseInformations catched
[17:41:09] 120 InteractiveDoors catched
[17:41:09] 3614 MapPositions uncatched
[17:41:09] 14681 MapPositions catched
[17:41:09] 42 MapZaaps catched
[17:41:10] 15228 SpellLevels catched 
[17:41:10] 4772 Spells catched 
[17:41:10] 1179 LearnableSpells catched 
[17:41:10] 9780 ItemTemplates catched 
[17:41:10] 4489 Weapons catched 
[17:41:10] 363 ItemSets catched 
[17:41:10] 171 ItemTypes catched 
[17:41:10] 110 ItemPets catched 
[17:41:11] 2476 NpcTemplates catched 
[17:41:11] 138 NpcSpawns catched 
[17:41:11] 50 NpcItems catched 
[17:41:11] 19801 NpcMessages catched 
[17:41:11] 6 NpcReplies catched 
[17:41:11] 18 Triggers catched
[17:41:11] 47 Handlers Readed
[17:41:11] 66 Messages Readed
[17:41:11] WorldServer start in 11095 ms.
[17:42:24] MySQL Database Connected
[17:42:24] 16 Breeds catched
[17:42:24] 256 Heads catched
[17:42:24] 561 Effects catched
[17:42:32] 11260 DofusMaps catched
[17:42:32] 454 StatedElements catched
[17:42:32] 802 InteractiveElements catched
[17:42:32] 74 HouseInformations catched
[17:42:32] 120 InteractiveDoors catched
[17:42:32] 3614 MapPositions uncatched
[17:42:32] 14681 MapPositions catched
[17:42:32] 42 MapZaaps catched
[17:42:32] 15228 SpellLevels catched 
[17:42:32] 4772 Spells catched 
[17:42:32] 1179 LearnableSpells catched 
[17:42:33] 9780 ItemTemplates catched 
[17:42:33] 4489 Weapons catched 
[17:42:33] 363 ItemSets catched 
[17:42:33] 171 ItemTypes catched 
[17:42:33] 110 ItemPets catched 
[17:42:33] 2476 NpcTemplates catched 
[17:42:33] 138 NpcSpawns catched 
[17:42:33] 50 NpcItems catched 
[17:42:33] 19801 NpcMessages catched 
[17:42:33] 6 NpcReplies catched 
[17:42:33] 18 Triggers catched
[17:42:34] 47 Handlers Readed
[17:42:34] 66 Messages Readed
[17:42:34] WorldServer start in 10322 ms.
[17:51:41] MySQL Database Connected
[17:51:42] 16 Breeds catched
[17:51:42] 256 Heads catched
[17:51:42] 561 Effects catched
[17:51:50] 11260 DofusMaps catched
[17:51:50] 454 StatedElements catched
[17:51:50] 802 InteractiveElements catched
[17:51:50] 74 HouseInformations catched
[17:51:50] 120 InteractiveDoors catched
[17:51:50] 3614 MapPositions uncatched
[17:51:50] 14681 MapPositions catched
[17:51:50] 42 MapZaaps catched
[17:51:51] 15228 SpellLevels catched 
[17:51:51] 4772 Spells catched 
[17:51:51] 1179 LearnableSpells catched 
[17:51:51] 9780 ItemTemplates catched 
[17:51:51] 4489 Weapons catched 
[17:51:51] 363 ItemSets catched 
[17:51:51] 171 ItemTypes catched 
[17:51:51] 110 ItemPets catched 
[17:51:52] 2476 NpcTemplates catched 
[17:51:52] 138 NpcSpawns catched 
[17:51:52] 50 NpcItems catched 
[17:51:52] 19801 NpcMessages catched 
[17:51:52] 6 NpcReplies catched 
[17:51:52] 18 Triggers catched
[17:51:52] 47 Handlers Readed
[17:51:52] 67 Messages Readed
[17:51:52] WorldServer start in 11178 ms.
[17:52:22] Packet not handled 6254
[17:52:44] MySQL Database Connected
[17:52:44] 16 Breeds catched
[17:52:44] 256 Heads catched
[17:52:44] 561 Effects catched
[17:52:52] 11260 DofusMaps catched
[17:52:52] 454 StatedElements catched
[17:52:53] 802 InteractiveElements catched
[17:52:53] 74 HouseInformations catched
[17:52:53] 120 InteractiveDoors catched
[17:52:53] 3614 MapPositions uncatched
[17:52:53] 14681 MapPositions catched
[17:52:53] 42 MapZaaps catched
[17:52:53] 15228 SpellLevels catched 
[17:52:53] 4772 Spells catched 
[17:52:53] 1179 LearnableSpells catched 
[17:52:53] 9780 ItemTemplates catched 
[17:52:53] 4489 Weapons catched 
[17:52:53] 363 ItemSets catched 
[17:52:54] 171 ItemTypes catched 
[17:52:54] 110 ItemPets catched 
[17:52:54] 2476 NpcTemplates catched 
[17:52:54] 138 NpcSpawns catched 
[17:52:54] 50 NpcItems catched 
[17:52:54] 19801 NpcMessages catched 
[17:52:54] 6 NpcReplies catched 
[17:52:54] 18 Triggers catched
[17:52:54] 48 Handlers Readed
[17:52:55] 67 Messages Readed
[17:52:55] WorldServer start in 10676 ms.
[17:54:18] MySQL Database Connected
[17:54:18] 16 Breeds catched
[17:54:18] 256 Heads catched
[17:54:18] 561 Effects catched
[17:54:26] MySQL Database Connected
[17:54:26] 16 Breeds catched
[17:54:26] 256 Heads catched
[17:54:26] 561 Effects catched
[17:54:34] 11260 DofusMaps catched
[17:54:34] 454 StatedElements catched
[17:54:34] 802 InteractiveElements catched
[17:54:34] 74 HouseInformations catched
[17:54:34] 120 InteractiveDoors catched
[17:54:34] 3614 MapPositions uncatched
[17:54:34] 14681 MapPositions catched
[17:54:34] 42 MapZaaps catched
[17:54:34] 15228 SpellLevels catched 
[17:54:35] 4772 Spells catched 
[17:54:35] 1179 LearnableSpells catched 
[17:54:35] 9780 ItemTemplates catched 
[17:54:35] 4489 Weapons catched 
[17:54:35] 363 ItemSets catched 
[17:54:35] 171 ItemTypes catched 
[17:54:35] 110 ItemPets catched 
[17:54:35] 2476 NpcTemplates catched 
[17:54:35] 138 NpcSpawns catched 
[17:54:35] 50 NpcItems catched 
[17:54:35] 19801 NpcMessages catched 
[17:54:35] 6 NpcReplies catched 
[17:54:35] 18 Triggers catched
[17:54:36] 48 Handlers Readed
[17:54:36] 67 Messages Readed
[17:54:36] WorldServer start in 10015 ms.
[17:55:41] MySQL Database Connected
[17:55:41] 16 Breeds catched
[17:55:41] 256 Heads catched
[17:55:41] 561 Effects catched
[17:55:49] 11260 DofusMaps catched
[17:55:49] 454 StatedElements catched
[17:55:49] 802 InteractiveElements catched
[17:55:49] 74 HouseInformations catched
[17:55:49] 120 InteractiveDoors catched
[17:55:49] 3614 MapPositions uncatched
[17:55:49] 14681 MapPositions catched
[17:55:49] 42 MapZaaps catched
[17:55:49] 15228 SpellLevels catched 
[17:55:49] 4772 Spells catched 
[17:55:49] 1179 LearnableSpells catched 
[17:55:49] 9780 ItemTemplates catched 
[17:55:50] 4489 Weapons catched 
[17:55:50] 363 ItemSets catched 
[17:55:50] 171 ItemTypes catched 
[17:55:50] 110 ItemPets catched 
[17:55:50] 2476 NpcTemplates catched 
[17:55:50] 138 NpcSpawns catched 
[17:55:50] 50 NpcItems catched 
[17:55:50] 19801 NpcMessages catched 
[17:55:50] 6 NpcReplies catched 
[17:55:50] 18 Triggers catched
[17:55:50] 48 Handlers Readed
[17:55:51] 67 Messages Readed
[17:55:51] WorldServer start in 10364 ms.
[17:57:59] MySQL Database Connected
[17:57:59] 16 Breeds catched
[17:57:59] 256 Heads catched
[17:57:59] 561 Effects catched
[17:58:07] 11260 DofusMaps catched
[17:58:07] 454 StatedElements catched
[17:58:07] 802 InteractiveElements catched
[17:58:07] 74 HouseInformations catched
[17:58:07] 120 InteractiveDoors catched
[17:58:07] 3614 MapPositions uncatched
[17:58:07] 14681 MapPositions catched
[17:58:07] 42 MapZaaps catched
[17:58:08] 15228 SpellLevels catched 
[17:58:08] 4772 Spells catched 
[17:58:08] 1179 LearnableSpells catched 
[17:58:08] 9780 ItemTemplates catched 
[17:58:08] 4489 Weapons catched 
[17:58:08] 363 ItemSets catched 
[17:58:08] 171 ItemTypes catched 
[17:58:08] 110 ItemPets catched 
[17:58:08] 2476 NpcTemplates catched 
[17:58:08] 138 NpcSpawns catched 
[17:58:08] 50 NpcItems catched 
[17:58:08] 19801 NpcMessages catched 
[17:58:08] 6 NpcReplies catched 
[17:58:09] 18 Triggers catched
[17:58:09] 48 Handlers Readed
[17:58:09] 67 Messages Readed
[17:58:09] WorldServer start in 11005 ms.
[18:00:00] MySQL Database Connected
[18:00:01] 16 Breeds catched
[18:00:01] 256 Heads catched
[18:00:01] 561 Effects catched
[18:00:09] 11260 DofusMaps catched
[18:00:09] 454 StatedElements catched
[18:00:09] 802 InteractiveElements catched
[18:00:09] 74 HouseInformations catched
[18:00:09] 120 InteractiveDoors catched
[18:00:09] 3614 MapPositions uncatched
[18:00:09] 14681 MapPositions catched
[18:00:09] 42 MapZaaps catched
[18:00:09] 15228 SpellLevels catched 
[18:00:09] 4772 Spells catched 
[18:00:09] 1179 LearnableSpells catched 
[18:00:10] 9780 ItemTemplates catched 
[18:00:10] 4489 Weapons catched 
[18:00:10] 363 ItemSets catched 
[18:00:10] 171 ItemTypes catched 
[18:00:10] 110 ItemPets catched 
[18:00:10] 2476 NpcTemplates catched 
[18:00:10] 138 NpcSpawns catched 
[18:00:10] 50 NpcItems catched 
[18:00:10] 19801 NpcMessages catched 
[18:00:10] 6 NpcReplies catched 
[18:00:10] 18 Triggers catched
[18:00:11] 48 Handlers Readed
[18:00:11] 67 Messages Readed
[18:00:11] WorldServer start in 10750 ms.
[18:01:31] MySQL Database Connected
[18:01:31] 16 Breeds catched
[18:01:31] 256 Heads catched
[18:01:31] 561 Effects catched
[18:01:39] 11260 DofusMaps catched
[18:01:39] 454 StatedElements catched
[18:01:39] 802 InteractiveElements catched
[18:01:39] 74 HouseInformations catched
[18:01:39] 120 InteractiveDoors catched
[18:01:40] 3614 MapPositions uncatched
[18:01:40] 14681 MapPositions catched
[18:01:40] 42 MapZaaps catched
[18:01:40] 15228 SpellLevels catched 
[18:01:40] 4772 Spells catched 
[18:01:40] 1179 LearnableSpells catched 
[18:01:40] 9780 ItemTemplates catched 
[18:01:40] 4489 Weapons catched 
[18:01:40] 363 ItemSets catched 
[18:01:40] 171 ItemTypes catched 
[18:01:40] 110 ItemPets catched 
[18:01:41] 2476 NpcTemplates catched 
[18:01:41] 138 NpcSpawns catched 
[18:01:41] 50 NpcItems catched 
[18:01:41] 19801 NpcMessages catched 
[18:01:41] 6 NpcReplies catched 
[18:01:41] 18 Triggers catched
[18:01:41] 48 Handlers Readed
[18:01:41] 67 Messages Readed
[18:01:41] WorldServer start in 10360 ms.
[18:05:30] MySQL Database Connected
[18:05:30] 16 Breeds catched
[18:05:30] 256 Heads catched
[18:05:30] 561 Effects catched
[18:05:38] 11260 DofusMaps catched
[18:05:38] 454 StatedElements catched
[18:05:38] 802 InteractiveElements catched
[18:05:38] 74 HouseInformations catched
[18:05:38] 120 InteractiveDoors catched
[18:05:38] 3614 MapPositions uncatched
[18:05:38] 14681 MapPositions catched
[18:05:38] 42 MapZaaps catched
[18:05:38] 15228 SpellLevels catched 
[18:05:38] 4772 Spells catched 
[18:05:38] 1179 LearnableSpells catched 
[18:05:39] 9780 ItemTemplates catched 
[18:05:39] 4489 Weapons catched 
[18:05:39] 363 ItemSets catched 
[18:05:39] 171 ItemTypes catched 
[18:05:39] 110 ItemPets catched 
[18:05:39] 2476 NpcTemplates catched 
[18:05:39] 138 NpcSpawns catched 
[18:05:39] 50 NpcItems catched 
[18:05:39] 19801 NpcMessages catched 
[18:05:39] 6 NpcReplies catched 
[18:05:39] 18 Triggers catched
[18:05:40] 48 Handlers Readed
[18:05:40] 67 Messages Readed
[18:05:40] WorldServer start in 9956 ms.
[18:07:41] MySQL Database Connected
[18:07:41] 16 Breeds catched
[18:07:41] 256 Heads catched
[18:07:41] 561 Effects catched
[18:07:49] 11260 DofusMaps catched
[18:07:49] 454 StatedElements catched
[18:07:49] 802 InteractiveElements catched
[18:07:49] 74 HouseInformations catched
[18:07:49] 120 InteractiveDoors catched
[18:07:49] 3614 MapPositions uncatched
[18:07:49] 14681 MapPositions catched
[18:07:49] 42 MapZaaps catched
[18:07:49] 15228 SpellLevels catched 
[18:07:49] 4772 Spells catched 
[18:07:49] 1179 LearnableSpells catched 
[18:07:50] 9780 ItemTemplates catched 
[18:07:50] 4489 Weapons catched 
[18:07:50] 363 ItemSets catched 
[18:07:50] 171 ItemTypes catched 
[18:07:50] 110 ItemPets catched 
[18:07:50] 2476 NpcTemplates catched 
[18:07:50] 138 NpcSpawns catched 
[18:07:50] 50 NpcItems catched 
[18:07:50] 19801 NpcMessages catched 
[18:07:50] 6 NpcReplies catched 
[18:07:50] 18 Triggers catched
[18:07:51] 48 Handlers Readed
[18:07:51] 67 Messages Readed
[18:07:51] WorldServer start in 10243 ms.
[18:17:48] MySQL Database Connected
[18:17:49] 16 Breeds catched
[18:17:49] 256 Heads catched
[18:17:49] 561 Effects catched
[18:17:56] 11260 DofusMaps catched
[18:17:56] 454 StatedElements catched
[18:17:56] 802 InteractiveElements catched
[18:17:56] 74 HouseInformations catched
[18:17:56] 120 InteractiveDoors catched
[18:17:56] 3614 MapPositions uncatched
[18:17:56] 14681 MapPositions catched
[18:17:56] 42 MapZaaps catched
[18:17:57] 15228 SpellLevels catched 
[18:17:57] 4772 Spells catched 
[18:17:57] 1179 LearnableSpells catched 
[18:17:57] 9780 ItemTemplates catched 
[18:17:57] 4489 Weapons catched 
[18:17:57] 363 ItemSets catched 
[18:17:57] 171 ItemTypes catched 
[18:17:57] 110 ItemPets catched 
[18:17:57] 2476 NpcTemplates catched 
[18:17:57] 138 NpcSpawns catched 
[18:17:57] 50 NpcItems catched 
[18:17:57] 19801 NpcMessages catched 
[18:17:57] 6 NpcReplies catched 
[18:17:57] 18 Triggers catched
[18:17:58] 49 Handlers Readed
[18:17:58] 68 Messages Readed
[18:17:58] WorldServer start in 9973 ms.
[18:20:28] MySQL Database Connected
[18:20:28] 16 Breeds catched
[18:20:28] 256 Heads catched
[18:20:28] 561 Effects catched
[18:20:36] 11260 DofusMaps catched
[18:20:36] 454 StatedElements catched
[18:20:36] 802 InteractiveElements catched
[18:20:36] 74 HouseInformations catched
[18:20:36] 120 InteractiveDoors catched
[18:20:36] 3614 MapPositions uncatched
[18:20:36] 14681 MapPositions catched
[18:20:36] 42 MapZaaps catched
[18:20:37] 15228 SpellLevels catched 
[18:20:37] 4772 Spells catched 
[18:20:37] 1179 LearnableSpells catched 
[18:20:37] 9780 ItemTemplates catched 
[18:20:37] 4489 Weapons catched 
[18:20:37] 363 ItemSets catched 
[18:20:37] 171 ItemTypes catched 
[18:20:37] 110 ItemPets catched 
[18:20:37] 2476 NpcTemplates catched 
[18:20:37] 138 NpcSpawns catched 
[18:20:37] 50 NpcItems catched 
[18:20:38] 19801 NpcMessages catched 
[18:20:38] 6 NpcReplies catched 
[18:20:38] 18 Triggers catched
[18:20:38] 49 Handlers Readed
[18:20:38] 68 Messages Readed
[18:20:38] WorldServer start in 10378 ms.
[18:25:30] MySQL Database Connected
[18:25:30] 16 Breeds catched
[18:25:30] 256 Heads catched
[18:25:30] 561 Effects catched
[18:25:38] 11260 DofusMaps catched
[18:25:38] 454 StatedElements catched
[18:25:38] 802 InteractiveElements catched
[18:25:38] 74 HouseInformations catched
[18:25:38] 120 InteractiveDoors catched
[18:25:38] 3614 MapPositions uncatched
[18:25:38] 14681 MapPositions catched
[18:25:38] 42 MapZaaps catched
[18:25:39] 15228 SpellLevels catched 
[18:25:39] 4772 Spells catched 
[18:25:39] 1179 LearnableSpells catched 
[18:25:39] 9780 ItemTemplates catched 
[18:25:39] 4489 Weapons catched 
[18:25:39] 363 ItemSets catched 
[18:25:39] 171 ItemTypes catched 
[18:25:39] 110 ItemPets catched 
[18:25:40] 2476 NpcTemplates catched 
[18:25:40] 138 NpcSpawns catched 
[18:25:40] 50 NpcItems catched 
[18:25:40] 19801 NpcMessages catched 
[18:25:40] 6 NpcReplies catched 
[18:25:40] 18 Triggers catched
[18:25:40] 49 Handlers Readed
[18:25:40] 68 Messages Readed
[18:25:40] WorldServer start in 11157 ms.
[18:32:06] MySQL Database Connected
[18:32:06] 16 Breeds catched
[18:32:06] 256 Heads catched
[18:32:06] 561 Effects catched
[18:32:19] 11260 DofusMaps catched
[18:32:19] 454 StatedElements catched
[18:32:19] 802 InteractiveElements catched
[18:32:19] 74 HouseInformations catched
[18:32:19] 120 InteractiveDoors catched
[18:32:20] 3614 MapPositions uncatched
[18:32:20] 14681 MapPositions catched
[18:32:20] 42 MapZaaps catched
[18:32:20] 15228 SpellLevels catched 
[18:32:20] 4772 Spells catched 
[18:32:20] 1179 LearnableSpells catched 
[18:32:20] 9780 ItemTemplates catched 
[18:32:20] 4489 Weapons catched 
[18:32:20] 363 ItemSets catched 
[18:32:20] 171 ItemTypes catched 
[18:32:20] 110 ItemPets catched 
[18:32:21] 2476 NpcTemplates catched 
[18:32:21] 138 NpcSpawns catched 
[18:32:21] 50 NpcItems catched 
[18:32:21] 19801 NpcMessages catched 
[18:32:21] 6 NpcReplies catched 
[18:32:21] 18 Triggers catched
[18:32:21] 49 Handlers Readed
[18:32:21] 68 Messages Readed
[18:32:21] WorldServer start in 15844 ms.
[18:34:00] MySQL Database Connected
[18:34:00] 16 Breeds catched
[18:34:00] 256 Heads catched
[18:34:00] 561 Effects catched
[18:34:13] 11260 DofusMaps catched
[18:34:13] 454 StatedElements catched
[18:34:13] 802 InteractiveElements catched
[18:34:13] 74 HouseInformations catched
[18:34:13] 120 InteractiveDoors catched
[18:34:13] 3614 MapPositions uncatched
[18:34:13] 14681 MapPositions catched
[18:34:13] 42 MapZaaps catched
[18:34:13] 15228 SpellLevels catched 
[18:34:13] 4772 Spells catched 
[18:34:13] 1179 LearnableSpells catched 
[18:34:13] 9780 ItemTemplates catched 
[18:34:14] 4489 Weapons catched 
[18:34:14] 363 ItemSets catched 
[18:34:14] 171 ItemTypes catched 
[18:34:14] 110 ItemPets catched 
[18:34:14] 2476 NpcTemplates catched 
[18:34:14] 138 NpcSpawns catched 
[18:34:14] 50 NpcItems catched 
[18:34:14] 19801 NpcMessages catched 
[18:34:14] 6 NpcReplies catched 
[18:34:14] 18 Triggers catched
[18:34:14] 49 Handlers Readed
[18:34:15] 68 Messages Readed
[18:34:15] WorldServer start in 14578 ms.
[18:41:52] MySQL Database Connected
[18:41:52] 16 Breeds catched
[18:41:52] 256 Heads catched
[18:41:52] 561 Effects catched
[18:42:11] 11260 DofusMaps catched
[18:42:11] 454 StatedElements catched
[18:42:11] 802 InteractiveElements catched
[18:42:11] 74 HouseInformations catched
[18:42:11] 120 InteractiveDoors catched
[18:42:11] 3614 MapPositions uncatched
[18:42:11] 14681 MapPositions catched
[18:42:11] 42 MapZaaps catched
[18:42:12] 15228 SpellLevels catched 
[18:42:12] 4772 Spells catched 
[18:42:12] 1179 LearnableSpells catched 
[18:42:12] 9780 ItemTemplates catched 
[18:42:12] 4489 Weapons catched 
[18:42:12] 363 ItemSets catched 
[18:42:12] 171 ItemTypes catched 
[18:42:12] 110 ItemPets catched 
[18:42:12] 2476 NpcTemplates catched 
[18:42:12] 138 NpcSpawns catched 
[18:42:12] 50 NpcItems catched 
[18:42:13] 19801 NpcMessages catched 
[18:42:13] 6 NpcReplies catched 
[18:42:13] 18 Triggers catched
[18:42:13] 49 Handlers Readed
[18:42:13] 68 Messages Readed
[18:42:13] WorldServer start in 21830 ms.
[18:45:41] MySQL Database Connected
[18:45:41] 16 Breeds catched
[18:45:41] 256 Heads catched
[18:45:41] 561 Effects catched
[18:45:49] 11260 DofusMaps catched
[18:45:49] 454 StatedElements catched
[18:45:50] 802 InteractiveElements catched
[18:45:50] 74 HouseInformations catched
[18:45:50] 120 InteractiveDoors catched
[18:45:50] 3614 MapPositions uncatched
[18:45:50] 14681 MapPositions catched
[18:45:50] 42 MapZaaps catched
[18:45:50] 15228 SpellLevels catched 
[18:45:50] 4772 Spells catched 
[18:45:50] 1179 LearnableSpells catched 
[18:45:50] 9780 ItemTemplates catched 
[18:45:50] 4489 Weapons catched 
[18:45:50] 363 ItemSets catched 
[18:45:50] 171 ItemTypes catched 
[18:45:50] 110 ItemPets catched 
[18:45:51] 2476 NpcTemplates catched 
[18:45:51] 138 NpcSpawns catched 
[18:45:51] 50 NpcItems catched 
[18:45:51] 19801 NpcMessages catched 
[18:45:51] 6 NpcReplies catched 
[18:45:51] 18 Triggers catched
[18:45:51] 49 Handlers Readed
[18:45:51] 68 Messages Readed
[18:45:52] WorldServer start in 11215 ms.
[18:48:07] MySQL Database Connected
[18:48:07] 16 Breeds catched
[18:48:07] 256 Heads catched
[18:48:07] 561 Effects catched
[18:48:15] 11260 DofusMaps catched
[18:48:15] 454 StatedElements catched
[18:48:15] 802 InteractiveElements catched
[18:48:15] 74 HouseInformations catched
[18:48:15] 120 InteractiveDoors catched
[18:48:15] 3614 MapPositions uncatched
[18:48:15] 14681 MapPositions catched
[18:48:15] 42 MapZaaps catched
[18:48:15] 15228 SpellLevels catched 
[18:48:15] 4772 Spells catched 
[18:48:15] 1179 LearnableSpells catched 
[18:48:16] 9780 ItemTemplates catched 
[18:48:16] 4489 Weapons catched 
[18:48:16] 363 ItemSets catched 
[18:48:16] 171 ItemTypes catched 
[18:48:16] 110 ItemPets catched 
[18:48:16] 2476 NpcTemplates catched 
[18:48:16] 138 NpcSpawns catched 
[18:48:16] 50 NpcItems catched 
[18:48:16] 19801 NpcMessages catched 
[18:48:16] 6 NpcReplies catched 
[18:48:16] 18 Triggers catched
[18:48:17] 49 Handlers Readed
[18:48:17] 68 Messages Readed
[18:48:17] WorldServer start in 10430 ms.
[18:50:18] MySQL Database Connected
[18:50:18] 16 Breeds catched
[18:50:18] 256 Heads catched
[18:50:18] 561 Effects catched
[18:50:48] 11260 DofusMaps catched
[18:50:48] 454 StatedElements catched
[18:50:48] 802 InteractiveElements catched
[18:50:48] 74 HouseInformations catched
[18:50:48] 120 InteractiveDoors catched
[18:50:48] 3614 MapPositions uncatched
[18:50:48] 14681 MapPositions catched
[18:50:48] 42 MapZaaps catched
[18:50:48] 15228 SpellLevels catched 
[18:50:48] 4772 Spells catched 
[18:50:48] 1179 LearnableSpells catched 
[18:50:48] 9780 ItemTemplates catched 
[18:50:48] 4489 Weapons catched 
[18:50:48] 363 ItemSets catched 
[18:50:48] 171 ItemTypes catched 
[18:50:48] 110 ItemPets catched 
[18:50:49] 2476 NpcTemplates catched 
[18:50:49] 138 NpcSpawns catched 
[18:50:49] 50 NpcItems catched 
[18:50:49] 19801 NpcMessages catched 
[18:50:49] 6 NpcReplies catched 
[18:50:49] 18 Triggers catched
[18:50:49] 49 Handlers Readed
[18:50:50] 68 Messages Readed
[18:50:50] WorldServer start in 31573 ms.
[18:52:37] MySQL Database Connected
[18:52:37] 16 Breeds catched
[18:52:37] 256 Heads catched
[18:52:37] 561 Effects catched
[18:52:44] 11260 DofusMaps catched
[18:52:44] 454 StatedElements catched
[18:52:44] 802 InteractiveElements catched
[18:52:44] 74 HouseInformations catched
[18:52:44] 120 InteractiveDoors catched
[18:52:44] 3614 MapPositions uncatched
[18:52:44] 14681 MapPositions catched
[18:52:44] 42 MapZaaps catched
[18:52:45] 15228 SpellLevels catched 
[18:52:45] 4772 Spells catched 
[18:52:45] 1179 LearnableSpells catched 
[18:52:45] 9780 ItemTemplates catched 
[18:52:45] 4489 Weapons catched 
[18:52:45] 363 ItemSets catched 
[18:52:45] 171 ItemTypes catched 
[18:52:45] 110 ItemPets catched 
[18:52:45] 2476 NpcTemplates catched 
[18:52:45] 138 NpcSpawns catched 
[18:52:45] 50 NpcItems catched 
[18:52:46] 19801 NpcMessages catched 
[18:52:46] 6 NpcReplies catched 
[18:52:46] 18 Triggers catched
[18:52:46] 49 Handlers Readed
[18:52:46] 68 Messages Readed
[18:52:46] WorldServer start in 9990 ms.
[18:55:51] MySQL Database Connected
[18:55:51] 16 Breeds catched
[18:55:51] 256 Heads catched
[18:55:51] 561 Effects catched
[18:56:01] 11260 DofusMaps catched
[18:56:01] 454 StatedElements catched
[18:56:01] 802 InteractiveElements catched
[18:56:01] 74 HouseInformations catched
[18:56:01] 120 InteractiveDoors catched
[18:56:01] 3614 MapPositions uncatched
[18:56:01] 14681 MapPositions catched
[18:56:01] 42 MapZaaps catched
[18:56:01] 15228 SpellLevels catched 
[18:56:01] 4772 Spells catched 
[18:56:01] 1179 LearnableSpells catched 
[18:56:02] 9780 ItemTemplates catched 
[18:56:02] 4489 Weapons catched 
[18:56:02] 363 ItemSets catched 
[18:56:02] 171 ItemTypes catched 
[18:56:02] 110 ItemPets catched 
[18:56:02] 2476 NpcTemplates catched 
[18:56:02] 138 NpcSpawns catched 
[18:56:02] 50 NpcItems catched 
[18:56:02] 19801 NpcMessages catched 
[18:56:02] 6 NpcReplies catched 
[18:56:02] 18 Triggers catched
[18:56:03] 49 Handlers Readed
[18:56:03] 68 Messages Readed
[18:56:03] WorldServer start in 12534 ms.
[19:04:22] Packet not handled 5593
[19:07:07] MySQL Database Connected
[19:07:07] 16 Breeds catched
[19:07:07] 256 Heads catched
[19:07:07] 561 Effects catched
[19:07:16] 11260 DofusMaps catched
[19:07:16] 454 StatedElements catched
[19:07:16] 802 InteractiveElements catched
[19:07:16] 74 HouseInformations catched
[19:07:16] 120 InteractiveDoors catched
[19:07:16] 3614 MapPositions uncatched
[19:07:16] 14681 MapPositions catched
[19:07:16] 42 MapZaaps catched
[19:07:16] 15228 SpellLevels catched 
[19:07:16] 4772 Spells catched 
[19:07:16] 1179 LearnableSpells catched 
[19:07:16] 9780 ItemTemplates catched 
[19:07:17] 4489 Weapons catched 
[19:07:17] 363 ItemSets catched 
[19:07:17] 171 ItemTypes catched 
[19:07:17] 110 ItemPets catched 
[19:07:17] 2476 NpcTemplates catched 
[19:07:17] 138 NpcSpawns catched 
[19:07:17] 50 NpcItems catched 
[19:07:17] 19801 NpcMessages catched 
[19:07:17] 6 NpcReplies catched 
[19:07:17] 18 Triggers catched
[19:07:17] 50 Handlers Readed
[19:07:18] 68 Messages Readed
[19:07:18] WorldServer start in 11048 ms.
[19:10:24] MySQL Database Connected
[19:10:24] 16 Breeds catched
[19:10:24] 256 Heads catched
[19:10:24] 561 Effects catched
[19:10:33] 11260 DofusMaps catched
[19:10:33] 454 StatedElements catched
[19:10:33] 802 InteractiveElements catched
[19:10:33] 74 HouseInformations catched
[19:10:33] 120 InteractiveDoors catched
[19:10:33] 3614 MapPositions uncatched
[19:10:33] 14681 MapPositions catched
[19:10:33] 42 MapZaaps catched
[19:10:33] 15228 SpellLevels catched 
[19:10:33] 4772 Spells catched 
[19:10:33] 1179 LearnableSpells catched 
[19:10:34] 9780 ItemTemplates catched 
[19:10:34] 4489 Weapons catched 
[19:10:34] 363 ItemSets catched 
[19:10:34] 171 ItemTypes catched 
[19:10:34] 110 ItemPets catched 
[19:10:34] 2476 NpcTemplates catched 
[19:10:34] 138 NpcSpawns catched 
[19:10:34] 50 NpcItems catched 
[19:10:34] 19801 NpcMessages catched 
[19:10:34] 6 NpcReplies catched 
[19:10:34] 18 Triggers catched
[19:10:35] 50 Handlers Readed
[19:10:35] 68 Messages Readed
[19:10:35] WorldServer start in 11203 ms.
[19:12:25] MySQL Database Connected
[19:12:25] 16 Breeds catched
[19:12:25] 256 Heads catched
[19:12:25] 561 Effects catched
[19:12:34] 11260 DofusMaps catched
[19:12:34] 454 StatedElements catched
[19:12:34] 802 InteractiveElements catched
[19:12:34] 74 HouseInformations catched
[19:12:34] 120 InteractiveDoors catched
[19:12:34] 3614 MapPositions uncatched
[19:12:34] 14681 MapPositions catched
[19:12:34] 42 MapZaaps catched
[19:12:34] 15228 SpellLevels catched 
[19:12:34] 4772 Spells catched 
[19:12:34] 1179 LearnableSpells catched 
[19:12:34] 9780 ItemTemplates catched 
[19:12:34] 4489 Weapons catched 
[19:12:34] 363 ItemSets catched 
[19:12:34] 171 ItemTypes catched 
[19:12:34] 110 ItemPets catched 
[19:12:35] 2476 NpcTemplates catched 
[19:12:35] 138 NpcSpawns catched 
[19:12:35] 50 NpcItems catched 
[19:12:35] 19801 NpcMessages catched 
[19:12:35] 6 NpcReplies catched 
[19:12:35] 18 Triggers catched
[19:12:35] 50 Handlers Readed
[19:12:36] 68 Messages Readed
[19:12:36] WorldServer start in 10465 ms.
[19:14:03] MySQL Database Connected
[19:14:03] 16 Breeds catched
[19:14:03] 256 Heads catched
[19:14:03] 561 Effects catched
[19:14:12] 11260 DofusMaps catched
[19:14:12] 454 StatedElements catched
[19:14:12] 802 InteractiveElements catched
[19:14:12] 74 HouseInformations catched
[19:14:12] 120 InteractiveDoors catched
[19:14:12] 3614 MapPositions uncatched
[19:14:12] 14681 MapPositions catched
[19:14:12] 42 MapZaaps catched
[19:14:12] 15228 SpellLevels catched 
[19:14:13] 4772 Spells catched 
[19:14:13] 1179 LearnableSpells catched 
[19:14:13] 9780 ItemTemplates catched 
[19:14:13] 4489 Weapons catched 
[19:14:13] 363 ItemSets catched 
[19:14:13] 171 ItemTypes catched 
[19:14:13] 110 ItemPets catched 
[19:14:13] 2476 NpcTemplates catched 
[19:14:13] 138 NpcSpawns catched 
[19:14:13] 50 NpcItems catched 
[19:14:13] 19801 NpcMessages catched 
[19:14:13] 6 NpcReplies catched 
[19:14:13] 18 Triggers catched
[19:14:14] 50 Handlers Readed
[19:14:14] 68 Messages Readed
[19:14:14] WorldServer start in 11509 ms.
[19:19:57] MySQL Database Connected
[19:19:57] 16 Breeds catched
[19:19:57] 256 Heads catched
[19:19:57] 561 Effects catched
[19:20:06] 11260 DofusMaps catched
[19:20:06] 454 StatedElements catched
[19:20:06] 802 InteractiveElements catched
[19:20:06] 74 HouseInformations catched
[19:20:06] 120 InteractiveDoors catched
[19:20:06] 3614 MapPositions uncatched
[19:20:06] 14681 MapPositions catched
[19:20:06] 42 MapZaaps catched
[19:20:06] 15228 SpellLevels catched 
[19:20:06] 4772 Spells catched 
[19:20:06] 1179 LearnableSpells catched 
[19:20:07] 9780 ItemTemplates catched 
[19:20:07] 4489 Weapons catched 
[19:20:07] 363 ItemSets catched 
[19:20:07] 171 ItemTypes catched 
[19:20:07] 110 ItemPets catched 
[19:20:07] 2476 NpcTemplates catched 
[19:20:07] 138 NpcSpawns catched 
[19:20:07] 50 NpcItems catched 
[19:20:07] 19801 NpcMessages catched 
[19:20:07] 6 NpcReplies catched 
[19:20:07] 18 Triggers catched
[19:20:08] 50 Handlers Readed
[19:20:08] 68 Messages Readed
[19:20:08] WorldServer start in 11536 ms.
[19:33:37] MySQL Database Connected
[19:33:37] 16 Breeds catched
[19:33:37] 256 Heads catched
[19:33:37] 561 Effects catched
[19:33:45] 11260 DofusMaps catched
[19:33:45] 454 StatedElements catched
[19:33:45] 802 InteractiveElements catched
[19:33:45] 74 HouseInformations catched
[19:33:45] 120 InteractiveDoors catched
[19:33:45] 3614 MapPositions uncatched
[19:33:45] 14681 MapPositions catched
[19:33:45] 42 MapZaaps catched
[19:33:45] 15228 SpellLevels catched 
[19:33:46] 4772 Spells catched 
[19:33:46] 1179 LearnableSpells catched 
[19:33:46] 9780 ItemTemplates catched 
[19:33:46] 4489 Weapons catched 
[19:33:46] 363 ItemSets catched 
[19:33:46] 171 ItemTypes catched 
[19:33:46] 110 ItemPets catched 
[19:33:46] 2476 NpcTemplates catched 
[19:33:46] 138 NpcSpawns catched 
[19:33:46] 50 NpcItems catched 
[19:33:46] 19801 NpcMessages catched 
[19:33:46] 6 NpcReplies catched 
[19:33:46] 18 Triggers catched
[19:33:47] 50 Handlers Readed
[19:33:47] 68 Messages Readed
[19:33:47] WorldServer start in 10109 ms.
[21:12:57] Packet not handled 5592
[21:27:48] MySQL Database Connected
[21:27:48] 16 Breeds catched
[21:27:48] 256 Heads catched
[21:27:48] 561 Effects catched
[21:27:56] 11260 DofusMaps catched
[21:27:56] 454 StatedElements catched
[21:27:56] 802 InteractiveElements catched
[21:27:56] 74 HouseInformations catched
[21:27:56] 120 InteractiveDoors catched
[21:27:57] 3614 MapPositions uncatched
[21:27:57] 14681 MapPositions catched
[21:27:57] 42 MapZaaps catched
[21:27:57] 15228 SpellLevels catched 
[21:27:57] 4772 Spells catched 
[21:27:57] 1179 LearnableSpells catched 
[21:27:57] 9780 ItemTemplates catched 
[21:27:57] 4489 Weapons catched 
[21:27:57] 363 ItemSets catched 
[21:27:57] 171 ItemTypes catched 
[21:27:57] 110 ItemPets catched 
[21:27:58] 2476 NpcTemplates catched 
[21:27:58] 138 NpcSpawns catched 
[21:27:58] 50 NpcItems catched 
[21:27:58] 19801 NpcMessages catched 
[21:27:58] 6 NpcReplies catched 
[21:27:58] 18 Triggers catched
[21:27:58] 51 Handlers Readed
[21:27:58] 68 Messages Readed
[21:27:58] WorldServer start in 10375 ms.
[21:30:27] MySQL Database Connected
[21:30:27] 16 Breeds catched
[21:30:27] 256 Heads catched
[21:30:27] 561 Effects catched
[21:30:36] 11260 DofusMaps catched
[21:30:36] 454 StatedElements catched
[21:30:36] 802 InteractiveElements catched
[21:30:36] 74 HouseInformations catched
[21:30:36] 120 InteractiveDoors catched
[21:30:37] 3614 MapPositions uncatched
[21:30:37] 14681 MapPositions catched
[21:30:37] 42 MapZaaps catched
[21:30:37] 15228 SpellLevels catched 
[21:30:37] 4772 Spells catched 
[21:30:37] 1179 LearnableSpells catched 
[21:30:37] 9780 ItemTemplates catched 
[21:30:37] 4489 Weapons catched 
[21:30:37] 363 ItemSets catched 
[21:30:37] 171 ItemTypes catched 
[21:30:37] 110 ItemPets catched 
[21:30:38] 2476 NpcTemplates catched 
[21:30:38] 138 NpcSpawns catched 
[21:30:38] 50 NpcItems catched 
[21:30:38] 19801 NpcMessages catched 
[21:30:38] 6 NpcReplies catched 
[21:30:38] 18 Triggers catched
[21:30:38] 51 Handlers Readed
[21:30:38] 68 Messages Readed
[21:30:39] WorldServer start in 11897 ms.
[21:46:18] MySQL Database Connected
[21:46:18] 16 Breeds catched
[21:46:18] 256 Heads catched
[21:46:18] 561 Effects catched
[21:46:26] 11260 DofusMaps catched
[21:46:26] 454 StatedElements catched
[21:46:26] 802 InteractiveElements catched
[21:46:26] 74 HouseInformations catched
[21:46:26] 120 InteractiveDoors catched
[21:46:26] 3614 MapPositions uncatched
[21:46:26] 14681 MapPositions catched
[21:46:26] 42 MapZaaps catched
[21:46:27] 15228 SpellLevels catched 
[21:46:27] 4772 Spells catched 
[21:46:27] 1179 LearnableSpells catched 
[21:46:27] 9780 ItemTemplates catched 
[21:46:27] 4489 Weapons catched 
[21:46:27] 363 ItemSets catched 
[21:46:27] 171 ItemTypes catched 
[21:46:27] 110 ItemPets catched 
[21:46:27] 2476 NpcTemplates catched 
[21:46:27] 138 NpcSpawns catched 
[21:46:27] 50 NpcItems catched 
[21:46:28] 19801 NpcMessages catched 
[21:46:28] 6 NpcReplies catched 
[21:46:28] 18 Triggers catched
[21:46:28] 52 Handlers Readed
[21:46:28] 68 Messages Readed
[21:46:28] WorldServer start in 10408 ms.
[21:51:16] Packet not handled 5577
[22:26:16] MySQL Database Connected
[22:26:16] 16 Breeds catched
[22:26:16] 256 Heads catched
[22:26:16] 561 Effects catched
[22:26:23] 11260 DofusMaps catched
[22:26:23] 454 StatedElements catched
[22:26:23] 802 InteractiveElements catched
[22:26:23] 74 HouseInformations catched
[22:26:23] 120 InteractiveDoors catched
[22:26:23] 3614 MapPositions uncatched
[22:26:23] 14681 MapPositions catched
[22:26:23] 42 MapZaaps catched
[22:26:24] 15228 SpellLevels catched 
[22:26:24] 4772 Spells catched 
[22:26:24] 1179 LearnableSpells catched 
[22:26:24] 9780 ItemTemplates catched 
[22:26:24] 4489 Weapons catched 
[22:26:24] 363 ItemSets catched 
[22:26:24] 171 ItemTypes catched 
[22:26:24] 110 ItemPets catched 
[22:26:24] 2476 NpcTemplates catched 
[22:26:24] 138 NpcSpawns catched 
[22:26:24] 50 NpcItems catched 
[22:26:25] 19801 NpcMessages catched 
[22:26:25] 6 NpcReplies catched 
[22:26:25] 18 Triggers catched
[22:26:25] 54 Handlers Readed
[22:26:25] 69 Messages Readed
[22:26:25] WorldServer start in 9981 ms.
[22:27:51] MySQL Database Connected
[22:27:52] 16 Breeds catched
[22:27:52] 256 Heads catched
[22:27:52] 561 Effects catched
[22:27:59] 11260 DofusMaps catched
[22:27:59] 454 StatedElements catched
[22:27:59] 802 InteractiveElements catched
[22:27:59] 74 HouseInformations catched
[22:27:59] 120 InteractiveDoors catched
[22:27:59] 3614 MapPositions uncatched
[22:27:59] 14681 MapPositions catched
[22:27:59] 42 MapZaaps catched
[22:27:59] 15228 SpellLevels catched 
[22:27:59] 4772 Spells catched 
[22:27:59] 1179 LearnableSpells catched 
[22:28:00] 9780 ItemTemplates catched 
[22:28:00] 4489 Weapons catched 
[22:28:00] 363 ItemSets catched 
[22:28:00] 171 ItemTypes catched 
[22:28:00] 110 ItemPets catched 
[22:28:00] 2476 NpcTemplates catched 
[22:28:00] 138 NpcSpawns catched 
[22:28:00] 50 NpcItems catched 
[22:28:00] 19801 NpcMessages catched 
[22:28:00] 6 NpcReplies catched 
[22:28:00] 18 Triggers catched
[22:28:01] 54 Handlers Readed
[22:28:01] 69 Messages Readed
[22:28:01] WorldServer start in 9798 ms.
[22:28:05] MySQL Database Connected
[22:28:05] 16 Breeds catched
[22:28:05] 256 Heads catched
[22:28:05] 561 Effects catched
[22:28:13] 11260 DofusMaps catched
[22:28:13] 454 StatedElements catched
[22:28:13] 802 InteractiveElements catched
[22:28:13] 74 HouseInformations catched
[22:28:13] 120 InteractiveDoors catched
[22:28:13] 3614 MapPositions uncatched
[22:28:13] 14681 MapPositions catched
[22:28:13] 42 MapZaaps catched
[22:28:13] 15228 SpellLevels catched 
[22:28:13] 4772 Spells catched 
[22:28:13] 1179 LearnableSpells catched 
[22:28:14] 9780 ItemTemplates catched 
[22:28:14] 4489 Weapons catched 
[22:28:14] 363 ItemSets catched 
[22:28:14] 171 ItemTypes catched 
[22:28:14] 110 ItemPets catched 
[22:28:14] 2476 NpcTemplates catched 
[22:28:14] 138 NpcSpawns catched 
[22:28:14] 50 NpcItems catched 
[22:28:14] 19801 NpcMessages catched 
[22:28:14] 6 NpcReplies catched 
[22:28:14] 18 Triggers catched
[22:28:14] 54 Handlers Readed
[22:28:15] 69 Messages Readed
[22:28:15] WorldServer start in 10093 ms.
[22:29:06] MySQL Database Connected
[22:29:06] 16 Breeds catched
[22:29:06] 256 Heads catched
[22:29:06] 561 Effects catched
[22:29:14] 11260 DofusMaps catched
[22:29:14] 454 StatedElements catched
[22:29:14] 802 InteractiveElements catched
[22:29:14] 74 HouseInformations catched
[22:29:14] 120 InteractiveDoors catched
[22:29:14] 3614 MapPositions uncatched
[22:29:14] 14681 MapPositions catched
[22:29:14] 42 MapZaaps catched
[22:29:14] 15228 SpellLevels catched 
[22:29:14] 4772 Spells catched 
[22:29:14] 1179 LearnableSpells catched 
[22:29:15] 9780 ItemTemplates catched 
[22:29:15] 4489 Weapons catched 
[22:29:15] 363 ItemSets catched 
[22:29:15] 171 ItemTypes catched 
[22:29:15] 110 ItemPets catched 
[22:29:15] 2476 NpcTemplates catched 
[22:29:15] 138 NpcSpawns catched 
[22:29:15] 50 NpcItems catched 
[22:29:15] 19801 NpcMessages catched 
[22:29:15] 6 NpcReplies catched 
[22:29:15] 18 Triggers catched
[22:29:15] 54 Handlers Readed
[22:29:16] 69 Messages Readed
[22:29:16] WorldServer start in 9738 ms.
[22:36:06] MySQL Database Connected
[22:36:07] 16 Breeds catched
[22:36:07] 256 Heads catched
[22:36:07] 561 Effects catched
[22:36:14] 11260 DofusMaps catched
[22:36:14] 454 StatedElements catched
[22:36:14] 802 InteractiveElements catched
[22:36:14] 74 HouseInformations catched
[22:36:14] 120 InteractiveDoors catched
[22:36:15] 3614 MapPositions uncatched
[22:36:15] 14681 MapPositions catched
[22:36:15] 42 MapZaaps catched
[22:36:15] 15228 SpellLevels catched 
[22:36:15] 4772 Spells catched 
[22:36:15] 1179 LearnableSpells catched 
[22:36:15] 9780 ItemTemplates catched 
[22:36:15] 4489 Weapons catched 
[22:36:15] 363 ItemSets catched 
[22:36:15] 171 ItemTypes catched 
[22:36:15] 110 ItemPets catched 
[22:36:16] 2476 NpcTemplates catched 
[22:36:16] 138 NpcSpawns catched 
[22:36:16] 50 NpcItems catched 
[22:36:16] 19801 NpcMessages catched 
[22:36:16] 6 NpcReplies catched 
[22:36:16] 18 Triggers catched
[22:36:16] 54 Handlers Readed
[22:36:16] 69 Messages Readed
[22:36:17] WorldServer start in 10308 ms.
[22:41:10] MySQL Database Connected
[22:41:10] 16 Breeds catched
[22:41:10] 256 Heads catched
[22:41:10] 561 Effects catched
[22:41:18] 11260 DofusMaps catched
[22:41:18] 454 StatedElements catched
[22:41:18] 802 InteractiveElements catched
[22:41:18] 74 HouseInformations catched
[22:41:18] 120 InteractiveDoors catched
[22:41:18] 3614 MapPositions uncatched
[22:41:18] 14681 MapPositions catched
[22:41:18] 42 MapZaaps catched
[22:41:18] 15228 SpellLevels catched 
[22:41:18] 4772 Spells catched 
[22:41:18] 1179 LearnableSpells catched 
[22:41:19] 9780 ItemTemplates catched 
[22:41:19] 4489 Weapons catched 
[22:41:19] 363 ItemSets catched 
[22:41:19] 171 ItemTypes catched 
[22:41:19] 110 ItemPets catched 
[22:41:19] 2476 NpcTemplates catched 
[22:41:19] 138 NpcSpawns catched 
[22:41:19] 50 NpcItems catched 
[22:41:19] 19801 NpcMessages catched 
[22:41:19] 6 NpcReplies catched 
[22:41:19] 18 Triggers catched
[22:41:20] 54 Handlers Readed
[22:41:20] 69 Messages Readed
[22:41:20] WorldServer start in 10790 ms.
