[00:54:54] MySQL Database Connected
[00:54:54] 16 Breeds catched
[00:54:54] 256 Heads catched
[00:54:54] 561 Effects catched
[00:54:54] 4 SuperAreas catched
[00:54:54] 48 Areas catched
[00:54:55] 334 SubAreas catched
[00:55:03] 11260 DofusMaps catched
[00:55:03] 9761 StatedElements catched
[00:55:03] 13349 InteractiveElements catched
[00:55:03] 1485 HouseInformations catched
[00:55:03] 556 InteractiveDoors catched
[00:55:03] 3614 MapPositions uncatched
[00:55:03] 14681 MapPositions catched
[00:55:03] 42 MapZaaps catched
[00:55:03] 79 MapSubways catched
[00:55:03] 15228 SpellLevels catched 
[00:55:04] 4772 Spells catched 
[00:55:04] 316 GuildEmblems catched 
[00:55:04] 1179 LearnableSpells catched 
[00:55:04] 9780 ItemTemplates catched 
[00:55:04] 4489 Weapons catched 
[00:55:04] 363 ItemSets catched 
[00:55:04] 171 ItemTypes catched 
[00:55:04] 110 ItemPets catched 
[00:55:04] 2476 NpcTemplates catched 
[00:55:04] 787 NpcSpawns catched 
[00:55:04] 94 NpcItems catched 
[00:55:04] 19801 NpcMessages catched 
[00:55:05] 7 NpcReplies catched 
[00:55:05] 353 Triggers catched
[00:55:05] 1277 Paddocks catched
[00:55:05] 72 Mounts catched
[00:55:05] 4 Guild catched
[00:55:05] 3 GuildMembers catched
[00:55:05] 122 Handlers Readed
[00:55:06] 166 Messages Readed
[00:55:06] WorldServer start in 12533 ms.
[01:19:27] MySQL Database Connected
[01:19:27] 16 Breeds catched
[01:19:27] 256 Heads catched
[01:19:27] 561 Effects catched
[01:19:28] 4 SuperAreas catched
[01:19:28] 48 Areas catched
[01:19:29] 334 SubAreas catched
[01:19:36] 11260 DofusMaps catched
[01:19:36] 9761 StatedElements catched
[01:19:37] 13349 InteractiveElements catched
[01:19:37] 1485 HouseInformations catched
[01:19:37] 556 InteractiveDoors catched
[01:19:37] 3614 MapPositions uncatched
[01:19:37] 14681 MapPositions catched
[01:19:37] 42 MapZaaps catched
[01:19:37] 79 MapSubways catched
[01:19:37] 15228 SpellLevels catched 
[01:19:37] 4772 Spells catched 
[01:19:37] 316 GuildEmblems catched 
[01:19:37] 1179 LearnableSpells catched 
[01:19:37] 9780 ItemTemplates catched 
[01:19:37] 4489 Weapons catched 
[01:19:37] 363 ItemSets catched 
[01:19:37] 171 ItemTypes catched 
[01:19:38] 110 ItemPets catched 
[01:19:38] 2476 NpcTemplates catched 
[01:19:38] 787 NpcSpawns catched 
[01:19:38] 94 NpcItems catched 
[01:19:38] 19801 NpcMessages catched 
[01:19:38] 7 NpcReplies catched 
[01:19:38] 353 Triggers catched
[01:19:38] 1277 Paddocks catched
[01:19:38] 72 Mounts catched
[01:19:38] 4 Guild catched
[01:19:38] 3 GuildMembers catched
[01:19:39] 122 Handlers Readed
[01:19:39] 166 Messages Readed
[01:19:39] WorldServer start in 12530 ms.
[01:21:03] MySQL Database Connected
[01:21:04] 16 Breeds catched
[01:21:04] 256 Heads catched
[01:21:04] 561 Effects catched
[01:21:04] 4 SuperAreas catched
[01:21:04] 48 Areas catched
[01:21:05] 334 SubAreas catched
[01:21:12] 11260 DofusMaps catched
[01:21:12] 9761 StatedElements catched
[01:21:13] 13349 InteractiveElements catched
[01:21:13] 1485 HouseInformations catched
[01:21:13] 556 InteractiveDoors catched
[01:21:13] 3614 MapPositions uncatched
[01:21:13] 14681 MapPositions catched
[01:21:13] 42 MapZaaps catched
[01:21:13] 79 MapSubways catched
[01:21:13] 15228 SpellLevels catched 
[01:21:13] 4772 Spells catched 
[01:21:13] 316 GuildEmblems catched 
[01:21:13] 1179 LearnableSpells catched 
[01:21:13] 9780 ItemTemplates catched 
[01:21:13] 4489 Weapons catched 
[01:21:13] 363 ItemSets catched 
[01:21:13] 171 ItemTypes catched 
[01:21:14] 110 ItemPets catched 
[01:21:14] 2476 NpcTemplates catched 
[01:21:14] 787 NpcSpawns catched 
[01:21:14] 94 NpcItems catched 
[01:21:14] 19801 NpcMessages catched 
[01:21:14] 7 NpcReplies catched 
[01:21:14] 353 Triggers catched
[01:21:14] 1277 Paddocks catched
[01:21:14] 72 Mounts catched
[01:21:14] 4 Guild catched
[01:21:14] 3 GuildMembers catched
[01:21:15] 122 Handlers Readed
[01:21:15] 166 Messages Readed
[01:21:15] WorldServer start in 12229 ms.
[01:24:01] MySQL Database Connected
[01:24:01] 16 Breeds catched
[01:24:01] 256 Heads catched
[01:24:01] 561 Effects catched
[01:24:02] 4 SuperAreas catched
[01:24:02] 48 Areas catched
[01:24:02] 334 SubAreas catched
[01:24:10] 11260 DofusMaps catched
[01:24:10] 9761 StatedElements catched
[01:24:10] 13349 InteractiveElements catched
[01:24:10] 1485 HouseInformations catched
[01:24:10] 556 InteractiveDoors catched
[01:24:10] 3614 MapPositions uncatched
[01:24:10] 14681 MapPositions catched
[01:24:10] 42 MapZaaps catched
[01:24:10] 79 MapSubways catched
[01:24:10] 15228 SpellLevels catched 
[01:24:10] 4772 Spells catched 
[01:24:10] 316 GuildEmblems catched 
[01:24:10] 1179 LearnableSpells catched 
[01:24:11] 9780 ItemTemplates catched 
[01:24:11] 4489 Weapons catched 
[01:24:11] 363 ItemSets catched 
[01:24:11] 171 ItemTypes catched 
[01:24:11] 110 ItemPets catched 
[01:24:11] 2476 NpcTemplates catched 
[01:24:11] 787 NpcSpawns catched 
[01:24:11] 94 NpcItems catched 
[01:24:11] 19801 NpcMessages catched 
[01:24:11] 7 NpcReplies catched 
[01:24:12] 353 Triggers catched
[01:24:12] 1277 Paddocks catched
[01:24:12] 72 Mounts catched
[01:24:12] 4 Guild catched
[01:24:12] 3 GuildMembers catched
[01:24:12] 122 Handlers Readed
[01:24:13] 166 Messages Readed
[01:24:13] WorldServer start in 12271 ms.
[00:28:02] MySQL Database Connected
[00:28:02] 16 Breeds catched
[00:28:02] 256 Heads catched
[00:28:02] 561 Effects catched
[00:28:03] 4 SuperAreas catched
[00:28:03] 48 Areas catched
[00:28:04] 334 SubAreas catched
[00:28:11] 11260 DofusMaps catched
[00:28:11] 9761 StatedElements catched
[00:28:11] 13349 InteractiveElements catched
[00:28:11] 1485 HouseInformations catched
[00:28:11] 556 InteractiveDoors catched
[00:28:11] 3614 MapPositions uncatched
[00:28:11] 14681 MapPositions catched
[00:28:11] 42 MapZaaps catched
[00:28:11] 79 MapSubways catched
[00:28:11] 15228 SpellLevels catched 
[00:28:12] 4772 Spells catched 
[00:28:12] 316 GuildEmblems catched 
[00:28:12] 1179 LearnableSpells catched 
[00:28:12] 9780 ItemTemplates catched 
[00:28:12] 4489 Weapons catched 
[00:28:12] 363 ItemSets catched 
[00:28:12] 171 ItemTypes catched 
[00:28:12] 110 ItemPets catched 
[00:28:12] 2476 NpcTemplates catched 
[00:28:12] 787 NpcSpawns catched 
[00:28:12] 94 NpcItems catched 
[00:28:13] 19801 NpcMessages catched 
[00:28:13] 7 NpcReplies catched 
[00:28:13] 353 Triggers catched
[00:28:13] 1277 Paddocks catched
[00:28:13] 72 Mounts catched
[00:28:13] 4 Guild catched
[00:28:13] 3 GuildMembers catched
[00:28:13] 122 Handlers Readed
[00:28:14] 166 Messages Readed
[00:28:14] WorldServer start in 12035 ms.
[00:48:22] MySQL Database Connected
[00:48:22] 16 Breeds catched
[00:48:22] 256 Heads catched
[00:48:22] 561 Effects catched
[00:48:23] 4 SuperAreas catched
[00:48:23] 48 Areas catched
[00:48:24] 334 SubAreas catched
[00:48:31] 11260 DofusMaps catched
[00:48:31] 9761 StatedElements catched
[00:48:31] 13349 InteractiveElements catched
[00:48:31] 1485 HouseInformations catched
[00:48:31] 556 InteractiveDoors catched
[00:48:31] 3614 MapPositions uncatched
[00:48:31] 14681 MapPositions catched
[00:48:31] 42 MapZaaps catched
[00:48:31] 79 MapSubways catched
[00:50:41] MySQL Database Connected
[00:50:41] 16 Breeds catched
[00:50:41] 256 Heads catched
[00:50:41] 561 Effects catched
[00:50:42] 4 SuperAreas catched
[00:50:42] 48 Areas catched
[00:50:43] 334 SubAreas catched
[00:50:52] 11260 DofusMaps catched
[00:50:52] 9761 StatedElements catched
[00:50:52] 13349 InteractiveElements catched
[00:50:53] 1485 HouseInformations catched
[00:50:53] 556 InteractiveDoors catched
[00:50:53] 3614 MapPositions uncatched
[00:50:53] 14681 MapPositions catched
[00:50:53] 42 MapZaaps catched
[00:50:53] 79 MapSubways catched
[00:52:21] MySQL Database Connected
[00:52:21] 16 Breeds catched
[00:52:21] 256 Heads catched
[00:52:21] 561 Effects catched
[00:52:22] 4 SuperAreas catched
[00:52:22] 48 Areas catched
[00:52:23] 334 SubAreas catched
[00:52:33] 11260 DofusMaps catched
[00:52:33] 9761 StatedElements catched
[00:52:33] 13349 InteractiveElements catched
[00:52:33] 1485 HouseInformations catched
[00:52:33] 556 InteractiveDoors catched
[00:52:33] 3614 MapPositions uncatched
[00:52:33] 14681 MapPositions catched
[00:52:33] 42 MapZaaps catched
[00:52:33] 79 MapSubways catched
[00:52:34] 15228 SpellLevels catched 
[00:52:35] 4772 Spells catched 
[00:52:35] 316 GuildEmblems catched 
[00:52:35] 1179 LearnableSpells catched 
[00:52:36] 9780 ItemTemplates catched 
[00:52:37] 4489 Weapons catched 
[00:52:37] 363 ItemSets catched 
[00:52:37] 171 ItemTypes catched 
[00:52:37] 110 ItemPets catched 
[00:52:37] 2476 NpcTemplates catched 
[00:52:37] 787 NpcSpawns catched 
[00:52:37] 94 NpcItems catched 
[00:52:37] 19801 NpcMessages catched 
[00:52:37] 7 NpcReplies catched 
[00:52:38] 353 Triggers catched
[00:52:38] 1277 Paddocks catched
[00:52:38] 72 Mounts catched
[00:52:38] 4 Guild catched
[00:52:38] 3 GuildMembers catched
[00:52:38] 122 Handlers Readed
[00:52:39] 166 Messages Readed
[00:52:39] WorldServer start in 17861 ms.
[01:24:15] MySQL Database Connected
[01:24:15] 16 Breeds catched
[01:24:15] 256 Heads catched
[01:24:15] 561 Effects catched
[01:24:16] 4 SuperAreas catched
[01:24:16] 48 Areas catched
[01:24:17] 334 SubAreas catched
[01:24:24] 11260 DofusMaps catched
[01:24:24] 9761 StatedElements catched
[01:24:25] 13349 InteractiveElements catched
[01:24:25] 1485 HouseInformations catched
[01:24:25] 556 InteractiveDoors catched
[01:24:25] 3614 MapPositions uncatched
[01:24:25] 14681 MapPositions catched
[01:24:25] 42 MapZaaps catched
[01:24:25] 79 MapSubways catched
[01:24:25] 15228 SpellLevels catched 
[01:24:25] 4772 Spells catched 
[01:24:25] 316 GuildEmblems catched 
[01:24:25] 1179 LearnableSpells catched 
[01:24:25] 9780 ItemTemplates catched 
[01:24:26] 4489 Weapons catched 
[01:24:26] 363 ItemSets catched 
[01:24:26] 171 ItemTypes catched 
[01:24:26] 110 ItemPets catched 
[01:24:26] 2476 NpcTemplates catched 
[01:24:26] 787 NpcSpawns catched 
[01:24:26] 94 NpcItems catched 
[01:24:26] 19801 NpcMessages catched 
[01:24:26] 7 NpcReplies catched 
[01:24:26] 353 Triggers catched
[01:24:26] 1277 Paddocks catched
[01:24:26] 72 Mounts catched
[01:24:26] 4 Guild catched
[01:24:26] 3 GuildMembers catched
[01:24:27] 122 Handlers Readed
[01:24:27] 166 Messages Readed
[01:24:28] WorldServer start in 12394 ms.
[01:25:27] MySQL Database Connected
[01:25:27] 16 Breeds catched
[01:25:27] 256 Heads catched
[01:25:27] 561 Effects catched
[01:25:27] 4 SuperAreas catched
[01:25:27] 48 Areas catched
[01:25:28] 334 SubAreas catched
[01:25:36] 11260 DofusMaps catched
[01:25:36] 9761 StatedElements catched
[01:25:36] 13349 InteractiveElements catched
[01:25:36] 1485 HouseInformations catched
[01:25:36] 556 InteractiveDoors catched
[01:25:36] 3614 MapPositions uncatched
[01:25:36] 14681 MapPositions catched
[01:25:36] 42 MapZaaps catched
[01:25:36] 79 MapSubways catched
[01:25:37] 15228 SpellLevels catched 
[01:25:37] 4772 Spells catched 
[01:25:37] 316 GuildEmblems catched 
[01:25:37] 1179 LearnableSpells catched 
[01:25:37] 9780 ItemTemplates catched 
[01:25:37] 4489 Weapons catched 
[01:25:37] 363 ItemSets catched 
[01:25:37] 171 ItemTypes catched 
[01:25:37] 110 ItemPets catched 
[01:25:38] 2476 NpcTemplates catched 
[01:25:38] 787 NpcSpawns catched 
[01:25:38] 94 NpcItems catched 
[01:25:38] 19801 NpcMessages catched 
[01:25:38] 7 NpcReplies catched 
[01:25:38] 353 Triggers catched
[01:25:38] 1277 Paddocks catched
[01:25:38] 72 Mounts catched
[01:25:38] 4 Guild catched
[01:25:38] 3 GuildMembers catched
[01:25:39] 122 Handlers Readed
[01:25:39] 166 Messages Readed
[01:25:39] WorldServer start in 12867 ms.
[01:26:37] MySQL Database Connected
[01:26:37] 16 Breeds catched
[01:26:37] 256 Heads catched
[01:26:37] 561 Effects catched
[01:26:37] 4 SuperAreas catched
[01:26:37] 48 Areas catched
[01:26:38] 334 SubAreas catched
[01:26:45] 11260 DofusMaps catched
[01:26:46] 9761 StatedElements catched
[01:26:46] 13349 InteractiveElements catched
[01:26:46] 1485 HouseInformations catched
[01:26:46] 556 InteractiveDoors catched
[01:26:46] 3614 MapPositions uncatched
[01:26:46] 14681 MapPositions catched
[01:26:46] 42 MapZaaps catched
[01:26:46] 79 MapSubways catched
[01:26:46] 15228 SpellLevels catched 
[01:26:46] 4772 Spells catched 
[01:26:46] 316 GuildEmblems catched 
[01:26:46] 1179 LearnableSpells catched 
[01:26:46] 9780 ItemTemplates catched 
[01:26:46] 4489 Weapons catched 
[01:26:47] 363 ItemSets catched 
[01:26:47] 171 ItemTypes catched 
[01:26:47] 110 ItemPets catched 
[01:26:47] 2476 NpcTemplates catched 
[01:26:47] 787 NpcSpawns catched 
[01:26:47] 94 NpcItems catched 
[01:26:47] 19801 NpcMessages catched 
[01:26:47] 7 NpcReplies catched 
[01:26:47] 353 Triggers catched
[01:26:47] 1277 Paddocks catched
[01:26:47] 72 Mounts catched
[01:26:47] 4 Guild catched
[01:26:47] 3 GuildMembers catched
[01:26:48] 122 Handlers Readed
[01:26:48] 166 Messages Readed
[01:26:49] WorldServer start in 12182 ms.
[01:29:13] MySQL Database Connected
[01:29:13] 16 Breeds catched
[01:29:13] 256 Heads catched
[01:29:13] 561 Effects catched
[01:29:14] 4 SuperAreas catched
[01:29:14] 48 Areas catched
[01:29:15] 334 SubAreas catched
[01:29:22] 11260 DofusMaps catched
[01:29:23] 9761 StatedElements catched
[01:29:23] 13349 InteractiveElements catched
[01:29:23] 1485 HouseInformations catched
[01:29:23] 556 InteractiveDoors catched
[01:29:23] 3614 MapPositions uncatched
[01:29:23] 14681 MapPositions catched
[01:29:23] 42 MapZaaps catched
[01:29:23] 79 MapSubways catched
[01:29:23] 15228 SpellLevels catched 
[01:29:23] 4772 Spells catched 
[01:29:23] 316 GuildEmblems catched 
[01:29:23] 1179 LearnableSpells catched 
[01:29:23] 9780 ItemTemplates catched 
[01:29:24] 4489 Weapons catched 
[01:29:24] 363 ItemSets catched 
[01:29:24] 171 ItemTypes catched 
[01:29:24] 110 ItemPets catched 
[01:29:24] 2476 NpcTemplates catched 
[01:29:24] 787 NpcSpawns catched 
[01:29:24] 94 NpcItems catched 
[01:29:24] 19801 NpcMessages catched 
[01:29:24] 7 NpcReplies catched 
[01:29:24] 353 Triggers catched
[01:29:24] 1277 Paddocks catched
[01:29:24] 72 Mounts catched
[01:29:25] 4 Guild catched
[01:29:25] 3 GuildMembers catched
[01:29:25] 122 Handlers Readed
[01:29:25] 166 Messages Readed
[01:29:26] WorldServer start in 12949 ms.
[01:33:09] MySQL Database Connected
[01:33:09] 16 Breeds catched
[01:33:09] 256 Heads catched
[01:33:09] 561 Effects catched
[01:33:09] 4 SuperAreas catched
[01:33:09] 48 Areas catched
[01:33:11] 334 SubAreas catched
[01:33:18] 11260 DofusMaps catched
[01:33:18] 9761 StatedElements catched
[01:33:18] 13349 InteractiveElements catched
[01:33:18] 1485 HouseInformations catched
[01:33:18] 556 InteractiveDoors catched
[01:33:18] 3614 MapPositions uncatched
[01:33:18] 14681 MapPositions catched
[01:33:18] 42 MapZaaps catched
[01:33:18] 79 MapSubways catched
[01:33:19] 15228 SpellLevels catched 
[01:33:19] 4772 Spells catched 
[01:33:19] 316 GuildEmblems catched 
[01:33:19] 1179 LearnableSpells catched 
[01:33:19] 9780 ItemTemplates catched 
[01:33:19] 4489 Weapons catched 
[01:33:19] 363 ItemSets catched 
[01:33:19] 171 ItemTypes catched 
[01:33:19] 110 ItemPets catched 
[01:33:20] 2476 NpcTemplates catched 
[01:33:20] 787 NpcSpawns catched 
[01:33:20] 94 NpcItems catched 
[01:33:20] 19801 NpcMessages catched 
[01:33:20] 7 NpcReplies catched 
[01:33:20] 353 Triggers catched
[01:33:20] 1277 Paddocks catched
[01:33:20] 72 Mounts catched
[01:33:20] 4 Guild catched
[01:33:20] 3 GuildMembers catched
[01:33:21] 122 Handlers Readed
[01:33:21] 166 Messages Readed
[01:33:21] WorldServer start in 12883 ms.
[01:39:17] MySQL Database Connected
[01:39:17] 16 Breeds catched
[01:39:17] 256 Heads catched
[01:39:17] 561 Effects catched
[01:39:17] 4 SuperAreas catched
[01:39:17] 48 Areas catched
[01:39:18] 334 SubAreas catched
[01:39:26] 11260 DofusMaps catched
[01:39:26] 9761 StatedElements catched
[01:39:27] 13349 InteractiveElements catched
[01:39:27] 1485 HouseInformations catched
[01:39:27] 556 InteractiveDoors catched
[01:39:27] 3614 MapPositions uncatched
[01:39:27] 14681 MapPositions catched
[01:39:27] 42 MapZaaps catched
[01:39:27] 79 MapSubways catched
[01:39:27] 15228 SpellLevels catched 
[01:39:27] 4772 Spells catched 
[01:39:27] 316 GuildEmblems catched 
[01:39:27] 1179 LearnableSpells catched 
[01:39:27] 9780 ItemTemplates catched 
[01:39:27] 4489 Weapons catched 
[01:39:27] 363 ItemSets catched 
[01:39:27] 171 ItemTypes catched 
[01:39:28] 110 ItemPets catched 
[01:39:28] 2476 NpcTemplates catched 
[01:39:28] 787 NpcSpawns catched 
[01:39:28] 94 NpcItems catched 
[01:39:28] 19801 NpcMessages catched 
[01:39:28] 7 NpcReplies catched 
[01:39:28] 353 Triggers catched
[01:39:28] 1277 Paddocks catched
[01:39:28] 72 Mounts catched
[01:39:28] 4 Guild catched
[01:39:28] 3 GuildMembers catched
[01:39:29] 122 Handlers Readed
[01:39:29] 166 Messages Readed
[01:39:30] WorldServer start in 12977 ms.
[01:41:37] MySQL Database Connected
[01:41:37] 16 Breeds catched
[01:41:37] 256 Heads catched
[01:41:37] 561 Effects catched
[01:41:38] 4 SuperAreas catched
[01:41:38] 48 Areas catched
[01:41:39] 334 SubAreas catched
[01:41:46] 11260 DofusMaps catched
[01:41:46] 9761 StatedElements catched
[01:41:46] 13349 InteractiveElements catched
[01:41:46] 1485 HouseInformations catched
[01:41:46] 556 InteractiveDoors catched
[01:41:46] 3614 MapPositions uncatched
[01:41:46] 14681 MapPositions catched
[01:41:46] 42 MapZaaps catched
[01:41:46] 79 MapSubways catched
[01:41:46] 15228 SpellLevels catched 
[01:41:46] 4772 Spells catched 
[01:41:46] 316 GuildEmblems catched 
[01:41:46] 1179 LearnableSpells catched 
[01:41:47] 9780 ItemTemplates catched 
[01:41:47] 4489 Weapons catched 
[01:41:47] 363 ItemSets catched 
[01:41:47] 171 ItemTypes catched 
[01:41:47] 110 ItemPets catched 
[01:41:47] 2476 NpcTemplates catched 
[01:41:47] 787 NpcSpawns catched 
[01:41:47] 94 NpcItems catched 
[01:41:47] 19801 NpcMessages catched 
[01:41:47] 7 NpcReplies catched 
[01:41:48] 353 Triggers catched
[01:41:48] 1277 Paddocks catched
[01:41:48] 72 Mounts catched
[01:41:48] 4 Guild catched
[01:41:48] 3 GuildMembers catched
[01:41:48] 122 Handlers Readed
[01:41:49] 166 Messages Readed
[01:41:49] WorldServer start in 11720 ms.
[01:54:11] MySQL Database Connected
[01:54:11] 16 Breeds catched
[01:54:11] 256 Heads catched
[01:54:11] 561 Effects catched
[01:54:12] 4 SuperAreas catched
[01:54:12] 48 Areas catched
[01:54:13] 334 SubAreas catched
[01:54:20] 11260 DofusMaps catched
[01:54:20] 9761 StatedElements catched
[01:54:20] 13349 InteractiveElements catched
[01:54:20] 1485 HouseInformations catched
[01:54:21] 556 InteractiveDoors catched
[01:54:21] 3614 MapPositions uncatched
[01:54:21] 14681 MapPositions catched
[01:54:21] 42 MapZaaps catched
[01:54:21] 79 MapSubways catched
[01:54:21] 15228 SpellLevels catched 
[01:54:21] 4772 Spells catched 
[01:54:21] 316 GuildEmblems catched 
[01:54:21] 1179 LearnableSpells catched 
[01:54:21] 9780 ItemTemplates catched 
[01:54:21] 4489 Weapons catched 
[01:54:21] 363 ItemSets catched 
[01:54:21] 171 ItemTypes catched 
[01:54:21] 110 ItemPets catched 
[01:54:22] 2476 NpcTemplates catched 
[01:54:22] 787 NpcSpawns catched 
[01:54:22] 94 NpcItems catched 
[01:54:22] 19801 NpcMessages catched 
[01:54:22] 7 NpcReplies catched 
[01:54:22] 353 Triggers catched
[01:54:22] 1277 Paddocks catched
[01:54:22] 72 Mounts catched
[01:54:22] 4 Guild catched
[01:54:22] 3 GuildMembers catched
[01:54:23] 122 Handlers Readed
[01:54:23] 166 Messages Readed
[01:54:23] WorldServer start in 12113 ms.
[01:58:27] MySQL Database Connected
[01:58:27] 16 Breeds catched
[01:58:27] 256 Heads catched
[01:58:27] 561 Effects catched
[01:58:28] 4 SuperAreas catched
[01:58:28] 48 Areas catched
[01:58:29] 334 SubAreas catched
[01:58:36] 11260 DofusMaps catched
[01:58:36] 9761 StatedElements catched
[01:58:37] 13349 InteractiveElements catched
[01:58:37] 1485 HouseInformations catched
[01:58:37] 556 InteractiveDoors catched
[01:58:37] 3614 MapPositions uncatched
[01:58:37] 14681 MapPositions catched
[01:58:37] 42 MapZaaps catched
[01:58:37] 79 MapSubways catched
[01:58:37] 15228 SpellLevels catched 
[01:58:37] 4772 Spells catched 
[01:58:37] 316 GuildEmblems catched 
[01:58:37] 1179 LearnableSpells catched 
[01:58:37] 9780 ItemTemplates catched 
[01:58:37] 4489 Weapons catched 
[01:58:38] 363 ItemSets catched 
[01:58:38] 171 ItemTypes catched 
[01:58:38] 110 ItemPets catched 
[01:58:38] 2476 NpcTemplates catched 
[01:58:38] 787 NpcSpawns catched 
[01:58:38] 94 NpcItems catched 
[01:58:38] 19801 NpcMessages catched 
[01:58:38] 7 NpcReplies catched 
[01:58:38] 353 Triggers catched
[01:58:38] 1277 Paddocks catched
[01:58:38] 72 Mounts catched
[01:58:38] 4 Guild catched
[01:58:38] 3 GuildMembers catched
[01:58:39] 122 Handlers Readed
[01:58:39] 166 Messages Readed
[01:58:40] WorldServer start in 12585 ms.
[02:01:44] MySQL Database Connected
[02:01:44] 16 Breeds catched
[02:01:44] 256 Heads catched
[02:01:44] 561 Effects catched
[02:01:45] 4 SuperAreas catched
[02:01:45] 48 Areas catched
[02:01:46] 334 SubAreas catched
[02:01:53] 11260 DofusMaps catched
[02:01:53] 9761 StatedElements catched
[02:01:54] 13349 InteractiveElements catched
[02:01:54] 1485 HouseInformations catched
[02:01:54] 556 InteractiveDoors catched
[02:01:54] 3614 MapPositions uncatched
[02:01:54] 14681 MapPositions catched
[02:01:54] 42 MapZaaps catched
[02:01:54] 79 MapSubways catched
[02:01:54] 15228 SpellLevels catched 
[02:01:54] 4772 Spells catched 
[02:01:54] 316 GuildEmblems catched 
[02:01:54] 1179 LearnableSpells catched 
[02:01:54] 9780 ItemTemplates catched 
[02:01:55] 4489 Weapons catched 
[02:01:55] 363 ItemSets catched 
[02:01:55] 171 ItemTypes catched 
[02:01:55] 110 ItemPets catched 
[02:01:55] 2476 NpcTemplates catched 
[02:01:55] 787 NpcSpawns catched 
[02:01:55] 94 NpcItems catched 
[02:01:55] 19801 NpcMessages catched 
[02:01:55] 7 NpcReplies catched 
[02:01:55] 353 Triggers catched
[02:01:56] 1277 Paddocks catched
[02:01:56] 72 Mounts catched
[02:01:56] 4 Guild catched
[02:01:56] 3 GuildMembers catched
[02:01:56] 122 Handlers Readed
[02:01:57] 166 Messages Readed
[02:01:57] WorldServer start in 12663 ms.
[02:05:23] MySQL Database Connected
[02:05:23] 16 Breeds catched
[02:05:23] 256 Heads catched
[02:05:23] 561 Effects catched
[02:05:24] 4 SuperAreas catched
[02:05:24] 48 Areas catched
[02:05:24] 334 SubAreas catched
[02:05:32] 11260 DofusMaps catched
[02:05:32] 9761 StatedElements catched
[02:05:32] 13349 InteractiveElements catched
[02:05:32] 1485 HouseInformations catched
[02:05:32] 556 InteractiveDoors catched
[02:05:32] 3614 MapPositions uncatched
[02:05:32] 14681 MapPositions catched
[02:05:32] 42 MapZaaps catched
[02:05:32] 79 MapSubways catched
[02:05:32] 15228 SpellLevels catched 
[02:05:32] 4772 Spells catched 
[02:05:32] 316 GuildEmblems catched 
[02:05:32] 1179 LearnableSpells catched 
[02:05:33] 9780 ItemTemplates catched 
[02:05:33] 4489 Weapons catched 
[02:05:33] 363 ItemSets catched 
[02:05:33] 171 ItemTypes catched 
[02:05:33] 110 ItemPets catched 
[02:05:33] 2476 NpcTemplates catched 
[02:05:33] 787 NpcSpawns catched 
[02:05:33] 94 NpcItems catched 
[02:05:33] 19801 NpcMessages catched 
[02:05:33] 7 NpcReplies catched 
[02:05:34] 353 Triggers catched
[02:05:34] 1277 Paddocks catched
[02:05:34] 72 Mounts catched
[02:05:34] 4 Guild catched
[02:05:34] 3 GuildMembers catched
[02:05:34] 122 Handlers Readed
[02:05:35] 166 Messages Readed
[02:05:35] WorldServer start in 12040 ms.
[02:17:49] MySQL Database Connected
[02:17:49] 16 Breeds catched
[02:17:49] 256 Heads catched
[02:17:49] 561 Effects catched
[02:17:50] 4 SuperAreas catched
[02:17:50] 48 Areas catched
[02:17:50] 334 SubAreas catched
[02:17:58] 11260 DofusMaps catched
[02:17:58] 9761 StatedElements catched
[02:17:59] 13349 InteractiveElements catched
[02:17:59] 1485 HouseInformations catched
[02:17:59] 556 InteractiveDoors catched
[02:17:59] 3614 MapPositions uncatched
[02:17:59] 14681 MapPositions catched
[02:17:59] 42 MapZaaps catched
[02:17:59] 79 MapSubways catched
[02:17:59] 15228 SpellLevels catched 
[02:18:00] 4772 Spells catched 
[02:18:00] 316 GuildEmblems catched 
[02:18:00] 1179 LearnableSpells catched 
[02:18:00] 9780 ItemTemplates catched 
[02:18:00] 4489 Weapons catched 
[02:18:00] 363 ItemSets catched 
[02:18:00] 171 ItemTypes catched 
[02:18:00] 110 ItemPets catched 
[02:18:01] 2476 NpcTemplates catched 
[02:18:01] 787 NpcSpawns catched 
[02:18:01] 94 NpcItems catched 
[02:18:01] 19801 NpcMessages catched 
[02:18:01] 7 NpcReplies catched 
[02:18:01] 353 Triggers catched
[02:18:01] 1277 Paddocks catched
[02:18:01] 72 Mounts catched
[02:18:01] 4 Guild catched
[02:18:01] 3 GuildMembers catched
[02:18:01] 122 Handlers Readed
[02:18:02] 166 Messages Readed
[02:18:02] WorldServer start in 13271 ms.
[02:29:58] MySQL Database Connected
[02:29:58] 16 Breeds catched
[02:29:58] 256 Heads catched
[02:29:58] 561 Effects catched
[02:29:58] 4 SuperAreas catched
[02:29:58] 48 Areas catched
[02:29:59] 334 SubAreas catched
[02:30:08] 11260 DofusMaps catched
[02:30:08] 9761 StatedElements catched
[02:30:08] 13349 InteractiveElements catched
[02:30:08] 1485 HouseInformations catched
[02:30:08] 556 InteractiveDoors catched
[02:30:08] 3614 MapPositions uncatched
[02:30:08] 14681 MapPositions catched
[02:30:08] 42 MapZaaps catched
[02:30:08] 79 MapSubways catched
[02:30:09] 15228 SpellLevels catched 
[02:30:09] 4772 Spells catched 
[02:30:09] 316 GuildEmblems catched 
[02:30:09] 1179 LearnableSpells catched 
[02:30:09] 9780 ItemTemplates catched 
[02:30:09] 4489 Weapons catched 
[02:30:09] 363 ItemSets catched 
[02:30:09] 171 ItemTypes catched 
[02:30:09] 110 ItemPets catched 
[02:30:10] 2476 NpcTemplates catched 
[02:30:10] 787 NpcSpawns catched 
[02:30:10] 94 NpcItems catched 
[02:30:10] 19801 NpcMessages catched 
[02:30:10] 7 NpcReplies catched 
[02:30:10] 353 Triggers catched
[02:30:10] 1277 Paddocks catched
[02:30:10] 72 Mounts catched
[02:30:10] 4 Guild catched
[02:30:10] 3 GuildMembers catched
[02:30:11] 122 Handlers Readed
[02:30:11] 166 Messages Readed
[02:30:11] WorldServer start in 13612 ms.
[03:48:01] MySQL Database Connected
[03:48:01] 16 Breeds catched
[03:48:01] 256 Heads catched
[03:48:01] 561 Effects catched
[03:48:01] 4 SuperAreas catched
[03:48:01] 48 Areas catched
[03:48:02] 334 SubAreas catched
[03:48:10] 11260 DofusMaps catched
[03:48:10] 9761 StatedElements catched
[03:48:10] 13349 InteractiveElements catched
[03:48:10] 1485 HouseInformations catched
[03:48:10] 556 InteractiveDoors catched
[03:48:10] 3614 MapPositions uncatched
[03:48:10] 14681 MapPositions catched
[03:48:10] 42 MapZaaps catched
[03:48:10] 79 MapSubways catched
[03:48:10] 15228 SpellLevels catched 
[03:48:10] 4772 Spells catched 
[03:48:10] 316 GuildEmblems catched 
[03:48:10] 1179 LearnableSpells catched 
[03:48:11] 9780 ItemTemplates catched 
[03:48:11] 4489 Weapons catched 
[03:48:11] 363 ItemSets catched 
[03:48:11] 171 ItemTypes catched 
[03:48:11] 110 ItemPets catched 
[03:48:11] 2476 NpcTemplates catched 
[03:48:11] 787 NpcSpawns catched 
[03:48:11] 94 NpcItems catched 
[03:48:11] 19801 NpcMessages catched 
[03:48:11] 7 NpcReplies catched 
[03:48:12] 353 Triggers catched
[03:48:12] 1277 Paddocks catched
[03:48:12] 72 Mounts catched
[03:48:12] 4 Guild catched
[03:48:12] 3 GuildMembers catched
[03:48:12] 122 Handlers Readed
[03:48:13] 166 Messages Readed
[03:48:13] WorldServer start in 12369 ms.
[03:50:01] MySQL Database Connected
[03:50:01] 16 Breeds catched
[03:50:01] 256 Heads catched
[03:50:01] 561 Effects catched
[03:50:01] 4 SuperAreas catched
[03:50:01] 48 Areas catched
[03:50:02] 334 SubAreas catched
[03:50:09] 11260 DofusMaps catched
[03:50:09] 9761 StatedElements catched
[03:50:10] 13349 InteractiveElements catched
[03:50:10] 1485 HouseInformations catched
[03:50:10] 556 InteractiveDoors catched
[03:50:10] 3614 MapPositions uncatched
[03:50:10] 14681 MapPositions catched
[03:50:10] 42 MapZaaps catched
[03:50:10] 79 MapSubways catched
[03:50:10] 15228 SpellLevels catched 
[03:50:10] 4772 Spells catched 
[03:50:10] 316 GuildEmblems catched 
[03:50:10] 1179 LearnableSpells catched 
[03:50:10] 9780 ItemTemplates catched 
[03:50:10] 4489 Weapons catched 
[03:50:10] 363 ItemSets catched 
[03:50:10] 171 ItemTypes catched 
[03:50:11] 110 ItemPets catched 
[03:50:11] 2476 NpcTemplates catched 
[03:50:11] 787 NpcSpawns catched 
[03:50:11] 94 NpcItems catched 
[03:50:11] 19801 NpcMessages catched 
[03:50:11] 7 NpcReplies catched 
[03:50:11] 353 Triggers catched
[03:50:11] 1277 Paddocks catched
[03:50:11] 72 Mounts catched
[03:50:11] 4 Guild catched
[03:50:11] 3 GuildMembers catched
[03:50:12] 122 Handlers Readed
[03:50:12] 166 Messages Readed
[03:50:13] WorldServer start in 11994 ms.
[03:58:02] MySQL Database Connected
[03:58:02] 16 Breeds catched
[03:58:02] 256 Heads catched
[03:58:02] 561 Effects catched
[03:58:03] 4 SuperAreas catched
[03:58:03] 48 Areas catched
[03:58:04] 334 SubAreas catched
[03:58:11] 11260 DofusMaps catched
[03:58:11] 9761 StatedElements catched
[03:58:11] 13349 InteractiveElements catched
[03:58:11] 1485 HouseInformations catched
[03:58:11] 556 InteractiveDoors catched
[03:58:12] 3614 MapPositions uncatched
[03:58:12] 14681 MapPositions catched
[03:58:12] 42 MapZaaps catched
[03:58:12] 79 MapSubways catched
[03:58:12] 15228 SpellLevels catched 
[03:58:12] 4772 Spells catched 
[03:58:12] 316 GuildEmblems catched 
[03:58:12] 1179 LearnableSpells catched 
[03:58:12] 9780 ItemTemplates catched 
[03:58:12] 4489 Weapons catched 
[03:58:12] 363 ItemSets catched 
[03:58:12] 171 ItemTypes catched 
[03:58:12] 110 ItemPets catched 
[03:58:13] 2476 NpcTemplates catched 
[03:58:13] 787 NpcSpawns catched 
[03:58:13] 94 NpcItems catched 
[03:58:13] 19801 NpcMessages catched 
[03:58:13] 7 NpcReplies catched 
[03:58:13] 353 Triggers catched
[03:58:13] 1277 Paddocks catched
[03:58:13] 72 Mounts catched
[03:58:13] 4 Guild catched
[03:58:13] 3 GuildMembers catched
[03:58:14] 122 Handlers Readed
[03:58:14] 166 Messages Readed
[03:58:14] WorldServer start in 12610 ms.
[04:07:10] MySQL Database Connected
[04:07:10] 16 Breeds catched
[04:07:10] 256 Heads catched
[04:07:10] 561 Effects catched
[04:07:10] 4 SuperAreas catched
[04:07:10] 48 Areas catched
[04:07:11] 334 SubAreas catched
[04:07:21] 11260 DofusMaps catched
[04:07:21] 9761 StatedElements catched
[04:07:21] 13349 InteractiveElements catched
[04:07:21] 1485 HouseInformations catched
[04:07:21] 556 InteractiveDoors catched
[04:07:21] 3614 MapPositions uncatched
[04:07:21] 14681 MapPositions catched
[04:07:21] 42 MapZaaps catched
[04:07:21] 79 MapSubways catched
[04:07:22] 15228 SpellLevels catched 
[04:07:22] 4772 Spells catched 
[04:07:22] 316 GuildEmblems catched 
[04:07:22] 1179 LearnableSpells catched 
[04:07:22] 9780 ItemTemplates catched 
[04:07:22] 4489 Weapons catched 
[04:07:22] 363 ItemSets catched 
[04:07:22] 171 ItemTypes catched 
[04:07:22] 110 ItemPets catched 
[04:07:23] 2476 NpcTemplates catched 
[04:07:23] 787 NpcSpawns catched 
[04:07:23] 94 NpcItems catched 
[04:07:23] 19801 NpcMessages catched 
[04:07:23] 7 NpcReplies catched 
[04:07:23] 353 Triggers catched
[04:07:23] 1277 Paddocks catched
[04:07:23] 72 Mounts catched
[04:07:23] 4 Guild catched
[04:07:23] 3 GuildMembers catched
[04:07:24] 122 Handlers Readed
[04:07:24] 166 Messages Readed
[04:07:24] WorldServer start in 14752 ms.
[04:11:25] MySQL Database Connected
[04:11:25] 16 Breeds catched
[04:11:25] 256 Heads catched
[04:11:25] 561 Effects catched
[04:11:25] 4 SuperAreas catched
[04:11:25] 48 Areas catched
[04:11:26] 334 SubAreas catched
[04:11:34] 11260 DofusMaps catched
[04:11:34] 9761 StatedElements catched
[04:11:34] 13349 InteractiveElements catched
[04:11:34] 1485 HouseInformations catched
[04:11:34] 556 InteractiveDoors catched
[04:11:34] 3614 MapPositions uncatched
[04:11:34] 14681 MapPositions catched
[04:11:34] 42 MapZaaps catched
[04:11:34] 79 MapSubways catched
[04:11:35] 15228 SpellLevels catched 
[04:11:35] 4772 Spells catched 
[04:11:35] 316 GuildEmblems catched 
[04:11:35] 1179 LearnableSpells catched 
[04:11:35] 9780 ItemTemplates catched 
[04:11:35] 4489 Weapons catched 
[04:11:35] 363 ItemSets catched 
[04:11:35] 171 ItemTypes catched 
[04:11:35] 110 ItemPets catched 
[04:11:36] 2476 NpcTemplates catched 
[04:11:36] 787 NpcSpawns catched 
[04:11:36] 94 NpcItems catched 
[04:11:36] 19801 NpcMessages catched 
[04:11:36] 7 NpcReplies catched 
[04:11:36] 353 Triggers catched
[04:11:36] 1277 Paddocks catched
[04:11:36] 72 Mounts catched
[04:11:36] 4 Guild catched
[04:11:36] 3 GuildMembers catched
[04:11:37] 122 Handlers Readed
[04:11:37] 166 Messages Readed
[04:11:37] WorldServer start in 12587 ms.
[04:17:03] MySQL Database Connected
[04:17:03] 16 Breeds catched
[04:17:03] 256 Heads catched
[04:17:03] 561 Effects catched
[04:17:03] 4 SuperAreas catched
[04:17:03] 48 Areas catched
[04:17:04] 334 SubAreas catched
[04:17:12] 11260 DofusMaps catched
[04:17:12] 9761 StatedElements catched
[04:17:12] 13349 InteractiveElements catched
[04:17:12] 1485 HouseInformations catched
[04:17:12] 556 InteractiveDoors catched
[04:17:12] 3614 MapPositions uncatched
[04:17:12] 14681 MapPositions catched
[04:17:12] 42 MapZaaps catched
[04:17:12] 79 MapSubways catched
[04:17:12] 15228 SpellLevels catched 
[04:17:12] 4772 Spells catched 
[04:17:12] 316 GuildEmblems catched 
[04:17:12] 1179 LearnableSpells catched 
[04:17:13] 9780 ItemTemplates catched 
[04:17:13] 4489 Weapons catched 
[04:17:13] 363 ItemSets catched 
[04:17:13] 171 ItemTypes catched 
[04:17:13] 110 ItemPets catched 
[04:17:13] 2476 NpcTemplates catched 
[04:17:13] 787 NpcSpawns catched 
[04:17:13] 94 NpcItems catched 
[04:17:13] 19801 NpcMessages catched 
[04:17:13] 7 NpcReplies catched 
[04:17:13] 353 Triggers catched
[04:17:14] 1277 Paddocks catched
[04:17:14] 72 Mounts catched
[04:17:14] 4 Guild catched
[04:17:14] 3 GuildMembers catched
[04:17:14] 122 Handlers Readed
[04:17:14] 166 Messages Readed
[04:17:15] WorldServer start in 12208 ms.
[04:18:55] MySQL Database Connected
[04:18:55] 16 Breeds catched
[04:18:55] 256 Heads catched
[04:18:55] 561 Effects catched
[04:18:56] 4 SuperAreas catched
[04:18:56] 48 Areas catched
[04:18:57] 334 SubAreas catched
[04:19:04] 11260 DofusMaps catched
[04:19:04] 9761 StatedElements catched
[04:19:04] 13349 InteractiveElements catched
[04:19:04] 1485 HouseInformations catched
[04:19:04] 556 InteractiveDoors catched
[04:19:04] 3614 MapPositions uncatched
[04:19:04] 14681 MapPositions catched
[04:19:04] 42 MapZaaps catched
[04:19:04] 79 MapSubways catched
[04:19:05] 15228 SpellLevels catched 
[04:19:05] 4772 Spells catched 
[04:19:05] 316 GuildEmblems catched 
[04:19:05] 1179 LearnableSpells catched 
[04:19:05] 9780 ItemTemplates catched 
[04:19:05] 4489 Weapons catched 
[04:19:05] 363 ItemSets catched 
[04:19:05] 171 ItemTypes catched 
[04:19:05] 110 ItemPets catched 
[04:19:06] 2476 NpcTemplates catched 
[04:19:06] 787 NpcSpawns catched 
[04:19:06] 94 NpcItems catched 
[04:19:06] 19801 NpcMessages catched 
[04:19:06] 7 NpcReplies catched 
[04:19:06] 353 Triggers catched
[04:19:06] 1277 Paddocks catched
[04:19:06] 72 Mounts catched
[04:19:06] 4 Guild catched
[04:19:06] 3 GuildMembers catched
[04:19:06] 122 Handlers Readed
[04:19:07] 166 Messages Readed
[04:19:07] WorldServer start in 12135 ms.
[04:35:18] MySQL Database Connected
[04:35:18] 16 Breeds catched
[04:35:18] 256 Heads catched
[04:35:18] 561 Effects catched
[04:35:19] 4 SuperAreas catched
[04:35:19] 48 Areas catched
[04:35:20] 334 SubAreas catched
[04:35:27] 11260 DofusMaps catched
[04:35:27] 9761 StatedElements catched
[04:35:27] 13349 InteractiveElements catched
[04:35:27] 1485 HouseInformations catched
[04:35:27] 556 InteractiveDoors catched
[04:35:27] 3614 MapPositions uncatched
[04:35:27] 14681 MapPositions catched
[04:35:27] 42 MapZaaps catched
[04:35:27] 79 MapSubways catched
[04:35:28] 15228 SpellLevels catched 
[04:35:28] 4772 Spells catched 
[04:35:28] 316 GuildEmblems catched 
[04:35:28] 1179 LearnableSpells catched 
[04:35:28] 9780 ItemTemplates catched 
[04:35:28] 4489 Weapons catched 
[04:35:28] 363 ItemSets catched 
[04:35:28] 171 ItemTypes catched 
[04:35:28] 110 ItemPets catched 
[04:35:29] 2476 NpcTemplates catched 
[04:35:29] 787 NpcSpawns catched 
[04:35:29] 94 NpcItems catched 
[04:35:29] 19801 NpcMessages catched 
[04:35:29] 7 NpcReplies catched 
[04:35:29] 353 Triggers catched
[04:35:29] 1277 Paddocks catched
[04:35:29] 72 Mounts catched
[04:35:29] 4 Guild catched
[04:35:29] 3 GuildMembers catched
[04:35:30] 122 Handlers Readed
[04:35:30] 166 Messages Readed
[04:35:30] WorldServer start in 12293 ms.
[08:29:17] MySQL Database Connected
[08:29:17] 16 Breeds catched
[08:29:17] 256 Heads catched
[08:29:17] 561 Effects catched
[08:29:17] 4 SuperAreas catched
[08:29:17] 48 Areas catched
[08:29:18] 334 SubAreas catched
[08:29:27] 11260 DofusMaps catched
[08:29:27] 9761 StatedElements catched
[08:29:27] 13349 InteractiveElements catched
[08:29:27] 1485 HouseInformations catched
[08:29:27] 556 InteractiveDoors catched
[08:29:27] 3614 MapPositions uncatched
[08:29:27] 14681 MapPositions catched
[08:29:27] 42 MapZaaps catched
[08:29:27] 79 MapSubways catched
[08:29:28] 15228 SpellLevels catched 
[08:29:28] 4772 Spells catched 
[08:29:28] 316 GuildEmblems catched 
[08:29:28] 1179 LearnableSpells catched 
[08:29:28] 9780 ItemTemplates catched 
[08:29:28] 4489 Weapons catched 
[08:29:29] 363 ItemSets catched 
[08:29:29] 171 ItemTypes catched 
[08:29:29] 110 ItemPets catched 
[08:29:29] 2476 NpcTemplates catched 
[08:29:29] 787 NpcSpawns catched 
[08:29:29] 94 NpcItems catched 
[08:29:29] 19801 NpcMessages catched 
[08:29:29] 7 NpcReplies catched 
[08:29:30] 353 Triggers catched
[08:29:30] 1277 Paddocks catched
[08:29:30] 72 Mounts catched
[08:29:30] 4 Guild catched
[08:29:30] 3 GuildMembers catched
[08:29:31] 122 Handlers Readed
[08:29:32] 166 Messages Readed
[08:29:32] WorldServer start in 15458 ms.
[08:45:00] MySQL Database Connected
[08:45:00] 16 Breeds catched
[08:45:00] 256 Heads catched
[08:45:00] 561 Effects catched
[08:45:01] 4 SuperAreas catched
[08:45:01] 48 Areas catched
[08:45:02] 334 SubAreas catched
[08:45:09] 11260 DofusMaps catched
[08:45:09] 9761 StatedElements catched
[08:45:09] 13349 InteractiveElements catched
[08:45:09] 1485 HouseInformations catched
[08:45:09] 556 InteractiveDoors catched
[08:45:09] 3614 MapPositions uncatched
[08:45:09] 14681 MapPositions catched
[08:45:09] 42 MapZaaps catched
[08:45:09] 79 MapSubways catched
[08:45:09] 15228 SpellLevels catched 
[08:45:09] 4772 Spells catched 
[08:45:09] 316 GuildEmblems catched 
[08:45:09] 1179 LearnableSpells catched 
[08:45:10] 9780 ItemTemplates catched 
[08:45:10] 4489 Weapons catched 
[08:45:10] 363 ItemSets catched 
[08:45:10] 171 ItemTypes catched 
[08:45:10] 110 ItemPets catched 
[08:45:10] 2476 NpcTemplates catched 
[08:45:10] 787 NpcSpawns catched 
[08:45:10] 94 NpcItems catched 
[08:45:10] 19801 NpcMessages catched 
[08:45:10] 7 NpcReplies catched 
[08:45:11] 353 Triggers catched
[08:45:11] 1277 Paddocks catched
[08:45:11] 72 Mounts catched
[08:45:11] 4 Guild catched
[08:45:11] 3 GuildMembers catched
[08:45:11] 122 Handlers Readed
[08:45:12] 166 Messages Readed
[08:45:12] WorldServer start in 12103 ms.
[08:52:52] MySQL Database Connected
[08:52:52] 16 Breeds catched
[08:52:52] 256 Heads catched
[08:52:52] 561 Effects catched
[08:52:53] 4 SuperAreas catched
[08:52:53] 48 Areas catched
[08:52:54] 334 SubAreas catched
[08:53:01] 11260 DofusMaps catched
[08:53:01] 9761 StatedElements catched
[08:53:02] 13349 InteractiveElements catched
[08:53:02] 1485 HouseInformations catched
[08:53:02] 556 InteractiveDoors catched
[08:53:02] 3614 MapPositions uncatched
[08:53:02] 14681 MapPositions catched
[08:53:02] 42 MapZaaps catched
[08:53:02] 79 MapSubways catched
[08:53:02] 15228 SpellLevels catched 
[08:53:02] 4772 Spells catched 
[08:53:02] 316 GuildEmblems catched 
[08:53:02] 1179 LearnableSpells catched 
[08:53:02] 9780 ItemTemplates catched 
[08:53:02] 4489 Weapons catched 
[08:53:02] 363 ItemSets catched 
[08:53:02] 171 ItemTypes catched 
[08:53:02] 110 ItemPets catched 
[08:53:03] 2476 NpcTemplates catched 
[08:53:03] 787 NpcSpawns catched 
[08:53:03] 94 NpcItems catched 
[08:53:03] 19801 NpcMessages catched 
[08:53:03] 7 NpcReplies catched 
[08:53:03] 353 Triggers catched
[08:53:03] 1277 Paddocks catched
[08:53:03] 72 Mounts catched
[08:53:03] 4 Guild catched
[08:53:03] 3 GuildMembers catched
[08:53:04] 122 Handlers Readed
[08:53:04] 166 Messages Readed
[08:53:04] WorldServer start in 12394 ms.
[08:55:41] MySQL Database Connected
[08:55:41] 16 Breeds catched
[08:55:41] 256 Heads catched
[08:55:41] 561 Effects catched
[08:55:42] 4 SuperAreas catched
[08:55:42] 48 Areas catched
[08:55:43] 334 SubAreas catched
[08:55:50] 11260 DofusMaps catched
[08:55:50] 9761 StatedElements catched
[08:55:50] 13349 InteractiveElements catched
[08:55:50] 1485 HouseInformations catched
[08:55:50] 556 InteractiveDoors catched
[08:55:50] 3614 MapPositions uncatched
[08:55:50] 14681 MapPositions catched
[08:55:50] 42 MapZaaps catched
[08:55:50] 79 MapSubways catched
[08:55:51] 15228 SpellLevels catched 
[08:55:51] 4772 Spells catched 
[08:55:51] 316 GuildEmblems catched 
[08:55:51] 1179 LearnableSpells catched 
[08:55:51] 9780 ItemTemplates catched 
[08:55:51] 4489 Weapons catched 
[08:55:51] 363 ItemSets catched 
[08:55:51] 171 ItemTypes catched 
[08:55:51] 110 ItemPets catched 
[08:55:52] 2476 NpcTemplates catched 
[08:55:52] 787 NpcSpawns catched 
[08:55:52] 94 NpcItems catched 
[08:55:52] 19801 NpcMessages catched 
[08:55:52] 7 NpcReplies catched 
[08:55:52] 353 Triggers catched
[08:55:52] 1277 Paddocks catched
[08:55:52] 72 Mounts catched
[08:55:52] 4 Guild catched
[08:55:52] 3 GuildMembers catched
[08:55:52] 122 Handlers Readed
[08:55:53] 166 Messages Readed
[08:55:53] WorldServer start in 12013 ms.
[08:57:36] MySQL Database Connected
[08:57:36] 16 Breeds catched
[08:57:36] 256 Heads catched
[08:57:36] 561 Effects catched
[08:57:36] 4 SuperAreas catched
[08:57:37] 48 Areas catched
[08:57:37] 334 SubAreas catched
[08:57:45] 11260 DofusMaps catched
[08:57:45] 9761 StatedElements catched
[08:57:45] 13349 InteractiveElements catched
[08:57:45] 1485 HouseInformations catched
[08:57:45] 556 InteractiveDoors catched
[08:57:45] 3614 MapPositions uncatched
[08:57:45] 14681 MapPositions catched
[08:57:45] 42 MapZaaps catched
[08:57:45] 79 MapSubways catched
[08:57:46] 15228 SpellLevels catched 
[08:57:46] 4772 Spells catched 
[08:57:46] 316 GuildEmblems catched 
[08:57:46] 1179 LearnableSpells catched 
[08:57:46] 9780 ItemTemplates catched 
[08:57:46] 4489 Weapons catched 
[08:57:46] 363 ItemSets catched 
[08:57:46] 171 ItemTypes catched 
[08:57:46] 110 ItemPets catched 
[08:57:47] 2476 NpcTemplates catched 
[08:57:47] 787 NpcSpawns catched 
[08:57:47] 94 NpcItems catched 
[08:57:47] 19801 NpcMessages catched 
[08:57:47] 7 NpcReplies catched 
[08:57:47] 353 Triggers catched
[08:57:47] 1277 Paddocks catched
[08:57:47] 72 Mounts catched
[08:57:47] 4 Guild catched
[08:57:47] 3 GuildMembers catched
[08:57:48] 122 Handlers Readed
[08:57:48] 166 Messages Readed
[08:57:48] WorldServer start in 12288 ms.
[09:24:04] MySQL Database Connected
[09:24:05] 16 Breeds catched
[09:24:05] 256 Heads catched
[09:24:05] 561 Effects catched
[09:24:05] 4 SuperAreas catched
[09:24:05] 48 Areas catched
[09:24:06] 334 SubAreas catched
[09:24:18] MySQL Database Connected
[09:24:18] 16 Breeds catched
[09:24:18] 256 Heads catched
[09:24:18] 561 Effects catched
[09:24:19] 4 SuperAreas catched
[09:24:19] 48 Areas catched
[09:24:20] 334 SubAreas catched
[09:24:27] 11260 DofusMaps catched
[09:24:27] 9761 StatedElements catched
[09:24:27] 13349 InteractiveElements catched
[09:24:27] 1485 HouseInformations catched
[09:24:27] 556 InteractiveDoors catched
[09:24:28] 3614 MapPositions uncatched
[09:24:28] 14681 MapPositions catched
[09:24:28] 42 MapZaaps catched
[09:24:28] 79 MapSubways catched
[09:24:28] 15228 SpellLevels catched 
[09:24:28] 4772 Spells catched 
[09:24:28] 316 GuildEmblems catched 
[09:24:28] 1179 LearnableSpells catched 
[09:24:28] 9780 ItemTemplates catched 
[09:24:28] 4489 Weapons catched 
[09:24:28] 363 ItemSets catched 
[09:24:28] 171 ItemTypes catched 
[09:24:28] 110 ItemPets catched 
[09:24:29] 2476 NpcTemplates catched 
[09:24:29] 787 NpcSpawns catched 
[09:24:29] 94 NpcItems catched 
[09:24:29] 19801 NpcMessages catched 
[09:24:29] 7 NpcReplies catched 
[09:24:29] 353 Triggers catched
[09:24:29] 1277 Paddocks catched
[09:24:29] 72 Mounts catched
[09:24:29] 4 Guild catched
[09:24:29] 3 GuildMembers catched
[09:24:30] 122 Handlers Readed
[09:24:30] 166 Messages Readed
[09:24:30] WorldServer start in 12452 ms.
[09:31:33] MySQL Database Connected
[09:31:33] 16 Breeds catched
[09:31:33] 256 Heads catched
[09:31:33] 561 Effects catched
[09:31:33] 4 SuperAreas catched
[09:31:33] 48 Areas catched
[09:31:34] 334 SubAreas catched
[09:31:41] 11260 DofusMaps catched
[09:31:42] 9761 StatedElements catched
[09:31:42] 13349 InteractiveElements catched
[09:31:42] 1485 HouseInformations catched
[09:31:42] 556 InteractiveDoors catched
[09:31:42] 3614 MapPositions uncatched
[09:31:42] 14681 MapPositions catched
[09:31:42] 42 MapZaaps catched
[09:31:42] 79 MapSubways catched
[09:31:42] 15228 SpellLevels catched 
[09:31:42] 4772 Spells catched 
[09:31:42] 316 GuildEmblems catched 
[09:31:42] 1179 LearnableSpells catched 
[09:31:42] 9780 ItemTemplates catched 
[09:31:43] 4489 Weapons catched 
[09:31:43] 363 ItemSets catched 
[09:31:43] 171 ItemTypes catched 
[09:31:43] 110 ItemPets catched 
[09:31:43] 2476 NpcTemplates catched 
[09:31:43] 787 NpcSpawns catched 
[09:31:43] 94 NpcItems catched 
[09:31:43] 19801 NpcMessages catched 
[09:31:43] 7 NpcReplies catched 
[09:31:43] 353 Triggers catched
[09:31:44] 1277 Paddocks catched
[09:31:44] 72 Mounts catched
[09:31:44] 4 Guild catched
[09:31:44] 3 GuildMembers catched
[09:31:44] 122 Handlers Readed
[09:31:45] 166 Messages Readed
[09:31:45] WorldServer start in 12180 ms.
[09:40:08] MySQL Database Connected
[09:40:08] 16 Breeds catched
[09:40:08] 256 Heads catched
[09:40:08] 561 Effects catched
[09:40:09] 4 SuperAreas catched
[09:40:09] 48 Areas catched
[09:40:10] 334 SubAreas catched
[09:40:18] 11260 DofusMaps catched
[09:40:18] 9761 StatedElements catched
[09:40:18] 13349 InteractiveElements catched
[09:40:18] 1485 HouseInformations catched
[09:40:18] 556 InteractiveDoors catched
[09:40:18] 3614 MapPositions uncatched
[09:40:18] 14681 MapPositions catched
[09:40:18] 42 MapZaaps catched
[09:40:18] 79 MapSubways catched
[09:40:18] 15228 SpellLevels catched 
[09:40:19] 4772 Spells catched 
[09:40:19] 316 GuildEmblems catched 
[09:40:19] 1179 LearnableSpells catched 
[09:40:19] 9780 ItemTemplates catched 
[09:40:19] 4489 Weapons catched 
[09:40:19] 363 ItemSets catched 
[09:40:19] 171 ItemTypes catched 
[09:40:19] 110 ItemPets catched 
[09:40:19] 2476 NpcTemplates catched 
[09:40:19] 787 NpcSpawns catched 
[09:40:19] 94 NpcItems catched 
[09:40:20] 19801 NpcMessages catched 
[09:40:20] 7 NpcReplies catched 
[09:40:20] 353 Triggers catched
[09:40:20] 1277 Paddocks catched
[09:40:20] 72 Mounts catched
[09:40:20] 4 Guild catched
[09:40:20] 3 GuildMembers catched
[09:40:20] 122 Handlers Readed
[09:40:21] 166 Messages Readed
[09:40:21] WorldServer start in 13015 ms.
[09:49:01] MySQL Database Connected
[09:49:01] 16 Breeds catched
[09:49:01] 256 Heads catched
[09:49:01] 561 Effects catched
[09:49:02] 4 SuperAreas catched
[09:49:02] 48 Areas catched
[09:49:03] 334 SubAreas catched
[09:49:11] 11260 DofusMaps catched
[09:49:11] 9761 StatedElements catched
[09:49:11] 13349 InteractiveElements catched
[09:49:11] 1485 HouseInformations catched
[09:49:11] 556 InteractiveDoors catched
[09:49:11] 3614 MapPositions uncatched
[09:49:11] 14681 MapPositions catched
[09:49:11] 42 MapZaaps catched
[09:49:11] 79 MapSubways catched
[09:49:11] 15228 SpellLevels catched 
[09:49:12] 4772 Spells catched 
[09:49:12] 316 GuildEmblems catched 
[09:49:12] 1179 LearnableSpells catched 
[09:49:12] 9780 ItemTemplates catched 
[09:49:12] 4489 Weapons catched 
[09:49:12] 363 ItemSets catched 
[09:49:12] 171 ItemTypes catched 
[09:49:12] 110 ItemPets catched 
[09:49:13] 2476 NpcTemplates catched 
[09:49:13] 787 NpcSpawns catched 
[09:49:13] 94 NpcItems catched 
[09:49:13] 19801 NpcMessages catched 
[09:49:13] 7 NpcReplies catched 
[09:49:13] 353 Triggers catched
[09:49:13] 1277 Paddocks catched
[09:49:13] 72 Mounts catched
[09:49:13] 4 Guild catched
[09:49:13] 3 GuildMembers catched
[09:49:13] 122 Handlers Readed
[09:49:14] 166 Messages Readed
[09:49:14] WorldServer start in 12962 ms.
[10:11:11] MySQL Database Connected
[10:11:11] 16 Breeds catched
[10:11:11] 256 Heads catched
[10:11:11] 561 Effects catched
[10:11:12] 4 SuperAreas catched
[10:11:12] 48 Areas catched
[10:11:13] 334 SubAreas catched
[10:11:20] 11260 DofusMaps catched
[10:11:20] 9761 StatedElements catched
[10:11:20] 13349 InteractiveElements catched
[10:11:21] 1485 HouseInformations catched
[10:11:21] 556 InteractiveDoors catched
[10:11:21] 3614 MapPositions uncatched
[10:11:21] 14681 MapPositions catched
[10:11:21] 42 MapZaaps catched
[10:11:21] 79 MapSubways catched
[10:11:21] 15228 SpellLevels catched 
[10:11:21] 4772 Spells catched 
[10:11:21] 316 GuildEmblems catched 
[10:11:21] 1179 LearnableSpells catched 
[10:11:21] 9780 ItemTemplates catched 
[10:11:21] 4489 Weapons catched 
[10:11:21] 363 ItemSets catched 
[10:11:21] 171 ItemTypes catched 
[10:11:21] 110 ItemPets catched 
[10:11:22] 2476 NpcTemplates catched 
[10:11:22] 787 NpcSpawns catched 
[10:11:22] 94 NpcItems catched 
[10:11:22] 19801 NpcMessages catched 
[10:11:22] 7 NpcReplies catched 
[10:11:22] 353 Triggers catched
[10:11:22] 1277 Paddocks catched
[10:11:22] 72 Mounts catched
[10:11:22] 4 Guild catched
[10:11:22] 3 GuildMembers catched
[10:11:23] 122 Handlers Readed
[10:11:23] 166 Messages Readed
[10:11:23] WorldServer start in 12391 ms.
[10:29:38] MySQL Database Connected
[10:29:38] 16 Breeds catched
[10:29:38] 256 Heads catched
[10:29:38] 561 Effects catched
[10:29:38] 4 SuperAreas catched
[10:29:38] 48 Areas catched
[10:29:39] 334 SubAreas catched
[10:29:50] 11260 DofusMaps catched
[10:29:50] 9761 StatedElements catched
[10:29:50] 13349 InteractiveElements catched
[10:29:50] 1485 HouseInformations catched
[10:29:50] 556 InteractiveDoors catched
[10:29:50] 3614 MapPositions uncatched
[10:29:50] 14681 MapPositions catched
[10:29:50] 42 MapZaaps catched
[10:29:50] 79 MapSubways catched
[10:29:50] 15228 SpellLevels catched 
[10:29:50] 4772 Spells catched 
[10:29:50] 316 GuildEmblems catched 
[10:29:50] 1179 LearnableSpells catched 
[10:29:50] 9780 ItemTemplates catched 
[10:29:51] 4489 Weapons catched 
[10:29:51] 363 ItemSets catched 
[10:29:51] 171 ItemTypes catched 
[10:29:51] 110 ItemPets catched 
[10:29:51] 2476 NpcTemplates catched 
[10:29:51] 787 NpcSpawns catched 
[10:29:51] 94 NpcItems catched 
[10:29:51] 19801 NpcMessages catched 
[10:29:51] 7 NpcReplies catched 
[10:29:51] 353 Triggers catched
[10:29:51] 1277 Paddocks catched
[10:29:51] 72 Mounts catched
[10:29:51] 4 Guild catched
[10:29:51] 3 GuildMembers catched
[10:29:52] 122 Handlers Readed
[10:29:53] 166 Messages Readed
[10:29:53] WorldServer start in 15052 ms.
[10:31:47] MySQL Database Connected
[10:31:48] 16 Breeds catched
[10:31:48] 256 Heads catched
[10:31:48] 561 Effects catched
[10:31:48] 4 SuperAreas catched
[10:31:48] 48 Areas catched
[10:31:49] 334 SubAreas catched
[10:31:56] 11260 DofusMaps catched
[10:31:56] 9761 StatedElements catched
[10:31:57] 13349 InteractiveElements catched
[10:31:57] 1485 HouseInformations catched
[10:31:57] 556 InteractiveDoors catched
[10:31:57] 3614 MapPositions uncatched
[10:31:57] 14681 MapPositions catched
[10:31:57] 42 MapZaaps catched
[10:31:57] 79 MapSubways catched
[10:31:57] 15228 SpellLevels catched 
[10:31:57] 4772 Spells catched 
[10:31:57] 316 GuildEmblems catched 
[10:31:57] 1179 LearnableSpells catched 
[10:31:57] 9780 ItemTemplates catched 
[10:31:57] 4489 Weapons catched 
[10:31:57] 363 ItemSets catched 
[10:31:57] 171 ItemTypes catched 
[10:31:58] 110 ItemPets catched 
[10:31:58] 2476 NpcTemplates catched 
[10:31:58] 787 NpcSpawns catched 
[10:31:58] 94 NpcItems catched 
[10:31:58] 19801 NpcMessages catched 
[10:31:58] 7 NpcReplies catched 
[10:31:58] 353 Triggers catched
[10:31:58] 1277 Paddocks catched
[10:31:58] 72 Mounts catched
[10:31:58] 4 Guild catched
[10:31:58] 3 GuildMembers catched
[10:31:59] 122 Handlers Readed
[10:31:59] 166 Messages Readed
[10:31:59] WorldServer start in 12201 ms.
[10:40:59] MySQL Database Connected
[10:40:59] 16 Breeds catched
[10:40:59] 256 Heads catched
[10:40:59] 561 Effects catched
[10:41:00] 4 SuperAreas catched
[10:41:00] 48 Areas catched
[10:41:01] 334 SubAreas catched
[10:41:08] 11260 DofusMaps catched
[10:41:08] 9761 StatedElements catched
[10:41:08] 13349 InteractiveElements catched
[10:41:08] 1485 HouseInformations catched
[10:41:08] 556 InteractiveDoors catched
[10:41:08] 3614 MapPositions uncatched
[10:41:08] 14681 MapPositions catched
[10:41:08] 42 MapZaaps catched
[10:41:08] 79 MapSubways catched
[10:41:08] 15228 SpellLevels catched 
[10:41:08] 4772 Spells catched 
[10:41:08] 316 GuildEmblems catched 
[10:41:08] 1179 LearnableSpells catched 
[10:41:09] 9780 ItemTemplates catched 
[10:41:09] 4489 Weapons catched 
[10:41:09] 363 ItemSets catched 
[10:41:09] 171 ItemTypes catched 
[10:41:09] 110 ItemPets catched 
[10:41:09] 2476 NpcTemplates catched 
[10:41:09] 787 NpcSpawns catched 
[10:41:09] 94 NpcItems catched 
[10:41:10] 19801 NpcMessages catched 
[10:41:10] 7 NpcReplies catched 
[10:41:10] 353 Triggers catched
[10:41:10] 1277 Paddocks catched
[10:41:10] 72 Mounts catched
[10:41:10] 4 Guild catched
[10:41:10] 3 GuildMembers catched
[10:41:10] 122 Handlers Readed
[10:41:11] 166 Messages Readed
[10:41:11] WorldServer start in 12140 ms.
[10:46:44] MySQL Database Connected
[10:46:44] 16 Breeds catched
[10:46:44] 256 Heads catched
[10:46:44] 561 Effects catched
[10:46:44] 4 SuperAreas catched
[10:46:44] 48 Areas catched
[10:46:45] 334 SubAreas catched
[10:46:53] 11260 DofusMaps catched
[10:46:53] 9761 StatedElements catched
[10:46:53] 13349 InteractiveElements catched
[10:46:53] 1485 HouseInformations catched
[10:46:53] 556 InteractiveDoors catched
[10:46:53] 3614 MapPositions uncatched
[10:46:53] 14681 MapPositions catched
[10:46:53] 42 MapZaaps catched
[10:46:53] 79 MapSubways catched
[10:46:53] 15228 SpellLevels catched 
[10:46:53] 4772 Spells catched 
[10:46:53] 316 GuildEmblems catched 
[10:46:53] 1179 LearnableSpells catched 
[10:46:54] 9780 ItemTemplates catched 
[10:46:54] 4489 Weapons catched 
[10:46:54] 363 ItemSets catched 
[10:46:54] 171 ItemTypes catched 
[10:46:54] 110 ItemPets catched 
[10:46:54] 2476 NpcTemplates catched 
[10:46:54] 787 NpcSpawns catched 
[10:46:54] 94 NpcItems catched 
[10:46:54] 19801 NpcMessages catched 
[10:46:54] 7 NpcReplies catched 
[10:46:55] 353 Triggers catched
[10:46:55] 1277 Paddocks catched
[10:46:55] 72 Mounts catched
[10:46:55] 4 Guild catched
[10:46:55] 3 GuildMembers catched
[10:46:55] 122 Handlers Readed
[10:46:56] 166 Messages Readed
[10:46:56] WorldServer start in 12595 ms.
[11:05:28] MySQL Database Connected
[11:05:28] 16 Breeds catched
[11:05:28] 256 Heads catched
[11:05:28] 561 Effects catched
[11:05:29] 4 SuperAreas catched
[11:05:29] 48 Areas catched
[11:05:30] 334 SubAreas catched
[11:05:37] 11260 DofusMaps catched
[11:05:38] 9761 StatedElements catched
[11:05:38] 13349 InteractiveElements catched
[11:05:38] 1485 HouseInformations catched
[11:05:38] 556 InteractiveDoors catched
[11:05:38] 3614 MapPositions uncatched
[11:05:38] 14681 MapPositions catched
[11:05:38] 42 MapZaaps catched
[11:05:38] 79 MapSubways catched
[11:05:38] 15228 SpellLevels catched 
[11:05:38] 4772 Spells catched 
[11:05:38] 316 GuildEmblems catched 
[11:05:38] 1179 LearnableSpells catched 
[11:05:38] 9780 ItemTemplates catched 
[11:05:38] 4489 Weapons catched 
[11:05:39] 363 ItemSets catched 
[11:05:39] 171 ItemTypes catched 
[11:05:39] 110 ItemPets catched 
[11:05:39] 2476 NpcTemplates catched 
[11:05:39] 787 NpcSpawns catched 
[11:05:39] 94 NpcItems catched 
[11:05:39] 19801 NpcMessages catched 
[11:05:39] 7 NpcReplies catched 
[11:05:39] 353 Triggers catched
[11:05:39] 1277 Paddocks catched
[11:05:39] 72 Mounts catched
[11:05:39] 4 Guild catched
[11:05:39] 3 GuildMembers catched
[11:05:40] 122 Handlers Readed
[11:05:40] 166 Messages Readed
[11:05:41] WorldServer start in 12729 ms.
[11:11:22] MySQL Database Connected
[11:11:22] 16 Breeds catched
[11:11:22] 256 Heads catched
[11:11:22] 561 Effects catched
[11:11:23] 4 SuperAreas catched
[11:11:23] 48 Areas catched
[11:11:24] 334 SubAreas catched
[11:11:32] 11260 DofusMaps catched
[11:11:32] 9761 StatedElements catched
[11:11:32] 13349 InteractiveElements catched
[11:11:32] 1485 HouseInformations catched
[11:11:32] 556 InteractiveDoors catched
[11:11:32] 3614 MapPositions uncatched
[11:11:32] 14681 MapPositions catched
[11:11:32] 42 MapZaaps catched
[11:11:32] 79 MapSubways catched
[11:11:32] 15228 SpellLevels catched 
[11:11:32] 4772 Spells catched 
[11:11:32] 316 GuildEmblems catched 
[11:11:32] 1179 LearnableSpells catched 
[11:11:33] 9780 ItemTemplates catched 
[11:11:33] 4489 Weapons catched 
[11:11:33] 363 ItemSets catched 
[11:11:33] 171 ItemTypes catched 
[11:11:33] 110 ItemPets catched 
[11:11:33] 2476 NpcTemplates catched 
[11:11:33] 787 NpcSpawns catched 
[11:11:33] 94 NpcItems catched 
[11:11:33] 19801 NpcMessages catched 
[11:11:33] 7 NpcReplies catched 
[11:11:34] 353 Triggers catched
[11:11:34] 1277 Paddocks catched
[11:11:34] 72 Mounts catched
[11:11:34] 4 Guild catched
[11:11:34] 3 GuildMembers catched
[11:11:34] 122 Handlers Readed
[11:11:35] 166 Messages Readed
[11:11:35] WorldServer start in 12781 ms.
[11:14:13] MySQL Database Connected
[11:14:13] 16 Breeds catched
[11:14:13] 256 Heads catched
[11:14:13] 561 Effects catched
[11:14:14] 4 SuperAreas catched
[11:14:14] 48 Areas catched
[11:14:15] 334 SubAreas catched
[11:14:22] 11260 DofusMaps catched
[11:14:22] 9761 StatedElements catched
[11:14:22] 13349 InteractiveElements catched
[11:14:22] 1485 HouseInformations catched
[11:14:22] 556 InteractiveDoors catched
[11:14:22] 3614 MapPositions uncatched
[11:14:22] 14681 MapPositions catched
[11:14:22] 42 MapZaaps catched
[11:14:22] 79 MapSubways catched
[11:14:22] 15228 SpellLevels catched 
[11:14:22] 4772 Spells catched 
[11:14:22] 316 GuildEmblems catched 
[11:14:22] 1179 LearnableSpells catched 
[11:14:23] 9780 ItemTemplates catched 
[11:14:23] 4489 Weapons catched 
[11:14:23] 363 ItemSets catched 
[11:14:23] 171 ItemTypes catched 
[11:14:23] 110 ItemPets catched 
[11:14:23] 2476 NpcTemplates catched 
[11:14:23] 787 NpcSpawns catched 
[11:14:23] 94 NpcItems catched 
[11:14:23] 19801 NpcMessages catched 
[11:14:23] 7 NpcReplies catched 
[11:14:24] 353 Triggers catched
[11:14:24] 1277 Paddocks catched
[11:14:24] 72 Mounts catched
[11:14:24] 4 Guild catched
[11:14:24] 3 GuildMembers catched
[11:14:24] 122 Handlers Readed
[11:14:25] 166 Messages Readed
[11:14:25] WorldServer start in 11957 ms.
[11:17:27] MySQL Database Connected
[11:17:27] 16 Breeds catched
[11:17:27] 256 Heads catched
[11:17:27] 561 Effects catched
[11:17:27] 4 SuperAreas catched
[11:17:27] 48 Areas catched
[11:17:28] 334 SubAreas catched
[11:17:36] 11260 DofusMaps catched
[11:17:36] 9761 StatedElements catched
[11:17:36] 13349 InteractiveElements catched
[11:17:36] 1485 HouseInformations catched
[11:17:36] 556 InteractiveDoors catched
[11:17:36] 3614 MapPositions uncatched
[11:17:36] 14681 MapPositions catched
[11:17:36] 42 MapZaaps catched
[11:17:36] 79 MapSubways catched
[11:17:36] 15228 SpellLevels catched 
[11:17:36] 4772 Spells catched 
[11:17:36] 316 GuildEmblems catched 
[11:17:36] 1179 LearnableSpells catched 
[11:17:37] 9780 ItemTemplates catched 
[11:17:37] 4489 Weapons catched 
[11:17:37] 363 ItemSets catched 
[11:17:37] 171 ItemTypes catched 
[11:17:37] 110 ItemPets catched 
[11:17:37] 2476 NpcTemplates catched 
[11:17:37] 787 NpcSpawns catched 
[11:17:37] 94 NpcItems catched 
[11:17:37] 19801 NpcMessages catched 
[11:17:37] 7 NpcReplies catched 
[11:17:38] 353 Triggers catched
[11:17:38] 1277 Paddocks catched
[11:17:38] 72 Mounts catched
[11:17:38] 4 Guild catched
[11:17:38] 3 GuildMembers catched
[11:17:38] 122 Handlers Readed
[11:17:39] 166 Messages Readed
[11:17:39] WorldServer start in 12217 ms.
[11:22:37] MySQL Database Connected
[11:22:38] 16 Breeds catched
[11:22:38] 256 Heads catched
[11:22:38] 561 Effects catched
[11:22:38] 4 SuperAreas catched
[11:22:38] 48 Areas catched
[11:22:39] 334 SubAreas catched
[11:22:46] 11260 DofusMaps catched
[11:22:46] 9761 StatedElements catched
[11:22:46] 13349 InteractiveElements catched
[11:22:46] 1485 HouseInformations catched
[11:22:46] 556 InteractiveDoors catched
[11:22:46] 3614 MapPositions uncatched
[11:22:46] 14681 MapPositions catched
[11:22:46] 42 MapZaaps catched
[11:22:46] 79 MapSubways catched
[11:22:47] 15228 SpellLevels catched 
[11:22:47] 4772 Spells catched 
[11:22:47] 316 GuildEmblems catched 
[11:22:47] 1179 LearnableSpells catched 
[11:22:47] 9780 ItemTemplates catched 
[11:22:47] 4489 Weapons catched 
[11:22:47] 363 ItemSets catched 
[11:22:47] 171 ItemTypes catched 
[11:22:47] 110 ItemPets catched 
[11:22:48] 2476 NpcTemplates catched 
[11:22:48] 787 NpcSpawns catched 
[11:22:48] 94 NpcItems catched 
[11:22:48] 19801 NpcMessages catched 
[11:22:48] 7 NpcReplies catched 
[11:22:48] 353 Triggers catched
[11:22:48] 1277 Paddocks catched
[11:22:48] 72 Mounts catched
[11:22:48] 4 Guild catched
[11:22:48] 3 GuildMembers catched
[11:22:49] 122 Handlers Readed
[11:22:49] 166 Messages Readed
[11:22:49] WorldServer start in 11962 ms.
[12:04:54] MySQL Database Connected
[12:04:54] 16 Breeds catched
[12:04:54] 256 Heads catched
[12:04:54] 561 Effects catched
[12:04:55] 4 SuperAreas catched
[12:04:55] 48 Areas catched
[12:04:56] 334 SubAreas catched
[12:05:04] 11260 DofusMaps catched
[12:05:04] 9761 StatedElements catched
[12:05:04] 13349 InteractiveElements catched
[12:05:04] 1485 HouseInformations catched
[12:05:04] 556 InteractiveDoors catched
[12:05:04] 3614 MapPositions uncatched
[12:05:04] 14681 MapPositions catched
[12:05:04] 42 MapZaaps catched
[12:05:04] 79 MapSubways catched
[12:05:04] 15228 SpellLevels catched 
[12:05:04] 4772 Spells catched 
[12:05:04] 316 GuildEmblems catched 
[12:05:04] 1179 LearnableSpells catched 
[12:05:04] 9780 ItemTemplates catched 
[12:05:05] 4489 Weapons catched 
[12:05:05] 363 ItemSets catched 
[12:05:05] 171 ItemTypes catched 
[12:05:05] 110 ItemPets catched 
[12:05:05] 2476 NpcTemplates catched 
[12:05:05] 787 NpcSpawns catched 
[12:05:05] 94 NpcItems catched 
[12:05:05] 19801 NpcMessages catched 
[12:05:05] 7 NpcReplies catched 
[12:05:06] 353 Triggers catched
[12:05:06] 1277 Paddocks catched
[12:05:06] 72 Mounts catched
[12:05:06] 4 Guild catched
[12:05:06] 3 GuildMembers catched
[12:05:06] 122 Handlers Readed
[12:05:07] 166 Messages Readed
[12:05:07] WorldServer start in 12908 ms.
[12:39:09] MySQL Database Connected
[12:39:09] 16 Breeds catched
[12:39:09] 256 Heads catched
[12:39:09] 561 Effects catched
[12:39:10] 4 SuperAreas catched
[12:39:10] 48 Areas catched
[12:39:11] 334 SubAreas catched
[12:39:18] 11260 DofusMaps catched
[12:39:18] 9761 StatedElements catched
[12:39:19] 13349 InteractiveElements catched
[12:39:19] 1485 HouseInformations catched
[12:39:19] 556 InteractiveDoors catched
[12:39:19] 3614 MapPositions uncatched
[12:39:19] 14681 MapPositions catched
[12:39:19] 42 MapZaaps catched
[12:39:19] 79 MapSubways catched
[12:39:19] 15228 SpellLevels catched 
[12:39:19] 4772 Spells catched 
[12:39:19] 316 GuildEmblems catched 
[12:39:19] 1179 LearnableSpells catched 
[12:39:19] 9780 ItemTemplates catched 
[12:39:19] 4489 Weapons catched 
[12:39:19] 363 ItemSets catched 
[12:39:19] 171 ItemTypes catched 
[12:39:19] 110 ItemPets catched 
[12:39:20] 2476 NpcTemplates catched 
[12:39:20] 787 NpcSpawns catched 
[12:39:20] 94 NpcItems catched 
[12:39:20] 19801 NpcMessages catched 
[12:39:20] 7 NpcReplies catched 
[12:39:20] 353 Triggers catched
[12:39:20] 1277 Paddocks catched
[12:39:20] 72 Mounts catched
[12:39:20] 4 Guild catched
[12:39:20] 3 GuildMembers catched
[12:39:21] 122 Handlers Readed
[12:39:21] 166 Messages Readed
[12:39:21] WorldServer start in 12297 ms.
[12:40:35] MySQL Database Connected
[12:40:35] 16 Breeds catched
[12:40:35] 256 Heads catched
[12:40:35] 561 Effects catched
[12:40:35] 4 SuperAreas catched
[12:40:35] 48 Areas catched
[12:40:36] 334 SubAreas catched
[12:40:44] 11260 DofusMaps catched
[12:40:44] 9761 StatedElements catched
[12:40:44] 13349 InteractiveElements catched
[12:40:44] 1485 HouseInformations catched
[12:40:44] 556 InteractiveDoors catched
[12:40:44] 3614 MapPositions uncatched
[12:40:44] 14681 MapPositions catched
[12:40:44] 42 MapZaaps catched
[12:40:44] 79 MapSubways catched
[12:40:44] 15228 SpellLevels catched 
[12:40:44] 4772 Spells catched 
[12:40:44] 316 GuildEmblems catched 
[12:40:44] 1179 LearnableSpells catched 
[12:40:45] 9780 ItemTemplates catched 
[12:40:45] 4489 Weapons catched 
[12:40:45] 363 ItemSets catched 
[12:40:45] 171 ItemTypes catched 
[12:40:45] 110 ItemPets catched 
[12:40:45] 2476 NpcTemplates catched 
[12:40:45] 787 NpcSpawns catched 
[12:40:45] 94 NpcItems catched 
[12:40:45] 19801 NpcMessages catched 
[12:40:45] 7 NpcReplies catched 
[12:40:46] 353 Triggers catched
[12:40:46] 1277 Paddocks catched
[12:40:46] 72 Mounts catched
[12:40:46] 4 Guild catched
[12:40:46] 3 GuildMembers catched
[12:40:46] 122 Handlers Readed
[12:40:47] 166 Messages Readed
[12:40:47] WorldServer start in 12185 ms.
[12:48:17] MySQL Database Connected
[12:48:17] 16 Breeds catched
[12:48:17] 256 Heads catched
[12:48:17] 561 Effects catched
[12:48:18] 4 SuperAreas catched
[12:48:18] 48 Areas catched
[12:48:19] 334 SubAreas catched
[12:48:27] 11260 DofusMaps catched
[12:48:27] 9761 StatedElements catched
[12:48:27] 13349 InteractiveElements catched
[12:48:27] 1485 HouseInformations catched
[12:48:27] 556 InteractiveDoors catched
[12:48:27] 3614 MapPositions uncatched
[12:48:27] 14681 MapPositions catched
[12:48:27] 42 MapZaaps catched
[12:48:27] 79 MapSubways catched
[12:48:28] 15228 SpellLevels catched 
[12:48:28] 4772 Spells catched 
[12:48:28] 316 GuildEmblems catched 
[12:48:28] 1179 LearnableSpells catched 
[12:48:28] 9780 ItemTemplates catched 
[12:48:28] 4489 Weapons catched 
[12:48:28] 363 ItemSets catched 
[12:48:28] 171 ItemTypes catched 
[12:48:28] 110 ItemPets catched 
[12:48:29] 2476 NpcTemplates catched 
[12:48:29] 787 NpcSpawns catched 
[12:48:29] 94 NpcItems catched 
[12:48:29] 19801 NpcMessages catched 
[12:48:29] 7 NpcReplies catched 
[12:48:29] 353 Triggers catched
[12:48:29] 1277 Paddocks catched
[12:48:29] 72 Mounts catched
[12:48:29] 4 Guild catched
[12:48:29] 3 GuildMembers catched
[12:48:30] 122 Handlers Readed
[12:48:30] 166 Messages Readed
[12:48:30] WorldServer start in 13505 ms.
[12:51:35] MySQL Database Connected
[12:51:36] 16 Breeds catched
[12:51:36] 256 Heads catched
[12:51:36] 561 Effects catched
[12:51:36] 4 SuperAreas catched
[12:51:36] 48 Areas catched
[12:51:37] 334 SubAreas catched
[12:51:45] 11260 DofusMaps catched
[12:51:45] 9761 StatedElements catched
[12:51:45] 13349 InteractiveElements catched
[12:51:45] 1485 HouseInformations catched
[12:51:45] 556 InteractiveDoors catched
[12:51:45] 3614 MapPositions uncatched
[12:51:45] 14681 MapPositions catched
[12:51:45] 42 MapZaaps catched
[12:51:45] 79 MapSubways catched
[12:51:45] 15228 SpellLevels catched 
[12:51:45] 4772 Spells catched 
[12:51:45] 316 GuildEmblems catched 
[12:51:45] 1179 LearnableSpells catched 
[12:51:46] 9780 ItemTemplates catched 
[12:51:46] 4489 Weapons catched 
[12:51:46] 363 ItemSets catched 
[12:51:46] 171 ItemTypes catched 
[12:51:46] 110 ItemPets catched 
[12:51:46] 2476 NpcTemplates catched 
[12:51:46] 787 NpcSpawns catched 
[12:51:46] 94 NpcItems catched 
[12:51:46] 19801 NpcMessages catched 
[12:51:46] 7 NpcReplies catched 
[12:51:47] 353 Triggers catched
[12:51:47] 1277 Paddocks catched
[12:51:47] 72 Mounts catched
[12:51:47] 4 Guild catched
[12:51:47] 3 GuildMembers catched
[12:51:47] 122 Handlers Readed
[12:51:48] 166 Messages Readed
[12:51:48] WorldServer start in 12752 ms.
[13:11:52] MySQL Database Connected
[13:11:52] 16 Breeds catched
[13:11:52] 256 Heads catched
[13:11:52] 561 Effects catched
[13:11:52] 4 SuperAreas catched
[13:11:52] 48 Areas catched
[13:11:53] 334 SubAreas catched
[13:12:01] 11260 DofusMaps catched
[13:12:01] 9761 StatedElements catched
[13:12:01] 13349 InteractiveElements catched
[13:12:01] 1485 HouseInformations catched
[13:12:01] 556 InteractiveDoors catched
[13:12:01] 3614 MapPositions uncatched
[13:12:01] 14681 MapPositions catched
[13:12:01] 42 MapZaaps catched
[13:12:01] 79 MapSubways catched
[13:12:01] 15228 SpellLevels catched 
[13:12:01] 4772 Spells catched 
[13:12:01] 316 GuildEmblems catched 
[13:12:01] 1179 LearnableSpells catched 
[13:12:02] 9780 ItemTemplates catched 
[13:12:02] 4489 Weapons catched 
[13:12:02] 363 ItemSets catched 
[13:12:02] 171 ItemTypes catched 
[13:12:02] 110 ItemPets catched 
[13:12:02] 2476 NpcTemplates catched 
[13:12:02] 787 NpcSpawns catched 
[13:12:02] 94 NpcItems catched 
[13:12:02] 19801 NpcMessages catched 
[13:12:02] 7 NpcReplies catched 
[13:12:02] 353 Triggers catched
[13:12:03] 1277 Paddocks catched
[13:12:03] 72 Mounts catched
[13:12:03] 4 Guild catched
[13:12:03] 3 GuildMembers catched
[13:12:03] 122 Handlers Readed
[13:12:04] 166 Messages Readed
[13:12:04] WorldServer start in 12236 ms.
[13:15:10] MySQL Database Connected
[13:15:10] 16 Breeds catched
[13:15:10] 256 Heads catched
[13:15:10] 561 Effects catched
[13:15:11] 4 SuperAreas catched
[13:15:11] 48 Areas catched
[13:15:12] 334 SubAreas catched
[13:15:19] 11260 DofusMaps catched
[13:15:19] 9761 StatedElements catched
[13:15:19] 13349 InteractiveElements catched
[13:15:19] 1485 HouseInformations catched
[13:15:19] 556 InteractiveDoors catched
[13:15:19] 3614 MapPositions uncatched
[13:15:19] 14681 MapPositions catched
[13:15:19] 42 MapZaaps catched
[13:15:19] 79 MapSubways catched
[13:15:19] 15228 SpellLevels catched 
[13:15:19] 4772 Spells catched 
[13:15:19] 316 GuildEmblems catched 
[13:15:19] 1179 LearnableSpells catched 
[13:15:20] 9780 ItemTemplates catched 
[13:15:20] 4489 Weapons catched 
[13:15:20] 363 ItemSets catched 
[13:15:20] 171 ItemTypes catched 
[13:15:20] 110 ItemPets catched 
[13:15:20] 2476 NpcTemplates catched 
[13:15:20] 787 NpcSpawns catched 
[13:15:20] 94 NpcItems catched 
[13:15:20] 19801 NpcMessages catched 
[13:15:20] 7 NpcReplies catched 
[13:15:21] 353 Triggers catched
[13:15:21] 1277 Paddocks catched
[13:15:21] 72 Mounts catched
[13:15:21] 4 Guild catched
[13:15:21] 3 GuildMembers catched
[13:15:21] 122 Handlers Readed
[13:15:22] 166 Messages Readed
[13:15:22] WorldServer start in 11967 ms.
[13:17:36] MySQL Database Connected
[13:17:36] 16 Breeds catched
[13:17:36] 256 Heads catched
[13:17:36] 561 Effects catched
[13:17:36] 4 SuperAreas catched
[13:17:36] 48 Areas catched
[13:17:37] 334 SubAreas catched
[13:17:44] 11260 DofusMaps catched
[13:17:44] 9761 StatedElements catched
[13:17:45] 13349 InteractiveElements catched
[13:17:45] 1485 HouseInformations catched
[13:17:45] 556 InteractiveDoors catched
[13:17:45] 3614 MapPositions uncatched
[13:17:45] 14681 MapPositions catched
[13:17:45] 42 MapZaaps catched
[13:17:45] 79 MapSubways catched
[13:17:45] 15228 SpellLevels catched 
[13:17:45] 4772 Spells catched 
[13:17:45] 316 GuildEmblems catched 
[13:17:45] 1179 LearnableSpells catched 
[13:17:46] 9780 ItemTemplates catched 
[13:17:46] 4489 Weapons catched 
[13:17:46] 363 ItemSets catched 
[13:17:46] 171 ItemTypes catched 
[13:17:46] 110 ItemPets catched 
[13:17:46] 2476 NpcTemplates catched 
[13:17:46] 787 NpcSpawns catched 
[13:17:46] 94 NpcItems catched 
[13:17:46] 19801 NpcMessages catched 
[13:17:46] 7 NpcReplies catched 
[13:17:47] 353 Triggers catched
[13:17:47] 1277 Paddocks catched
[13:17:47] 72 Mounts catched
[13:17:47] 4 Guild catched
[13:17:47] 3 GuildMembers catched
[13:17:47] 122 Handlers Readed
[13:17:48] 166 Messages Readed
[13:17:48] WorldServer start in 12473 ms.
[13:20:08] MySQL Database Connected
[13:20:08] 16 Breeds catched
[13:20:08] 256 Heads catched
[13:20:08] 561 Effects catched
[13:20:08] 4 SuperAreas catched
[13:20:08] 48 Areas catched
[13:20:09] 334 SubAreas catched
[13:20:17] 11260 DofusMaps catched
[13:20:17] 9761 StatedElements catched
[13:20:17] 13349 InteractiveElements catched
[13:20:17] 1485 HouseInformations catched
[13:20:17] 556 InteractiveDoors catched
[13:20:17] 3614 MapPositions uncatched
[13:20:17] 14681 MapPositions catched
[13:20:17] 42 MapZaaps catched
[13:20:17] 79 MapSubways catched
[13:20:17] 15228 SpellLevels catched 
[13:20:17] 4772 Spells catched 
[13:20:17] 316 GuildEmblems catched 
[13:20:17] 1179 LearnableSpells catched 
[13:20:18] 9780 ItemTemplates catched 
[13:20:18] 4489 Weapons catched 
[13:20:18] 363 ItemSets catched 
[13:20:18] 171 ItemTypes catched 
[13:20:18] 110 ItemPets catched 
[13:20:18] 2476 NpcTemplates catched 
[13:20:18] 787 NpcSpawns catched 
[13:20:18] 94 NpcItems catched 
[13:20:18] 19801 NpcMessages catched 
[13:20:18] 7 NpcReplies catched 
[13:20:19] 353 Triggers catched
[13:20:19] 1277 Paddocks catched
[13:20:19] 72 Mounts catched
[13:20:19] 4 Guild catched
[13:20:19] 3 GuildMembers catched
[13:20:19] 122 Handlers Readed
[13:20:20] 166 Messages Readed
[13:20:20] WorldServer start in 12515 ms.
[13:22:50] MySQL Database Connected
[13:22:50] 16 Breeds catched
[13:22:50] 256 Heads catched
[13:22:50] 561 Effects catched
[13:22:50] 4 SuperAreas catched
[13:22:50] 48 Areas catched
[13:22:51] 334 SubAreas catched
[13:22:59] 11260 DofusMaps catched
[13:22:59] 9761 StatedElements catched
[13:22:59] 13349 InteractiveElements catched
[13:22:59] 1485 HouseInformations catched
[13:22:59] 556 InteractiveDoors catched
[13:22:59] 3614 MapPositions uncatched
[13:22:59] 14681 MapPositions catched
[13:22:59] 42 MapZaaps catched
[13:22:59] 79 MapSubways catched
[13:22:59] 15228 SpellLevels catched 
[13:22:59] 4772 Spells catched 
[13:23:00] 316 GuildEmblems catched 
[13:23:00] 1179 LearnableSpells catched 
[13:23:00] 9780 ItemTemplates catched 
[13:23:00] 4489 Weapons catched 
[13:23:00] 363 ItemSets catched 
[13:23:00] 171 ItemTypes catched 
[13:23:00] 110 ItemPets catched 
[13:23:00] 2476 NpcTemplates catched 
[13:23:00] 787 NpcSpawns catched 
[13:23:00] 94 NpcItems catched 
[13:23:01] 19801 NpcMessages catched 
[13:23:01] 7 NpcReplies catched 
[13:23:01] 353 Triggers catched
[13:23:01] 1277 Paddocks catched
[13:23:01] 72 Mounts catched
[13:23:01] 4 Guild catched
[13:23:01] 3 GuildMembers catched
[13:23:01] 122 Handlers Readed
[13:23:02] 166 Messages Readed
[13:23:02] WorldServer start in 12594 ms.
[13:31:54] MySQL Database Connected
[13:31:54] 16 Breeds catched
[13:31:54] 256 Heads catched
[13:31:54] 561 Effects catched
[13:31:55] 4 SuperAreas catched
[13:31:55] 48 Areas catched
[13:31:56] 334 SubAreas catched
[13:32:03] 11260 DofusMaps catched
[13:32:03] 9761 StatedElements catched
[13:32:03] 13349 InteractiveElements catched
[13:32:03] 1485 HouseInformations catched
[13:32:03] 556 InteractiveDoors catched
[13:32:03] 3614 MapPositions uncatched
[13:32:03] 14681 MapPositions catched
[13:32:03] 42 MapZaaps catched
[13:32:03] 79 MapSubways catched
[13:32:04] 15228 SpellLevels catched 
[13:32:04] 4772 Spells catched 
[13:32:04] 316 GuildEmblems catched 
[13:32:04] 1179 LearnableSpells catched 
[13:32:04] 9780 ItemTemplates catched 
[13:32:04] 4489 Weapons catched 
[13:32:04] 363 ItemSets catched 
[13:32:04] 171 ItemTypes catched 
[13:32:04] 110 ItemPets catched 
[13:32:05] 2476 NpcTemplates catched 
[13:32:05] 787 NpcSpawns catched 
[13:32:05] 94 NpcItems catched 
[13:32:05] 19801 NpcMessages catched 
[13:32:05] 7 NpcReplies catched 
[13:32:05] 353 Triggers catched
[13:32:05] 1277 Paddocks catched
[13:32:05] 72 Mounts catched
[13:32:05] 4 Guild catched
[13:32:05] 3 GuildMembers catched
[13:32:06] 122 Handlers Readed
[13:32:06] 166 Messages Readed
[13:32:06] WorldServer start in 12449 ms.
[14:05:48] MySQL Database Connected
[14:05:49] 16 Breeds catched
[14:05:49] 256 Heads catched
[14:05:49] 561 Effects catched
[14:05:49] 4 SuperAreas catched
[14:05:49] 48 Areas catched
[14:05:50] 334 SubAreas catched
[14:05:58] 11260 DofusMaps catched
[14:05:58] 9761 StatedElements catched
[14:05:58] 13349 InteractiveElements catched
[14:05:58] 1485 HouseInformations catched
[14:05:58] 556 InteractiveDoors catched
[14:05:58] 3614 MapPositions uncatched
[14:05:58] 14681 MapPositions catched
[14:05:58] 42 MapZaaps catched
[14:05:58] 79 MapSubways catched
[14:05:58] 15228 SpellLevels catched 
[14:05:58] 4772 Spells catched 
[14:05:58] 316 GuildEmblems catched 
[14:05:58] 1179 LearnableSpells catched 
[14:05:59] 9780 ItemTemplates catched 
[14:05:59] 4489 Weapons catched 
[14:05:59] 363 ItemSets catched 
[14:05:59] 171 ItemTypes catched 
[14:05:59] 110 ItemPets catched 
[14:05:59] 2476 NpcTemplates catched 
[14:05:59] 787 NpcSpawns catched 
[14:05:59] 94 NpcItems catched 
[14:05:59] 19801 NpcMessages catched 
[14:06:00] 7 NpcReplies catched 
[14:06:00] 353 Triggers catched
[14:06:00] 1277 Paddocks catched
[14:06:00] 72 Mounts catched
[14:06:00] 4 Guild catched
[14:06:00] 3 GuildMembers catched
[14:06:00] 122 Handlers Readed
[14:06:01] 166 Messages Readed
[14:06:01] WorldServer start in 12915 ms.
[14:17:46] MySQL Database Connected
[14:17:46] 16 Breeds catched
[14:17:46] 256 Heads catched
[14:17:46] 561 Effects catched
[14:17:47] 4 SuperAreas catched
[14:17:47] 48 Areas catched
[14:17:48] 334 SubAreas catched
[14:17:55] 11260 DofusMaps catched
[14:17:55] 9761 StatedElements catched
[14:17:55] 13349 InteractiveElements catched
[14:17:55] 1485 HouseInformations catched
[14:17:55] 556 InteractiveDoors catched
[14:17:55] 3614 MapPositions uncatched
[14:17:55] 14681 MapPositions catched
[14:17:55] 42 MapZaaps catched
[14:17:55] 79 MapSubways catched
[14:17:56] 15228 SpellLevels catched 
[14:17:56] 4772 Spells catched 
[14:17:56] 316 GuildEmblems catched 
[14:17:56] 1179 LearnableSpells catched 
[14:17:56] 9780 ItemTemplates catched 
[14:17:56] 4489 Weapons catched 
[14:17:56] 363 ItemSets catched 
[14:17:56] 171 ItemTypes catched 
[14:17:56] 110 ItemPets catched 
[14:17:57] 2476 NpcTemplates catched 
[14:17:57] 787 NpcSpawns catched 
[14:17:57] 94 NpcItems catched 
[14:17:57] 19801 NpcMessages catched 
[14:17:57] 7 NpcReplies catched 
[14:17:57] 353 Triggers catched
[14:17:57] 1277 Paddocks catched
[14:17:57] 72 Mounts catched
[14:17:57] 4 Guild catched
[14:17:57] 3 GuildMembers catched
[14:17:58] 122 Handlers Readed
[14:17:58] 166 Messages Readed
[14:17:58] WorldServer start in 12362 ms.
[14:30:26] MySQL Database Connected
[14:30:26] 16 Breeds catched
[14:30:26] 256 Heads catched
[14:30:26] 561 Effects catched
[14:30:27] 4 SuperAreas catched
[14:30:27] 48 Areas catched
[14:31:20] MySQL Database Connected
[14:31:20] 16 Breeds catched
[14:31:20] 256 Heads catched
[14:31:20] 561 Effects catched
[14:31:21] 4 SuperAreas catched
[14:31:21] 48 Areas catched
[14:31:21] 334 SubAreas catched
[14:31:29] 11260 DofusMaps catched
[14:31:29] 9761 StatedElements catched
[14:31:29] 13349 InteractiveElements catched
[14:31:29] 1485 HouseInformations catched
[14:31:29] 556 InteractiveDoors catched
[14:31:29] 3614 MapPositions uncatched
[14:31:29] 14681 MapPositions catched
[14:31:29] 42 MapZaaps catched
[14:31:29] 79 MapSubways catched
[14:31:30] 15228 SpellLevels catched 
[14:31:30] 4772 Spells catched 
[14:31:30] 316 GuildEmblems catched 
[14:31:30] 1179 LearnableSpells catched 
[14:31:30] 9780 ItemTemplates catched 
[14:31:30] 4489 Weapons catched 
[14:31:30] 363 ItemSets catched 
[14:31:30] 171 ItemTypes catched 
[14:31:30] 110 ItemPets catched 
[14:31:31] 2476 NpcTemplates catched 
[14:31:31] 787 NpcSpawns catched 
[14:31:31] 94 NpcItems catched 
[14:31:31] 19801 NpcMessages catched 
[14:31:31] 7 NpcReplies catched 
[14:31:31] 353 Triggers catched
[14:31:31] 1277 Paddocks catched
[14:31:31] 72 Mounts catched
[14:31:31] 4 Guild catched
[14:31:31] 3 GuildMembers catched
[14:31:32] 122 Handlers Readed
[14:31:32] 166 Messages Readed
[14:31:32] WorldServer start in 12275 ms.
[14:41:54] MySQL Database Connected
[14:41:54] 16 Breeds catched
[14:41:54] 256 Heads catched
[14:41:54] 561 Effects catched
[14:41:54] 4 SuperAreas catched
[14:41:54] 48 Areas catched
[14:41:55] 334 SubAreas catched
[14:42:03] 11260 DofusMaps catched
[14:42:03] 9761 StatedElements catched
[14:42:04] 13349 InteractiveElements catched
[14:42:04] 1485 HouseInformations catched
[14:42:04] 556 InteractiveDoors catched
[14:42:04] 3614 MapPositions uncatched
[14:42:04] 14681 MapPositions catched
[14:42:04] 42 MapZaaps catched
[14:42:04] 79 MapSubways catched
[14:42:04] 15228 SpellLevels catched 
[14:42:04] 4772 Spells catched 
[14:42:04] 316 GuildEmblems catched 
[14:42:04] 1179 LearnableSpells catched 
[14:42:04] 9780 ItemTemplates catched 
[14:42:05] 4489 Weapons catched 
[14:42:05] 363 ItemSets catched 
[14:42:05] 171 ItemTypes catched 
[14:42:05] 110 ItemPets catched 
[14:42:05] 2476 NpcTemplates catched 
[14:42:05] 787 NpcSpawns catched 
[14:42:05] 94 NpcItems catched 
[14:42:05] 19801 NpcMessages catched 
[14:42:05] 7 NpcReplies catched 
[14:42:05] 353 Triggers catched
[14:42:05] 1277 Paddocks catched
[14:42:05] 72 Mounts catched
[14:42:06] 4 Guild catched
[14:42:06] 3 GuildMembers catched
[14:42:06] 122 Handlers Readed
[14:42:07] 166 Messages Readed
[14:42:07] WorldServer start in 13123 ms.
[19:46:07] MySQL Database Connected
[19:46:07] 16 Breeds catched
[19:46:07] 256 Heads catched
[19:46:07] 561 Effects catched
[19:46:07] 4 SuperAreas catched
[19:46:07] 48 Areas catched
[19:46:08] 334 SubAreas catched
[19:46:16] 11260 DofusMaps catched
[19:46:16] 9761 StatedElements catched
[19:46:16] 13349 InteractiveElements catched
[19:46:16] 1485 HouseInformations catched
[19:46:16] 556 InteractiveDoors catched
[19:46:16] 3614 MapPositions uncatched
[19:46:16] 14681 MapPositions catched
[19:46:16] 42 MapZaaps catched
[19:46:16] 79 MapSubways catched
[19:46:17] 15228 SpellLevels catched 
[19:46:17] 4772 Spells catched 
[19:46:17] 316 GuildEmblems catched 
[19:46:17] 1179 LearnableSpells catched 
[19:46:17] 9780 ItemTemplates catched 
[19:46:17] 4489 Weapons catched 
[19:46:17] 363 ItemSets catched 
[19:46:17] 171 ItemTypes catched 
[19:46:17] 110 ItemPets catched 
[19:46:18] 2476 NpcTemplates catched 
[19:46:18] 787 NpcSpawns catched 
[19:46:18] 94 NpcItems catched 
[19:46:18] 19801 NpcMessages catched 
[19:46:18] 7 NpcReplies catched 
[19:46:18] 353 Triggers catched
[19:46:18] 1277 Paddocks catched
[19:46:18] 72 Mounts catched
[19:46:18] 4 Guild catched
[19:46:18] 3 GuildMembers catched
[19:46:19] 122 Handlers Readed
[19:46:19] 166 Messages Readed
[19:46:19] WorldServer start in 12738 ms.
[19:57:55] MySQL Database Connected
[19:57:55] 16 Breeds catched
[19:57:55] 256 Heads catched
[19:57:55] 561 Effects catched
[19:57:55] 4 SuperAreas catched
[19:57:55] 48 Areas catched
[19:57:56] 334 SubAreas catched
[19:58:04] 11260 DofusMaps catched
[19:58:04] 9761 StatedElements catched
[19:58:04] 13349 InteractiveElements catched
[19:58:04] 1485 HouseInformations catched
[19:58:04] 556 InteractiveDoors catched
[19:58:04] 3614 MapPositions uncatched
[19:58:04] 14681 MapPositions catched
[19:58:04] 42 MapZaaps catched
[19:58:04] 79 MapSubways catched
[19:58:04] 15228 SpellLevels catched 
[19:58:04] 4772 Spells catched 
[19:58:04] 316 GuildEmblems catched 
[19:58:04] 1179 LearnableSpells catched 
[19:58:05] 9780 ItemTemplates catched 
[19:58:05] 4489 Weapons catched 
[19:58:05] 363 ItemSets catched 
[19:58:05] 171 ItemTypes catched 
[19:58:05] 110 ItemPets catched 
[19:58:05] 2476 NpcTemplates catched 
[19:58:05] 787 NpcSpawns catched 
[19:58:05] 94 NpcItems catched 
[19:58:05] 19801 NpcMessages catched 
[19:58:05] 7 NpcReplies catched 
[19:58:06] 353 Triggers catched
[19:58:06] 1277 Paddocks catched
[19:58:06] 72 Mounts catched
[19:58:06] 4 Guild catched
[19:58:06] 3 GuildMembers catched
[19:58:06] 122 Handlers Readed
[19:58:07] 166 Messages Readed
[19:58:07] WorldServer start in 12598 ms.
[20:01:02] MySQL Database Connected
[20:01:02] 16 Breeds catched
[20:01:02] 256 Heads catched
[20:01:02] 561 Effects catched
[20:01:04] 4 SuperAreas catched
[20:01:04] 48 Areas catched
[20:01:06] 334 SubAreas catched
[20:01:33] 11260 DofusMaps catched
[20:01:33] 9761 StatedElements catched
[20:01:34] 13349 InteractiveElements catched
[20:01:34] 1485 HouseInformations catched
[20:01:34] 556 InteractiveDoors catched
[20:01:34] 3614 MapPositions uncatched
[20:01:34] 14681 MapPositions catched
[20:01:34] 42 MapZaaps catched
[20:01:34] 79 MapSubways catched
[20:01:34] 15228 SpellLevels catched 
[20:01:34] 4772 Spells catched 
[20:01:34] 316 GuildEmblems catched 
[20:01:34] 1179 LearnableSpells catched 
[20:01:34] 9780 ItemTemplates catched 
[20:01:35] 4489 Weapons catched 
[20:01:35] 363 ItemSets catched 
[20:01:35] 171 ItemTypes catched 
[20:01:35] 110 ItemPets catched 
[20:01:35] 2476 NpcTemplates catched 
[20:01:35] 787 NpcSpawns catched 
[20:01:35] 94 NpcItems catched 
[20:01:35] 19801 NpcMessages catched 
[20:01:35] 7 NpcReplies catched 
[20:01:36] 353 Triggers catched
[20:01:36] 1277 Paddocks catched
[20:01:36] 72 Mounts catched
[20:01:36] 4 Guild catched
[20:01:36] 3 GuildMembers catched
[20:01:36] 122 Handlers Readed
[20:01:37] 166 Messages Readed
[20:01:37] WorldServer start in 34885 ms.
[20:16:29] MySQL Database Connected
[20:16:29] 16 Breeds catched
[20:16:29] 256 Heads catched
[20:16:29] 561 Effects catched
[20:16:30] 4 SuperAreas catched
[20:16:30] 48 Areas catched
[20:16:31] 334 SubAreas catched
[20:16:38] 11260 DofusMaps catched
[20:16:38] 9761 StatedElements catched
[20:16:38] 13349 InteractiveElements catched
[20:16:38] 1485 HouseInformations catched
[20:16:38] 556 InteractiveDoors catched
[20:16:38] 3614 MapPositions uncatched
[20:16:38] 14681 MapPositions catched
[20:16:38] 42 MapZaaps catched
[20:16:38] 79 MapSubways catched
[20:16:39] 15228 SpellLevels catched 
[20:16:39] 4772 Spells catched 
[20:16:39] 316 GuildEmblems catched 
[20:16:39] 1179 LearnableSpells catched 
[20:16:39] 9780 ItemTemplates catched 
[20:16:39] 4489 Weapons catched 
[20:16:39] 363 ItemSets catched 
[20:16:39] 171 ItemTypes catched 
[20:16:39] 110 ItemPets catched 
[20:16:40] 2476 NpcTemplates catched 
[20:16:40] 787 NpcSpawns catched 
[20:16:40] 94 NpcItems catched 
[20:16:40] 19801 NpcMessages catched 
[20:16:40] 7 NpcReplies catched 
[20:16:40] 353 Triggers catched
[20:16:40] 1277 Paddocks catched
[20:16:40] 72 Mounts catched
[20:16:40] 4 Guild catched
[20:16:40] 3 GuildMembers catched
[20:16:41] 122 Handlers Readed
[20:16:41] 166 Messages Readed
[20:16:41] WorldServer start in 12287 ms.
[23:24:47] MySQL Database Connected
[23:24:47] 16 Breeds catched
[23:24:47] 256 Heads catched
[23:24:47] 561 Effects catched
[23:24:47] 4 SuperAreas catched
[23:24:48] 48 Areas catched
[23:24:48] 334 SubAreas catched
[23:24:57] 11260 DofusMaps catched
[23:24:57] 9761 StatedElements catched
[23:24:57] 13349 InteractiveElements catched
[23:24:57] 1485 HouseInformations catched
[23:24:57] 556 InteractiveDoors catched
[23:24:57] 3614 MapPositions uncatched
[23:24:57] 14681 MapPositions catched
[23:24:57] 42 MapZaaps catched
[23:24:57] 79 MapSubways catched
[23:24:58] 15228 SpellLevels catched 
[23:24:58] 4772 Spells catched 
[23:24:58] 316 GuildEmblems catched 
[23:24:58] 1179 LearnableSpells catched 
[23:24:58] 9780 ItemTemplates catched 
[23:24:58] 4489 Weapons catched 
[23:24:58] 363 ItemSets catched 
[23:24:58] 171 ItemTypes catched 
[23:24:58] 110 ItemPets catched 
[23:24:59] 2476 NpcTemplates catched 
[23:24:59] 787 NpcSpawns catched 
[23:24:59] 94 NpcItems catched 
[23:24:59] 19801 NpcMessages catched 
[23:24:59] 7 NpcReplies catched 
[23:24:59] 353 Triggers catched
[23:24:59] 1277 Paddocks catched
[23:24:59] 72 Mounts catched
[23:24:59] 4 Guild catched
[23:24:59] 3 GuildMembers catched
[23:25:00] 122 Handlers Readed
[23:25:00] 166 Messages Readed
[23:25:00] WorldServer start in 13707 ms.
