[18:21:26] MySQL Database Connected
[18:21:26] 16 Breeds catched
[18:21:26] 256 Heads catched
[18:21:26] 561 Effects catched
[18:21:26] 4 SuperAreas catched
[18:21:26] 48 Areas catched
[18:21:27] 334 SubAreas catched
[18:21:39] 11260 DofusMaps catched
[18:21:40] 9761 StatedElements catched
[18:21:40] 13349 InteractiveElements catched
[18:21:40] 1485 HouseInformations catched
[18:21:40] 556 InteractiveDoors catched
[18:21:40] 3614 MapPositions uncatched
[18:21:40] 14681 MapPositions catched
[18:21:40] 42 MapZaaps catched
[18:21:40] 79 MapSubways catched
[18:21:40] 15228 SpellLevels catched 
[18:21:40] 4772 Spells catched 
[18:21:40] 316 GuildEmblems catched 
[18:21:40] 1179 LearnableSpells catched 
[18:21:41] 9780 ItemTemplates catched 
[18:21:41] 4489 Weapons catched 
[18:21:41] 363 ItemSets catched 
[18:21:41] 171 ItemTypes catched 
[18:21:41] 110 ItemPets catched 
[18:21:42] 2476 NpcTemplates catched 
[18:21:42] 787 NpcSpawns catched 
[18:21:42] 94 NpcItems catched 
[18:21:42] 19801 NpcMessages catched 
[18:21:42] 7 NpcReplies catched 
[18:21:42] 353 Triggers catched
[18:21:43] 1277 Paddocks catched
[18:21:43] 72 Mounts catched
[18:21:43] 4 Guild catched
[18:21:43] 3 GuildMembers catched
[18:21:45] 122 Handlers Readed
[18:21:47] 166 Messages Readed
[18:21:47] WorldServer start in 21429 ms.
[18:24:07] MySQL Database Connected
[18:24:07] 16 Breeds catched
[18:24:07] 256 Heads catched
[18:24:07] 561 Effects catched
[18:24:07] 4 SuperAreas catched
[18:24:07] 48 Areas catched
[18:24:08] 334 SubAreas catched
[18:24:16] 11260 DofusMaps catched
[18:24:16] 9761 StatedElements catched
[18:24:16] 13349 InteractiveElements catched
[18:24:16] 1485 HouseInformations catched
[18:24:16] 556 InteractiveDoors catched
[18:24:16] 3614 MapPositions uncatched
[18:24:16] 14681 MapPositions catched
[18:24:16] 42 MapZaaps catched
[18:24:16] 79 MapSubways catched
[18:24:16] 15228 SpellLevels catched 
[18:24:16] 4772 Spells catched 
[18:24:16] 316 GuildEmblems catched 
[18:24:16] 1179 LearnableSpells catched 
[18:24:17] 9780 ItemTemplates catched 
[18:24:17] 4489 Weapons catched 
[18:24:17] 363 ItemSets catched 
[18:24:17] 171 ItemTypes catched 
[18:24:17] 110 ItemPets catched 
[18:24:17] 2476 NpcTemplates catched 
[18:24:17] 787 NpcSpawns catched 
[18:24:17] 94 NpcItems catched 
[18:24:17] 19801 NpcMessages catched 
[18:24:17] 7 NpcReplies catched 
[18:24:18] 353 Triggers catched
[18:24:18] 1277 Paddocks catched
[18:24:18] 72 Mounts catched
[18:24:18] 4 Guild catched
[18:24:18] 3 GuildMembers catched
[18:24:18] 122 Handlers Readed
[18:24:19] 166 Messages Readed
[18:24:19] WorldServer start in 12337 ms.
[18:24:55] MySQL Database Connected
[18:24:55] 16 Breeds catched
[18:24:55] 256 Heads catched
[18:24:55] 561 Effects catched
[18:24:56] 4 SuperAreas catched
[18:24:56] 48 Areas catched
[18:24:57] 334 SubAreas catched
[18:25:04] 11260 DofusMaps catched
[18:25:04] 9761 StatedElements catched
[18:25:04] 13349 InteractiveElements catched
[18:25:04] 1485 HouseInformations catched
[18:25:04] 556 InteractiveDoors catched
[18:25:05] 3614 MapPositions uncatched
[18:25:05] 14681 MapPositions catched
[18:25:05] 42 MapZaaps catched
[18:25:05] 79 MapSubways catched
[18:25:05] 15228 SpellLevels catched 
[18:25:05] 4772 Spells catched 
[18:25:05] 316 GuildEmblems catched 
[18:25:05] 1179 LearnableSpells catched 
[18:25:05] 9780 ItemTemplates catched 
[18:25:05] 4489 Weapons catched 
[18:25:05] 363 ItemSets catched 
[18:25:05] 171 ItemTypes catched 
[18:25:05] 110 ItemPets catched 
[18:25:06] 2476 NpcTemplates catched 
[18:25:06] 787 NpcSpawns catched 
[18:25:06] 94 NpcItems catched 
[18:25:06] 19801 NpcMessages catched 
[18:25:06] 7 NpcReplies catched 
[18:25:06] 353 Triggers catched
[18:25:06] 1277 Paddocks catched
[18:25:06] 72 Mounts catched
[18:25:06] 4 Guild catched
[18:25:06] 3 GuildMembers catched
[18:25:07] 122 Handlers Readed
[18:25:07] 166 Messages Readed
[18:25:07] WorldServer start in 12505 ms.
[18:25:37] MySQL Database Connected
[18:25:37] 16 Breeds catched
[18:25:37] 256 Heads catched
[18:25:37] 561 Effects catched
[18:25:38] 4 SuperAreas catched
[18:25:38] 48 Areas catched
[18:25:38] 334 SubAreas catched
[18:25:47] 11260 DofusMaps catched
[18:25:47] 9761 StatedElements catched
[18:25:47] 13349 InteractiveElements catched
[18:25:47] 1485 HouseInformations catched
[18:25:47] 556 InteractiveDoors catched
[18:25:47] 3614 MapPositions uncatched
[18:25:47] 14681 MapPositions catched
[18:25:47] 42 MapZaaps catched
[18:25:47] 79 MapSubways catched
[18:25:47] 15228 SpellLevels catched 
[18:25:47] 4772 Spells catched 
[18:25:47] 316 GuildEmblems catched 
[18:25:47] 1179 LearnableSpells catched 
[18:25:48] 9780 ItemTemplates catched 
[18:25:48] 4489 Weapons catched 
[18:25:48] 363 ItemSets catched 
[18:25:48] 171 ItemTypes catched 
[18:25:48] 110 ItemPets catched 
[18:25:48] 2476 NpcTemplates catched 
[18:25:48] 787 NpcSpawns catched 
[18:25:48] 94 NpcItems catched 
[18:25:48] 19801 NpcMessages catched 
[18:25:48] 7 NpcReplies catched 
[18:25:49] 353 Triggers catched
[18:25:49] 1277 Paddocks catched
[18:25:49] 72 Mounts catched
[18:25:49] 4 Guild catched
[18:25:49] 3 GuildMembers catched
[18:25:49] 122 Handlers Readed
[18:25:50] 166 Messages Readed
[18:25:50] WorldServer start in 13066 ms.
[18:26:16] MySQL Database Connected
[18:26:16] 16 Breeds catched
[18:26:16] 256 Heads catched
[18:26:16] 561 Effects catched
[18:26:17] 4 SuperAreas catched
[18:26:17] 48 Areas catched
[18:26:18] 334 SubAreas catched
[18:26:25] 11260 DofusMaps catched
[18:26:25] 9761 StatedElements catched
[18:26:25] 13349 InteractiveElements catched
[18:26:25] 1485 HouseInformations catched
[18:26:25] 556 InteractiveDoors catched
[18:26:26] 3614 MapPositions uncatched
[18:26:26] 14681 MapPositions catched
[18:26:26] 42 MapZaaps catched
[18:26:26] 79 MapSubways catched
[18:26:26] 15228 SpellLevels catched 
[18:26:26] 4772 Spells catched 
[18:26:26] 316 GuildEmblems catched 
[18:26:26] 1179 LearnableSpells catched 
[18:26:26] 9780 ItemTemplates catched 
[18:26:26] 4489 Weapons catched 
[18:26:26] 363 ItemSets catched 
[18:26:26] 171 ItemTypes catched 
[18:26:26] 110 ItemPets catched 
[18:26:27] 2476 NpcTemplates catched 
[18:26:27] 787 NpcSpawns catched 
[18:26:27] 94 NpcItems catched 
[18:26:27] 19801 NpcMessages catched 
[18:26:27] 7 NpcReplies catched 
[18:26:27] 353 Triggers catched
[18:26:27] 1277 Paddocks catched
[18:26:27] 72 Mounts catched
[18:26:27] 4 Guild catched
[18:26:27] 3 GuildMembers catched
[18:26:28] 122 Handlers Readed
[18:26:28] 166 Messages Readed
[18:26:28] WorldServer start in 12711 ms.
[18:28:14] MySQL Database Connected
[18:28:14] 16 Breeds catched
[18:28:14] 256 Heads catched
[18:28:14] 561 Effects catched
[18:28:15] 4 SuperAreas catched
[18:28:15] 48 Areas catched
[18:28:15] 334 SubAreas catched
[18:28:24] 11260 DofusMaps catched
[18:28:24] 9761 StatedElements catched
[18:28:24] 13349 InteractiveElements catched
[18:28:24] 1485 HouseInformations catched
[18:28:24] 556 InteractiveDoors catched
[18:28:24] 3614 MapPositions uncatched
[18:28:24] 14681 MapPositions catched
[18:28:24] 42 MapZaaps catched
[18:28:24] 79 MapSubways catched
[18:28:24] 15228 SpellLevels catched 
[18:28:24] 4772 Spells catched 
[18:28:24] 316 GuildEmblems catched 
[18:28:24] 1179 LearnableSpells catched 
[18:28:25] 9780 ItemTemplates catched 
[18:28:25] 4489 Weapons catched 
[18:28:25] 363 ItemSets catched 
[18:28:25] 171 ItemTypes catched 
[18:28:25] 110 ItemPets catched 
[18:28:25] 2476 NpcTemplates catched 
[18:28:25] 787 NpcSpawns catched 
[18:28:25] 94 NpcItems catched 
[18:28:25] 19801 NpcMessages catched 
[18:28:25] 7 NpcReplies catched 
[18:28:26] 353 Triggers catched
[18:28:26] 1277 Paddocks catched
[18:28:26] 72 Mounts catched
[18:28:26] 4 Guild catched
[18:28:26] 3 GuildMembers catched
[18:28:26] 122 Handlers Readed
[18:28:27] 166 Messages Readed
[18:28:27] WorldServer start in 12977 ms.
