[07:44:49] MySQL Database Connected
[07:44:49] 16 Breeds catched
[07:44:49] 256 Heads catched
[07:44:57] 11260 DofusMaps catched
[07:44:57] 169 StatedElements catched
[07:44:57] 323 InteractiveElements catched
[07:44:57] 15228 SpellLevels catched 
[07:44:57] 4772 Spells catched 
[07:44:57] 1179 LearnableSpells catched 
[07:44:58] 21 Handlers Readed
[07:44:58] 22 Messages Readed
[07:44:58] WorldServer start in 9000 ms.
[07:54:33] MySQL Database Connected
[07:54:33] 16 Breeds catched
[07:54:33] 256 Heads catched
[07:54:41] 11260 DofusMaps catched
[07:54:41] 169 StatedElements catched
[07:54:41] 323 InteractiveElements catched
[07:54:41] 15228 SpellLevels catched 
[07:54:41] 4772 Spells catched 
[07:54:41] 1179 LearnableSpells catched 
[07:54:41] 22 Handlers Readed
[07:54:41] 23 Messages Readed
[07:54:41] WorldServer start in 8600 ms.
[07:58:33] MySQL Database Connected
[07:58:33] 16 Breeds catched
[07:58:33] 256 Heads catched
[07:58:41] 11260 DofusMaps catched
[07:58:41] 169 StatedElements catched
[07:58:41] 323 InteractiveElements catched
[07:58:41] 15228 SpellLevels catched 
[07:58:41] 4772 Spells catched 
[07:58:41] 1179 LearnableSpells catched 
[07:58:41] 22 Handlers Readed
[07:58:41] 23 Messages Readed
[07:58:41] WorldServer start in 8202 ms.
[08:02:18] MySQL Database Connected
[08:02:18] 16 Breeds catched
[08:02:18] 256 Heads catched
[08:02:26] 11260 DofusMaps catched
[08:02:26] 169 StatedElements catched
[08:02:26] 323 InteractiveElements catched
[08:02:26] 15228 SpellLevels catched 
[08:02:26] 4772 Spells catched 
[08:02:26] 1179 LearnableSpells catched 
[08:02:26] 22 Handlers Readed
[08:02:26] 23 Messages Readed
[08:02:26] WorldServer start in 8529 ms.
[08:03:43] MySQL Database Connected
[08:03:43] 16 Breeds catched
[08:03:43] 256 Heads catched
[08:03:50] 11260 DofusMaps catched
[08:03:50] 169 StatedElements catched
[08:03:50] 323 InteractiveElements catched
[08:03:51] 15228 SpellLevels catched 
[08:03:51] 4772 Spells catched 
[08:03:51] 1179 LearnableSpells catched 
[08:03:51] 22 Handlers Readed
[08:03:51] 23 Messages Readed
[08:03:51] WorldServer start in 8815 ms.
[08:06:39] MySQL Database Connected
[08:06:39] 16 Breeds catched
[08:06:39] 256 Heads catched
[08:06:47] 11260 DofusMaps catched
[08:06:47] 169 StatedElements catched
[08:06:47] 323 InteractiveElements catched
[08:06:47] 15228 SpellLevels catched 
[08:06:47] 4772 Spells catched 
[08:06:47] 1179 LearnableSpells catched 
[08:06:48] 22 Handlers Readed
[08:06:48] 23 Messages Readed
[08:06:48] WorldServer start in 8740 ms.
[08:07:52] MySQL Database Connected
[08:07:52] 16 Breeds catched
[08:07:52] 256 Heads catched
[08:08:00] 11260 DofusMaps catched
[08:08:00] 169 StatedElements catched
[08:08:00] 323 InteractiveElements catched
[08:08:00] 15228 SpellLevels catched 
[08:08:00] 4772 Spells catched 
[08:08:00] 1179 LearnableSpells catched 
[08:08:01] 22 Handlers Readed
[08:08:01] 23 Messages Readed
[08:08:01] WorldServer start in 8610 ms.
[08:08:52] MySQL Database Connected
[08:08:52] 16 Breeds catched
[08:08:52] 256 Heads catched
[08:09:09] 11260 DofusMaps catched
[08:09:09] 169 StatedElements catched
[08:09:09] 323 InteractiveElements catched
[08:09:09] 15228 SpellLevels catched 
[08:09:09] 4772 Spells catched 
[08:09:09] 1179 LearnableSpells catched 
[08:09:10] 22 Handlers Readed
[08:09:10] 23 Messages Readed
[08:09:10] WorldServer start in 17672 ms.
[08:11:11] MySQL Database Connected
[08:11:11] 16 Breeds catched
[08:11:11] 256 Heads catched
[08:11:18] 11260 DofusMaps catched
[08:11:18] 169 StatedElements catched
[08:11:18] 323 InteractiveElements catched
[08:11:18] 15228 SpellLevels catched 
[08:11:18] 4772 Spells catched 
[08:11:18] 1179 LearnableSpells catched 
[08:11:19] 22 Handlers Readed
[08:11:19] 23 Messages Readed
[08:11:19] WorldServer start in 8573 ms.
[08:12:25] MySQL Database Connected
[08:12:25] 16 Breeds catched
[08:12:25] 256 Heads catched
[08:12:33] 11260 DofusMaps catched
[08:12:33] 169 StatedElements catched
[08:12:33] 323 InteractiveElements catched
[08:12:33] 15228 SpellLevels catched 
[08:12:33] 4772 Spells catched 
[08:12:33] 1179 LearnableSpells catched 
[08:12:34] 22 Handlers Readed
[08:12:34] 23 Messages Readed
[08:12:34] WorldServer start in 9184 ms.
[08:13:43] MySQL Database Connected
[08:13:43] 16 Breeds catched
[08:13:43] 256 Heads catched
[08:13:51] 11260 DofusMaps catched
[08:13:51] 169 StatedElements catched
[08:13:51] 323 InteractiveElements catched
[08:13:51] 15228 SpellLevels catched 
[08:13:51] 4772 Spells catched 
[08:13:51] 1179 LearnableSpells catched 
[08:13:51] 22 Handlers Readed
[08:13:52] 23 Messages Readed
[08:13:52] WorldServer start in 8559 ms.
[08:15:50] MySQL Database Connected
[08:15:50] 16 Breeds catched
[08:15:50] 256 Heads catched
[08:15:58] 11260 DofusMaps catched
[08:15:58] 169 StatedElements catched
[08:15:58] 323 InteractiveElements catched
[08:15:58] 15228 SpellLevels catched 
[08:15:58] 4772 Spells catched 
[08:15:58] 1179 LearnableSpells catched 
[08:15:59] 22 Handlers Readed
[08:15:59] 23 Messages Readed
[08:15:59] WorldServer start in 8941 ms.
[08:16:29] MySQL Database Connected
[08:16:29] 16 Breeds catched
[08:16:29] 256 Heads catched
[08:16:36] 11260 DofusMaps catched
[08:16:36] 169 StatedElements catched
[08:16:36] 323 InteractiveElements catched
[08:16:37] 15228 SpellLevels catched 
[08:16:37] 4772 Spells catched 
[08:16:37] 1179 LearnableSpells catched 
[08:16:37] 22 Handlers Readed
[08:16:37] 23 Messages Readed
[08:16:37] WorldServer start in 8654 ms.
[08:17:36] MySQL Database Connected
[08:17:36] 16 Breeds catched
[08:17:36] 256 Heads catched
[08:17:46] 11260 DofusMaps catched
[08:17:46] 169 StatedElements catched
[08:17:46] 323 InteractiveElements catched
[08:17:46] 15228 SpellLevels catched 
[08:17:46] 4772 Spells catched 
[08:17:46] 1179 LearnableSpells catched 
[08:17:46] 22 Handlers Readed
[08:17:47] 23 Messages Readed
[08:17:47] WorldServer start in 11303 ms.
[08:21:18] MySQL Database Connected
[08:21:19] 16 Breeds catched
[08:21:19] 256 Heads catched
[08:21:27] 11260 DofusMaps catched
[08:21:27] 169 StatedElements catched
[08:21:27] 323 InteractiveElements catched
[08:21:27] 15228 SpellLevels catched 
[08:21:27] 4772 Spells catched 
[08:21:27] 1179 LearnableSpells catched 
[08:21:27] 22 Handlers Readed
[08:21:27] 23 Messages Readed
[08:21:27] WorldServer start in 9298 ms.
[08:22:42] MySQL Database Connected
[08:22:42] 16 Breeds catched
[08:22:42] 256 Heads catched
[08:22:49] 11260 DofusMaps catched
[08:22:49] 169 StatedElements catched
[08:22:49] 323 InteractiveElements catched
[08:22:50] 15228 SpellLevels catched 
[08:22:50] 4772 Spells catched 
[08:22:50] 1179 LearnableSpells catched 
[08:22:50] 22 Handlers Readed
[08:22:50] 23 Messages Readed
[08:22:50] WorldServer start in 8672 ms.
[08:24:05] MySQL Database Connected
[08:24:05] 16 Breeds catched
[08:24:05] 256 Heads catched
[08:24:18] 11260 DofusMaps catched
[08:24:18] 169 StatedElements catched
[08:24:18] 323 InteractiveElements catched
[08:24:18] 15228 SpellLevels catched 
[08:24:18] 4772 Spells catched 
[08:24:18] 1179 LearnableSpells catched 
[08:24:18] 22 Handlers Readed
[08:24:19] 23 Messages Readed
[08:24:19] WorldServer start in 14332 ms.
[08:24:19] AuthenticationTicketMessagepublic static void koh.game.network.handlers.game.approach.ApproachHandler.AuthenticationTicketMessage(koh.game.network.WorldClient,koh.protocol.client.Message)
[08:24:21] HandleAuthenticationTicketMessagepublic static void koh.game.network.handlers.game.approach.CharacterHandler.HandleAuthenticationTicketMessage(koh.game.network.WorldClient,koh.protocol.client.Message)
[08:24:23] HandleCharacterSelectionMessagepublic static void koh.game.network.handlers.game.approach.CharacterHandler.HandleCharacterSelectionMessage(koh.game.network.WorldClient,koh.protocol.client.Message)
[08:24:25] HandleFriendsGetListMessagepublic static void koh.game.network.handlers.character.FriendHandler.HandleFriendsGetListMessage(koh.game.network.WorldClient,koh.protocol.client.Message)
[08:24:25] HandleIgnoredGetListMessagepublic static void koh.game.network.handlers.character.FriendHandler.HandleIgnoredGetListMessage(koh.game.network.WorldClient,koh.protocol.client.Message)
[08:24:25] HandleSpouseGetInformationsMessagepublic static void koh.game.network.handlers.character.FriendHandler.HandleSpouseGetInformationsMessage(koh.game.network.WorldClient,koh.protocol.client.Message)
[08:24:25] HandleClientKeyMessagepublic static void koh.game.network.handlers.game.approach.ApproachHandler.HandleClientKeyMessage(koh.game.network.WorldClient,koh.protocol.client.Message)
[08:24:26] HandleGameContextCreateRequestMessagepublic static void koh.game.network.handlers.game.context.ContextHandler.HandleGameContextCreateRequestMessage(koh.game.network.WorldClient,koh.protocol.client.Message)
[08:24:26] HandleQuestListRequestMessagepublic static void koh.game.network.handlers.game.context.roleplay.QuestHandler.HandleQuestListRequestMessage(koh.game.network.WorldClient,koh.protocol.client.Message)
[08:24:26] HandlePrismsListRegisterMessagepublic static void koh.game.network.handlers.game.context.roleplay.PrismHandler.HandlePrismsListRegisterMessage(koh.game.network.WorldClient,koh.protocol.client.Message)
[08:24:26] HandleMapInformationsRequestMessagepublic static void koh.game.network.handlers.game.context.ContextHandler.HandleMapInformationsRequestMessage(koh.game.network.WorldClient,koh.protocol.client.Message)
[08:24:28] HandleShortcutBarAddRequestMessagepublic void koh.game.network.handlers.character.ShortcutHandler.HandleShortcutBarAddRequestMessage(koh.game.network.WorldClient,koh.protocol.messages.game.shortcut.ShortcutBarAddRequestMessage)
[08:24:57] MySQL Database Connected
[08:24:57] 16 Breeds catched
[08:24:57] 256 Heads catched
[08:25:06] 11260 DofusMaps catched
[08:25:06] 169 StatedElements catched
[08:25:06] 323 InteractiveElements catched
[08:25:06] 15228 SpellLevels catched 
[08:25:06] 4772 Spells catched 
[08:25:06] 1179 LearnableSpells catched 
[08:25:06] 22 Handlers Readed
[08:25:06] 23 Messages Readed
[08:25:06] WorldServer start in 9313 ms.
[08:25:54] MySQL Database Connected
[08:25:54] 16 Breeds catched
[08:25:54] 256 Heads catched
[08:26:02] 11260 DofusMaps catched
[08:26:02] 169 StatedElements catched
[08:26:02] 323 InteractiveElements catched
[08:26:03] 15228 SpellLevels catched 
[08:26:03] 4772 Spells catched 
[08:26:03] 1179 LearnableSpells catched 
[08:26:03] 22 Handlers Readed
[08:26:03] 23 Messages Readed
[08:26:03] WorldServer start in 9728 ms.
[08:27:46] MySQL Database Connected
[08:27:46] 16 Breeds catched
[08:27:46] 256 Heads catched
[08:27:54] 11260 DofusMaps catched
[08:27:54] 169 StatedElements catched
[08:27:54] 323 InteractiveElements catched
[08:27:54] 15228 SpellLevels catched 
[08:27:54] 4772 Spells catched 
[08:27:54] 1179 LearnableSpells catched 
[08:27:55] 22 Handlers Readed
[08:27:55] 23 Messages Readed
[08:27:55] WorldServer start in 8838 ms.
[08:32:31] MySQL Database Connected
[08:32:31] 16 Breeds catched
[08:32:31] 256 Heads catched
[08:32:39] 11260 DofusMaps catched
[08:32:39] 169 StatedElements catched
[08:32:39] 323 InteractiveElements catched
[08:32:39] 15228 SpellLevels catched 
[08:32:39] 4772 Spells catched 
[08:32:39] 1179 LearnableSpells catched 
[08:32:40] 22 Handlers Readed
[08:32:40] 23 Messages Readed
[08:32:40] WorldServer start in 8899 ms.
[13:34:39] MySQL Database Connected
[13:34:39] 16 Breeds catched
[13:34:39] 256 Heads catched
[13:34:47] 11260 DofusMaps catched
[13:34:47] 169 StatedElements catched
[13:34:47] 323 InteractiveElements catched
[13:34:47] 15228 SpellLevels catched 
[13:34:47] 4772 Spells catched 
[13:34:47] 1179 LearnableSpells catched 
[13:34:47] 22 Handlers Readed
[13:34:47] 23 Messages Readed
[13:34:47] WorldServer start in 8709 ms.
[13:37:14] MySQL Database Connected
[13:37:14] 16 Breeds catched
[13:37:14] 256 Heads catched
[13:37:22] 11260 DofusMaps catched
[13:37:22] 169 StatedElements catched
[13:37:22] 323 InteractiveElements catched
[13:37:22] 15228 SpellLevels catched 
[13:37:22] 4772 Spells catched 
[13:37:22] 1179 LearnableSpells catched 
[13:37:23] 22 Handlers Readed
[13:37:23] 23 Messages Readed
[13:37:23] WorldServer start in 8870 ms.
[13:38:32] MySQL Database Connected
[13:38:32] 16 Breeds catched
[13:38:32] 256 Heads catched
[13:38:40] 11260 DofusMaps catched
[13:38:40] 169 StatedElements catched
[13:38:40] 323 InteractiveElements catched
[13:38:40] 15228 SpellLevels catched 
[13:38:40] 4772 Spells catched 
[13:38:40] 1179 LearnableSpells catched 
[13:38:41] 22 Handlers Readed
[13:38:41] 23 Messages Readed
[13:38:41] WorldServer start in 8869 ms.
[13:40:11] MySQL Database Connected
[13:40:11] 16 Breeds catched
[13:40:11] 256 Heads catched
[13:40:19] 11260 DofusMaps catched
[13:40:19] 169 StatedElements catched
[13:40:19] 323 InteractiveElements catched
[13:40:19] 15228 SpellLevels catched 
[13:40:19] 4772 Spells catched 
[13:40:19] 1179 LearnableSpells catched 
[13:40:19] 22 Handlers Readed
[13:40:20] 23 Messages Readed
[13:40:20] WorldServer start in 8693 ms.
[13:42:02] MySQL Database Connected
[13:42:02] 16 Breeds catched
[13:42:02] 256 Heads catched
[13:42:09] 11260 DofusMaps catched
[13:42:09] 169 StatedElements catched
[13:42:09] 323 InteractiveElements catched
[13:42:10] 15228 SpellLevels catched 
[13:42:10] 4772 Spells catched 
[13:42:10] 1179 LearnableSpells catched 
[13:42:10] 22 Handlers Readed
[13:42:10] 23 Messages Readed
[13:42:10] WorldServer start in 8683 ms.
[13:42:53] MySQL Database Connected
[13:42:53] 16 Breeds catched
[13:42:53] 256 Heads catched
[13:43:00] 11260 DofusMaps catched
[13:43:00] 169 StatedElements catched
[13:43:00] 323 InteractiveElements catched
[13:43:01] 15228 SpellLevels catched 
[13:43:01] 4772 Spells catched 
[13:43:01] 1179 LearnableSpells catched 
[13:43:01] 22 Handlers Readed
[13:43:01] 23 Messages Readed
[13:43:01] WorldServer start in 8765 ms.
[13:44:40] MySQL Database Connected
[13:44:40] 16 Breeds catched
[13:44:40] 256 Heads catched
[13:44:47] 11260 DofusMaps catched
[13:44:47] 169 StatedElements catched
[13:44:47] 323 InteractiveElements catched
[13:44:48] 15228 SpellLevels catched 
[13:44:48] 4772 Spells catched 
[13:44:48] 1179 LearnableSpells catched 
[13:44:48] 22 Handlers Readed
[13:44:48] 23 Messages Readed
[13:44:48] WorldServer start in 8680 ms.
[13:48:26] MySQL Database Connected
[13:48:27] 16 Breeds catched
[13:48:27] 256 Heads catched
[13:48:34] 11260 DofusMaps catched
[13:48:34] 169 StatedElements catched
[13:48:34] 323 InteractiveElements catched
[13:48:34] 15228 SpellLevels catched 
[13:48:34] 4772 Spells catched 
[13:48:34] 1179 LearnableSpells catched 
[13:48:34] 22 Handlers Readed
[13:48:35] 23 Messages Readed
[13:48:35] WorldServer start in 8408 ms.
[13:50:20] MySQL Database Connected
[13:50:20] 16 Breeds catched
[13:50:20] 256 Heads catched
[13:50:37] 11260 DofusMaps catched
[13:50:37] 169 StatedElements catched
[13:50:37] 323 InteractiveElements catched
[13:50:38] 15228 SpellLevels catched 
[13:50:38] 4772 Spells catched 
[13:50:38] 1179 LearnableSpells catched 
[13:50:38] 22 Handlers Readed
[13:50:38] 23 Messages Readed
[13:50:38] WorldServer start in 18718 ms.
[14:36:36] MySQL Database Connected
[14:36:36] 16 Breeds catched
[14:36:36] 256 Heads catched
[14:36:44] 11260 DofusMaps catched
[14:36:44] 169 StatedElements catched
[14:36:44] 323 InteractiveElements catched
[14:36:44] 15228 SpellLevels catched 
[14:36:44] 4772 Spells catched 
[14:36:44] 1179 LearnableSpells catched 
[14:36:44] 22 Handlers Readed
[14:36:44] 23 Messages Readed
[14:36:44] WorldServer start in 8784 ms.
[14:39:48] MySQL Database Connected
[14:39:48] 16 Breeds catched
[14:39:48] 256 Heads catched
[14:39:55] 11260 DofusMaps catched
[14:39:55] 169 StatedElements catched
[14:39:55] 323 InteractiveElements catched
[14:39:56] 15228 SpellLevels catched 
[14:39:56] 4772 Spells catched 
[14:39:56] 1179 LearnableSpells catched 
[14:39:56] 22 Handlers Readed
[14:39:56] 23 Messages Readed
[14:39:56] WorldServer start in 8924 ms.
[14:41:24] MySQL Database Connected
[14:41:24] 16 Breeds catched
[14:41:24] 256 Heads catched
[14:41:31] 11260 DofusMaps catched
[14:41:31] 169 StatedElements catched
[14:41:31] 323 InteractiveElements catched
[14:41:31] 15228 SpellLevels catched 
[14:41:32] 4772 Spells catched 
[14:41:32] 1179 LearnableSpells catched 
[14:41:32] 22 Handlers Readed
[14:41:32] 23 Messages Readed
[14:41:32] WorldServer start in 8704 ms.
[14:45:42] MySQL Database Connected
[14:45:42] 16 Breeds catched
[14:45:42] 256 Heads catched
[14:45:50] 11260 DofusMaps catched
[14:45:50] 169 StatedElements catched
[14:45:50] 323 InteractiveElements catched
[14:45:50] 15228 SpellLevels catched 
[14:45:50] 4772 Spells catched 
[14:45:50] 1179 LearnableSpells catched 
[14:45:50] 22 Handlers Readed
[14:45:50] 23 Messages Readed
[14:45:51] WorldServer start in 8661 ms.
[14:46:36] MySQL Database Connected
[14:46:36] 16 Breeds catched
[14:46:36] 256 Heads catched
[14:46:44] 11260 DofusMaps catched
[14:46:44] 169 StatedElements catched
[14:46:44] 323 InteractiveElements catched
[14:46:44] 15228 SpellLevels catched 
[14:46:44] 4772 Spells catched 
[14:46:44] 1179 LearnableSpells catched 
[14:46:44] 22 Handlers Readed
[14:46:44] 23 Messages Readed
[14:46:44] WorldServer start in 8947 ms.
[14:50:15] MySQL Database Connected
[14:50:16] 16 Breeds catched
[14:50:16] 256 Heads catched
[14:50:23] 11260 DofusMaps catched
[14:50:23] 169 StatedElements catched
[14:50:23] 323 InteractiveElements catched
[14:50:23] 15228 SpellLevels catched 
[14:50:23] 4772 Spells catched 
[14:50:23] 1179 LearnableSpells catched 
[14:50:24] 22 Handlers Readed
[14:50:24] 23 Messages Readed
[14:50:24] WorldServer start in 8549 ms.
[14:54:59] MySQL Database Connected
[14:54:59] 16 Breeds catched
[14:54:59] 256 Heads catched
[14:55:07] 11260 DofusMaps catched
[14:55:07] 169 StatedElements catched
[14:55:07] 323 InteractiveElements catched
[14:55:07] 15228 SpellLevels catched 
[14:55:07] 4772 Spells catched 
[14:55:07] 1179 LearnableSpells catched 
[14:55:07] 23 Handlers Readed
[14:55:07] 24 Messages Readed
[14:55:07] WorldServer start in 8685 ms.
[15:17:09] MySQL Database Connected
[15:17:09] 16 Breeds catched
[15:17:09] 256 Heads catched
[15:17:17] 11260 DofusMaps catched
[15:17:17] 169 StatedElements catched
[15:17:17] 323 InteractiveElements catched
[15:17:17] 15228 SpellLevels catched 
[15:17:17] 4772 Spells catched 
[15:17:17] 1179 LearnableSpells catched 
[15:17:17] 24 Handlers Readed
[15:17:17] 25 Messages Readed
[15:17:18] WorldServer start in 9257 ms.
[15:18:34] MySQL Database Connected
[15:18:34] 16 Breeds catched
[15:18:34] 256 Heads catched
[15:18:42] 11260 DofusMaps catched
[15:18:42] 169 StatedElements catched
[15:18:42] 323 InteractiveElements catched
[15:18:42] 15228 SpellLevels catched 
[15:18:42] 4772 Spells catched 
[15:18:42] 1179 LearnableSpells catched 
[15:18:43] 24 Handlers Readed
[15:18:43] 25 Messages Readed
[15:18:43] WorldServer start in 8834 ms.
[15:19:25] MySQL Database Connected
[15:19:25] 16 Breeds catched
[15:19:25] 256 Heads catched
[15:19:33] 11260 DofusMaps catched
[15:19:33] 169 StatedElements catched
[15:19:33] 323 InteractiveElements catched
[15:19:33] 15228 SpellLevels catched 
[15:19:33] 4772 Spells catched 
[15:19:33] 1179 LearnableSpells catched 
[15:19:33] 24 Handlers Readed
[15:19:34] 25 Messages Readed
[15:19:34] WorldServer start in 9276 ms.
[15:20:40] MySQL Database Connected
[15:20:40] 16 Breeds catched
[15:20:40] 256 Heads catched
[15:20:48] 11260 DofusMaps catched
[15:20:48] 169 StatedElements catched
[15:20:48] 323 InteractiveElements catched
[15:20:48] 15228 SpellLevels catched 
[15:20:48] 4772 Spells catched 
[15:20:48] 1179 LearnableSpells catched 
[15:20:49] 24 Handlers Readed
[15:20:49] 25 Messages Readed
[15:20:49] WorldServer start in 8921 ms.
[21:30:59] MySQL Database Connected
[21:30:59] 16 Breeds catched
[21:30:59] 256 Heads catched
[21:31:06] 11260 DofusMaps catched
[21:31:06] 169 StatedElements catched
[21:31:06] 323 InteractiveElements catched
[21:31:07] 15228 SpellLevels catched 
[21:31:07] 4772 Spells catched 
[21:31:07] 1179 LearnableSpells catched 
[21:31:07] 24 Handlers Readed
[21:31:07] 25 Messages Readed
[21:31:07] WorldServer start in 8178 ms.
[21:32:59] MySQL Database Connected
[21:32:59] 16 Breeds catched
[21:32:59] 256 Heads catched
[21:33:06] 11260 DofusMaps catched
[21:33:06] 169 StatedElements catched
[21:33:06] 323 InteractiveElements catched
[21:33:06] 15228 SpellLevels catched 
[21:33:07] 4772 Spells catched 
[21:33:07] 1179 LearnableSpells catched 
[21:33:07] 24 Handlers Readed
[21:33:07] 25 Messages Readed
[21:33:07] WorldServer start in 8332 ms.
[21:40:47] MySQL Database Connected
[21:40:47] 16 Breeds catched
[21:40:47] 256 Heads catched
[21:40:54] 11260 DofusMaps catched
[21:40:54] 169 StatedElements catched
[21:40:54] 323 InteractiveElements catched
[21:40:54] 15228 SpellLevels catched 
[21:40:54] 4772 Spells catched 
[21:40:54] 1179 LearnableSpells catched 
[21:40:54] 24 Handlers Readed
[21:40:54] 25 Messages Readed
[21:40:55] WorldServer start in 8036 ms.
[21:41:43] MySQL Database Connected
[21:41:43] 16 Breeds catched
[21:41:43] 256 Heads catched
[21:41:50] 11260 DofusMaps catched
[21:41:50] 169 StatedElements catched
[21:41:50] 323 InteractiveElements catched
[21:41:50] 15228 SpellLevels catched 
[21:41:50] 4772 Spells catched 
[21:41:50] 1179 LearnableSpells catched 
[21:41:51] 24 Handlers Readed
[21:41:51] 26 Messages Readed
[21:41:51] WorldServer start in 8443 ms.
[21:43:06] MySQL Database Connected
[21:43:06] 16 Breeds catched
[21:43:06] 256 Heads catched
[21:43:13] 11260 DofusMaps catched
[21:43:13] 169 StatedElements catched
[21:43:13] 323 InteractiveElements catched
[21:43:13] 15228 SpellLevels catched 
[21:43:13] 4772 Spells catched 
[21:43:13] 1179 LearnableSpells catched 
[21:43:14] 24 Handlers Readed
[21:43:14] 26 Messages Readed
[21:43:14] WorldServer start in 8084 ms.
[21:44:11] MySQL Database Connected
[21:44:11] 16 Breeds catched
[21:44:11] 256 Heads catched
[21:44:18] 11260 DofusMaps catched
[21:44:18] 169 StatedElements catched
[21:44:18] 323 InteractiveElements catched
[21:44:19] 15228 SpellLevels catched 
[21:44:19] 4772 Spells catched 
[21:44:19] 1179 LearnableSpells catched 
[21:44:19] 24 Handlers Readed
[21:44:19] 26 Messages Readed
[21:44:19] WorldServer start in 8240 ms.
[22:06:34] MySQL Database Connected
[22:06:34] 16 Breeds catched
[22:06:34] 256 Heads catched
[22:06:41] 11260 DofusMaps catched
[22:06:41] 169 StatedElements catched
[22:06:41] 323 InteractiveElements catched
[22:06:41] 15228 SpellLevels catched 
[22:06:42] 4772 Spells catched 
[22:06:42] 1179 LearnableSpells catched 
[22:06:42] 24 Handlers Readed
[22:06:42] 26 Messages Readed
[22:06:42] WorldServer start in 8723 ms.
[22:19:50] MySQL Database Connected
[22:19:50] 16 Breeds catched
[22:19:50] 256 Heads catched
[22:19:57] 11260 DofusMaps catched
[22:19:57] 169 StatedElements catched
[22:19:57] 323 InteractiveElements catched
[22:19:58] 15228 SpellLevels catched 
[22:19:58] 4772 Spells catched 
[22:19:58] 1179 LearnableSpells catched 
[22:19:58] 24 Handlers Readed
[22:19:58] 26 Messages Readed
[22:19:58] WorldServer start in 8533 ms.
[22:25:03] MySQL Database Connected
[22:25:03] 16 Breeds catched
[22:25:03] 256 Heads catched
[22:25:10] 11260 DofusMaps catched
[22:25:10] 169 StatedElements catched
[22:25:10] 323 InteractiveElements catched
[22:25:10] 15228 SpellLevels catched 
[22:25:11] 4772 Spells catched 
[22:25:11] 1179 LearnableSpells catched 
[22:25:11] 24 Handlers Readed
[22:25:11] 26 Messages Readed
[22:25:11] WorldServer start in 8596 ms.
