[12:32:10] MySQL Database Connected
[12:32:10] 16 Breeds catched
[12:32:10] 256 Heads catched
[12:32:10] 561 Effects catched
[12:32:18] 11260 DofusMaps catched
[12:32:18] 454 StatedElements catched
[12:32:18] 802 InteractiveElements catched
[12:32:18] 74 HouseInformations catched
[12:32:18] 118 InteractiveDoors catched
[12:32:18] 16 Triggers catched
[12:32:19] 3614 MapPositions uncatched
[12:32:19] 14681 MapPositions catched
[12:32:19] 42 MapZaaps catched
[12:32:19] 15228 SpellLevels catched 
[12:32:19] 4772 Spells catched 
[12:32:19] 1179 LearnableSpells catched 
[12:32:19] 9780 ItemTemplates catched 
[12:32:19] 4489 Weapons catched 
[12:32:19] 363 ItemSets catched 
[12:32:19] 171 ItemTypes catched 
[12:32:20] 2476 NpcTemplates catched 
[12:32:20] 137 NpcSpawns catched 
[12:32:20] 22 NpcItems catched 
[12:32:20] 19801 NpcMessages catched 
[12:32:20] 2 NpcReplies catched 
[12:32:20] 43 Handlers Readed
[12:32:20] 48 Messages Readed
[12:32:21] WorldServer start in 10782 ms.
[12:35:39] MySQL Database Connected
[12:35:39] 16 Breeds catched
[12:35:39] 256 Heads catched
[12:35:39] 561 Effects catched
[12:35:47] 11260 DofusMaps catched
[12:35:47] 454 StatedElements catched
[12:35:47] 802 InteractiveElements catched
[12:35:47] 74 HouseInformations catched
[12:35:47] 118 InteractiveDoors catched
[12:35:47] 16 Triggers catched
[12:35:47] 3614 MapPositions uncatched
[12:35:47] 14681 MapPositions catched
[12:35:47] 42 MapZaaps catched
[12:35:48] 15228 SpellLevels catched 
[12:35:48] 4772 Spells catched 
[12:35:48] 1179 LearnableSpells catched 
[12:35:48] 9780 ItemTemplates catched 
[12:35:48] 4489 Weapons catched 
[12:35:48] 363 ItemSets catched 
[12:35:48] 171 ItemTypes catched 
[12:35:48] 2476 NpcTemplates catched 
[12:35:48] 137 NpcSpawns catched 
[12:35:48] 22 NpcItems catched 
[12:35:48] 19801 NpcMessages catched 
[12:35:48] 2 NpcReplies catched 
[12:35:49] 43 Handlers Readed
[12:35:49] 48 Messages Readed
[12:35:49] WorldServer start in 10292 ms.
[12:38:25] MySQL Database Connected
[12:38:25] 16 Breeds catched
[12:38:25] 256 Heads catched
[12:38:25] 561 Effects catched
[12:38:53] 11260 DofusMaps catched
[12:38:53] 454 StatedElements catched
[12:38:53] 802 InteractiveElements catched
[12:38:53] 74 HouseInformations catched
[12:38:53] 118 InteractiveDoors catched
[12:38:53] 16 Triggers catched
[12:38:53] 3614 MapPositions uncatched
[12:38:53] 14681 MapPositions catched
[12:38:53] 42 MapZaaps catched
[12:38:54] 15228 SpellLevels catched 
[12:38:54] 4772 Spells catched 
[12:38:54] 1179 LearnableSpells catched 
[12:38:54] 9780 ItemTemplates catched 
[12:38:54] 4489 Weapons catched 
[12:38:54] 363 ItemSets catched 
[12:38:54] 171 ItemTypes catched 
[12:38:54] 2476 NpcTemplates catched 
[12:38:54] 137 NpcSpawns catched 
[12:38:54] 22 NpcItems catched 
[12:38:54] 19801 NpcMessages catched 
[12:38:54] 2 NpcReplies catched 
[12:38:55] 43 Handlers Readed
[12:38:55] 48 Messages Readed
[12:38:55] WorldServer start in 30460 ms.
[14:29:32] MySQL Database Connected
[14:29:33] 16 Breeds catched
[14:29:33] 256 Heads catched
[14:29:33] 561 Effects catched
[14:29:41] 11260 DofusMaps catched
[14:29:41] 454 StatedElements catched
[14:29:41] 802 InteractiveElements catched
[14:29:41] 74 HouseInformations catched
[14:29:41] 120 InteractiveDoors catched
[14:29:41] 17 Triggers catched
[14:29:41] 3614 MapPositions uncatched
[14:29:41] 14681 MapPositions catched
[14:29:41] 42 MapZaaps catched
[14:29:42] 15228 SpellLevels catched 
[14:29:42] 4772 Spells catched 
[14:29:42] 1179 LearnableSpells catched 
[14:29:42] 9780 ItemTemplates catched 
[14:29:43] 4489 Weapons catched 
[14:29:43] 363 ItemSets catched 
[14:29:43] 171 ItemTypes catched 
[14:29:43] 2476 NpcTemplates catched 
[14:29:43] 137 NpcSpawns catched 
[14:29:43] 50 NpcItems catched 
[14:29:43] 19801 NpcMessages catched 
[14:29:43] 2 NpcReplies catched 
[14:29:43] 43 Handlers Readed
[14:29:43] 48 Messages Readed
[14:29:44] WorldServer start in 11432 ms.
[14:59:41] MySQL Database Connected
[14:59:41] 16 Breeds catched
[14:59:41] 256 Heads catched
[14:59:41] 561 Effects catched
[14:59:50] 11260 DofusMaps catched
[14:59:50] 454 StatedElements catched
[14:59:50] 802 InteractiveElements catched
[14:59:50] 74 HouseInformations catched
[14:59:50] 120 InteractiveDoors catched
[14:59:50] 18 Triggers catched
[14:59:51] 3614 MapPositions uncatched
[14:59:51] 14681 MapPositions catched
[14:59:51] 42 MapZaaps catched
[14:59:52] 15228 SpellLevels catched 
[14:59:53] 4772 Spells catched 
[14:59:53] 1179 LearnableSpells catched 
[14:59:53] 9780 ItemTemplates catched 
[14:59:53] 4489 Weapons catched 
[14:59:53] 363 ItemSets catched 
[14:59:53] 171 ItemTypes catched 
[14:59:54] 2476 NpcTemplates catched 
[14:59:54] 137 NpcSpawns catched 
[14:59:54] 50 NpcItems catched 
[14:59:54] 19801 NpcMessages catched 
[14:59:54] 2 NpcReplies catched 
[14:59:54] 43 Handlers Readed
[14:59:54] 48 Messages Readed
[14:59:55] WorldServer start in 13460 ms.
[15:04:31] MySQL Database Connected
[15:04:31] 16 Breeds catched
[15:04:31] 256 Heads catched
[15:04:31] 561 Effects catched
[15:04:40] 11260 DofusMaps catched
[15:04:40] 454 StatedElements catched
[15:04:40] 802 InteractiveElements catched
[15:04:40] 74 HouseInformations catched
[15:04:40] 120 InteractiveDoors catched
[15:04:40] 18 Triggers catched
[15:04:41] 3614 MapPositions uncatched
[15:04:41] 14681 MapPositions catched
[15:04:41] 42 MapZaaps catched
[15:04:41] 15228 SpellLevels catched 
[15:04:41] 4772 Spells catched 
[15:04:41] 1179 LearnableSpells catched 
[15:04:42] 9780 ItemTemplates catched 
[15:04:42] 4489 Weapons catched 
[15:04:42] 363 ItemSets catched 
[15:04:42] 171 ItemTypes catched 
[15:04:43] 2476 NpcTemplates catched 
[15:04:43] 137 NpcSpawns catched 
[15:04:43] 50 NpcItems catched 
[15:04:43] 19801 NpcMessages catched 
[15:04:43] 2 NpcReplies catched 
[15:04:44] 43 Handlers Readed
[15:04:44] 48 Messages Readed
[15:04:44] WorldServer start in 13096 ms.
[15:05:31] MySQL Database Connected
[15:05:31] 16 Breeds catched
[15:05:31] 256 Heads catched
[15:05:31] 561 Effects catched
[15:05:39] 11260 DofusMaps catched
[15:05:39] 454 StatedElements catched
[15:05:39] 802 InteractiveElements catched
[15:05:39] 74 HouseInformations catched
[15:05:39] 120 InteractiveDoors catched
[15:05:39] 18 Triggers catched
[15:05:39] 3614 MapPositions uncatched
[15:05:39] 14681 MapPositions catched
[15:05:39] 42 MapZaaps catched
[15:05:40] 15228 SpellLevels catched 
[15:05:40] 4772 Spells catched 
[15:05:40] 1179 LearnableSpells catched 
[15:05:40] 9780 ItemTemplates catched 
[15:05:40] 4489 Weapons catched 
[15:05:40] 363 ItemSets catched 
[15:05:40] 171 ItemTypes catched 
[15:05:41] 2476 NpcTemplates catched 
[15:05:41] 137 NpcSpawns catched 
[15:05:41] 50 NpcItems catched 
[15:05:41] 19801 NpcMessages catched 
[15:05:41] 2 NpcReplies catched 
[15:05:41] 43 Handlers Readed
[15:05:42] 48 Messages Readed
[15:05:42] WorldServer start in 11313 ms.
[15:06:46] MySQL Database Connected
[15:06:46] 16 Breeds catched
[15:06:46] 256 Heads catched
[15:06:46] 561 Effects catched
[15:06:54] 11260 DofusMaps catched
[15:06:54] 454 StatedElements catched
[15:06:54] 802 InteractiveElements catched
[15:06:54] 74 HouseInformations catched
[15:06:54] 120 InteractiveDoors catched
[15:06:54] 18 Triggers catched
[15:06:54] 3614 MapPositions uncatched
[15:06:54] 14681 MapPositions catched
[15:06:54] 42 MapZaaps catched
[15:06:55] 15228 SpellLevels catched 
[15:06:55] 4772 Spells catched 
[15:06:55] 1179 LearnableSpells catched 
[15:06:55] 9780 ItemTemplates catched 
[15:06:55] 4489 Weapons catched 
[15:06:55] 363 ItemSets catched 
[15:06:55] 171 ItemTypes catched 
[15:06:56] 2476 NpcTemplates catched 
[15:06:56] 137 NpcSpawns catched 
[15:06:56] 50 NpcItems catched 
[15:06:56] 19801 NpcMessages catched 
[15:06:56] 2 NpcReplies catched 
[15:06:56] 43 Handlers Readed
[15:06:56] 48 Messages Readed
[15:06:56] WorldServer start in 10361 ms.
[15:11:23] MySQL Database Connected
[15:11:23] 16 Breeds catched
[15:11:23] 256 Heads catched
[15:11:23] 561 Effects catched
[15:11:31] 11260 DofusMaps catched
[15:11:31] 454 StatedElements catched
[15:11:31] 802 InteractiveElements catched
[15:11:31] 74 HouseInformations catched
[15:11:31] 120 InteractiveDoors catched
[15:11:31] 18 Triggers catched
[15:11:32] 3614 MapPositions uncatched
[15:11:32] 14681 MapPositions catched
[15:11:32] 42 MapZaaps catched
[15:11:32] 15228 SpellLevels catched 
[15:11:32] 4772 Spells catched 
[15:11:32] 1179 LearnableSpells catched 
[15:11:32] 9780 ItemTemplates catched 
[15:11:32] 4489 Weapons catched 
[15:11:32] 363 ItemSets catched 
[15:11:32] 171 ItemTypes catched 
[15:11:33] 2476 NpcTemplates catched 
[15:11:33] 137 NpcSpawns catched 
[15:11:33] 50 NpcItems catched 
[15:11:33] 19801 NpcMessages catched 
[15:11:33] 2 NpcReplies catched 
[15:11:33] 43 Handlers Readed
[15:11:34] 48 Messages Readed
[15:11:34] WorldServer start in 10838 ms.
[15:14:01] MySQL Database Connected
[15:14:01] 16 Breeds catched
[15:14:01] 256 Heads catched
[15:14:01] 561 Effects catched
[15:14:08] 11260 DofusMaps catched
[15:14:08] 454 StatedElements catched
[15:14:08] 802 InteractiveElements catched
[15:14:08] 74 HouseInformations catched
[15:14:08] 120 InteractiveDoors catched
[15:14:09] 18 Triggers catched
[15:14:09] 3614 MapPositions uncatched
[15:14:09] 14681 MapPositions catched
[15:14:09] 42 MapZaaps catched
[15:14:09] 15228 SpellLevels catched 
[15:14:09] 4772 Spells catched 
[15:14:09] 1179 LearnableSpells catched 
[15:14:09] 9780 ItemTemplates catched 
[15:14:10] 4489 Weapons catched 
[15:14:10] 363 ItemSets catched 
[15:14:10] 171 ItemTypes catched 
[15:14:10] 2476 NpcTemplates catched 
[15:14:10] 137 NpcSpawns catched 
[15:14:10] 50 NpcItems catched 
[15:14:10] 19801 NpcMessages catched 
[15:14:10] 2 NpcReplies catched 
[15:14:10] 43 Handlers Readed
[15:14:11] 48 Messages Readed
[15:14:11] WorldServer start in 10355 ms.
[15:16:18] MySQL Database Connected
[15:16:18] 16 Breeds catched
[15:16:18] 256 Heads catched
[15:16:18] 561 Effects catched
[15:16:26] 11260 DofusMaps catched
[15:16:26] 454 StatedElements catched
[15:16:26] 802 InteractiveElements catched
[15:16:26] 74 HouseInformations catched
[15:16:26] 120 InteractiveDoors catched
[15:16:26] 18 Triggers catched
[15:16:26] 3614 MapPositions uncatched
[15:16:26] 14681 MapPositions catched
[15:16:26] 42 MapZaaps catched
[15:16:27] 15228 SpellLevels catched 
[15:16:27] 4772 Spells catched 
[15:16:27] 1179 LearnableSpells catched 
[15:16:27] 9780 ItemTemplates catched 
[15:16:27] 4489 Weapons catched 
[15:16:27] 363 ItemSets catched 
[15:16:27] 171 ItemTypes catched 
[15:16:27] 2476 NpcTemplates catched 
[15:16:27] 137 NpcSpawns catched 
[15:16:27] 50 NpcItems catched 
[15:16:27] 19801 NpcMessages catched 
[15:16:27] 2 NpcReplies catched 
[15:16:28] 43 Handlers Readed
[15:16:28] 48 Messages Readed
[15:16:28] WorldServer start in 10310 ms.
[15:18:58] MySQL Database Connected
[15:18:58] 16 Breeds catched
[15:18:58] 256 Heads catched
[15:18:58] 561 Effects catched
[15:19:06] 11260 DofusMaps catched
[15:19:06] 454 StatedElements catched
[15:19:06] 802 InteractiveElements catched
[15:19:06] 74 HouseInformations catched
[15:19:06] 120 InteractiveDoors catched
[15:19:06] 18 Triggers catched
[15:19:07] 3614 MapPositions uncatched
[15:19:07] 14681 MapPositions catched
[15:19:07] 42 MapZaaps catched
[15:19:07] 15228 SpellLevels catched 
[15:19:07] 4772 Spells catched 
[15:19:07] 1179 LearnableSpells catched 
[15:19:07] 9780 ItemTemplates catched 
[15:19:08] 4489 Weapons catched 
[15:19:08] 363 ItemSets catched 
[15:19:08] 171 ItemTypes catched 
[15:19:08] 2476 NpcTemplates catched 
[15:19:08] 137 NpcSpawns catched 
[15:19:08] 50 NpcItems catched 
[15:19:08] 19801 NpcMessages catched 
[15:19:08] 2 NpcReplies catched 
[15:19:08] 43 Handlers Readed
[15:19:09] 48 Messages Readed
[15:19:09] WorldServer start in 10705 ms.
[15:19:37] MySQL Database Connected
[15:19:37] 16 Breeds catched
[15:19:37] 256 Heads catched
[15:19:37] 561 Effects catched
[15:19:46] 11260 DofusMaps catched
[15:19:46] 454 StatedElements catched
[15:19:46] 802 InteractiveElements catched
[15:19:46] 74 HouseInformations catched
[15:19:46] 120 InteractiveDoors catched
[15:19:46] 18 Triggers catched
[15:19:47] 3614 MapPositions uncatched
[15:19:47] 14681 MapPositions catched
[15:19:47] 42 MapZaaps catched
[15:19:47] 15228 SpellLevels catched 
[15:19:47] 4772 Spells catched 
[15:19:47] 1179 LearnableSpells catched 
[15:19:47] 9780 ItemTemplates catched 
[15:19:47] 4489 Weapons catched 
[15:19:47] 363 ItemSets catched 
[15:19:47] 171 ItemTypes catched 
[15:19:47] 2476 NpcTemplates catched 
[15:19:48] 137 NpcSpawns catched 
[15:19:48] 50 NpcItems catched 
[15:19:48] 19801 NpcMessages catched 
[15:19:48] 2 NpcReplies catched 
[15:19:48] 43 Handlers Readed
[15:19:48] 48 Messages Readed
[15:19:48] WorldServer start in 11074 ms.
[15:20:45] MySQL Database Connected
[15:20:45] 16 Breeds catched
[15:20:45] 256 Heads catched
[15:20:45] 561 Effects catched
[15:20:56] 11260 DofusMaps catched
[15:20:56] 454 StatedElements catched
[15:20:56] 802 InteractiveElements catched
[15:20:56] 74 HouseInformations catched
[15:20:56] 120 InteractiveDoors catched
[15:20:56] 0 Triggers catched
[15:20:56] 3614 MapPositions uncatched
[15:20:56] 14681 MapPositions catched
[15:20:56] 42 MapZaaps catched
[15:20:57] 15228 SpellLevels catched 
[15:20:57] 4772 Spells catched 
[15:20:57] 1179 LearnableSpells catched 
[15:20:57] 9780 ItemTemplates catched 
[15:20:57] 4489 Weapons catched 
[15:20:57] 363 ItemSets catched 
[15:20:57] 171 ItemTypes catched 
[15:20:57] 2476 NpcTemplates catched 
[15:20:57] 137 NpcSpawns catched 
[15:20:57] 50 NpcItems catched 
[15:20:57] 19801 NpcMessages catched 
[15:20:57] 2 NpcReplies catched 
[15:20:58] 43 Handlers Readed
[15:20:58] 48 Messages Readed
[15:20:58] WorldServer start in 13242 ms.
[15:21:57] MySQL Database Connected
[15:21:57] 16 Breeds catched
[15:21:57] 256 Heads catched
[15:21:57] 561 Effects catched
[15:22:03] MySQL Database Connected
[15:22:03] 16 Breeds catched
[15:22:03] 256 Heads catched
[15:22:03] 561 Effects catched
[15:22:11] 11260 DofusMaps catched
[15:22:11] 454 StatedElements catched
[15:22:11] 802 InteractiveElements catched
[15:22:11] 74 HouseInformations catched
[15:22:11] 120 InteractiveDoors catched
[15:22:11] 18 Triggers catched
[15:22:11] 3614 MapPositions uncatched
[15:22:11] 14681 MapPositions catched
[15:22:11] 42 MapZaaps catched
[15:22:11] 15228 SpellLevels catched 
[15:22:11] 4772 Spells catched 
[15:22:11] 1179 LearnableSpells catched 
[15:22:11] 9780 ItemTemplates catched 
[15:22:12] 4489 Weapons catched 
[15:22:12] 363 ItemSets catched 
[15:22:12] 171 ItemTypes catched 
[15:22:12] 2476 NpcTemplates catched 
[15:22:12] 137 NpcSpawns catched 
[15:22:12] 50 NpcItems catched 
[15:22:12] 19801 NpcMessages catched 
[15:22:12] 2 NpcReplies catched 
[15:22:12] 43 Handlers Readed
[15:22:12] 48 Messages Readed
[15:22:13] WorldServer start in 9890 ms.
[15:22:34] MySQL Database Connected
[15:22:34] 16 Breeds catched
[15:22:34] 256 Heads catched
[15:22:34] 561 Effects catched
[15:22:43] 11260 DofusMaps catched
[15:22:43] 454 StatedElements catched
[15:22:43] 802 InteractiveElements catched
[15:22:43] 74 HouseInformations catched
[15:22:43] 120 InteractiveDoors catched
[15:22:43] 3614 MapPositions uncatched
[15:22:43] 14681 MapPositions catched
[15:22:43] 42 MapZaaps catched
[15:22:43] 15228 SpellLevels catched 
[15:22:43] 4772 Spells catched 
[15:22:43] 1179 LearnableSpells catched 
[15:22:44] 9780 ItemTemplates catched 
[15:22:44] 4489 Weapons catched 
[15:22:44] 363 ItemSets catched 
[15:22:44] 171 ItemTypes catched 
[15:22:44] 2476 NpcTemplates catched 
[15:22:44] 137 NpcSpawns catched 
[15:22:44] 50 NpcItems catched 
[15:22:44] 19801 NpcMessages catched 
[15:22:44] 2 NpcReplies catched 
[15:22:44] 0 Triggers catched
[15:22:45] 43 Handlers Readed
[15:22:45] 48 Messages Readed
[15:22:45] WorldServer start in 11519 ms.
[15:32:38] MySQL Database Connected
[15:32:38] 16 Breeds catched
[15:32:38] 256 Heads catched
[15:32:38] 561 Effects catched
[15:32:47] 11260 DofusMaps catched
[15:32:47] 454 StatedElements catched
[15:32:47] 802 InteractiveElements catched
[15:32:47] 74 HouseInformations catched
[15:32:47] 120 InteractiveDoors catched
[15:32:47] 3614 MapPositions uncatched
[15:32:47] 14681 MapPositions catched
[15:32:47] 42 MapZaaps catched
[15:32:47] 15228 SpellLevels catched 
[15:32:47] 4772 Spells catched 
[15:32:47] 1179 LearnableSpells catched 
[15:32:48] 9780 ItemTemplates catched 
[15:32:48] 4489 Weapons catched 
[15:32:48] 363 ItemSets catched 
[15:32:48] 171 ItemTypes catched 
[15:32:48] 2476 NpcTemplates catched 
[15:32:48] 137 NpcSpawns catched 
[15:32:48] 50 NpcItems catched 
[15:32:48] 19801 NpcMessages catched 
[15:32:48] 2 NpcReplies catched 
[15:32:48] 0 Triggers catched
[15:32:49] 43 Handlers Readed
[15:32:49] 48 Messages Readed
[15:32:49] WorldServer start in 10817 ms.
[15:33:40] MySQL Database Connected
[15:33:40] 16 Breeds catched
[15:33:40] 256 Heads catched
[15:33:40] 561 Effects catched
[15:33:48] 11260 DofusMaps catched
[15:33:48] 454 StatedElements catched
[15:33:49] 802 InteractiveElements catched
[15:33:49] 74 HouseInformations catched
[15:33:49] 120 InteractiveDoors catched
[15:33:49] 3614 MapPositions uncatched
[15:33:49] 14681 MapPositions catched
[15:33:49] 42 MapZaaps catched
[15:33:49] 15228 SpellLevels catched 
[15:33:49] 4772 Spells catched 
[15:33:49] 1179 LearnableSpells catched 
[15:33:50] 9780 ItemTemplates catched 
[15:33:50] 4489 Weapons catched 
[15:33:50] 363 ItemSets catched 
[15:33:50] 171 ItemTypes catched 
[15:33:50] 2476 NpcTemplates catched 
[15:33:50] 137 NpcSpawns catched 
[15:33:50] 50 NpcItems catched 
[15:33:50] 19801 NpcMessages catched 
[15:33:50] 2 NpcReplies catched 
[15:33:50] 0 Triggers catched
[15:33:51] 43 Handlers Readed
[15:33:51] 48 Messages Readed
[15:33:51] WorldServer start in 10781 ms.
[15:34:53] MySQL Database Connected
[15:34:53] 16 Breeds catched
[15:34:53] 256 Heads catched
[15:34:53] 561 Effects catched
[15:35:09] 11260 DofusMaps catched
[15:35:09] 454 StatedElements catched
[15:35:09] 802 InteractiveElements catched
[15:35:09] 74 HouseInformations catched
[15:35:09] 120 InteractiveDoors catched
[15:35:10] 3614 MapPositions uncatched
[15:35:10] 14681 MapPositions catched
[15:35:10] 42 MapZaaps catched
[15:35:10] 15228 SpellLevels catched 
[15:35:10] 4772 Spells catched 
[15:35:10] 1179 LearnableSpells catched 
[15:35:10] 9780 ItemTemplates catched 
[15:35:10] 4489 Weapons catched 
[15:35:10] 363 ItemSets catched 
[15:35:10] 171 ItemTypes catched 
[15:35:11] 2476 NpcTemplates catched 
[15:35:11] 137 NpcSpawns catched 
[15:35:11] 50 NpcItems catched 
[15:35:11] 19801 NpcMessages catched 
[15:35:11] 2 NpcReplies catched 
[15:35:11] 18 Triggers catched
[15:35:11] 43 Handlers Readed
[15:35:11] 48 Messages Readed
[15:35:11] WorldServer start in 18984 ms.
[15:49:51] MySQL Database Connected
[15:49:51] 16 Breeds catched
[15:49:51] 256 Heads catched
[15:49:51] 561 Effects catched
[15:49:58] 11260 DofusMaps catched
[15:49:58] 454 StatedElements catched
[15:49:58] 802 InteractiveElements catched
[15:49:58] 74 HouseInformations catched
[15:49:58] 120 InteractiveDoors catched
[15:49:59] 3614 MapPositions uncatched
[15:49:59] 14681 MapPositions catched
[15:49:59] 42 MapZaaps catched
[15:49:59] 15228 SpellLevels catched 
[15:49:59] 4772 Spells catched 
[15:49:59] 1179 LearnableSpells catched 
[15:49:59] 9780 ItemTemplates catched 
[15:49:59] 4489 Weapons catched 
[15:49:59] 363 ItemSets catched 
[15:49:59] 171 ItemTypes catched 
[15:50:00] 2476 NpcTemplates catched 
[15:50:00] 138 NpcSpawns catched 
[15:50:00] 50 NpcItems catched 
[15:50:00] 19801 NpcMessages catched 
[15:50:00] 2 NpcReplies catched 
[15:50:00] 18 Triggers catched
[15:50:00] 43 Handlers Readed
[15:50:00] 48 Messages Readed
[15:50:00] WorldServer start in 9602 ms.
[15:51:36] MySQL Database Connected
[15:51:36] 16 Breeds catched
[15:51:36] 256 Heads catched
[15:51:36] 561 Effects catched
[15:51:43] 11260 DofusMaps catched
[15:51:43] 454 StatedElements catched
[15:51:43] 802 InteractiveElements catched
[15:51:43] 74 HouseInformations catched
[15:51:43] 120 InteractiveDoors catched
[15:51:43] 3614 MapPositions uncatched
[15:51:43] 14681 MapPositions catched
[15:51:43] 42 MapZaaps catched
[15:51:44] 15228 SpellLevels catched 
[15:51:44] 4772 Spells catched 
[15:51:44] 1179 LearnableSpells catched 
[15:51:44] 9780 ItemTemplates catched 
[15:51:44] 4489 Weapons catched 
[15:51:44] 363 ItemSets catched 
[15:51:44] 171 ItemTypes catched 
[15:51:44] 2476 NpcTemplates catched 
[15:51:44] 138 NpcSpawns catched 
[15:51:45] 50 NpcItems catched 
[15:51:45] 19801 NpcMessages catched 
[15:51:45] 3 NpcReplies catched 
[15:51:45] 18 Triggers catched
[15:51:45] 43 Handlers Readed
[15:51:45] 48 Messages Readed
[15:51:45] WorldServer start in 10008 ms.
[15:53:53] MySQL Database Connected
[15:53:53] 16 Breeds catched
[15:53:53] 256 Heads catched
[15:53:53] 561 Effects catched
[15:54:01] 11260 DofusMaps catched
[15:54:01] 454 StatedElements catched
[15:54:01] 802 InteractiveElements catched
[15:54:01] 74 HouseInformations catched
[15:54:01] 120 InteractiveDoors catched
[15:54:01] 3614 MapPositions uncatched
[15:54:01] 14681 MapPositions catched
[15:54:01] 42 MapZaaps catched
[15:54:02] 15228 SpellLevels catched 
[15:54:02] 4772 Spells catched 
[15:54:02] 1179 LearnableSpells catched 
[15:54:02] 9780 ItemTemplates catched 
[15:54:02] 4489 Weapons catched 
[15:54:02] 363 ItemSets catched 
[15:54:02] 171 ItemTypes catched 
[15:54:02] 2476 NpcTemplates catched 
[15:54:02] 138 NpcSpawns catched 
[15:54:02] 50 NpcItems catched 
[15:54:03] 19801 NpcMessages catched 
[15:54:03] 3 NpcReplies catched 
[15:54:03] 18 Triggers catched
[15:54:03] 43 Handlers Readed
[15:54:03] 48 Messages Readed
[15:54:03] WorldServer start in 10149 ms.
[15:55:33] MySQL Database Connected
[15:55:33] 16 Breeds catched
[15:55:33] 256 Heads catched
[15:55:33] 561 Effects catched
[15:55:40] 11260 DofusMaps catched
[15:55:40] 454 StatedElements catched
[15:55:40] 802 InteractiveElements catched
[15:55:40] 74 HouseInformations catched
[15:55:40] 120 InteractiveDoors catched
[15:55:40] 3614 MapPositions uncatched
[15:55:40] 14681 MapPositions catched
[15:55:40] 42 MapZaaps catched
[15:55:41] 15228 SpellLevels catched 
[15:55:41] 4772 Spells catched 
[15:55:41] 1179 LearnableSpells catched 
[15:55:41] 9780 ItemTemplates catched 
[15:55:41] 4489 Weapons catched 
[15:55:41] 363 ItemSets catched 
[15:55:41] 171 ItemTypes catched 
[15:55:41] 2476 NpcTemplates catched 
[15:55:41] 138 NpcSpawns catched 
[15:55:41] 50 NpcItems catched 
[15:55:41] 19801 NpcMessages catched 
[15:55:42] 3 NpcReplies catched 
[15:55:42] 18 Triggers catched
[15:55:42] 43 Handlers Readed
[15:55:42] 48 Messages Readed
[15:55:42] WorldServer start in 9552 ms.
[15:56:42] MySQL Database Connected
[15:56:42] 16 Breeds catched
[15:56:42] 256 Heads catched
[15:56:42] 561 Effects catched
[15:56:50] 11260 DofusMaps catched
[15:56:50] 454 StatedElements catched
[15:56:50] 802 InteractiveElements catched
[15:56:50] 74 HouseInformations catched
[15:56:50] 120 InteractiveDoors catched
[15:56:50] 3614 MapPositions uncatched
[15:56:50] 14681 MapPositions catched
[15:56:50] 42 MapZaaps catched
[15:56:50] 15228 SpellLevels catched 
[15:56:51] 4772 Spells catched 
[15:56:51] 1179 LearnableSpells catched 
[15:56:51] 9780 ItemTemplates catched 
[15:56:51] 4489 Weapons catched 
[15:56:51] 363 ItemSets catched 
[15:56:51] 171 ItemTypes catched 
[15:56:51] 2476 NpcTemplates catched 
[15:56:51] 138 NpcSpawns catched 
[15:56:51] 50 NpcItems catched 
[15:56:51] 19801 NpcMessages catched 
[15:56:51] 3 NpcReplies catched 
[15:56:51] 18 Triggers catched
[15:56:52] 43 Handlers Readed
[15:56:52] 48 Messages Readed
[15:56:52] WorldServer start in 10153 ms.
[16:12:57] MySQL Database Connected
[16:12:57] 16 Breeds catched
[16:12:57] 256 Heads catched
[16:12:57] 561 Effects catched
[16:13:05] 11260 DofusMaps catched
[16:13:05] 454 StatedElements catched
[16:13:05] 802 InteractiveElements catched
[16:13:05] 74 HouseInformations catched
[16:13:05] 120 InteractiveDoors catched
[16:13:05] 3614 MapPositions uncatched
[16:13:05] 14681 MapPositions catched
[16:13:05] 42 MapZaaps catched
[16:13:06] 15228 SpellLevels catched 
[16:13:06] 4772 Spells catched 
[16:13:06] 1179 LearnableSpells catched 
[16:13:06] 9780 ItemTemplates catched 
[16:13:06] 4489 Weapons catched 
[16:13:06] 363 ItemSets catched 
[16:13:06] 171 ItemTypes catched 
[16:13:06] 2476 NpcTemplates catched 
[16:13:06] 138 NpcSpawns catched 
[16:13:06] 50 NpcItems catched 
[16:13:07] 19801 NpcMessages catched 
[16:13:07] 3 NpcReplies catched 
[16:13:07] 18 Triggers catched
[16:13:07] 43 Handlers Readed
[16:13:07] 48 Messages Readed
[16:13:07] WorldServer start in 10302 ms.
[16:15:45] MySQL Database Connected
[16:15:45] 16 Breeds catched
[16:15:45] 256 Heads catched
[16:15:45] 561 Effects catched
[16:15:53] 11260 DofusMaps catched
[16:15:53] 454 StatedElements catched
[16:15:53] 802 InteractiveElements catched
[16:15:53] 74 HouseInformations catched
[16:15:53] 120 InteractiveDoors catched
[16:15:53] 3614 MapPositions uncatched
[16:15:53] 14681 MapPositions catched
[16:15:53] 42 MapZaaps catched
[16:15:53] 15228 SpellLevels catched 
[16:15:53] 4772 Spells catched 
[16:15:53] 1179 LearnableSpells catched 
[16:15:54] 9780 ItemTemplates catched 
[16:15:54] 4489 Weapons catched 
[16:15:54] 363 ItemSets catched 
[16:15:54] 171 ItemTypes catched 
[16:15:54] 2476 NpcTemplates catched 
[16:15:54] 138 NpcSpawns catched 
[16:15:54] 50 NpcItems catched 
[16:15:54] 19801 NpcMessages catched 
[16:15:54] 3 NpcReplies catched 
[16:15:54] 18 Triggers catched
[16:15:55] 43 Handlers Readed
[16:15:55] 48 Messages Readed
[16:15:55] WorldServer start in 10166 ms.
[16:29:55] MySQL Database Connected
[16:29:55] 16 Breeds catched
[16:29:55] 256 Heads catched
[16:29:55] 561 Effects catched
[16:30:04] 11260 DofusMaps catched
[16:30:04] 454 StatedElements catched
[16:30:04] 802 InteractiveElements catched
[16:30:04] 74 HouseInformations catched
[16:30:04] 120 InteractiveDoors catched
[16:30:04] 3614 MapPositions uncatched
[16:30:04] 14681 MapPositions catched
[16:30:04] 42 MapZaaps catched
[16:30:04] 15228 SpellLevels catched 
[16:30:04] 4772 Spells catched 
[16:30:04] 1179 LearnableSpells catched 
[16:30:04] 9780 ItemTemplates catched 
[16:30:05] 4489 Weapons catched 
[16:30:05] 363 ItemSets catched 
[16:30:05] 171 ItemTypes catched 
[16:30:05] 2476 NpcTemplates catched 
[16:30:05] 138 NpcSpawns catched 
[16:30:05] 50 NpcItems catched 
[16:30:05] 19801 NpcMessages catched 
[16:30:05] 3 NpcReplies catched 
[16:30:05] 18 Triggers catched
[16:30:05] 43 Handlers Readed
[16:30:06] 48 Messages Readed
[16:30:06] WorldServer start in 10561 ms.
[16:44:36] MySQL Database Connected
[16:44:36] 16 Breeds catched
[16:44:36] 256 Heads catched
[16:44:36] 561 Effects catched
[16:44:45] 11260 DofusMaps catched
[16:44:45] 454 StatedElements catched
[16:44:45] 802 InteractiveElements catched
[16:44:45] 74 HouseInformations catched
[16:44:45] 120 InteractiveDoors catched
[16:44:45] 3614 MapPositions uncatched
[16:44:45] 14681 MapPositions catched
[16:44:45] 42 MapZaaps catched
[16:44:46] 15228 SpellLevels catched 
[16:44:46] 4772 Spells catched 
[16:44:46] 1179 LearnableSpells catched 
[16:44:46] 9780 ItemTemplates catched 
[16:44:46] 4489 Weapons catched 
[16:44:46] 363 ItemSets catched 
[16:44:46] 171 ItemTypes catched 
[16:44:46] 2476 NpcTemplates catched 
[16:44:46] 138 NpcSpawns catched 
[16:44:47] 50 NpcItems catched 
[16:44:47] 19801 NpcMessages catched 
[16:44:47] 3 NpcReplies catched 
[16:44:47] 18 Triggers catched
[16:44:47] 43 Handlers Readed
[16:44:47] 48 Messages Readed
[16:44:47] WorldServer start in 11262 ms.
[16:56:21] MySQL Database Connected
[16:56:21] 16 Breeds catched
[16:56:21] 256 Heads catched
[16:56:21] 561 Effects catched
[16:56:29] 11260 DofusMaps catched
[16:56:29] 454 StatedElements catched
[16:56:29] 802 InteractiveElements catched
[16:56:29] 74 HouseInformations catched
[16:56:29] 120 InteractiveDoors catched
[16:56:29] 3614 MapPositions uncatched
[16:56:29] 14681 MapPositions catched
[16:56:29] 42 MapZaaps catched
[16:56:29] 15228 SpellLevels catched 
[16:56:29] 4772 Spells catched 
[16:56:29] 1179 LearnableSpells catched 
[16:56:29] 9780 ItemTemplates catched 
[16:56:29] 4489 Weapons catched 
[16:56:30] 363 ItemSets catched 
[16:56:30] 171 ItemTypes catched 
[16:56:30] 2476 NpcTemplates catched 
[16:56:30] 138 NpcSpawns catched 
[16:56:30] 50 NpcItems catched 
[16:56:30] 19801 NpcMessages catched 
[16:56:30] 5 NpcReplies catched 
[16:56:30] 18 Triggers catched
[16:56:30] 43 Handlers Readed
[16:56:30] 48 Messages Readed
[16:56:31] WorldServer start in 10310 ms.
[16:56:59] MySQL Database Connected
[16:56:59] 16 Breeds catched
[16:56:59] 256 Heads catched
[16:56:59] 561 Effects catched
[16:57:06] 11260 DofusMaps catched
[16:57:06] 454 StatedElements catched
[16:57:06] 802 InteractiveElements catched
[16:57:06] 74 HouseInformations catched
[16:57:06] 120 InteractiveDoors catched
[16:57:07] 3614 MapPositions uncatched
[16:57:07] 14681 MapPositions catched
[16:57:07] 42 MapZaaps catched
[16:57:07] 15228 SpellLevels catched 
[16:57:07] 4772 Spells catched 
[16:57:07] 1179 LearnableSpells catched 
[16:57:07] 9780 ItemTemplates catched 
[16:57:07] 4489 Weapons catched 
[16:57:07] 363 ItemSets catched 
[16:57:07] 171 ItemTypes catched 
[16:57:08] 2476 NpcTemplates catched 
[16:57:08] 138 NpcSpawns catched 
[16:57:08] 50 NpcItems catched 
[16:57:08] 19801 NpcMessages catched 
[16:57:08] 5 NpcReplies catched 
[16:57:08] 18 Triggers catched
[16:57:08] 43 Handlers Readed
[16:57:08] 48 Messages Readed
[16:57:08] WorldServer start in 10069 ms.
[16:59:51] MySQL Database Connected
[16:59:51] 16 Breeds catched
[16:59:51] 256 Heads catched
[16:59:51] 561 Effects catched
[16:59:58] 11260 DofusMaps catched
[16:59:58] 454 StatedElements catched
[16:59:58] 802 InteractiveElements catched
[16:59:58] 74 HouseInformations catched
[16:59:58] 120 InteractiveDoors catched
[16:59:58] 3614 MapPositions uncatched
[16:59:58] 14681 MapPositions catched
[16:59:58] 42 MapZaaps catched
[16:59:59] 15228 SpellLevels catched 
[16:59:59] 4772 Spells catched 
[16:59:59] 1179 LearnableSpells catched 
[16:59:59] 9780 ItemTemplates catched 
[16:59:59] 4489 Weapons catched 
[16:59:59] 363 ItemSets catched 
[16:59:59] 171 ItemTypes catched 
[16:59:59] 2476 NpcTemplates catched 
[16:59:59] 138 NpcSpawns catched 
[16:59:59] 50 NpcItems catched 
[17:00:00] 19801 NpcMessages catched 
[17:00:00] 6 NpcReplies catched 
[17:00:00] 18 Triggers catched
[17:00:00] 43 Handlers Readed
[17:00:00] 48 Messages Readed
[17:00:00] WorldServer start in 9901 ms.
