[01:09:46] MySQL Database Connected
[01:09:46] 16 Breeds catched
[01:09:46] 256 Heads catched
[01:09:46] 566 Effects catched
[01:09:47] 4 SuperAreas catched
[01:09:47] 48 Areas catched
[01:09:48] 334 SubAreas catched
[01:09:48] 11267 DofusMaps catched
[01:09:49] 9761 StatedElements catched
[01:09:49] 13349 InteractiveElements catched
[01:09:49] 1485 HouseInformations catched
[01:09:49] 556 InteractiveDoors catched
[01:09:49] 3530 MapPositions uncatched
[01:09:49] 14681 MapPositions catched
[01:09:49] 42 MapZaaps catched
[01:09:49] 79 MapSubways catched
[01:09:49] 15612 SpellLevels catched 
[01:09:49] 4972 Spells catched 
[01:09:49] 4 SpellBombs catched 
[01:09:49] 316 GuildEmblems catched 
[01:09:49] 1179 LearnableSpells catched 
[01:09:49] 10063 ItemTemplates catched 
[01:09:49] 4355 Weapons catched 
[01:09:49] 366 ItemSets catched 
[01:09:49] 171 ItemTypes catched 
[01:09:50] 114 ItemPets catched 
[01:09:50] 2476 NpcTemplates catched 
[01:09:50] 787 NpcSpawns catched 
[01:09:50] 94 NpcItems catched 
[01:09:50] 19801 NpcMessages catched 
[01:09:50] 7 NpcReplies catched 
[01:09:50] 353 Triggers catched
[01:09:50] 1277 Paddocks catched
[01:09:50] 72 Mounts catched
[01:09:50] 3 Guild catched
[01:09:50] 2 GuildMembers catched
[01:09:50] 11 GatheringJob LevelInfos catched
[01:09:50] 233 InteractiveSkills LevelInfos catched
[01:09:50] 2210 Monster Templates catched
[01:09:50] 11688 Monster Grades catched
[01:09:50] 8021 Monster Drops catched
[01:09:51] 128 Handlers Readed
[01:09:52] 175 Messages Readed
[01:09:52] WorldServer start in 5742 ms.
[01:13:11] MySQL Database Connected
[01:13:11] 16 Breeds catched
[01:13:11] 256 Heads catched
[01:13:11] 566 Effects catched
[01:13:12] 4 SuperAreas catched
[01:13:12] 48 Areas catched
[01:13:13] 334 SubAreas catched
[01:13:13] 11267 DofusMaps catched
[01:13:13] 9761 StatedElements catched
[01:13:14] 13349 InteractiveElements catched
[01:13:14] 1485 HouseInformations catched
[01:13:14] 556 InteractiveDoors catched
[01:13:14] 3530 MapPositions uncatched
[01:13:14] 14681 MapPositions catched
[01:13:14] 42 MapZaaps catched
[01:13:14] 79 MapSubways catched
[01:13:14] 15612 SpellLevels catched 
[01:13:14] 4972 Spells catched 
[01:13:14] 4 SpellBombs catched 
[01:13:14] 316 GuildEmblems catched 
[01:13:14] 1179 LearnableSpells catched 
[01:13:14] 10063 ItemTemplates catched 
[01:13:14] 4355 Weapons catched 
[01:13:14] 366 ItemSets catched 
[01:13:14] 171 ItemTypes catched 
[01:13:14] 114 ItemPets catched 
[01:13:15] 2476 NpcTemplates catched 
[01:13:15] 787 NpcSpawns catched 
[01:13:15] 94 NpcItems catched 
[01:13:15] 19801 NpcMessages catched 
[01:13:15] 7 NpcReplies catched 
[01:13:15] 353 Triggers catched
[01:13:15] 1277 Paddocks catched
[01:13:15] 72 Mounts catched
[01:13:15] 3 Guild catched
[01:13:15] 2 GuildMembers catched
[01:13:15] 11 GatheringJob LevelInfos catched
[01:13:15] 233 InteractiveSkills LevelInfos catched
[01:13:15] 2210 Monster Templates catched
[01:13:15] 11688 Monster Grades catched
[01:13:15] 8021 Monster Drops catched
[01:13:16] 128 Handlers Readed
[01:13:16] 175 Messages Readed
[01:13:16] WorldServer start in 5223 ms.
[01:22:04] MySQL Database Connected
[01:22:04] 16 Breeds catched
[01:22:04] 256 Heads catched
[01:22:04] 566 Effects catched
[01:22:05] 4 SuperAreas catched
[01:22:05] 48 Areas catched
[01:22:06] 334 SubAreas catched
[01:22:07] 11267 DofusMaps catched
[01:22:07] 9761 StatedElements catched
[01:22:07] 13349 InteractiveElements catched
[01:22:07] 1485 HouseInformations catched
[01:22:07] 556 InteractiveDoors catched
[01:22:07] 3530 MapPositions uncatched
[01:22:07] 14681 MapPositions catched
[01:22:07] 42 MapZaaps catched
[01:22:07] 79 MapSubways catched
[01:22:07] 15612 SpellLevels catched 
[01:22:07] 4972 Spells catched 
[01:22:07] 4 SpellBombs catched 
[01:22:07] 316 GuildEmblems catched 
[01:22:07] 1179 LearnableSpells catched 
[01:22:07] 10063 ItemTemplates catched 
[01:22:07] 4355 Weapons catched 
[01:22:07] 366 ItemSets catched 
[01:22:07] 171 ItemTypes catched 
[01:22:08] 114 ItemPets catched 
[01:22:08] 2476 NpcTemplates catched 
[01:22:08] 787 NpcSpawns catched 
[01:22:08] 94 NpcItems catched 
[01:22:08] 19801 NpcMessages catched 
[01:22:08] 7 NpcReplies catched 
[01:22:08] 353 Triggers catched
[01:22:08] 1277 Paddocks catched
[01:22:08] 72 Mounts catched
[01:22:08] 3 Guild catched
[01:22:08] 2 GuildMembers catched
[01:22:08] 11 GatheringJob LevelInfos catched
[01:22:08] 233 InteractiveSkills LevelInfos catched
[01:22:08] 2210 Monster Templates catched
[01:22:08] 11688 Monster Grades catched
[01:22:08] 8021 Monster Drops catched
[01:22:09] 128 Handlers Readed
[01:22:10] 175 Messages Readed
[01:22:10] WorldServer start in 6086 ms.
[13:42:11] MySQL Database Connected
[13:42:11] 16 Breeds catched
[13:42:11] 256 Heads catched
[13:42:11] 566 Effects catched
[13:42:12] 4 SuperAreas catched
[13:42:12] 48 Areas catched
[13:42:13] 334 SubAreas catched
[13:42:14] 11267 DofusMaps catched
[13:42:14] 9761 StatedElements catched
[13:42:14] 13349 InteractiveElements catched
[13:42:14] 1485 HouseInformations catched
[13:42:14] 556 InteractiveDoors catched
[13:42:14] 3530 MapPositions uncatched
[13:42:14] 14681 MapPositions catched
[13:42:14] 42 MapZaaps catched
[13:42:14] 79 MapSubways catched
[13:42:15] 15612 SpellLevels catched 
[13:42:15] 4972 Spells catched 
[13:42:15] 4 SpellBombs catched 
[13:42:15] 316 GuildEmblems catched 
[13:42:15] 1179 LearnableSpells catched 
[13:42:15] 10063 ItemTemplates catched 
[13:42:15] 4355 Weapons catched 
[13:42:15] 366 ItemSets catched 
[13:42:15] 171 ItemTypes catched 
[13:42:15] 114 ItemPets catched 
[13:42:15] 2476 NpcTemplates catched 
[13:42:15] 787 NpcSpawns catched 
[13:42:16] 94 NpcItems catched 
[13:42:16] 19801 NpcMessages catched 
[13:42:16] 7 NpcReplies catched 
[13:42:16] 353 Triggers catched
[13:42:16] 1277 Paddocks catched
[13:42:16] 72 Mounts catched
[13:42:16] 3 Guild catched
[13:42:16] 2 GuildMembers catched
[13:42:16] 11 GatheringJob LevelInfos catched
[13:42:16] 233 InteractiveSkills LevelInfos catched
[13:42:16] 2210 Monster Templates catched
[13:42:16] 11688 Monster Grades catched
[13:42:16] 8021 Monster Drops catched
[13:42:17] 128 Handlers Readed
[13:42:18] 175 Messages Readed
[13:42:18] WorldServer start in 6761 ms.
[13:46:47] MySQL Database Connected
[13:46:47] 16 Breeds catched
[13:46:47] 256 Heads catched
[13:46:47] 566 Effects catched
[13:46:48] 4 SuperAreas catched
[13:46:48] 48 Areas catched
[13:46:49] 334 SubAreas catched
[13:46:50] 11267 DofusMaps catched
[13:46:50] 9761 StatedElements catched
[13:46:50] 13349 InteractiveElements catched
[13:46:50] 1485 HouseInformations catched
[13:46:50] 556 InteractiveDoors catched
[13:46:50] 3530 MapPositions uncatched
[13:46:50] 14681 MapPositions catched
[13:46:50] 42 MapZaaps catched
[13:46:50] 79 MapSubways catched
[13:46:50] 15612 SpellLevels catched 
[13:46:50] 4972 Spells catched 
[13:46:50] 4 SpellBombs catched 
[13:46:50] 316 GuildEmblems catched 
[13:46:50] 1179 LearnableSpells catched 
[13:46:50] 10063 ItemTemplates catched 
[13:46:51] 4355 Weapons catched 
[13:46:51] 366 ItemSets catched 
[13:46:51] 171 ItemTypes catched 
[13:46:51] 114 ItemPets catched 
[13:46:51] 2476 NpcTemplates catched 
[13:46:51] 787 NpcSpawns catched 
[13:46:51] 94 NpcItems catched 
[13:46:51] 19801 NpcMessages catched 
[13:46:51] 7 NpcReplies catched 
[13:46:51] 353 Triggers catched
[13:46:51] 1277 Paddocks catched
[13:46:51] 72 Mounts catched
[13:46:51] 3 Guild catched
[13:46:51] 2 GuildMembers catched
[13:46:51] 11 GatheringJob LevelInfos catched
[13:46:51] 233 InteractiveSkills LevelInfos catched
[13:46:51] 2210 Monster Templates catched
[13:46:51] 11688 Monster Grades catched
[13:46:51] 8021 Monster Drops catched
[13:46:52] 128 Handlers Readed
[13:46:53] 175 Messages Readed
[13:46:53] WorldServer start in 6083 ms.
[13:48:36] MySQL Database Connected
[13:48:36] 16 Breeds catched
[13:48:36] 256 Heads catched
[13:48:36] 566 Effects catched
[13:48:36] 4 SuperAreas catched
[13:48:36] 48 Areas catched
[13:48:37] 334 SubAreas catched
[13:48:38] 11267 DofusMaps catched
[13:48:38] 9761 StatedElements catched
[13:48:38] 13349 InteractiveElements catched
[13:48:38] 1485 HouseInformations catched
[13:48:38] 556 InteractiveDoors catched
[13:48:38] 3530 MapPositions uncatched
[13:48:38] 14681 MapPositions catched
[13:48:38] 42 MapZaaps catched
[13:48:38] 79 MapSubways catched
[13:48:38] 15612 SpellLevels catched 
[13:48:39] 4972 Spells catched 
[13:48:39] 4 SpellBombs catched 
[13:48:39] 316 GuildEmblems catched 
[13:48:39] 1179 LearnableSpells catched 
[13:48:39] 10063 ItemTemplates catched 
[13:48:39] 4355 Weapons catched 
[13:48:39] 366 ItemSets catched 
[13:48:39] 171 ItemTypes catched 
[13:48:39] 114 ItemPets catched 
[13:48:39] 2476 NpcTemplates catched 
[13:48:39] 787 NpcSpawns catched 
[13:48:39] 94 NpcItems catched 
[13:48:39] 19801 NpcMessages catched 
[13:48:39] 7 NpcReplies catched 
[13:48:39] 353 Triggers catched
[13:48:39] 1277 Paddocks catched
[13:48:39] 72 Mounts catched
[13:48:39] 3 Guild catched
[13:48:39] 2 GuildMembers catched
[13:48:39] 11 GatheringJob LevelInfos catched
[13:48:40] 233 InteractiveSkills LevelInfos catched
[13:48:40] 2210 Monster Templates catched
[13:48:40] 11688 Monster Grades catched
[13:48:40] 8021 Monster Drops catched
[13:48:40] 128 Handlers Readed
[13:48:41] 175 Messages Readed
[13:48:41] WorldServer start in 5833 ms.
[13:52:04] MySQL Database Connected
[13:52:04] 16 Breeds catched
[13:52:04] 256 Heads catched
[13:52:04] 566 Effects catched
[13:52:04] 4 SuperAreas catched
[13:52:04] 48 Areas catched
[13:52:05] 334 SubAreas catched
[13:52:06] 11267 DofusMaps catched
[13:52:06] 9761 StatedElements catched
[13:52:06] 13349 InteractiveElements catched
[13:52:06] 1485 HouseInformations catched
[13:52:06] 556 InteractiveDoors catched
[13:52:06] 3530 MapPositions uncatched
[13:52:06] 14681 MapPositions catched
[13:52:06] 42 MapZaaps catched
[13:52:06] 79 MapSubways catched
[13:52:07] 15612 SpellLevels catched 
[13:52:07] 4972 Spells catched 
[13:52:07] 4 SpellBombs catched 
[13:52:07] 316 GuildEmblems catched 
[13:52:07] 1179 LearnableSpells catched 
[13:52:07] 10063 ItemTemplates catched 
[13:52:07] 4355 Weapons catched 
[13:52:07] 366 ItemSets catched 
[13:52:07] 171 ItemTypes catched 
[13:52:07] 114 ItemPets catched 
[13:52:07] 2476 NpcTemplates catched 
[13:52:07] 787 NpcSpawns catched 
[13:52:07] 94 NpcItems catched 
[13:52:07] 19801 NpcMessages catched 
[13:52:08] 7 NpcReplies catched 
[13:52:08] 353 Triggers catched
[13:52:08] 1277 Paddocks catched
[13:52:08] 72 Mounts catched
[13:52:08] 3 Guild catched
[13:52:08] 2 GuildMembers catched
[13:52:08] 11 GatheringJob LevelInfos catched
[13:52:08] 233 InteractiveSkills LevelInfos catched
[13:52:08] 2210 Monster Templates catched
[13:52:08] 11688 Monster Grades catched
[13:52:08] 8021 Monster Drops catched
[13:52:09] 128 Handlers Readed
[13:52:09] 175 Messages Readed
[13:52:09] WorldServer start in 6062 ms.
[14:04:03] MySQL Database Connected
[14:04:03] 16 Breeds catched
[14:04:03] 256 Heads catched
[14:04:03] 566 Effects catched
[14:04:03] 4 SuperAreas catched
[14:04:03] 48 Areas catched
[14:04:04] 334 SubAreas catched
[14:04:05] 11267 DofusMaps catched
[14:04:05] 9761 StatedElements catched
[14:04:05] 13349 InteractiveElements catched
[14:04:05] 1485 HouseInformations catched
[14:04:05] 556 InteractiveDoors catched
[14:04:05] 3530 MapPositions uncatched
[14:04:05] 14681 MapPositions catched
[14:04:05] 42 MapZaaps catched
[14:04:05] 79 MapSubways catched
[14:04:05] 15612 SpellLevels catched 
[14:04:06] 4972 Spells catched 
[14:04:06] 4 SpellBombs catched 
[14:04:06] 316 GuildEmblems catched 
[14:04:06] 1179 LearnableSpells catched 
[14:04:06] 10063 ItemTemplates catched 
[14:04:06] 4355 Weapons catched 
[14:04:06] 366 ItemSets catched 
[14:04:06] 171 ItemTypes catched 
[14:04:06] 114 ItemPets catched 
[14:04:06] 2476 NpcTemplates catched 
[14:04:06] 787 NpcSpawns catched 
[14:04:06] 94 NpcItems catched 
[14:04:06] 19801 NpcMessages catched 
[14:04:06] 7 NpcReplies catched 
[14:04:06] 353 Triggers catched
[14:04:06] 1277 Paddocks catched
[14:04:06] 72 Mounts catched
[14:04:06] 3 Guild catched
[14:04:06] 2 GuildMembers catched
[14:04:06] 11 GatheringJob LevelInfos catched
[14:04:07] 233 InteractiveSkills LevelInfos catched
[14:04:07] 2210 Monster Templates catched
[14:04:07] 11688 Monster Grades catched
[14:04:07] 8021 Monster Drops catched
[14:04:07] 128 Handlers Readed
[14:04:08] 175 Messages Readed
[14:04:08] WorldServer start in 5699 ms.
[14:26:13] MySQL Database Connected
[14:26:13] 16 Breeds catched
[14:26:13] 256 Heads catched
[14:26:13] 566 Effects catched
[14:26:14] 4 SuperAreas catched
[14:26:14] 48 Areas catched
[14:26:15] 334 SubAreas catched
[14:26:16] 11267 DofusMaps catched
[14:26:16] 9761 StatedElements catched
[14:26:16] 13349 InteractiveElements catched
[14:26:16] 1485 HouseInformations catched
[14:26:16] 556 InteractiveDoors catched
[14:26:16] 3530 MapPositions uncatched
[14:26:16] 14681 MapPositions catched
[14:26:16] 42 MapZaaps catched
[14:26:16] 79 MapSubways catched
[14:26:16] 15612 SpellLevels catched 
[14:26:16] 4972 Spells catched 
[14:26:16] 4 SpellBombs catched 
[14:26:16] 316 GuildEmblems catched 
[14:26:16] 1179 LearnableSpells catched 
[14:26:16] 10063 ItemTemplates catched 
[14:26:16] 4355 Weapons catched 
[14:26:16] 366 ItemSets catched 
[14:26:16] 171 ItemTypes catched 
[14:26:17] 114 ItemPets catched 
[14:26:17] 2476 NpcTemplates catched 
[14:26:17] 787 NpcSpawns catched 
[14:26:17] 94 NpcItems catched 
[14:26:17] 19801 NpcMessages catched 
[14:26:17] 7 NpcReplies catched 
[14:26:17] 353 Triggers catched
[14:26:17] 1277 Paddocks catched
[14:26:17] 72 Mounts catched
[14:26:17] 3 Guild catched
[14:26:17] 2 GuildMembers catched
[14:26:17] 11 GatheringJob LevelInfos catched
[14:26:17] 233 InteractiveSkills LevelInfos catched
[14:26:17] 2210 Monster Templates catched
[14:26:17] 11688 Monster Grades catched
[14:26:17] 8021 Monster Drops catched
[14:26:18] 128 Handlers Readed
[14:26:19] 175 Messages Readed
[14:26:19] WorldServer start in 5880 ms.
[19:30:17] MySQL Database Connected
[19:30:17] 16 Breeds catched
[19:30:17] 256 Heads catched
[19:30:17] 566 Effects catched
[19:30:18] 4 SuperAreas catched
[19:30:18] 48 Areas catched
[19:30:19] 334 SubAreas catched
[19:30:19] 11267 DofusMaps catched
[19:30:19] 9761 StatedElements catched
[19:30:20] 13349 InteractiveElements catched
[19:30:20] 1485 HouseInformations catched
[19:30:20] 556 InteractiveDoors catched
[19:30:20] 3530 MapPositions uncatched
[19:30:20] 14681 MapPositions catched
[19:30:20] 42 MapZaaps catched
[19:30:20] 79 MapSubways catched
[19:30:20] 15612 SpellLevels catched 
[19:30:20] 4972 Spells catched 
[19:30:20] 4 SpellBombs catched 
[19:30:20] 316 GuildEmblems catched 
[19:30:20] 1179 LearnableSpells catched 
[19:30:20] 10063 ItemTemplates catched 
[19:30:20] 4355 Weapons catched 
[19:30:20] 366 ItemSets catched 
[19:30:20] 171 ItemTypes catched 
[19:30:20] 114 ItemPets catched 
[19:30:21] 2476 NpcTemplates catched 
[19:30:21] 787 NpcSpawns catched 
[19:30:21] 94 NpcItems catched 
[19:30:21] 19801 NpcMessages catched 
[19:30:21] 7 NpcReplies catched 
[19:30:21] 353 Triggers catched
[19:30:21] 1277 Paddocks catched
[19:30:21] 72 Mounts catched
[19:30:21] 3 Guild catched
[19:30:21] 2 GuildMembers catched
[19:30:21] 11 GatheringJob LevelInfos catched
[19:30:21] 233 InteractiveSkills LevelInfos catched
[19:30:21] 2210 Monster Templates catched
[19:30:21] 11688 Monster Grades catched
[19:30:21] 8021 Monster Drops catched
[19:30:22] 128 Handlers Readed
[19:30:23] 175 Messages Readed
[19:30:23] WorldServer start in 6173 ms.
[19:31:33] MySQL Database Connected
[19:31:33] 16 Breeds catched
[19:31:33] 256 Heads catched
[19:31:33] 566 Effects catched
[19:31:34] 4 SuperAreas catched
[19:31:34] 48 Areas catched
[19:31:35] 334 SubAreas catched
[19:31:36] 11267 DofusMaps catched
[19:31:36] 9761 StatedElements catched
[19:31:36] 13349 InteractiveElements catched
[19:31:36] 1485 HouseInformations catched
[19:31:36] 556 InteractiveDoors catched
[19:31:36] 3530 MapPositions uncatched
[19:31:36] 14681 MapPositions catched
[19:31:36] 42 MapZaaps catched
[19:31:36] 79 MapSubways catched
[19:31:36] 15612 SpellLevels catched 
[19:31:36] 4972 Spells catched 
[19:31:36] 4 SpellBombs catched 
[19:31:36] 316 GuildEmblems catched 
[19:31:36] 1179 LearnableSpells catched 
[19:31:37] 10063 ItemTemplates catched 
[19:31:37] 4355 Weapons catched 
[19:31:37] 366 ItemSets catched 
[19:31:37] 171 ItemTypes catched 
[19:31:37] 114 ItemPets catched 
[19:31:37] 2476 NpcTemplates catched 
[19:31:37] 787 NpcSpawns catched 
[19:31:37] 94 NpcItems catched 
[19:31:37] 19801 NpcMessages catched 
[19:31:37] 7 NpcReplies catched 
[19:31:37] 353 Triggers catched
[19:31:37] 1277 Paddocks catched
[19:31:37] 72 Mounts catched
[19:31:37] 3 Guild catched
[19:31:37] 2 GuildMembers catched
[19:31:37] 11 GatheringJob LevelInfos catched
[19:31:37] 233 InteractiveSkills LevelInfos catched
[19:31:37] 2210 Monster Templates catched
[19:31:37] 11688 Monster Grades catched
[19:31:38] 8021 Monster Drops catched
[19:31:38] 128 Handlers Readed
[19:31:39] 175 Messages Readed
[19:31:39] WorldServer start in 6172 ms.
[19:32:37] MySQL Database Connected
[19:32:37] 16 Breeds catched
[19:32:37] 256 Heads catched
[19:32:37] 566 Effects catched
[19:32:37] 4 SuperAreas catched
[19:32:37] 48 Areas catched
[19:32:39] 334 SubAreas catched
[19:32:39] 11267 DofusMaps catched
[19:32:39] 9761 StatedElements catched
[19:32:39] 13349 InteractiveElements catched
[19:32:39] 1485 HouseInformations catched
[19:32:39] 556 InteractiveDoors catched
[19:32:40] 3530 MapPositions uncatched
[19:32:40] 14681 MapPositions catched
[19:32:40] 42 MapZaaps catched
[19:32:40] 79 MapSubways catched
[19:32:40] 15612 SpellLevels catched 
[19:32:40] 4972 Spells catched 
[19:32:40] 4 SpellBombs catched 
[19:32:40] 316 GuildEmblems catched 
[19:32:40] 1179 LearnableSpells catched 
[19:32:40] 10063 ItemTemplates catched 
[19:32:40] 4355 Weapons catched 
[19:32:40] 366 ItemSets catched 
[19:32:40] 171 ItemTypes catched 
[19:32:40] 114 ItemPets catched 
[19:32:41] 2476 NpcTemplates catched 
[19:32:41] 787 NpcSpawns catched 
[19:32:41] 94 NpcItems catched 
[19:32:41] 19801 NpcMessages catched 
[19:32:41] 7 NpcReplies catched 
[19:32:41] 353 Triggers catched
[19:32:41] 1277 Paddocks catched
[19:32:41] 72 Mounts catched
[19:32:41] 3 Guild catched
[19:32:41] 2 GuildMembers catched
[19:32:41] 11 GatheringJob LevelInfos catched
[19:32:41] 233 InteractiveSkills LevelInfos catched
[19:32:41] 2210 Monster Templates catched
[19:32:41] 11688 Monster Grades catched
[19:32:41] 8021 Monster Drops catched
[19:32:42] 128 Handlers Readed
[19:32:42] 175 Messages Readed
[19:32:42] WorldServer start in 6269 ms.
[19:34:58] MySQL Database Connected
[19:34:58] 16 Breeds catched
[19:34:58] 256 Heads catched
[19:34:58] 566 Effects catched
[19:34:59] 4 SuperAreas catched
[19:34:59] 48 Areas catched
[19:35:00] 334 SubAreas catched
[19:35:01] 11267 DofusMaps catched
[19:35:01] 9761 StatedElements catched
[19:35:01] 13349 InteractiveElements catched
[19:35:01] 1485 HouseInformations catched
[19:35:01] 556 InteractiveDoors catched
[19:35:01] 3530 MapPositions uncatched
[19:35:01] 14681 MapPositions catched
[19:35:01] 42 MapZaaps catched
[19:35:01] 79 MapSubways catched
[19:35:01] 15612 SpellLevels catched 
[19:35:01] 4972 Spells catched 
[19:35:01] 4 SpellBombs catched 
[19:35:01] 316 GuildEmblems catched 
[19:35:01] 1179 LearnableSpells catched 
[19:35:02] 10063 ItemTemplates catched 
[19:35:02] 4355 Weapons catched 
[19:35:02] 366 ItemSets catched 
[19:35:02] 171 ItemTypes catched 
[19:35:02] 114 ItemPets catched 
[19:35:02] 2476 NpcTemplates catched 
[19:35:02] 787 NpcSpawns catched 
[19:35:02] 94 NpcItems catched 
[19:35:02] 19801 NpcMessages catched 
[19:35:02] 7 NpcReplies catched 
[19:35:02] 353 Triggers catched
[19:35:02] 1277 Paddocks catched
[19:35:02] 72 Mounts catched
[19:35:02] 3 Guild catched
[19:35:02] 2 GuildMembers catched
[19:35:02] 11 GatheringJob LevelInfos catched
[19:35:03] 233 InteractiveSkills LevelInfos catched
[19:35:03] 2210 Monster Templates catched
[19:35:03] 11688 Monster Grades catched
[19:35:03] 8021 Monster Drops catched
[19:35:03] 128 Handlers Readed
[19:35:04] 175 Messages Readed
[19:35:04] WorldServer start in 6127 ms.
[19:43:29] MySQL Database Connected
[19:43:29] 16 Breeds catched
[19:43:29] 256 Heads catched
[19:43:29] 566 Effects catched
[19:43:29] 4 SuperAreas catched
[19:43:29] 48 Areas catched
[19:43:30] 334 SubAreas catched
[19:43:31] 11267 DofusMaps catched
[19:43:31] 9761 StatedElements catched
[19:43:31] 13349 InteractiveElements catched
[19:43:31] 1485 HouseInformations catched
[19:43:31] 556 InteractiveDoors catched
[19:43:31] 3530 MapPositions uncatched
[19:43:31] 14681 MapPositions catched
[19:43:31] 42 MapZaaps catched
[19:43:31] 79 MapSubways catched
[19:43:32] 15612 SpellLevels catched 
[19:43:32] 4972 Spells catched 
[19:43:32] 4 SpellBombs catched 
[19:43:32] 316 GuildEmblems catched 
[19:43:32] 1179 LearnableSpells catched 
[19:43:32] 10063 ItemTemplates catched 
[19:43:32] 4355 Weapons catched 
[19:43:32] 366 ItemSets catched 
[19:43:32] 171 ItemTypes catched 
[19:43:32] 114 ItemPets catched 
[19:43:32] 2476 NpcTemplates catched 
[19:43:32] 787 NpcSpawns catched 
[19:43:32] 94 NpcItems catched 
[19:43:32] 19801 NpcMessages catched 
[19:43:32] 7 NpcReplies catched 
[19:43:32] 353 Triggers catched
[19:43:32] 1277 Paddocks catched
[19:43:32] 72 Mounts catched
[19:43:32] 3 Guild catched
[19:43:32] 2 GuildMembers catched
[19:43:32] 11 GatheringJob LevelInfos catched
[19:43:33] 233 InteractiveSkills LevelInfos catched
[19:43:33] 2210 Monster Templates catched
[19:43:33] 11688 Monster Grades catched
[19:43:33] 8021 Monster Drops catched
[19:43:33] 128 Handlers Readed
[19:43:34] 175 Messages Readed
[19:43:34] WorldServer start in 5740 ms.
[19:44:56] MySQL Database Connected
[19:44:56] 16 Breeds catched
[19:44:56] 256 Heads catched
[19:44:56] 566 Effects catched
[19:44:57] 4 SuperAreas catched
[19:44:57] 48 Areas catched
[19:44:58] 334 SubAreas catched
[19:44:59] 11267 DofusMaps catched
[19:44:59] 9761 StatedElements catched
[19:44:59] 13349 InteractiveElements catched
[19:44:59] 1485 HouseInformations catched
[19:44:59] 556 InteractiveDoors catched
[19:44:59] 3530 MapPositions uncatched
[19:44:59] 14681 MapPositions catched
[19:44:59] 42 MapZaaps catched
[19:44:59] 79 MapSubways catched
[19:45:00] 15612 SpellLevels catched 
[19:45:00] 4972 Spells catched 
[19:45:00] 4 SpellBombs catched 
[19:45:00] 316 GuildEmblems catched 
[19:45:00] 1179 LearnableSpells catched 
[19:45:00] 10063 ItemTemplates catched 
[19:45:00] 4355 Weapons catched 
[19:45:00] 366 ItemSets catched 
[19:45:00] 171 ItemTypes catched 
[19:45:00] 114 ItemPets catched 
[19:45:00] 2476 NpcTemplates catched 
[19:45:00] 787 NpcSpawns catched 
[19:45:00] 94 NpcItems catched 
[19:45:01] 19801 NpcMessages catched 
[19:45:01] 7 NpcReplies catched 
[19:45:01] 353 Triggers catched
[19:45:01] 1277 Paddocks catched
[19:45:01] 72 Mounts catched
[19:45:01] 3 Guild catched
[19:45:01] 2 GuildMembers catched
[19:45:01] 11 GatheringJob LevelInfos catched
[19:45:01] 233 InteractiveSkills LevelInfos catched
[19:45:01] 2210 Monster Templates catched
[19:45:01] 11688 Monster Grades catched
[19:45:01] 8021 Monster Drops catched
[19:45:02] 128 Handlers Readed
[19:45:02] 175 Messages Readed
[19:45:02] WorldServer start in 6507 ms.
[19:54:41] MySQL Database Connected
[19:54:41] 16 Breeds catched
[19:54:41] 256 Heads catched
[19:54:41] 566 Effects catched
[19:54:42] 4 SuperAreas catched
[19:54:42] 48 Areas catched
[19:54:43] 334 SubAreas catched
[19:54:43] 11267 DofusMaps catched
[19:54:43] 9761 StatedElements catched
[19:54:43] 13349 InteractiveElements catched
[19:54:43] 1485 HouseInformations catched
[19:54:43] 556 InteractiveDoors catched
[19:54:44] 3530 MapPositions uncatched
[19:54:44] 14681 MapPositions catched
[19:54:44] 42 MapZaaps catched
[19:54:44] 79 MapSubways catched
[19:54:44] 15612 SpellLevels catched 
[19:54:44] 4972 Spells catched 
[19:54:44] 4 SpellBombs catched 
[19:54:44] 316 GuildEmblems catched 
[19:54:44] 1179 LearnableSpells catched 
[19:54:44] 10063 ItemTemplates catched 
[19:54:44] 4355 Weapons catched 
[19:54:44] 366 ItemSets catched 
[19:54:44] 171 ItemTypes catched 
[19:54:44] 114 ItemPets catched 
[19:54:44] 2476 NpcTemplates catched 
[19:54:44] 787 NpcSpawns catched 
[19:54:44] 94 NpcItems catched 
[19:54:45] 19801 NpcMessages catched 
[19:54:45] 7 NpcReplies catched 
[19:54:45] 353 Triggers catched
[19:54:45] 1277 Paddocks catched
[19:54:45] 72 Mounts catched
[19:54:45] 3 Guild catched
[19:54:45] 2 GuildMembers catched
[19:54:45] 11 GatheringJob LevelInfos catched
[19:54:45] 233 InteractiveSkills LevelInfos catched
[19:54:45] 2210 Monster Templates catched
[19:54:45] 11688 Monster Grades catched
[19:54:45] 8021 Monster Drops catched
[19:54:46] 128 Handlers Readed
[19:54:46] 175 Messages Readed
[19:54:46] WorldServer start in 5731 ms.
[19:56:25] MySQL Database Connected
[19:56:25] 16 Breeds catched
[19:56:25] 256 Heads catched
[19:56:25] 566 Effects catched
[19:56:25] 4 SuperAreas catched
[19:56:25] 48 Areas catched
[19:56:26] 334 SubAreas catched
[19:56:27] 11267 DofusMaps catched
[19:56:27] 9761 StatedElements catched
[19:56:27] 13349 InteractiveElements catched
[19:56:27] 1485 HouseInformations catched
[19:56:27] 556 InteractiveDoors catched
[19:56:27] 3530 MapPositions uncatched
[19:56:27] 14681 MapPositions catched
[19:56:27] 42 MapZaaps catched
[19:56:27] 79 MapSubways catched
[19:56:27] 15612 SpellLevels catched 
[19:56:28] 4972 Spells catched 
[19:56:28] 4 SpellBombs catched 
[19:56:28] 316 GuildEmblems catched 
[19:56:28] 1179 LearnableSpells catched 
[19:56:28] 10063 ItemTemplates catched 
[19:56:28] 4355 Weapons catched 
[19:56:28] 366 ItemSets catched 
[19:56:28] 171 ItemTypes catched 
[19:56:28] 114 ItemPets catched 
[19:56:28] 2476 NpcTemplates catched 
[19:56:28] 787 NpcSpawns catched 
[19:56:28] 94 NpcItems catched 
[19:56:28] 19801 NpcMessages catched 
[19:56:28] 7 NpcReplies catched 
[19:56:28] 353 Triggers catched
[19:56:28] 1277 Paddocks catched
[19:56:28] 72 Mounts catched
[19:56:28] 3 Guild catched
[19:56:28] 2 GuildMembers catched
[19:56:28] 11 GatheringJob LevelInfos catched
[19:56:29] 233 InteractiveSkills LevelInfos catched
[19:56:29] 2210 Monster Templates catched
[19:56:29] 11688 Monster Grades catched
[19:56:29] 8021 Monster Drops catched
[19:56:29] 128 Handlers Readed
[19:56:30] 175 Messages Readed
[19:56:30] WorldServer start in 5864 ms.
[19:57:44] MySQL Database Connected
[19:57:44] 16 Breeds catched
[19:57:44] 256 Heads catched
[19:57:44] 566 Effects catched
[19:57:44] 4 SuperAreas catched
[19:57:44] 48 Areas catched
[19:57:45] 334 SubAreas catched
[19:57:46] 11267 DofusMaps catched
[19:57:46] 9761 StatedElements catched
[19:57:46] 13349 InteractiveElements catched
[19:57:46] 1485 HouseInformations catched
[19:57:46] 556 InteractiveDoors catched
[19:57:46] 3530 MapPositions uncatched
[19:57:46] 14681 MapPositions catched
[19:57:46] 42 MapZaaps catched
[19:57:46] 79 MapSubways catched
[19:57:47] 15612 SpellLevels catched 
[19:57:47] 4972 Spells catched 
[19:57:47] 4 SpellBombs catched 
[19:57:47] 316 GuildEmblems catched 
[19:57:47] 1179 LearnableSpells catched 
[19:57:47] 10063 ItemTemplates catched 
[19:57:47] 4355 Weapons catched 
[19:57:47] 366 ItemSets catched 
[19:57:47] 171 ItemTypes catched 
[19:57:47] 114 ItemPets catched 
[19:57:47] 2476 NpcTemplates catched 
[19:57:47] 787 NpcSpawns catched 
[19:57:47] 94 NpcItems catched 
[19:57:48] 19801 NpcMessages catched 
[19:57:48] 7 NpcReplies catched 
[19:57:48] 353 Triggers catched
[19:57:48] 1277 Paddocks catched
[19:57:48] 72 Mounts catched
[19:57:48] 3 Guild catched
[19:57:48] 2 GuildMembers catched
[19:57:48] 11 GatheringJob LevelInfos catched
[19:57:48] 233 InteractiveSkills LevelInfos catched
[19:57:48] 2210 Monster Templates catched
[19:57:48] 11688 Monster Grades catched
[19:57:48] 8021 Monster Drops catched
[19:57:49] 128 Handlers Readed
[19:57:49] 175 Messages Readed
[19:57:49] WorldServer start in 6130 ms.
[20:11:16] MySQL Database Connected
[20:11:16] 16 Breeds catched
[20:11:16] 256 Heads catched
[20:11:16] 566 Effects catched
[20:11:16] 4 SuperAreas catched
[20:11:16] 48 Areas catched
[20:11:17] 334 SubAreas catched
[20:11:18] 11267 DofusMaps catched
[20:11:18] 9761 StatedElements catched
[20:11:18] 13349 InteractiveElements catched
[20:11:18] 1485 HouseInformations catched
[20:11:18] 556 InteractiveDoors catched
[20:11:18] 3530 MapPositions uncatched
[20:11:18] 14681 MapPositions catched
[20:11:18] 42 MapZaaps catched
[20:11:18] 79 MapSubways catched
[20:11:18] 15612 SpellLevels catched 
[20:11:18] 4972 Spells catched 
[20:11:18] 4 SpellBombs catched 
[20:11:18] 316 GuildEmblems catched 
[20:11:18] 1179 LearnableSpells catched 
[20:11:19] 10063 ItemTemplates catched 
[20:11:19] 4355 Weapons catched 
[20:11:19] 366 ItemSets catched 
[20:11:19] 171 ItemTypes catched 
[20:11:19] 114 ItemPets catched 
[20:11:19] 2476 NpcTemplates catched 
[20:11:19] 787 NpcSpawns catched 
[20:11:19] 94 NpcItems catched 
[20:11:19] 19801 NpcMessages catched 
[20:11:19] 7 NpcReplies catched 
[20:11:19] 353 Triggers catched
[20:11:19] 1277 Paddocks catched
[20:11:19] 72 Mounts catched
[20:11:19] 3 Guild catched
[20:11:19] 2 GuildMembers catched
[20:11:19] 11 GatheringJob LevelInfos catched
[20:11:19] 233 InteractiveSkills LevelInfos catched
[20:11:19] 2210 Monster Templates catched
[20:11:20] 11688 Monster Grades catched
[20:11:20] 8021 Monster Drops catched
[20:11:20] 128 Handlers Readed
[20:11:21] 175 Messages Readed
[20:11:21] WorldServer start in 5553 ms.
[20:15:56] MySQL Database Connected
[20:15:56] 16 Breeds catched
[20:15:56] 256 Heads catched
[20:15:56] 566 Effects catched
[20:15:57] 4 SuperAreas catched
[20:15:57] 48 Areas catched
[20:15:58] 334 SubAreas catched
[20:15:58] 11267 DofusMaps catched
[20:15:58] 9761 StatedElements catched
[20:15:58] 13349 InteractiveElements catched
[20:15:58] 1485 HouseInformations catched
[20:15:58] 556 InteractiveDoors catched
[20:15:59] 3530 MapPositions uncatched
[20:15:59] 14681 MapPositions catched
[20:15:59] 42 MapZaaps catched
[20:15:59] 79 MapSubways catched
[20:15:59] 15612 SpellLevels catched 
[20:15:59] 4972 Spells catched 
[20:15:59] 4 SpellBombs catched 
[20:15:59] 316 GuildEmblems catched 
[20:15:59] 1179 LearnableSpells catched 
[20:15:59] 10063 ItemTemplates catched 
[20:15:59] 4355 Weapons catched 
[20:15:59] 366 ItemSets catched 
[20:15:59] 171 ItemTypes catched 
[20:15:59] 114 ItemPets catched 
[20:16:00] 2476 NpcTemplates catched 
[20:16:00] 787 NpcSpawns catched 
[20:16:00] 94 NpcItems catched 
[20:16:00] 19801 NpcMessages catched 
[20:16:00] 7 NpcReplies catched 
[20:16:00] 353 Triggers catched
[20:16:00] 1277 Paddocks catched
[20:16:00] 72 Mounts catched
[20:16:00] 3 Guild catched
[20:16:00] 2 GuildMembers catched
[20:16:00] 11 GatheringJob LevelInfos catched
[20:16:00] 233 InteractiveSkills LevelInfos catched
[20:16:00] 2210 Monster Templates catched
[20:16:00] 11688 Monster Grades catched
[20:16:00] 8021 Monster Drops catched
[20:16:01] 128 Handlers Readed
[20:16:01] 175 Messages Readed
[20:16:01] WorldServer start in 5810 ms.
[20:24:18] MySQL Database Connected
[20:24:18] 16 Breeds catched
[20:24:18] 256 Heads catched
[20:24:18] 566 Effects catched
[20:24:19] 4 SuperAreas catched
[20:24:19] 48 Areas catched
[20:24:20] 334 SubAreas catched
[20:24:20] 11267 DofusMaps catched
[20:24:20] 9761 StatedElements catched
[20:24:21] 13349 InteractiveElements catched
[20:24:21] 1485 HouseInformations catched
[20:24:21] 556 InteractiveDoors catched
[20:24:21] 3530 MapPositions uncatched
[20:24:21] 14681 MapPositions catched
[20:24:21] 42 MapZaaps catched
[20:24:21] 79 MapSubways catched
[20:24:21] 15612 SpellLevels catched 
[20:24:21] 4972 Spells catched 
[20:24:21] 4 SpellBombs catched 
[20:24:21] 316 GuildEmblems catched 
[20:24:21] 1179 LearnableSpells catched 
[20:24:21] 10063 ItemTemplates catched 
[20:24:21] 4355 Weapons catched 
[20:24:21] 366 ItemSets catched 
[20:24:21] 171 ItemTypes catched 
[20:24:21] 114 ItemPets catched 
[20:24:22] 2476 NpcTemplates catched 
[20:24:22] 787 NpcSpawns catched 
[20:24:22] 94 NpcItems catched 
[20:24:22] 19801 NpcMessages catched 
[20:24:22] 7 NpcReplies catched 
[20:24:22] 353 Triggers catched
[20:24:22] 1277 Paddocks catched
[20:24:22] 72 Mounts catched
[20:24:22] 3 Guild catched
[20:24:22] 2 GuildMembers catched
[20:24:22] 11 GatheringJob LevelInfos catched
[20:24:22] 233 InteractiveSkills LevelInfos catched
[20:24:22] 2210 Monster Templates catched
[20:24:22] 11688 Monster Grades catched
[20:24:22] 8021 Monster Drops catched
[20:24:23] 128 Handlers Readed
[20:24:23] 175 Messages Readed
[20:24:23] WorldServer start in 5666 ms.
[20:25:34] MySQL Database Connected
[20:25:34] 16 Breeds catched
[20:25:34] 256 Heads catched
[20:25:34] 566 Effects catched
[20:25:35] 4 SuperAreas catched
[20:25:35] 48 Areas catched
[20:25:36] 334 SubAreas catched
[20:25:36] 11267 DofusMaps catched
[20:25:36] 9761 StatedElements catched
[20:25:36] 13349 InteractiveElements catched
[20:25:36] 1485 HouseInformations catched
[20:25:36] 556 InteractiveDoors catched
[20:25:37] 3530 MapPositions uncatched
[20:25:37] 14681 MapPositions catched
[20:25:37] 42 MapZaaps catched
[20:25:37] 79 MapSubways catched
[20:25:37] 15612 SpellLevels catched 
[20:25:37] 4972 Spells catched 
[20:25:37] 4 SpellBombs catched 
[20:25:37] 316 GuildEmblems catched 
[20:25:37] 1179 LearnableSpells catched 
[20:25:37] 10063 ItemTemplates catched 
[20:25:37] 4355 Weapons catched 
[20:25:37] 366 ItemSets catched 
[20:25:37] 171 ItemTypes catched 
[20:25:37] 114 ItemPets catched 
[20:25:37] 2476 NpcTemplates catched 
[20:25:37] 787 NpcSpawns catched 
[20:25:37] 94 NpcItems catched 
[20:25:37] 19801 NpcMessages catched 
[20:25:38] 7 NpcReplies catched 
[20:25:38] 353 Triggers catched
[20:25:38] 1277 Paddocks catched
[20:25:38] 72 Mounts catched
[20:25:38] 3 Guild catched
[20:25:38] 2 GuildMembers catched
[20:25:38] 11 GatheringJob LevelInfos catched
[20:25:38] 233 InteractiveSkills LevelInfos catched
[20:25:38] 2210 Monster Templates catched
[20:25:38] 11688 Monster Grades catched
[20:25:38] 8021 Monster Drops catched
[20:25:39] 128 Handlers Readed
[20:25:39] 175 Messages Readed
[20:25:39] WorldServer start in 5753 ms.
[20:27:27] MySQL Database Connected
[20:27:27] 16 Breeds catched
[20:27:27] 256 Heads catched
[20:27:27] 566 Effects catched
[20:27:28] 4 SuperAreas catched
[20:27:28] 48 Areas catched
[20:27:29] 334 SubAreas catched
[20:27:30] 11267 DofusMaps catched
[20:27:30] 9761 StatedElements catched
[20:27:30] 13349 InteractiveElements catched
[20:27:30] 1485 HouseInformations catched
[20:27:30] 556 InteractiveDoors catched
[20:27:30] 3530 MapPositions uncatched
[20:27:30] 14681 MapPositions catched
[20:27:30] 42 MapZaaps catched
[20:27:30] 79 MapSubways catched
[20:27:30] 15612 SpellLevels catched 
[20:27:30] 4972 Spells catched 
[20:27:30] 4 SpellBombs catched 
[20:27:30] 316 GuildEmblems catched 
[20:27:30] 1179 LearnableSpells catched 
[20:27:31] 10063 ItemTemplates catched 
[20:27:31] 4355 Weapons catched 
[20:27:31] 366 ItemSets catched 
[20:27:31] 171 ItemTypes catched 
[20:27:31] 114 ItemPets catched 
[20:27:31] 2476 NpcTemplates catched 
[20:27:31] 787 NpcSpawns catched 
[20:27:31] 94 NpcItems catched 
[20:27:31] 19801 NpcMessages catched 
[20:27:31] 7 NpcReplies catched 
[20:27:31] 353 Triggers catched
[20:27:31] 1277 Paddocks catched
[20:27:31] 72 Mounts catched
[20:27:31] 3 Guild catched
[20:27:31] 2 GuildMembers catched
[20:27:31] 11 GatheringJob LevelInfos catched
[20:27:31] 233 InteractiveSkills LevelInfos catched
[20:27:31] 2210 Monster Templates catched
[20:27:31] 11688 Monster Grades catched
[20:27:31] 8021 Monster Drops catched
[20:27:32] 128 Handlers Readed
[20:27:33] 175 Messages Readed
[20:27:33] WorldServer start in 5862 ms.
[20:28:24] MySQL Database Connected
[20:28:24] 16 Breeds catched
[20:28:24] 256 Heads catched
[20:28:24] 566 Effects catched
[20:28:25] 4 SuperAreas catched
[20:28:25] 48 Areas catched
[20:28:26] 334 SubAreas catched
[20:28:26] 11267 DofusMaps catched
[20:28:26] 9761 StatedElements catched
[20:28:26] 13349 InteractiveElements catched
[20:28:26] 1485 HouseInformations catched
[20:28:26] 556 InteractiveDoors catched
[20:28:27] 3530 MapPositions uncatched
[20:28:27] 14681 MapPositions catched
[20:28:27] 42 MapZaaps catched
[20:28:27] 79 MapSubways catched
[20:28:27] 15612 SpellLevels catched 
[20:28:27] 4972 Spells catched 
[20:28:27] 4 SpellBombs catched 
[20:28:27] 316 GuildEmblems catched 
[20:28:27] 1179 LearnableSpells catched 
[20:28:27] 10063 ItemTemplates catched 
[20:28:27] 4355 Weapons catched 
[20:28:27] 366 ItemSets catched 
[20:28:27] 171 ItemTypes catched 
[20:28:27] 114 ItemPets catched 
[20:28:27] 2476 NpcTemplates catched 
[20:28:27] 787 NpcSpawns catched 
[20:28:27] 94 NpcItems catched 
[20:28:27] 19801 NpcMessages catched 
[20:28:28] 7 NpcReplies catched 
[20:28:28] 353 Triggers catched
[20:28:28] 1277 Paddocks catched
[20:28:28] 72 Mounts catched
[20:28:28] 3 Guild catched
[20:28:28] 2 GuildMembers catched
[20:28:28] 11 GatheringJob LevelInfos catched
[20:28:28] 233 InteractiveSkills LevelInfos catched
[20:28:28] 2210 Monster Templates catched
[20:28:28] 11688 Monster Grades catched
[20:28:28] 8021 Monster Drops catched
[20:28:29] 128 Handlers Readed
[20:28:29] 175 Messages Readed
[20:28:29] WorldServer start in 5877 ms.
[20:38:23] MySQL Database Connected
[20:38:23] 16 Breeds catched
[20:38:23] 256 Heads catched
[20:38:23] 566 Effects catched
[20:38:24] 4 SuperAreas catched
[20:38:24] 48 Areas catched
[20:38:25] 334 SubAreas catched
[20:38:26] 11267 DofusMaps catched
[20:38:26] 9761 StatedElements catched
[20:38:26] 13349 InteractiveElements catched
[20:38:26] 1485 HouseInformations catched
[20:38:26] 556 InteractiveDoors catched
[20:38:26] 3530 MapPositions uncatched
[20:38:26] 14681 MapPositions catched
[20:38:26] 42 MapZaaps catched
[20:38:26] 79 MapSubways catched
[20:38:26] 15612 SpellLevels catched 
[20:38:26] 4972 Spells catched 
[20:38:26] 4 SpellBombs catched 
[20:38:26] 316 GuildEmblems catched 
[20:38:26] 1179 LearnableSpells catched 
[20:38:27] 10063 ItemTemplates catched 
[20:38:27] 4355 Weapons catched 
[20:38:27] 366 ItemSets catched 
[20:38:27] 171 ItemTypes catched 
[20:38:27] 114 ItemPets catched 
[20:38:27] 2476 NpcTemplates catched 
[20:38:27] 787 NpcSpawns catched 
[20:38:27] 94 NpcItems catched 
[20:38:27] 19801 NpcMessages catched 
[20:38:27] 7 NpcReplies catched 
[20:38:27] 353 Triggers catched
[20:38:27] 1277 Paddocks catched
[20:38:27] 72 Mounts catched
[20:38:27] 3 Guild catched
[20:38:27] 2 GuildMembers catched
[20:38:27] 11 GatheringJob LevelInfos catched
[20:38:27] 233 InteractiveSkills LevelInfos catched
[20:38:27] 2210 Monster Templates catched
[20:38:27] 11688 Monster Grades catched
[20:38:27] 8021 Monster Drops catched
[20:38:28] 128 Handlers Readed
[20:38:29] 175 Messages Readed
[20:38:29] WorldServer start in 5854 ms.
[20:46:36] MySQL Database Connected
[20:46:36] 16 Breeds catched
[20:46:36] 256 Heads catched
[20:46:36] 566 Effects catched
[20:46:37] 4 SuperAreas catched
[20:46:37] 48 Areas catched
[20:46:38] 334 SubAreas catched
[20:46:38] 11267 DofusMaps catched
[20:46:38] 9761 StatedElements catched
[20:46:39] 13349 InteractiveElements catched
[20:46:39] 1485 HouseInformations catched
[20:46:39] 556 InteractiveDoors catched
[20:46:39] 3530 MapPositions uncatched
[20:46:39] 14681 MapPositions catched
[20:46:39] 42 MapZaaps catched
[20:46:39] 79 MapSubways catched
[20:46:39] 15612 SpellLevels catched 
[20:46:39] 4972 Spells catched 
[20:46:39] 4 SpellBombs catched 
[20:46:39] 316 GuildEmblems catched 
[20:46:39] 1179 LearnableSpells catched 
[20:46:39] 10063 ItemTemplates catched 
[20:46:39] 4355 Weapons catched 
[20:46:39] 366 ItemSets catched 
[20:46:39] 171 ItemTypes catched 
[20:46:39] 114 ItemPets catched 
[20:46:40] 2476 NpcTemplates catched 
[20:46:40] 787 NpcSpawns catched 
[20:46:40] 94 NpcItems catched 
[20:46:40] 19801 NpcMessages catched 
[20:46:40] 7 NpcReplies catched 
[20:46:40] 353 Triggers catched
[20:46:40] 1277 Paddocks catched
[20:46:40] 72 Mounts catched
[20:46:40] 3 Guild catched
[20:46:40] 2 GuildMembers catched
[20:46:40] 11 GatheringJob LevelInfos catched
[20:46:40] 233 InteractiveSkills LevelInfos catched
[20:46:40] 2210 Monster Templates catched
[20:46:40] 11688 Monster Grades catched
[20:46:40] 8021 Monster Drops catched
[20:46:41] 128 Handlers Readed
[20:46:41] 175 Messages Readed
[20:46:41] WorldServer start in 5846 ms.
[21:02:52] MySQL Database Connected
[21:02:52] 16 Breeds catched
[21:02:52] 256 Heads catched
[21:02:52] 566 Effects catched
[21:02:53] 4 SuperAreas catched
[21:02:53] 48 Areas catched
[21:02:54] 334 SubAreas catched
[21:02:54] 11267 DofusMaps catched
[21:02:54] 9761 StatedElements catched
[21:02:54] 13349 InteractiveElements catched
[21:02:54] 1485 HouseInformations catched
[21:02:54] 556 InteractiveDoors catched
[21:02:55] 3530 MapPositions uncatched
[21:02:55] 14681 MapPositions catched
[21:02:55] 42 MapZaaps catched
[21:02:55] 79 MapSubways catched
[21:02:55] 15612 SpellLevels catched 
[21:02:55] 4972 Spells catched 
[21:02:55] 4 SpellBombs catched 
[21:02:55] 316 GuildEmblems catched 
[21:02:55] 1179 LearnableSpells catched 
[21:02:55] 10063 ItemTemplates catched 
[21:02:55] 4355 Weapons catched 
[21:02:55] 366 ItemSets catched 
[21:02:55] 171 ItemTypes catched 
[21:02:55] 114 ItemPets catched 
[21:02:55] 2476 NpcTemplates catched 
[21:02:55] 787 NpcSpawns catched 
[21:02:55] 94 NpcItems catched 
[21:02:56] 19801 NpcMessages catched 
[21:02:56] 7 NpcReplies catched 
[21:02:56] 353 Triggers catched
[21:02:56] 1277 Paddocks catched
[21:02:56] 72 Mounts catched
[21:02:56] 3 Guild catched
[21:02:56] 2 GuildMembers catched
[21:02:56] 11 GatheringJob LevelInfos catched
[21:02:56] 233 InteractiveSkills LevelInfos catched
[21:02:56] 2210 Monster Templates catched
[21:02:56] 11688 Monster Grades catched
[21:02:56] 8021 Monster Drops catched
[21:02:57] 128 Handlers Readed
[21:02:57] 175 Messages Readed
[21:02:57] WorldServer start in 5719 ms.
[21:34:59] MySQL Database Connected
[21:34:59] 16 Breeds catched
[21:34:59] 256 Heads catched
[21:34:59] 566 Effects catched
[21:35:00] 4 SuperAreas catched
[21:35:00] 48 Areas catched
[21:35:01] 334 SubAreas catched
[21:35:02] 11267 DofusMaps catched
[21:35:02] 9761 StatedElements catched
[21:35:02] 13349 InteractiveElements catched
[21:35:02] 1485 HouseInformations catched
[21:35:02] 556 InteractiveDoors catched
[21:35:02] 3530 MapPositions uncatched
[21:35:02] 14681 MapPositions catched
[21:35:02] 42 MapZaaps catched
[21:35:02] 79 MapSubways catched
[21:35:02] 15612 SpellLevels catched 
[21:35:02] 4972 Spells catched 
[21:35:02] 4 SpellBombs catched 
[21:35:02] 316 GuildEmblems catched 
[21:35:02] 1179 LearnableSpells catched 
[21:35:02] 10063 ItemTemplates catched 
[21:35:02] 4355 Weapons catched 
[21:35:02] 366 ItemSets catched 
[21:35:02] 171 ItemTypes catched 
[21:35:03] 114 ItemPets catched 
[21:35:03] 2476 NpcTemplates catched 
[21:35:03] 787 NpcSpawns catched 
[21:35:03] 94 NpcItems catched 
[21:35:03] 19801 NpcMessages catched 
[21:35:03] 7 NpcReplies catched 
[21:35:03] 353 Triggers catched
[21:35:03] 1277 Paddocks catched
[21:35:03] 72 Mounts catched
[21:35:03] 3 Guild catched
[21:35:03] 2 GuildMembers catched
[21:35:03] 11 GatheringJob LevelInfos catched
[21:35:03] 233 InteractiveSkills LevelInfos catched
[21:35:03] 2210 Monster Templates catched
[21:35:03] 11688 Monster Grades catched
[21:35:03] 8021 Monster Drops catched
[21:35:04] 128 Handlers Readed
[21:35:05] 175 Messages Readed
[21:35:05] WorldServer start in 6097 ms.
[21:35:57] MySQL Database Connected
[21:35:57] 16 Breeds catched
[21:35:57] 256 Heads catched
[21:35:57] 566 Effects catched
[21:35:58] 4 SuperAreas catched
[21:35:58] 48 Areas catched
[21:35:59] 334 SubAreas catched
[21:35:59] 11267 DofusMaps catched
[21:35:59] 9761 StatedElements catched
[21:35:59] 13349 InteractiveElements catched
[21:35:59] 1485 HouseInformations catched
[21:35:59] 556 InteractiveDoors catched
[21:35:59] 3530 MapPositions uncatched
[21:35:59] 14681 MapPositions catched
[21:35:59] 42 MapZaaps catched
[21:35:59] 79 MapSubways catched
[21:36:00] 15612 SpellLevels catched 
[21:36:00] 4972 Spells catched 
[21:36:00] 4 SpellBombs catched 
[21:36:00] 316 GuildEmblems catched 
[21:36:00] 1179 LearnableSpells catched 
[21:36:00] 10063 ItemTemplates catched 
[21:36:00] 4355 Weapons catched 
[21:36:00] 366 ItemSets catched 
[21:36:00] 171 ItemTypes catched 
[21:36:00] 114 ItemPets catched 
[21:36:00] 2476 NpcTemplates catched 
[21:36:00] 787 NpcSpawns catched 
[21:36:00] 94 NpcItems catched 
[21:36:01] 19801 NpcMessages catched 
[21:36:01] 7 NpcReplies catched 
[21:36:01] 353 Triggers catched
[21:36:01] 1277 Paddocks catched
[21:36:01] 72 Mounts catched
[21:36:01] 3 Guild catched
[21:36:01] 2 GuildMembers catched
[21:36:01] 11 GatheringJob LevelInfos catched
[21:36:01] 233 InteractiveSkills LevelInfos catched
[21:36:01] 2210 Monster Templates catched
[21:36:01] 11688 Monster Grades catched
[21:36:01] 8021 Monster Drops catched
[21:36:02] 128 Handlers Readed
[21:36:02] 175 Messages Readed
[21:36:02] WorldServer start in 5707 ms.
