[15:18:56] MySQL Database Connected
[15:18:56] 16 Breeds catched
[15:18:56] 256 Heads catched
[15:18:56] 561 Effects catched
[15:21:35] MySQL Database Connected
[15:21:35] 16 Breeds catched
[15:21:35] 256 Heads catched
[15:21:35] 561 Effects catched
[15:24:27] 11260 DofusMaps catched
[15:24:27] 454 StatedElements catched
[15:24:27] 820 InteractiveElements catched
[15:24:27] 87 HouseInformations catched
[15:24:27] 120 InteractiveDoors catched
[15:24:27] 3614 MapPositions uncatched
[15:24:27] 14681 MapPositions catched
[15:24:27] 42 MapZaaps catched
[15:24:28] 15228 SpellLevels catched 
[15:24:28] 4772 Spells catched 
[15:24:28] 1179 LearnableSpells catched 
[15:24:29] 9780 ItemTemplates catched 
[15:24:29] 4489 Weapons catched 
[15:24:29] 363 ItemSets catched 
[15:24:29] 171 ItemTypes catched 
[15:24:29] 110 ItemPets catched 
[15:24:29] 2476 NpcTemplates catched 
[15:24:29] 138 NpcSpawns catched 
[15:24:29] 50 NpcItems catched 
[15:24:29] 19801 NpcMessages catched 
[15:24:30] 7 NpcReplies catched 
[15:24:30] 18 Triggers catched
[15:24:30] 5 Paddocks catched
[15:24:30] 72 Mounts catched
[15:24:31] 95 Handlers Readed
[15:24:31] 125 Messages Readed
[15:24:31] WorldServer start in 176533 ms.
[15:27:10] MySQL Database Connected
[15:27:10] 16 Breeds catched
[15:27:10] 256 Heads catched
[15:27:10] 561 Effects catched
[15:27:20] 11260 DofusMaps catched
[15:27:20] 454 StatedElements catched
[15:27:20] 820 InteractiveElements catched
[15:27:20] 87 HouseInformations catched
[15:27:20] 120 InteractiveDoors catched
[15:27:21] 3614 MapPositions uncatched
[15:27:21] 14681 MapPositions catched
[15:27:21] 42 MapZaaps catched
[15:27:21] 15228 SpellLevels catched 
[15:27:21] 4772 Spells catched 
[15:27:21] 1179 LearnableSpells catched 
[15:27:21] 9780 ItemTemplates catched 
[15:27:21] 4489 Weapons catched 
[15:27:21] 363 ItemSets catched 
[15:27:21] 171 ItemTypes catched 
[15:27:21] 110 ItemPets catched 
[15:27:22] 2476 NpcTemplates catched 
[15:27:22] 138 NpcSpawns catched 
[15:27:22] 50 NpcItems catched 
[15:27:22] 19801 NpcMessages catched 
[15:27:22] 7 NpcReplies catched 
[15:27:22] 18 Triggers catched
[15:27:22] 5 Paddocks catched
[15:27:22] 72 Mounts catched
[15:27:22] 95 Handlers Readed
[15:27:23] 125 Messages Readed
[15:27:23] WorldServer start in 12691 ms.
[15:28:10] MySQL Database Connected
[15:28:10] 16 Breeds catched
[15:28:10] 256 Heads catched
[15:28:10] 561 Effects catched
[15:28:20] 11260 DofusMaps catched
[15:28:20] 454 StatedElements catched
[15:28:20] 820 InteractiveElements catched
[15:28:20] 87 HouseInformations catched
[15:28:20] 120 InteractiveDoors catched
[15:28:20] 3614 MapPositions uncatched
[15:28:20] 14681 MapPositions catched
[15:28:20] 42 MapZaaps catched
[15:28:21] 15228 SpellLevels catched 
[15:28:21] 4772 Spells catched 
[15:28:21] 1179 LearnableSpells catched 
[15:28:21] 9780 ItemTemplates catched 
[15:28:21] 4489 Weapons catched 
[15:28:21] 363 ItemSets catched 
[15:28:21] 171 ItemTypes catched 
[15:28:21] 110 ItemPets catched 
[15:28:22] 2476 NpcTemplates catched 
[15:28:22] 138 NpcSpawns catched 
[15:28:22] 50 NpcItems catched 
[15:28:22] 19801 NpcMessages catched 
[15:28:22] 7 NpcReplies catched 
[15:28:22] 18 Triggers catched
[15:28:22] 5 Paddocks catched
[15:28:22] 72 Mounts catched
[15:28:22] 95 Handlers Readed
[15:28:23] 125 Messages Readed
[15:28:23] WorldServer start in 13286 ms.
[15:29:20] MySQL Database Connected
[15:29:20] 16 Breeds catched
[15:29:20] 256 Heads catched
[15:29:20] 561 Effects catched
[15:29:30] 11260 DofusMaps catched
[15:29:30] 454 StatedElements catched
[15:29:31] 820 InteractiveElements catched
[15:29:31] 87 HouseInformations catched
[15:29:31] 120 InteractiveDoors catched
[15:29:31] 3614 MapPositions uncatched
[15:29:31] 14681 MapPositions catched
[15:29:31] 42 MapZaaps catched
[15:29:31] 15228 SpellLevels catched 
[15:29:31] 4772 Spells catched 
[15:29:31] 1179 LearnableSpells catched 
[15:29:32] 9780 ItemTemplates catched 
[15:29:32] 4489 Weapons catched 
[15:29:32] 363 ItemSets catched 
[15:29:32] 171 ItemTypes catched 
[15:29:32] 110 ItemPets catched 
[15:29:33] 2476 NpcTemplates catched 
[15:29:33] 138 NpcSpawns catched 
[15:29:33] 50 NpcItems catched 
[15:29:33] 19801 NpcMessages catched 
[15:29:33] 7 NpcReplies catched 
[15:29:33] 18 Triggers catched
[15:29:33] 5 Paddocks catched
[15:29:33] 72 Mounts catched
[15:29:33] 95 Handlers Readed
[15:29:34] 125 Messages Readed
[15:29:34] WorldServer start in 13526 ms.
[15:30:02] MySQL Database Connected
[15:30:02] 16 Breeds catched
[15:30:02] 256 Heads catched
[15:30:02] 561 Effects catched
[15:30:10] 11260 DofusMaps catched
[15:30:10] 454 StatedElements catched
[15:30:10] 820 InteractiveElements catched
[15:30:10] 87 HouseInformations catched
[15:30:10] 120 InteractiveDoors catched
[15:30:10] 3614 MapPositions uncatched
[15:30:10] 14681 MapPositions catched
[15:30:10] 42 MapZaaps catched
[15:30:11] 15228 SpellLevels catched 
[15:30:11] 4772 Spells catched 
[15:30:11] 1179 LearnableSpells catched 
[15:30:11] 9780 ItemTemplates catched 
[15:30:11] 4489 Weapons catched 
[15:30:11] 363 ItemSets catched 
[15:30:11] 171 ItemTypes catched 
[15:30:11] 110 ItemPets catched 
[15:30:12] 2476 NpcTemplates catched 
[15:30:12] 138 NpcSpawns catched 
[15:30:12] 50 NpcItems catched 
[15:30:12] 19801 NpcMessages catched 
[15:30:12] 7 NpcReplies catched 
[15:30:12] 18 Triggers catched
[15:30:12] 5 Paddocks catched
[15:30:12] 72 Mounts catched
[15:30:12] 95 Handlers Readed
[15:30:13] 125 Messages Readed
[15:30:13] WorldServer start in 11360 ms.
[15:30:15] MySQL Database Connected
[15:30:15] 16 Breeds catched
[15:30:15] 256 Heads catched
[15:30:15] 561 Effects catched
[15:30:25] 11260 DofusMaps catched
[15:30:25] 454 StatedElements catched
[15:30:25] 820 InteractiveElements catched
[15:30:25] 87 HouseInformations catched
[15:30:25] 120 InteractiveDoors catched
[15:30:25] 3614 MapPositions uncatched
[15:30:25] 14681 MapPositions catched
[15:30:25] 42 MapZaaps catched
[15:30:26] 15228 SpellLevels catched 
[15:30:26] 4772 Spells catched 
[15:30:26] 1179 LearnableSpells catched 
[15:30:26] 9780 ItemTemplates catched 
[15:30:29] 4489 Weapons catched 
[15:30:30] 363 ItemSets catched 
[15:30:30] 171 ItemTypes catched 
[15:30:30] 110 ItemPets catched 
[15:30:31] 2476 NpcTemplates catched 
[15:30:31] 138 NpcSpawns catched 
[15:30:31] 50 NpcItems catched 
[15:30:31] 19801 NpcMessages catched 
[15:30:31] 7 NpcReplies catched 
[15:30:31] 18 Triggers catched
[15:30:32] 5 Paddocks catched
[15:30:32] 72 Mounts catched
[15:30:32] 95 Handlers Readed
[15:30:32] 125 Messages Readed
[15:30:32] WorldServer start in 17574 ms.
[15:31:46] MySQL Database Connected
[15:31:46] 16 Breeds catched
[15:31:46] 256 Heads catched
[15:31:46] 561 Effects catched
[15:32:25] MySQL Database Connected
[15:32:25] 16 Breeds catched
[15:32:25] 256 Heads catched
[15:32:25] 561 Effects catched
[15:32:36] 11260 DofusMaps catched
[15:32:36] 454 StatedElements catched
[15:32:36] 820 InteractiveElements catched
[15:32:36] 87 HouseInformations catched
[15:32:36] 120 InteractiveDoors catched
[15:32:37] 3614 MapPositions uncatched
[15:32:37] 14681 MapPositions catched
[15:32:37] 42 MapZaaps catched
[15:32:37] 15228 SpellLevels catched 
[15:32:37] 4772 Spells catched 
[15:32:37] 1179 LearnableSpells catched 
[15:32:37] 9780 ItemTemplates catched 
[15:32:38] 4489 Weapons catched 
[15:32:38] 363 ItemSets catched 
[15:32:38] 171 ItemTypes catched 
[15:32:38] 110 ItemPets catched 
[15:32:38] 2476 NpcTemplates catched 
[15:32:38] 138 NpcSpawns catched 
[15:32:38] 50 NpcItems catched 
[15:32:38] 19801 NpcMessages catched 
[15:32:38] 7 NpcReplies catched 
[15:32:38] 18 Triggers catched
[15:32:38] 5 Paddocks catched
[15:32:38] 72 Mounts catched
[15:32:38] 95 Handlers Readed
[15:32:39] 125 Messages Readed
[15:32:39] WorldServer start in 14235 ms.
[15:35:05] Packet not handled 5986
[15:35:06] Packet not handled 5986
