[14:50:58] MySQL Database Connected
[14:50:58] 16 Breeds catched
[14:50:58] 256 Heads catched
[14:50:58] 13 Handlers Readed
[14:50:58] 13 Messages Readed
[14:50:58] WorldServer start in 805 ms.
[14:52:59] MySQL Database Connected
[14:52:59] 16 Breeds catched
[14:52:59] 256 Heads catched
[14:52:59] 13 Handlers Readed
[14:52:59] 13 Messages Readed
[14:52:59] WorldServer start in 818 ms.
[14:55:45] MySQL Database Connected
[14:55:45] 16 Breeds catched
[14:55:45] 256 Heads catched
[14:55:45] 13 Handlers Readed
[14:55:45] 13 Messages Readed
[14:55:45] WorldServer start in 872 ms.
[14:56:28] MySQL Database Connected
[14:56:28] 16 Breeds catched
[14:56:28] 256 Heads catched
[14:56:29] 13 Handlers Readed
[14:56:29] 13 Messages Readed
[14:56:29] WorldServer start in 909 ms.
[14:56:50] MySQL Database Connected
[14:56:50] 16 Breeds catched
[14:56:50] 256 Heads catched
[14:56:50] 13 Handlers Readed
[14:56:50] 13 Messages Readed
[14:56:50] WorldServer start in 841 ms.
[14:58:46] MySQL Database Connected
[14:58:46] 16 Breeds catched
[14:58:46] 256 Heads catched
[14:58:46] 13 Handlers Readed
[14:58:46] 13 Messages Readed
[14:58:46] WorldServer start in 708 ms.
[15:01:22] MySQL Database Connected
[15:01:22] 16 Breeds catched
[15:01:22] 256 Heads catched
[15:01:22] 13 Handlers Readed
[15:01:22] 13 Messages Readed
[15:01:22] WorldServer start in 707 ms.
[15:01:53] MySQL Database Connected
[15:01:53] 16 Breeds catched
[15:01:53] 256 Heads catched
[15:01:53] 13 Handlers Readed
[15:01:53] 13 Messages Readed
[15:01:53] WorldServer start in 708 ms.
[21:47:16] MySQL Database Connected
[21:47:16] 16 Breeds catched
[21:47:16] 256 Heads catched
[21:47:16] 13 Handlers Readed
[21:47:17] 13 Messages Readed
[21:47:17] WorldServer start in 746 ms.
[21:50:13] MySQL Database Connected
[21:50:13] 16 Breeds catched
[21:50:13] 256 Heads catched
[21:50:13] 13 Handlers Readed
[21:50:13] 13 Messages Readed
[21:50:14] WorldServer start in 819 ms.
[21:52:01] MySQL Database Connected
[21:52:01] 16 Breeds catched
[21:52:01] 256 Heads catched
[21:52:01] 13 Handlers Readed
[21:52:01] 13 Messages Readed
[21:52:01] WorldServer start in 704 ms.
[21:53:07] MySQL Database Connected
[21:53:08] 16 Breeds catched
[21:53:08] 256 Heads catched
[21:53:08] 13 Handlers Readed
[21:53:08] 13 Messages Readed
[21:53:08] WorldServer start in 722 ms.
[21:53:49] MySQL Database Connected
[21:53:50] 16 Breeds catched
[21:53:50] 256 Heads catched
[21:53:50] 13 Handlers Readed
[21:53:50] 13 Messages Readed
[21:53:50] WorldServer start in 706 ms.
[21:59:16] MySQL Database Connected
[21:59:16] 16 Breeds catched
[21:59:16] 256 Heads catched
[21:59:16] 13 Handlers Readed
[21:59:17] 13 Messages Readed
[21:59:17] WorldServer start in 770 ms.
[22:01:18] MySQL Database Connected
[22:01:18] 16 Breeds catched
[22:01:18] 256 Heads catched
[22:01:18] 13 Handlers Readed
[22:01:18] 13 Messages Readed
[22:01:18] WorldServer start in 723 ms.
[22:02:28] MySQL Database Connected
[22:02:28] 16 Breeds catched
[22:02:28] 256 Heads catched
[22:02:28] 13 Handlers Readed
[22:02:28] 13 Messages Readed
[22:02:28] WorldServer start in 817 ms.
[22:04:34] MySQL Database Connected
[22:04:34] 16 Breeds catched
[22:04:34] 256 Heads catched
[22:04:34] 13 Handlers Readed
[22:04:34] 13 Messages Readed
[22:04:35] WorldServer start in 712 ms.
[22:08:33] MySQL Database Connected
[22:08:33] 16 Breeds catched
[22:08:33] 256 Heads catched
[22:08:34] 13 Handlers Readed
[22:08:34] 13 Messages Readed
[22:08:34] WorldServer start in 767 ms.
[22:09:24] MySQL Database Connected
[22:09:24] 16 Breeds catched
[22:09:24] 256 Heads catched
[22:09:24] 13 Handlers Readed
[22:09:24] 13 Messages Readed
[22:09:24] WorldServer start in 723 ms.
[22:10:11] MySQL Database Connected
[22:10:11] 16 Breeds catched
[22:10:11] 256 Heads catched
[22:10:11] 13 Handlers Readed
[22:10:11] 13 Messages Readed
[22:10:11] WorldServer start in 708 ms.
[22:10:43] MySQL Database Connected
[22:10:43] 16 Breeds catched
[22:10:43] 256 Heads catched
[22:10:43] 13 Handlers Readed
[22:10:43] 13 Messages Readed
[22:10:43] WorldServer start in 713 ms.
[22:11:48] MySQL Database Connected
[22:11:48] 16 Breeds catched
[22:11:48] 256 Heads catched
[22:11:48] 13 Handlers Readed
[22:11:48] 13 Messages Readed
[22:11:49] WorldServer start in 711 ms.
[22:12:12] MySQL Database Connected
[22:12:12] 16 Breeds catched
[22:12:12] 256 Heads catched
[22:12:12] 13 Handlers Readed
[22:12:12] 13 Messages Readed
[22:12:12] WorldServer start in 689 ms.
[22:13:00] MySQL Database Connected
[22:13:00] 16 Breeds catched
[22:13:00] 256 Heads catched
[22:13:01] 13 Handlers Readed
[22:13:01] 13 Messages Readed
[22:13:01] WorldServer start in 697 ms.
[22:19:36] MySQL Database Connected
[22:19:37] 16 Breeds catched
[22:19:37] 256 Heads catched
[22:19:37] 13 Handlers Readed
[22:19:37] 13 Messages Readed
[22:19:37] WorldServer start in 747 ms.
[23:30:42] MySQL Database Connected
[23:30:42] 16 Breeds catched
[23:30:42] 256 Heads catched
[23:30:42] 14 Handlers Readed
[23:30:42] 14 Messages Readed
[23:30:42] WorldServer start in 759 ms.
