[00:02:17] MySQL Database Connected
[00:02:17] 16 Breeds catched
[00:02:17] 256 Heads catched
[00:02:17] 561 Effects catched
[00:02:18] 4 SuperAreas catched
[00:02:18] 48 Areas catched
[00:02:19] 334 SubAreas catched
[00:02:27] 11260 DofusMaps catched
[00:02:27] 9761 StatedElements catched
[00:02:27] 13349 InteractiveElements catched
[00:02:27] 1485 HouseInformations catched
[00:02:27] 556 InteractiveDoors catched
[00:02:27] 3614 MapPositions uncatched
[00:02:27] 14681 MapPositions catched
[00:02:27] 42 MapZaaps catched
[00:02:27] 79 MapSubways catched
[00:02:28] 15228 SpellLevels catched 
[00:02:28] 4772 Spells catched 
[00:02:28] 316 GuildEmblems catched 
[00:02:28] 1179 LearnableSpells catched 
[00:02:28] 9780 ItemTemplates catched 
[00:02:28] 4489 Weapons catched 
[00:02:28] 363 ItemSets catched 
[00:02:28] 171 ItemTypes catched 
[00:02:28] 110 ItemPets catched 
[00:02:29] 2476 NpcTemplates catched 
[00:02:29] 787 NpcSpawns catched 
[00:02:29] 94 NpcItems catched 
[00:02:29] 19801 NpcMessages catched 
[00:02:29] 7 NpcReplies catched 
[00:02:29] 353 Triggers catched
[00:02:29] 1277 Paddocks catched
[00:02:29] 72 Mounts catched
[00:02:29] 4 Guild catched
[00:02:29] 3 GuildMembers catched
[00:02:29] 11 GatheringJob LevelInfos catched
[00:02:29] 233 InteractiveSkills LevelInfos catched
[00:02:30] 124 Handlers Readed
[00:02:30] 172 Messages Readed
[00:02:30] WorldServer start in 13208 ms.
[00:08:45] MySQL Database Connected
[00:08:45] 16 Breeds catched
[00:08:45] 256 Heads catched
[00:08:45] 561 Effects catched
[00:08:45] 4 SuperAreas catched
[00:08:45] 48 Areas catched
[00:08:46] 334 SubAreas catched
[00:08:54] 11260 DofusMaps catched
[00:08:54] 9761 StatedElements catched
[00:08:54] 13349 InteractiveElements catched
[00:08:54] 1485 HouseInformations catched
[00:08:54] 556 InteractiveDoors catched
[00:08:54] 3614 MapPositions uncatched
[00:08:54] 14681 MapPositions catched
[00:08:54] 42 MapZaaps catched
[00:08:54] 79 MapSubways catched
[00:08:54] 15228 SpellLevels catched 
[00:08:54] 4772 Spells catched 
[00:08:54] 316 GuildEmblems catched 
[00:08:54] 1179 LearnableSpells catched 
[00:08:54] 9780 ItemTemplates catched 
[00:08:54] 4489 Weapons catched 
[00:08:55] 363 ItemSets catched 
[00:08:55] 171 ItemTypes catched 
[00:08:55] 110 ItemPets catched 
[00:08:55] 2476 NpcTemplates catched 
[00:08:55] 787 NpcSpawns catched 
[00:08:55] 94 NpcItems catched 
[00:08:55] 19801 NpcMessages catched 
[00:08:55] 7 NpcReplies catched 
[00:08:55] 353 Triggers catched
[00:08:55] 1277 Paddocks catched
[00:08:55] 72 Mounts catched
[00:08:55] 4 Guild catched
[00:08:55] 3 GuildMembers catched
[00:08:55] 11 GatheringJob LevelInfos catched
[00:08:56] 233 InteractiveSkills LevelInfos catched
[00:08:56] 124 Handlers Readed
[00:08:57] 172 Messages Readed
[00:08:57] WorldServer start in 11863 ms.
[00:11:48] MySQL Database Connected
[00:11:48] 16 Breeds catched
[00:11:48] 256 Heads catched
[00:11:48] 561 Effects catched
[00:11:48] 4 SuperAreas catched
[00:11:48] 48 Areas catched
[00:11:49] 334 SubAreas catched
[00:11:57] 11260 DofusMaps catched
[00:11:57] 9761 StatedElements catched
[00:11:57] 13349 InteractiveElements catched
[00:11:57] 1485 HouseInformations catched
[00:11:57] 556 InteractiveDoors catched
[00:11:57] 3614 MapPositions uncatched
[00:11:57] 14681 MapPositions catched
[00:11:57] 42 MapZaaps catched
[00:11:57] 79 MapSubways catched
[00:11:57] 15228 SpellLevels catched 
[00:11:57] 4772 Spells catched 
[00:11:57] 316 GuildEmblems catched 
[00:11:57] 1179 LearnableSpells catched 
[00:11:58] 9780 ItemTemplates catched 
[00:11:58] 4489 Weapons catched 
[00:11:58] 363 ItemSets catched 
[00:11:58] 171 ItemTypes catched 
[00:11:58] 110 ItemPets catched 
[00:11:58] 2476 NpcTemplates catched 
[00:11:58] 787 NpcSpawns catched 
[00:11:58] 94 NpcItems catched 
[00:11:58] 19801 NpcMessages catched 
[00:11:58] 7 NpcReplies catched 
[00:11:59] 353 Triggers catched
[00:11:59] 1277 Paddocks catched
[00:11:59] 72 Mounts catched
[00:11:59] 4 Guild catched
[00:11:59] 3 GuildMembers catched
[00:11:59] 11 GatheringJob LevelInfos catched
[00:11:59] 233 InteractiveSkills LevelInfos catched
[00:11:59] 124 Handlers Readed
[00:12:00] 172 Messages Readed
[00:12:00] WorldServer start in 12370 ms.
[00:12:46] MySQL Database Connected
[00:12:46] 16 Breeds catched
[00:12:46] 256 Heads catched
[00:12:46] 561 Effects catched
[00:12:46] 4 SuperAreas catched
[00:12:46] 48 Areas catched
[00:12:47] 334 SubAreas catched
[00:12:55] 11260 DofusMaps catched
[00:12:55] 9761 StatedElements catched
[00:12:55] 13349 InteractiveElements catched
[00:12:55] 1485 HouseInformations catched
[00:12:55] 556 InteractiveDoors catched
[00:12:55] 3614 MapPositions uncatched
[00:12:55] 14681 MapPositions catched
[00:12:55] 42 MapZaaps catched
[00:12:55] 79 MapSubways catched
[00:12:55] 15228 SpellLevels catched 
[00:12:55] 4772 Spells catched 
[00:12:55] 316 GuildEmblems catched 
[00:12:55] 1179 LearnableSpells catched 
[00:12:56] 9780 ItemTemplates catched 
[00:12:56] 4489 Weapons catched 
[00:12:56] 363 ItemSets catched 
[00:12:56] 171 ItemTypes catched 
[00:12:56] 110 ItemPets catched 
[00:12:56] 2476 NpcTemplates catched 
[00:12:56] 787 NpcSpawns catched 
[00:12:56] 94 NpcItems catched 
[00:12:56] 19801 NpcMessages catched 
[00:12:56] 7 NpcReplies catched 
[00:12:57] 353 Triggers catched
[00:12:57] 1277 Paddocks catched
[00:12:57] 72 Mounts catched
[00:12:57] 4 Guild catched
[00:12:57] 3 GuildMembers catched
[00:12:57] 11 GatheringJob LevelInfos catched
[00:12:57] 233 InteractiveSkills LevelInfos catched
[00:12:57] 124 Handlers Readed
[00:12:58] 172 Messages Readed
[00:12:58] WorldServer start in 12452 ms.
[00:17:36] MySQL Database Connected
[00:17:36] 16 Breeds catched
[00:17:36] 256 Heads catched
[00:17:36] 561 Effects catched
[00:17:36] 4 SuperAreas catched
[00:17:36] 48 Areas catched
[00:17:37] 334 SubAreas catched
[00:17:45] 11260 DofusMaps catched
[00:17:45] 9761 StatedElements catched
[00:17:45] 13349 InteractiveElements catched
[00:17:45] 1485 HouseInformations catched
[00:17:45] 556 InteractiveDoors catched
[00:17:45] 3614 MapPositions uncatched
[00:17:45] 14681 MapPositions catched
[00:17:45] 42 MapZaaps catched
[00:17:45] 79 MapSubways catched
[00:17:45] 15228 SpellLevels catched 
[00:17:45] 4772 Spells catched 
[00:17:45] 316 GuildEmblems catched 
[00:17:45] 1179 LearnableSpells catched 
[00:17:46] 9780 ItemTemplates catched 
[00:17:46] 4489 Weapons catched 
[00:17:46] 363 ItemSets catched 
[00:17:46] 171 ItemTypes catched 
[00:17:46] 110 ItemPets catched 
[00:17:46] 2476 NpcTemplates catched 
[00:17:46] 787 NpcSpawns catched 
[00:17:46] 94 NpcItems catched 
[00:17:46] 19801 NpcMessages catched 
[00:17:46] 7 NpcReplies catched 
[00:17:47] 353 Triggers catched
[00:17:47] 1277 Paddocks catched
[00:17:47] 72 Mounts catched
[00:17:47] 4 Guild catched
[00:17:47] 3 GuildMembers catched
[00:17:47] 11 GatheringJob LevelInfos catched
[00:17:47] 233 InteractiveSkills LevelInfos catched
[00:17:47] 124 Handlers Readed
[00:17:48] 172 Messages Readed
[00:17:48] WorldServer start in 12542 ms.
[00:29:06] MySQL Database Connected
[00:29:06] 16 Breeds catched
[00:29:06] 256 Heads catched
[00:29:06] 561 Effects catched
[00:29:06] 4 SuperAreas catched
[00:29:06] 48 Areas catched
[00:29:07] 334 SubAreas catched
[00:29:15] 11260 DofusMaps catched
[00:29:15] 9761 StatedElements catched
[00:29:15] 13349 InteractiveElements catched
[00:29:15] 1485 HouseInformations catched
[00:29:15] 556 InteractiveDoors catched
[00:29:15] 3614 MapPositions uncatched
[00:29:15] 14681 MapPositions catched
[00:29:15] 42 MapZaaps catched
[00:29:15] 79 MapSubways catched
[00:29:15] 15228 SpellLevels catched 
[00:29:15] 4772 Spells catched 
[00:29:16] 316 GuildEmblems catched 
[00:29:16] 1179 LearnableSpells catched 
[00:29:16] 9780 ItemTemplates catched 
[00:29:16] 4489 Weapons catched 
[00:29:16] 363 ItemSets catched 
[00:29:16] 171 ItemTypes catched 
[00:29:16] 110 ItemPets catched 
[00:29:16] 2476 NpcTemplates catched 
[00:29:16] 787 NpcSpawns catched 
[00:29:16] 94 NpcItems catched 
[00:29:17] 19801 NpcMessages catched 
[00:29:17] 7 NpcReplies catched 
[00:29:17] 353 Triggers catched
[00:29:17] 1277 Paddocks catched
[00:29:17] 72 Mounts catched
[00:29:17] 4 Guild catched
[00:29:17] 3 GuildMembers catched
[00:29:17] 11 GatheringJob LevelInfos catched
[00:29:17] 233 InteractiveSkills LevelInfos catched
[00:29:17] 124 Handlers Readed
[00:29:18] 172 Messages Readed
[00:29:18] WorldServer start in 12758 ms.
[01:52:40] MySQL Database Connected
[01:52:40] 16 Breeds catched
[01:52:40] 256 Heads catched
[01:52:40] 561 Effects catched
[01:52:41] 4 SuperAreas catched
[01:52:41] 48 Areas catched
[01:52:42] 334 SubAreas catched
[01:52:57] 11260 DofusMaps catched
[01:52:57] 9761 StatedElements catched
[01:52:58] 13349 InteractiveElements catched
[01:52:58] 1485 HouseInformations catched
[01:52:58] 556 InteractiveDoors catched
[01:52:58] 3614 MapPositions uncatched
[01:52:58] 14681 MapPositions catched
[01:52:58] 42 MapZaaps catched
[01:52:58] 79 MapSubways catched
[01:52:58] 15228 SpellLevels catched 
[01:52:58] 4772 Spells catched 
[01:52:58] 316 GuildEmblems catched 
[01:52:58] 1179 LearnableSpells catched 
[01:52:58] 9780 ItemTemplates catched 
[01:52:59] 4489 Weapons catched 
[01:52:59] 363 ItemSets catched 
[01:52:59] 171 ItemTypes catched 
[01:52:59] 110 ItemPets catched 
[01:52:59] 2476 NpcTemplates catched 
[01:52:59] 787 NpcSpawns catched 
[01:52:59] 94 NpcItems catched 
[01:52:59] 19801 NpcMessages catched 
[01:52:59] 7 NpcReplies catched 
[01:52:59] 353 Triggers catched
[01:53:00] 1277 Paddocks catched
[01:53:00] 72 Mounts catched
[01:53:00] 4 Guild catched
[01:53:00] 3 GuildMembers catched
[01:53:00] 11 GatheringJob LevelInfos catched
[01:53:00] 233 InteractiveSkills LevelInfos catched
[01:53:00] 124 Handlers Readed
[01:53:01] 172 Messages Readed
[01:53:01] WorldServer start in 20709 ms.
[01:54:13] MySQL Database Connected
[01:54:13] 16 Breeds catched
[01:54:13] 256 Heads catched
[01:54:13] 561 Effects catched
[01:54:14] 4 SuperAreas catched
[01:54:14] 48 Areas catched
[01:54:15] 334 SubAreas catched
[01:54:23] 11260 DofusMaps catched
[01:54:23] 9761 StatedElements catched
[01:54:23] 13349 InteractiveElements catched
[01:54:23] 1485 HouseInformations catched
[01:54:23] 556 InteractiveDoors catched
[01:54:23] 3614 MapPositions uncatched
[01:54:23] 14681 MapPositions catched
[01:54:23] 42 MapZaaps catched
[01:54:23] 79 MapSubways catched
[01:54:23] 15228 SpellLevels catched 
[01:54:23] 4772 Spells catched 
[01:54:23] 316 GuildEmblems catched 
[01:54:23] 1179 LearnableSpells catched 
[01:54:24] 9780 ItemTemplates catched 
[01:54:24] 4489 Weapons catched 
[01:54:24] 363 ItemSets catched 
[01:54:24] 171 ItemTypes catched 
[01:54:24] 110 ItemPets catched 
[01:54:24] 2476 NpcTemplates catched 
[01:54:24] 787 NpcSpawns catched 
[01:54:24] 94 NpcItems catched 
[01:54:24] 19801 NpcMessages catched 
[01:54:24] 7 NpcReplies catched 
[01:54:25] 353 Triggers catched
[01:54:25] 1277 Paddocks catched
[01:54:25] 72 Mounts catched
[01:54:25] 4 Guild catched
[01:54:25] 3 GuildMembers catched
[01:54:25] 11 GatheringJob LevelInfos catched
[01:54:25] 233 InteractiveSkills LevelInfos catched
[01:54:25] 124 Handlers Readed
[01:54:26] 172 Messages Readed
[01:54:26] WorldServer start in 12881 ms.
[01:55:09] MySQL Database Connected
[01:55:09] 16 Breeds catched
[01:55:09] 256 Heads catched
[01:55:09] 561 Effects catched
[01:55:10] 4 SuperAreas catched
[01:55:10] 48 Areas catched
[01:55:10] 334 SubAreas catched
[01:55:31] 11260 DofusMaps catched
[01:55:31] 9761 StatedElements catched
[01:55:33] 13349 InteractiveElements catched
[01:55:33] 1485 HouseInformations catched
[01:55:33] 556 InteractiveDoors catched
[01:55:33] 3614 MapPositions uncatched
[01:55:33] 14681 MapPositions catched
[01:55:33] 42 MapZaaps catched
[01:55:33] 79 MapSubways catched
[01:55:33] 15228 SpellLevels catched 
[01:55:33] 4772 Spells catched 
[01:55:33] 316 GuildEmblems catched 
[01:55:33] 1179 LearnableSpells catched 
[01:55:34] 9780 ItemTemplates catched 
[01:55:34] 4489 Weapons catched 
[01:55:34] 363 ItemSets catched 
[01:55:34] 171 ItemTypes catched 
[01:55:34] 110 ItemPets catched 
[01:55:34] 2476 NpcTemplates catched 
[01:55:34] 787 NpcSpawns catched 
[01:55:34] 94 NpcItems catched 
[01:55:34] 19801 NpcMessages catched 
[01:55:34] 7 NpcReplies catched 
[01:55:35] 353 Triggers catched
[01:55:35] 1277 Paddocks catched
[01:55:35] 72 Mounts catched
[01:55:35] 4 Guild catched
[01:55:35] 3 GuildMembers catched
[01:55:35] 11 GatheringJob LevelInfos catched
[01:55:35] 233 InteractiveSkills LevelInfos catched
[01:55:35] 124 Handlers Readed
[01:55:36] 172 Messages Readed
[01:55:36] WorldServer start in 27187 ms.
[01:58:08] MySQL Database Connected
[01:58:08] 16 Breeds catched
[01:58:08] 256 Heads catched
[01:58:08] 561 Effects catched
[01:58:08] 4 SuperAreas catched
[01:58:08] 48 Areas catched
[01:58:09] 334 SubAreas catched
[01:58:17] 11260 DofusMaps catched
[01:58:17] 9761 StatedElements catched
[01:58:17] 13349 InteractiveElements catched
[01:58:17] 1485 HouseInformations catched
[01:58:17] 556 InteractiveDoors catched
[01:58:17] 3614 MapPositions uncatched
[01:58:17] 14681 MapPositions catched
[01:58:17] 42 MapZaaps catched
[01:58:17] 79 MapSubways catched
[01:58:17] 15228 SpellLevels catched 
[01:58:17] 4772 Spells catched 
[01:58:17] 316 GuildEmblems catched 
[01:58:17] 1179 LearnableSpells catched 
[01:58:18] 9780 ItemTemplates catched 
[01:58:18] 4489 Weapons catched 
[01:58:18] 363 ItemSets catched 
[01:58:18] 171 ItemTypes catched 
[01:58:18] 110 ItemPets catched 
[01:58:18] 2476 NpcTemplates catched 
[01:58:18] 787 NpcSpawns catched 
[01:58:18] 94 NpcItems catched 
[01:58:18] 19801 NpcMessages catched 
[01:58:18] 7 NpcReplies catched 
[01:58:18] 353 Triggers catched
[01:58:19] 1277 Paddocks catched
[01:58:19] 72 Mounts catched
[01:58:19] 4 Guild catched
[01:58:19] 3 GuildMembers catched
[01:58:19] 11 GatheringJob LevelInfos catched
[01:58:19] 233 InteractiveSkills LevelInfos catched
[01:58:19] 124 Handlers Readed
[01:58:20] 172 Messages Readed
[01:58:20] WorldServer start in 12328 ms.
[02:02:40] MySQL Database Connected
[02:02:40] 16 Breeds catched
[02:02:40] 256 Heads catched
[02:02:40] 561 Effects catched
[02:02:40] 4 SuperAreas catched
[02:02:40] 48 Areas catched
[02:02:41] 334 SubAreas catched
[02:02:49] 11260 DofusMaps catched
[02:02:49] 9761 StatedElements catched
[02:02:49] 13349 InteractiveElements catched
[02:02:49] 1485 HouseInformations catched
[02:02:49] 556 InteractiveDoors catched
[02:02:49] 3614 MapPositions uncatched
[02:02:49] 14681 MapPositions catched
[02:02:49] 42 MapZaaps catched
[02:02:49] 79 MapSubways catched
[02:02:50] 15228 SpellLevels catched 
[02:02:50] 4772 Spells catched 
[02:02:50] 316 GuildEmblems catched 
[02:02:50] 1179 LearnableSpells catched 
[02:02:50] 9780 ItemTemplates catched 
[02:02:50] 4489 Weapons catched 
[02:02:50] 363 ItemSets catched 
[02:02:50] 171 ItemTypes catched 
[02:02:50] 110 ItemPets catched 
[02:02:51] 2476 NpcTemplates catched 
[02:02:51] 787 NpcSpawns catched 
[02:02:51] 94 NpcItems catched 
[02:02:51] 19801 NpcMessages catched 
[02:02:51] 7 NpcReplies catched 
[02:02:51] 353 Triggers catched
[02:02:51] 1277 Paddocks catched
[02:02:51] 72 Mounts catched
[02:02:51] 4 Guild catched
[02:02:51] 3 GuildMembers catched
[02:02:51] 11 GatheringJob LevelInfos catched
[02:02:51] 233 InteractiveSkills LevelInfos catched
[02:02:52] 124 Handlers Readed
[02:02:52] 172 Messages Readed
[02:02:52] WorldServer start in 13041 ms.
[02:03:33] MySQL Database Connected
[02:03:33] 16 Breeds catched
[02:03:33] 256 Heads catched
[02:03:33] 561 Effects catched
[02:03:34] 4 SuperAreas catched
[02:03:34] 48 Areas catched
[02:03:35] 334 SubAreas catched
[02:03:43] 11260 DofusMaps catched
[02:03:43] 9761 StatedElements catched
[02:03:43] 13349 InteractiveElements catched
[02:03:43] 1485 HouseInformations catched
[02:03:43] 556 InteractiveDoors catched
[02:03:45] 3614 MapPositions uncatched
[02:03:45] 14681 MapPositions catched
[02:03:45] 42 MapZaaps catched
[02:03:45] 79 MapSubways catched
[02:03:48] 15228 SpellLevels catched 
[02:03:50] 4772 Spells catched 
[02:03:50] 316 GuildEmblems catched 
[02:03:50] 1179 LearnableSpells catched 
[02:03:53] 9780 ItemTemplates catched 
[02:03:56] 4489 Weapons catched 
[02:03:56] 363 ItemSets catched 
[02:03:56] 171 ItemTypes catched 
[02:03:57] 110 ItemPets catched 
[02:03:59] 2476 NpcTemplates catched 
[02:03:59] 787 NpcSpawns catched 
[02:03:59] 94 NpcItems catched 
[02:03:59] 19801 NpcMessages catched 
[02:03:59] 7 NpcReplies catched 
[02:03:59] 353 Triggers catched
[02:04:00] 1277 Paddocks catched
[02:04:00] 72 Mounts catched
[02:04:00] 4 Guild catched
[02:04:00] 3 GuildMembers catched
[02:04:00] 11 GatheringJob LevelInfos catched
[02:04:00] 233 InteractiveSkills LevelInfos catched
[02:04:01] 124 Handlers Readed
[02:04:01] 172 Messages Readed
[02:04:01] WorldServer start in 28212 ms.
[02:07:17] MySQL Database Connected
[02:07:17] 16 Breeds catched
[02:07:17] 256 Heads catched
[02:07:17] 561 Effects catched
[02:07:18] 4 SuperAreas catched
[02:07:18] 48 Areas catched
[02:07:19] 334 SubAreas catched
[02:07:26] 11260 DofusMaps catched
[02:07:27] 9761 StatedElements catched
[02:07:27] 13349 InteractiveElements catched
[02:07:27] 1485 HouseInformations catched
[02:07:27] 556 InteractiveDoors catched
[02:07:27] 3614 MapPositions uncatched
[02:07:27] 14681 MapPositions catched
[02:07:27] 42 MapZaaps catched
[02:07:27] 79 MapSubways catched
[02:07:27] 15228 SpellLevels catched 
[02:07:27] 4772 Spells catched 
[02:07:27] 316 GuildEmblems catched 
[02:07:28] 1179 LearnableSpells catched 
[02:07:28] 9780 ItemTemplates catched 
[02:07:28] 4489 Weapons catched 
[02:07:28] 363 ItemSets catched 
[02:07:28] 171 ItemTypes catched 
[02:07:28] 110 ItemPets catched 
[02:07:28] 2476 NpcTemplates catched 
[02:07:28] 787 NpcSpawns catched 
[02:07:28] 94 NpcItems catched 
[02:07:28] 19801 NpcMessages catched 
[02:07:28] 7 NpcReplies catched 
[02:07:29] 353 Triggers catched
[02:07:29] 1277 Paddocks catched
[02:07:29] 72 Mounts catched
[02:07:29] 4 Guild catched
[02:07:29] 3 GuildMembers catched
[02:07:29] 11 GatheringJob LevelInfos catched
[02:07:29] 233 InteractiveSkills LevelInfos catched
[02:07:29] 124 Handlers Readed
[02:07:30] 172 Messages Readed
[02:07:30] WorldServer start in 12963 ms.
[02:10:02] MySQL Database Connected
[02:10:02] 16 Breeds catched
[02:10:02] 256 Heads catched
[02:10:02] 561 Effects catched
[02:10:03] 4 SuperAreas catched
[02:10:03] 48 Areas catched
[02:10:04] 334 SubAreas catched
[02:10:12] 11260 DofusMaps catched
[02:10:13] 9761 StatedElements catched
[02:10:13] 13349 InteractiveElements catched
[02:10:13] 1485 HouseInformations catched
[02:10:13] 556 InteractiveDoors catched
[02:10:13] 3614 MapPositions uncatched
[02:10:13] 14681 MapPositions catched
[02:10:13] 42 MapZaaps catched
[02:10:13] 79 MapSubways catched
[02:10:13] 15228 SpellLevels catched 
[02:10:13] 4772 Spells catched 
[02:10:13] 316 GuildEmblems catched 
[02:10:13] 1179 LearnableSpells catched 
[02:10:14] 9780 ItemTemplates catched 
[02:10:14] 4489 Weapons catched 
[02:10:14] 363 ItemSets catched 
[02:10:14] 171 ItemTypes catched 
[02:10:14] 110 ItemPets catched 
[02:10:14] 2476 NpcTemplates catched 
[02:10:14] 787 NpcSpawns catched 
[02:10:14] 94 NpcItems catched 
[02:10:14] 19801 NpcMessages catched 
[02:10:14] 7 NpcReplies catched 
[02:10:15] 353 Triggers catched
[02:10:15] 1277 Paddocks catched
[02:10:15] 72 Mounts catched
[02:10:15] 4 Guild catched
[02:10:15] 3 GuildMembers catched
[02:10:15] 11 GatheringJob LevelInfos catched
[02:10:15] 233 InteractiveSkills LevelInfos catched
[02:10:15] 124 Handlers Readed
[02:10:16] 172 Messages Readed
[02:10:16] WorldServer start in 13745 ms.
[02:11:23] MySQL Database Connected
[02:11:23] 16 Breeds catched
[02:11:23] 256 Heads catched
[02:11:23] 561 Effects catched
[02:11:23] 4 SuperAreas catched
[02:11:23] 48 Areas catched
[02:11:24] 334 SubAreas catched
[02:11:38] 11260 DofusMaps catched
[02:11:38] 9761 StatedElements catched
[02:11:38] 13349 InteractiveElements catched
[02:11:38] 1485 HouseInformations catched
[02:11:38] 556 InteractiveDoors catched
[02:11:38] 3614 MapPositions uncatched
[02:11:38] 14681 MapPositions catched
[02:11:38] 42 MapZaaps catched
[02:11:38] 79 MapSubways catched
[02:11:38] 15228 SpellLevels catched 
[02:11:39] 4772 Spells catched 
[02:11:39] 316 GuildEmblems catched 
[02:11:39] 1179 LearnableSpells catched 
[02:11:39] 9780 ItemTemplates catched 
[02:11:39] 4489 Weapons catched 
[02:11:39] 363 ItemSets catched 
[02:11:39] 171 ItemTypes catched 
[02:11:39] 110 ItemPets catched 
[02:11:40] 2476 NpcTemplates catched 
[02:11:40] 787 NpcSpawns catched 
[02:11:40] 94 NpcItems catched 
[02:11:40] 19801 NpcMessages catched 
[02:11:40] 7 NpcReplies catched 
[02:11:40] 353 Triggers catched
[02:11:40] 1277 Paddocks catched
[02:11:40] 72 Mounts catched
[02:11:40] 4 Guild catched
[02:11:40] 3 GuildMembers catched
[02:11:40] 11 GatheringJob LevelInfos catched
[02:11:40] 233 InteractiveSkills LevelInfos catched
[02:11:41] 124 Handlers Readed
[02:11:41] 172 Messages Readed
[02:11:41] WorldServer start in 19064 ms.
[12:10:00] MySQL Database Connected
[12:10:00] 16 Breeds catched
[12:10:00] 256 Heads catched
[12:10:00] 561 Effects catched
[12:10:00] 4 SuperAreas catched
[12:10:00] 48 Areas catched
[12:10:01] 334 SubAreas catched
[12:10:22] 11260 DofusMaps catched
[12:10:22] 9761 StatedElements catched
[12:10:23] 13349 InteractiveElements catched
[12:10:23] 1485 HouseInformations catched
[12:10:23] 556 InteractiveDoors catched
[12:10:23] 3614 MapPositions uncatched
[12:10:23] 14681 MapPositions catched
[12:10:23] 42 MapZaaps catched
[12:10:23] 79 MapSubways catched
[12:10:24] 15228 SpellLevels catched 
[12:10:24] 4772 Spells catched 
[12:10:24] 316 GuildEmblems catched 
[12:10:24] 1179 LearnableSpells catched 
[12:10:24] 9780 ItemTemplates catched 
[12:10:24] 4489 Weapons catched 
[12:10:24] 363 ItemSets catched 
[12:10:24] 171 ItemTypes catched 
[12:10:24] 110 ItemPets catched 
[12:10:25] 2476 NpcTemplates catched 
[12:10:25] 787 NpcSpawns catched 
[12:10:25] 94 NpcItems catched 
[12:10:25] 19801 NpcMessages catched 
[12:10:25] 7 NpcReplies catched 
[12:10:25] 353 Triggers catched
[12:10:25] 1277 Paddocks catched
[12:10:25] 72 Mounts catched
[12:10:26] 4 Guild catched
[12:10:26] 3 GuildMembers catched
[12:10:26] 11 GatheringJob LevelInfos catched
[12:10:26] 233 InteractiveSkills LevelInfos catched
[12:10:27] 124 Handlers Readed
[12:10:29] 172 Messages Readed
[12:10:29] WorldServer start in 29183 ms.
[12:13:28] MySQL Database Connected
[12:13:28] 16 Breeds catched
[12:13:28] 256 Heads catched
[12:13:28] 561 Effects catched
[12:13:28] 4 SuperAreas catched
[12:13:28] 48 Areas catched
[12:13:29] 334 SubAreas catched
[12:13:37] 11260 DofusMaps catched
[12:13:37] 9761 StatedElements catched
[12:13:37] 13349 InteractiveElements catched
[12:13:37] 1485 HouseInformations catched
[12:13:37] 556 InteractiveDoors catched
[12:13:37] 3614 MapPositions uncatched
[12:13:37] 14681 MapPositions catched
[12:13:37] 42 MapZaaps catched
[12:13:37] 79 MapSubways catched
[12:13:37] 15228 SpellLevels catched 
[12:13:37] 4772 Spells catched 
[12:13:37] 316 GuildEmblems catched 
[12:13:37] 1179 LearnableSpells catched 
[12:13:37] 9780 ItemTemplates catched 
[12:13:38] 4489 Weapons catched 
[12:13:38] 363 ItemSets catched 
[12:13:38] 171 ItemTypes catched 
[12:13:38] 110 ItemPets catched 
[12:13:38] 2476 NpcTemplates catched 
[12:13:38] 787 NpcSpawns catched 
[12:13:38] 94 NpcItems catched 
[12:13:38] 19801 NpcMessages catched 
[12:13:38] 7 NpcReplies catched 
[12:13:38] 353 Triggers catched
[12:13:39] 1277 Paddocks catched
[12:13:39] 72 Mounts catched
[12:13:39] 4 Guild catched
[12:13:39] 3 GuildMembers catched
[12:13:39] 11 GatheringJob LevelInfos catched
[12:13:39] 233 InteractiveSkills LevelInfos catched
[12:13:39] 124 Handlers Readed
[12:13:40] 172 Messages Readed
[12:13:40] WorldServer start in 12577 ms.
[12:15:02] MySQL Database Connected
[12:15:02] 16 Breeds catched
[12:15:02] 256 Heads catched
[12:15:02] 561 Effects catched
[12:15:02] 4 SuperAreas catched
[12:15:02] 48 Areas catched
[12:15:03] 334 SubAreas catched
[12:15:11] 11260 DofusMaps catched
[12:15:11] 9761 StatedElements catched
[12:15:11] 13349 InteractiveElements catched
[12:15:11] 1485 HouseInformations catched
[12:15:11] 556 InteractiveDoors catched
[12:15:11] 3614 MapPositions uncatched
[12:15:11] 14681 MapPositions catched
[12:15:11] 42 MapZaaps catched
[12:15:11] 79 MapSubways catched
[12:15:11] 15228 SpellLevels catched 
[12:15:11] 4772 Spells catched 
[12:15:11] 316 GuildEmblems catched 
[12:15:11] 1179 LearnableSpells catched 
[12:15:11] 9780 ItemTemplates catched 
[12:15:12] 4489 Weapons catched 
[12:15:12] 363 ItemSets catched 
[12:15:12] 171 ItemTypes catched 
[12:15:12] 110 ItemPets catched 
[12:15:12] 2476 NpcTemplates catched 
[12:15:12] 787 NpcSpawns catched 
[12:15:12] 94 NpcItems catched 
[12:15:12] 19801 NpcMessages catched 
[12:15:12] 7 NpcReplies catched 
[12:15:13] 353 Triggers catched
[12:15:13] 1277 Paddocks catched
[12:15:13] 72 Mounts catched
[12:15:13] 4 Guild catched
[12:15:13] 3 GuildMembers catched
[12:15:13] 11 GatheringJob LevelInfos catched
[12:15:13] 233 InteractiveSkills LevelInfos catched
[12:15:14] 124 Handlers Readed
[12:15:14] 172 Messages Readed
[12:15:14] WorldServer start in 12529 ms.
[12:19:30] MySQL Database Connected
[12:19:30] 16 Breeds catched
[12:19:30] 256 Heads catched
[12:19:30] 561 Effects catched
[12:19:30] 4 SuperAreas catched
[12:19:30] 48 Areas catched
[12:19:31] 334 SubAreas catched
[12:19:39] 11260 DofusMaps catched
[12:19:39] 9761 StatedElements catched
[12:19:39] 13349 InteractiveElements catched
[12:19:39] 1485 HouseInformations catched
[12:19:39] 556 InteractiveDoors catched
[12:19:39] 3614 MapPositions uncatched
[12:19:39] 14681 MapPositions catched
[12:19:39] 42 MapZaaps catched
[12:19:39] 79 MapSubways catched
[12:19:39] 15228 SpellLevels catched 
[12:19:39] 4772 Spells catched 
[12:19:39] 316 GuildEmblems catched 
[12:19:39] 1179 LearnableSpells catched 
[12:19:39] 9780 ItemTemplates catched 
[12:19:40] 4489 Weapons catched 
[12:19:40] 363 ItemSets catched 
[12:19:40] 171 ItemTypes catched 
[12:19:40] 110 ItemPets catched 
[12:19:40] 2476 NpcTemplates catched 
[12:19:40] 787 NpcSpawns catched 
[12:19:40] 94 NpcItems catched 
[12:19:40] 19801 NpcMessages catched 
[12:19:40] 7 NpcReplies catched 
[12:19:40] 353 Triggers catched
[12:19:41] 1277 Paddocks catched
[12:19:41] 72 Mounts catched
[12:19:41] 4 Guild catched
[12:19:41] 3 GuildMembers catched
[12:19:41] 11 GatheringJob LevelInfos catched
[12:19:41] 233 InteractiveSkills LevelInfos catched
[12:19:41] 124 Handlers Readed
[12:19:42] 172 Messages Readed
[12:19:42] WorldServer start in 12311 ms.
[12:24:02] MySQL Database Connected
[12:24:02] 16 Breeds catched
[12:24:02] 256 Heads catched
[12:24:02] 561 Effects catched
[12:24:03] 4 SuperAreas catched
[12:24:03] 48 Areas catched
[12:24:04] 334 SubAreas catched
[12:24:12] 11260 DofusMaps catched
[12:24:12] 9761 StatedElements catched
[12:24:12] 13349 InteractiveElements catched
[12:24:12] 1485 HouseInformations catched
[12:24:12] 556 InteractiveDoors catched
[12:24:12] 3614 MapPositions uncatched
[12:24:12] 14681 MapPositions catched
[12:24:12] 42 MapZaaps catched
[12:24:12] 79 MapSubways catched
[12:24:12] 15228 SpellLevels catched 
[12:24:12] 4772 Spells catched 
[12:24:12] 316 GuildEmblems catched 
[12:24:12] 1179 LearnableSpells catched 
[12:24:13] 9780 ItemTemplates catched 
[12:24:13] 4489 Weapons catched 
[12:24:13] 363 ItemSets catched 
[12:24:13] 171 ItemTypes catched 
[12:24:13] 110 ItemPets catched 
[12:24:13] 2476 NpcTemplates catched 
[12:24:13] 787 NpcSpawns catched 
[12:24:13] 94 NpcItems catched 
[12:24:13] 19801 NpcMessages catched 
[12:24:13] 7 NpcReplies catched 
[12:24:14] 353 Triggers catched
[12:24:14] 1277 Paddocks catched
[12:24:14] 72 Mounts catched
[12:24:14] 4 Guild catched
[12:24:14] 3 GuildMembers catched
[12:24:14] 11 GatheringJob LevelInfos catched
[12:24:14] 233 InteractiveSkills LevelInfos catched
[12:24:14] 124 Handlers Readed
[12:24:15] 172 Messages Readed
[12:24:15] WorldServer start in 12936 ms.
[12:29:03] MySQL Database Connected
[12:29:03] 16 Breeds catched
[12:29:03] 256 Heads catched
[12:29:03] 561 Effects catched
[12:29:03] 4 SuperAreas catched
[12:29:03] 48 Areas catched
[12:29:04] 334 SubAreas catched
[12:29:12] 11260 DofusMaps catched
[12:29:12] 9761 StatedElements catched
[12:29:12] 13349 InteractiveElements catched
[12:29:12] 1485 HouseInformations catched
[12:29:12] 556 InteractiveDoors catched
[12:29:12] 3614 MapPositions uncatched
[12:29:12] 14681 MapPositions catched
[12:29:12] 42 MapZaaps catched
[12:29:12] 79 MapSubways catched
[12:29:12] 15228 SpellLevels catched 
[12:29:12] 4772 Spells catched 
[12:29:12] 316 GuildEmblems catched 
[12:29:12] 1179 LearnableSpells catched 
[12:29:12] 9780 ItemTemplates catched 
[12:29:13] 4489 Weapons catched 
[12:29:13] 363 ItemSets catched 
[12:29:13] 171 ItemTypes catched 
[12:29:13] 110 ItemPets catched 
[12:29:13] 2476 NpcTemplates catched 
[12:29:13] 787 NpcSpawns catched 
[12:29:13] 94 NpcItems catched 
[12:29:13] 19801 NpcMessages catched 
[12:29:13] 7 NpcReplies catched 
[12:29:13] 353 Triggers catched
[12:29:13] 1277 Paddocks catched
[12:29:13] 72 Mounts catched
[12:29:13] 4 Guild catched
[12:29:13] 3 GuildMembers catched
[12:29:14] 11 GatheringJob LevelInfos catched
[12:29:14] 233 InteractiveSkills LevelInfos catched
[12:29:14] 124 Handlers Readed
[12:29:15] 172 Messages Readed
[12:29:15] WorldServer start in 12314 ms.
[12:31:04] MySQL Database Connected
[12:31:04] 16 Breeds catched
[12:31:04] 256 Heads catched
[12:31:04] 561 Effects catched
[12:31:04] 4 SuperAreas catched
[12:31:04] 48 Areas catched
[12:31:05] 334 SubAreas catched
[12:31:13] 11260 DofusMaps catched
[12:31:13] 9761 StatedElements catched
[12:31:13] 13349 InteractiveElements catched
[12:31:13] 1485 HouseInformations catched
[12:31:13] 556 InteractiveDoors catched
[12:31:13] 3614 MapPositions uncatched
[12:31:13] 14681 MapPositions catched
[12:31:13] 42 MapZaaps catched
[12:31:13] 79 MapSubways catched
[12:31:14] 15228 SpellLevels catched 
[12:31:14] 4772 Spells catched 
[12:31:14] 316 GuildEmblems catched 
[12:31:14] 1179 LearnableSpells catched 
[12:31:14] 9780 ItemTemplates catched 
[12:31:14] 4489 Weapons catched 
[12:31:14] 363 ItemSets catched 
[12:31:14] 171 ItemTypes catched 
[12:31:14] 110 ItemPets catched 
[12:31:15] 2476 NpcTemplates catched 
[12:31:15] 787 NpcSpawns catched 
[12:31:15] 94 NpcItems catched 
[12:31:15] 19801 NpcMessages catched 
[12:31:15] 7 NpcReplies catched 
[12:31:15] 353 Triggers catched
[12:31:15] 1277 Paddocks catched
[12:31:15] 72 Mounts catched
[12:31:15] 4 Guild catched
[12:31:15] 3 GuildMembers catched
[12:31:15] 11 GatheringJob LevelInfos catched
[12:31:15] 233 InteractiveSkills LevelInfos catched
[12:31:16] 124 Handlers Readed
[12:31:16] 172 Messages Readed
[12:31:16] WorldServer start in 12894 ms.
[12:32:22] MySQL Database Connected
[12:32:22] 16 Breeds catched
[12:32:22] 256 Heads catched
[12:32:22] 561 Effects catched
[12:32:23] 4 SuperAreas catched
[12:32:23] 48 Areas catched
[12:32:23] 334 SubAreas catched
[12:32:31] 11260 DofusMaps catched
[12:32:31] 9761 StatedElements catched
[12:32:31] 13349 InteractiveElements catched
[12:32:31] 1485 HouseInformations catched
[12:32:31] 556 InteractiveDoors catched
[12:32:31] 3614 MapPositions uncatched
[12:32:31] 14681 MapPositions catched
[12:32:31] 42 MapZaaps catched
[12:32:31] 79 MapSubways catched
[12:32:31] 15228 SpellLevels catched 
[12:32:31] 4772 Spells catched 
[12:32:31] 316 GuildEmblems catched 
[12:32:31] 1179 LearnableSpells catched 
[12:32:32] 9780 ItemTemplates catched 
[12:32:32] 4489 Weapons catched 
[12:32:32] 363 ItemSets catched 
[12:32:32] 171 ItemTypes catched 
[12:32:32] 110 ItemPets catched 
[12:32:32] 2476 NpcTemplates catched 
[12:32:32] 787 NpcSpawns catched 
[12:32:32] 94 NpcItems catched 
[12:32:32] 19801 NpcMessages catched 
[12:32:32] 7 NpcReplies catched 
[12:32:33] 353 Triggers catched
[12:32:33] 1277 Paddocks catched
[12:32:33] 72 Mounts catched
[12:32:33] 4 Guild catched
[12:32:33] 3 GuildMembers catched
[12:32:33] 11 GatheringJob LevelInfos catched
[12:32:33] 233 InteractiveSkills LevelInfos catched
[12:32:33] 124 Handlers Readed
[12:32:34] 172 Messages Readed
[12:32:34] WorldServer start in 12104 ms.
[12:44:51] MySQL Database Connected
[12:44:51] 16 Breeds catched
[12:44:51] 256 Heads catched
[12:44:51] 561 Effects catched
[12:44:51] 4 SuperAreas catched
[12:44:51] 48 Areas catched
[12:44:52] 334 SubAreas catched
[12:45:00] 11260 DofusMaps catched
[12:45:00] 9761 StatedElements catched
[12:45:00] 13349 InteractiveElements catched
[12:45:00] 1485 HouseInformations catched
[12:45:00] 556 InteractiveDoors catched
[12:45:00] 3614 MapPositions uncatched
[12:45:00] 14681 MapPositions catched
[12:45:00] 42 MapZaaps catched
[12:45:00] 79 MapSubways catched
[12:45:00] 15228 SpellLevels catched 
[12:45:00] 4772 Spells catched 
[12:45:00] 316 GuildEmblems catched 
[12:45:00] 1179 LearnableSpells catched 
[12:45:00] 9780 ItemTemplates catched 
[12:45:01] 4489 Weapons catched 
[12:45:01] 363 ItemSets catched 
[12:45:01] 171 ItemTypes catched 
[12:45:01] 110 ItemPets catched 
[12:45:01] 2476 NpcTemplates catched 
[12:45:01] 787 NpcSpawns catched 
[12:45:01] 94 NpcItems catched 
[12:45:01] 19801 NpcMessages catched 
[12:45:01] 7 NpcReplies catched 
[12:45:01] 353 Triggers catched
[12:45:01] 1277 Paddocks catched
[12:45:01] 72 Mounts catched
[12:45:01] 4 Guild catched
[12:45:01] 3 GuildMembers catched
[12:45:01] 11 GatheringJob LevelInfos catched
[12:45:02] 233 InteractiveSkills LevelInfos catched
[12:45:02] 124 Handlers Readed
[12:45:03] 172 Messages Readed
[12:45:03] WorldServer start in 12168 ms.
[12:45:40] MySQL Database Connected
[12:45:40] 16 Breeds catched
[12:45:40] 256 Heads catched
[12:45:40] 561 Effects catched
[12:45:41] 4 SuperAreas catched
[12:45:41] 48 Areas catched
[12:45:41] 334 SubAreas catched
[12:45:49] 11260 DofusMaps catched
[12:45:49] 9761 StatedElements catched
[12:45:49] 13349 InteractiveElements catched
[12:45:49] 1485 HouseInformations catched
[12:45:49] 556 InteractiveDoors catched
[12:45:49] 3614 MapPositions uncatched
[12:45:49] 14681 MapPositions catched
[12:45:49] 42 MapZaaps catched
[12:45:49] 79 MapSubways catched
[12:45:50] 15228 SpellLevels catched 
[12:45:50] 4772 Spells catched 
[12:45:50] 316 GuildEmblems catched 
[12:45:50] 1179 LearnableSpells catched 
[12:45:50] 9780 ItemTemplates catched 
[12:45:50] 4489 Weapons catched 
[12:45:50] 363 ItemSets catched 
[12:45:50] 171 ItemTypes catched 
[12:45:50] 110 ItemPets catched 
[12:45:51] 2476 NpcTemplates catched 
[12:45:51] 787 NpcSpawns catched 
[12:45:51] 94 NpcItems catched 
[12:45:51] 19801 NpcMessages catched 
[12:45:51] 7 NpcReplies catched 
[12:45:51] 353 Triggers catched
[12:45:51] 1277 Paddocks catched
[12:45:51] 72 Mounts catched
[12:45:51] 4 Guild catched
[12:45:51] 3 GuildMembers catched
[12:45:51] 11 GatheringJob LevelInfos catched
[12:45:51] 233 InteractiveSkills LevelInfos catched
[12:45:52] 124 Handlers Readed
[12:45:52] 172 Messages Readed
[12:45:52] WorldServer start in 12656 ms.
[12:48:09] MySQL Database Connected
[12:48:09] 16 Breeds catched
[12:48:09] 256 Heads catched
[12:48:09] 561 Effects catched
[12:48:10] 4 SuperAreas catched
[12:48:10] 48 Areas catched
[12:48:10] 334 SubAreas catched
[12:48:26] 11260 DofusMaps catched
[12:48:26] 9761 StatedElements catched
[12:48:26] 13349 InteractiveElements catched
[12:48:26] 1485 HouseInformations catched
[12:48:26] 556 InteractiveDoors catched
[12:48:26] 3614 MapPositions uncatched
[12:48:26] 14681 MapPositions catched
[12:48:26] 42 MapZaaps catched
[12:48:26] 79 MapSubways catched
[12:48:26] 15228 SpellLevels catched 
[12:48:26] 4772 Spells catched 
[12:48:26] 316 GuildEmblems catched 
[12:48:26] 1179 LearnableSpells catched 
[12:48:27] 9780 ItemTemplates catched 
[12:48:27] 4489 Weapons catched 
[12:48:27] 363 ItemSets catched 
[12:48:27] 171 ItemTypes catched 
[12:48:27] 110 ItemPets catched 
[12:48:27] 2476 NpcTemplates catched 
[12:48:27] 787 NpcSpawns catched 
[12:48:27] 94 NpcItems catched 
[12:48:27] 19801 NpcMessages catched 
[12:48:27] 7 NpcReplies catched 
[12:48:28] 353 Triggers catched
[12:48:28] 1277 Paddocks catched
[12:48:28] 72 Mounts catched
[12:48:28] 4 Guild catched
[12:48:28] 3 GuildMembers catched
[12:48:28] 11 GatheringJob LevelInfos catched
[12:48:28] 233 InteractiveSkills LevelInfos catched
[12:48:28] 124 Handlers Readed
[12:48:29] 172 Messages Readed
[12:48:29] WorldServer start in 20168 ms.
[13:13:12] MySQL Database Connected
[13:13:12] 16 Breeds catched
[13:13:12] 256 Heads catched
[13:13:12] 561 Effects catched
[13:13:12] 4 SuperAreas catched
[13:13:22] MySQL Database Connected
[13:13:22] 16 Breeds catched
[13:13:22] 256 Heads catched
[13:13:22] 561 Effects catched
[13:13:22] 4 SuperAreas catched
[13:14:20] MySQL Database Connected
[13:14:20] 16 Breeds catched
[13:14:20] 256 Heads catched
[13:14:20] 561 Effects catched
[13:14:21] 4 SuperAreas catched
[13:14:21] 48 Areas catched
[13:14:22] 334 SubAreas catched
[13:14:31] 11260 DofusMaps catched
[13:14:31] 9761 StatedElements catched
[13:14:31] 13349 InteractiveElements catched
[13:14:31] 1485 HouseInformations catched
[13:14:31] 556 InteractiveDoors catched
[13:14:31] 3614 MapPositions uncatched
[13:14:31] 14681 MapPositions catched
[13:14:31] 42 MapZaaps catched
[13:14:31] 79 MapSubways catched
[13:14:32] 15228 SpellLevels catched 
[13:14:32] 4772 Spells catched 
[13:14:32] 316 GuildEmblems catched 
[13:14:32] 1179 LearnableSpells catched 
[13:14:32] 9780 ItemTemplates catched 
[13:14:32] 4489 Weapons catched 
[13:14:32] 363 ItemSets catched 
[13:14:32] 171 ItemTypes catched 
[13:14:32] 110 ItemPets catched 
[13:14:33] 2476 NpcTemplates catched 
[13:14:33] 787 NpcSpawns catched 
[13:14:33] 94 NpcItems catched 
[13:14:33] 19801 NpcMessages catched 
[13:14:33] 7 NpcReplies catched 
[13:14:33] 353 Triggers catched
[13:14:33] 1277 Paddocks catched
[13:14:33] 72 Mounts catched
[13:14:33] 4 Guild catched
[13:14:33] 3 GuildMembers catched
[13:14:33] 11 GatheringJob LevelInfos catched
[13:14:33] 233 InteractiveSkills LevelInfos catched
[13:14:34] 124 Handlers Readed
[13:14:34] 172 Messages Readed
[13:14:34] WorldServer start in 14151 ms.
[13:16:00] MySQL Database Connected
[13:16:00] 16 Breeds catched
[13:16:00] 256 Heads catched
[13:16:00] 561 Effects catched
[13:16:00] 4 SuperAreas catched
[13:16:00] 48 Areas catched
[13:16:01] 334 SubAreas catched
[13:16:09] 11260 DofusMaps catched
[13:16:09] 9761 StatedElements catched
[13:16:09] 13349 InteractiveElements catched
[13:16:09] 1485 HouseInformations catched
[13:16:09] 556 InteractiveDoors catched
[13:16:10] 3614 MapPositions uncatched
[13:16:10] 14681 MapPositions catched
[13:16:10] 42 MapZaaps catched
[13:16:10] 79 MapSubways catched
[13:16:10] 15228 SpellLevels catched 
[13:16:10] 4772 Spells catched 
[13:16:10] 316 GuildEmblems catched 
[13:16:10] 1179 LearnableSpells catched 
[13:16:10] 9780 ItemTemplates catched 
[13:16:10] 4489 Weapons catched 
[13:16:10] 363 ItemSets catched 
[13:16:10] 171 ItemTypes catched 
[13:16:10] 110 ItemPets catched 
[13:16:11] 2476 NpcTemplates catched 
[13:16:11] 787 NpcSpawns catched 
[13:16:11] 94 NpcItems catched 
[13:16:11] 19801 NpcMessages catched 
[13:16:11] 7 NpcReplies catched 
[13:16:11] 353 Triggers catched
[13:16:11] 1277 Paddocks catched
[13:16:11] 72 Mounts catched
[13:16:11] 4 Guild catched
[13:16:11] 3 GuildMembers catched
[13:16:11] 11 GatheringJob LevelInfos catched
[13:16:11] 233 InteractiveSkills LevelInfos catched
[13:16:12] 124 Handlers Readed
[13:16:12] 172 Messages Readed
[13:16:12] WorldServer start in 12882 ms.
[13:20:12] MySQL Database Connected
[13:20:12] 16 Breeds catched
[13:20:12] 256 Heads catched
[13:20:12] 561 Effects catched
[13:20:12] 4 SuperAreas catched
[13:20:12] 48 Areas catched
[13:20:13] 334 SubAreas catched
[13:20:21] 11260 DofusMaps catched
[13:20:21] 9761 StatedElements catched
[13:20:21] 13349 InteractiveElements catched
[13:20:21] 1485 HouseInformations catched
[13:20:21] 556 InteractiveDoors catched
[13:20:21] 3614 MapPositions uncatched
[13:20:21] 14681 MapPositions catched
[13:20:21] 42 MapZaaps catched
[13:20:21] 79 MapSubways catched
[13:20:21] 15228 SpellLevels catched 
[13:20:21] 4772 Spells catched 
[13:20:21] 316 GuildEmblems catched 
[13:20:21] 1179 LearnableSpells catched 
[13:20:22] 9780 ItemTemplates catched 
[13:20:22] 4489 Weapons catched 
[13:20:22] 363 ItemSets catched 
[13:20:22] 171 ItemTypes catched 
[13:20:22] 110 ItemPets catched 
[13:20:22] 2476 NpcTemplates catched 
[13:20:22] 787 NpcSpawns catched 
[13:20:22] 94 NpcItems catched 
[13:20:22] 19801 NpcMessages catched 
[13:20:22] 7 NpcReplies catched 
[13:20:23] 353 Triggers catched
[13:20:23] 1277 Paddocks catched
[13:20:23] 72 Mounts catched
[13:20:23] 4 Guild catched
[13:20:23] 3 GuildMembers catched
[13:20:23] 11 GatheringJob LevelInfos catched
[13:20:23] 233 InteractiveSkills LevelInfos catched
[13:20:23] 124 Handlers Readed
[13:20:24] 172 Messages Readed
[13:20:24] WorldServer start in 12656 ms.
[13:23:06] MySQL Database Connected
[13:23:06] 16 Breeds catched
[13:23:06] 256 Heads catched
[13:23:06] 561 Effects catched
[13:23:06] 4 SuperAreas catched
[13:23:06] 48 Areas catched
[13:23:07] 334 SubAreas catched
[13:23:15] 11260 DofusMaps catched
[13:23:15] 9761 StatedElements catched
[13:23:15] 13349 InteractiveElements catched
[13:23:15] 1485 HouseInformations catched
[13:23:15] 556 InteractiveDoors catched
[13:23:15] 3614 MapPositions uncatched
[13:23:15] 14681 MapPositions catched
[13:23:15] 42 MapZaaps catched
[13:23:15] 79 MapSubways catched
[13:23:15] 15228 SpellLevels catched 
[13:23:15] 4772 Spells catched 
[13:23:15] 316 GuildEmblems catched 
[13:23:15] 1179 LearnableSpells catched 
[13:23:16] 9780 ItemTemplates catched 
[13:23:16] 4489 Weapons catched 
[13:23:16] 363 ItemSets catched 
[13:23:16] 171 ItemTypes catched 
[13:23:16] 110 ItemPets catched 
[13:23:16] 2476 NpcTemplates catched 
[13:23:16] 787 NpcSpawns catched 
[13:23:16] 94 NpcItems catched 
[13:23:16] 19801 NpcMessages catched 
[13:23:16] 7 NpcReplies catched 
[13:23:17] 353 Triggers catched
[13:23:17] 1277 Paddocks catched
[13:23:17] 72 Mounts catched
[13:23:17] 4 Guild catched
[13:23:17] 3 GuildMembers catched
[13:23:17] 11 GatheringJob LevelInfos catched
[13:23:17] 233 InteractiveSkills LevelInfos catched
[13:23:17] 124 Handlers Readed
[13:23:18] 172 Messages Readed
[13:23:18] WorldServer start in 12304 ms.
[13:25:18] MySQL Database Connected
[13:25:18] 16 Breeds catched
[13:25:18] 256 Heads catched
[13:25:18] 561 Effects catched
[13:25:18] 4 SuperAreas catched
[13:25:18] 48 Areas catched
[13:25:19] 334 SubAreas catched
[13:25:27] 11260 DofusMaps catched
[13:25:27] 9761 StatedElements catched
[13:25:27] 13349 InteractiveElements catched
[13:25:27] 1485 HouseInformations catched
[13:25:27] 556 InteractiveDoors catched
[13:25:27] 3614 MapPositions uncatched
[13:25:27] 14681 MapPositions catched
[13:25:27] 42 MapZaaps catched
[13:25:27] 79 MapSubways catched
[13:25:27] 15228 SpellLevels catched 
[13:25:28] 4772 Spells catched 
[13:25:28] 316 GuildEmblems catched 
[13:25:28] 1179 LearnableSpells catched 
[13:25:28] 9780 ItemTemplates catched 
[13:25:28] 4489 Weapons catched 
[13:25:28] 363 ItemSets catched 
[13:25:28] 171 ItemTypes catched 
[13:25:28] 110 ItemPets catched 
[13:25:29] 2476 NpcTemplates catched 
[13:25:29] 787 NpcSpawns catched 
[13:25:29] 94 NpcItems catched 
[13:25:29] 19801 NpcMessages catched 
[13:25:29] 7 NpcReplies catched 
[13:25:29] 353 Triggers catched
[13:25:29] 1277 Paddocks catched
[13:25:29] 72 Mounts catched
[13:25:29] 4 Guild catched
[13:25:29] 3 GuildMembers catched
[13:25:29] 11 GatheringJob LevelInfos catched
[13:25:29] 233 InteractiveSkills LevelInfos catched
[13:25:30] 124 Handlers Readed
[13:25:30] 172 Messages Readed
[13:25:30] WorldServer start in 12751 ms.
[13:30:51] MySQL Database Connected
[13:30:51] 16 Breeds catched
[13:30:51] 256 Heads catched
[13:30:51] 561 Effects catched
[13:30:51] 4 SuperAreas catched
[13:30:51] 48 Areas catched
[13:30:52] 334 SubAreas catched
[13:30:59] 11260 DofusMaps catched
[13:30:59] 9761 StatedElements catched
[13:31:00] 13349 InteractiveElements catched
[13:31:00] 1485 HouseInformations catched
[13:31:00] 556 InteractiveDoors catched
[13:31:00] 3614 MapPositions uncatched
[13:31:00] 14681 MapPositions catched
[13:31:00] 42 MapZaaps catched
[13:31:00] 79 MapSubways catched
[13:31:00] 15228 SpellLevels catched 
[13:31:00] 4772 Spells catched 
[13:31:00] 316 GuildEmblems catched 
[13:31:00] 1179 LearnableSpells catched 
[13:31:00] 9780 ItemTemplates catched 
[13:31:00] 4489 Weapons catched 
[13:31:01] 363 ItemSets catched 
[13:31:01] 171 ItemTypes catched 
[13:31:01] 110 ItemPets catched 
[13:31:01] 2476 NpcTemplates catched 
[13:31:01] 787 NpcSpawns catched 
[13:31:01] 94 NpcItems catched 
[13:31:01] 19801 NpcMessages catched 
[13:31:01] 7 NpcReplies catched 
[13:31:01] 353 Triggers catched
[13:31:01] 1277 Paddocks catched
[13:31:01] 72 Mounts catched
[13:31:01] 4 Guild catched
[13:31:01] 3 GuildMembers catched
[13:31:01] 11 GatheringJob LevelInfos catched
[13:31:02] 233 InteractiveSkills LevelInfos catched
[13:31:02] 124 Handlers Readed
[13:31:03] 172 Messages Readed
[13:31:03] WorldServer start in 12363 ms.
[13:35:06] MySQL Database Connected
[13:35:06] 16 Breeds catched
[13:35:06] 256 Heads catched
[13:35:06] 561 Effects catched
[13:35:07] 4 SuperAreas catched
[13:35:07] 48 Areas catched
[13:35:08] 334 SubAreas catched
[13:35:15] 11260 DofusMaps catched
[13:35:15] 9761 StatedElements catched
[13:35:15] 13349 InteractiveElements catched
[13:35:15] 1485 HouseInformations catched
[13:35:15] 556 InteractiveDoors catched
[13:35:15] 3614 MapPositions uncatched
[13:35:15] 14681 MapPositions catched
[13:35:15] 42 MapZaaps catched
[13:35:15] 79 MapSubways catched
[13:35:16] 15228 SpellLevels catched 
[13:35:16] 4772 Spells catched 
[13:35:16] 316 GuildEmblems catched 
[13:35:16] 1179 LearnableSpells catched 
[13:35:16] 9780 ItemTemplates catched 
[13:35:16] 4489 Weapons catched 
[13:35:16] 363 ItemSets catched 
[13:35:16] 171 ItemTypes catched 
[13:35:16] 110 ItemPets catched 
[13:35:17] 2476 NpcTemplates catched 
[13:35:17] 787 NpcSpawns catched 
[13:35:17] 94 NpcItems catched 
[13:35:17] 19801 NpcMessages catched 
[13:35:17] 7 NpcReplies catched 
[13:35:17] 353 Triggers catched
[13:35:17] 1277 Paddocks catched
[13:35:17] 72 Mounts catched
[13:35:17] 4 Guild catched
[13:35:17] 3 GuildMembers catched
[13:35:17] 11 GatheringJob LevelInfos catched
[13:35:17] 233 InteractiveSkills LevelInfos catched
[13:35:18] 124 Handlers Readed
[13:35:18] 172 Messages Readed
[13:35:18] WorldServer start in 12496 ms.
[13:37:51] MySQL Database Connected
[13:37:51] 16 Breeds catched
[13:37:51] 256 Heads catched
[13:37:51] 561 Effects catched
[13:37:52] 4 SuperAreas catched
[13:37:52] 48 Areas catched
[13:37:53] 334 SubAreas catched
[13:38:00] 11260 DofusMaps catched
[13:38:00] 9761 StatedElements catched
[13:38:00] 13349 InteractiveElements catched
[13:38:00] 1485 HouseInformations catched
[13:38:00] 556 InteractiveDoors catched
[13:38:01] 3614 MapPositions uncatched
[13:38:01] 14681 MapPositions catched
[13:38:01] 42 MapZaaps catched
[13:38:01] 79 MapSubways catched
[13:38:01] 15228 SpellLevels catched 
[13:38:01] 4772 Spells catched 
[13:38:01] 316 GuildEmblems catched 
[13:38:01] 1179 LearnableSpells catched 
[13:38:01] 9780 ItemTemplates catched 
[13:38:01] 4489 Weapons catched 
[13:38:01] 363 ItemSets catched 
[13:38:01] 171 ItemTypes catched 
[13:38:01] 110 ItemPets catched 
[13:38:02] 2476 NpcTemplates catched 
[13:38:02] 787 NpcSpawns catched 
[13:38:02] 94 NpcItems catched 
[13:38:02] 19801 NpcMessages catched 
[13:38:02] 7 NpcReplies catched 
[13:38:02] 353 Triggers catched
[13:38:02] 1277 Paddocks catched
[13:38:02] 72 Mounts catched
[13:38:02] 4 Guild catched
[13:38:02] 3 GuildMembers catched
[13:38:02] 11 GatheringJob LevelInfos catched
[13:38:02] 233 InteractiveSkills LevelInfos catched
[13:38:03] 124 Handlers Readed
[13:38:03] 172 Messages Readed
[13:38:03] WorldServer start in 12426 ms.
[13:39:56] MySQL Database Connected
[13:39:56] 16 Breeds catched
[13:39:56] 256 Heads catched
[13:39:56] 561 Effects catched
[13:39:56] 4 SuperAreas catched
[13:39:56] 48 Areas catched
[13:39:57] 334 SubAreas catched
[13:39:59] MySQL Database Connected
[13:39:59] 16 Breeds catched
[13:39:59] 256 Heads catched
[13:39:59] 561 Effects catched
[13:40:00] 4 SuperAreas catched
[13:40:00] 48 Areas catched
[13:40:01] 334 SubAreas catched
[13:40:08] 11260 DofusMaps catched
[13:40:08] 9761 StatedElements catched
[13:40:08] 13349 InteractiveElements catched
[13:40:08] 1485 HouseInformations catched
[13:40:08] 556 InteractiveDoors catched
[13:40:08] 3614 MapPositions uncatched
[13:40:08] 14681 MapPositions catched
[13:40:08] 42 MapZaaps catched
[13:40:08] 79 MapSubways catched
[13:40:08] 15228 SpellLevels catched 
[13:40:08] 4772 Spells catched 
[13:40:08] 316 GuildEmblems catched 
[13:40:08] 1179 LearnableSpells catched 
[13:40:09] 9780 ItemTemplates catched 
[13:40:09] 4489 Weapons catched 
[13:40:09] 363 ItemSets catched 
[13:40:09] 171 ItemTypes catched 
[13:40:09] 110 ItemPets catched 
[13:40:09] 2476 NpcTemplates catched 
[13:40:09] 787 NpcSpawns catched 
[13:40:09] 94 NpcItems catched 
[13:40:09] 19801 NpcMessages catched 
[13:40:09] 7 NpcReplies catched 
[13:40:10] 353 Triggers catched
[13:40:10] 1277 Paddocks catched
[13:40:10] 72 Mounts catched
[13:40:10] 4 Guild catched
[13:40:10] 3 GuildMembers catched
[13:40:10] 11 GatheringJob LevelInfos catched
[13:40:10] 233 InteractiveSkills LevelInfos catched
[13:40:10] 124 Handlers Readed
[13:40:11] 172 Messages Readed
[13:40:11] WorldServer start in 11849 ms.
[13:47:11] MySQL Database Connected
[13:47:11] 16 Breeds catched
[13:47:11] 256 Heads catched
[13:47:11] 561 Effects catched
[13:47:12] 4 SuperAreas catched
[13:47:12] 48 Areas catched
[13:47:13] 334 SubAreas catched
[13:47:21] 11260 DofusMaps catched
[13:47:21] 9761 StatedElements catched
[13:47:21] 13349 InteractiveElements catched
[13:47:21] 1485 HouseInformations catched
[13:47:21] 556 InteractiveDoors catched
[13:47:21] 3614 MapPositions uncatched
[13:47:21] 14681 MapPositions catched
[13:47:21] 42 MapZaaps catched
[13:47:21] 79 MapSubways catched
[13:47:22] 15228 SpellLevels catched 
[13:47:22] 4772 Spells catched 
[13:47:22] 316 GuildEmblems catched 
[13:47:22] 1179 LearnableSpells catched 
[13:47:22] 9780 ItemTemplates catched 
[13:47:22] 4489 Weapons catched 
[13:47:22] 363 ItemSets catched 
[13:47:22] 171 ItemTypes catched 
[13:47:22] 110 ItemPets catched 
[13:47:23] 2476 NpcTemplates catched 
[13:47:23] 787 NpcSpawns catched 
[13:47:23] 94 NpcItems catched 
[13:47:23] 19801 NpcMessages catched 
[13:47:23] 7 NpcReplies catched 
[13:47:23] 353 Triggers catched
[13:47:23] 1277 Paddocks catched
[13:47:23] 72 Mounts catched
[13:47:23] 4 Guild catched
[13:47:23] 3 GuildMembers catched
[13:47:23] 11 GatheringJob LevelInfos catched
[13:47:23] 233 InteractiveSkills LevelInfos catched
[13:47:24] 124 Handlers Readed
[13:47:24] 172 Messages Readed
[13:47:24] WorldServer start in 13631 ms.
[13:55:12] MySQL Database Connected
[13:55:13] 16 Breeds catched
[13:55:13] 256 Heads catched
[13:55:13] 561 Effects catched
[13:55:13] 4 SuperAreas catched
[13:55:13] 48 Areas catched
[13:55:14] 334 SubAreas catched
[13:55:21] 11260 DofusMaps catched
[13:55:22] 9761 StatedElements catched
[13:55:22] 13349 InteractiveElements catched
[13:55:22] 1485 HouseInformations catched
[13:55:22] 556 InteractiveDoors catched
[13:55:22] 3614 MapPositions uncatched
[13:55:22] 14681 MapPositions catched
[13:55:22] 42 MapZaaps catched
[13:55:22] 79 MapSubways catched
[13:55:22] 15228 SpellLevels catched 
[13:55:22] 4772 Spells catched 
[13:55:22] 316 GuildEmblems catched 
[13:55:22] 1179 LearnableSpells catched 
[13:55:22] 9780 ItemTemplates catched 
[13:55:22] 4489 Weapons catched 
[13:55:22] 363 ItemSets catched 
[13:55:22] 171 ItemTypes catched 
[13:55:23] 110 ItemPets catched 
[13:55:23] 2476 NpcTemplates catched 
[13:55:23] 787 NpcSpawns catched 
[13:55:23] 94 NpcItems catched 
[13:55:23] 19801 NpcMessages catched 
[13:55:23] 7 NpcReplies catched 
[13:55:23] 353 Triggers catched
[13:55:23] 1277 Paddocks catched
[13:55:23] 72 Mounts catched
[13:55:23] 4 Guild catched
[13:55:23] 3 GuildMembers catched
[13:55:23] 11 GatheringJob LevelInfos catched
[13:55:23] 233 InteractiveSkills LevelInfos catched
[13:55:24] 124 Handlers Readed
[13:55:25] 172 Messages Readed
[13:55:25] WorldServer start in 12429 ms.
[15:44:49] MySQL Database Connected
[15:44:50] 16 Breeds catched
[15:44:50] 256 Heads catched
[15:44:50] 561 Effects catched
[15:44:50] 4 SuperAreas catched
[15:44:50] 48 Areas catched
[15:44:51] 334 SubAreas catched
[15:45:02] 11260 DofusMaps catched
[15:45:02] 9761 StatedElements catched
[15:45:02] 13349 InteractiveElements catched
[15:45:02] 1485 HouseInformations catched
[15:45:02] 556 InteractiveDoors catched
[15:45:02] 3614 MapPositions uncatched
[15:45:02] 14681 MapPositions catched
[15:45:02] 42 MapZaaps catched
[15:45:02] 79 MapSubways catched
[15:45:03] 15228 SpellLevels catched 
[15:45:03] 4772 Spells catched 
[15:45:03] 316 GuildEmblems catched 
[15:45:03] 1179 LearnableSpells catched 
[15:45:03] 9780 ItemTemplates catched 
[15:45:03] 4489 Weapons catched 
[15:45:03] 363 ItemSets catched 
[15:45:03] 171 ItemTypes catched 
[15:45:03] 110 ItemPets catched 
[15:45:04] 2476 NpcTemplates catched 
[15:45:04] 787 NpcSpawns catched 
[15:45:04] 94 NpcItems catched 
[15:45:04] 19801 NpcMessages catched 
[15:45:04] 7 NpcReplies catched 
[15:45:04] 353 Triggers catched
[15:45:04] 1277 Paddocks catched
[15:45:04] 72 Mounts catched
[15:45:04] 4 Guild catched
[15:45:04] 3 GuildMembers catched
[15:45:04] 11 GatheringJob LevelInfos catched
[15:45:04] 233 InteractiveSkills LevelInfos catched
[15:45:05] 124 Handlers Readed
[15:45:05] 172 Messages Readed
[15:45:05] WorldServer start in 16187 ms.
[17:22:06] MySQL Database Connected
[17:22:07] 16 Breeds catched
[17:22:07] 256 Heads catched
[17:22:07] 561 Effects catched
[17:22:07] 4 SuperAreas catched
[17:22:07] 48 Areas catched
[17:22:08] 334 SubAreas catched
[17:22:17] 11260 DofusMaps catched
[17:22:17] 9761 StatedElements catched
[17:22:17] 13349 InteractiveElements catched
[17:22:17] 1485 HouseInformations catched
[17:22:17] 556 InteractiveDoors catched
[17:22:17] 3614 MapPositions uncatched
[17:22:17] 14681 MapPositions catched
[17:22:17] 42 MapZaaps catched
[17:22:17] 79 MapSubways catched
[17:22:17] 15228 SpellLevels catched 
[17:22:18] 4772 Spells catched 
[17:22:18] 316 GuildEmblems catched 
[17:22:18] 1179 LearnableSpells catched 
[17:22:18] 9780 ItemTemplates catched 
[17:22:18] 4489 Weapons catched 
[17:22:18] 363 ItemSets catched 
[17:22:18] 171 ItemTypes catched 
[17:22:18] 110 ItemPets catched 
[17:22:19] 2476 NpcTemplates catched 
[17:22:19] 787 NpcSpawns catched 
[17:22:19] 94 NpcItems catched 
[17:22:19] 19801 NpcMessages catched 
[17:22:19] 7 NpcReplies catched 
[17:22:19] 353 Triggers catched
[17:22:19] 1277 Paddocks catched
[17:22:19] 72 Mounts catched
[17:22:19] 4 Guild catched
[17:22:19] 3 GuildMembers catched
[17:22:19] 11 GatheringJob LevelInfos catched
[17:22:19] 233 InteractiveSkills LevelInfos catched
[17:22:20] 124 Handlers Readed
[17:22:20] 172 Messages Readed
[17:22:20] WorldServer start in 13918 ms.
[17:24:22] MySQL Database Connected
[17:24:22] 16 Breeds catched
[17:24:22] 256 Heads catched
[17:24:22] 561 Effects catched
[17:24:22] 4 SuperAreas catched
[17:24:22] 48 Areas catched
[17:24:23] 334 SubAreas catched
[17:24:31] 11260 DofusMaps catched
[17:24:31] 9761 StatedElements catched
[17:24:31] 13349 InteractiveElements catched
[17:24:31] 1485 HouseInformations catched
[17:24:31] 556 InteractiveDoors catched
[17:24:31] 3614 MapPositions uncatched
[17:24:31] 14681 MapPositions catched
[17:24:31] 42 MapZaaps catched
[17:24:31] 79 MapSubways catched
[17:24:31] 15228 SpellLevels catched 
[17:24:31] 4772 Spells catched 
[17:24:31] 316 GuildEmblems catched 
[17:24:31] 1179 LearnableSpells catched 
[17:24:32] 9780 ItemTemplates catched 
[17:24:32] 4489 Weapons catched 
[17:24:32] 363 ItemSets catched 
[17:24:32] 171 ItemTypes catched 
[17:24:32] 110 ItemPets catched 
[17:24:32] 2476 NpcTemplates catched 
[17:24:32] 787 NpcSpawns catched 
[17:24:32] 94 NpcItems catched 
[17:24:32] 19801 NpcMessages catched 
[17:24:32] 7 NpcReplies catched 
[17:24:33] 353 Triggers catched
[17:24:33] 1277 Paddocks catched
[17:24:33] 72 Mounts catched
[17:24:33] 4 Guild catched
[17:24:33] 3 GuildMembers catched
[17:24:33] 11 GatheringJob LevelInfos catched
[17:24:33] 233 InteractiveSkills LevelInfos catched
[17:24:33] 124 Handlers Readed
[17:24:34] 172 Messages Readed
[17:24:34] WorldServer start in 12285 ms.
[17:26:28] MySQL Database Connected
[17:26:28] 16 Breeds catched
[17:26:28] 256 Heads catched
[17:26:28] 561 Effects catched
[17:26:29] 4 SuperAreas catched
[17:26:29] 48 Areas catched
[17:26:30] 334 SubAreas catched
[17:26:39] 11260 DofusMaps catched
[17:26:39] 9761 StatedElements catched
[17:26:39] 13349 InteractiveElements catched
[17:26:39] 1485 HouseInformations catched
[17:26:39] 556 InteractiveDoors catched
[17:26:39] 3614 MapPositions uncatched
[17:26:39] 14681 MapPositions catched
[17:26:39] 42 MapZaaps catched
[17:26:39] 79 MapSubways catched
[17:26:40] 15228 SpellLevels catched 
[17:26:40] 4772 Spells catched 
[17:26:40] 316 GuildEmblems catched 
[17:26:40] 1179 LearnableSpells catched 
[17:26:40] 9780 ItemTemplates catched 
[17:26:40] 4489 Weapons catched 
[17:26:40] 363 ItemSets catched 
[17:26:40] 171 ItemTypes catched 
[17:26:40] 110 ItemPets catched 
[17:26:41] 2476 NpcTemplates catched 
[17:26:41] 787 NpcSpawns catched 
[17:26:41] 94 NpcItems catched 
[17:26:41] 19801 NpcMessages catched 
[17:26:41] 7 NpcReplies catched 
[17:26:41] 353 Triggers catched
[17:26:41] 1277 Paddocks catched
[17:26:41] 72 Mounts catched
[17:26:41] 4 Guild catched
[17:26:41] 3 GuildMembers catched
[17:26:41] 11 GatheringJob LevelInfos catched
[17:26:41] 233 InteractiveSkills LevelInfos catched
[17:26:42] 124 Handlers Readed
[17:26:42] 172 Messages Readed
[17:26:42] WorldServer start in 14482 ms.
[17:32:11] MySQL Database Connected
[17:32:11] 16 Breeds catched
[17:32:11] 256 Heads catched
[17:32:11] 561 Effects catched
[17:32:11] 4 SuperAreas catched
[17:32:11] 48 Areas catched
[17:32:12] 334 SubAreas catched
[17:32:21] 11260 DofusMaps catched
[17:32:21] 9761 StatedElements catched
[17:32:21] 13349 InteractiveElements catched
[17:32:21] 1485 HouseInformations catched
[17:32:21] 556 InteractiveDoors catched
[17:32:21] 3614 MapPositions uncatched
[17:32:21] 14681 MapPositions catched
[17:32:21] 42 MapZaaps catched
[17:32:21] 79 MapSubways catched
[17:32:21] 15228 SpellLevels catched 
[17:32:21] 4772 Spells catched 
[17:32:21] 316 GuildEmblems catched 
[17:32:21] 1179 LearnableSpells catched 
[17:32:21] 9780 ItemTemplates catched 
[17:32:22] 4489 Weapons catched 
[17:32:22] 363 ItemSets catched 
[17:32:22] 171 ItemTypes catched 
[17:32:22] 110 ItemPets catched 
[17:32:22] 2476 NpcTemplates catched 
[17:32:22] 787 NpcSpawns catched 
[17:32:22] 94 NpcItems catched 
[17:32:22] 19801 NpcMessages catched 
[17:32:22] 7 NpcReplies catched 
[17:32:23] 353 Triggers catched
[17:32:23] 1277 Paddocks catched
[17:32:23] 72 Mounts catched
[17:32:23] 4 Guild catched
[17:32:23] 3 GuildMembers catched
[17:32:23] 11 GatheringJob LevelInfos catched
[17:32:23] 233 InteractiveSkills LevelInfos catched
[17:32:23] 124 Handlers Readed
[17:32:24] 172 Messages Readed
[17:32:24] WorldServer start in 13469 ms.
