mai 03, 2015 9:34:16 PM com.j256.ormlite.logger.Slf4jLoggingLog log
GRAVE: WARNING: you seem to not be using the Xerial SQLite driver.  See ORMLite docs on SQLite: http://ormlite.com/docs/sqlite
[21:34:24] Map 147981057 stated nulled
[21:34:24] Map 147854081 stated nulled
[21:34:24] Map 149946368 stated nulled
[21:34:24] Map 149946368 stated nulled
[21:34:24] Map 147850247 stated nulled
[21:34:24] Map 147850247 stated nulled
[21:34:24] Map 147850247 stated nulled
[21:34:24] Map 147850247 stated nulled
[21:34:24] Map 147850247 stated nulled
[21:34:24] Map 147850247 stated nulled
[21:34:24] Map 147981314 stated nulled
[21:34:24] Map 147981314 stated nulled
[21:34:24] Map 147981314 stated nulled
[21:34:24] Map 147981314 stated nulled
[21:34:24] Map 147981314 stated nulled
[21:34:24] Map 147854341 stated nulled
[21:34:24] Map 147854341 stated nulled
[21:34:24] Map 147854341 stated nulled
[21:34:24] Map 147854340 stated nulled
[21:34:24] Map 147854340 stated nulled
[21:34:24] Map 147854340 stated nulled
[21:34:24] Map 147854340 stated nulled
[21:34:24] Map 147854340 stated nulled
[21:34:24] Map 147854340 stated nulled
[21:34:24] Map 147853828 stated nulled
[21:34:24] Map 147853828 stated nulled
[21:34:24] Map 147853828 stated nulled
[21:34:24] Map 147853828 stated nulled
[21:34:24] Map 147853828 stated nulled
[21:34:24] Map 147853829 stated nulled
[21:34:24] Map 147853829 stated nulled
[21:34:24] Map 147853829 stated nulled
[21:34:24] Map 147853829 stated nulled
[21:34:25] Map 147849218 element nulled
[21:34:25] Map 147850247 element nulled
[21:34:25] Map 147850247 element nulled
[21:34:25] Map 147850247 element nulled
[21:34:25] Map 147850247 element nulled
[21:34:25] Map 147850247 element nulled
[21:34:25] Map 147850247 element nulled
[21:34:25] Map 147850249 element nulled
[21:34:25] Map 147850754 element nulled
[21:34:25] Map 147850755 element nulled
[21:34:25] Map 147850756 element nulled
[21:34:25] Map 147851009 element nulled
[21:34:25] Map 147851782 element nulled
[21:34:25] Map 147852290 element nulled
[21:34:25] Map 147853312 element nulled
[21:34:25] Map 147853312 element nulled
[21:34:25] Map 147853315 element nulled
[21:34:25] Map 147853826 element nulled
[21:34:25] Map 147853828 element nulled
[21:34:25] Map 147853828 element nulled
[21:34:25] Map 147853828 element nulled
[21:34:25] Map 147853828 element nulled
[21:34:25] Map 147853828 element nulled
[21:34:25] Map 147853829 element nulled
[21:34:25] Map 147853829 element nulled
[21:34:25] Map 147853829 element nulled
[21:34:25] Map 147853829 element nulled
[21:34:25] Map 147854081 element nulled
[21:34:25] Map 147854339 element nulled
[21:34:25] Map 147854340 element nulled
[21:34:25] Map 147854340 element nulled
[21:34:25] Map 147854340 element nulled
[21:34:25] Map 147854340 element nulled
[21:34:25] Map 147854340 element nulled
[21:34:25] Map 147854340 element nulled
[21:34:25] Map 147854341 element nulled
[21:34:25] Map 147854341 element nulled
[21:34:25] Map 147854341 element nulled
[21:34:25] Map 147981057 element nulled
[21:34:25] Map 147981314 element nulled
[21:34:25] Map 147981314 element nulled
[21:34:25] Map 147981314 element nulled
[21:34:25] Map 147981314 element nulled
[21:34:25] Map 147981314 element nulled
[21:34:25] Map 149946368 element nulled
[21:34:25] Map 149946368 element nulled
[21:34:25] Map 149946368 element nulled
[21:34:25] Map 149946368 element nulled
[21:34:25] Map 149946368 element nulled
[21:34:25] Map 149946368 element nulled
[21:34:27] Map 143160 trigger null
[21:34:27] Map 147853826 trigger null
[21:34:27] Map 88087301 trigger null
[21:34:27] Map 100984832 trigger null
[21:34:27] Map 100925448 trigger null
[21:34:27] Map 87032320 trigger null
[21:34:27] Map 1644497935 trigger null
[21:34:27] Map 84804355 trigger null
[21:34:27] Map 1728397333 trigger null
[21:34:27] Map 1594166284 trigger null
[21:34:27] Map 83628032 trigger null
[21:34:27] Map 83364864 trigger null
[21:34:27] Map 84675078 trigger null
[21:34:27] Map 1678118918 trigger null
[21:34:27] Map 101713413 trigger null
[21:34:27] Map 91752967 trigger null
[21:34:27] Map 117704202 trigger null
[21:34:27] Map 96470530 trigger null
[21:34:27] Map 537243660 trigger null
[21:34:27] Map 537229326 trigger null
[21:34:27] Map 13093 trigger null
[21:34:27] Map 1594312714 trigger null
[21:34:27] Map 122159619 trigger null
mai 03, 2015 9:34:28 PM org.reflections.Reflections scan
INFOS: Reflections took 240 ms to scan 1 urls, producing 1 keys and 96 values 
mai 03, 2015 9:34:28 PM org.reflections.Reflections scan
INFOS: Reflections took 315 ms to scan 1 urls, producing 2 keys and 126 values 
[21:34:37] Undefinied Stat id 285
[21:34:37] Undefinied Stat id 281
[21:34:37] Undefinied Stat id 288
[21:34:37] Undefinied Stat id 283
[21:34:37] Undefinied Stat id 970
[21:34:37] Undefinied Stat id 974
[21:34:37] Undefinied Stat id 973
[21:34:37] Undefinied Stat id 971
[21:34:37] Undefinied Stat id 972
[21:34:37] Undefinied Stat id 97
[21:34:37] Undefinied Stat id 154
[21:34:37] Undefinied Stat id 156
[21:34:37] Undefinied Stat id 812
[21:34:37] Undefinied Stat id 110
[21:34:50] Undefinied Stat id 800
[21:34:50] Undefinied Stat id 984
[21:34:50] Undefinied Stat id 995
java.lang.reflect.InvocationTargetException
	at sun.reflect.NativeMethodAccessorImpl.invoke0(Native Method)
	at sun.reflect.NativeMethodAccessorImpl.invoke(NativeMethodAccessorImpl.java:62)
	at sun.reflect.DelegatingMethodAccessorImpl.invoke(DelegatingMethodAccessorImpl.java:43)
	at java.lang.reflect.Method.invoke(Method.java:483)
	at koh.game.network.WorldClient.parsePacket(WorldClient.java:217)
	at koh.game.network.WorldHandler.messageReceived(WorldHandler.java:44)
	at org.apache.mina.core.filterchain.DefaultIoFilterChain$TailFilter.messageReceived(DefaultIoFilterChain.java:854)
	at org.apache.mina.core.filterchain.DefaultIoFilterChain.callNextMessageReceived(DefaultIoFilterChain.java:542)
	at org.apache.mina.core.filterchain.DefaultIoFilterChain.access$1300(DefaultIoFilterChain.java:48)
	at org.apache.mina.core.filterchain.DefaultIoFilterChain$EntryImpl$1.messageReceived(DefaultIoFilterChain.java:943)
	at org.apache.mina.filter.codec.ProtocolCodecFilter$ProtocolDecoderOutputImpl.flush(ProtocolCodecFilter.java:405)
	at org.apache.mina.filter.codec.ProtocolCodecFilter.messageReceived(ProtocolCodecFilter.java:235)
	at org.apache.mina.core.filterchain.DefaultIoFilterChain.callNextMessageReceived(DefaultIoFilterChain.java:542)
	at org.apache.mina.core.filterchain.DefaultIoFilterChain.access$1300(DefaultIoFilterChain.java:48)
	at org.apache.mina.core.filterchain.DefaultIoFilterChain$EntryImpl$1.messageReceived(DefaultIoFilterChain.java:943)
	at org.apache.mina.core.filterchain.IoFilterAdapter.messageReceived(IoFilterAdapter.java:109)
	at org.apache.mina.core.filterchain.DefaultIoFilterChain.callNextMessageReceived(DefaultIoFilterChain.java:542)
	at org.apache.mina.core.filterchain.DefaultIoFilterChain.fireMessageReceived(DefaultIoFilterChain.java:535)
	at org.apache.mina.core.polling.AbstractPollingIoProcessor.read(AbstractPollingIoProcessor.java:714)
	at org.apache.mina.core.polling.AbstractPollingIoProcessor.process(AbstractPollingIoProcessor.java:668)
	at org.apache.mina.core.polling.AbstractPollingIoProcessor.process(AbstractPollingIoProcessor.java:657)
	at org.apache.mina.core.polling.AbstractPollingIoProcessor.access$600(AbstractPollingIoProcessor.java:67)
	at org.apache.mina.core.polling.AbstractPollingIoProcessor$Processor.run(AbstractPollingIoProcessor.java:1121)
	at org.apache.mina.util.NamePreservingRunnable.run(NamePreservingRunnable.java:64)
	at java.util.concurrent.ThreadPoolExecutor.runWorker(ThreadPoolExecutor.java:1142)
	at java.util.concurrent.ThreadPoolExecutor$Worker.run(ThreadPoolExecutor.java:617)
	at java.lang.Thread.run(Thread.java:745)
Caused by: java.lang.NullPointerException
	at koh.game.network.handlers.game.context.roleplay.NpcHandler.HandleNpcGenericActionRequestMessage(NpcHandler.java:51)
	... 27 more
