[11:57:04] MySQL Database Connected
[11:57:12] MySQL Database Connected
[11:57:50] MySQL Database Connected
[11:57:50] 16 Breeds catched
[11:57:50] 256 Heads catched
[11:58:00] 11260 DofusMaps catched
[11:58:00] 169 StatedElements catched
[11:58:00] 323 InteractiveElements catched
[11:58:00] 0 SpellLevels catched 
[11:58:02] 19 Handlers Readed
[11:58:04] 22 Messages Readed
[11:58:04] WorldServer start in 14311 ms.
[11:58:29] MySQL Database Connected
[11:58:29] 16 Breeds catched
[11:58:29] 256 Heads catched
[11:58:37] 11260 DofusMaps catched
[11:58:37] 169 StatedElements catched
[11:58:37] 323 InteractiveElements catched
[11:59:49] MySQL Database Connected
[11:59:49] 16 Breeds catched
[11:59:49] 256 Heads catched
[11:59:56] 11260 DofusMaps catched
[11:59:56] 169 StatedElements catched
[11:59:56] 323 InteractiveElements catched
[12:10:07] MySQL Database Connected
[12:10:07] 16 Breeds catched
[12:10:07] 256 Heads catched
[12:10:22] 11260 DofusMaps catched
[12:10:22] 169 StatedElements catched
[12:10:22] 323 InteractiveElements catched
[12:10:22] 0 SpellLevels catched 
[12:10:22] 19 Handlers Readed
[12:10:22] 22 Messages Readed
[12:10:23] WorldServer start in 15606 ms.
[12:12:16] MySQL Database Connected
[12:12:16] 16 Breeds catched
[12:12:16] 256 Heads catched
[12:12:24] 11260 DofusMaps catched
[12:12:24] 169 StatedElements catched
[12:12:24] 323 InteractiveElements catched
[12:12:53] 15228 SpellLevels catched 
[12:12:53] 19 Handlers Readed
[12:12:53] 22 Messages Readed
[12:12:53] WorldServer start in 37201 ms.
[12:14:18] MySQL Database Connected
[12:14:18] 16 Breeds catched
[12:14:18] 256 Heads catched
[12:14:26] 11260 DofusMaps catched
[12:14:26] 169 StatedElements catched
[12:14:26] 323 InteractiveElements catched
[12:14:26] 15228 SpellLevels catched 
[12:14:27] 19 Handlers Readed
[12:14:27] 22 Messages Readed
[12:14:27] WorldServer start in 8993 ms.
[12:19:37] MySQL Database Connected
[12:19:37] 16 Breeds catched
[12:19:37] 256 Heads catched
[12:19:45] 11260 DofusMaps catched
[12:19:45] 169 StatedElements catched
[12:19:45] 323 InteractiveElements catched
[12:19:45] 15228 SpellLevels catched 
[12:19:45] 15228 Spells catched 
[12:19:46] 19 Handlers Readed
[12:19:46] 22 Messages Readed
[12:19:46] WorldServer start in 9446 ms.
[12:20:03] MySQL Database Connected
[12:20:03] 16 Breeds catched
[12:20:03] 256 Heads catched
[12:20:10] 11260 DofusMaps catched
[12:20:10] 169 StatedElements catched
[12:20:10] 323 InteractiveElements catched
[12:20:10] 15228 SpellLevels catched 
[12:20:10] 0 Spells catched 
[12:20:11] 19 Handlers Readed
[12:20:11] 22 Messages Readed
[12:20:11] WorldServer start in 8446 ms.
[12:20:28] MySQL Database Connected
[12:20:28] 16 Breeds catched
[12:20:28] 256 Heads catched
[12:20:39] 11260 DofusMaps catched
[12:20:39] 169 StatedElements catched
[12:20:39] 323 InteractiveElements catched
[12:20:40] 15228 SpellLevels catched 
[12:20:40] 4772 Spells catched 
[12:20:40] 19 Handlers Readed
[12:20:40] 22 Messages Readed
[12:20:40] WorldServer start in 12586 ms.
[12:28:56] MySQL Database Connected
[12:28:57] 16 Breeds catched
[12:28:57] 256 Heads catched
[12:29:04] 11260 DofusMaps catched
[12:29:04] 169 StatedElements catched
[12:29:04] 323 InteractiveElements catched
[12:29:05] 15228 SpellLevels catched 
[12:29:05] 4772 Spells catched 
[12:29:05] 0 LearnableSpells catched 
[12:29:05] 19 Handlers Readed
[12:29:05] 22 Messages Readed
[12:29:05] WorldServer start in 8935 ms.
[12:29:27] MySQL Database Connected
[12:29:27] 16 Breeds catched
[12:29:27] 256 Heads catched
[12:30:06] 11260 DofusMaps catched
[12:30:06] 169 StatedElements catched
[12:30:06] 323 InteractiveElements catched
[12:30:06] 15228 SpellLevels catched 
[12:30:06] 4772 Spells catched 
[12:30:43] MySQL Database Connected
[12:30:43] 16 Breeds catched
[12:30:43] 256 Heads catched
[12:30:51] 11260 DofusMaps catched
[12:30:51] 169 StatedElements catched
[12:30:51] 323 InteractiveElements catched
[12:30:52] 15228 SpellLevels catched 
[12:30:52] 4772 Spells catched 
[12:30:52] 1179 LearnableSpells catched 
[12:30:52] 19 Handlers Readed
[12:30:52] 22 Messages Readed
[12:30:52] WorldServer start in 9455 ms.
[16:54:20] MySQL Database Connected
[16:54:20] 16 Breeds catched
[16:54:20] 256 Heads catched
[16:54:29] 11260 DofusMaps catched
[16:54:29] 169 StatedElements catched
[16:54:29] 323 InteractiveElements catched
[16:54:30] 15228 SpellLevels catched 
[16:54:30] 4772 Spells catched 
[16:54:30] 1179 LearnableSpells catched 
[16:54:30] 19 Handlers Readed
[16:54:30] 22 Messages Readed
[16:54:30] WorldServer start in 10251 ms.
[16:56:58] MySQL Database Connected
[16:56:58] 16 Breeds catched
[16:56:58] 256 Heads catched
[16:57:08] 11260 DofusMaps catched
[16:57:08] 169 StatedElements catched
[16:57:08] 323 InteractiveElements catched
[16:57:08] 15228 SpellLevels catched 
[16:57:08] 4772 Spells catched 
[16:57:08] 1179 LearnableSpells catched 
[16:57:08] 19 Handlers Readed
[16:57:09] 22 Messages Readed
[16:57:09] WorldServer start in 10749 ms.
[16:59:34] MySQL Database Connected
[16:59:35] 16 Breeds catched
[16:59:35] 256 Heads catched
[16:59:42] 11260 DofusMaps catched
[16:59:42] 169 StatedElements catched
[16:59:42] 323 InteractiveElements catched
[16:59:43] 15228 SpellLevels catched 
[16:59:43] 4772 Spells catched 
[16:59:43] 1179 LearnableSpells catched 
[16:59:43] 19 Handlers Readed
[16:59:43] 22 Messages Readed
[16:59:43] WorldServer start in 9094 ms.
[17:00:24] MySQL Database Connected
[17:00:24] 16 Breeds catched
[17:00:24] 256 Heads catched
[17:00:32] 11260 DofusMaps catched
[17:00:32] 169 StatedElements catched
[17:00:32] 323 InteractiveElements catched
[17:00:32] 15228 SpellLevels catched 
[17:00:32] 4772 Spells catched 
[17:00:32] 1179 LearnableSpells catched 
[17:00:32] 19 Handlers Readed
[17:00:32] 22 Messages Readed
[17:00:32] WorldServer start in 8909 ms.
[17:00:42] Packet not handled 890
[17:00:42] Packet not handled 890
[17:01:56] MySQL Database Connected
[17:01:57] 16 Breeds catched
[17:01:57] 256 Heads catched
[17:02:05] 11260 DofusMaps catched
[17:02:05] 169 StatedElements catched
[17:02:05] 323 InteractiveElements catched
[17:02:05] 15228 SpellLevels catched 
[17:02:05] 4772 Spells catched 
[17:02:05] 1179 LearnableSpells catched 
[17:02:05] 19 Handlers Readed
[17:02:06] 22 Messages Readed
[17:02:06] WorldServer start in 9381 ms.
[17:03:05] MySQL Database Connected
[17:03:05] 16 Breeds catched
[17:03:05] 256 Heads catched
[17:03:13] 11260 DofusMaps catched
[17:03:13] 169 StatedElements catched
[17:03:13] 323 InteractiveElements catched
[17:03:13] 15228 SpellLevels catched 
[17:03:13] 4772 Spells catched 
[17:03:13] 1179 LearnableSpells catched 
[17:03:13] 19 Handlers Readed
[17:03:14] 22 Messages Readed
[17:03:14] WorldServer start in 9467 ms.
[17:05:54] MySQL Database Connected
[17:05:54] 16 Breeds catched
[17:05:54] 256 Heads catched
[17:06:02] 11260 DofusMaps catched
[17:06:02] 169 StatedElements catched
[17:06:02] 323 InteractiveElements catched
[17:06:03] 15228 SpellLevels catched 
[17:06:03] 4772 Spells catched 
[17:06:03] 1179 LearnableSpells catched 
[17:06:03] 19 Handlers Readed
[17:06:03] 22 Messages Readed
[17:06:03] WorldServer start in 9082 ms.
[17:08:18] MySQL Database Connected
[17:08:18] 16 Breeds catched
[17:08:18] 256 Heads catched
[17:08:26] 11260 DofusMaps catched
[17:08:26] 169 StatedElements catched
[17:08:26] 323 InteractiveElements catched
[17:08:27] 15228 SpellLevels catched 
[17:08:27] 4772 Spells catched 
[17:08:27] 1179 LearnableSpells catched 
[17:08:27] 19 Handlers Readed
[17:08:27] 22 Messages Readed
[17:08:27] WorldServer start in 9442 ms.
[17:08:45] Packet not handled 890
[17:08:45] Packet not handled 890
[17:11:21] MySQL Database Connected
[17:11:22] 16 Breeds catched
[17:11:22] 256 Heads catched
[17:11:30] 11260 DofusMaps catched
[17:11:30] 169 StatedElements catched
[17:11:30] 323 InteractiveElements catched
[17:11:31] 15228 SpellLevels catched 
[17:11:31] 4772 Spells catched 
[17:11:31] 1179 LearnableSpells catched 
[17:11:31] 19 Handlers Readed
[17:11:32] 22 Messages Readed
[17:11:32] WorldServer start in 10466 ms.
[17:11:44] Packet not handled 890
[17:11:44] Packet not handled 890
[17:13:52] MySQL Database Connected
[17:13:52] 16 Breeds catched
[17:13:52] 256 Heads catched
[17:14:06] MySQL Database Connected
[17:14:06] 16 Breeds catched
[17:14:06] 256 Heads catched
[17:14:12] 11260 DofusMaps catched
[17:14:12] 169 StatedElements catched
[17:14:12] 323 InteractiveElements catched
[17:14:12] 15228 SpellLevels catched 
[17:14:13] 4772 Spells catched 
[17:14:13] 1179 LearnableSpells catched 
[17:14:13] 19 Handlers Readed
[17:14:13] 22 Messages Readed
[17:14:13] WorldServer start in 7104 ms.
[17:14:22] Packet not handled 890
[17:14:22] Packet not handled 890
[17:17:54] Packet not handled 890
[17:17:54] Packet not handled 890
[17:19:35] MySQL Database Connected
[17:19:35] 16 Breeds catched
[17:19:35] 256 Heads catched
[17:19:44] 11260 DofusMaps catched
[17:19:44] 169 StatedElements catched
[17:19:44] 323 InteractiveElements catched
[17:19:44] 15228 SpellLevels catched 
[17:19:44] 4772 Spells catched 
[17:19:44] 1179 LearnableSpells catched 
[17:19:44] 21 Handlers Readed
[17:19:44] 22 Messages Readed
[17:19:44] WorldServer start in 9914 ms.
[17:20:26] MySQL Database Connected
[17:20:26] 16 Breeds catched
[17:20:26] 256 Heads catched
[17:20:34] 11260 DofusMaps catched
[17:20:34] 169 StatedElements catched
[17:20:34] 323 InteractiveElements catched
[17:20:34] 15228 SpellLevels catched 
[17:20:34] 4772 Spells catched 
[17:20:34] 1179 LearnableSpells catched 
[17:20:34] 21 Handlers Readed
[17:20:35] 22 Messages Readed
[17:20:35] WorldServer start in 8984 ms.
[17:24:14] MySQL Database Connected
[17:24:14] 16 Breeds catched
[17:24:14] 256 Heads catched
[17:24:22] 11260 DofusMaps catched
[17:24:22] 169 StatedElements catched
[17:24:22] 323 InteractiveElements catched
[17:24:23] 15228 SpellLevels catched 
[17:24:23] 4772 Spells catched 
[17:24:23] 1179 LearnableSpells catched 
[17:24:23] 21 Handlers Readed
[17:24:23] 22 Messages Readed
[17:24:23] WorldServer start in 9598 ms.
[17:25:26] MySQL Database Connected
[17:25:26] 16 Breeds catched
[17:25:26] 256 Heads catched
[17:25:34] 11260 DofusMaps catched
[17:25:34] 169 StatedElements catched
[17:25:34] 323 InteractiveElements catched
[17:25:34] 15228 SpellLevels catched 
[17:25:34] 4772 Spells catched 
[17:25:34] 1179 LearnableSpells catched 
[17:25:35] 21 Handlers Readed
[17:25:35] 22 Messages Readed
[17:25:35] WorldServer start in 9272 ms.
[17:48:40] MySQL Database Connected
[17:48:40] 16 Breeds catched
[17:48:40] 256 Heads catched
[17:48:47] 11260 DofusMaps catched
[17:48:47] 169 StatedElements catched
[17:48:47] 323 InteractiveElements catched
[17:48:48] 15228 SpellLevels catched 
[17:48:48] 4772 Spells catched 
[17:48:48] 1179 LearnableSpells catched 
[17:48:48] 21 Handlers Readed
[17:48:48] 22 Messages Readed
[17:48:48] WorldServer start in 8893 ms.
[22:26:51] MySQL Database Connected
[22:26:51] 16 Breeds catched
[22:26:51] 256 Heads catched
[22:27:16] 11260 DofusMaps catched
[22:27:16] 169 StatedElements catched
[22:27:17] 323 InteractiveElements catched
[22:27:21] 15228 SpellLevels catched 
[22:27:22] 4772 Spells catched 
[22:27:22] 1179 LearnableSpells catched 
[22:27:24] 21 Handlers Readed
[22:27:27] 22 Messages Readed
[22:27:27] WorldServer start in 35871 ms.
[22:29:08] MySQL Database Connected
[22:29:08] 16 Breeds catched
[22:29:08] 256 Heads catched
[22:29:15] 11260 DofusMaps catched
[22:29:15] 169 StatedElements catched
[22:29:15] 323 InteractiveElements catched
[22:29:15] 15228 SpellLevels catched 
[22:29:15] 4772 Spells catched 
[22:29:15] 1179 LearnableSpells catched 
[22:29:16] 21 Handlers Readed
[22:29:16] 22 Messages Readed
[22:29:16] WorldServer start in 8589 ms.
[22:29:58] MySQL Database Connected
[22:29:58] 16 Breeds catched
[22:29:58] 256 Heads catched
[22:30:05] 11260 DofusMaps catched
[22:30:05] 169 StatedElements catched
[22:30:05] 323 InteractiveElements catched
[22:30:06] 15228 SpellLevels catched 
[22:30:06] 4772 Spells catched 
[22:30:06] 1179 LearnableSpells catched 
[22:30:06] 21 Handlers Readed
[22:30:06] 22 Messages Readed
[22:30:06] WorldServer start in 8507 ms.
[22:35:27] MySQL Database Connected
[22:35:28] 16 Breeds catched
[22:35:28] 256 Heads catched
[22:36:38] MySQL Database Connected
[22:36:38] 16 Breeds catched
[22:36:38] 256 Heads catched
[22:36:49] 11260 DofusMaps catched
[22:36:49] 169 StatedElements catched
[22:36:49] 323 InteractiveElements catched
[22:36:49] 15228 SpellLevels catched 
[22:36:49] 4772 Spells catched 
[22:36:49] 1179 LearnableSpells catched 
[22:36:49] 21 Handlers Readed
[22:36:49] 22 Messages Readed
[22:36:49] WorldServer start in 11897 ms.
[22:56:31] MySQL Database Connected
[22:56:31] 16 Breeds catched
[22:56:31] 256 Heads catched
[22:56:39] 11260 DofusMaps catched
[22:56:39] 169 StatedElements catched
[22:56:39] 323 InteractiveElements catched
[22:56:39] 15228 SpellLevels catched 
[22:56:39] 4772 Spells catched 
[22:56:39] 1179 LearnableSpells catched 
[22:56:39] 21 Handlers Readed
[22:56:39] 22 Messages Readed
[22:56:40] WorldServer start in 9284 ms.
