[20:45:23] MySQL Database Connected
[20:45:24] 16 Breeds catched
[20:45:24] 256 Heads catched
[20:45:24] 566 Effects catched
[20:45:25] 4 SuperAreas catched
[20:45:25] 48 Areas catched
[20:45:26] 334 SubAreas catched
[20:45:34] 11267 DofusMaps catched
[20:45:34] 9763 StatedElements catched
[20:45:35] 13368 InteractiveElements catched
[20:45:35] 1485 HouseInformations catched
[20:45:35] 565 InteractiveDoors catched
[20:45:35] 3530 MapPositions uncatched
[20:45:35] 14681 MapPositions catched
[20:45:35] 42 MapZaaps catched
[20:45:35] 79 MapSubways catched
[20:45:35] 15612 SpellLevels catched 
[20:45:36] 4972 Spells catched 
[20:45:36] 4 SpellBombs catched 
[20:45:36] 316 GuildEmblems catched 
[20:45:36] 1179 LearnableSpells catched 
[20:45:36] 10063 ItemTemplates catched 
[20:45:36] 4355 Weapons catched 
[20:45:36] 366 ItemSets catched 
[20:45:36] 171 ItemTypes catched 
[20:45:36] 114 ItemPets catched 
[20:45:37] 2476 NpcTemplates catched 
[20:45:37] 802 NpcSpawns catched 
[20:45:37] 94 NpcItems catched 
[20:45:37] 19801 NpcMessages catched 
[20:45:37] 7 NpcReplies catched 
[20:45:37] 363 Triggers catched
[20:45:37] 1277 Paddocks catched
[20:45:37] 72 Mounts catched
[20:45:37] 3 Guild catched
[20:45:37] 2 GuildMembers catched
[20:45:37] 11 GatheringJob LevelInfos catched
[20:45:38] 233 InteractiveSkills LevelInfos catched
[20:45:38] 2210 Monster Templates catched
[20:45:38] 11688 Monster Grades catched
[20:45:38] 8021 Monster Drops catched
[20:45:41] 128 Handlers Readed
[20:45:47] 175 Messages Readed
[20:45:47] WorldServer start in 23897 ms.
[21:36:29] MySQL Database Connected
[21:36:29] 16 Breeds catched
[21:36:29] 256 Heads catched
[21:36:29] 566 Effects catched
[21:36:29] 4 SuperAreas catched
[21:36:29] 48 Areas catched
[21:36:30] 334 SubAreas catched
[21:36:31] 11267 DofusMaps catched
[21:36:31] 9769 StatedElements catched
[21:36:31] 13379 InteractiveElements catched
[21:36:31] 1485 HouseInformations catched
[21:36:31] 568 InteractiveDoors catched
[21:36:31] 3530 MapPositions uncatched
[21:36:31] 14681 MapPositions catched
[21:36:31] 42 MapZaaps catched
[21:36:31] 79 MapSubways catched
[21:36:32] 15612 SpellLevels catched 
[21:36:32] 4972 Spells catched 
[21:36:32] 4 SpellBombs catched 
[21:36:32] 316 GuildEmblems catched 
[21:36:32] 1179 LearnableSpells catched 
[21:36:32] 10063 ItemTemplates catched 
[21:36:32] 4355 Weapons catched 
[21:36:32] 366 ItemSets catched 
[21:36:32] 171 ItemTypes catched 
[21:36:32] 114 ItemPets catched 
[21:36:32] 2476 NpcTemplates catched 
[21:36:32] 802 NpcSpawns catched 
[21:36:32] 94 NpcItems catched 
[21:36:32] 19801 NpcMessages catched 
[21:36:32] 7 NpcReplies catched 
[21:36:32] 366 Triggers catched
[21:36:32] 1277 Paddocks catched
[21:36:32] 72 Mounts catched
[21:36:32] 3 Guild catched
[21:36:32] 2 GuildMembers catched
[21:36:32] 11 GatheringJob LevelInfos catched
[21:36:33] 233 InteractiveSkills LevelInfos catched
[21:36:33] 2210 Monster Templates catched
[21:36:33] 11688 Monster Grades catched
[21:36:33] 8021 Monster Drops catched
[21:36:33] 128 Handlers Readed
[21:36:34] 175 Messages Readed
[21:36:34] WorldServer start in 5057 ms.
[21:37:09] MySQL Database Connected
[21:37:09] 16 Breeds catched
[21:37:09] 256 Heads catched
[21:37:09] 566 Effects catched
[21:37:10] 4 SuperAreas catched
[21:37:10] 48 Areas catched
[21:37:11] 334 SubAreas catched
[21:37:11] 11267 DofusMaps catched
[21:37:11] 9769 StatedElements catched
[21:37:12] 13379 InteractiveElements catched
[21:37:12] 1485 HouseInformations catched
[21:37:12] 568 InteractiveDoors catched
[21:37:12] 3530 MapPositions uncatched
[21:37:12] 14681 MapPositions catched
[21:37:12] 42 MapZaaps catched
[21:37:12] 79 MapSubways catched
[21:37:12] 15612 SpellLevels catched 
[21:37:12] 4972 Spells catched 
[21:37:12] 4 SpellBombs catched 
[21:37:12] 316 GuildEmblems catched 
[21:37:12] 1179 LearnableSpells catched 
[21:37:12] 10063 ItemTemplates catched 
[21:37:12] 4355 Weapons catched 
[21:37:12] 366 ItemSets catched 
[21:37:12] 171 ItemTypes catched 
[21:37:12] 114 ItemPets catched 
[21:37:12] 2476 NpcTemplates catched 
[21:37:12] 802 NpcSpawns catched 
[21:37:12] 94 NpcItems catched 
[21:37:13] 19801 NpcMessages catched 
[21:37:13] 7 NpcReplies catched 
[21:37:13] 366 Triggers catched
[21:37:13] 1277 Paddocks catched
[21:37:13] 72 Mounts catched
[21:37:13] 3 Guild catched
[21:37:13] 2 GuildMembers catched
[21:37:13] 11 GatheringJob LevelInfos catched
[21:37:13] 233 InteractiveSkills LevelInfos catched
[21:37:13] 2210 Monster Templates catched
[21:37:13] 11688 Monster Grades catched
[21:37:13] 8021 Monster Drops catched
[21:37:13] 128 Handlers Readed
[21:37:14] 175 Messages Readed
[21:37:14] WorldServer start in 4788 ms.
[21:52:04] MySQL Database Connected
[21:52:04] 16 Breeds catched
[21:52:04] 256 Heads catched
[21:52:04] 566 Effects catched
[21:52:05] 4 SuperAreas catched
[21:52:05] 48 Areas catched
[21:52:06] 334 SubAreas catched
[21:52:07] 11267 DofusMaps catched
[21:52:07] 9769 StatedElements catched
[21:52:07] 13379 InteractiveElements catched
[21:52:07] 1485 HouseInformations catched
[21:52:07] 568 InteractiveDoors catched
[21:52:07] 3530 MapPositions uncatched
[21:52:07] 14681 MapPositions catched
[21:52:07] 42 MapZaaps catched
[21:52:07] 79 MapSubways catched
[21:52:07] 15612 SpellLevels catched 
[21:52:07] 4972 Spells catched 
[21:52:07] 4 SpellBombs catched 
[21:52:07] 316 GuildEmblems catched 
[21:52:07] 1179 LearnableSpells catched 
[21:52:07] 10063 ItemTemplates catched 
[21:52:08] 4355 Weapons catched 
[21:52:08] 366 ItemSets catched 
[21:52:08] 171 ItemTypes catched 
[21:52:08] 114 ItemPets catched 
[21:52:08] 2476 NpcTemplates catched 
[21:52:08] 802 NpcSpawns catched 
[21:52:08] 94 NpcItems catched 
[21:52:08] 19801 NpcMessages catched 
[21:52:08] 7 NpcReplies catched 
[21:52:08] 366 Triggers catched
[21:52:08] 1277 Paddocks catched
[21:52:08] 72 Mounts catched
[21:52:08] 3 Guild catched
[21:52:08] 2 GuildMembers catched
[21:52:08] 11 GatheringJob LevelInfos catched
[21:52:08] 233 InteractiveSkills LevelInfos catched
[21:52:08] 2210 Monster Templates catched
[21:52:08] 11688 Monster Grades catched
[21:52:08] 8021 Monster Drops catched
[21:52:09] 128 Handlers Readed
[21:52:09] 175 Messages Readed
[21:52:09] WorldServer start in 5221 ms.
[21:53:29] MySQL Database Connected
[21:53:29] 16 Breeds catched
[21:53:29] 256 Heads catched
[21:53:29] 566 Effects catched
[21:53:29] 4 SuperAreas catched
[21:53:29] 48 Areas catched
[21:53:30] 334 SubAreas catched
[21:53:31] 11267 DofusMaps catched
[21:53:31] 9769 StatedElements catched
[21:53:31] 13379 InteractiveElements catched
[21:53:31] 1485 HouseInformations catched
[21:53:31] 568 InteractiveDoors catched
[21:53:31] 3530 MapPositions uncatched
[21:53:31] 14681 MapPositions catched
[21:53:31] 42 MapZaaps catched
[21:53:31] 79 MapSubways catched
[21:53:32] 15612 SpellLevels catched 
[21:53:32] 4972 Spells catched 
[21:53:32] 4 SpellBombs catched 
[21:53:32] 316 GuildEmblems catched 
[21:53:32] 1179 LearnableSpells catched 
[21:53:32] 10063 ItemTemplates catched 
[21:53:32] 4355 Weapons catched 
[21:53:32] 366 ItemSets catched 
[21:53:32] 171 ItemTypes catched 
[21:53:32] 114 ItemPets catched 
[21:53:32] 2476 NpcTemplates catched 
[21:53:32] 802 NpcSpawns catched 
[21:53:32] 94 NpcItems catched 
[21:53:32] 19801 NpcMessages catched 
[21:53:32] 7 NpcReplies catched 
[21:53:32] 366 Triggers catched
[21:53:32] 1277 Paddocks catched
[21:53:32] 72 Mounts catched
[21:53:32] 3 Guild catched
[21:53:32] 2 GuildMembers catched
[21:53:32] 11 GatheringJob LevelInfos catched
[21:53:33] 233 InteractiveSkills LevelInfos catched
[21:53:33] 2210 Monster Templates catched
[21:53:33] 11688 Monster Grades catched
[21:53:33] 8021 Monster Drops catched
[21:53:33] 128 Handlers Readed
[21:53:34] 175 Messages Readed
[21:53:34] WorldServer start in 5444 ms.
[22:08:30] MySQL Database Connected
[22:08:31] 16 Breeds catched
[22:08:31] 256 Heads catched
[22:08:31] 566 Effects catched
[22:08:31] 4 SuperAreas catched
[22:08:31] 48 Areas catched
[22:08:32] 334 SubAreas catched
[22:08:33] 11267 DofusMaps catched
[22:08:33] 9769 StatedElements catched
[22:08:33] 13379 InteractiveElements catched
[22:08:33] 1485 HouseInformations catched
[22:08:33] 568 InteractiveDoors catched
[22:08:33] 3530 MapPositions uncatched
[22:08:33] 14681 MapPositions catched
[22:08:33] 42 MapZaaps catched
[22:08:33] 79 MapSubways catched
[22:08:33] 15612 SpellLevels catched 
[22:08:33] 4972 Spells catched 
[22:08:33] 4 SpellBombs catched 
[22:08:33] 316 GuildEmblems catched 
[22:08:33] 1179 LearnableSpells catched 
[22:08:34] 10063 ItemTemplates catched 
[22:08:34] 4355 Weapons catched 
[22:08:34] 366 ItemSets catched 
[22:08:34] 171 ItemTypes catched 
[22:08:34] 114 ItemPets catched 
[22:08:34] 2476 NpcTemplates catched 
[22:08:34] 802 NpcSpawns catched 
[22:08:34] 94 NpcItems catched 
[22:08:34] 19801 NpcMessages catched 
[22:08:34] 7 NpcReplies catched 
[22:08:34] 366 Triggers catched
[22:08:34] 1277 Paddocks catched
[22:08:34] 72 Mounts catched
[22:08:34] 3 Guild catched
[22:08:34] 2 GuildMembers catched
[22:08:34] 11 GatheringJob LevelInfos catched
[22:08:35] 233 InteractiveSkills LevelInfos catched
[22:08:35] 2210 Monster Templates catched
[22:08:35] 11688 Monster Grades catched
[22:08:35] 8021 Monster Drops catched
[22:08:35] 128 Handlers Readed
[22:08:36] 175 Messages Readed
[22:08:36] WorldServer start in 5501 ms.
[22:34:56] MySQL Database Connected
[22:34:56] 16 Breeds catched
[22:34:56] 256 Heads catched
[22:34:56] 566 Effects catched
[22:34:56] 4 SuperAreas catched
[22:34:56] 48 Areas catched
[22:34:57] 334 SubAreas catched
[22:34:58] 11267 DofusMaps catched
[22:34:58] 9769 StatedElements catched
[22:34:58] 13379 InteractiveElements catched
[22:34:58] 1485 HouseInformations catched
[22:34:58] 568 InteractiveDoors catched
[22:34:58] 3530 MapPositions uncatched
[22:34:58] 14681 MapPositions catched
[22:34:58] 42 MapZaaps catched
[22:34:58] 79 MapSubways catched
[22:34:58] 15612 SpellLevels catched 
[22:34:58] 4972 Spells catched 
[22:34:58] 4 SpellBombs catched 
[22:34:58] 316 GuildEmblems catched 
[22:34:58] 1179 LearnableSpells catched 
[22:34:59] 10063 ItemTemplates catched 
[22:34:59] 4355 Weapons catched 
[22:34:59] 366 ItemSets catched 
[22:34:59] 171 ItemTypes catched 
[22:34:59] 114 ItemPets catched 
[22:34:59] 2476 NpcTemplates catched 
[22:34:59] 802 NpcSpawns catched 
[22:34:59] 94 NpcItems catched 
[22:34:59] 19801 NpcMessages catched 
[22:34:59] 8 NpcReplies catched 
[22:34:59] 366 Triggers catched
[22:34:59] 1277 Paddocks catched
[22:34:59] 72 Mounts catched
[22:34:59] 3 Guild catched
[22:34:59] 2 GuildMembers catched
[22:34:59] 11 GatheringJob LevelInfos catched
[22:34:59] 233 InteractiveSkills LevelInfos catched
[22:34:59] 2210 Monster Templates catched
[22:34:59] 11688 Monster Grades catched
[22:34:59] 8021 Monster Drops catched
[22:35:00] 128 Handlers Readed
[22:35:00] 175 Messages Readed
[22:35:00] WorldServer start in 4883 ms.
[22:46:38] MySQL Database Connected
[22:46:38] 16 Breeds catched
[22:46:38] 256 Heads catched
[22:46:38] 566 Effects catched
[22:46:38] 4 SuperAreas catched
[22:46:39] 48 Areas catched
[22:46:39] 334 SubAreas catched
[22:46:40] 11267 DofusMaps catched
[22:46:40] 9769 StatedElements catched
[22:46:40] 13379 InteractiveElements catched
[22:46:40] 1485 HouseInformations catched
[22:46:40] 568 InteractiveDoors catched
[22:46:40] 3530 MapPositions uncatched
[22:46:40] 14681 MapPositions catched
[22:46:40] 42 MapZaaps catched
[22:46:40] 79 MapSubways catched
[22:46:41] 15612 SpellLevels catched 
[22:46:41] 4972 Spells catched 
[22:46:41] 4 SpellBombs catched 
[22:46:41] 316 GuildEmblems catched 
[22:46:41] 1179 LearnableSpells catched 
[22:46:41] 10063 ItemTemplates catched 
[22:46:41] 4355 Weapons catched 
[22:46:41] 366 ItemSets catched 
[22:46:41] 171 ItemTypes catched 
[22:46:41] 114 ItemPets catched 
[22:46:41] 2476 NpcTemplates catched 
[22:46:41] 802 NpcSpawns catched 
[22:46:41] 94 NpcItems catched 
[22:46:41] 19801 NpcMessages catched 
[22:46:41] 8 NpcReplies catched 
[22:46:41] 366 Triggers catched
[22:46:41] 1277 Paddocks catched
[22:46:41] 72 Mounts catched
[22:46:41] 3 Guild catched
[22:46:41] 2 GuildMembers catched
[22:46:41] 11 GatheringJob LevelInfos catched
[22:46:42] 233 InteractiveSkills LevelInfos catched
[22:46:42] 2210 Monster Templates catched
[22:46:42] 11688 Monster Grades catched
[22:46:42] 8021 Monster Drops catched
[22:46:42] 128 Handlers Readed
[22:46:42] 175 Messages Readed
[22:46:43] WorldServer start in 4952 ms.
[22:49:58] MySQL Database Connected
[22:49:58] 16 Breeds catched
[22:49:58] 256 Heads catched
[22:49:58] 566 Effects catched
[22:49:58] 4 SuperAreas catched
[22:49:58] 48 Areas catched
[22:49:59] 334 SubAreas catched
[22:50:00] 11267 DofusMaps catched
[22:50:00] 9769 StatedElements catched
[22:50:00] 13379 InteractiveElements catched
[22:50:00] 1485 HouseInformations catched
[22:50:00] 568 InteractiveDoors catched
[22:50:00] 3530 MapPositions uncatched
[22:50:00] 14681 MapPositions catched
[22:50:00] 42 MapZaaps catched
[22:50:00] 79 MapSubways catched
[22:50:00] 15612 SpellLevels catched 
[22:50:00] 4972 Spells catched 
[22:50:00] 4 SpellBombs catched 
[22:50:00] 316 GuildEmblems catched 
[22:50:00] 1179 LearnableSpells catched 
[22:50:01] 10063 ItemTemplates catched 
[22:50:01] 4355 Weapons catched 
[22:50:01] 366 ItemSets catched 
[22:50:01] 171 ItemTypes catched 
[22:50:01] 114 ItemPets catched 
[22:50:01] 2476 NpcTemplates catched 
[22:50:01] 802 NpcSpawns catched 
[22:50:01] 94 NpcItems catched 
[22:50:01] 19801 NpcMessages catched 
[22:50:01] 8 NpcReplies catched 
[22:50:01] 366 Triggers catched
[22:50:01] 1277 Paddocks catched
[22:50:01] 72 Mounts catched
[22:50:01] 3 Guild catched
[22:50:01] 2 GuildMembers catched
[22:50:01] 11 GatheringJob LevelInfos catched
[22:50:01] 233 InteractiveSkills LevelInfos catched
[22:50:01] 2210 Monster Templates catched
[22:50:01] 11688 Monster Grades catched
[22:50:02] 8021 Monster Drops catched
[22:50:02] 128 Handlers Readed
[22:50:02] 175 Messages Readed
[22:50:02] WorldServer start in 5103 ms.
[23:00:46] MySQL Database Connected
[23:00:46] 16 Breeds catched
[23:00:46] 256 Heads catched
[23:00:46] 566 Effects catched
[23:00:46] 4 SuperAreas catched
[23:00:46] 48 Areas catched
[23:00:47] 334 SubAreas catched
[23:00:55] 11260 DofusMaps catched
[23:00:55] 9769 StatedElements catched
[23:00:55] 13379 InteractiveElements catched
[23:00:55] 1485 HouseInformations catched
[23:00:55] 568 InteractiveDoors catched
[23:00:55] 3614 MapPositions uncatched
[23:00:55] 14681 MapPositions catched
[23:00:55] 42 MapZaaps catched
[23:00:55] 79 MapSubways catched
[23:00:55] 15612 SpellLevels catched 
[23:00:55] 4972 Spells catched 
[23:00:55] 4 SpellBombs catched 
[23:00:55] 316 GuildEmblems catched 
[23:00:55] 1179 LearnableSpells catched 
[23:00:56] 10063 ItemTemplates catched 
[23:00:56] 4355 Weapons catched 
[23:00:56] 366 ItemSets catched 
[23:00:56] 171 ItemTypes catched 
[23:00:56] 114 ItemPets catched 
[23:00:56] 2476 NpcTemplates catched 
[23:00:56] 802 NpcSpawns catched 
[23:00:56] 94 NpcItems catched 
[23:00:56] 19801 NpcMessages catched 
[23:00:56] 8 NpcReplies catched 
[23:01:17] MySQL Database Connected
[23:01:17] 16 Breeds catched
[23:01:17] 256 Heads catched
[23:01:17] 566 Effects catched
[23:01:18] 4 SuperAreas catched
[23:01:18] 48 Areas catched
[23:01:19] 334 SubAreas catched
[23:01:26] 11260 DofusMaps catched
[23:01:26] 9769 StatedElements catched
[23:01:26] 13379 InteractiveElements catched
[23:01:26] 1485 HouseInformations catched
[23:01:26] 568 InteractiveDoors catched
[23:01:27] 3614 MapPositions uncatched
[23:01:27] 14681 MapPositions catched
[23:01:27] 42 MapZaaps catched
[23:01:27] 79 MapSubways catched
[23:01:27] 15612 SpellLevels catched 
[23:01:27] 4972 Spells catched 
[23:01:27] 4 SpellBombs catched 
[23:01:27] 316 GuildEmblems catched 
[23:01:27] 1179 LearnableSpells catched 
[23:01:27] 10063 ItemTemplates catched 
[23:01:27] 4355 Weapons catched 
[23:01:27] 366 ItemSets catched 
[23:01:27] 171 ItemTypes catched 
[23:01:27] 114 ItemPets catched 
[23:01:28] 2476 NpcTemplates catched 
[23:01:28] 802 NpcSpawns catched 
[23:01:28] 94 NpcItems catched 
[23:01:28] 19801 NpcMessages catched 
[23:01:28] 8 NpcReplies catched 
[23:02:19] MySQL Database Connected
[23:02:19] 16 Breeds catched
[23:02:19] 256 Heads catched
[23:02:19] 566 Effects catched
[23:02:20] 4 SuperAreas catched
[23:02:20] 48 Areas catched
[23:02:21] 334 SubAreas catched
[23:02:26] 11267 DofusMaps catched
[23:02:26] 9769 StatedElements catched
[23:02:26] 13379 InteractiveElements catched
[23:02:26] 1485 HouseInformations catched
[23:02:26] 568 InteractiveDoors catched
[23:02:26] 3530 MapPositions uncatched
[23:02:26] 14681 MapPositions catched
[23:02:26] 40 MapZaaps catched
[23:02:26] 79 MapSubways catched
[23:02:27] 15612 SpellLevels catched 
[23:02:27] 4972 Spells catched 
[23:02:27] 4 SpellBombs catched 
[23:02:27] 316 GuildEmblems catched 
[23:02:27] 1179 LearnableSpells catched 
[23:02:27] 10063 ItemTemplates catched 
[23:02:27] 4355 Weapons catched 
[23:02:27] 366 ItemSets catched 
[23:02:27] 171 ItemTypes catched 
[23:02:27] 114 ItemPets catched 
[23:02:27] 2476 NpcTemplates catched 
[23:02:27] 802 NpcSpawns catched 
[23:02:27] 94 NpcItems catched 
[23:02:27] 19801 NpcMessages catched 
[23:02:27] 8 NpcReplies catched 
[23:02:27] 366 Triggers catched
[23:02:27] 1277 Paddocks catched
[23:02:27] 72 Mounts catched
[23:02:28] 3 Guild catched
[23:02:28] 2 GuildMembers catched
[23:02:28] 11 GatheringJob LevelInfos catched
[23:02:28] 233 InteractiveSkills LevelInfos catched
[23:02:28] 2210 Monster Templates catched
[23:02:28] 11688 Monster Grades catched
[23:02:28] 8021 Monster Drops catched
[23:02:29] 128 Handlers Readed
[23:02:29] 175 Messages Readed
[23:02:29] WorldServer start in 10061 ms.
[23:03:30] MySQL Database Connected
[23:03:30] 16 Breeds catched
[23:03:30] 256 Heads catched
[23:03:30] 566 Effects catched
[23:03:30] 4 SuperAreas catched
[23:03:30] 48 Areas catched
[23:03:31] 334 SubAreas catched
[23:03:32] 11267 DofusMaps catched
[23:03:32] 9769 StatedElements catched
[23:03:32] 13379 InteractiveElements catched
[23:03:32] 1485 HouseInformations catched
[23:03:32] 568 InteractiveDoors catched
[23:03:32] 3530 MapPositions uncatched
[23:03:32] 14681 MapPositions catched
[23:03:32] 39 MapZaaps catched
[23:03:32] 79 MapSubways catched
[23:03:32] 15612 SpellLevels catched 
[23:03:32] 4972 Spells catched 
[23:03:32] 4 SpellBombs catched 
[23:03:32] 316 GuildEmblems catched 
[23:03:32] 1179 LearnableSpells catched 
[23:03:33] 10063 ItemTemplates catched 
[23:03:33] 4355 Weapons catched 
[23:03:33] 366 ItemSets catched 
[23:03:33] 171 ItemTypes catched 
[23:03:33] 114 ItemPets catched 
[23:03:33] 2476 NpcTemplates catched 
[23:03:33] 802 NpcSpawns catched 
[23:03:33] 94 NpcItems catched 
[23:03:33] 19801 NpcMessages catched 
[23:03:33] 8 NpcReplies catched 
[23:03:33] 366 Triggers catched
[23:03:33] 1277 Paddocks catched
[23:03:33] 72 Mounts catched
[23:03:33] 3 Guild catched
[23:03:33] 2 GuildMembers catched
[23:03:33] 11 GatheringJob LevelInfos catched
[23:03:33] 233 InteractiveSkills LevelInfos catched
[23:03:33] 2210 Monster Templates catched
[23:03:33] 11688 Monster Grades catched
[23:03:33] 8021 Monster Drops catched
[23:03:34] 128 Handlers Readed
[23:03:34] 175 Messages Readed
[23:03:34] WorldServer start in 5105 ms.
[23:04:26] MySQL Database Connected
[23:04:26] 16 Breeds catched
[23:04:26] 256 Heads catched
[23:04:26] 566 Effects catched
[23:04:27] 4 SuperAreas catched
[23:04:27] 48 Areas catched
[23:04:28] 334 SubAreas catched
[23:04:28] 11267 DofusMaps catched
[23:04:28] 9769 StatedElements catched
[23:04:28] 13379 InteractiveElements catched
[23:04:28] 1485 HouseInformations catched
[23:04:28] 568 InteractiveDoors catched
[23:04:28] 3530 MapPositions uncatched
[23:04:28] 14681 MapPositions catched
[23:04:28] 38 MapZaaps catched
[23:04:28] 79 MapSubways catched
[23:04:29] 15612 SpellLevels catched 
[23:04:29] 4972 Spells catched 
[23:04:29] 4 SpellBombs catched 
[23:04:29] 316 GuildEmblems catched 
[23:04:29] 1179 LearnableSpells catched 
[23:04:29] 10063 ItemTemplates catched 
[23:04:29] 4355 Weapons catched 
[23:04:29] 366 ItemSets catched 
[23:04:29] 171 ItemTypes catched 
[23:04:29] 114 ItemPets catched 
[23:04:29] 2476 NpcTemplates catched 
[23:04:29] 802 NpcSpawns catched 
[23:04:29] 94 NpcItems catched 
[23:04:29] 19801 NpcMessages catched 
[23:04:29] 8 NpcReplies catched 
[23:04:29] 366 Triggers catched
[23:04:29] 1277 Paddocks catched
[23:04:29] 72 Mounts catched
[23:04:29] 3 Guild catched
[23:04:29] 2 GuildMembers catched
[23:04:29] 11 GatheringJob LevelInfos catched
[23:04:30] 233 InteractiveSkills LevelInfos catched
[23:04:30] 2210 Monster Templates catched
[23:04:30] 11688 Monster Grades catched
[23:04:30] 8021 Monster Drops catched
[23:04:30] 128 Handlers Readed
[23:04:31] 175 Messages Readed
[23:04:31] WorldServer start in 4885 ms.
[23:29:53] MySQL Database Connected
[23:29:53] 16 Breeds catched
[23:29:53] 256 Heads catched
[23:29:53] 566 Effects catched
[23:29:53] 4 SuperAreas catched
[23:29:53] 48 Areas catched
[23:29:54] 334 SubAreas catched
[23:29:55] 11267 DofusMaps catched
[23:29:55] 9769 StatedElements catched
[23:29:55] 13379 InteractiveElements catched
[23:29:55] 1485 HouseInformations catched
[23:29:55] 568 InteractiveDoors catched
[23:29:55] 3530 MapPositions uncatched
[23:29:55] 14681 MapPositions catched
[23:29:55] 38 MapZaaps catched
[23:29:55] 79 MapSubways catched
[23:29:55] 15612 SpellLevels catched 
[23:29:55] 4972 Spells catched 
[23:29:55] 4 SpellBombs catched 
[23:29:55] 316 GuildEmblems catched 
[23:29:56] 1179 LearnableSpells catched 
[23:29:56] 10063 ItemTemplates catched 
[23:29:56] 4355 Weapons catched 
[23:29:56] 366 ItemSets catched 
[23:29:56] 171 ItemTypes catched 
[23:29:56] 114 ItemPets catched 
[23:29:56] 2476 NpcTemplates catched 
[23:29:56] 802 NpcSpawns catched 
[23:29:56] 94 NpcItems catched 
[23:29:56] 19801 NpcMessages catched 
[23:29:56] 8 NpcReplies catched 
[23:29:56] 366 Triggers catched
[23:29:56] 1277 Paddocks catched
[23:29:56] 72 Mounts catched
[23:29:56] 3 Guild catched
[23:29:56] 2 GuildMembers catched
[23:29:56] 11 GatheringJob LevelInfos catched
[23:29:56] 233 InteractiveSkills LevelInfos catched
[23:29:56] 2210 Monster Templates catched
[23:29:56] 11688 Monster Grades catched
[23:29:57] 8021 Monster Drops catched
[23:29:57] 128 Handlers Readed
[23:29:57] 175 Messages Readed
[23:29:57] WorldServer start in 5067 ms.
[23:30:59] MySQL Database Connected
[23:30:59] 16 Breeds catched
[23:30:59] 256 Heads catched
[23:30:59] 566 Effects catched
[23:31:00] 4 SuperAreas catched
[23:31:00] 48 Areas catched
[23:31:01] 334 SubAreas catched
[23:31:01] 11267 DofusMaps catched
[23:31:01] 9769 StatedElements catched
[23:31:01] 13379 InteractiveElements catched
[23:31:01] 1485 HouseInformations catched
[23:31:01] 568 InteractiveDoors catched
[23:31:01] 3530 MapPositions uncatched
[23:31:01] 14681 MapPositions catched
[23:31:01] 38 MapZaaps catched
[23:31:01] 79 MapSubways catched
[23:31:01] 15612 SpellLevels catched 
[23:31:01] 4972 Spells catched 
[23:31:01] 4 SpellBombs catched 
[23:31:01] 316 GuildEmblems catched 
[23:31:01] 1179 LearnableSpells catched 
[23:31:02] 10063 ItemTemplates catched 
[23:31:02] 4355 Weapons catched 
[23:31:02] 366 ItemSets catched 
[23:31:02] 171 ItemTypes catched 
[23:31:02] 114 ItemPets catched 
[23:31:02] 2476 NpcTemplates catched 
[23:31:02] 802 NpcSpawns catched 
[23:31:02] 94 NpcItems catched 
[23:31:02] 19801 NpcMessages catched 
[23:31:02] 8 NpcReplies catched 
[23:31:02] 366 Triggers catched
[23:31:02] 1277 Paddocks catched
[23:31:02] 72 Mounts catched
[23:31:02] 3 Guild catched
[23:31:02] 2 GuildMembers catched
[23:31:02] 11 GatheringJob LevelInfos catched
[23:31:02] 233 InteractiveSkills LevelInfos catched
[23:31:02] 2210 Monster Templates catched
[23:31:02] 11688 Monster Grades catched
[23:31:02] 8021 Monster Drops catched
[23:31:03] 128 Handlers Readed
[23:31:03] 175 Messages Readed
[23:31:03] WorldServer start in 4776 ms.
