[14:15:50] MySQL Database Connected
[14:15:50] 16 Breeds catched
[14:15:50] 256 Heads catched
[14:15:50] 561 Effects catched
[14:15:59] 11260 DofusMaps catched
[14:15:59] 454 StatedElements catched
[14:15:59] 820 InteractiveElements catched
[14:15:59] 87 HouseInformations catched
[14:15:59] 120 InteractiveDoors catched
[14:15:59] 3614 MapPositions uncatched
[14:15:59] 14681 MapPositions catched
[14:15:59] 42 MapZaaps catched
[14:15:59] 15228 SpellLevels catched 
[14:16:00] 4772 Spells catched 
[14:16:00] 1179 LearnableSpells catched 
[14:16:00] 9780 ItemTemplates catched 
[14:16:00] 4489 Weapons catched 
[14:16:00] 363 ItemSets catched 
[14:16:00] 171 ItemTypes catched 
[14:16:00] 110 ItemPets catched 
[14:16:00] 2476 NpcTemplates catched 
[14:16:00] 138 NpcSpawns catched 
[14:16:00] 50 NpcItems catched 
[14:16:00] 19801 NpcMessages catched 
[14:16:01] 7 NpcReplies catched 
[14:16:01] 18 Triggers catched
[14:16:01] 5 Paddocks catched
[14:16:01] 72 Mounts catched
[14:16:01] 89 Handlers Readed
[14:16:02] 125 Messages Readed
[14:16:02] WorldServer start in 11966 ms.
[14:45:34] Packet not handled 5976
[15:04:56] MySQL Database Connected
[15:04:56] 16 Breeds catched
[15:04:56] 256 Heads catched
[15:04:56] 561 Effects catched
[15:05:04] 11260 DofusMaps catched
[15:05:04] 454 StatedElements catched
[15:05:04] 820 InteractiveElements catched
[15:05:04] 87 HouseInformations catched
[15:05:04] 120 InteractiveDoors catched
[15:05:04] 3614 MapPositions uncatched
[15:05:04] 14681 MapPositions catched
[15:05:04] 42 MapZaaps catched
[15:05:04] 15228 SpellLevels catched 
[15:05:04] 4772 Spells catched 
[15:05:04] 1179 LearnableSpells catched 
[15:05:05] 9780 ItemTemplates catched 
[15:05:05] 4489 Weapons catched 
[15:05:05] 363 ItemSets catched 
[15:05:05] 171 ItemTypes catched 
[15:05:05] 110 ItemPets catched 
[15:05:05] 2476 NpcTemplates catched 
[15:05:05] 138 NpcSpawns catched 
[15:05:05] 50 NpcItems catched 
[15:05:05] 19801 NpcMessages catched 
[15:05:05] 7 NpcReplies catched 
[15:05:05] 18 Triggers catched
[15:05:05] 5 Paddocks catched
[15:05:05] 72 Mounts catched
[15:05:06] 90 Handlers Readed
[15:05:06] 125 Messages Readed
[15:05:06] WorldServer start in 10655 ms.
[15:17:32] MySQL Database Connected
[15:17:32] 16 Breeds catched
[15:17:32] 256 Heads catched
[15:17:32] 561 Effects catched
[15:17:40] 11260 DofusMaps catched
[15:17:40] 454 StatedElements catched
[15:17:40] 820 InteractiveElements catched
[15:17:40] 87 HouseInformations catched
[15:17:40] 120 InteractiveDoors catched
[15:17:40] 3614 MapPositions uncatched
[15:17:40] 14681 MapPositions catched
[15:17:40] 42 MapZaaps catched
[15:17:40] 15228 SpellLevels catched 
[15:17:40] 4772 Spells catched 
[15:17:40] 1179 LearnableSpells catched 
[15:17:41] 9780 ItemTemplates catched 
[15:17:41] 4489 Weapons catched 
[15:17:41] 363 ItemSets catched 
[15:17:41] 171 ItemTypes catched 
[15:17:41] 110 ItemPets catched 
[15:17:41] 2476 NpcTemplates catched 
[15:17:41] 138 NpcSpawns catched 
[15:17:41] 50 NpcItems catched 
[15:17:41] 19801 NpcMessages catched 
[15:17:41] 7 NpcReplies catched 
[15:17:41] 18 Triggers catched
[15:17:41] 5 Paddocks catched
[15:17:41] 72 Mounts catched
[15:17:42] 90 Handlers Readed
[15:17:42] 125 Messages Readed
[15:17:42] WorldServer start in 10717 ms.
[15:18:03] Packet not handled 5989
[15:21:42] Packet not handled 6189
[15:22:08] Packet not handled 5962
[15:28:58] Packet not handled 5987
