[15:09:32] MySQL Database Connected
[15:09:32] 16 Breeds catched
[15:09:32] 256 Heads catched
[15:09:32] 561 Effects catched
[15:09:47] 11260 DofusMaps catched
[15:09:47] 454 StatedElements catched
[15:09:47] 802 InteractiveElements catched
[15:09:47] 74 HouseInformations catched
[15:09:47] 118 InteractiveDoors catched
[15:09:47] 16 Triggers catched
[15:09:47] 3614 MapPositions uncatched
[15:09:47] 14681 MapPositions catched
[15:09:47] 42 MapZaaps catched
[15:09:48] 15228 SpellLevels catched 
[15:09:48] 4772 Spells catched 
[15:09:48] 1179 LearnableSpells catched 
[15:09:48] 9780 ItemTemplates catched 
[15:09:48] 4489 Weapons catched 
[15:09:48] 363 ItemSets catched 
[15:09:48] 171 ItemTypes catched 
[15:09:48] 39 Handlers Readed
[15:09:49] 43 Messages Readed
[15:09:49] WorldServer start in 17228 ms.
[15:12:01] MySQL Database Connected
[15:12:01] 16 Breeds catched
[15:12:01] 256 Heads catched
[15:12:01] 561 Effects catched
[15:12:09] 11260 DofusMaps catched
[15:12:09] 454 StatedElements catched
[15:12:09] 802 InteractiveElements catched
[15:12:09] 74 HouseInformations catched
[15:12:09] 118 InteractiveDoors catched
[15:12:09] 16 Triggers catched
[15:12:09] 3614 MapPositions uncatched
[15:12:09] 14681 MapPositions catched
[15:12:09] 42 MapZaaps catched
[15:12:10] 15228 SpellLevels catched 
[15:12:10] 4772 Spells catched 
[15:12:10] 1179 LearnableSpells catched 
[15:12:10] 9780 ItemTemplates catched 
[15:12:10] 4489 Weapons catched 
[15:12:10] 363 ItemSets catched 
[15:12:10] 171 ItemTypes catched 
[15:12:10] 39 Handlers Readed
[15:12:11] 43 Messages Readed
[15:12:11] WorldServer start in 10385 ms.
[15:21:40] MySQL Database Connected
[15:21:40] 16 Breeds catched
[15:21:40] 256 Heads catched
[15:21:40] 561 Effects catched
[15:21:48] 11260 DofusMaps catched
[15:21:48] 454 StatedElements catched
[15:21:48] 802 InteractiveElements catched
[15:21:48] 74 HouseInformations catched
[15:21:48] 118 InteractiveDoors catched
[15:21:48] 16 Triggers catched
[15:21:48] 3614 MapPositions uncatched
[15:21:48] 14681 MapPositions catched
[15:21:48] 42 MapZaaps catched
[15:21:49] 15228 SpellLevels catched 
[15:21:49] 4772 Spells catched 
[15:21:49] 1179 LearnableSpells catched 
[15:21:49] 9780 ItemTemplates catched 
[15:21:49] 4489 Weapons catched 
[15:21:49] 363 ItemSets catched 
[15:21:49] 171 ItemTypes catched 
[15:21:49] 39 Handlers Readed
[15:21:50] 43 Messages Readed
[15:21:50] WorldServer start in 10018 ms.
[15:25:09] MySQL Database Connected
[15:25:10] 16 Breeds catched
[15:25:10] 256 Heads catched
[15:25:10] 561 Effects catched
[15:25:19] 11260 DofusMaps catched
[15:25:19] 454 StatedElements catched
[15:25:19] 802 InteractiveElements catched
[15:25:19] 74 HouseInformations catched
[15:25:19] 118 InteractiveDoors catched
[15:25:19] 16 Triggers catched
[15:25:20] 3614 MapPositions uncatched
[15:25:20] 14681 MapPositions catched
[15:25:20] 42 MapZaaps catched
[15:25:20] 15228 SpellLevels catched 
[15:25:20] 4772 Spells catched 
[15:25:20] 1179 LearnableSpells catched 
[15:25:20] 9780 ItemTemplates catched 
[15:25:20] 4489 Weapons catched 
[15:25:20] 363 ItemSets catched 
[15:25:20] 171 ItemTypes catched 
[15:25:21] 39 Handlers Readed
[15:25:21] 43 Messages Readed
[15:25:21] WorldServer start in 11941 ms.
[15:27:33] MySQL Database Connected
[15:27:33] 16 Breeds catched
[15:27:33] 256 Heads catched
[15:27:33] 561 Effects catched
[15:27:41] 11260 DofusMaps catched
[15:27:41] 454 StatedElements catched
[15:27:41] 802 InteractiveElements catched
[15:27:41] 74 HouseInformations catched
[15:27:41] 118 InteractiveDoors catched
[15:27:41] 16 Triggers catched
[15:27:41] 3614 MapPositions uncatched
[15:27:41] 14681 MapPositions catched
[15:27:41] 42 MapZaaps catched
[15:27:42] 15228 SpellLevels catched 
[15:27:42] 4772 Spells catched 
[15:27:42] 1179 LearnableSpells catched 
[15:27:42] 9780 ItemTemplates catched 
[15:27:42] 4489 Weapons catched 
[15:27:42] 363 ItemSets catched 
[15:27:42] 171 ItemTypes catched 
[15:27:43] 39 Handlers Readed
[15:27:43] 43 Messages Readed
[15:27:43] WorldServer start in 10204 ms.
[15:31:01] MySQL Database Connected
[15:31:01] 16 Breeds catched
[15:31:01] 256 Heads catched
[15:31:01] 561 Effects catched
[15:31:11] 11260 DofusMaps catched
[15:31:11] 454 StatedElements catched
[15:31:11] 802 InteractiveElements catched
[15:31:11] 74 HouseInformations catched
[15:31:11] 118 InteractiveDoors catched
[15:31:11] 16 Triggers catched
[15:31:12] 3614 MapPositions uncatched
[15:31:12] 14681 MapPositions catched
[15:31:12] 42 MapZaaps catched
[15:31:12] 15228 SpellLevels catched 
[15:31:12] 4772 Spells catched 
[15:31:12] 1179 LearnableSpells catched 
[15:31:12] 9780 ItemTemplates catched 
[15:31:12] 4489 Weapons catched 
[15:31:12] 363 ItemSets catched 
[15:31:12] 171 ItemTypes catched 
[15:31:13] 39 Handlers Readed
[15:31:13] 43 Messages Readed
[15:31:13] WorldServer start in 12327 ms.
[15:45:24] MySQL Database Connected
[15:45:24] 16 Breeds catched
[15:45:24] 256 Heads catched
[15:45:24] 561 Effects catched
[15:45:50] 11260 DofusMaps catched
[15:45:50] 454 StatedElements catched
[15:45:50] 802 InteractiveElements catched
[15:45:50] 74 HouseInformations catched
[15:45:50] 118 InteractiveDoors catched
[15:45:50] 16 Triggers catched
[15:45:50] 3614 MapPositions uncatched
[15:45:50] 14681 MapPositions catched
[15:45:50] 42 MapZaaps catched
[15:45:50] 15228 SpellLevels catched 
[15:45:50] 4772 Spells catched 
[15:45:50] 1179 LearnableSpells catched 
[15:45:51] 9780 ItemTemplates catched 
[15:45:51] 4489 Weapons catched 
[15:45:51] 363 ItemSets catched 
[15:45:51] 171 ItemTypes catched 
[15:45:51] 0 NpcTemplates catched 
[15:45:51] 39 Handlers Readed
[15:45:51] 43 Messages Readed
[15:45:51] WorldServer start in 27527 ms.
[15:46:52] MySQL Database Connected
[15:46:52] 16 Breeds catched
[15:46:52] 256 Heads catched
[15:46:52] 561 Effects catched
[15:47:00] 11260 DofusMaps catched
[15:47:00] 454 StatedElements catched
[15:47:00] 802 InteractiveElements catched
[15:47:00] 74 HouseInformations catched
[15:47:00] 118 InteractiveDoors catched
[15:47:00] 16 Triggers catched
[15:47:00] 3614 MapPositions uncatched
[15:47:00] 14681 MapPositions catched
[15:47:00] 42 MapZaaps catched
[15:47:00] 15228 SpellLevels catched 
[15:47:01] 4772 Spells catched 
[15:47:01] 1179 LearnableSpells catched 
[15:47:01] 9780 ItemTemplates catched 
[15:47:01] 4489 Weapons catched 
[15:47:01] 363 ItemSets catched 
[15:47:01] 171 ItemTypes catched 
[15:47:01] 2476 NpcTemplates catched 
[15:47:02] 39 Handlers Readed
[15:47:02] 43 Messages Readed
[15:47:02] WorldServer start in 9811 ms.
[16:33:36] MySQL Database Connected
[16:33:36] 16 Breeds catched
[16:33:36] 256 Heads catched
[16:33:36] 561 Effects catched
[16:33:45] 11260 DofusMaps catched
[16:33:45] 454 StatedElements catched
[16:33:45] 802 InteractiveElements catched
[16:33:45] 74 HouseInformations catched
[16:33:45] 118 InteractiveDoors catched
[16:33:45] 16 Triggers catched
[16:33:45] 3614 MapPositions uncatched
[16:33:45] 14681 MapPositions catched
[16:33:45] 42 MapZaaps catched
[16:33:46] 15228 SpellLevels catched 
[16:33:46] 4772 Spells catched 
[16:33:46] 1179 LearnableSpells catched 
[16:33:46] 9780 ItemTemplates catched 
[16:33:46] 4489 Weapons catched 
[16:33:46] 363 ItemSets catched 
[16:33:46] 171 ItemTypes catched 
[16:33:46] 2476 NpcTemplates catched 
[16:33:46] 0 NpcSpawns catched 
[16:33:47] 39 Handlers Readed
[16:33:47] 43 Messages Readed
[16:33:47] WorldServer start in 10980 ms.
[16:33:58] MySQL Database Connected
[16:33:58] 16 Breeds catched
[16:33:58] 256 Heads catched
[16:33:58] 561 Effects catched
[16:34:05] 11260 DofusMaps catched
[16:34:05] 454 StatedElements catched
[16:34:05] 802 InteractiveElements catched
[16:34:05] 74 HouseInformations catched
[16:34:05] 118 InteractiveDoors catched
[16:34:05] 16 Triggers catched
[16:34:05] 3614 MapPositions uncatched
[16:34:05] 14681 MapPositions catched
[16:34:05] 42 MapZaaps catched
[16:34:06] 15228 SpellLevels catched 
[16:34:06] 4772 Spells catched 
[16:34:06] 1179 LearnableSpells catched 
[16:34:06] 9780 ItemTemplates catched 
[16:34:07] 4489 Weapons catched 
[16:34:07] 363 ItemSets catched 
[16:34:07] 171 ItemTypes catched 
[16:34:08] 2476 NpcTemplates catched 
[16:34:08] 0 NpcSpawns catched 
[16:34:08] 39 Handlers Readed
[16:34:08] 43 Messages Readed
[16:34:08] WorldServer start in 11051 ms.
[16:34:23] MySQL Database Connected
[16:34:23] 16 Breeds catched
[16:34:23] 256 Heads catched
[16:34:23] 561 Effects catched
[16:34:35] 11260 DofusMaps catched
[16:34:35] 454 StatedElements catched
[16:34:35] 802 InteractiveElements catched
[16:34:35] 74 HouseInformations catched
[16:34:35] 118 InteractiveDoors catched
[16:34:35] 16 Triggers catched
[16:34:35] 3614 MapPositions uncatched
[16:34:35] 14681 MapPositions catched
[16:34:35] 42 MapZaaps catched
[16:34:35] 15228 SpellLevels catched 
[16:34:35] 4772 Spells catched 
[16:34:35] 1179 LearnableSpells catched 
[16:34:36] 9780 ItemTemplates catched 
[16:34:36] 4489 Weapons catched 
[16:34:36] 363 ItemSets catched 
[16:34:36] 171 ItemTypes catched 
[16:34:36] 2476 NpcTemplates catched 
[16:34:36] 137 NpcSpawns catched 
[16:34:37] 39 Handlers Readed
[16:34:37] 43 Messages Readed
[16:34:37] WorldServer start in 14528 ms.
[16:39:33] MySQL Database Connected
[16:39:33] 16 Breeds catched
[16:39:33] 256 Heads catched
[16:39:33] 561 Effects catched
[16:39:40] 11260 DofusMaps catched
[16:39:40] 454 StatedElements catched
[16:39:40] 802 InteractiveElements catched
[16:39:40] 74 HouseInformations catched
[16:39:41] 118 InteractiveDoors catched
[16:39:41] 16 Triggers catched
[16:39:41] 3614 MapPositions uncatched
[16:39:41] 14681 MapPositions catched
[16:39:41] 42 MapZaaps catched
[16:39:41] 15228 SpellLevels catched 
[16:39:41] 4772 Spells catched 
[16:39:41] 1179 LearnableSpells catched 
[16:39:41] 9780 ItemTemplates catched 
[16:39:41] 4489 Weapons catched 
[16:39:42] 363 ItemSets catched 
[16:39:42] 171 ItemTypes catched 
[16:39:42] 2476 NpcTemplates catched 
[16:39:42] 137 NpcSpawns catched 
[16:39:42] 39 Handlers Readed
[16:39:42] 43 Messages Readed
[16:39:43] WorldServer start in 10117 ms.
[16:57:53] MySQL Database Connected
[16:57:53] 16 Breeds catched
[16:57:53] 256 Heads catched
[16:57:53] 561 Effects catched
[16:58:02] 11260 DofusMaps catched
[16:58:02] 454 StatedElements catched
[16:58:02] 802 InteractiveElements catched
[16:58:02] 74 HouseInformations catched
[16:58:02] 118 InteractiveDoors catched
[16:58:03] 16 Triggers catched
[16:58:03] 3614 MapPositions uncatched
[16:58:03] 14681 MapPositions catched
[16:58:03] 42 MapZaaps catched
[16:58:03] 15228 SpellLevels catched 
[16:58:03] 4772 Spells catched 
[16:58:03] 1179 LearnableSpells catched 
[16:58:03] 9780 ItemTemplates catched 
[16:58:03] 4489 Weapons catched 
[16:58:03] 363 ItemSets catched 
[16:58:03] 171 ItemTypes catched 
[16:58:04] 2476 NpcTemplates catched 
[16:58:04] 137 NpcSpawns catched 
[16:58:04] 39 Handlers Readed
[16:58:04] 43 Messages Readed
[16:58:04] WorldServer start in 12103 ms.
[16:59:13] MySQL Database Connected
[16:59:14] 16 Breeds catched
[16:59:14] 256 Heads catched
[16:59:14] 561 Effects catched
[16:59:22] 11260 DofusMaps catched
[16:59:22] 454 StatedElements catched
[16:59:22] 802 InteractiveElements catched
[16:59:22] 74 HouseInformations catched
[16:59:22] 118 InteractiveDoors catched
[16:59:22] 16 Triggers catched
[16:59:22] 3614 MapPositions uncatched
[16:59:22] 14681 MapPositions catched
[16:59:22] 42 MapZaaps catched
[16:59:22] 15228 SpellLevels catched 
[16:59:22] 4772 Spells catched 
[16:59:22] 1179 LearnableSpells catched 
[16:59:23] 9780 ItemTemplates catched 
[16:59:23] 4489 Weapons catched 
[16:59:23] 363 ItemSets catched 
[16:59:23] 171 ItemTypes catched 
[16:59:23] 2476 NpcTemplates catched 
[16:59:23] 137 NpcSpawns catched 
[16:59:23] 39 Handlers Readed
[16:59:24] 43 Messages Readed
[16:59:24] WorldServer start in 10431 ms.
[16:59:52] MySQL Database Connected
[16:59:52] 16 Breeds catched
[16:59:52] 256 Heads catched
[16:59:52] 561 Effects catched
[17:00:00] 11260 DofusMaps catched
[17:00:00] 454 StatedElements catched
[17:00:00] 802 InteractiveElements catched
[17:00:00] 74 HouseInformations catched
[17:00:00] 118 InteractiveDoors catched
[17:00:00] 16 Triggers catched
[17:00:02] 3614 MapPositions uncatched
[17:00:02] 14681 MapPositions catched
[17:00:02] 42 MapZaaps catched
[17:00:03] 15228 SpellLevels catched 
[17:00:03] 4772 Spells catched 
[17:00:03] 1179 LearnableSpells catched 
[17:00:03] 9780 ItemTemplates catched 
[17:00:03] 4489 Weapons catched 
[17:00:04] 363 ItemSets catched 
[17:00:04] 171 ItemTypes catched 
[17:00:04] 2476 NpcTemplates catched 
[17:00:04] 137 NpcSpawns catched 
[17:00:05] 39 Handlers Readed
[17:00:05] 43 Messages Readed
[17:00:05] WorldServer start in 13350 ms.
[17:00:40] MySQL Database Connected
[17:00:40] 16 Breeds catched
[17:00:40] 256 Heads catched
[17:00:40] 561 Effects catched
[17:00:48] 11260 DofusMaps catched
[17:00:48] 454 StatedElements catched
[17:00:48] 802 InteractiveElements catched
[17:00:48] 74 HouseInformations catched
[17:00:48] 118 InteractiveDoors catched
[17:00:48] 16 Triggers catched
[17:00:48] 3614 MapPositions uncatched
[17:00:48] 14681 MapPositions catched
[17:00:48] 42 MapZaaps catched
[17:00:48] 15228 SpellLevels catched 
[17:00:49] 4772 Spells catched 
[17:00:49] 1179 LearnableSpells catched 
[17:00:49] 9780 ItemTemplates catched 
[17:00:49] 4489 Weapons catched 
[17:00:49] 363 ItemSets catched 
[17:00:49] 171 ItemTypes catched 
[17:00:49] 2476 NpcTemplates catched 
[17:00:49] 137 NpcSpawns catched 
[17:00:50] 39 Handlers Readed
[17:00:50] 43 Messages Readed
[17:00:50] WorldServer start in 10196 ms.
[17:01:23] MySQL Database Connected
[17:01:23] 16 Breeds catched
[17:01:23] 256 Heads catched
[17:01:23] 561 Effects catched
[17:01:32] 11260 DofusMaps catched
[17:01:32] 454 StatedElements catched
[17:01:32] 802 InteractiveElements catched
[17:01:32] 74 HouseInformations catched
[17:01:32] 118 InteractiveDoors catched
[17:01:32] 16 Triggers catched
[17:01:32] 3614 MapPositions uncatched
[17:01:32] 14681 MapPositions catched
[17:01:32] 42 MapZaaps catched
[17:01:33] 15228 SpellLevels catched 
[17:01:33] 4772 Spells catched 
[17:01:33] 1179 LearnableSpells catched 
[17:01:33] 9780 ItemTemplates catched 
[17:01:33] 4489 Weapons catched 
[17:01:33] 363 ItemSets catched 
[17:01:33] 171 ItemTypes catched 
[17:01:34] 2476 NpcTemplates catched 
[17:01:34] 137 NpcSpawns catched 
[17:01:34] 39 Handlers Readed
[17:01:34] 43 Messages Readed
[17:01:34] WorldServer start in 11326 ms.
[17:02:20] MySQL Database Connected
[17:02:20] 16 Breeds catched
[17:02:20] 256 Heads catched
[17:02:20] 561 Effects catched
[17:02:28] 11260 DofusMaps catched
[17:02:28] 454 StatedElements catched
[17:02:28] 802 InteractiveElements catched
[17:02:28] 74 HouseInformations catched
[17:02:28] 118 InteractiveDoors catched
[17:02:29] 16 Triggers catched
[17:02:29] 3614 MapPositions uncatched
[17:02:29] 14681 MapPositions catched
[17:02:29] 42 MapZaaps catched
[17:02:29] 15228 SpellLevels catched 
[17:02:29] 4772 Spells catched 
[17:02:29] 1179 LearnableSpells catched 
[17:02:29] 9780 ItemTemplates catched 
[17:02:29] 4489 Weapons catched 
[17:02:30] 363 ItemSets catched 
[17:02:30] 171 ItemTypes catched 
[17:02:30] 2476 NpcTemplates catched 
[17:02:30] 137 NpcSpawns catched 
[17:02:30] 39 Handlers Readed
[17:02:30] 43 Messages Readed
[17:02:30] WorldServer start in 10439 ms.
[17:10:21] MySQL Database Connected
[17:10:21] 16 Breeds catched
[17:10:21] 256 Heads catched
[17:10:21] 561 Effects catched
[17:10:38] 11260 DofusMaps catched
[17:10:38] 454 StatedElements catched
[17:10:38] 802 InteractiveElements catched
[17:10:38] 74 HouseInformations catched
[17:10:38] 118 InteractiveDoors catched
[17:10:38] 16 Triggers catched
[17:10:38] 3614 MapPositions uncatched
[17:10:38] 14681 MapPositions catched
[17:10:38] 42 MapZaaps catched
[17:10:39] 15228 SpellLevels catched 
[17:10:39] 4772 Spells catched 
[17:10:39] 1179 LearnableSpells catched 
[17:10:39] 9780 ItemTemplates catched 
[17:10:39] 4489 Weapons catched 
[17:10:39] 363 ItemSets catched 
[17:10:39] 171 ItemTypes catched 
[17:10:39] 2476 NpcTemplates catched 
[17:10:39] 137 NpcSpawns catched 
[17:10:40] 39 Handlers Readed
[17:10:40] 43 Messages Readed
[17:10:40] WorldServer start in 19570 ms.
[17:15:45] MySQL Database Connected
[17:15:45] 16 Breeds catched
[17:15:45] 256 Heads catched
[17:15:45] 561 Effects catched
[17:15:54] 11260 DofusMaps catched
[17:15:54] 454 StatedElements catched
[17:15:54] 802 InteractiveElements catched
[17:15:54] 74 HouseInformations catched
[17:15:54] 118 InteractiveDoors catched
[17:15:54] 16 Triggers catched
[17:15:54] 3614 MapPositions uncatched
[17:15:54] 14681 MapPositions catched
[17:15:54] 42 MapZaaps catched
[17:15:54] 15228 SpellLevels catched 
[17:15:54] 4772 Spells catched 
[17:15:54] 1179 LearnableSpells catched 
[17:15:55] 9780 ItemTemplates catched 
[17:15:55] 4489 Weapons catched 
[17:15:55] 363 ItemSets catched 
[17:15:55] 171 ItemTypes catched 
[17:15:55] 2476 NpcTemplates catched 
[17:15:55] 137 NpcSpawns catched 
[17:15:56] 39 Handlers Readed
[17:15:56] 43 Messages Readed
[17:15:56] WorldServer start in 10784 ms.
[17:22:47] MySQL Database Connected
[17:22:47] 16 Breeds catched
[17:22:47] 256 Heads catched
[17:22:47] 561 Effects catched
[17:23:33] MySQL Database Connected
[17:23:33] 16 Breeds catched
[17:23:33] 256 Heads catched
[17:23:33] 561 Effects catched
[17:23:41] 11260 DofusMaps catched
[17:23:41] 454 StatedElements catched
[17:23:41] 802 InteractiveElements catched
[17:23:41] 74 HouseInformations catched
[17:23:41] 118 InteractiveDoors catched
[17:23:41] 16 Triggers catched
[17:23:41] 3614 MapPositions uncatched
[17:23:41] 14681 MapPositions catched
[17:23:41] 42 MapZaaps catched
[17:23:42] 15228 SpellLevels catched 
[17:23:42] 4772 Spells catched 
[17:23:42] 1179 LearnableSpells catched 
[17:23:43] 9780 ItemTemplates catched 
[17:23:43] 4489 Weapons catched 
[17:23:43] 363 ItemSets catched 
[17:23:43] 171 ItemTypes catched 
[17:23:43] 2476 NpcTemplates catched 
[17:23:43] 137 NpcSpawns catched 
[17:23:44] 39 Handlers Readed
[17:23:44] 43 Messages Readed
[17:23:44] WorldServer start in 11052 ms.
[17:24:58] MySQL Database Connected
[17:24:58] 16 Breeds catched
[17:24:58] 256 Heads catched
[17:24:58] 561 Effects catched
[17:25:06] 11260 DofusMaps catched
[17:25:06] 454 StatedElements catched
[17:25:06] 802 InteractiveElements catched
[17:25:06] 74 HouseInformations catched
[17:25:06] 118 InteractiveDoors catched
[17:25:06] 16 Triggers catched
[17:25:06] 3614 MapPositions uncatched
[17:25:06] 14681 MapPositions catched
[17:25:06] 42 MapZaaps catched
[17:25:06] 15228 SpellLevels catched 
[17:25:07] 4772 Spells catched 
[17:25:07] 1179 LearnableSpells catched 
[17:25:07] 9780 ItemTemplates catched 
[17:25:07] 4489 Weapons catched 
[17:25:07] 363 ItemSets catched 
[17:25:07] 171 ItemTypes catched 
[17:25:07] 2476 NpcTemplates catched 
[17:25:07] 137 NpcSpawns catched 
[17:25:08] 39 Handlers Readed
[17:25:08] 43 Messages Readed
[17:25:08] WorldServer start in 10160 ms.
[17:30:23] MySQL Database Connected
[17:30:23] 16 Breeds catched
[17:30:23] 256 Heads catched
[17:30:23] 561 Effects catched
[17:30:30] 11260 DofusMaps catched
[17:30:30] 454 StatedElements catched
[17:30:30] 802 InteractiveElements catched
[17:30:30] 74 HouseInformations catched
[17:30:30] 118 InteractiveDoors catched
[17:30:31] 16 Triggers catched
[17:30:31] 3614 MapPositions uncatched
[17:30:31] 14681 MapPositions catched
[17:30:31] 42 MapZaaps catched
[17:30:31] 15228 SpellLevels catched 
[17:30:31] 4772 Spells catched 
[17:30:31] 1179 LearnableSpells catched 
[17:30:31] 9780 ItemTemplates catched 
[17:30:31] 4489 Weapons catched 
[17:30:31] 363 ItemSets catched 
[17:30:31] 171 ItemTypes catched 
[17:30:32] 2476 NpcTemplates catched 
[17:30:32] 137 NpcSpawns catched 
[17:30:32] 39 Handlers Readed
[17:30:32] 43 Messages Readed
[17:30:32] WorldServer start in 10047 ms.
[17:32:12] MySQL Database Connected
[17:32:12] 16 Breeds catched
[17:32:12] 256 Heads catched
[17:32:12] 561 Effects catched
[17:32:54] 11260 DofusMaps catched
[17:32:54] 454 StatedElements catched
[17:32:54] 802 InteractiveElements catched
[17:32:54] 74 HouseInformations catched
[17:32:54] 118 InteractiveDoors catched
[17:32:54] 16 Triggers catched
[17:32:54] 3614 MapPositions uncatched
[17:32:54] 14681 MapPositions catched
[17:32:54] 42 MapZaaps catched
[17:32:55] 15228 SpellLevels catched 
[17:32:55] 4772 Spells catched 
[17:32:55] 1179 LearnableSpells catched 
[17:32:55] 9780 ItemTemplates catched 
[17:32:55] 4489 Weapons catched 
[17:32:55] 363 ItemSets catched 
[17:32:55] 171 ItemTypes catched 
[17:32:56] 2476 NpcTemplates catched 
[17:32:56] 137 NpcSpawns catched 
[17:32:56] 39 Handlers Readed
[17:32:56] 43 Messages Readed
[17:32:56] WorldServer start in 44468 ms.
[22:26:08] MySQL Database Connected
[22:26:08] 16 Breeds catched
[22:26:08] 256 Heads catched
[22:26:08] 561 Effects catched
[22:26:17] 11260 DofusMaps catched
[22:26:17] 454 StatedElements catched
[22:26:17] 802 InteractiveElements catched
[22:26:17] 74 HouseInformations catched
[22:26:17] 118 InteractiveDoors catched
[22:26:18] 16 Triggers catched
[22:26:18] 3614 MapPositions uncatched
[22:26:18] 14681 MapPositions catched
[22:26:18] 42 MapZaaps catched
[22:26:18] 15228 SpellLevels catched 
[22:26:18] 4772 Spells catched 
[22:26:18] 1179 LearnableSpells catched 
[22:26:18] 9780 ItemTemplates catched 
[22:26:19] 4489 Weapons catched 
[22:26:19] 363 ItemSets catched 
[22:26:19] 171 ItemTypes catched 
[22:26:19] 2476 NpcTemplates catched 
[22:26:19] 137 NpcSpawns catched 
[22:26:19] 40 Handlers Readed
[22:26:20] 44 Messages Readed
[22:26:20] WorldServer start in 11825 ms.
[22:27:20] MySQL Database Connected
[22:27:20] 16 Breeds catched
[22:27:20] 256 Heads catched
[22:27:20] 561 Effects catched
[22:27:28] 11260 DofusMaps catched
[22:27:28] 454 StatedElements catched
[22:27:28] 802 InteractiveElements catched
[22:27:28] 74 HouseInformations catched
[22:27:28] 118 InteractiveDoors catched
[22:27:28] 16 Triggers catched
[22:27:28] 3614 MapPositions uncatched
[22:27:28] 14681 MapPositions catched
[22:27:28] 42 MapZaaps catched
[22:27:28] 15228 SpellLevels catched 
[22:27:28] 4772 Spells catched 
[22:27:28] 1179 LearnableSpells catched 
[22:27:29] 9780 ItemTemplates catched 
[22:27:29] 4489 Weapons catched 
[22:27:29] 363 ItemSets catched 
[22:27:29] 171 ItemTypes catched 
[22:27:29] 2476 NpcTemplates catched 
[22:27:29] 137 NpcSpawns catched 
[22:27:29] 40 Handlers Readed
[22:27:30] 44 Messages Readed
[22:27:30] WorldServer start in 10309 ms.
[22:28:23] MySQL Database Connected
[22:28:23] 16 Breeds catched
[22:28:23] 256 Heads catched
[22:28:23] 561 Effects catched
[22:28:31] 11260 DofusMaps catched
[22:28:32] 454 StatedElements catched
[22:28:32] 802 InteractiveElements catched
[22:28:32] 74 HouseInformations catched
[22:28:32] 118 InteractiveDoors catched
[22:28:32] 16 Triggers catched
[22:28:32] 3614 MapPositions uncatched
[22:28:32] 14681 MapPositions catched
[22:28:32] 42 MapZaaps catched
[22:28:32] 15228 SpellLevels catched 
[22:28:32] 4772 Spells catched 
[22:28:32] 1179 LearnableSpells catched 
[22:28:32] 9780 ItemTemplates catched 
[22:28:33] 4489 Weapons catched 
[22:28:33] 363 ItemSets catched 
[22:28:33] 171 ItemTypes catched 
[22:28:33] 2476 NpcTemplates catched 
[22:28:33] 137 NpcSpawns catched 
[22:28:33] 40 Handlers Readed
[22:28:33] 44 Messages Readed
[22:28:34] WorldServer start in 10660 ms.
