[12:59:46] MySQL Database Connected
[12:59:46] 16 Breeds catched
[12:59:46] 256 Heads catched
[12:59:46] 561 Effects catched
[12:59:53] 11260 DofusMaps catched
[12:59:53] 454 StatedElements catched
[12:59:54] 802 InteractiveElements catched
[12:59:54] 74 HouseInformations catched
[12:59:54] 118 InteractiveDoors catched
[12:59:54] 16 Triggers catched
[12:59:54] 3614 MapPositions uncatched
[12:59:54] 14681 MapPositions catched
[12:59:54] 42 MapZaaps catched
[12:59:54] 15228 SpellLevels catched 
[12:59:54] 4772 Spells catched 
[12:59:54] 1179 LearnableSpells catched 
[12:59:55] 9780 ItemTemplates catched 
[12:59:55] 4489 Weapons catched 
[12:59:55] 363 ItemSets catched 
[12:59:55] 171 ItemTypes catched 
[12:59:57] 39 Handlers Readed
[12:59:58] 43 Messages Readed
[12:59:58] WorldServer start in 12685 ms.
[14:03:09] MySQL Database Connected
[14:03:09] 16 Breeds catched
[14:03:09] 256 Heads catched
[14:03:09] 561 Effects catched
[14:03:17] 11260 DofusMaps catched
[14:03:17] 454 StatedElements catched
[14:03:17] 802 InteractiveElements catched
[14:03:17] 74 HouseInformations catched
[14:03:17] 118 InteractiveDoors catched
[14:03:17] 16 Triggers catched
[14:03:19] MySQL Database Connected
[14:03:19] 16 Breeds catched
[14:03:19] 256 Heads catched
[14:03:19] 561 Effects catched
[14:03:32] 11260 DofusMaps catched
[14:03:32] 454 StatedElements catched
[14:03:32] 802 InteractiveElements catched
[14:03:32] 74 HouseInformations catched
[14:03:32] 118 InteractiveDoors catched
[14:03:32] 16 Triggers catched
[14:03:32] 3614 MapPositions uncatched
[14:03:32] 14681 MapPositions catched
[14:03:32] 42 MapZaaps catched
[14:03:32] 15228 SpellLevels catched 
[14:03:32] 4772 Spells catched 
[14:03:32] 1179 LearnableSpells catched 
[14:03:32] 9780 ItemTemplates catched 
[14:03:33] 4489 Weapons catched 
[14:03:33] 363 ItemSets catched 
[14:03:33] 171 ItemTypes catched 
[14:03:33] 39 Handlers Readed
[14:03:33] 43 Messages Readed
[14:03:33] WorldServer start in 14923 ms.
[22:05:24] MySQL Database Connected
[22:05:24] 16 Breeds catched
[22:05:24] 256 Heads catched
[22:05:24] 561 Effects catched
[22:05:37] 11260 DofusMaps catched
[22:05:37] 454 StatedElements catched
[22:05:38] 802 InteractiveElements catched
[22:05:38] 74 HouseInformations catched
[22:05:38] 118 InteractiveDoors catched
[22:05:38] 16 Triggers catched
[22:05:38] 3614 MapPositions uncatched
[22:05:38] 14681 MapPositions catched
[22:05:38] 42 MapZaaps catched
[22:05:38] 15228 SpellLevels catched 
[22:05:38] 4772 Spells catched 
[22:05:38] 1179 LearnableSpells catched 
[22:05:39] 9780 ItemTemplates catched 
[22:05:39] 4489 Weapons catched 
[22:05:39] 363 ItemSets catched 
[22:05:39] 171 ItemTypes catched 
[22:05:39] 39 Handlers Readed
[22:05:39] 43 Messages Readed
[22:05:39] WorldServer start in 15492 ms.
[22:06:10] MySQL Database Connected
[22:06:10] 16 Breeds catched
[22:06:10] 256 Heads catched
[22:06:10] 561 Effects catched
[22:06:20] 11260 DofusMaps catched
[22:06:20] 454 StatedElements catched
[22:06:20] 802 InteractiveElements catched
[22:06:20] 74 HouseInformations catched
[22:06:20] 118 InteractiveDoors catched
[22:06:20] 16 Triggers catched
[22:06:20] 3614 MapPositions uncatched
[22:06:20] 14681 MapPositions catched
[22:06:20] 42 MapZaaps catched
[22:06:21] 15228 SpellLevels catched 
[22:06:21] 4772 Spells catched 
[22:06:21] 1179 LearnableSpells catched 
[22:06:21] 9780 ItemTemplates catched 
[22:06:21] 4489 Weapons catched 
[22:06:21] 363 ItemSets catched 
[22:06:21] 171 ItemTypes catched 
[22:06:21] 39 Handlers Readed
[22:06:22] 43 Messages Readed
[22:06:22] WorldServer start in 11767 ms.
[22:10:36] MySQL Database Connected
[22:10:36] 16 Breeds catched
[22:10:36] 256 Heads catched
[22:10:36] 561 Effects catched
[22:10:45] 11260 DofusMaps catched
[22:10:45] 454 StatedElements catched
[22:10:45] 802 InteractiveElements catched
[22:10:45] 74 HouseInformations catched
[22:10:45] 118 InteractiveDoors catched
[22:10:45] 16 Triggers catched
[22:10:45] 3614 MapPositions uncatched
[22:10:45] 14681 MapPositions catched
[22:10:45] 42 MapZaaps catched
[22:10:45] 15228 SpellLevels catched 
[22:10:46] 4772 Spells catched 
[22:10:46] 1179 LearnableSpells catched 
[22:10:47] 9780 ItemTemplates catched 
[22:10:49] 4489 Weapons catched 
[22:10:49] 363 ItemSets catched 
[22:10:49] 171 ItemTypes catched 
[22:10:49] 39 Handlers Readed
[22:10:50] 43 Messages Readed
[22:10:50] WorldServer start in 14262 ms.
[22:11:57] MySQL Database Connected
[22:11:57] 16 Breeds catched
[22:11:57] 256 Heads catched
[22:11:57] 561 Effects catched
[22:12:08] 11260 DofusMaps catched
[22:12:08] 454 StatedElements catched
[22:12:08] 802 InteractiveElements catched
[22:12:08] 74 HouseInformations catched
[22:12:08] 118 InteractiveDoors catched
[22:12:08] 16 Triggers catched
[22:12:08] 3614 MapPositions uncatched
[22:12:08] 14681 MapPositions catched
[22:12:08] 42 MapZaaps catched
[22:12:08] 15228 SpellLevels catched 
[22:12:09] 4772 Spells catched 
[22:12:09] 1179 LearnableSpells catched 
[22:12:09] 9780 ItemTemplates catched 
[22:12:09] 4489 Weapons catched 
[22:12:09] 363 ItemSets catched 
[22:12:09] 171 ItemTypes catched 
[22:12:09] 39 Handlers Readed
[22:12:09] 43 Messages Readed
[22:12:10] WorldServer start in 12430 ms.
[22:26:45] MySQL Database Connected
[22:26:45] 16 Breeds catched
[22:26:45] 256 Heads catched
[22:26:45] 561 Effects catched
[22:26:58] 11260 DofusMaps catched
[22:26:58] 454 StatedElements catched
[22:26:58] 802 InteractiveElements catched
[22:26:58] 74 HouseInformations catched
[22:26:58] 118 InteractiveDoors catched
[22:26:58] 16 Triggers catched
[22:26:59] 3614 MapPositions uncatched
[22:26:59] 14681 MapPositions catched
[22:26:59] 42 MapZaaps catched
[22:26:59] 15228 SpellLevels catched 
[22:26:59] 4772 Spells catched 
[22:26:59] 1179 LearnableSpells catched 
[22:27:00] 9780 ItemTemplates catched 
[22:27:00] 4489 Weapons catched 
[22:27:00] 363 ItemSets catched 
[22:27:00] 171 ItemTypes catched 
[22:27:00] 39 Handlers Readed
[22:27:00] 43 Messages Readed
[22:27:01] WorldServer start in 15745 ms.
[22:29:30] MySQL Database Connected
[22:29:30] 16 Breeds catched
[22:29:30] 256 Heads catched
[22:29:30] 561 Effects catched
[22:29:40] 11260 DofusMaps catched
[22:29:40] 454 StatedElements catched
[22:29:40] 802 InteractiveElements catched
[22:29:41] 74 HouseInformations catched
[22:29:41] 118 InteractiveDoors catched
[22:29:41] 16 Triggers catched
[22:29:41] 3614 MapPositions uncatched
[22:29:41] 14681 MapPositions catched
[22:29:41] 42 MapZaaps catched
[22:29:41] 15228 SpellLevels catched 
[22:29:41] 4772 Spells catched 
[22:29:41] 1179 LearnableSpells catched 
[22:29:41] 9780 ItemTemplates catched 
[22:29:41] 4489 Weapons catched 
[22:29:42] 363 ItemSets catched 
[22:29:42] 171 ItemTypes catched 
[22:29:42] 39 Handlers Readed
[22:29:42] 43 Messages Readed
[22:29:42] WorldServer start in 12548 ms.
[22:30:47] MySQL Database Connected
[22:30:47] 16 Breeds catched
[22:30:47] 256 Heads catched
[22:30:47] 561 Effects catched
[22:31:00] 11260 DofusMaps catched
[22:31:00] 454 StatedElements catched
[22:31:00] 802 InteractiveElements catched
[22:31:00] 74 HouseInformations catched
[22:31:00] 118 InteractiveDoors catched
[22:31:00] 16 Triggers catched
[22:31:00] 3614 MapPositions uncatched
[22:31:00] 14681 MapPositions catched
[22:31:00] 42 MapZaaps catched
[22:31:00] 15228 SpellLevels catched 
[22:31:00] 4772 Spells catched 
[22:31:00] 1179 LearnableSpells catched 
[22:31:01] 9780 ItemTemplates catched 
[22:31:01] 4489 Weapons catched 
[22:31:01] 363 ItemSets catched 
[22:31:01] 171 ItemTypes catched 
[22:31:01] 39 Handlers Readed
[22:31:01] 43 Messages Readed
[22:31:02] WorldServer start in 14465 ms.
[22:35:48] MySQL Database Connected
[22:35:48] 16 Breeds catched
[22:35:48] 256 Heads catched
[22:35:48] 561 Effects catched
[22:35:58] 11260 DofusMaps catched
[22:35:58] 454 StatedElements catched
[22:35:58] 802 InteractiveElements catched
[22:35:58] 74 HouseInformations catched
[22:35:58] 118 InteractiveDoors catched
[22:35:58] 16 Triggers catched
[22:35:58] 3614 MapPositions uncatched
[22:35:58] 14681 MapPositions catched
[22:35:58] 42 MapZaaps catched
[22:35:58] 15228 SpellLevels catched 
[22:35:58] 4772 Spells catched 
[22:35:58] 1179 LearnableSpells catched 
[22:35:59] 9780 ItemTemplates catched 
[22:35:59] 4489 Weapons catched 
[22:35:59] 363 ItemSets catched 
[22:35:59] 171 ItemTypes catched 
[22:35:59] 39 Handlers Readed
[22:35:59] 43 Messages Readed
[22:35:59] WorldServer start in 11795 ms.
[22:37:11] MySQL Database Connected
[22:37:11] 16 Breeds catched
[22:37:11] 256 Heads catched
[22:37:11] 561 Effects catched
[22:37:20] 11260 DofusMaps catched
[22:37:20] 454 StatedElements catched
[22:37:20] 802 InteractiveElements catched
[22:37:20] 74 HouseInformations catched
[22:37:20] 118 InteractiveDoors catched
[22:37:20] 16 Triggers catched
[22:37:20] 3614 MapPositions uncatched
[22:37:20] 14681 MapPositions catched
[22:37:20] 42 MapZaaps catched
[22:37:20] 15228 SpellLevels catched 
[22:37:20] 4772 Spells catched 
[22:37:20] 1179 LearnableSpells catched 
[22:37:21] 9780 ItemTemplates catched 
[22:37:21] 4489 Weapons catched 
[22:37:21] 363 ItemSets catched 
[22:37:21] 171 ItemTypes catched 
[22:37:22] 39 Handlers Readed
[22:37:22] 43 Messages Readed
[22:37:22] WorldServer start in 11034 ms.
[22:45:14] MySQL Database Connected
[22:45:14] 16 Breeds catched
[22:45:14] 256 Heads catched
[22:45:14] 561 Effects catched
[22:45:23] 11260 DofusMaps catched
[22:45:23] 454 StatedElements catched
[22:45:23] 802 InteractiveElements catched
[22:45:23] 74 HouseInformations catched
[22:45:23] 118 InteractiveDoors catched
[22:45:24] 16 Triggers catched
[22:45:24] 3614 MapPositions uncatched
[22:45:24] 14681 MapPositions catched
[22:45:24] 42 MapZaaps catched
[22:45:25] 15228 SpellLevels catched 
[22:45:25] 4772 Spells catched 
[22:45:25] 1179 LearnableSpells catched 
[22:45:25] 9780 ItemTemplates catched 
[22:45:25] 4489 Weapons catched 
[22:45:25] 363 ItemSets catched 
[22:45:25] 171 ItemTypes catched 
[22:45:25] 39 Handlers Readed
[22:45:26] 43 Messages Readed
[22:45:26] WorldServer start in 11618 ms.
[22:46:23] MySQL Database Connected
[22:46:23] 16 Breeds catched
[22:46:23] 256 Heads catched
[22:46:23] 561 Effects catched
[22:46:32] 11260 DofusMaps catched
[22:46:32] 454 StatedElements catched
[22:46:32] 802 InteractiveElements catched
[22:46:32] 74 HouseInformations catched
[22:46:32] 118 InteractiveDoors catched
[22:46:32] 16 Triggers catched
[22:46:32] 3614 MapPositions uncatched
[22:46:32] 14681 MapPositions catched
[22:46:32] 42 MapZaaps catched
[22:46:32] 15228 SpellLevels catched 
[22:46:33] 4772 Spells catched 
[22:46:33] 1179 LearnableSpells catched 
[22:46:33] 9780 ItemTemplates catched 
[22:46:33] 4489 Weapons catched 
[22:46:33] 363 ItemSets catched 
[22:46:33] 171 ItemTypes catched 
[22:46:33] 39 Handlers Readed
[22:46:33] 43 Messages Readed
[22:46:34] WorldServer start in 11016 ms.
[22:47:53] MySQL Database Connected
[22:47:53] 16 Breeds catched
[22:47:53] 256 Heads catched
[22:47:53] 561 Effects catched
[22:48:00] 11260 DofusMaps catched
[22:48:00] 454 StatedElements catched
[22:48:00] 802 InteractiveElements catched
[22:48:00] 74 HouseInformations catched
[22:48:00] 118 InteractiveDoors catched
[22:48:00] 16 Triggers catched
[22:48:00] 3614 MapPositions uncatched
[22:48:00] 14681 MapPositions catched
[22:48:00] 42 MapZaaps catched
[22:48:01] 15228 SpellLevels catched 
[22:48:01] 4772 Spells catched 
[22:48:01] 1179 LearnableSpells catched 
[22:48:01] 9780 ItemTemplates catched 
[22:48:01] 4489 Weapons catched 
[22:48:01] 363 ItemSets catched 
[22:48:01] 171 ItemTypes catched 
[22:48:02] 39 Handlers Readed
[22:48:02] 43 Messages Readed
[22:48:02] WorldServer start in 9491 ms.
[22:48:30] MySQL Database Connected
[22:48:30] 16 Breeds catched
[22:48:30] 256 Heads catched
[22:48:30] 561 Effects catched
[22:48:38] 11260 DofusMaps catched
[22:48:38] 454 StatedElements catched
[22:48:39] 802 InteractiveElements catched
[22:48:39] 74 HouseInformations catched
[22:48:39] 118 InteractiveDoors catched
[22:48:39] 16 Triggers catched
[22:48:39] 3614 MapPositions uncatched
[22:48:39] 14681 MapPositions catched
[22:48:39] 42 MapZaaps catched
[22:48:39] 15228 SpellLevels catched 
[22:48:39] 4772 Spells catched 
[22:48:39] 1179 LearnableSpells catched 
[22:48:39] 9780 ItemTemplates catched 
[22:48:39] 4489 Weapons catched 
[22:48:39] 363 ItemSets catched 
[22:48:39] 171 ItemTypes catched 
[22:48:40] 39 Handlers Readed
[22:48:40] 43 Messages Readed
[22:48:40] WorldServer start in 10037 ms.
[22:49:37] MySQL Database Connected
[22:49:37] 16 Breeds catched
[22:49:37] 256 Heads catched
[22:49:37] 561 Effects catched
[22:49:45] 11260 DofusMaps catched
[22:49:45] 454 StatedElements catched
[22:49:45] 802 InteractiveElements catched
[22:49:45] 74 HouseInformations catched
[22:49:45] 118 InteractiveDoors catched
[22:49:45] 16 Triggers catched
[22:49:45] 3614 MapPositions uncatched
[22:49:45] 14681 MapPositions catched
[22:49:45] 42 MapZaaps catched
[22:49:45] 15228 SpellLevels catched 
[22:49:46] 4772 Spells catched 
[22:49:46] 1179 LearnableSpells catched 
[22:49:46] 9780 ItemTemplates catched 
[22:49:46] 4489 Weapons catched 
[22:49:46] 363 ItemSets catched 
[22:49:46] 171 ItemTypes catched 
[22:49:46] 39 Handlers Readed
[22:49:46] 43 Messages Readed
[22:49:47] WorldServer start in 9445 ms.
[22:58:17] MySQL Database Connected
[22:58:17] 16 Breeds catched
[22:58:17] 256 Heads catched
[22:58:17] 561 Effects catched
[22:58:32] 11260 DofusMaps catched
[22:58:32] 454 StatedElements catched
[22:58:32] 802 InteractiveElements catched
[22:58:32] 74 HouseInformations catched
[22:58:32] 118 InteractiveDoors catched
[22:58:32] 16 Triggers catched
[22:58:32] 3614 MapPositions uncatched
[22:58:32] 14681 MapPositions catched
[22:58:32] 42 MapZaaps catched
[22:58:32] 15228 SpellLevels catched 
[22:58:33] 4772 Spells catched 
[22:58:33] 1179 LearnableSpells catched 
[22:58:33] 9780 ItemTemplates catched 
[22:58:33] 4489 Weapons catched 
[22:58:33] 363 ItemSets catched 
[22:58:33] 171 ItemTypes catched 
[22:58:33] 39 Handlers Readed
[22:58:34] 43 Messages Readed
[22:58:34] WorldServer start in 16602 ms.
[22:58:53] MySQL Database Connected
[22:58:53] 16 Breeds catched
[22:58:53] 256 Heads catched
[22:58:53] 561 Effects catched
[22:59:01] 11260 DofusMaps catched
[22:59:01] 454 StatedElements catched
[22:59:01] 802 InteractiveElements catched
[22:59:01] 74 HouseInformations catched
[22:59:01] 118 InteractiveDoors catched
[22:59:01] 16 Triggers catched
[22:59:01] 3614 MapPositions uncatched
[22:59:01] 14681 MapPositions catched
[22:59:01] 42 MapZaaps catched
[22:59:01] 15228 SpellLevels catched 
[22:59:01] 4772 Spells catched 
[22:59:01] 1179 LearnableSpells catched 
[22:59:02] 9780 ItemTemplates catched 
[22:59:02] 4489 Weapons catched 
[22:59:02] 363 ItemSets catched 
[22:59:02] 171 ItemTypes catched 
[22:59:02] 39 Handlers Readed
[22:59:02] 43 Messages Readed
[22:59:02] WorldServer start in 9353 ms.
