mai 19, 2015 11:28:54 PM com.j256.ormlite.logger.Slf4jLoggingLog log
GRAVE: WARNING: you seem to not be using the Xerial SQLite driver.  See ORMLite docs on SQLite: http://ormlite.com/docs/sqlite
[23:29:03] Map 147981057 stated nulled
[23:29:03] Map 147854081 stated nulled
[23:29:03] Map 149946368 stated nulled
[23:29:03] Map 149946368 stated nulled
[23:29:03] Map 147850247 stated nulled
[23:29:03] Map 147850247 stated nulled
[23:29:03] Map 147850247 stated nulled
[23:29:03] Map 147850247 stated nulled
[23:29:03] Map 147850247 stated nulled
[23:29:03] Map 147850247 stated nulled
[23:29:03] Map 147981314 stated nulled
[23:29:03] Map 147981314 stated nulled
[23:29:03] Map 147981314 stated nulled
[23:29:03] Map 147981314 stated nulled
[23:29:03] Map 147981314 stated nulled
[23:29:03] Map 147854341 stated nulled
[23:29:03] Map 147854341 stated nulled
[23:29:03] Map 147854341 stated nulled
[23:29:03] Map 147854340 stated nulled
[23:29:03] Map 147854340 stated nulled
[23:29:03] Map 147854340 stated nulled
[23:29:03] Map 147854340 stated nulled
[23:29:03] Map 147854340 stated nulled
[23:29:03] Map 147854340 stated nulled
[23:29:03] Map 147853828 stated nulled
[23:29:03] Map 147853828 stated nulled
[23:29:03] Map 147853828 stated nulled
[23:29:03] Map 147853828 stated nulled
[23:29:03] Map 147853828 stated nulled
[23:29:03] Map 147853829 stated nulled
[23:29:03] Map 147853829 stated nulled
[23:29:03] Map 147853829 stated nulled
[23:29:03] Map 147853829 stated nulled
[23:29:03] Map 147849218 element nulled
[23:29:03] Map 147850247 element nulled
[23:29:03] Map 147850247 element nulled
[23:29:03] Map 147850247 element nulled
[23:29:03] Map 147850247 element nulled
[23:29:03] Map 147850247 element nulled
[23:29:03] Map 147850247 element nulled
[23:29:03] Map 147850249 element nulled
[23:29:03] Map 147850754 element nulled
[23:29:03] Map 147850755 element nulled
[23:29:03] Map 147850756 element nulled
[23:29:03] Map 147851009 element nulled
[23:29:03] Map 147851782 element nulled
[23:29:03] Map 147852290 element nulled
[23:29:03] Map 147853312 element nulled
[23:29:03] Map 147853312 element nulled
[23:29:03] Map 147853315 element nulled
[23:29:03] Map 147853826 element nulled
[23:29:03] Map 147853828 element nulled
[23:29:03] Map 147853828 element nulled
[23:29:03] Map 147853828 element nulled
[23:29:03] Map 147853828 element nulled
[23:29:03] Map 147853828 element nulled
[23:29:03] Map 147853829 element nulled
[23:29:03] Map 147853829 element nulled
[23:29:03] Map 147853829 element nulled
[23:29:03] Map 147853829 element nulled
[23:29:03] Map 147854081 element nulled
[23:29:03] Map 147854339 element nulled
[23:29:03] Map 147854340 element nulled
[23:29:03] Map 147854340 element nulled
[23:29:03] Map 147854340 element nulled
[23:29:03] Map 147854340 element nulled
[23:29:03] Map 147854340 element nulled
[23:29:03] Map 147854340 element nulled
[23:29:03] Map 147854341 element nulled
[23:29:03] Map 147854341 element nulled
[23:29:03] Map 147854341 element nulled
[23:29:03] Map 147981057 element nulled
[23:29:03] Map 147981314 element nulled
[23:29:03] Map 147981314 element nulled
[23:29:03] Map 147981314 element nulled
[23:29:03] Map 147981314 element nulled
[23:29:03] Map 147981314 element nulled
[23:29:03] Map 149946368 element nulled
[23:29:03] Map 149946368 element nulled
[23:29:03] Map 149946368 element nulled
[23:29:03] Map 149946368 element nulled
[23:29:03] Map 149946368 element nulled
[23:29:03] Map 149946368 element nulled
[23:29:03] Map 147853312 Door nulled
[23:29:03] Map 147853826 Door nulled
[23:29:03] Map 855946248 Door nulled
[23:29:03] Map -2130444072 Door nulled
[23:29:03] Map -2130444286 Door nulled
[23:29:03] Map 838891520 Door nulled
[23:29:03] Map 788529721 Door nulled
[23:29:03] Map 822084149 Door nulled
[23:29:03] Map -2130444244 Door nulled
[23:29:03] Map -2130444286 Door nulled
[23:29:03] Map -16580400 Door nulled
[23:29:03] Map -16580400 Door nulled
[23:29:03] Map -16580606 Door nulled
[23:29:03] Map -1560213768 Door nulled
[23:29:03] Map -1560213924 Door nulled
[23:29:03] Map -1593768356 Door nulled
[23:29:03] Map -1593768356 Door nulled
[23:29:03] Map -1593768356 Door nulled
[23:29:03] Map -1593768356 Door nulled
[23:29:03] Map 100925448 Door nulled
[23:29:03] Map 100925456 Door nulled
[23:29:03] Map 100925448 Door nulled
[23:29:03] Map -1962670046 Door nulled
[23:29:03] Map -1459485284 Door nulled
[23:29:03] Map -1459485284 Door nulled
[23:29:03] Map -402585780 Door nulled
[23:29:03] Map -16580400 Door nulled
[23:29:03] Map -1945894910 Door nulled
[23:29:03] Map -16580400 Door nulled
[23:29:03] Map -1593768356 Door nulled
[23:29:03] Map -1945828550 Door nulled
[23:29:03] Map -16580606 Door nulled
[23:29:03] Map -1744699390 Door nulled
[23:29:03] Map -972880716 Door nulled
[23:29:03] Map -972880716 Door nulled
[23:29:03] Map -989657932 Door nulled
[23:29:03] Map -989657932 Door nulled
[23:29:03] Map 537229314 Door nulled
[23:29:03] Map 537229314 Door nulled
[23:29:03] Map 537247750 Door nulled
[23:29:03] Map 537247746 Door nulled
[23:29:03] Map -1593440512 Door nulled
[23:29:03] Map -1593440512 Door nulled
[23:29:03] Map -1241447288 Door nulled
[23:29:03] Map -1241447288 Door nulled
[23:29:03] Map -1593768356 Door nulled
[23:29:03] Map -1543436708 Door nulled
[23:29:03] Map -1576990984 Door nulled
[23:29:03] Map -1543436708 Door nulled
[23:29:03] Map -1543436708 Door nulled
[23:29:03] Map 1594166274 Door nulled
[23:29:03] Map 1594163212 Door nulled
[23:29:03] Map 1594098688 Door nulled
[23:29:03] Map 1594166278 Door nulled
[23:29:03] Map 1594312706 Door nulled
[23:29:03] Map 1594312714 Door nulled
[23:29:03] Map 1594166280 Door nulled
[23:29:03] Map 1594161160 Door nulled
[23:29:03] Map 554225682 Door nulled
[23:29:03] Map 147851009 Door nulled
[23:29:03] Map 554233864 Door nulled
[23:29:03] Map 554225676 Door nulled
[23:29:03] Map 554233868 Door nulled
[23:29:03] Map 147849218 Door nulled
[23:29:04] Map 143396 trigger null
[23:29:04] Map 143160 trigger null
[23:29:04] Map 78906368 trigger null
[23:29:04] Map 147853826 trigger null
[23:29:04] Map 57016841 trigger null
[23:29:04] Map 88087301 trigger null
[23:29:04] Map 100984832 trigger null
[23:29:04] Map 100925448 trigger null
[23:29:04] Map 87032320 trigger null
[23:29:04] Map 1644497935 trigger null
[23:29:04] Map 84804355 trigger null
[23:29:04] Map 147853312 trigger null
[23:29:04] Map -989657932 trigger null
[23:29:04] Map 1728397333 trigger null
[23:29:04] Map -1945828506 trigger null
[23:29:04] Map 142888 trigger null
[23:29:04] Map 145447 trigger null
[23:29:04] Map 78908422 trigger null
[23:29:04] Map 76024322 trigger null
[23:29:04] Map 1594166284 trigger null
[23:29:04] Map 83628032 trigger null
[23:29:04] Map 83364864 trigger null
[23:29:04] Map 84675078 trigger null
[23:29:04] Map -2130444204 trigger null
[23:29:04] Map 5507072 trigger null
[23:29:04] Map -1241447288 trigger null
[23:29:04] Map 1678118918 trigger null
[23:29:04] Map 101713413 trigger null
[23:29:04] Map 91752967 trigger null
[23:29:04] Map 117704202 trigger null
[23:29:04] Map 96470530 trigger null
[23:29:04] Map 537243660 trigger null
[23:29:04] Map 537229326 trigger null
[23:29:04] Map 13093 trigger null
[23:29:04] Map 88080903 trigger null
[23:29:04] Map -972880716 trigger null
[23:29:04] Map 54158637 trigger null
[23:29:04] Map -972880716 trigger null
[23:29:04] Map 158213 trigger null
[23:29:04] Map -972880716 trigger null
[23:29:04] Map 78908422 trigger null
[23:29:04] Map -1140652836 trigger null
[23:29:04] Map 80218626 trigger null
[23:29:04] Map -989657932 trigger null
[23:29:04] Map -1945828508 trigger null
[23:29:04] Map 1594312714 trigger null
[23:29:04] Map 122159619 trigger null
[23:29:04] Map 73531908 trigger null
[23:29:04] Map -1241447288 trigger null
[23:29:04] Map 76023296 trigger null
[23:29:04] Map 73532673 trigger null
[23:29:04] Map -1241447288 trigger null
[23:29:04] Map -1241447288 trigger null
[23:29:04] Map -1241447288 trigger null
[23:29:04] Map -1241447288 trigger null
[23:29:04] Map -1241447288 trigger null
[23:29:04] Map -1241447328 trigger null
[23:29:04] Map 76023296 trigger null
[23:29:04] Map 76023296 trigger null
[23:29:04] Map 76023296 trigger null
[23:29:04] Map -1241447288 trigger null
[23:29:04] Map -1241447288 trigger null
[23:29:04] Map -1543436708 trigger null
mai 19, 2015 11:29:05 PM org.reflections.Reflections scan
INFOS: Reflections took 246 ms to scan 1 urls, producing 1 keys and 113 values 
mai 19, 2015 11:29:06 PM org.reflections.Reflections scan
INFOS: Reflections took 441 ms to scan 1 urls, producing 2 keys and 161 values 
[23:29:12] Undefinied Stat id 285
[23:29:12] Undefinied Stat id 281
[23:29:12] Undefinied Stat id 288
[23:29:12] Undefinied Stat id 283
[23:29:12] Undefinied Stat id 970
[23:29:12] Undefinied Stat id 974
[23:29:12] Undefinied Stat id 973
[23:29:12] Undefinied Stat id 971
[23:29:12] Undefinied Stat id 972
[23:29:12] Undefinied Stat id 97
[23:29:12] Undefinied Stat id 154
[23:29:12] Undefinied Stat id 156
[23:29:12] Undefinied Stat id 812
[23:29:12] Undefinied Stat id 110
[23:29:14] Undefinied Stat id 800
[23:29:14] Undefinied Stat id 806
[23:29:14] Undefinied Stat id 807
[23:29:14] Undefinied Stat id 995
[23:29:32] Cell identifier out of bounds (0).
[23:29:32] Cell identifier out of bounds (0).
[23:29:32] Cell identifier out of bounds (160).
[23:29:32] Cell identifier out of bounds (384).
[23:29:34] Cell identifier out of bounds (0).
[23:29:34] Cell identifier out of bounds (370).
[23:30:39] Cell identifier out of bounds (370).
[23:30:39] Cell identifier out of bounds (384).
[23:30:39] Cell identifier out of bounds (370).
[23:30:39] Cell identifier out of bounds (160).
[23:30:39] Cell identifier out of bounds (160).
[23:30:50] Cell identifier out of bounds (355).
[23:30:50] Cell identifier out of bounds (355).
[23:30:50] Cell identifier out of bounds (160).
[23:30:50] Cell identifier out of bounds (160).
[23:30:55] Cell identifier out of bounds (355).
[23:30:55] Cell identifier out of bounds (370).
[23:30:55] Cell identifier out of bounds (355).
[23:30:55] Cell identifier out of bounds (160).
[23:30:55] Cell identifier out of bounds (160).
[23:30:57] Cell identifier out of bounds (370).
[23:30:57] Cell identifier out of bounds (355).
[23:30:57] Cell identifier out of bounds (355).
[23:30:57] Cell identifier out of bounds (160).
[23:30:57] Cell identifier out of bounds (160).
[23:31:04] Cell identifier out of bounds (0).
[23:31:04] Cell identifier out of bounds (384).
[23:31:07] [ERROR] Unknown Message Header Handler 708/127.0.0.1:30920
[23:39:08] [ERROR] Unknown Message Header Handler 64/127.0.0.1:30920
