[18:27:23] MySQL Database Connected
[18:27:23] 16 Breeds catched
[18:27:23] 256 Heads catched
[18:27:23] 566 Effects catched
[18:27:24] 4 SuperAreas catched
[18:27:24] 48 Areas catched
[18:27:28] 334 SubAreas catched
[18:27:29] 11267 DofusMaps catched
[18:27:30] 9769 StatedElements catched
[18:27:30] 13379 InteractiveElements catched
[18:27:30] 1485 HouseInformations catched
[18:27:30] 568 InteractiveDoors catched
[18:27:31] 3530 MapPositions uncatched
[18:27:31] 14681 MapPositions catched
[18:27:31] 38 MapZaaps catched
[18:27:31] 79 MapSubways catched
[18:27:31] 15612 SpellLevels catched 
[18:27:31] 4972 Spells catched 
[18:27:31] 4 SpellBombs catched 
[18:27:31] 316 GuildEmblems catched 
[18:27:31] 1179 LearnableSpells catched 
[18:27:31] 171 ItemTypes catched 
[18:27:32] 10063 ItemTemplates catched 
[18:27:32] 4355 Weapons catched 
[18:27:32] 366 ItemSets catched 
[18:27:32] 114 ItemPets catched 
[18:27:34] 2476 NpcTemplates catched 
[18:27:34] 812 NpcSpawns catched 
[18:27:34] 3112 NpcItems catched 
[18:27:34] 19801 NpcMessages catched 
[18:27:34] 8 NpcReplies catched 
[18:27:34] 366 Triggers catched
[18:27:34] 1277 Paddocks catched
[18:27:34] 72 Mounts catched
[18:27:34] 3 Guild catched
[18:27:34] 2 GuildMembers catched
[18:27:34] 11 GatheringJob LevelInfos catched
[18:27:34] 233 InteractiveSkills LevelInfos catched
[18:27:34] 2210 Monster Templates catched
[18:27:35] 11688 Monster Grades catched
[18:27:35] 8021 Monster Drops catched
[18:27:36] 131 Handlers Readed
[18:27:36] 177 Messages Readed
[18:27:36] WorldServer start in 14151 ms.
[18:33:38] MySQL Database Connected
[18:33:38] 16 Breeds catched
[18:33:38] 256 Heads catched
[18:33:38] 566 Effects catched
[18:33:39] 4 SuperAreas catched
[18:33:39] 48 Areas catched
[18:33:44] 334 SubAreas catched
[18:33:45] 11267 DofusMaps catched
[18:33:46] 9769 StatedElements catched
[18:33:47] 13379 InteractiveElements catched
[18:33:47] 1485 HouseInformations catched
[18:33:47] 568 InteractiveDoors catched
[18:33:47] 3530 MapPositions uncatched
[18:33:47] 14681 MapPositions catched
[18:33:47] 38 MapZaaps catched
[18:33:47] 79 MapSubways catched
[18:33:48] 15612 SpellLevels catched 
[18:33:48] 4972 Spells catched 
[18:33:48] 4 SpellBombs catched 
[18:33:48] 316 GuildEmblems catched 
[18:33:48] 1179 LearnableSpells catched 
[18:33:48] 171 ItemTypes catched 
[18:33:48] 10063 ItemTemplates catched 
[18:33:49] 4355 Weapons catched 
[18:33:49] 366 ItemSets catched 
[18:33:49] 114 ItemPets catched 
[18:33:51] 2476 NpcTemplates catched 
[18:33:51] 812 NpcSpawns catched 
[18:33:51] 3112 NpcItems catched 
[18:33:51] 19801 NpcMessages catched 
[18:33:51] 8 NpcReplies catched 
[18:33:51] 366 Triggers catched
[18:33:52] 1277 Paddocks catched
[18:33:52] 72 Mounts catched
[18:33:52] 3 Guild catched
[18:33:52] 2 GuildMembers catched
[18:33:52] 11 GatheringJob LevelInfos catched
[18:33:52] 233 InteractiveSkills LevelInfos catched
[18:33:52] 2210 Monster Templates catched
[18:33:52] 11688 Monster Grades catched
[18:33:52] 8021 Monster Drops catched
[18:33:54] 131 Handlers Readed
[18:33:54] 177 Messages Readed
[18:33:55] WorldServer start in 18278 ms.
[19:10:33] MySQL Database Connected
[19:10:33] 16 Breeds catched
[19:10:33] 256 Heads catched
[19:10:33] 566 Effects catched
[19:10:33] 4 SuperAreas catched
[19:10:33] 48 Areas catched
[19:10:35] 334 SubAreas catched
[19:10:36] 11267 DofusMaps catched
[19:10:36] 9769 StatedElements catched
[19:10:36] 13379 InteractiveElements catched
[19:10:36] 1485 HouseInformations catched
[19:10:36] 568 InteractiveDoors catched
[19:10:36] 3530 MapPositions uncatched
[19:10:36] 14681 MapPositions catched
[19:10:36] 38 MapZaaps catched
[19:10:36] 79 MapSubways catched
[19:10:37] 15612 SpellLevels catched 
[19:10:37] 4972 Spells catched 
[19:10:37] 4 SpellBombs catched 
[19:10:37] 316 GuildEmblems catched 
[19:10:37] 1179 LearnableSpells catched 
[19:10:37] 171 ItemTypes catched 
[19:10:37] 10063 ItemTemplates catched 
[19:10:37] 4355 Weapons catched 
[19:10:37] 366 ItemSets catched 
[19:10:37] 114 ItemPets catched 
[19:10:38] 2476 NpcTemplates catched 
[19:10:38] 812 NpcSpawns catched 
[19:10:38] 3112 NpcItems catched 
[19:10:38] 19801 NpcMessages catched 
[19:10:38] 8 NpcReplies catched 
[19:10:38] 366 Triggers catched
[19:10:38] 1277 Paddocks catched
[19:10:38] 72 Mounts catched
[19:10:38] 3 Guild catched
[19:10:38] 2 GuildMembers catched
[19:10:38] 11 GatheringJob LevelInfos catched
[19:10:39] 233 InteractiveSkills LevelInfos catched
[19:10:39] 2210 Monster Templates catched
[19:10:39] 11688 Monster Grades catched
[19:10:39] 8021 Monster Drops catched
[19:10:40] 131 Handlers Readed
[19:10:40] 177 Messages Readed
[19:10:40] WorldServer start in 8031 ms.
[19:25:46] MySQL Database Connected
[19:25:46] 16 Breeds catched
[19:25:46] 256 Heads catched
[19:25:46] 566 Effects catched
[19:25:47] 4 SuperAreas catched
[19:25:47] 48 Areas catched
[19:25:49] 334 SubAreas catched
[19:25:49] 11267 DofusMaps catched
[19:25:49] 9769 StatedElements catched
[19:25:50] 13379 InteractiveElements catched
[19:25:50] 1485 HouseInformations catched
[19:25:50] 568 InteractiveDoors catched
[19:25:50] 3530 MapPositions uncatched
[19:25:50] 14681 MapPositions catched
[19:25:50] 38 MapZaaps catched
[19:25:50] 79 MapSubways catched
[19:25:50] 15612 SpellLevels catched 
[19:25:50] 4972 Spells catched 
[19:25:50] 4 SpellBombs catched 
[19:25:50] 316 GuildEmblems catched 
[19:25:50] 1179 LearnableSpells catched 
[19:25:50] 171 ItemTypes catched 
[19:25:51] 10063 ItemTemplates catched 
[19:25:51] 4355 Weapons catched 
[19:25:51] 366 ItemSets catched 
[19:25:51] 114 ItemPets catched 
[19:25:52] 2476 NpcTemplates catched 
[19:25:52] 812 NpcSpawns catched 
[19:25:52] 3112 NpcItems catched 
[19:25:52] 19801 NpcMessages catched 
[19:25:52] 8 NpcReplies catched 
[19:25:53] 366 Triggers catched
[19:25:53] 1277 Paddocks catched
[19:25:53] 72 Mounts catched
[19:25:53] 3 Guild catched
[19:25:53] 2 GuildMembers catched
[19:25:53] 11 GatheringJob LevelInfos catched
[19:25:53] 233 InteractiveSkills LevelInfos catched
[19:25:53] 2210 Monster Templates catched
[19:25:53] 11688 Monster Grades catched
[19:25:53] 8021 Monster Drops catched
[19:25:54] 131 Handlers Readed
[19:25:54] 177 Messages Readed
[19:25:54] WorldServer start in 8838 ms.
[19:33:32] MySQL Database Connected
[19:33:32] 16 Breeds catched
[19:33:32] 256 Heads catched
[19:33:32] 566 Effects catched
[19:33:33] 4 SuperAreas catched
[19:33:33] 48 Areas catched
[19:33:36] 334 SubAreas catched
[19:33:38] 11267 DofusMaps catched
[19:33:38] 9769 StatedElements catched
[19:33:39] 13379 InteractiveElements catched
[19:33:39] 1485 HouseInformations catched
[19:33:39] 568 InteractiveDoors catched
[19:33:39] 3530 MapPositions uncatched
[19:33:39] 14681 MapPositions catched
[19:33:39] 38 MapZaaps catched
[19:33:39] 79 MapSubways catched
[19:33:40] 15612 SpellLevels catched 
[19:33:40] 4972 Spells catched 
[19:33:40] 4 SpellBombs catched 
[19:33:40] 316 GuildEmblems catched 
[19:33:40] 1179 LearnableSpells catched 
[19:33:40] 171 ItemTypes catched 
[19:33:40] 10063 ItemTemplates catched 
[19:33:41] 4355 Weapons catched 
[19:33:41] 366 ItemSets catched 
[19:33:41] 114 ItemPets catched 
[19:33:42] 2476 NpcTemplates catched 
[19:33:42] 812 NpcSpawns catched 
[19:33:42] 3112 NpcItems catched 
[19:33:42] 19801 NpcMessages catched 
[19:33:42] 8 NpcReplies catched 
[19:33:42] 366 Triggers catched
[19:33:42] 1277 Paddocks catched
[19:33:42] 72 Mounts catched
[19:33:43] 3 Guild catched
[19:33:43] 2 GuildMembers catched
[19:33:43] 11 GatheringJob LevelInfos catched
[19:33:43] 233 InteractiveSkills LevelInfos catched
[19:33:43] 2210 Monster Templates catched
[19:33:43] 11688 Monster Grades catched
[19:33:43] 8021 Monster Drops catched
[19:33:44] 131 Handlers Readed
[19:33:44] 177 Messages Readed
[19:33:44] WorldServer start in 13113 ms.
[19:50:36] MySQL Database Connected
[19:50:36] 16 Breeds catched
[19:50:36] 256 Heads catched
[19:50:36] 566 Effects catched
[19:50:36] 4 SuperAreas catched
[19:50:36] 48 Areas catched
[19:50:38] 334 SubAreas catched
[19:50:39] 11267 DofusMaps catched
[19:50:39] 9769 StatedElements catched
[19:50:40] 13379 InteractiveElements catched
[19:50:40] 1485 HouseInformations catched
[19:50:40] 568 InteractiveDoors catched
[19:50:40] 3530 MapPositions uncatched
[19:50:40] 14681 MapPositions catched
[19:50:40] 38 MapZaaps catched
[19:50:40] 79 MapSubways catched
[19:50:40] 15612 SpellLevels catched 
[19:50:40] 4972 Spells catched 
[19:50:40] 4 SpellBombs catched 
[19:50:40] 316 GuildEmblems catched 
[19:50:40] 1179 LearnableSpells catched 
[19:50:40] 171 ItemTypes catched 
[19:50:41] 10063 ItemTemplates catched 
[19:50:41] 4355 Weapons catched 
[19:50:41] 366 ItemSets catched 
[19:50:41] 114 ItemPets catched 
[19:50:42] 2476 NpcTemplates catched 
[19:50:42] 812 NpcSpawns catched 
[19:50:42] 3112 NpcItems catched 
[19:50:42] 19801 NpcMessages catched 
[19:50:42] 8 NpcReplies catched 
[19:50:42] 366 Triggers catched
[19:50:43] 1277 Paddocks catched
[19:50:43] 72 Mounts catched
[19:50:43] 3 Guild catched
[19:50:43] 2 GuildMembers catched
[19:50:43] 11 GatheringJob LevelInfos catched
[19:50:43] 233 InteractiveSkills LevelInfos catched
[19:50:43] 2210 Monster Templates catched
[19:50:43] 11688 Monster Grades catched
[19:50:43] 8021 Monster Drops catched
[19:50:43] 131 Handlers Readed
[19:50:44] 177 Messages Readed
[19:50:44] WorldServer start in 9215 ms.
[19:52:10] MySQL Database Connected
[19:52:10] 16 Breeds catched
[19:52:10] 256 Heads catched
[19:52:10] 566 Effects catched
[19:52:11] 4 SuperAreas catched
[19:52:11] 48 Areas catched
[19:52:12] 334 SubAreas catched
[19:52:13] 11267 DofusMaps catched
[19:52:13] 9769 StatedElements catched
[19:52:14] 13379 InteractiveElements catched
[19:52:14] 1485 HouseInformations catched
[19:52:14] 568 InteractiveDoors catched
[19:52:14] 3530 MapPositions uncatched
[19:52:14] 14681 MapPositions catched
[19:52:14] 38 MapZaaps catched
[19:52:14] 79 MapSubways catched
[19:52:14] 15612 SpellLevels catched 
[19:52:14] 4972 Spells catched 
[19:52:14] 4 SpellBombs catched 
[19:52:14] 316 GuildEmblems catched 
[19:52:14] 1179 LearnableSpells catched 
[19:52:14] 171 ItemTypes catched 
[19:52:15] 10063 ItemTemplates catched 
[19:52:15] 4355 Weapons catched 
[19:52:15] 366 ItemSets catched 
[19:52:15] 114 ItemPets catched 
[19:52:16] 2476 NpcTemplates catched 
[19:52:16] 812 NpcSpawns catched 
[19:52:16] 3112 NpcItems catched 
[19:52:16] 19801 NpcMessages catched 
[19:52:16] 8 NpcReplies catched 
[19:52:16] 366 Triggers catched
[19:52:16] 1277 Paddocks catched
[19:52:16] 72 Mounts catched
[19:52:16] 3 Guild catched
[19:52:16] 2 GuildMembers catched
[19:52:16] 11 GatheringJob LevelInfos catched
[19:52:16] 233 InteractiveSkills LevelInfos catched
[19:52:17] 2210 Monster Templates catched
[19:52:17] 11688 Monster Grades catched
[19:52:17] 8021 Monster Drops catched
[19:52:18] 131 Handlers Readed
[19:52:18] 177 Messages Readed
[19:52:19] WorldServer start in 9113 ms.
[19:54:10] MySQL Database Connected
[19:54:10] 16 Breeds catched
[19:54:10] 256 Heads catched
[19:54:10] 566 Effects catched
[19:54:11] 4 SuperAreas catched
[19:54:11] 48 Areas catched
[19:54:12] 334 SubAreas catched
[19:54:13] 11267 DofusMaps catched
[19:54:13] 9769 StatedElements catched
[19:54:13] 13379 InteractiveElements catched
[19:54:13] 1485 HouseInformations catched
[19:54:13] 568 InteractiveDoors catched
[19:54:14] 3530 MapPositions uncatched
[19:54:14] 14681 MapPositions catched
[19:54:14] 38 MapZaaps catched
[19:54:14] 79 MapSubways catched
[19:54:14] 15612 SpellLevels catched 
[19:54:14] 4972 Spells catched 
[19:54:14] 4 SpellBombs catched 
[19:54:14] 316 GuildEmblems catched 
[19:54:14] 1179 LearnableSpells catched 
[19:54:14] 171 ItemTypes catched 
[19:54:14] 10063 ItemTemplates catched 
[19:54:14] 4355 Weapons catched 
[19:54:15] 366 ItemSets catched 
[19:54:15] 114 ItemPets catched 
[19:54:16] 2476 NpcTemplates catched 
[19:54:16] 812 NpcSpawns catched 
[19:54:16] 3112 NpcItems catched 
[19:54:16] 19801 NpcMessages catched 
[19:54:16] 8 NpcReplies catched 
[19:54:16] 366 Triggers catched
[19:54:16] 1277 Paddocks catched
[19:54:16] 72 Mounts catched
[19:54:16] 3 Guild catched
[19:54:16] 2 GuildMembers catched
[19:54:16] 11 GatheringJob LevelInfos catched
[19:54:16] 233 InteractiveSkills LevelInfos catched
[19:54:16] 2210 Monster Templates catched
[19:54:16] 11688 Monster Grades catched
[19:54:16] 8021 Monster Drops catched
[19:54:17] 131 Handlers Readed
[19:54:18] 177 Messages Readed
[19:54:18] WorldServer start in 8650 ms.
[19:55:32] MySQL Database Connected
[19:55:32] 16 Breeds catched
[19:55:32] 256 Heads catched
[19:55:32] 566 Effects catched
[19:55:33] 4 SuperAreas catched
[19:55:33] 48 Areas catched
[19:55:35] 334 SubAreas catched
[19:55:35] 11267 DofusMaps catched
[19:55:35] 9769 StatedElements catched
[19:55:36] 13379 InteractiveElements catched
[19:55:36] 1485 HouseInformations catched
[19:55:36] 568 InteractiveDoors catched
[19:55:36] 3530 MapPositions uncatched
[19:55:36] 14681 MapPositions catched
[19:55:36] 38 MapZaaps catched
[19:55:36] 79 MapSubways catched
[19:55:36] 15612 SpellLevels catched 
[19:55:37] 4972 Spells catched 
[19:55:37] 4 SpellBombs catched 
[19:55:37] 316 GuildEmblems catched 
[19:55:37] 1179 LearnableSpells catched 
[19:55:37] 171 ItemTypes catched 
[19:55:37] 10063 ItemTemplates catched 
[19:55:37] 4355 Weapons catched 
[19:55:37] 366 ItemSets catched 
[19:55:38] 114 ItemPets catched 
[19:55:38] 2476 NpcTemplates catched 
[19:55:38] 812 NpcSpawns catched 
[19:55:38] 3112 NpcItems catched 
[19:55:38] 19801 NpcMessages catched 
[19:55:38] 8 NpcReplies catched 
[19:55:38] 366 Triggers catched
[19:55:38] 1277 Paddocks catched
[19:55:38] 72 Mounts catched
[19:55:38] 3 Guild catched
[19:55:38] 2 GuildMembers catched
[19:55:38] 11 GatheringJob LevelInfos catched
[19:55:39] 233 InteractiveSkills LevelInfos catched
[19:55:39] 2210 Monster Templates catched
[19:55:39] 11688 Monster Grades catched
[19:55:39] 8021 Monster Drops catched
[19:55:39] 131 Handlers Readed
[19:55:40] 177 Messages Readed
[19:55:40] WorldServer start in 8174 ms.
[20:15:24] MySQL Database Connected
[20:15:24] 16 Breeds catched
[20:15:24] 256 Heads catched
[20:15:24] 566 Effects catched
[20:15:24] 4 SuperAreas catched
[20:15:24] 48 Areas catched
[20:15:26] 334 SubAreas catched
[20:15:27] 11267 DofusMaps catched
[20:15:27] 9769 StatedElements catched
[20:15:27] 13379 InteractiveElements catched
[20:15:27] 1485 HouseInformations catched
[20:15:27] 568 InteractiveDoors catched
[20:15:28] 3530 MapPositions uncatched
[20:15:28] 14681 MapPositions catched
[20:15:28] 38 MapZaaps catched
[20:15:28] 79 MapSubways catched
[20:15:28] 15612 SpellLevels catched 
[20:15:28] 4972 Spells catched 
[20:15:28] 4 SpellBombs catched 
[20:15:28] 316 GuildEmblems catched 
[20:15:28] 1179 LearnableSpells catched 
[20:15:28] 171 ItemTypes catched 
[20:15:28] 10063 ItemTemplates catched 
[20:15:29] 4355 Weapons catched 
[20:15:29] 366 ItemSets catched 
[20:15:29] 114 ItemPets catched 
[20:15:30] 2476 NpcTemplates catched 
[20:15:30] 812 NpcSpawns catched 
[20:15:30] 3112 NpcItems catched 
[20:15:30] 19801 NpcMessages catched 
[20:15:30] 8 NpcReplies catched 
[20:15:30] 366 Triggers catched
[20:15:30] 1277 Paddocks catched
[20:15:30] 72 Mounts catched
[20:15:30] 3 Guild catched
[20:15:30] 2 GuildMembers catched
[20:15:30] 11 GatheringJob LevelInfos catched
[20:15:30] 233 InteractiveSkills LevelInfos catched
[20:15:30] 2210 Monster Templates catched
[20:15:30] 11688 Monster Grades catched
[20:15:31] 8021 Monster Drops catched
[20:15:31] 131 Handlers Readed
[20:15:32] 177 Messages Readed
[20:15:32] WorldServer start in 8747 ms.
[20:21:08] MySQL Database Connected
[20:21:08] 16 Breeds catched
[20:21:08] 256 Heads catched
[20:21:08] 566 Effects catched
[20:21:09] 4 SuperAreas catched
[20:21:09] 48 Areas catched
[20:21:10] 334 SubAreas catched
[20:21:11] 11267 DofusMaps catched
[20:21:11] 9769 StatedElements catched
[20:21:12] 13379 InteractiveElements catched
[20:21:12] 1485 HouseInformations catched
[20:21:12] 568 InteractiveDoors catched
[20:21:12] 3530 MapPositions uncatched
[20:21:12] 14681 MapPositions catched
[20:21:12] 38 MapZaaps catched
[20:21:12] 79 MapSubways catched
[20:21:12] 15612 SpellLevels catched 
[20:21:12] 4972 Spells catched 
[20:21:12] 4 SpellBombs catched 
[20:21:12] 316 GuildEmblems catched 
[20:21:12] 1179 LearnableSpells catched 
[20:21:12] 171 ItemTypes catched 
[20:21:13] 10063 ItemTemplates catched 
[20:21:13] 4355 Weapons catched 
[20:21:13] 366 ItemSets catched 
[20:21:13] 114 ItemPets catched 
[20:21:14] 2476 NpcTemplates catched 
[20:21:14] 812 NpcSpawns catched 
[20:21:14] 3112 NpcItems catched 
[20:21:14] 19801 NpcMessages catched 
[20:21:14] 8 NpcReplies catched 
[20:21:14] 366 Triggers catched
[20:21:14] 1277 Paddocks catched
[20:21:14] 72 Mounts catched
[20:21:14] 3 Guild catched
[20:21:14] 2 GuildMembers catched
[20:21:14] 11 GatheringJob LevelInfos catched
[20:21:14] 233 InteractiveSkills LevelInfos catched
[20:21:14] 2210 Monster Templates catched
[20:21:15] 11688 Monster Grades catched
[20:21:15] 8021 Monster Drops catched
[20:21:16] 131 Handlers Readed
[20:21:16] 177 Messages Readed
[20:21:16] WorldServer start in 8490 ms.
[20:22:05] MySQL Database Connected
[20:22:05] 16 Breeds catched
[20:22:05] 256 Heads catched
[20:22:05] 566 Effects catched
[20:22:05] 4 SuperAreas catched
[20:22:05] 48 Areas catched
[20:22:07] 334 SubAreas catched
[20:22:08] 11267 DofusMaps catched
[20:22:08] 9769 StatedElements catched
[20:22:09] 13379 InteractiveElements catched
[20:22:09] 1485 HouseInformations catched
[20:22:09] 568 InteractiveDoors catched
[20:22:09] 3530 MapPositions uncatched
[20:22:09] 14681 MapPositions catched
[20:22:09] 38 MapZaaps catched
[20:22:09] 79 MapSubways catched
[20:22:09] 15612 SpellLevels catched 
[20:22:09] 4972 Spells catched 
[20:22:09] 4 SpellBombs catched 
[20:22:09] 316 GuildEmblems catched 
[20:22:09] 1179 LearnableSpells catched 
[20:22:09] 171 ItemTypes catched 
[20:22:10] 10063 ItemTemplates catched 
[20:22:10] 4355 Weapons catched 
[20:22:10] 366 ItemSets catched 
[20:22:10] 114 ItemPets catched 
[20:22:11] 2476 NpcTemplates catched 
[20:22:11] 812 NpcSpawns catched 
[20:22:11] 3112 NpcItems catched 
[20:22:11] 19801 NpcMessages catched 
[20:22:11] 8 NpcReplies catched 
[20:22:11] 366 Triggers catched
[20:22:11] 1277 Paddocks catched
[20:22:11] 72 Mounts catched
[20:22:11] 3 Guild catched
[20:22:11] 2 GuildMembers catched
[20:22:11] 11 GatheringJob LevelInfos catched
[20:22:11] 233 InteractiveSkills LevelInfos catched
[20:22:11] 2210 Monster Templates catched
[20:22:12] 11688 Monster Grades catched
[20:22:12] 8021 Monster Drops catched
[20:22:12] 131 Handlers Readed
[20:22:12] 177 Messages Readed
[20:22:13] WorldServer start in 8434 ms.
[20:22:29] MySQL Database Connected
[20:22:29] 16 Breeds catched
[20:22:29] 256 Heads catched
[20:22:29] 566 Effects catched
[20:22:29] 4 SuperAreas catched
[20:22:29] 48 Areas catched
[20:22:31] 334 SubAreas catched
[20:23:01] MySQL Database Connected
[20:23:01] 16 Breeds catched
[20:23:01] 256 Heads catched
[20:23:01] 566 Effects catched
[20:23:01] 4 SuperAreas catched
[20:23:02] 48 Areas catched
[20:23:04] 334 SubAreas catched
[20:23:04] 11267 DofusMaps catched
[20:23:05] 9769 StatedElements catched
[20:23:05] 13379 InteractiveElements catched
[20:23:05] 1485 HouseInformations catched
[20:23:05] 568 InteractiveDoors catched
[20:23:05] 3530 MapPositions uncatched
[20:23:05] 14681 MapPositions catched
[20:23:05] 38 MapZaaps catched
[20:23:05] 79 MapSubways catched
[20:23:06] 15612 SpellLevels catched 
[20:23:06] 4972 Spells catched 
[20:23:06] 4 SpellBombs catched 
[20:23:06] 316 GuildEmblems catched 
[20:23:06] 1179 LearnableSpells catched 
[20:23:06] 171 ItemTypes catched 
[20:23:06] 10063 ItemTemplates catched 
[20:23:07] 4355 Weapons catched 
[20:23:07] 366 ItemSets catched 
[20:23:07] 114 ItemPets catched 
[20:23:08] 2476 NpcTemplates catched 
[20:23:08] 812 NpcSpawns catched 
[20:23:08] 3112 NpcItems catched 
[20:23:08] 19801 NpcMessages catched 
[20:23:08] 8 NpcReplies catched 
[20:23:08] 366 Triggers catched
[20:23:08] 1277 Paddocks catched
[20:23:08] 72 Mounts catched
[20:23:08] 3 Guild catched
[20:23:08] 2 GuildMembers catched
[20:23:08] 11 GatheringJob LevelInfos catched
[20:23:08] 233 InteractiveSkills LevelInfos catched
[20:23:08] 2210 Monster Templates catched
[20:23:08] 11688 Monster Grades catched
[20:23:08] 8021 Monster Drops catched
[20:23:09] 131 Handlers Readed
[20:23:09] 177 Messages Readed
[20:23:09] WorldServer start in 9644 ms.
[20:28:32] MySQL Database Connected
[20:28:32] 16 Breeds catched
[20:28:32] 256 Heads catched
[20:28:32] 566 Effects catched
[20:28:33] 4 SuperAreas catched
[20:28:33] 48 Areas catched
[20:28:37] 334 SubAreas catched
[20:28:38] 11267 DofusMaps catched
[20:28:39] 9769 StatedElements catched
[20:28:39] 13379 InteractiveElements catched
[20:28:39] 1485 HouseInformations catched
[20:28:39] 568 InteractiveDoors catched
[20:28:40] 3530 MapPositions uncatched
[20:28:40] 14681 MapPositions catched
[20:28:40] 38 MapZaaps catched
[20:28:40] 79 MapSubways catched
[20:28:41] 15612 SpellLevels catched 
[20:28:41] 4972 Spells catched 
[20:28:41] 4 SpellBombs catched 
[20:28:41] 316 GuildEmblems catched 
[20:28:41] 1179 LearnableSpells catched 
[20:28:41] 171 ItemTypes catched 
[20:28:41] 10063 ItemTemplates catched 
[20:28:42] 4355 Weapons catched 
[20:28:42] 366 ItemSets catched 
[20:28:42] 114 ItemPets catched 
[20:28:44] 2476 NpcTemplates catched 
[20:28:44] 812 NpcSpawns catched 
[20:28:44] 3112 NpcItems catched 
[20:28:44] 19801 NpcMessages catched 
[20:28:44] 8 NpcReplies catched 
[20:28:44] 366 Triggers catched
[20:28:44] 1277 Paddocks catched
[20:28:44] 72 Mounts catched
[20:28:44] 3 Guild catched
[20:28:44] 2 GuildMembers catched
[20:28:44] 11 GatheringJob LevelInfos catched
[20:28:44] 233 InteractiveSkills LevelInfos catched
[20:28:44] 2210 Monster Templates catched
[20:28:45] 11688 Monster Grades catched
[20:28:45] 8021 Monster Drops catched
[20:28:47] 131 Handlers Readed
[20:28:48] 177 Messages Readed
[20:28:48] WorldServer start in 17505 ms.
[20:44:00] MySQL Database Connected
[20:44:00] 16 Breeds catched
[20:44:00] 256 Heads catched
[20:44:00] 566 Effects catched
[20:44:01] 4 SuperAreas catched
[20:44:01] 48 Areas catched
[20:44:03] 334 SubAreas catched
[20:44:04] 11267 DofusMaps catched
[20:44:04] 9769 StatedElements catched
[20:44:05] 13379 InteractiveElements catched
[20:44:05] 1485 HouseInformations catched
[20:44:05] 568 InteractiveDoors catched
[20:44:05] 3530 MapPositions uncatched
[20:44:05] 14681 MapPositions catched
[20:44:05] 38 MapZaaps catched
[20:44:05] 79 MapSubways catched
[20:44:05] 15612 SpellLevels catched 
[20:44:05] 4972 Spells catched 
[20:44:05] 4 SpellBombs catched 
[20:44:05] 316 GuildEmblems catched 
[20:44:05] 1179 LearnableSpells catched 
[20:44:05] 171 ItemTypes catched 
[20:44:06] 10063 ItemTemplates catched 
[20:44:06] 4355 Weapons catched 
[20:44:06] 366 ItemSets catched 
[20:44:06] 114 ItemPets catched 
[20:44:07] 2476 NpcTemplates catched 
[20:44:07] 812 NpcSpawns catched 
[20:44:07] 3112 NpcItems catched 
[20:44:07] 19801 NpcMessages catched 
[20:44:07] 8 NpcReplies catched 
[20:44:07] 366 Triggers catched
[20:44:07] 1277 Paddocks catched
[20:44:07] 72 Mounts catched
[20:44:07] 3 Guild catched
[20:44:07] 2 GuildMembers catched
[20:44:07] 11 GatheringJob LevelInfos catched
[20:44:07] 233 InteractiveSkills LevelInfos catched
[20:44:07] 2210 Monster Templates catched
[20:44:07] 11688 Monster Grades catched
[20:44:07] 8021 Monster Drops catched
[20:44:08] 131 Handlers Readed
[20:44:08] 177 Messages Readed
[20:44:08] WorldServer start in 9277 ms.
[20:49:53] MySQL Database Connected
[20:49:53] 16 Breeds catched
[20:49:53] 256 Heads catched
[20:49:53] 566 Effects catched
[20:49:54] 4 SuperAreas catched
[20:49:54] 48 Areas catched
[20:49:56] 334 SubAreas catched
[20:49:57] 11267 DofusMaps catched
[20:49:57] 9769 StatedElements catched
[20:49:57] 13379 InteractiveElements catched
[20:49:57] 1485 HouseInformations catched
[20:49:58] 568 InteractiveDoors catched
[20:49:58] 3530 MapPositions uncatched
[20:49:58] 14681 MapPositions catched
[20:49:58] 38 MapZaaps catched
[20:49:58] 79 MapSubways catched
[20:49:58] 15612 SpellLevels catched 
[20:49:58] 4972 Spells catched 
[20:49:58] 4 SpellBombs catched 
[20:49:58] 316 GuildEmblems catched 
[20:49:58] 1179 LearnableSpells catched 
[20:49:58] 171 ItemTypes catched 
[20:49:59] 10063 ItemTemplates catched 
[20:49:59] 4355 Weapons catched 
[20:49:59] 366 ItemSets catched 
[20:50:00] 114 ItemPets catched 
[20:50:01] 2476 NpcTemplates catched 
[20:50:01] 812 NpcSpawns catched 
[20:50:01] 3112 NpcItems catched 
[20:50:01] 19801 NpcMessages catched 
[20:50:01] 8 NpcReplies catched 
[20:50:01] 366 Triggers catched
[20:50:01] 1277 Paddocks catched
[20:50:01] 72 Mounts catched
[20:50:01] 3 Guild catched
[20:50:01] 2 GuildMembers catched
[20:50:01] 11 GatheringJob LevelInfos catched
[20:50:01] 233 InteractiveSkills LevelInfos catched
[20:50:01] 2210 Monster Templates catched
[20:50:01] 11688 Monster Grades catched
[20:50:02] 8021 Monster Drops catched
[20:50:02] 131 Handlers Readed
[20:50:03] 177 Messages Readed
[20:50:03] WorldServer start in 11143 ms.
[21:14:45] MySQL Database Connected
[21:14:45] 16 Breeds catched
[21:14:45] 256 Heads catched
[21:14:45] 566 Effects catched
[21:14:46] 4 SuperAreas catched
[21:14:46] 48 Areas catched
[21:14:50] 334 SubAreas catched
[21:14:52] 11267 DofusMaps catched
[21:14:53] 9769 StatedElements catched
[21:14:53] 13379 InteractiveElements catched
[21:14:54] 1485 HouseInformations catched
[21:14:54] 568 InteractiveDoors catched
[21:14:54] 3530 MapPositions uncatched
[21:14:54] 14681 MapPositions catched
[21:14:54] 38 MapZaaps catched
[21:14:54] 79 MapSubways catched
[21:14:55] 15612 SpellLevels catched 
[21:14:55] 4972 Spells catched 
[21:14:55] 4 SpellBombs catched 
[21:14:55] 316 GuildEmblems catched 
[21:14:55] 1179 LearnableSpells catched 
[21:14:55] 171 ItemTypes catched 
[21:14:56] 10063 ItemTemplates catched 
[21:14:56] 4355 Weapons catched 
[21:14:56] 366 ItemSets catched 
[21:14:56] 114 ItemPets catched 
[21:14:58] 2476 NpcTemplates catched 
[21:14:58] 812 NpcSpawns catched 
[21:14:58] 3112 NpcItems catched 
[21:14:59] 19801 NpcMessages catched 
[21:14:59] 8 NpcReplies catched 
[21:14:59] 366 Triggers catched
[21:14:59] 1277 Paddocks catched
[21:14:59] 72 Mounts catched
[21:14:59] 3 Guild catched
[21:14:59] 2 GuildMembers catched
[21:14:59] 11 GatheringJob LevelInfos catched
[21:14:59] 233 InteractiveSkills LevelInfos catched
[21:14:59] 2210 Monster Templates catched
[21:14:59] 11688 Monster Grades catched
[21:15:00] 8021 Monster Drops catched
[21:15:01] 131 Handlers Readed
[21:15:01] 177 Messages Readed
[21:15:01] WorldServer start in 17190 ms.
[21:17:12] MySQL Database Connected
[21:17:12] 16 Breeds catched
[21:17:12] 256 Heads catched
[21:17:12] 566 Effects catched
[21:17:13] 4 SuperAreas catched
[21:17:13] 48 Areas catched
[21:17:15] 334 SubAreas catched
[21:17:17] 11267 DofusMaps catched
[21:17:17] 9769 StatedElements catched
[21:17:18] 13379 InteractiveElements catched
[21:17:18] 1485 HouseInformations catched
[21:17:18] 568 InteractiveDoors catched
[21:17:18] 3530 MapPositions uncatched
[21:17:18] 14681 MapPositions catched
[21:17:18] 38 MapZaaps catched
[21:17:18] 79 MapSubways catched
[21:17:19] 15612 SpellLevels catched 
[21:17:19] 4972 Spells catched 
[21:17:19] 4 SpellBombs catched 
[21:17:19] 316 GuildEmblems catched 
[21:17:19] 1179 LearnableSpells catched 
[21:17:19] 171 ItemTypes catched 
[21:17:20] 10063 ItemTemplates catched 
[21:17:20] 4355 Weapons catched 
[21:17:20] 366 ItemSets catched 
[21:17:21] 114 ItemPets catched 
[21:17:23] 2476 NpcTemplates catched 
[21:17:23] 812 NpcSpawns catched 
[21:17:24] 3112 NpcItems catched 
[21:17:24] 19801 NpcMessages catched 
[21:17:24] 8 NpcReplies catched 
[21:17:24] 366 Triggers catched
[21:17:24] 1277 Paddocks catched
[21:17:24] 72 Mounts catched
[21:17:24] 3 Guild catched
[21:17:24] 2 GuildMembers catched
[21:17:24] 11 GatheringJob LevelInfos catched
[21:17:24] 233 InteractiveSkills LevelInfos catched
[21:17:24] 2210 Monster Templates catched
[21:17:25] 11688 Monster Grades catched
[21:17:25] 8021 Monster Drops catched
[21:17:26] 131 Handlers Readed
[21:17:26] 177 Messages Readed
[21:17:26] WorldServer start in 15457 ms.
[21:21:37] MySQL Database Connected
[21:21:37] 16 Breeds catched
[21:21:37] 256 Heads catched
[21:21:37] 566 Effects catched
[21:21:38] 4 SuperAreas catched
[21:21:38] 48 Areas catched
[21:21:40] 334 SubAreas catched
[21:21:41] 11267 DofusMaps catched
[21:21:42] 9769 StatedElements catched
[21:21:42] 13379 InteractiveElements catched
[21:21:42] 1485 HouseInformations catched
[21:21:42] 568 InteractiveDoors catched
[21:21:43] 3530 MapPositions uncatched
[21:21:43] 14681 MapPositions catched
[21:21:43] 38 MapZaaps catched
[21:21:43] 79 MapSubways catched
[21:21:43] 15612 SpellLevels catched 
[21:21:44] 4972 Spells catched 
[21:21:44] 4 SpellBombs catched 
[21:21:44] 316 GuildEmblems catched 
[21:21:44] 1179 LearnableSpells catched 
[21:21:44] 171 ItemTypes catched 
[21:21:45] 10063 ItemTemplates catched 
[21:21:45] 4355 Weapons catched 
[21:21:45] 366 ItemSets catched 
[21:21:46] 114 ItemPets catched 
[21:21:48] 2476 NpcTemplates catched 
[21:21:48] 812 NpcSpawns catched 
[21:21:48] 3112 NpcItems catched 
[21:21:48] 19801 NpcMessages catched 
[21:21:48] 8 NpcReplies catched 
[21:21:49] 366 Triggers catched
[21:21:49] 1277 Paddocks catched
[21:21:49] 72 Mounts catched
[21:21:49] 3 Guild catched
[21:21:49] 2 GuildMembers catched
[21:21:49] 11 GatheringJob LevelInfos catched
[21:21:49] 233 InteractiveSkills LevelInfos catched
[21:21:49] 2210 Monster Templates catched
[21:21:49] 11688 Monster Grades catched
[21:21:50] 8021 Monster Drops catched
[21:21:51] 131 Handlers Readed
[21:21:51] 177 Messages Readed
[21:21:51] WorldServer start in 14970 ms.
[21:31:16] MySQL Database Connected
[21:31:16] 16 Breeds catched
[21:31:16] 256 Heads catched
[21:31:16] 566 Effects catched
[21:31:17] 4 SuperAreas catched
[21:31:17] 48 Areas catched
[21:31:19] 334 SubAreas catched
[21:31:21] 11267 DofusMaps catched
[21:31:21] 9769 StatedElements catched
[21:31:22] 13379 InteractiveElements catched
[21:31:22] 1485 HouseInformations catched
[21:31:22] 568 InteractiveDoors catched
[21:31:23] 3530 MapPositions uncatched
[21:31:23] 14681 MapPositions catched
[21:31:23] 38 MapZaaps catched
[21:31:23] 79 MapSubways catched
[21:31:23] 15612 SpellLevels catched 
[21:31:23] 4972 Spells catched 
[21:31:23] 4 SpellBombs catched 
[21:31:24] 316 GuildEmblems catched 
[21:31:24] 1179 LearnableSpells catched 
[21:31:24] 171 ItemTypes catched 
[21:31:24] 10063 ItemTemplates catched 
[21:31:25] 4355 Weapons catched 
[21:31:25] 366 ItemSets catched 
[21:31:25] 114 ItemPets catched 
[21:31:27] 2476 NpcTemplates catched 
[21:31:27] 812 NpcSpawns catched 
[21:31:27] 3112 NpcItems catched 
[21:31:27] 19801 NpcMessages catched 
[21:31:27] 8 NpcReplies catched 
[21:31:27] 366 Triggers catched
[21:31:27] 1277 Paddocks catched
[21:31:27] 72 Mounts catched
[21:31:28] 3 Guild catched
[21:31:28] 2 GuildMembers catched
[21:31:28] 11 GatheringJob LevelInfos catched
[21:31:28] 233 InteractiveSkills LevelInfos catched
[21:31:28] 2210 Monster Templates catched
[21:31:29] 11688 Monster Grades catched
[21:31:29] 8021 Monster Drops catched
[21:31:30] 131 Handlers Readed
[21:31:31] 177 Messages Readed
[21:31:31] WorldServer start in 16591 ms.
[21:35:09] MySQL Database Connected
[21:35:09] 16 Breeds catched
[21:35:09] 256 Heads catched
[21:35:09] 566 Effects catched
[21:35:10] 4 SuperAreas catched
[21:35:10] 48 Areas catched
[21:35:12] 334 SubAreas catched
[21:35:13] 11267 DofusMaps catched
[21:35:14] 9769 StatedElements catched
[21:35:14] 13379 InteractiveElements catched
[21:35:15] 1485 HouseInformations catched
[21:35:15] 568 InteractiveDoors catched
[21:35:15] 3530 MapPositions uncatched
[21:35:15] 14681 MapPositions catched
[21:35:15] 38 MapZaaps catched
[21:35:15] 79 MapSubways catched
[21:35:16] 15612 SpellLevels catched 
[21:35:16] 4972 Spells catched 
[21:35:16] 4 SpellBombs catched 
[21:35:16] 316 GuildEmblems catched 
[21:35:16] 1179 LearnableSpells catched 
[21:35:16] 171 ItemTypes catched 
[21:35:17] 10063 ItemTemplates catched 
[21:35:17] 4355 Weapons catched 
[21:35:17] 366 ItemSets catched 
[21:35:17] 114 ItemPets catched 
[21:35:19] 2476 NpcTemplates catched 
[21:35:19] 812 NpcSpawns catched 
[21:35:19] 3112 NpcItems catched 
[21:35:20] 19801 NpcMessages catched 
[21:35:20] 8 NpcReplies catched 
[21:35:20] 366 Triggers catched
[21:35:20] 1277 Paddocks catched
[21:35:20] 72 Mounts catched
[21:35:20] 3 Guild catched
[21:35:20] 2 GuildMembers catched
[21:35:20] 11 GatheringJob LevelInfos catched
[21:35:20] 233 InteractiveSkills LevelInfos catched
[21:35:21] 2210 Monster Templates catched
[21:35:21] 11688 Monster Grades catched
[21:35:21] 8021 Monster Drops catched
[21:35:22] 131 Handlers Readed
[21:35:23] 177 Messages Readed
[21:35:23] WorldServer start in 14779 ms.
[22:06:48] MySQL Database Connected
[22:06:48] 16 Breeds catched
[22:06:48] 256 Heads catched
[22:06:48] 566 Effects catched
[22:06:50] 4 SuperAreas catched
[22:06:50] 48 Areas catched
[22:06:53] 334 SubAreas catched
[22:06:54] 11267 DofusMaps catched
[22:06:55] 9769 StatedElements catched
[22:06:55] 13379 InteractiveElements catched
[22:06:55] 1485 HouseInformations catched
[22:06:55] 568 InteractiveDoors catched
[22:06:56] 3530 MapPositions uncatched
[22:06:56] 14681 MapPositions catched
[22:06:56] 38 MapZaaps catched
[22:06:56] 79 MapSubways catched
[22:06:56] 15612 SpellLevels catched 
[22:06:57] 4972 Spells catched 
[22:06:57] 4 SpellBombs catched 
[22:06:57] 316 GuildEmblems catched 
[22:06:57] 1179 LearnableSpells catched 
[22:06:57] 171 ItemTypes catched 
[22:06:57] 10063 ItemTemplates catched 
[22:06:57] 4355 Weapons catched 
[22:06:57] 366 ItemSets catched 
[22:06:58] 114 ItemPets catched 
[22:06:59] 2476 NpcTemplates catched 
[22:06:59] 812 NpcSpawns catched 
[22:06:59] 3112 NpcItems catched 
[22:06:59] 19801 NpcMessages catched 
[22:06:59] 8 NpcReplies catched 
[22:06:59] 366 Triggers catched
[22:06:59] 1277 Paddocks catched
[22:07:00] 72 Mounts catched
[22:07:00] 3 Guild catched
[22:07:00] 2 GuildMembers catched
[22:07:00] 11 GatheringJob LevelInfos catched
[22:07:00] 233 InteractiveSkills LevelInfos catched
[22:07:00] 2210 Monster Templates catched
[22:07:00] 11688 Monster Grades catched
[22:07:00] 8021 Monster Drops catched
[22:07:01] 131 Handlers Readed
[22:07:01] 177 Messages Readed
[22:07:02] WorldServer start in 14394 ms.
[22:42:50] MySQL Database Connected
[22:42:50] 16 Breeds catched
[22:42:50] 256 Heads catched
[22:42:50] 566 Effects catched
[22:42:51] 4 SuperAreas catched
[22:42:51] 48 Areas catched
[22:42:53] 334 SubAreas catched
[22:42:54] 11267 DofusMaps catched
[22:42:54] 9769 StatedElements catched
[22:42:54] 13379 InteractiveElements catched
[22:42:54] 1485 HouseInformations catched
[22:42:54] 568 InteractiveDoors catched
[22:42:55] 3530 MapPositions uncatched
[22:42:55] 14681 MapPositions catched
[22:42:55] 38 MapZaaps catched
[22:42:55] 79 MapSubways catched
[22:42:55] 15612 SpellLevels catched 
[22:42:55] 4972 Spells catched 
[22:42:55] 4 SpellBombs catched 
[22:42:55] 316 GuildEmblems catched 
[22:42:55] 1179 LearnableSpells catched 
[22:42:55] 171 ItemTypes catched 
[22:42:55] 10063 ItemTemplates catched 
[22:42:55] 4355 Weapons catched 
[22:42:56] 366 ItemSets catched 
[22:42:56] 114 ItemPets catched 
[22:42:57] 2476 NpcTemplates catched 
[22:42:57] 812 NpcSpawns catched 
[22:42:57] 3112 NpcItems catched 
[22:42:57] 19801 NpcMessages catched 
[22:42:57] 8 NpcReplies catched 
[22:42:57] 366 Triggers catched
[22:42:57] 1277 Paddocks catched
[22:42:57] 72 Mounts catched
[22:42:57] 3 Guild catched
[22:42:57] 2 GuildMembers catched
[22:42:57] 11 GatheringJob LevelInfos catched
[22:42:57] 233 InteractiveSkills LevelInfos catched
[22:42:57] 2210 Monster Templates catched
[22:42:58] 11688 Monster Grades catched
[22:42:58] 8021 Monster Drops catched
[22:42:58] 131 Handlers Readed
[22:42:59] 177 Messages Readed
[22:42:59] WorldServer start in 10107 ms.
[22:47:02] MySQL Database Connected
[22:47:02] 16 Breeds catched
[22:47:02] 256 Heads catched
[22:47:02] 566 Effects catched
[22:47:03] 4 SuperAreas catched
[22:47:03] 48 Areas catched
[22:47:05] 334 SubAreas catched
[22:47:05] 11267 DofusMaps catched
[22:47:05] 9769 StatedElements catched
[22:47:06] 13379 InteractiveElements catched
[22:47:06] 1485 HouseInformations catched
[22:47:06] 568 InteractiveDoors catched
[22:47:06] 3530 MapPositions uncatched
[22:47:06] 14681 MapPositions catched
[22:47:06] 38 MapZaaps catched
[22:47:06] 79 MapSubways catched
[22:47:06] 15612 SpellLevels catched 
[22:47:06] 4972 Spells catched 
[22:47:06] 4 SpellBombs catched 
[22:47:06] 316 GuildEmblems catched 
[22:47:06] 1179 LearnableSpells catched 
[22:47:06] 171 ItemTypes catched 
[22:47:06] 10063 ItemTemplates catched 
[22:47:07] 4355 Weapons catched 
[22:47:07] 366 ItemSets catched 
[22:47:07] 114 ItemPets catched 
[22:47:08] 2476 NpcTemplates catched 
[22:47:08] 812 NpcSpawns catched 
[22:47:08] 3112 NpcItems catched 
[22:47:08] 19801 NpcMessages catched 
[22:47:08] 8 NpcReplies catched 
[22:47:08] 366 Triggers catched
[22:47:08] 1277 Paddocks catched
[22:47:08] 72 Mounts catched
[22:47:08] 3 Guild catched
[22:47:08] 2 GuildMembers catched
[22:47:08] 11 GatheringJob LevelInfos catched
[22:47:08] 233 InteractiveSkills LevelInfos catched
[22:47:08] 2210 Monster Templates catched
[22:47:08] 11688 Monster Grades catched
[22:47:08] 8021 Monster Drops catched
[22:47:09] 131 Handlers Readed
[22:47:09] 177 Messages Readed
[22:47:09] WorldServer start in 8167 ms.
[23:05:49] MySQL Database Connected
[23:05:50] 16 Breeds catched
[23:05:50] 256 Heads catched
[23:05:50] 566 Effects catched
[23:05:51] 4 SuperAreas catched
[23:05:51] 48 Areas catched
[23:05:53] 334 SubAreas catched
[23:05:55] 11267 DofusMaps catched
[23:05:55] 9769 StatedElements catched
[23:05:56] 13379 InteractiveElements catched
[23:05:56] 1485 HouseInformations catched
[23:05:56] 568 InteractiveDoors catched
[23:05:56] 3530 MapPositions uncatched
[23:05:56] 14681 MapPositions catched
[23:05:56] 38 MapZaaps catched
[23:05:56] 79 MapSubways catched
[23:05:56] 15612 SpellLevels catched 
[23:05:56] 4972 Spells catched 
[23:05:56] 4 SpellBombs catched 
[23:05:56] 316 GuildEmblems catched 
[23:05:56] 1179 LearnableSpells catched 
[23:05:56] 171 ItemTypes catched 
[23:05:57] 10063 ItemTemplates catched 
[23:05:57] 4355 Weapons catched 
[23:05:57] 366 ItemSets catched 
[23:05:58] 114 ItemPets catched 
[23:05:59] 2476 NpcTemplates catched 
[23:05:59] 812 NpcSpawns catched 
[23:05:59] 3112 NpcItems catched 
[23:05:59] 19801 NpcMessages catched 
[23:05:59] 8 NpcReplies catched 
[23:05:59] 366 Triggers catched
[23:05:59] 1277 Paddocks catched
[23:05:59] 72 Mounts catched
[23:06:00] 3 Guild catched
[23:06:00] 2 GuildMembers catched
[23:06:00] 11 GatheringJob LevelInfos catched
[23:06:00] 233 InteractiveSkills LevelInfos catched
[23:06:00] 2210 Monster Templates catched
[23:06:00] 11688 Monster Grades catched
[23:06:00] 8021 Monster Drops catched
[23:06:01] 131 Handlers Readed
[23:06:01] 177 Messages Readed
[23:06:01] WorldServer start in 12970 ms.
[23:09:03] MySQL Database Connected
[23:09:03] 16 Breeds catched
[23:09:03] 256 Heads catched
[23:09:03] 566 Effects catched
[23:09:04] 4 SuperAreas catched
[23:09:04] 48 Areas catched
[23:09:06] 334 SubAreas catched
[23:09:06] 11267 DofusMaps catched
[23:09:07] 9769 StatedElements catched
[23:09:07] 13379 InteractiveElements catched
[23:09:07] 1485 HouseInformations catched
[23:09:07] 568 InteractiveDoors catched
[23:09:07] 3530 MapPositions uncatched
[23:09:07] 14681 MapPositions catched
[23:09:07] 38 MapZaaps catched
[23:09:07] 79 MapSubways catched
[23:09:07] 15612 SpellLevels catched 
[23:09:07] 4972 Spells catched 
[23:09:07] 4 SpellBombs catched 
[23:09:07] 316 GuildEmblems catched 
[23:09:08] 1179 LearnableSpells catched 
[23:09:08] 171 ItemTypes catched 
[23:09:08] 10063 ItemTemplates catched 
[23:09:08] 4355 Weapons catched 
[23:09:08] 366 ItemSets catched 
[23:09:08] 114 ItemPets catched 
[23:09:09] 2476 NpcTemplates catched 
[23:09:09] 812 NpcSpawns catched 
[23:09:09] 3112 NpcItems catched 
[23:09:09] 19801 NpcMessages catched 
[23:09:09] 8 NpcReplies catched 
[23:09:09] 366 Triggers catched
[23:09:09] 1277 Paddocks catched
[23:09:09] 72 Mounts catched
[23:09:09] 3 Guild catched
[23:09:09] 2 GuildMembers catched
[23:09:09] 11 GatheringJob LevelInfos catched
[23:09:09] 233 InteractiveSkills LevelInfos catched
[23:09:09] 2210 Monster Templates catched
[23:09:09] 11688 Monster Grades catched
[23:09:10] 8021 Monster Drops catched
[23:09:10] 131 Handlers Readed
[23:09:10] 177 Messages Readed
[23:09:10] WorldServer start in 8716 ms.
[23:10:04] Lkamar aded5
[23:10:04] Debana aded5
[23:10:04] Melanie aded5
[23:10:04] Nulmeulousalo aded5
[23:10:04] Charmola aded5
[23:14:03] MySQL Database Connected
[23:14:03] 16 Breeds catched
[23:14:03] 256 Heads catched
[23:14:03] 566 Effects catched
[23:14:03] 4 SuperAreas catched
[23:14:03] 48 Areas catched
[23:14:05] 334 SubAreas catched
[23:14:06] 11267 DofusMaps catched
[23:14:06] 9769 StatedElements catched
[23:14:06] 13379 InteractiveElements catched
[23:14:06] 1485 HouseInformations catched
[23:14:06] 568 InteractiveDoors catched
[23:14:06] 3530 MapPositions uncatched
[23:14:06] 14681 MapPositions catched
[23:14:06] 38 MapZaaps catched
[23:14:06] 79 MapSubways catched
[23:14:07] 15612 SpellLevels catched 
[23:14:07] 4972 Spells catched 
[23:14:07] 4 SpellBombs catched 
[23:14:07] 316 GuildEmblems catched 
[23:14:07] 1179 LearnableSpells catched 
[23:14:07] 171 ItemTypes catched 
[23:14:07] 10063 ItemTemplates catched 
[23:14:07] 4355 Weapons catched 
[23:14:07] 366 ItemSets catched 
[23:14:08] 114 ItemPets catched 
[23:14:09] 2476 NpcTemplates catched 
[23:14:09] 812 NpcSpawns catched 
[23:14:09] 3112 NpcItems catched 
[23:14:09] 19801 NpcMessages catched 
[23:14:09] 8 NpcReplies catched 
[23:14:09] 366 Triggers catched
[23:14:09] 1277 Paddocks catched
[23:14:09] 72 Mounts catched
[23:14:09] 3 Guild catched
[23:14:09] 2 GuildMembers catched
[23:14:09] 11 GatheringJob LevelInfos catched
[23:14:09] 233 InteractiveSkills LevelInfos catched
[23:14:09] 2210 Monster Templates catched
[23:14:09] 11688 Monster Grades catched
[23:14:09] 8021 Monster Drops catched
[23:14:10] 131 Handlers Readed
[23:14:10] 177 Messages Readed
[23:14:10] WorldServer start in 7910 ms.
[23:17:51] MySQL Database Connected
[23:17:51] 16 Breeds catched
[23:17:51] 256 Heads catched
[23:17:51] 566 Effects catched
[23:17:52] 4 SuperAreas catched
[23:17:52] 48 Areas catched
[23:17:54] 334 SubAreas catched
[23:17:54] 11267 DofusMaps catched
[23:17:55] 9769 StatedElements catched
[23:17:55] 13379 InteractiveElements catched
[23:17:55] 1485 HouseInformations catched
[23:17:55] 568 InteractiveDoors catched
[23:17:55] 3530 MapPositions uncatched
[23:17:55] 14681 MapPositions catched
[23:17:55] 38 MapZaaps catched
[23:17:55] 79 MapSubways catched
[23:17:55] 15612 SpellLevels catched 
[23:17:55] 4972 Spells catched 
[23:17:55] 4 SpellBombs catched 
[23:17:55] 316 GuildEmblems catched 
[23:17:55] 1179 LearnableSpells catched 
[23:17:55] 171 ItemTypes catched 
[23:17:56] 10063 ItemTemplates catched 
[23:17:56] 4355 Weapons catched 
[23:17:56] 366 ItemSets catched 
[23:17:56] 114 ItemPets catched 
[23:17:57] 2476 NpcTemplates catched 
[23:17:57] 812 NpcSpawns catched 
[23:17:57] 3112 NpcItems catched 
[23:17:57] 19801 NpcMessages catched 
[23:17:57] 8 NpcReplies catched 
[23:17:57] 366 Triggers catched
[23:17:57] 1277 Paddocks catched
[23:17:57] 72 Mounts catched
[23:17:57] 3 Guild catched
[23:17:57] 2 GuildMembers catched
[23:17:57] 11 GatheringJob LevelInfos catched
[23:17:57] 233 InteractiveSkills LevelInfos catched
[23:17:57] 2210 Monster Templates catched
[23:17:58] 11688 Monster Grades catched
[23:17:58] 8021 Monster Drops catched
[23:17:58] 131 Handlers Readed
[23:17:58] 177 Messages Readed
[23:17:58] WorldServer start in 8688 ms.
