avr. 12, 2015 2:22:25 PM org.reflections.Reflections scan
INFOS: Reflections took 178 ms to scan 1 urls, producing 1 keys and 67 values 
avr. 12, 2015 2:22:25 PM org.reflections.Reflections scan
INFOS: Reflections took 281 ms to scan 1 urls, producing 2 keys and 96 values 
[14:22:36] Undefinied Stat id 800
[14:22:36] Undefinied Stat id 807
[14:22:36] Undefinied Stat id 806
[14:22:36] Undefinied Stat id 153
[14:22:36] Undefinied Stat id 10
[14:22:36] Undefinied Stat id 10
[14:22:36] Undefinied Stat id 285
[14:22:36] Undefinied Stat id 281
[14:22:36] Undefinied Stat id 288
[14:22:36] Undefinied Stat id 283
[14:22:36] Undefinied Stat id 970
[14:22:36] Undefinied Stat id 974
[14:22:36] Undefinied Stat id 973
[14:22:36] Undefinied Stat id 971
[14:22:36] Undefinied Stat id 972
[14:22:36] Undefinied Stat id 110
java.lang.NullPointerException
	at koh.game.entities.actors.character.ItemShortcut.toShortcut(ItemShortcut.java:24)
	at koh.game.entities.actors.character.ShortcutBook.toShortcuts(ShortcutBook.java:61)
	at koh.game.network.handlers.game.approach.CharacterHandler.HandleCharacterSelectionMessage(CharacterHandler.java:83)
	at sun.reflect.NativeMethodAccessorImpl.invoke0(Native Method)
	at sun.reflect.NativeMethodAccessorImpl.invoke(NativeMethodAccessorImpl.java:62)
	at sun.reflect.DelegatingMethodAccessorImpl.invoke(DelegatingMethodAccessorImpl.java:43)
	at java.lang.reflect.Method.invoke(Method.java:483)
	at koh.game.network.WorldClient.parsePacket(WorldClient.java:217)
	at koh.game.network.WorldHandler.messageReceived(WorldHandler.java:44)
	at org.apache.mina.core.filterchain.DefaultIoFilterChain$TailFilter.messageReceived(DefaultIoFilterChain.java:854)
	at org.apache.mina.core.filterchain.DefaultIoFilterChain.callNextMessageReceived(DefaultIoFilterChain.java:542)
	at org.apache.mina.core.filterchain.DefaultIoFilterChain.access$1300(DefaultIoFilterChain.java:48)
	at org.apache.mina.core.filterchain.DefaultIoFilterChain$EntryImpl$1.messageReceived(DefaultIoFilterChain.java:943)
	at org.apache.mina.filter.codec.ProtocolCodecFilter$ProtocolDecoderOutputImpl.flush(ProtocolCodecFilter.java:405)
	at org.apache.mina.filter.codec.ProtocolCodecFilter.messageReceived(ProtocolCodecFilter.java:235)
	at org.apache.mina.core.filterchain.DefaultIoFilterChain.callNextMessageReceived(DefaultIoFilterChain.java:542)
	at org.apache.mina.core.filterchain.DefaultIoFilterChain.access$1300(DefaultIoFilterChain.java:48)
	at org.apache.mina.core.filterchain.DefaultIoFilterChain$EntryImpl$1.messageReceived(DefaultIoFilterChain.java:943)
	at org.apache.mina.core.filterchain.IoFilterAdapter.messageReceived(IoFilterAdapter.java:109)
	at org.apache.mina.core.filterchain.DefaultIoFilterChain.callNextMessageReceived(DefaultIoFilterChain.java:542)
	at org.apache.mina.core.filterchain.DefaultIoFilterChain.fireMessageReceived(DefaultIoFilterChain.java:535)
	at org.apache.mina.core.polling.AbstractPollingIoProcessor.read(AbstractPollingIoProcessor.java:714)
	at org.apache.mina.core.polling.AbstractPollingIoProcessor.process(AbstractPollingIoProcessor.java:668)
	at org.apache.mina.core.polling.AbstractPollingIoProcessor.process(AbstractPollingIoProcessor.java:657)
	at org.apache.mina.core.polling.AbstractPollingIoProcessor.access$600(AbstractPollingIoProcessor.java:67)
	at org.apache.mina.core.polling.AbstractPollingIoProcessor$Processor.run(AbstractPollingIoProcessor.java:1121)
	at org.apache.mina.util.NamePreservingRunnable.run(NamePreservingRunnable.java:64)
	at java.util.concurrent.ThreadPoolExecutor.runWorker(ThreadPoolExecutor.java:1142)
	at java.util.concurrent.ThreadPoolExecutor$Worker.run(ThreadPoolExecutor.java:617)
	at java.lang.Thread.run(Thread.java:745)
