[12:29:47] MySQL Database Connected
[12:29:47] 16 Breeds catched
[12:29:47] 256 Heads catched
[12:29:47] 561 Effects catched
[12:30:36] MySQL Database Connected
[12:30:36] 16 Breeds catched
[12:30:36] 256 Heads catched
[12:30:36] 561 Effects catched
[12:30:42] 11260 DofusMaps catched
[12:30:42] 454 StatedElements catched
[12:30:42] 802 InteractiveElements catched
[12:30:42] 74 HouseInformations catched
[12:30:42] 120 InteractiveDoors catched
[12:30:42] 3614 MapPositions uncatched
[12:30:42] 14681 MapPositions catched
[12:30:42] 42 MapZaaps catched
[12:30:43] 15228 SpellLevels catched 
[12:30:43] 4772 Spells catched 
[12:30:43] 1179 LearnableSpells catched 
[12:30:43] 9780 ItemTemplates catched 
[12:30:43] 4489 Weapons catched 
[12:30:43] 363 ItemSets catched 
[12:30:43] 171 ItemTypes catched 
[12:30:43] 110 ItemPets catched 
[12:30:44] 2476 NpcTemplates catched 
[12:30:44] 138 NpcSpawns catched 
[12:30:44] 50 NpcItems catched 
[12:30:44] 19801 NpcMessages catched 
[12:30:44] 7 NpcReplies catched 
[12:30:44] 18 Triggers catched
[12:30:45] 67 Handlers Readed
[12:30:45] 95 Messages Readed
[12:30:45] WorldServer start in 9838 ms.
[13:00:57] MySQL Database Connected
[13:00:57] 16 Breeds catched
[13:00:57] 256 Heads catched
[13:00:57] 561 Effects catched
[13:01:05] 11260 DofusMaps catched
[13:01:05] 454 StatedElements catched
[13:01:05] 802 InteractiveElements catched
[13:01:05] 74 HouseInformations catched
[13:01:05] 120 InteractiveDoors catched
[13:01:05] 3614 MapPositions uncatched
[13:01:05] 14681 MapPositions catched
[13:01:05] 42 MapZaaps catched
[13:01:05] 15228 SpellLevels catched 
[13:01:05] 4772 Spells catched 
[13:01:05] 1179 LearnableSpells catched 
[13:01:06] 9780 ItemTemplates catched 
[13:01:06] 4489 Weapons catched 
[13:01:06] 363 ItemSets catched 
[13:01:06] 171 ItemTypes catched 
[13:01:06] 110 ItemPets catched 
[13:01:06] 2476 NpcTemplates catched 
[13:01:06] 138 NpcSpawns catched 
[13:01:06] 50 NpcItems catched 
[13:01:06] 19801 NpcMessages catched 
[13:01:06] 7 NpcReplies catched 
[13:01:06] 18 Triggers catched
[13:01:07] 67 Handlers Readed
[13:01:07] 95 Messages Readed
[13:01:07] WorldServer start in 10443 ms.
[13:47:59] MySQL Database Connected
[13:48:00] 16 Breeds catched
[13:48:00] 256 Heads catched
[13:48:00] 561 Effects catched
[13:48:09] 11260 DofusMaps catched
[13:48:09] 454 StatedElements catched
[13:48:09] 802 InteractiveElements catched
[13:48:09] 74 HouseInformations catched
[13:48:09] 120 InteractiveDoors catched
[13:48:09] 3614 MapPositions uncatched
[13:48:09] 14681 MapPositions catched
[13:48:09] 42 MapZaaps catched
[13:48:09] 15228 SpellLevels catched 
[13:48:09] 4772 Spells catched 
[13:48:09] 1179 LearnableSpells catched 
[13:48:10] 9780 ItemTemplates catched 
[13:48:10] 4489 Weapons catched 
[13:48:10] 363 ItemSets catched 
[13:48:10] 171 ItemTypes catched 
[13:48:10] 110 ItemPets catched 
[13:48:11] 2476 NpcTemplates catched 
[13:48:11] 138 NpcSpawns catched 
[13:48:11] 50 NpcItems catched 
[13:48:11] 19801 NpcMessages catched 
[13:48:11] 7 NpcReplies catched 
[13:48:11] 18 Triggers catched
[13:48:11] 67 Handlers Readed
[13:48:12] 95 Messages Readed
[13:48:12] WorldServer start in 12423 ms.
[13:48:40] MySQL Database Connected
[13:48:40] 16 Breeds catched
[13:48:40] 256 Heads catched
[13:48:40] 561 Effects catched
[13:48:49] 11260 DofusMaps catched
[13:48:49] 454 StatedElements catched
[13:48:49] 802 InteractiveElements catched
[13:48:49] 74 HouseInformations catched
[13:48:49] 120 InteractiveDoors catched
[13:48:49] 3614 MapPositions uncatched
[13:48:49] 14681 MapPositions catched
[13:48:49] 42 MapZaaps catched
[13:48:49] 15228 SpellLevels catched 
[13:48:49] 4772 Spells catched 
[13:48:49] 1179 LearnableSpells catched 
[13:48:50] 9780 ItemTemplates catched 
[13:48:50] 4489 Weapons catched 
[13:48:50] 363 ItemSets catched 
[13:48:50] 171 ItemTypes catched 
[13:48:50] 110 ItemPets catched 
[13:48:50] 2476 NpcTemplates catched 
[13:48:50] 138 NpcSpawns catched 
[13:48:50] 50 NpcItems catched 
[13:48:50] 19801 NpcMessages catched 
[13:48:50] 7 NpcReplies catched 
[13:48:50] 18 Triggers catched
[13:48:51] 67 Handlers Readed
[13:48:51] 95 Messages Readed
[13:48:51] WorldServer start in 11075 ms.
[14:20:23] MySQL Database Connected
[14:20:23] 16 Breeds catched
[14:20:23] 256 Heads catched
[14:20:23] 561 Effects catched
[14:20:31] 11260 DofusMaps catched
[14:20:31] 454 StatedElements catched
[14:20:31] 802 InteractiveElements catched
[14:20:31] 74 HouseInformations catched
[14:20:31] 120 InteractiveDoors catched
[14:20:31] 3614 MapPositions uncatched
[14:20:31] 14681 MapPositions catched
[14:20:31] 42 MapZaaps catched
[14:20:32] 15228 SpellLevels catched 
[14:20:32] 4772 Spells catched 
[14:20:32] 1179 LearnableSpells catched 
[14:20:32] 9780 ItemTemplates catched 
[14:20:32] 4489 Weapons catched 
[14:20:32] 363 ItemSets catched 
[14:20:32] 171 ItemTypes catched 
[14:20:32] 110 ItemPets catched 
[14:20:32] 2476 NpcTemplates catched 
[14:20:32] 138 NpcSpawns catched 
[14:20:32] 50 NpcItems catched 
[14:20:32] 19801 NpcMessages catched 
[14:20:32] 7 NpcReplies catched 
[14:20:32] 18 Triggers catched
[14:20:33] 67 Handlers Readed
[14:20:33] 95 Messages Readed
[14:20:33] WorldServer start in 10124 ms.
[14:22:13] MySQL Database Connected
[14:22:13] 16 Breeds catched
[14:22:13] 256 Heads catched
[14:22:13] 561 Effects catched
[14:22:23] 11260 DofusMaps catched
[14:22:23] 454 StatedElements catched
[14:22:23] 802 InteractiveElements catched
[14:22:23] 74 HouseInformations catched
[14:22:23] 120 InteractiveDoors catched
[14:22:23] 3614 MapPositions uncatched
[14:22:23] 14681 MapPositions catched
[14:22:23] 42 MapZaaps catched
[14:22:23] 15228 SpellLevels catched 
[14:22:23] 4772 Spells catched 
[14:22:23] 1179 LearnableSpells catched 
[14:22:24] 9780 ItemTemplates catched 
[14:22:24] 4489 Weapons catched 
[14:22:24] 363 ItemSets catched 
[14:22:24] 171 ItemTypes catched 
[14:22:24] 110 ItemPets catched 
[14:22:24] 2476 NpcTemplates catched 
[14:22:24] 138 NpcSpawns catched 
[14:22:24] 50 NpcItems catched 
[14:22:24] 19801 NpcMessages catched 
[14:22:24] 7 NpcReplies catched 
[14:22:24] 18 Triggers catched
[14:22:25] 67 Handlers Readed
[14:22:25] 95 Messages Readed
[14:22:25] WorldServer start in 11966 ms.
