[12:25:37] MySQL Database Connected
[12:25:37] 16 Breeds catched
[12:25:37] 256 Heads catched
[12:25:37] 6 Handlers Readed
[12:25:38] 6 Messages Readed
[12:25:38] WorldServer start in 1119 ms.
[12:53:13] MySQL Database Connected
[12:53:13] 16 Breeds catched
[12:53:13] 256 Heads catched
[12:53:13] 6 Handlers Readed
[12:53:13] 6 Messages Readed
[12:53:13] WorldServer start in 704 ms.
[13:03:53] MySQL Database Connected
[13:03:53] 16 Breeds catched
[13:03:53] 256 Heads catched
[13:03:53] 7 Handlers Readed
[13:03:53] 7 Messages Readed
[13:03:53] WorldServer start in 702 ms.
[13:24:53] MySQL Database Connected
[13:24:53] 16 Breeds catched
[13:24:53] 256 Heads catched
[13:24:53] 8 Handlers Readed
[13:24:53] 8 Messages Readed
[13:24:53] WorldServer start in 696 ms.
[13:26:05] MySQL Database Connected
[13:26:06] 16 Breeds catched
[13:26:06] 256 Heads catched
[13:26:06] 8 Handlers Readed
[13:26:06] 8 Messages Readed
[13:26:06] WorldServer start in 703 ms.
[13:42:36] MySQL Database Connected
[13:42:37] 16 Breeds catched
[13:42:37] 256 Heads catched
[13:42:37] 9 Handlers Readed
[13:42:37] 9 Messages Readed
[13:42:37] WorldServer start in 738 ms.
[19:06:51] MySQL Database Connected
[19:06:52] 16 Breeds catched
[19:06:52] 256 Heads catched
[19:06:52] 10 Handlers Readed
[19:06:52] 10 Messages Readed
[19:06:52] WorldServer start in 921 ms.
[19:09:53] MySQL Database Connected
[19:09:53] 16 Breeds catched
[19:09:53] 256 Heads catched
[19:09:53] 10 Handlers Readed
[19:09:53] 10 Messages Readed
[19:09:54] WorldServer start in 741 ms.
[19:11:04] MySQL Database Connected
[19:11:04] 16 Breeds catched
[19:11:04] 256 Heads catched
[19:11:04] 10 Handlers Readed
[19:11:04] 10 Messages Readed
[19:11:05] WorldServer start in 743 ms.
[19:11:49] MySQL Database Connected
[19:11:49] 16 Breeds catched
[19:11:49] 256 Heads catched
[19:11:49] 10 Handlers Readed
[19:11:49] 10 Messages Readed
[19:11:49] WorldServer start in 750 ms.
[19:12:05] MySQL Database Connected
[19:12:05] 16 Breeds catched
[19:12:05] 256 Heads catched
[19:12:05] 10 Handlers Readed
[19:12:05] 10 Messages Readed
[19:12:05] WorldServer start in 706 ms.
[19:13:01] MySQL Database Connected
[19:13:01] 16 Breeds catched
[19:13:01] 256 Heads catched
[19:13:02] 10 Handlers Readed
[19:13:02] 10 Messages Readed
[19:13:02] WorldServer start in 729 ms.
[19:15:04] MySQL Database Connected
[19:15:04] 16 Breeds catched
[19:15:04] 256 Heads catched
[19:15:04] 10 Handlers Readed
[19:15:04] 10 Messages Readed
[19:15:04] WorldServer start in 708 ms.
[19:15:30] MySQL Database Connected
[19:15:30] 16 Breeds catched
[19:15:30] 256 Heads catched
[19:15:30] 10 Handlers Readed
[19:15:30] 10 Messages Readed
[19:15:31] WorldServer start in 704 ms.
[19:16:57] MySQL Database Connected
[19:16:57] 16 Breeds catched
[19:16:57] 256 Heads catched
[19:16:57] 10 Handlers Readed
[19:16:58] 10 Messages Readed
[19:16:58] WorldServer start in 707 ms.
[19:19:19] MySQL Database Connected
[19:19:19] 16 Breeds catched
[19:19:19] 256 Heads catched
[19:19:19] 10 Handlers Readed
[19:19:19] 10 Messages Readed
[19:19:19] WorldServer start in 706 ms.
[19:21:20] MySQL Database Connected
[19:21:20] 16 Breeds catched
[19:21:20] 256 Heads catched
[19:21:21] 10 Handlers Readed
[19:21:21] 10 Messages Readed
[19:21:21] WorldServer start in 745 ms.
[19:35:10] MySQL Database Connected
[19:35:10] 16 Breeds catched
[19:35:10] 256 Heads catched
[19:35:10] 10 Handlers Readed
[19:35:10] 10 Messages Readed
[19:35:10] WorldServer start in 820 ms.
[19:39:55] MySQL Database Connected
[19:39:55] 16 Breeds catched
[19:39:55] 256 Heads catched
[19:39:55] 10 Handlers Readed
[19:39:55] 10 Messages Readed
[19:39:55] WorldServer start in 727 ms.
[20:01:02] MySQL Database Connected
[20:01:02] 16 Breeds catched
[20:01:02] 256 Heads catched
[20:01:03] 11 Handlers Readed
[20:01:03] 11 Messages Readed
[20:01:03] WorldServer start in 750 ms.
[20:20:08] MySQL Database Connected
[20:20:08] 16 Breeds catched
[20:20:08] 256 Heads catched
[20:20:09] 13 Handlers Readed
[20:20:09] 12 Messages Readed
[20:20:09] WorldServer start in 756 ms.
[20:21:37] MySQL Database Connected
[20:21:37] 16 Breeds catched
[20:21:37] 256 Heads catched
[20:21:38] 13 Handlers Readed
[20:21:38] 12 Messages Readed
[20:21:38] WorldServer start in 853 ms.
[20:27:44] MySQL Database Connected
[20:27:44] 16 Breeds catched
[20:27:44] 256 Heads catched
[20:27:45] 13 Handlers Readed
[20:27:45] 12 Messages Readed
[20:27:45] WorldServer start in 876 ms.
[20:28:09] MySQL Database Connected
[20:28:09] 16 Breeds catched
[20:28:09] 256 Heads catched
[20:28:09] 13 Handlers Readed
[20:28:10] 12 Messages Readed
[20:28:10] WorldServer start in 800 ms.
[20:44:41] MySQL Database Connected
[20:44:41] 16 Breeds catched
[20:44:41] 256 Heads catched
[20:44:42] 13 Handlers Readed
[20:44:42] 12 Messages Readed
[20:44:42] WorldServer start in 744 ms.
[20:46:31] MySQL Database Connected
[20:46:31] 16 Breeds catched
[20:46:31] 256 Heads catched
[20:46:31] 13 Handlers Readed
[20:46:32] 13 Messages Readed
[20:46:32] WorldServer start in 797 ms.
[20:53:08] MySQL Database Connected
[20:53:08] 16 Breeds catched
[20:53:08] 256 Heads catched
[20:53:08] 13 Handlers Readed
[20:53:08] 13 Messages Readed
[20:53:08] WorldServer start in 820 ms.
[20:59:08] MySQL Database Connected
[20:59:08] 16 Breeds catched
[20:59:08] 256 Heads catched
[20:59:09] 13 Handlers Readed
[20:59:09] 13 Messages Readed
[20:59:09] WorldServer start in 797 ms.
[21:06:23] MySQL Database Connected
[21:06:23] 16 Breeds catched
[21:06:23] 256 Heads catched
[21:06:24] 13 Handlers Readed
[21:06:24] 13 Messages Readed
[21:06:24] WorldServer start in 790 ms.
[21:19:29] MySQL Database Connected
[21:19:29] 16 Breeds catched
[21:19:29] 256 Heads catched
[21:19:30] 13 Handlers Readed
[21:19:30] 13 Messages Readed
[21:19:30] WorldServer start in 744 ms.
[21:20:09] MySQL Database Connected
[21:20:09] 16 Breeds catched
[21:20:09] 256 Heads catched
[21:20:10] 13 Handlers Readed
[21:20:10] 13 Messages Readed
[21:20:10] WorldServer start in 701 ms.
[21:20:53] MySQL Database Connected
[21:20:53] 16 Breeds catched
[21:20:53] 256 Heads catched
[21:20:53] 13 Handlers Readed
[21:20:53] 13 Messages Readed
[21:20:53] WorldServer start in 708 ms.
[21:22:32] MySQL Database Connected
[21:22:33] 16 Breeds catched
[21:22:33] 256 Heads catched
[21:22:33] 13 Handlers Readed
[21:22:33] 13 Messages Readed
[21:22:33] WorldServer start in 751 ms.
[21:23:23] MySQL Database Connected
[21:23:23] 16 Breeds catched
[21:23:23] 256 Heads catched
[21:23:23] 13 Handlers Readed
[21:23:23] 13 Messages Readed
[21:23:24] WorldServer start in 732 ms.
