[11:37:20] MySQL Database Connected
[11:37:20] 16 Breeds catched
[11:37:20] 256 Heads catched
[11:37:28] 11260 DofusMaps catched
[11:37:28] 169 StatedElements catched
[11:37:28] 323 InteractiveElements catched
[11:37:28] 18 Handlers Readed
[11:37:28] 18 Messages Readed
[11:37:28] WorldServer start in 8905 ms.
[11:43:23] MySQL Database Connected
[11:43:23] 16 Breeds catched
[11:43:23] 256 Heads catched
[11:43:32] 11260 DofusMaps catched
[11:43:32] 169 StatedElements catched
[11:43:32] 323 InteractiveElements catched
[11:43:33] 18 Handlers Readed
[11:43:33] 18 Messages Readed
[11:43:33] WorldServer start in 10319 ms.
[11:44:54] MySQL Database Connected
[11:44:54] 16 Breeds catched
[11:44:54] 256 Heads catched
[11:45:08] 11260 DofusMaps catched
[11:45:08] 169 StatedElements catched
[11:45:08] 323 InteractiveElements catched
[11:45:09] 18 Handlers Readed
[11:45:09] 18 Messages Readed
[11:45:09] WorldServer start in 14889 ms.
[11:47:58] MySQL Database Connected
[11:47:58] 16 Breeds catched
[11:47:58] 256 Heads catched
[11:48:07] 11260 DofusMaps catched
[11:48:07] 169 StatedElements catched
[11:48:07] 323 InteractiveElements catched
[11:48:07] 18 Handlers Readed
[11:48:07] 18 Messages Readed
[11:48:07] WorldServer start in 9014 ms.
[11:50:45] MySQL Database Connected
[11:50:45] 16 Breeds catched
[11:50:45] 256 Heads catched
[11:50:53] 11260 DofusMaps catched
[11:50:53] 170 StatedElements catched
[11:50:53] 323 InteractiveElements catched
[11:50:54] 18 Handlers Readed
[11:50:54] 18 Messages Readed
[11:50:54] WorldServer start in 8684 ms.
[11:51:42] MySQL Database Connected
[11:51:42] 16 Breeds catched
[11:51:42] 256 Heads catched
[11:51:49] 11260 DofusMaps catched
[11:51:49] 170 StatedElements catched
[11:51:49] 323 InteractiveElements catched
[11:51:50] 18 Handlers Readed
[11:51:50] 18 Messages Readed
[11:51:50] WorldServer start in 8576 ms.
[11:52:46] MySQL Database Connected
[11:52:46] 16 Breeds catched
[11:52:46] 256 Heads catched
[11:52:55] 11260 DofusMaps catched
[11:52:55] 170 StatedElements catched
[11:52:55] 323 InteractiveElements catched
[11:52:55] 18 Handlers Readed
[11:52:55] 18 Messages Readed
[11:52:55] WorldServer start in 9370 ms.
[11:54:52] MySQL Database Connected
[11:54:52] 16 Breeds catched
[11:54:52] 256 Heads catched
[11:54:59] MySQL Database Connected
[11:54:59] 16 Breeds catched
[11:54:59] 256 Heads catched
[11:55:38] 11260 DofusMaps catched
[11:55:38] 169 StatedElements catched
[11:55:38] 323 InteractiveElements catched
[11:55:38] 18 Handlers Readed
[11:55:38] 18 Messages Readed
[11:55:38] WorldServer start in 39354 ms.
[11:56:39] MySQL Database Connected
[11:56:39] 16 Breeds catched
[11:56:39] 256 Heads catched
[11:56:48] 11260 DofusMaps catched
[11:56:48] 169 StatedElements catched
[11:56:48] 323 InteractiveElements catched
[11:56:48] 18 Handlers Readed
[11:56:48] 18 Messages Readed
[11:56:48] WorldServer start in 8821 ms.
[12:17:56] MySQL Database Connected
[12:17:56] 16 Breeds catched
[12:17:56] 256 Heads catched
[12:18:05] 11260 DofusMaps catched
[12:18:05] 169 StatedElements catched
[12:18:05] 323 InteractiveElements catched
[12:18:05] 18 Handlers Readed
[12:18:06] 18 Messages Readed
[12:18:06] WorldServer start in 9972 ms.
[12:23:47] MySQL Database Connected
[12:23:47] 16 Breeds catched
[12:23:47] 256 Heads catched
[12:23:56] 11260 DofusMaps catched
[12:23:56] 169 StatedElements catched
[12:23:56] 323 InteractiveElements catched
[12:23:56] 18 Handlers Readed
[12:23:56] 18 Messages Readed
[12:23:56] WorldServer start in 9405 ms.
[12:28:56] MySQL Database Connected
[12:28:56] 16 Breeds catched
[12:28:56] 256 Heads catched
[12:29:07] 11260 DofusMaps catched
[12:29:07] 169 StatedElements catched
[12:29:07] 323 InteractiveElements catched
[12:29:08] 18 Handlers Readed
[12:29:08] 18 Messages Readed
[12:29:08] WorldServer start in 12253 ms.
[12:34:54] MySQL Database Connected
[12:34:54] 16 Breeds catched
[12:34:54] 256 Heads catched
[12:35:02] 11260 DofusMaps catched
[12:35:02] 169 StatedElements catched
[12:35:02] 323 InteractiveElements catched
[12:35:02] 18 Handlers Readed
[12:35:02] 18 Messages Readed
[12:35:02] WorldServer start in 8768 ms.
[12:39:11] MySQL Database Connected
[12:39:11] 16 Breeds catched
[12:39:11] 256 Heads catched
[12:39:23] 11260 DofusMaps catched
[12:39:23] 169 StatedElements catched
[12:39:23] 323 InteractiveElements catched
[12:39:23] 18 Handlers Readed
[12:39:23] 18 Messages Readed
[12:39:23] WorldServer start in 12166 ms.
[12:40:05] MySQL Database Connected
[12:40:05] 16 Breeds catched
[12:40:05] 256 Heads catched
[12:40:13] 11260 DofusMaps catched
[12:40:13] 169 StatedElements catched
[12:40:13] 323 InteractiveElements catched
[12:40:13] 18 Handlers Readed
[12:40:13] 18 Messages Readed
[12:40:13] WorldServer start in 8704 ms.
[12:41:24] MySQL Database Connected
[12:41:24] 16 Breeds catched
[12:41:24] 256 Heads catched
[12:41:32] 11260 DofusMaps catched
[12:41:32] 169 StatedElements catched
[12:41:32] 323 InteractiveElements catched
[12:41:33] 18 Handlers Readed
[12:41:33] 18 Messages Readed
[12:41:33] WorldServer start in 8918 ms.
[23:27:39] MySQL Database Connected
[23:27:39] 16 Breeds catched
[23:27:39] 256 Heads catched
[23:27:50] 11260 DofusMaps catched
[23:27:50] 169 StatedElements catched
[23:27:50] 323 InteractiveElements catched
[23:27:50] 18 Handlers Readed
[23:27:50] 18 Messages Readed
[23:27:50] WorldServer start in 12037 ms.
