[00:18:24] MySQL Database Connected
[00:18:24] 16 Breeds catched
[00:18:24] 256 Heads catched
[00:18:24] 561 Effects catched
[00:18:24] 4 SuperAreas catched
[00:18:25] 48 Areas catched
[00:18:26] 334 SubAreas catched
[00:18:26] 11267 DofusMaps catched
[00:18:26] 9761 StatedElements catched
[00:18:26] 13349 InteractiveElements catched
[00:18:26] 1485 HouseInformations catched
[00:18:26] 556 InteractiveDoors catched
[00:18:26] 3530 MapPositions uncatched
[00:18:26] 14681 MapPositions catched
[00:18:26] 42 MapZaaps catched
[00:18:26] 79 MapSubways catched
[00:18:27] 15228 SpellLevels catched 
[00:18:27] 4772 Spells catched 
[00:18:27] 316 GuildEmblems catched 
[00:18:27] 1179 LearnableSpells catched 
[00:18:27] 9780 ItemTemplates catched 
[00:18:27] 4489 Weapons catched 
[00:18:27] 363 ItemSets catched 
[00:18:27] 171 ItemTypes catched 
[00:18:27] 110 ItemPets catched 
[00:18:27] 2476 NpcTemplates catched 
[00:18:27] 787 NpcSpawns catched 
[00:18:27] 94 NpcItems catched 
[00:18:27] 19801 NpcMessages catched 
[00:18:27] 7 NpcReplies catched 
[00:18:27] 353 Triggers catched
[00:18:27] 1277 Paddocks catched
[00:18:27] 72 Mounts catched
[00:18:27] 3 Guild catched
[00:18:27] 2 GuildMembers catched
[00:18:27] 11 GatheringJob LevelInfos catched
[00:18:27] 233 InteractiveSkills LevelInfos catched
[00:18:28] 128 Handlers Readed
[00:18:28] 175 Messages Readed
[00:18:29] WorldServer start in 5063 ms.
[15:42:21] MySQL Database Connected
[15:42:21] 16 Breeds catched
[15:42:21] 256 Heads catched
[15:42:21] 561 Effects catched
[15:42:22] 4 SuperAreas catched
[15:42:22] 48 Areas catched
[15:42:23] 334 SubAreas catched
[15:42:38] 11267 DofusMaps catched
[15:42:38] 9761 StatedElements catched
[15:42:38] 13349 InteractiveElements catched
[15:42:38] 1485 HouseInformations catched
[15:42:38] 556 InteractiveDoors catched
[15:42:39] 3530 MapPositions uncatched
[15:42:39] 14681 MapPositions catched
[15:42:39] 42 MapZaaps catched
[15:42:39] 79 MapSubways catched
[15:42:39] 15228 SpellLevels catched 
[15:42:39] 4772 Spells catched 
[15:42:40] 316 GuildEmblems catched 
[15:42:40] 1179 LearnableSpells catched 
[15:42:40] 9780 ItemTemplates catched 
[15:42:40] 4489 Weapons catched 
[15:42:40] 363 ItemSets catched 
[15:42:40] 171 ItemTypes catched 
[15:42:41] 110 ItemPets catched 
[15:42:41] 2476 NpcTemplates catched 
[15:42:41] 787 NpcSpawns catched 
[15:42:41] 94 NpcItems catched 
[15:42:41] 19801 NpcMessages catched 
[15:42:42] 7 NpcReplies catched 
[15:42:42] 353 Triggers catched
[15:42:42] 1277 Paddocks catched
[15:42:42] 72 Mounts catched
[15:42:42] 3 Guild catched
[15:42:42] 2 GuildMembers catched
[15:42:42] 11 GatheringJob LevelInfos catched
[15:42:42] 233 InteractiveSkills LevelInfos catched
[15:42:45] 128 Handlers Readed
[15:42:46] 175 Messages Readed
[15:42:46] WorldServer start in 25531 ms.
[15:48:27] MySQL Database Connected
[15:48:27] 16 Breeds catched
[15:48:27] 256 Heads catched
[15:48:27] 561 Effects catched
[15:48:28] 4 SuperAreas catched
[15:48:28] 48 Areas catched
[15:48:29] 334 SubAreas catched
[15:48:29] 11267 DofusMaps catched
[15:48:29] 9761 StatedElements catched
[15:48:29] 13349 InteractiveElements catched
[15:48:30] 1485 HouseInformations catched
[15:48:30] 556 InteractiveDoors catched
[15:48:30] 3530 MapPositions uncatched
[15:48:30] 14681 MapPositions catched
[15:48:30] 42 MapZaaps catched
[15:48:30] 79 MapSubways catched
[15:48:30] 15228 SpellLevels catched 
[15:48:30] 4772 Spells catched 
[15:48:30] 316 GuildEmblems catched 
[15:48:30] 1179 LearnableSpells catched 
[15:48:30] 9780 ItemTemplates catched 
[15:48:30] 4489 Weapons catched 
[15:48:30] 363 ItemSets catched 
[15:48:30] 171 ItemTypes catched 
[15:48:30] 110 ItemPets catched 
[15:48:31] 2476 NpcTemplates catched 
[15:48:31] 787 NpcSpawns catched 
[15:48:31] 94 NpcItems catched 
[15:48:31] 19801 NpcMessages catched 
[15:48:31] 7 NpcReplies catched 
[15:48:31] 353 Triggers catched
[15:48:31] 1277 Paddocks catched
[15:48:31] 72 Mounts catched
[15:48:31] 3 Guild catched
[15:48:31] 2 GuildMembers catched
[15:48:31] 11 GatheringJob LevelInfos catched
[15:48:31] 233 InteractiveSkills LevelInfos catched
[15:48:32] 128 Handlers Readed
[15:48:32] 175 Messages Readed
[15:48:32] WorldServer start in 5567 ms.
[15:50:10] MySQL Database Connected
[15:50:10] 16 Breeds catched
[15:50:10] 256 Heads catched
[15:50:10] 561 Effects catched
[15:50:10] 4 SuperAreas catched
[15:50:10] 48 Areas catched
[15:50:11] 334 SubAreas catched
[15:50:12] 11267 DofusMaps catched
[15:50:12] 9761 StatedElements catched
[15:50:12] 13349 InteractiveElements catched
[15:50:12] 1485 HouseInformations catched
[15:50:12] 556 InteractiveDoors catched
[15:50:12] 3530 MapPositions uncatched
[15:50:12] 14681 MapPositions catched
[15:50:12] 42 MapZaaps catched
[15:50:12] 79 MapSubways catched
[15:50:12] 15228 SpellLevels catched 
[15:50:12] 4772 Spells catched 
[15:50:12] 316 GuildEmblems catched 
[15:50:12] 1179 LearnableSpells catched 
[15:50:13] 9780 ItemTemplates catched 
[15:50:13] 4489 Weapons catched 
[15:50:13] 363 ItemSets catched 
[15:50:13] 171 ItemTypes catched 
[15:50:13] 110 ItemPets catched 
[15:50:13] 2476 NpcTemplates catched 
[15:50:13] 787 NpcSpawns catched 
[15:50:13] 94 NpcItems catched 
[15:50:13] 19801 NpcMessages catched 
[15:50:13] 7 NpcReplies catched 
[15:50:13] 353 Triggers catched
[15:50:13] 1277 Paddocks catched
[15:50:13] 72 Mounts catched
[15:50:13] 3 Guild catched
[15:50:13] 2 GuildMembers catched
[15:50:13] 11 GatheringJob LevelInfos catched
[15:50:13] 233 InteractiveSkills LevelInfos catched
[15:50:14] 128 Handlers Readed
[15:50:15] 175 Messages Readed
[15:50:15] WorldServer start in 5107 ms.
[15:56:33] MySQL Database Connected
[15:56:33] 16 Breeds catched
[15:56:33] 256 Heads catched
[15:56:33] 561 Effects catched
[15:56:34] 4 SuperAreas catched
[15:56:34] 48 Areas catched
[15:56:35] 334 SubAreas catched
[15:56:35] 11267 DofusMaps catched
[15:56:36] 9761 StatedElements catched
[15:56:36] 13349 InteractiveElements catched
[15:56:36] 1485 HouseInformations catched
[15:56:36] 556 InteractiveDoors catched
[15:56:36] 3530 MapPositions uncatched
[15:56:36] 14681 MapPositions catched
[15:56:36] 42 MapZaaps catched
[15:56:36] 79 MapSubways catched
[15:56:36] 15228 SpellLevels catched 
[15:56:36] 4772 Spells catched 
[15:56:36] 316 GuildEmblems catched 
[15:56:36] 1179 LearnableSpells catched 
[15:56:36] 9780 ItemTemplates catched 
[15:56:36] 4489 Weapons catched 
[15:56:36] 363 ItemSets catched 
[15:56:36] 171 ItemTypes catched 
[15:56:36] 110 ItemPets catched 
[15:56:37] 2476 NpcTemplates catched 
[15:56:37] 787 NpcSpawns catched 
[15:56:37] 94 NpcItems catched 
[15:56:37] 19801 NpcMessages catched 
[15:56:37] 7 NpcReplies catched 
[15:56:37] 353 Triggers catched
[15:56:37] 1277 Paddocks catched
[15:56:37] 72 Mounts catched
[15:56:37] 3 Guild catched
[15:56:37] 2 GuildMembers catched
[15:56:37] 11 GatheringJob LevelInfos catched
[15:56:37] 233 InteractiveSkills LevelInfos catched
[15:56:38] 128 Handlers Readed
[15:56:38] 175 Messages Readed
[15:56:38] WorldServer start in 5247 ms.
[16:02:32] MySQL Database Connected
[16:02:32] 16 Breeds catched
[16:02:32] 256 Heads catched
[16:02:32] 561 Effects catched
[16:02:33] 4 SuperAreas catched
[16:02:33] 48 Areas catched
[16:02:34] 334 SubAreas catched
[16:02:34] 11267 DofusMaps catched
[16:02:34] 9761 StatedElements catched
[16:02:34] 13349 InteractiveElements catched
[16:02:34] 1485 HouseInformations catched
[16:02:34] 556 InteractiveDoors catched
[16:02:34] 3530 MapPositions uncatched
[16:02:34] 14681 MapPositions catched
[16:02:34] 42 MapZaaps catched
[16:02:34] 79 MapSubways catched
[16:02:35] 15228 SpellLevels catched 
[16:02:35] 4772 Spells catched 
[16:02:35] 316 GuildEmblems catched 
[16:02:35] 1179 LearnableSpells catched 
[16:02:35] 9780 ItemTemplates catched 
[16:02:35] 4489 Weapons catched 
[16:02:35] 363 ItemSets catched 
[16:02:35] 171 ItemTypes catched 
[16:02:35] 110 ItemPets catched 
[16:02:35] 2476 NpcTemplates catched 
[16:02:35] 787 NpcSpawns catched 
[16:02:35] 94 NpcItems catched 
[16:02:35] 19801 NpcMessages catched 
[16:02:35] 7 NpcReplies catched 
[16:02:35] 353 Triggers catched
[16:02:35] 1277 Paddocks catched
[16:02:35] 72 Mounts catched
[16:02:35] 3 Guild catched
[16:02:35] 2 GuildMembers catched
[16:02:35] 11 GatheringJob LevelInfos catched
[16:02:36] 233 InteractiveSkills LevelInfos catched
[16:02:36] 128 Handlers Readed
[16:02:37] 175 Messages Readed
[16:02:37] WorldServer start in 4876 ms.
[17:10:51] MySQL Database Connected
[17:10:51] 16 Breeds catched
[17:10:51] 256 Heads catched
[17:10:51] 561 Effects catched
[17:10:56] 4 SuperAreas catched
[17:10:56] 48 Areas catched
[17:10:57] 334 SubAreas catched
[17:10:57] 11267 DofusMaps catched
[17:10:58] 9761 StatedElements catched
[17:10:58] 13349 InteractiveElements catched
[17:10:58] 1485 HouseInformations catched
[17:10:58] 556 InteractiveDoors catched
[17:10:58] 3530 MapPositions uncatched
[17:10:58] 14681 MapPositions catched
[17:10:58] 42 MapZaaps catched
[17:10:58] 79 MapSubways catched
[17:10:58] 15228 SpellLevels catched 
[17:10:58] 4772 Spells catched 
[17:10:58] 316 GuildEmblems catched 
[17:10:58] 1179 LearnableSpells catched 
[17:10:58] 9780 ItemTemplates catched 
[17:10:59] 4489 Weapons catched 
[17:10:59] 363 ItemSets catched 
[17:10:59] 171 ItemTypes catched 
[17:10:59] 110 ItemPets catched 
[17:10:59] 2476 NpcTemplates catched 
[17:10:59] 787 NpcSpawns catched 
[17:10:59] 94 NpcItems catched 
[17:10:59] 19801 NpcMessages catched 
[17:10:59] 7 NpcReplies catched 
[17:11:00] 353 Triggers catched
[17:11:01] 1277 Paddocks catched
[17:11:01] 72 Mounts catched
[17:11:01] 3 Guild catched
[17:11:01] 2 GuildMembers catched
[17:11:01] 11 GatheringJob LevelInfos catched
[17:11:02] 233 InteractiveSkills LevelInfos catched
[17:11:08] 128 Handlers Readed
[17:11:13] 175 Messages Readed
[17:11:13] WorldServer start in 22705 ms.
[17:12:34] MySQL Database Connected
[17:12:34] 16 Breeds catched
[17:12:34] 256 Heads catched
[17:12:34] 561 Effects catched
[17:12:34] 4 SuperAreas catched
[17:12:34] 48 Areas catched
[17:12:35] 334 SubAreas catched
[17:12:35] 11267 DofusMaps catched
[17:12:35] 9761 StatedElements catched
[17:12:36] 13349 InteractiveElements catched
[17:12:36] 1485 HouseInformations catched
[17:12:36] 556 InteractiveDoors catched
[17:12:36] 3530 MapPositions uncatched
[17:12:36] 14681 MapPositions catched
[17:12:36] 42 MapZaaps catched
[17:12:36] 79 MapSubways catched
[17:12:36] 15228 SpellLevels catched 
[17:12:36] 4772 Spells catched 
[17:12:36] 316 GuildEmblems catched 
[17:12:36] 1179 LearnableSpells catched 
[17:12:36] 9780 ItemTemplates catched 
[17:12:36] 4489 Weapons catched 
[17:12:36] 363 ItemSets catched 
[17:12:36] 171 ItemTypes catched 
[17:12:36] 110 ItemPets catched 
[17:12:36] 2476 NpcTemplates catched 
[17:12:36] 787 NpcSpawns catched 
[17:12:36] 94 NpcItems catched 
[17:12:37] 19801 NpcMessages catched 
[17:12:37] 7 NpcReplies catched 
[17:12:37] 353 Triggers catched
[17:12:37] 1277 Paddocks catched
[17:12:37] 72 Mounts catched
[17:12:37] 3 Guild catched
[17:12:37] 2 GuildMembers catched
[17:12:37] 11 GatheringJob LevelInfos catched
[17:12:37] 233 InteractiveSkills LevelInfos catched
[17:12:37] 128 Handlers Readed
[17:12:38] 175 Messages Readed
[17:12:38] WorldServer start in 4635 ms.
[17:22:35] MySQL Database Connected
[17:22:35] 16 Breeds catched
[17:22:35] 256 Heads catched
[17:22:35] 561 Effects catched
[17:22:36] 4 SuperAreas catched
[17:22:36] 48 Areas catched
[17:22:37] 334 SubAreas catched
[17:22:37] 11267 DofusMaps catched
[17:22:37] 9761 StatedElements catched
[17:22:37] 13349 InteractiveElements catched
[17:22:37] 1485 HouseInformations catched
[17:22:37] 556 InteractiveDoors catched
[17:22:38] 3530 MapPositions uncatched
[17:22:38] 14681 MapPositions catched
[17:22:38] 42 MapZaaps catched
[17:22:38] 79 MapSubways catched
[17:22:38] 15228 SpellLevels catched 
[17:22:38] 4772 Spells catched 
[17:22:38] 316 GuildEmblems catched 
[17:22:38] 1179 LearnableSpells catched 
[17:22:38] 9780 ItemTemplates catched 
[17:22:38] 4489 Weapons catched 
[17:22:38] 363 ItemSets catched 
[17:22:38] 171 ItemTypes catched 
[17:22:38] 110 ItemPets catched 
[17:22:38] 2476 NpcTemplates catched 
[17:22:38] 787 NpcSpawns catched 
[17:22:38] 94 NpcItems catched 
[17:22:39] 19801 NpcMessages catched 
[17:22:39] 7 NpcReplies catched 
[17:22:39] 353 Triggers catched
[17:22:39] 1277 Paddocks catched
[17:22:39] 72 Mounts catched
[17:22:39] 3 Guild catched
[17:22:39] 2 GuildMembers catched
[17:22:39] 11 GatheringJob LevelInfos catched
[17:22:39] 233 InteractiveSkills LevelInfos catched
[17:22:39] 128 Handlers Readed
[17:22:40] 175 Messages Readed
[17:22:40] WorldServer start in 5298 ms.
[17:25:46] MySQL Database Connected
[17:25:46] 16 Breeds catched
[17:25:46] 256 Heads catched
[17:25:46] 561 Effects catched
[17:25:47] 4 SuperAreas catched
[17:25:47] 48 Areas catched
[17:25:48] 334 SubAreas catched
[17:25:48] 11267 DofusMaps catched
[17:25:48] 9761 StatedElements catched
[17:25:48] 13349 InteractiveElements catched
[17:25:48] 1485 HouseInformations catched
[17:25:48] 556 InteractiveDoors catched
[17:25:48] 3530 MapPositions uncatched
[17:25:48] 14681 MapPositions catched
[17:25:48] 42 MapZaaps catched
[17:25:48] 79 MapSubways catched
[17:25:48] 15228 SpellLevels catched 
[17:25:49] 4772 Spells catched 
[17:25:49] 316 GuildEmblems catched 
[17:25:49] 1179 LearnableSpells catched 
[17:25:49] 9780 ItemTemplates catched 
[17:25:49] 4489 Weapons catched 
[17:25:49] 363 ItemSets catched 
[17:25:49] 171 ItemTypes catched 
[17:25:49] 110 ItemPets catched 
[17:25:49] 2476 NpcTemplates catched 
[17:25:49] 787 NpcSpawns catched 
[17:25:49] 94 NpcItems catched 
[17:25:49] 19801 NpcMessages catched 
[17:25:49] 7 NpcReplies catched 
[17:25:49] 353 Triggers catched
[17:25:49] 1277 Paddocks catched
[17:25:49] 72 Mounts catched
[17:25:49] 3 Guild catched
[17:25:49] 2 GuildMembers catched
[17:25:49] 11 GatheringJob LevelInfos catched
[17:25:49] 233 InteractiveSkills LevelInfos catched
[17:25:50] 128 Handlers Readed
[17:25:51] 175 Messages Readed
[17:25:51] WorldServer start in 4725 ms.
[17:26:37] MySQL Database Connected
[17:26:37] 16 Breeds catched
[17:26:37] 256 Heads catched
[17:26:37] 561 Effects catched
[17:26:38] 4 SuperAreas catched
[17:26:38] 48 Areas catched
[17:26:39] 334 SubAreas catched
[17:26:39] 11267 DofusMaps catched
[17:26:39] 9761 StatedElements catched
[17:26:39] 13349 InteractiveElements catched
[17:26:39] 1485 HouseInformations catched
[17:26:39] 556 InteractiveDoors catched
[17:26:39] 3530 MapPositions uncatched
[17:26:39] 14681 MapPositions catched
[17:26:39] 42 MapZaaps catched
[17:26:39] 79 MapSubways catched
[17:26:40] 15228 SpellLevels catched 
[17:26:40] 4772 Spells catched 
[17:26:40] 316 GuildEmblems catched 
[17:26:40] 1179 LearnableSpells catched 
[17:26:40] 9780 ItemTemplates catched 
[17:26:40] 4489 Weapons catched 
[17:26:40] 363 ItemSets catched 
[17:26:40] 171 ItemTypes catched 
[17:26:40] 110 ItemPets catched 
[17:26:40] 2476 NpcTemplates catched 
[17:26:40] 787 NpcSpawns catched 
[17:26:40] 94 NpcItems catched 
[17:26:40] 19801 NpcMessages catched 
[17:26:40] 7 NpcReplies catched 
[17:26:40] 353 Triggers catched
[17:26:40] 1277 Paddocks catched
[17:26:40] 72 Mounts catched
[17:26:40] 3 Guild catched
[17:26:40] 2 GuildMembers catched
[17:26:40] 11 GatheringJob LevelInfos catched
[17:26:40] 233 InteractiveSkills LevelInfos catched
[17:26:41] 128 Handlers Readed
[17:26:42] 175 Messages Readed
[17:26:42] WorldServer start in 4812 ms.
[17:27:40] MySQL Database Connected
[17:27:40] 16 Breeds catched
[17:27:40] 256 Heads catched
[17:27:40] 561 Effects catched
[17:27:41] 4 SuperAreas catched
[17:27:41] 48 Areas catched
[17:27:42] 334 SubAreas catched
[17:27:42] 11267 DofusMaps catched
[17:27:42] 9761 StatedElements catched
[17:27:43] 13349 InteractiveElements catched
[17:27:43] 1485 HouseInformations catched
[17:27:43] 556 InteractiveDoors catched
[17:27:43] 3530 MapPositions uncatched
[17:27:43] 14681 MapPositions catched
[17:27:43] 42 MapZaaps catched
[17:27:43] 79 MapSubways catched
[17:27:43] 15228 SpellLevels catched 
[17:27:43] 4772 Spells catched 
[17:27:43] 316 GuildEmblems catched 
[17:27:43] 1179 LearnableSpells catched 
[17:27:43] 9780 ItemTemplates catched 
[17:27:43] 4489 Weapons catched 
[17:27:43] 363 ItemSets catched 
[17:27:43] 171 ItemTypes catched 
[17:27:43] 110 ItemPets catched 
[17:27:43] 2476 NpcTemplates catched 
[17:27:43] 787 NpcSpawns catched 
[17:27:43] 94 NpcItems catched 
[17:27:44] 19801 NpcMessages catched 
[17:27:44] 7 NpcReplies catched 
[17:27:44] 353 Triggers catched
[17:27:44] 1277 Paddocks catched
[17:27:44] 72 Mounts catched
[17:27:44] 3 Guild catched
[17:27:44] 2 GuildMembers catched
[17:27:44] 11 GatheringJob LevelInfos catched
[17:27:44] 233 InteractiveSkills LevelInfos catched
[17:27:44] 128 Handlers Readed
[17:27:45] 175 Messages Readed
[17:27:45] WorldServer start in 4714 ms.
[17:29:02] MySQL Database Connected
[17:29:02] 16 Breeds catched
[17:29:02] 256 Heads catched
[17:29:02] 561 Effects catched
[17:29:02] 4 SuperAreas catched
[17:29:02] 48 Areas catched
[17:29:03] 334 SubAreas catched
[17:29:04] 11267 DofusMaps catched
[17:29:04] 9761 StatedElements catched
[17:29:04] 13349 InteractiveElements catched
[17:29:04] 1485 HouseInformations catched
[17:29:04] 556 InteractiveDoors catched
[17:29:04] 3530 MapPositions uncatched
[17:29:04] 14681 MapPositions catched
[17:29:04] 42 MapZaaps catched
[17:29:04] 79 MapSubways catched
[17:29:04] 15228 SpellLevels catched 
[17:29:04] 4772 Spells catched 
[17:29:04] 316 GuildEmblems catched 
[17:29:04] 1179 LearnableSpells catched 
[17:29:05] 9780 ItemTemplates catched 
[17:29:05] 4489 Weapons catched 
[17:29:05] 363 ItemSets catched 
[17:29:05] 171 ItemTypes catched 
[17:29:05] 110 ItemPets catched 
[17:29:05] 2476 NpcTemplates catched 
[17:29:05] 787 NpcSpawns catched 
[17:29:05] 94 NpcItems catched 
[17:29:05] 19801 NpcMessages catched 
[17:29:05] 7 NpcReplies catched 
[17:29:05] 353 Triggers catched
[17:29:05] 1277 Paddocks catched
[17:29:05] 72 Mounts catched
[17:29:05] 3 Guild catched
[17:29:05] 2 GuildMembers catched
[17:29:05] 11 GatheringJob LevelInfos catched
[17:29:05] 233 InteractiveSkills LevelInfos catched
[17:29:06] 128 Handlers Readed
[17:29:10] MySQL Database Connected
[17:29:10] 16 Breeds catched
[17:29:10] 256 Heads catched
[17:29:10] 561 Effects catched
[17:29:11] 4 SuperAreas catched
[17:29:11] 48 Areas catched
[17:29:12] 334 SubAreas catched
[17:29:12] 11267 DofusMaps catched
[17:29:12] 9761 StatedElements catched
[17:29:12] 13349 InteractiveElements catched
[17:29:12] 1485 HouseInformations catched
[17:29:12] 556 InteractiveDoors catched
[17:29:13] 3530 MapPositions uncatched
[17:29:13] 14681 MapPositions catched
[17:29:13] 42 MapZaaps catched
[17:29:13] 79 MapSubways catched
[17:29:13] 15228 SpellLevels catched 
[17:29:13] 4772 Spells catched 
[17:29:13] 316 GuildEmblems catched 
[17:29:13] 1179 LearnableSpells catched 
[17:29:13] 9780 ItemTemplates catched 
[17:29:13] 4489 Weapons catched 
[17:29:13] 363 ItemSets catched 
[17:29:13] 171 ItemTypes catched 
[17:29:13] 110 ItemPets catched 
[17:29:13] 2476 NpcTemplates catched 
[17:29:13] 787 NpcSpawns catched 
[17:29:13] 94 NpcItems catched 
[17:29:13] 19801 NpcMessages catched 
[17:29:13] 7 NpcReplies catched 
[17:29:13] 353 Triggers catched
[17:29:13] 1277 Paddocks catched
[17:29:13] 72 Mounts catched
[17:29:13] 3 Guild catched
[17:29:13] 2 GuildMembers catched
[17:29:13] 11 GatheringJob LevelInfos catched
[17:29:14] 233 InteractiveSkills LevelInfos catched
[17:29:14] 128 Handlers Readed
[17:29:15] 175 Messages Readed
[17:29:15] WorldServer start in 4554 ms.
[18:08:29] MySQL Database Connected
[18:08:29] 16 Breeds catched
[18:08:29] 256 Heads catched
[18:08:29] 561 Effects catched
[18:08:30] 4 SuperAreas catched
[18:08:30] 48 Areas catched
[18:08:31] 334 SubAreas catched
[18:08:31] 11267 DofusMaps catched
[18:08:31] 9761 StatedElements catched
[18:08:31] 13349 InteractiveElements catched
[18:08:31] 1485 HouseInformations catched
[18:08:31] 556 InteractiveDoors catched
[18:08:31] 3530 MapPositions uncatched
[18:08:31] 14681 MapPositions catched
[18:08:31] 42 MapZaaps catched
[18:08:31] 79 MapSubways catched
[18:08:32] 15228 SpellLevels catched 
[18:08:32] 4772 Spells catched 
[18:08:32] 316 GuildEmblems catched 
[18:08:32] 1179 LearnableSpells catched 
[18:08:32] 9780 ItemTemplates catched 
[18:08:32] 4489 Weapons catched 
[18:08:32] 363 ItemSets catched 
[18:08:32] 171 ItemTypes catched 
[18:08:32] 110 ItemPets catched 
[18:08:32] 2476 NpcTemplates catched 
[18:08:32] 787 NpcSpawns catched 
[18:08:32] 94 NpcItems catched 
[18:08:32] 19801 NpcMessages catched 
[18:08:32] 7 NpcReplies catched 
[18:08:33] 353 Triggers catched
[18:08:33] 1277 Paddocks catched
[18:08:33] 72 Mounts catched
[18:08:33] 3 Guild catched
[18:08:33] 2 GuildMembers catched
[18:08:33] 11 GatheringJob LevelInfos catched
[18:08:33] 233 InteractiveSkills LevelInfos catched
[18:08:33] 128 Handlers Readed
[18:08:34] 175 Messages Readed
[18:08:34] WorldServer start in 5055 ms.
[18:09:17] MySQL Database Connected
[18:09:17] 16 Breeds catched
[18:09:17] 256 Heads catched
[18:09:17] 561 Effects catched
[18:09:18] 4 SuperAreas catched
[18:09:18] 48 Areas catched
[18:09:19] 334 SubAreas catched
[18:09:19] 11267 DofusMaps catched
[18:09:19] 9761 StatedElements catched
[18:09:19] 13349 InteractiveElements catched
[18:09:19] 1485 HouseInformations catched
[18:09:19] 556 InteractiveDoors catched
[18:09:20] 3530 MapPositions uncatched
[18:09:20] 14681 MapPositions catched
[18:09:20] 42 MapZaaps catched
[18:09:20] 79 MapSubways catched
[18:09:20] 15228 SpellLevels catched 
[18:09:20] 4772 Spells catched 
[18:09:20] 316 GuildEmblems catched 
[18:09:20] 1179 LearnableSpells catched 
[18:09:20] 9780 ItemTemplates catched 
[18:09:20] 4489 Weapons catched 
[18:09:20] 363 ItemSets catched 
[18:09:20] 171 ItemTypes catched 
[18:09:20] 110 ItemPets catched 
[18:09:20] 2476 NpcTemplates catched 
[18:09:20] 787 NpcSpawns catched 
[18:09:20] 94 NpcItems catched 
[18:09:20] 19801 NpcMessages catched 
[18:09:20] 7 NpcReplies catched 
[18:09:20] 353 Triggers catched
[18:09:21] 1277 Paddocks catched
[18:09:21] 72 Mounts catched
[18:09:21] 3 Guild catched
[18:09:21] 2 GuildMembers catched
[18:09:21] 11 GatheringJob LevelInfos catched
[18:09:21] 233 InteractiveSkills LevelInfos catched
[18:09:21] 128 Handlers Readed
[18:09:22] 175 Messages Readed
[18:09:22] WorldServer start in 5097 ms.
[18:10:35] MySQL Database Connected
[18:10:36] 16 Breeds catched
[18:10:36] 256 Heads catched
[18:10:36] 561 Effects catched
[18:10:36] 4 SuperAreas catched
[18:10:36] 48 Areas catched
[18:10:37] 334 SubAreas catched
[18:10:38] 11267 DofusMaps catched
[18:10:38] 9761 StatedElements catched
[18:10:38] 13349 InteractiveElements catched
[18:10:38] 1485 HouseInformations catched
[18:10:38] 556 InteractiveDoors catched
[18:10:38] 3530 MapPositions uncatched
[18:10:38] 14681 MapPositions catched
[18:10:38] 42 MapZaaps catched
[18:10:38] 79 MapSubways catched
[18:10:38] 15228 SpellLevels catched 
[18:10:38] 4772 Spells catched 
[18:10:38] 316 GuildEmblems catched 
[18:10:38] 1179 LearnableSpells catched 
[18:10:38] 9780 ItemTemplates catched 
[18:10:38] 4489 Weapons catched 
[18:10:38] 363 ItemSets catched 
[18:10:38] 171 ItemTypes catched 
[18:10:38] 110 ItemPets catched 
[18:10:39] 2476 NpcTemplates catched 
[18:10:39] 787 NpcSpawns catched 
[18:10:39] 94 NpcItems catched 
[18:10:39] 19801 NpcMessages catched 
[18:10:39] 7 NpcReplies catched 
[18:10:39] 353 Triggers catched
[18:10:39] 1277 Paddocks catched
[18:10:39] 72 Mounts catched
[18:10:39] 3 Guild catched
[18:10:39] 2 GuildMembers catched
[18:10:39] 11 GatheringJob LevelInfos catched
[18:10:39] 233 InteractiveSkills LevelInfos catched
[18:10:40] 128 Handlers Readed
[18:10:40] 175 Messages Readed
[18:10:40] WorldServer start in 5017 ms.
[18:11:38] MySQL Database Connected
[18:11:38] 16 Breeds catched
[18:11:38] 256 Heads catched
[18:11:38] 561 Effects catched
[18:11:38] 4 SuperAreas catched
[18:11:38] 48 Areas catched
[18:11:40] 334 SubAreas catched
[18:11:40] 11267 DofusMaps catched
[18:11:40] 9761 StatedElements catched
[18:11:40] 13349 InteractiveElements catched
[18:11:40] 1485 HouseInformations catched
[18:11:40] 556 InteractiveDoors catched
[18:11:40] 3530 MapPositions uncatched
[18:11:40] 14681 MapPositions catched
[18:11:40] 42 MapZaaps catched
[18:11:40] 79 MapSubways catched
[18:11:41] 15228 SpellLevels catched 
[18:11:41] 4772 Spells catched 
[18:11:41] 316 GuildEmblems catched 
[18:11:41] 1179 LearnableSpells catched 
[18:11:41] 9780 ItemTemplates catched 
[18:11:41] 4489 Weapons catched 
[18:11:41] 363 ItemSets catched 
[18:11:41] 171 ItemTypes catched 
[18:11:41] 110 ItemPets catched 
[18:11:41] 2476 NpcTemplates catched 
[18:11:41] 787 NpcSpawns catched 
[18:11:41] 94 NpcItems catched 
[18:11:41] 19801 NpcMessages catched 
[18:11:41] 7 NpcReplies catched 
[18:11:41] 353 Triggers catched
[18:11:41] 1277 Paddocks catched
[18:11:41] 72 Mounts catched
[18:11:41] 3 Guild catched
[18:11:41] 2 GuildMembers catched
[18:11:41] 11 GatheringJob LevelInfos catched
[18:11:42] 233 InteractiveSkills LevelInfos catched
[18:11:42] 128 Handlers Readed
[18:11:43] 175 Messages Readed
[18:11:43] WorldServer start in 5195 ms.
[19:16:47] MySQL Database Connected
[19:16:48] 16 Breeds catched
[19:16:48] 256 Heads catched
[19:16:48] 561 Effects catched
[19:16:48] 4 SuperAreas catched
[19:16:48] 48 Areas catched
[19:16:49] 334 SubAreas catched
[19:16:50] 11267 DofusMaps catched
[19:16:50] 9761 StatedElements catched
[19:16:50] 13349 InteractiveElements catched
[19:16:50] 1485 HouseInformations catched
[19:16:50] 556 InteractiveDoors catched
[19:16:50] 3530 MapPositions uncatched
[19:16:50] 14681 MapPositions catched
[19:16:50] 42 MapZaaps catched
[19:16:50] 79 MapSubways catched
[19:16:50] 15228 SpellLevels catched 
[19:16:50] 4772 Spells catched 
[19:16:50] 316 GuildEmblems catched 
[19:16:50] 1179 LearnableSpells catched 
[19:16:51] 9780 ItemTemplates catched 
[19:16:51] 4489 Weapons catched 
[19:16:51] 363 ItemSets catched 
[19:16:51] 171 ItemTypes catched 
[19:16:51] 110 ItemPets catched 
[19:16:51] 2476 NpcTemplates catched 
[19:16:51] 787 NpcSpawns catched 
[19:16:51] 94 NpcItems catched 
[19:16:51] 19801 NpcMessages catched 
[19:16:51] 7 NpcReplies catched 
[19:16:51] 353 Triggers catched
[19:16:51] 1277 Paddocks catched
[19:16:51] 72 Mounts catched
[19:16:51] 3 Guild catched
[19:16:51] 2 GuildMembers catched
[19:16:51] 11 GatheringJob LevelInfos catched
[19:16:51] 233 InteractiveSkills LevelInfos catched
[19:16:52] 128 Handlers Readed
[19:16:53] 175 Messages Readed
[19:16:53] WorldServer start in 5602 ms.
[19:29:28] MySQL Database Connected
[19:29:28] 16 Breeds catched
[19:29:28] 256 Heads catched
[19:29:28] 561 Effects catched
[19:29:28] 4 SuperAreas catched
[19:29:28] 48 Areas catched
[19:29:29] 334 SubAreas catched
[19:29:30] 11267 DofusMaps catched
[19:29:30] 9761 StatedElements catched
[19:29:30] 13349 InteractiveElements catched
[19:29:30] 1485 HouseInformations catched
[19:29:30] 556 InteractiveDoors catched
[19:29:30] 3530 MapPositions uncatched
[19:29:30] 14681 MapPositions catched
[19:29:30] 42 MapZaaps catched
[19:29:30] 79 MapSubways catched
[19:29:30] 15228 SpellLevels catched 
[19:29:30] 4772 Spells catched 
[19:29:30] 316 GuildEmblems catched 
[19:29:30] 1179 LearnableSpells catched 
[19:29:31] 9780 ItemTemplates catched 
[19:29:31] 4489 Weapons catched 
[19:29:31] 363 ItemSets catched 
[19:29:31] 171 ItemTypes catched 
[19:29:31] 110 ItemPets catched 
[19:29:31] 2476 NpcTemplates catched 
[19:29:31] 787 NpcSpawns catched 
[19:29:31] 94 NpcItems catched 
[19:29:31] 19801 NpcMessages catched 
[19:29:31] 7 NpcReplies catched 
[19:29:31] 353 Triggers catched
[19:29:31] 1277 Paddocks catched
[19:29:31] 72 Mounts catched
[19:29:31] 3 Guild catched
[19:29:31] 2 GuildMembers catched
[19:29:31] 11 GatheringJob LevelInfos catched
[19:29:31] 233 InteractiveSkills LevelInfos catched
[19:29:32] 128 Handlers Readed
[19:29:33] 175 Messages Readed
[19:29:33] WorldServer start in 5411 ms.
[19:32:11] MySQL Database Connected
[19:32:12] 16 Breeds catched
[19:32:12] 256 Heads catched
[19:32:12] 561 Effects catched
[19:32:12] 4 SuperAreas catched
[19:32:12] 48 Areas catched
[19:32:13] 334 SubAreas catched
[19:32:14] 11267 DofusMaps catched
[19:32:14] 9761 StatedElements catched
[19:32:14] 13349 InteractiveElements catched
[19:32:14] 1485 HouseInformations catched
[19:32:14] 556 InteractiveDoors catched
[19:32:14] 3530 MapPositions uncatched
[19:32:14] 14681 MapPositions catched
[19:32:14] 42 MapZaaps catched
[19:32:14] 79 MapSubways catched
[19:32:14] 15228 SpellLevels catched 
[19:32:14] 4772 Spells catched 
[19:32:14] 316 GuildEmblems catched 
[19:32:14] 1179 LearnableSpells catched 
[19:32:15] 9780 ItemTemplates catched 
[19:32:15] 4489 Weapons catched 
[19:32:15] 363 ItemSets catched 
[19:32:15] 171 ItemTypes catched 
[19:32:15] 110 ItemPets catched 
[19:32:15] 2476 NpcTemplates catched 
[19:32:15] 787 NpcSpawns catched 
[19:32:15] 94 NpcItems catched 
[19:32:15] 19801 NpcMessages catched 
[19:32:15] 7 NpcReplies catched 
[19:32:15] 353 Triggers catched
[19:32:15] 1277 Paddocks catched
[19:32:15] 72 Mounts catched
[19:32:15] 3 Guild catched
[19:32:15] 2 GuildMembers catched
[19:32:15] 11 GatheringJob LevelInfos catched
[19:32:16] 233 InteractiveSkills LevelInfos catched
[19:32:16] 128 Handlers Readed
[19:32:17] 175 Messages Readed
[19:32:17] WorldServer start in 5964 ms.
[19:34:30] MySQL Database Connected
[19:34:30] 16 Breeds catched
[19:34:30] 256 Heads catched
[19:34:30] 561 Effects catched
[19:34:31] 4 SuperAreas catched
[19:34:31] 48 Areas catched
[19:34:32] 334 SubAreas catched
[19:34:32] 11267 DofusMaps catched
[19:34:32] 9761 StatedElements catched
[19:34:32] 13349 InteractiveElements catched
[19:34:32] 1485 HouseInformations catched
[19:34:32] 556 InteractiveDoors catched
[19:34:33] 3530 MapPositions uncatched
[19:34:33] 14681 MapPositions catched
[19:34:33] 42 MapZaaps catched
[19:34:33] 79 MapSubways catched
[19:34:33] 15228 SpellLevels catched 
[19:34:33] 4772 Spells catched 
[19:34:33] 316 GuildEmblems catched 
[19:34:33] 1179 LearnableSpells catched 
[19:34:33] 9780 ItemTemplates catched 
[19:34:33] 4489 Weapons catched 
[19:34:33] 363 ItemSets catched 
[19:34:33] 171 ItemTypes catched 
[19:34:33] 110 ItemPets catched 
[19:34:34] 2476 NpcTemplates catched 
[19:34:34] 787 NpcSpawns catched 
[19:34:34] 94 NpcItems catched 
[19:34:34] 19801 NpcMessages catched 
[19:34:34] 7 NpcReplies catched 
[19:34:34] 353 Triggers catched
[19:34:34] 1277 Paddocks catched
[19:34:34] 72 Mounts catched
[19:34:34] 3 Guild catched
[19:34:34] 2 GuildMembers catched
[19:34:34] 11 GatheringJob LevelInfos catched
[19:34:34] 233 InteractiveSkills LevelInfos catched
[19:34:35] 128 Handlers Readed
[19:34:35] 175 Messages Readed
[19:34:35] WorldServer start in 5589 ms.
[19:35:07] MySQL Database Connected
[19:35:07] 16 Breeds catched
[19:35:07] 256 Heads catched
[19:35:07] 561 Effects catched
[19:35:07] 4 SuperAreas catched
[19:35:07] 48 Areas catched
[19:35:08] 334 SubAreas catched
[19:35:09] 11267 DofusMaps catched
[19:35:09] 9761 StatedElements catched
[19:35:09] 13349 InteractiveElements catched
[19:35:09] 1485 HouseInformations catched
[19:35:09] 556 InteractiveDoors catched
[19:35:09] 3530 MapPositions uncatched
[19:35:09] 14681 MapPositions catched
[19:35:09] 42 MapZaaps catched
[19:35:09] 79 MapSubways catched
[19:35:09] 15228 SpellLevels catched 
[19:35:09] 4772 Spells catched 
[19:35:09] 316 GuildEmblems catched 
[19:35:09] 1179 LearnableSpells catched 
[19:35:10] 9780 ItemTemplates catched 
[19:35:10] 4489 Weapons catched 
[19:35:10] 363 ItemSets catched 
[19:35:10] 171 ItemTypes catched 
[19:35:10] 110 ItemPets catched 
[19:35:10] 2476 NpcTemplates catched 
[19:35:10] 787 NpcSpawns catched 
[19:35:10] 94 NpcItems catched 
[19:35:10] 19801 NpcMessages catched 
[19:35:10] 7 NpcReplies catched 
[19:35:10] 353 Triggers catched
[19:35:10] 1277 Paddocks catched
[19:35:10] 72 Mounts catched
[19:35:10] 3 Guild catched
[19:35:10] 2 GuildMembers catched
[19:35:10] 11 GatheringJob LevelInfos catched
[19:35:10] 233 InteractiveSkills LevelInfos catched
[19:35:11] 128 Handlers Readed
[19:35:12] 175 Messages Readed
[19:35:12] WorldServer start in 5285 ms.
[20:24:40] MySQL Database Connected
[20:24:40] 16 Breeds catched
[20:24:40] 256 Heads catched
[20:24:40] 561 Effects catched
[20:24:40] 4 SuperAreas catched
[20:24:40] 48 Areas catched
[20:24:41] 334 SubAreas catched
[20:24:42] 11267 DofusMaps catched
[20:24:42] 9761 StatedElements catched
[20:24:42] 13349 InteractiveElements catched
[20:24:42] 1485 HouseInformations catched
[20:24:42] 556 InteractiveDoors catched
[20:24:42] 3530 MapPositions uncatched
[20:24:42] 14681 MapPositions catched
[20:24:42] 42 MapZaaps catched
[20:24:42] 79 MapSubways catched
[20:24:43] 15228 SpellLevels catched 
[20:24:43] 4772 Spells catched 
[20:24:43] 316 GuildEmblems catched 
[20:24:43] 1179 LearnableSpells catched 
[20:24:43] 9780 ItemTemplates catched 
[20:24:43] 4489 Weapons catched 
[20:24:43] 363 ItemSets catched 
[20:24:43] 171 ItemTypes catched 
[20:24:43] 110 ItemPets catched 
[20:24:44] 2476 NpcTemplates catched 
[20:24:44] 787 NpcSpawns catched 
[20:24:44] 94 NpcItems catched 
[20:24:44] 19801 NpcMessages catched 
[20:24:44] 7 NpcReplies catched 
[20:24:44] 353 Triggers catched
[20:24:44] 1277 Paddocks catched
[20:24:44] 72 Mounts catched
[20:24:44] 3 Guild catched
[20:24:44] 2 GuildMembers catched
[20:24:44] 11 GatheringJob LevelInfos catched
[20:24:44] 233 InteractiveSkills LevelInfos catched
[20:24:45] 128 Handlers Readed
[20:24:45] 175 Messages Readed
[20:24:46] WorldServer start in 6208 ms.
[20:25:46] MySQL Database Connected
[20:25:46] 16 Breeds catched
[20:25:46] 256 Heads catched
[20:25:46] 561 Effects catched
[20:25:46] 4 SuperAreas catched
[20:25:46] 48 Areas catched
[20:25:47] 334 SubAreas catched
[20:25:48] 11267 DofusMaps catched
[20:25:48] 9761 StatedElements catched
[20:25:48] 13349 InteractiveElements catched
[20:25:48] 1485 HouseInformations catched
[20:25:48] 556 InteractiveDoors catched
[20:25:48] 3530 MapPositions uncatched
[20:25:48] 14681 MapPositions catched
[20:25:48] 42 MapZaaps catched
[20:25:48] 79 MapSubways catched
[20:25:49] 15228 SpellLevels catched 
[20:25:49] 4772 Spells catched 
[20:25:49] 316 GuildEmblems catched 
[20:25:49] 1179 LearnableSpells catched 
[20:25:49] 9780 ItemTemplates catched 
[20:25:49] 4489 Weapons catched 
[20:25:49] 363 ItemSets catched 
[20:25:49] 171 ItemTypes catched 
[20:25:49] 110 ItemPets catched 
[20:25:49] 2476 NpcTemplates catched 
[20:25:49] 787 NpcSpawns catched 
[20:25:49] 94 NpcItems catched 
[20:25:49] 19801 NpcMessages catched 
[20:25:49] 7 NpcReplies catched 
[20:25:50] 353 Triggers catched
[20:25:50] 1277 Paddocks catched
[20:25:50] 72 Mounts catched
[20:25:50] 3 Guild catched
[20:25:50] 2 GuildMembers catched
[20:25:50] 11 GatheringJob LevelInfos catched
[20:25:50] 233 InteractiveSkills LevelInfos catched
[20:25:50] 128 Handlers Readed
[20:25:51] 175 Messages Readed
[20:25:51] WorldServer start in 5534 ms.
[20:27:03] MySQL Database Connected
[20:27:03] 16 Breeds catched
[20:27:03] 256 Heads catched
[20:27:03] 561 Effects catched
[20:27:03] 4 SuperAreas catched
[20:27:03] 48 Areas catched
[20:27:05] 334 SubAreas catched
[20:27:05] 11267 DofusMaps catched
[20:27:05] 9761 StatedElements catched
[20:27:05] 13349 InteractiveElements catched
[20:27:05] 1485 HouseInformations catched
[20:27:05] 556 InteractiveDoors catched
[20:27:06] 3530 MapPositions uncatched
[20:27:06] 14681 MapPositions catched
[20:27:06] 42 MapZaaps catched
[20:27:06] 79 MapSubways catched
[20:27:06] 15228 SpellLevels catched 
[20:27:06] 4772 Spells catched 
[20:27:06] 316 GuildEmblems catched 
[20:27:06] 1179 LearnableSpells catched 
[20:27:06] 9780 ItemTemplates catched 
[20:27:06] 4489 Weapons catched 
[20:27:06] 363 ItemSets catched 
[20:27:06] 171 ItemTypes catched 
[20:27:06] 110 ItemPets catched 
[20:27:06] 2476 NpcTemplates catched 
[20:27:06] 787 NpcSpawns catched 
[20:27:06] 94 NpcItems catched 
[20:27:07] 19801 NpcMessages catched 
[20:27:07] 7 NpcReplies catched 
[20:27:07] 353 Triggers catched
[20:27:07] 1277 Paddocks catched
[20:27:07] 72 Mounts catched
[20:27:07] 3 Guild catched
[20:27:07] 2 GuildMembers catched
[20:27:07] 11 GatheringJob LevelInfos catched
[20:27:07] 233 InteractiveSkills LevelInfos catched
[20:27:07] 128 Handlers Readed
[20:27:08] 175 Messages Readed
[20:27:08] WorldServer start in 5986 ms.
[20:37:21] MySQL Database Connected
[20:37:22] 16 Breeds catched
[20:37:22] 256 Heads catched
[20:37:22] 561 Effects catched
[20:37:22] 4 SuperAreas catched
[20:37:22] 48 Areas catched
[20:37:23] 334 SubAreas catched
[20:37:24] 11267 DofusMaps catched
[20:37:24] 9761 StatedElements catched
[20:37:24] 13349 InteractiveElements catched
[20:37:24] 1485 HouseInformations catched
[20:37:24] 556 InteractiveDoors catched
[20:37:24] 3530 MapPositions uncatched
[20:37:24] 14681 MapPositions catched
[20:37:24] 42 MapZaaps catched
[20:37:24] 79 MapSubways catched
[20:37:24] 15228 SpellLevels catched 
[20:37:24] 4772 Spells catched 
[20:37:24] 316 GuildEmblems catched 
[20:37:24] 1179 LearnableSpells catched 
[20:37:25] 9780 ItemTemplates catched 
[20:37:25] 4489 Weapons catched 
[20:37:25] 363 ItemSets catched 
[20:37:25] 171 ItemTypes catched 
[20:37:25] 110 ItemPets catched 
[20:37:25] 2476 NpcTemplates catched 
[20:37:25] 787 NpcSpawns catched 
[20:37:25] 94 NpcItems catched 
[20:37:25] 19801 NpcMessages catched 
[20:37:25] 7 NpcReplies catched 
[20:37:25] 353 Triggers catched
[20:37:25] 1277 Paddocks catched
[20:37:25] 72 Mounts catched
[20:37:25] 3 Guild catched
[20:37:25] 2 GuildMembers catched
[20:37:25] 11 GatheringJob LevelInfos catched
[20:37:25] 233 InteractiveSkills LevelInfos catched
[20:37:26] 128 Handlers Readed
[20:37:27] 175 Messages Readed
[20:37:27] WorldServer start in 5501 ms.
[20:49:57] MySQL Database Connected
[20:49:57] 16 Breeds catched
[20:49:57] 256 Heads catched
[20:49:57] 561 Effects catched
[20:49:57] 4 SuperAreas catched
[20:49:57] 48 Areas catched
[20:49:59] 334 SubAreas catched
[20:49:59] 11267 DofusMaps catched
[20:49:59] 9761 StatedElements catched
[20:49:59] 13349 InteractiveElements catched
[20:49:59] 1485 HouseInformations catched
[20:49:59] 556 InteractiveDoors catched
[20:49:59] 3530 MapPositions uncatched
[20:49:59] 14681 MapPositions catched
[20:49:59] 42 MapZaaps catched
[20:49:59] 79 MapSubways catched
[20:50:00] 15228 SpellLevels catched 
[20:50:00] 4772 Spells catched 
[20:50:00] 316 GuildEmblems catched 
[20:50:00] 1179 LearnableSpells catched 
[20:50:00] 9780 ItemTemplates catched 
[20:50:00] 4489 Weapons catched 
[20:50:00] 363 ItemSets catched 
[20:50:00] 171 ItemTypes catched 
[20:50:00] 110 ItemPets catched 
[20:50:00] 2476 NpcTemplates catched 
[20:50:00] 787 NpcSpawns catched 
[20:50:00] 94 NpcItems catched 
[20:50:00] 19801 NpcMessages catched 
[20:50:00] 7 NpcReplies catched 
[20:50:00] 353 Triggers catched
[20:50:01] 1277 Paddocks catched
[20:50:01] 72 Mounts catched
[20:50:01] 3 Guild catched
[20:50:01] 2 GuildMembers catched
[20:50:01] 11 GatheringJob LevelInfos catched
[20:50:01] 233 InteractiveSkills LevelInfos catched
[20:50:01] 128 Handlers Readed
[20:50:02] 175 Messages Readed
[20:50:02] WorldServer start in 5361 ms.
[20:50:29] MySQL Database Connected
[20:50:29] 16 Breeds catched
[20:50:29] 256 Heads catched
[20:50:29] 561 Effects catched
[20:50:29] 4 SuperAreas catched
[20:50:29] 48 Areas catched
[20:50:30] 334 SubAreas catched
[20:50:31] 11267 DofusMaps catched
[20:50:31] 9761 StatedElements catched
[20:50:31] 13349 InteractiveElements catched
[20:50:31] 1485 HouseInformations catched
[20:50:31] 556 InteractiveDoors catched
[20:50:31] 3530 MapPositions uncatched
[20:50:31] 14681 MapPositions catched
[20:50:31] 42 MapZaaps catched
[20:50:31] 79 MapSubways catched
[20:50:31] 15228 SpellLevels catched 
[20:50:32] 4772 Spells catched 
[20:50:32] 316 GuildEmblems catched 
[20:50:32] 1179 LearnableSpells catched 
[20:50:32] 9780 ItemTemplates catched 
[20:50:32] 4489 Weapons catched 
[20:50:32] 363 ItemSets catched 
[20:50:32] 171 ItemTypes catched 
[20:50:32] 110 ItemPets catched 
[20:50:32] 2476 NpcTemplates catched 
[20:50:32] 787 NpcSpawns catched 
[20:50:32] 94 NpcItems catched 
[20:50:32] 19801 NpcMessages catched 
[20:50:32] 7 NpcReplies catched 
[20:50:32] 353 Triggers catched
[20:50:32] 1277 Paddocks catched
[20:50:32] 72 Mounts catched
[20:50:32] 3 Guild catched
[20:50:32] 2 GuildMembers catched
[20:50:32] 11 GatheringJob LevelInfos catched
[20:50:33] 233 InteractiveSkills LevelInfos catched
[20:50:33] 128 Handlers Readed
[20:50:34] 175 Messages Readed
[20:50:34] WorldServer start in 5396 ms.
[20:52:16] MySQL Database Connected
[20:52:16] 16 Breeds catched
[20:52:16] 256 Heads catched
[20:52:16] 561 Effects catched
[20:52:17] 4 SuperAreas catched
[20:52:17] 48 Areas catched
[20:52:18] 334 SubAreas catched
[20:52:18] 11267 DofusMaps catched
[20:52:19] 9761 StatedElements catched
[20:52:19] 13349 InteractiveElements catched
[20:52:19] 1485 HouseInformations catched
[20:52:19] 556 InteractiveDoors catched
[20:52:19] 3530 MapPositions uncatched
[20:52:19] 14681 MapPositions catched
[20:52:19] 42 MapZaaps catched
[20:52:19] 79 MapSubways catched
[20:52:19] 15228 SpellLevels catched 
[20:52:19] 4772 Spells catched 
[20:52:19] 316 GuildEmblems catched 
[20:52:19] 1179 LearnableSpells catched 
[20:52:19] 9780 ItemTemplates catched 
[20:52:19] 4489 Weapons catched 
[20:52:19] 363 ItemSets catched 
[20:52:19] 171 ItemTypes catched 
[20:52:20] 110 ItemPets catched 
[20:52:20] 2476 NpcTemplates catched 
[20:52:20] 787 NpcSpawns catched 
[20:52:20] 94 NpcItems catched 
[20:52:20] 19801 NpcMessages catched 
[20:52:20] 7 NpcReplies catched 
[20:52:20] 353 Triggers catched
[20:52:20] 1277 Paddocks catched
[20:52:20] 72 Mounts catched
[20:52:20] 3 Guild catched
[20:52:20] 2 GuildMembers catched
[20:52:20] 11 GatheringJob LevelInfos catched
[20:52:20] 233 InteractiveSkills LevelInfos catched
[20:52:21] 128 Handlers Readed
[20:52:21] 175 Messages Readed
[20:52:22] WorldServer start in 5773 ms.
[20:54:18] MySQL Database Connected
[20:54:18] 16 Breeds catched
[20:54:18] 256 Heads catched
[20:54:18] 561 Effects catched
[20:54:19] 4 SuperAreas catched
[20:54:19] 48 Areas catched
[20:54:20] 334 SubAreas catched
[20:54:20] 11267 DofusMaps catched
[20:54:21] 9761 StatedElements catched
[20:54:21] 13349 InteractiveElements catched
[20:54:21] 1485 HouseInformations catched
[20:54:21] 556 InteractiveDoors catched
[20:54:21] 3530 MapPositions uncatched
[20:54:21] 14681 MapPositions catched
[20:54:21] 42 MapZaaps catched
[20:54:21] 79 MapSubways catched
[20:54:21] 15228 SpellLevels catched 
[20:54:21] 4772 Spells catched 
[20:54:21] 316 GuildEmblems catched 
[20:54:21] 1179 LearnableSpells catched 
[20:54:21] 9780 ItemTemplates catched 
[20:54:21] 4489 Weapons catched 
[20:54:21] 363 ItemSets catched 
[20:54:21] 171 ItemTypes catched 
[20:54:21] 110 ItemPets catched 
[20:54:22] 2476 NpcTemplates catched 
[20:54:22] 787 NpcSpawns catched 
[20:54:22] 94 NpcItems catched 
[20:54:22] 19801 NpcMessages catched 
[20:54:22] 7 NpcReplies catched 
[20:54:22] 353 Triggers catched
[20:54:22] 1277 Paddocks catched
[20:54:22] 72 Mounts catched
[20:54:22] 3 Guild catched
[20:54:22] 2 GuildMembers catched
[20:54:22] 11 GatheringJob LevelInfos catched
[20:54:22] 233 InteractiveSkills LevelInfos catched
[20:54:23] 128 Handlers Readed
[20:54:23] 175 Messages Readed
[20:54:23] WorldServer start in 5388 ms.
[20:54:51] MySQL Database Connected
[20:54:51] 16 Breeds catched
[20:54:51] 256 Heads catched
[20:54:51] 561 Effects catched
[20:54:52] 4 SuperAreas catched
[20:54:52] 48 Areas catched
[20:54:53] 334 SubAreas catched
[20:54:53] 11267 DofusMaps catched
[20:54:54] 9761 StatedElements catched
[20:54:54] 13349 InteractiveElements catched
[20:54:54] 1485 HouseInformations catched
[20:54:54] 556 InteractiveDoors catched
[20:54:54] 3530 MapPositions uncatched
[20:54:54] 14681 MapPositions catched
[20:54:54] 42 MapZaaps catched
[20:54:54] 79 MapSubways catched
[20:54:54] 15228 SpellLevels catched 
[20:54:54] 4772 Spells catched 
[20:54:54] 316 GuildEmblems catched 
[20:54:54] 1179 LearnableSpells catched 
[20:54:54] 9780 ItemTemplates catched 
[20:54:54] 4489 Weapons catched 
[20:54:54] 363 ItemSets catched 
[20:54:54] 171 ItemTypes catched 
[20:54:54] 110 ItemPets catched 
[20:54:55] 2476 NpcTemplates catched 
[20:54:55] 787 NpcSpawns catched 
[20:54:55] 94 NpcItems catched 
[20:54:55] 19801 NpcMessages catched 
[20:54:55] 7 NpcReplies catched 
[20:54:55] 353 Triggers catched
[20:54:55] 1277 Paddocks catched
[20:54:55] 72 Mounts catched
[20:54:55] 3 Guild catched
[20:54:55] 2 GuildMembers catched
[20:54:55] 11 GatheringJob LevelInfos catched
[20:54:55] 233 InteractiveSkills LevelInfos catched
[20:54:56] 128 Handlers Readed
[20:54:56] 175 Messages Readed
[20:54:56] WorldServer start in 5201 ms.
[20:59:59] MySQL Database Connected
[21:00:00] 16 Breeds catched
[21:00:00] 256 Heads catched
[21:00:00] 561 Effects catched
[21:00:00] 4 SuperAreas catched
[21:00:00] 48 Areas catched
[21:00:01] 334 SubAreas catched
[21:00:02] 11267 DofusMaps catched
[21:00:02] 9761 StatedElements catched
[21:00:02] 13349 InteractiveElements catched
[21:00:02] 1485 HouseInformations catched
[21:00:02] 556 InteractiveDoors catched
[21:00:02] 3530 MapPositions uncatched
[21:00:02] 14681 MapPositions catched
[21:00:02] 42 MapZaaps catched
[21:00:02] 79 MapSubways catched
[21:00:02] 15228 SpellLevels catched 
[21:00:02] 4772 Spells catched 
[21:00:02] 316 GuildEmblems catched 
[21:00:02] 1179 LearnableSpells catched 
[21:00:03] 9780 ItemTemplates catched 
[21:00:03] 4489 Weapons catched 
[21:00:03] 363 ItemSets catched 
[21:00:03] 171 ItemTypes catched 
[21:00:03] 110 ItemPets catched 
[21:00:03] 2476 NpcTemplates catched 
[21:00:03] 787 NpcSpawns catched 
[21:00:03] 94 NpcItems catched 
[21:00:03] 19801 NpcMessages catched 
[21:00:03] 7 NpcReplies catched 
[21:00:03] 353 Triggers catched
[21:00:03] 1277 Paddocks catched
[21:00:03] 72 Mounts catched
[21:00:03] 3 Guild catched
[21:00:03] 2 GuildMembers catched
[21:00:03] 11 GatheringJob LevelInfos catched
[21:00:03] 233 InteractiveSkills LevelInfos catched
[21:00:04] 128 Handlers Readed
[21:00:05] 175 Messages Readed
[21:00:05] WorldServer start in 5458 ms.
[21:04:37] MySQL Database Connected
[21:04:37] 16 Breeds catched
[21:04:37] 256 Heads catched
[21:04:37] 561 Effects catched
[21:04:37] 4 SuperAreas catched
[21:04:37] 48 Areas catched
[21:04:38] 334 SubAreas catched
[21:04:39] 11267 DofusMaps catched
[21:04:39] 9761 StatedElements catched
[21:04:39] 13349 InteractiveElements catched
[21:04:39] 1485 HouseInformations catched
[21:04:39] 556 InteractiveDoors catched
[21:04:39] 3530 MapPositions uncatched
[21:04:39] 14681 MapPositions catched
[21:04:39] 42 MapZaaps catched
[21:04:39] 79 MapSubways catched
[21:04:39] 15228 SpellLevels catched 
[21:04:39] 4772 Spells catched 
[21:04:39] 316 GuildEmblems catched 
[21:04:39] 1179 LearnableSpells catched 
[21:04:40] 9780 ItemTemplates catched 
[21:04:40] 4489 Weapons catched 
[21:04:40] 363 ItemSets catched 
[21:04:40] 171 ItemTypes catched 
[21:04:40] 110 ItemPets catched 
[21:04:40] 2476 NpcTemplates catched 
[21:04:40] 787 NpcSpawns catched 
[21:04:40] 94 NpcItems catched 
[21:04:40] 19801 NpcMessages catched 
[21:04:40] 7 NpcReplies catched 
[21:04:40] 353 Triggers catched
[21:04:40] 1277 Paddocks catched
[21:04:40] 72 Mounts catched
[21:04:40] 3 Guild catched
[21:04:40] 2 GuildMembers catched
[21:04:40] 11 GatheringJob LevelInfos catched
[21:04:40] 233 InteractiveSkills LevelInfos catched
[21:04:41] 128 Handlers Readed
[21:04:42] 175 Messages Readed
[21:04:42] WorldServer start in 5286 ms.
[21:06:49] MySQL Database Connected
[21:06:49] 16 Breeds catched
[21:06:49] 256 Heads catched
[21:06:49] 561 Effects catched
[21:06:50] 4 SuperAreas catched
[21:06:50] 48 Areas catched
[21:06:51] 334 SubAreas catched
[21:06:52] 11267 DofusMaps catched
[21:06:52] 9761 StatedElements catched
[21:06:52] 13349 InteractiveElements catched
[21:06:52] 1485 HouseInformations catched
[21:06:52] 556 InteractiveDoors catched
[21:06:52] 3530 MapPositions uncatched
[21:06:52] 14681 MapPositions catched
[21:06:52] 42 MapZaaps catched
[21:06:52] 79 MapSubways catched
[21:06:52] 15228 SpellLevels catched 
[21:06:52] 4772 Spells catched 
[21:06:52] 316 GuildEmblems catched 
[21:06:52] 1179 LearnableSpells catched 
[21:06:52] 9780 ItemTemplates catched 
[21:06:53] 4489 Weapons catched 
[21:06:53] 363 ItemSets catched 
[21:06:53] 171 ItemTypes catched 
[21:06:53] 110 ItemPets catched 
[21:06:53] 2476 NpcTemplates catched 
[21:06:53] 787 NpcSpawns catched 
[21:06:53] 94 NpcItems catched 
[21:06:53] 19801 NpcMessages catched 
[21:06:53] 7 NpcReplies catched 
[21:06:53] 353 Triggers catched
[21:06:53] 1277 Paddocks catched
[21:06:53] 72 Mounts catched
[21:06:53] 3 Guild catched
[21:06:53] 2 GuildMembers catched
[21:06:53] 11 GatheringJob LevelInfos catched
[21:06:53] 233 InteractiveSkills LevelInfos catched
[21:06:54] 128 Handlers Readed
[21:06:54] 175 Messages Readed
[21:06:54] WorldServer start in 5457 ms.
[21:08:41] MySQL Database Connected
[21:08:41] 16 Breeds catched
[21:08:41] 256 Heads catched
[21:08:41] 561 Effects catched
[21:08:42] 4 SuperAreas catched
[21:08:42] 48 Areas catched
[21:08:43] 334 SubAreas catched
[21:08:43] 11267 DofusMaps catched
[21:08:43] 9761 StatedElements catched
[21:08:43] 13349 InteractiveElements catched
[21:08:43] 1485 HouseInformations catched
[21:08:43] 556 InteractiveDoors catched
[21:08:44] 3530 MapPositions uncatched
[21:08:44] 14681 MapPositions catched
[21:08:44] 42 MapZaaps catched
[21:08:44] 79 MapSubways catched
[21:08:44] 15228 SpellLevels catched 
[21:08:44] 4772 Spells catched 
[21:08:44] 316 GuildEmblems catched 
[21:08:44] 1179 LearnableSpells catched 
[21:08:44] 9780 ItemTemplates catched 
[21:08:44] 4489 Weapons catched 
[21:08:44] 363 ItemSets catched 
[21:08:44] 171 ItemTypes catched 
[21:08:44] 110 ItemPets catched 
[21:08:44] 2476 NpcTemplates catched 
[21:08:44] 787 NpcSpawns catched 
[21:08:44] 94 NpcItems catched 
[21:08:44] 19801 NpcMessages catched 
[21:08:44] 7 NpcReplies catched 
[21:08:45] 353 Triggers catched
[21:08:45] 1277 Paddocks catched
[21:08:45] 72 Mounts catched
[21:08:45] 3 Guild catched
[21:08:45] 2 GuildMembers catched
[21:08:45] 11 GatheringJob LevelInfos catched
[21:08:45] 233 InteractiveSkills LevelInfos catched
[21:08:45] 128 Handlers Readed
[21:08:46] 175 Messages Readed
[21:08:46] WorldServer start in 5449 ms.
[21:11:17] MySQL Database Connected
[21:11:17] 16 Breeds catched
[21:11:17] 256 Heads catched
[21:11:17] 561 Effects catched
[21:11:18] 4 SuperAreas catched
[21:11:18] 48 Areas catched
[21:11:19] 334 SubAreas catched
[21:11:20] 11267 DofusMaps catched
[21:11:20] 9761 StatedElements catched
[21:11:20] 13349 InteractiveElements catched
[21:11:20] 1485 HouseInformations catched
[21:11:20] 556 InteractiveDoors catched
[21:11:20] 3530 MapPositions uncatched
[21:11:20] 14681 MapPositions catched
[21:11:20] 42 MapZaaps catched
[21:11:20] 79 MapSubways catched
[21:11:20] 15228 SpellLevels catched 
[21:11:20] 4772 Spells catched 
[21:11:20] 316 GuildEmblems catched 
[21:11:20] 1179 LearnableSpells catched 
[21:11:21] 9780 ItemTemplates catched 
[21:11:21] 4489 Weapons catched 
[21:11:21] 363 ItemSets catched 
[21:11:21] 171 ItemTypes catched 
[21:11:21] 110 ItemPets catched 
[21:11:21] 2476 NpcTemplates catched 
[21:11:21] 787 NpcSpawns catched 
[21:11:21] 94 NpcItems catched 
[21:11:21] 19801 NpcMessages catched 
[21:11:21] 7 NpcReplies catched 
[21:11:21] 353 Triggers catched
[21:11:21] 1277 Paddocks catched
[21:11:21] 72 Mounts catched
[21:11:21] 3 Guild catched
[21:11:21] 2 GuildMembers catched
[21:11:21] 11 GatheringJob LevelInfos catched
[21:11:21] 233 InteractiveSkills LevelInfos catched
[21:11:22] 128 Handlers Readed
[21:11:23] 175 Messages Readed
[21:11:23] WorldServer start in 5675 ms.
[21:16:42] MySQL Database Connected
[21:16:42] 16 Breeds catched
[21:16:42] 256 Heads catched
[21:16:42] 561 Effects catched
[21:16:43] 4 SuperAreas catched
[21:16:43] 48 Areas catched
[21:16:44] 334 SubAreas catched
[21:16:44] 11267 DofusMaps catched
[21:16:45] 9761 StatedElements catched
[21:16:45] 13349 InteractiveElements catched
[21:16:45] 1485 HouseInformations catched
[21:16:45] 556 InteractiveDoors catched
[21:16:45] 3530 MapPositions uncatched
[21:16:45] 14681 MapPositions catched
[21:16:45] 42 MapZaaps catched
[21:16:45] 79 MapSubways catched
[21:16:45] 15228 SpellLevels catched 
[21:16:45] 4772 Spells catched 
[21:16:45] 316 GuildEmblems catched 
[21:16:45] 1179 LearnableSpells catched 
[21:16:45] 9780 ItemTemplates catched 
[21:16:45] 4489 Weapons catched 
[21:16:45] 363 ItemSets catched 
[21:16:45] 171 ItemTypes catched 
[21:16:45] 110 ItemPets catched 
[21:16:46] 2476 NpcTemplates catched 
[21:16:46] 787 NpcSpawns catched 
[21:16:46] 94 NpcItems catched 
[21:16:46] 19801 NpcMessages catched 
[21:16:46] 7 NpcReplies catched 
[21:16:46] 353 Triggers catched
[21:16:46] 1277 Paddocks catched
[21:16:46] 72 Mounts catched
[21:16:46] 3 Guild catched
[21:16:46] 2 GuildMembers catched
[21:16:46] 11 GatheringJob LevelInfos catched
[21:16:46] 233 InteractiveSkills LevelInfos catched
[21:16:47] 128 Handlers Readed
[21:16:47] 175 Messages Readed
[21:16:47] WorldServer start in 5656 ms.
[21:17:59] MySQL Database Connected
[21:17:59] 16 Breeds catched
[21:17:59] 256 Heads catched
[21:17:59] 561 Effects catched
[21:17:59] 4 SuperAreas catched
[21:17:59] 48 Areas catched
[21:18:01] 334 SubAreas catched
[21:18:01] 11267 DofusMaps catched
[21:18:01] 9761 StatedElements catched
[21:18:01] 13349 InteractiveElements catched
[21:18:01] 1485 HouseInformations catched
[21:18:01] 556 InteractiveDoors catched
[21:18:01] 3530 MapPositions uncatched
[21:18:01] 14681 MapPositions catched
[21:18:01] 42 MapZaaps catched
[21:18:01] 79 MapSubways catched
[21:18:02] 15228 SpellLevels catched 
[21:18:02] 4772 Spells catched 
[21:18:02] 316 GuildEmblems catched 
[21:18:02] 1179 LearnableSpells catched 
[21:18:02] 9780 ItemTemplates catched 
[21:18:02] 4489 Weapons catched 
[21:18:02] 363 ItemSets catched 
[21:18:02] 171 ItemTypes catched 
[21:18:02] 110 ItemPets catched 
[21:18:02] 2476 NpcTemplates catched 
[21:18:02] 787 NpcSpawns catched 
[21:18:02] 94 NpcItems catched 
[21:18:02] 19801 NpcMessages catched 
[21:18:02] 7 NpcReplies catched 
[21:18:02] 353 Triggers catched
[21:18:02] 1277 Paddocks catched
[21:18:02] 72 Mounts catched
[21:18:03] 3 Guild catched
[21:18:03] 2 GuildMembers catched
[21:18:03] 11 GatheringJob LevelInfos catched
[21:18:03] 233 InteractiveSkills LevelInfos catched
[21:18:03] 128 Handlers Readed
[21:18:04] 175 Messages Readed
[21:18:04] WorldServer start in 5623 ms.
[21:21:44] MySQL Database Connected
[21:21:44] 16 Breeds catched
[21:21:44] 256 Heads catched
[21:21:44] 561 Effects catched
[21:21:44] 4 SuperAreas catched
[21:21:44] 48 Areas catched
[21:21:45] 334 SubAreas catched
[21:21:46] 11267 DofusMaps catched
[21:21:46] 9761 StatedElements catched
[21:21:46] 13349 InteractiveElements catched
[21:21:46] 1485 HouseInformations catched
[21:21:46] 556 InteractiveDoors catched
[21:21:46] 3530 MapPositions uncatched
[21:21:46] 14681 MapPositions catched
[21:21:46] 42 MapZaaps catched
[21:21:46] 79 MapSubways catched
[21:21:46] 15228 SpellLevels catched 
[21:21:46] 4772 Spells catched 
[21:21:46] 316 GuildEmblems catched 
[21:21:46] 1179 LearnableSpells catched 
[21:21:47] 9780 ItemTemplates catched 
[21:21:47] 4489 Weapons catched 
[21:21:47] 363 ItemSets catched 
[21:21:47] 171 ItemTypes catched 
[21:21:47] 110 ItemPets catched 
[21:21:47] 2476 NpcTemplates catched 
[21:21:47] 787 NpcSpawns catched 
[21:21:47] 94 NpcItems catched 
[21:21:47] 19801 NpcMessages catched 
[21:21:47] 7 NpcReplies catched 
[21:21:47] 353 Triggers catched
[21:21:47] 1277 Paddocks catched
[21:21:47] 72 Mounts catched
[21:21:47] 3 Guild catched
[21:21:47] 2 GuildMembers catched
[21:21:47] 11 GatheringJob LevelInfos catched
[21:21:47] 233 InteractiveSkills LevelInfos catched
[21:21:48] 128 Handlers Readed
[21:21:49] 175 Messages Readed
[21:21:49] WorldServer start in 5300 ms.
[21:24:48] MySQL Database Connected
[21:24:48] 16 Breeds catched
[21:24:48] 256 Heads catched
[21:24:48] 561 Effects catched
[21:24:48] 4 SuperAreas catched
[21:24:48] 48 Areas catched
[21:24:50] 334 SubAreas catched
[21:24:50] 11267 DofusMaps catched
[21:24:50] 9761 StatedElements catched
[21:24:50] 13349 InteractiveElements catched
[21:24:50] 1485 HouseInformations catched
[21:24:50] 556 InteractiveDoors catched
[21:24:50] 3530 MapPositions uncatched
[21:24:50] 14681 MapPositions catched
[21:24:50] 42 MapZaaps catched
[21:24:50] 79 MapSubways catched
[21:24:51] 15228 SpellLevels catched 
[21:24:51] 4772 Spells catched 
[21:24:51] 316 GuildEmblems catched 
[21:24:51] 1179 LearnableSpells catched 
[21:24:51] 9780 ItemTemplates catched 
[21:24:51] 4489 Weapons catched 
[21:24:51] 363 ItemSets catched 
[21:24:51] 171 ItemTypes catched 
[21:24:51] 110 ItemPets catched 
[21:24:51] 2476 NpcTemplates catched 
[21:24:51] 787 NpcSpawns catched 
[21:24:51] 94 NpcItems catched 
[21:24:51] 19801 NpcMessages catched 
[21:24:51] 7 NpcReplies catched 
[21:24:51] 353 Triggers catched
[21:24:51] 1277 Paddocks catched
[21:24:51] 72 Mounts catched
[21:24:51] 3 Guild catched
[21:24:51] 2 GuildMembers catched
[21:24:51] 11 GatheringJob LevelInfos catched
[21:24:52] 233 InteractiveSkills LevelInfos catched
[21:24:52] 128 Handlers Readed
[21:24:53] 175 Messages Readed
[21:24:53] WorldServer start in 5323 ms.
