[00:09:45] MySQL Database Connected
[00:09:45] 16 Breeds catched
[00:09:45] 256 Heads catched
[00:09:45] 561 Effects catched
[00:10:42] MySQL Database Connected
[00:10:42] 16 Breeds catched
[00:10:42] 256 Heads catched
[00:10:42] 561 Effects catched
[00:11:16] 11260 DofusMaps catched
[00:11:16] 169 StatedElements catched
[00:11:16] 323 InteractiveElements catched
[00:11:16] 15228 SpellLevels catched 
[00:11:16] 4772 Spells catched 
[00:11:16] 1179 LearnableSpells catched 
[00:11:17] 9780 ItemTemplates catched 
[00:11:17] 4489 Weapons catched 
[00:11:17] 363 ItemSets catched 
[00:11:17] 171 ItemTypes catched 
[00:11:17] 25 Handlers Readed
[00:11:17] 27 Messages Readed
[00:11:17] WorldServer start in 35392 ms.
[00:16:04] MySQL Database Connected
[00:16:04] 16 Breeds catched
[00:16:04] 256 Heads catched
[00:16:04] 561 Effects catched
[00:16:11] 11260 DofusMaps catched
[00:16:11] 169 StatedElements catched
[00:16:11] 323 InteractiveElements catched
[00:16:12] 15228 SpellLevels catched 
[00:16:12] 4772 Spells catched 
[00:16:12] 1179 LearnableSpells catched 
[00:16:12] 9780 ItemTemplates catched 
[00:16:12] 4489 Weapons catched 
[00:16:12] 363 ItemSets catched 
[00:16:12] 171 ItemTypes catched 
[00:16:12] 25 Handlers Readed
[00:16:13] 27 Messages Readed
[00:16:13] WorldServer start in 9159 ms.
[00:19:11] MySQL Database Connected
[00:19:11] 16 Breeds catched
[00:19:11] 256 Heads catched
[00:19:11] 561 Effects catched
[00:19:19] 11260 DofusMaps catched
[00:19:19] 169 StatedElements catched
[00:19:19] 323 InteractiveElements catched
[00:19:19] 15228 SpellLevels catched 
[00:19:19] 4772 Spells catched 
[00:19:19] 1179 LearnableSpells catched 
[00:19:19] 9780 ItemTemplates catched 
[00:19:19] 4489 Weapons catched 
[00:19:19] 363 ItemSets catched 
[00:19:19] 171 ItemTypes catched 
[00:19:20] 25 Handlers Readed
[00:19:20] 27 Messages Readed
[00:19:20] WorldServer start in 9542 ms.
[00:49:46] MySQL Database Connected
[00:49:46] 16 Breeds catched
[00:49:46] 256 Heads catched
[00:49:46] 561 Effects catched
[00:49:54] 11260 DofusMaps catched
[00:49:54] 169 StatedElements catched
[00:49:54] 323 InteractiveElements catched
[00:49:55] 15228 SpellLevels catched 
[00:49:55] 4772 Spells catched 
[00:49:55] 1179 LearnableSpells catched 
[00:49:55] 9780 ItemTemplates catched 
[00:49:55] 4489 Weapons catched 
[00:49:56] 363 ItemSets catched 
[00:49:56] 171 ItemTypes catched 
[00:49:56] 25 Handlers Readed
[00:49:56] 27 Messages Readed
[00:49:56] WorldServer start in 10073 ms.
[00:53:58] MySQL Database Connected
[00:53:58] 16 Breeds catched
[00:53:58] 256 Heads catched
[00:53:58] 561 Effects catched
[00:54:05] 11260 DofusMaps catched
[00:54:05] 169 StatedElements catched
[00:54:05] 323 InteractiveElements catched
[00:54:05] 15228 SpellLevels catched 
[00:54:05] 4772 Spells catched 
[00:54:05] 1179 LearnableSpells catched 
[00:54:06] 9780 ItemTemplates catched 
[00:54:06] 4489 Weapons catched 
[00:54:06] 363 ItemSets catched 
[00:54:06] 171 ItemTypes catched 
[00:54:06] 25 Handlers Readed
[00:54:07] 27 Messages Readed
[00:54:07] WorldServer start in 9340 ms.
[01:04:54] MySQL Database Connected
[01:04:54] 16 Breeds catched
[01:04:54] 256 Heads catched
[01:04:54] 561 Effects catched
[01:05:01] 11260 DofusMaps catched
[01:05:01] 169 StatedElements catched
[01:05:01] 323 InteractiveElements catched
[01:05:02] 15228 SpellLevels catched 
[01:05:02] 4772 Spells catched 
[01:05:02] 1179 LearnableSpells catched 
[01:05:02] 9780 ItemTemplates catched 
[01:05:02] 4489 Weapons catched 
[01:05:02] 363 ItemSets catched 
[01:05:02] 171 ItemTypes catched 
[01:05:02] 25 Handlers Readed
[01:05:03] 27 Messages Readed
[01:05:03] WorldServer start in 9060 ms.
[01:05:53] MySQL Database Connected
[01:05:53] 16 Breeds catched
[01:05:53] 256 Heads catched
[01:05:53] 561 Effects catched
[01:06:00] 11260 DofusMaps catched
[01:06:00] 169 StatedElements catched
[01:06:00] 323 InteractiveElements catched
[01:06:01] 15228 SpellLevels catched 
[01:06:01] 4772 Spells catched 
[01:06:01] 1179 LearnableSpells catched 
[01:06:01] 9780 ItemTemplates catched 
[01:06:01] 4489 Weapons catched 
[01:06:01] 363 ItemSets catched 
[01:06:01] 171 ItemTypes catched 
[01:06:02] 25 Handlers Readed
[01:06:02] 27 Messages Readed
[01:06:02] WorldServer start in 9172 ms.
[01:07:22] MySQL Database Connected
[01:07:22] 16 Breeds catched
[01:07:22] 256 Heads catched
[01:07:22] 561 Effects catched
[01:07:29] 11260 DofusMaps catched
[01:07:29] 169 StatedElements catched
[01:07:29] 323 InteractiveElements catched
[01:07:29] 15228 SpellLevels catched 
[01:07:30] 4772 Spells catched 
[01:07:30] 1179 LearnableSpells catched 
[01:07:30] 9780 ItemTemplates catched 
[01:07:30] 4489 Weapons catched 
[01:07:30] 363 ItemSets catched 
[01:07:30] 171 ItemTypes catched 
[01:07:30] 25 Handlers Readed
[01:07:30] 27 Messages Readed
[01:07:31] WorldServer start in 8780 ms.
[01:10:39] MySQL Database Connected
[01:10:39] 16 Breeds catched
[01:10:39] 256 Heads catched
[01:10:39] 561 Effects catched
[01:10:48] 11260 DofusMaps catched
[01:10:48] 169 StatedElements catched
[01:10:48] 323 InteractiveElements catched
[01:10:49] 15228 SpellLevels catched 
[01:10:49] 4772 Spells catched 
[01:10:49] 1179 LearnableSpells catched 
[01:10:49] 9780 ItemTemplates catched 
[01:10:49] 4489 Weapons catched 
[01:10:49] 363 ItemSets catched 
[01:10:49] 171 ItemTypes catched 
[01:10:49] 25 Handlers Readed
[01:10:50] 27 Messages Readed
[01:10:50] WorldServer start in 10839 ms.
[01:24:37] MySQL Database Connected
[01:24:37] 16 Breeds catched
[01:24:37] 256 Heads catched
[01:24:37] 561 Effects catched
[01:24:45] 11260 DofusMaps catched
[01:24:45] 169 StatedElements catched
[01:24:45] 323 InteractiveElements catched
[01:24:45] 15228 SpellLevels catched 
[01:24:45] 4772 Spells catched 
[01:24:45] 1179 LearnableSpells catched 
[01:24:46] 9780 ItemTemplates catched 
[01:24:46] 4489 Weapons catched 
[01:24:46] 363 ItemSets catched 
[01:24:46] 171 ItemTypes catched 
[01:24:46] 25 Handlers Readed
[01:24:46] 27 Messages Readed
[01:24:46] WorldServer start in 9394 ms.
[01:54:22] MySQL Database Connected
[01:54:22] 16 Breeds catched
[01:54:22] 256 Heads catched
[01:54:22] 561 Effects catched
[01:54:31] 11260 DofusMaps catched
[01:54:31] 169 StatedElements catched
[01:54:31] 323 InteractiveElements catched
[01:54:32] 15228 SpellLevels catched 
[01:54:32] 4772 Spells catched 
[01:54:32] 1179 LearnableSpells catched 
[01:54:32] 9780 ItemTemplates catched 
[01:54:32] 4489 Weapons catched 
[01:54:32] 363 ItemSets catched 
[01:54:32] 171 ItemTypes catched 
[01:54:33] 25 Handlers Readed
[01:54:33] 27 Messages Readed
[01:54:33] WorldServer start in 10836 ms.
[01:59:55] MySQL Database Connected
[01:59:55] 16 Breeds catched
[01:59:55] 256 Heads catched
[01:59:55] 561 Effects catched
[02:00:05] 11260 DofusMaps catched
[02:00:05] 169 StatedElements catched
[02:00:05] 323 InteractiveElements catched
[02:00:05] 15228 SpellLevels catched 
[02:00:05] 4772 Spells catched 
[02:00:05] 1179 LearnableSpells catched 
[02:00:05] 9780 ItemTemplates catched 
[02:00:05] 4489 Weapons catched 
[02:00:05] 363 ItemSets catched 
[02:00:05] 171 ItemTypes catched 
[02:00:06] 25 Handlers Readed
[02:00:06] 27 Messages Readed
[02:00:06] WorldServer start in 11134 ms.
[02:02:30] MySQL Database Connected
[02:02:30] 16 Breeds catched
[02:02:30] 256 Heads catched
[02:02:30] 561 Effects catched
[02:02:38] 11260 DofusMaps catched
[02:02:38] 169 StatedElements catched
[02:02:38] 323 InteractiveElements catched
[02:02:38] 15228 SpellLevels catched 
[02:02:38] 4772 Spells catched 
[02:02:38] 1179 LearnableSpells catched 
[02:02:38] 9780 ItemTemplates catched 
[02:02:38] 4489 Weapons catched 
[02:02:38] 363 ItemSets catched 
[02:02:38] 171 ItemTypes catched 
[02:02:39] 25 Handlers Readed
[02:02:39] 27 Messages Readed
[02:02:39] WorldServer start in 9132 ms.
[02:05:02] MySQL Database Connected
[02:05:02] 16 Breeds catched
[02:05:02] 256 Heads catched
[02:05:02] 561 Effects catched
[02:05:11] 11260 DofusMaps catched
[02:05:11] 169 StatedElements catched
[02:05:11] 323 InteractiveElements catched
[02:05:11] 15228 SpellLevels catched 
[02:05:11] 4772 Spells catched 
[02:05:11] 1179 LearnableSpells catched 
[02:05:11] 9780 ItemTemplates catched 
[02:05:12] 4489 Weapons catched 
[02:05:12] 363 ItemSets catched 
[02:05:12] 171 ItemTypes catched 
[02:05:12] 25 Handlers Readed
[02:05:12] 27 Messages Readed
[02:05:12] WorldServer start in 10240 ms.
[02:08:24] MySQL Database Connected
[02:08:24] 16 Breeds catched
[02:08:24] 256 Heads catched
[02:08:24] 561 Effects catched
[02:08:34] 11260 DofusMaps catched
[02:08:34] 169 StatedElements catched
[02:08:34] 323 InteractiveElements catched
[02:08:34] 15228 SpellLevels catched 
[02:08:34] 4772 Spells catched 
[02:08:34] 1179 LearnableSpells catched 
[02:08:35] 9780 ItemTemplates catched 
[02:08:35] 4489 Weapons catched 
[02:08:35] 363 ItemSets catched 
[02:08:35] 171 ItemTypes catched 
[02:08:35] 25 Handlers Readed
[02:08:35] 27 Messages Readed
[02:08:35] WorldServer start in 11795 ms.
[02:12:30] MySQL Database Connected
[02:12:30] 16 Breeds catched
[02:12:30] 256 Heads catched
[02:12:30] 561 Effects catched
[02:12:40] 11260 DofusMaps catched
[02:12:40] 169 StatedElements catched
[02:12:40] 323 InteractiveElements catched
[02:12:40] 15228 SpellLevels catched 
[02:12:40] 4772 Spells catched 
[02:12:40] 1179 LearnableSpells catched 
[02:12:40] 9780 ItemTemplates catched 
[02:12:40] 4489 Weapons catched 
[02:12:40] 363 ItemSets catched 
[02:12:40] 171 ItemTypes catched 
[02:12:41] 25 Handlers Readed
[02:12:41] 27 Messages Readed
[02:12:41] WorldServer start in 11704 ms.
[02:15:23] MySQL Database Connected
[02:15:23] 16 Breeds catched
[02:15:23] 256 Heads catched
[02:15:23] 561 Effects catched
[02:15:31] 11260 DofusMaps catched
[02:15:31] 169 StatedElements catched
[02:15:31] 323 InteractiveElements catched
[02:15:31] 15228 SpellLevels catched 
[02:15:31] 4772 Spells catched 
[02:15:32] 1179 LearnableSpells catched 
[02:15:32] 9780 ItemTemplates catched 
[02:15:32] 4489 Weapons catched 
[02:15:32] 363 ItemSets catched 
[02:15:32] 171 ItemTypes catched 
[02:15:32] 25 Handlers Readed
[02:15:32] 27 Messages Readed
[02:15:32] WorldServer start in 9357 ms.
[02:17:18] MySQL Database Connected
[02:17:18] 16 Breeds catched
[02:17:18] 256 Heads catched
[02:17:18] 561 Effects catched
[02:17:26] 11260 DofusMaps catched
[02:17:26] 169 StatedElements catched
[02:17:26] 323 InteractiveElements catched
[02:17:26] 15228 SpellLevels catched 
[02:17:27] 4772 Spells catched 
[02:17:27] 1179 LearnableSpells catched 
[02:17:27] 9780 ItemTemplates catched 
[02:17:27] 4489 Weapons catched 
[02:17:27] 363 ItemSets catched 
[02:17:27] 171 ItemTypes catched 
[02:17:27] 25 Handlers Readed
[02:17:27] 27 Messages Readed
[02:17:27] WorldServer start in 9622 ms.
[02:20:00] MySQL Database Connected
[02:20:00] 16 Breeds catched
[02:20:00] 256 Heads catched
[02:20:00] 561 Effects catched
[02:20:15] 11260 DofusMaps catched
[02:20:15] 169 StatedElements catched
[02:20:15] 323 InteractiveElements catched
[02:20:16] 15228 SpellLevels catched 
[02:20:17] 4772 Spells catched 
[02:20:17] 1179 LearnableSpells catched 
[02:20:17] 9780 ItemTemplates catched 
[02:20:17] 4489 Weapons catched 
[02:20:17] 363 ItemSets catched 
[02:20:17] 171 ItemTypes catched 
[02:20:17] 25 Handlers Readed
[02:20:18] 27 Messages Readed
[02:20:18] WorldServer start in 17945 ms.
[08:35:20] MySQL Database Connected
[08:35:20] 16 Breeds catched
[08:35:20] 256 Heads catched
[08:35:20] 561 Effects catched
[08:35:28] 11260 DofusMaps catched
[08:35:28] 169 StatedElements catched
[08:35:28] 323 InteractiveElements catched
[08:35:28] 15228 SpellLevels catched 
[08:35:28] 4772 Spells catched 
[08:35:28] 1179 LearnableSpells catched 
[08:35:28] 9780 ItemTemplates catched 
[08:35:29] 4489 Weapons catched 
[08:35:29] 363 ItemSets catched 
[08:35:29] 171 ItemTypes catched 
[08:35:29] 26 Handlers Readed
[08:35:29] 28 Messages Readed
[08:35:29] WorldServer start in 9538 ms.
[08:36:37] MySQL Database Connected
[08:36:37] 16 Breeds catched
[08:36:37] 256 Heads catched
[08:36:37] 561 Effects catched
[08:36:44] 11260 DofusMaps catched
[08:36:44] 169 StatedElements catched
[08:36:44] 323 InteractiveElements catched
[08:36:45] 15228 SpellLevels catched 
[08:36:45] 4772 Spells catched 
[08:36:45] 1179 LearnableSpells catched 
[08:36:45] 9780 ItemTemplates catched 
[08:36:45] 4489 Weapons catched 
[08:36:45] 363 ItemSets catched 
[08:36:45] 171 ItemTypes catched 
[08:36:46] 26 Handlers Readed
[08:37:07] MySQL Database Connected
[08:37:07] 16 Breeds catched
[08:37:07] 256 Heads catched
[08:37:07] 561 Effects catched
[08:37:15] 11260 DofusMaps catched
[08:37:15] 169 StatedElements catched
[08:37:15] 323 InteractiveElements catched
[08:37:15] 15228 SpellLevels catched 
[08:37:15] 4772 Spells catched 
[08:37:15] 1179 LearnableSpells catched 
[08:37:15] 9780 ItemTemplates catched 
[08:37:15] 4489 Weapons catched 
[08:37:15] 363 ItemSets catched 
[08:37:15] 171 ItemTypes catched 
[08:37:16] 26 Handlers Readed
[08:37:16] 28 Messages Readed
[08:37:16] WorldServer start in 9471 ms.
[08:45:30] MySQL Database Connected
[08:45:31] 16 Breeds catched
[08:45:31] 256 Heads catched
[08:45:31] 561 Effects catched
[08:45:39] 11260 DofusMaps catched
[08:45:39] 169 StatedElements catched
[08:45:39] 323 InteractiveElements catched
[08:45:40] 15228 SpellLevels catched 
[08:45:40] 4772 Spells catched 
[08:45:40] 1179 LearnableSpells catched 
[08:45:40] 9780 ItemTemplates catched 
[08:45:40] 4489 Weapons catched 
[08:45:40] 363 ItemSets catched 
[08:45:40] 171 ItemTypes catched 
[08:45:41] 26 Handlers Readed
[08:45:41] 28 Messages Readed
[08:45:41] WorldServer start in 10619 ms.
[09:02:43] MySQL Database Connected
[09:02:43] 16 Breeds catched
[09:02:43] 256 Heads catched
[09:02:43] 561 Effects catched
[09:02:52] 11260 DofusMaps catched
[09:02:52] 169 StatedElements catched
[09:02:52] 323 InteractiveElements catched
[09:02:53] 15228 SpellLevels catched 
[09:02:53] 4772 Spells catched 
[09:02:53] 1179 LearnableSpells catched 
[09:02:53] 9780 ItemTemplates catched 
[09:02:53] 4489 Weapons catched 
[09:02:53] 363 ItemSets catched 
[09:02:53] 171 ItemTypes catched 
[09:02:53] 26 Handlers Readed
[09:02:53] 28 Messages Readed
[09:02:54] WorldServer start in 10741 ms.
[09:05:08] MySQL Database Connected
[09:05:08] 16 Breeds catched
[09:05:08] 256 Heads catched
[09:05:08] 561 Effects catched
[09:05:17] 11260 DofusMaps catched
[09:05:17] 169 StatedElements catched
[09:05:17] 323 InteractiveElements catched
[09:05:17] 15228 SpellLevels catched 
[09:05:17] 4772 Spells catched 
[09:05:17] 1179 LearnableSpells catched 
[09:05:17] 9780 ItemTemplates catched 
[09:05:17] 4489 Weapons catched 
[09:05:17] 363 ItemSets catched 
[09:05:17] 171 ItemTypes catched 
[09:05:18] 26 Handlers Readed
[09:05:18] 28 Messages Readed
[09:05:18] WorldServer start in 10585 ms.
[09:07:29] MySQL Database Connected
[09:07:29] 16 Breeds catched
[09:07:29] 256 Heads catched
[09:07:29] 561 Effects catched
[09:07:48] 11260 DofusMaps catched
[09:07:48] 169 StatedElements catched
[09:07:48] 323 InteractiveElements catched
[09:07:48] 15228 SpellLevels catched 
[09:07:48] 4772 Spells catched 
[09:07:48] 1179 LearnableSpells catched 
[09:07:49] 9780 ItemTemplates catched 
[09:07:49] 4489 Weapons catched 
[09:07:49] 363 ItemSets catched 
[09:07:49] 171 ItemTypes catched 
[09:07:49] 26 Handlers Readed
[09:07:49] 28 Messages Readed
[09:07:49] WorldServer start in 20579 ms.
[12:27:32] MySQL Database Connected
[12:27:32] 16 Breeds catched
[12:27:32] 256 Heads catched
[12:27:32] 561 Effects catched
[12:27:39] 11260 DofusMaps catched
[12:27:39] 169 StatedElements catched
[12:27:39] 323 InteractiveElements catched
[12:27:40] 15228 SpellLevels catched 
[12:27:40] 4772 Spells catched 
[12:27:40] 1179 LearnableSpells catched 
[12:27:40] 9780 ItemTemplates catched 
[12:27:40] 4489 Weapons catched 
[12:27:40] 363 ItemSets catched 
[12:27:40] 171 ItemTypes catched 
[12:27:40] 26 Handlers Readed
[12:27:41] 28 Messages Readed
[12:27:41] WorldServer start in 9155 ms.
[12:34:28] MySQL Database Connected
[12:34:28] 16 Breeds catched
[12:34:28] 256 Heads catched
[12:34:28] 561 Effects catched
[12:34:36] 11260 DofusMaps catched
[12:34:36] 169 StatedElements catched
[12:34:36] 323 InteractiveElements catched
[12:34:36] 15228 SpellLevels catched 
[12:34:36] 4772 Spells catched 
[12:34:36] 1179 LearnableSpells catched 
[12:34:36] 9780 ItemTemplates catched 
[12:34:36] 4489 Weapons catched 
[12:34:37] 363 ItemSets catched 
[12:34:37] 171 ItemTypes catched 
[12:34:37] 26 Handlers Readed
[12:34:37] 28 Messages Readed
[12:34:37] WorldServer start in 9187 ms.
[12:39:31] MySQL Database Connected
[12:39:31] 16 Breeds catched
[12:39:31] 256 Heads catched
[12:39:31] 561 Effects catched
[12:39:39] 11260 DofusMaps catched
[12:39:39] 169 StatedElements catched
[12:39:39] 323 InteractiveElements catched
[12:39:39] 15228 SpellLevels catched 
[12:39:39] 4772 Spells catched 
[12:39:39] 1179 LearnableSpells catched 
[12:39:40] 9780 ItemTemplates catched 
[12:39:40] 4489 Weapons catched 
[12:39:40] 363 ItemSets catched 
[12:39:40] 171 ItemTypes catched 
[12:39:40] 26 Handlers Readed
[12:39:40] 28 Messages Readed
[12:39:40] WorldServer start in 9926 ms.
[12:41:18] MySQL Database Connected
[12:41:18] 16 Breeds catched
[12:41:18] 256 Heads catched
[12:41:18] 561 Effects catched
[12:41:28] 11260 DofusMaps catched
[12:41:28] 169 StatedElements catched
[12:41:28] 323 InteractiveElements catched
[12:41:28] 15228 SpellLevels catched 
[12:41:28] 4772 Spells catched 
[12:41:28] 1179 LearnableSpells catched 
[12:41:29] 9780 ItemTemplates catched 
[12:41:29] 4489 Weapons catched 
[12:41:29] 363 ItemSets catched 
[12:41:29] 171 ItemTypes catched 
[12:41:29] 26 Handlers Readed
[12:41:29] 28 Messages Readed
[12:41:29] WorldServer start in 11445 ms.
[12:43:14] MySQL Database Connected
[12:43:14] 16 Breeds catched
[12:43:14] 256 Heads catched
[12:43:14] 561 Effects catched
[12:43:22] 11260 DofusMaps catched
[12:43:22] 169 StatedElements catched
[12:43:22] 323 InteractiveElements catched
[12:43:22] 15228 SpellLevels catched 
[12:43:22] 4772 Spells catched 
[12:43:22] 1179 LearnableSpells catched 
[12:43:22] 9780 ItemTemplates catched 
[12:43:23] 4489 Weapons catched 
[12:43:23] 363 ItemSets catched 
[12:43:23] 171 ItemTypes catched 
[12:43:23] 26 Handlers Readed
[12:43:23] 28 Messages Readed
[12:43:23] WorldServer start in 9196 ms.
[12:46:22] MySQL Database Connected
[12:46:22] 16 Breeds catched
[12:46:22] 256 Heads catched
[12:46:22] 561 Effects catched
[12:46:29] 11260 DofusMaps catched
[12:46:29] 169 StatedElements catched
[12:46:29] 323 InteractiveElements catched
[12:46:30] 15228 SpellLevels catched 
[12:46:30] 4772 Spells catched 
[12:46:30] 1179 LearnableSpells catched 
[12:46:30] 9780 ItemTemplates catched 
[12:46:30] 4489 Weapons catched 
[12:46:30] 363 ItemSets catched 
[12:46:30] 171 ItemTypes catched 
[12:46:30] 26 Handlers Readed
[12:46:31] 28 Messages Readed
[12:46:31] WorldServer start in 8987 ms.
[12:49:00] MySQL Database Connected
[12:49:00] 16 Breeds catched
[12:49:00] 256 Heads catched
[12:49:00] 561 Effects catched
[12:49:08] 11260 DofusMaps catched
[12:49:08] 169 StatedElements catched
[12:49:08] 323 InteractiveElements catched
[12:49:09] 15228 SpellLevels catched 
[12:49:09] 4772 Spells catched 
[12:49:09] 1179 LearnableSpells catched 
[12:49:09] 9780 ItemTemplates catched 
[12:49:09] 4489 Weapons catched 
[12:49:09] 363 ItemSets catched 
[12:49:09] 171 ItemTypes catched 
[12:49:10] 26 Handlers Readed
[12:49:10] 28 Messages Readed
[12:49:10] WorldServer start in 9671 ms.
[12:54:27] MySQL Database Connected
[12:54:28] 16 Breeds catched
[12:54:28] 256 Heads catched
[12:54:28] 561 Effects catched
[12:54:35] 11260 DofusMaps catched
[12:54:35] 169 StatedElements catched
[12:54:36] 323 InteractiveElements catched
[12:54:36] 15228 SpellLevels catched 
[12:54:36] 4772 Spells catched 
[12:54:36] 1179 LearnableSpells catched 
[12:54:36] 9780 ItemTemplates catched 
[12:54:36] 4489 Weapons catched 
[12:54:36] 363 ItemSets catched 
[12:54:36] 171 ItemTypes catched 
[12:54:36] 26 Handlers Readed
[12:54:37] 28 Messages Readed
[12:54:37] WorldServer start in 9555 ms.
[12:55:34] MySQL Database Connected
[12:55:34] 16 Breeds catched
[12:55:34] 256 Heads catched
[12:55:34] 561 Effects catched
[12:55:42] 11260 DofusMaps catched
[12:55:42] 169 StatedElements catched
[12:55:42] 323 InteractiveElements catched
[12:55:42] 15228 SpellLevels catched 
[12:55:42] 4772 Spells catched 
[12:55:42] 1179 LearnableSpells catched 
[12:55:42] 9780 ItemTemplates catched 
[12:55:43] 4489 Weapons catched 
[12:55:43] 363 ItemSets catched 
[12:55:43] 171 ItemTypes catched 
[12:55:43] 26 Handlers Readed
[12:55:43] 28 Messages Readed
[12:55:43] WorldServer start in 9628 ms.
[14:25:18] MySQL Database Connected
[14:25:18] 16 Breeds catched
[14:25:18] 256 Heads catched
[14:25:18] 561 Effects catched
[14:25:27] 11260 DofusMaps catched
[14:25:27] 169 StatedElements catched
[14:25:27] 323 InteractiveElements catched
[14:25:27] 15228 SpellLevels catched 
[14:25:27] 4772 Spells catched 
[14:25:27] 1179 LearnableSpells catched 
[14:25:27] 9780 ItemTemplates catched 
[14:25:27] 4489 Weapons catched 
[14:25:28] 363 ItemSets catched 
[14:25:28] 171 ItemTypes catched 
[14:25:28] 26 Handlers Readed
[14:25:28] 28 Messages Readed
[14:25:28] WorldServer start in 10317 ms.
[14:26:39] MySQL Database Connected
[14:26:39] 16 Breeds catched
[14:26:39] 256 Heads catched
[14:26:39] 561 Effects catched
[14:26:47] 11260 DofusMaps catched
[14:26:47] 169 StatedElements catched
[14:26:47] 323 InteractiveElements catched
[14:26:48] 15228 SpellLevels catched 
[14:26:48] 4772 Spells catched 
[14:26:48] 1179 LearnableSpells catched 
[14:26:48] 9780 ItemTemplates catched 
[14:26:48] 4489 Weapons catched 
[14:26:48] 363 ItemSets catched 
[14:26:48] 171 ItemTypes catched 
[14:26:48] 26 Handlers Readed
[14:26:49] 28 Messages Readed
[14:26:49] WorldServer start in 9741 ms.
[14:34:21] MySQL Database Connected
[14:34:21] 16 Breeds catched
[14:34:21] 256 Heads catched
[14:34:21] 561 Effects catched
[14:34:35] 11260 DofusMaps catched
[14:34:35] 169 StatedElements catched
[14:34:35] 323 InteractiveElements catched
[14:34:35] 15228 SpellLevels catched 
[14:34:35] 4772 Spells catched 
[14:34:35] 1179 LearnableSpells catched 
[14:34:35] 9780 ItemTemplates catched 
[14:34:36] 4489 Weapons catched 
[14:34:36] 363 ItemSets catched 
[14:34:36] 171 ItemTypes catched 
[14:34:36] 26 Handlers Readed
[14:34:36] 28 Messages Readed
[14:34:36] WorldServer start in 15050 ms.
[14:35:30] MySQL Database Connected
[14:35:30] 16 Breeds catched
[14:35:30] 256 Heads catched
[14:35:30] 561 Effects catched
[14:35:38] 11260 DofusMaps catched
[14:35:38] 169 StatedElements catched
[14:35:38] 323 InteractiveElements catched
[14:35:38] 15228 SpellLevels catched 
[14:35:38] 4772 Spells catched 
[14:35:38] 1179 LearnableSpells catched 
[14:35:38] 9780 ItemTemplates catched 
[14:35:38] 4489 Weapons catched 
[14:35:38] 363 ItemSets catched 
[14:35:38] 171 ItemTypes catched 
[14:35:39] 26 Handlers Readed
[14:35:39] 28 Messages Readed
[14:35:39] WorldServer start in 9534 ms.
[14:39:42] MySQL Database Connected
[14:39:42] 16 Breeds catched
[14:39:42] 256 Heads catched
[14:39:42] 561 Effects catched
[14:39:52] 11260 DofusMaps catched
[14:39:52] 169 StatedElements catched
[14:39:52] 323 InteractiveElements catched
[14:39:53] 15228 SpellLevels catched 
[14:39:53] 4772 Spells catched 
[14:39:53] 1179 LearnableSpells catched 
[14:39:53] 9780 ItemTemplates catched 
[14:39:53] 4489 Weapons catched 
[14:39:53] 363 ItemSets catched 
[14:39:53] 171 ItemTypes catched 
[14:39:53] 26 Handlers Readed
[14:39:54] 28 Messages Readed
[14:39:54] WorldServer start in 11595 ms.
[17:31:39] MySQL Database Connected
[17:31:39] 16 Breeds catched
[17:31:39] 256 Heads catched
[17:31:39] 561 Effects catched
[17:31:47] 11260 DofusMaps catched
[17:31:47] 169 StatedElements catched
[17:31:47] 323 InteractiveElements catched
[17:31:48] 15228 SpellLevels catched 
[17:31:48] 4772 Spells catched 
[17:31:48] 1179 LearnableSpells catched 
[17:31:48] 9780 ItemTemplates catched 
[17:31:48] 4489 Weapons catched 
[17:31:48] 363 ItemSets catched 
[17:31:48] 171 ItemTypes catched 
[17:31:48] 26 Handlers Readed
[17:31:49] 28 Messages Readed
[17:31:49] WorldServer start in 9680 ms.
[21:42:40] MySQL Database Connected
[21:42:40] 16 Breeds catched
[21:42:40] 256 Heads catched
[21:42:40] 561 Effects catched
[21:42:48] 11260 DofusMaps catched
[21:42:48] 169 StatedElements catched
[21:42:48] 323 InteractiveElements catched
[21:42:48] 15228 SpellLevels catched 
[21:42:48] 4772 Spells catched 
[21:42:48] 1179 LearnableSpells catched 
[21:42:48] 9780 ItemTemplates catched 
[21:42:49] 4489 Weapons catched 
[21:42:49] 363 ItemSets catched 
[21:42:49] 171 ItemTypes catched 
[21:42:49] 27 Handlers Readed
[21:42:49] 29 Messages Readed
[21:42:49] WorldServer start in 9242 ms.
[21:50:09] MySQL Database Connected
[21:50:09] 16 Breeds catched
[21:50:09] 256 Heads catched
[21:50:09] 561 Effects catched
[21:50:17] 11260 DofusMaps catched
[21:50:17] 169 StatedElements catched
[21:50:17] 323 InteractiveElements catched
[21:50:17] 15228 SpellLevels catched 
[21:50:17] 4772 Spells catched 
[21:50:17] 1179 LearnableSpells catched 
[21:50:17] 9780 ItemTemplates catched 
[21:50:18] 4489 Weapons catched 
[21:50:18] 363 ItemSets catched 
[21:50:18] 171 ItemTypes catched 
[21:50:18] 27 Handlers Readed
[21:50:18] 29 Messages Readed
[21:50:18] WorldServer start in 9797 ms.
[22:07:13] MySQL Database Connected
[22:07:13] 16 Breeds catched
[22:07:13] 256 Heads catched
[22:07:13] 561 Effects catched
[22:07:22] 11260 DofusMaps catched
[22:07:22] 169 StatedElements catched
[22:07:22] 323 InteractiveElements catched
[22:07:22] 15228 SpellLevels catched 
[22:07:22] 4772 Spells catched 
[22:07:22] 1179 LearnableSpells catched 
[22:07:22] 9780 ItemTemplates catched 
[22:07:22] 4489 Weapons catched 
[22:07:22] 363 ItemSets catched 
[22:07:22] 171 ItemTypes catched 
[22:07:23] 27 Handlers Readed
[22:07:23] 29 Messages Readed
[22:07:23] WorldServer start in 9961 ms.
[22:09:00] MySQL Database Connected
[22:09:01] 16 Breeds catched
[22:09:01] 256 Heads catched
[22:09:01] 561 Effects catched
[22:09:09] 11260 DofusMaps catched
[22:09:09] 169 StatedElements catched
[22:09:09] 323 InteractiveElements catched
[22:09:09] 15228 SpellLevels catched 
[22:09:09] 4772 Spells catched 
[22:09:09] 1179 LearnableSpells catched 
[22:09:09] 9780 ItemTemplates catched 
[22:09:10] 4489 Weapons catched 
[22:09:10] 363 ItemSets catched 
[22:09:10] 171 ItemTypes catched 
[22:09:10] 27 Handlers Readed
[22:09:10] 29 Messages Readed
[22:09:10] WorldServer start in 9941 ms.
[22:10:21] MySQL Database Connected
[22:10:21] 16 Breeds catched
[22:10:21] 256 Heads catched
[22:10:21] 561 Effects catched
[22:10:29] 11260 DofusMaps catched
[22:10:29] 169 StatedElements catched
[22:10:29] 323 InteractiveElements catched
[22:10:30] 15228 SpellLevels catched 
[22:10:30] 4772 Spells catched 
[22:10:30] 1179 LearnableSpells catched 
[22:10:30] 9780 ItemTemplates catched 
[22:10:30] 4489 Weapons catched 
[22:10:30] 363 ItemSets catched 
[22:10:30] 171 ItemTypes catched 
[22:10:30] 27 Handlers Readed
[22:10:31] 29 Messages Readed
[22:10:31] WorldServer start in 10112 ms.
