mars 19, 2015 6:56:32 PM org.reflections.Reflections scan
INFOS: Reflections took 143 ms to scan 1 urls, producing 1 keys and 34 values 
mars 19, 2015 6:56:32 PM org.reflections.Reflections scan
INFOS: Reflections took 162 ms to scan 1 urls, producing 2 keys and 39 values 
[18:57:02] An error occurred: Could not evaluate null: no value set for the variable.
[18:57:02] Undefinied Stat id 970
[18:57:02] Undefinied Stat id 974
[18:57:02] Undefinied Stat id 973
[18:57:02] Undefinied Stat id 971
[18:57:02] Undefinied Stat id 972
[18:57:03] An error occurred: Could not evaluate null: no value set for the variable.
[18:57:03] An error occurred: Could not evaluate null: no value set for the variable.
[18:57:03] An error occurred: Could not evaluate null: no value set for the variable.
[18:57:03] Undefinied Stat id 110
[18:57:04] An error occurred: Could not evaluate null: no value set for the variable.
[18:57:04] An error occurred: Could not evaluate null: no value set for the variable.
[18:57:04] An error occurred: Could not evaluate null: no value set for the variable.
[18:57:04] An error occurred: Could not evaluate null: no value set for the variable.
[18:57:05] An error occurred: Could not evaluate null: no value set for the variable.
[18:57:05] An error occurred: Could not evaluate null: no value set for the variable.
[18:57:05] An error occurred: Could not evaluate null: no value set for the variable.
[18:57:05] An error occurred: Could not evaluate null: no value set for the variable.
[18:57:05] An error occurred: Could not evaluate null: no value set for the variable.
[18:57:07] An error occurred: Could not evaluate null: no value set for the variable.
[18:57:07] An error occurred: Could not evaluate null: no value set for the variable.
[18:57:07] An error occurred: Could not evaluate null: no value set for the variable.
[18:57:07] An error occurred: Could not evaluate null: no value set for the variable.
[18:57:07] An error occurred: Could not evaluate null: no value set for the variable.
[18:57:07] An error occurred: Could not evaluate null: no value set for the variable.
java.lang.reflect.InvocationTargetException
	at sun.reflect.NativeMethodAccessorImpl.invoke0(Native Method)
	at sun.reflect.NativeMethodAccessorImpl.invoke(NativeMethodAccessorImpl.java:62)
	at sun.reflect.DelegatingMethodAccessorImpl.invoke(DelegatingMethodAccessorImpl.java:43)
	at java.lang.reflect.Method.invoke(Method.java:483)
	at koh.game.network.WorldClient.parsePacket(WorldClient.java:164)
	at koh.game.network.WorldHandler.messageReceived(WorldHandler.java:43)
	at org.apache.mina.core.filterchain.DefaultIoFilterChain$TailFilter.messageReceived(DefaultIoFilterChain.java:854)
	at org.apache.mina.core.filterchain.DefaultIoFilterChain.callNextMessageReceived(DefaultIoFilterChain.java:542)
	at org.apache.mina.core.filterchain.DefaultIoFilterChain.access$1300(DefaultIoFilterChain.java:48)
	at org.apache.mina.core.filterchain.DefaultIoFilterChain$EntryImpl$1.messageReceived(DefaultIoFilterChain.java:943)
	at org.apache.mina.filter.codec.ProtocolCodecFilter$ProtocolDecoderOutputImpl.flush(ProtocolCodecFilter.java:405)
	at org.apache.mina.filter.codec.ProtocolCodecFilter.messageReceived(ProtocolCodecFilter.java:235)
	at org.apache.mina.core.filterchain.DefaultIoFilterChain.callNextMessageReceived(DefaultIoFilterChain.java:542)
	at org.apache.mina.core.filterchain.DefaultIoFilterChain.access$1300(DefaultIoFilterChain.java:48)
	at org.apache.mina.core.filterchain.DefaultIoFilterChain$EntryImpl$1.messageReceived(DefaultIoFilterChain.java:943)
	at org.apache.mina.core.filterchain.IoFilterAdapter.messageReceived(IoFilterAdapter.java:109)
	at org.apache.mina.core.filterchain.DefaultIoFilterChain.callNextMessageReceived(DefaultIoFilterChain.java:542)
	at org.apache.mina.core.filterchain.DefaultIoFilterChain.fireMessageReceived(DefaultIoFilterChain.java:535)
	at org.apache.mina.core.polling.AbstractPollingIoProcessor.read(AbstractPollingIoProcessor.java:714)
	at org.apache.mina.core.polling.AbstractPollingIoProcessor.process(AbstractPollingIoProcessor.java:668)
	at org.apache.mina.core.polling.AbstractPollingIoProcessor.process(AbstractPollingIoProcessor.java:657)
	at org.apache.mina.core.polling.AbstractPollingIoProcessor.access$600(AbstractPollingIoProcessor.java:67)
	at org.apache.mina.core.polling.AbstractPollingIoProcessor$Processor.run(AbstractPollingIoProcessor.java:1121)
	at org.apache.mina.util.NamePreservingRunnable.run(NamePreservingRunnable.java:64)
	at java.util.concurrent.ThreadPoolExecutor.runWorker(ThreadPoolExecutor.java:1142)
	at java.util.concurrent.ThreadPoolExecutor$Worker.run(ThreadPoolExecutor.java:617)
	at java.lang.Thread.run(Thread.java:745)
Caused by: java.lang.ArrayIndexOutOfBoundsException: -1
	at java.util.ArrayList.elementData(ArrayList.java:418)
	at java.util.ArrayList.remove(ArrayList.java:495)
	at koh.game.network.handlers.character.InventoryHandler.HandleLivingObjectDissociateMessage(InventoryHandler.java:161)
	... 27 more
java.lang.reflect.InvocationTargetException
	at sun.reflect.NativeMethodAccessorImpl.invoke0(Native Method)
	at sun.reflect.NativeMethodAccessorImpl.invoke(NativeMethodAccessorImpl.java:62)
	at sun.reflect.DelegatingMethodAccessorImpl.invoke(DelegatingMethodAccessorImpl.java:43)
	at java.lang.reflect.Method.invoke(Method.java:483)
	at koh.game.network.WorldClient.parsePacket(WorldClient.java:164)
	at koh.game.network.WorldHandler.messageReceived(WorldHandler.java:43)
	at org.apache.mina.core.filterchain.DefaultIoFilterChain$TailFilter.messageReceived(DefaultIoFilterChain.java:854)
	at org.apache.mina.core.filterchain.DefaultIoFilterChain.callNextMessageReceived(DefaultIoFilterChain.java:542)
	at org.apache.mina.core.filterchain.DefaultIoFilterChain.access$1300(DefaultIoFilterChain.java:48)
	at org.apache.mina.core.filterchain.DefaultIoFilterChain$EntryImpl$1.messageReceived(DefaultIoFilterChain.java:943)
	at org.apache.mina.filter.codec.ProtocolCodecFilter$ProtocolDecoderOutputImpl.flush(ProtocolCodecFilter.java:405)
	at org.apache.mina.filter.codec.ProtocolCodecFilter.messageReceived(ProtocolCodecFilter.java:235)
	at org.apache.mina.core.filterchain.DefaultIoFilterChain.callNextMessageReceived(DefaultIoFilterChain.java:542)
	at org.apache.mina.core.filterchain.DefaultIoFilterChain.access$1300(DefaultIoFilterChain.java:48)
	at org.apache.mina.core.filterchain.DefaultIoFilterChain$EntryImpl$1.messageReceived(DefaultIoFilterChain.java:943)
	at org.apache.mina.core.filterchain.IoFilterAdapter.messageReceived(IoFilterAdapter.java:109)
	at org.apache.mina.core.filterchain.DefaultIoFilterChain.callNextMessageReceived(DefaultIoFilterChain.java:542)
	at org.apache.mina.core.filterchain.DefaultIoFilterChain.fireMessageReceived(DefaultIoFilterChain.java:535)
	at org.apache.mina.core.polling.AbstractPollingIoProcessor.read(AbstractPollingIoProcessor.java:714)
	at org.apache.mina.core.polling.AbstractPollingIoProcessor.process(AbstractPollingIoProcessor.java:668)
	at org.apache.mina.core.polling.AbstractPollingIoProcessor.process(AbstractPollingIoProcessor.java:657)
	at org.apache.mina.core.polling.AbstractPollingIoProcessor.access$600(AbstractPollingIoProcessor.java:67)
	at org.apache.mina.core.polling.AbstractPollingIoProcessor$Processor.run(AbstractPollingIoProcessor.java:1121)
	at org.apache.mina.util.NamePreservingRunnable.run(NamePreservingRunnable.java:64)
	at java.util.concurrent.ThreadPoolExecutor.runWorker(ThreadPoolExecutor.java:1142)
	at java.util.concurrent.ThreadPoolExecutor$Worker.run(ThreadPoolExecutor.java:617)
	at java.lang.Thread.run(Thread.java:745)
Caused by: java.lang.ArrayIndexOutOfBoundsException: -1
	at java.util.ArrayList.elementData(ArrayList.java:418)
	at java.util.ArrayList.remove(ArrayList.java:495)
	at koh.game.network.handlers.character.InventoryHandler.HandleLivingObjectDissociateMessage(InventoryHandler.java:161)
	... 27 more
[18:57:35] Undefinied Stat id 970
[18:57:35] Undefinied Stat id 974
[18:57:35] Undefinied Stat id 971
[18:57:35] Undefinied Stat id 973
[18:57:35] Undefinied Stat id 972
[18:57:38] An error occurred: Could not evaluate null: no value set for the variable.
[18:57:38] An error occurred: Could not evaluate null: no value set for the variable.
[18:57:38] An error occurred: Could not evaluate null: no value set for the variable.
[18:57:38] An error occurred: Could not evaluate null: no value set for the variable.
[18:57:40] An error occurred: Could not evaluate null: no value set for the variable.
[18:57:43] An error occurred: Could not evaluate null: no value set for the variable.
[18:57:43] An error occurred: Could not evaluate null: no value set for the variable.
[18:57:43] An error occurred: Could not evaluate null: no value set for the variable.
[18:57:43] An error occurred: Could not evaluate null: no value set for the variable.
[18:57:43] An error occurred: Could not evaluate null: no value set for the variable.
[18:57:43] An error occurred: Could not evaluate null: no value set for the variable.
[18:57:43] An error occurred: Could not evaluate null: no value set for the variable.
