[15:56:36] MySQL Database Connected
[15:56:36] 16 Breeds catched
[15:56:36] 256 Heads catched
[15:56:36] 561 Effects catched
[15:56:44] 11260 DofusMaps catched
[15:56:44] 169 StatedElements catched
[15:56:44] 323 InteractiveElements catched
[15:56:45] 15228 SpellLevels catched 
[15:56:45] 4772 Spells catched 
[15:56:45] 1179 LearnableSpells catched 
[15:56:45] 9780 ItemTemplates catched 
[15:56:45] 4489 Weapons catched 
[15:56:45] 363 ItemSets catched 
[15:56:45] 171 ItemTypes catched 
[15:56:46] 34 Handlers Readed
[15:56:46] 38 Messages Readed
[15:56:46] WorldServer start in 10056 ms.
[15:58:12] MySQL Database Connected
[15:58:13] 16 Breeds catched
[15:58:13] 256 Heads catched
[15:58:13] 561 Effects catched
[15:58:25] 11260 DofusMaps catched
[15:58:25] 169 StatedElements catched
[15:58:25] 323 InteractiveElements catched
[15:58:25] 15228 SpellLevels catched 
[15:58:25] 4772 Spells catched 
[15:58:25] 1179 LearnableSpells catched 
[15:58:26] 9780 ItemTemplates catched 
[15:58:26] 4489 Weapons catched 
[15:58:26] 363 ItemSets catched 
[15:58:26] 171 ItemTypes catched 
[15:58:26] 34 Handlers Readed
[15:58:26] 38 Messages Readed
[15:58:26] WorldServer start in 14158 ms.
[15:59:26] MySQL Database Connected
[15:59:27] 16 Breeds catched
[15:59:27] 256 Heads catched
[15:59:27] 561 Effects catched
[15:59:34] 11260 DofusMaps catched
[15:59:34] 169 StatedElements catched
[15:59:34] 323 InteractiveElements catched
[15:59:34] 15228 SpellLevels catched 
[15:59:35] 4772 Spells catched 
[15:59:35] 1179 LearnableSpells catched 
[15:59:35] 9780 ItemTemplates catched 
[15:59:35] 4489 Weapons catched 
[15:59:35] 363 ItemSets catched 
[15:59:35] 171 ItemTypes catched 
[15:59:35] 34 Handlers Readed
[15:59:36] 38 Messages Readed
[15:59:36] WorldServer start in 9417 ms.
[15:59:57] MySQL Database Connected
[15:59:57] 16 Breeds catched
[15:59:57] 256 Heads catched
[15:59:57] 561 Effects catched
[16:00:08] 11260 DofusMaps catched
[16:00:08] 169 StatedElements catched
[16:00:08] 323 InteractiveElements catched
[16:00:09] 15228 SpellLevels catched 
[16:00:09] 4772 Spells catched 
[16:00:09] 1179 LearnableSpells catched 
[16:00:09] 9780 ItemTemplates catched 
[16:00:09] 4489 Weapons catched 
[16:00:09] 363 ItemSets catched 
[16:00:09] 171 ItemTypes catched 
[16:00:09] 34 Handlers Readed
[16:00:10] 38 Messages Readed
[16:00:10] WorldServer start in 12627 ms.
[16:01:01] MySQL Database Connected
[16:01:02] 16 Breeds catched
[16:01:02] 256 Heads catched
[16:01:02] 561 Effects catched
[16:01:10] 11260 DofusMaps catched
[16:01:10] 169 StatedElements catched
[16:01:10] 323 InteractiveElements catched
[16:01:10] 15228 SpellLevels catched 
[16:01:10] 4772 Spells catched 
[16:01:10] 1179 LearnableSpells catched 
[16:01:11] 9780 ItemTemplates catched 
[16:01:11] 4489 Weapons catched 
[16:01:11] 363 ItemSets catched 
[16:01:11] 171 ItemTypes catched 
[16:01:11] 34 Handlers Readed
[16:01:11] 38 Messages Readed
[16:01:11] WorldServer start in 10147 ms.
[16:01:48] MySQL Database Connected
[16:01:48] 16 Breeds catched
[16:01:48] 256 Heads catched
[16:01:48] 561 Effects catched
[16:02:02] 11260 DofusMaps catched
[16:02:02] 169 StatedElements catched
[16:02:02] 323 InteractiveElements catched
[16:02:02] 15228 SpellLevels catched 
[16:02:02] 4772 Spells catched 
[16:02:02] 1179 LearnableSpells catched 
[16:02:02] 9780 ItemTemplates catched 
[16:02:02] 4489 Weapons catched 
[16:02:02] 363 ItemSets catched 
[16:02:02] 171 ItemTypes catched 
[16:02:03] 34 Handlers Readed
[16:02:03] 38 Messages Readed
[16:02:03] WorldServer start in 15181 ms.
[16:56:58] MySQL Database Connected
[16:56:58] 16 Breeds catched
[16:56:58] 256 Heads catched
[16:56:58] 561 Effects catched
[16:57:07] 11260 DofusMaps catched
[16:57:07] 169 StatedElements catched
[16:57:07] 323 InteractiveElements catched
[16:57:08] 15228 SpellLevels catched 
[16:57:08] 4772 Spells catched 
[16:57:08] 1179 LearnableSpells catched 
[16:57:08] 9780 ItemTemplates catched 
[16:57:08] 4489 Weapons catched 
[16:57:08] 363 ItemSets catched 
[16:57:08] 171 ItemTypes catched 
[16:57:08] 34 Handlers Readed
[16:57:09] 38 Messages Readed
[16:57:09] WorldServer start in 10898 ms.
[16:58:17] MySQL Database Connected
[16:58:17] 16 Breeds catched
[16:58:17] 256 Heads catched
[16:58:17] 561 Effects catched
[16:58:24] 11260 DofusMaps catched
[16:58:24] 169 StatedElements catched
[16:58:24] 323 InteractiveElements catched
[16:58:25] 15228 SpellLevels catched 
[16:58:25] 4772 Spells catched 
[16:58:25] 1179 LearnableSpells catched 
[16:58:25] 9780 ItemTemplates catched 
[16:58:25] 4489 Weapons catched 
[16:58:25] 363 ItemSets catched 
[16:58:25] 171 ItemTypes catched 
[16:58:25] 34 Handlers Readed
[16:58:26] 38 Messages Readed
[16:58:26] WorldServer start in 9340 ms.
[16:59:18] MySQL Database Connected
[16:59:18] 16 Breeds catched
[16:59:18] 256 Heads catched
[16:59:18] 561 Effects catched
[16:59:25] 11260 DofusMaps catched
[16:59:25] 169 StatedElements catched
[16:59:26] 323 InteractiveElements catched
[16:59:26] 15228 SpellLevels catched 
[16:59:26] 4772 Spells catched 
[16:59:26] 1179 LearnableSpells catched 
[16:59:26] 9780 ItemTemplates catched 
[16:59:26] 4489 Weapons catched 
[16:59:26] 363 ItemSets catched 
[16:59:26] 171 ItemTypes catched 
[16:59:27] 34 Handlers Readed
[16:59:27] 38 Messages Readed
[16:59:27] WorldServer start in 9357 ms.
[17:09:57] MySQL Database Connected
[17:09:57] 16 Breeds catched
[17:09:57] 256 Heads catched
[17:09:57] 561 Effects catched
[17:10:05] 11260 DofusMaps catched
[17:10:05] 169 StatedElements catched
[17:10:05] 323 InteractiveElements catched
[17:10:05] 15228 SpellLevels catched 
[17:10:05] 4772 Spells catched 
[17:10:05] 1179 LearnableSpells catched 
[17:10:05] 9780 ItemTemplates catched 
[17:10:06] 4489 Weapons catched 
[17:10:06] 363 ItemSets catched 
[17:10:06] 171 ItemTypes catched 
[17:10:06] 34 Handlers Readed
[17:10:06] 38 Messages Readed
[17:10:06] WorldServer start in 9382 ms.
[17:23:36] MySQL Database Connected
[17:23:36] 16 Breeds catched
[17:23:36] 256 Heads catched
[17:23:36] 561 Effects catched
[17:23:47] 11260 DofusMaps catched
[17:23:47] 169 StatedElements catched
[17:23:47] 323 InteractiveElements catched
[17:23:47] 15228 SpellLevels catched 
[17:23:48] 4772 Spells catched 
[17:23:48] 1179 LearnableSpells catched 
[17:23:48] 9780 ItemTemplates catched 
[17:23:48] 4489 Weapons catched 
[17:23:48] 363 ItemSets catched 
[17:23:48] 171 ItemTypes catched 
[17:23:48] 34 Handlers Readed
[17:23:49] 38 Messages Readed
[17:23:49] WorldServer start in 13107 ms.
[17:24:08] MySQL Database Connected
[17:24:09] 16 Breeds catched
[17:24:09] 256 Heads catched
[17:24:09] 561 Effects catched
[17:24:17] 11260 DofusMaps catched
[17:24:17] 169 StatedElements catched
[17:24:17] 323 InteractiveElements catched
[17:24:17] 15228 SpellLevels catched 
[17:24:17] 4772 Spells catched 
[17:24:17] 1179 LearnableSpells catched 
[17:24:17] 9780 ItemTemplates catched 
[17:24:17] 4489 Weapons catched 
[17:24:17] 363 ItemSets catched 
[17:24:17] 171 ItemTypes catched 
[17:24:18] 34 Handlers Readed
[17:24:18] 38 Messages Readed
[17:24:18] WorldServer start in 9902 ms.
[17:25:02] MySQL Database Connected
[17:25:02] 16 Breeds catched
[17:25:02] 256 Heads catched
[17:25:02] 561 Effects catched
[17:25:10] 11260 DofusMaps catched
[17:25:10] 169 StatedElements catched
[17:25:10] 323 InteractiveElements catched
[17:25:10] 15228 SpellLevels catched 
[17:25:11] 4772 Spells catched 
[17:25:11] 1179 LearnableSpells catched 
[17:25:11] 9780 ItemTemplates catched 
[17:25:11] 4489 Weapons catched 
[17:25:11] 363 ItemSets catched 
[17:25:11] 171 ItemTypes catched 
[17:25:11] 34 Handlers Readed
[17:25:11] 38 Messages Readed
[17:25:12] WorldServer start in 9708 ms.
[17:25:58] MySQL Database Connected
[17:25:58] 16 Breeds catched
[17:25:58] 256 Heads catched
[17:25:58] 561 Effects catched
[17:26:06] 11260 DofusMaps catched
[17:26:06] 169 StatedElements catched
[17:26:06] 323 InteractiveElements catched
[17:26:06] 15228 SpellLevels catched 
[17:26:06] 4772 Spells catched 
[17:26:06] 1179 LearnableSpells catched 
[17:26:07] 9780 ItemTemplates catched 
[17:26:07] 4489 Weapons catched 
[17:26:07] 363 ItemSets catched 
[17:26:07] 171 ItemTypes catched 
[17:26:07] 34 Handlers Readed
[17:26:07] 38 Messages Readed
[17:26:07] WorldServer start in 10086 ms.
[17:27:08] MySQL Database Connected
[17:27:08] 16 Breeds catched
[17:27:08] 256 Heads catched
[17:27:08] 561 Effects catched
[17:27:17] 11260 DofusMaps catched
[17:27:17] 169 StatedElements catched
[17:27:17] 323 InteractiveElements catched
[17:27:17] 15228 SpellLevels catched 
[17:27:17] 4772 Spells catched 
[17:27:17] 1179 LearnableSpells catched 
[17:27:17] 9780 ItemTemplates catched 
[17:27:17] 4489 Weapons catched 
[17:27:17] 363 ItemSets catched 
[17:27:17] 171 ItemTypes catched 
[17:27:18] 34 Handlers Readed
[17:27:18] 38 Messages Readed
[17:27:18] WorldServer start in 10534 ms.
[17:28:02] MySQL Database Connected
[17:28:02] 16 Breeds catched
[17:28:02] 256 Heads catched
[17:28:02] 561 Effects catched
[17:28:10] 11260 DofusMaps catched
[17:28:10] 169 StatedElements catched
[17:28:11] 323 InteractiveElements catched
[17:28:11] 15228 SpellLevels catched 
[17:28:11] 4772 Spells catched 
[17:28:11] 1179 LearnableSpells catched 
[17:28:11] 9780 ItemTemplates catched 
[17:28:11] 4489 Weapons catched 
[17:28:12] 363 ItemSets catched 
[17:28:12] 171 ItemTypes catched 
[17:28:12] 34 Handlers Readed
[17:28:12] 38 Messages Readed
[17:28:12] WorldServer start in 10114 ms.
[17:30:42] MySQL Database Connected
[17:30:42] 16 Breeds catched
[17:30:42] 256 Heads catched
[17:30:42] 561 Effects catched
[17:30:49] 11260 DofusMaps catched
[17:30:49] 169 StatedElements catched
[17:30:49] 323 InteractiveElements catched
[17:30:50] 15228 SpellLevels catched 
[17:30:50] 4772 Spells catched 
[17:30:50] 1179 LearnableSpells catched 
[17:30:50] 9780 ItemTemplates catched 
[17:30:50] 4489 Weapons catched 
[17:30:50] 363 ItemSets catched 
[17:30:50] 171 ItemTypes catched 
[17:30:51] 34 Handlers Readed
[17:30:51] 38 Messages Readed
[17:30:51] WorldServer start in 9497 ms.
[17:31:32] MySQL Database Connected
[17:31:32] 16 Breeds catched
[17:31:32] 256 Heads catched
[17:31:32] 561 Effects catched
[17:31:41] 11260 DofusMaps catched
[17:31:41] 169 StatedElements catched
[17:31:41] 323 InteractiveElements catched
[17:31:41] 15228 SpellLevels catched 
[17:31:41] 4772 Spells catched 
[17:31:41] 1179 LearnableSpells catched 
[17:31:42] 9780 ItemTemplates catched 
[17:31:42] 4489 Weapons catched 
[17:31:42] 363 ItemSets catched 
[17:31:42] 171 ItemTypes catched 
[17:31:42] 34 Handlers Readed
[17:31:42] 38 Messages Readed
[17:31:42] WorldServer start in 10288 ms.
[17:32:19] MySQL Database Connected
[17:32:19] 16 Breeds catched
[17:32:19] 256 Heads catched
[17:32:19] 561 Effects catched
[17:32:49] 11260 DofusMaps catched
[17:32:49] 169 StatedElements catched
[17:32:49] 323 InteractiveElements catched
[17:32:50] 15228 SpellLevels catched 
[17:32:50] 4772 Spells catched 
[17:32:50] 1179 LearnableSpells catched 
[17:32:50] 9780 ItemTemplates catched 
[17:32:50] 4489 Weapons catched 
[17:32:50] 363 ItemSets catched 
[17:32:50] 171 ItemTypes catched 
[17:32:50] 34 Handlers Readed
[17:32:51] 38 Messages Readed
[17:32:51] WorldServer start in 32116 ms.
[17:34:28] MySQL Database Connected
[17:34:28] 16 Breeds catched
[17:34:28] 256 Heads catched
[17:34:28] 561 Effects catched
[17:34:36] 11260 DofusMaps catched
[17:34:36] 169 StatedElements catched
[17:34:36] 323 InteractiveElements catched
[17:34:36] 15228 SpellLevels catched 
[17:34:36] 4772 Spells catched 
[17:34:36] 1179 LearnableSpells catched 
[17:34:37] 9780 ItemTemplates catched 
[17:34:37] 4489 Weapons catched 
[17:34:37] 363 ItemSets catched 
[17:34:37] 171 ItemTypes catched 
[17:34:37] 34 Handlers Readed
[17:34:37] 38 Messages Readed
[17:34:37] WorldServer start in 9587 ms.
[17:36:09] MySQL Database Connected
[17:36:09] 16 Breeds catched
[17:36:09] 256 Heads catched
[17:36:09] 561 Effects catched
[17:36:17] 11260 DofusMaps catched
[17:36:17] 169 StatedElements catched
[17:36:17] 323 InteractiveElements catched
[17:36:17] 15228 SpellLevels catched 
[17:36:17] 4772 Spells catched 
[17:36:17] 1179 LearnableSpells catched 
[17:36:17] 9780 ItemTemplates catched 
[17:36:17] 4489 Weapons catched 
[17:36:17] 363 ItemSets catched 
[17:36:17] 171 ItemTypes catched 
[17:36:18] 34 Handlers Readed
[17:36:18] 38 Messages Readed
[17:36:18] WorldServer start in 9456 ms.
[17:40:33] MySQL Database Connected
[17:40:33] 16 Breeds catched
[17:40:33] 256 Heads catched
[17:40:33] 561 Effects catched
[17:40:43] 11260 DofusMaps catched
[17:40:43] 169 StatedElements catched
[17:40:43] 323 InteractiveElements catched
[17:40:43] 15228 SpellLevels catched 
[17:40:43] 4772 Spells catched 
[17:40:43] 1179 LearnableSpells catched 
[17:40:43] 9780 ItemTemplates catched 
[17:40:43] 4489 Weapons catched 
[17:40:43] 363 ItemSets catched 
[17:40:43] 171 ItemTypes catched 
[17:40:44] 34 Handlers Readed
[17:40:44] 38 Messages Readed
[17:40:44] WorldServer start in 11568 ms.
[17:43:52] MySQL Database Connected
[17:43:52] 16 Breeds catched
[17:43:52] 256 Heads catched
[17:43:52] 561 Effects catched
[17:44:00] 11260 DofusMaps catched
[17:44:00] 169 StatedElements catched
[17:44:00] 323 InteractiveElements catched
[17:44:01] 15228 SpellLevels catched 
[17:44:01] 4772 Spells catched 
[17:44:01] 1179 LearnableSpells catched 
[17:44:01] 9780 ItemTemplates catched 
[17:44:01] 4489 Weapons catched 
[17:44:01] 363 ItemSets catched 
[17:44:01] 171 ItemTypes catched 
[17:44:01] 34 Handlers Readed
[17:44:02] 38 Messages Readed
[17:44:02] WorldServer start in 9860 ms.
[17:46:10] MySQL Database Connected
[17:46:11] 16 Breeds catched
[17:46:11] 256 Heads catched
[17:46:11] 561 Effects catched
[17:46:18] 11260 DofusMaps catched
[17:46:18] 169 StatedElements catched
[17:46:18] 323 InteractiveElements catched
[17:46:18] 15228 SpellLevels catched 
[17:46:19] 4772 Spells catched 
[17:46:19] 1179 LearnableSpells catched 
[17:46:19] 9780 ItemTemplates catched 
[17:46:19] 4489 Weapons catched 
[17:46:19] 363 ItemSets catched 
[17:46:19] 171 ItemTypes catched 
[17:46:19] 34 Handlers Readed
[17:46:20] 38 Messages Readed
[17:46:20] WorldServer start in 9398 ms.
[17:46:45] MySQL Database Connected
[17:46:45] 16 Breeds catched
[17:46:45] 256 Heads catched
[17:46:45] 561 Effects catched
[17:46:55] 11260 DofusMaps catched
[17:46:55] 169 StatedElements catched
[17:46:55] 323 InteractiveElements catched
[17:46:55] 15228 SpellLevels catched 
[17:46:55] 4772 Spells catched 
[17:46:55] 1179 LearnableSpells catched 
[17:46:55] 9780 ItemTemplates catched 
[17:46:55] 4489 Weapons catched 
[17:46:55] 363 ItemSets catched 
[17:46:55] 171 ItemTypes catched 
[17:46:56] 34 Handlers Readed
[17:46:56] 38 Messages Readed
[17:46:56] WorldServer start in 11114 ms.
[17:47:49] MySQL Database Connected
[17:47:49] 16 Breeds catched
[17:47:49] 256 Heads catched
[17:47:49] 561 Effects catched
[17:47:56] 11260 DofusMaps catched
[17:47:56] 169 StatedElements catched
[17:47:56] 323 InteractiveElements catched
[17:47:57] 15228 SpellLevels catched 
[17:47:57] 4772 Spells catched 
[17:47:57] 1179 LearnableSpells catched 
[17:47:57] 9780 ItemTemplates catched 
[17:47:57] 4489 Weapons catched 
[17:47:57] 363 ItemSets catched 
[17:47:57] 171 ItemTypes catched 
[17:47:57] 34 Handlers Readed
[17:47:58] 38 Messages Readed
[17:47:58] WorldServer start in 9348 ms.
[17:49:41] MySQL Database Connected
[17:49:41] 16 Breeds catched
[17:49:41] 256 Heads catched
[17:49:41] 561 Effects catched
[17:49:50] 11260 DofusMaps catched
[17:49:50] 169 StatedElements catched
[17:49:50] 323 InteractiveElements catched
[17:49:50] 15228 SpellLevels catched 
[17:49:50] 4772 Spells catched 
[17:49:50] 1179 LearnableSpells catched 
[17:49:51] 9780 ItemTemplates catched 
[17:49:51] 4489 Weapons catched 
[17:49:51] 363 ItemSets catched 
[17:49:51] 171 ItemTypes catched 
[17:49:51] 34 Handlers Readed
[17:49:51] 38 Messages Readed
[17:49:51] WorldServer start in 10400 ms.
[17:50:51] MySQL Database Connected
[17:50:51] 16 Breeds catched
[17:50:51] 256 Heads catched
[17:50:51] 561 Effects catched
[17:50:59] 11260 DofusMaps catched
[17:50:59] 169 StatedElements catched
[17:50:59] 323 InteractiveElements catched
[17:50:59] 15228 SpellLevels catched 
[17:50:59] 4772 Spells catched 
[17:50:59] 1179 LearnableSpells catched 
[17:51:03] 9780 ItemTemplates catched 
[17:51:03] 4489 Weapons catched 
[17:51:04] 363 ItemSets catched 
[17:51:04] 171 ItemTypes catched 
[17:51:04] 34 Handlers Readed
[17:51:04] 38 Messages Readed
[17:51:04] WorldServer start in 13813 ms.
[17:51:38] MySQL Database Connected
[17:51:38] 16 Breeds catched
[17:51:38] 256 Heads catched
[17:51:38] 561 Effects catched
[17:51:46] 11260 DofusMaps catched
[17:51:46] 169 StatedElements catched
[17:51:46] 323 InteractiveElements catched
[17:51:46] 15228 SpellLevels catched 
[17:51:46] 4772 Spells catched 
[17:51:46] 1179 LearnableSpells catched 
[17:51:47] 9780 ItemTemplates catched 
[17:51:47] 4489 Weapons catched 
[17:51:47] 363 ItemSets catched 
[17:51:47] 171 ItemTypes catched 
[17:51:47] 34 Handlers Readed
[17:51:47] 38 Messages Readed
[17:51:47] WorldServer start in 9851 ms.
[17:55:03] MySQL Database Connected
[17:55:03] 16 Breeds catched
[17:55:03] 256 Heads catched
[17:55:03] 561 Effects catched
[17:55:11] 11260 DofusMaps catched
[17:55:11] 169 StatedElements catched
[17:55:11] 323 InteractiveElements catched
[17:55:12] 15228 SpellLevels catched 
[17:55:12] 4772 Spells catched 
[17:55:12] 1179 LearnableSpells catched 
[17:55:12] 9780 ItemTemplates catched 
[17:55:12] 4489 Weapons catched 
[17:55:12] 363 ItemSets catched 
[17:55:12] 171 ItemTypes catched 
[17:55:13] 34 Handlers Readed
[17:55:13] 38 Messages Readed
[17:55:13] WorldServer start in 10045 ms.
[17:55:57] MySQL Database Connected
[17:55:57] 16 Breeds catched
[17:55:57] 256 Heads catched
[17:55:57] 561 Effects catched
[17:56:05] 11260 DofusMaps catched
[17:56:05] 169 StatedElements catched
[17:56:05] 323 InteractiveElements catched
[17:56:05] 15228 SpellLevels catched 
[17:56:05] 4772 Spells catched 
[17:56:05] 1179 LearnableSpells catched 
[17:56:07] 9780 ItemTemplates catched 
[17:56:07] 4489 Weapons catched 
[17:56:07] 363 ItemSets catched 
[17:56:07] 171 ItemTypes catched 
[17:56:07] 34 Handlers Readed
[17:56:07] 38 Messages Readed
[17:56:08] WorldServer start in 10831 ms.
[18:00:43] MySQL Database Connected
[18:00:43] 16 Breeds catched
[18:00:43] 256 Heads catched
[18:00:43] 561 Effects catched
[18:00:52] 11260 DofusMaps catched
[18:00:52] 169 StatedElements catched
[18:00:52] 323 InteractiveElements catched
[18:00:52] 15228 SpellLevels catched 
[18:00:52] 4772 Spells catched 
[18:00:52] 1179 LearnableSpells catched 
[18:00:52] 9780 ItemTemplates catched 
[18:00:53] 4489 Weapons catched 
[18:00:53] 363 ItemSets catched 
[18:00:53] 171 ItemTypes catched 
[18:00:53] 34 Handlers Readed
[18:00:53] 38 Messages Readed
[18:00:53] WorldServer start in 10174 ms.
[18:03:36] MySQL Database Connected
[18:03:36] 16 Breeds catched
[18:03:36] 256 Heads catched
[18:03:36] 561 Effects catched
[18:03:45] 11260 DofusMaps catched
[18:03:45] 169 StatedElements catched
[18:03:45] 323 InteractiveElements catched
[18:03:45] 15228 SpellLevels catched 
[18:03:45] 4772 Spells catched 
[18:03:45] 1179 LearnableSpells catched 
[18:03:45] 9780 ItemTemplates catched 
[18:03:46] 4489 Weapons catched 
[18:03:46] 363 ItemSets catched 
[18:03:46] 171 ItemTypes catched 
[18:03:46] 34 Handlers Readed
[18:03:46] 38 Messages Readed
[18:03:46] WorldServer start in 10053 ms.
[18:05:02] MySQL Database Connected
[18:05:02] 16 Breeds catched
[18:05:02] 256 Heads catched
[18:05:02] 561 Effects catched
[18:05:10] 11260 DofusMaps catched
[18:05:10] 169 StatedElements catched
[18:05:10] 323 InteractiveElements catched
[18:05:10] 15228 SpellLevels catched 
[18:05:10] 4772 Spells catched 
[18:05:11] 1179 LearnableSpells catched 
[18:05:11] 9780 ItemTemplates catched 
[18:05:11] 4489 Weapons catched 
[18:05:11] 363 ItemSets catched 
[18:05:11] 171 ItemTypes catched 
[18:05:11] 34 Handlers Readed
[18:05:12] 38 Messages Readed
[18:05:12] WorldServer start in 9552 ms.
[18:23:07] MySQL Database Connected
[18:23:07] 16 Breeds catched
[18:23:07] 256 Heads catched
[18:23:07] 561 Effects catched
[18:23:18] 11260 DofusMaps catched
[18:23:18] 169 StatedElements catched
[18:23:18] 323 InteractiveElements catched
[18:23:19] 15228 SpellLevels catched 
[18:23:19] 4772 Spells catched 
[18:23:19] 1179 LearnableSpells catched 
[18:23:19] 9780 ItemTemplates catched 
[18:23:19] 4489 Weapons catched 
[18:23:19] 363 ItemSets catched 
[18:23:19] 171 ItemTypes catched 
[18:23:20] 34 Handlers Readed
[18:23:20] 38 Messages Readed
[18:23:21] WorldServer start in 13944 ms.
[18:25:13] MySQL Database Connected
[18:25:13] 16 Breeds catched
[18:25:13] 256 Heads catched
[18:25:13] 561 Effects catched
[18:25:22] 11260 DofusMaps catched
[18:25:22] 169 StatedElements catched
[18:25:22] 323 InteractiveElements catched
[18:25:22] 15228 SpellLevels catched 
[18:25:22] 4772 Spells catched 
[18:25:22] 1179 LearnableSpells catched 
[18:25:23] 9780 ItemTemplates catched 
[18:25:23] 4489 Weapons catched 
[18:25:23] 363 ItemSets catched 
[18:25:23] 171 ItemTypes catched 
[18:25:23] 34 Handlers Readed
[18:25:23] 38 Messages Readed
[18:25:24] WorldServer start in 11543 ms.
[18:38:06] MySQL Database Connected
[18:38:06] 16 Breeds catched
[18:38:06] 256 Heads catched
[18:38:06] 561 Effects catched
[18:38:16] 11260 DofusMaps catched
[18:38:16] 169 StatedElements catched
[18:38:16] 323 InteractiveElements catched
[18:38:16] 15228 SpellLevels catched 
[18:38:16] 4772 Spells catched 
[18:38:16] 1179 LearnableSpells catched 
[18:38:17] 9780 ItemTemplates catched 
[18:38:17] 4489 Weapons catched 
[18:38:17] 363 ItemSets catched 
[18:38:17] 171 ItemTypes catched 
[18:38:17] 34 Handlers Readed
[18:38:17] 38 Messages Readed
[18:38:18] WorldServer start in 12794 ms.
[18:40:22] MySQL Database Connected
[18:40:22] 16 Breeds catched
[18:40:22] 256 Heads catched
[18:40:22] 561 Effects catched
[18:40:31] 11260 DofusMaps catched
[18:40:31] 169 StatedElements catched
[18:40:31] 323 InteractiveElements catched
[18:40:32] 15228 SpellLevels catched 
[18:40:32] 4772 Spells catched 
[18:40:32] 1179 LearnableSpells catched 
[18:40:32] 9780 ItemTemplates catched 
[18:40:32] 4489 Weapons catched 
[18:40:32] 363 ItemSets catched 
[18:40:32] 171 ItemTypes catched 
[18:40:33] 34 Handlers Readed
[18:40:33] 38 Messages Readed
[18:40:34] WorldServer start in 11683 ms.
[18:40:59] MySQL Database Connected
[18:40:59] 16 Breeds catched
[18:40:59] 256 Heads catched
[18:40:59] 561 Effects catched
[18:41:07] 11260 DofusMaps catched
[18:41:08] 169 StatedElements catched
[18:41:08] 323 InteractiveElements catched
[18:41:08] 15228 SpellLevels catched 
[18:41:08] 4772 Spells catched 
[18:41:08] 1179 LearnableSpells catched 
[18:41:09] 9780 ItemTemplates catched 
[18:41:09] 4489 Weapons catched 
[18:41:09] 363 ItemSets catched 
[18:41:09] 171 ItemTypes catched 
[18:41:09] 34 Handlers Readed
[18:41:09] 38 Messages Readed
[18:41:10] WorldServer start in 11604 ms.
[18:45:07] MySQL Database Connected
[18:45:07] 16 Breeds catched
[18:45:07] 256 Heads catched
[18:45:07] 561 Effects catched
[18:45:16] 11260 DofusMaps catched
[18:45:16] 169 StatedElements catched
[18:45:16] 323 InteractiveElements catched
[18:45:16] 15228 SpellLevels catched 
[18:45:16] 4772 Spells catched 
[18:45:16] 1179 LearnableSpells catched 
[18:45:17] 9780 ItemTemplates catched 
[18:45:17] 4489 Weapons catched 
[18:45:17] 363 ItemSets catched 
[18:45:17] 171 ItemTypes catched 
[18:45:17] 34 Handlers Readed
[18:45:17] 38 Messages Readed
[18:45:18] WorldServer start in 11595 ms.
[18:46:33] MySQL Database Connected
[18:46:34] 16 Breeds catched
[18:46:34] 256 Heads catched
[18:46:34] 561 Effects catched
[18:46:47] 11260 DofusMaps catched
[18:46:47] 169 StatedElements catched
[18:46:47] 323 InteractiveElements catched
[18:46:47] 15228 SpellLevels catched 
[18:46:47] 4772 Spells catched 
[18:46:47] 1179 LearnableSpells catched 
[18:46:48] 9780 ItemTemplates catched 
[18:46:48] 4489 Weapons catched 
[18:46:48] 363 ItemSets catched 
[18:46:48] 171 ItemTypes catched 
[18:46:49] 34 Handlers Readed
[18:46:49] 38 Messages Readed
[18:46:50] WorldServer start in 16475 ms.
[18:48:06] MySQL Database Connected
[18:48:06] 16 Breeds catched
[18:48:06] 256 Heads catched
[18:48:06] 561 Effects catched
[18:48:15] 11260 DofusMaps catched
[18:48:15] 169 StatedElements catched
[18:48:15] 323 InteractiveElements catched
[18:48:15] 15228 SpellLevels catched 
[18:48:15] 4772 Spells catched 
[18:48:15] 1179 LearnableSpells catched 
[18:48:16] 9780 ItemTemplates catched 
[18:48:16] 4489 Weapons catched 
[18:48:16] 363 ItemSets catched 
[18:48:16] 171 ItemTypes catched 
[18:48:16] 34 Handlers Readed
[18:48:16] 38 Messages Readed
[18:48:17] WorldServer start in 11621 ms.
[18:49:08] MySQL Database Connected
[18:49:08] 16 Breeds catched
[18:49:08] 256 Heads catched
[18:49:08] 561 Effects catched
[18:49:17] 11260 DofusMaps catched
[18:49:17] 169 StatedElements catched
[18:49:17] 323 InteractiveElements catched
[18:49:17] 15228 SpellLevels catched 
[18:49:17] 4772 Spells catched 
[18:49:17] 1179 LearnableSpells catched 
[18:49:18] 9780 ItemTemplates catched 
[18:49:18] 4489 Weapons catched 
[18:49:18] 363 ItemSets catched 
[18:49:18] 171 ItemTypes catched 
[18:49:19] 34 Handlers Readed
[18:49:19] 38 Messages Readed
[18:49:20] WorldServer start in 11406 ms.
[18:55:26] MySQL Database Connected
[18:55:26] 16 Breeds catched
[18:55:26] 256 Heads catched
[18:55:26] 561 Effects catched
[18:55:38] 11260 DofusMaps catched
[18:55:38] 169 StatedElements catched
[18:55:38] 323 InteractiveElements catched
[18:55:39] 15228 SpellLevels catched 
[18:55:39] 4772 Spells catched 
[18:55:39] 1179 LearnableSpells catched 
[18:55:39] 9780 ItemTemplates catched 
[18:55:39] 4489 Weapons catched 
[18:55:39] 363 ItemSets catched 
[18:55:39] 171 ItemTypes catched 
[18:55:40] 34 Handlers Readed
[18:55:40] 38 Messages Readed
[18:55:41] WorldServer start in 15524 ms.
[18:56:21] MySQL Database Connected
[18:56:22] 16 Breeds catched
[18:56:22] 256 Heads catched
[18:56:22] 561 Effects catched
[18:56:31] 11260 DofusMaps catched
[18:56:31] 169 StatedElements catched
[18:56:31] 323 InteractiveElements catched
[18:56:31] 15228 SpellLevels catched 
[18:56:31] 4772 Spells catched 
[18:56:31] 1179 LearnableSpells catched 
[18:56:32] 9780 ItemTemplates catched 
[18:56:32] 4489 Weapons catched 
[18:56:32] 363 ItemSets catched 
[18:56:32] 171 ItemTypes catched 
[18:56:32] 34 Handlers Readed
[18:56:32] 38 Messages Readed
[18:56:33] WorldServer start in 12107 ms.
