[16:44:58] MySQL Database Connected
[16:44:58] 16 Breeds catched
[16:44:58] 256 Heads catched
[16:44:58] 561 Effects catched
[16:45:08] 11260 DofusMaps catched
[16:45:08] 454 StatedElements catched
[16:45:08] 802 InteractiveElements catched
[16:45:08] 74 HouseInformations catched
[16:45:08] 118 InteractiveDoors catched
[16:45:09] 16 Triggers catched
[16:45:09] 3614 MapPositions uncatched
[16:45:09] 14681 MapPositions catched
[16:45:09] 42 MapZaaps catched
[16:45:10] 15228 SpellLevels catched 
[16:45:10] 4772 Spells catched 
[16:45:10] 1179 LearnableSpells catched 
[16:45:10] 9780 ItemTemplates catched 
[16:45:10] 4489 Weapons catched 
[16:45:10] 363 ItemSets catched 
[16:45:10] 171 ItemTypes catched 
[16:45:11] 2476 NpcTemplates catched 
[16:45:11] 137 NpcSpawns catched 
[16:45:12] 40 Handlers Readed
[16:45:12] 44 Messages Readed
[16:45:13] WorldServer start in 14913 ms.
[16:57:06] MySQL Database Connected
[16:57:06] 16 Breeds catched
[16:57:06] 256 Heads catched
[16:57:06] 561 Effects catched
[16:57:14] 11260 DofusMaps catched
[16:57:14] 454 StatedElements catched
[16:57:14] 802 InteractiveElements catched
[16:57:14] 74 HouseInformations catched
[16:57:14] 118 InteractiveDoors catched
[16:57:14] 16 Triggers catched
[16:57:14] 3614 MapPositions uncatched
[16:57:14] 14681 MapPositions catched
[16:57:14] 42 MapZaaps catched
[16:57:14] 15228 SpellLevels catched 
[16:57:14] 4772 Spells catched 
[16:57:14] 1179 LearnableSpells catched 
[16:57:15] 9780 ItemTemplates catched 
[16:57:15] 4489 Weapons catched 
[16:57:15] 363 ItemSets catched 
[16:57:15] 171 ItemTypes catched 
[16:57:15] 2476 NpcTemplates catched 
[16:57:15] 137 NpcSpawns catched 
[16:57:16] 40 Handlers Readed
[16:57:16] 44 Messages Readed
[16:57:16] WorldServer start in 10808 ms.
[17:04:16] MySQL Database Connected
[17:04:16] 16 Breeds catched
[17:04:16] 256 Heads catched
[17:04:16] 561 Effects catched
[17:04:24] 11260 DofusMaps catched
[17:04:24] 454 StatedElements catched
[17:04:24] 802 InteractiveElements catched
[17:04:24] 74 HouseInformations catched
[17:04:24] 118 InteractiveDoors catched
[17:04:24] 16 Triggers catched
[17:04:24] 3614 MapPositions uncatched
[17:04:24] 14681 MapPositions catched
[17:04:24] 42 MapZaaps catched
[17:04:24] 15228 SpellLevels catched 
[17:04:24] 4772 Spells catched 
[17:04:24] 1179 LearnableSpells catched 
[17:04:25] 9780 ItemTemplates catched 
[17:04:25] 4489 Weapons catched 
[17:04:25] 363 ItemSets catched 
[17:04:25] 171 ItemTypes catched 
[17:04:25] 2476 NpcTemplates catched 
[17:04:25] 137 NpcSpawns catched 
[17:04:25] 22 NpcItems catched 
[17:04:25] 40 Handlers Readed
[17:04:26] 44 Messages Readed
[17:04:26] WorldServer start in 9854 ms.
[17:16:17] MySQL Database Connected
[17:16:17] 16 Breeds catched
[17:16:17] 256 Heads catched
[17:16:17] 561 Effects catched
[17:16:31] 11260 DofusMaps catched
[17:16:31] 454 StatedElements catched
[17:16:31] 802 InteractiveElements catched
[17:16:31] 74 HouseInformations catched
[17:16:31] 118 InteractiveDoors catched
[17:16:31] 16 Triggers catched
[17:16:31] 3614 MapPositions uncatched
[17:16:31] 14681 MapPositions catched
[17:16:31] 42 MapZaaps catched
[17:16:32] 15228 SpellLevels catched 
[17:16:32] 4772 Spells catched 
[17:16:32] 1179 LearnableSpells catched 
[17:16:32] 9780 ItemTemplates catched 
[17:16:32] 4489 Weapons catched 
[17:16:32] 363 ItemSets catched 
[17:16:32] 171 ItemTypes catched 
[17:16:33] 2476 NpcTemplates catched 
[17:16:33] 137 NpcSpawns catched 
[17:16:33] 22 NpcItems catched 
[17:16:33] 40 Handlers Readed
[17:16:33] 44 Messages Readed
[17:16:33] WorldServer start in 16905 ms.
