[13:21:59] MySQL Database Connected
[13:21:59] 16 Breeds catched
[13:21:59] 256 Heads catched
[13:21:59] 561 Effects catched
[13:22:06] 11260 DofusMaps catched
[13:22:07] 454 StatedElements catched
[13:22:07] 802 InteractiveElements catched
[13:22:07] 74 HouseInformations catched
[13:22:07] 118 InteractiveDoors catched
[13:22:07] 16 Triggers catched
[13:22:07] 3614 MapPositions uncatched
[13:22:07] 14681 MapPositions catched
[13:22:07] 41 MapZaaps catched
[13:22:07] 15228 SpellLevels catched 
[13:22:07] 4772 Spells catched 
[13:22:07] 1179 LearnableSpells catched 
[13:22:07] 9780 ItemTemplates catched 
[13:22:07] 4489 Weapons catched 
[13:22:07] 363 ItemSets catched 
[13:22:07] 171 ItemTypes catched 
[13:22:08] 37 Handlers Readed
[13:22:08] 42 Messages Readed
[13:22:08] WorldServer start in 9831 ms.
[13:26:37] MySQL Database Connected
[13:26:37] 16 Breeds catched
[13:26:37] 256 Heads catched
[13:26:37] 561 Effects catched
[13:26:45] 11260 DofusMaps catched
[13:26:45] 454 StatedElements catched
[13:26:45] 802 InteractiveElements catched
[13:26:45] 74 HouseInformations catched
[13:26:45] 118 InteractiveDoors catched
[13:26:45] 16 Triggers catched
[13:26:45] 3614 MapPositions uncatched
[13:26:45] 14681 MapPositions catched
[13:26:46] 41 MapZaaps catched
[13:26:46] 15228 SpellLevels catched 
[13:26:46] 4772 Spells catched 
[13:26:46] 1179 LearnableSpells catched 
[13:26:46] 9780 ItemTemplates catched 
[13:26:46] 4489 Weapons catched 
[13:26:46] 363 ItemSets catched 
[13:26:46] 171 ItemTypes catched 
[13:26:47] 37 Handlers Readed
[13:26:47] 42 Messages Readed
[13:26:47] WorldServer start in 9850 ms.
[13:27:59] MySQL Database Connected
[13:27:59] 16 Breeds catched
[13:27:59] 256 Heads catched
[13:27:59] 561 Effects catched
[13:28:07] 11260 DofusMaps catched
[13:28:07] 454 StatedElements catched
[13:28:07] 802 InteractiveElements catched
[13:28:07] 74 HouseInformations catched
[13:28:07] 118 InteractiveDoors catched
[13:28:07] 16 Triggers catched
[13:28:07] 3614 MapPositions uncatched
[13:28:07] 14681 MapPositions catched
[13:28:07] 41 MapZaaps catched
[13:28:07] 15228 SpellLevels catched 
[13:28:07] 4772 Spells catched 
[13:28:07] 1179 LearnableSpells catched 
[13:28:08] 9780 ItemTemplates catched 
[13:28:08] 4489 Weapons catched 
[13:28:08] 363 ItemSets catched 
[13:28:08] 171 ItemTypes catched 
[13:28:08] 37 Handlers Readed
[13:28:08] 42 Messages Readed
[13:28:08] WorldServer start in 9380 ms.
[13:29:16] MySQL Database Connected
[13:29:16] 16 Breeds catched
[13:29:16] 256 Heads catched
[13:29:16] 561 Effects catched
[13:29:24] 11260 DofusMaps catched
[13:29:24] 454 StatedElements catched
[13:29:24] 802 InteractiveElements catched
[13:29:24] 74 HouseInformations catched
[13:29:24] 118 InteractiveDoors catched
[13:29:24] 16 Triggers catched
[13:29:24] 3614 MapPositions uncatched
[13:29:24] 14681 MapPositions catched
[13:29:24] 41 MapZaaps catched
[13:29:24] 15228 SpellLevels catched 
[13:29:24] 4772 Spells catched 
[13:29:24] 1179 LearnableSpells catched 
[13:29:25] 9780 ItemTemplates catched 
[13:29:25] 4489 Weapons catched 
[13:29:25] 363 ItemSets catched 
[13:29:25] 171 ItemTypes catched 
[13:29:25] 37 Handlers Readed
[13:29:25] 42 Messages Readed
[13:29:25] WorldServer start in 9598 ms.
[13:30:46] MySQL Database Connected
[13:30:46] 16 Breeds catched
[13:30:46] 256 Heads catched
[13:30:46] 561 Effects catched
[13:30:54] 11260 DofusMaps catched
[13:30:54] 454 StatedElements catched
[13:30:54] 802 InteractiveElements catched
[13:30:54] 74 HouseInformations catched
[13:30:54] 118 InteractiveDoors catched
[13:30:54] 16 Triggers catched
[13:30:54] 3614 MapPositions uncatched
[13:30:54] 14681 MapPositions catched
[13:30:54] 41 MapZaaps catched
[13:30:55] 15228 SpellLevels catched 
[13:30:55] 4772 Spells catched 
[13:30:55] 1179 LearnableSpells catched 
[13:30:55] 9780 ItemTemplates catched 
[13:30:55] 4489 Weapons catched 
[13:30:55] 363 ItemSets catched 
[13:30:55] 171 ItemTypes catched 
[13:30:55] 37 Handlers Readed
[13:30:56] 42 Messages Readed
[13:30:56] WorldServer start in 9762 ms.
[13:34:43] MySQL Database Connected
[13:34:43] 16 Breeds catched
[13:34:43] 256 Heads catched
[13:34:43] 561 Effects catched
[13:34:50] 11260 DofusMaps catched
[13:34:50] 454 StatedElements catched
[13:34:50] 802 InteractiveElements catched
[13:34:50] 74 HouseInformations catched
[13:34:50] 118 InteractiveDoors catched
[13:34:50] 16 Triggers catched
[13:34:51] 3614 MapPositions uncatched
[13:34:51] 14681 MapPositions catched
[13:34:51] 41 MapZaaps catched
[13:34:51] 15228 SpellLevels catched 
[13:34:51] 4772 Spells catched 
[13:34:51] 1179 LearnableSpells catched 
[13:34:51] 9780 ItemTemplates catched 
[13:34:51] 4489 Weapons catched 
[13:34:51] 363 ItemSets catched 
[13:34:51] 171 ItemTypes catched 
[13:34:52] 37 Handlers Readed
[13:34:52] 42 Messages Readed
[13:34:52] WorldServer start in 9599 ms.
[13:39:35] MySQL Database Connected
[13:39:35] 16 Breeds catched
[13:39:35] 256 Heads catched
[13:39:35] 561 Effects catched
[13:39:43] 11260 DofusMaps catched
[13:39:43] 454 StatedElements catched
[13:39:43] 802 InteractiveElements catched
[13:39:43] 74 HouseInformations catched
[13:39:43] 118 InteractiveDoors catched
[13:39:43] 16 Triggers catched
[13:39:43] 3614 MapPositions uncatched
[13:39:43] 14681 MapPositions catched
[13:39:43] 41 MapZaaps catched
[13:39:44] 15228 SpellLevels catched 
[13:39:44] 4772 Spells catched 
[13:39:44] 1179 LearnableSpells catched 
[13:39:44] 9780 ItemTemplates catched 
[13:39:44] 4489 Weapons catched 
[13:39:44] 363 ItemSets catched 
[13:39:44] 171 ItemTypes catched 
[13:39:44] 37 Handlers Readed
[13:39:45] 42 Messages Readed
[13:39:45] WorldServer start in 10240 ms.
[13:40:16] MySQL Database Connected
[13:40:16] 16 Breeds catched
[13:40:16] 256 Heads catched
[13:40:16] 561 Effects catched
[13:40:25] 11260 DofusMaps catched
[13:40:25] 454 StatedElements catched
[13:40:25] 802 InteractiveElements catched
[13:40:25] 74 HouseInformations catched
[13:40:25] 118 InteractiveDoors catched
[13:40:26] 16 Triggers catched
[13:40:26] 3614 MapPositions uncatched
[13:40:26] 14681 MapPositions catched
[13:40:26] 41 MapZaaps catched
[13:40:26] 15228 SpellLevels catched 
[13:40:26] 4772 Spells catched 
[13:40:26] 1179 LearnableSpells catched 
[13:40:26] 9780 ItemTemplates catched 
[13:40:27] 4489 Weapons catched 
[13:40:27] 363 ItemSets catched 
[13:40:27] 171 ItemTypes catched 
[13:40:27] 37 Handlers Readed
[13:40:27] 42 Messages Readed
[13:40:27] WorldServer start in 11815 ms.
[13:41:28] MySQL Database Connected
[13:41:28] 16 Breeds catched
[13:41:28] 256 Heads catched
[13:41:28] 561 Effects catched
[13:41:35] 11260 DofusMaps catched
[13:41:35] 454 StatedElements catched
[13:41:35] 802 InteractiveElements catched
[13:41:35] 74 HouseInformations catched
[13:41:35] 118 InteractiveDoors catched
[13:41:35] 16 Triggers catched
[13:41:35] 3614 MapPositions uncatched
[13:41:35] 14681 MapPositions catched
[13:41:35] 41 MapZaaps catched
[13:41:36] 15228 SpellLevels catched 
[13:41:36] 4772 Spells catched 
[13:41:36] 1179 LearnableSpells catched 
[13:41:36] 9780 ItemTemplates catched 
[13:41:36] 4489 Weapons catched 
[13:41:36] 363 ItemSets catched 
[13:41:36] 171 ItemTypes catched 
[13:41:36] 37 Handlers Readed
[13:41:37] 42 Messages Readed
[13:41:37] WorldServer start in 9502 ms.
[13:42:34] MySQL Database Connected
[13:42:34] 16 Breeds catched
[13:42:34] 256 Heads catched
[13:42:34] 561 Effects catched
[13:42:42] 11260 DofusMaps catched
[13:42:42] 454 StatedElements catched
[13:42:42] 802 InteractiveElements catched
[13:42:42] 74 HouseInformations catched
[13:42:42] 118 InteractiveDoors catched
[13:42:42] 16 Triggers catched
[13:42:42] 3614 MapPositions uncatched
[13:42:42] 14681 MapPositions catched
[13:42:42] 41 MapZaaps catched
[13:42:42] 15228 SpellLevels catched 
[13:42:42] 4772 Spells catched 
[13:42:42] 1179 LearnableSpells catched 
[13:42:42] 9780 ItemTemplates catched 
[13:42:43] 4489 Weapons catched 
[13:42:43] 363 ItemSets catched 
[13:42:43] 171 ItemTypes catched 
[13:42:43] 37 Handlers Readed
[13:42:43] 42 Messages Readed
[13:42:43] WorldServer start in 9535 ms.
[13:43:24] MySQL Database Connected
[13:43:24] 16 Breeds catched
[13:43:24] 256 Heads catched
[13:43:24] 561 Effects catched
[13:43:33] 11260 DofusMaps catched
[13:43:33] 454 StatedElements catched
[13:43:33] 802 InteractiveElements catched
[13:43:33] 74 HouseInformations catched
[13:43:33] 118 InteractiveDoors catched
[13:43:33] 16 Triggers catched
[13:43:33] 3614 MapPositions uncatched
[13:43:33] 14681 MapPositions catched
[13:43:33] 41 MapZaaps catched
[13:43:33] 15228 SpellLevels catched 
[13:43:33] 4772 Spells catched 
[13:43:33] 1179 LearnableSpells catched 
[13:43:34] 9780 ItemTemplates catched 
[13:43:34] 4489 Weapons catched 
[13:43:34] 363 ItemSets catched 
[13:43:34] 171 ItemTypes catched 
[13:43:34] 37 Handlers Readed
[13:43:34] 42 Messages Readed
[13:43:34] WorldServer start in 10478 ms.
[13:52:24] MySQL Database Connected
[13:52:24] 16 Breeds catched
[13:52:24] 256 Heads catched
[13:52:24] 561 Effects catched
[13:52:32] 11260 DofusMaps catched
[13:52:32] 454 StatedElements catched
[13:52:32] 802 InteractiveElements catched
[13:52:32] 74 HouseInformations catched
[13:52:32] 118 InteractiveDoors catched
[13:52:32] 16 Triggers catched
[13:52:32] 3614 MapPositions uncatched
[13:52:32] 14681 MapPositions catched
[13:52:32] 41 MapZaaps catched
[13:52:32] 15228 SpellLevels catched 
[13:52:32] 4772 Spells catched 
[13:52:32] 1179 LearnableSpells catched 
[13:52:32] 9780 ItemTemplates catched 
[13:52:33] 4489 Weapons catched 
[13:52:33] 363 ItemSets catched 
[13:52:33] 171 ItemTypes catched 
[13:52:33] 37 Handlers Readed
[13:52:33] 42 Messages Readed
[13:52:33] WorldServer start in 9668 ms.
[13:54:29] MySQL Database Connected
[13:54:29] 16 Breeds catched
[13:54:29] 256 Heads catched
[13:54:29] 561 Effects catched
[13:54:36] 11260 DofusMaps catched
[13:54:36] 454 StatedElements catched
[13:54:36] 802 InteractiveElements catched
[13:54:36] 74 HouseInformations catched
[13:54:36] 118 InteractiveDoors catched
[13:54:36] 16 Triggers catched
[13:54:36] 3614 MapPositions uncatched
[13:54:36] 14681 MapPositions catched
[13:54:36] 41 MapZaaps catched
[13:54:37] 15228 SpellLevels catched 
[13:54:37] 4772 Spells catched 
[13:54:37] 1179 LearnableSpells catched 
[13:54:37] 9780 ItemTemplates catched 
[13:54:37] 4489 Weapons catched 
[13:54:37] 363 ItemSets catched 
[13:54:37] 171 ItemTypes catched 
[13:54:37] 37 Handlers Readed
[13:54:38] 42 Messages Readed
[13:54:38] WorldServer start in 9426 ms.
[13:57:15] MySQL Database Connected
[13:57:15] 16 Breeds catched
[13:57:15] 256 Heads catched
[13:57:15] 561 Effects catched
[13:57:25] 11260 DofusMaps catched
[13:57:25] 454 StatedElements catched
[13:57:25] 802 InteractiveElements catched
[13:57:25] 74 HouseInformations catched
[13:57:25] 118 InteractiveDoors catched
[13:57:26] 16 Triggers catched
[13:57:26] 3614 MapPositions uncatched
[13:57:26] 14681 MapPositions catched
[13:57:26] 41 MapZaaps catched
[13:57:26] 15228 SpellLevels catched 
[13:57:26] 4772 Spells catched 
[13:57:26] 1179 LearnableSpells catched 
[13:57:26] 9780 ItemTemplates catched 
[13:57:26] 4489 Weapons catched 
[13:57:27] 363 ItemSets catched 
[13:57:27] 171 ItemTypes catched 
[13:57:27] 37 Handlers Readed
[13:57:27] 42 Messages Readed
[13:57:27] WorldServer start in 12321 ms.
[14:04:20] MySQL Database Connected
[14:04:20] 16 Breeds catched
[14:04:20] 256 Heads catched
[14:04:20] 561 Effects catched
[14:04:28] 11260 DofusMaps catched
[14:04:28] 454 StatedElements catched
[14:04:28] 802 InteractiveElements catched
[14:04:28] 74 HouseInformations catched
[14:04:28] 118 InteractiveDoors catched
[14:04:28] 16 Triggers catched
[14:04:28] 3614 MapPositions uncatched
[14:04:28] 14681 MapPositions catched
[14:04:28] 41 MapZaaps catched
[14:04:28] 15228 SpellLevels catched 
[14:04:28] 4772 Spells catched 
[14:04:28] 1179 LearnableSpells catched 
[14:04:29] 9780 ItemTemplates catched 
[14:04:29] 4489 Weapons catched 
[14:04:29] 363 ItemSets catched 
[14:04:29] 171 ItemTypes catched 
[14:04:29] 37 Handlers Readed
[14:04:29] 42 Messages Readed
[14:04:29] WorldServer start in 9606 ms.
[14:06:12] Packet not handled 5961
[14:06:14] Packet not handled 5961
[14:07:10] MySQL Database Connected
[14:07:10] 16 Breeds catched
[14:07:10] 256 Heads catched
[14:07:10] 561 Effects catched
[14:07:17] 11260 DofusMaps catched
[14:07:17] 454 StatedElements catched
[14:07:17] 802 InteractiveElements catched
[14:07:17] 74 HouseInformations catched
[14:07:17] 118 InteractiveDoors catched
[14:07:17] 16 Triggers catched
[14:07:17] 3614 MapPositions uncatched
[14:07:17] 14681 MapPositions catched
[14:07:17] 41 MapZaaps catched
[14:07:18] 15228 SpellLevels catched 
[14:07:18] 4772 Spells catched 
[14:07:18] 1179 LearnableSpells catched 
[14:07:18] 9780 ItemTemplates catched 
[14:07:18] 4489 Weapons catched 
[14:07:18] 363 ItemSets catched 
[14:07:18] 171 ItemTypes catched 
[14:07:19] 37 Handlers Readed
[14:07:19] 42 Messages Readed
[14:07:19] WorldServer start in 9377 ms.
[14:07:44] MySQL Database Connected
[14:07:44] 16 Breeds catched
[14:07:44] 256 Heads catched
[14:07:44] 561 Effects catched
[14:07:52] 11260 DofusMaps catched
[14:07:52] 454 StatedElements catched
[14:07:52] 802 InteractiveElements catched
[14:07:52] 74 HouseInformations catched
[14:07:52] 118 InteractiveDoors catched
[14:07:52] 16 Triggers catched
[14:07:52] 3614 MapPositions uncatched
[14:07:52] 14681 MapPositions catched
[14:07:52] 41 MapZaaps catched
[14:07:52] 15228 SpellLevels catched 
[14:07:52] 4772 Spells catched 
[14:07:52] 1179 LearnableSpells catched 
[14:07:53] 9780 ItemTemplates catched 
[14:07:53] 4489 Weapons catched 
[14:07:53] 363 ItemSets catched 
[14:07:53] 171 ItemTypes catched 
[14:07:53] 37 Handlers Readed
[14:07:53] 42 Messages Readed
[14:07:53] WorldServer start in 9665 ms.
[14:08:45] MySQL Database Connected
[14:08:45] 16 Breeds catched
[14:08:45] 256 Heads catched
[14:08:45] 561 Effects catched
[14:08:52] 11260 DofusMaps catched
[14:08:52] 454 StatedElements catched
[14:08:52] 802 InteractiveElements catched
[14:08:53] 74 HouseInformations catched
[14:08:53] 118 InteractiveDoors catched
[14:08:53] 16 Triggers catched
[14:08:53] 3614 MapPositions uncatched
[14:08:53] 14681 MapPositions catched
[14:08:53] 41 MapZaaps catched
[14:08:53] 15228 SpellLevels catched 
[14:08:53] 4772 Spells catched 
[14:08:53] 1179 LearnableSpells catched 
[14:08:53] 9780 ItemTemplates catched 
[14:08:54] 4489 Weapons catched 
[14:08:54] 363 ItemSets catched 
[14:08:54] 171 ItemTypes catched 
[14:08:54] 37 Handlers Readed
[14:08:54] 42 Messages Readed
[14:08:54] WorldServer start in 9526 ms.
[14:12:09] MySQL Database Connected
[14:12:09] 16 Breeds catched
[14:12:09] 256 Heads catched
[14:12:09] 561 Effects catched
[14:12:17] 11260 DofusMaps catched
[14:12:17] 454 StatedElements catched
[14:12:17] 802 InteractiveElements catched
[14:12:17] 74 HouseInformations catched
[14:12:17] 118 InteractiveDoors catched
[14:12:17] 16 Triggers catched
[14:12:17] 3614 MapPositions uncatched
[14:12:17] 14681 MapPositions catched
[14:12:17] 41 MapZaaps catched
[14:12:17] 15228 SpellLevels catched 
[14:12:18] 4772 Spells catched 
[14:12:18] 1179 LearnableSpells catched 
[14:12:18] 9780 ItemTemplates catched 
[14:12:18] 4489 Weapons catched 
[14:12:18] 363 ItemSets catched 
[14:12:18] 171 ItemTypes catched 
[14:12:18] 37 Handlers Readed
[14:12:19] 42 Messages Readed
[14:12:19] WorldServer start in 10255 ms.
[18:22:01] MySQL Database Connected
[18:22:01] 16 Breeds catched
[18:22:01] 256 Heads catched
[18:22:01] 561 Effects catched
[18:22:09] 11260 DofusMaps catched
[18:22:09] 454 StatedElements catched
[18:22:09] 802 InteractiveElements catched
[18:22:09] 74 HouseInformations catched
[18:22:09] 118 InteractiveDoors catched
[18:22:09] 16 Triggers catched
[18:22:09] 3614 MapPositions uncatched
[18:22:09] 14681 MapPositions catched
[18:22:09] 41 MapZaaps catched
[18:22:10] 15228 SpellLevels catched 
[18:22:10] 4772 Spells catched 
[18:22:10] 1179 LearnableSpells catched 
[18:22:10] 9780 ItemTemplates catched 
[18:22:11] 4489 Weapons catched 
[18:22:11] 363 ItemSets catched 
[18:22:11] 171 ItemTypes catched 
[18:22:11] 37 Handlers Readed
[18:22:11] 42 Messages Readed
[18:22:11] WorldServer start in 10603 ms.
[18:38:06] MySQL Database Connected
[18:38:06] 16 Breeds catched
[18:38:06] 256 Heads catched
[18:38:06] 561 Effects catched
[18:38:15] 11260 DofusMaps catched
[18:38:15] 454 StatedElements catched
[18:38:15] 802 InteractiveElements catched
[18:38:15] 74 HouseInformations catched
[18:38:15] 118 InteractiveDoors catched
[18:38:15] 16 Triggers catched
[18:38:15] 3614 MapPositions uncatched
[18:38:15] 14681 MapPositions catched
[18:38:15] 41 MapZaaps catched
[18:38:16] 15228 SpellLevels catched 
[18:38:16] 4772 Spells catched 
[18:38:16] 1179 LearnableSpells catched 
[18:38:16] 9780 ItemTemplates catched 
[18:38:16] 4489 Weapons catched 
[18:38:16] 363 ItemSets catched 
[18:38:16] 171 ItemTypes catched 
[18:38:16] 38 Handlers Readed
[18:38:17] 43 Messages Readed
[18:38:17] WorldServer start in 10883 ms.
[18:38:46] MySQL Database Connected
[18:38:47] 16 Breeds catched
[18:38:47] 256 Heads catched
[18:38:47] 561 Effects catched
[18:38:55] 11260 DofusMaps catched
[18:38:55] 454 StatedElements catched
[18:38:55] 802 InteractiveElements catched
[18:38:55] 74 HouseInformations catched
[18:38:55] 118 InteractiveDoors catched
[18:38:55] 16 Triggers catched
[18:38:55] 3614 MapPositions uncatched
[18:38:55] 14681 MapPositions catched
[18:38:55] 41 MapZaaps catched
[18:38:55] 15228 SpellLevels catched 
[18:38:55] 4772 Spells catched 
[18:38:55] 1179 LearnableSpells catched 
[18:38:56] 9780 ItemTemplates catched 
[18:38:56] 4489 Weapons catched 
[18:38:56] 363 ItemSets catched 
[18:38:56] 171 ItemTypes catched 
[18:38:56] 38 Handlers Readed
[18:38:56] 43 Messages Readed
[18:38:56] WorldServer start in 10059 ms.
[18:39:21] Packet not handled 5961
[18:50:48] MySQL Database Connected
[18:50:48] 16 Breeds catched
[18:50:48] 256 Heads catched
[18:50:48] 561 Effects catched
[18:50:56] 11260 DofusMaps catched
[18:50:56] 454 StatedElements catched
[18:50:56] 802 InteractiveElements catched
[18:50:56] 74 HouseInformations catched
[18:50:56] 118 InteractiveDoors catched
[18:50:56] 16 Triggers catched
[18:50:57] 3614 MapPositions uncatched
[18:50:57] 14681 MapPositions catched
[18:50:57] 42 MapZaaps catched
[18:50:57] 15228 SpellLevels catched 
[18:50:57] 4772 Spells catched 
[18:50:57] 1179 LearnableSpells catched 
[18:50:57] 9780 ItemTemplates catched 
[18:50:57] 4489 Weapons catched 
[18:50:57] 363 ItemSets catched 
[18:50:57] 171 ItemTypes catched 
[18:50:58] 39 Handlers Readed
[18:50:58] 43 Messages Readed
[18:50:58] WorldServer start in 9922 ms.
[19:09:53] MySQL Database Connected
[19:09:53] 16 Breeds catched
[19:09:53] 256 Heads catched
[19:09:53] 561 Effects catched
[19:10:00] 11260 DofusMaps catched
[19:10:00] 454 StatedElements catched
[19:10:00] 802 InteractiveElements catched
[19:10:00] 74 HouseInformations catched
[19:10:00] 118 InteractiveDoors catched
[19:10:01] 16 Triggers catched
[19:10:01] 3614 MapPositions uncatched
[19:10:01] 14681 MapPositions catched
[19:10:01] 42 MapZaaps catched
[19:10:02] 15228 SpellLevels catched 
[19:10:02] 4772 Spells catched 
[19:10:02] 1179 LearnableSpells catched 
[19:10:02] 9780 ItemTemplates catched 
[19:10:02] 4489 Weapons catched 
[19:10:02] 363 ItemSets catched 
[19:10:02] 171 ItemTypes catched 
[19:10:03] 39 Handlers Readed
[19:10:03] 43 Messages Readed
[19:10:03] WorldServer start in 10452 ms.
[19:18:59] MySQL Database Connected
[19:18:59] 16 Breeds catched
[19:18:59] 256 Heads catched
[19:18:59] 561 Effects catched
[19:19:07] 11260 DofusMaps catched
[19:19:07] 454 StatedElements catched
[19:19:07] 802 InteractiveElements catched
[19:19:07] 74 HouseInformations catched
[19:19:07] 118 InteractiveDoors catched
[19:19:07] 16 Triggers catched
[19:19:07] 3614 MapPositions uncatched
[19:19:07] 14681 MapPositions catched
[19:19:07] 42 MapZaaps catched
[19:19:07] 15228 SpellLevels catched 
[19:19:07] 4772 Spells catched 
[19:19:07] 1179 LearnableSpells catched 
[19:19:08] 9780 ItemTemplates catched 
[19:19:08] 4489 Weapons catched 
[19:19:08] 363 ItemSets catched 
[19:19:08] 171 ItemTypes catched 
[19:19:08] 39 Handlers Readed
[19:19:08] 43 Messages Readed
[19:19:08] WorldServer start in 10198 ms.
[19:20:35] MySQL Database Connected
[19:20:36] 16 Breeds catched
[19:20:36] 256 Heads catched
[19:20:36] 561 Effects catched
[19:20:44] 11260 DofusMaps catched
[19:20:44] 454 StatedElements catched
[19:20:44] 802 InteractiveElements catched
[19:20:44] 74 HouseInformations catched
[19:20:44] 118 InteractiveDoors catched
[19:20:44] 16 Triggers catched
[19:20:45] 3614 MapPositions uncatched
[19:20:45] 14681 MapPositions catched
[19:20:45] 42 MapZaaps catched
[19:20:45] 15228 SpellLevels catched 
[19:20:45] 4772 Spells catched 
[19:20:45] 1179 LearnableSpells catched 
[19:20:45] 9780 ItemTemplates catched 
[19:20:45] 4489 Weapons catched 
[19:20:45] 363 ItemSets catched 
[19:20:45] 171 ItemTypes catched 
[19:20:46] 39 Handlers Readed
[19:20:46] 43 Messages Readed
[19:20:46] WorldServer start in 10673 ms.
[19:25:14] MySQL Database Connected
[19:25:14] 16 Breeds catched
[19:25:14] 256 Heads catched
[19:25:14] 561 Effects catched
[19:25:23] 11260 DofusMaps catched
[19:25:23] 454 StatedElements catched
[19:25:23] 802 InteractiveElements catched
[19:25:23] 74 HouseInformations catched
[19:25:23] 118 InteractiveDoors catched
[19:25:23] 16 Triggers catched
[19:25:23] 3614 MapPositions uncatched
[19:25:23] 14681 MapPositions catched
[19:25:23] 42 MapZaaps catched
[19:25:23] 15228 SpellLevels catched 
[19:25:23] 4772 Spells catched 
[19:25:23] 1179 LearnableSpells catched 
[19:25:23] 9780 ItemTemplates catched 
[19:25:24] 4489 Weapons catched 
[19:25:24] 363 ItemSets catched 
[19:25:24] 171 ItemTypes catched 
[19:25:24] 39 Handlers Readed
[19:25:24] 43 Messages Readed
[19:25:24] WorldServer start in 10242 ms.
[19:35:38] MySQL Database Connected
[19:35:38] 16 Breeds catched
[19:35:38] 256 Heads catched
[19:35:38] 561 Effects catched
[19:35:46] 11260 DofusMaps catched
[19:35:46] 454 StatedElements catched
[19:35:46] 802 InteractiveElements catched
[19:35:46] 74 HouseInformations catched
[19:35:46] 118 InteractiveDoors catched
[19:35:46] 16 Triggers catched
[19:35:46] 3614 MapPositions uncatched
[19:35:46] 14681 MapPositions catched
[19:35:46] 42 MapZaaps catched
[19:35:46] 15228 SpellLevels catched 
[19:35:46] 4772 Spells catched 
[19:35:46] 1179 LearnableSpells catched 
[19:35:47] 9780 ItemTemplates catched 
[19:35:47] 4489 Weapons catched 
[19:35:47] 363 ItemSets catched 
[19:35:47] 171 ItemTypes catched 
[19:35:47] 39 Handlers Readed
[19:35:47] 43 Messages Readed
[19:35:47] WorldServer start in 9563 ms.
[19:36:43] MySQL Database Connected
[19:36:43] 16 Breeds catched
[19:36:43] 256 Heads catched
[19:36:43] 561 Effects catched
[19:36:51] 11260 DofusMaps catched
[19:36:51] 454 StatedElements catched
[19:36:52] 802 InteractiveElements catched
[19:36:52] 74 HouseInformations catched
[19:36:52] 118 InteractiveDoors catched
[19:36:52] 16 Triggers catched
[19:36:52] 3614 MapPositions uncatched
[19:36:52] 14681 MapPositions catched
[19:36:52] 42 MapZaaps catched
[19:36:52] 15228 SpellLevels catched 
[19:36:52] 4772 Spells catched 
[19:36:52] 1179 LearnableSpells catched 
[19:36:52] 9780 ItemTemplates catched 
[19:36:53] 4489 Weapons catched 
[19:36:53] 363 ItemSets catched 
[19:36:53] 171 ItemTypes catched 
[19:36:53] 39 Handlers Readed
[19:36:53] 43 Messages Readed
[19:36:53] WorldServer start in 10593 ms.
