[10:58:08] MySQL Database Connected
[10:58:08] 16 Breeds catched
[10:58:08] 256 Heads catched
[10:58:08] 566 Effects catched
[10:58:09] 4 SuperAreas catched
[10:58:09] 48 Areas catched
[10:58:10] 334 SubAreas catched
[10:58:36] 11267 DofusMaps catched
[10:58:36] 9761 StatedElements catched
[10:58:36] 13349 InteractiveElements catched
[10:58:36] 1485 HouseInformations catched
[10:58:36] 556 InteractiveDoors catched
[10:58:37] 3530 MapPositions uncatched
[10:58:37] 14681 MapPositions catched
[10:58:37] 42 MapZaaps catched
[10:58:37] 79 MapSubways catched
[10:58:37] 15612 SpellLevels catched 
[10:58:37] 4972 Spells catched 
[10:58:37] 4 SpellBombs catched 
[10:58:37] 316 GuildEmblems catched 
[10:58:37] 1179 LearnableSpells catched 
[10:58:38] 10063 ItemTemplates catched 
[10:58:38] 4355 Weapons catched 
[10:58:38] 366 ItemSets catched 
[10:58:38] 171 ItemTypes catched 
[10:58:38] 114 ItemPets catched 
[10:58:39] 2476 NpcTemplates catched 
[10:58:39] 787 NpcSpawns catched 
[10:58:39] 94 NpcItems catched 
[10:58:39] 19801 NpcMessages catched 
[10:58:39] 7 NpcReplies catched 
[10:58:39] 353 Triggers catched
[10:58:39] 1277 Paddocks catched
[10:58:39] 72 Mounts catched
[10:58:39] 3 Guild catched
[10:58:39] 2 GuildMembers catched
[10:58:39] 11 GatheringJob LevelInfos catched
[10:58:40] 233 InteractiveSkills LevelInfos catched
[10:58:40] 2210 Monster Templates catched
[10:58:40] 11688 Monster Grades catched
[10:58:40] 8021 Monster Drops catched
[10:58:42] 128 Handlers Readed
[10:58:43] 175 Messages Readed
[10:58:43] WorldServer start in 35465 ms.
[11:05:42] MySQL Database Connected
[11:05:42] 16 Breeds catched
[11:05:42] 256 Heads catched
[11:05:42] 566 Effects catched
[11:05:42] 4 SuperAreas catched
[11:05:42] 48 Areas catched
[11:05:44] 334 SubAreas catched
[11:05:44] 11267 DofusMaps catched
[11:05:44] 9761 StatedElements catched
[11:05:44] 13349 InteractiveElements catched
[11:05:44] 1485 HouseInformations catched
[11:05:44] 556 InteractiveDoors catched
[11:05:44] 3530 MapPositions uncatched
[11:05:44] 14681 MapPositions catched
[11:05:44] 42 MapZaaps catched
[11:05:44] 79 MapSubways catched
[11:05:45] 15612 SpellLevels catched 
[11:05:45] 4972 Spells catched 
[11:05:45] 4 SpellBombs catched 
[11:05:45] 316 GuildEmblems catched 
[11:05:45] 1179 LearnableSpells catched 
[11:05:45] 10063 ItemTemplates catched 
[11:05:45] 4355 Weapons catched 
[11:05:45] 366 ItemSets catched 
[11:05:45] 171 ItemTypes catched 
[11:05:45] 114 ItemPets catched 
[11:05:45] 2476 NpcTemplates catched 
[11:05:45] 787 NpcSpawns catched 
[11:05:45] 94 NpcItems catched 
[11:05:45] 19801 NpcMessages catched 
[11:05:45] 7 NpcReplies catched 
[11:05:45] 353 Triggers catched
[11:05:45] 1277 Paddocks catched
[11:05:45] 72 Mounts catched
[11:05:45] 3 Guild catched
[11:05:45] 2 GuildMembers catched
[11:05:45] 11 GatheringJob LevelInfos catched
[11:05:45] 233 InteractiveSkills LevelInfos catched
[11:05:45] 2210 Monster Templates catched
[11:05:45] 11688 Monster Grades catched
[11:05:46] 8021 Monster Drops catched
[11:05:46] 128 Handlers Readed
[11:05:46] 175 Messages Readed
[11:05:46] WorldServer start in 4677 ms.
[11:12:00] MySQL Database Connected
[11:12:00] 16 Breeds catched
[11:12:00] 256 Heads catched
[11:12:00] 566 Effects catched
[11:12:01] 4 SuperAreas catched
[11:12:01] 48 Areas catched
[11:12:02] 334 SubAreas catched
[11:12:02] 11267 DofusMaps catched
[11:12:02] 9761 StatedElements catched
[11:12:02] 13349 InteractiveElements catched
[11:12:02] 1485 HouseInformations catched
[11:12:02] 556 InteractiveDoors catched
[11:12:02] 3530 MapPositions uncatched
[11:12:02] 14681 MapPositions catched
[11:12:02] 42 MapZaaps catched
[11:12:02] 79 MapSubways catched
[11:12:03] 15612 SpellLevels catched 
[11:12:03] 4972 Spells catched 
[11:12:03] 4 SpellBombs catched 
[11:12:03] 316 GuildEmblems catched 
[11:12:03] 1179 LearnableSpells catched 
[11:12:03] 10063 ItemTemplates catched 
[11:12:03] 4355 Weapons catched 
[11:12:03] 366 ItemSets catched 
[11:12:03] 171 ItemTypes catched 
[11:12:03] 114 ItemPets catched 
[11:12:03] 2476 NpcTemplates catched 
[11:12:03] 787 NpcSpawns catched 
[11:12:03] 94 NpcItems catched 
[11:12:03] 19801 NpcMessages catched 
[11:12:03] 7 NpcReplies catched 
[11:12:03] 353 Triggers catched
[11:12:03] 1277 Paddocks catched
[11:12:03] 72 Mounts catched
[11:12:03] 3 Guild catched
[11:12:03] 2 GuildMembers catched
[11:12:03] 11 GatheringJob LevelInfos catched
[11:12:04] 233 InteractiveSkills LevelInfos catched
[11:12:04] 2210 Monster Templates catched
[11:12:04] 11688 Monster Grades catched
[11:12:04] 8021 Monster Drops catched
[11:12:04] 128 Handlers Readed
[11:12:04] 175 Messages Readed
[11:12:05] WorldServer start in 4760 ms.
[11:13:18] MySQL Database Connected
[11:13:18] 16 Breeds catched
[11:13:18] 256 Heads catched
[11:13:18] 566 Effects catched
[11:13:19] 4 SuperAreas catched
[11:13:19] 48 Areas catched
[11:13:20] 334 SubAreas catched
[11:13:20] 11267 DofusMaps catched
[11:13:20] 9761 StatedElements catched
[11:13:21] 13349 InteractiveElements catched
[11:13:21] 1485 HouseInformations catched
[11:13:21] 556 InteractiveDoors catched
[11:13:21] 3530 MapPositions uncatched
[11:13:21] 14681 MapPositions catched
[11:13:21] 42 MapZaaps catched
[11:13:21] 79 MapSubways catched
[11:13:21] 15612 SpellLevels catched 
[11:13:21] 4972 Spells catched 
[11:13:21] 4 SpellBombs catched 
[11:13:21] 316 GuildEmblems catched 
[11:13:21] 1179 LearnableSpells catched 
[11:13:21] 10063 ItemTemplates catched 
[11:13:21] 4355 Weapons catched 
[11:13:21] 366 ItemSets catched 
[11:13:21] 171 ItemTypes catched 
[11:13:21] 114 ItemPets catched 
[11:13:22] 2476 NpcTemplates catched 
[11:13:22] 787 NpcSpawns catched 
[11:13:22] 94 NpcItems catched 
[11:13:22] 19801 NpcMessages catched 
[11:13:22] 7 NpcReplies catched 
[11:13:22] 353 Triggers catched
[11:13:22] 1277 Paddocks catched
[11:13:22] 72 Mounts catched
[11:13:22] 3 Guild catched
[11:13:22] 2 GuildMembers catched
[11:13:22] 11 GatheringJob LevelInfos catched
[11:13:22] 233 InteractiveSkills LevelInfos catched
[11:13:22] 2210 Monster Templates catched
[11:13:22] 11688 Monster Grades catched
[11:13:22] 8021 Monster Drops catched
[11:13:22] 128 Handlers Readed
[11:13:23] 175 Messages Readed
[11:13:23] WorldServer start in 4645 ms.
[11:25:39] MySQL Database Connected
[11:25:39] 16 Breeds catched
[11:25:39] 256 Heads catched
[11:25:39] 566 Effects catched
[11:25:40] 4 SuperAreas catched
[11:25:40] 48 Areas catched
[11:25:41] 334 SubAreas catched
[11:25:41] 11267 DofusMaps catched
[11:25:41] 9761 StatedElements catched
[11:25:41] 13349 InteractiveElements catched
[11:25:41] 1485 HouseInformations catched
[11:25:41] 556 InteractiveDoors catched
[11:25:41] 3530 MapPositions uncatched
[11:25:41] 14681 MapPositions catched
[11:25:41] 42 MapZaaps catched
[11:25:41] 79 MapSubways catched
[11:25:42] 15612 SpellLevels catched 
[11:25:42] 4972 Spells catched 
[11:25:42] 4 SpellBombs catched 
[11:25:42] 316 GuildEmblems catched 
[11:25:42] 1179 LearnableSpells catched 
[11:25:42] 10063 ItemTemplates catched 
[11:25:42] 4355 Weapons catched 
[11:25:42] 366 ItemSets catched 
[11:25:42] 171 ItemTypes catched 
[11:25:42] 114 ItemPets catched 
[11:25:42] 2476 NpcTemplates catched 
[11:25:42] 787 NpcSpawns catched 
[11:25:42] 94 NpcItems catched 
[11:25:42] 19801 NpcMessages catched 
[11:25:42] 7 NpcReplies catched 
[11:25:42] 353 Triggers catched
[11:25:42] 1277 Paddocks catched
[11:25:42] 72 Mounts catched
[11:25:42] 3 Guild catched
[11:25:42] 2 GuildMembers catched
[11:25:42] 11 GatheringJob LevelInfos catched
[11:25:42] 233 InteractiveSkills LevelInfos catched
[11:25:43] 2210 Monster Templates catched
[11:25:43] 11688 Monster Grades catched
[11:25:43] 8021 Monster Drops catched
[11:25:43] 128 Handlers Readed
[11:25:43] 175 Messages Readed
[11:25:43] WorldServer start in 4406 ms.
[11:28:50] MySQL Database Connected
[11:28:50] 16 Breeds catched
[11:28:50] 256 Heads catched
[11:28:50] 566 Effects catched
[11:28:51] 4 SuperAreas catched
[11:28:51] 48 Areas catched
[11:28:52] 334 SubAreas catched
[11:28:52] 11267 DofusMaps catched
[11:28:52] 9761 StatedElements catched
[11:28:52] 13349 InteractiveElements catched
[11:28:52] 1485 HouseInformations catched
[11:28:52] 556 InteractiveDoors catched
[11:28:53] 3530 MapPositions uncatched
[11:28:53] 14681 MapPositions catched
[11:28:53] 42 MapZaaps catched
[11:28:53] 79 MapSubways catched
[11:28:53] 15612 SpellLevels catched 
[11:28:53] 4972 Spells catched 
[11:28:53] 4 SpellBombs catched 
[11:28:53] 316 GuildEmblems catched 
[11:28:53] 1179 LearnableSpells catched 
[11:28:53] 10063 ItemTemplates catched 
[11:28:53] 4355 Weapons catched 
[11:28:53] 366 ItemSets catched 
[11:28:53] 171 ItemTypes catched 
[11:28:53] 114 ItemPets catched 
[11:28:53] 2476 NpcTemplates catched 
[11:28:53] 787 NpcSpawns catched 
[11:28:53] 94 NpcItems catched 
[11:28:53] 19801 NpcMessages catched 
[11:28:53] 7 NpcReplies catched 
[11:28:53] 353 Triggers catched
[11:28:53] 1277 Paddocks catched
[11:28:53] 72 Mounts catched
[11:28:53] 3 Guild catched
[11:28:53] 2 GuildMembers catched
[11:28:53] 11 GatheringJob LevelInfos catched
[11:28:54] 233 InteractiveSkills LevelInfos catched
[11:28:54] 2210 Monster Templates catched
[11:28:54] 11688 Monster Grades catched
[11:28:54] 8021 Monster Drops catched
[11:28:54] 128 Handlers Readed
[11:28:55] 175 Messages Readed
[11:28:55] WorldServer start in 4806 ms.
[11:31:25] MySQL Database Connected
[11:31:25] 16 Breeds catched
[11:31:25] 256 Heads catched
[11:31:25] 566 Effects catched
[11:31:26] 4 SuperAreas catched
[11:31:26] 48 Areas catched
[11:31:26] 334 SubAreas catched
[11:31:27] 11267 DofusMaps catched
[11:31:27] 9761 StatedElements catched
[11:31:27] 13349 InteractiveElements catched
[11:31:27] 1485 HouseInformations catched
[11:31:27] 556 InteractiveDoors catched
[11:31:27] 3530 MapPositions uncatched
[11:31:27] 14681 MapPositions catched
[11:31:27] 42 MapZaaps catched
[11:31:27] 79 MapSubways catched
[11:31:28] 15612 SpellLevels catched 
[11:31:28] 4972 Spells catched 
[11:31:28] 4 SpellBombs catched 
[11:31:28] 316 GuildEmblems catched 
[11:31:28] 1179 LearnableSpells catched 
[11:31:28] 10063 ItemTemplates catched 
[11:31:28] 4355 Weapons catched 
[11:31:28] 366 ItemSets catched 
[11:31:28] 171 ItemTypes catched 
[11:31:28] 114 ItemPets catched 
[11:31:28] 2476 NpcTemplates catched 
[11:31:28] 787 NpcSpawns catched 
[11:31:28] 94 NpcItems catched 
[11:31:28] 19801 NpcMessages catched 
[11:31:28] 7 NpcReplies catched 
[11:31:28] 353 Triggers catched
[11:31:28] 1277 Paddocks catched
[11:31:28] 72 Mounts catched
[11:31:28] 3 Guild catched
[11:31:28] 2 GuildMembers catched
[11:31:28] 11 GatheringJob LevelInfos catched
[11:31:28] 233 InteractiveSkills LevelInfos catched
[11:31:28] 2210 Monster Templates catched
[11:31:29] 11688 Monster Grades catched
[11:31:29] 8021 Monster Drops catched
[11:31:29] 128 Handlers Readed
[11:31:29] 175 Messages Readed
[11:31:29] WorldServer start in 4768 ms.
[11:34:23] MySQL Database Connected
[11:34:23] 16 Breeds catched
[11:34:23] 256 Heads catched
[11:34:23] 566 Effects catched
[11:34:23] 4 SuperAreas catched
[11:34:23] 48 Areas catched
[11:34:24] 334 SubAreas catched
[11:34:25] 11267 DofusMaps catched
[11:34:25] 9761 StatedElements catched
[11:34:25] 13349 InteractiveElements catched
[11:34:25] 1485 HouseInformations catched
[11:34:25] 556 InteractiveDoors catched
[11:34:25] 3530 MapPositions uncatched
[11:34:25] 14681 MapPositions catched
[11:34:25] 42 MapZaaps catched
[11:34:25] 79 MapSubways catched
[11:34:25] 15612 SpellLevels catched 
[11:34:25] 4972 Spells catched 
[11:34:25] 4 SpellBombs catched 
[11:34:25] 316 GuildEmblems catched 
[11:34:25] 1179 LearnableSpells catched 
[11:34:25] 10063 ItemTemplates catched 
[11:34:25] 4355 Weapons catched 
[11:34:25] 366 ItemSets catched 
[11:34:25] 171 ItemTypes catched 
[11:34:26] 114 ItemPets catched 
[11:34:26] 2476 NpcTemplates catched 
[11:34:26] 787 NpcSpawns catched 
[11:34:26] 94 NpcItems catched 
[11:34:26] 19801 NpcMessages catched 
[11:34:26] 7 NpcReplies catched 
[11:34:26] 353 Triggers catched
[11:34:26] 1277 Paddocks catched
[11:34:26] 72 Mounts catched
[11:34:26] 3 Guild catched
[11:34:26] 2 GuildMembers catched
[11:34:26] 11 GatheringJob LevelInfos catched
[11:34:26] 233 InteractiveSkills LevelInfos catched
[11:34:26] 2210 Monster Templates catched
[11:34:26] 11688 Monster Grades catched
[11:34:26] 8021 Monster Drops catched
[11:34:27] 128 Handlers Readed
[11:34:27] 175 Messages Readed
[11:34:27] WorldServer start in 4877 ms.
[11:35:18] MySQL Database Connected
[11:35:18] 16 Breeds catched
[11:35:18] 256 Heads catched
[11:35:18] 566 Effects catched
[11:35:19] 4 SuperAreas catched
[11:35:19] 48 Areas catched
[11:35:20] 334 SubAreas catched
[11:35:20] 11267 DofusMaps catched
[11:35:20] 9761 StatedElements catched
[11:35:20] 13349 InteractiveElements catched
[11:35:20] 1485 HouseInformations catched
[11:35:20] 556 InteractiveDoors catched
[11:35:21] 3530 MapPositions uncatched
[11:35:21] 14681 MapPositions catched
[11:35:21] 42 MapZaaps catched
[11:35:21] 79 MapSubways catched
[11:35:21] 15612 SpellLevels catched 
[11:35:21] 4972 Spells catched 
[11:35:21] 4 SpellBombs catched 
[11:35:21] 316 GuildEmblems catched 
[11:35:21] 1179 LearnableSpells catched 
[11:35:21] 10063 ItemTemplates catched 
[11:35:21] 4355 Weapons catched 
[11:35:21] 366 ItemSets catched 
[11:35:21] 171 ItemTypes catched 
[11:35:21] 114 ItemPets catched 
[11:35:21] 2476 NpcTemplates catched 
[11:35:21] 787 NpcSpawns catched 
[11:35:21] 94 NpcItems catched 
[11:35:21] 19801 NpcMessages catched 
[11:35:21] 7 NpcReplies catched 
[11:35:21] 353 Triggers catched
[11:35:21] 1277 Paddocks catched
[11:35:21] 72 Mounts catched
[11:35:21] 3 Guild catched
[11:35:21] 2 GuildMembers catched
[11:35:21] 11 GatheringJob LevelInfos catched
[11:35:22] 233 InteractiveSkills LevelInfos catched
[11:35:22] 2210 Monster Templates catched
[11:35:22] 11688 Monster Grades catched
[11:35:22] 8021 Monster Drops catched
[11:35:22] 128 Handlers Readed
[11:35:22] 175 Messages Readed
[11:35:23] WorldServer start in 4402 ms.
[12:09:25] MySQL Database Connected
[12:09:25] 16 Breeds catched
[12:09:25] 256 Heads catched
[12:09:25] 566 Effects catched
[12:09:26] 4 SuperAreas catched
[12:09:26] 48 Areas catched
[12:09:27] 334 SubAreas catched
[12:09:28] 11267 DofusMaps catched
[12:09:28] 9761 StatedElements catched
[12:09:28] 13349 InteractiveElements catched
[12:09:28] 1485 HouseInformations catched
[12:09:28] 556 InteractiveDoors catched
[12:09:28] 3530 MapPositions uncatched
[12:09:28] 14681 MapPositions catched
[12:09:28] 42 MapZaaps catched
[12:09:28] 79 MapSubways catched
[12:09:28] 15612 SpellLevels catched 
[12:09:28] 4972 Spells catched 
[12:09:28] 4 SpellBombs catched 
[12:09:28] 316 GuildEmblems catched 
[12:09:28] 1179 LearnableSpells catched 
[12:09:28] 10063 ItemTemplates catched 
[12:09:28] 4355 Weapons catched 
[12:09:29] 366 ItemSets catched 
[12:09:29] 171 ItemTypes catched 
[12:09:29] 114 ItemPets catched 
[12:09:29] 2476 NpcTemplates catched 
[12:09:29] 787 NpcSpawns catched 
[12:09:29] 94 NpcItems catched 
[12:09:29] 19801 NpcMessages catched 
[12:09:29] 7 NpcReplies catched 
[12:09:29] 353 Triggers catched
[12:09:29] 1277 Paddocks catched
[12:09:29] 72 Mounts catched
[12:09:29] 3 Guild catched
[12:09:29] 2 GuildMembers catched
[12:09:29] 11 GatheringJob LevelInfos catched
[12:09:29] 233 InteractiveSkills LevelInfos catched
[12:09:29] 2210 Monster Templates catched
[12:09:29] 11688 Monster Grades catched
[12:09:29] 8021 Monster Drops catched
[12:09:30] 128 Handlers Readed
[12:09:30] 175 Messages Readed
[12:09:30] WorldServer start in 5036 ms.
[12:47:25] MySQL Database Connected
[12:47:25] 16 Breeds catched
[12:47:25] 256 Heads catched
[12:47:25] 566 Effects catched
[12:47:26] 4 SuperAreas catched
[12:47:26] 48 Areas catched
[12:47:27] 334 SubAreas catched
[12:47:27] 11267 DofusMaps catched
[12:47:27] 9761 StatedElements catched
[12:47:27] 13349 InteractiveElements catched
[12:47:27] 1485 HouseInformations catched
[12:47:27] 556 InteractiveDoors catched
[12:47:27] 3530 MapPositions uncatched
[12:47:27] 14681 MapPositions catched
[12:47:27] 42 MapZaaps catched
[12:47:27] 79 MapSubways catched
[12:47:28] 15612 SpellLevels catched 
[12:47:28] 4972 Spells catched 
[12:47:28] 4 SpellBombs catched 
[12:47:28] 316 GuildEmblems catched 
[12:47:28] 1179 LearnableSpells catched 
[12:47:28] 10063 ItemTemplates catched 
[12:47:28] 4355 Weapons catched 
[12:47:28] 366 ItemSets catched 
[12:47:28] 171 ItemTypes catched 
[12:47:28] 114 ItemPets catched 
[12:47:28] 2476 NpcTemplates catched 
[12:47:28] 787 NpcSpawns catched 
[12:47:28] 94 NpcItems catched 
[12:47:28] 19801 NpcMessages catched 
[12:47:28] 7 NpcReplies catched 
[12:47:28] 353 Triggers catched
[12:47:28] 1277 Paddocks catched
[12:47:29] 72 Mounts catched
[12:47:29] 3 Guild catched
[12:47:29] 2 GuildMembers catched
[12:47:29] 11 GatheringJob LevelInfos catched
[12:47:29] 233 InteractiveSkills LevelInfos catched
[12:47:29] 2210 Monster Templates catched
[12:47:29] 11688 Monster Grades catched
[12:47:29] 8021 Monster Drops catched
[12:47:29] 128 Handlers Readed
[12:47:30] 175 Messages Readed
[12:47:30] WorldServer start in 4930 ms.
[17:47:53] MySQL Database Connected
[17:47:53] 16 Breeds catched
[17:47:53] 256 Heads catched
[17:47:53] 566 Effects catched
[17:47:54] 4 SuperAreas catched
[17:47:54] 48 Areas catched
[17:47:55] 334 SubAreas catched
[17:47:55] 11267 DofusMaps catched
[17:47:55] 9761 StatedElements catched
[17:47:56] 13349 InteractiveElements catched
[17:47:56] 1485 HouseInformations catched
[17:47:56] 556 InteractiveDoors catched
[17:47:56] 3530 MapPositions uncatched
[17:47:56] 14681 MapPositions catched
[17:47:56] 42 MapZaaps catched
[17:47:56] 79 MapSubways catched
[17:47:56] 15612 SpellLevels catched 
[17:47:56] 4972 Spells catched 
[17:47:56] 4 SpellBombs catched 
[17:47:56] 316 GuildEmblems catched 
[17:47:56] 1179 LearnableSpells catched 
[17:47:56] 10063 ItemTemplates catched 
[17:47:56] 4355 Weapons catched 
[17:47:56] 366 ItemSets catched 
[17:47:56] 171 ItemTypes catched 
[17:47:56] 114 ItemPets catched 
[17:47:56] 2476 NpcTemplates catched 
[17:47:57] 787 NpcSpawns catched 
[17:47:57] 94 NpcItems catched 
[17:47:57] 19801 NpcMessages catched 
[17:47:57] 7 NpcReplies catched 
[17:47:57] 353 Triggers catched
[17:47:57] 1277 Paddocks catched
[17:47:57] 72 Mounts catched
[17:47:57] 3 Guild catched
[17:47:57] 2 GuildMembers catched
[17:47:57] 11 GatheringJob LevelInfos catched
[17:47:57] 233 InteractiveSkills LevelInfos catched
[17:47:57] 2210 Monster Templates catched
[17:47:57] 11688 Monster Grades catched
[17:47:57] 8021 Monster Drops catched
[17:47:59] 128 Handlers Readed
[17:48:03] 175 Messages Readed
[17:48:03] WorldServer start in 9868 ms.
[18:18:36] MySQL Database Connected
[18:18:36] 16 Breeds catched
[18:18:36] 256 Heads catched
[18:18:36] 566 Effects catched
[18:18:37] 4 SuperAreas catched
[18:18:37] 48 Areas catched
[18:18:38] 334 SubAreas catched
[18:18:39] 11267 DofusMaps catched
[18:18:39] 9763 StatedElements catched
[18:18:39] 13368 InteractiveElements catched
[18:18:39] 1485 HouseInformations catched
[18:18:39] 565 InteractiveDoors catched
[18:18:39] 3530 MapPositions uncatched
[18:18:39] 14681 MapPositions catched
[18:18:39] 42 MapZaaps catched
[18:18:39] 79 MapSubways catched
[18:18:39] 15612 SpellLevels catched 
[18:18:39] 4972 Spells catched 
[18:18:39] 4 SpellBombs catched 
[18:18:39] 316 GuildEmblems catched 
[18:18:40] 1179 LearnableSpells catched 
[18:18:40] 10063 ItemTemplates catched 
[18:18:40] 4355 Weapons catched 
[18:18:40] 366 ItemSets catched 
[18:18:40] 171 ItemTypes catched 
[18:18:40] 114 ItemPets catched 
[18:18:40] 2476 NpcTemplates catched 
[18:18:40] 802 NpcSpawns catched 
[18:18:40] 94 NpcItems catched 
[18:18:40] 19801 NpcMessages catched 
[18:18:40] 7 NpcReplies catched 
[18:18:40] 353 Triggers catched
[18:18:40] 1277 Paddocks catched
[18:18:40] 72 Mounts catched
[18:18:40] 3 Guild catched
[18:18:40] 2 GuildMembers catched
[18:18:40] 11 GatheringJob LevelInfos catched
[18:18:41] 233 InteractiveSkills LevelInfos catched
[18:18:41] 2210 Monster Templates catched
[18:18:41] 11688 Monster Grades catched
[18:18:41] 8021 Monster Drops catched
[18:18:41] 128 Handlers Readed
[18:18:42] 175 Messages Readed
[18:18:42] WorldServer start in 5642 ms.
[18:31:59] MySQL Database Connected
[18:31:59] 16 Breeds catched
[18:31:59] 256 Heads catched
[18:31:59] 566 Effects catched
[18:32:00] 4 SuperAreas catched
[18:32:00] 48 Areas catched
[18:32:01] 334 SubAreas catched
[18:32:02] 11267 DofusMaps catched
[18:32:02] 9763 StatedElements catched
[18:32:02] 13368 InteractiveElements catched
[18:32:02] 1485 HouseInformations catched
[18:32:02] 565 InteractiveDoors catched
[18:32:02] 3530 MapPositions uncatched
[18:32:02] 14681 MapPositions catched
[18:32:02] 42 MapZaaps catched
[18:32:02] 79 MapSubways catched
[18:32:02] 15612 SpellLevels catched 
[18:32:02] 4972 Spells catched 
[18:32:02] 4 SpellBombs catched 
[18:32:02] 316 GuildEmblems catched 
[18:32:02] 1179 LearnableSpells catched 
[18:32:02] 10063 ItemTemplates catched 
[18:32:03] 4355 Weapons catched 
[18:32:03] 366 ItemSets catched 
[18:32:03] 171 ItemTypes catched 
[18:32:03] 114 ItemPets catched 
[18:32:03] 2476 NpcTemplates catched 
[18:32:03] 802 NpcSpawns catched 
[18:32:03] 94 NpcItems catched 
[18:32:03] 19801 NpcMessages catched 
[18:32:03] 7 NpcReplies catched 
[18:32:03] 353 Triggers catched
[18:32:03] 1277 Paddocks catched
[18:32:03] 72 Mounts catched
[18:32:03] 3 Guild catched
[18:32:03] 2 GuildMembers catched
[18:32:03] 11 GatheringJob LevelInfos catched
[18:32:03] 233 InteractiveSkills LevelInfos catched
[18:32:03] 2210 Monster Templates catched
[18:32:03] 11688 Monster Grades catched
[18:32:03] 8021 Monster Drops catched
[18:32:04] 128 Handlers Readed
[18:32:04] 175 Messages Readed
[18:32:04] WorldServer start in 6081 ms.
[20:07:38] MySQL Database Connected
[20:07:38] 16 Breeds catched
[20:07:38] 256 Heads catched
[20:07:38] 566 Effects catched
[20:07:38] 4 SuperAreas catched
[20:07:38] 48 Areas catched
[20:07:40] 334 SubAreas catched
[20:07:40] 11267 DofusMaps catched
[20:07:40] 9763 StatedElements catched
[20:07:40] 13368 InteractiveElements catched
[20:07:40] 1485 HouseInformations catched
[20:07:40] 565 InteractiveDoors catched
[20:07:41] 3530 MapPositions uncatched
[20:07:41] 14681 MapPositions catched
[20:07:41] 42 MapZaaps catched
[20:07:41] 79 MapSubways catched
[20:07:41] 15612 SpellLevels catched 
[20:07:41] 4972 Spells catched 
[20:07:41] 4 SpellBombs catched 
[20:07:41] 316 GuildEmblems catched 
[20:07:41] 1179 LearnableSpells catched 
[20:07:41] 10063 ItemTemplates catched 
[20:07:41] 4355 Weapons catched 
[20:07:41] 366 ItemSets catched 
[20:07:41] 171 ItemTypes catched 
[20:07:41] 114 ItemPets catched 
[20:07:41] 2476 NpcTemplates catched 
[20:07:41] 802 NpcSpawns catched 
[20:07:41] 94 NpcItems catched 
[20:07:42] 19801 NpcMessages catched 
[20:07:42] 7 NpcReplies catched 
[20:07:42] 353 Triggers catched
[20:07:42] 1277 Paddocks catched
[20:07:42] 72 Mounts catched
[20:07:42] 3 Guild catched
[20:07:42] 2 GuildMembers catched
[20:07:42] 11 GatheringJob LevelInfos catched
[20:07:42] 233 InteractiveSkills LevelInfos catched
[20:07:42] 2210 Monster Templates catched
[20:07:42] 11688 Monster Grades catched
[20:07:42] 8021 Monster Drops catched
[20:07:42] 128 Handlers Readed
[20:07:43] 175 Messages Readed
[20:07:43] WorldServer start in 5154 ms.
[20:10:58] MySQL Database Connected
[20:10:58] 16 Breeds catched
[20:10:58] 256 Heads catched
[20:10:58] 566 Effects catched
[20:10:59] 4 SuperAreas catched
[20:10:59] 48 Areas catched
[20:11:00] 334 SubAreas catched
[20:11:01] 11267 DofusMaps catched
[20:11:01] 9763 StatedElements catched
[20:11:01] 13368 InteractiveElements catched
[20:11:01] 1485 HouseInformations catched
[20:11:01] 565 InteractiveDoors catched
[20:11:01] 3530 MapPositions uncatched
[20:11:01] 14681 MapPositions catched
[20:11:01] 42 MapZaaps catched
[20:11:01] 79 MapSubways catched
[20:11:01] 15612 SpellLevels catched 
[20:11:01] 4972 Spells catched 
[20:11:01] 4 SpellBombs catched 
[20:11:01] 316 GuildEmblems catched 
[20:11:01] 1179 LearnableSpells catched 
[20:11:02] 10063 ItemTemplates catched 
[20:11:02] 4355 Weapons catched 
[20:11:02] 366 ItemSets catched 
[20:11:02] 171 ItemTypes catched 
[20:11:02] 114 ItemPets catched 
[20:11:02] 2476 NpcTemplates catched 
[20:11:02] 802 NpcSpawns catched 
[20:11:02] 94 NpcItems catched 
[20:11:02] 19801 NpcMessages catched 
[20:11:02] 7 NpcReplies catched 
[20:11:02] 353 Triggers catched
[20:11:02] 1277 Paddocks catched
[20:11:02] 72 Mounts catched
[20:11:02] 3 Guild catched
[20:11:02] 2 GuildMembers catched
[20:11:02] 11 GatheringJob LevelInfos catched
[20:11:02] 233 InteractiveSkills LevelInfos catched
[20:11:02] 2210 Monster Templates catched
[20:11:02] 11688 Monster Grades catched
[20:11:02] 8021 Monster Drops catched
[20:11:03] 128 Handlers Readed
[20:11:03] 175 Messages Readed
[20:11:03] WorldServer start in 5393 ms.
