[13:24:26] MySQL Database Connected
[13:24:26] 16 Breeds catched
[13:24:26] 256 Heads catched
[13:24:53] 11260 DofusMaps catched
[13:24:53] 169 StatedElements catched
[13:24:53] 323 InteractiveElements catched
[13:24:55] 18 Handlers Readed
[13:24:55] 18 Messages Readed
[13:24:56] WorldServer start in 29668 ms.
[13:26:28] MySQL Database Connected
[13:26:28] 16 Breeds catched
[13:26:28] 256 Heads catched
[13:26:35] 11260 DofusMaps catched
[13:26:35] 169 StatedElements catched
[13:26:35] 323 InteractiveElements catched
[13:26:36] 18 Handlers Readed
[13:26:36] 18 Messages Readed
[13:26:36] WorldServer start in 8313 ms.
[13:27:50] MySQL Database Connected
[13:27:50] 16 Breeds catched
[13:27:50] 256 Heads catched
[13:27:59] 11260 DofusMaps catched
[13:27:59] 169 StatedElements catched
[13:27:59] 323 InteractiveElements catched
[13:27:59] 18 Handlers Readed
[13:27:59] 18 Messages Readed
[13:27:59] WorldServer start in 9009 ms.
[13:29:38] MySQL Database Connected
[13:29:38] 16 Breeds catched
[13:29:38] 256 Heads catched
[13:29:45] 11260 DofusMaps catched
[13:29:45] 169 StatedElements catched
[13:29:45] 323 InteractiveElements catched
[13:29:45] 18 Handlers Readed
[13:29:45] 18 Messages Readed
[13:29:45] WorldServer start in 7837 ms.
[13:30:07] MySQL Database Connected
[13:30:07] 16 Breeds catched
[13:30:07] 256 Heads catched
[13:30:14] 11260 DofusMaps catched
[13:30:14] 169 StatedElements catched
[13:30:14] 323 InteractiveElements catched
[13:30:15] 18 Handlers Readed
[13:30:15] 18 Messages Readed
[13:30:15] WorldServer start in 7906 ms.
[13:30:39] MySQL Database Connected
[13:30:39] 16 Breeds catched
[13:30:39] 256 Heads catched
[13:30:47] 11260 DofusMaps catched
[13:30:47] 169 StatedElements catched
[13:30:47] 323 InteractiveElements catched
[13:30:47] 18 Handlers Readed
[13:30:47] 18 Messages Readed
[13:30:48] WorldServer start in 8492 ms.
[13:31:07] MySQL Database Connected
[13:31:07] 16 Breeds catched
[13:31:07] 256 Heads catched
[13:31:14] 11260 DofusMaps catched
[13:31:14] 169 StatedElements catched
[13:31:14] 323 InteractiveElements catched
[13:31:15] 18 Handlers Readed
[13:31:15] 18 Messages Readed
[13:31:15] WorldServer start in 8384 ms.
[13:32:02] MySQL Database Connected
[13:32:02] 16 Breeds catched
[13:32:02] 256 Heads catched
[13:32:09] 11260 DofusMaps catched
[13:32:09] 169 StatedElements catched
[13:32:09] 323 InteractiveElements catched
[13:32:10] 18 Handlers Readed
[13:32:10] 18 Messages Readed
[13:32:10] WorldServer start in 8355 ms.
[13:33:10] MySQL Database Connected
[13:33:10] 16 Breeds catched
[13:33:10] 256 Heads catched
[13:33:25] 11260 DofusMaps catched
[13:33:25] 169 StatedElements catched
[13:33:25] 323 InteractiveElements catched
[13:33:25] 18 Handlers Readed
[13:33:25] 18 Messages Readed
[13:33:25] WorldServer start in 15823 ms.
[13:33:56] MySQL Database Connected
[13:33:57] 16 Breeds catched
[13:33:57] 256 Heads catched
[13:34:31] 11260 DofusMaps catched
[13:34:31] 169 StatedElements catched
[13:34:31] 323 InteractiveElements catched
[13:34:32] 18 Handlers Readed
[13:34:32] 18 Messages Readed
[13:34:32] WorldServer start in 35828 ms.
[13:35:30] MySQL Database Connected
[13:35:30] 16 Breeds catched
[13:35:30] 256 Heads catched
[13:35:38] 11260 DofusMaps catched
[13:35:38] 169 StatedElements catched
[13:35:38] 323 InteractiveElements catched
[13:35:39] 18 Handlers Readed
[13:35:39] 18 Messages Readed
[13:35:39] WorldServer start in 9362 ms.
[13:41:55] MySQL Database Connected
[13:41:55] 16 Breeds catched
[13:41:55] 256 Heads catched
[13:42:04] MySQL Database Connected
[13:42:04] 16 Breeds catched
[13:42:04] 256 Heads catched
[13:42:11] 11260 DofusMaps catched
[13:42:11] 169 StatedElements catched
[13:42:11] 323 InteractiveElements catched
[13:42:12] 18 Handlers Readed
[13:42:12] 18 Messages Readed
[13:42:12] WorldServer start in 7783 ms.
[13:43:04] MySQL Database Connected
[13:43:04] 16 Breeds catched
[13:43:04] 256 Heads catched
[13:43:10] 11260 DofusMaps catched
[13:43:10] 169 StatedElements catched
[13:43:10] 323 InteractiveElements catched
[13:43:11] 18 Handlers Readed
[13:43:11] 18 Messages Readed
[13:43:11] WorldServer start in 7368 ms.
[13:43:56] MySQL Database Connected
[13:43:56] 16 Breeds catched
[13:43:56] 256 Heads catched
[13:44:04] 11260 DofusMaps catched
[13:44:04] 169 StatedElements catched
[13:44:04] 323 InteractiveElements catched
[13:44:04] 18 Handlers Readed
[13:44:04] 18 Messages Readed
[13:44:04] WorldServer start in 8268 ms.
[14:13:24] MySQL Database Connected
[14:13:24] 16 Breeds catched
[14:13:24] 256 Heads catched
[14:13:33] 11260 DofusMaps catched
[14:13:33] 169 StatedElements catched
[14:13:33] 323 InteractiveElements catched
[14:13:33] 19 Handlers Readed
[14:13:34] 20 Messages Readed
[14:13:34] WorldServer start in 9744 ms.
[14:15:28] MySQL Database Connected
[14:15:28] 16 Breeds catched
[14:15:28] 256 Heads catched
[14:15:36] 11260 DofusMaps catched
[14:15:36] 169 StatedElements catched
[14:15:36] 323 InteractiveElements catched
[14:15:37] 19 Handlers Readed
[14:15:37] 20 Messages Readed
[14:15:37] WorldServer start in 9580 ms.
[14:16:38] MySQL Database Connected
[14:16:38] 16 Breeds catched
[14:16:38] 256 Heads catched
[14:16:45] 11260 DofusMaps catched
[14:16:45] 169 StatedElements catched
[14:16:46] 323 InteractiveElements catched
[14:16:46] 19 Handlers Readed
[14:16:46] 20 Messages Readed
[14:16:46] WorldServer start in 8307 ms.
[14:26:55] MySQL Database Connected
[14:26:55] 16 Breeds catched
[14:26:55] 256 Heads catched
[14:27:03] 11260 DofusMaps catched
[14:27:03] 169 StatedElements catched
[14:27:03] 323 InteractiveElements catched
[14:27:04] 19 Handlers Readed
[14:27:04] 20 Messages Readed
[14:27:04] WorldServer start in 8893 ms.
[14:28:54] MySQL Database Connected
[14:28:54] 16 Breeds catched
[14:28:54] 256 Heads catched
[14:29:01] 11260 DofusMaps catched
[14:29:01] 169 StatedElements catched
[14:29:01] 323 InteractiveElements catched
[14:29:01] 19 Handlers Readed
[14:29:01] 20 Messages Readed
[14:29:02] WorldServer start in 8267 ms.
[14:29:50] MySQL Database Connected
[14:29:50] 16 Breeds catched
[14:29:50] 256 Heads catched
[14:29:57] 11260 DofusMaps catched
[14:29:57] 169 StatedElements catched
[14:29:57] 323 InteractiveElements catched
[14:29:58] 19 Handlers Readed
[14:29:58] 20 Messages Readed
[14:29:58] WorldServer start in 8393 ms.
[14:30:44] MySQL Database Connected
[14:30:44] 16 Breeds catched
[14:30:44] 256 Heads catched
[14:30:51] 11260 DofusMaps catched
[14:30:51] 169 StatedElements catched
[14:30:51] 323 InteractiveElements catched
[14:30:52] 19 Handlers Readed
[14:30:52] 20 Messages Readed
[14:30:52] WorldServer start in 8366 ms.
[14:31:57] MySQL Database Connected
[14:31:57] 16 Breeds catched
[14:31:57] 256 Heads catched
[14:32:04] 11260 DofusMaps catched
[14:32:04] 169 StatedElements catched
[14:32:04] 323 InteractiveElements catched
[14:32:04] 19 Handlers Readed
[14:32:05] 20 Messages Readed
[14:32:05] WorldServer start in 8326 ms.
[14:32:40] MySQL Database Connected
[14:32:40] 16 Breeds catched
[14:32:40] 256 Heads catched
[14:32:48] 11260 DofusMaps catched
[14:32:48] 169 StatedElements catched
[14:32:48] 323 InteractiveElements catched
[14:32:48] 19 Handlers Readed
[14:32:48] 20 Messages Readed
[14:32:48] WorldServer start in 8085 ms.
[14:37:42] MySQL Database Connected
[14:37:43] 16 Breeds catched
[14:37:43] 256 Heads catched
[14:37:50] 11260 DofusMaps catched
[14:37:50] 169 StatedElements catched
[14:37:50] 323 InteractiveElements catched
[14:37:51] 19 Handlers Readed
[14:37:51] 20 Messages Readed
[14:37:51] WorldServer start in 8569 ms.
[14:38:12] MySQL Database Connected
[14:38:13] 16 Breeds catched
[14:38:13] 256 Heads catched
[14:38:21] 11260 DofusMaps catched
[14:38:21] 169 StatedElements catched
[14:38:21] 323 InteractiveElements catched
[14:38:21] 19 Handlers Readed
[14:38:22] 20 Messages Readed
[14:38:22] WorldServer start in 9534 ms.
[14:48:57] MySQL Database Connected
[14:48:58] 16 Breeds catched
[14:48:58] 256 Heads catched
[14:49:06] 11260 DofusMaps catched
[14:49:06] 169 StatedElements catched
[14:49:06] 323 InteractiveElements catched
[14:49:06] 19 Handlers Readed
[14:49:07] 20 Messages Readed
[14:49:07] WorldServer start in 9615 ms.
[14:50:53] MySQL Database Connected
[14:50:53] 16 Breeds catched
[14:50:53] 256 Heads catched
[14:51:01] 11260 DofusMaps catched
[14:51:01] 169 StatedElements catched
[14:51:01] 323 InteractiveElements catched
[14:51:01] 19 Handlers Readed
[14:51:01] 20 Messages Readed
[14:51:01] WorldServer start in 8634 ms.
[14:51:32] MySQL Database Connected
[14:51:32] 16 Breeds catched
[14:51:32] 256 Heads catched
[14:51:45] MySQL Database Connected
[14:51:46] 16 Breeds catched
[14:51:46] 256 Heads catched
[14:51:54] 11260 DofusMaps catched
[14:51:54] 169 StatedElements catched
[14:51:54] 323 InteractiveElements catched
[14:51:54] 19 Handlers Readed
[14:51:55] 20 Messages Readed
[14:51:55] WorldServer start in 9418 ms.
[14:54:22] MySQL Database Connected
[14:54:23] 16 Breeds catched
[14:54:23] 256 Heads catched
[14:54:30] 11260 DofusMaps catched
[14:54:30] 169 StatedElements catched
[14:54:30] 323 InteractiveElements catched
[14:54:31] 19 Handlers Readed
[14:54:31] 20 Messages Readed
[14:54:31] WorldServer start in 8735 ms.
[15:07:02] MySQL Database Connected
[15:07:02] 16 Breeds catched
[15:07:02] 256 Heads catched
[15:29:46] MySQL Database Connected
[15:29:46] 16 Breeds catched
[15:29:46] 256 Heads catched
[15:29:52] 11260 DofusMaps catched
[15:29:52] 169 StatedElements catched
[15:29:52] 323 InteractiveElements catched
[15:29:52] 19 Handlers Readed
[15:29:52] 20 Messages Readed
[15:29:52] WorldServer start in 6932 ms.
[15:40:08] MySQL Database Connected
[15:40:08] 16 Breeds catched
[15:40:08] 256 Heads catched
[15:40:16] 11260 DofusMaps catched
[15:40:16] 169 StatedElements catched
[15:40:16] 323 InteractiveElements catched
[15:40:16] 19 Handlers Readed
[15:40:16] 20 Messages Readed
[15:40:16] WorldServer start in 8526 ms.
[16:24:20] MySQL Database Connected
[16:24:20] 16 Breeds catched
[16:24:20] 256 Heads catched
[16:24:28] 11260 DofusMaps catched
[16:24:28] 169 StatedElements catched
[16:24:28] 323 InteractiveElements catched
[16:24:28] 19 Handlers Readed
[16:24:28] 20 Messages Readed
[16:24:28] WorldServer start in 8566 ms.
[16:25:24] MySQL Database Connected
[16:25:24] 16 Breeds catched
[16:25:24] 256 Heads catched
[16:25:33] 11260 DofusMaps catched
[16:25:33] 169 StatedElements catched
[16:25:33] 323 InteractiveElements catched
[16:25:33] 19 Handlers Readed
[16:25:33] 20 Messages Readed
[16:25:33] WorldServer start in 9168 ms.
[17:21:20] MySQL Database Connected
[17:21:20] 16 Breeds catched
[17:21:20] 256 Heads catched
[17:21:30] 11260 DofusMaps catched
[17:21:30] 169 StatedElements catched
[17:21:30] 323 InteractiveElements catched
[17:21:31] 19 Handlers Readed
[17:21:31] 20 Messages Readed
[17:21:31] WorldServer start in 11662 ms.
[22:10:03] MySQL Database Connected
[22:10:03] 16 Breeds catched
[22:10:03] 256 Heads catched
[22:10:18] 11260 DofusMaps catched
[22:10:18] 169 StatedElements catched
[22:10:18] 323 InteractiveElements catched
[22:10:18] 19 Handlers Readed
[22:10:18] 20 Messages Readed
[22:10:18] WorldServer start in 15746 ms.
[22:12:09] MySQL Database Connected
[22:12:09] 16 Breeds catched
[22:12:09] 256 Heads catched
[22:12:17] 11260 DofusMaps catched
[22:12:17] 169 StatedElements catched
[22:12:17] 323 InteractiveElements catched
[22:12:18] 19 Handlers Readed
[22:12:18] 20 Messages Readed
[22:12:18] WorldServer start in 8720 ms.
[22:12:42] MySQL Database Connected
[22:12:42] 16 Breeds catched
[22:12:42] 256 Heads catched
[22:12:50] 11260 DofusMaps catched
[22:12:50] 169 StatedElements catched
[22:12:50] 323 InteractiveElements catched
[22:12:50] 19 Handlers Readed
[22:12:51] 20 Messages Readed
[22:12:51] WorldServer start in 8514 ms.
[22:16:06] MySQL Database Connected
[22:16:06] 16 Breeds catched
[22:16:06] 256 Heads catched
[22:16:14] 11260 DofusMaps catched
[22:16:14] 169 StatedElements catched
[22:16:14] 323 InteractiveElements catched
[22:16:14] 19 Handlers Readed
[22:16:14] 20 Messages Readed
[22:16:15] WorldServer start in 8342 ms.
[22:18:04] MySQL Database Connected
[22:18:04] 16 Breeds catched
[22:18:04] 256 Heads catched
[22:18:14] 11260 DofusMaps catched
[22:18:14] 169 StatedElements catched
[22:18:14] 323 InteractiveElements catched
[22:18:14] 19 Handlers Readed
[22:18:14] 20 Messages Readed
[22:18:14] WorldServer start in 11099 ms.
[22:26:36] MySQL Database Connected
[22:26:36] 16 Breeds catched
[22:26:36] 256 Heads catched
[22:26:44] 11260 DofusMaps catched
[22:26:44] 169 StatedElements catched
[22:26:44] 323 InteractiveElements catched
[22:26:44] 19 Handlers Readed
[22:26:44] 20 Messages Readed
[22:26:44] WorldServer start in 8730 ms.
[22:46:52] MySQL Database Connected
[22:46:52] 16 Breeds catched
[22:46:52] 256 Heads catched
[22:47:00] 11260 DofusMaps catched
[22:47:00] 169 StatedElements catched
[22:47:00] 323 InteractiveElements catched
[22:47:00] 19 Handlers Readed
[22:47:01] 20 Messages Readed
[22:47:01] WorldServer start in 9374 ms.
[22:47:30] MySQL Database Connected
[22:47:30] 16 Breeds catched
[22:47:30] 256 Heads catched
[22:47:38] 11260 DofusMaps catched
[22:47:38] 169 StatedElements catched
[22:47:38] 323 InteractiveElements catched
[22:47:39] 19 Handlers Readed
[22:47:39] 20 Messages Readed
[22:47:39] WorldServer start in 8807 ms.
[23:02:34] MySQL Database Connected
[23:02:34] 16 Breeds catched
[23:02:34] 256 Heads catched
[23:02:42] 11260 DofusMaps catched
[23:02:42] 169 StatedElements catched
[23:02:42] 323 InteractiveElements catched
[23:02:42] 19 Handlers Readed
[23:02:42] 20 Messages Readed
[23:02:43] WorldServer start in 8595 ms.
[23:13:27] MySQL Database Connected
[23:13:27] 16 Breeds catched
[23:13:27] 256 Heads catched
[23:13:35] 11260 DofusMaps catched
[23:13:35] 169 StatedElements catched
[23:13:35] 323 InteractiveElements catched
[23:13:35] 18 Handlers Readed
[23:13:35] 20 Messages Readed
[23:13:35] WorldServer start in 8194 ms.
[23:13:45] Packet not handled 861
[23:13:47] Packet not handled 861
[23:15:50] MySQL Database Connected
[23:15:50] 16 Breeds catched
[23:15:50] 256 Heads catched
[23:16:09] 11260 DofusMaps catched
[23:16:09] 169 StatedElements catched
[23:16:09] 323 InteractiveElements catched
[23:16:10] 19 Handlers Readed
[23:16:10] 20 Messages Readed
[23:16:10] WorldServer start in 20113 ms.
[23:21:08] MySQL Database Connected
[23:21:08] 16 Breeds catched
[23:21:08] 256 Heads catched
[23:21:15] 11260 DofusMaps catched
[23:21:15] 169 StatedElements catched
[23:21:15] 323 InteractiveElements catched
[23:21:16] 19 Handlers Readed
[23:21:16] 20 Messages Readed
[23:21:16] WorldServer start in 8007 ms.
[23:22:36] MySQL Database Connected
[23:22:36] 16 Breeds catched
[23:22:36] 256 Heads catched
[23:22:43] 11260 DofusMaps catched
[23:22:43] 169 StatedElements catched
[23:22:43] 323 InteractiveElements catched
[23:22:44] 19 Handlers Readed
[23:22:44] 20 Messages Readed
[23:22:44] WorldServer start in 8211 ms.
[23:24:24] MySQL Database Connected
[23:24:24] 16 Breeds catched
[23:24:24] 256 Heads catched
[23:24:31] 11260 DofusMaps catched
[23:24:31] 169 StatedElements catched
[23:24:31] 323 InteractiveElements catched
[23:24:32] 19 Handlers Readed
[23:24:32] 20 Messages Readed
[23:24:32] WorldServer start in 8544 ms.
[23:33:39] MySQL Database Connected
[23:33:39] 16 Breeds catched
[23:33:39] 256 Heads catched
[23:33:46] 11260 DofusMaps catched
[23:33:46] 169 StatedElements catched
[23:33:46] 323 InteractiveElements catched
[23:33:47] 19 Handlers Readed
[23:33:47] 20 Messages Readed
[23:33:47] WorldServer start in 8559 ms.
[23:34:50] MySQL Database Connected
[23:34:50] 16 Breeds catched
[23:34:50] 256 Heads catched
[23:34:58] 11260 DofusMaps catched
[23:34:58] 169 StatedElements catched
[23:34:58] 323 InteractiveElements catched
[23:34:58] 19 Handlers Readed
[23:34:58] 20 Messages Readed
[23:34:58] WorldServer start in 8671 ms.
[23:37:37] MySQL Database Connected
[23:37:37] 16 Breeds catched
[23:37:37] 256 Heads catched
[23:37:45] 11260 DofusMaps catched
[23:37:45] 169 StatedElements catched
[23:37:45] 323 InteractiveElements catched
[23:37:45] 19 Handlers Readed
[23:37:45] 20 Messages Readed
[23:37:45] WorldServer start in 8447 ms.
