[16:00:13] MySQL Database Connected
[16:00:13] 16 Breeds catched
[16:00:13] 5 Handlers Readed
[16:00:13] 5 Messages Readed
[16:00:13] WorldServer start in 980 ms.
[16:01:57] MySQL Database Connected
[16:01:57] 16 Breeds catched
[16:01:57] 5 Handlers Readed
[16:01:57] 5 Messages Readed
[16:01:57] WorldServer start in 631 ms.
[16:23:15] MySQL Database Connected
[16:23:16] 16 Breeds catched
[16:23:16] 5 Handlers Readed
[16:23:16] 5 Messages Readed
[16:23:16] WorldServer start in 673 ms.
[16:26:46] MySQL Database Connected
[16:26:47] 0 Breeds catched
[16:26:47] 5 Handlers Readed
[16:26:47] 5 Messages Readed
[16:26:47] WorldServer start in 618 ms.
[16:27:06] MySQL Database Connected
[16:27:06] 16 Breeds catched
[16:27:06] 5 Handlers Readed
[16:27:07] 5 Messages Readed
[16:27:07] WorldServer start in 657 ms.
[16:34:58] MySQL Database Connected
[16:34:59] 16 Breeds catched
[16:34:59] 5 Handlers Readed
[16:34:59] 5 Messages Readed
[16:34:59] WorldServer start in 1006 ms.
[16:37:20] MySQL Database Connected
[16:37:20] 16 Breeds catched
[16:37:20] 5 Handlers Readed
[16:37:20] 5 Messages Readed
[16:37:20] WorldServer start in 649 ms.
[16:38:13] MySQL Database Connected
[16:38:13] 16 Breeds catched
[16:38:14] 5 Handlers Readed
[16:38:14] 5 Messages Readed
[16:38:14] WorldServer start in 654 ms.
[16:38:20] MySQL Database Connected
[16:38:21] 16 Breeds catched
[16:39:28] MySQL Database Connected
[16:39:29] 16 Breeds catched
[16:39:29] 5 Handlers Readed
[16:39:29] 5 Messages Readed
[16:39:29] WorldServer start in 654 ms.
[16:39:51] MySQL Database Connected
[16:39:51] 16 Breeds catched
[16:39:51] 5 Handlers Readed
[16:39:51] 5 Messages Readed
[16:39:51] WorldServer start in 691 ms.
[16:40:29] MySQL Database Connected
[16:40:30] 16 Breeds catched
[16:40:30] 5 Handlers Readed
[16:40:30] 5 Messages Readed
[16:40:30] WorldServer start in 675 ms.
[16:41:04] MySQL Database Connected
[16:41:04] 16 Breeds catched
[16:41:04] 5 Handlers Readed
[16:41:04] 5 Messages Readed
[16:41:04] WorldServer start in 702 ms.
[16:46:56] MySQL Database Connected
[16:46:56] 16 Breeds catched
[16:46:56] 256 Heads catched
[16:46:56] 5 Handlers Readed
[16:46:56] 5 Messages Readed
[16:46:56] WorldServer start in 641 ms.
[17:25:09] MySQL Database Connected
[17:25:10] 16 Breeds catched
[17:25:10] 256 Heads catched
[17:25:10] 5 Handlers Readed
[17:25:10] 5 Messages Readed
[17:25:10] WorldServer start in 664 ms.
[17:27:09] MySQL Database Connected
[17:27:09] 16 Breeds catched
[17:27:09] 256 Heads catched
[17:27:09] 5 Handlers Readed
[17:27:09] 5 Messages Readed
[17:27:09] WorldServer start in 657 ms.
[17:28:33] MySQL Database Connected
[17:28:33] 16 Breeds catched
[17:28:33] 256 Heads catched
[17:28:33] 5 Handlers Readed
[17:28:33] 5 Messages Readed
[17:28:33] WorldServer start in 666 ms.
[17:29:04] MySQL Database Connected
[17:29:04] 16 Breeds catched
[17:29:04] 256 Heads catched
[17:29:04] 5 Handlers Readed
[17:29:04] 5 Messages Readed
[17:29:04] WorldServer start in 637 ms.
[17:52:26] MySQL Database Connected
[17:52:26] 16 Breeds catched
[17:52:26] 256 Heads catched
[17:52:27] 5 Handlers Readed
[17:52:27] 5 Messages Readed
[17:52:27] WorldServer start in 655 ms.
[18:16:41] MySQL Database Connected
[18:16:41] 16 Breeds catched
[18:16:41] 256 Heads catched
[18:16:41] 5 Handlers Readed
[18:16:41] 5 Messages Readed
[18:16:41] WorldServer start in 644 ms.
[18:17:17] MySQL Database Connected
[18:17:17] 16 Breeds catched
[18:17:17] 256 Heads catched
[18:17:17] 5 Handlers Readed
[18:17:17] 5 Messages Readed
[18:17:17] WorldServer start in 640 ms.
[18:19:19] MySQL Database Connected
[18:19:19] 16 Breeds catched
[18:19:19] 256 Heads catched
[18:19:19] 5 Handlers Readed
[18:19:19] 5 Messages Readed
[18:19:20] WorldServer start in 673 ms.
[18:23:37] MySQL Database Connected
[18:23:37] 16 Breeds catched
[18:23:37] 256 Heads catched
[18:23:37] 5 Handlers Readed
[18:23:37] 5 Messages Readed
[18:23:37] WorldServer start in 683 ms.
[18:25:50] MySQL Database Connected
[18:25:50] 16 Breeds catched
[18:25:50] 256 Heads catched
[18:25:51] 5 Handlers Readed
[18:25:51] 5 Messages Readed
[18:25:51] WorldServer start in 644 ms.
[18:26:28] MySQL Database Connected
[18:26:28] 16 Breeds catched
[18:26:28] 256 Heads catched
[18:26:28] 5 Handlers Readed
[18:26:28] 5 Messages Readed
[18:26:28] WorldServer start in 649 ms.
[18:27:30] MySQL Database Connected
[18:27:30] 16 Breeds catched
[18:27:30] 256 Heads catched
[18:27:30] 5 Handlers Readed
[18:27:30] 5 Messages Readed
[18:27:31] WorldServer start in 678 ms.
[18:28:28] MySQL Database Connected
[18:28:28] 16 Breeds catched
[18:28:28] 256 Heads catched
[18:28:28] 5 Handlers Readed
[18:28:28] 5 Messages Readed
[18:28:28] WorldServer start in 692 ms.
[18:29:15] MySQL Database Connected
[18:29:15] 16 Breeds catched
[18:29:15] 256 Heads catched
[18:29:16] 5 Handlers Readed
[18:29:16] 5 Messages Readed
[18:29:16] WorldServer start in 653 ms.
[18:30:22] MySQL Database Connected
[18:30:22] 16 Breeds catched
[18:30:22] 256 Heads catched
[18:30:22] 5 Handlers Readed
[18:30:22] 5 Messages Readed
[18:30:22] WorldServer start in 664 ms.
[18:31:01] MySQL Database Connected
[18:31:01] 16 Breeds catched
[18:31:01] 256 Heads catched
[18:31:02] 5 Handlers Readed
[18:31:02] 5 Messages Readed
[18:31:02] WorldServer start in 647 ms.
[18:31:29] MySQL Database Connected
[18:31:30] 16 Breeds catched
[18:31:30] 256 Heads catched
[18:31:30] 5 Handlers Readed
[18:31:30] 5 Messages Readed
[18:31:30] WorldServer start in 666 ms.
[19:12:56] MySQL Database Connected
[19:12:56] 16 Breeds catched
[19:12:56] 256 Heads catched
[19:12:57] 5 Handlers Readed
[19:12:57] 5 Messages Readed
[19:12:57] WorldServer start in 671 ms.
[19:14:38] MySQL Database Connected
[19:14:38] 16 Breeds catched
[19:14:38] 256 Heads catched
[19:14:38] 5 Handlers Readed
[19:14:38] 5 Messages Readed
[19:14:38] WorldServer start in 716 ms.
[19:17:59] MySQL Database Connected
[19:17:59] 16 Breeds catched
[19:17:59] 256 Heads catched
[19:17:59] 5 Handlers Readed
[19:17:59] 5 Messages Readed
[19:17:59] WorldServer start in 645 ms.
[19:22:29] MySQL Database Connected
[19:22:29] 16 Breeds catched
[19:22:29] 256 Heads catched
[19:22:29] 5 Handlers Readed
[19:22:30] 5 Messages Readed
[19:22:30] WorldServer start in 683 ms.
[19:22:46] MySQL Database Connected
[19:22:46] 16 Breeds catched
[19:22:46] 256 Heads catched
[19:22:46] 5 Handlers Readed
[19:22:46] 5 Messages Readed
[19:22:46] WorldServer start in 669 ms.
[19:23:55] MySQL Database Connected
[19:23:55] 16 Breeds catched
[19:23:55] 256 Heads catched
[19:23:55] 5 Handlers Readed
[19:23:55] 5 Messages Readed
[19:23:55] WorldServer start in 640 ms.
[19:25:29] MySQL Database Connected
[19:25:29] 16 Breeds catched
[19:25:29] 256 Heads catched
[19:25:30] 5 Handlers Readed
[19:25:30] 5 Messages Readed
[19:25:30] WorldServer start in 648 ms.
[21:12:41] MySQL Database Connected
[21:12:41] 16 Breeds catched
[21:12:41] 256 Heads catched
[21:12:41] 2 Handlers Readed
[21:12:41] 6 Messages Readed
[21:12:41] WorldServer start in 663 ms.
[21:12:46] Packet not handled 150
[21:12:57] MySQL Database Connected
[21:12:57] 16 Breeds catched
[21:12:57] 256 Heads catched
[21:12:57] 2 Handlers Readed
[21:12:57] 6 Messages Readed
[21:12:57] WorldServer start in 709 ms.
[21:13:00] Packet not handled 150
[21:14:14] MySQL Database Connected
[21:14:14] 16 Breeds catched
[21:14:14] 256 Heads catched
[21:14:15] 2 Handlers Readed
[21:14:15] 6 Messages Readed
[21:14:15] WorldServer start in 790 ms.
[21:14:26] Packet not handled 150
[21:15:55] MySQL Database Connected
[21:15:55] 16 Breeds catched
[21:15:55] 256 Heads catched
[21:15:56] 2 Handlers Readed
[21:15:56] 6 Messages Readed
[21:15:56] WorldServer start in 721 ms.
[21:15:59] Packet not handled 150
[21:16:46] Packet not handled 150
[21:18:18] Packet not handled 150
[21:19:59] MySQL Database Connected
[21:19:59] 16 Breeds catched
[21:19:59] 256 Heads catched
[21:20:00] 2 Handlers Readed
[21:20:00] 6 Messages Readed
[21:20:00] WorldServer start in 671 ms.
[21:20:04] Packet not handled 150
[21:21:00] MySQL Database Connected
[21:21:00] 16 Breeds catched
[21:21:00] 256 Heads catched
[21:21:00] 2 Handlers Readed
[21:21:00] 6 Messages Readed
[21:21:00] WorldServer start in 664 ms.
[21:21:17] MySQL Database Connected
[21:21:17] 16 Breeds catched
[21:21:17] 256 Heads catched
[21:21:17] 2 Handlers Readed
[21:21:17] 6 Messages Readed
[21:21:17] WorldServer start in 689 ms.
[21:22:09] Packet not handled 150
[21:23:48] MySQL Database Connected
[21:23:48] 16 Breeds catched
[21:23:48] 256 Heads catched
[21:23:48] 2 Handlers Readed
[21:23:48] 6 Messages Readed
[21:23:48] WorldServer start in 657 ms.
[21:23:53] Packet not handled 150
[21:24:37] MySQL Database Connected
[21:24:37] 16 Breeds catched
[21:24:37] 256 Heads catched
[21:24:37] 2 Handlers Readed
[21:24:37] 6 Messages Readed
[21:24:37] WorldServer start in 677 ms.
[21:25:12] MySQL Database Connected
[21:25:12] 16 Breeds catched
[21:25:12] 256 Heads catched
[21:25:12] 2 Handlers Readed
[21:25:12] 6 Messages Readed
[21:25:13] WorldServer start in 638 ms.
[21:25:24] MySQL Database Connected
[21:25:24] 16 Breeds catched
[21:25:24] 256 Heads catched
[21:25:24] 2 Handlers Readed
[21:25:24] 6 Messages Readed
[21:25:24] WorldServer start in 639 ms.
[21:25:30] Packet not handled 150
[21:25:44] MySQL Database Connected
[21:25:44] 16 Breeds catched
[21:25:44] 256 Heads catched
[21:25:44] 2 Handlers Readed
[21:25:44] 6 Messages Readed
[21:25:44] WorldServer start in 694 ms.
[21:27:04] MySQL Database Connected
[21:27:04] 16 Breeds catched
[21:27:04] 256 Heads catched
[21:27:04] 2 Handlers Readed
[21:27:04] 6 Messages Readed
[21:27:04] WorldServer start in 647 ms.
[21:27:09] Packet not handled 150
[21:27:37] MySQL Database Connected
[21:27:37] 16 Breeds catched
[21:27:37] 256 Heads catched
[21:27:37] 6 Handlers Readed
[21:27:37] 6 Messages Readed
[21:27:37] WorldServer start in 666 ms.
[21:27:53] MySQL Database Connected
[21:27:53] 16 Breeds catched
[21:27:53] 256 Heads catched
[21:27:53] 2 Handlers Readed
[21:27:53] 6 Messages Readed
[21:27:53] WorldServer start in 686 ms.
[21:28:07] Packet not handled 150
[21:28:13] MySQL Database Connected
[21:28:13] 16 Breeds catched
[21:28:13] 256 Heads catched
[21:28:13] 6 Handlers Readed
[21:28:13] 6 Messages Readed
[21:28:13] WorldServer start in 713 ms.
[21:29:05] MySQL Database Connected
[21:29:05] 16 Breeds catched
[21:29:05] 256 Heads catched
[21:29:05] 2 Handlers Readed
[21:29:05] 6 Messages Readed
[21:29:05] WorldServer start in 709 ms.
[21:29:12] MySQL Database Connected
[21:29:12] 16 Breeds catched
[21:29:12] 256 Heads catched
[21:29:12] 2 Handlers Readed
[21:29:12] 6 Messages Readed
[21:29:12] WorldServer start in 673 ms.
[21:29:19] MySQL Database Connected
[21:29:19] 16 Breeds catched
[21:29:19] 256 Heads catched
[21:29:20] 2 Handlers Readed
[21:29:20] 6 Messages Readed
[21:29:20] WorldServer start in 674 ms.
[21:29:26] MySQL Database Connected
[21:29:26] 16 Breeds catched
[21:29:26] 256 Heads catched
[21:29:27] 6 Handlers Readed
[21:29:27] 6 Messages Readed
[21:29:27] WorldServer start in 684 ms.
[21:29:43] MySQL Database Connected
[21:29:43] 16 Breeds catched
[21:29:43] 256 Heads catched
[21:29:43] 6 Handlers Readed
[21:29:43] 6 Messages Readed
[21:29:43] WorldServer start in 665 ms.
[21:30:06] MySQL Database Connected
[21:30:06] 16 Breeds catched
[21:30:06] 256 Heads catched
[21:30:06] 2 Handlers Readed
[21:30:07] 6 Messages Readed
[21:30:07] WorldServer start in 641 ms.
[21:31:30] MySQL Database Connected
[21:31:30] 16 Breeds catched
[21:31:30] 256 Heads catched
[21:31:30] 2 Handlers Readed
[21:31:30] 6 Messages Readed
[21:31:31] WorldServer start in 644 ms.
[21:31:39] MySQL Database Connected
[21:31:39] 16 Breeds catched
[21:31:39] 256 Heads catched
[21:31:39] 6 Handlers Readed
[21:31:39] 6 Messages Readed
[21:31:39] WorldServer start in 690 ms.
[21:33:31] MySQL Database Connected
[21:33:31] 16 Breeds catched
[21:33:31] 256 Heads catched
[21:33:31] 6 Handlers Readed
[21:33:31] 6 Messages Readed
[21:33:31] WorldServer start in 689 ms.
[21:51:58] MySQL Database Connected
[21:51:58] 16 Breeds catched
[21:51:58] 256 Heads catched
[21:51:58] 6 Handlers Readed
[21:51:58] 6 Messages Readed
[21:51:58] WorldServer start in 661 ms.
[22:25:22] MySQL Database Connected
[22:25:22] 16 Breeds catched
[22:25:22] 256 Heads catched
[22:25:22] 6 Handlers Readed
[22:25:22] 6 Messages Readed
[22:25:22] WorldServer start in 670 ms.
[22:26:30] MySQL Database Connected
[22:26:30] 16 Breeds catched
[22:26:30] 256 Heads catched
[22:26:30] 6 Handlers Readed
[22:26:30] 6 Messages Readed
[22:26:30] WorldServer start in 681 ms.
[22:58:57] MySQL Database Connected
[22:58:57] 16 Breeds catched
[22:58:57] 256 Heads catched
[22:58:57] 6 Handlers Readed
[22:58:57] 6 Messages Readed
[22:58:57] WorldServer start in 799 ms.
