[14:46:10] MySQL Database Connected
[14:46:10] 16 Breeds catched
[14:46:10] 256 Heads catched
[14:46:10] 561 Effects catched
[14:46:10] 4 SuperAreas catched
[14:46:10] 48 Areas catched
[14:46:11] 334 SubAreas catched
[14:46:19] 11260 DofusMaps catched
[14:46:19] 9761 StatedElements catched
[14:46:19] 13349 InteractiveElements catched
[14:46:19] 1485 HouseInformations catched
[14:46:19] 556 InteractiveDoors catched
[14:46:19] 3614 MapPositions uncatched
[14:46:19] 14681 MapPositions catched
[14:46:19] 42 MapZaaps catched
[14:46:19] 79 MapSubways catched
[14:46:19] 15228 SpellLevels catched 
[14:46:20] 4772 Spells catched 
[14:46:20] 316 GuildEmblems catched 
[14:46:20] 1179 LearnableSpells catched 
[14:46:20] 9780 ItemTemplates catched 
[14:46:20] 4489 Weapons catched 
[14:46:20] 363 ItemSets catched 
[14:46:20] 171 ItemTypes catched 
[14:46:20] 110 ItemPets catched 
[14:46:21] 2476 NpcTemplates catched 
[14:46:21] 787 NpcSpawns catched 
[14:46:21] 94 NpcItems catched 
[14:46:21] 19801 NpcMessages catched 
[14:46:21] 7 NpcReplies catched 
[14:46:21] 353 Triggers catched
[14:46:21] 1277 Paddocks catched
[14:46:21] 72 Mounts catched
[14:46:21] 4 Guild catched
[14:46:21] 3 GuildMembers catched
[14:46:22] 122 Handlers Readed
[14:46:23] 166 Messages Readed
[14:46:23] WorldServer start in 13839 ms.
[14:49:37] MySQL Database Connected
[14:49:37] 16 Breeds catched
[14:49:37] 256 Heads catched
[14:49:37] 561 Effects catched
[14:49:37] 4 SuperAreas catched
[14:49:37] 48 Areas catched
[14:49:39] 334 SubAreas catched
[14:49:47] 11260 DofusMaps catched
[14:49:47] 9761 StatedElements catched
[14:49:47] 13349 InteractiveElements catched
[14:49:47] 1485 HouseInformations catched
[14:49:47] 556 InteractiveDoors catched
[14:49:47] 3614 MapPositions uncatched
[14:49:47] 14681 MapPositions catched
[14:49:47] 42 MapZaaps catched
[14:49:47] 79 MapSubways catched
[14:49:47] 15228 SpellLevels catched 
[14:49:47] 4772 Spells catched 
[14:49:47] 316 GuildEmblems catched 
[14:49:47] 1179 LearnableSpells catched 
[14:49:48] 9780 ItemTemplates catched 
[14:49:48] 4489 Weapons catched 
[14:49:48] 363 ItemSets catched 
[14:49:48] 171 ItemTypes catched 
[14:49:48] 110 ItemPets catched 
[14:49:48] 2476 NpcTemplates catched 
[14:49:48] 787 NpcSpawns catched 
[14:49:48] 94 NpcItems catched 
[14:49:48] 19801 NpcMessages catched 
[14:49:48] 7 NpcReplies catched 
[14:49:49] 353 Triggers catched
[14:49:49] 1277 Paddocks catched
[14:49:49] 72 Mounts catched
[14:49:49] 4 Guild catched
[14:49:49] 3 GuildMembers catched
[14:49:49] 122 Handlers Readed
[14:49:50] 166 Messages Readed
[14:49:50] WorldServer start in 13331 ms.
[15:03:39] MySQL Database Connected
[15:03:39] 16 Breeds catched
[15:03:39] 256 Heads catched
[15:03:39] 561 Effects catched
[15:03:39] 4 SuperAreas catched
[15:03:39] 48 Areas catched
[15:03:40] 334 SubAreas catched
[15:03:48] 11260 DofusMaps catched
[15:03:48] 9761 StatedElements catched
[15:03:48] 13349 InteractiveElements catched
[15:03:48] 1485 HouseInformations catched
[15:03:48] 556 InteractiveDoors catched
[15:03:49] 3614 MapPositions uncatched
[15:03:49] 14681 MapPositions catched
[15:03:49] 42 MapZaaps catched
[15:03:49] 79 MapSubways catched
[15:03:49] 15228 SpellLevels catched 
[15:03:49] 4772 Spells catched 
[15:03:49] 316 GuildEmblems catched 
[15:03:49] 1179 LearnableSpells catched 
[15:03:50] 9780 ItemTemplates catched 
[15:03:51] 4489 Weapons catched 
[15:03:51] 363 ItemSets catched 
[15:03:51] 171 ItemTypes catched 
[15:03:51] 110 ItemPets catched 
[15:03:51] 2476 NpcTemplates catched 
[15:03:51] 787 NpcSpawns catched 
[15:03:51] 94 NpcItems catched 
[15:03:51] 19801 NpcMessages catched 
[15:03:51] 7 NpcReplies catched 
[15:03:52] 353 Triggers catched
[15:03:52] 1277 Paddocks catched
[15:03:52] 72 Mounts catched
[15:03:52] 4 Guild catched
[15:03:52] 3 GuildMembers catched
[15:03:52] 122 Handlers Readed
[15:03:53] 166 Messages Readed
[15:03:53] WorldServer start in 14559 ms.
[15:06:45] MySQL Database Connected
[15:06:45] 16 Breeds catched
[15:06:45] 256 Heads catched
[15:06:45] 561 Effects catched
[15:06:46] 4 SuperAreas catched
[15:06:46] 48 Areas catched
[15:06:47] 334 SubAreas catched
[15:06:55] 11260 DofusMaps catched
[15:06:55] 9761 StatedElements catched
[15:06:55] 13349 InteractiveElements catched
[15:06:55] 1485 HouseInformations catched
[15:06:55] 556 InteractiveDoors catched
[15:06:55] 3614 MapPositions uncatched
[15:06:55] 14681 MapPositions catched
[15:06:55] 42 MapZaaps catched
[15:06:55] 79 MapSubways catched
[15:06:56] 15228 SpellLevels catched 
[15:06:56] 4772 Spells catched 
[15:06:56] 316 GuildEmblems catched 
[15:06:56] 1179 LearnableSpells catched 
[15:06:56] 9780 ItemTemplates catched 
[15:06:56] 4489 Weapons catched 
[15:06:56] 363 ItemSets catched 
[15:06:56] 171 ItemTypes catched 
[15:06:56] 110 ItemPets catched 
[15:06:57] 2476 NpcTemplates catched 
[15:06:57] 787 NpcSpawns catched 
[15:06:57] 94 NpcItems catched 
[15:06:57] 19801 NpcMessages catched 
[15:06:57] 7 NpcReplies catched 
[15:06:57] 353 Triggers catched
[15:06:57] 1277 Paddocks catched
[15:06:57] 72 Mounts catched
[15:06:57] 4 Guild catched
[15:06:57] 3 GuildMembers catched
[15:06:57] 122 Handlers Readed
[15:06:58] 166 Messages Readed
[15:06:58] WorldServer start in 13399 ms.
[15:08:34] MySQL Database Connected
[15:08:34] 16 Breeds catched
[15:08:34] 256 Heads catched
[15:08:34] 561 Effects catched
[15:08:35] 4 SuperAreas catched
[15:08:35] 48 Areas catched
[15:08:36] 334 SubAreas catched
[15:08:43] 11260 DofusMaps catched
[15:08:43] 9761 StatedElements catched
[15:08:44] 13349 InteractiveElements catched
[15:08:44] 1485 HouseInformations catched
[15:08:44] 556 InteractiveDoors catched
[15:08:44] 3614 MapPositions uncatched
[15:08:44] 14681 MapPositions catched
[15:08:44] 42 MapZaaps catched
[15:08:44] 79 MapSubways catched
[15:08:44] 15228 SpellLevels catched 
[15:08:44] 4772 Spells catched 
[15:08:44] 316 GuildEmblems catched 
[15:08:44] 1179 LearnableSpells catched 
[15:08:44] 9780 ItemTemplates catched 
[15:08:44] 4489 Weapons catched 
[15:08:44] 363 ItemSets catched 
[15:08:44] 171 ItemTypes catched 
[15:08:44] 110 ItemPets catched 
[15:08:45] 2476 NpcTemplates catched 
[15:08:45] 787 NpcSpawns catched 
[15:08:45] 94 NpcItems catched 
[15:08:45] 19801 NpcMessages catched 
[15:08:45] 7 NpcReplies catched 
[15:08:45] 353 Triggers catched
[15:08:45] 1277 Paddocks catched
[15:08:45] 72 Mounts catched
[15:08:45] 4 Guild catched
[15:08:45] 3 GuildMembers catched
[15:08:46] 122 Handlers Readed
[15:08:46] 166 Messages Readed
[15:08:46] WorldServer start in 12802 ms.
[15:19:49] MySQL Database Connected
[15:19:49] 16 Breeds catched
[15:19:49] 256 Heads catched
[15:19:49] 561 Effects catched
[15:19:49] 4 SuperAreas catched
[15:19:49] 48 Areas catched
[15:19:50] 334 SubAreas catched
[15:19:58] 11260 DofusMaps catched
[15:19:58] 9761 StatedElements catched
[15:19:58] 13349 InteractiveElements catched
[15:19:58] 1485 HouseInformations catched
[15:19:58] 556 InteractiveDoors catched
[15:19:59] 3614 MapPositions uncatched
[15:19:59] 14681 MapPositions catched
[15:19:59] 42 MapZaaps catched
[15:19:59] 79 MapSubways catched
[15:19:59] 15228 SpellLevels catched 
[15:19:59] 4772 Spells catched 
[15:19:59] 316 GuildEmblems catched 
[15:19:59] 1179 LearnableSpells catched 
[15:19:59] 9780 ItemTemplates catched 
[15:19:59] 4489 Weapons catched 
[15:19:59] 363 ItemSets catched 
[15:19:59] 171 ItemTypes catched 
[15:19:59] 110 ItemPets catched 
[15:20:00] 2476 NpcTemplates catched 
[15:20:00] 787 NpcSpawns catched 
[15:20:00] 94 NpcItems catched 
[15:20:00] 19801 NpcMessages catched 
[15:20:00] 7 NpcReplies catched 
[15:20:00] 353 Triggers catched
[15:20:00] 1277 Paddocks catched
[15:20:00] 72 Mounts catched
[15:20:00] 4 Guild catched
[15:20:00] 3 GuildMembers catched
[15:20:01] 122 Handlers Readed
[15:20:01] 166 Messages Readed
[15:20:01] WorldServer start in 13004 ms.
[15:23:23] MySQL Database Connected
[15:23:23] 16 Breeds catched
[15:23:23] 256 Heads catched
[15:23:23] 561 Effects catched
[15:23:23] 4 SuperAreas catched
[15:23:23] 48 Areas catched
[15:23:24] 334 SubAreas catched
[15:23:32] 11260 DofusMaps catched
[15:23:32] 9761 StatedElements catched
[15:23:32] 13349 InteractiveElements catched
[15:23:32] 1485 HouseInformations catched
[15:23:32] 556 InteractiveDoors catched
[15:23:32] 3614 MapPositions uncatched
[15:23:32] 14681 MapPositions catched
[15:23:32] 42 MapZaaps catched
[15:23:32] 79 MapSubways catched
[15:23:32] 15228 SpellLevels catched 
[15:23:32] 4772 Spells catched 
[15:23:32] 316 GuildEmblems catched 
[15:23:32] 1179 LearnableSpells catched 
[15:23:33] 9780 ItemTemplates catched 
[15:23:33] 4489 Weapons catched 
[15:23:33] 363 ItemSets catched 
[15:23:33] 171 ItemTypes catched 
[15:23:33] 110 ItemPets catched 
[15:23:34] 2476 NpcTemplates catched 
[15:23:34] 787 NpcSpawns catched 
[15:23:34] 94 NpcItems catched 
[15:23:34] 19801 NpcMessages catched 
[15:23:34] 7 NpcReplies catched 
[15:23:34] 353 Triggers catched
[15:23:34] 1277 Paddocks catched
[15:23:34] 72 Mounts catched
[15:23:34] 4 Guild catched
[15:23:34] 3 GuildMembers catched
[15:23:35] 122 Handlers Readed
[15:23:35] 166 Messages Readed
[15:23:35] WorldServer start in 13057 ms.
[15:26:25] MySQL Database Connected
[15:26:25] 16 Breeds catched
[15:26:25] 256 Heads catched
[15:26:25] 561 Effects catched
[15:26:25] 4 SuperAreas catched
[15:26:25] 48 Areas catched
[15:26:26] 334 SubAreas catched
[15:26:34] 11260 DofusMaps catched
[15:26:34] 9761 StatedElements catched
[15:26:34] 13349 InteractiveElements catched
[15:26:34] 1485 HouseInformations catched
[15:26:34] 556 InteractiveDoors catched
[15:26:34] 3614 MapPositions uncatched
[15:26:34] 14681 MapPositions catched
[15:26:34] 42 MapZaaps catched
[15:26:34] 79 MapSubways catched
[15:26:34] 15228 SpellLevels catched 
[15:26:34] 4772 Spells catched 
[15:26:34] 316 GuildEmblems catched 
[15:26:34] 1179 LearnableSpells catched 
[15:26:34] 9780 ItemTemplates catched 
[15:26:35] 4489 Weapons catched 
[15:26:35] 363 ItemSets catched 
[15:26:35] 171 ItemTypes catched 
[15:26:35] 110 ItemPets catched 
[15:26:35] 2476 NpcTemplates catched 
[15:26:35] 787 NpcSpawns catched 
[15:26:35] 94 NpcItems catched 
[15:26:35] 19801 NpcMessages catched 
[15:26:35] 7 NpcReplies catched 
[15:26:35] 353 Triggers catched
[15:26:35] 1277 Paddocks catched
[15:26:35] 72 Mounts catched
[15:26:36] 4 Guild catched
[15:26:36] 3 GuildMembers catched
[15:26:36] 122 Handlers Readed
[15:26:37] 166 Messages Readed
[15:26:37] WorldServer start in 12231 ms.
[15:49:47] MySQL Database Connected
[15:49:47] 16 Breeds catched
[15:49:47] 256 Heads catched
[15:49:47] 561 Effects catched
[15:49:48] 4 SuperAreas catched
[15:49:48] 48 Areas catched
[15:49:49] 334 SubAreas catched
[15:49:57] 11260 DofusMaps catched
[15:49:57] 9761 StatedElements catched
[15:49:57] 13349 InteractiveElements catched
[15:49:57] 1485 HouseInformations catched
[15:49:57] 556 InteractiveDoors catched
[15:49:57] 3614 MapPositions uncatched
[15:49:57] 14681 MapPositions catched
[15:49:57] 42 MapZaaps catched
[15:49:57] 79 MapSubways catched
[15:49:58] 15228 SpellLevels catched 
[15:49:58] 4772 Spells catched 
[15:49:58] 316 GuildEmblems catched 
[15:49:58] 1179 LearnableSpells catched 
[15:49:58] 9780 ItemTemplates catched 
[15:49:59] 4489 Weapons catched 
[15:49:59] 363 ItemSets catched 
[15:49:59] 171 ItemTypes catched 
[15:49:59] 110 ItemPets catched 
[15:50:00] 2476 NpcTemplates catched 
[15:50:00] 787 NpcSpawns catched 
[15:50:00] 94 NpcItems catched 
[15:50:00] 19801 NpcMessages catched 
[15:50:00] 7 NpcReplies catched 
[15:50:00] 353 Triggers catched
[15:50:01] 1277 Paddocks catched
[15:50:01] 72 Mounts catched
[15:50:01] 4 Guild catched
[15:50:01] 3 GuildMembers catched
[15:50:01] 122 Handlers Readed
[15:50:02] 166 Messages Readed
[15:50:02] WorldServer start in 14952 ms.
[15:54:41] MySQL Database Connected
[15:54:41] 16 Breeds catched
[15:54:41] 256 Heads catched
[15:54:41] 561 Effects catched
[15:54:42] 4 SuperAreas catched
[15:54:42] 48 Areas catched
[15:54:43] 334 SubAreas catched
[15:54:51] 11260 DofusMaps catched
[15:54:51] 9761 StatedElements catched
[15:54:51] 13349 InteractiveElements catched
[15:54:51] 1485 HouseInformations catched
[15:54:51] 556 InteractiveDoors catched
[15:54:51] 3614 MapPositions uncatched
[15:54:51] 14681 MapPositions catched
[15:54:51] 42 MapZaaps catched
[15:54:51] 79 MapSubways catched
[15:54:51] 15228 SpellLevels catched 
[15:54:51] 4772 Spells catched 
[15:54:51] 316 GuildEmblems catched 
[15:54:51] 1179 LearnableSpells catched 
[15:54:52] 9780 ItemTemplates catched 
[15:56:34] MySQL Database Connected
[15:56:34] 16 Breeds catched
[15:56:34] 256 Heads catched
[15:56:34] 561 Effects catched
[15:56:35] 4 SuperAreas catched
[15:56:35] 48 Areas catched
[15:56:36] 334 SubAreas catched
[15:56:43] 11260 DofusMaps catched
[15:56:43] 9761 StatedElements catched
[15:56:43] 13349 InteractiveElements catched
[15:56:43] 1485 HouseInformations catched
[15:56:43] 556 InteractiveDoors catched
[15:56:43] 3614 MapPositions uncatched
[15:56:43] 14681 MapPositions catched
[15:56:43] 42 MapZaaps catched
[15:56:43] 79 MapSubways catched
[15:56:44] 15228 SpellLevels catched 
[15:56:44] 4772 Spells catched 
[15:56:44] 316 GuildEmblems catched 
[15:56:44] 1179 LearnableSpells catched 
[15:56:44] 9780 ItemTemplates catched 
[15:56:44] 4489 Weapons catched 
[15:56:44] 363 ItemSets catched 
[15:56:44] 171 ItemTypes catched 
[15:56:44] 110 ItemPets catched 
[15:56:45] 2476 NpcTemplates catched 
[15:56:45] 787 NpcSpawns catched 
[15:56:45] 94 NpcItems catched 
[15:56:45] 19801 NpcMessages catched 
[15:56:45] 7 NpcReplies catched 
[15:56:45] 353 Triggers catched
[15:56:45] 1277 Paddocks catched
[15:56:45] 72 Mounts catched
[15:56:45] 4 Guild catched
[15:56:45] 3 GuildMembers catched
[15:56:46] 122 Handlers Readed
[15:56:46] 166 Messages Readed
[15:56:46] WorldServer start in 12536 ms.
[16:11:31] MySQL Database Connected
[16:11:31] 16 Breeds catched
[16:11:31] 256 Heads catched
[16:11:31] 561 Effects catched
[16:11:32] 4 SuperAreas catched
[16:11:32] 48 Areas catched
[16:11:33] 334 SubAreas catched
[16:11:41] 11260 DofusMaps catched
[16:11:41] 9761 StatedElements catched
[16:11:41] 13349 InteractiveElements catched
[16:11:41] 1485 HouseInformations catched
[16:11:41] 556 InteractiveDoors catched
[16:11:41] 3614 MapPositions uncatched
[16:11:41] 14681 MapPositions catched
[16:11:41] 42 MapZaaps catched
[16:11:41] 79 MapSubways catched
[16:11:41] 15228 SpellLevels catched 
[16:11:42] 4772 Spells catched 
[16:11:42] 316 GuildEmblems catched 
[16:11:42] 1179 LearnableSpells catched 
[16:11:42] 9780 ItemTemplates catched 
[16:11:42] 4489 Weapons catched 
[16:11:42] 363 ItemSets catched 
[16:11:42] 171 ItemTypes catched 
[16:11:42] 110 ItemPets catched 
[16:11:42] 2476 NpcTemplates catched 
[16:11:42] 787 NpcSpawns catched 
[16:11:42] 94 NpcItems catched 
[16:11:43] 19801 NpcMessages catched 
[16:11:43] 7 NpcReplies catched 
[16:11:43] 353 Triggers catched
[16:11:43] 1277 Paddocks catched
[16:11:43] 72 Mounts catched
[16:11:43] 4 Guild catched
[16:11:43] 3 GuildMembers catched
[16:11:43] 122 Handlers Readed
[16:11:44] 166 Messages Readed
[16:11:44] WorldServer start in 13366 ms.
