juin 30, 2015 12:36:06 AM com.j256.ormlite.logger.Slf4jLoggingLog log
GRAVE: WARNING: you seem to not be using the Xerial SQLite driver.  See ORMLite docs on SQLite: http://ormlite.com/docs/sqlite
[00:36:21] Map 147981057 stated nulled
[00:36:21] Map 147854081 stated nulled
[00:36:21] Map 149946368 stated nulled
[00:36:21] Map 149946368 stated nulled
[00:36:21] Map 147850247 stated nulled
[00:36:21] Map 147850247 stated nulled
[00:36:21] Map 147850247 stated nulled
[00:36:21] Map 147850247 stated nulled
[00:36:21] Map 147850247 stated nulled
[00:36:21] Map 147850247 stated nulled
[00:36:21] Map 147981314 stated nulled
[00:36:21] Map 147981314 stated nulled
[00:36:21] Map 147981314 stated nulled
[00:36:21] Map 147981314 stated nulled
[00:36:21] Map 147981314 stated nulled
[00:36:21] Map 147854341 stated nulled
[00:36:21] Map 147854341 stated nulled
[00:36:21] Map 147854341 stated nulled
[00:36:21] Map 147854340 stated nulled
[00:36:21] Map 147854340 stated nulled
[00:36:21] Map 147854340 stated nulled
[00:36:21] Map 147854340 stated nulled
[00:36:21] Map 147854340 stated nulled
[00:36:21] Map 147854340 stated nulled
[00:36:21] Map 147853828 stated nulled
[00:36:21] Map 147853828 stated nulled
[00:36:21] Map 147853828 stated nulled
[00:36:21] Map 147853828 stated nulled
[00:36:21] Map 147853828 stated nulled
[00:36:21] Map 147853829 stated nulled
[00:36:21] Map 147853829 stated nulled
[00:36:21] Map 147853829 stated nulled
[00:36:21] Map 147853829 stated nulled
[00:36:21] Map 147849218 element nulled
[00:36:21] Map 147850247 element nulled
[00:36:21] Map 147850247 element nulled
[00:36:21] Map 147850247 element nulled
[00:36:21] Map 147850247 element nulled
[00:36:21] Map 147850247 element nulled
[00:36:21] Map 147850247 element nulled
[00:36:21] Map 147850249 element nulled
[00:36:21] Map 147850754 element nulled
[00:36:21] Map 147850755 element nulled
[00:36:21] Map 147850756 element nulled
[00:36:21] Map 147851009 element nulled
[00:36:21] Map 147851782 element nulled
[00:36:21] Map 147852290 element nulled
[00:36:21] Map 147853312 element nulled
[00:36:21] Map 147853312 element nulled
[00:36:21] Map 147853315 element nulled
[00:36:21] Map 147853826 element nulled
[00:36:21] Map 147853828 element nulled
[00:36:21] Map 147853828 element nulled
[00:36:21] Map 147853828 element nulled
[00:36:21] Map 147853828 element nulled
[00:36:21] Map 147853828 element nulled
[00:36:21] Map 147853829 element nulled
[00:36:21] Map 147853829 element nulled
[00:36:21] Map 147853829 element nulled
[00:36:21] Map 147853829 element nulled
[00:36:21] Map 147854081 element nulled
[00:36:21] Map 147854339 element nulled
[00:36:21] Map 147854340 element nulled
[00:36:21] Map 147854340 element nulled
[00:36:21] Map 147854340 element nulled
[00:36:21] Map 147854340 element nulled
[00:36:21] Map 147854340 element nulled
[00:36:21] Map 147854340 element nulled
[00:36:21] Map 147854341 element nulled
[00:36:21] Map 147854341 element nulled
[00:36:21] Map 147854341 element nulled
[00:36:21] Map 147981057 element nulled
[00:36:21] Map 147981314 element nulled
[00:36:21] Map 147981314 element nulled
[00:36:21] Map 147981314 element nulled
[00:36:21] Map 147981314 element nulled
[00:36:21] Map 147981314 element nulled
[00:36:21] Map 149946368 element nulled
[00:36:21] Map 149946368 element nulled
[00:36:21] Map 149946368 element nulled
[00:36:21] Map 149946368 element nulled
[00:36:21] Map 149946368 element nulled
[00:36:21] Map 149946368 element nulled
[00:36:21] Map 147853312 Door nulled
[00:36:21] Map 147853826 Door nulled
[00:36:21] Map 855946248 Door nulled
[00:36:21] Map -2130444072 Door nulled
[00:36:21] Map -2130444286 Door nulled
[00:36:21] Map 838891520 Door nulled
[00:36:21] Map 788529721 Door nulled
[00:36:21] Map 822084149 Door nulled
[00:36:21] Map -2130444244 Door nulled
[00:36:21] Map -2130444286 Door nulled
[00:36:21] Map -16580400 Door nulled
[00:36:21] Map -16580400 Door nulled
[00:36:21] Map -16580606 Door nulled
[00:36:21] Map -1560213768 Door nulled
[00:36:21] Map -1560213924 Door nulled
[00:36:21] Map -1593768356 Door nulled
[00:36:21] Map -1593768356 Door nulled
[00:36:21] Map -1593768356 Door nulled
[00:36:21] Map -1593768356 Door nulled
[00:36:21] Map 100925448 Door nulled
[00:36:21] Map 100925456 Door nulled
[00:36:21] Map 100925448 Door nulled
[00:36:21] Map -1962670046 Door nulled
[00:36:21] Map -1459485284 Door nulled
[00:36:21] Map -1459485284 Door nulled
[00:36:21] Map -402585780 Door nulled
[00:36:21] Map -16580400 Door nulled
[00:36:21] Map -1945894910 Door nulled
[00:36:21] Map -16580400 Door nulled
[00:36:21] Map -1593768356 Door nulled
[00:36:21] Map -1945828550 Door nulled
[00:36:21] Map -16580606 Door nulled
[00:36:21] Map -1744699390 Door nulled
[00:36:21] Map -972880716 Door nulled
[00:36:21] Map -972880716 Door nulled
[00:36:21] Map -989657932 Door nulled
[00:36:21] Map -989657932 Door nulled
[00:36:21] Map 537229314 Door nulled
[00:36:21] Map 537229314 Door nulled
[00:36:21] Map 537247750 Door nulled
[00:36:21] Map 537247746 Door nulled
[00:36:21] Map -1593440512 Door nulled
[00:36:21] Map -1593440512 Door nulled
[00:36:21] Map -1241447288 Door nulled
[00:36:21] Map -1241447288 Door nulled
[00:36:21] Map -1593768356 Door nulled
[00:36:21] Map -1543436708 Door nulled
[00:36:21] Map -1576990984 Door nulled
[00:36:21] Map -1543436708 Door nulled
[00:36:21] Map -1543436708 Door nulled
[00:36:21] Map 1594166274 Door nulled
[00:36:21] Map 1594163212 Door nulled
[00:36:21] Map 1594098688 Door nulled
[00:36:21] Map 1594166278 Door nulled
[00:36:21] Map 1594312706 Door nulled
[00:36:21] Map 1594312714 Door nulled
[00:36:21] Map 1594166280 Door nulled
[00:36:21] Map 1594161160 Door nulled
[00:36:21] Map 554225682 Door nulled
[00:36:21] Map 147851009 Door nulled
[00:36:21] Map 554233864 Door nulled
[00:36:21] Map 554225676 Door nulled
[00:36:21] Map 554233868 Door nulled
[00:36:21] Map 147849218 Door nulled
[00:36:24] Map 143396 trigger null
[00:36:24] Map 143160 trigger null
[00:36:24] Map 78906368 trigger null
[00:36:24] Map 147853826 trigger null
[00:36:24] Map 57016841 trigger null
[00:36:24] Map 88087301 trigger null
[00:36:24] Map 100984832 trigger null
[00:36:24] Map 100925448 trigger null
[00:36:24] Map 87032320 trigger null
[00:36:24] Map 1644497935 trigger null
[00:36:24] Map 84804355 trigger null
[00:36:24] Map 147853312 trigger null
[00:36:24] Map -989657932 trigger null
[00:36:24] Map 1728397333 trigger null
[00:36:24] Map -1945828506 trigger null
[00:36:24] Map 142888 trigger null
[00:36:24] Map 145447 trigger null
[00:36:24] Map 78908422 trigger null
[00:36:24] Map 76024322 trigger null
[00:36:24] Map 1594166284 trigger null
[00:36:24] Map 83628032 trigger null
[00:36:24] Map 83364864 trigger null
[00:36:24] Map 84675078 trigger null
[00:36:24] Map -2130444204 trigger null
[00:36:24] Map 5507072 trigger null
[00:36:24] Map -1241447288 trigger null
[00:36:24] Map 1678118918 trigger null
[00:36:24] Map 101713413 trigger null
[00:36:24] Map 91752967 trigger null
[00:36:24] Map 117704202 trigger null
[00:36:24] Map 96470530 trigger null
[00:36:24] Map 537243660 trigger null
[00:36:24] Map 537229326 trigger null
[00:36:24] Map 13093 trigger null
[00:36:24] Map 88080903 trigger null
[00:36:24] Map -972880716 trigger null
[00:36:24] Map 54158637 trigger null
[00:36:24] Map -972880716 trigger null
[00:36:24] Map 158213 trigger null
[00:36:24] Map -972880716 trigger null
[00:36:24] Map 78908422 trigger null
[00:36:24] Map -1140652836 trigger null
[00:36:24] Map 80218626 trigger null
[00:36:24] Map -989657932 trigger null
[00:36:24] Map -1945828508 trigger null
[00:36:24] Map 1594312714 trigger null
[00:36:24] Map 122159619 trigger null
[00:36:24] Map 73531908 trigger null
[00:36:24] Map -1241447288 trigger null
[00:36:24] Map 76023296 trigger null
[00:36:24] Map 73532673 trigger null
[00:36:24] Map -1241447288 trigger null
[00:36:24] Map -1241447288 trigger null
[00:36:24] Map -1241447288 trigger null
[00:36:24] Map -1241447288 trigger null
[00:36:24] Map -1241447288 trigger null
[00:36:24] Map -1241447328 trigger null
[00:36:24] Map 76023296 trigger null
[00:36:24] Map 76023296 trigger null
[00:36:24] Map 76023296 trigger null
[00:36:24] Map -1241447288 trigger null
[00:36:24] Map -1241447288 trigger null
[00:36:24] Map -1543436708 trigger null
juin 30, 2015 12:36:25 AM org.reflections.Reflections scan
INFOS: Reflections took 456 ms to scan 1 urls, producing 1 keys and 123 values 
juin 30, 2015 12:36:25 AM org.reflections.Reflections scan
INFOS: Reflections took 499 ms to scan 1 urls, producing 2 keys and 169 values 
com.mysql.jdbc.exceptions.jdbc4.CommunicationsException: The last packet successfully received from the server was 46 206 070 milliseconds ago.  The last packet sent successfully to the server was 46 206 134 milliseconds ago. is longer than the server configured value of 'wait_timeout'. You should consider either expiring and/or testing connection validity before use in your application, increasing the server configured values for client timeouts, or using the Connector/J connection property 'autoReconnect=true' to avoid this problem.
	at sun.reflect.NativeConstructorAccessorImpl.newInstance0(Native Method)
	at sun.reflect.NativeConstructorAccessorImpl.newInstance(NativeConstructorAccessorImpl.java:62)
	at sun.reflect.DelegatingConstructorAccessorImpl.newInstance(DelegatingConstructorAccessorImpl.java:45)
	at java.lang.reflect.Constructor.newInstance(Constructor.java:408)
	at com.mysql.jdbc.Util.handleNewInstance(Util.java:406)
	at com.mysql.jdbc.SQLError.createCommunicationsException(SQLError.java:1119)
	at com.mysql.jdbc.MysqlIO.send(MysqlIO.java:3318)
	at com.mysql.jdbc.MysqlIO.sendCommand(MysqlIO.java:1940)
	at com.mysql.jdbc.MysqlIO.sqlQueryDirect(MysqlIO.java:2113)
	at com.mysql.jdbc.ConnectionImpl.execSQL(ConnectionImpl.java:2687)
	at com.mysql.jdbc.ConnectionImpl.execSQL(ConnectionImpl.java:2616)
	at com.mysql.jdbc.StatementImpl.executeQuery(StatementImpl.java:1464)
	at koh.game.MySQL.executeQuery(MySQL.java:170)
	at koh.game.dao.PlayerDAO.FindAll(PlayerDAO.java:82)
	at koh.game.network.WorldClient.threatWaiting(WorldClient.java:276)
	at koh.game.executors.GameLoader.run(GameLoader.java:46)
	at java.util.concurrent.Executors$RunnableAdapter.call(Executors.java:511)
	at java.util.concurrent.FutureTask.runAndReset(FutureTask.java:308)
	at java.util.concurrent.ScheduledThreadPoolExecutor$ScheduledFutureTask.access$301(ScheduledThreadPoolExecutor.java:180)
	at java.util.concurrent.ScheduledThreadPoolExecutor$ScheduledFutureTask.run(ScheduledThreadPoolExecutor.java:294)
	at java.util.concurrent.ThreadPoolExecutor.runWorker(ThreadPoolExecutor.java:1142)
	at java.util.concurrent.ThreadPoolExecutor$Worker.run(ThreadPoolExecutor.java:617)
	at java.lang.Thread.run(Thread.java:745)
Caused by: java.net.SocketException: Software caused connection abort: socket write error
	at java.net.SocketOutputStream.socketWrite0(Native Method)
	at java.net.SocketOutputStream.socketWrite(SocketOutputStream.java:109)
	at java.net.SocketOutputStream.write(SocketOutputStream.java:153)
	at java.io.BufferedOutputStream.flushBuffer(BufferedOutputStream.java:82)
	at java.io.BufferedOutputStream.flush(BufferedOutputStream.java:140)
	at com.mysql.jdbc.MysqlIO.send(MysqlIO.java:3299)
	... 16 more
[14:26:42] Connexion a la DB Perdue, deconnexion du compte en connexion en attendant la reconnexion de la DB...
java.lang.Exception
	at koh.game.dao.PlayerDAO.FindAll(PlayerDAO.java:184)
	at koh.game.network.WorldClient.threatWaiting(WorldClient.java:276)
	at koh.game.executors.GameLoader.run(GameLoader.java:46)
	at java.util.concurrent.Executors$RunnableAdapter.call(Executors.java:511)
	at java.util.concurrent.FutureTask.runAndReset(FutureTask.java:308)
	at java.util.concurrent.ScheduledThreadPoolExecutor$ScheduledFutureTask.access$301(ScheduledThreadPoolExecutor.java:180)
	at java.util.concurrent.ScheduledThreadPoolExecutor$ScheduledFutureTask.run(ScheduledThreadPoolExecutor.java:294)
	at java.util.concurrent.ThreadPoolExecutor.runWorker(ThreadPoolExecutor.java:1142)
	at java.util.concurrent.ThreadPoolExecutor$Worker.run(ThreadPoolExecutor.java:617)
	at java.lang.Thread.run(Thread.java:745)
java.lang.NullPointerException
	at koh.game.entities.environments.DofusMap.getDoor(DofusMap.java:334)
	at koh.game.actions.interactive.InteractiveUsage.Execute(InteractiveUsage.java:57)
	at koh.game.actions.InteractiveElementAction.Execute(InteractiveElementAction.java:53)
	at koh.game.network.WorldClient.AddGameAction(WorldClient.java:133)
	at koh.game.network.handlers.game.context.InteractiveHandler.HandleInteractiveUseRequestMessage(InteractiveHandler.java:38)
	at sun.reflect.NativeMethodAccessorImpl.invoke0(Native Method)
	at sun.reflect.NativeMethodAccessorImpl.invoke(NativeMethodAccessorImpl.java:62)
	at sun.reflect.DelegatingMethodAccessorImpl.invoke(DelegatingMethodAccessorImpl.java:43)
	at java.lang.reflect.Method.invoke(Method.java:483)
	at koh.game.network.WorldClient.parsePacket(WorldClient.java:237)
	at koh.game.network.WorldHandler.messageReceived(WorldHandler.java:44)
	at org.apache.mina.core.filterchain.DefaultIoFilterChain$TailFilter.messageReceived(DefaultIoFilterChain.java:854)
	at org.apache.mina.core.filterchain.DefaultIoFilterChain.callNextMessageReceived(DefaultIoFilterChain.java:542)
	at org.apache.mina.core.filterchain.DefaultIoFilterChain.access$1300(DefaultIoFilterChain.java:48)
	at org.apache.mina.core.filterchain.DefaultIoFilterChain$EntryImpl$1.messageReceived(DefaultIoFilterChain.java:943)
	at org.apache.mina.filter.codec.ProtocolCodecFilter$ProtocolDecoderOutputImpl.flush(ProtocolCodecFilter.java:405)
	at org.apache.mina.filter.codec.ProtocolCodecFilter.messageReceived(ProtocolCodecFilter.java:235)
	at org.apache.mina.core.filterchain.DefaultIoFilterChain.callNextMessageReceived(DefaultIoFilterChain.java:542)
	at org.apache.mina.core.filterchain.DefaultIoFilterChain.access$1300(DefaultIoFilterChain.java:48)
	at org.apache.mina.core.filterchain.DefaultIoFilterChain$EntryImpl$1.messageReceived(DefaultIoFilterChain.java:943)
	at org.apache.mina.core.filterchain.IoFilterAdapter.messageReceived(IoFilterAdapter.java:109)
	at org.apache.mina.core.filterchain.DefaultIoFilterChain.callNextMessageReceived(DefaultIoFilterChain.java:542)
	at org.apache.mina.core.filterchain.DefaultIoFilterChain.fireMessageReceived(DefaultIoFilterChain.java:535)
	at org.apache.mina.core.polling.AbstractPollingIoProcessor.read(AbstractPollingIoProcessor.java:714)
	at org.apache.mina.core.polling.AbstractPollingIoProcessor.process(AbstractPollingIoProcessor.java:668)
	at org.apache.mina.core.polling.AbstractPollingIoProcessor.process(AbstractPollingIoProcessor.java:657)
	at org.apache.mina.core.polling.AbstractPollingIoProcessor.access$600(AbstractPollingIoProcessor.java:67)
	at org.apache.mina.core.polling.AbstractPollingIoProcessor$Processor.run(AbstractPollingIoProcessor.java:1121)
	at org.apache.mina.util.NamePreservingRunnable.run(NamePreservingRunnable.java:64)
	at java.util.concurrent.ThreadPoolExecutor.runWorker(ThreadPoolExecutor.java:1142)
	at java.util.concurrent.ThreadPoolExecutor$Worker.run(ThreadPoolExecutor.java:617)
	at java.lang.Thread.run(Thread.java:745)
java.lang.NullPointerException
	at koh.game.entities.environments.DofusMap.getDoor(DofusMap.java:334)
	at koh.game.actions.interactive.InteractiveUsage.Execute(InteractiveUsage.java:57)
	at koh.game.actions.InteractiveElementAction.Execute(InteractiveElementAction.java:53)
	at koh.game.network.WorldClient.AddGameAction(WorldClient.java:133)
	at koh.game.network.handlers.game.context.InteractiveHandler.HandleInteractiveUseRequestMessage(InteractiveHandler.java:38)
	at sun.reflect.NativeMethodAccessorImpl.invoke0(Native Method)
	at sun.reflect.NativeMethodAccessorImpl.invoke(NativeMethodAccessorImpl.java:62)
	at sun.reflect.DelegatingMethodAccessorImpl.invoke(DelegatingMethodAccessorImpl.java:43)
	at java.lang.reflect.Method.invoke(Method.java:483)
	at koh.game.network.WorldClient.parsePacket(WorldClient.java:237)
	at koh.game.network.WorldHandler.messageReceived(WorldHandler.java:44)
	at org.apache.mina.core.filterchain.DefaultIoFilterChain$TailFilter.messageReceived(DefaultIoFilterChain.java:854)
	at org.apache.mina.core.filterchain.DefaultIoFilterChain.callNextMessageReceived(DefaultIoFilterChain.java:542)
	at org.apache.mina.core.filterchain.DefaultIoFilterChain.access$1300(DefaultIoFilterChain.java:48)
	at org.apache.mina.core.filterchain.DefaultIoFilterChain$EntryImpl$1.messageReceived(DefaultIoFilterChain.java:943)
	at org.apache.mina.filter.codec.ProtocolCodecFilter$ProtocolDecoderOutputImpl.flush(ProtocolCodecFilter.java:405)
	at org.apache.mina.filter.codec.ProtocolCodecFilter.messageReceived(ProtocolCodecFilter.java:235)
	at org.apache.mina.core.filterchain.DefaultIoFilterChain.callNextMessageReceived(DefaultIoFilterChain.java:542)
	at org.apache.mina.core.filterchain.DefaultIoFilterChain.access$1300(DefaultIoFilterChain.java:48)
	at org.apache.mina.core.filterchain.DefaultIoFilterChain$EntryImpl$1.messageReceived(DefaultIoFilterChain.java:943)
	at org.apache.mina.core.filterchain.IoFilterAdapter.messageReceived(IoFilterAdapter.java:109)
	at org.apache.mina.core.filterchain.DefaultIoFilterChain.callNextMessageReceived(DefaultIoFilterChain.java:542)
	at org.apache.mina.core.filterchain.DefaultIoFilterChain.fireMessageReceived(DefaultIoFilterChain.java:535)
	at org.apache.mina.core.polling.AbstractPollingIoProcessor.read(AbstractPollingIoProcessor.java:714)
	at org.apache.mina.core.polling.AbstractPollingIoProcessor.process(AbstractPollingIoProcessor.java:668)
	at org.apache.mina.core.polling.AbstractPollingIoProcessor.process(AbstractPollingIoProcessor.java:657)
	at org.apache.mina.core.polling.AbstractPollingIoProcessor.access$600(AbstractPollingIoProcessor.java:67)
	at org.apache.mina.core.polling.AbstractPollingIoProcessor$Processor.run(AbstractPollingIoProcessor.java:1121)
	at org.apache.mina.util.NamePreservingRunnable.run(NamePreservingRunnable.java:64)
	at java.util.concurrent.ThreadPoolExecutor.runWorker(ThreadPoolExecutor.java:1142)
	at java.util.concurrent.ThreadPoolExecutor$Worker.run(ThreadPoolExecutor.java:617)
	at java.lang.Thread.run(Thread.java:745)
java.lang.NullPointerException
	at koh.game.entities.environments.DofusMap.getDoor(DofusMap.java:334)
	at koh.game.actions.interactive.InteractiveUsage.Execute(InteractiveUsage.java:57)
	at koh.game.actions.InteractiveElementAction.Execute(InteractiveElementAction.java:53)
	at koh.game.network.WorldClient.AddGameAction(WorldClient.java:133)
	at koh.game.network.handlers.game.context.InteractiveHandler.HandleInteractiveUseRequestMessage(InteractiveHandler.java:38)
	at sun.reflect.NativeMethodAccessorImpl.invoke0(Native Method)
	at sun.reflect.NativeMethodAccessorImpl.invoke(NativeMethodAccessorImpl.java:62)
	at sun.reflect.DelegatingMethodAccessorImpl.invoke(DelegatingMethodAccessorImpl.java:43)
	at java.lang.reflect.Method.invoke(Method.java:483)
	at koh.game.network.WorldClient.parsePacket(WorldClient.java:237)
	at koh.game.network.WorldHandler.messageReceived(WorldHandler.java:44)
	at org.apache.mina.core.filterchain.DefaultIoFilterChain$TailFilter.messageReceived(DefaultIoFilterChain.java:854)
	at org.apache.mina.core.filterchain.DefaultIoFilterChain.callNextMessageReceived(DefaultIoFilterChain.java:542)
	at org.apache.mina.core.filterchain.DefaultIoFilterChain.access$1300(DefaultIoFilterChain.java:48)
	at org.apache.mina.core.filterchain.DefaultIoFilterChain$EntryImpl$1.messageReceived(DefaultIoFilterChain.java:943)
	at org.apache.mina.filter.codec.ProtocolCodecFilter$ProtocolDecoderOutputImpl.flush(ProtocolCodecFilter.java:405)
	at org.apache.mina.filter.codec.ProtocolCodecFilter.messageReceived(ProtocolCodecFilter.java:235)
	at org.apache.mina.core.filterchain.DefaultIoFilterChain.callNextMessageReceived(DefaultIoFilterChain.java:542)
	at org.apache.mina.core.filterchain.DefaultIoFilterChain.access$1300(DefaultIoFilterChain.java:48)
	at org.apache.mina.core.filterchain.DefaultIoFilterChain$EntryImpl$1.messageReceived(DefaultIoFilterChain.java:943)
	at org.apache.mina.core.filterchain.IoFilterAdapter.messageReceived(IoFilterAdapter.java:109)
	at org.apache.mina.core.filterchain.DefaultIoFilterChain.callNextMessageReceived(DefaultIoFilterChain.java:542)
	at org.apache.mina.core.filterchain.DefaultIoFilterChain.fireMessageReceived(DefaultIoFilterChain.java:535)
	at org.apache.mina.core.polling.AbstractPollingIoProcessor.read(AbstractPollingIoProcessor.java:714)
	at org.apache.mina.core.polling.AbstractPollingIoProcessor.process(AbstractPollingIoProcessor.java:668)
	at org.apache.mina.core.polling.AbstractPollingIoProcessor.process(AbstractPollingIoProcessor.java:657)
	at org.apache.mina.core.polling.AbstractPollingIoProcessor.access$600(AbstractPollingIoProcessor.java:67)
	at org.apache.mina.core.polling.AbstractPollingIoProcessor$Processor.run(AbstractPollingIoProcessor.java:1121)
	at org.apache.mina.util.NamePreservingRunnable.run(NamePreservingRunnable.java:64)
	at java.util.concurrent.ThreadPoolExecutor.runWorker(ThreadPoolExecutor.java:1142)
	at java.util.concurrent.ThreadPoolExecutor$Worker.run(ThreadPoolExecutor.java:617)
	at java.lang.Thread.run(Thread.java:745)
java.lang.NullPointerException
	at koh.game.entities.environments.DofusMap.getDoor(DofusMap.java:334)
	at koh.game.actions.interactive.InteractiveUsage.Execute(InteractiveUsage.java:57)
	at koh.game.actions.InteractiveElementAction.Execute(InteractiveElementAction.java:53)
	at koh.game.network.WorldClient.AddGameAction(WorldClient.java:133)
	at koh.game.network.handlers.game.context.InteractiveHandler.HandleInteractiveUseRequestMessage(InteractiveHandler.java:38)
	at sun.reflect.NativeMethodAccessorImpl.invoke0(Native Method)
	at sun.reflect.NativeMethodAccessorImpl.invoke(NativeMethodAccessorImpl.java:62)
	at sun.reflect.DelegatingMethodAccessorImpl.invoke(DelegatingMethodAccessorImpl.java:43)
	at java.lang.reflect.Method.invoke(Method.java:483)
	at koh.game.network.WorldClient.parsePacket(WorldClient.java:237)
	at koh.game.network.WorldHandler.messageReceived(WorldHandler.java:44)
	at org.apache.mina.core.filterchain.DefaultIoFilterChain$TailFilter.messageReceived(DefaultIoFilterChain.java:854)
	at org.apache.mina.core.filterchain.DefaultIoFilterChain.callNextMessageReceived(DefaultIoFilterChain.java:542)
	at org.apache.mina.core.filterchain.DefaultIoFilterChain.access$1300(DefaultIoFilterChain.java:48)
	at org.apache.mina.core.filterchain.DefaultIoFilterChain$EntryImpl$1.messageReceived(DefaultIoFilterChain.java:943)
	at org.apache.mina.filter.codec.ProtocolCodecFilter$ProtocolDecoderOutputImpl.flush(ProtocolCodecFilter.java:405)
	at org.apache.mina.filter.codec.ProtocolCodecFilter.messageReceived(ProtocolCodecFilter.java:235)
	at org.apache.mina.core.filterchain.DefaultIoFilterChain.callNextMessageReceived(DefaultIoFilterChain.java:542)
	at org.apache.mina.core.filterchain.DefaultIoFilterChain.access$1300(DefaultIoFilterChain.java:48)
	at org.apache.mina.core.filterchain.DefaultIoFilterChain$EntryImpl$1.messageReceived(DefaultIoFilterChain.java:943)
	at org.apache.mina.core.filterchain.IoFilterAdapter.messageReceived(IoFilterAdapter.java:109)
	at org.apache.mina.core.filterchain.DefaultIoFilterChain.callNextMessageReceived(DefaultIoFilterChain.java:542)
	at org.apache.mina.core.filterchain.DefaultIoFilterChain.fireMessageReceived(DefaultIoFilterChain.java:535)
	at org.apache.mina.core.polling.AbstractPollingIoProcessor.read(AbstractPollingIoProcessor.java:714)
	at org.apache.mina.core.polling.AbstractPollingIoProcessor.process(AbstractPollingIoProcessor.java:668)
	at org.apache.mina.core.polling.AbstractPollingIoProcessor.process(AbstractPollingIoProcessor.java:657)
	at org.apache.mina.core.polling.AbstractPollingIoProcessor.access$600(AbstractPollingIoProcessor.java:67)
	at org.apache.mina.core.polling.AbstractPollingIoProcessor$Processor.run(AbstractPollingIoProcessor.java:1121)
	at org.apache.mina.util.NamePreservingRunnable.run(NamePreservingRunnable.java:64)
	at java.util.concurrent.ThreadPoolExecutor.runWorker(ThreadPoolExecutor.java:1142)
	at java.util.concurrent.ThreadPoolExecutor$Worker.run(ThreadPoolExecutor.java:617)
	at java.lang.Thread.run(Thread.java:745)
java.lang.NullPointerException
	at koh.game.entities.environments.DofusMap.getDoor(DofusMap.java:334)
	at koh.game.actions.interactive.InteractiveUsage.Execute(InteractiveUsage.java:57)
	at koh.game.actions.InteractiveElementAction.Execute(InteractiveElementAction.java:53)
	at koh.game.network.WorldClient.AddGameAction(WorldClient.java:133)
	at koh.game.network.handlers.game.context.InteractiveHandler.HandleInteractiveUseRequestMessage(InteractiveHandler.java:38)
	at sun.reflect.NativeMethodAccessorImpl.invoke0(Native Method)
	at sun.reflect.NativeMethodAccessorImpl.invoke(NativeMethodAccessorImpl.java:62)
	at sun.reflect.DelegatingMethodAccessorImpl.invoke(DelegatingMethodAccessorImpl.java:43)
	at java.lang.reflect.Method.invoke(Method.java:483)
	at koh.game.network.WorldClient.parsePacket(WorldClient.java:237)
	at koh.game.network.WorldHandler.messageReceived(WorldHandler.java:44)
	at org.apache.mina.core.filterchain.DefaultIoFilterChain$TailFilter.messageReceived(DefaultIoFilterChain.java:854)
	at org.apache.mina.core.filterchain.DefaultIoFilterChain.callNextMessageReceived(DefaultIoFilterChain.java:542)
	at org.apache.mina.core.filterchain.DefaultIoFilterChain.access$1300(DefaultIoFilterChain.java:48)
	at org.apache.mina.core.filterchain.DefaultIoFilterChain$EntryImpl$1.messageReceived(DefaultIoFilterChain.java:943)
	at org.apache.mina.filter.codec.ProtocolCodecFilter$ProtocolDecoderOutputImpl.flush(ProtocolCodecFilter.java:405)
	at org.apache.mina.filter.codec.ProtocolCodecFilter.messageReceived(ProtocolCodecFilter.java:235)
	at org.apache.mina.core.filterchain.DefaultIoFilterChain.callNextMessageReceived(DefaultIoFilterChain.java:542)
	at org.apache.mina.core.filterchain.DefaultIoFilterChain.access$1300(DefaultIoFilterChain.java:48)
	at org.apache.mina.core.filterchain.DefaultIoFilterChain$EntryImpl$1.messageReceived(DefaultIoFilterChain.java:943)
	at org.apache.mina.core.filterchain.IoFilterAdapter.messageReceived(IoFilterAdapter.java:109)
	at org.apache.mina.core.filterchain.DefaultIoFilterChain.callNextMessageReceived(DefaultIoFilterChain.java:542)
	at org.apache.mina.core.filterchain.DefaultIoFilterChain.fireMessageReceived(DefaultIoFilterChain.java:535)
	at org.apache.mina.core.polling.AbstractPollingIoProcessor.read(AbstractPollingIoProcessor.java:714)
	at org.apache.mina.core.polling.AbstractPollingIoProcessor.process(AbstractPollingIoProcessor.java:668)
	at org.apache.mina.core.polling.AbstractPollingIoProcessor.process(AbstractPollingIoProcessor.java:657)
	at org.apache.mina.core.polling.AbstractPollingIoProcessor.access$600(AbstractPollingIoProcessor.java:67)
	at org.apache.mina.core.polling.AbstractPollingIoProcessor$Processor.run(AbstractPollingIoProcessor.java:1121)
	at org.apache.mina.util.NamePreservingRunnable.run(NamePreservingRunnable.java:64)
	at java.util.concurrent.ThreadPoolExecutor.runWorker(ThreadPoolExecutor.java:1142)
	at java.util.concurrent.ThreadPoolExecutor$Worker.run(ThreadPoolExecutor.java:617)
	at java.lang.Thread.run(Thread.java:745)
[17:20:44] (server->proxy->client)::Error:{java.nio.BufferUnderflowException (Hexdump: 00 09 BD 00 00 00 23 48 78 4A 5A 71 31 65 37 79 2D 54 5A 44 75 48 55 39 50 58 67 6C 49 38 58 39 6A 35 30 77 62 4A 4E 00 00 00 00 00 00 0B 2F 31 32 37 2E 30 2E 30 2E 31 00 00 00 00 01 00 00 00 0C 4D 65 6C 61 6E 63 68 6F 6C 69 61 00 00 00 00 14 4D 6F 6E 20 4D 65 69 6C 6C 65 75 72 20 74 65 73 74 20 3F 00 00 00 00 04 74 65 73 74 00 00 00 0B 2F 31 32 37 2E 30 2E 30 2E 31 00 0A 00 00 00)}::cause.toString(){org.apache.mina.filter.codec.ProtocolDecoderException: java.nio.BufferUnderflowException (Hexdump: 00 09 BD 00 00 00 23 48 78 4A 5A 71 31 65 37 79 2D 54 5A 44 75 48 55 39 50 58 67 6C 49 38 58 39 6A 35 30 77 62 4A 4E 00 00 00 00 00 00 0B 2F 31 32 37 2E 30 2E 30 2E 31 00 00 00 00 01 00 00 00 0C 4D 65 6C 61 6E 63 68 6F 6C 69 61 00 00 00 00 14 4D 6F 6E 20 4D 65 69 6C 6C 65 75 72 20 74 65 73 74 20 3F 00 00 00 00 04 74 65 73 74 00 00 00 0B 2F 31 32 37 2E 30 2E 30 2E 31 00 0A 00 00 00)}
