[22:20:32] MySQL Database Connected
[22:20:32] 16 Breeds catched
[22:20:32] 256 Heads catched
[22:20:32] 561 Effects catched
[22:20:47] 11260 DofusMaps catched
[22:20:47] 454 StatedElements catched
[22:20:47] 802 InteractiveElements catched
[22:20:47] 74 HouseInformations catched
[22:20:47] 120 InteractiveDoors catched
[22:20:48] 3614 MapPositions uncatched
[22:20:48] 14681 MapPositions catched
[22:20:48] 42 MapZaaps catched
[22:20:52] 15228 SpellLevels catched 
[22:20:53] 4772 Spells catched 
[22:20:53] 1179 LearnableSpells catched 
[22:20:55] 9780 ItemTemplates catched 
[22:20:57] 4489 Weapons catched 
[22:20:57] 363 ItemSets catched 
[22:20:57] 171 ItemTypes catched 
[22:20:57] 110 ItemPets catched 
[22:20:59] 2476 NpcTemplates catched 
[22:20:59] 138 NpcSpawns catched 
[22:20:59] 50 NpcItems catched 
[22:20:59] 19801 NpcMessages catched 
[22:20:59] 7 NpcReplies catched 
[22:21:02] 18 Triggers catched
[22:21:05] 69 Handlers Readed
[22:21:51] MySQL Database Connected
[22:21:51] 16 Breeds catched
[22:21:51] 256 Heads catched
[22:21:51] 561 Effects catched
[22:22:01] 11260 DofusMaps catched
[22:22:01] 454 StatedElements catched
[22:22:01] 802 InteractiveElements catched
[22:22:01] 74 HouseInformations catched
[22:22:01] 120 InteractiveDoors catched
[22:22:02] 3614 MapPositions uncatched
[22:22:02] 14681 MapPositions catched
[22:22:02] 42 MapZaaps catched
[22:22:02] 15228 SpellLevels catched 
[22:22:03] 4772 Spells catched 
[22:22:03] 1179 LearnableSpells catched 
[22:22:03] 9780 ItemTemplates catched 
[22:22:03] 4489 Weapons catched 
[22:22:03] 363 ItemSets catched 
[22:22:03] 171 ItemTypes catched 
[22:22:03] 110 ItemPets catched 
[22:22:03] 2476 NpcTemplates catched 
[22:22:04] 138 NpcSpawns catched 
[22:22:04] 50 NpcItems catched 
[22:22:04] 19801 NpcMessages catched 
[22:22:04] 7 NpcReplies catched 
[22:22:04] 18 Triggers catched
[22:22:04] 69 Handlers Readed
[22:22:05] 96 Messages Readed
[22:22:06] WorldServer start in 15057 ms.
[22:33:46] MySQL Database Connected
[22:33:46] 16 Breeds catched
[22:33:46] 256 Heads catched
[22:33:46] 561 Effects catched
[22:34:55] 11260 DofusMaps catched
[22:34:55] 454 StatedElements catched
[22:34:55] 802 InteractiveElements catched
[22:34:55] 74 HouseInformations catched
[22:34:55] 120 InteractiveDoors catched
[22:34:56] 3614 MapPositions uncatched
[22:34:56] 14681 MapPositions catched
[22:34:56] 42 MapZaaps catched
[22:34:56] 15228 SpellLevels catched 
[22:34:56] 4772 Spells catched 
[22:34:56] 1179 LearnableSpells catched 
[22:34:56] 9780 ItemTemplates catched 
[22:34:56] 4489 Weapons catched 
[22:34:56] 363 ItemSets catched 
[22:34:56] 171 ItemTypes catched 
[22:34:56] 110 ItemPets catched 
[22:34:57] 2476 NpcTemplates catched 
[22:34:57] 138 NpcSpawns catched 
[22:34:57] 50 NpcItems catched 
[22:34:57] 19801 NpcMessages catched 
[22:34:57] 7 NpcReplies catched 
[22:34:57] 18 Triggers catched
[22:34:57] 69 Handlers Readed
[22:34:57] 96 Messages Readed
[22:34:58] WorldServer start in 72031 ms.
[22:41:43] MySQL Database Connected
[22:41:43] 16 Breeds catched
[22:41:43] 256 Heads catched
[22:41:43] 561 Effects catched
[22:41:51] 11260 DofusMaps catched
[22:41:51] 454 StatedElements catched
[22:41:51] 802 InteractiveElements catched
[22:41:51] 74 HouseInformations catched
[22:41:51] 120 InteractiveDoors catched
[22:41:51] 3614 MapPositions uncatched
[22:41:51] 14681 MapPositions catched
[22:41:51] 42 MapZaaps catched
[22:41:51] 15228 SpellLevels catched 
[22:41:51] 4772 Spells catched 
[22:41:51] 1179 LearnableSpells catched 
[22:41:52] 9780 ItemTemplates catched 
[22:41:52] 4489 Weapons catched 
[22:41:52] 363 ItemSets catched 
[22:41:52] 171 ItemTypes catched 
[22:41:52] 110 ItemPets catched 
[22:41:52] 2476 NpcTemplates catched 
[22:41:52] 138 NpcSpawns catched 
[22:41:52] 50 NpcItems catched 
[22:41:52] 19801 NpcMessages catched 
[22:41:52] 7 NpcReplies catched 
[22:41:52] 18 Triggers catched
[22:41:53] 69 Handlers Readed
[22:41:53] 96 Messages Readed
[22:41:53] WorldServer start in 9953 ms.
