[00:06:38] MySQL Database Connected
[00:06:38] 16 Breeds catched
[00:06:38] 256 Heads catched
[00:06:38] 566 Effects catched
[00:06:39] 4 SuperAreas catched
[00:06:39] 48 Areas catched
[00:06:39] 334 SubAreas catched
[00:06:40] 11267 DofusMaps catched
[00:06:40] 9761 StatedElements catched
[00:06:40] 13349 InteractiveElements catched
[00:06:40] 1485 HouseInformations catched
[00:06:40] 556 InteractiveDoors catched
[00:06:40] 3530 MapPositions uncatched
[00:06:40] 14681 MapPositions catched
[00:06:40] 42 MapZaaps catched
[00:06:40] 79 MapSubways catched
[00:06:40] 15612 SpellLevels catched 
[00:06:40] 4972 Spells catched 
[00:06:40] 316 GuildEmblems catched 
[00:06:40] 1179 LearnableSpells catched 
[00:06:41] 10063 ItemTemplates catched 
[00:06:41] 4355 Weapons catched 
[00:06:41] 366 ItemSets catched 
[00:06:41] 171 ItemTypes catched 
[00:06:41] 114 ItemPets catched 
[00:06:41] 2476 NpcTemplates catched 
[00:06:41] 787 NpcSpawns catched 
[00:06:41] 94 NpcItems catched 
[00:06:41] 19801 NpcMessages catched 
[00:06:41] 7 NpcReplies catched 
[00:06:41] 353 Triggers catched
[00:06:41] 1277 Paddocks catched
[00:06:41] 72 Mounts catched
[00:06:41] 3 Guild catched
[00:06:41] 2 GuildMembers catched
[00:06:41] 11 GatheringJob LevelInfos catched
[00:06:41] 233 InteractiveSkills LevelInfos catched
[00:06:42] 128 Handlers Readed
[00:06:42] 175 Messages Readed
[00:06:43] WorldServer start in 4855 ms.
[00:13:52] MySQL Database Connected
[00:13:53] 16 Breeds catched
[00:13:53] 256 Heads catched
[00:13:53] 566 Effects catched
[00:13:53] 4 SuperAreas catched
[00:13:53] 48 Areas catched
[00:13:54] 334 SubAreas catched
[00:13:54] 11267 DofusMaps catched
[00:13:55] 9761 StatedElements catched
[00:13:55] 13349 InteractiveElements catched
[00:13:55] 1485 HouseInformations catched
[00:13:55] 556 InteractiveDoors catched
[00:13:55] 3530 MapPositions uncatched
[00:13:55] 14681 MapPositions catched
[00:13:55] 42 MapZaaps catched
[00:13:55] 79 MapSubways catched
[00:13:55] 15612 SpellLevels catched 
[00:13:55] 4972 Spells catched 
[00:13:55] 316 GuildEmblems catched 
[00:13:55] 1179 LearnableSpells catched 
[00:13:55] 10063 ItemTemplates catched 
[00:13:55] 4355 Weapons catched 
[00:13:55] 366 ItemSets catched 
[00:13:55] 171 ItemTypes catched 
[00:13:55] 114 ItemPets catched 
[00:13:55] 2476 NpcTemplates catched 
[00:13:55] 787 NpcSpawns catched 
[00:13:55] 94 NpcItems catched 
[00:13:56] 19801 NpcMessages catched 
[00:13:56] 7 NpcReplies catched 
[00:13:56] 353 Triggers catched
[00:13:56] 1277 Paddocks catched
[00:13:56] 72 Mounts catched
[00:13:56] 3 Guild catched
[00:13:56] 2 GuildMembers catched
[00:13:56] 11 GatheringJob LevelInfos catched
[00:13:56] 233 InteractiveSkills LevelInfos catched
[00:13:56] 128 Handlers Readed
[00:13:57] 175 Messages Readed
[00:13:57] WorldServer start in 4805 ms.
[00:19:00] MySQL Database Connected
[00:19:00] 16 Breeds catched
[00:19:00] 256 Heads catched
[00:19:00] 566 Effects catched
[00:19:00] 4 SuperAreas catched
[00:19:00] 48 Areas catched
[00:19:02] 334 SubAreas catched
[00:19:02] 11267 DofusMaps catched
[00:19:02] 9761 StatedElements catched
[00:19:02] 13349 InteractiveElements catched
[00:19:02] 1485 HouseInformations catched
[00:19:02] 556 InteractiveDoors catched
[00:19:02] 3530 MapPositions uncatched
[00:19:02] 14681 MapPositions catched
[00:19:02] 42 MapZaaps catched
[00:19:02] 79 MapSubways catched
[00:19:03] 15612 SpellLevels catched 
[00:19:03] 4972 Spells catched 
[00:19:03] 316 GuildEmblems catched 
[00:19:03] 1179 LearnableSpells catched 
[00:19:03] 10063 ItemTemplates catched 
[00:19:03] 4355 Weapons catched 
[00:19:03] 366 ItemSets catched 
[00:19:03] 171 ItemTypes catched 
[00:19:03] 114 ItemPets catched 
[00:19:03] 2476 NpcTemplates catched 
[00:19:03] 787 NpcSpawns catched 
[00:19:03] 94 NpcItems catched 
[00:19:03] 19801 NpcMessages catched 
[00:19:03] 7 NpcReplies catched 
[00:19:03] 353 Triggers catched
[00:19:03] 1277 Paddocks catched
[00:19:03] 72 Mounts catched
[00:19:03] 3 Guild catched
[00:19:03] 2 GuildMembers catched
[00:19:03] 11 GatheringJob LevelInfos catched
[00:19:04] 233 InteractiveSkills LevelInfos catched
[00:19:04] 128 Handlers Readed
[00:19:05] 175 Messages Readed
[00:19:05] WorldServer start in 5159 ms.
[00:23:20] MySQL Database Connected
[00:23:20] 16 Breeds catched
[00:23:20] 256 Heads catched
[00:23:20] 566 Effects catched
[00:23:20] 4 SuperAreas catched
[00:23:20] 48 Areas catched
[00:23:21] 334 SubAreas catched
[00:23:22] 11267 DofusMaps catched
[00:23:22] 9761 StatedElements catched
[00:23:22] 13349 InteractiveElements catched
[00:23:22] 1485 HouseInformations catched
[00:23:22] 556 InteractiveDoors catched
[00:23:22] 3530 MapPositions uncatched
[00:23:22] 14681 MapPositions catched
[00:23:22] 42 MapZaaps catched
[00:23:22] 79 MapSubways catched
[00:23:22] 15612 SpellLevels catched 
[00:23:22] 4972 Spells catched 
[00:23:22] 316 GuildEmblems catched 
[00:23:22] 1179 LearnableSpells catched 
[00:23:23] 10063 ItemTemplates catched 
[00:23:23] 4355 Weapons catched 
[00:23:23] 366 ItemSets catched 
[00:23:23] 171 ItemTypes catched 
[00:23:23] 114 ItemPets catched 
[00:23:23] 2476 NpcTemplates catched 
[00:23:23] 787 NpcSpawns catched 
[00:23:23] 94 NpcItems catched 
[00:23:23] 19801 NpcMessages catched 
[00:23:23] 7 NpcReplies catched 
[00:23:23] 353 Triggers catched
[00:23:23] 1277 Paddocks catched
[00:23:23] 72 Mounts catched
[00:23:23] 3 Guild catched
[00:23:23] 2 GuildMembers catched
[00:23:23] 11 GatheringJob LevelInfos catched
[00:23:23] 233 InteractiveSkills LevelInfos catched
[00:23:24] 128 Handlers Readed
[00:23:24] 175 Messages Readed
[00:23:24] WorldServer start in 4769 ms.
[00:33:46] MySQL Database Connected
[00:33:46] 16 Breeds catched
[00:33:46] 256 Heads catched
[00:33:46] 566 Effects catched
[00:33:46] 4 SuperAreas catched
[00:33:46] 48 Areas catched
[00:33:47] 334 SubAreas catched
[00:33:48] 11267 DofusMaps catched
[00:33:48] 9761 StatedElements catched
[00:33:48] 13349 InteractiveElements catched
[00:33:48] 1485 HouseInformations catched
[00:33:48] 556 InteractiveDoors catched
[00:33:48] 3530 MapPositions uncatched
[00:33:48] 14681 MapPositions catched
[00:33:48] 42 MapZaaps catched
[00:33:48] 79 MapSubways catched
[00:33:48] 15612 SpellLevels catched 
[00:33:48] 4972 Spells catched 
[00:33:48] 316 GuildEmblems catched 
[00:33:48] 1179 LearnableSpells catched 
[00:33:49] 10063 ItemTemplates catched 
[00:33:49] 4355 Weapons catched 
[00:33:49] 366 ItemSets catched 
[00:33:49] 171 ItemTypes catched 
[00:33:49] 114 ItemPets catched 
[00:33:49] 2476 NpcTemplates catched 
[00:33:49] 787 NpcSpawns catched 
[00:33:49] 94 NpcItems catched 
[00:33:49] 19801 NpcMessages catched 
[00:33:49] 7 NpcReplies catched 
[00:33:49] 353 Triggers catched
[00:33:49] 1277 Paddocks catched
[00:33:49] 72 Mounts catched
[00:33:49] 3 Guild catched
[00:33:49] 2 GuildMembers catched
[00:33:49] 11 GatheringJob LevelInfos catched
[00:33:49] 233 InteractiveSkills LevelInfos catched
[00:33:50] 128 Handlers Readed
[00:33:50] 175 Messages Readed
[00:33:50] WorldServer start in 4893 ms.
[00:36:42] MySQL Database Connected
[00:36:42] 16 Breeds catched
[00:36:42] 256 Heads catched
[00:36:42] 566 Effects catched
[00:36:43] 4 SuperAreas catched
[00:36:43] 48 Areas catched
[00:36:44] 334 SubAreas catched
[00:36:45] 11267 DofusMaps catched
[00:36:45] 9761 StatedElements catched
[00:36:45] 13349 InteractiveElements catched
[00:36:45] 1485 HouseInformations catched
[00:36:45] 556 InteractiveDoors catched
[00:36:45] 3530 MapPositions uncatched
[00:36:45] 14681 MapPositions catched
[00:36:45] 42 MapZaaps catched
[00:36:45] 79 MapSubways catched
[00:36:45] 15612 SpellLevels catched 
[00:36:45] 4972 Spells catched 
[00:36:45] 316 GuildEmblems catched 
[00:36:45] 1179 LearnableSpells catched 
[00:36:45] 10063 ItemTemplates catched 
[00:36:45] 4355 Weapons catched 
[00:36:45] 366 ItemSets catched 
[00:36:45] 171 ItemTypes catched 
[00:36:45] 114 ItemPets catched 
[00:36:46] 2476 NpcTemplates catched 
[00:36:46] 787 NpcSpawns catched 
[00:36:46] 94 NpcItems catched 
[00:36:46] 19801 NpcMessages catched 
[00:36:46] 7 NpcReplies catched 
[00:36:46] 353 Triggers catched
[00:36:46] 1277 Paddocks catched
[00:36:46] 72 Mounts catched
[00:36:46] 3 Guild catched
[00:36:46] 2 GuildMembers catched
[00:36:46] 11 GatheringJob LevelInfos catched
[00:36:46] 233 InteractiveSkills LevelInfos catched
[00:36:47] 128 Handlers Readed
[00:36:47] 175 Messages Readed
[00:36:47] WorldServer start in 5116 ms.
[00:38:57] MySQL Database Connected
[00:38:57] 16 Breeds catched
[00:38:57] 256 Heads catched
[00:38:57] 566 Effects catched
[00:38:58] 4 SuperAreas catched
[00:38:58] 48 Areas catched
[00:38:59] 334 SubAreas catched
[00:38:59] 11267 DofusMaps catched
[00:38:59] 9761 StatedElements catched
[00:38:59] 13349 InteractiveElements catched
[00:38:59] 1485 HouseInformations catched
[00:38:59] 556 InteractiveDoors catched
[00:38:59] 3530 MapPositions uncatched
[00:38:59] 14681 MapPositions catched
[00:38:59] 42 MapZaaps catched
[00:38:59] 79 MapSubways catched
[00:39:00] 15612 SpellLevels catched 
[00:39:00] 4972 Spells catched 
[00:39:00] 316 GuildEmblems catched 
[00:39:00] 1179 LearnableSpells catched 
[00:39:00] 10063 ItemTemplates catched 
[00:39:00] 4355 Weapons catched 
[00:39:00] 366 ItemSets catched 
[00:39:00] 171 ItemTypes catched 
[00:39:00] 114 ItemPets catched 
[00:39:00] 2476 NpcTemplates catched 
[00:39:00] 787 NpcSpawns catched 
[00:39:00] 94 NpcItems catched 
[00:39:00] 19801 NpcMessages catched 
[00:39:00] 7 NpcReplies catched 
[00:39:00] 353 Triggers catched
[00:39:00] 1277 Paddocks catched
[00:39:00] 72 Mounts catched
[00:39:00] 3 Guild catched
[00:39:00] 2 GuildMembers catched
[00:39:00] 11 GatheringJob LevelInfos catched
[00:39:01] 233 InteractiveSkills LevelInfos catched
[00:39:01] 128 Handlers Readed
[00:39:02] 175 Messages Readed
[00:39:02] WorldServer start in 4983 ms.
[01:16:06] MySQL Database Connected
[01:16:06] 16 Breeds catched
[01:16:06] 256 Heads catched
[01:16:06] 566 Effects catched
[01:16:07] 4 SuperAreas catched
[01:16:07] 48 Areas catched
[01:16:07] 334 SubAreas catched
[01:16:08] 11267 DofusMaps catched
[01:16:08] 9761 StatedElements catched
[01:16:08] 13349 InteractiveElements catched
[01:16:08] 1485 HouseInformations catched
[01:16:08] 556 InteractiveDoors catched
[01:16:08] 3530 MapPositions uncatched
[01:16:08] 14681 MapPositions catched
[01:16:08] 42 MapZaaps catched
[01:16:08] 79 MapSubways catched
[01:16:08] 15612 SpellLevels catched 
[01:16:08] 4972 Spells catched 
[01:16:08] 316 GuildEmblems catched 
[01:16:08] 1179 LearnableSpells catched 
[01:16:09] 10063 ItemTemplates catched 
[01:16:09] 4355 Weapons catched 
[01:16:09] 366 ItemSets catched 
[01:16:09] 171 ItemTypes catched 
[01:16:09] 114 ItemPets catched 
[01:16:09] 2476 NpcTemplates catched 
[01:16:09] 787 NpcSpawns catched 
[01:16:09] 94 NpcItems catched 
[01:16:09] 19801 NpcMessages catched 
[01:16:09] 7 NpcReplies catched 
[01:16:09] 353 Triggers catched
[01:16:09] 1277 Paddocks catched
[01:16:09] 72 Mounts catched
[01:16:09] 3 Guild catched
[01:16:09] 2 GuildMembers catched
[01:16:09] 11 GatheringJob LevelInfos catched
[01:16:09] 233 InteractiveSkills LevelInfos catched
[01:16:10] 128 Handlers Readed
[01:16:10] 175 Messages Readed
[01:16:11] WorldServer start in 4812 ms.
[01:20:07] MySQL Database Connected
[01:20:07] 16 Breeds catched
[01:20:07] 256 Heads catched
[01:20:07] 566 Effects catched
[01:20:07] 4 SuperAreas catched
[01:20:07] 48 Areas catched
[01:20:08] 334 SubAreas catched
[01:20:09] 11267 DofusMaps catched
[01:20:09] 9761 StatedElements catched
[01:20:09] 13349 InteractiveElements catched
[01:20:09] 1485 HouseInformations catched
[01:20:09] 556 InteractiveDoors catched
[01:20:09] 3530 MapPositions uncatched
[01:20:09] 14681 MapPositions catched
[01:20:09] 42 MapZaaps catched
[01:20:09] 79 MapSubways catched
[01:20:09] 15612 SpellLevels catched 
[01:20:09] 4972 Spells catched 
[01:20:09] 316 GuildEmblems catched 
[01:20:09] 1179 LearnableSpells catched 
[01:20:10] 10063 ItemTemplates catched 
[01:20:10] 4355 Weapons catched 
[01:20:10] 366 ItemSets catched 
[01:20:10] 171 ItemTypes catched 
[01:20:10] 114 ItemPets catched 
[01:20:10] 2476 NpcTemplates catched 
[01:20:10] 787 NpcSpawns catched 
[01:20:10] 94 NpcItems catched 
[01:20:10] 19801 NpcMessages catched 
[01:20:10] 7 NpcReplies catched 
[01:20:10] 353 Triggers catched
[01:20:10] 1277 Paddocks catched
[01:20:10] 72 Mounts catched
[01:20:10] 3 Guild catched
[01:20:10] 2 GuildMembers catched
[01:20:10] 11 GatheringJob LevelInfos catched
[01:20:10] 233 InteractiveSkills LevelInfos catched
[01:20:11] 128 Handlers Readed
[01:20:12] 175 Messages Readed
[01:20:12] WorldServer start in 5232 ms.
[01:22:18] MySQL Database Connected
[01:22:18] 16 Breeds catched
[01:22:18] 256 Heads catched
[01:22:18] 566 Effects catched
[01:22:18] 4 SuperAreas catched
[01:22:18] 48 Areas catched
[01:22:19] 334 SubAreas catched
[01:22:20] 11267 DofusMaps catched
[01:22:20] 9761 StatedElements catched
[01:22:20] 13349 InteractiveElements catched
[01:22:20] 1485 HouseInformations catched
[01:22:20] 556 InteractiveDoors catched
[01:22:20] 3530 MapPositions uncatched
[01:22:20] 14681 MapPositions catched
[01:22:20] 42 MapZaaps catched
[01:22:20] 79 MapSubways catched
[01:22:20] 15612 SpellLevels catched 
[01:22:20] 4972 Spells catched 
[01:22:20] 316 GuildEmblems catched 
[01:22:20] 1179 LearnableSpells catched 
[01:22:20] 10063 ItemTemplates catched 
[01:22:21] 4355 Weapons catched 
[01:22:21] 366 ItemSets catched 
[01:22:21] 171 ItemTypes catched 
[01:22:21] 114 ItemPets catched 
[01:22:21] 2476 NpcTemplates catched 
[01:22:21] 787 NpcSpawns catched 
[01:22:21] 94 NpcItems catched 
[01:22:21] 19801 NpcMessages catched 
[01:22:21] 7 NpcReplies catched 
[01:22:21] 353 Triggers catched
[01:22:21] 1277 Paddocks catched
[01:22:21] 72 Mounts catched
[01:22:21] 3 Guild catched
[01:22:21] 2 GuildMembers catched
[01:22:21] 11 GatheringJob LevelInfos catched
[01:22:21] 233 InteractiveSkills LevelInfos catched
[01:22:22] 128 Handlers Readed
[01:22:22] 175 Messages Readed
[01:22:22] WorldServer start in 4915 ms.
[01:26:53] MySQL Database Connected
[01:26:53] 16 Breeds catched
[01:26:53] 256 Heads catched
[01:26:53] 566 Effects catched
[01:26:53] 4 SuperAreas catched
[01:26:53] 48 Areas catched
[01:26:54] 334 SubAreas catched
[01:26:55] 11267 DofusMaps catched
[01:26:55] 9761 StatedElements catched
[01:26:55] 13349 InteractiveElements catched
[01:26:55] 1485 HouseInformations catched
[01:26:55] 556 InteractiveDoors catched
[01:26:55] 3530 MapPositions uncatched
[01:26:55] 14681 MapPositions catched
[01:26:55] 42 MapZaaps catched
[01:26:55] 79 MapSubways catched
[01:26:55] 15612 SpellLevels catched 
[01:26:55] 4972 Spells catched 
[01:26:55] 316 GuildEmblems catched 
[01:26:55] 1179 LearnableSpells catched 
[01:26:55] 10063 ItemTemplates catched 
[01:26:55] 4355 Weapons catched 
[01:26:55] 366 ItemSets catched 
[01:26:55] 171 ItemTypes catched 
[01:26:55] 114 ItemPets catched 
[01:26:56] 2476 NpcTemplates catched 
[01:26:56] 787 NpcSpawns catched 
[01:26:56] 94 NpcItems catched 
[01:26:56] 19801 NpcMessages catched 
[01:26:56] 7 NpcReplies catched 
[01:26:56] 353 Triggers catched
[01:26:56] 1277 Paddocks catched
[01:26:56] 72 Mounts catched
[01:26:56] 3 Guild catched
[01:26:56] 2 GuildMembers catched
[01:26:56] 11 GatheringJob LevelInfos catched
[01:26:56] 233 InteractiveSkills LevelInfos catched
[01:26:57] 128 Handlers Readed
[01:26:57] 175 Messages Readed
[01:26:57] WorldServer start in 4947 ms.
[01:30:11] MySQL Database Connected
[01:30:11] 16 Breeds catched
[01:30:11] 256 Heads catched
[01:30:11] 566 Effects catched
[01:30:12] 4 SuperAreas catched
[01:30:12] 48 Areas catched
[01:30:13] 334 SubAreas catched
[01:30:13] 11267 DofusMaps catched
[01:30:13] 9761 StatedElements catched
[01:30:13] 13349 InteractiveElements catched
[01:30:13] 1485 HouseInformations catched
[01:30:13] 556 InteractiveDoors catched
[01:30:14] 3530 MapPositions uncatched
[01:30:14] 14681 MapPositions catched
[01:30:14] 42 MapZaaps catched
[01:30:14] 79 MapSubways catched
[01:30:14] 15612 SpellLevels catched 
[01:30:14] 4972 Spells catched 
[01:30:14] 316 GuildEmblems catched 
[01:30:14] 1179 LearnableSpells catched 
[01:30:14] 10063 ItemTemplates catched 
[01:30:14] 4355 Weapons catched 
[01:30:14] 366 ItemSets catched 
[01:30:14] 171 ItemTypes catched 
[01:30:14] 114 ItemPets catched 
[01:30:14] 2476 NpcTemplates catched 
[01:30:14] 787 NpcSpawns catched 
[01:30:14] 94 NpcItems catched 
[01:30:14] 19801 NpcMessages catched 
[01:30:14] 7 NpcReplies catched 
[01:30:15] 353 Triggers catched
[01:30:15] 1277 Paddocks catched
[01:30:15] 72 Mounts catched
[01:30:15] 3 Guild catched
[01:30:15] 2 GuildMembers catched
[01:30:15] 11 GatheringJob LevelInfos catched
[01:30:15] 233 InteractiveSkills LevelInfos catched
[01:30:15] 128 Handlers Readed
[01:30:16] 175 Messages Readed
[01:30:16] WorldServer start in 5059 ms.
[01:33:09] MySQL Database Connected
[01:33:10] 16 Breeds catched
[01:33:10] 256 Heads catched
[01:33:10] 566 Effects catched
[01:33:10] 4 SuperAreas catched
[01:33:10] 48 Areas catched
[01:33:11] 334 SubAreas catched
[01:33:11] 11267 DofusMaps catched
[01:33:12] 9761 StatedElements catched
[01:33:12] 13349 InteractiveElements catched
[01:33:12] 1485 HouseInformations catched
[01:33:12] 556 InteractiveDoors catched
[01:33:12] 3530 MapPositions uncatched
[01:33:12] 14681 MapPositions catched
[01:33:12] 42 MapZaaps catched
[01:33:12] 79 MapSubways catched
[01:33:12] 15612 SpellLevels catched 
[01:33:12] 4972 Spells catched 
[01:33:12] 316 GuildEmblems catched 
[01:33:12] 1179 LearnableSpells catched 
[01:33:12] 10063 ItemTemplates catched 
[01:33:12] 4355 Weapons catched 
[01:33:12] 366 ItemSets catched 
[01:33:12] 171 ItemTypes catched 
[01:33:12] 114 ItemPets catched 
[01:33:13] 2476 NpcTemplates catched 
[01:33:13] 787 NpcSpawns catched 
[01:33:13] 94 NpcItems catched 
[01:33:13] 19801 NpcMessages catched 
[01:33:13] 7 NpcReplies catched 
[01:33:13] 353 Triggers catched
[01:33:13] 1277 Paddocks catched
[01:33:13] 72 Mounts catched
[01:33:13] 3 Guild catched
[01:33:13] 2 GuildMembers catched
[01:33:13] 11 GatheringJob LevelInfos catched
[01:33:13] 233 InteractiveSkills LevelInfos catched
[01:33:13] 128 Handlers Readed
[01:33:14] 175 Messages Readed
[01:33:14] WorldServer start in 4833 ms.
[01:33:55] MySQL Database Connected
[01:33:55] 16 Breeds catched
[01:33:55] 256 Heads catched
[01:33:55] 566 Effects catched
[01:33:56] 4 SuperAreas catched
[01:33:56] 48 Areas catched
[01:33:57] 334 SubAreas catched
[01:33:57] 11267 DofusMaps catched
[01:33:57] 9761 StatedElements catched
[01:33:57] 13349 InteractiveElements catched
[01:33:57] 1485 HouseInformations catched
[01:33:57] 556 InteractiveDoors catched
[01:33:57] 3530 MapPositions uncatched
[01:33:57] 14681 MapPositions catched
[01:33:57] 42 MapZaaps catched
[01:33:57] 79 MapSubways catched
[01:33:58] 15612 SpellLevels catched 
[01:33:58] 4972 Spells catched 
[01:33:58] 316 GuildEmblems catched 
[01:33:58] 1179 LearnableSpells catched 
[01:33:58] 10063 ItemTemplates catched 
[01:33:58] 4355 Weapons catched 
[01:33:58] 366 ItemSets catched 
[01:33:58] 171 ItemTypes catched 
[01:33:58] 114 ItemPets catched 
[01:33:58] 2476 NpcTemplates catched 
[01:33:58] 787 NpcSpawns catched 
[01:33:58] 94 NpcItems catched 
[01:33:58] 19801 NpcMessages catched 
[01:33:58] 7 NpcReplies catched 
[01:33:58] 353 Triggers catched
[01:33:58] 1277 Paddocks catched
[01:33:58] 72 Mounts catched
[01:33:58] 3 Guild catched
[01:33:58] 2 GuildMembers catched
[01:33:58] 11 GatheringJob LevelInfos catched
[01:33:59] 233 InteractiveSkills LevelInfos catched
[01:33:59] 128 Handlers Readed
[01:34:00] 175 Messages Readed
[01:34:00] WorldServer start in 4903 ms.
[01:35:58] MySQL Database Connected
[01:35:58] 16 Breeds catched
[01:35:58] 256 Heads catched
[01:35:58] 566 Effects catched
[01:35:59] 4 SuperAreas catched
[01:35:59] 48 Areas catched
[01:36:00] 334 SubAreas catched
[01:36:00] 11267 DofusMaps catched
[01:36:00] 9761 StatedElements catched
[01:36:01] 13349 InteractiveElements catched
[01:36:01] 1485 HouseInformations catched
[01:36:01] 556 InteractiveDoors catched
[01:36:01] 3530 MapPositions uncatched
[01:36:01] 14681 MapPositions catched
[01:36:01] 42 MapZaaps catched
[01:36:01] 79 MapSubways catched
[01:36:01] 15612 SpellLevels catched 
[01:36:01] 4972 Spells catched 
[01:36:01] 316 GuildEmblems catched 
[01:36:01] 1179 LearnableSpells catched 
[01:36:01] 10063 ItemTemplates catched 
[01:36:01] 4355 Weapons catched 
[01:36:01] 366 ItemSets catched 
[01:36:01] 171 ItemTypes catched 
[01:36:01] 114 ItemPets catched 
[01:36:01] 2476 NpcTemplates catched 
[01:36:01] 787 NpcSpawns catched 
[01:36:01] 94 NpcItems catched 
[01:36:02] 19801 NpcMessages catched 
[01:36:02] 7 NpcReplies catched 
[01:36:02] 353 Triggers catched
[01:36:02] 1277 Paddocks catched
[01:36:02] 72 Mounts catched
[01:36:02] 3 Guild catched
[01:36:02] 2 GuildMembers catched
[01:36:02] 11 GatheringJob LevelInfos catched
[01:36:02] 233 InteractiveSkills LevelInfos catched
[01:36:02] 128 Handlers Readed
[01:36:03] 175 Messages Readed
[01:36:03] WorldServer start in 4896 ms.
[02:26:55] MySQL Database Connected
[02:26:56] 16 Breeds catched
[02:26:56] 256 Heads catched
[02:26:56] 566 Effects catched
[02:26:56] 4 SuperAreas catched
[02:26:56] 48 Areas catched
[02:26:57] 334 SubAreas catched
[02:26:57] 11267 DofusMaps catched
[02:26:57] 9761 StatedElements catched
[02:26:58] 13349 InteractiveElements catched
[02:26:58] 1485 HouseInformations catched
[02:26:58] 556 InteractiveDoors catched
[02:26:58] 3530 MapPositions uncatched
[02:26:58] 14681 MapPositions catched
[02:26:58] 42 MapZaaps catched
[02:26:58] 79 MapSubways catched
[02:26:58] 15612 SpellLevels catched 
[02:26:58] 4972 Spells catched 
[02:26:58] 316 GuildEmblems catched 
[02:26:58] 1179 LearnableSpells catched 
[02:26:58] 10063 ItemTemplates catched 
[02:26:58] 4355 Weapons catched 
[02:26:58] 366 ItemSets catched 
[02:26:58] 171 ItemTypes catched 
[02:26:58] 114 ItemPets catched 
[02:26:58] 2476 NpcTemplates catched 
[02:26:58] 787 NpcSpawns catched 
[02:26:58] 94 NpcItems catched 
[02:26:59] 19801 NpcMessages catched 
[02:26:59] 7 NpcReplies catched 
[02:26:59] 353 Triggers catched
[02:26:59] 1277 Paddocks catched
[02:26:59] 72 Mounts catched
[02:26:59] 3 Guild catched
[02:26:59] 2 GuildMembers catched
[02:26:59] 11 GatheringJob LevelInfos catched
[02:26:59] 233 InteractiveSkills LevelInfos catched
[02:26:59] 128 Handlers Readed
[02:27:00] 175 Messages Readed
[02:27:00] WorldServer start in 4720 ms.
[02:42:01] MySQL Database Connected
[02:42:01] 16 Breeds catched
[02:42:01] 256 Heads catched
[02:42:01] 566 Effects catched
[02:42:02] 4 SuperAreas catched
[02:42:02] 48 Areas catched
[02:42:03] 334 SubAreas catched
[02:42:03] 11267 DofusMaps catched
[02:42:03] 9761 StatedElements catched
[02:42:03] 13349 InteractiveElements catched
[02:42:03] 1485 HouseInformations catched
[02:42:03] 556 InteractiveDoors catched
[02:42:03] 3530 MapPositions uncatched
[02:42:03] 14681 MapPositions catched
[02:42:04] 42 MapZaaps catched
[02:42:04] 79 MapSubways catched
[02:42:04] 15612 SpellLevels catched 
[02:42:04] 4972 Spells catched 
[02:42:04] 316 GuildEmblems catched 
[02:42:04] 1179 LearnableSpells catched 
[02:42:04] 10063 ItemTemplates catched 
[02:42:04] 4355 Weapons catched 
[02:42:04] 366 ItemSets catched 
[02:42:04] 171 ItemTypes catched 
[02:42:04] 114 ItemPets catched 
[02:42:04] 2476 NpcTemplates catched 
[02:42:04] 787 NpcSpawns catched 
[02:42:04] 94 NpcItems catched 
[02:42:04] 19801 NpcMessages catched 
[02:42:04] 7 NpcReplies catched 
[02:42:05] 353 Triggers catched
[02:42:05] 1277 Paddocks catched
[02:42:05] 72 Mounts catched
[02:42:05] 3 Guild catched
[02:42:05] 2 GuildMembers catched
[02:42:05] 11 GatheringJob LevelInfos catched
[02:42:05] 233 InteractiveSkills LevelInfos catched
[02:42:05] 128 Handlers Readed
[02:42:06] 175 Messages Readed
[02:42:06] WorldServer start in 5063 ms.
[02:42:36] MySQL Database Connected
[02:42:36] 16 Breeds catched
[02:42:36] 256 Heads catched
[02:42:36] 566 Effects catched
[02:42:36] 4 SuperAreas catched
[02:42:36] 48 Areas catched
[02:42:37] 334 SubAreas catched
[02:42:38] 11267 DofusMaps catched
[02:42:38] 9761 StatedElements catched
[02:42:38] 13349 InteractiveElements catched
[02:42:38] 1485 HouseInformations catched
[02:42:38] 556 InteractiveDoors catched
[02:42:38] 3530 MapPositions uncatched
[02:42:38] 14681 MapPositions catched
[02:42:38] 42 MapZaaps catched
[02:42:38] 79 MapSubways catched
[02:42:38] 15612 SpellLevels catched 
[02:42:38] 4972 Spells catched 
[02:42:38] 316 GuildEmblems catched 
[02:42:38] 1179 LearnableSpells catched 
[02:42:38] 10063 ItemTemplates catched 
[02:42:38] 4355 Weapons catched 
[02:42:38] 366 ItemSets catched 
[02:42:38] 171 ItemTypes catched 
[02:42:39] 114 ItemPets catched 
[02:42:39] 2476 NpcTemplates catched 
[02:42:39] 787 NpcSpawns catched 
[02:42:39] 94 NpcItems catched 
[02:42:39] 19801 NpcMessages catched 
[02:42:39] 7 NpcReplies catched 
[02:42:39] 353 Triggers catched
[02:42:39] 1277 Paddocks catched
[02:42:39] 72 Mounts catched
[02:42:39] 3 Guild catched
[02:42:39] 2 GuildMembers catched
[02:42:39] 11 GatheringJob LevelInfos catched
[02:42:39] 233 InteractiveSkills LevelInfos catched
[02:42:40] 128 Handlers Readed
[02:42:40] 175 Messages Readed
[02:42:40] WorldServer start in 4969 ms.
[02:43:41] MySQL Database Connected
[02:43:41] 16 Breeds catched
[02:43:41] 256 Heads catched
[02:43:41] 566 Effects catched
[02:43:42] 4 SuperAreas catched
[02:43:42] 48 Areas catched
[02:43:43] 334 SubAreas catched
[02:43:43] 11267 DofusMaps catched
[02:43:43] 9761 StatedElements catched
[02:43:43] 13349 InteractiveElements catched
[02:43:43] 1485 HouseInformations catched
[02:43:43] 556 InteractiveDoors catched
[02:43:43] 3530 MapPositions uncatched
[02:43:43] 14681 MapPositions catched
[02:43:43] 42 MapZaaps catched
[02:43:43] 79 MapSubways catched
[02:43:44] 15612 SpellLevels catched 
[02:43:44] 4972 Spells catched 
[02:43:44] 316 GuildEmblems catched 
[02:43:44] 1179 LearnableSpells catched 
[02:43:44] 10063 ItemTemplates catched 
[02:43:44] 4355 Weapons catched 
[02:43:44] 366 ItemSets catched 
[02:43:44] 171 ItemTypes catched 
[02:43:44] 114 ItemPets catched 
[02:43:44] 2476 NpcTemplates catched 
[02:43:44] 787 NpcSpawns catched 
[02:43:44] 94 NpcItems catched 
[02:43:44] 19801 NpcMessages catched 
[02:43:44] 7 NpcReplies catched 
[02:43:44] 353 Triggers catched
[02:43:44] 1277 Paddocks catched
[02:43:44] 72 Mounts catched
[02:43:44] 3 Guild catched
[02:43:44] 2 GuildMembers catched
[02:43:44] 11 GatheringJob LevelInfos catched
[02:43:45] 233 InteractiveSkills LevelInfos catched
[02:43:45] 128 Handlers Readed
[02:43:46] 175 Messages Readed
[02:43:46] WorldServer start in 4958 ms.
[02:46:42] MySQL Database Connected
[02:46:42] 16 Breeds catched
[02:46:42] 256 Heads catched
[02:46:42] 566 Effects catched
[02:46:42] 4 SuperAreas catched
[02:46:42] 48 Areas catched
[02:46:43] 334 SubAreas catched
[02:46:44] 11267 DofusMaps catched
[02:46:44] 9761 StatedElements catched
[02:46:44] 13349 InteractiveElements catched
[02:46:44] 1485 HouseInformations catched
[02:46:44] 556 InteractiveDoors catched
[02:46:44] 3530 MapPositions uncatched
[02:46:44] 14681 MapPositions catched
[02:46:44] 42 MapZaaps catched
[02:46:44] 79 MapSubways catched
[02:46:44] 15612 SpellLevels catched 
[02:46:45] 4972 Spells catched 
[02:46:45] 316 GuildEmblems catched 
[02:46:45] 1179 LearnableSpells catched 
[02:46:45] 10063 ItemTemplates catched 
[02:46:45] 4355 Weapons catched 
[02:46:45] 366 ItemSets catched 
[02:46:45] 171 ItemTypes catched 
[02:46:45] 114 ItemPets catched 
[02:46:45] 2476 NpcTemplates catched 
[02:46:45] 787 NpcSpawns catched 
[02:46:45] 94 NpcItems catched 
[02:46:45] 19801 NpcMessages catched 
[02:46:45] 7 NpcReplies catched 
[02:46:45] 353 Triggers catched
[02:46:45] 1277 Paddocks catched
[02:46:45] 72 Mounts catched
[02:46:45] 3 Guild catched
[02:46:45] 2 GuildMembers catched
[02:46:45] 11 GatheringJob LevelInfos catched
[02:46:45] 233 InteractiveSkills LevelInfos catched
[02:46:46] 128 Handlers Readed
[02:46:47] 175 Messages Readed
[02:46:47] WorldServer start in 4903 ms.
[02:47:10] MySQL Database Connected
[02:47:10] 16 Breeds catched
[02:47:10] 256 Heads catched
[02:47:10] 566 Effects catched
[02:47:10] 4 SuperAreas catched
[02:47:10] 48 Areas catched
[02:47:11] 334 SubAreas catched
[02:47:12] 11267 DofusMaps catched
[02:47:12] 9761 StatedElements catched
[02:47:12] 13349 InteractiveElements catched
[02:47:12] 1485 HouseInformations catched
[02:47:12] 556 InteractiveDoors catched
[02:47:12] 3530 MapPositions uncatched
[02:47:12] 14681 MapPositions catched
[02:47:12] 42 MapZaaps catched
[02:47:12] 79 MapSubways catched
[02:47:12] 15612 SpellLevels catched 
[02:47:12] 4972 Spells catched 
[02:47:12] 316 GuildEmblems catched 
[02:47:12] 1179 LearnableSpells catched 
[02:47:13] 10063 ItemTemplates catched 
[02:47:13] 4355 Weapons catched 
[02:47:13] 366 ItemSets catched 
[02:47:13] 171 ItemTypes catched 
[02:47:13] 114 ItemPets catched 
[02:47:13] 2476 NpcTemplates catched 
[02:47:13] 787 NpcSpawns catched 
[02:47:13] 94 NpcItems catched 
[02:47:13] 19801 NpcMessages catched 
[02:47:13] 7 NpcReplies catched 
[02:47:13] 353 Triggers catched
[02:47:13] 1277 Paddocks catched
[02:47:13] 72 Mounts catched
[02:47:13] 3 Guild catched
[02:47:13] 2 GuildMembers catched
[02:47:13] 11 GatheringJob LevelInfos catched
[02:47:13] 233 InteractiveSkills LevelInfos catched
[02:47:14] 128 Handlers Readed
[02:47:14] 175 Messages Readed
[02:47:14] WorldServer start in 4852 ms.
[03:48:31] MySQL Database Connected
[03:48:31] 16 Breeds catched
[03:48:31] 256 Heads catched
[03:48:31] 566 Effects catched
[03:48:32] 4 SuperAreas catched
[03:48:32] 48 Areas catched
[03:48:33] 334 SubAreas catched
[03:48:33] 11267 DofusMaps catched
[03:48:33] 9761 StatedElements catched
[03:48:34] 13349 InteractiveElements catched
[03:48:34] 1485 HouseInformations catched
[03:48:34] 556 InteractiveDoors catched
[03:48:34] 3530 MapPositions uncatched
[03:48:34] 14681 MapPositions catched
[03:48:34] 42 MapZaaps catched
[03:48:34] 79 MapSubways catched
[03:48:34] 15612 SpellLevels catched 
[03:48:34] 4972 Spells catched 
[03:48:34] 316 GuildEmblems catched 
[03:48:34] 1179 LearnableSpells catched 
[03:48:34] 10063 ItemTemplates catched 
[03:48:34] 4355 Weapons catched 
[03:48:34] 366 ItemSets catched 
[03:48:34] 171 ItemTypes catched 
[03:48:34] 114 ItemPets catched 
[03:48:34] 2476 NpcTemplates catched 
[03:48:34] 787 NpcSpawns catched 
[03:48:34] 94 NpcItems catched 
[03:48:35] 19801 NpcMessages catched 
[03:48:35] 7 NpcReplies catched 
[03:48:35] 353 Triggers catched
[03:48:35] 1277 Paddocks catched
[03:48:35] 72 Mounts catched
[03:48:35] 3 Guild catched
[03:48:35] 2 GuildMembers catched
[03:48:35] 11 GatheringJob LevelInfos catched
[03:48:35] 233 InteractiveSkills LevelInfos catched
[03:48:35] 128 Handlers Readed
[03:48:36] 175 Messages Readed
[03:48:36] WorldServer start in 4766 ms.
[03:58:15] MySQL Database Connected
[03:58:15] 16 Breeds catched
[03:58:15] 256 Heads catched
[03:58:15] 566 Effects catched
[03:58:15] 4 SuperAreas catched
[03:58:16] 48 Areas catched
[03:58:16] 334 SubAreas catched
[03:58:17] 11267 DofusMaps catched
[03:58:17] 9761 StatedElements catched
[03:58:17] 13349 InteractiveElements catched
[03:58:17] 1485 HouseInformations catched
[03:58:17] 556 InteractiveDoors catched
[03:58:17] 3530 MapPositions uncatched
[03:58:17] 14681 MapPositions catched
[03:58:17] 42 MapZaaps catched
[03:58:17] 79 MapSubways catched
[03:58:17] 15612 SpellLevels catched 
[03:58:17] 4972 Spells catched 
[03:58:17] 316 GuildEmblems catched 
[03:58:17] 1179 LearnableSpells catched 
[03:58:18] 10063 ItemTemplates catched 
[03:58:18] 4355 Weapons catched 
[03:58:18] 366 ItemSets catched 
[03:58:18] 171 ItemTypes catched 
[03:58:18] 114 ItemPets catched 
[03:58:18] 2476 NpcTemplates catched 
[03:58:18] 787 NpcSpawns catched 
[03:58:18] 94 NpcItems catched 
[03:58:18] 19801 NpcMessages catched 
[03:58:18] 7 NpcReplies catched 
[03:58:18] 353 Triggers catched
[03:58:18] 1277 Paddocks catched
[03:58:18] 72 Mounts catched
[03:58:18] 3 Guild catched
[03:58:18] 2 GuildMembers catched
[03:58:18] 11 GatheringJob LevelInfos catched
[03:58:18] 233 InteractiveSkills LevelInfos catched
[03:58:19] 128 Handlers Readed
[03:58:19] 175 Messages Readed
[03:58:20] WorldServer start in 4840 ms.
[14:26:58] MySQL Database Connected
[14:26:58] 16 Breeds catched
[14:26:58] 256 Heads catched
[14:26:58] 566 Effects catched
[14:26:59] 4 SuperAreas catched
[14:26:59] 48 Areas catched
[14:27:00] 334 SubAreas catched
[14:27:00] 11267 DofusMaps catched
[14:27:00] 9761 StatedElements catched
[14:27:01] 13349 InteractiveElements catched
[14:27:01] 1485 HouseInformations catched
[14:27:01] 556 InteractiveDoors catched
[14:27:01] 3530 MapPositions uncatched
[14:27:01] 14681 MapPositions catched
[14:27:01] 42 MapZaaps catched
[14:27:01] 79 MapSubways catched
[14:27:01] 15612 SpellLevels catched 
[14:27:01] 4972 Spells catched 
[14:27:01] 316 GuildEmblems catched 
[14:27:01] 1179 LearnableSpells catched 
[14:27:01] 10063 ItemTemplates catched 
[14:27:01] 4355 Weapons catched 
[14:27:01] 366 ItemSets catched 
[14:27:01] 171 ItemTypes catched 
[14:27:01] 114 ItemPets catched 
[14:27:02] 2476 NpcTemplates catched 
[14:27:02] 787 NpcSpawns catched 
[14:27:02] 94 NpcItems catched 
[14:27:02] 19801 NpcMessages catched 
[14:27:02] 7 NpcReplies catched 
[14:27:02] 353 Triggers catched
[14:27:02] 1277 Paddocks catched
[14:27:02] 72 Mounts catched
[14:27:02] 3 Guild catched
[14:27:02] 2 GuildMembers catched
[14:27:02] 11 GatheringJob LevelInfos catched
[14:27:02] 233 InteractiveSkills LevelInfos catched
[14:27:02] 128 Handlers Readed
[14:27:03] 175 Messages Readed
[14:27:03] WorldServer start in 4903 ms.
[14:33:27] MySQL Database Connected
[14:33:27] 16 Breeds catched
[14:33:27] 256 Heads catched
[14:33:27] 566 Effects catched
[14:33:27] 4 SuperAreas catched
[14:33:27] 48 Areas catched
[14:33:28] 334 SubAreas catched
[14:33:29] 11267 DofusMaps catched
[14:33:29] 9761 StatedElements catched
[14:33:29] 13349 InteractiveElements catched
[14:33:29] 1485 HouseInformations catched
[14:33:29] 556 InteractiveDoors catched
[14:33:29] 3530 MapPositions uncatched
[14:33:29] 14681 MapPositions catched
[14:33:29] 42 MapZaaps catched
[14:33:29] 79 MapSubways catched
[14:33:29] 15612 SpellLevels catched 
[14:33:29] 4972 Spells catched 
[14:33:29] 316 GuildEmblems catched 
[14:33:29] 1179 LearnableSpells catched 
[14:33:29] 10063 ItemTemplates catched 
[14:33:29] 4355 Weapons catched 
[14:33:29] 366 ItemSets catched 
[14:33:29] 171 ItemTypes catched 
[14:33:30] 114 ItemPets catched 
[14:33:30] 2476 NpcTemplates catched 
[14:33:30] 787 NpcSpawns catched 
[14:33:30] 94 NpcItems catched 
[14:33:30] 19801 NpcMessages catched 
[14:33:30] 7 NpcReplies catched 
[14:33:30] 353 Triggers catched
[14:33:30] 1277 Paddocks catched
[14:33:30] 72 Mounts catched
[14:33:30] 3 Guild catched
[14:33:30] 2 GuildMembers catched
[14:33:30] 11 GatheringJob LevelInfos catched
[14:33:30] 233 InteractiveSkills LevelInfos catched
[14:33:31] 128 Handlers Readed
[14:33:31] 175 Messages Readed
[14:33:31] WorldServer start in 4763 ms.
[14:42:21] MySQL Database Connected
[14:42:22] 16 Breeds catched
[14:42:22] 256 Heads catched
[14:42:22] 566 Effects catched
[14:42:22] 4 SuperAreas catched
[14:42:22] 48 Areas catched
[14:42:23] 334 SubAreas catched
[14:42:24] 11267 DofusMaps catched
[14:42:24] 9761 StatedElements catched
[14:42:24] 13349 InteractiveElements catched
[14:42:24] 1485 HouseInformations catched
[14:42:24] 556 InteractiveDoors catched
[14:42:24] 3530 MapPositions uncatched
[14:42:24] 14681 MapPositions catched
[14:42:24] 42 MapZaaps catched
[14:42:24] 79 MapSubways catched
[14:42:24] 15612 SpellLevels catched 
[14:42:24] 4972 Spells catched 
[14:42:24] 316 GuildEmblems catched 
[14:42:24] 1179 LearnableSpells catched 
[14:42:24] 10063 ItemTemplates catched 
[14:42:24] 4355 Weapons catched 
[14:42:24] 366 ItemSets catched 
[14:42:24] 171 ItemTypes catched 
[14:42:25] 114 ItemPets catched 
[14:42:25] 2476 NpcTemplates catched 
[14:42:25] 787 NpcSpawns catched 
[14:42:25] 94 NpcItems catched 
[14:42:25] 19801 NpcMessages catched 
[14:42:25] 7 NpcReplies catched 
[14:42:25] 353 Triggers catched
[14:42:25] 1277 Paddocks catched
[14:42:25] 72 Mounts catched
[14:42:25] 3 Guild catched
[14:42:25] 2 GuildMembers catched
[14:42:25] 11 GatheringJob LevelInfos catched
[14:42:25] 233 InteractiveSkills LevelInfos catched
[14:42:26] 128 Handlers Readed
[14:42:26] 175 Messages Readed
[14:42:26] WorldServer start in 5208 ms.
