juin 13, 2015 8:12:31 PM com.j256.ormlite.logger.Slf4jLoggingLog log
GRAVE: WARNING: you seem to not be using the Xerial SQLite driver.  See ORMLite docs on SQLite: http://ormlite.com/docs/sqlite
[20:12:38] Map 147981057 stated nulled
[20:12:38] Map 147854081 stated nulled
[20:12:38] Map 149946368 stated nulled
[20:12:38] Map 149946368 stated nulled
[20:12:38] Map 147850247 stated nulled
[20:12:38] Map 147850247 stated nulled
[20:12:38] Map 147850247 stated nulled
[20:12:38] Map 147850247 stated nulled
[20:12:38] Map 147850247 stated nulled
[20:12:38] Map 147850247 stated nulled
[20:12:38] Map 147981314 stated nulled
[20:12:38] Map 147981314 stated nulled
[20:12:38] Map 147981314 stated nulled
[20:12:38] Map 147981314 stated nulled
[20:12:38] Map 147981314 stated nulled
[20:12:38] Map 147854341 stated nulled
[20:12:38] Map 147854341 stated nulled
[20:12:38] Map 147854341 stated nulled
[20:12:38] Map 147854340 stated nulled
[20:12:38] Map 147854340 stated nulled
[20:12:38] Map 147854340 stated nulled
[20:12:38] Map 147854340 stated nulled
[20:12:38] Map 147854340 stated nulled
[20:12:38] Map 147854340 stated nulled
[20:12:38] Map 147853828 stated nulled
[20:12:38] Map 147853828 stated nulled
[20:12:38] Map 147853828 stated nulled
[20:12:38] Map 147853828 stated nulled
[20:12:38] Map 147853828 stated nulled
[20:12:38] Map 147853829 stated nulled
[20:12:38] Map 147853829 stated nulled
[20:12:38] Map 147853829 stated nulled
[20:12:38] Map 147853829 stated nulled
[20:12:38] Map 147849218 element nulled
[20:12:38] Map 147850247 element nulled
[20:12:38] Map 147850247 element nulled
[20:12:38] Map 147850247 element nulled
[20:12:38] Map 147850247 element nulled
[20:12:38] Map 147850247 element nulled
[20:12:38] Map 147850247 element nulled
[20:12:38] Map 147850249 element nulled
[20:12:38] Map 147850754 element nulled
[20:12:38] Map 147850755 element nulled
[20:12:38] Map 147850756 element nulled
[20:12:38] Map 147851009 element nulled
[20:12:38] Map 147851782 element nulled
[20:12:38] Map 147852290 element nulled
[20:12:38] Map 147853312 element nulled
[20:12:38] Map 147853312 element nulled
[20:12:38] Map 147853315 element nulled
[20:12:38] Map 147853826 element nulled
[20:12:38] Map 147853828 element nulled
[20:12:38] Map 147853828 element nulled
[20:12:38] Map 147853828 element nulled
[20:12:38] Map 147853828 element nulled
[20:12:38] Map 147853828 element nulled
[20:12:38] Map 147853829 element nulled
[20:12:38] Map 147853829 element nulled
[20:12:38] Map 147853829 element nulled
[20:12:38] Map 147853829 element nulled
[20:12:38] Map 147854081 element nulled
[20:12:38] Map 147854339 element nulled
[20:12:38] Map 147854340 element nulled
[20:12:38] Map 147854340 element nulled
[20:12:38] Map 147854340 element nulled
[20:12:38] Map 147854340 element nulled
[20:12:38] Map 147854340 element nulled
[20:12:38] Map 147854340 element nulled
[20:12:38] Map 147854341 element nulled
[20:12:38] Map 147854341 element nulled
[20:12:38] Map 147854341 element nulled
[20:12:38] Map 147981057 element nulled
[20:12:38] Map 147981314 element nulled
[20:12:38] Map 147981314 element nulled
[20:12:38] Map 147981314 element nulled
[20:12:38] Map 147981314 element nulled
[20:12:38] Map 147981314 element nulled
[20:12:38] Map 149946368 element nulled
[20:12:38] Map 149946368 element nulled
[20:12:38] Map 149946368 element nulled
[20:12:38] Map 149946368 element nulled
[20:12:38] Map 149946368 element nulled
[20:12:38] Map 149946368 element nulled
[20:12:38] Map 147853312 Door nulled
[20:12:38] Map 147853826 Door nulled
[20:12:38] Map 855946248 Door nulled
[20:12:38] Map -2130444072 Door nulled
[20:12:38] Map -2130444286 Door nulled
[20:12:38] Map 838891520 Door nulled
[20:12:38] Map 788529721 Door nulled
[20:12:38] Map 822084149 Door nulled
[20:12:38] Map -2130444244 Door nulled
[20:12:38] Map -2130444286 Door nulled
[20:12:38] Map -16580400 Door nulled
[20:12:38] Map -16580400 Door nulled
[20:12:38] Map -16580606 Door nulled
[20:12:38] Map -1560213768 Door nulled
[20:12:38] Map -1560213924 Door nulled
[20:12:38] Map -1593768356 Door nulled
[20:12:38] Map -1593768356 Door nulled
[20:12:38] Map -1593768356 Door nulled
[20:12:38] Map -1593768356 Door nulled
[20:12:38] Map 100925448 Door nulled
[20:12:38] Map 100925456 Door nulled
[20:12:38] Map 100925448 Door nulled
[20:12:38] Map -1962670046 Door nulled
[20:12:38] Map -1459485284 Door nulled
[20:12:38] Map -1459485284 Door nulled
[20:12:38] Map -402585780 Door nulled
[20:12:38] Map -16580400 Door nulled
[20:12:38] Map -1945894910 Door nulled
[20:12:38] Map -16580400 Door nulled
[20:12:38] Map -1593768356 Door nulled
[20:12:38] Map -1945828550 Door nulled
[20:12:38] Map -16580606 Door nulled
[20:12:38] Map -1744699390 Door nulled
[20:12:38] Map -972880716 Door nulled
[20:12:38] Map -972880716 Door nulled
[20:12:38] Map -989657932 Door nulled
[20:12:38] Map -989657932 Door nulled
[20:12:38] Map 537229314 Door nulled
[20:12:38] Map 537229314 Door nulled
[20:12:38] Map 537247750 Door nulled
[20:12:38] Map 537247746 Door nulled
[20:12:38] Map -1593440512 Door nulled
[20:12:38] Map -1593440512 Door nulled
[20:12:38] Map -1241447288 Door nulled
[20:12:38] Map -1241447288 Door nulled
[20:12:38] Map -1593768356 Door nulled
[20:12:38] Map -1543436708 Door nulled
[20:12:38] Map -1576990984 Door nulled
[20:12:38] Map -1543436708 Door nulled
[20:12:38] Map -1543436708 Door nulled
[20:12:38] Map 1594166274 Door nulled
[20:12:38] Map 1594163212 Door nulled
[20:12:38] Map 1594098688 Door nulled
[20:12:38] Map 1594166278 Door nulled
[20:12:38] Map 1594312706 Door nulled
[20:12:38] Map 1594312714 Door nulled
[20:12:38] Map 1594166280 Door nulled
[20:12:38] Map 1594161160 Door nulled
[20:12:38] Map 554225682 Door nulled
[20:12:38] Map 147851009 Door nulled
[20:12:38] Map 554233864 Door nulled
[20:12:38] Map 554225676 Door nulled
[20:12:38] Map 554233868 Door nulled
[20:12:38] Map 147849218 Door nulled
[20:12:40] Map 143396 trigger null
[20:12:40] Map 143160 trigger null
[20:12:40] Map 78906368 trigger null
[20:12:40] Map 147853826 trigger null
[20:12:40] Map 57016841 trigger null
[20:12:40] Map 88087301 trigger null
[20:12:40] Map 100984832 trigger null
[20:12:40] Map 100925448 trigger null
[20:12:40] Map 87032320 trigger null
[20:12:40] Map 1644497935 trigger null
[20:12:40] Map 84804355 trigger null
[20:12:40] Map 147853312 trigger null
[20:12:40] Map -989657932 trigger null
[20:12:40] Map 1728397333 trigger null
[20:12:40] Map -1945828506 trigger null
[20:12:40] Map 142888 trigger null
[20:12:40] Map 145447 trigger null
[20:12:40] Map 78908422 trigger null
[20:12:40] Map 76024322 trigger null
[20:12:40] Map 1594166284 trigger null
[20:12:40] Map 83628032 trigger null
[20:12:40] Map 83364864 trigger null
[20:12:40] Map 84675078 trigger null
[20:12:40] Map -2130444204 trigger null
[20:12:40] Map 5507072 trigger null
[20:12:40] Map -1241447288 trigger null
[20:12:40] Map 1678118918 trigger null
[20:12:40] Map 101713413 trigger null
[20:12:40] Map 91752967 trigger null
[20:12:40] Map 117704202 trigger null
[20:12:40] Map 96470530 trigger null
[20:12:40] Map 537243660 trigger null
[20:12:40] Map 537229326 trigger null
[20:12:40] Map 13093 trigger null
[20:12:40] Map 88080903 trigger null
[20:12:40] Map -972880716 trigger null
[20:12:40] Map 54158637 trigger null
[20:12:40] Map -972880716 trigger null
[20:12:40] Map 158213 trigger null
[20:12:40] Map -972880716 trigger null
[20:12:40] Map 78908422 trigger null
[20:12:40] Map -1140652836 trigger null
[20:12:40] Map 80218626 trigger null
[20:12:40] Map -989657932 trigger null
[20:12:40] Map -1945828508 trigger null
[20:12:40] Map 1594312714 trigger null
[20:12:40] Map 122159619 trigger null
[20:12:40] Map 73531908 trigger null
[20:12:40] Map -1241447288 trigger null
[20:12:40] Map 76023296 trigger null
[20:12:40] Map 73532673 trigger null
[20:12:40] Map -1241447288 trigger null
[20:12:40] Map -1241447288 trigger null
[20:12:40] Map -1241447288 trigger null
[20:12:40] Map -1241447288 trigger null
[20:12:40] Map -1241447288 trigger null
[20:12:40] Map -1241447328 trigger null
[20:12:40] Map 76023296 trigger null
[20:12:40] Map 76023296 trigger null
[20:12:40] Map 76023296 trigger null
[20:12:40] Map -1241447288 trigger null
[20:12:40] Map -1241447288 trigger null
[20:12:40] Map -1543436708 trigger null
juin 13, 2015 8:12:40 PM org.reflections.Reflections scan
INFOS: Reflections took 258 ms to scan 1 urls, producing 1 keys and 122 values 
juin 13, 2015 8:12:41 PM org.reflections.Reflections scan
INFOS: Reflections took 462 ms to scan 1 urls, producing 2 keys and 167 values 
[20:15:03] (server->proxy->client)::Error:{java.nio.BufferUnderflowException (Hexdump: 00 09 AA 00 20 72 4F 71 73 6A 6F 66 4A 65 51 4D 70 4F 46 44 71 32 70 71 41 45 74 46 61 74 6A 6B 6C 79 65 63 75 00 0A 2F 31 32 37 2E 30 2E 30 2E 31 00 00 00 01 00 0B 4D 65 6C 61 6E 63 68 6F 6C 69 61 00 13 4D 6F 6E 20 4D 65 69 6C 6C 65 75 72 20 74 65 73 74 20 3F 00 04 74 65 73 74 00 0A 2F 31 32 37 2E 30 2E 30 2E 31 0A 00 00 00 3F AC ED 00 05 73 72 01 00 12 6A 61 76 61 2E 73 71 6C 2E)}::cause.toString(){org.apache.mina.filter.codec.ProtocolDecoderException: java.nio.BufferUnderflowException (Hexdump: 00 09 AA 00 20 72 4F 71 73 6A 6F 66 4A 65 51 4D 70 4F 46 44 71 32 70 71 41 45 74 46 61 74 6A 6B 6C 79 65 63 75 00 0A 2F 31 32 37 2E 30 2E 30 2E 31 00 00 00 01 00 0B 4D 65 6C 61 6E 63 68 6F 6C 69 61 00 13 4D 6F 6E 20 4D 65 69 6C 6C 65 75 72 20 74 65 73 74 20 3F 00 04 74 65 73 74 00 0A 2F 31 32 37 2E 30 2E 30 2E 31 0A 00 00 00 3F AC ED 00 05 73 72 01 00 12 6A 61 76 61 2E 73 71 6C 2E)}
