[00:01:35] MySQL Database Connected
[00:01:35] 16 Breeds catched
[00:01:35] 256 Heads catched
[00:01:35] 561 Effects catched
[00:01:35] 4 SuperAreas catched
[00:01:35] 48 Areas catched
[00:01:36] 334 SubAreas catched
[00:01:46] 11260 DofusMaps catched
[00:01:46] 9761 StatedElements catched
[00:01:46] 13349 InteractiveElements catched
[00:01:46] 1485 HouseInformations catched
[00:01:46] 556 InteractiveDoors catched
[00:01:46] 3614 MapPositions uncatched
[00:01:46] 14681 MapPositions catched
[00:01:46] 42 MapZaaps catched
[00:01:46] 79 MapSubways catched
[00:01:46] 15228 SpellLevels catched 
[00:01:47] 4772 Spells catched 
[00:01:47] 316 GuildEmblems catched 
[00:01:47] 1179 LearnableSpells catched 
[00:01:47] 9780 ItemTemplates catched 
[00:01:47] 4489 Weapons catched 
[00:01:47] 363 ItemSets catched 
[00:01:47] 171 ItemTypes catched 
[00:01:47] 110 ItemPets catched 
[00:01:47] 2476 NpcTemplates catched 
[00:01:47] 787 NpcSpawns catched 
[00:01:47] 94 NpcItems catched 
[00:01:48] 19801 NpcMessages catched 
[00:01:48] 7 NpcReplies catched 
[00:01:48] 353 Triggers catched
[00:01:48] 1277 Paddocks catched
[00:01:48] 72 Mounts catched
[00:01:48] 4 Guild catched
[00:01:48] 3 GuildMembers catched
[00:01:48] 122 Handlers Readed
[00:01:49] 166 Messages Readed
[00:01:49] WorldServer start in 14387 ms.
[00:03:34] MySQL Database Connected
[00:03:34] 16 Breeds catched
[00:03:34] 256 Heads catched
[00:03:34] 561 Effects catched
[00:03:35] 4 SuperAreas catched
[00:03:35] 48 Areas catched
[00:03:36] 334 SubAreas catched
[00:03:52] 11260 DofusMaps catched
[00:03:52] 9761 StatedElements catched
[00:03:52] 13349 InteractiveElements catched
[00:03:52] 1485 HouseInformations catched
[00:03:52] 556 InteractiveDoors catched
[00:03:52] 3614 MapPositions uncatched
[00:03:52] 14681 MapPositions catched
[00:03:52] 42 MapZaaps catched
[00:03:52] 79 MapSubways catched
[00:03:52] 15228 SpellLevels catched 
[00:03:52] 4772 Spells catched 
[00:03:52] 316 GuildEmblems catched 
[00:03:52] 1179 LearnableSpells catched 
[00:03:53] 9780 ItemTemplates catched 
[00:03:53] 4489 Weapons catched 
[00:03:53] 363 ItemSets catched 
[00:03:53] 171 ItemTypes catched 
[00:03:53] 110 ItemPets catched 
[00:03:53] 2476 NpcTemplates catched 
[00:03:54] 787 NpcSpawns catched 
[00:03:54] 94 NpcItems catched 
[00:03:54] 19801 NpcMessages catched 
[00:03:54] 7 NpcReplies catched 
[00:03:54] 353 Triggers catched
[00:03:54] 1277 Paddocks catched
[00:03:54] 72 Mounts catched
[00:03:54] 4 Guild catched
[00:03:54] 3 GuildMembers catched
[00:03:54] 122 Handlers Readed
[00:03:55] 166 Messages Readed
[00:03:55] WorldServer start in 21018 ms.
[00:08:20] MySQL Database Connected
[00:08:20] 16 Breeds catched
[00:08:20] 256 Heads catched
[00:08:20] 561 Effects catched
[00:08:21] 4 SuperAreas catched
[00:08:21] 48 Areas catched
[00:08:22] 334 SubAreas catched
[00:08:29] 11260 DofusMaps catched
[00:08:29] 9761 StatedElements catched
[00:08:30] 13349 InteractiveElements catched
[00:08:30] 1485 HouseInformations catched
[00:08:30] 556 InteractiveDoors catched
[00:08:30] 3614 MapPositions uncatched
[00:08:30] 14681 MapPositions catched
[00:08:30] 42 MapZaaps catched
[00:08:30] 79 MapSubways catched
[00:08:30] 15228 SpellLevels catched 
[00:08:30] 4772 Spells catched 
[00:08:30] 316 GuildEmblems catched 
[00:08:30] 1179 LearnableSpells catched 
[00:08:30] 9780 ItemTemplates catched 
[00:08:31] 4489 Weapons catched 
[00:08:31] 363 ItemSets catched 
[00:08:31] 171 ItemTypes catched 
[00:08:31] 110 ItemPets catched 
[00:08:31] 2476 NpcTemplates catched 
[00:08:31] 787 NpcSpawns catched 
[00:08:31] 94 NpcItems catched 
[00:08:31] 19801 NpcMessages catched 
[00:08:31] 7 NpcReplies catched 
[00:08:32] 353 Triggers catched
[00:08:32] 1277 Paddocks catched
[00:08:32] 72 Mounts catched
[00:08:32] 4 Guild catched
[00:08:32] 3 GuildMembers catched
[00:08:32] 122 Handlers Readed
[00:08:33] 166 Messages Readed
[00:08:33] WorldServer start in 12687 ms.
[00:12:14] MySQL Database Connected
[00:12:14] 16 Breeds catched
[00:12:14] 256 Heads catched
[00:12:14] 561 Effects catched
[00:12:15] 4 SuperAreas catched
[00:12:15] 48 Areas catched
[00:12:16] 334 SubAreas catched
[00:12:23] MySQL Database Connected
[00:12:23] 16 Breeds catched
[00:12:23] 256 Heads catched
[00:12:23] 561 Effects catched
[00:12:23] 4 SuperAreas catched
[00:12:23] 48 Areas catched
[00:12:24] 334 SubAreas catched
[00:12:29] 11260 DofusMaps catched
[00:12:29] 9761 StatedElements catched
[00:12:29] 13349 InteractiveElements catched
[00:12:29] 1485 HouseInformations catched
[00:12:29] 556 InteractiveDoors catched
[00:12:29] 3614 MapPositions uncatched
[00:12:29] 14681 MapPositions catched
[00:12:29] 42 MapZaaps catched
[00:12:29] 79 MapSubways catched
[00:12:30] 15228 SpellLevels catched 
[00:12:30] 4772 Spells catched 
[00:12:30] 316 GuildEmblems catched 
[00:12:30] 1179 LearnableSpells catched 
[00:12:30] 9780 ItemTemplates catched 
[00:12:30] 4489 Weapons catched 
[00:12:30] 363 ItemSets catched 
[00:12:30] 171 ItemTypes catched 
[00:12:30] 110 ItemPets catched 
[00:12:31] 2476 NpcTemplates catched 
[00:12:31] 787 NpcSpawns catched 
[00:12:31] 94 NpcItems catched 
[00:12:31] 19801 NpcMessages catched 
[00:12:31] 7 NpcReplies catched 
[00:12:31] 353 Triggers catched
[00:12:31] 1277 Paddocks catched
[00:12:31] 72 Mounts catched
[00:12:31] 4 Guild catched
[00:12:31] 3 GuildMembers catched
[00:12:32] 122 Handlers Readed
[00:12:32] 166 Messages Readed
[00:12:32] WorldServer start in 9379 ms.
[00:17:34] MySQL Database Connected
[00:17:34] 16 Breeds catched
[00:17:34] 256 Heads catched
[00:17:34] 561 Effects catched
[00:17:34] 4 SuperAreas catched
[00:17:34] 48 Areas catched
[00:17:35] 334 SubAreas catched
[00:17:43] 11260 DofusMaps catched
[00:17:43] 9761 StatedElements catched
[00:17:43] 13349 InteractiveElements catched
[00:17:43] 1485 HouseInformations catched
[00:17:43] 556 InteractiveDoors catched
[00:17:44] 3614 MapPositions uncatched
[00:17:44] 14681 MapPositions catched
[00:17:44] 42 MapZaaps catched
[00:17:44] 79 MapSubways catched
[00:17:44] 15228 SpellLevels catched 
[00:17:44] 4772 Spells catched 
[00:17:44] 316 GuildEmblems catched 
[00:17:44] 1179 LearnableSpells catched 
[00:17:44] 9780 ItemTemplates catched 
[00:17:45] 4489 Weapons catched 
[00:17:45] 363 ItemSets catched 
[00:17:45] 171 ItemTypes catched 
[00:17:45] 110 ItemPets catched 
[00:17:45] 2476 NpcTemplates catched 
[00:17:45] 787 NpcSpawns catched 
[00:17:45] 94 NpcItems catched 
[00:17:45] 19801 NpcMessages catched 
[00:17:45] 7 NpcReplies catched 
[00:17:45] 353 Triggers catched
[00:17:46] 1277 Paddocks catched
[00:17:46] 72 Mounts catched
[00:17:46] 4 Guild catched
[00:17:46] 3 GuildMembers catched
[00:17:46] 122 Handlers Readed
[00:17:47] 166 Messages Readed
[00:17:47] WorldServer start in 12924 ms.
[01:02:20] MySQL Database Connected
[01:02:20] 16 Breeds catched
[01:02:20] 256 Heads catched
[01:02:20] 561 Effects catched
[01:02:21] 4 SuperAreas catched
[01:02:21] 48 Areas catched
[01:02:22] 334 SubAreas catched
[01:02:30] 11260 DofusMaps catched
[01:02:30] 9761 StatedElements catched
[01:02:30] 13349 InteractiveElements catched
[01:02:30] 1485 HouseInformations catched
[01:02:30] 556 InteractiveDoors catched
[01:02:31] 3614 MapPositions uncatched
[01:02:31] 14681 MapPositions catched
[01:02:31] 42 MapZaaps catched
[01:02:31] 79 MapSubways catched
[01:02:31] 15228 SpellLevels catched 
[01:02:31] 4772 Spells catched 
[01:02:31] 316 GuildEmblems catched 
[01:02:31] 1179 LearnableSpells catched 
[01:02:31] 9780 ItemTemplates catched 
[01:02:31] 4489 Weapons catched 
[01:02:31] 363 ItemSets catched 
[01:02:31] 171 ItemTypes catched 
[01:02:32] 110 ItemPets catched 
[01:02:32] 2476 NpcTemplates catched 
[01:02:32] 787 NpcSpawns catched 
[01:02:32] 94 NpcItems catched 
[01:02:32] 19801 NpcMessages catched 
[01:02:32] 7 NpcReplies catched 
[01:02:32] 353 Triggers catched
[01:02:32] 1277 Paddocks catched
[01:02:32] 72 Mounts catched
[01:02:32] 4 Guild catched
[01:02:32] 3 GuildMembers catched
[01:02:33] 122 Handlers Readed
[01:02:33] 166 Messages Readed
[01:02:33] WorldServer start in 13479 ms.
[01:04:31] MySQL Database Connected
[01:04:31] 16 Breeds catched
[01:04:31] 256 Heads catched
[01:04:31] 561 Effects catched
[01:04:31] 4 SuperAreas catched
[01:04:31] 48 Areas catched
[01:04:32] 334 SubAreas catched
[01:04:40] 11260 DofusMaps catched
[01:04:40] 9761 StatedElements catched
[01:04:41] 13349 InteractiveElements catched
[01:04:41] 1485 HouseInformations catched
[01:04:41] 556 InteractiveDoors catched
[01:04:41] 3614 MapPositions uncatched
[01:04:41] 14681 MapPositions catched
[01:04:41] 42 MapZaaps catched
[01:04:41] 79 MapSubways catched
[01:04:41] 15228 SpellLevels catched 
[01:04:41] 4772 Spells catched 
[01:04:41] 316 GuildEmblems catched 
[01:04:41] 1179 LearnableSpells catched 
[01:04:42] 9780 ItemTemplates catched 
[01:04:42] 4489 Weapons catched 
[01:04:42] 363 ItemSets catched 
[01:04:42] 171 ItemTypes catched 
[01:04:42] 110 ItemPets catched 
[01:04:42] 2476 NpcTemplates catched 
[01:04:42] 787 NpcSpawns catched 
[01:04:42] 94 NpcItems catched 
[01:04:42] 19801 NpcMessages catched 
[01:04:42] 7 NpcReplies catched 
[01:04:43] 353 Triggers catched
[01:04:43] 1277 Paddocks catched
[01:04:43] 72 Mounts catched
[01:04:43] 4 Guild catched
[01:04:43] 3 GuildMembers catched
[01:04:43] 122 Handlers Readed
[01:04:44] 166 Messages Readed
[01:04:44] WorldServer start in 13462 ms.
[01:07:21] MySQL Database Connected
[01:07:21] 16 Breeds catched
[01:07:21] 256 Heads catched
[01:07:21] 561 Effects catched
[01:07:21] 4 SuperAreas catched
[01:07:21] 48 Areas catched
[01:07:23] 334 SubAreas catched
[01:07:50] MySQL Database Connected
[01:07:50] 16 Breeds catched
[01:07:50] 256 Heads catched
[01:07:50] 561 Effects catched
[01:07:51] 4 SuperAreas catched
[01:07:51] 48 Areas catched
[01:07:52] 334 SubAreas catched
[01:08:36] 11260 DofusMaps catched
[01:08:36] 9761 StatedElements catched
[01:08:36] 13349 InteractiveElements catched
[01:08:36] 1485 HouseInformations catched
[01:08:36] 556 InteractiveDoors catched
[01:08:39] 3614 MapPositions uncatched
[01:08:39] 14681 MapPositions catched
[01:08:39] 42 MapZaaps catched
[01:08:39] 79 MapSubways catched
[01:08:39] 15228 SpellLevels catched 
[01:08:40] 4772 Spells catched 
[01:08:40] 316 GuildEmblems catched 
[01:08:40] 1179 LearnableSpells catched 
[01:08:40] 9780 ItemTemplates catched 
[01:08:43] 4489 Weapons catched 
[01:08:43] 363 ItemSets catched 
[01:08:43] 171 ItemTypes catched 
[01:08:43] 110 ItemPets catched 
[01:08:44] 2476 NpcTemplates catched 
[01:08:44] 787 NpcSpawns catched 
[01:08:44] 94 NpcItems catched 
[01:08:44] 19801 NpcMessages catched 
[01:08:44] 7 NpcReplies catched 
[01:08:44] 353 Triggers catched
[01:08:44] 1277 Paddocks catched
[01:08:45] 72 Mounts catched
[01:08:45] 4 Guild catched
[01:08:45] 3 GuildMembers catched
[01:08:45] 122 Handlers Readed
[01:08:46] 166 Messages Readed
[01:08:46] WorldServer start in 55470 ms.
[13:17:58] MySQL Database Connected
[13:17:58] 16 Breeds catched
[13:17:58] 256 Heads catched
[13:17:58] 561 Effects catched
[13:17:59] 4 SuperAreas catched
[13:17:59] 48 Areas catched
[13:18:00] 334 SubAreas catched
[13:18:09] 11260 DofusMaps catched
[13:18:09] 9761 StatedElements catched
[13:18:09] 13349 InteractiveElements catched
[13:18:09] 1485 HouseInformations catched
[13:18:09] 556 InteractiveDoors catched
[13:18:09] 3614 MapPositions uncatched
[13:18:09] 14681 MapPositions catched
[13:18:09] 42 MapZaaps catched
[13:18:09] 79 MapSubways catched
[13:18:10] 15228 SpellLevels catched 
[13:18:10] 4772 Spells catched 
[13:18:10] 316 GuildEmblems catched 
[13:18:10] 1179 LearnableSpells catched 
[13:18:10] 9780 ItemTemplates catched 
[13:18:10] 4489 Weapons catched 
[13:18:11] 363 ItemSets catched 
[13:18:11] 171 ItemTypes catched 
[13:18:11] 110 ItemPets catched 
[13:18:11] 2476 NpcTemplates catched 
[13:18:12] 787 NpcSpawns catched 
[13:18:12] 94 NpcItems catched 
[13:18:12] 19801 NpcMessages catched 
[13:18:12] 7 NpcReplies catched 
[13:18:12] 353 Triggers catched
[13:18:13] 1277 Paddocks catched
[13:18:13] 72 Mounts catched
[13:18:13] 4 Guild catched
[13:18:13] 3 GuildMembers catched
[13:18:18] 122 Handlers Readed
[13:18:30] 166 Messages Readed
[13:18:30] WorldServer start in 32793 ms.
[13:21:16] MySQL Database Connected
[13:21:17] 16 Breeds catched
[13:21:17] 256 Heads catched
[13:21:17] 561 Effects catched
[13:21:17] 4 SuperAreas catched
[13:21:17] 48 Areas catched
[13:21:18] 334 SubAreas catched
[13:21:25] 11260 DofusMaps catched
[13:21:25] 9761 StatedElements catched
[13:21:25] 13349 InteractiveElements catched
[13:21:25] 1485 HouseInformations catched
[13:21:25] 556 InteractiveDoors catched
[13:21:25] 3614 MapPositions uncatched
[13:21:25] 14681 MapPositions catched
[13:21:25] 42 MapZaaps catched
[13:21:25] 79 MapSubways catched
[13:21:26] 15228 SpellLevels catched 
[13:21:26] 4772 Spells catched 
[13:21:26] 316 GuildEmblems catched 
[13:21:26] 1179 LearnableSpells catched 
[13:21:26] 9780 ItemTemplates catched 
[13:21:26] 4489 Weapons catched 
[13:21:26] 363 ItemSets catched 
[13:21:26] 171 ItemTypes catched 
[13:21:26] 110 ItemPets catched 
[13:21:27] 2476 NpcTemplates catched 
[13:21:27] 787 NpcSpawns catched 
[13:21:27] 94 NpcItems catched 
[13:21:27] 19801 NpcMessages catched 
[13:21:27] 7 NpcReplies catched 
[13:21:27] 353 Triggers catched
[13:21:27] 1277 Paddocks catched
[13:21:27] 72 Mounts catched
[13:21:27] 4 Guild catched
[13:21:27] 3 GuildMembers catched
[13:21:27] 122 Handlers Readed
[13:21:28] 166 Messages Readed
[13:21:28] WorldServer start in 11831 ms.
[13:24:10] MySQL Database Connected
[13:24:11] 16 Breeds catched
[13:24:11] 256 Heads catched
[13:24:11] 561 Effects catched
[13:24:11] 4 SuperAreas catched
[13:24:11] 48 Areas catched
[13:24:12] 334 SubAreas catched
[13:24:19] 11260 DofusMaps catched
[13:24:19] 9761 StatedElements catched
[13:24:19] 13349 InteractiveElements catched
[13:24:19] 1485 HouseInformations catched
[13:24:19] 556 InteractiveDoors catched
[13:24:19] 3614 MapPositions uncatched
[13:24:19] 14681 MapPositions catched
[13:24:19] 42 MapZaaps catched
[13:24:19] 79 MapSubways catched
[13:24:20] 15228 SpellLevels catched 
[13:24:20] 4772 Spells catched 
[13:24:20] 316 GuildEmblems catched 
[13:24:20] 1179 LearnableSpells catched 
[13:24:20] 9780 ItemTemplates catched 
[13:24:20] 4489 Weapons catched 
[13:24:20] 363 ItemSets catched 
[13:24:20] 171 ItemTypes catched 
[13:24:20] 110 ItemPets catched 
[13:24:21] 2476 NpcTemplates catched 
[13:24:21] 787 NpcSpawns catched 
[13:24:21] 94 NpcItems catched 
[13:24:21] 19801 NpcMessages catched 
[13:24:21] 7 NpcReplies catched 
[13:24:21] 353 Triggers catched
[13:24:21] 1277 Paddocks catched
[13:24:21] 72 Mounts catched
[13:24:21] 4 Guild catched
[13:24:21] 3 GuildMembers catched
[13:24:22] 122 Handlers Readed
[13:24:22] 166 Messages Readed
[13:24:22] WorldServer start in 12036 ms.
[13:29:07] MySQL Database Connected
[13:29:07] 16 Breeds catched
[13:29:07] 256 Heads catched
[13:29:07] 561 Effects catched
[13:29:07] 4 SuperAreas catched
[13:29:07] 48 Areas catched
[13:29:08] 334 SubAreas catched
[13:29:16] 11260 DofusMaps catched
[13:29:16] 9761 StatedElements catched
[13:29:16] 13349 InteractiveElements catched
[13:29:16] 1485 HouseInformations catched
[13:29:16] 556 InteractiveDoors catched
[13:29:16] 3614 MapPositions uncatched
[13:29:16] 14681 MapPositions catched
[13:29:16] 42 MapZaaps catched
[13:29:16] 79 MapSubways catched
[13:29:16] 15228 SpellLevels catched 
[13:29:16] 4772 Spells catched 
[13:29:16] 316 GuildEmblems catched 
[13:29:16] 1179 LearnableSpells catched 
[13:29:17] 9780 ItemTemplates catched 
[13:29:17] 4489 Weapons catched 
[13:29:17] 363 ItemSets catched 
[13:29:17] 171 ItemTypes catched 
[13:29:17] 110 ItemPets catched 
[13:29:17] 2476 NpcTemplates catched 
[13:29:17] 787 NpcSpawns catched 
[13:29:17] 94 NpcItems catched 
[13:29:17] 19801 NpcMessages catched 
[13:29:17] 7 NpcReplies catched 
[13:29:18] 353 Triggers catched
[13:29:18] 1277 Paddocks catched
[13:29:18] 72 Mounts catched
[13:29:18] 4 Guild catched
[13:29:18] 3 GuildMembers catched
[13:29:18] 122 Handlers Readed
[13:29:19] 166 Messages Readed
[13:29:19] WorldServer start in 12178 ms.
[13:36:04] MySQL Database Connected
[13:36:04] 16 Breeds catched
[13:36:04] 256 Heads catched
[13:36:04] 561 Effects catched
[13:36:04] 4 SuperAreas catched
[13:36:04] 48 Areas catched
[13:36:05] 334 SubAreas catched
[13:36:13] 11260 DofusMaps catched
[13:36:13] 9761 StatedElements catched
[13:36:13] 13349 InteractiveElements catched
[13:36:13] 1485 HouseInformations catched
[13:36:13] 556 InteractiveDoors catched
[13:36:13] 3614 MapPositions uncatched
[13:36:13] 14681 MapPositions catched
[13:36:13] 42 MapZaaps catched
[13:36:13] 79 MapSubways catched
[13:36:13] 15228 SpellLevels catched 
[13:36:13] 4772 Spells catched 
[13:36:13] 316 GuildEmblems catched 
[13:36:13] 1179 LearnableSpells catched 
[13:36:14] 9780 ItemTemplates catched 
[13:36:14] 4489 Weapons catched 
[13:36:14] 363 ItemSets catched 
[13:36:14] 171 ItemTypes catched 
[13:36:14] 110 ItemPets catched 
[13:36:14] 2476 NpcTemplates catched 
[13:36:14] 787 NpcSpawns catched 
[13:36:14] 94 NpcItems catched 
[13:36:14] 19801 NpcMessages catched 
[13:36:14] 7 NpcReplies catched 
[13:36:15] 353 Triggers catched
[13:36:15] 1277 Paddocks catched
[13:36:15] 72 Mounts catched
[13:36:15] 4 Guild catched
[13:36:15] 3 GuildMembers catched
[13:36:15] 122 Handlers Readed
[13:36:16] 166 Messages Readed
[13:36:16] WorldServer start in 12174 ms.
[13:37:43] MySQL Database Connected
[13:37:43] 16 Breeds catched
[13:37:43] 256 Heads catched
[13:37:43] 561 Effects catched
[13:37:43] 4 SuperAreas catched
[13:37:43] 48 Areas catched
[13:37:44] 334 SubAreas catched
[13:37:51] 11260 DofusMaps catched
[13:37:51] 9761 StatedElements catched
[13:37:52] 13349 InteractiveElements catched
[13:37:52] 1485 HouseInformations catched
[13:37:52] 556 InteractiveDoors catched
[13:37:52] 3614 MapPositions uncatched
[13:37:52] 14681 MapPositions catched
[13:37:52] 42 MapZaaps catched
[13:37:52] 79 MapSubways catched
[13:37:52] 15228 SpellLevels catched 
[13:37:52] 4772 Spells catched 
[13:37:52] 316 GuildEmblems catched 
[13:37:52] 1179 LearnableSpells catched 
[13:37:52] 9780 ItemTemplates catched 
[13:37:52] 4489 Weapons catched 
[13:37:52] 363 ItemSets catched 
[13:37:52] 171 ItemTypes catched 
[13:37:53] 110 ItemPets catched 
[13:37:53] 2476 NpcTemplates catched 
[13:37:53] 787 NpcSpawns catched 
[13:37:53] 94 NpcItems catched 
[13:37:53] 19801 NpcMessages catched 
[13:37:53] 7 NpcReplies catched 
[13:37:53] 353 Triggers catched
[13:37:53] 1277 Paddocks catched
[13:37:53] 72 Mounts catched
[13:37:54] 4 Guild catched
[13:37:54] 3 GuildMembers catched
[13:37:54] 122 Handlers Readed
[13:37:54] 166 Messages Readed
[13:37:55] WorldServer start in 12036 ms.
[13:57:08] MySQL Database Connected
[13:57:08] 16 Breeds catched
[13:57:08] 256 Heads catched
[13:57:08] 561 Effects catched
[13:57:09] 4 SuperAreas catched
[13:57:09] 48 Areas catched
[13:57:09] 334 SubAreas catched
[13:57:17] 11260 DofusMaps catched
[13:57:17] 9761 StatedElements catched
[13:57:17] 13349 InteractiveElements catched
[13:57:17] 1485 HouseInformations catched
[13:57:17] 556 InteractiveDoors catched
[13:57:17] 3614 MapPositions uncatched
[13:57:17] 14681 MapPositions catched
[13:57:17] 42 MapZaaps catched
[13:57:17] 79 MapSubways catched
[13:57:17] 15228 SpellLevels catched 
[13:57:17] 4772 Spells catched 
[13:57:17] 316 GuildEmblems catched 
[13:57:17] 1179 LearnableSpells catched 
[13:57:17] 9780 ItemTemplates catched 
[13:57:18] 4489 Weapons catched 
[13:57:18] 363 ItemSets catched 
[13:57:18] 171 ItemTypes catched 
[13:57:18] 110 ItemPets catched 
[13:57:18] 2476 NpcTemplates catched 
[13:57:18] 787 NpcSpawns catched 
[13:57:18] 94 NpcItems catched 
[13:57:18] 19801 NpcMessages catched 
[13:57:18] 7 NpcReplies catched 
[13:57:18] 353 Triggers catched
[13:57:19] 1277 Paddocks catched
[13:57:19] 72 Mounts catched
[13:57:19] 4 Guild catched
[13:57:19] 3 GuildMembers catched
[13:57:19] 122 Handlers Readed
[13:57:20] 166 Messages Readed
[13:57:20] WorldServer start in 11834 ms.
[14:02:31] MySQL Database Connected
[14:02:31] 16 Breeds catched
[14:02:31] 256 Heads catched
[14:02:31] 561 Effects catched
[14:02:31] 4 SuperAreas catched
[14:02:31] 48 Areas catched
[14:02:32] 334 SubAreas catched
[14:02:40] 11260 DofusMaps catched
[14:02:40] 9761 StatedElements catched
[14:02:41] 13349 InteractiveElements catched
[14:02:41] 1485 HouseInformations catched
[14:02:41] 556 InteractiveDoors catched
[14:02:41] 3614 MapPositions uncatched
[14:02:41] 14681 MapPositions catched
[14:02:41] 42 MapZaaps catched
[14:02:41] 79 MapSubways catched
[14:02:41] 15228 SpellLevels catched 
[14:02:41] 4772 Spells catched 
[14:02:41] 316 GuildEmblems catched 
[14:02:41] 1179 LearnableSpells catched 
[14:02:42] 9780 ItemTemplates catched 
[14:02:42] 4489 Weapons catched 
[14:02:42] 363 ItemSets catched 
[14:02:42] 171 ItemTypes catched 
[14:02:42] 110 ItemPets catched 
[14:02:42] 2476 NpcTemplates catched 
[14:02:42] 787 NpcSpawns catched 
[14:02:42] 94 NpcItems catched 
[14:02:42] 19801 NpcMessages catched 
[14:02:42] 7 NpcReplies catched 
[14:02:43] 353 Triggers catched
[14:02:43] 1277 Paddocks catched
[14:02:43] 72 Mounts catched
[14:02:43] 4 Guild catched
[14:02:43] 3 GuildMembers catched
[14:02:43] 122 Handlers Readed
[14:02:44] 166 Messages Readed
[14:02:44] WorldServer start in 13228 ms.
[14:29:19] MySQL Database Connected
[14:29:19] 16 Breeds catched
[14:29:19] 256 Heads catched
[14:29:19] 561 Effects catched
[14:29:20] 4 SuperAreas catched
[14:29:20] 48 Areas catched
[14:29:21] 334 SubAreas catched
[14:29:29] 11260 DofusMaps catched
[14:29:29] 9761 StatedElements catched
[14:29:29] 13349 InteractiveElements catched
[14:29:29] 1485 HouseInformations catched
[14:29:29] 556 InteractiveDoors catched
[14:29:29] 3614 MapPositions uncatched
[14:29:29] 14681 MapPositions catched
[14:29:29] 42 MapZaaps catched
[14:29:29] 79 MapSubways catched
[14:29:29] 15228 SpellLevels catched 
[14:29:29] 4772 Spells catched 
[14:29:29] 316 GuildEmblems catched 
[14:29:29] 1179 LearnableSpells catched 
[14:29:29] 9780 ItemTemplates catched 
[14:29:30] 4489 Weapons catched 
[14:29:30] 363 ItemSets catched 
[14:29:30] 171 ItemTypes catched 
[14:29:30] 110 ItemPets catched 
[14:29:30] 2476 NpcTemplates catched 
[14:29:30] 787 NpcSpawns catched 
[14:29:30] 94 NpcItems catched 
[14:29:30] 19801 NpcMessages catched 
[14:29:30] 7 NpcReplies catched 
[14:29:30] 353 Triggers catched
[14:29:31] 1277 Paddocks catched
[14:29:31] 72 Mounts catched
[14:29:31] 4 Guild catched
[14:29:31] 3 GuildMembers catched
[14:29:31] 122 Handlers Readed
[14:29:32] 166 Messages Readed
[14:29:32] WorldServer start in 12512 ms.
[14:31:32] MySQL Database Connected
[14:31:32] 16 Breeds catched
[14:31:32] 256 Heads catched
[14:31:32] 561 Effects catched
[14:31:33] 4 SuperAreas catched
[14:31:33] 48 Areas catched
[14:31:34] 334 SubAreas catched
[14:31:41] 11260 DofusMaps catched
[14:31:41] 9761 StatedElements catched
[14:31:42] 13349 InteractiveElements catched
[14:31:42] 1485 HouseInformations catched
[14:31:42] 556 InteractiveDoors catched
[14:31:42] 3614 MapPositions uncatched
[14:31:42] 14681 MapPositions catched
[14:31:42] 42 MapZaaps catched
[14:31:42] 79 MapSubways catched
[14:31:42] 15228 SpellLevels catched 
[14:31:42] 4772 Spells catched 
[14:31:42] 316 GuildEmblems catched 
[14:31:42] 1179 LearnableSpells catched 
[14:31:42] 9780 ItemTemplates catched 
[14:31:42] 4489 Weapons catched 
[14:31:42] 363 ItemSets catched 
[14:31:42] 171 ItemTypes catched 
[14:31:43] 110 ItemPets catched 
[14:31:43] 2476 NpcTemplates catched 
[14:31:43] 787 NpcSpawns catched 
[14:31:43] 94 NpcItems catched 
[14:31:43] 19801 NpcMessages catched 
[14:31:43] 7 NpcReplies catched 
[14:31:43] 353 Triggers catched
[14:31:43] 1277 Paddocks catched
[14:31:43] 72 Mounts catched
[14:31:43] 4 Guild catched
[14:31:43] 3 GuildMembers catched
[14:31:44] 122 Handlers Readed
[14:31:44] 166 Messages Readed
[14:31:45] WorldServer start in 12404 ms.
[15:14:00] MySQL Database Connected
[15:14:00] 16 Breeds catched
[15:14:00] 256 Heads catched
[15:14:00] 561 Effects catched
[15:14:00] 4 SuperAreas catched
[15:14:00] 48 Areas catched
[15:14:01] 334 SubAreas catched
[15:14:09] 11260 DofusMaps catched
[15:14:09] 9761 StatedElements catched
[15:14:09] 13349 InteractiveElements catched
[15:14:09] 1485 HouseInformations catched
[15:14:09] 556 InteractiveDoors catched
[15:14:09] 3614 MapPositions uncatched
[15:14:09] 14681 MapPositions catched
[15:14:09] 42 MapZaaps catched
[15:14:09] 79 MapSubways catched
[15:14:09] 15228 SpellLevels catched 
[15:14:09] 4772 Spells catched 
[15:14:09] 316 GuildEmblems catched 
[15:14:10] 1179 LearnableSpells catched 
[15:14:10] 9780 ItemTemplates catched 
[15:14:10] 4489 Weapons catched 
[15:14:10] 363 ItemSets catched 
[15:14:10] 171 ItemTypes catched 
[15:14:10] 110 ItemPets catched 
[15:14:10] 2476 NpcTemplates catched 
[15:14:10] 787 NpcSpawns catched 
[15:14:10] 94 NpcItems catched 
[15:14:11] 19801 NpcMessages catched 
[15:14:11] 7 NpcReplies catched 
[15:14:11] 353 Triggers catched
[15:14:11] 1277 Paddocks catched
[15:14:11] 72 Mounts catched
[15:14:11] 4 Guild catched
[15:14:11] 3 GuildMembers catched
[15:14:11] 122 Handlers Readed
[15:14:12] 166 Messages Readed
[15:14:12] WorldServer start in 12460 ms.
[15:25:21] MySQL Database Connected
[15:25:21] 16 Breeds catched
[15:25:21] 256 Heads catched
[15:25:21] 561 Effects catched
[15:25:22] 4 SuperAreas catched
[15:25:22] 48 Areas catched
[15:25:23] 334 SubAreas catched
[15:25:30] 11260 DofusMaps catched
[15:25:30] 9761 StatedElements catched
[15:25:30] 13349 InteractiveElements catched
[15:25:30] 1485 HouseInformations catched
[15:25:30] 556 InteractiveDoors catched
[15:25:30] 3614 MapPositions uncatched
[15:25:30] 14681 MapPositions catched
[15:25:30] 42 MapZaaps catched
[15:25:30] 79 MapSubways catched
[15:25:31] 15228 SpellLevels catched 
[15:25:31] 4772 Spells catched 
[15:25:31] 316 GuildEmblems catched 
[15:25:31] 1179 LearnableSpells catched 
[15:25:31] 9780 ItemTemplates catched 
[15:25:31] 4489 Weapons catched 
[15:25:31] 363 ItemSets catched 
[15:25:31] 171 ItemTypes catched 
[15:25:31] 110 ItemPets catched 
[15:25:32] 2476 NpcTemplates catched 
[15:25:32] 787 NpcSpawns catched 
[15:25:32] 94 NpcItems catched 
[15:25:32] 19801 NpcMessages catched 
[15:25:32] 7 NpcReplies catched 
[15:25:32] 353 Triggers catched
[15:25:32] 1277 Paddocks catched
[15:25:32] 72 Mounts catched
[15:25:32] 4 Guild catched
[15:25:32] 3 GuildMembers catched
[15:25:33] 122 Handlers Readed
[15:25:33] 166 Messages Readed
[15:25:33] WorldServer start in 12160 ms.
[15:37:38] MySQL Database Connected
[15:37:38] 16 Breeds catched
[15:37:38] 256 Heads catched
[15:37:38] 561 Effects catched
[15:37:38] 4 SuperAreas catched
[15:37:38] 48 Areas catched
[15:37:45] MySQL Database Connected
[15:37:45] 16 Breeds catched
[15:37:45] 256 Heads catched
[15:37:45] 561 Effects catched
[15:37:45] 4 SuperAreas catched
[15:37:45] 48 Areas catched
[15:37:46] 334 SubAreas catched
[15:37:55] 11260 DofusMaps catched
[15:37:55] 9761 StatedElements catched
[15:37:55] 13349 InteractiveElements catched
[15:37:55] 1485 HouseInformations catched
[15:37:55] 556 InteractiveDoors catched
[15:37:55] 3614 MapPositions uncatched
[15:37:55] 14681 MapPositions catched
[15:37:55] 42 MapZaaps catched
[15:37:55] 79 MapSubways catched
[15:37:56] 15228 SpellLevels catched 
[15:37:56] 4772 Spells catched 
[15:37:56] 316 GuildEmblems catched 
[15:37:56] 1179 LearnableSpells catched 
[15:37:56] 9780 ItemTemplates catched 
[15:37:56] 4489 Weapons catched 
[15:37:56] 363 ItemSets catched 
[15:37:56] 171 ItemTypes catched 
[15:37:56] 110 ItemPets catched 
[15:37:57] 2476 NpcTemplates catched 
[15:37:57] 787 NpcSpawns catched 
[15:37:57] 94 NpcItems catched 
[15:37:57] 19801 NpcMessages catched 
[15:37:57] 7 NpcReplies catched 
[15:37:57] 353 Triggers catched
[15:37:57] 1277 Paddocks catched
[15:37:57] 72 Mounts catched
[15:37:57] 4 Guild catched
[15:37:57] 3 GuildMembers catched
[15:37:58] 122 Handlers Readed
[15:37:58] 166 Messages Readed
[15:37:58] WorldServer start in 13724 ms.
[15:39:44] MySQL Database Connected
[15:39:44] 16 Breeds catched
[15:39:44] 256 Heads catched
[15:39:44] 561 Effects catched
[15:39:45] 4 SuperAreas catched
[15:39:45] 48 Areas catched
[15:39:46] 334 SubAreas catched
[15:39:54] 11260 DofusMaps catched
[15:39:54] 9761 StatedElements catched
[15:39:54] 13349 InteractiveElements catched
[15:39:54] 1485 HouseInformations catched
[15:39:54] 556 InteractiveDoors catched
[15:39:54] 3614 MapPositions uncatched
[15:39:54] 14681 MapPositions catched
[15:39:54] 42 MapZaaps catched
[15:39:54] 79 MapSubways catched
[15:39:54] 15228 SpellLevels catched 
[15:39:54] 4772 Spells catched 
[15:39:54] 316 GuildEmblems catched 
[15:39:54] 1179 LearnableSpells catched 
[15:39:54] 9780 ItemTemplates catched 
[15:39:54] 4489 Weapons catched 
[15:39:55] 363 ItemSets catched 
[15:39:55] 171 ItemTypes catched 
[15:39:55] 110 ItemPets catched 
[15:39:55] 2476 NpcTemplates catched 
[15:39:55] 787 NpcSpawns catched 
[15:39:55] 94 NpcItems catched 
[15:39:55] 19801 NpcMessages catched 
[15:39:55] 7 NpcReplies catched 
[15:40:09] MySQL Database Connected
[15:40:09] 16 Breeds catched
[15:40:09] 256 Heads catched
[15:40:09] 561 Effects catched
[15:40:10] 4 SuperAreas catched
[15:40:10] 48 Areas catched
[15:40:11] 334 SubAreas catched
[15:40:18] 11260 DofusMaps catched
[15:40:18] 9761 StatedElements catched
[15:40:18] 13349 InteractiveElements catched
[15:40:18] 1485 HouseInformations catched
[15:40:18] 556 InteractiveDoors catched
[15:40:19] 3614 MapPositions uncatched
[15:40:19] 14681 MapPositions catched
[15:40:19] 42 MapZaaps catched
[15:40:19] 79 MapSubways catched
[15:40:19] 15228 SpellLevels catched 
[15:40:19] 4772 Spells catched 
[15:40:19] 316 GuildEmblems catched 
[15:40:19] 1179 LearnableSpells catched 
[15:40:19] 9780 ItemTemplates catched 
[15:40:19] 4489 Weapons catched 
[15:40:19] 363 ItemSets catched 
[15:40:19] 171 ItemTypes catched 
[15:40:19] 110 ItemPets catched 
[15:40:20] 2476 NpcTemplates catched 
[15:40:20] 787 NpcSpawns catched 
[15:40:20] 94 NpcItems catched 
[15:40:20] 19801 NpcMessages catched 
[15:40:20] 7 NpcReplies catched 
[15:40:20] 353 Triggers catched
[15:40:20] 1277 Paddocks catched
[15:40:20] 72 Mounts catched
[15:40:20] 4 Guild catched
[15:40:20] 3 GuildMembers catched
[15:40:21] 122 Handlers Readed
[15:40:21] 166 Messages Readed
[15:40:21] WorldServer start in 12407 ms.
[15:43:08] MySQL Database Connected
[15:43:08] 16 Breeds catched
[15:43:08] 256 Heads catched
[15:43:08] 561 Effects catched
[15:43:09] 4 SuperAreas catched
[15:43:09] 48 Areas catched
[15:43:09] 334 SubAreas catched
[15:43:17] 11260 DofusMaps catched
[15:43:17] 9761 StatedElements catched
[15:43:17] 13349 InteractiveElements catched
[15:43:17] 1485 HouseInformations catched
[15:43:17] 556 InteractiveDoors catched
[15:43:18] 3614 MapPositions uncatched
[15:43:18] 14681 MapPositions catched
[15:43:18] 42 MapZaaps catched
[15:43:18] 79 MapSubways catched
[15:43:18] 15228 SpellLevels catched 
[15:43:18] 4772 Spells catched 
[15:43:18] 316 GuildEmblems catched 
[15:43:18] 1179 LearnableSpells catched 
[15:43:18] 9780 ItemTemplates catched 
[15:43:18] 4489 Weapons catched 
[15:43:18] 363 ItemSets catched 
[15:43:18] 171 ItemTypes catched 
[15:43:18] 110 ItemPets catched 
[15:43:19] 2476 NpcTemplates catched 
[15:43:19] 787 NpcSpawns catched 
[15:43:19] 94 NpcItems catched 
[15:43:19] 19801 NpcMessages catched 
[15:43:19] 7 NpcReplies catched 
[15:43:19] 353 Triggers catched
[15:43:19] 1277 Paddocks catched
[15:43:19] 72 Mounts catched
[15:43:19] 4 Guild catched
[15:43:19] 3 GuildMembers catched
[15:43:20] 122 Handlers Readed
[15:43:20] 166 Messages Readed
[15:43:20] WorldServer start in 12431 ms.
[18:44:37] MySQL Database Connected
[18:44:37] 16 Breeds catched
[18:44:37] 256 Heads catched
[18:44:37] 561 Effects catched
[18:44:37] 4 SuperAreas catched
[18:44:37] 48 Areas catched
[18:44:38] 334 SubAreas catched
[18:44:46] 11260 DofusMaps catched
[18:44:46] 9761 StatedElements catched
[18:44:46] 13349 InteractiveElements catched
[18:44:46] 1485 HouseInformations catched
[18:44:46] 556 InteractiveDoors catched
[18:44:47] 3614 MapPositions uncatched
[18:44:47] 14681 MapPositions catched
[18:44:47] 42 MapZaaps catched
[18:44:47] 79 MapSubways catched
[18:44:47] 15228 SpellLevels catched 
[18:44:47] 4772 Spells catched 
[18:44:47] 316 GuildEmblems catched 
[18:44:47] 1179 LearnableSpells catched 
[18:44:47] 9780 ItemTemplates catched 
[18:44:47] 4489 Weapons catched 
[18:44:47] 363 ItemSets catched 
[18:44:47] 171 ItemTypes catched 
[18:44:47] 110 ItemPets catched 
[18:44:48] 2476 NpcTemplates catched 
[18:44:48] 787 NpcSpawns catched 
[18:44:48] 94 NpcItems catched 
[18:44:48] 19801 NpcMessages catched 
[18:44:48] 7 NpcReplies catched 
[18:44:48] 353 Triggers catched
[18:44:48] 1277 Paddocks catched
[18:44:48] 72 Mounts catched
[18:44:48] 4 Guild catched
[18:44:48] 3 GuildMembers catched
[18:44:49] 122 Handlers Readed
[18:44:49] 166 Messages Readed
[18:44:49] WorldServer start in 13019 ms.
[18:46:41] MySQL Database Connected
[18:46:41] 16 Breeds catched
[18:46:41] 256 Heads catched
[18:46:41] 561 Effects catched
[18:46:41] 4 SuperAreas catched
[18:46:41] 48 Areas catched
[18:46:42] 334 SubAreas catched
[18:46:50] 11260 DofusMaps catched
[18:46:50] 9761 StatedElements catched
[18:46:50] 13349 InteractiveElements catched
[18:46:50] 1485 HouseInformations catched
[18:46:50] 556 InteractiveDoors catched
[18:46:50] 3614 MapPositions uncatched
[18:46:50] 14681 MapPositions catched
[18:46:50] 42 MapZaaps catched
[18:46:50] 79 MapSubways catched
[18:46:50] 15228 SpellLevels catched 
[18:46:50] 4772 Spells catched 
[18:46:50] 316 GuildEmblems catched 
[18:46:50] 1179 LearnableSpells catched 
[18:46:51] 9780 ItemTemplates catched 
[18:46:51] 4489 Weapons catched 
[18:46:51] 363 ItemSets catched 
[18:46:51] 171 ItemTypes catched 
[18:46:51] 110 ItemPets catched 
[18:46:51] 2476 NpcTemplates catched 
[18:46:51] 787 NpcSpawns catched 
[18:46:51] 94 NpcItems catched 
[18:46:51] 19801 NpcMessages catched 
[18:46:51] 7 NpcReplies catched 
[18:46:52] 353 Triggers catched
[18:46:52] 1277 Paddocks catched
[18:46:52] 72 Mounts catched
[18:46:52] 4 Guild catched
[18:46:52] 3 GuildMembers catched
[18:46:52] 122 Handlers Readed
[18:46:53] 166 Messages Readed
[18:46:53] WorldServer start in 12482 ms.
[18:48:27] MySQL Database Connected
[18:48:27] 16 Breeds catched
[18:48:27] 256 Heads catched
[18:48:27] 561 Effects catched
[18:48:27] 4 SuperAreas catched
[18:48:27] 48 Areas catched
[18:48:28] 334 SubAreas catched
[18:48:36] 11260 DofusMaps catched
[18:48:36] 9761 StatedElements catched
[18:48:37] 13349 InteractiveElements catched
[18:48:37] 1485 HouseInformations catched
[18:48:37] 556 InteractiveDoors catched
[18:48:37] 3614 MapPositions uncatched
[18:48:37] 14681 MapPositions catched
[18:48:37] 42 MapZaaps catched
[18:48:37] 79 MapSubways catched
[18:48:37] 15228 SpellLevels catched 
[18:48:37] 4772 Spells catched 
[18:48:37] 316 GuildEmblems catched 
[18:48:37] 1179 LearnableSpells catched 
[18:48:37] 9780 ItemTemplates catched 
[18:48:37] 4489 Weapons catched 
[18:48:37] 363 ItemSets catched 
[18:48:37] 171 ItemTypes catched 
[18:48:37] 110 ItemPets catched 
[18:48:38] 2476 NpcTemplates catched 
[18:48:38] 787 NpcSpawns catched 
[18:48:38] 94 NpcItems catched 
[18:48:38] 19801 NpcMessages catched 
[18:48:38] 7 NpcReplies catched 
[18:48:38] 353 Triggers catched
[18:48:38] 1277 Paddocks catched
[18:48:38] 72 Mounts catched
[18:48:38] 4 Guild catched
[18:48:38] 3 GuildMembers catched
[18:48:39] 122 Handlers Readed
[18:48:39] 166 Messages Readed
[18:48:39] WorldServer start in 12897 ms.
[18:51:56] MySQL Database Connected
[18:51:56] 16 Breeds catched
[18:51:56] 256 Heads catched
[18:51:56] 561 Effects catched
[18:51:57] 4 SuperAreas catched
[18:51:57] 48 Areas catched
[18:51:58] 334 SubAreas catched
[18:52:11] MySQL Database Connected
[18:52:11] 16 Breeds catched
[18:52:11] 256 Heads catched
[18:52:11] 561 Effects catched
[18:52:11] 4 SuperAreas catched
[18:52:11] 48 Areas catched
[18:52:12] 334 SubAreas catched
[18:52:16] 11260 DofusMaps catched
[18:52:16] 9761 StatedElements catched
[18:52:17] 13349 InteractiveElements catched
[18:52:17] 1485 HouseInformations catched
[18:52:17] 556 InteractiveDoors catched
[18:52:17] 3614 MapPositions uncatched
[18:52:17] 14681 MapPositions catched
[18:52:17] 42 MapZaaps catched
[18:52:17] 79 MapSubways catched
[18:52:17] 15228 SpellLevels catched 
[18:52:17] 4772 Spells catched 
[18:52:17] 316 GuildEmblems catched 
[18:52:17] 1179 LearnableSpells catched 
[18:52:17] 9780 ItemTemplates catched 
[18:52:17] 4489 Weapons catched 
[18:52:17] 363 ItemSets catched 
[18:52:17] 171 ItemTypes catched 
[18:52:18] 110 ItemPets catched 
[18:52:18] 2476 NpcTemplates catched 
[18:52:18] 787 NpcSpawns catched 
[18:52:18] 94 NpcItems catched 
[18:52:18] 19801 NpcMessages catched 
[18:52:18] 7 NpcReplies catched 
[18:52:18] 353 Triggers catched
[18:52:18] 1277 Paddocks catched
[18:52:18] 72 Mounts catched
[18:52:18] 4 Guild catched
[18:52:18] 3 GuildMembers catched
[18:52:19] 122 Handlers Readed
[18:52:19] 166 Messages Readed
[18:52:20] WorldServer start in 8861 ms.
[18:56:31] MySQL Database Connected
[18:56:32] 16 Breeds catched
[18:56:32] 256 Heads catched
[18:56:32] 561 Effects catched
[18:56:32] 4 SuperAreas catched
[18:56:32] 48 Areas catched
[18:56:33] 334 SubAreas catched
[18:56:40] 11260 DofusMaps catched
[18:56:40] 9761 StatedElements catched
[18:56:41] 13349 InteractiveElements catched
[18:56:41] 1485 HouseInformations catched
[18:56:41] 556 InteractiveDoors catched
[18:56:41] 3614 MapPositions uncatched
[18:56:41] 14681 MapPositions catched
[18:56:41] 42 MapZaaps catched
[18:56:41] 79 MapSubways catched
[18:56:41] 15228 SpellLevels catched 
[18:56:41] 4772 Spells catched 
[18:56:41] 316 GuildEmblems catched 
[18:56:41] 1179 LearnableSpells catched 
[18:56:41] 9780 ItemTemplates catched 
[18:56:42] 4489 Weapons catched 
[18:56:42] 363 ItemSets catched 
[18:56:42] 171 ItemTypes catched 
[18:56:42] 110 ItemPets catched 
[18:56:42] 2476 NpcTemplates catched 
[18:56:42] 787 NpcSpawns catched 
[18:56:42] 94 NpcItems catched 
[18:56:42] 19801 NpcMessages catched 
[18:56:42] 7 NpcReplies catched 
[18:56:42] 353 Triggers catched
[18:56:42] 1277 Paddocks catched
[18:56:42] 72 Mounts catched
[18:56:43] 4 Guild catched
[18:56:43] 3 GuildMembers catched
[18:56:43] 122 Handlers Readed
[18:56:44] 166 Messages Readed
[18:56:44] WorldServer start in 12499 ms.
[18:59:51] MySQL Database Connected
[18:59:51] 16 Breeds catched
[18:59:51] 256 Heads catched
[18:59:51] 561 Effects catched
[18:59:52] 4 SuperAreas catched
[18:59:52] 48 Areas catched
[18:59:53] 334 SubAreas catched
[19:00:02] 11260 DofusMaps catched
[19:00:02] 9761 StatedElements catched
[19:00:02] 13349 InteractiveElements catched
[19:00:03] 1485 HouseInformations catched
[19:00:03] 556 InteractiveDoors catched
[19:00:03] 3614 MapPositions uncatched
[19:00:03] 14681 MapPositions catched
[19:00:03] 42 MapZaaps catched
[19:00:03] 79 MapSubways catched
[19:00:03] 15228 SpellLevels catched 
[19:00:03] 4772 Spells catched 
[19:00:03] 316 GuildEmblems catched 
[19:00:03] 1179 LearnableSpells catched 
[19:00:03] 9780 ItemTemplates catched 
[19:00:03] 4489 Weapons catched 
[19:00:03] 363 ItemSets catched 
[19:00:03] 171 ItemTypes catched 
[19:00:03] 110 ItemPets catched 
[19:00:04] 2476 NpcTemplates catched 
[19:00:04] 787 NpcSpawns catched 
[19:00:04] 94 NpcItems catched 
[19:00:04] 19801 NpcMessages catched 
[19:00:04] 7 NpcReplies catched 
[19:00:04] 353 Triggers catched
[19:00:04] 1277 Paddocks catched
[19:00:04] 72 Mounts catched
[19:00:04] 4 Guild catched
[19:00:04] 3 GuildMembers catched
[19:00:05] 122 Handlers Readed
[19:00:05] 166 Messages Readed
[19:00:05] WorldServer start in 14666 ms.
[19:05:32] MySQL Database Connected
[19:05:32] 16 Breeds catched
[19:05:32] 256 Heads catched
[19:05:32] 561 Effects catched
[19:05:32] 4 SuperAreas catched
[19:05:32] 48 Areas catched
[19:05:33] 334 SubAreas catched
[19:05:41] 11260 DofusMaps catched
[19:05:41] 9761 StatedElements catched
[19:05:41] 13349 InteractiveElements catched
[19:05:41] 1485 HouseInformations catched
[19:05:41] 556 InteractiveDoors catched
[19:05:41] 3614 MapPositions uncatched
[19:05:41] 14681 MapPositions catched
[19:05:41] 42 MapZaaps catched
[19:05:41] 79 MapSubways catched
[19:05:42] 15228 SpellLevels catched 
[19:05:42] 4772 Spells catched 
[19:05:42] 316 GuildEmblems catched 
[19:05:42] 1179 LearnableSpells catched 
[19:05:42] 9780 ItemTemplates catched 
[19:05:42] 4489 Weapons catched 
[19:05:42] 363 ItemSets catched 
[19:05:42] 171 ItemTypes catched 
[19:05:42] 110 ItemPets catched 
[19:05:43] 2476 NpcTemplates catched 
[19:05:43] 787 NpcSpawns catched 
[19:05:43] 94 NpcItems catched 
[19:05:43] 19801 NpcMessages catched 
[19:05:43] 7 NpcReplies catched 
[19:05:43] 353 Triggers catched
[19:05:43] 1277 Paddocks catched
[19:05:43] 72 Mounts catched
[19:05:43] 4 Guild catched
[19:05:43] 3 GuildMembers catched
[19:05:44] 122 Handlers Readed
[19:05:44] 166 Messages Readed
[19:05:44] WorldServer start in 12538 ms.
[19:12:06] MySQL Database Connected
[19:12:06] 16 Breeds catched
[19:12:06] 256 Heads catched
[19:12:06] 561 Effects catched
[19:12:06] 4 SuperAreas catched
[19:12:06] 48 Areas catched
[19:12:07] 334 SubAreas catched
[19:12:15] MySQL Database Connected
[19:12:15] 16 Breeds catched
[19:12:15] 256 Heads catched
[19:12:15] 561 Effects catched
[19:12:16] 4 SuperAreas catched
[19:12:16] 48 Areas catched
[19:12:17] 334 SubAreas catched
[19:12:24] 11260 DofusMaps catched
[19:12:24] 9761 StatedElements catched
[19:12:24] 13349 InteractiveElements catched
[19:12:24] 1485 HouseInformations catched
[19:12:24] 556 InteractiveDoors catched
[19:12:24] 3614 MapPositions uncatched
[19:12:24] 14681 MapPositions catched
[19:12:24] 42 MapZaaps catched
[19:12:24] 79 MapSubways catched
[19:12:25] 15228 SpellLevels catched 
[19:12:25] 4772 Spells catched 
[19:12:25] 316 GuildEmblems catched 
[19:12:25] 1179 LearnableSpells catched 
[19:12:25] 9780 ItemTemplates catched 
[19:12:25] 4489 Weapons catched 
[19:12:25] 363 ItemSets catched 
[19:12:25] 171 ItemTypes catched 
[19:12:25] 110 ItemPets catched 
[19:12:26] 2476 NpcTemplates catched 
[19:12:26] 787 NpcSpawns catched 
[19:12:26] 94 NpcItems catched 
[19:12:26] 19801 NpcMessages catched 
[19:12:26] 7 NpcReplies catched 
[19:12:26] 353 Triggers catched
[19:12:26] 1277 Paddocks catched
[19:12:26] 72 Mounts catched
[19:12:26] 4 Guild catched
[19:12:26] 3 GuildMembers catched
[19:12:27] 122 Handlers Readed
[19:12:27] 166 Messages Readed
[19:12:28] WorldServer start in 12849 ms.
[19:13:47] MySQL Database Connected
[19:13:47] 16 Breeds catched
[19:13:47] 256 Heads catched
[19:13:47] 561 Effects catched
[19:13:47] 4 SuperAreas catched
[19:13:47] 48 Areas catched
[19:13:48] 334 SubAreas catched
[19:13:56] 11260 DofusMaps catched
[19:13:56] 9761 StatedElements catched
[19:13:56] 13349 InteractiveElements catched
[19:13:56] 1485 HouseInformations catched
[19:13:56] 556 InteractiveDoors catched
[19:13:56] 3614 MapPositions uncatched
[19:13:56] 14681 MapPositions catched
[19:13:56] 42 MapZaaps catched
[19:13:56] 79 MapSubways catched
[19:13:57] 15228 SpellLevels catched 
[19:13:57] 4772 Spells catched 
[19:13:57] 316 GuildEmblems catched 
[19:13:57] 1179 LearnableSpells catched 
[19:13:57] 9780 ItemTemplates catched 
[19:13:57] 4489 Weapons catched 
[19:13:57] 363 ItemSets catched 
[19:13:57] 171 ItemTypes catched 
[19:13:57] 110 ItemPets catched 
[19:13:58] 2476 NpcTemplates catched 
[19:13:58] 787 NpcSpawns catched 
[19:13:58] 94 NpcItems catched 
[19:13:58] 19801 NpcMessages catched 
[19:13:58] 7 NpcReplies catched 
[19:13:58] 353 Triggers catched
[19:13:58] 1277 Paddocks catched
[19:13:58] 72 Mounts catched
[19:13:58] 4 Guild catched
[19:13:58] 3 GuildMembers catched
[19:13:59] 122 Handlers Readed
[19:13:59] 166 Messages Readed
[19:13:59] WorldServer start in 12619 ms.
[19:16:52] MySQL Database Connected
[19:16:52] 16 Breeds catched
[19:16:52] 256 Heads catched
[19:16:52] 561 Effects catched
[19:16:52] 4 SuperAreas catched
[19:16:52] 48 Areas catched
[19:16:53] 334 SubAreas catched
[19:17:01] 11260 DofusMaps catched
[19:17:01] 9761 StatedElements catched
[19:17:01] 13349 InteractiveElements catched
[19:17:01] 1485 HouseInformations catched
[19:17:01] 556 InteractiveDoors catched
[19:17:01] 3614 MapPositions uncatched
[19:17:01] 14681 MapPositions catched
[19:17:01] 42 MapZaaps catched
[19:17:01] 79 MapSubways catched
[19:17:01] 15228 SpellLevels catched 
[19:17:01] 4772 Spells catched 
[19:17:01] 316 GuildEmblems catched 
[19:17:01] 1179 LearnableSpells catched 
[19:17:01] 9780 ItemTemplates catched 
[19:17:02] 4489 Weapons catched 
[19:17:02] 363 ItemSets catched 
[19:17:02] 171 ItemTypes catched 
[19:17:02] 110 ItemPets catched 
[19:17:02] 2476 NpcTemplates catched 
[19:17:02] 787 NpcSpawns catched 
[19:17:02] 94 NpcItems catched 
[19:17:02] 19801 NpcMessages catched 
[19:17:02] 7 NpcReplies catched 
[19:17:02] 353 Triggers catched
[19:17:03] 1277 Paddocks catched
[19:17:03] 72 Mounts catched
[19:17:03] 4 Guild catched
[19:17:03] 3 GuildMembers catched
[19:17:03] 122 Handlers Readed
[19:17:04] 166 Messages Readed
[19:17:04] WorldServer start in 12351 ms.
[19:43:35] MySQL Database Connected
[19:43:35] 16 Breeds catched
[19:43:35] 256 Heads catched
[19:43:35] 561 Effects catched
[19:43:35] 4 SuperAreas catched
[19:43:35] 48 Areas catched
[19:43:36] 334 SubAreas catched
[19:43:44] 11260 DofusMaps catched
[19:43:44] 9761 StatedElements catched
[19:43:44] 13349 InteractiveElements catched
[19:43:44] 1485 HouseInformations catched
[19:43:44] 556 InteractiveDoors catched
[19:43:44] 3614 MapPositions uncatched
[19:43:44] 14681 MapPositions catched
[19:43:44] 42 MapZaaps catched
[19:43:44] 79 MapSubways catched
[19:43:45] 15228 SpellLevels catched 
[19:43:45] 4772 Spells catched 
[19:43:45] 316 GuildEmblems catched 
[19:43:45] 1179 LearnableSpells catched 
[19:43:45] 9780 ItemTemplates catched 
[19:43:45] 4489 Weapons catched 
[19:43:45] 363 ItemSets catched 
[19:43:45] 171 ItemTypes catched 
[19:43:45] 110 ItemPets catched 
[19:43:46] 2476 NpcTemplates catched 
[19:43:46] 787 NpcSpawns catched 
[19:43:46] 94 NpcItems catched 
[19:43:46] 19801 NpcMessages catched 
[19:43:46] 7 NpcReplies catched 
[19:43:46] 353 Triggers catched
[19:43:46] 1277 Paddocks catched
[19:43:46] 72 Mounts catched
[19:43:46] 4 Guild catched
[19:43:46] 3 GuildMembers catched
[19:43:47] 122 Handlers Readed
[19:43:47] 166 Messages Readed
[19:43:47] WorldServer start in 12768 ms.
[19:58:11] MySQL Database Connected
[19:58:11] 16 Breeds catched
[19:58:11] 256 Heads catched
[19:58:11] 561 Effects catched
[19:58:11] 4 SuperAreas catched
[19:58:11] 48 Areas catched
[19:58:12] 334 SubAreas catched
[19:58:20] 11260 DofusMaps catched
[19:58:20] 9761 StatedElements catched
[19:58:20] 13349 InteractiveElements catched
[19:58:20] 1485 HouseInformations catched
[19:58:20] 556 InteractiveDoors catched
[19:58:20] 3614 MapPositions uncatched
[19:58:20] 14681 MapPositions catched
[19:58:20] 42 MapZaaps catched
[19:58:20] 79 MapSubways catched
[19:58:20] 15228 SpellLevels catched 
[19:58:21] 4772 Spells catched 
[19:58:21] 316 GuildEmblems catched 
[19:58:21] 1179 LearnableSpells catched 
[19:58:21] 9780 ItemTemplates catched 
[19:58:21] 4489 Weapons catched 
[19:58:21] 363 ItemSets catched 
[19:58:21] 171 ItemTypes catched 
[19:58:21] 110 ItemPets catched 
[19:58:21] 2476 NpcTemplates catched 
[19:58:21] 787 NpcSpawns catched 
[19:58:21] 94 NpcItems catched 
[19:58:22] 19801 NpcMessages catched 
[19:58:22] 7 NpcReplies catched 
[19:58:22] 353 Triggers catched
[19:58:22] 1277 Paddocks catched
[19:58:22] 72 Mounts catched
[19:58:22] 4 Guild catched
[19:58:22] 3 GuildMembers catched
[19:58:22] 122 Handlers Readed
[19:58:23] 166 Messages Readed
[19:58:23] WorldServer start in 12504 ms.
[20:10:36] MySQL Database Connected
[20:10:36] 16 Breeds catched
[20:10:36] 256 Heads catched
[20:10:36] 561 Effects catched
[20:10:37] 4 SuperAreas catched
[20:10:37] 48 Areas catched
[20:10:38] 334 SubAreas catched
[20:12:31] MySQL Database Connected
[20:12:31] 16 Breeds catched
[20:12:31] 256 Heads catched
[20:12:31] 561 Effects catched
[20:12:32] 4 SuperAreas catched
[20:12:32] 48 Areas catched
[20:12:32] 334 SubAreas catched
[20:12:38] 11260 DofusMaps catched
[20:12:38] 9761 StatedElements catched
[20:12:38] 13349 InteractiveElements catched
[20:12:38] 1485 HouseInformations catched
[20:12:38] 556 InteractiveDoors catched
[20:12:39] 3614 MapPositions uncatched
[20:12:39] 14681 MapPositions catched
[20:12:39] 42 MapZaaps catched
[20:12:39] 79 MapSubways catched
[20:12:39] 15228 SpellLevels catched 
[20:12:39] 4772 Spells catched 
[20:12:39] 316 GuildEmblems catched 
[20:12:39] 1179 LearnableSpells catched 
[20:12:39] 9780 ItemTemplates catched 
[20:12:39] 4489 Weapons catched 
[20:12:39] 363 ItemSets catched 
[20:12:39] 171 ItemTypes catched 
[20:12:39] 110 ItemPets catched 
[20:12:40] 2476 NpcTemplates catched 
[20:12:40] 787 NpcSpawns catched 
[20:12:40] 94 NpcItems catched 
[20:12:40] 19801 NpcMessages catched 
[20:12:40] 7 NpcReplies catched 
[20:12:40] 353 Triggers catched
[20:12:40] 1277 Paddocks catched
[20:12:40] 72 Mounts catched
[20:12:40] 4 Guild catched
[20:12:40] 3 GuildMembers catched
[20:12:41] 122 Handlers Readed
[20:12:41] 166 Messages Readed
[20:12:41] WorldServer start in 10414 ms.
