[01:47:53] MySQL Database Connected
[01:47:53] 16 Breeds catched
[01:47:53] 256 Heads catched
[01:47:53] 566 Effects catched
[01:47:54] 4 SuperAreas catched
[01:47:54] 48 Areas catched
[01:47:55] 334 SubAreas catched
[01:47:55] 11267 DofusMaps catched
[01:47:55] 9761 StatedElements catched
[01:47:56] 13349 InteractiveElements catched
[01:47:56] 1485 HouseInformations catched
[01:47:56] 556 InteractiveDoors catched
[01:47:56] 3530 MapPositions uncatched
[01:47:56] 14681 MapPositions catched
[01:47:56] 42 MapZaaps catched
[01:47:56] 79 MapSubways catched
[01:47:56] 15612 SpellLevels catched 
[01:47:56] 4972 Spells catched 
[01:47:56] 4 SpellBombs catched 
[01:47:56] 316 GuildEmblems catched 
[01:47:56] 1179 LearnableSpells catched 
[01:47:56] 10063 ItemTemplates catched 
[01:47:56] 4355 Weapons catched 
[01:47:56] 366 ItemSets catched 
[01:47:56] 171 ItemTypes catched 
[01:47:56] 114 ItemPets catched 
[01:47:57] 2476 NpcTemplates catched 
[01:47:57] 787 NpcSpawns catched 
[01:47:57] 94 NpcItems catched 
[01:47:57] 19801 NpcMessages catched 
[01:47:57] 7 NpcReplies catched 
[01:47:57] 353 Triggers catched
[01:47:57] 1277 Paddocks catched
[01:47:57] 72 Mounts catched
[01:47:57] 3 Guild catched
[01:47:57] 2 GuildMembers catched
[01:47:57] 11 GatheringJob LevelInfos catched
[01:47:57] 233 InteractiveSkills LevelInfos catched
[01:47:57] 2210 Monster Templates catched
[01:47:57] 11688 Monster Grades catched
[01:47:57] 8021 Monster Drops catched
[01:47:59] 128 Handlers Readed
[01:47:59] 175 Messages Readed
[01:47:59] WorldServer start in 6817 ms.
[01:48:04] MySQL Database Connected
[01:48:04] 16 Breeds catched
[01:48:04] 256 Heads catched
[01:48:04] 566 Effects catched
[01:48:05] 4 SuperAreas catched
[01:48:05] 48 Areas catched
[01:48:06] 334 SubAreas catched
[01:48:07] 11267 DofusMaps catched
[01:48:07] 9761 StatedElements catched
[01:48:07] 13349 InteractiveElements catched
[01:48:07] 1485 HouseInformations catched
[01:48:07] 556 InteractiveDoors catched
[01:48:07] 3530 MapPositions uncatched
[01:48:07] 14681 MapPositions catched
[01:48:07] 42 MapZaaps catched
[01:48:07] 79 MapSubways catched
[01:48:07] 15612 SpellLevels catched 
[01:48:07] 4972 Spells catched 
[01:48:07] 4 SpellBombs catched 
[01:48:07] 316 GuildEmblems catched 
[01:48:07] 1179 LearnableSpells catched 
[01:48:07] 10063 ItemTemplates catched 
[01:48:07] 4355 Weapons catched 
[01:48:07] 366 ItemSets catched 
[01:48:07] 171 ItemTypes catched 
[01:48:07] 114 ItemPets catched 
[01:48:08] 2476 NpcTemplates catched 
[01:48:08] 787 NpcSpawns catched 
[01:48:08] 94 NpcItems catched 
[01:48:08] 19801 NpcMessages catched 
[01:48:08] 7 NpcReplies catched 
[01:48:08] 353 Triggers catched
[01:48:08] 1277 Paddocks catched
[01:48:08] 72 Mounts catched
[01:48:08] 3 Guild catched
[01:48:08] 2 GuildMembers catched
[01:48:08] 11 GatheringJob LevelInfos catched
[01:48:08] 233 InteractiveSkills LevelInfos catched
[01:48:08] 2210 Monster Templates catched
[01:48:08] 11688 Monster Grades catched
[01:48:08] 8021 Monster Drops catched
[01:48:09] 128 Handlers Readed
[01:48:09] 175 Messages Readed
[01:48:09] WorldServer start in 5062 ms.
[14:20:15] MySQL Database Connected
[14:20:15] 16 Breeds catched
[14:20:15] 256 Heads catched
[14:20:15] 566 Effects catched
[14:20:17] 4 SuperAreas catched
[14:20:17] 48 Areas catched
[14:20:18] 334 SubAreas catched
[14:20:18] 11267 DofusMaps catched
[14:20:19] 9761 StatedElements catched
[14:20:19] 13349 InteractiveElements catched
[14:20:19] 1485 HouseInformations catched
[14:20:19] 556 InteractiveDoors catched
[14:20:19] 3530 MapPositions uncatched
[14:20:19] 14681 MapPositions catched
[14:20:19] 42 MapZaaps catched
[14:20:19] 79 MapSubways catched
[14:20:19] 15612 SpellLevels catched 
[14:20:19] 4972 Spells catched 
[14:20:19] 4 SpellBombs catched 
[14:20:19] 316 GuildEmblems catched 
[14:20:19] 1179 LearnableSpells catched 
[14:20:19] 10063 ItemTemplates catched 
[14:20:19] 4355 Weapons catched 
[14:20:19] 366 ItemSets catched 
[14:20:19] 171 ItemTypes catched 
[14:20:20] 114 ItemPets catched 
[14:20:20] 2476 NpcTemplates catched 
[14:20:20] 787 NpcSpawns catched 
[14:20:20] 94 NpcItems catched 
[14:20:20] 19801 NpcMessages catched 
[14:20:20] 7 NpcReplies catched 
[14:20:20] 353 Triggers catched
[14:20:20] 1277 Paddocks catched
[14:20:20] 72 Mounts catched
[14:20:21] 3 Guild catched
[14:20:21] 2 GuildMembers catched
[14:20:21] 11 GatheringJob LevelInfos catched
[14:20:21] 233 InteractiveSkills LevelInfos catched
[14:20:21] 2210 Monster Templates catched
[14:20:21] 11688 Monster Grades catched
[14:20:21] 8021 Monster Drops catched
[14:20:23] 128 Handlers Readed
[14:20:25] 175 Messages Readed
[14:20:26] WorldServer start in 10936 ms.
[14:22:35] MySQL Database Connected
[14:22:35] 16 Breeds catched
[14:22:35] 256 Heads catched
[14:22:35] 566 Effects catched
[14:22:36] 4 SuperAreas catched
[14:22:36] 48 Areas catched
[14:22:37] 334 SubAreas catched
[14:22:38] 11267 DofusMaps catched
[14:22:38] 9761 StatedElements catched
[14:22:38] 13349 InteractiveElements catched
[14:22:38] 1485 HouseInformations catched
[14:22:38] 556 InteractiveDoors catched
[14:22:38] 3530 MapPositions uncatched
[14:22:38] 14681 MapPositions catched
[14:22:38] 42 MapZaaps catched
[14:22:38] 79 MapSubways catched
[14:22:38] 15612 SpellLevels catched 
[14:22:38] 4972 Spells catched 
[14:22:38] 4 SpellBombs catched 
[14:22:38] 316 GuildEmblems catched 
[14:22:38] 1179 LearnableSpells catched 
[14:22:38] 10063 ItemTemplates catched 
[14:22:38] 4355 Weapons catched 
[14:22:38] 366 ItemSets catched 
[14:22:38] 171 ItemTypes catched 
[14:22:38] 114 ItemPets catched 
[14:22:39] 2476 NpcTemplates catched 
[14:22:39] 787 NpcSpawns catched 
[14:22:39] 94 NpcItems catched 
[14:22:39] 19801 NpcMessages catched 
[14:22:39] 7 NpcReplies catched 
[14:22:39] 353 Triggers catched
[14:22:39] 1277 Paddocks catched
[14:22:39] 72 Mounts catched
[14:22:39] 3 Guild catched
[14:22:39] 2 GuildMembers catched
[14:22:39] 11 GatheringJob LevelInfos catched
[14:22:39] 233 InteractiveSkills LevelInfos catched
[14:22:39] 2210 Monster Templates catched
[14:22:39] 11688 Monster Grades catched
[14:22:39] 8021 Monster Drops catched
[14:22:40] 128 Handlers Readed
[14:22:40] 175 Messages Readed
[14:22:40] WorldServer start in 5515 ms.
[14:30:57] MySQL Database Connected
[14:30:57] 16 Breeds catched
[14:30:57] 256 Heads catched
[14:30:57] 566 Effects catched
[14:30:57] 4 SuperAreas catched
[14:30:57] 48 Areas catched
[14:30:58] 334 SubAreas catched
[14:30:59] 11267 DofusMaps catched
[14:30:59] 9761 StatedElements catched
[14:30:59] 13349 InteractiveElements catched
[14:30:59] 1485 HouseInformations catched
[14:30:59] 556 InteractiveDoors catched
[14:30:59] 3530 MapPositions uncatched
[14:30:59] 14681 MapPositions catched
[14:30:59] 42 MapZaaps catched
[14:30:59] 79 MapSubways catched
[14:30:59] 15612 SpellLevels catched 
[14:30:59] 4972 Spells catched 
[14:30:59] 4 SpellBombs catched 
[14:30:59] 316 GuildEmblems catched 
[14:30:59] 1179 LearnableSpells catched 
[14:31:00] 10063 ItemTemplates catched 
[14:31:00] 4355 Weapons catched 
[14:31:00] 366 ItemSets catched 
[14:31:00] 171 ItemTypes catched 
[14:31:00] 114 ItemPets catched 
[14:31:00] 2476 NpcTemplates catched 
[14:31:00] 787 NpcSpawns catched 
[14:31:00] 94 NpcItems catched 
[14:31:00] 19801 NpcMessages catched 
[14:31:00] 7 NpcReplies catched 
[14:31:00] 353 Triggers catched
[14:31:00] 1277 Paddocks catched
[14:31:00] 72 Mounts catched
[14:31:00] 3 Guild catched
[14:31:00] 2 GuildMembers catched
[14:31:00] 11 GatheringJob LevelInfos catched
[14:31:00] 233 InteractiveSkills LevelInfos catched
[14:31:00] 2210 Monster Templates catched
[14:31:01] 11688 Monster Grades catched
[14:31:01] 8021 Monster Drops catched
[14:31:01] 128 Handlers Readed
[14:31:02] 175 Messages Readed
[14:31:02] WorldServer start in 5309 ms.
[14:38:59] MySQL Database Connected
[14:39:00] 16 Breeds catched
[14:39:00] 256 Heads catched
[14:39:00] 566 Effects catched
[14:39:00] 4 SuperAreas catched
[14:39:00] 48 Areas catched
[14:39:01] 334 SubAreas catched
[14:39:02] 11267 DofusMaps catched
[14:39:02] 9761 StatedElements catched
[14:39:02] 13349 InteractiveElements catched
[14:39:02] 1485 HouseInformations catched
[14:39:02] 556 InteractiveDoors catched
[14:39:02] 3530 MapPositions uncatched
[14:39:02] 14681 MapPositions catched
[14:39:02] 42 MapZaaps catched
[14:39:02] 79 MapSubways catched
[14:39:02] 15612 SpellLevels catched 
[14:39:02] 4972 Spells catched 
[14:39:02] 4 SpellBombs catched 
[14:39:02] 316 GuildEmblems catched 
[14:39:02] 1179 LearnableSpells catched 
[14:39:02] 10063 ItemTemplates catched 
[14:39:02] 4355 Weapons catched 
[14:39:02] 366 ItemSets catched 
[14:39:02] 171 ItemTypes catched 
[14:39:02] 114 ItemPets catched 
[14:39:03] 2476 NpcTemplates catched 
[14:39:03] 787 NpcSpawns catched 
[14:39:03] 94 NpcItems catched 
[14:39:03] 19801 NpcMessages catched 
[14:39:03] 7 NpcReplies catched 
[14:39:03] 353 Triggers catched
[14:39:03] 1277 Paddocks catched
[14:39:03] 72 Mounts catched
[14:39:03] 3 Guild catched
[14:39:03] 2 GuildMembers catched
[14:39:03] 11 GatheringJob LevelInfos catched
[14:39:03] 233 InteractiveSkills LevelInfos catched
[14:39:03] 2210 Monster Templates catched
[14:39:03] 11688 Monster Grades catched
[14:39:03] 8021 Monster Drops catched
[14:39:04] 128 Handlers Readed
[14:39:04] 175 Messages Readed
[14:39:05] WorldServer start in 5311 ms.
[14:55:38] MySQL Database Connected
[14:55:38] 16 Breeds catched
[14:55:38] 256 Heads catched
[14:55:38] 566 Effects catched
[14:55:38] 4 SuperAreas catched
[14:55:38] 48 Areas catched
[14:55:39] 334 SubAreas catched
[14:55:40] 11267 DofusMaps catched
[14:55:40] 9761 StatedElements catched
[14:55:40] 13349 InteractiveElements catched
[14:55:40] 1485 HouseInformations catched
[14:55:40] 556 InteractiveDoors catched
[14:55:40] 3530 MapPositions uncatched
[14:55:40] 14681 MapPositions catched
[14:55:40] 42 MapZaaps catched
[14:55:40] 79 MapSubways catched
[14:55:40] 15612 SpellLevels catched 
[14:55:41] 4972 Spells catched 
[14:55:41] 4 SpellBombs catched 
[14:55:41] 316 GuildEmblems catched 
[14:55:41] 1179 LearnableSpells catched 
[14:55:41] 10063 ItemTemplates catched 
[14:55:41] 4355 Weapons catched 
[14:55:41] 366 ItemSets catched 
[14:55:41] 171 ItemTypes catched 
[14:55:41] 114 ItemPets catched 
[14:55:41] 2476 NpcTemplates catched 
[14:55:41] 787 NpcSpawns catched 
[14:55:41] 94 NpcItems catched 
[14:55:41] 19801 NpcMessages catched 
[14:55:41] 7 NpcReplies catched 
[14:55:41] 353 Triggers catched
[14:55:41] 1277 Paddocks catched
[14:55:41] 72 Mounts catched
[14:55:41] 3 Guild catched
[14:55:41] 2 GuildMembers catched
[14:55:41] 11 GatheringJob LevelInfos catched
[14:55:42] 233 InteractiveSkills LevelInfos catched
[14:55:42] 2210 Monster Templates catched
[14:55:42] 11688 Monster Grades catched
[14:55:42] 8021 Monster Drops catched
[14:55:42] 128 Handlers Readed
[14:55:43] 175 Messages Readed
[14:55:43] WorldServer start in 5350 ms.
[15:28:44] MySQL Database Connected
[15:28:44] 16 Breeds catched
[15:28:44] 256 Heads catched
[15:28:44] 566 Effects catched
[15:28:44] 4 SuperAreas catched
[15:28:44] 48 Areas catched
[15:28:45] 334 SubAreas catched
[15:28:46] 11267 DofusMaps catched
[15:28:46] 9761 StatedElements catched
[15:28:46] 13349 InteractiveElements catched
[15:28:46] 1485 HouseInformations catched
[15:28:46] 556 InteractiveDoors catched
[15:28:46] 3530 MapPositions uncatched
[15:28:46] 14681 MapPositions catched
[15:28:46] 42 MapZaaps catched
[15:28:46] 79 MapSubways catched
[15:28:46] 15612 SpellLevels catched 
[15:28:47] 4972 Spells catched 
[15:28:47] 4 SpellBombs catched 
[15:28:47] 316 GuildEmblems catched 
[15:28:47] 1179 LearnableSpells catched 
[15:28:47] 10063 ItemTemplates catched 
[15:28:47] 4355 Weapons catched 
[15:28:47] 366 ItemSets catched 
[15:28:47] 171 ItemTypes catched 
[15:28:47] 114 ItemPets catched 
[15:28:47] 2476 NpcTemplates catched 
[15:28:47] 787 NpcSpawns catched 
[15:28:47] 94 NpcItems catched 
[15:28:47] 19801 NpcMessages catched 
[15:28:47] 7 NpcReplies catched 
[15:28:47] 353 Triggers catched
[15:28:47] 1277 Paddocks catched
[15:28:47] 72 Mounts catched
[15:28:47] 3 Guild catched
[15:28:47] 2 GuildMembers catched
[15:28:47] 11 GatheringJob LevelInfos catched
[15:28:48] 233 InteractiveSkills LevelInfos catched
[15:28:48] 2210 Monster Templates catched
[15:28:48] 11688 Monster Grades catched
[15:28:48] 8021 Monster Drops catched
[15:28:48] 128 Handlers Readed
[15:28:49] 175 Messages Readed
[15:28:49] WorldServer start in 5475 ms.
[15:34:58] MySQL Database Connected
[15:34:58] 16 Breeds catched
[15:34:58] 256 Heads catched
[15:34:58] 566 Effects catched
[15:34:59] 4 SuperAreas catched
[15:34:59] 48 Areas catched
[15:35:00] 334 SubAreas catched
[15:35:01] 11267 DofusMaps catched
[15:35:01] 9761 StatedElements catched
[15:35:01] 13349 InteractiveElements catched
[15:35:01] 1485 HouseInformations catched
[15:35:01] 556 InteractiveDoors catched
[15:35:01] 3530 MapPositions uncatched
[15:35:01] 14681 MapPositions catched
[15:35:01] 42 MapZaaps catched
[15:35:01] 79 MapSubways catched
[15:35:01] 15612 SpellLevels catched 
[15:35:01] 4972 Spells catched 
[15:35:01] 4 SpellBombs catched 
[15:35:01] 316 GuildEmblems catched 
[15:35:01] 1179 LearnableSpells catched 
[15:35:02] 10063 ItemTemplates catched 
[15:35:02] 4355 Weapons catched 
[15:35:02] 366 ItemSets catched 
[15:35:02] 171 ItemTypes catched 
[15:35:02] 114 ItemPets catched 
[15:35:02] 2476 NpcTemplates catched 
[15:35:02] 787 NpcSpawns catched 
[15:35:02] 94 NpcItems catched 
[15:35:02] 19801 NpcMessages catched 
[15:35:02] 7 NpcReplies catched 
[15:35:02] 353 Triggers catched
[15:35:02] 1277 Paddocks catched
[15:35:02] 72 Mounts catched
[15:35:02] 3 Guild catched
[15:35:02] 2 GuildMembers catched
[15:35:02] 11 GatheringJob LevelInfos catched
[15:35:02] 233 InteractiveSkills LevelInfos catched
[15:35:02] 2210 Monster Templates catched
[15:35:02] 11688 Monster Grades catched
[15:35:02] 8021 Monster Drops catched
[15:35:03] 128 Handlers Readed
[15:35:04] 175 Messages Readed
[15:35:04] WorldServer start in 5755 ms.
[15:36:46] MySQL Database Connected
[15:36:46] 16 Breeds catched
[15:36:46] 256 Heads catched
[15:36:46] 566 Effects catched
[15:36:47] 4 SuperAreas catched
[15:36:47] 48 Areas catched
[15:36:48] 334 SubAreas catched
[15:36:49] 11267 DofusMaps catched
[15:36:49] 9761 StatedElements catched
[15:36:49] 13349 InteractiveElements catched
[15:36:49] 1485 HouseInformations catched
[15:36:49] 556 InteractiveDoors catched
[15:36:49] 3530 MapPositions uncatched
[15:36:49] 14681 MapPositions catched
[15:36:49] 42 MapZaaps catched
[15:36:49] 79 MapSubways catched
[15:36:49] 15612 SpellLevels catched 
[15:36:49] 4972 Spells catched 
[15:36:49] 4 SpellBombs catched 
[15:36:49] 316 GuildEmblems catched 
[15:36:49] 1179 LearnableSpells catched 
[15:36:49] 10063 ItemTemplates catched 
[15:36:49] 4355 Weapons catched 
[15:36:49] 366 ItemSets catched 
[15:36:49] 171 ItemTypes catched 
[15:36:50] 114 ItemPets catched 
[15:36:50] 2476 NpcTemplates catched 
[15:36:50] 787 NpcSpawns catched 
[15:36:50] 94 NpcItems catched 
[15:36:50] 19801 NpcMessages catched 
[15:36:50] 7 NpcReplies catched 
[15:36:50] 353 Triggers catched
[15:36:50] 1277 Paddocks catched
[15:36:50] 72 Mounts catched
[15:36:50] 3 Guild catched
[15:36:50] 2 GuildMembers catched
[15:36:50] 11 GatheringJob LevelInfos catched
[15:36:50] 233 InteractiveSkills LevelInfos catched
[15:36:50] 2210 Monster Templates catched
[15:36:50] 11688 Monster Grades catched
[15:36:50] 8021 Monster Drops catched
[15:36:51] 128 Handlers Readed
[15:36:52] 175 Messages Readed
[15:36:52] WorldServer start in 5799 ms.
[15:41:06] MySQL Database Connected
[15:41:06] 16 Breeds catched
[15:41:06] 256 Heads catched
[15:41:06] 566 Effects catched
[15:41:07] 4 SuperAreas catched
[15:41:07] 48 Areas catched
[15:41:08] 334 SubAreas catched
[15:41:09] 11267 DofusMaps catched
[15:41:09] 9761 StatedElements catched
[15:41:09] 13349 InteractiveElements catched
[15:41:09] 1485 HouseInformations catched
[15:41:09] 556 InteractiveDoors catched
[15:41:09] 3530 MapPositions uncatched
[15:41:09] 14681 MapPositions catched
[15:41:09] 42 MapZaaps catched
[15:41:09] 79 MapSubways catched
[15:41:09] 15612 SpellLevels catched 
[15:41:09] 4972 Spells catched 
[15:41:09] 4 SpellBombs catched 
[15:41:09] 316 GuildEmblems catched 
[15:41:09] 1179 LearnableSpells catched 
[15:41:09] 10063 ItemTemplates catched 
[15:41:09] 4355 Weapons catched 
[15:41:09] 366 ItemSets catched 
[15:41:09] 171 ItemTypes catched 
[15:41:10] 114 ItemPets catched 
[15:41:10] 2476 NpcTemplates catched 
[15:41:10] 787 NpcSpawns catched 
[15:41:10] 94 NpcItems catched 
[15:41:10] 19801 NpcMessages catched 
[15:41:10] 7 NpcReplies catched 
[15:41:10] 353 Triggers catched
[15:41:10] 1277 Paddocks catched
[15:41:10] 72 Mounts catched
[15:41:10] 3 Guild catched
[15:41:10] 2 GuildMembers catched
[15:41:10] 11 GatheringJob LevelInfos catched
[15:41:10] 233 InteractiveSkills LevelInfos catched
[15:41:10] 2210 Monster Templates catched
[15:41:10] 11688 Monster Grades catched
[15:41:10] 8021 Monster Drops catched
[15:41:11] 128 Handlers Readed
[15:41:12] 175 Messages Readed
[15:41:12] WorldServer start in 5635 ms.
[15:48:02] MySQL Database Connected
[15:48:02] 16 Breeds catched
[15:48:02] 256 Heads catched
[15:48:02] 566 Effects catched
[15:48:02] 4 SuperAreas catched
[15:48:02] 48 Areas catched
[15:48:03] 334 SubAreas catched
[15:48:04] 11267 DofusMaps catched
[15:48:04] 9761 StatedElements catched
[15:48:04] 13349 InteractiveElements catched
[15:48:04] 1485 HouseInformations catched
[15:48:04] 556 InteractiveDoors catched
[15:48:04] 3530 MapPositions uncatched
[15:48:04] 14681 MapPositions catched
[15:48:04] 42 MapZaaps catched
[15:48:04] 79 MapSubways catched
[15:48:04] 15612 SpellLevels catched 
[15:48:04] 4972 Spells catched 
[15:48:04] 4 SpellBombs catched 
[15:48:04] 316 GuildEmblems catched 
[15:48:05] 1179 LearnableSpells catched 
[15:48:05] 10063 ItemTemplates catched 
[15:48:05] 4355 Weapons catched 
[15:48:05] 366 ItemSets catched 
[15:48:05] 171 ItemTypes catched 
[15:48:05] 114 ItemPets catched 
[15:48:05] 2476 NpcTemplates catched 
[15:48:05] 787 NpcSpawns catched 
[15:48:05] 94 NpcItems catched 
[15:48:05] 19801 NpcMessages catched 
[15:48:05] 7 NpcReplies catched 
[15:48:05] 353 Triggers catched
[15:48:05] 1277 Paddocks catched
[15:48:05] 72 Mounts catched
[15:48:05] 3 Guild catched
[15:48:05] 2 GuildMembers catched
[15:48:05] 11 GatheringJob LevelInfos catched
[15:48:06] 233 InteractiveSkills LevelInfos catched
[15:48:06] 2210 Monster Templates catched
[15:48:06] 11688 Monster Grades catched
[15:48:06] 8021 Monster Drops catched
[15:48:06] 128 Handlers Readed
[15:48:07] 175 Messages Readed
[15:48:07] WorldServer start in 5739 ms.
[15:52:55] MySQL Database Connected
[15:52:55] 16 Breeds catched
[15:52:55] 256 Heads catched
[15:52:55] 566 Effects catched
[15:52:55] 4 SuperAreas catched
[15:52:55] 48 Areas catched
[15:52:56] 334 SubAreas catched
[15:52:57] 11267 DofusMaps catched
[15:52:57] 9761 StatedElements catched
[15:52:57] 13349 InteractiveElements catched
[15:52:57] 1485 HouseInformations catched
[15:52:57] 556 InteractiveDoors catched
[15:52:57] 3530 MapPositions uncatched
[15:52:57] 14681 MapPositions catched
[15:52:57] 42 MapZaaps catched
[15:52:57] 79 MapSubways catched
[15:52:57] 15612 SpellLevels catched 
[15:52:57] 4972 Spells catched 
[15:52:57] 4 SpellBombs catched 
[15:52:57] 316 GuildEmblems catched 
[15:52:57] 1179 LearnableSpells catched 
[15:52:58] 10063 ItemTemplates catched 
[15:52:58] 4355 Weapons catched 
[15:52:58] 366 ItemSets catched 
[15:52:58] 171 ItemTypes catched 
[15:52:58] 114 ItemPets catched 
[15:52:58] 2476 NpcTemplates catched 
[15:52:58] 787 NpcSpawns catched 
[15:52:58] 94 NpcItems catched 
[15:52:58] 19801 NpcMessages catched 
[15:52:58] 7 NpcReplies catched 
[15:52:58] 353 Triggers catched
[15:52:58] 1277 Paddocks catched
[15:52:58] 72 Mounts catched
[15:52:58] 3 Guild catched
[15:52:58] 2 GuildMembers catched
[15:52:58] 11 GatheringJob LevelInfos catched
[15:52:58] 233 InteractiveSkills LevelInfos catched
[15:52:59] 2210 Monster Templates catched
[15:52:59] 11688 Monster Grades catched
[15:52:59] 8021 Monster Drops catched
[15:52:59] 128 Handlers Readed
[15:53:00] 175 Messages Readed
[15:53:00] WorldServer start in 5590 ms.
[16:11:32] MySQL Database Connected
[16:11:32] 16 Breeds catched
[16:11:32] 256 Heads catched
[16:11:32] 566 Effects catched
[16:11:32] 4 SuperAreas catched
[16:11:32] 48 Areas catched
[16:11:33] 334 SubAreas catched
[16:11:34] 11267 DofusMaps catched
[16:11:34] 9761 StatedElements catched
[16:11:34] 13349 InteractiveElements catched
[16:11:34] 1485 HouseInformations catched
[16:11:34] 556 InteractiveDoors catched
[16:11:34] 3530 MapPositions uncatched
[16:11:34] 14681 MapPositions catched
[16:11:34] 42 MapZaaps catched
[16:11:34] 79 MapSubways catched
[16:11:34] 15612 SpellLevels catched 
[16:11:34] 4972 Spells catched 
[16:11:34] 4 SpellBombs catched 
[16:11:34] 316 GuildEmblems catched 
[16:11:34] 1179 LearnableSpells catched 
[16:11:35] 10063 ItemTemplates catched 
[16:11:35] 4355 Weapons catched 
[16:11:35] 366 ItemSets catched 
[16:11:35] 171 ItemTypes catched 
[16:11:35] 114 ItemPets catched 
[16:11:35] 2476 NpcTemplates catched 
[16:11:35] 787 NpcSpawns catched 
[16:11:35] 94 NpcItems catched 
[16:11:35] 19801 NpcMessages catched 
[16:11:35] 7 NpcReplies catched 
[16:11:35] 353 Triggers catched
[16:11:35] 1277 Paddocks catched
[16:11:35] 72 Mounts catched
[16:11:35] 3 Guild catched
[16:11:35] 2 GuildMembers catched
[16:11:35] 11 GatheringJob LevelInfos catched
[16:11:35] 233 InteractiveSkills LevelInfos catched
[16:11:35] 2210 Monster Templates catched
[16:11:35] 11688 Monster Grades catched
[16:11:35] 8021 Monster Drops catched
[16:11:36] 128 Handlers Readed
[16:11:37] 175 Messages Readed
[16:11:37] WorldServer start in 5076 ms.
[16:13:25] MySQL Database Connected
[16:13:25] 16 Breeds catched
[16:13:25] 256 Heads catched
[16:13:25] 566 Effects catched
[16:13:25] 4 SuperAreas catched
[16:13:25] 48 Areas catched
[16:13:27] 334 SubAreas catched
[16:13:27] 11267 DofusMaps catched
[16:13:27] 9761 StatedElements catched
[16:13:27] 13349 InteractiveElements catched
[16:13:27] 1485 HouseInformations catched
[16:13:27] 556 InteractiveDoors catched
[16:13:27] 3530 MapPositions uncatched
[16:13:27] 14681 MapPositions catched
[16:13:27] 42 MapZaaps catched
[16:13:27] 79 MapSubways catched
[16:13:28] 15612 SpellLevels catched 
[16:13:28] 4972 Spells catched 
[16:13:28] 4 SpellBombs catched 
[16:13:28] 316 GuildEmblems catched 
[16:13:28] 1179 LearnableSpells catched 
[16:13:28] 10063 ItemTemplates catched 
[16:13:28] 4355 Weapons catched 
[16:13:28] 366 ItemSets catched 
[16:13:28] 171 ItemTypes catched 
[16:13:28] 114 ItemPets catched 
[16:13:28] 2476 NpcTemplates catched 
[16:13:28] 787 NpcSpawns catched 
[16:13:28] 94 NpcItems catched 
[16:13:28] 19801 NpcMessages catched 
[16:13:28] 7 NpcReplies catched 
[16:13:28] 353 Triggers catched
[16:13:28] 1277 Paddocks catched
[16:13:28] 72 Mounts catched
[16:13:28] 3 Guild catched
[16:13:28] 2 GuildMembers catched
[16:13:28] 11 GatheringJob LevelInfos catched
[16:13:29] 233 InteractiveSkills LevelInfos catched
[16:13:29] 2210 Monster Templates catched
[16:13:29] 11688 Monster Grades catched
[16:13:29] 8021 Monster Drops catched
[16:13:29] 128 Handlers Readed
[16:13:30] 175 Messages Readed
[16:13:30] WorldServer start in 5348 ms.
[16:15:05] MySQL Database Connected
[16:15:06] 16 Breeds catched
[16:15:06] 256 Heads catched
[16:15:06] 566 Effects catched
[16:15:06] 4 SuperAreas catched
[16:15:06] 48 Areas catched
[16:15:07] 334 SubAreas catched
[16:15:08] 11267 DofusMaps catched
[16:15:08] 9761 StatedElements catched
[16:15:08] 13349 InteractiveElements catched
[16:15:08] 1485 HouseInformations catched
[16:15:08] 556 InteractiveDoors catched
[16:15:08] 3530 MapPositions uncatched
[16:15:08] 14681 MapPositions catched
[16:15:08] 42 MapZaaps catched
[16:15:08] 79 MapSubways catched
[16:15:08] 15612 SpellLevels catched 
[16:15:08] 4972 Spells catched 
[16:15:08] 4 SpellBombs catched 
[16:15:08] 316 GuildEmblems catched 
[16:15:08] 1179 LearnableSpells catched 
[16:15:08] 10063 ItemTemplates catched 
[16:15:08] 4355 Weapons catched 
[16:15:08] 366 ItemSets catched 
[16:15:08] 171 ItemTypes catched 
[16:15:09] 114 ItemPets catched 
[16:15:09] 2476 NpcTemplates catched 
[16:15:09] 787 NpcSpawns catched 
[16:15:09] 94 NpcItems catched 
[16:15:09] 19801 NpcMessages catched 
[16:15:09] 7 NpcReplies catched 
[16:15:09] 353 Triggers catched
[16:15:09] 1277 Paddocks catched
[16:15:09] 72 Mounts catched
[16:15:09] 3 Guild catched
[16:15:09] 2 GuildMembers catched
[16:15:09] 11 GatheringJob LevelInfos catched
[16:15:09] 233 InteractiveSkills LevelInfos catched
[16:15:09] 2210 Monster Templates catched
[16:15:09] 11688 Monster Grades catched
[16:15:09] 8021 Monster Drops catched
[16:15:10] 128 Handlers Readed
[16:15:10] 175 Messages Readed
[16:15:11] WorldServer start in 5354 ms.
[18:35:09] MySQL Database Connected
[18:35:09] 16 Breeds catched
[18:35:09] 256 Heads catched
[18:35:09] 566 Effects catched
[18:35:09] 4 SuperAreas catched
[18:35:09] 48 Areas catched
[18:35:10] 334 SubAreas catched
[18:35:11] 11267 DofusMaps catched
[18:35:11] 9761 StatedElements catched
[18:35:11] 13349 InteractiveElements catched
[18:35:11] 1485 HouseInformations catched
[18:35:11] 556 InteractiveDoors catched
[18:35:11] 3530 MapPositions uncatched
[18:35:11] 14681 MapPositions catched
[18:35:11] 42 MapZaaps catched
[18:35:11] 79 MapSubways catched
[18:35:11] 15612 SpellLevels catched 
[18:35:11] 4972 Spells catched 
[18:35:11] 4 SpellBombs catched 
[18:35:11] 316 GuildEmblems catched 
[18:35:11] 1179 LearnableSpells catched 
[18:35:12] 10063 ItemTemplates catched 
[18:35:12] 4355 Weapons catched 
[18:35:12] 366 ItemSets catched 
[18:35:12] 171 ItemTypes catched 
[18:35:12] 114 ItemPets catched 
[18:35:12] 2476 NpcTemplates catched 
[18:35:12] 787 NpcSpawns catched 
[18:35:12] 94 NpcItems catched 
[18:35:12] 19801 NpcMessages catched 
[18:35:12] 7 NpcReplies catched 
[18:35:12] 353 Triggers catched
[18:35:12] 1277 Paddocks catched
[18:35:12] 72 Mounts catched
[18:35:12] 3 Guild catched
[18:35:12] 2 GuildMembers catched
[18:35:12] 11 GatheringJob LevelInfos catched
[18:35:12] 233 InteractiveSkills LevelInfos catched
[18:35:12] 2210 Monster Templates catched
[18:35:12] 11688 Monster Grades catched
[18:35:12] 8021 Monster Drops catched
[18:35:13] 128 Handlers Readed
[18:35:14] 175 Messages Readed
[18:35:14] WorldServer start in 5222 ms.
[18:37:22] MySQL Database Connected
[18:37:22] 16 Breeds catched
[18:37:22] 256 Heads catched
[18:37:22] 566 Effects catched
[18:37:22] 4 SuperAreas catched
[18:37:22] 48 Areas catched
[18:37:23] 334 SubAreas catched
[18:37:24] 11267 DofusMaps catched
[18:37:24] 9761 StatedElements catched
[18:37:24] 13349 InteractiveElements catched
[18:37:24] 1485 HouseInformations catched
[18:37:24] 556 InteractiveDoors catched
[18:37:24] 3530 MapPositions uncatched
[18:37:24] 14681 MapPositions catched
[18:37:24] 42 MapZaaps catched
[18:37:24] 79 MapSubways catched
[18:37:24] 15612 SpellLevels catched 
[18:37:24] 4972 Spells catched 
[18:37:24] 4 SpellBombs catched 
[18:37:24] 316 GuildEmblems catched 
[18:37:24] 1179 LearnableSpells catched 
[18:37:24] 10063 ItemTemplates catched 
[18:37:25] 4355 Weapons catched 
[18:37:25] 366 ItemSets catched 
[18:37:25] 171 ItemTypes catched 
[18:37:25] 114 ItemPets catched 
[18:37:25] 2476 NpcTemplates catched 
[18:37:25] 787 NpcSpawns catched 
[18:37:25] 94 NpcItems catched 
[18:37:25] 19801 NpcMessages catched 
[18:37:25] 7 NpcReplies catched 
[18:37:25] 353 Triggers catched
[18:37:25] 1277 Paddocks catched
[18:37:25] 72 Mounts catched
[18:37:25] 3 Guild catched
[18:37:25] 2 GuildMembers catched
[18:37:25] 11 GatheringJob LevelInfos catched
[18:37:25] 233 InteractiveSkills LevelInfos catched
[18:37:25] 2210 Monster Templates catched
[18:37:25] 11688 Monster Grades catched
[18:37:25] 8021 Monster Drops catched
[18:37:26] 128 Handlers Readed
[18:37:27] 175 Messages Readed
[18:37:27] WorldServer start in 5216 ms.
[18:38:20] MySQL Database Connected
[18:38:20] 16 Breeds catched
[18:38:20] 256 Heads catched
[18:38:20] 566 Effects catched
[18:38:21] 4 SuperAreas catched
[18:38:21] 48 Areas catched
[18:38:22] 334 SubAreas catched
[18:38:22] 11267 DofusMaps catched
[18:38:22] 9761 StatedElements catched
[18:38:22] 13349 InteractiveElements catched
[18:38:22] 1485 HouseInformations catched
[18:38:22] 556 InteractiveDoors catched
[18:38:22] 3530 MapPositions uncatched
[18:38:22] 14681 MapPositions catched
[18:38:22] 42 MapZaaps catched
[18:38:22] 79 MapSubways catched
[18:38:23] 15612 SpellLevels catched 
[18:38:23] 4972 Spells catched 
[18:38:23] 4 SpellBombs catched 
[18:38:23] 316 GuildEmblems catched 
[18:38:23] 1179 LearnableSpells catched 
[18:38:23] 10063 ItemTemplates catched 
[18:38:23] 4355 Weapons catched 
[18:38:23] 366 ItemSets catched 
[18:38:23] 171 ItemTypes catched 
[18:38:23] 114 ItemPets catched 
[18:38:23] 2476 NpcTemplates catched 
[18:38:23] 787 NpcSpawns catched 
[18:38:23] 94 NpcItems catched 
[18:38:23] 19801 NpcMessages catched 
[18:38:23] 7 NpcReplies catched 
[18:38:23] 353 Triggers catched
[18:38:23] 1277 Paddocks catched
[18:38:23] 72 Mounts catched
[18:38:23] 3 Guild catched
[18:38:23] 2 GuildMembers catched
[18:38:23] 11 GatheringJob LevelInfos catched
[18:38:24] 233 InteractiveSkills LevelInfos catched
[18:38:24] 2210 Monster Templates catched
[18:38:24] 11688 Monster Grades catched
[18:38:24] 8021 Monster Drops catched
[18:38:24] 128 Handlers Readed
[18:38:25] 175 Messages Readed
[18:38:25] WorldServer start in 4933 ms.
[18:40:17] MySQL Database Connected
[18:40:17] 16 Breeds catched
[18:40:17] 256 Heads catched
[18:40:17] 566 Effects catched
[18:40:18] 4 SuperAreas catched
[18:40:18] 48 Areas catched
[18:40:19] 334 SubAreas catched
[18:40:19] 11267 DofusMaps catched
[18:40:19] 9761 StatedElements catched
[18:40:19] 13349 InteractiveElements catched
[18:40:19] 1485 HouseInformations catched
[18:40:19] 556 InteractiveDoors catched
[18:40:20] 3530 MapPositions uncatched
[18:40:20] 14681 MapPositions catched
[18:40:20] 42 MapZaaps catched
[18:40:20] 79 MapSubways catched
[18:40:20] 15612 SpellLevels catched 
[18:40:20] 4972 Spells catched 
[18:40:20] 4 SpellBombs catched 
[18:40:20] 316 GuildEmblems catched 
[18:40:20] 1179 LearnableSpells catched 
[18:40:20] 10063 ItemTemplates catched 
[18:40:20] 4355 Weapons catched 
[18:40:20] 366 ItemSets catched 
[18:40:20] 171 ItemTypes catched 
[18:40:20] 114 ItemPets catched 
[18:40:20] 2476 NpcTemplates catched 
[18:40:20] 787 NpcSpawns catched 
[18:40:20] 94 NpcItems catched 
[18:40:21] 19801 NpcMessages catched 
[18:40:21] 7 NpcReplies catched 
[18:40:21] 353 Triggers catched
[18:40:21] 1277 Paddocks catched
[18:40:21] 72 Mounts catched
[18:40:21] 3 Guild catched
[18:40:21] 2 GuildMembers catched
[18:40:21] 11 GatheringJob LevelInfos catched
[18:40:21] 233 InteractiveSkills LevelInfos catched
[18:40:21] 2210 Monster Templates catched
[18:40:21] 11688 Monster Grades catched
[18:40:21] 8021 Monster Drops catched
[18:40:22] 128 Handlers Readed
[18:40:22] 175 Messages Readed
[18:40:22] WorldServer start in 5401 ms.
[18:41:13] MySQL Database Connected
[18:41:13] 16 Breeds catched
[18:41:13] 256 Heads catched
[18:41:13] 566 Effects catched
[18:41:14] 4 SuperAreas catched
[18:41:14] 48 Areas catched
[18:41:23] MySQL Database Connected
[18:41:23] 16 Breeds catched
[18:41:23] 256 Heads catched
[18:41:23] 566 Effects catched
[18:41:24] 4 SuperAreas catched
[18:41:24] 48 Areas catched
[18:41:25] 334 SubAreas catched
[18:41:25] 11267 DofusMaps catched
[18:41:25] 9761 StatedElements catched
[18:41:25] 13349 InteractiveElements catched
[18:41:25] 1485 HouseInformations catched
[18:41:25] 556 InteractiveDoors catched
[18:41:25] 3530 MapPositions uncatched
[18:41:25] 14681 MapPositions catched
[18:41:25] 42 MapZaaps catched
[18:41:25] 79 MapSubways catched
[18:41:26] 15612 SpellLevels catched 
[18:41:26] 4972 Spells catched 
[18:41:26] 4 SpellBombs catched 
[18:41:26] 316 GuildEmblems catched 
[18:41:26] 1179 LearnableSpells catched 
[18:41:26] 10063 ItemTemplates catched 
[18:41:26] 4355 Weapons catched 
[18:41:26] 366 ItemSets catched 
[18:41:26] 171 ItemTypes catched 
[18:41:26] 114 ItemPets catched 
[18:41:26] 2476 NpcTemplates catched 
[18:41:26] 787 NpcSpawns catched 
[18:41:26] 94 NpcItems catched 
[18:41:26] 19801 NpcMessages catched 
[18:41:26] 7 NpcReplies catched 
[18:41:26] 353 Triggers catched
[18:41:26] 1277 Paddocks catched
[18:41:26] 72 Mounts catched
[18:41:26] 3 Guild catched
[18:41:26] 2 GuildMembers catched
[18:41:26] 11 GatheringJob LevelInfos catched
[18:41:27] 233 InteractiveSkills LevelInfos catched
[18:41:27] 2210 Monster Templates catched
[18:41:27] 11688 Monster Grades catched
[18:41:27] 8021 Monster Drops catched
[18:41:27] 128 Handlers Readed
[18:41:28] 175 Messages Readed
[18:41:28] WorldServer start in 5154 ms.
[18:42:55] MySQL Database Connected
[18:42:55] 16 Breeds catched
[18:42:55] 256 Heads catched
[18:42:55] 566 Effects catched
[18:42:56] 4 SuperAreas catched
[18:42:56] 48 Areas catched
[18:42:57] 334 SubAreas catched
[18:42:57] 11267 DofusMaps catched
[18:42:57] 9761 StatedElements catched
[18:42:57] 13349 InteractiveElements catched
[18:42:57] 1485 HouseInformations catched
[18:42:57] 556 InteractiveDoors catched
[18:42:57] 3530 MapPositions uncatched
[18:42:57] 14681 MapPositions catched
[18:42:57] 42 MapZaaps catched
[18:42:57] 79 MapSubways catched
[18:42:58] 15612 SpellLevels catched 
[18:42:58] 4972 Spells catched 
[18:42:58] 4 SpellBombs catched 
[18:42:58] 316 GuildEmblems catched 
[18:42:58] 1179 LearnableSpells catched 
[18:42:58] 10063 ItemTemplates catched 
[18:42:58] 4355 Weapons catched 
[18:42:58] 366 ItemSets catched 
[18:42:58] 171 ItemTypes catched 
[18:42:58] 114 ItemPets catched 
[18:42:58] 2476 NpcTemplates catched 
[18:42:58] 787 NpcSpawns catched 
[18:42:58] 94 NpcItems catched 
[18:42:58] 19801 NpcMessages catched 
[18:42:58] 7 NpcReplies catched 
[18:42:58] 353 Triggers catched
[18:42:58] 1277 Paddocks catched
[18:42:58] 72 Mounts catched
[18:42:58] 3 Guild catched
[18:42:58] 2 GuildMembers catched
[18:42:58] 11 GatheringJob LevelInfos catched
[18:42:58] 233 InteractiveSkills LevelInfos catched
[18:42:59] 2210 Monster Templates catched
[18:42:59] 11688 Monster Grades catched
[18:42:59] 8021 Monster Drops catched
[18:42:59] 128 Handlers Readed
[18:43:00] 175 Messages Readed
[18:43:00] WorldServer start in 5069 ms.
[18:44:10] MySQL Database Connected
[18:44:10] 16 Breeds catched
[18:44:10] 256 Heads catched
[18:44:10] 566 Effects catched
[18:44:11] 4 SuperAreas catched
[18:44:11] 48 Areas catched
[18:44:12] 334 SubAreas catched
[18:44:12] 11267 DofusMaps catched
[18:44:12] 9761 StatedElements catched
[18:44:13] 13349 InteractiveElements catched
[18:44:13] 1485 HouseInformations catched
[18:44:13] 556 InteractiveDoors catched
[18:44:13] 3530 MapPositions uncatched
[18:44:13] 14681 MapPositions catched
[18:44:13] 42 MapZaaps catched
[18:44:13] 79 MapSubways catched
[18:44:13] 15612 SpellLevels catched 
[18:44:13] 4972 Spells catched 
[18:44:13] 4 SpellBombs catched 
[18:44:13] 316 GuildEmblems catched 
[18:44:13] 1179 LearnableSpells catched 
[18:44:13] 10063 ItemTemplates catched 
[18:44:13] 4355 Weapons catched 
[18:44:13] 366 ItemSets catched 
[18:44:13] 171 ItemTypes catched 
[18:44:13] 114 ItemPets catched 
[18:44:13] 2476 NpcTemplates catched 
[18:44:13] 787 NpcSpawns catched 
[18:44:13] 94 NpcItems catched 
[18:44:14] 19801 NpcMessages catched 
[18:44:14] 7 NpcReplies catched 
[18:44:14] 353 Triggers catched
[18:44:14] 1277 Paddocks catched
[18:44:14] 72 Mounts catched
[18:44:14] 3 Guild catched
[18:44:14] 2 GuildMembers catched
[18:44:14] 11 GatheringJob LevelInfos catched
[18:44:14] 233 InteractiveSkills LevelInfos catched
[18:44:14] 2210 Monster Templates catched
[18:44:14] 11688 Monster Grades catched
[18:44:14] 8021 Monster Drops catched
[18:44:14] 128 Handlers Readed
[18:44:15] 175 Messages Readed
[18:44:15] WorldServer start in 5275 ms.
[18:45:29] MySQL Database Connected
[18:45:29] 16 Breeds catched
[18:45:29] 256 Heads catched
[18:45:29] 566 Effects catched
[18:45:30] 4 SuperAreas catched
[18:45:30] 48 Areas catched
[18:45:31] 334 SubAreas catched
[18:45:31] 11267 DofusMaps catched
[18:45:31] 9761 StatedElements catched
[18:45:32] 13349 InteractiveElements catched
[18:45:32] 1485 HouseInformations catched
[18:45:32] 556 InteractiveDoors catched
[18:45:32] 3530 MapPositions uncatched
[18:45:32] 14681 MapPositions catched
[18:45:32] 42 MapZaaps catched
[18:45:32] 79 MapSubways catched
[18:45:32] 15612 SpellLevels catched 
[18:45:32] 4972 Spells catched 
[18:45:32] 4 SpellBombs catched 
[18:45:32] 316 GuildEmblems catched 
[18:45:32] 1179 LearnableSpells catched 
[18:45:32] 10063 ItemTemplates catched 
[18:45:32] 4355 Weapons catched 
[18:45:32] 366 ItemSets catched 
[18:45:32] 171 ItemTypes catched 
[18:45:32] 114 ItemPets catched 
[18:45:33] 2476 NpcTemplates catched 
[18:45:33] 787 NpcSpawns catched 
[18:45:33] 94 NpcItems catched 
[18:45:33] 19801 NpcMessages catched 
[18:45:33] 7 NpcReplies catched 
[18:45:33] 353 Triggers catched
[18:45:33] 1277 Paddocks catched
[18:45:33] 72 Mounts catched
[18:45:33] 3 Guild catched
[18:45:33] 2 GuildMembers catched
[18:45:33] 11 GatheringJob LevelInfos catched
[18:45:33] 233 InteractiveSkills LevelInfos catched
[18:45:33] 2210 Monster Templates catched
[18:45:33] 11688 Monster Grades catched
[18:45:33] 8021 Monster Drops catched
[18:45:34] 128 Handlers Readed
[18:45:34] 175 Messages Readed
[18:45:34] WorldServer start in 5495 ms.
[18:47:49] MySQL Database Connected
[18:47:49] 16 Breeds catched
[18:47:49] 256 Heads catched
[18:47:49] 566 Effects catched
[18:47:49] 4 SuperAreas catched
[18:47:49] 48 Areas catched
[18:47:50] 334 SubAreas catched
[18:47:51] 11267 DofusMaps catched
[18:47:51] 9761 StatedElements catched
[18:47:51] 13349 InteractiveElements catched
[18:47:51] 1485 HouseInformations catched
[18:47:51] 556 InteractiveDoors catched
[18:47:51] 3530 MapPositions uncatched
[18:47:51] 14681 MapPositions catched
[18:47:51] 42 MapZaaps catched
[18:47:51] 79 MapSubways catched
[18:47:51] 15612 SpellLevels catched 
[18:47:51] 4972 Spells catched 
[18:47:51] 4 SpellBombs catched 
[18:47:51] 316 GuildEmblems catched 
[18:47:51] 1179 LearnableSpells catched 
[18:47:52] 10063 ItemTemplates catched 
[18:47:52] 4355 Weapons catched 
[18:47:52] 366 ItemSets catched 
[18:47:52] 171 ItemTypes catched 
[18:47:52] 114 ItemPets catched 
[18:47:52] 2476 NpcTemplates catched 
[18:47:52] 787 NpcSpawns catched 
[18:47:52] 94 NpcItems catched 
[18:47:52] 19801 NpcMessages catched 
[18:47:52] 7 NpcReplies catched 
[18:47:52] 353 Triggers catched
[18:47:52] 1277 Paddocks catched
[18:47:52] 72 Mounts catched
[18:47:52] 3 Guild catched
[18:47:52] 2 GuildMembers catched
[18:47:52] 11 GatheringJob LevelInfos catched
[18:47:52] 233 InteractiveSkills LevelInfos catched
[18:47:52] 2210 Monster Templates catched
[18:47:52] 11688 Monster Grades catched
[18:47:52] 8021 Monster Drops catched
[18:47:53] 128 Handlers Readed
[18:47:54] 175 Messages Readed
[18:47:54] WorldServer start in 5123 ms.
[18:58:51] MySQL Database Connected
[18:58:51] 16 Breeds catched
[18:58:51] 256 Heads catched
[18:58:51] 566 Effects catched
[18:58:51] 4 SuperAreas catched
[18:58:51] 48 Areas catched
[18:58:52] 334 SubAreas catched
[18:58:53] 11267 DofusMaps catched
[18:58:53] 9761 StatedElements catched
[18:58:53] 13349 InteractiveElements catched
[18:58:53] 1485 HouseInformations catched
[18:58:53] 556 InteractiveDoors catched
[18:58:53] 3530 MapPositions uncatched
[18:58:53] 14681 MapPositions catched
[18:58:53] 42 MapZaaps catched
[18:58:53] 79 MapSubways catched
[18:58:53] 15612 SpellLevels catched 
[18:58:53] 4972 Spells catched 
[18:58:53] 4 SpellBombs catched 
[18:58:53] 316 GuildEmblems catched 
[18:58:53] 1179 LearnableSpells catched 
[18:58:53] 10063 ItemTemplates catched 
[18:58:53] 4355 Weapons catched 
[18:58:53] 366 ItemSets catched 
[18:58:53] 171 ItemTypes catched 
[18:58:53] 114 ItemPets catched 
[18:58:54] 2476 NpcTemplates catched 
[18:58:54] 787 NpcSpawns catched 
[18:58:54] 94 NpcItems catched 
[18:58:54] 19801 NpcMessages catched 
[18:58:54] 7 NpcReplies catched 
[18:58:54] 353 Triggers catched
[18:58:54] 1277 Paddocks catched
[18:58:54] 72 Mounts catched
[18:58:54] 3 Guild catched
[18:58:54] 2 GuildMembers catched
[18:58:54] 11 GatheringJob LevelInfos catched
[18:58:54] 233 InteractiveSkills LevelInfos catched
[18:58:54] 2210 Monster Templates catched
[18:58:54] 11688 Monster Grades catched
[18:58:54] 8021 Monster Drops catched
[18:58:55] 128 Handlers Readed
[18:58:55] 175 Messages Readed
[18:58:55] WorldServer start in 5021 ms.
[19:01:09] MySQL Database Connected
[19:01:09] 16 Breeds catched
[19:01:09] 256 Heads catched
[19:01:09] 566 Effects catched
[19:01:09] 4 SuperAreas catched
[19:01:09] 48 Areas catched
[19:01:10] 334 SubAreas catched
[19:01:22] MySQL Database Connected
[19:01:22] 16 Breeds catched
[19:01:22] 256 Heads catched
[19:01:22] 566 Effects catched
[19:01:23] 4 SuperAreas catched
[19:01:23] 48 Areas catched
[19:01:24] 334 SubAreas catched
[19:01:24] 11267 DofusMaps catched
[19:01:24] 9761 StatedElements catched
[19:01:24] 13349 InteractiveElements catched
[19:01:24] 1485 HouseInformations catched
[19:01:24] 556 InteractiveDoors catched
[19:01:24] 3530 MapPositions uncatched
[19:01:24] 14681 MapPositions catched
[19:01:24] 42 MapZaaps catched
[19:01:24] 79 MapSubways catched
[19:01:25] 15612 SpellLevels catched 
[19:01:25] 4972 Spells catched 
[19:01:25] 4 SpellBombs catched 
[19:01:25] 316 GuildEmblems catched 
[19:01:25] 1179 LearnableSpells catched 
[19:01:25] 10063 ItemTemplates catched 
[19:01:25] 4355 Weapons catched 
[19:01:25] 366 ItemSets catched 
[19:01:25] 171 ItemTypes catched 
[19:01:25] 114 ItemPets catched 
[19:01:25] 2476 NpcTemplates catched 
[19:01:25] 787 NpcSpawns catched 
[19:01:25] 94 NpcItems catched 
[19:01:25] 19801 NpcMessages catched 
[19:01:25] 7 NpcReplies catched 
[19:01:25] 353 Triggers catched
[19:01:25] 1277 Paddocks catched
[19:01:25] 72 Mounts catched
[19:01:25] 3 Guild catched
[19:01:25] 2 GuildMembers catched
[19:01:25] 11 GatheringJob LevelInfos catched
[19:01:26] 233 InteractiveSkills LevelInfos catched
[19:01:26] 2210 Monster Templates catched
[19:01:26] 11688 Monster Grades catched
[19:01:26] 8021 Monster Drops catched
[19:01:26] 128 Handlers Readed
[19:01:27] 175 Messages Readed
[19:01:27] WorldServer start in 5173 ms.
[19:18:32] MySQL Database Connected
[19:18:32] 16 Breeds catched
[19:18:32] 256 Heads catched
[19:18:32] 566 Effects catched
[19:18:32] 4 SuperAreas catched
[19:18:32] 48 Areas catched
[19:18:33] 334 SubAreas catched
[19:18:34] 11267 DofusMaps catched
[19:18:34] 9761 StatedElements catched
[19:18:34] 13349 InteractiveElements catched
[19:18:34] 1485 HouseInformations catched
[19:18:34] 556 InteractiveDoors catched
[19:18:34] 3530 MapPositions uncatched
[19:18:34] 14681 MapPositions catched
[19:18:34] 42 MapZaaps catched
[19:18:34] 79 MapSubways catched
[19:18:34] 15612 SpellLevels catched 
[19:18:34] 4972 Spells catched 
[19:18:34] 4 SpellBombs catched 
[19:18:34] 316 GuildEmblems catched 
[19:18:34] 1179 LearnableSpells catched 
[19:18:35] 10063 ItemTemplates catched 
[19:18:35] 4355 Weapons catched 
[19:18:35] 366 ItemSets catched 
[19:18:35] 171 ItemTypes catched 
[19:18:35] 114 ItemPets catched 
[19:18:35] 2476 NpcTemplates catched 
[19:18:35] 787 NpcSpawns catched 
[19:18:35] 94 NpcItems catched 
[19:18:35] 19801 NpcMessages catched 
[19:18:35] 7 NpcReplies catched 
[19:18:35] 353 Triggers catched
[19:18:35] 1277 Paddocks catched
[19:18:35] 72 Mounts catched
[19:18:35] 3 Guild catched
[19:18:35] 2 GuildMembers catched
[19:18:35] 11 GatheringJob LevelInfos catched
[19:18:35] 233 InteractiveSkills LevelInfos catched
[19:18:35] 2210 Monster Templates catched
[19:18:35] 11688 Monster Grades catched
[19:18:35] 8021 Monster Drops catched
[19:18:36] 128 Handlers Readed
[19:18:37] 175 Messages Readed
[19:18:37] WorldServer start in 5171 ms.
[19:20:03] MySQL Database Connected
[19:20:03] 16 Breeds catched
[19:20:03] 256 Heads catched
[19:20:03] 566 Effects catched
[19:20:04] 4 SuperAreas catched
[19:20:04] 48 Areas catched
[19:20:05] 334 SubAreas catched
[19:20:05] 11267 DofusMaps catched
[19:20:05] 9761 StatedElements catched
[19:20:06] 13349 InteractiveElements catched
[19:20:06] 1485 HouseInformations catched
[19:20:06] 556 InteractiveDoors catched
[19:20:06] 3530 MapPositions uncatched
[19:20:06] 14681 MapPositions catched
[19:20:06] 42 MapZaaps catched
[19:20:06] 79 MapSubways catched
[19:20:06] 15612 SpellLevels catched 
[19:20:06] 4972 Spells catched 
[19:20:06] 4 SpellBombs catched 
[19:20:06] 316 GuildEmblems catched 
[19:20:06] 1179 LearnableSpells catched 
[19:20:06] 10063 ItemTemplates catched 
[19:20:06] 4355 Weapons catched 
[19:20:06] 366 ItemSets catched 
[19:20:06] 171 ItemTypes catched 
[19:20:06] 114 ItemPets catched 
[19:20:06] 2476 NpcTemplates catched 
[19:20:06] 787 NpcSpawns catched 
[19:20:06] 94 NpcItems catched 
[19:20:07] 19801 NpcMessages catched 
[19:20:07] 7 NpcReplies catched 
[19:20:07] 353 Triggers catched
[19:20:07] 1277 Paddocks catched
[19:20:07] 72 Mounts catched
[19:20:07] 3 Guild catched
[19:20:07] 2 GuildMembers catched
[19:20:07] 11 GatheringJob LevelInfos catched
[19:20:07] 233 InteractiveSkills LevelInfos catched
[19:20:07] 2210 Monster Templates catched
[19:20:07] 11688 Monster Grades catched
[19:20:07] 8021 Monster Drops catched
[19:20:08] 128 Handlers Readed
[19:20:08] 175 Messages Readed
[19:20:08] WorldServer start in 5347 ms.
[19:23:41] MySQL Database Connected
[19:23:41] 16 Breeds catched
[19:23:41] 256 Heads catched
[19:23:41] 566 Effects catched
[19:23:55] MySQL Database Connected
[19:23:55] 16 Breeds catched
[19:23:55] 256 Heads catched
[19:23:55] 566 Effects catched
[19:23:55] 4 SuperAreas catched
[19:23:55] 48 Areas catched
[19:23:56] 334 SubAreas catched
[19:23:57] 11267 DofusMaps catched
[19:23:57] 9761 StatedElements catched
[19:23:57] 13349 InteractiveElements catched
[19:23:57] 1485 HouseInformations catched
[19:23:57] 556 InteractiveDoors catched
[19:23:57] 3530 MapPositions uncatched
[19:23:57] 14681 MapPositions catched
[19:23:57] 42 MapZaaps catched
[19:23:57] 79 MapSubways catched
[19:23:57] 15612 SpellLevels catched 
[19:23:57] 4972 Spells catched 
[19:23:57] 4 SpellBombs catched 
[19:23:57] 316 GuildEmblems catched 
[19:23:57] 1179 LearnableSpells catched 
[19:23:57] 10063 ItemTemplates catched 
[19:23:57] 4355 Weapons catched 
[19:23:57] 366 ItemSets catched 
[19:23:57] 171 ItemTypes catched 
[19:23:57] 114 ItemPets catched 
[19:23:58] 2476 NpcTemplates catched 
[19:23:58] 787 NpcSpawns catched 
[19:23:58] 94 NpcItems catched 
[19:23:58] 19801 NpcMessages catched 
[19:23:58] 7 NpcReplies catched 
[19:23:58] 353 Triggers catched
[19:23:58] 1277 Paddocks catched
[19:23:58] 72 Mounts catched
[19:23:58] 3 Guild catched
[19:23:58] 2 GuildMembers catched
[19:23:58] 11 GatheringJob LevelInfos catched
[19:23:58] 233 InteractiveSkills LevelInfos catched
[19:23:58] 2210 Monster Templates catched
[19:23:58] 11688 Monster Grades catched
[19:23:58] 8021 Monster Drops catched
[19:23:59] 128 Handlers Readed
[19:23:59] 175 Messages Readed
[19:23:59] WorldServer start in 5191 ms.
[20:17:55] MySQL Database Connected
[20:17:55] 16 Breeds catched
[20:17:55] 256 Heads catched
[20:17:55] 566 Effects catched
[20:17:56] 4 SuperAreas catched
[20:17:56] 48 Areas catched
[20:17:57] 334 SubAreas catched
[20:17:57] 11267 DofusMaps catched
[20:17:57] 9761 StatedElements catched
[20:17:57] 13349 InteractiveElements catched
[20:17:57] 1485 HouseInformations catched
[20:17:57] 556 InteractiveDoors catched
[20:17:57] 3530 MapPositions uncatched
[20:17:57] 14681 MapPositions catched
[20:17:57] 42 MapZaaps catched
[20:17:57] 79 MapSubways catched
[20:17:58] 15612 SpellLevels catched 
[20:17:58] 4972 Spells catched 
[20:17:58] 4 SpellBombs catched 
[20:17:58] 316 GuildEmblems catched 
[20:17:58] 1179 LearnableSpells catched 
[20:17:58] 10063 ItemTemplates catched 
[20:17:58] 4355 Weapons catched 
[20:17:58] 366 ItemSets catched 
[20:17:58] 171 ItemTypes catched 
[20:17:58] 114 ItemPets catched 
[20:17:58] 2476 NpcTemplates catched 
[20:17:58] 787 NpcSpawns catched 
[20:17:58] 94 NpcItems catched 
[20:17:58] 19801 NpcMessages catched 
[20:17:58] 7 NpcReplies catched 
[20:17:58] 353 Triggers catched
[20:17:58] 1277 Paddocks catched
[20:17:58] 72 Mounts catched
[20:17:58] 3 Guild catched
[20:17:58] 2 GuildMembers catched
[20:17:58] 11 GatheringJob LevelInfos catched
[20:17:59] 233 InteractiveSkills LevelInfos catched
[20:17:59] 2210 Monster Templates catched
[20:17:59] 11688 Monster Grades catched
[20:17:59] 8021 Monster Drops catched
[20:17:59] 128 Handlers Readed
[20:18:00] 175 Messages Readed
[20:18:00] WorldServer start in 5210 ms.
[20:57:30] MySQL Database Connected
[20:57:30] 16 Breeds catched
[20:57:30] 256 Heads catched
[20:57:30] 566 Effects catched
[20:57:31] 4 SuperAreas catched
[20:57:31] 48 Areas catched
[20:57:32] 334 SubAreas catched
[20:57:32] 11267 DofusMaps catched
[20:57:32] 9761 StatedElements catched
[20:57:32] 13349 InteractiveElements catched
[20:57:32] 1485 HouseInformations catched
[20:57:32] 556 InteractiveDoors catched
[20:57:33] 3530 MapPositions uncatched
[20:57:33] 14681 MapPositions catched
[20:57:33] 42 MapZaaps catched
[20:57:33] 79 MapSubways catched
[20:57:33] 15612 SpellLevels catched 
[20:57:33] 4972 Spells catched 
[20:57:33] 4 SpellBombs catched 
[20:57:33] 316 GuildEmblems catched 
[20:57:33] 1179 LearnableSpells catched 
[20:57:33] 10063 ItemTemplates catched 
[20:57:33] 4355 Weapons catched 
[20:57:33] 366 ItemSets catched 
[20:57:33] 171 ItemTypes catched 
[20:57:33] 114 ItemPets catched 
[20:57:33] 2476 NpcTemplates catched 
[20:57:33] 787 NpcSpawns catched 
[20:57:33] 94 NpcItems catched 
[20:57:34] 19801 NpcMessages catched 
[20:57:34] 7 NpcReplies catched 
[20:57:34] 353 Triggers catched
[20:57:34] 1277 Paddocks catched
[20:57:34] 72 Mounts catched
[20:57:34] 3 Guild catched
[20:57:34] 2 GuildMembers catched
[20:57:34] 11 GatheringJob LevelInfos catched
[20:57:34] 233 InteractiveSkills LevelInfos catched
[20:57:34] 2210 Monster Templates catched
[20:57:34] 11688 Monster Grades catched
[20:57:34] 8021 Monster Drops catched
[20:57:35] 128 Handlers Readed
[20:57:35] 175 Messages Readed
[20:57:35] WorldServer start in 5454 ms.
[23:52:47] MySQL Database Connected
[23:52:47] 16 Breeds catched
[23:52:47] 256 Heads catched
[23:52:47] 566 Effects catched
[23:52:48] 4 SuperAreas catched
[23:52:48] 48 Areas catched
[23:52:49] 334 SubAreas catched
[23:52:49] 11267 DofusMaps catched
[23:52:49] 9761 StatedElements catched
[23:52:50] 13349 InteractiveElements catched
[23:52:50] 1485 HouseInformations catched
[23:52:50] 556 InteractiveDoors catched
[23:52:50] 3530 MapPositions uncatched
[23:52:50] 14681 MapPositions catched
[23:52:50] 42 MapZaaps catched
[23:52:50] 79 MapSubways catched
[23:52:50] 15612 SpellLevels catched 
[23:52:50] 4972 Spells catched 
[23:52:50] 4 SpellBombs catched 
[23:52:50] 316 GuildEmblems catched 
[23:52:50] 1179 LearnableSpells catched 
[23:52:51] 10063 ItemTemplates catched 
[23:52:51] 4355 Weapons catched 
[23:52:51] 366 ItemSets catched 
[23:52:51] 171 ItemTypes catched 
[23:52:51] 114 ItemPets catched 
[23:52:51] 2476 NpcTemplates catched 
[23:52:51] 787 NpcSpawns catched 
[23:52:51] 94 NpcItems catched 
[23:52:52] 19801 NpcMessages catched 
[23:52:52] 7 NpcReplies catched 
[23:52:52] 353 Triggers catched
[23:52:52] 1277 Paddocks catched
[23:52:52] 72 Mounts catched
[23:52:52] 3 Guild catched
[23:52:52] 2 GuildMembers catched
[23:52:52] 11 GatheringJob LevelInfos catched
[23:52:52] 233 InteractiveSkills LevelInfos catched
[23:52:52] 2210 Monster Templates catched
[23:52:52] 11688 Monster Grades catched
[23:52:52] 8021 Monster Drops catched
[23:52:53] 128 Handlers Readed
[23:52:53] 175 Messages Readed
[23:52:53] WorldServer start in 6759 ms.
