[11:01:25] MySQL Database Connected
[11:01:25] 16 Breeds catched
[11:01:25] 256 Heads catched
[11:01:25] 561 Effects catched
[11:01:26] 4 SuperAreas catched
[11:01:26] 48 Areas catched
[11:01:27] 334 SubAreas catched
[11:01:36] 11260 DofusMaps catched
[11:01:36] 9761 StatedElements catched
[11:01:36] 13349 InteractiveElements catched
[11:01:36] 1485 HouseInformations catched
[11:01:36] 556 InteractiveDoors catched
[11:01:36] 3614 MapPositions uncatched
[11:01:36] 14681 MapPositions catched
[11:01:36] 42 MapZaaps catched
[11:01:36] 79 MapSubways catched
[11:01:36] 15228 SpellLevels catched 
[11:01:36] 4772 Spells catched 
[11:01:36] 316 GuildEmblems catched 
[11:01:36] 1179 LearnableSpells catched 
[11:01:37] 9780 ItemTemplates catched 
[11:01:37] 4489 Weapons catched 
[11:01:37] 363 ItemSets catched 
[11:01:37] 171 ItemTypes catched 
[11:01:37] 110 ItemPets catched 
[11:01:38] 2476 NpcTemplates catched 
[11:01:38] 787 NpcSpawns catched 
[11:01:38] 94 NpcItems catched 
[11:01:38] 19801 NpcMessages catched 
[11:01:38] 7 NpcReplies catched 
[11:01:38] 353 Triggers catched
[11:01:38] 1277 Paddocks catched
[11:01:38] 72 Mounts catched
[11:01:38] 4 Guild catched
[11:01:38] 3 GuildMembers catched
[11:01:40] 120 Handlers Readed
[11:01:41] 164 Messages Readed
[11:01:41] WorldServer start in 16840 ms.
[11:05:47] MySQL Database Connected
[11:05:47] 16 Breeds catched
[11:05:47] 256 Heads catched
[11:05:47] 561 Effects catched
[11:05:48] 4 SuperAreas catched
[11:05:48] 48 Areas catched
[11:05:49] 334 SubAreas catched
[11:05:56] 11260 DofusMaps catched
[11:05:56] 9761 StatedElements catched
[11:05:56] 13349 InteractiveElements catched
[11:05:56] 1485 HouseInformations catched
[11:05:56] 556 InteractiveDoors catched
[11:05:56] 3614 MapPositions uncatched
[11:05:56] 14681 MapPositions catched
[11:05:56] 42 MapZaaps catched
[11:05:56] 79 MapSubways catched
[11:05:57] 15228 SpellLevels catched 
[11:05:57] 4772 Spells catched 
[11:05:57] 316 GuildEmblems catched 
[11:05:57] 1179 LearnableSpells catched 
[11:05:57] 9780 ItemTemplates catched 
[11:05:57] 4489 Weapons catched 
[11:05:57] 363 ItemSets catched 
[11:05:57] 171 ItemTypes catched 
[11:05:57] 110 ItemPets catched 
[11:05:58] 2476 NpcTemplates catched 
[11:05:58] 787 NpcSpawns catched 
[11:05:58] 94 NpcItems catched 
[11:05:58] 19801 NpcMessages catched 
[11:05:58] 7 NpcReplies catched 
[11:05:58] 353 Triggers catched
[11:05:58] 1277 Paddocks catched
[11:05:58] 72 Mounts catched
[11:05:58] 4 Guild catched
[11:05:58] 3 GuildMembers catched
[11:05:58] 120 Handlers Readed
[11:05:59] 164 Messages Readed
[11:05:59] WorldServer start in 12444 ms.
[11:09:23] MySQL Database Connected
[11:09:23] 16 Breeds catched
[11:09:23] 256 Heads catched
[11:09:23] 561 Effects catched
[11:09:24] 4 SuperAreas catched
[11:09:24] 48 Areas catched
[11:09:25] 334 SubAreas catched
[11:09:33] 11260 DofusMaps catched
[11:09:33] 9761 StatedElements catched
[11:09:33] 13349 InteractiveElements catched
[11:09:33] 1485 HouseInformations catched
[11:09:34] 556 InteractiveDoors catched
[11:09:34] 3614 MapPositions uncatched
[11:09:34] 14681 MapPositions catched
[11:09:34] 42 MapZaaps catched
[11:09:34] 79 MapSubways catched
[11:09:34] 15228 SpellLevels catched 
[11:09:34] 4772 Spells catched 
[11:09:34] 316 GuildEmblems catched 
[11:09:34] 1179 LearnableSpells catched 
[11:09:34] 9780 ItemTemplates catched 
[11:09:35] 4489 Weapons catched 
[11:09:35] 363 ItemSets catched 
[11:09:35] 171 ItemTypes catched 
[11:09:35] 110 ItemPets catched 
[11:09:35] 2476 NpcTemplates catched 
[11:09:35] 787 NpcSpawns catched 
[11:09:35] 94 NpcItems catched 
[11:09:35] 19801 NpcMessages catched 
[11:09:35] 7 NpcReplies catched 
[11:09:36] 353 Triggers catched
[11:09:36] 1277 Paddocks catched
[11:09:36] 72 Mounts catched
[11:09:36] 4 Guild catched
[11:09:36] 3 GuildMembers catched
[11:09:36] 120 Handlers Readed
[11:09:37] 164 Messages Readed
[11:09:37] WorldServer start in 13811 ms.
[11:17:54] MySQL Database Connected
[11:17:54] 16 Breeds catched
[11:17:54] 256 Heads catched
[11:17:54] 561 Effects catched
[11:17:54] 4 SuperAreas catched
[11:17:54] 48 Areas catched
[11:17:55] 334 SubAreas catched
[11:18:03] 11260 DofusMaps catched
[11:18:03] 9761 StatedElements catched
[11:18:03] 13349 InteractiveElements catched
[11:18:03] 1485 HouseInformations catched
[11:18:03] 556 InteractiveDoors catched
[11:18:03] 3614 MapPositions uncatched
[11:18:03] 14681 MapPositions catched
[11:18:03] 42 MapZaaps catched
[11:18:03] 79 MapSubways catched
[11:18:03] 15228 SpellLevels catched 
[11:18:03] 4772 Spells catched 
[11:18:03] 316 GuildEmblems catched 
[11:18:03] 1179 LearnableSpells catched 
[11:18:04] 9780 ItemTemplates catched 
[11:18:04] 4489 Weapons catched 
[11:18:04] 363 ItemSets catched 
[11:18:04] 171 ItemTypes catched 
[11:18:04] 110 ItemPets catched 
[11:18:04] 2476 NpcTemplates catched 
[11:18:04] 787 NpcSpawns catched 
[11:18:04] 94 NpcItems catched 
[11:18:04] 19801 NpcMessages catched 
[11:18:04] 7 NpcReplies catched 
[11:18:05] 353 Triggers catched
[11:18:05] 1277 Paddocks catched
[11:18:05] 72 Mounts catched
[11:18:05] 4 Guild catched
[11:18:05] 3 GuildMembers catched
[11:18:05] 120 Handlers Readed
[11:18:06] 164 Messages Readed
[11:18:06] WorldServer start in 12479 ms.
[11:19:41] MySQL Database Connected
[11:19:41] 16 Breeds catched
[11:19:41] 256 Heads catched
[11:19:41] 561 Effects catched
[11:19:41] 4 SuperAreas catched
[11:19:41] 48 Areas catched
[11:19:42] 334 SubAreas catched
[11:19:50] 11260 DofusMaps catched
[11:19:50] 9761 StatedElements catched
[11:19:50] 13349 InteractiveElements catched
[11:19:50] 1485 HouseInformations catched
[11:19:50] 556 InteractiveDoors catched
[11:19:50] 3614 MapPositions uncatched
[11:19:50] 14681 MapPositions catched
[11:19:50] 42 MapZaaps catched
[11:19:50] 79 MapSubways catched
[11:19:50] 15228 SpellLevels catched 
[11:19:51] 4772 Spells catched 
[11:19:51] 316 GuildEmblems catched 
[11:19:51] 1179 LearnableSpells catched 
[11:19:51] 9780 ItemTemplates catched 
[11:19:51] 4489 Weapons catched 
[11:19:51] 363 ItemSets catched 
[11:19:51] 171 ItemTypes catched 
[11:19:51] 110 ItemPets catched 
[11:19:51] 2476 NpcTemplates catched 
[11:19:51] 787 NpcSpawns catched 
[11:19:51] 94 NpcItems catched 
[11:19:52] 19801 NpcMessages catched 
[11:19:52] 7 NpcReplies catched 
[11:19:52] 353 Triggers catched
[11:19:52] 1277 Paddocks catched
[11:19:52] 72 Mounts catched
[11:19:52] 4 Guild catched
[11:19:52] 3 GuildMembers catched
[11:19:52] 120 Handlers Readed
[11:19:53] 164 Messages Readed
[11:19:53] WorldServer start in 12574 ms.
[11:29:20] MySQL Database Connected
[11:29:20] 16 Breeds catched
[11:29:20] 256 Heads catched
[11:29:20] 561 Effects catched
[11:29:21] 4 SuperAreas catched
[11:29:21] 48 Areas catched
[11:29:22] 334 SubAreas catched
[11:29:35] 11260 DofusMaps catched
[11:29:35] 9761 StatedElements catched
[11:29:35] 13349 InteractiveElements catched
[11:29:35] 1485 HouseInformations catched
[11:29:35] 556 InteractiveDoors catched
[11:29:36] 3614 MapPositions uncatched
[11:29:36] 14681 MapPositions catched
[11:29:36] 42 MapZaaps catched
[11:29:36] 79 MapSubways catched
[11:29:36] 15228 SpellLevels catched 
[11:29:36] 4772 Spells catched 
[11:29:36] 316 GuildEmblems catched 
[11:29:36] 1179 LearnableSpells catched 
[11:29:36] 9780 ItemTemplates catched 
[11:29:36] 4489 Weapons catched 
[11:29:36] 363 ItemSets catched 
[11:29:36] 171 ItemTypes catched 
[11:29:36] 110 ItemPets catched 
[11:29:37] 2476 NpcTemplates catched 
[11:29:37] 787 NpcSpawns catched 
[11:29:37] 94 NpcItems catched 
[11:29:37] 19801 NpcMessages catched 
[11:29:37] 7 NpcReplies catched 
[11:29:37] 353 Triggers catched
[11:29:37] 1277 Paddocks catched
[11:29:37] 72 Mounts catched
[11:29:37] 4 Guild catched
[11:29:37] 3 GuildMembers catched
[11:29:38] 120 Handlers Readed
[11:29:38] 164 Messages Readed
[11:29:38] WorldServer start in 18796 ms.
[11:32:26] MySQL Database Connected
[11:32:26] 16 Breeds catched
[11:32:26] 256 Heads catched
[11:32:26] 561 Effects catched
[11:32:27] 4 SuperAreas catched
[11:32:27] 48 Areas catched
[11:32:28] 334 SubAreas catched
[11:32:35] 11260 DofusMaps catched
[11:32:35] 9761 StatedElements catched
[11:32:36] 13349 InteractiveElements catched
[11:32:36] 1485 HouseInformations catched
[11:32:36] 556 InteractiveDoors catched
[11:32:36] 3614 MapPositions uncatched
[11:32:36] 14681 MapPositions catched
[11:32:36] 42 MapZaaps catched
[11:32:36] 79 MapSubways catched
[11:32:36] 15228 SpellLevels catched 
[11:32:36] 4772 Spells catched 
[11:32:36] 316 GuildEmblems catched 
[11:32:36] 1179 LearnableSpells catched 
[11:32:36] 9780 ItemTemplates catched 
[11:32:37] 4489 Weapons catched 
[11:32:37] 363 ItemSets catched 
[11:32:37] 171 ItemTypes catched 
[11:32:37] 110 ItemPets catched 
[11:32:37] 2476 NpcTemplates catched 
[11:32:37] 787 NpcSpawns catched 
[11:32:37] 94 NpcItems catched 
[11:32:37] 19801 NpcMessages catched 
[11:32:37] 7 NpcReplies catched 
[11:32:37] 353 Triggers catched
[11:32:38] 1277 Paddocks catched
[11:32:38] 72 Mounts catched
[11:32:38] 4 Guild catched
[11:32:38] 3 GuildMembers catched
[11:32:38] 120 Handlers Readed
[11:32:39] 164 Messages Readed
[11:32:39] WorldServer start in 12658 ms.
[11:40:37] MySQL Database Connected
[11:40:37] 16 Breeds catched
[11:40:37] 256 Heads catched
[11:40:37] 561 Effects catched
[11:40:38] 4 SuperAreas catched
[11:40:38] 48 Areas catched
[11:40:39] 334 SubAreas catched
[11:40:47] 11260 DofusMaps catched
[11:40:47] 9761 StatedElements catched
[11:40:47] 13349 InteractiveElements catched
[11:40:47] 1485 HouseInformations catched
[11:40:47] 556 InteractiveDoors catched
[11:40:47] 3614 MapPositions uncatched
[11:40:47] 14681 MapPositions catched
[11:40:47] 42 MapZaaps catched
[11:40:47] 79 MapSubways catched
[11:40:47] 15228 SpellLevels catched 
[11:40:47] 4772 Spells catched 
[11:40:47] 316 GuildEmblems catched 
[11:40:47] 1179 LearnableSpells catched 
[11:40:47] 9780 ItemTemplates catched 
[11:40:48] 4489 Weapons catched 
[11:40:48] 363 ItemSets catched 
[11:40:48] 171 ItemTypes catched 
[11:40:48] 110 ItemPets catched 
[11:40:48] 2476 NpcTemplates catched 
[11:40:48] 787 NpcSpawns catched 
[11:40:48] 94 NpcItems catched 
[11:40:48] 19801 NpcMessages catched 
[11:40:48] 7 NpcReplies catched 
[11:40:49] 353 Triggers catched
[11:40:49] 1277 Paddocks catched
[11:40:49] 72 Mounts catched
[11:40:49] 4 Guild catched
[11:40:49] 3 GuildMembers catched
[11:40:49] 120 Handlers Readed
[11:40:50] 164 Messages Readed
[11:40:50] WorldServer start in 12683 ms.
[11:43:18] MySQL Database Connected
[11:43:18] 16 Breeds catched
[11:43:18] 256 Heads catched
[11:43:18] 561 Effects catched
[11:43:19] 4 SuperAreas catched
[11:43:19] 48 Areas catched
[11:43:20] 334 SubAreas catched
[11:43:28] 11260 DofusMaps catched
[11:43:28] 9761 StatedElements catched
[11:43:28] 13349 InteractiveElements catched
[11:43:28] 1485 HouseInformations catched
[11:43:28] 556 InteractiveDoors catched
[11:43:29] 3614 MapPositions uncatched
[11:43:29] 14681 MapPositions catched
[11:43:29] 42 MapZaaps catched
[11:43:29] 79 MapSubways catched
[11:43:29] 15228 SpellLevels catched 
[11:43:29] 4772 Spells catched 
[11:43:29] 316 GuildEmblems catched 
[11:43:29] 1179 LearnableSpells catched 
[11:43:29] 9780 ItemTemplates catched 
[11:43:29] 4489 Weapons catched 
[11:43:29] 363 ItemSets catched 
[11:43:29] 171 ItemTypes catched 
[11:43:29] 110 ItemPets catched 
[11:43:30] 2476 NpcTemplates catched 
[11:43:30] 787 NpcSpawns catched 
[11:43:30] 94 NpcItems catched 
[11:43:30] 19801 NpcMessages catched 
[11:43:30] 7 NpcReplies catched 
[11:43:30] 353 Triggers catched
[11:43:30] 1277 Paddocks catched
[11:43:30] 72 Mounts catched
[11:43:30] 4 Guild catched
[11:43:30] 3 GuildMembers catched
[11:43:31] 120 Handlers Readed
[11:43:31] 164 Messages Readed
[11:43:31] WorldServer start in 13331 ms.
[11:44:56] MySQL Database Connected
[11:44:56] 16 Breeds catched
[11:44:56] 256 Heads catched
[11:44:56] 561 Effects catched
[11:44:56] 4 SuperAreas catched
[11:44:56] 48 Areas catched
[11:44:57] 334 SubAreas catched
[11:45:05] 11260 DofusMaps catched
[11:45:05] 9761 StatedElements catched
[11:45:05] 13349 InteractiveElements catched
[11:45:05] 1485 HouseInformations catched
[11:45:05] 556 InteractiveDoors catched
[11:45:05] 3614 MapPositions uncatched
[11:45:05] 14681 MapPositions catched
[11:45:05] 42 MapZaaps catched
[11:45:05] 79 MapSubways catched
[11:45:05] 15228 SpellLevels catched 
[11:45:05] 4772 Spells catched 
[11:45:05] 316 GuildEmblems catched 
[11:45:05] 1179 LearnableSpells catched 
[11:45:06] 9780 ItemTemplates catched 
[11:45:06] 4489 Weapons catched 
[11:45:06] 363 ItemSets catched 
[11:45:06] 171 ItemTypes catched 
[11:45:06] 110 ItemPets catched 
[11:45:06] 2476 NpcTemplates catched 
[11:45:06] 787 NpcSpawns catched 
[11:45:06] 94 NpcItems catched 
[11:45:06] 19801 NpcMessages catched 
[11:45:06] 7 NpcReplies catched 
[11:45:07] 353 Triggers catched
[11:45:07] 1277 Paddocks catched
[11:45:07] 72 Mounts catched
[11:45:07] 4 Guild catched
[11:45:07] 3 GuildMembers catched
[11:45:07] 120 Handlers Readed
[11:45:08] 164 Messages Readed
[11:45:08] WorldServer start in 12402 ms.
[11:57:01] MySQL Database Connected
[11:57:01] 16 Breeds catched
[11:57:01] 256 Heads catched
[11:57:01] 561 Effects catched
[11:57:02] 4 SuperAreas catched
[11:57:02] 48 Areas catched
[11:57:03] 334 SubAreas catched
[11:57:10] 11260 DofusMaps catched
[11:57:10] 9761 StatedElements catched
[11:57:10] 13349 InteractiveElements catched
[11:57:10] 1485 HouseInformations catched
[11:57:10] 556 InteractiveDoors catched
[11:57:10] 3614 MapPositions uncatched
[11:57:10] 14681 MapPositions catched
[11:57:10] 42 MapZaaps catched
[11:57:10] 79 MapSubways catched
[11:57:11] 15228 SpellLevels catched 
[11:57:11] 4772 Spells catched 
[11:57:11] 316 GuildEmblems catched 
[11:57:11] 1179 LearnableSpells catched 
[11:57:11] 9780 ItemTemplates catched 
[11:57:11] 4489 Weapons catched 
[11:57:11] 363 ItemSets catched 
[11:57:11] 171 ItemTypes catched 
[11:57:11] 110 ItemPets catched 
[11:57:12] 2476 NpcTemplates catched 
[11:57:12] 787 NpcSpawns catched 
[11:57:12] 94 NpcItems catched 
[11:57:12] 19801 NpcMessages catched 
[11:57:12] 7 NpcReplies catched 
[11:57:12] 353 Triggers catched
[11:57:12] 1277 Paddocks catched
[11:57:12] 72 Mounts catched
[11:57:12] 4 Guild catched
[11:57:12] 3 GuildMembers catched
[11:57:12] 120 Handlers Readed
[11:57:13] 164 Messages Readed
[11:57:13] WorldServer start in 12444 ms.
[12:02:09] MySQL Database Connected
[12:02:09] 16 Breeds catched
[12:02:09] 256 Heads catched
[12:02:09] 561 Effects catched
[12:02:10] 4 SuperAreas catched
[12:02:10] 48 Areas catched
[12:02:11] 334 SubAreas catched
[12:02:19] 11260 DofusMaps catched
[12:02:19] 9761 StatedElements catched
[12:02:19] 13349 InteractiveElements catched
[12:02:19] 1485 HouseInformations catched
[12:02:19] 556 InteractiveDoors catched
[12:02:19] 3614 MapPositions uncatched
[12:02:19] 14681 MapPositions catched
[12:02:19] 42 MapZaaps catched
[12:02:19] 79 MapSubways catched
[12:02:19] 15228 SpellLevels catched 
[12:02:19] 4772 Spells catched 
[12:02:19] 316 GuildEmblems catched 
[12:02:19] 1179 LearnableSpells catched 
[12:02:20] 9780 ItemTemplates catched 
[12:02:20] 4489 Weapons catched 
[12:02:20] 363 ItemSets catched 
[12:02:20] 171 ItemTypes catched 
[12:02:20] 110 ItemPets catched 
[12:02:20] 2476 NpcTemplates catched 
[12:02:20] 787 NpcSpawns catched 
[12:02:20] 94 NpcItems catched 
[12:02:20] 19801 NpcMessages catched 
[12:02:20] 7 NpcReplies catched 
[12:02:21] 353 Triggers catched
[12:02:21] 1277 Paddocks catched
[12:02:21] 72 Mounts catched
[12:02:21] 4 Guild catched
[12:02:21] 3 GuildMembers catched
[12:02:21] 120 Handlers Readed
[12:02:22] 164 Messages Readed
[12:02:22] WorldServer start in 12801 ms.
[12:03:58] MySQL Database Connected
[12:03:58] 16 Breeds catched
[12:03:58] 256 Heads catched
[12:03:58] 561 Effects catched
[12:03:58] 4 SuperAreas catched
[12:03:58] 48 Areas catched
[12:03:59] 334 SubAreas catched
[12:04:07] 11260 DofusMaps catched
[12:04:07] 9761 StatedElements catched
[12:04:07] 13349 InteractiveElements catched
[12:04:07] 1485 HouseInformations catched
[12:04:07] 556 InteractiveDoors catched
[12:04:07] 3614 MapPositions uncatched
[12:04:07] 14681 MapPositions catched
[12:04:07] 42 MapZaaps catched
[12:04:07] 79 MapSubways catched
[12:04:07] 15228 SpellLevels catched 
[12:04:07] 4772 Spells catched 
[12:04:07] 316 GuildEmblems catched 
[12:04:07] 1179 LearnableSpells catched 
[12:04:08] 9780 ItemTemplates catched 
[12:04:08] 4489 Weapons catched 
[12:04:08] 363 ItemSets catched 
[12:04:08] 171 ItemTypes catched 
[12:04:08] 110 ItemPets catched 
[12:04:08] 2476 NpcTemplates catched 
[12:04:08] 787 NpcSpawns catched 
[12:04:08] 94 NpcItems catched 
[12:04:08] 19801 NpcMessages catched 
[12:04:08] 7 NpcReplies catched 
[12:04:09] 353 Triggers catched
[12:04:09] 1277 Paddocks catched
[12:04:09] 72 Mounts catched
[12:04:09] 4 Guild catched
[12:04:09] 3 GuildMembers catched
[12:04:09] 120 Handlers Readed
[12:04:10] 164 Messages Readed
[12:04:10] WorldServer start in 12326 ms.
[12:05:17] MySQL Database Connected
[12:05:17] 16 Breeds catched
[12:05:17] 256 Heads catched
[12:05:17] 561 Effects catched
[12:05:18] 4 SuperAreas catched
[12:05:18] 48 Areas catched
[12:05:19] 334 SubAreas catched
[12:05:30] MySQL Database Connected
[12:05:30] 16 Breeds catched
[12:05:30] 256 Heads catched
[12:05:30] 561 Effects catched
[12:05:30] 4 SuperAreas catched
[12:05:30] 48 Areas catched
[12:05:32] 334 SubAreas catched
[12:05:40] 11260 DofusMaps catched
[12:05:40] 9761 StatedElements catched
[12:05:40] 13349 InteractiveElements catched
[12:05:40] 1485 HouseInformations catched
[12:05:40] 556 InteractiveDoors catched
[12:05:40] 3614 MapPositions uncatched
[12:05:40] 14681 MapPositions catched
[12:05:40] 42 MapZaaps catched
[12:05:40] 79 MapSubways catched
[12:05:40] 15228 SpellLevels catched 
[12:05:40] 4772 Spells catched 
[12:05:40] 316 GuildEmblems catched 
[12:05:40] 1179 LearnableSpells catched 
[12:05:41] 9780 ItemTemplates catched 
[12:05:41] 4489 Weapons catched 
[12:05:41] 363 ItemSets catched 
[12:05:41] 171 ItemTypes catched 
[12:05:41] 110 ItemPets catched 
[12:05:41] 2476 NpcTemplates catched 
[12:05:41] 787 NpcSpawns catched 
[12:05:41] 94 NpcItems catched 
[12:05:41] 19801 NpcMessages catched 
[12:05:41] 7 NpcReplies catched 
[12:05:42] 353 Triggers catched
[12:05:42] 1277 Paddocks catched
[12:05:42] 72 Mounts catched
[12:05:42] 4 Guild catched
[12:05:42] 3 GuildMembers catched
[12:05:42] 120 Handlers Readed
[12:05:43] 164 Messages Readed
[12:05:43] WorldServer start in 13196 ms.
[12:14:50] MySQL Database Connected
[12:14:50] 16 Breeds catched
[12:14:50] 256 Heads catched
[12:14:50] 561 Effects catched
[12:14:51] 4 SuperAreas catched
[12:14:51] 48 Areas catched
[12:14:52] 334 SubAreas catched
[12:15:00] 11260 DofusMaps catched
[12:15:00] 9761 StatedElements catched
[12:15:02] 13349 InteractiveElements catched
[12:15:03] 1485 HouseInformations catched
[12:15:03] 556 InteractiveDoors catched
[12:15:03] 3614 MapPositions uncatched
[12:15:03] 14681 MapPositions catched
[12:15:03] 42 MapZaaps catched
[12:15:03] 79 MapSubways catched
[12:15:03] 15228 SpellLevels catched 
[12:15:03] 4772 Spells catched 
[12:15:03] 316 GuildEmblems catched 
[12:15:03] 1179 LearnableSpells catched 
[12:15:03] 9780 ItemTemplates catched 
[12:15:03] 4489 Weapons catched 
[12:15:04] 363 ItemSets catched 
[12:15:04] 171 ItemTypes catched 
[12:15:04] 110 ItemPets catched 
[12:15:04] 2476 NpcTemplates catched 
[12:15:04] 787 NpcSpawns catched 
[12:15:04] 94 NpcItems catched 
[12:15:04] 19801 NpcMessages catched 
[12:15:04] 7 NpcReplies catched 
[12:15:04] 353 Triggers catched
[12:15:05] 1277 Paddocks catched
[12:15:05] 72 Mounts catched
[12:15:05] 4 Guild catched
[12:15:05] 3 GuildMembers catched
[12:15:05] 120 Handlers Readed
[12:15:06] 164 Messages Readed
[12:15:06] WorldServer start in 15673 ms.
[22:05:36] MySQL Database Connected
[22:05:36] 16 Breeds catched
[22:05:36] 256 Heads catched
[22:05:36] 561 Effects catched
[22:05:37] 4 SuperAreas catched
[22:05:37] 48 Areas catched
[22:05:38] 334 SubAreas catched
[22:05:46] 11260 DofusMaps catched
[22:05:46] 9761 StatedElements catched
[22:05:46] 13349 InteractiveElements catched
[22:05:46] 1485 HouseInformations catched
[22:05:46] 556 InteractiveDoors catched
[22:05:46] 3614 MapPositions uncatched
[22:05:46] 14681 MapPositions catched
[22:05:46] 42 MapZaaps catched
[22:05:46] 79 MapSubways catched
[22:05:46] 15228 SpellLevels catched 
[22:05:46] 4772 Spells catched 
[22:05:46] 316 GuildEmblems catched 
[22:05:46] 1179 LearnableSpells catched 
[22:05:47] 9780 ItemTemplates catched 
[22:05:47] 4489 Weapons catched 
[22:05:47] 363 ItemSets catched 
[22:05:47] 171 ItemTypes catched 
[22:05:47] 110 ItemPets catched 
[22:05:47] 2476 NpcTemplates catched 
[22:05:47] 787 NpcSpawns catched 
[22:05:47] 94 NpcItems catched 
[22:05:47] 19801 NpcMessages catched 
[22:05:47] 7 NpcReplies catched 
[22:05:48] 353 Triggers catched
[22:05:48] 1277 Paddocks catched
[22:05:48] 72 Mounts catched
[22:05:48] 4 Guild catched
[22:05:48] 3 GuildMembers catched
[22:05:48] 120 Handlers Readed
[22:05:49] 164 Messages Readed
[22:05:49] WorldServer start in 12687 ms.
