[14:23:34] MySQL Database Connected
[14:23:34] 16 Breeds catched
[14:23:34] 256 Heads catched
[14:23:42] 11260 DofusMaps catched
[14:23:42] 169 StatedElements catched
[14:23:42] 323 InteractiveElements catched
[14:23:43] 18 Handlers Readed
[14:23:44] 18 Messages Readed
[14:23:44] WorldServer start in 10876 ms.
[15:05:37] MySQL Database Connected
[15:05:38] 16 Breeds catched
[15:05:38] 256 Heads catched
[15:05:44] 11260 DofusMaps catched
[15:05:44] 169 StatedElements catched
[15:05:44] 323 InteractiveElements catched
[15:05:45] 18 Handlers Readed
[15:05:45] 18 Messages Readed
[15:05:45] WorldServer start in 7780 ms.
[15:11:12] MySQL Database Connected
[15:11:13] 16 Breeds catched
[15:11:13] 256 Heads catched
[15:11:20] 11260 DofusMaps catched
[15:11:20] 169 StatedElements catched
[15:11:20] 323 InteractiveElements catched
[15:11:21] 18 Handlers Readed
[15:11:21] 18 Messages Readed
[15:11:21] WorldServer start in 8580 ms.
[15:12:21] MySQL Database Connected
[15:12:21] 16 Breeds catched
[15:12:21] 256 Heads catched
[15:12:29] 11260 DofusMaps catched
[15:12:29] 169 StatedElements catched
[15:12:29] 323 InteractiveElements catched
[15:12:29] 18 Handlers Readed
[15:12:29] 18 Messages Readed
[15:12:30] WorldServer start in 8818 ms.
[15:13:58] MySQL Database Connected
[15:13:58] 16 Breeds catched
[15:13:58] 256 Heads catched
[15:14:06] 11260 DofusMaps catched
[15:14:06] 169 StatedElements catched
[15:14:06] 323 InteractiveElements catched
[15:14:06] 18 Handlers Readed
[15:14:06] 18 Messages Readed
[15:14:06] WorldServer start in 8527 ms.
[15:24:27] MySQL Database Connected
[15:24:27] 16 Breeds catched
[15:24:27] 256 Heads catched
[15:24:35] 11260 DofusMaps catched
[15:24:35] 169 StatedElements catched
[15:24:35] 323 InteractiveElements catched
[15:24:35] 18 Handlers Readed
[15:24:35] 18 Messages Readed
[15:24:35] WorldServer start in 8319 ms.
[15:24:51] MySQL Database Connected
[15:24:51] 16 Breeds catched
[15:24:51] 256 Heads catched
[15:24:59] 11260 DofusMaps catched
[15:24:59] 169 StatedElements catched
[15:24:59] 323 InteractiveElements catched
[15:24:59] 18 Handlers Readed
[15:24:59] 18 Messages Readed
[15:25:00] WorldServer start in 8767 ms.
[15:49:41] MySQL Database Connected
[15:49:41] 16 Breeds catched
[15:49:41] 256 Heads catched
[15:49:52] 11260 DofusMaps catched
[15:49:52] 169 StatedElements catched
[15:49:52] 323 InteractiveElements catched
[15:49:53] 18 Handlers Readed
[15:49:53] 18 Messages Readed
[15:49:53] WorldServer start in 12407 ms.
[16:29:04] MySQL Database Connected
[16:29:04] 16 Breeds catched
[16:29:04] 256 Heads catched
[16:29:12] 11260 DofusMaps catched
[16:29:12] 169 StatedElements catched
[16:29:12] 323 InteractiveElements catched
[16:29:12] 18 Handlers Readed
[16:29:12] 18 Messages Readed
[16:29:12] WorldServer start in 8638 ms.
[16:30:24] MySQL Database Connected
[16:30:24] 16 Breeds catched
[16:30:24] 256 Heads catched
[16:30:32] 11260 DofusMaps catched
[16:30:32] 169 StatedElements catched
[16:30:32] 323 InteractiveElements catched
[16:30:32] 18 Handlers Readed
[16:30:32] 18 Messages Readed
[16:30:32] WorldServer start in 8910 ms.
