[00:27:06] MySQL Database Connected
[00:27:06] 16 Breeds catched
[00:27:06] 256 Heads catched
[00:27:06] 561 Effects catched
[00:27:06] 4 SuperAreas catched
[00:27:06] 48 Areas catched
[00:27:07] 334 SubAreas catched
[00:27:14] 11260 DofusMaps catched
[00:27:14] 9761 StatedElements catched
[00:27:15] 13349 InteractiveElements catched
[00:27:15] 1485 HouseInformations catched
[00:27:15] 556 InteractiveDoors catched
[00:27:15] 3614 MapPositions uncatched
[00:27:15] 14681 MapPositions catched
[00:27:15] 42 MapZaaps catched
[00:27:15] 79 MapSubways catched
[00:27:15] 15228 SpellLevels catched 
[00:27:15] 4772 Spells catched 
[00:27:15] 316 GuildEmblems catched 
[00:27:15] 1179 LearnableSpells catched 
[00:27:15] 9780 ItemTemplates catched 
[00:27:15] 4489 Weapons catched 
[00:27:15] 363 ItemSets catched 
[00:27:15] 171 ItemTypes catched 
[00:27:16] 110 ItemPets catched 
[00:27:16] 2476 NpcTemplates catched 
[00:27:16] 787 NpcSpawns catched 
[00:27:16] 94 NpcItems catched 
[00:27:16] 19801 NpcMessages catched 
[00:27:16] 7 NpcReplies catched 
[00:27:16] 353 Triggers catched
[00:27:16] 1277 Paddocks catched
[00:27:16] 72 Mounts catched
[00:27:16] 4 Guild catched
[00:27:16] 3 GuildMembers catched
[00:27:17] 122 Handlers Readed
[00:27:17] 166 Messages Readed
[00:27:18] WorldServer start in 12074 ms.
[00:30:10] MySQL Database Connected
[00:30:10] 16 Breeds catched
[00:30:10] 256 Heads catched
[00:30:10] 561 Effects catched
[00:30:11] 4 SuperAreas catched
[00:30:11] 48 Areas catched
[00:30:12] 334 SubAreas catched
[00:30:20] 11260 DofusMaps catched
[00:30:20] 9761 StatedElements catched
[00:30:20] 13349 InteractiveElements catched
[00:30:20] 1485 HouseInformations catched
[00:30:20] 556 InteractiveDoors catched
[00:30:20] 3614 MapPositions uncatched
[00:30:20] 14681 MapPositions catched
[00:30:20] 42 MapZaaps catched
[00:30:20] 79 MapSubways catched
[00:30:20] 15228 SpellLevels catched 
[00:30:20] 4772 Spells catched 
[00:30:20] 316 GuildEmblems catched 
[00:30:20] 1179 LearnableSpells catched 
[00:30:21] 9780 ItemTemplates catched 
[00:30:21] 4489 Weapons catched 
[00:30:21] 363 ItemSets catched 
[00:30:21] 171 ItemTypes catched 
[00:30:21] 110 ItemPets catched 
[00:30:22] 2476 NpcTemplates catched 
[00:30:22] 787 NpcSpawns catched 
[00:30:22] 94 NpcItems catched 
[00:30:22] 19801 NpcMessages catched 
[00:30:22] 7 NpcReplies catched 
[00:30:22] 353 Triggers catched
[00:30:22] 1277 Paddocks catched
[00:30:22] 72 Mounts catched
[00:30:22] 4 Guild catched
[00:30:22] 3 GuildMembers catched
[00:30:23] 122 Handlers Readed
[00:30:23] 166 Messages Readed
[00:30:23] WorldServer start in 13301 ms.
[01:01:45] MySQL Database Connected
[01:01:45] 16 Breeds catched
[01:01:45] 256 Heads catched
[01:01:45] 561 Effects catched
[01:01:46] 4 SuperAreas catched
[01:01:46] 48 Areas catched
[01:01:47] 334 SubAreas catched
[01:01:54] 11260 DofusMaps catched
[01:01:54] 9761 StatedElements catched
[01:01:54] 13349 InteractiveElements catched
[01:01:55] 1485 HouseInformations catched
[01:01:55] 556 InteractiveDoors catched
[01:01:55] 3614 MapPositions uncatched
[01:01:55] 14681 MapPositions catched
[01:01:55] 42 MapZaaps catched
[01:01:55] 79 MapSubways catched
[01:01:55] 15228 SpellLevels catched 
[01:01:55] 4772 Spells catched 
[01:01:55] 316 GuildEmblems catched 
[01:01:55] 1179 LearnableSpells catched 
[01:01:55] 9780 ItemTemplates catched 
[01:01:55] 4489 Weapons catched 
[01:01:55] 363 ItemSets catched 
[01:01:55] 171 ItemTypes catched 
[01:01:55] 110 ItemPets catched 
[01:01:56] 2476 NpcTemplates catched 
[01:01:56] 787 NpcSpawns catched 
[01:01:56] 94 NpcItems catched 
[01:01:56] 19801 NpcMessages catched 
[01:01:56] 7 NpcReplies catched 
[01:01:56] 353 Triggers catched
[01:01:56] 1277 Paddocks catched
[01:01:56] 72 Mounts catched
[01:01:56] 4 Guild catched
[01:01:56] 3 GuildMembers catched
[01:01:57] 122 Handlers Readed
[01:01:57] 166 Messages Readed
[01:01:57] WorldServer start in 12617 ms.
[01:12:46] MySQL Database Connected
[01:12:46] 16 Breeds catched
[01:12:46] 256 Heads catched
[01:12:46] 561 Effects catched
[01:12:46] 4 SuperAreas catched
[01:12:46] 48 Areas catched
[01:12:47] 334 SubAreas catched
[01:12:54] 11260 DofusMaps catched
[01:12:54] 9761 StatedElements catched
[01:12:55] 13349 InteractiveElements catched
[01:12:55] 1485 HouseInformations catched
[01:12:55] 556 InteractiveDoors catched
[01:12:55] 3614 MapPositions uncatched
[01:12:55] 14681 MapPositions catched
[01:12:55] 42 MapZaaps catched
[01:12:55] 79 MapSubways catched
[01:12:55] 15228 SpellLevels catched 
[01:12:55] 4772 Spells catched 
[01:12:55] 316 GuildEmblems catched 
[01:12:55] 1179 LearnableSpells catched 
[01:12:55] 9780 ItemTemplates catched 
[01:12:55] 4489 Weapons catched 
[01:12:56] 363 ItemSets catched 
[01:12:56] 171 ItemTypes catched 
[01:12:56] 110 ItemPets catched 
[01:12:56] 2476 NpcTemplates catched 
[01:12:56] 787 NpcSpawns catched 
[01:12:56] 94 NpcItems catched 
[01:12:56] 19801 NpcMessages catched 
[01:12:56] 7 NpcReplies catched 
[01:12:56] 353 Triggers catched
[01:12:56] 1277 Paddocks catched
[01:12:56] 72 Mounts catched
[01:12:57] 4 Guild catched
[01:12:57] 3 GuildMembers catched
[01:12:57] 122 Handlers Readed
[01:12:57] 166 Messages Readed
[01:12:58] WorldServer start in 12147 ms.
[01:15:50] MySQL Database Connected
[01:15:50] 16 Breeds catched
[01:15:50] 256 Heads catched
[01:15:50] 561 Effects catched
[01:15:51] 4 SuperAreas catched
[01:15:51] 48 Areas catched
[01:15:52] 334 SubAreas catched
[01:15:59] 11260 DofusMaps catched
[01:15:59] 9761 StatedElements catched
[01:15:59] 13349 InteractiveElements catched
[01:15:59] 1485 HouseInformations catched
[01:15:59] 556 InteractiveDoors catched
[01:16:00] 3614 MapPositions uncatched
[01:16:00] 14681 MapPositions catched
[01:16:00] 42 MapZaaps catched
[01:16:00] 79 MapSubways catched
[01:16:00] 15228 SpellLevels catched 
[01:16:00] 4772 Spells catched 
[01:16:00] 316 GuildEmblems catched 
[01:16:00] 1179 LearnableSpells catched 
[01:16:00] 9780 ItemTemplates catched 
[01:16:00] 4489 Weapons catched 
[01:16:00] 363 ItemSets catched 
[01:16:00] 171 ItemTypes catched 
[01:16:00] 110 ItemPets catched 
[01:16:01] 2476 NpcTemplates catched 
[01:16:01] 787 NpcSpawns catched 
[01:16:01] 94 NpcItems catched 
[01:16:01] 19801 NpcMessages catched 
[01:16:01] 7 NpcReplies catched 
[01:16:01] 353 Triggers catched
[01:16:01] 1277 Paddocks catched
[01:16:01] 72 Mounts catched
[01:16:01] 4 Guild catched
[01:16:01] 3 GuildMembers catched
[01:16:02] 122 Handlers Readed
[01:16:02] 166 Messages Readed
[01:16:02] WorldServer start in 12284 ms.
[01:18:58] MySQL Database Connected
[01:18:58] 16 Breeds catched
[01:18:58] 256 Heads catched
[01:18:58] 561 Effects catched
[01:18:59] 4 SuperAreas catched
[01:18:59] 48 Areas catched
[01:19:00] 334 SubAreas catched
[01:19:07] 11260 DofusMaps catched
[01:19:07] 9761 StatedElements catched
[01:19:07] 13349 InteractiveElements catched
[01:19:07] 1485 HouseInformations catched
[01:19:07] 556 InteractiveDoors catched
[01:19:07] 3614 MapPositions uncatched
[01:19:07] 14681 MapPositions catched
[01:19:07] 42 MapZaaps catched
[01:19:07] 79 MapSubways catched
[01:19:08] 15228 SpellLevels catched 
[01:19:08] 4772 Spells catched 
[01:19:08] 316 GuildEmblems catched 
[01:19:08] 1179 LearnableSpells catched 
[01:19:08] 9780 ItemTemplates catched 
[01:19:08] 4489 Weapons catched 
[01:19:08] 363 ItemSets catched 
[01:19:08] 171 ItemTypes catched 
[01:19:08] 110 ItemPets catched 
[01:19:09] 2476 NpcTemplates catched 
[01:19:09] 787 NpcSpawns catched 
[01:19:09] 94 NpcItems catched 
[01:19:09] 19801 NpcMessages catched 
[01:19:09] 7 NpcReplies catched 
[01:19:09] 353 Triggers catched
[01:19:09] 1277 Paddocks catched
[01:19:09] 72 Mounts catched
[01:19:09] 4 Guild catched
[01:19:09] 3 GuildMembers catched
[01:19:09] 122 Handlers Readed
[01:19:10] 166 Messages Readed
[01:19:10] WorldServer start in 12200 ms.
[01:20:08] MySQL Database Connected
[01:20:08] 16 Breeds catched
[01:20:08] 256 Heads catched
[01:20:08] 561 Effects catched
[01:20:09] 4 SuperAreas catched
[01:20:09] 48 Areas catched
[01:20:10] 334 SubAreas catched
[01:20:18] 11260 DofusMaps catched
[01:20:18] 9761 StatedElements catched
[01:20:18] 13349 InteractiveElements catched
[01:20:18] 1485 HouseInformations catched
[01:20:18] 556 InteractiveDoors catched
[01:20:18] 3614 MapPositions uncatched
[01:20:18] 14681 MapPositions catched
[01:20:18] 42 MapZaaps catched
[01:20:18] 79 MapSubways catched
[01:20:18] 15228 SpellLevels catched 
[01:20:18] 4772 Spells catched 
[01:20:18] 316 GuildEmblems catched 
[01:20:18] 1179 LearnableSpells catched 
[01:20:19] 9780 ItemTemplates catched 
[01:20:19] 4489 Weapons catched 
[01:20:19] 363 ItemSets catched 
[01:20:19] 171 ItemTypes catched 
[01:20:19] 110 ItemPets catched 
[01:20:19] 2476 NpcTemplates catched 
[01:20:19] 787 NpcSpawns catched 
[01:20:19] 94 NpcItems catched 
[01:20:19] 19801 NpcMessages catched 
[01:20:19] 7 NpcReplies catched 
[01:20:20] 353 Triggers catched
[01:20:20] 1277 Paddocks catched
[01:20:20] 72 Mounts catched
[01:20:20] 4 Guild catched
[01:20:20] 3 GuildMembers catched
[01:20:20] 122 Handlers Readed
[01:20:21] 166 Messages Readed
[01:20:21] WorldServer start in 12729 ms.
[01:55:15] MySQL Database Connected
[01:55:15] 16 Breeds catched
[01:55:15] 256 Heads catched
[01:55:15] 561 Effects catched
[01:55:16] 4 SuperAreas catched
[01:55:16] 48 Areas catched
[01:55:17] 334 SubAreas catched
[01:55:24] 11260 DofusMaps catched
[01:55:24] 9761 StatedElements catched
[01:55:25] 13349 InteractiveElements catched
[01:55:25] 1485 HouseInformations catched
[01:55:25] 556 InteractiveDoors catched
[01:55:25] 3614 MapPositions uncatched
[01:55:25] 14681 MapPositions catched
[01:55:25] 42 MapZaaps catched
[01:55:25] 79 MapSubways catched
[01:55:25] 15228 SpellLevels catched 
[01:55:25] 4772 Spells catched 
[01:55:25] 316 GuildEmblems catched 
[01:55:25] 1179 LearnableSpells catched 
[01:55:25] 9780 ItemTemplates catched 
[01:55:26] 4489 Weapons catched 
[01:55:26] 363 ItemSets catched 
[01:55:26] 171 ItemTypes catched 
[01:55:26] 110 ItemPets catched 
[01:55:26] 2476 NpcTemplates catched 
[01:55:26] 787 NpcSpawns catched 
[01:55:26] 94 NpcItems catched 
[01:55:26] 19801 NpcMessages catched 
[01:55:26] 7 NpcReplies catched 
[01:55:26] 353 Triggers catched
[01:55:26] 1277 Paddocks catched
[01:55:26] 72 Mounts catched
[01:55:26] 4 Guild catched
[01:55:26] 3 GuildMembers catched
[01:55:27] 122 Handlers Readed
[01:55:27] 166 Messages Readed
[01:55:28] WorldServer start in 12825 ms.
[01:58:00] MySQL Database Connected
[01:58:00] 16 Breeds catched
[01:58:00] 256 Heads catched
[01:58:00] 561 Effects catched
[01:58:01] 4 SuperAreas catched
[01:58:01] 48 Areas catched
[01:58:02] 334 SubAreas catched
[01:58:09] 11260 DofusMaps catched
[01:58:09] 9761 StatedElements catched
[01:58:09] 13349 InteractiveElements catched
[01:58:09] 1485 HouseInformations catched
[01:58:09] 556 InteractiveDoors catched
[01:58:09] 3614 MapPositions uncatched
[01:58:09] 14681 MapPositions catched
[01:58:09] 42 MapZaaps catched
[01:58:09] 79 MapSubways catched
[01:58:10] 15228 SpellLevels catched 
[01:58:10] 4772 Spells catched 
[01:58:10] 316 GuildEmblems catched 
[01:58:10] 1179 LearnableSpells catched 
[01:58:10] 9780 ItemTemplates catched 
[01:58:10] 4489 Weapons catched 
[01:58:10] 363 ItemSets catched 
[01:58:10] 171 ItemTypes catched 
[01:58:10] 110 ItemPets catched 
[01:58:11] 2476 NpcTemplates catched 
[01:58:11] 787 NpcSpawns catched 
[01:58:11] 94 NpcItems catched 
[01:58:11] 19801 NpcMessages catched 
[01:58:11] 7 NpcReplies catched 
[01:58:11] 353 Triggers catched
[01:58:11] 1277 Paddocks catched
[01:58:11] 72 Mounts catched
[01:58:11] 4 Guild catched
[01:58:11] 3 GuildMembers catched
[01:58:12] 122 Handlers Readed
[01:58:12] 166 Messages Readed
[01:58:12] WorldServer start in 12317 ms.
[02:10:41] MySQL Database Connected
[02:10:41] 16 Breeds catched
[02:10:41] 256 Heads catched
[02:10:41] 561 Effects catched
[02:10:41] 4 SuperAreas catched
[02:10:41] 48 Areas catched
[02:10:42] 334 SubAreas catched
[02:10:50] 11260 DofusMaps catched
[02:10:50] 9761 StatedElements catched
[02:10:50] 13349 InteractiveElements catched
[02:10:50] 1485 HouseInformations catched
[02:10:50] 556 InteractiveDoors catched
[02:10:50] 3614 MapPositions uncatched
[02:10:50] 14681 MapPositions catched
[02:10:50] 42 MapZaaps catched
[02:10:50] 79 MapSubways catched
[02:10:50] 15228 SpellLevels catched 
[02:10:50] 4772 Spells catched 
[02:10:50] 316 GuildEmblems catched 
[02:10:50] 1179 LearnableSpells catched 
[02:10:51] 9780 ItemTemplates catched 
[02:10:51] 4489 Weapons catched 
[02:10:51] 363 ItemSets catched 
[02:10:51] 171 ItemTypes catched 
[02:10:51] 110 ItemPets catched 
[02:10:51] 2476 NpcTemplates catched 
[02:10:51] 787 NpcSpawns catched 
[02:10:51] 94 NpcItems catched 
[02:10:51] 19801 NpcMessages catched 
[02:10:51] 7 NpcReplies catched 
[02:10:52] 353 Triggers catched
[02:10:52] 1277 Paddocks catched
[02:10:52] 72 Mounts catched
[02:10:52] 4 Guild catched
[02:10:52] 3 GuildMembers catched
[02:10:52] 122 Handlers Readed
[02:10:53] 166 Messages Readed
[02:10:53] WorldServer start in 12389 ms.
[02:14:04] MySQL Database Connected
[02:14:04] 16 Breeds catched
[02:14:04] 256 Heads catched
[02:14:04] 561 Effects catched
[02:14:05] 4 SuperAreas catched
[02:14:05] 48 Areas catched
[02:14:06] 334 SubAreas catched
[02:14:13] 11260 DofusMaps catched
[02:14:13] 9761 StatedElements catched
[02:14:13] 13349 InteractiveElements catched
[02:14:13] 1485 HouseInformations catched
[02:14:13] 556 InteractiveDoors catched
[02:14:13] 3614 MapPositions uncatched
[02:14:13] 14681 MapPositions catched
[02:14:13] 42 MapZaaps catched
[02:14:13] 79 MapSubways catched
[02:14:13] 15228 SpellLevels catched 
[02:14:13] 4772 Spells catched 
[02:14:13] 316 GuildEmblems catched 
[02:14:13] 1179 LearnableSpells catched 
[02:14:14] 9780 ItemTemplates catched 
[02:14:14] 4489 Weapons catched 
[02:14:14] 363 ItemSets catched 
[02:14:14] 171 ItemTypes catched 
[02:14:14] 110 ItemPets catched 
[02:14:14] 2476 NpcTemplates catched 
[02:14:14] 787 NpcSpawns catched 
[02:14:14] 94 NpcItems catched 
[02:14:14] 19801 NpcMessages catched 
[02:14:14] 7 NpcReplies catched 
[02:14:15] 353 Triggers catched
[02:14:15] 1277 Paddocks catched
[02:14:15] 72 Mounts catched
[02:14:15] 4 Guild catched
[02:14:15] 3 GuildMembers catched
[02:14:15] 122 Handlers Readed
[02:14:16] 166 Messages Readed
[02:14:16] WorldServer start in 12143 ms.
[02:25:18] MySQL Database Connected
[02:25:18] 16 Breeds catched
[02:25:18] 256 Heads catched
[02:25:18] 561 Effects catched
[02:25:19] 4 SuperAreas catched
[02:25:19] 48 Areas catched
[02:25:20] 334 SubAreas catched
[02:25:27] 11260 DofusMaps catched
[02:25:27] 9761 StatedElements catched
[02:25:27] 13349 InteractiveElements catched
[02:25:27] 1485 HouseInformations catched
[02:25:27] 556 InteractiveDoors catched
[02:25:28] 3614 MapPositions uncatched
[02:25:28] 14681 MapPositions catched
[02:25:28] 42 MapZaaps catched
[02:25:28] 79 MapSubways catched
[02:25:28] 15228 SpellLevels catched 
[02:25:28] 4772 Spells catched 
[02:25:28] 316 GuildEmblems catched 
[02:25:28] 1179 LearnableSpells catched 
[02:25:28] 9780 ItemTemplates catched 
[02:25:28] 4489 Weapons catched 
[02:25:28] 363 ItemSets catched 
[02:25:28] 171 ItemTypes catched 
[02:25:28] 110 ItemPets catched 
[02:25:29] 2476 NpcTemplates catched 
[02:25:29] 787 NpcSpawns catched 
[02:25:29] 94 NpcItems catched 
[02:25:29] 19801 NpcMessages catched 
[02:25:29] 7 NpcReplies catched 
[02:25:29] 353 Triggers catched
[02:25:29] 1277 Paddocks catched
[02:25:29] 72 Mounts catched
[02:25:29] 4 Guild catched
[02:25:29] 3 GuildMembers catched
[02:25:30] 122 Handlers Readed
[02:25:30] 166 Messages Readed
[02:25:30] WorldServer start in 12342 ms.
[04:05:02] MySQL Database Connected
[04:05:02] 16 Breeds catched
[04:05:02] 256 Heads catched
[04:05:02] 561 Effects catched
[04:05:03] 4 SuperAreas catched
[04:05:03] 48 Areas catched
[04:05:04] 334 SubAreas catched
[04:05:11] 11260 DofusMaps catched
[04:05:11] 9761 StatedElements catched
[04:05:12] 13349 InteractiveElements catched
[04:05:12] 1485 HouseInformations catched
[04:05:12] 556 InteractiveDoors catched
[04:05:12] 3614 MapPositions uncatched
[04:05:12] 14681 MapPositions catched
[04:05:12] 42 MapZaaps catched
[04:05:12] 79 MapSubways catched
[04:05:12] 15228 SpellLevels catched 
[04:05:12] 4772 Spells catched 
[04:05:12] 316 GuildEmblems catched 
[04:05:12] 1179 LearnableSpells catched 
[04:05:12] 9780 ItemTemplates catched 
[04:05:12] 4489 Weapons catched 
[04:05:12] 363 ItemSets catched 
[04:05:12] 171 ItemTypes catched 
[04:05:13] 110 ItemPets catched 
[04:05:13] 2476 NpcTemplates catched 
[04:05:13] 787 NpcSpawns catched 
[04:05:13] 94 NpcItems catched 
[04:05:13] 19801 NpcMessages catched 
[04:05:13] 7 NpcReplies catched 
[04:05:13] 353 Triggers catched
[04:05:13] 1277 Paddocks catched
[04:05:13] 72 Mounts catched
[04:05:13] 4 Guild catched
[04:05:13] 3 GuildMembers catched
[04:05:14] 122 Handlers Readed
[04:05:14] 166 Messages Readed
[04:05:15] WorldServer start in 12427 ms.
[04:15:22] Packet not handled 6246
[04:15:36] Packet not handled 5753
[04:18:39] MySQL Database Connected
[04:18:39] 16 Breeds catched
[04:18:39] 256 Heads catched
[04:18:39] 561 Effects catched
[04:18:39] 4 SuperAreas catched
[04:18:39] 48 Areas catched
[04:18:40] 334 SubAreas catched
[04:18:48] 11260 DofusMaps catched
[04:18:48] 9761 StatedElements catched
[04:18:48] 13349 InteractiveElements catched
[04:18:48] 1485 HouseInformations catched
[04:18:48] 556 InteractiveDoors catched
[04:18:48] 3614 MapPositions uncatched
[04:18:48] 14681 MapPositions catched
[04:18:48] 42 MapZaaps catched
[04:18:48] 79 MapSubways catched
[04:18:48] 15228 SpellLevels catched 
[04:18:48] 4772 Spells catched 
[04:18:48] 316 GuildEmblems catched 
[04:18:48] 1179 LearnableSpells catched 
[04:18:49] 9780 ItemTemplates catched 
[04:18:49] 4489 Weapons catched 
[04:18:49] 363 ItemSets catched 
[04:18:49] 171 ItemTypes catched 
[04:18:49] 110 ItemPets catched 
[04:18:49] 2476 NpcTemplates catched 
[04:18:49] 787 NpcSpawns catched 
[04:18:49] 94 NpcItems catched 
[04:18:50] 19801 NpcMessages catched 
[04:18:50] 7 NpcReplies catched 
[04:18:50] 353 Triggers catched
[04:18:50] 1277 Paddocks catched
[04:18:50] 72 Mounts catched
[04:18:50] 4 Guild catched
[04:18:50] 3 GuildMembers catched
[04:18:50] 122 Handlers Readed
[04:18:51] 166 Messages Readed
[04:18:51] WorldServer start in 12869 ms.
[11:15:05] MySQL Database Connected
[11:15:05] 16 Breeds catched
[11:15:05] 256 Heads catched
[11:15:05] 561 Effects catched
[11:15:05] 4 SuperAreas catched
[11:15:05] 48 Areas catched
[11:15:06] 334 SubAreas catched
[11:15:14] 11260 DofusMaps catched
[11:15:14] 9761 StatedElements catched
[11:15:14] 13349 InteractiveElements catched
[11:15:14] 1485 HouseInformations catched
[11:15:14] 556 InteractiveDoors catched
[11:15:14] 3614 MapPositions uncatched
[11:15:14] 14681 MapPositions catched
[11:15:14] 42 MapZaaps catched
[11:15:14] 79 MapSubways catched
[11:15:14] 15228 SpellLevels catched 
[11:15:14] 4772 Spells catched 
[11:15:14] 316 GuildEmblems catched 
[11:15:14] 1179 LearnableSpells catched 
[11:15:15] 9780 ItemTemplates catched 
[11:15:15] 4489 Weapons catched 
[11:15:15] 363 ItemSets catched 
[11:15:15] 171 ItemTypes catched 
[11:15:15] 110 ItemPets catched 
[11:15:15] 2476 NpcTemplates catched 
[11:15:15] 787 NpcSpawns catched 
[11:15:15] 94 NpcItems catched 
[11:15:15] 19801 NpcMessages catched 
[11:15:15] 7 NpcReplies catched 
[11:15:16] 353 Triggers catched
[11:15:16] 1277 Paddocks catched
[11:15:16] 72 Mounts catched
[11:15:16] 4 Guild catched
[11:15:16] 3 GuildMembers catched
[11:15:16] 122 Handlers Readed
[11:15:17] 166 Messages Readed
[11:15:17] WorldServer start in 12285 ms.
[11:19:58] MySQL Database Connected
[11:19:58] 16 Breeds catched
[11:19:58] 256 Heads catched
[11:19:58] 561 Effects catched
[11:19:58] 4 SuperAreas catched
[11:19:58] 48 Areas catched
[11:19:59] 334 SubAreas catched
[11:20:07] 11260 DofusMaps catched
[11:20:07] 9761 StatedElements catched
[11:20:07] 13349 InteractiveElements catched
[11:20:07] 1485 HouseInformations catched
[11:20:07] 556 InteractiveDoors catched
[11:20:07] 3614 MapPositions uncatched
[11:20:07] 14681 MapPositions catched
[11:20:07] 42 MapZaaps catched
[11:20:07] 79 MapSubways catched
[11:20:07] 15228 SpellLevels catched 
[11:20:07] 4772 Spells catched 
[11:20:07] 316 GuildEmblems catched 
[11:20:07] 1179 LearnableSpells catched 
[11:20:08] 9780 ItemTemplates catched 
[11:20:08] 4489 Weapons catched 
[11:20:08] 363 ItemSets catched 
[11:20:08] 171 ItemTypes catched 
[11:20:08] 110 ItemPets catched 
[11:20:08] 2476 NpcTemplates catched 
[11:20:08] 787 NpcSpawns catched 
[11:20:08] 94 NpcItems catched 
[11:20:08] 19801 NpcMessages catched 
[11:20:08] 7 NpcReplies catched 
[11:20:09] 353 Triggers catched
[11:20:09] 1277 Paddocks catched
[11:20:09] 72 Mounts catched
[11:20:09] 4 Guild catched
[11:20:09] 3 GuildMembers catched
[11:20:09] 122 Handlers Readed
[11:20:10] 166 Messages Readed
[11:20:10] WorldServer start in 12058 ms.
[11:22:36] MySQL Database Connected
[11:22:36] 16 Breeds catched
[11:22:36] 256 Heads catched
[11:22:36] 561 Effects catched
[11:22:36] 4 SuperAreas catched
[11:22:36] 48 Areas catched
[11:22:37] 334 SubAreas catched
[11:22:45] 11260 DofusMaps catched
[11:22:45] 9761 StatedElements catched
[11:22:45] 13349 InteractiveElements catched
[11:22:45] 1485 HouseInformations catched
[11:22:45] 556 InteractiveDoors catched
[11:22:45] 3614 MapPositions uncatched
[11:22:45] 14681 MapPositions catched
[11:22:45] 42 MapZaaps catched
[11:22:45] 79 MapSubways catched
[11:22:45] 15228 SpellLevels catched 
[11:22:45] 4772 Spells catched 
[11:22:45] 316 GuildEmblems catched 
[11:22:45] 1179 LearnableSpells catched 
[11:22:46] 9780 ItemTemplates catched 
[11:22:46] 4489 Weapons catched 
[11:22:46] 363 ItemSets catched 
[11:22:46] 171 ItemTypes catched 
[11:22:46] 110 ItemPets catched 
[11:22:46] 2476 NpcTemplates catched 
[11:22:46] 787 NpcSpawns catched 
[11:22:46] 94 NpcItems catched 
[11:22:46] 19801 NpcMessages catched 
[11:22:46] 7 NpcReplies catched 
[11:22:47] 353 Triggers catched
[11:22:47] 1277 Paddocks catched
[11:22:47] 72 Mounts catched
[11:22:47] 4 Guild catched
[11:22:47] 3 GuildMembers catched
[11:22:47] 122 Handlers Readed
[11:22:48] 166 Messages Readed
[11:22:48] WorldServer start in 12186 ms.
[11:32:03] MySQL Database Connected
[11:32:03] 16 Breeds catched
[11:32:03] 256 Heads catched
[11:32:03] 561 Effects catched
[11:32:04] 4 SuperAreas catched
[11:32:04] 48 Areas catched
[11:32:05] 334 SubAreas catched
[11:32:14] 11260 DofusMaps catched
[11:32:14] 9761 StatedElements catched
[11:32:14] 13349 InteractiveElements catched
[11:32:14] 1485 HouseInformations catched
[11:32:14] 556 InteractiveDoors catched
[11:32:14] 3614 MapPositions uncatched
[11:32:14] 14681 MapPositions catched
[11:32:14] 42 MapZaaps catched
[11:32:14] 79 MapSubways catched
[11:32:14] 15228 SpellLevels catched 
[11:32:14] 4772 Spells catched 
[11:32:14] 316 GuildEmblems catched 
[11:32:14] 1179 LearnableSpells catched 
[11:32:15] 9780 ItemTemplates catched 
[11:32:15] 4489 Weapons catched 
[11:32:15] 363 ItemSets catched 
[11:32:15] 171 ItemTypes catched 
[11:32:15] 110 ItemPets catched 
[11:32:15] 2476 NpcTemplates catched 
[11:32:15] 787 NpcSpawns catched 
[11:32:15] 94 NpcItems catched 
[11:32:15] 19801 NpcMessages catched 
[11:32:15] 7 NpcReplies catched 
[11:32:16] 353 Triggers catched
[11:32:16] 1277 Paddocks catched
[11:32:16] 72 Mounts catched
[11:32:16] 4 Guild catched
[11:32:16] 3 GuildMembers catched
[11:32:30] MySQL Database Connected
[11:32:30] 16 Breeds catched
[11:32:30] 256 Heads catched
[11:32:30] 561 Effects catched
[11:32:31] 4 SuperAreas catched
[11:32:31] 48 Areas catched
[11:32:32] 334 SubAreas catched
[11:32:39] 11260 DofusMaps catched
[11:32:39] 9761 StatedElements catched
[11:32:39] 13349 InteractiveElements catched
[11:32:39] 1485 HouseInformations catched
[11:32:40] 556 InteractiveDoors catched
[11:32:40] 3614 MapPositions uncatched
[11:32:40] 14681 MapPositions catched
[11:32:40] 42 MapZaaps catched
[11:32:40] 79 MapSubways catched
[11:32:40] 15228 SpellLevels catched 
[11:32:40] 4772 Spells catched 
[11:32:40] 316 GuildEmblems catched 
[11:32:40] 1179 LearnableSpells catched 
[11:32:40] 9780 ItemTemplates catched 
[11:32:40] 4489 Weapons catched 
[11:32:40] 363 ItemSets catched 
[11:32:40] 171 ItemTypes catched 
[11:32:40] 110 ItemPets catched 
[11:32:41] 2476 NpcTemplates catched 
[11:32:41] 787 NpcSpawns catched 
[11:32:41] 94 NpcItems catched 
[11:32:41] 19801 NpcMessages catched 
[11:32:41] 7 NpcReplies catched 
[11:32:41] 353 Triggers catched
[11:32:41] 1277 Paddocks catched
[11:32:41] 72 Mounts catched
[11:32:41] 4 Guild catched
[11:32:41] 3 GuildMembers catched
[11:32:42] 122 Handlers Readed
[11:32:42] 166 Messages Readed
[11:32:42] WorldServer start in 12588 ms.
[11:35:49] MySQL Database Connected
[11:35:49] 16 Breeds catched
[11:35:49] 256 Heads catched
[11:35:49] 561 Effects catched
[11:35:50] 4 SuperAreas catched
[11:35:50] 48 Areas catched
[11:35:51] 334 SubAreas catched
[11:35:59] 11260 DofusMaps catched
[11:35:59] 9761 StatedElements catched
[11:35:59] 13349 InteractiveElements catched
[11:35:59] 1485 HouseInformations catched
[11:35:59] 556 InteractiveDoors catched
[11:35:59] 3614 MapPositions uncatched
[11:35:59] 14681 MapPositions catched
[11:35:59] 42 MapZaaps catched
[11:35:59] 79 MapSubways catched
[11:35:59] 15228 SpellLevels catched 
[11:35:59] 4772 Spells catched 
[11:35:59] 316 GuildEmblems catched 
[11:35:59] 1179 LearnableSpells catched 
[11:36:00] 9780 ItemTemplates catched 
[11:36:00] 4489 Weapons catched 
[11:36:00] 363 ItemSets catched 
[11:36:00] 171 ItemTypes catched 
[11:36:00] 110 ItemPets catched 
[11:36:00] 2476 NpcTemplates catched 
[11:36:00] 787 NpcSpawns catched 
[11:36:00] 94 NpcItems catched 
[11:36:00] 19801 NpcMessages catched 
[11:36:00] 7 NpcReplies catched 
[11:36:01] 353 Triggers catched
[11:36:01] 1277 Paddocks catched
[11:36:01] 72 Mounts catched
[11:36:01] 4 Guild catched
[11:36:01] 3 GuildMembers catched
[11:36:01] 122 Handlers Readed
[11:36:02] 166 Messages Readed
[11:36:02] WorldServer start in 12604 ms.
[11:56:13] MySQL Database Connected
[11:56:13] 16 Breeds catched
[11:56:13] 256 Heads catched
[11:56:13] 561 Effects catched
[11:56:14] 4 SuperAreas catched
[11:56:14] 48 Areas catched
[11:56:16] 334 SubAreas catched
[11:57:21] MySQL Database Connected
[11:57:21] 16 Breeds catched
[11:57:21] 256 Heads catched
[11:57:21] 561 Effects catched
[11:57:24] 4 SuperAreas catched
[11:57:24] 48 Areas catched
[11:57:25] 334 SubAreas catched
[11:57:59] MySQL Database Connected
[11:57:59] 16 Breeds catched
[11:57:59] 256 Heads catched
[11:57:59] 561 Effects catched
[11:57:59] 4 SuperAreas catched
[11:57:59] 48 Areas catched
[11:58:00] 334 SubAreas catched
[11:59:03] 11260 DofusMaps catched
[11:59:03] 9761 StatedElements catched
[11:59:03] 13349 InteractiveElements catched
[11:59:03] 1485 HouseInformations catched
[11:59:03] 556 InteractiveDoors catched
[11:59:05] 3614 MapPositions uncatched
[11:59:05] 14681 MapPositions catched
[11:59:05] 42 MapZaaps catched
[11:59:05] 79 MapSubways catched
[11:59:06] 15228 SpellLevels catched 
[11:59:06] 4772 Spells catched 
[11:59:06] 316 GuildEmblems catched 
[11:59:06] 1179 LearnableSpells catched 
[11:59:07] 9780 ItemTemplates catched 
[11:59:07] 4489 Weapons catched 
[11:59:07] 363 ItemSets catched 
[11:59:07] 171 ItemTypes catched 
[11:59:07] 110 ItemPets catched 
[11:59:08] 2476 NpcTemplates catched 
[11:59:08] 787 NpcSpawns catched 
[11:59:08] 94 NpcItems catched 
[11:59:08] 19801 NpcMessages catched 
[11:59:08] 7 NpcReplies catched 
[11:59:08] 353 Triggers catched
[11:59:09] 1277 Paddocks catched
[11:59:09] 72 Mounts catched
[11:59:09] 4 Guild catched
[11:59:09] 3 GuildMembers catched
[11:59:09] 122 Handlers Readed
[11:59:10] 166 Messages Readed
[11:59:10] WorldServer start in 71233 ms.
[12:01:27] MySQL Database Connected
[12:01:27] 16 Breeds catched
[12:01:27] 256 Heads catched
[12:01:27] 561 Effects catched
[12:01:28] 4 SuperAreas catched
[12:01:28] 48 Areas catched
[12:01:29] 334 SubAreas catched
[12:01:36] 11260 DofusMaps catched
[12:01:36] 9761 StatedElements catched
[12:01:36] 13349 InteractiveElements catched
[12:01:36] 1485 HouseInformations catched
[12:01:36] 556 InteractiveDoors catched
[12:01:37] 3614 MapPositions uncatched
[12:01:37] 14681 MapPositions catched
[12:01:37] 42 MapZaaps catched
[12:01:37] 79 MapSubways catched
[12:01:37] 15228 SpellLevels catched 
[12:01:37] 4772 Spells catched 
[12:01:37] 316 GuildEmblems catched 
[12:01:37] 1179 LearnableSpells catched 
[12:01:37] 9780 ItemTemplates catched 
[12:01:37] 4489 Weapons catched 
[12:01:37] 363 ItemSets catched 
[12:01:37] 171 ItemTypes catched 
[12:01:37] 110 ItemPets catched 
[12:01:38] 2476 NpcTemplates catched 
[12:01:38] 787 NpcSpawns catched 
[12:01:38] 94 NpcItems catched 
[12:01:38] 19801 NpcMessages catched 
[12:01:38] 7 NpcReplies catched 
[12:01:38] 353 Triggers catched
[12:01:38] 1277 Paddocks catched
[12:01:38] 72 Mounts catched
[12:01:38] 4 Guild catched
[12:01:38] 3 GuildMembers catched
[12:01:39] 122 Handlers Readed
[12:01:39] 166 Messages Readed
[12:01:39] WorldServer start in 12794 ms.
[12:04:50] MySQL Database Connected
[12:04:50] 16 Breeds catched
[12:04:50] 256 Heads catched
[12:04:50] 561 Effects catched
[12:04:51] 4 SuperAreas catched
[12:04:51] 48 Areas catched
[12:04:52] 334 SubAreas catched
[12:05:07] 11260 DofusMaps catched
[12:05:07] 9761 StatedElements catched
[12:05:07] 13349 InteractiveElements catched
[12:05:07] 1485 HouseInformations catched
[12:05:07] 556 InteractiveDoors catched
[12:05:07] 3614 MapPositions uncatched
[12:05:07] 14681 MapPositions catched
[12:05:07] 42 MapZaaps catched
[12:05:07] 79 MapSubways catched
[12:05:07] 15228 SpellLevels catched 
[12:05:07] 4772 Spells catched 
[12:05:07] 316 GuildEmblems catched 
[12:05:07] 1179 LearnableSpells catched 
[12:05:08] 9780 ItemTemplates catched 
[12:05:08] 4489 Weapons catched 
[12:05:08] 363 ItemSets catched 
[12:05:08] 171 ItemTypes catched 
[12:05:08] 110 ItemPets catched 
[12:05:08] 2476 NpcTemplates catched 
[12:05:08] 787 NpcSpawns catched 
[12:05:08] 94 NpcItems catched 
[12:05:08] 19801 NpcMessages catched 
[12:05:09] 7 NpcReplies catched 
[12:05:09] 353 Triggers catched
[12:05:09] 1277 Paddocks catched
[12:05:09] 72 Mounts catched
[12:05:09] 4 Guild catched
[12:05:09] 3 GuildMembers catched
[12:05:09] 122 Handlers Readed
[12:05:10] 166 Messages Readed
[12:05:10] WorldServer start in 19966 ms.
[12:07:30] MySQL Database Connected
[12:07:30] 16 Breeds catched
[12:07:30] 256 Heads catched
[12:07:30] 561 Effects catched
[12:07:31] 4 SuperAreas catched
[12:07:31] 48 Areas catched
[12:07:32] 334 SubAreas catched
[12:07:40] 11260 DofusMaps catched
[12:07:40] 9761 StatedElements catched
[12:07:40] 13349 InteractiveElements catched
[12:07:40] 1485 HouseInformations catched
[12:07:40] 556 InteractiveDoors catched
[12:07:40] 3614 MapPositions uncatched
[12:07:40] 14681 MapPositions catched
[12:07:40] 42 MapZaaps catched
[12:07:40] 79 MapSubways catched
[12:07:40] 15228 SpellLevels catched 
[12:07:40] 4772 Spells catched 
[12:07:40] 316 GuildEmblems catched 
[12:07:40] 1179 LearnableSpells catched 
[12:07:41] 9780 ItemTemplates catched 
[12:07:41] 4489 Weapons catched 
[12:07:41] 363 ItemSets catched 
[12:07:41] 171 ItemTypes catched 
[12:07:41] 110 ItemPets catched 
[12:07:41] 2476 NpcTemplates catched 
[12:07:41] 787 NpcSpawns catched 
[12:07:41] 94 NpcItems catched 
[12:07:41] 19801 NpcMessages catched 
[12:07:41] 7 NpcReplies catched 
[12:07:42] 353 Triggers catched
[12:07:42] 1277 Paddocks catched
[12:07:42] 72 Mounts catched
[12:07:42] 4 Guild catched
[12:07:42] 3 GuildMembers catched
[12:07:42] 122 Handlers Readed
[12:07:43] 166 Messages Readed
[12:07:43] WorldServer start in 12485 ms.
[12:12:01] MySQL Database Connected
[12:12:01] 16 Breeds catched
[12:12:01] 256 Heads catched
[12:12:01] 561 Effects catched
[12:12:02] 4 SuperAreas catched
[12:12:02] 48 Areas catched
[12:12:02] 334 SubAreas catched
[12:12:14] 11260 DofusMaps catched
[12:12:14] 9761 StatedElements catched
[12:12:14] 13349 InteractiveElements catched
[12:12:14] 1485 HouseInformations catched
[12:12:14] 556 InteractiveDoors catched
[12:12:14] 3614 MapPositions uncatched
[12:12:14] 14681 MapPositions catched
[12:12:14] 42 MapZaaps catched
[12:12:14] 79 MapSubways catched
[12:12:14] 15228 SpellLevels catched 
[12:12:14] 4772 Spells catched 
[12:12:14] 316 GuildEmblems catched 
[12:12:14] 1179 LearnableSpells catched 
[12:12:15] 9780 ItemTemplates catched 
[12:12:15] 4489 Weapons catched 
[12:12:15] 363 ItemSets catched 
[12:12:15] 171 ItemTypes catched 
[12:12:15] 110 ItemPets catched 
[12:12:15] 2476 NpcTemplates catched 
[12:12:15] 787 NpcSpawns catched 
[12:12:15] 94 NpcItems catched 
[12:12:15] 19801 NpcMessages catched 
[12:12:15] 7 NpcReplies catched 
[12:12:16] 353 Triggers catched
[12:12:16] 1277 Paddocks catched
[12:12:16] 72 Mounts catched
[12:12:16] 4 Guild catched
[12:12:16] 3 GuildMembers catched
[12:12:16] 122 Handlers Readed
[12:12:17] 166 Messages Readed
[12:12:17] WorldServer start in 16352 ms.
[12:15:24] MySQL Database Connected
[12:15:24] 16 Breeds catched
[12:15:24] 256 Heads catched
[12:15:24] 561 Effects catched
[12:15:24] 4 SuperAreas catched
[12:15:24] 48 Areas catched
[12:15:25] 334 SubAreas catched
[12:15:35] 11260 DofusMaps catched
[12:15:35] 9761 StatedElements catched
[12:15:35] 13349 InteractiveElements catched
[12:15:35] 1485 HouseInformations catched
[12:15:35] 556 InteractiveDoors catched
[12:15:35] 3614 MapPositions uncatched
[12:15:35] 14681 MapPositions catched
[12:15:35] 42 MapZaaps catched
[12:15:35] 79 MapSubways catched
[12:15:36] 15228 SpellLevels catched 
[12:15:36] 4772 Spells catched 
[12:15:36] 316 GuildEmblems catched 
[12:15:36] 1179 LearnableSpells catched 
[12:15:36] 9780 ItemTemplates catched 
[12:15:36] 4489 Weapons catched 
[12:15:36] 363 ItemSets catched 
[12:15:36] 171 ItemTypes catched 
[12:15:36] 110 ItemPets catched 
[12:15:37] 2476 NpcTemplates catched 
[12:15:37] 787 NpcSpawns catched 
[12:15:37] 94 NpcItems catched 
[12:15:37] 19801 NpcMessages catched 
[12:15:37] 7 NpcReplies catched 
[12:15:37] 353 Triggers catched
[12:15:37] 1277 Paddocks catched
[12:15:37] 72 Mounts catched
[12:15:37] 4 Guild catched
[12:15:37] 3 GuildMembers catched
[12:15:38] 122 Handlers Readed
[12:15:38] 166 Messages Readed
[12:15:38] WorldServer start in 14609 ms.
[12:31:01] MySQL Database Connected
[12:31:01] 16 Breeds catched
[12:31:01] 256 Heads catched
[12:31:01] 561 Effects catched
[12:31:01] 4 SuperAreas catched
[12:31:01] 48 Areas catched
[12:31:02] 334 SubAreas catched
[12:31:10] 11260 DofusMaps catched
[12:31:10] 9761 StatedElements catched
[12:31:11] 13349 InteractiveElements catched
[12:31:11] 1485 HouseInformations catched
[12:31:11] 556 InteractiveDoors catched
[12:31:11] 3614 MapPositions uncatched
[12:31:11] 14681 MapPositions catched
[12:31:11] 42 MapZaaps catched
[12:31:11] 79 MapSubways catched
[12:31:11] 15228 SpellLevels catched 
[12:31:11] 4772 Spells catched 
[12:31:11] 316 GuildEmblems catched 
[12:31:11] 1179 LearnableSpells catched 
[12:31:11] 9780 ItemTemplates catched 
[12:31:11] 4489 Weapons catched 
[12:31:11] 363 ItemSets catched 
[12:31:11] 171 ItemTypes catched 
[12:31:11] 110 ItemPets catched 
[12:31:12] 2476 NpcTemplates catched 
[12:31:12] 787 NpcSpawns catched 
[12:31:12] 94 NpcItems catched 
[12:31:12] 19801 NpcMessages catched 
[12:31:12] 7 NpcReplies catched 
[12:31:12] 353 Triggers catched
[12:31:12] 1277 Paddocks catched
[12:31:12] 72 Mounts catched
[12:31:12] 4 Guild catched
[12:31:12] 3 GuildMembers catched
[12:31:13] 122 Handlers Readed
[12:31:13] 166 Messages Readed
[12:31:13] WorldServer start in 12720 ms.
[12:34:39] MySQL Database Connected
[12:34:39] 16 Breeds catched
[12:34:39] 256 Heads catched
[12:34:39] 561 Effects catched
[12:34:39] 4 SuperAreas catched
[12:34:39] 48 Areas catched
[12:34:40] 334 SubAreas catched
[12:34:48] 11260 DofusMaps catched
[12:34:48] 9761 StatedElements catched
[12:34:48] 13349 InteractiveElements catched
[12:34:48] 1485 HouseInformations catched
[12:34:48] 556 InteractiveDoors catched
[12:34:48] 3614 MapPositions uncatched
[12:34:48] 14681 MapPositions catched
[12:34:48] 42 MapZaaps catched
[12:34:48] 79 MapSubways catched
[12:34:48] 15228 SpellLevels catched 
[12:34:48] 4772 Spells catched 
[12:34:48] 316 GuildEmblems catched 
[12:34:48] 1179 LearnableSpells catched 
[12:34:49] 9780 ItemTemplates catched 
[12:34:49] 4489 Weapons catched 
[12:34:49] 363 ItemSets catched 
[12:34:49] 171 ItemTypes catched 
[12:34:49] 110 ItemPets catched 
[12:34:49] 2476 NpcTemplates catched 
[12:34:49] 787 NpcSpawns catched 
[12:34:49] 94 NpcItems catched 
[12:34:49] 19801 NpcMessages catched 
[12:34:49] 7 NpcReplies catched 
[12:34:50] 353 Triggers catched
[12:34:50] 1277 Paddocks catched
[12:34:50] 72 Mounts catched
[12:34:50] 4 Guild catched
[12:34:50] 3 GuildMembers catched
[12:34:50] 122 Handlers Readed
[12:34:51] 166 Messages Readed
[12:34:51] WorldServer start in 12219 ms.
[12:52:57] MySQL Database Connected
[12:52:57] 16 Breeds catched
[12:52:57] 256 Heads catched
[12:52:57] 561 Effects catched
[12:52:58] 4 SuperAreas catched
[12:52:58] 48 Areas catched
[12:52:59] 334 SubAreas catched
[12:53:08] 11260 DofusMaps catched
[12:53:08] 9761 StatedElements catched
[12:53:08] 13349 InteractiveElements catched
[12:53:08] 1485 HouseInformations catched
[12:53:08] 556 InteractiveDoors catched
[12:53:08] 3614 MapPositions uncatched
[12:53:08] 14681 MapPositions catched
[12:53:08] 42 MapZaaps catched
[12:53:08] 79 MapSubways catched
[12:53:09] 15228 SpellLevels catched 
[12:53:09] 4772 Spells catched 
[12:53:09] 316 GuildEmblems catched 
[12:53:09] 1179 LearnableSpells catched 
[12:53:09] 9780 ItemTemplates catched 
[12:53:09] 4489 Weapons catched 
[12:53:09] 363 ItemSets catched 
[12:53:09] 171 ItemTypes catched 
[12:53:09] 110 ItemPets catched 
[12:53:10] 2476 NpcTemplates catched 
[12:53:10] 787 NpcSpawns catched 
[12:53:10] 94 NpcItems catched 
[12:53:10] 19801 NpcMessages catched 
[12:53:10] 7 NpcReplies catched 
[12:53:10] 353 Triggers catched
[12:53:10] 1277 Paddocks catched
[12:53:10] 72 Mounts catched
[12:53:10] 4 Guild catched
[12:53:10] 3 GuildMembers catched
[12:53:11] 122 Handlers Readed
[12:53:11] 166 Messages Readed
[12:53:11] WorldServer start in 14200 ms.
[13:06:02] MySQL Database Connected
[13:06:02] 16 Breeds catched
[13:06:02] 256 Heads catched
[13:06:02] 561 Effects catched
[13:06:03] 4 SuperAreas catched
[13:06:03] 48 Areas catched
[13:06:04] 334 SubAreas catched
[13:06:11] 11260 DofusMaps catched
[13:06:11] 9761 StatedElements catched
[13:06:12] 13349 InteractiveElements catched
[13:06:12] 1485 HouseInformations catched
[13:06:12] 556 InteractiveDoors catched
[13:06:12] 3614 MapPositions uncatched
[13:06:12] 14681 MapPositions catched
[13:06:12] 42 MapZaaps catched
[13:06:12] 79 MapSubways catched
[13:06:12] 15228 SpellLevels catched 
[13:06:12] 4772 Spells catched 
[13:06:12] 316 GuildEmblems catched 
[13:06:12] 1179 LearnableSpells catched 
[13:06:12] 9780 ItemTemplates catched 
[13:06:12] 4489 Weapons catched 
[13:06:12] 363 ItemSets catched 
[13:06:12] 171 ItemTypes catched 
[13:06:13] 110 ItemPets catched 
[13:06:13] 2476 NpcTemplates catched 
[13:06:13] 787 NpcSpawns catched 
[13:06:13] 94 NpcItems catched 
[13:06:13] 19801 NpcMessages catched 
[13:06:13] 7 NpcReplies catched 
[13:06:13] 353 Triggers catched
[13:06:13] 1277 Paddocks catched
[13:06:13] 72 Mounts catched
[13:06:13] 4 Guild catched
[13:06:13] 3 GuildMembers catched
[13:06:14] 122 Handlers Readed
[13:06:15] 166 Messages Readed
[13:06:15] WorldServer start in 12664 ms.
[13:19:35] MySQL Database Connected
[13:19:35] 16 Breeds catched
[13:19:35] 256 Heads catched
[13:19:35] 561 Effects catched
[13:19:36] 4 SuperAreas catched
[13:19:36] 48 Areas catched
[13:19:37] 334 SubAreas catched
[13:19:45] 11260 DofusMaps catched
[13:19:45] 9761 StatedElements catched
[13:19:45] 13349 InteractiveElements catched
[13:19:45] 1485 HouseInformations catched
[13:19:45] 556 InteractiveDoors catched
[13:19:45] 3614 MapPositions uncatched
[13:19:45] 14681 MapPositions catched
[13:19:45] 42 MapZaaps catched
[13:19:45] 79 MapSubways catched
[13:19:46] 15228 SpellLevels catched 
[13:19:46] 4772 Spells catched 
[13:19:46] 316 GuildEmblems catched 
[13:19:46] 1179 LearnableSpells catched 
[13:19:46] 9780 ItemTemplates catched 
[13:19:46] 4489 Weapons catched 
[13:19:46] 363 ItemSets catched 
[13:19:46] 171 ItemTypes catched 
[13:19:46] 110 ItemPets catched 
[13:19:47] 2476 NpcTemplates catched 
[13:19:47] 787 NpcSpawns catched 
[13:19:47] 94 NpcItems catched 
[13:19:47] 19801 NpcMessages catched 
[13:19:47] 7 NpcReplies catched 
[13:19:47] 353 Triggers catched
[13:19:47] 1277 Paddocks catched
[13:19:47] 72 Mounts catched
[13:19:47] 4 Guild catched
[13:19:47] 3 GuildMembers catched
[13:19:48] 122 Handlers Readed
[13:19:48] 166 Messages Readed
[13:19:48] WorldServer start in 13343 ms.
[13:23:50] MySQL Database Connected
[13:23:50] 16 Breeds catched
[13:23:50] 256 Heads catched
[13:23:50] 561 Effects catched
[13:23:51] 4 SuperAreas catched
[13:23:51] 48 Areas catched
[13:23:52] 334 SubAreas catched
[13:24:00] 11260 DofusMaps catched
[13:24:00] 9761 StatedElements catched
[13:24:01] 13349 InteractiveElements catched
[13:24:01] 1485 HouseInformations catched
[13:24:01] 556 InteractiveDoors catched
[13:24:01] 3614 MapPositions uncatched
[13:24:01] 14681 MapPositions catched
[13:24:01] 42 MapZaaps catched
[13:24:01] 79 MapSubways catched
[13:24:01] 15228 SpellLevels catched 
[13:24:01] 4772 Spells catched 
[13:24:01] 316 GuildEmblems catched 
[13:24:01] 1179 LearnableSpells catched 
[13:24:01] 9780 ItemTemplates catched 
[13:24:01] 4489 Weapons catched 
[13:24:01] 363 ItemSets catched 
[13:24:01] 171 ItemTypes catched 
[13:24:01] 110 ItemPets catched 
[13:24:02] 2476 NpcTemplates catched 
[13:24:02] 787 NpcSpawns catched 
[13:24:02] 94 NpcItems catched 
[13:24:02] 19801 NpcMessages catched 
[13:24:02] 7 NpcReplies catched 
[13:24:02] 353 Triggers catched
[13:24:02] 1277 Paddocks catched
[13:24:02] 72 Mounts catched
[13:24:02] 4 Guild catched
[13:24:02] 3 GuildMembers catched
[13:24:03] 122 Handlers Readed
[13:24:03] 166 Messages Readed
[13:24:03] WorldServer start in 13369 ms.
[13:38:15] MySQL Database Connected
[13:38:16] 16 Breeds catched
[13:38:16] 256 Heads catched
[13:38:16] 561 Effects catched
[13:38:16] 4 SuperAreas catched
[13:38:16] 48 Areas catched
[13:38:17] 334 SubAreas catched
[13:38:24] 11260 DofusMaps catched
[13:38:25] 9761 StatedElements catched
[13:38:25] 13349 InteractiveElements catched
[13:38:25] 1485 HouseInformations catched
[13:38:25] 556 InteractiveDoors catched
[13:38:25] 3614 MapPositions uncatched
[13:38:25] 14681 MapPositions catched
[13:38:25] 42 MapZaaps catched
[13:38:25] 79 MapSubways catched
[13:38:25] 15228 SpellLevels catched 
[13:38:25] 4772 Spells catched 
[13:38:25] 316 GuildEmblems catched 
[13:38:25] 1179 LearnableSpells catched 
[13:38:25] 9780 ItemTemplates catched 
[13:38:25] 4489 Weapons catched 
[13:38:26] 363 ItemSets catched 
[13:38:26] 171 ItemTypes catched 
[13:38:26] 110 ItemPets catched 
[13:38:26] 2476 NpcTemplates catched 
[13:38:26] 787 NpcSpawns catched 
[13:38:26] 94 NpcItems catched 
[13:38:26] 19801 NpcMessages catched 
[13:38:26] 7 NpcReplies catched 
[13:38:26] 353 Triggers catched
[13:38:26] 1277 Paddocks catched
[13:38:26] 72 Mounts catched
[13:38:27] 4 Guild catched
[13:38:27] 3 GuildMembers catched
[13:38:27] 122 Handlers Readed
[13:38:28] 166 Messages Readed
[13:38:28] WorldServer start in 12433 ms.
[13:48:57] MySQL Database Connected
[13:48:57] 16 Breeds catched
[13:48:57] 256 Heads catched
[13:48:57] 561 Effects catched
[13:48:57] 4 SuperAreas catched
[13:48:57] 48 Areas catched
[13:48:58] 334 SubAreas catched
[13:49:08] 11260 DofusMaps catched
[13:49:08] 9761 StatedElements catched
[13:49:08] 13349 InteractiveElements catched
[13:49:08] 1485 HouseInformations catched
[13:49:08] 556 InteractiveDoors catched
[13:49:08] 3614 MapPositions uncatched
[13:49:08] 14681 MapPositions catched
[13:49:08] 42 MapZaaps catched
[13:49:08] 79 MapSubways catched
[13:49:08] 15228 SpellLevels catched 
[13:49:08] 4772 Spells catched 
[13:49:08] 316 GuildEmblems catched 
[13:49:09] 1179 LearnableSpells catched 
[13:49:09] 9780 ItemTemplates catched 
[13:49:09] 4489 Weapons catched 
[13:49:09] 363 ItemSets catched 
[13:49:09] 171 ItemTypes catched 
[13:49:09] 110 ItemPets catched 
[13:49:09] 2476 NpcTemplates catched 
[13:49:09] 787 NpcSpawns catched 
[13:49:09] 94 NpcItems catched 
[13:49:09] 19801 NpcMessages catched 
[13:49:09] 7 NpcReplies catched 
[13:49:10] 353 Triggers catched
[13:49:10] 1277 Paddocks catched
[13:49:10] 72 Mounts catched
[13:49:10] 4 Guild catched
[13:49:10] 3 GuildMembers catched
[13:49:10] 122 Handlers Readed
[13:49:11] 166 Messages Readed
[13:49:11] WorldServer start in 14383 ms.
[13:50:27] MySQL Database Connected
[13:50:27] 16 Breeds catched
[13:50:27] 256 Heads catched
[13:50:27] 561 Effects catched
[13:50:28] 4 SuperAreas catched
[13:50:28] 48 Areas catched
[13:50:29] 334 SubAreas catched
[13:50:36] 11260 DofusMaps catched
[13:50:36] 9761 StatedElements catched
[13:50:37] 13349 InteractiveElements catched
[13:50:37] 1485 HouseInformations catched
[13:50:37] 556 InteractiveDoors catched
[13:50:37] 3614 MapPositions uncatched
[13:50:37] 14681 MapPositions catched
[13:50:37] 42 MapZaaps catched
[13:50:37] 79 MapSubways catched
[13:50:37] 15228 SpellLevels catched 
[13:50:37] 4772 Spells catched 
[13:50:37] 316 GuildEmblems catched 
[13:50:37] 1179 LearnableSpells catched 
[13:50:37] 9780 ItemTemplates catched 
[13:50:38] 4489 Weapons catched 
[13:50:38] 363 ItemSets catched 
[13:50:38] 171 ItemTypes catched 
[13:50:38] 110 ItemPets catched 
[13:50:38] 2476 NpcTemplates catched 
[13:50:38] 787 NpcSpawns catched 
[13:50:38] 94 NpcItems catched 
[13:50:38] 19801 NpcMessages catched 
[13:50:38] 7 NpcReplies catched 
[13:50:38] 353 Triggers catched
[13:50:39] 1277 Paddocks catched
[13:50:39] 72 Mounts catched
[13:50:39] 4 Guild catched
[13:50:39] 3 GuildMembers catched
[13:50:39] 122 Handlers Readed
[13:50:40] 166 Messages Readed
[13:50:40] WorldServer start in 12747 ms.
[13:56:28] MySQL Database Connected
[13:56:28] 16 Breeds catched
[13:56:28] 256 Heads catched
[13:56:28] 561 Effects catched
[13:56:28] 4 SuperAreas catched
[13:56:28] 48 Areas catched
[13:56:29] 334 SubAreas catched
[13:56:37] 11260 DofusMaps catched
[13:56:37] 9761 StatedElements catched
[13:56:37] 13349 InteractiveElements catched
[13:56:37] 1485 HouseInformations catched
[13:56:37] 556 InteractiveDoors catched
[13:56:37] 3614 MapPositions uncatched
[13:56:37] 14681 MapPositions catched
[13:56:37] 42 MapZaaps catched
[13:56:37] 79 MapSubways catched
[13:56:38] 15228 SpellLevels catched 
[13:56:38] 4772 Spells catched 
[13:56:38] 316 GuildEmblems catched 
[13:56:38] 1179 LearnableSpells catched 
[13:56:38] 9780 ItemTemplates catched 
[13:56:38] 4489 Weapons catched 
[13:56:38] 363 ItemSets catched 
[13:56:38] 171 ItemTypes catched 
[13:56:38] 110 ItemPets catched 
[13:56:39] 2476 NpcTemplates catched 
[13:56:39] 787 NpcSpawns catched 
[13:56:39] 94 NpcItems catched 
[13:56:39] 19801 NpcMessages catched 
[13:56:39] 7 NpcReplies catched 
[13:56:39] 353 Triggers catched
[13:56:39] 1277 Paddocks catched
[13:56:39] 72 Mounts catched
[13:56:39] 4 Guild catched
[13:56:39] 3 GuildMembers catched
[13:56:40] 122 Handlers Readed
[13:56:40] 166 Messages Readed
[13:56:40] WorldServer start in 12903 ms.
[14:22:37] MySQL Database Connected
[14:22:38] 16 Breeds catched
[14:22:38] 256 Heads catched
[14:22:38] 561 Effects catched
[14:22:38] 4 SuperAreas catched
[14:22:38] 48 Areas catched
[14:22:39] 334 SubAreas catched
[14:22:48] 11260 DofusMaps catched
[14:22:48] 9761 StatedElements catched
[14:22:48] 13349 InteractiveElements catched
[14:22:48] 1485 HouseInformations catched
[14:22:48] 556 InteractiveDoors catched
[14:22:48] 3614 MapPositions uncatched
[14:22:48] 14681 MapPositions catched
[14:22:48] 42 MapZaaps catched
[14:22:48] 79 MapSubways catched
[14:22:49] 15228 SpellLevels catched 
[14:22:49] 4772 Spells catched 
[14:22:49] 316 GuildEmblems catched 
[14:22:49] 1179 LearnableSpells catched 
[14:22:49] 9780 ItemTemplates catched 
[14:22:49] 4489 Weapons catched 
[14:22:49] 363 ItemSets catched 
[14:22:49] 171 ItemTypes catched 
[14:22:49] 110 ItemPets catched 
[14:22:50] 2476 NpcTemplates catched 
[14:22:50] 787 NpcSpawns catched 
[14:22:50] 94 NpcItems catched 
[14:22:50] 19801 NpcMessages catched 
[14:22:50] 7 NpcReplies catched 
[14:22:50] 353 Triggers catched
[14:22:50] 1277 Paddocks catched
[14:22:50] 72 Mounts catched
[14:22:50] 4 Guild catched
[14:22:50] 3 GuildMembers catched
[14:22:51] 122 Handlers Readed
[14:22:52] 166 Messages Readed
[14:22:52] WorldServer start in 14704 ms.
[14:24:45] MySQL Database Connected
[14:24:45] 16 Breeds catched
[14:24:45] 256 Heads catched
[14:24:45] 561 Effects catched
[14:24:45] 4 SuperAreas catched
[14:24:45] 48 Areas catched
[14:24:46] 334 SubAreas catched
[14:24:55] 11260 DofusMaps catched
[14:24:55] 9761 StatedElements catched
[14:24:55] 13349 InteractiveElements catched
[14:24:55] 1485 HouseInformations catched
[14:24:55] 556 InteractiveDoors catched
[14:24:55] 3614 MapPositions uncatched
[14:24:55] 14681 MapPositions catched
[14:24:55] 42 MapZaaps catched
[14:24:55] 79 MapSubways catched
[14:24:55] 15228 SpellLevels catched 
[14:24:55] 4772 Spells catched 
[14:24:55] 316 GuildEmblems catched 
[14:24:55] 1179 LearnableSpells catched 
[14:24:56] 9780 ItemTemplates catched 
[14:24:56] 4489 Weapons catched 
[14:24:56] 363 ItemSets catched 
[14:24:56] 171 ItemTypes catched 
[14:24:56] 110 ItemPets catched 
[14:24:56] 2476 NpcTemplates catched 
[14:24:56] 787 NpcSpawns catched 
[14:24:56] 94 NpcItems catched 
[14:24:56] 19801 NpcMessages catched 
[14:24:56] 7 NpcReplies catched 
[14:24:57] 353 Triggers catched
[14:24:57] 1277 Paddocks catched
[14:24:57] 72 Mounts catched
[14:24:57] 4 Guild catched
[14:24:57] 3 GuildMembers catched
[14:24:57] 122 Handlers Readed
[14:24:58] 166 Messages Readed
[14:24:58] WorldServer start in 13560 ms.
[14:33:41] MySQL Database Connected
[14:33:41] 16 Breeds catched
[14:33:41] 256 Heads catched
[14:33:41] 561 Effects catched
[14:33:42] 4 SuperAreas catched
[14:33:42] 48 Areas catched
[14:33:43] 334 SubAreas catched
[14:33:50] 11260 DofusMaps catched
[14:33:50] 9761 StatedElements catched
[14:33:51] 13349 InteractiveElements catched
[14:33:51] 1485 HouseInformations catched
[14:33:51] 556 InteractiveDoors catched
[14:33:51] 3614 MapPositions uncatched
[14:33:51] 14681 MapPositions catched
[14:33:51] 42 MapZaaps catched
[14:33:51] 79 MapSubways catched
[14:33:51] 15228 SpellLevels catched 
[14:33:51] 4772 Spells catched 
[14:33:51] 316 GuildEmblems catched 
[14:33:51] 1179 LearnableSpells catched 
[14:33:51] 9780 ItemTemplates catched 
[14:33:51] 4489 Weapons catched 
[14:33:51] 363 ItemSets catched 
[14:33:51] 171 ItemTypes catched 
[14:33:52] 110 ItemPets catched 
[14:33:52] 2476 NpcTemplates catched 
[14:33:52] 787 NpcSpawns catched 
[14:33:52] 94 NpcItems catched 
[14:33:52] 19801 NpcMessages catched 
[14:33:52] 7 NpcReplies catched 
[14:33:52] 353 Triggers catched
[14:33:52] 1277 Paddocks catched
[14:33:52] 72 Mounts catched
[14:33:52] 4 Guild catched
[14:33:52] 3 GuildMembers catched
[14:33:53] 122 Handlers Readed
[14:33:54] 166 Messages Readed
[14:33:54] WorldServer start in 12493 ms.
[14:41:03] MySQL Database Connected
[14:41:03] 16 Breeds catched
[14:41:03] 256 Heads catched
[14:41:03] 561 Effects catched
[14:41:04] 4 SuperAreas catched
[14:41:04] 48 Areas catched
[14:41:05] 334 SubAreas catched
[14:41:13] 11260 DofusMaps catched
[14:41:13] 9761 StatedElements catched
[14:41:14] 13349 InteractiveElements catched
[14:41:14] 1485 HouseInformations catched
[14:41:14] 556 InteractiveDoors catched
[14:41:14] 3614 MapPositions uncatched
[14:41:14] 14681 MapPositions catched
[14:41:14] 42 MapZaaps catched
[14:41:14] 79 MapSubways catched
[14:41:14] 15228 SpellLevels catched 
[14:41:14] 4772 Spells catched 
[14:41:14] 316 GuildEmblems catched 
[14:41:14] 1179 LearnableSpells catched 
[14:41:14] 9780 ItemTemplates catched 
[14:41:14] 4489 Weapons catched 
[14:41:14] 363 ItemSets catched 
[14:41:14] 171 ItemTypes catched 
[14:41:14] 110 ItemPets catched 
[14:41:15] 2476 NpcTemplates catched 
[14:41:15] 787 NpcSpawns catched 
[14:41:15] 94 NpcItems catched 
[14:41:15] 19801 NpcMessages catched 
[14:41:15] 7 NpcReplies catched 
[14:41:15] 353 Triggers catched
[14:41:15] 1277 Paddocks catched
[14:41:15] 72 Mounts catched
[14:41:15] 4 Guild catched
[14:41:15] 3 GuildMembers catched
[14:41:16] 122 Handlers Readed
[14:41:16] 166 Messages Readed
[14:41:16] WorldServer start in 13541 ms.
[16:17:11] MySQL Database Connected
[16:17:11] 16 Breeds catched
[16:17:11] 256 Heads catched
[16:17:11] 561 Effects catched
[16:17:11] 4 SuperAreas catched
[16:17:12] 48 Areas catched
[16:17:12] 334 SubAreas catched
[16:17:20] 11260 DofusMaps catched
[16:17:20] 9761 StatedElements catched
[16:17:20] 13349 InteractiveElements catched
[16:17:20] 1485 HouseInformations catched
[16:17:20] 556 InteractiveDoors catched
[16:17:20] 3614 MapPositions uncatched
[16:17:20] 14681 MapPositions catched
[16:17:20] 42 MapZaaps catched
[16:17:20] 79 MapSubways catched
[16:17:20] 15228 SpellLevels catched 
[16:17:21] 4772 Spells catched 
[16:17:21] 316 GuildEmblems catched 
[16:17:21] 1179 LearnableSpells catched 
[16:17:21] 9780 ItemTemplates catched 
[16:17:21] 4489 Weapons catched 
[16:17:21] 363 ItemSets catched 
[16:17:21] 171 ItemTypes catched 
[16:17:21] 110 ItemPets catched 
[16:17:21] 2476 NpcTemplates catched 
[16:17:21] 787 NpcSpawns catched 
[16:17:22] 94 NpcItems catched 
[16:17:22] 19801 NpcMessages catched 
[16:17:22] 7 NpcReplies catched 
[16:17:22] 353 Triggers catched
[16:17:22] 1277 Paddocks catched
[16:17:22] 72 Mounts catched
[16:17:22] 4 Guild catched
[16:17:22] 3 GuildMembers catched
[16:17:22] 122 Handlers Readed
[16:17:23] 166 Messages Readed
[16:17:23] WorldServer start in 12311 ms.
[16:18:55] MySQL Database Connected
[16:18:55] 16 Breeds catched
[16:18:55] 256 Heads catched
[16:18:55] 561 Effects catched
[16:18:56] 4 SuperAreas catched
[16:18:56] 48 Areas catched
[16:18:56] 334 SubAreas catched
[16:19:04] 11260 DofusMaps catched
[16:19:04] 9761 StatedElements catched
[16:19:04] 13349 InteractiveElements catched
[16:19:04] 1485 HouseInformations catched
[16:19:04] 556 InteractiveDoors catched
[16:19:04] 3614 MapPositions uncatched
[16:19:04] 14681 MapPositions catched
[16:19:04] 42 MapZaaps catched
[16:19:04] 79 MapSubways catched
[16:19:04] 15228 SpellLevels catched 
[16:19:05] 4772 Spells catched 
[16:19:05] 316 GuildEmblems catched 
[16:19:05] 1179 LearnableSpells catched 
[16:19:05] 9780 ItemTemplates catched 
[16:19:06] 4489 Weapons catched 
[16:19:06] 363 ItemSets catched 
[16:19:06] 171 ItemTypes catched 
[16:19:06] 110 ItemPets catched 
[16:19:07] 2476 NpcTemplates catched 
[16:19:07] 787 NpcSpawns catched 
[16:19:07] 94 NpcItems catched 
[16:19:07] 19801 NpcMessages catched 
[16:19:07] 7 NpcReplies catched 
[16:19:07] 353 Triggers catched
[16:19:07] 1277 Paddocks catched
[16:19:07] 72 Mounts catched
[16:19:07] 4 Guild catched
[16:19:07] 3 GuildMembers catched
[16:19:08] 122 Handlers Readed
[16:19:08] 166 Messages Readed
[16:19:08] WorldServer start in 13786 ms.
[19:16:45] MySQL Database Connected
[19:16:45] 16 Breeds catched
[19:16:45] 256 Heads catched
[19:16:45] 561 Effects catched
[19:16:46] 4 SuperAreas catched
[19:16:46] 48 Areas catched
[19:16:47] 334 SubAreas catched
[19:16:54] 11260 DofusMaps catched
[19:16:54] 9761 StatedElements catched
[19:16:55] 13349 InteractiveElements catched
[19:16:55] 1485 HouseInformations catched
[19:16:55] 556 InteractiveDoors catched
[19:16:55] 3614 MapPositions uncatched
[19:16:55] 14681 MapPositions catched
[19:16:55] 42 MapZaaps catched
[19:16:55] 79 MapSubways catched
[19:16:55] 15228 SpellLevels catched 
[19:16:55] 4772 Spells catched 
[19:16:55] 316 GuildEmblems catched 
[19:16:55] 1179 LearnableSpells catched 
[19:16:55] 9780 ItemTemplates catched 
[19:16:56] 4489 Weapons catched 
[19:16:56] 363 ItemSets catched 
[19:16:56] 171 ItemTypes catched 
[19:16:56] 110 ItemPets catched 
[19:16:56] 2476 NpcTemplates catched 
[19:16:56] 787 NpcSpawns catched 
[19:16:56] 94 NpcItems catched 
[19:16:56] 19801 NpcMessages catched 
[19:16:56] 7 NpcReplies catched 
[19:16:57] 353 Triggers catched
[19:16:57] 1277 Paddocks catched
[19:16:57] 72 Mounts catched
[19:16:57] 4 Guild catched
[19:16:57] 3 GuildMembers catched
[19:16:57] 122 Handlers Readed
[19:16:58] 166 Messages Readed
[19:16:58] WorldServer start in 13088 ms.
[19:39:55] MySQL Database Connected
[19:39:55] 16 Breeds catched
[19:39:55] 256 Heads catched
[19:39:55] 561 Effects catched
[19:39:55] 4 SuperAreas catched
[19:39:55] 48 Areas catched
[19:39:56] 334 SubAreas catched
[19:40:04] 11260 DofusMaps catched
[19:40:04] 9761 StatedElements catched
[19:40:04] 13349 InteractiveElements catched
[19:40:04] 1485 HouseInformations catched
[19:40:04] 556 InteractiveDoors catched
[19:40:04] 3614 MapPositions uncatched
[19:40:04] 14681 MapPositions catched
[19:40:04] 42 MapZaaps catched
[19:40:04] 79 MapSubways catched
[19:40:05] 15228 SpellLevels catched 
[19:40:05] 4772 Spells catched 
[19:40:05] 316 GuildEmblems catched 
[19:40:05] 1179 LearnableSpells catched 
[19:40:05] 9780 ItemTemplates catched 
[19:40:05] 4489 Weapons catched 
[19:40:05] 363 ItemSets catched 
[19:40:05] 171 ItemTypes catched 
[19:40:05] 110 ItemPets catched 
[19:40:06] 2476 NpcTemplates catched 
[19:40:06] 787 NpcSpawns catched 
[19:40:06] 94 NpcItems catched 
[19:40:06] 19801 NpcMessages catched 
[19:40:06] 7 NpcReplies catched 
[19:40:06] 353 Triggers catched
[19:40:06] 1277 Paddocks catched
[19:40:06] 72 Mounts catched
[19:40:06] 4 Guild catched
[19:40:06] 3 GuildMembers catched
[19:40:07] 122 Handlers Readed
[19:40:07] 166 Messages Readed
[19:40:07] WorldServer start in 12627 ms.
[19:42:24] MySQL Database Connected
[19:42:24] 16 Breeds catched
[19:42:24] 256 Heads catched
[19:42:24] 561 Effects catched
[19:42:25] 4 SuperAreas catched
[19:42:25] 48 Areas catched
[19:42:26] 334 SubAreas catched
[19:42:33] 11260 DofusMaps catched
[19:42:33] 9761 StatedElements catched
[19:42:34] 13349 InteractiveElements catched
[19:42:34] 1485 HouseInformations catched
[19:42:34] 556 InteractiveDoors catched
[19:42:34] 3614 MapPositions uncatched
[19:42:34] 14681 MapPositions catched
[19:42:34] 42 MapZaaps catched
[19:42:34] 79 MapSubways catched
[19:42:34] 15228 SpellLevels catched 
[19:42:34] 4772 Spells catched 
[19:42:34] 316 GuildEmblems catched 
[19:42:34] 1179 LearnableSpells catched 
[19:42:34] 9780 ItemTemplates catched 
[19:42:34] 4489 Weapons catched 
[19:42:35] 363 ItemSets catched 
[19:42:35] 171 ItemTypes catched 
[19:42:35] 110 ItemPets catched 
[19:42:35] 2476 NpcTemplates catched 
[19:42:35] 787 NpcSpawns catched 
[19:42:35] 94 NpcItems catched 
[19:42:35] 19801 NpcMessages catched 
[19:42:35] 7 NpcReplies catched 
[19:42:35] 353 Triggers catched
[19:42:35] 1277 Paddocks catched
[19:42:35] 72 Mounts catched
[19:42:35] 4 Guild catched
[19:42:35] 3 GuildMembers catched
[19:42:36] 122 Handlers Readed
[19:42:36] 166 Messages Readed
[19:42:37] WorldServer start in 12668 ms.
[19:43:26] MySQL Database Connected
[19:43:26] 16 Breeds catched
[19:43:26] 256 Heads catched
[19:43:26] 561 Effects catched
[19:43:27] 4 SuperAreas catched
[19:43:27] 48 Areas catched
[19:43:28] 334 SubAreas catched
[19:43:35] 11260 DofusMaps catched
[19:43:35] 9761 StatedElements catched
[19:43:35] 13349 InteractiveElements catched
[19:43:35] 1485 HouseInformations catched
[19:43:35] 556 InteractiveDoors catched
[19:43:35] 3614 MapPositions uncatched
[19:43:35] 14681 MapPositions catched
[19:43:35] 42 MapZaaps catched
[19:43:35] 79 MapSubways catched
[19:43:36] 15228 SpellLevels catched 
[19:43:36] 4772 Spells catched 
[19:43:36] 316 GuildEmblems catched 
[19:43:36] 1179 LearnableSpells catched 
[19:43:36] 9780 ItemTemplates catched 
[19:43:36] 4489 Weapons catched 
[19:43:36] 363 ItemSets catched 
[19:43:36] 171 ItemTypes catched 
[19:43:36] 110 ItemPets catched 
[19:43:37] 2476 NpcTemplates catched 
[19:43:37] 787 NpcSpawns catched 
[19:43:37] 94 NpcItems catched 
[19:43:37] 19801 NpcMessages catched 
[19:43:37] 7 NpcReplies catched 
[19:43:37] 353 Triggers catched
[19:43:37] 1277 Paddocks catched
[19:43:37] 72 Mounts catched
[19:43:37] 4 Guild catched
[19:43:37] 3 GuildMembers catched
[19:43:38] 122 Handlers Readed
[19:43:38] 166 Messages Readed
[19:43:38] WorldServer start in 12742 ms.
[19:45:12] MySQL Database Connected
[19:45:12] 16 Breeds catched
[19:45:12] 256 Heads catched
[19:45:12] 561 Effects catched
[19:45:13] 4 SuperAreas catched
[19:45:13] 48 Areas catched
[19:45:14] 334 SubAreas catched
[19:45:21] 11260 DofusMaps catched
[19:45:21] 9761 StatedElements catched
[19:45:21] 13349 InteractiveElements catched
[19:45:21] 1485 HouseInformations catched
[19:45:21] 556 InteractiveDoors catched
[19:45:21] 3614 MapPositions uncatched
[19:45:21] 14681 MapPositions catched
[19:45:21] 42 MapZaaps catched
[19:45:21] 79 MapSubways catched
[19:45:22] 15228 SpellLevels catched 
[19:45:22] 4772 Spells catched 
[19:45:22] 316 GuildEmblems catched 
[19:45:22] 1179 LearnableSpells catched 
[19:45:22] 9780 ItemTemplates catched 
[19:45:22] 4489 Weapons catched 
[19:45:22] 363 ItemSets catched 
[19:45:22] 171 ItemTypes catched 
[19:45:22] 110 ItemPets catched 
[19:45:23] 2476 NpcTemplates catched 
[19:45:23] 787 NpcSpawns catched 
[19:45:23] 94 NpcItems catched 
[19:45:23] 19801 NpcMessages catched 
[19:45:23] 7 NpcReplies catched 
[19:45:23] 353 Triggers catched
[19:45:23] 1277 Paddocks catched
[19:45:23] 72 Mounts catched
[19:45:23] 4 Guild catched
[19:45:23] 3 GuildMembers catched
[19:45:24] 122 Handlers Readed
[19:45:24] 166 Messages Readed
[19:45:24] WorldServer start in 12136 ms.
[19:46:25] MySQL Database Connected
[19:46:25] 16 Breeds catched
[19:46:25] 256 Heads catched
[19:46:25] 561 Effects catched
[19:46:25] 4 SuperAreas catched
[19:46:25] 48 Areas catched
[19:46:26] 334 SubAreas catched
[19:46:33] 11260 DofusMaps catched
[19:46:33] 9761 StatedElements catched
[19:46:34] 13349 InteractiveElements catched
[19:46:34] 1485 HouseInformations catched
[19:46:34] 556 InteractiveDoors catched
[19:46:34] 3614 MapPositions uncatched
[19:46:34] 14681 MapPositions catched
[19:46:34] 42 MapZaaps catched
[19:46:34] 79 MapSubways catched
[19:46:34] 15228 SpellLevels catched 
[19:46:34] 4772 Spells catched 
[19:46:34] 316 GuildEmblems catched 
[19:46:34] 1179 LearnableSpells catched 
[19:46:34] 9780 ItemTemplates catched 
[19:46:34] 4489 Weapons catched 
[19:46:35] 363 ItemSets catched 
[19:46:35] 171 ItemTypes catched 
[19:46:35] 110 ItemPets catched 
[19:46:35] 2476 NpcTemplates catched 
[19:46:35] 787 NpcSpawns catched 
[19:46:35] 94 NpcItems catched 
[19:46:35] 19801 NpcMessages catched 
[19:46:35] 7 NpcReplies catched 
[19:46:35] 353 Triggers catched
[19:46:35] 1277 Paddocks catched
[19:46:35] 72 Mounts catched
[19:46:35] 4 Guild catched
[19:46:35] 3 GuildMembers catched
[19:46:36] 122 Handlers Readed
[19:46:36] 166 Messages Readed
[19:46:37] WorldServer start in 12230 ms.
[19:48:27] MySQL Database Connected
[19:48:27] 16 Breeds catched
[19:48:27] 256 Heads catched
[19:48:27] 561 Effects catched
[19:48:28] 4 SuperAreas catched
[19:48:28] 48 Areas catched
[19:48:29] 334 SubAreas catched
[19:48:36] 11260 DofusMaps catched
[19:48:36] 9761 StatedElements catched
[19:48:37] 13349 InteractiveElements catched
[19:48:37] 1485 HouseInformations catched
[19:48:37] 556 InteractiveDoors catched
[19:48:37] 3614 MapPositions uncatched
[19:48:37] 14681 MapPositions catched
[19:48:37] 42 MapZaaps catched
[19:48:37] 79 MapSubways catched
[19:48:37] 15228 SpellLevels catched 
[19:48:37] 4772 Spells catched 
[19:48:37] 316 GuildEmblems catched 
[19:48:37] 1179 LearnableSpells catched 
[19:48:37] 9780 ItemTemplates catched 
[19:48:37] 4489 Weapons catched 
[19:48:37] 363 ItemSets catched 
[19:48:37] 171 ItemTypes catched 
[19:48:37] 110 ItemPets catched 
[19:48:38] 2476 NpcTemplates catched 
[19:48:38] 787 NpcSpawns catched 
[19:48:38] 94 NpcItems catched 
[19:48:38] 19801 NpcMessages catched 
[19:48:38] 7 NpcReplies catched 
[19:48:38] 353 Triggers catched
[19:48:38] 1277 Paddocks catched
[19:48:38] 72 Mounts catched
[19:48:38] 4 Guild catched
[19:48:38] 3 GuildMembers catched
[19:48:39] 122 Handlers Readed
[19:48:39] 166 Messages Readed
[19:48:39] WorldServer start in 12657 ms.
[19:50:38] MySQL Database Connected
[19:50:38] 16 Breeds catched
[19:50:38] 256 Heads catched
[19:50:38] 561 Effects catched
[19:50:39] 4 SuperAreas catched
[19:50:39] 48 Areas catched
[19:50:40] 334 SubAreas catched
[19:50:47] 11260 DofusMaps catched
[19:50:47] 9761 StatedElements catched
[19:50:48] 13349 InteractiveElements catched
[19:50:48] 1485 HouseInformations catched
[19:50:48] 556 InteractiveDoors catched
[19:50:48] 3614 MapPositions uncatched
[19:50:48] 14681 MapPositions catched
[19:50:48] 42 MapZaaps catched
[19:50:48] 79 MapSubways catched
[19:50:48] 15228 SpellLevels catched 
[19:50:48] 4772 Spells catched 
[19:50:48] 316 GuildEmblems catched 
[19:50:48] 1179 LearnableSpells catched 
[19:50:48] 9780 ItemTemplates catched 
[19:50:48] 4489 Weapons catched 
[19:50:48] 363 ItemSets catched 
[19:50:48] 171 ItemTypes catched 
[19:50:49] 110 ItemPets catched 
[19:50:49] 2476 NpcTemplates catched 
[19:50:49] 787 NpcSpawns catched 
[19:50:49] 94 NpcItems catched 
[19:50:49] 19801 NpcMessages catched 
[19:50:49] 7 NpcReplies catched 
[19:50:49] 353 Triggers catched
[19:50:49] 1277 Paddocks catched
[19:50:49] 72 Mounts catched
[19:50:49] 4 Guild catched
[19:50:49] 3 GuildMembers catched
[19:50:50] 122 Handlers Readed
[19:50:50] 166 Messages Readed
[19:50:50] WorldServer start in 12425 ms.
[19:52:19] MySQL Database Connected
[19:52:19] 16 Breeds catched
[19:52:19] 256 Heads catched
[19:52:19] 561 Effects catched
[19:52:20] 4 SuperAreas catched
[19:52:20] 48 Areas catched
[19:52:21] 334 SubAreas catched
[19:52:29] 11260 DofusMaps catched
[19:52:29] 9761 StatedElements catched
[19:52:29] 13349 InteractiveElements catched
[19:52:29] 1485 HouseInformations catched
[19:52:29] 556 InteractiveDoors catched
[19:52:29] 3614 MapPositions uncatched
[19:52:29] 14681 MapPositions catched
[19:52:29] 42 MapZaaps catched
[19:52:29] 79 MapSubways catched
[19:52:29] 15228 SpellLevels catched 
[19:52:29] 4772 Spells catched 
[19:52:29] 316 GuildEmblems catched 
[19:52:29] 1179 LearnableSpells catched 
[19:52:30] 9780 ItemTemplates catched 
[19:52:30] 4489 Weapons catched 
[19:52:30] 363 ItemSets catched 
[19:52:30] 171 ItemTypes catched 
[19:52:30] 110 ItemPets catched 
[19:52:31] 2476 NpcTemplates catched 
[19:52:31] 787 NpcSpawns catched 
[19:52:31] 94 NpcItems catched 
[19:52:31] 19801 NpcMessages catched 
[19:52:31] 7 NpcReplies catched 
[19:52:31] 353 Triggers catched
[19:52:31] 1277 Paddocks catched
[19:52:31] 72 Mounts catched
[19:52:31] 4 Guild catched
[19:52:31] 3 GuildMembers catched
[19:52:32] 122 Handlers Readed
[19:52:32] 166 Messages Readed
[19:52:32] WorldServer start in 13529 ms.
[19:54:01] MySQL Database Connected
[19:54:01] 16 Breeds catched
[19:54:01] 256 Heads catched
[19:54:01] 561 Effects catched
[19:54:02] 4 SuperAreas catched
[19:54:02] 48 Areas catched
[19:54:03] 334 SubAreas catched
[19:54:11] 11260 DofusMaps catched
[19:54:11] 9761 StatedElements catched
[19:54:11] 13349 InteractiveElements catched
[19:54:11] 1485 HouseInformations catched
[19:54:11] 556 InteractiveDoors catched
[19:54:11] 3614 MapPositions uncatched
[19:54:11] 14681 MapPositions catched
[19:54:11] 42 MapZaaps catched
[19:54:11] 79 MapSubways catched
[19:54:11] 15228 SpellLevels catched 
[19:54:11] 4772 Spells catched 
[19:54:11] 316 GuildEmblems catched 
[19:54:11] 1179 LearnableSpells catched 
[19:54:12] 9780 ItemTemplates catched 
[19:54:12] 4489 Weapons catched 
[19:54:12] 363 ItemSets catched 
[19:54:12] 171 ItemTypes catched 
[19:54:12] 110 ItemPets catched 
[19:54:12] 2476 NpcTemplates catched 
[19:54:12] 787 NpcSpawns catched 
[19:54:12] 94 NpcItems catched 
[19:54:12] 19801 NpcMessages catched 
[19:54:12] 7 NpcReplies catched 
[19:54:13] 353 Triggers catched
[19:54:13] 1277 Paddocks catched
[19:54:13] 72 Mounts catched
[19:54:13] 4 Guild catched
[19:54:13] 3 GuildMembers catched
[19:54:13] 122 Handlers Readed
[19:54:14] 166 Messages Readed
[19:54:14] WorldServer start in 12890 ms.
[20:11:34] MySQL Database Connected
[20:11:34] 16 Breeds catched
[20:11:34] 256 Heads catched
[20:11:34] 561 Effects catched
[20:11:34] 4 SuperAreas catched
[20:11:34] 48 Areas catched
[20:11:35] 334 SubAreas catched
[20:11:43] 11260 DofusMaps catched
[20:11:43] 9761 StatedElements catched
[20:11:43] 13349 InteractiveElements catched
[20:11:43] 1485 HouseInformations catched
[20:11:43] 556 InteractiveDoors catched
[20:11:43] 3614 MapPositions uncatched
[20:11:43] 14681 MapPositions catched
[20:11:43] 42 MapZaaps catched
[20:11:43] 79 MapSubways catched
[20:11:43] 15228 SpellLevels catched 
[20:11:43] 4772 Spells catched 
[20:11:43] 316 GuildEmblems catched 
[20:11:43] 1179 LearnableSpells catched 
[20:11:44] 9780 ItemTemplates catched 
[20:11:44] 4489 Weapons catched 
[20:11:44] 363 ItemSets catched 
[20:11:44] 171 ItemTypes catched 
[20:11:44] 110 ItemPets catched 
[20:11:44] 2476 NpcTemplates catched 
[20:11:44] 787 NpcSpawns catched 
[20:11:44] 94 NpcItems catched 
[20:11:44] 19801 NpcMessages catched 
[20:11:44] 7 NpcReplies catched 
[20:11:45] 353 Triggers catched
[20:11:45] 1277 Paddocks catched
[20:11:45] 72 Mounts catched
[20:11:45] 4 Guild catched
[20:11:45] 3 GuildMembers catched
[20:11:45] 122 Handlers Readed
[20:11:46] 166 Messages Readed
[20:11:46] WorldServer start in 12239 ms.
[20:16:55] MySQL Database Connected
[20:16:55] 16 Breeds catched
[20:16:55] 256 Heads catched
[20:16:55] 561 Effects catched
[20:16:55] 4 SuperAreas catched
[20:16:55] 48 Areas catched
[20:16:57] 334 SubAreas catched
[20:17:05] 11260 DofusMaps catched
[20:17:05] 9761 StatedElements catched
[20:17:05] 13349 InteractiveElements catched
[20:17:05] 1485 HouseInformations catched
[20:17:05] 556 InteractiveDoors catched
[20:17:05] 3614 MapPositions uncatched
[20:17:05] 14681 MapPositions catched
[20:17:05] 42 MapZaaps catched
[20:17:05] 79 MapSubways catched
[20:17:05] 15228 SpellLevels catched 
[20:17:05] 4772 Spells catched 
[20:17:05] 316 GuildEmblems catched 
[20:17:05] 1179 LearnableSpells catched 
[20:17:06] 9780 ItemTemplates catched 
[20:17:06] 4489 Weapons catched 
[20:17:06] 363 ItemSets catched 
[20:17:06] 171 ItemTypes catched 
[20:17:06] 110 ItemPets catched 
[20:17:06] 2476 NpcTemplates catched 
[20:17:06] 787 NpcSpawns catched 
[20:17:06] 94 NpcItems catched 
[20:17:06] 19801 NpcMessages catched 
[20:17:06] 7 NpcReplies catched 
[20:17:07] 353 Triggers catched
[20:17:07] 1277 Paddocks catched
[20:17:07] 72 Mounts catched
[20:17:07] 4 Guild catched
[20:17:07] 3 GuildMembers catched
[20:17:07] 122 Handlers Readed
[20:17:08] 166 Messages Readed
[20:17:08] WorldServer start in 13493 ms.
