[16:38:34] MySQL Database Connected
[16:38:34] 16 Breeds catched
[16:38:34] 256 Heads catched
[16:38:34] 561 Effects catched
[16:38:35] 4 SuperAreas catched
[16:38:35] 48 Areas catched
[16:38:35] 334 SubAreas catched
[16:38:46] 11260 DofusMaps catched
[16:38:46] 9761 StatedElements catched
[16:38:46] 13349 InteractiveElements catched
[16:38:46] 1485 HouseInformations catched
[16:38:46] 556 InteractiveDoors catched
[16:38:46] 3614 MapPositions uncatched
[16:38:46] 14681 MapPositions catched
[16:38:46] 42 MapZaaps catched
[16:38:46] 79 MapSubways catched
[16:38:46] 15228 SpellLevels catched 
[16:38:47] 4772 Spells catched 
[16:38:47] 316 GuildEmblems catched 
[16:38:47] 1179 LearnableSpells catched 
[16:38:47] 9780 ItemTemplates catched 
[16:38:47] 4489 Weapons catched 
[16:38:47] 363 ItemSets catched 
[16:38:47] 171 ItemTypes catched 
[16:38:47] 110 ItemPets catched 
[16:38:48] 2476 NpcTemplates catched 
[16:38:48] 787 NpcSpawns catched 
[16:38:48] 94 NpcItems catched 
[16:38:48] 19801 NpcMessages catched 
[16:38:48] 7 NpcReplies catched 
[16:38:48] 353 Triggers catched
[16:38:48] 1277 Paddocks catched
[16:38:48] 72 Mounts catched
[16:38:48] 4 Guild catched
[16:38:48] 3 GuildMembers catched
[16:38:50] 120 Handlers Readed
[16:38:50] 164 Messages Readed
[16:38:50] WorldServer start in 16378 ms.
[16:39:48] MySQL Database Connected
[16:39:48] 16 Breeds catched
[16:39:48] 256 Heads catched
[16:39:48] 561 Effects catched
[16:39:49] 4 SuperAreas catched
[16:39:49] 48 Areas catched
[16:39:49] 334 SubAreas catched
[16:39:57] 11260 DofusMaps catched
[16:39:57] 9761 StatedElements catched
[16:39:57] 13349 InteractiveElements catched
[16:39:57] 1485 HouseInformations catched
[16:39:57] 556 InteractiveDoors catched
[16:39:57] 3614 MapPositions uncatched
[16:39:57] 14681 MapPositions catched
[16:39:57] 42 MapZaaps catched
[16:39:57] 79 MapSubways catched
[16:39:58] 15228 SpellLevels catched 
[16:39:58] 4772 Spells catched 
[16:39:58] 316 GuildEmblems catched 
[16:39:58] 1179 LearnableSpells catched 
[16:39:58] 9780 ItemTemplates catched 
[16:39:58] 4489 Weapons catched 
[16:39:58] 363 ItemSets catched 
[16:39:58] 171 ItemTypes catched 
[16:39:58] 110 ItemPets catched 
[16:39:58] 2476 NpcTemplates catched 
[16:39:59] 787 NpcSpawns catched 
[16:39:59] 94 NpcItems catched 
[16:39:59] 19801 NpcMessages catched 
[16:39:59] 7 NpcReplies catched 
[16:39:59] 353 Triggers catched
[16:39:59] 1277 Paddocks catched
[16:39:59] 72 Mounts catched
[16:39:59] 4 Guild catched
[16:39:59] 3 GuildMembers catched
[16:39:59] 120 Handlers Readed
[16:40:00] 164 Messages Readed
[16:40:00] WorldServer start in 12104 ms.
[16:42:35] MySQL Database Connected
[16:42:35] 16 Breeds catched
[16:42:35] 256 Heads catched
[16:42:35] 561 Effects catched
[16:42:36] 4 SuperAreas catched
[16:42:36] 48 Areas catched
[16:42:36] 334 SubAreas catched
[16:42:44] 11260 DofusMaps catched
[16:42:44] 9761 StatedElements catched
[16:42:44] 13349 InteractiveElements catched
[16:42:44] 1485 HouseInformations catched
[16:42:44] 556 InteractiveDoors catched
[16:42:44] 3614 MapPositions uncatched
[16:42:44] 14681 MapPositions catched
[16:42:44] 42 MapZaaps catched
[16:42:44] 79 MapSubways catched
[16:42:44] 15228 SpellLevels catched 
[16:42:44] 4772 Spells catched 
[16:42:44] 316 GuildEmblems catched 
[16:42:44] 1179 LearnableSpells catched 
[16:42:45] 9780 ItemTemplates catched 
[16:42:45] 4489 Weapons catched 
[16:42:45] 363 ItemSets catched 
[16:42:45] 171 ItemTypes catched 
[16:42:45] 110 ItemPets catched 
[16:42:45] 2476 NpcTemplates catched 
[16:42:45] 787 NpcSpawns catched 
[16:42:45] 94 NpcItems catched 
[16:42:45] 19801 NpcMessages catched 
[16:42:45] 7 NpcReplies catched 
[16:42:46] 353 Triggers catched
[16:42:46] 1277 Paddocks catched
[16:42:46] 72 Mounts catched
[16:42:46] 4 Guild catched
[16:42:46] 3 GuildMembers catched
[16:42:46] 120 Handlers Readed
[16:42:47] 164 Messages Readed
[16:42:47] WorldServer start in 12041 ms.
[16:43:51] MySQL Database Connected
[16:43:51] 16 Breeds catched
[16:43:51] 256 Heads catched
[16:43:51] 561 Effects catched
[16:43:52] 4 SuperAreas catched
[16:43:52] 48 Areas catched
[16:43:53] 334 SubAreas catched
[16:44:01] 11260 DofusMaps catched
[16:44:01] 9761 StatedElements catched
[16:44:01] 13349 InteractiveElements catched
[16:44:01] 1485 HouseInformations catched
[16:44:01] 556 InteractiveDoors catched
[16:44:01] 3614 MapPositions uncatched
[16:44:01] 14681 MapPositions catched
[16:44:01] 42 MapZaaps catched
[16:44:01] 79 MapSubways catched
[16:44:01] 15228 SpellLevels catched 
[16:44:01] 4772 Spells catched 
[16:44:01] 316 GuildEmblems catched 
[16:44:01] 1179 LearnableSpells catched 
[16:44:02] 9780 ItemTemplates catched 
[16:44:02] 4489 Weapons catched 
[16:44:02] 363 ItemSets catched 
[16:44:02] 171 ItemTypes catched 
[16:44:02] 110 ItemPets catched 
[16:44:02] 2476 NpcTemplates catched 
[16:44:02] 787 NpcSpawns catched 
[16:44:02] 94 NpcItems catched 
[16:44:03] 19801 NpcMessages catched 
[16:44:03] 7 NpcReplies catched 
[16:44:03] 353 Triggers catched
[16:44:03] 1277 Paddocks catched
[16:44:03] 72 Mounts catched
[16:44:03] 4 Guild catched
[16:44:03] 3 GuildMembers catched
[16:44:03] 120 Handlers Readed
[16:44:04] 164 Messages Readed
[16:44:04] WorldServer start in 13107 ms.
[16:45:53] MySQL Database Connected
[16:45:53] 16 Breeds catched
[16:45:53] 256 Heads catched
[16:45:53] 561 Effects catched
[16:45:54] 4 SuperAreas catched
[16:45:54] 48 Areas catched
[16:45:55] 334 SubAreas catched
[16:46:02] 11260 DofusMaps catched
[16:46:02] 9761 StatedElements catched
[16:46:02] 13349 InteractiveElements catched
[16:46:02] 1485 HouseInformations catched
[16:46:02] 556 InteractiveDoors catched
[16:46:02] 3614 MapPositions uncatched
[16:46:02] 14681 MapPositions catched
[16:46:02] 42 MapZaaps catched
[16:46:02] 79 MapSubways catched
[16:46:03] 15228 SpellLevels catched 
[16:46:03] 4772 Spells catched 
[16:46:03] 316 GuildEmblems catched 
[16:46:03] 1179 LearnableSpells catched 
[16:46:03] 9780 ItemTemplates catched 
[16:46:03] 4489 Weapons catched 
[16:46:03] 363 ItemSets catched 
[16:46:03] 171 ItemTypes catched 
[16:46:03] 110 ItemPets catched 
[16:46:04] 2476 NpcTemplates catched 
[16:46:04] 787 NpcSpawns catched 
[16:46:04] 94 NpcItems catched 
[16:46:04] 19801 NpcMessages catched 
[16:46:04] 7 NpcReplies catched 
[16:46:04] 353 Triggers catched
[16:46:04] 1277 Paddocks catched
[16:46:04] 72 Mounts catched
[16:46:04] 4 Guild catched
[16:46:04] 3 GuildMembers catched
[16:46:05] 120 Handlers Readed
[16:46:05] 164 Messages Readed
[16:46:05] WorldServer start in 12187 ms.
[16:47:30] MySQL Database Connected
[16:47:30] 16 Breeds catched
[16:47:30] 256 Heads catched
[16:47:30] 561 Effects catched
[16:47:31] 4 SuperAreas catched
[16:47:31] 48 Areas catched
[16:47:32] 334 SubAreas catched
[16:47:40] 11260 DofusMaps catched
[16:47:40] 9761 StatedElements catched
[16:47:40] 13349 InteractiveElements catched
[16:47:40] 1485 HouseInformations catched
[16:47:40] 556 InteractiveDoors catched
[16:47:40] 3614 MapPositions uncatched
[16:47:40] 14681 MapPositions catched
[16:47:40] 42 MapZaaps catched
[16:47:40] 79 MapSubways catched
[16:47:40] 15228 SpellLevels catched 
[16:47:40] 4772 Spells catched 
[16:47:40] 316 GuildEmblems catched 
[16:47:40] 1179 LearnableSpells catched 
[16:47:40] 9780 ItemTemplates catched 
[16:47:41] 4489 Weapons catched 
[16:47:41] 363 ItemSets catched 
[16:47:41] 171 ItemTypes catched 
[16:47:41] 110 ItemPets catched 
[16:47:41] 2476 NpcTemplates catched 
[16:47:41] 787 NpcSpawns catched 
[16:47:41] 94 NpcItems catched 
[16:47:41] 19801 NpcMessages catched 
[16:47:41] 7 NpcReplies catched 
[16:47:41] 353 Triggers catched
[16:47:41] 1277 Paddocks catched
[16:47:41] 72 Mounts catched
[16:47:42] 4 Guild catched
[16:47:42] 3 GuildMembers catched
[16:47:42] 120 Handlers Readed
[16:47:42] 164 Messages Readed
[16:47:43] WorldServer start in 12573 ms.
[16:49:24] MySQL Database Connected
[16:49:24] 16 Breeds catched
[16:49:24] 256 Heads catched
[16:49:24] 561 Effects catched
[16:49:25] 4 SuperAreas catched
[16:49:25] 48 Areas catched
[16:49:26] 334 SubAreas catched
[16:49:33] 11260 DofusMaps catched
[16:49:33] 9761 StatedElements catched
[16:49:33] 13349 InteractiveElements catched
[16:49:33] 1485 HouseInformations catched
[16:49:34] 556 InteractiveDoors catched
[16:49:34] 3614 MapPositions uncatched
[16:49:34] 14681 MapPositions catched
[16:49:34] 42 MapZaaps catched
[16:49:34] 79 MapSubways catched
[16:49:34] 15228 SpellLevels catched 
[16:49:34] 4772 Spells catched 
[16:49:34] 316 GuildEmblems catched 
[16:49:34] 1179 LearnableSpells catched 
[16:49:34] 9780 ItemTemplates catched 
[16:49:34] 4489 Weapons catched 
[16:49:34] 363 ItemSets catched 
[16:49:34] 171 ItemTypes catched 
[16:49:34] 110 ItemPets catched 
[16:49:35] 2476 NpcTemplates catched 
[16:49:35] 787 NpcSpawns catched 
[16:49:35] 94 NpcItems catched 
[16:49:35] 19801 NpcMessages catched 
[16:49:35] 7 NpcReplies catched 
[16:49:35] 353 Triggers catched
[16:49:35] 1277 Paddocks catched
[16:49:35] 72 Mounts catched
[16:49:35] 4 Guild catched
[16:49:35] 3 GuildMembers catched
[16:49:36] 120 Handlers Readed
[16:49:36] 164 Messages Readed
[16:49:36] WorldServer start in 12564 ms.
[16:56:31] MySQL Database Connected
[16:56:31] 16 Breeds catched
[16:56:31] 256 Heads catched
[16:56:31] 561 Effects catched
[16:56:31] 4 SuperAreas catched
[16:56:31] 48 Areas catched
[16:56:32] 334 SubAreas catched
[16:56:44] 11260 DofusMaps catched
[16:56:44] 9761 StatedElements catched
[16:56:44] 13349 InteractiveElements catched
[16:56:44] 1485 HouseInformations catched
[16:56:44] 556 InteractiveDoors catched
[16:56:45] 3614 MapPositions uncatched
[16:56:45] 14681 MapPositions catched
[16:56:45] 42 MapZaaps catched
[16:56:45] 79 MapSubways catched
[16:56:46] 15228 SpellLevels catched 
[16:56:46] 4772 Spells catched 
[16:56:46] 316 GuildEmblems catched 
[16:56:46] 1179 LearnableSpells catched 
[16:56:46] 9780 ItemTemplates catched 
[16:56:47] 4489 Weapons catched 
[16:56:47] 363 ItemSets catched 
[16:56:47] 171 ItemTypes catched 
[16:56:47] 110 ItemPets catched 
[16:56:49] 2476 NpcTemplates catched 
[16:56:49] 787 NpcSpawns catched 
[16:56:49] 94 NpcItems catched 
[16:56:49] 19801 NpcMessages catched 
[16:56:49] 7 NpcReplies catched 
[16:56:49] 353 Triggers catched
[16:56:50] 1277 Paddocks catched
[16:56:50] 72 Mounts catched
[16:56:50] 4 Guild catched
[16:56:50] 3 GuildMembers catched
[16:56:50] 120 Handlers Readed
[16:56:51] 164 Messages Readed
[16:56:51] WorldServer start in 20189 ms.
[17:00:04] MySQL Database Connected
[17:00:04] 16 Breeds catched
[17:00:04] 256 Heads catched
[17:00:04] 561 Effects catched
[17:00:04] 4 SuperAreas catched
[17:00:04] 48 Areas catched
[17:00:05] 334 SubAreas catched
[17:00:14] 11260 DofusMaps catched
[17:00:14] 9761 StatedElements catched
[17:00:14] 13349 InteractiveElements catched
[17:00:14] 1485 HouseInformations catched
[17:00:14] 556 InteractiveDoors catched
[17:00:15] 3614 MapPositions uncatched
[17:00:15] 14681 MapPositions catched
[17:00:15] 42 MapZaaps catched
[17:00:15] 79 MapSubways catched
[17:00:15] 15228 SpellLevels catched 
[17:00:15] 4772 Spells catched 
[17:00:15] 316 GuildEmblems catched 
[17:00:15] 1179 LearnableSpells catched 
[17:00:17] 9780 ItemTemplates catched 
[17:00:17] 4489 Weapons catched 
[17:00:17] 363 ItemSets catched 
[17:00:17] 171 ItemTypes catched 
[17:00:17] 110 ItemPets catched 
[17:00:19] 2476 NpcTemplates catched 
[17:00:19] 787 NpcSpawns catched 
[17:00:19] 94 NpcItems catched 
[17:00:19] 19801 NpcMessages catched 
[17:00:19] 7 NpcReplies catched 
[17:00:19] 353 Triggers catched
[17:00:20] 1277 Paddocks catched
[17:00:20] 72 Mounts catched
[17:00:20] 4 Guild catched
[17:00:20] 3 GuildMembers catched
[17:00:20] 120 Handlers Readed
[17:00:21] 164 Messages Readed
[17:00:21] WorldServer start in 17436 ms.
[17:01:34] MySQL Database Connected
[17:01:34] 16 Breeds catched
[17:01:34] 256 Heads catched
[17:01:34] 561 Effects catched
[17:01:34] 4 SuperAreas catched
[17:01:34] 48 Areas catched
[17:01:35] 334 SubAreas catched
[17:02:40] MySQL Database Connected
[17:02:40] 16 Breeds catched
[17:02:40] 256 Heads catched
[17:02:40] 561 Effects catched
[17:02:45] 4 SuperAreas catched
[17:02:45] 48 Areas catched
[17:02:46] 334 SubAreas catched
[17:02:53] 11260 DofusMaps catched
[17:02:53] 9761 StatedElements catched
[17:02:53] 13349 InteractiveElements catched
[17:02:53] 1485 HouseInformations catched
[17:02:53] 556 InteractiveDoors catched
[17:02:54] 3614 MapPositions uncatched
[17:02:54] 14681 MapPositions catched
[17:02:54] 42 MapZaaps catched
[17:02:54] 79 MapSubways catched
[17:02:54] 15228 SpellLevels catched 
[17:02:54] 4772 Spells catched 
[17:02:54] 316 GuildEmblems catched 
[17:02:54] 1179 LearnableSpells catched 
[17:02:55] 9780 ItemTemplates catched 
[17:02:55] 4489 Weapons catched 
[17:02:55] 363 ItemSets catched 
[17:02:55] 171 ItemTypes catched 
[17:02:55] 110 ItemPets catched 
[17:02:55] 2476 NpcTemplates catched 
[17:02:55] 787 NpcSpawns catched 
[17:02:55] 94 NpcItems catched 
[17:02:55] 19801 NpcMessages catched 
[17:02:55] 7 NpcReplies catched 
[17:02:56] 353 Triggers catched
[17:02:56] 1277 Paddocks catched
[17:02:56] 72 Mounts catched
[17:02:56] 4 Guild catched
[17:02:56] 3 GuildMembers catched
[17:02:56] 120 Handlers Readed
[17:02:57] 164 Messages Readed
[17:02:57] WorldServer start in 17527 ms.
[17:06:44] MySQL Database Connected
[17:06:44] 16 Breeds catched
[17:06:44] 256 Heads catched
[17:06:44] 561 Effects catched
[17:06:45] 4 SuperAreas catched
[17:06:45] 48 Areas catched
[17:06:46] 334 SubAreas catched
[17:06:53] 11260 DofusMaps catched
[17:06:53] 9761 StatedElements catched
[17:06:54] 13349 InteractiveElements catched
[17:06:54] 1485 HouseInformations catched
[17:06:54] 556 InteractiveDoors catched
[17:06:54] 3614 MapPositions uncatched
[17:06:54] 14681 MapPositions catched
[17:06:54] 42 MapZaaps catched
[17:06:54] 79 MapSubways catched
[17:06:54] 15228 SpellLevels catched 
[17:06:54] 4772 Spells catched 
[17:06:54] 316 GuildEmblems catched 
[17:06:54] 1179 LearnableSpells catched 
[17:06:54] 9780 ItemTemplates catched 
[17:06:54] 4489 Weapons catched 
[17:06:54] 363 ItemSets catched 
[17:06:54] 171 ItemTypes catched 
[17:06:55] 110 ItemPets catched 
[17:06:55] 2476 NpcTemplates catched 
[17:06:55] 787 NpcSpawns catched 
[17:06:55] 94 NpcItems catched 
[17:06:55] 19801 NpcMessages catched 
[17:06:55] 7 NpcReplies catched 
[17:06:55] 353 Triggers catched
[17:06:55] 1277 Paddocks catched
[17:06:55] 72 Mounts catched
[17:06:56] 4 Guild catched
[17:06:56] 3 GuildMembers catched
[17:06:56] 120 Handlers Readed
[17:06:56] 164 Messages Readed
[17:06:57] WorldServer start in 12754 ms.
[17:07:52] MySQL Database Connected
[17:07:52] 16 Breeds catched
[17:07:52] 256 Heads catched
[17:07:52] 561 Effects catched
[17:07:52] 4 SuperAreas catched
[17:07:52] 48 Areas catched
[17:07:54] 334 SubAreas catched
[17:08:02] 11260 DofusMaps catched
[17:08:02] 9761 StatedElements catched
[17:08:02] 13349 InteractiveElements catched
[17:08:02] 1485 HouseInformations catched
[17:08:02] 556 InteractiveDoors catched
[17:08:02] 3614 MapPositions uncatched
[17:08:02] 14681 MapPositions catched
[17:08:02] 42 MapZaaps catched
[17:08:02] 79 MapSubways catched
[17:08:03] 15228 SpellLevels catched 
[17:08:03] 4772 Spells catched 
[17:08:03] 316 GuildEmblems catched 
[17:08:03] 1179 LearnableSpells catched 
[17:08:03] 9780 ItemTemplates catched 
[17:08:03] 4489 Weapons catched 
[17:08:03] 363 ItemSets catched 
[17:08:03] 171 ItemTypes catched 
[17:08:03] 110 ItemPets catched 
[17:08:04] 2476 NpcTemplates catched 
[17:08:04] 787 NpcSpawns catched 
[17:08:04] 94 NpcItems catched 
[17:08:04] 19801 NpcMessages catched 
[17:08:04] 7 NpcReplies catched 
[17:08:04] 353 Triggers catched
[17:08:04] 1277 Paddocks catched
[17:08:04] 72 Mounts catched
[17:08:04] 4 Guild catched
[17:08:04] 3 GuildMembers catched
[17:08:05] 120 Handlers Readed
[17:08:05] 164 Messages Readed
[17:08:05] WorldServer start in 13600 ms.
[17:17:19] MySQL Database Connected
[17:17:19] 16 Breeds catched
[17:17:19] 256 Heads catched
[17:17:19] 561 Effects catched
[17:17:20] 4 SuperAreas catched
[17:17:20] 48 Areas catched
[17:17:21] 334 SubAreas catched
[17:17:28] 11260 DofusMaps catched
[17:17:28] 9761 StatedElements catched
[17:17:28] 13349 InteractiveElements catched
[17:17:28] 1485 HouseInformations catched
[17:17:28] 556 InteractiveDoors catched
[17:17:28] 3614 MapPositions uncatched
[17:17:28] 14681 MapPositions catched
[17:17:28] 42 MapZaaps catched
[17:17:28] 79 MapSubways catched
[17:17:29] 15228 SpellLevels catched 
[17:17:29] 4772 Spells catched 
[17:17:29] 316 GuildEmblems catched 
[17:17:29] 1179 LearnableSpells catched 
[17:17:29] 9780 ItemTemplates catched 
[17:17:29] 4489 Weapons catched 
[17:17:29] 363 ItemSets catched 
[17:17:29] 171 ItemTypes catched 
[17:17:29] 110 ItemPets catched 
[17:17:30] 2476 NpcTemplates catched 
[17:17:30] 787 NpcSpawns catched 
[17:17:30] 94 NpcItems catched 
[17:17:30] 19801 NpcMessages catched 
[17:17:30] 7 NpcReplies catched 
[17:17:30] 353 Triggers catched
[17:17:30] 1277 Paddocks catched
[17:17:30] 72 Mounts catched
[17:17:30] 4 Guild catched
[17:17:30] 3 GuildMembers catched
[17:17:31] 120 Handlers Readed
[17:17:31] 164 Messages Readed
[17:17:31] WorldServer start in 12157 ms.
[17:19:07] MySQL Database Connected
[17:19:07] 16 Breeds catched
[17:19:07] 256 Heads catched
[17:19:07] 561 Effects catched
[17:19:07] 4 SuperAreas catched
[17:19:07] 48 Areas catched
[17:19:08] 334 SubAreas catched
[17:19:16] 11260 DofusMaps catched
[17:19:16] 9761 StatedElements catched
[17:19:16] 13349 InteractiveElements catched
[17:19:16] 1485 HouseInformations catched
[17:19:16] 556 InteractiveDoors catched
[17:19:17] 3614 MapPositions uncatched
[17:19:17] 14681 MapPositions catched
[17:19:17] 42 MapZaaps catched
[17:19:17] 79 MapSubways catched
[17:19:17] 15228 SpellLevels catched 
[17:19:17] 4772 Spells catched 
[17:19:17] 316 GuildEmblems catched 
[17:19:17] 1179 LearnableSpells catched 
[17:19:17] 9780 ItemTemplates catched 
[17:19:17] 4489 Weapons catched 
[17:19:17] 363 ItemSets catched 
[17:19:17] 171 ItemTypes catched 
[17:19:17] 110 ItemPets catched 
[17:19:18] 2476 NpcTemplates catched 
[17:19:18] 787 NpcSpawns catched 
[17:19:18] 94 NpcItems catched 
[17:19:18] 19801 NpcMessages catched 
[17:19:18] 7 NpcReplies catched 
[17:19:18] 353 Triggers catched
[17:19:18] 1277 Paddocks catched
[17:19:18] 72 Mounts catched
[17:19:18] 4 Guild catched
[17:19:18] 3 GuildMembers catched
[17:19:19] 120 Handlers Readed
[17:19:19] 164 Messages Readed
[17:19:19] WorldServer start in 12566 ms.
[18:18:20] MySQL Database Connected
[18:18:20] 16 Breeds catched
[18:18:20] 256 Heads catched
[18:18:20] 561 Effects catched
[18:18:20] 4 SuperAreas catched
[18:18:20] 48 Areas catched
[18:18:21] 334 SubAreas catched
[18:18:35] 11260 DofusMaps catched
[18:18:35] 9761 StatedElements catched
[18:18:35] 13349 InteractiveElements catched
[18:18:35] 1485 HouseInformations catched
[18:18:35] 556 InteractiveDoors catched
[18:18:35] 3614 MapPositions uncatched
[18:18:35] 14681 MapPositions catched
[18:18:35] 42 MapZaaps catched
[18:18:35] 79 MapSubways catched
[18:18:36] 15228 SpellLevels catched 
[18:18:36] 4772 Spells catched 
[18:18:36] 316 GuildEmblems catched 
[18:18:36] 1179 LearnableSpells catched 
[18:18:36] 9780 ItemTemplates catched 
[18:18:36] 4489 Weapons catched 
[18:18:36] 363 ItemSets catched 
[18:18:36] 171 ItemTypes catched 
[18:18:37] 110 ItemPets catched 
[18:18:37] 2476 NpcTemplates catched 
[18:18:37] 787 NpcSpawns catched 
[18:18:37] 94 NpcItems catched 
[18:18:37] 19801 NpcMessages catched 
[18:18:37] 7 NpcReplies catched 
[18:18:38] 353 Triggers catched
[18:18:38] 1277 Paddocks catched
[18:18:38] 72 Mounts catched
[18:18:38] 4 Guild catched
[18:18:38] 3 GuildMembers catched
[18:18:39] 120 Handlers Readed
[18:18:42] 164 Messages Readed
[18:18:43] WorldServer start in 23534 ms.
[21:42:34] MySQL Database Connected
[21:42:34] 16 Breeds catched
[21:42:34] 256 Heads catched
[21:42:34] 561 Effects catched
[21:42:35] 4 SuperAreas catched
[21:42:35] 48 Areas catched
[21:42:36] 334 SubAreas catched
[21:43:03] 11260 DofusMaps catched
[21:43:03] 9761 StatedElements catched
[21:43:03] 13349 InteractiveElements catched
[21:43:03] 1485 HouseInformations catched
[21:43:03] 556 InteractiveDoors catched
[21:43:03] 3614 MapPositions uncatched
[21:43:03] 14681 MapPositions catched
[21:43:03] 42 MapZaaps catched
[21:43:03] 79 MapSubways catched
[21:43:03] 15228 SpellLevels catched 
[21:43:03] 4772 Spells catched 
[21:43:03] 316 GuildEmblems catched 
[21:43:04] 1179 LearnableSpells catched 
[21:43:04] 9780 ItemTemplates catched 
[21:43:04] 4489 Weapons catched 
[21:43:04] 363 ItemSets catched 
[21:43:04] 171 ItemTypes catched 
[21:43:04] 110 ItemPets catched 
[21:43:05] 2476 NpcTemplates catched 
[21:43:05] 787 NpcSpawns catched 
[21:43:05] 94 NpcItems catched 
[21:43:05] 19801 NpcMessages catched 
[21:43:05] 7 NpcReplies catched 
[21:43:05] 353 Triggers catched
[21:43:05] 1277 Paddocks catched
[21:43:05] 72 Mounts catched
[21:43:05] 4 Guild catched
[21:43:05] 3 GuildMembers catched
[21:43:06] 120 Handlers Readed
[21:43:10] 164 Messages Readed
[21:43:10] WorldServer start in 35975 ms.
[21:46:21] MySQL Database Connected
[21:46:21] 16 Breeds catched
[21:46:21] 256 Heads catched
[21:46:21] 561 Effects catched
[21:46:21] 4 SuperAreas catched
[21:46:21] 48 Areas catched
[21:46:22] 334 SubAreas catched
[21:46:30] 11260 DofusMaps catched
[21:46:30] 9761 StatedElements catched
[21:46:30] 13349 InteractiveElements catched
[21:46:30] 1485 HouseInformations catched
[21:46:30] 556 InteractiveDoors catched
[21:46:30] 3614 MapPositions uncatched
[21:46:30] 14681 MapPositions catched
[21:46:30] 42 MapZaaps catched
[21:46:30] 79 MapSubways catched
[21:46:31] 15228 SpellLevels catched 
[21:46:31] 4772 Spells catched 
[21:46:31] 316 GuildEmblems catched 
[21:46:31] 1179 LearnableSpells catched 
[21:46:31] 9780 ItemTemplates catched 
[21:46:31] 4489 Weapons catched 
[21:46:31] 363 ItemSets catched 
[21:46:31] 171 ItemTypes catched 
[21:46:31] 110 ItemPets catched 
[21:46:32] 2476 NpcTemplates catched 
[21:46:32] 787 NpcSpawns catched 
[21:46:32] 94 NpcItems catched 
[21:46:32] 19801 NpcMessages catched 
[21:46:32] 7 NpcReplies catched 
[21:46:32] 353 Triggers catched
[21:46:33] 1277 Paddocks catched
[21:46:33] 72 Mounts catched
[21:46:33] 4 Guild catched
[21:46:33] 3 GuildMembers catched
[21:46:33] 120 Handlers Readed
[21:46:34] 164 Messages Readed
[21:46:34] WorldServer start in 13292 ms.
[22:00:33] MySQL Database Connected
[22:00:34] 16 Breeds catched
[22:00:34] 256 Heads catched
[22:00:34] 561 Effects catched
[22:00:34] 4 SuperAreas catched
[22:00:34] 48 Areas catched
[22:00:35] 334 SubAreas catched
[22:00:43] 11260 DofusMaps catched
[22:00:43] 9761 StatedElements catched
[22:00:43] 13349 InteractiveElements catched
[22:00:43] 1485 HouseInformations catched
[22:00:43] 556 InteractiveDoors catched
[22:00:43] 3614 MapPositions uncatched
[22:00:43] 14681 MapPositions catched
[22:00:43] 42 MapZaaps catched
[22:00:43] 79 MapSubways catched
[22:00:43] 15228 SpellLevels catched 
[22:00:43] 4772 Spells catched 
[22:00:43] 316 GuildEmblems catched 
[22:00:43] 1179 LearnableSpells catched 
[22:00:43] 9780 ItemTemplates catched 
[22:00:44] 4489 Weapons catched 
[22:00:44] 363 ItemSets catched 
[22:00:44] 171 ItemTypes catched 
[22:00:44] 110 ItemPets catched 
[22:00:44] 2476 NpcTemplates catched 
[22:00:44] 787 NpcSpawns catched 
[22:00:44] 94 NpcItems catched 
[22:00:44] 19801 NpcMessages catched 
[22:00:44] 7 NpcReplies catched 
[22:00:45] 353 Triggers catched
[22:00:45] 1277 Paddocks catched
[22:00:45] 72 Mounts catched
[22:00:45] 4 Guild catched
[22:00:45] 3 GuildMembers catched
[22:00:45] 120 Handlers Readed
[22:00:46] 164 Messages Readed
[22:00:46] WorldServer start in 12668 ms.
[22:03:54] MySQL Database Connected
[22:03:54] 16 Breeds catched
[22:03:54] 256 Heads catched
[22:03:54] 561 Effects catched
[22:03:55] 4 SuperAreas catched
[22:03:55] 48 Areas catched
[22:03:57] 334 SubAreas catched
[22:04:05] 11260 DofusMaps catched
[22:04:05] 9761 StatedElements catched
[22:04:05] 13349 InteractiveElements catched
[22:04:05] 1485 HouseInformations catched
[22:04:05] 556 InteractiveDoors catched
[22:04:06] 3614 MapPositions uncatched
[22:04:06] 14681 MapPositions catched
[22:04:06] 42 MapZaaps catched
[22:04:06] 79 MapSubways catched
[22:04:06] 15228 SpellLevels catched 
[22:04:06] 4772 Spells catched 
[22:04:06] 316 GuildEmblems catched 
[22:04:06] 1179 LearnableSpells catched 
[22:04:06] 9780 ItemTemplates catched 
[22:04:06] 4489 Weapons catched 
[22:04:06] 363 ItemSets catched 
[22:04:06] 171 ItemTypes catched 
[22:04:06] 110 ItemPets catched 
[22:04:07] 2476 NpcTemplates catched 
[22:04:07] 787 NpcSpawns catched 
[22:04:07] 94 NpcItems catched 
[22:04:07] 19801 NpcMessages catched 
[22:04:07] 7 NpcReplies catched 
[22:04:07] 353 Triggers catched
[22:04:07] 1277 Paddocks catched
[22:04:07] 72 Mounts catched
[22:04:08] 4 Guild catched
[22:04:08] 3 GuildMembers catched
[22:04:08] 120 Handlers Readed
[22:04:09] 164 Messages Readed
[22:04:09] WorldServer start in 14471 ms.
