[15:23:44] MySQL Database Connected
[15:23:44] 16 Breeds catched
[15:23:44] 256 Heads catched
[15:23:44] 561 Effects catched
[15:23:52] 11260 DofusMaps catched
[15:23:52] 169 StatedElements catched
[15:23:52] 323 InteractiveElements catched
[15:23:52] 15228 SpellLevels catched 
[15:23:52] 4772 Spells catched 
[15:23:52] 1179 LearnableSpells catched 
[15:23:52] 9780 ItemTemplates catched 
[15:23:52] 4489 Weapons catched 
[15:23:52] 363 ItemSets catched 
[15:23:52] 171 ItemTypes catched 
[15:23:53] 27 Handlers Readed
[15:23:53] 29 Messages Readed
[15:23:53] WorldServer start in 9543 ms.
[15:25:12] MySQL Database Connected
[15:25:12] 16 Breeds catched
[15:25:12] 256 Heads catched
[15:25:12] 561 Effects catched
[15:25:20] 11260 DofusMaps catched
[15:25:20] 169 StatedElements catched
[15:25:20] 323 InteractiveElements catched
[15:25:21] 15228 SpellLevels catched 
[15:25:21] 4772 Spells catched 
[15:25:21] 1179 LearnableSpells catched 
[15:25:21] 9780 ItemTemplates catched 
[15:25:21] 4489 Weapons catched 
[15:25:21] 363 ItemSets catched 
[15:25:21] 171 ItemTypes catched 
[15:25:21] 27 Handlers Readed
[15:25:22] 29 Messages Readed
[15:25:22] WorldServer start in 9455 ms.
[15:38:27] MySQL Database Connected
[15:38:27] 16 Breeds catched
[15:38:27] 256 Heads catched
[15:38:27] 561 Effects catched
[15:38:35] 11260 DofusMaps catched
[15:38:35] 169 StatedElements catched
[15:38:35] 323 InteractiveElements catched
[15:38:36] 15228 SpellLevels catched 
[15:38:36] 4772 Spells catched 
[15:38:36] 1179 LearnableSpells catched 
[15:38:36] 9780 ItemTemplates catched 
[15:38:36] 4489 Weapons catched 
[15:38:36] 363 ItemSets catched 
[15:38:36] 171 ItemTypes catched 
[15:38:36] 27 Handlers Readed
[15:38:37] 29 Messages Readed
[15:38:37] WorldServer start in 9766 ms.
[16:30:36] MySQL Database Connected
[16:30:36] 16 Breeds catched
[16:30:36] 256 Heads catched
[16:30:36] 561 Effects catched
[16:31:00] 11260 DofusMaps catched
[16:31:00] 169 StatedElements catched
[16:31:00] 323 InteractiveElements catched
[16:31:01] 15228 SpellLevels catched 
[16:31:01] 4772 Spells catched 
[16:31:01] 1179 LearnableSpells catched 
[16:31:01] 9780 ItemTemplates catched 
[16:31:01] 4489 Weapons catched 
[16:31:01] 363 ItemSets catched 
[16:31:01] 171 ItemTypes catched 
[16:31:01] 27 Handlers Readed
[16:31:02] 29 Messages Readed
[16:31:02] WorldServer start in 26062 ms.
[16:33:46] MySQL Database Connected
[16:33:46] 16 Breeds catched
[16:33:46] 256 Heads catched
[16:33:46] 561 Effects catched
[16:33:54] 11260 DofusMaps catched
[16:33:54] 169 StatedElements catched
[16:33:54] 323 InteractiveElements catched
[16:33:54] 15228 SpellLevels catched 
[16:33:54] 4772 Spells catched 
[16:33:54] 1179 LearnableSpells catched 
[16:33:54] 9780 ItemTemplates catched 
[16:33:55] 4489 Weapons catched 
[16:33:55] 363 ItemSets catched 
[16:33:55] 171 ItemTypes catched 
[16:33:55] 27 Handlers Readed
[16:33:55] 29 Messages Readed
[16:33:55] WorldServer start in 9500 ms.
[16:35:54] MySQL Database Connected
[16:35:55] 16 Breeds catched
[16:35:55] 256 Heads catched
[16:35:55] 561 Effects catched
[16:36:02] 11260 DofusMaps catched
[16:36:02] 169 StatedElements catched
[16:36:02] 323 InteractiveElements catched
[16:36:03] 15228 SpellLevels catched 
[16:36:03] 4772 Spells catched 
[16:36:03] 1179 LearnableSpells catched 
[16:36:03] 9780 ItemTemplates catched 
[16:36:03] 4489 Weapons catched 
[16:36:03] 363 ItemSets catched 
[16:36:03] 171 ItemTypes catched 
[16:36:04] 27 Handlers Readed
[16:36:04] 29 Messages Readed
[16:36:04] WorldServer start in 9668 ms.
[16:36:47] MySQL Database Connected
[16:36:47] 16 Breeds catched
[16:36:47] 256 Heads catched
[16:36:47] 561 Effects catched
[16:36:55] 11260 DofusMaps catched
[16:36:55] 169 StatedElements catched
[16:36:55] 323 InteractiveElements catched
[16:36:55] 15228 SpellLevels catched 
[16:36:55] 4772 Spells catched 
[16:36:55] 1179 LearnableSpells catched 
[16:36:55] 9780 ItemTemplates catched 
[16:36:55] 4489 Weapons catched 
[16:36:56] 363 ItemSets catched 
[16:36:56] 171 ItemTypes catched 
[16:36:56] 27 Handlers Readed
[16:36:56] 29 Messages Readed
[16:36:56] WorldServer start in 9177 ms.
[16:37:38] MySQL Database Connected
[16:37:38] 16 Breeds catched
[16:37:38] 256 Heads catched
[16:37:38] 561 Effects catched
[16:37:46] 11260 DofusMaps catched
[16:37:46] 169 StatedElements catched
[16:37:46] 323 InteractiveElements catched
[16:37:46] 15228 SpellLevels catched 
[16:37:47] 4772 Spells catched 
[16:37:47] 1179 LearnableSpells catched 
[16:37:47] 9780 ItemTemplates catched 
[16:37:47] 4489 Weapons catched 
[16:37:47] 363 ItemSets catched 
[16:37:47] 171 ItemTypes catched 
[16:37:47] 27 Handlers Readed
[16:37:47] 29 Messages Readed
[16:37:47] WorldServer start in 9347 ms.
[16:52:17] MySQL Database Connected
[16:52:17] 16 Breeds catched
[16:52:17] 256 Heads catched
[16:52:17] 561 Effects catched
[16:52:26] 11260 DofusMaps catched
[16:52:26] 169 StatedElements catched
[16:52:26] 323 InteractiveElements catched
[16:52:36] MySQL Database Connected
[16:52:36] 16 Breeds catched
[16:52:36] 256 Heads catched
[16:52:36] 561 Effects catched
[16:52:44] 11260 DofusMaps catched
[16:52:44] 169 StatedElements catched
[16:52:44] 323 InteractiveElements catched
[16:52:44] 15228 SpellLevels catched 
[16:52:44] 4772 Spells catched 
[16:52:44] 1179 LearnableSpells catched 
[16:52:44] 9780 ItemTemplates catched 
[16:52:45] 4489 Weapons catched 
[16:52:45] 363 ItemSets catched 
[16:52:45] 171 ItemTypes catched 
[16:52:45] 27 Handlers Readed
[16:52:45] 29 Messages Readed
[16:52:45] WorldServer start in 9369 ms.
[16:56:17] MySQL Database Connected
[16:56:17] 16 Breeds catched
[16:56:17] 256 Heads catched
[16:56:17] 561 Effects catched
[16:56:25] 11260 DofusMaps catched
[16:56:25] 169 StatedElements catched
[16:56:25] 323 InteractiveElements catched
[16:56:25] 15228 SpellLevels catched 
[16:56:25] 4772 Spells catched 
[16:56:25] 1179 LearnableSpells catched 
[16:56:26] 9780 ItemTemplates catched 
[16:56:26] 4489 Weapons catched 
[16:56:26] 363 ItemSets catched 
[16:56:26] 171 ItemTypes catched 
[16:56:26] 27 Handlers Readed
[16:56:26] 29 Messages Readed
[16:56:26] WorldServer start in 9710 ms.
[17:37:52] MySQL Database Connected
[17:37:52] 16 Breeds catched
[17:37:52] 256 Heads catched
[17:37:52] 561 Effects catched
[17:38:00] 11260 DofusMaps catched
[17:38:00] 169 StatedElements catched
[17:38:00] 323 InteractiveElements catched
[17:38:01] 15228 SpellLevels catched 
[17:38:01] 4772 Spells catched 
[17:38:01] 1179 LearnableSpells catched 
[17:38:01] 9780 ItemTemplates catched 
[17:38:01] 4489 Weapons catched 
[17:38:01] 363 ItemSets catched 
[17:38:01] 171 ItemTypes catched 
[17:38:02] 27 Handlers Readed
[17:38:02] 29 Messages Readed
[17:38:02] WorldServer start in 9871 ms.
[22:48:29] MySQL Database Connected
[22:48:29] 16 Breeds catched
[22:48:29] 256 Heads catched
[22:48:29] 561 Effects catched
[22:48:36] 11260 DofusMaps catched
[22:48:37] 169 StatedElements catched
[22:48:37] 323 InteractiveElements catched
[22:48:37] 15228 SpellLevels catched 
[22:48:37] 4772 Spells catched 
[22:48:37] 1179 LearnableSpells catched 
[22:48:37] 9780 ItemTemplates catched 
[22:48:37] 4489 Weapons catched 
[22:48:37] 363 ItemSets catched 
[22:48:37] 171 ItemTypes catched 
[22:48:38] 27 Handlers Readed
[22:48:38] 29 Messages Readed
[22:48:38] WorldServer start in 9216 ms.
[22:49:56] MySQL Database Connected
[22:49:56] 16 Breeds catched
[22:49:56] 256 Heads catched
[22:49:56] 561 Effects catched
[22:50:06] 11260 DofusMaps catched
[22:50:06] 169 StatedElements catched
[22:50:06] 323 InteractiveElements catched
[22:50:07] 15228 SpellLevels catched 
[22:50:07] 4772 Spells catched 
[22:50:07] 1179 LearnableSpells catched 
[22:50:07] 9780 ItemTemplates catched 
[22:50:07] 4489 Weapons catched 
[22:50:07] 363 ItemSets catched 
[22:50:07] 171 ItemTypes catched 
[22:50:08] 27 Handlers Readed
[22:50:08] 29 Messages Readed
[22:50:08] WorldServer start in 12070 ms.
[22:55:31] MySQL Database Connected
[22:55:31] 16 Breeds catched
[22:55:31] 256 Heads catched
[22:55:31] 561 Effects catched
[22:55:39] 11260 DofusMaps catched
[22:55:39] 169 StatedElements catched
[22:55:39] 323 InteractiveElements catched
[22:55:39] 15228 SpellLevels catched 
[22:55:39] 4772 Spells catched 
[22:55:39] 1179 LearnableSpells catched 
[22:55:39] 9780 ItemTemplates catched 
[22:55:39] 4489 Weapons catched 
[22:55:39] 363 ItemSets catched 
[22:55:39] 171 ItemTypes catched 
[22:55:40] 27 Handlers Readed
[22:55:40] 29 Messages Readed
[22:55:40] WorldServer start in 8995 ms.
[22:59:44] MySQL Database Connected
[22:59:44] 16 Breeds catched
[22:59:44] 256 Heads catched
[22:59:44] 561 Effects catched
[23:00:09] 11260 DofusMaps catched
[23:00:10] 169 StatedElements catched
[23:00:10] 323 InteractiveElements catched
[23:00:10] 15228 SpellLevels catched 
[23:00:10] 4772 Spells catched 
[23:00:10] 1179 LearnableSpells catched 
[23:00:10] 9780 ItemTemplates catched 
[23:00:10] 4489 Weapons catched 
[23:00:10] 363 ItemSets catched 
[23:00:10] 171 ItemTypes catched 
[23:00:11] 27 Handlers Readed
[23:00:11] 29 Messages Readed
[23:00:11] WorldServer start in 27011 ms.
[23:09:57] MySQL Database Connected
[23:09:57] 16 Breeds catched
[23:09:57] 256 Heads catched
[23:09:57] 561 Effects catched
[23:10:06] 11260 DofusMaps catched
[23:10:06] 169 StatedElements catched
[23:10:06] 323 InteractiveElements catched
[23:10:06] 15228 SpellLevels catched 
[23:10:06] 4772 Spells catched 
[23:10:06] 1179 LearnableSpells catched 
[23:10:07] 9780 ItemTemplates catched 
[23:10:07] 4489 Weapons catched 
[23:10:07] 363 ItemSets catched 
[23:10:07] 171 ItemTypes catched 
[23:10:07] 28 Handlers Readed
[23:10:07] 30 Messages Readed
[23:10:07] WorldServer start in 10775 ms.
[23:11:09] MySQL Database Connected
[23:11:09] 16 Breeds catched
[23:11:09] 256 Heads catched
[23:11:09] 561 Effects catched
[23:11:17] 11260 DofusMaps catched
[23:11:17] 169 StatedElements catched
[23:11:17] 323 InteractiveElements catched
[23:11:17] 15228 SpellLevels catched 
[23:11:17] 4772 Spells catched 
[23:11:17] 1179 LearnableSpells catched 
[23:11:18] 9780 ItemTemplates catched 
[23:11:18] 4489 Weapons catched 
[23:11:18] 363 ItemSets catched 
[23:11:18] 171 ItemTypes catched 
[23:11:18] 28 Handlers Readed
[23:11:18] 30 Messages Readed
[23:11:18] WorldServer start in 9578 ms.
[23:14:56] MySQL Database Connected
[23:14:56] 16 Breeds catched
[23:14:56] 256 Heads catched
[23:14:56] 561 Effects catched
[23:15:04] 11260 DofusMaps catched
[23:15:04] 169 StatedElements catched
[23:15:04] 323 InteractiveElements catched
[23:15:05] 15228 SpellLevels catched 
[23:15:05] 4772 Spells catched 
[23:15:05] 1179 LearnableSpells catched 
[23:15:05] 9780 ItemTemplates catched 
[23:15:05] 4489 Weapons catched 
[23:15:05] 363 ItemSets catched 
[23:15:05] 171 ItemTypes catched 
[23:15:05] 28 Handlers Readed
[23:15:06] 30 Messages Readed
[23:15:06] WorldServer start in 9643 ms.
[23:17:02] MySQL Database Connected
[23:17:02] 16 Breeds catched
[23:17:02] 256 Heads catched
[23:17:02] 561 Effects catched
[23:17:11] 11260 DofusMaps catched
[23:17:11] 169 StatedElements catched
[23:17:11] 323 InteractiveElements catched
[23:17:12] 15228 SpellLevels catched 
[23:17:12] 4772 Spells catched 
[23:17:12] 1179 LearnableSpells catched 
[23:17:12] 9780 ItemTemplates catched 
[23:17:12] 4489 Weapons catched 
[23:17:12] 363 ItemSets catched 
[23:17:12] 171 ItemTypes catched 
[23:17:12] 28 Handlers Readed
[23:17:13] 30 Messages Readed
[23:17:13] WorldServer start in 11241 ms.
