[00:18:26] MySQL Database Connected
[00:18:26] 16 Breeds catched
[00:18:26] 256 Heads catched
[00:18:26] 566 Effects catched
[00:18:27] 4 SuperAreas catched
[00:18:27] 48 Areas catched
[00:18:28] 334 SubAreas catched
[00:18:28] 11267 DofusMaps catched
[00:18:28] 9761 StatedElements catched
[00:18:29] 13349 InteractiveElements catched
[00:18:29] 1485 HouseInformations catched
[00:18:29] 556 InteractiveDoors catched
[00:18:29] 3530 MapPositions uncatched
[00:18:29] 14681 MapPositions catched
[00:18:29] 42 MapZaaps catched
[00:18:29] 79 MapSubways catched
[00:18:29] 15612 SpellLevels catched 
[00:18:29] 4972 Spells catched 
[00:18:29] 316 GuildEmblems catched 
[00:18:29] 1179 LearnableSpells catched 
[00:18:29] 10063 ItemTemplates catched 
[00:18:29] 4355 Weapons catched 
[00:18:29] 366 ItemSets catched 
[00:18:29] 171 ItemTypes catched 
[00:19:17] MySQL Database Connected
[00:19:17] 16 Breeds catched
[00:19:17] 256 Heads catched
[00:19:17] 566 Effects catched
[00:19:17] 4 SuperAreas catched
[00:19:17] 48 Areas catched
[00:19:18] 334 SubAreas catched
[00:19:19] 11267 DofusMaps catched
[00:19:19] 9761 StatedElements catched
[00:19:19] 13349 InteractiveElements catched
[00:19:19] 1485 HouseInformations catched
[00:19:19] 556 InteractiveDoors catched
[00:19:19] 3530 MapPositions uncatched
[00:19:19] 14681 MapPositions catched
[00:19:19] 42 MapZaaps catched
[00:19:19] 79 MapSubways catched
[00:19:19] 15612 SpellLevels catched 
[00:19:19] 4972 Spells catched 
[00:19:19] 316 GuildEmblems catched 
[00:19:19] 1179 LearnableSpells catched 
[00:19:20] 10063 ItemTemplates catched 
[00:19:20] 4355 Weapons catched 
[00:19:20] 366 ItemSets catched 
[00:19:20] 171 ItemTypes catched 
[00:20:06] MySQL Database Connected
[00:20:06] 16 Breeds catched
[00:20:06] 256 Heads catched
[00:20:06] 566 Effects catched
[00:20:06] 4 SuperAreas catched
[00:20:06] 48 Areas catched
[00:20:07] 334 SubAreas catched
[00:20:08] 11267 DofusMaps catched
[00:20:08] 9761 StatedElements catched
[00:20:08] 13349 InteractiveElements catched
[00:20:08] 1485 HouseInformations catched
[00:20:08] 556 InteractiveDoors catched
[00:20:08] 3530 MapPositions uncatched
[00:20:08] 14681 MapPositions catched
[00:20:08] 42 MapZaaps catched
[00:20:08] 79 MapSubways catched
[00:20:08] 15612 SpellLevels catched 
[00:20:08] 4972 Spells catched 
[00:20:08] 316 GuildEmblems catched 
[00:20:08] 1179 LearnableSpells catched 
[00:20:09] 10063 ItemTemplates catched 
[00:20:09] 4355 Weapons catched 
[00:20:09] 366 ItemSets catched 
[00:20:09] 171 ItemTypes catched 
[00:22:08] MySQL Database Connected
[00:22:08] 16 Breeds catched
[00:22:08] 256 Heads catched
[00:22:08] 566 Effects catched
[00:22:09] 4 SuperAreas catched
[00:22:09] 48 Areas catched
[00:22:10] 334 SubAreas catched
[00:22:10] 11267 DofusMaps catched
[00:22:10] 9761 StatedElements catched
[00:22:10] 13349 InteractiveElements catched
[00:22:10] 1485 HouseInformations catched
[00:22:10] 556 InteractiveDoors catched
[00:22:10] 3530 MapPositions uncatched
[00:22:10] 14681 MapPositions catched
[00:22:10] 42 MapZaaps catched
[00:22:10] 79 MapSubways catched
[00:22:11] 15612 SpellLevels catched 
[00:22:11] 4972 Spells catched 
[00:22:11] 316 GuildEmblems catched 
[00:22:11] 1179 LearnableSpells catched 
[00:22:11] 10063 ItemTemplates catched 
[00:22:11] 4355 Weapons catched 
[00:22:11] 366 ItemSets catched 
[00:22:11] 171 ItemTypes catched 
[00:23:37] MySQL Database Connected
[00:23:37] 16 Breeds catched
[00:23:37] 256 Heads catched
[00:23:37] 566 Effects catched
[00:23:38] 4 SuperAreas catched
[00:23:38] 48 Areas catched
[00:23:39] 334 SubAreas catched
[00:23:39] 11267 DofusMaps catched
[00:23:39] 9761 StatedElements catched
[00:23:39] 13349 InteractiveElements catched
[00:23:39] 1485 HouseInformations catched
[00:23:39] 556 InteractiveDoors catched
[00:23:39] 3530 MapPositions uncatched
[00:23:39] 14681 MapPositions catched
[00:23:39] 42 MapZaaps catched
[00:23:39] 79 MapSubways catched
[00:23:40] 15612 SpellLevels catched 
[00:23:40] 4972 Spells catched 
[00:23:40] 316 GuildEmblems catched 
[00:23:40] 1179 LearnableSpells catched 
[00:23:40] 10063 ItemTemplates catched 
[00:23:40] 4355 Weapons catched 
[00:23:40] 366 ItemSets catched 
[00:23:40] 171 ItemTypes catched 
[00:25:00] MySQL Database Connected
[00:25:00] 16 Breeds catched
[00:25:00] 256 Heads catched
[00:25:00] 566 Effects catched
[00:25:00] 4 SuperAreas catched
[00:25:00] 48 Areas catched
[00:25:01] 334 SubAreas catched
[00:25:02] 11267 DofusMaps catched
[00:25:02] 9761 StatedElements catched
[00:25:02] 13349 InteractiveElements catched
[00:25:02] 1485 HouseInformations catched
[00:25:02] 556 InteractiveDoors catched
[00:25:02] 3530 MapPositions uncatched
[00:25:02] 14681 MapPositions catched
[00:25:02] 42 MapZaaps catched
[00:25:02] 79 MapSubways catched
[00:25:02] 15612 SpellLevels catched 
[00:25:02] 4972 Spells catched 
[00:25:02] 316 GuildEmblems catched 
[00:25:02] 1179 LearnableSpells catched 
[00:25:02] 10063 ItemTemplates catched 
[00:25:02] 4355 Weapons catched 
[00:25:02] 366 ItemSets catched 
[00:25:02] 171 ItemTypes catched 
[00:25:44] MySQL Database Connected
[00:25:44] 16 Breeds catched
[00:25:44] 256 Heads catched
[00:25:44] 566 Effects catched
[00:25:45] 4 SuperAreas catched
[00:25:45] 48 Areas catched
[00:25:46] 334 SubAreas catched
[00:25:46] 11267 DofusMaps catched
[00:25:46] 9761 StatedElements catched
[00:25:46] 13349 InteractiveElements catched
[00:25:46] 1485 HouseInformations catched
[00:25:46] 556 InteractiveDoors catched
[00:25:46] 3530 MapPositions uncatched
[00:25:46] 14681 MapPositions catched
[00:25:46] 42 MapZaaps catched
[00:25:46] 79 MapSubways catched
[00:25:46] 15612 SpellLevels catched 
[00:25:47] 4972 Spells catched 
[00:25:47] 316 GuildEmblems catched 
[00:25:47] 1179 LearnableSpells catched 
[00:25:47] 10063 ItemTemplates catched 
[00:25:47] 4355 Weapons catched 
[00:25:47] 366 ItemSets catched 
[00:25:47] 171 ItemTypes catched 
[00:26:36] MySQL Database Connected
[00:26:36] 16 Breeds catched
[00:26:36] 256 Heads catched
[00:26:36] 566 Effects catched
[00:26:36] 4 SuperAreas catched
[00:26:36] 48 Areas catched
[00:26:37] 334 SubAreas catched
[00:26:38] 11267 DofusMaps catched
[00:26:38] 9761 StatedElements catched
[00:26:38] 13349 InteractiveElements catched
[00:26:38] 1485 HouseInformations catched
[00:26:38] 556 InteractiveDoors catched
[00:26:38] 3530 MapPositions uncatched
[00:26:38] 14681 MapPositions catched
[00:26:38] 42 MapZaaps catched
[00:26:38] 79 MapSubways catched
[00:26:38] 15612 SpellLevels catched 
[00:26:38] 4972 Spells catched 
[00:26:38] 316 GuildEmblems catched 
[00:26:38] 1179 LearnableSpells catched 
[00:26:39] 10063 ItemTemplates catched 
[00:26:39] 4355 Weapons catched 
[00:26:39] 366 ItemSets catched 
[00:26:39] 171 ItemTypes catched 
[00:27:05] MySQL Database Connected
[00:27:05] 16 Breeds catched
[00:27:05] 256 Heads catched
[00:27:05] 566 Effects catched
[00:27:06] 4 SuperAreas catched
[00:27:06] 48 Areas catched
[00:27:07] 334 SubAreas catched
[00:27:07] 11267 DofusMaps catched
[00:27:07] 9761 StatedElements catched
[00:27:08] 13349 InteractiveElements catched
[00:27:08] 1485 HouseInformations catched
[00:27:08] 556 InteractiveDoors catched
[00:27:08] 3530 MapPositions uncatched
[00:27:08] 14681 MapPositions catched
[00:27:08] 42 MapZaaps catched
[00:27:08] 79 MapSubways catched
[00:27:08] 15612 SpellLevels catched 
[00:27:08] 4972 Spells catched 
[00:27:08] 316 GuildEmblems catched 
[00:27:08] 1179 LearnableSpells catched 
[00:27:08] 10063 ItemTemplates catched 
[00:27:08] 4355 Weapons catched 
[00:27:08] 366 ItemSets catched 
[00:27:08] 171 ItemTypes catched 
[00:27:51] MySQL Database Connected
[00:27:51] 16 Breeds catched
[00:27:51] 256 Heads catched
[00:27:51] 566 Effects catched
[00:27:52] 4 SuperAreas catched
[00:27:52] 48 Areas catched
[00:27:53] 334 SubAreas catched
[00:27:53] 11267 DofusMaps catched
[00:27:53] 9761 StatedElements catched
[00:27:53] 13349 InteractiveElements catched
[00:27:53] 1485 HouseInformations catched
[00:27:53] 556 InteractiveDoors catched
[00:27:53] 3530 MapPositions uncatched
[00:27:53] 14681 MapPositions catched
[00:27:53] 42 MapZaaps catched
[00:27:53] 79 MapSubways catched
[00:27:54] 15612 SpellLevels catched 
[00:27:54] 4972 Spells catched 
[00:27:54] 316 GuildEmblems catched 
[00:27:54] 1179 LearnableSpells catched 
[00:27:54] 10063 ItemTemplates catched 
[00:27:54] 4355 Weapons catched 
[00:27:54] 366 ItemSets catched 
[00:27:54] 171 ItemTypes catched 
[00:28:45] MySQL Database Connected
[00:28:46] 16 Breeds catched
[00:28:46] 256 Heads catched
[00:28:46] 566 Effects catched
[00:28:46] 4 SuperAreas catched
[00:28:46] 48 Areas catched
[00:28:47] 334 SubAreas catched
[00:28:47] 11267 DofusMaps catched
[00:28:48] 9761 StatedElements catched
[00:28:48] 13349 InteractiveElements catched
[00:28:48] 1485 HouseInformations catched
[00:28:48] 556 InteractiveDoors catched
[00:28:48] 3530 MapPositions uncatched
[00:28:48] 14681 MapPositions catched
[00:28:48] 42 MapZaaps catched
[00:28:48] 79 MapSubways catched
[00:28:48] 15612 SpellLevels catched 
[00:28:48] 4972 Spells catched 
[00:28:48] 316 GuildEmblems catched 
[00:28:48] 1179 LearnableSpells catched 
[00:28:48] 10063 ItemTemplates catched 
[00:28:48] 4355 Weapons catched 
[00:28:48] 366 ItemSets catched 
[00:28:48] 171 ItemTypes catched 
[00:29:08] MySQL Database Connected
[00:29:08] 16 Breeds catched
[00:29:08] 256 Heads catched
[00:29:08] 566 Effects catched
[00:29:08] 4 SuperAreas catched
[00:29:08] 48 Areas catched
[00:29:09] 334 SubAreas catched
[00:29:10] 11267 DofusMaps catched
[00:29:10] 9761 StatedElements catched
[00:29:10] 13349 InteractiveElements catched
[00:29:10] 1485 HouseInformations catched
[00:29:10] 556 InteractiveDoors catched
[00:29:10] 3530 MapPositions uncatched
[00:29:10] 14681 MapPositions catched
[00:29:10] 42 MapZaaps catched
[00:29:10] 79 MapSubways catched
[00:29:10] 15612 SpellLevels catched 
[00:29:10] 4972 Spells catched 
[00:29:10] 316 GuildEmblems catched 
[00:29:10] 1179 LearnableSpells catched 
[00:29:10] 10063 ItemTemplates catched 
[00:29:10] 4355 Weapons catched 
[00:29:10] 366 ItemSets catched 
[00:29:10] 171 ItemTypes catched 
[00:29:28] MySQL Database Connected
[00:29:28] 16 Breeds catched
[00:29:28] 256 Heads catched
[00:29:28] 566 Effects catched
[00:29:29] 4 SuperAreas catched
[00:29:29] 48 Areas catched
[00:29:30] 334 SubAreas catched
[00:29:30] 11267 DofusMaps catched
[00:29:30] 9761 StatedElements catched
[00:29:30] 13349 InteractiveElements catched
[00:29:30] 1485 HouseInformations catched
[00:29:30] 556 InteractiveDoors catched
[00:29:30] 3530 MapPositions uncatched
[00:29:30] 14681 MapPositions catched
[00:29:30] 42 MapZaaps catched
[00:29:30] 79 MapSubways catched
[00:29:31] 15612 SpellLevels catched 
[00:29:31] 4972 Spells catched 
[00:29:31] 316 GuildEmblems catched 
[00:29:31] 1179 LearnableSpells catched 
[00:29:31] 10063 ItemTemplates catched 
[00:29:31] 4355 Weapons catched 
[00:29:31] 366 ItemSets catched 
[00:29:31] 171 ItemTypes catched 
[00:30:19] MySQL Database Connected
[00:30:20] 16 Breeds catched
[00:30:20] 256 Heads catched
[00:30:20] 566 Effects catched
[00:30:20] 4 SuperAreas catched
[00:30:20] 48 Areas catched
[00:30:21] 334 SubAreas catched
[00:30:22] 11267 DofusMaps catched
[00:30:22] 9761 StatedElements catched
[00:30:22] 13349 InteractiveElements catched
[00:30:22] 1485 HouseInformations catched
[00:30:22] 556 InteractiveDoors catched
[00:30:22] 3530 MapPositions uncatched
[00:30:22] 14681 MapPositions catched
[00:30:22] 42 MapZaaps catched
[00:30:22] 79 MapSubways catched
[00:30:22] 15612 SpellLevels catched 
[00:30:22] 4972 Spells catched 
[00:30:22] 316 GuildEmblems catched 
[00:30:22] 1179 LearnableSpells catched 
[00:30:22] 10063 ItemTemplates catched 
[00:30:22] 4355 Weapons catched 
[00:30:22] 366 ItemSets catched 
[00:30:22] 171 ItemTypes catched 
[00:30:23] 114 ItemPets catched 
[00:30:23] 2476 NpcTemplates catched 
[00:30:23] 787 NpcSpawns catched 
[00:30:23] 94 NpcItems catched 
[00:30:23] 19801 NpcMessages catched 
[00:30:23] 7 NpcReplies catched 
[00:30:23] 353 Triggers catched
[00:30:23] 1277 Paddocks catched
[00:30:23] 72 Mounts catched
[00:30:23] 3 Guild catched
[00:30:23] 2 GuildMembers catched
[00:30:23] 11 GatheringJob LevelInfos catched
[00:30:23] 233 InteractiveSkills LevelInfos catched
[00:30:24] 128 Handlers Readed
[00:30:25] 175 Messages Readed
[00:30:25] WorldServer start in 5467 ms.
[00:33:05] MySQL Database Connected
[00:33:06] 16 Breeds catched
[00:33:06] 256 Heads catched
[00:33:06] 566 Effects catched
[00:33:06] 4 SuperAreas catched
[00:33:06] 48 Areas catched
[00:33:07] 334 SubAreas catched
[00:33:08] 11267 DofusMaps catched
[00:33:08] 9761 StatedElements catched
[00:33:08] 13349 InteractiveElements catched
[00:33:08] 1485 HouseInformations catched
[00:33:08] 556 InteractiveDoors catched
[00:33:08] 3530 MapPositions uncatched
[00:33:08] 14681 MapPositions catched
[00:33:08] 42 MapZaaps catched
[00:33:08] 79 MapSubways catched
[00:33:08] 15612 SpellLevels catched 
[00:33:08] 4972 Spells catched 
[00:33:08] 316 GuildEmblems catched 
[00:33:08] 1179 LearnableSpells catched 
[00:33:08] 10063 ItemTemplates catched 
[00:33:08] 4355 Weapons catched 
[00:33:08] 366 ItemSets catched 
[00:33:08] 171 ItemTypes catched 
[00:34:04] MySQL Database Connected
[00:34:04] 16 Breeds catched
[00:34:04] 256 Heads catched
[00:34:04] 566 Effects catched
[00:34:04] 4 SuperAreas catched
[00:34:04] 48 Areas catched
[00:34:05] 334 SubAreas catched
[00:34:06] 11267 DofusMaps catched
[00:34:06] 9761 StatedElements catched
[00:34:06] 13349 InteractiveElements catched
[00:34:06] 1485 HouseInformations catched
[00:34:06] 556 InteractiveDoors catched
[00:34:06] 3530 MapPositions uncatched
[00:34:06] 14681 MapPositions catched
[00:34:06] 42 MapZaaps catched
[00:34:06] 79 MapSubways catched
[00:34:06] 15612 SpellLevels catched 
[00:34:06] 4972 Spells catched 
[00:34:06] 316 GuildEmblems catched 
[00:34:06] 1179 LearnableSpells catched 
[00:34:06] 10063 ItemTemplates catched 
[00:34:06] 4355 Weapons catched 
[00:34:06] 366 ItemSets catched 
[00:34:06] 171 ItemTypes catched 
[00:36:06] MySQL Database Connected
[00:36:06] 16 Breeds catched
[00:36:06] 256 Heads catched
[00:36:06] 566 Effects catched
[00:36:06] 4 SuperAreas catched
[00:36:06] 48 Areas catched
[00:36:07] 334 SubAreas catched
[00:36:08] 11267 DofusMaps catched
[00:36:08] 9761 StatedElements catched
[00:36:08] 13349 InteractiveElements catched
[00:36:08] 1485 HouseInformations catched
[00:36:08] 556 InteractiveDoors catched
[00:36:08] 3530 MapPositions uncatched
[00:36:08] 14681 MapPositions catched
[00:36:08] 42 MapZaaps catched
[00:36:08] 79 MapSubways catched
[00:36:08] 15612 SpellLevels catched 
[00:36:08] 4972 Spells catched 
[00:36:08] 316 GuildEmblems catched 
[00:36:08] 1179 LearnableSpells catched 
[00:36:09] 10063 ItemTemplates catched 
[00:36:09] 4355 Weapons catched 
[00:36:09] 366 ItemSets catched 
[00:36:09] 171 ItemTypes catched 
[00:36:09] 114 ItemPets catched 
[00:36:09] 2476 NpcTemplates catched 
[00:36:09] 787 NpcSpawns catched 
[00:36:09] 94 NpcItems catched 
[00:36:09] 19801 NpcMessages catched 
[00:36:09] 7 NpcReplies catched 
[00:36:09] 353 Triggers catched
[00:36:09] 1277 Paddocks catched
[00:36:09] 72 Mounts catched
[00:36:09] 3 Guild catched
[00:36:09] 2 GuildMembers catched
[00:36:09] 11 GatheringJob LevelInfos catched
[00:36:09] 233 InteractiveSkills LevelInfos catched
[00:36:10] 128 Handlers Readed
[00:36:11] 175 Messages Readed
[00:36:11] WorldServer start in 5120 ms.
[00:37:02] MySQL Database Connected
[00:37:02] 16 Breeds catched
[00:37:02] 256 Heads catched
[00:37:02] 566 Effects catched
[00:37:02] 4 SuperAreas catched
[00:37:02] 48 Areas catched
[00:37:03] 334 SubAreas catched
[00:37:04] 11267 DofusMaps catched
[00:37:04] 9761 StatedElements catched
[00:37:04] 13349 InteractiveElements catched
[00:37:04] 1485 HouseInformations catched
[00:37:04] 556 InteractiveDoors catched
[00:37:04] 3530 MapPositions uncatched
[00:37:04] 14681 MapPositions catched
[00:37:04] 42 MapZaaps catched
[00:37:04] 79 MapSubways catched
[00:37:04] 15612 SpellLevels catched 
[00:37:04] 4972 Spells catched 
[00:37:04] 316 GuildEmblems catched 
[00:37:04] 1179 LearnableSpells catched 
[00:37:04] 10063 ItemTemplates catched 
[00:37:04] 4355 Weapons catched 
[00:37:04] 366 ItemSets catched 
[00:37:04] 171 ItemTypes catched 
[00:37:05] 114 ItemPets catched 
[00:37:05] 2476 NpcTemplates catched 
[00:37:05] 787 NpcSpawns catched 
[00:37:05] 94 NpcItems catched 
[00:37:05] 19801 NpcMessages catched 
[00:37:05] 7 NpcReplies catched 
[00:37:05] 353 Triggers catched
[00:37:05] 1277 Paddocks catched
[00:37:05] 72 Mounts catched
[00:37:05] 3 Guild catched
[00:37:05] 2 GuildMembers catched
[00:37:05] 11 GatheringJob LevelInfos catched
[00:37:05] 233 InteractiveSkills LevelInfos catched
[00:37:06] 128 Handlers Readed
[00:37:06] 175 Messages Readed
[00:37:06] WorldServer start in 5040 ms.
[00:39:05] MySQL Database Connected
[00:39:05] 16 Breeds catched
[00:39:05] 256 Heads catched
[00:39:05] 566 Effects catched
[00:39:05] 4 SuperAreas catched
[00:39:05] 48 Areas catched
[00:39:06] 334 SubAreas catched
[00:39:07] 11267 DofusMaps catched
[00:39:07] 9761 StatedElements catched
[00:39:07] 13349 InteractiveElements catched
[00:39:07] 1485 HouseInformations catched
[00:39:07] 556 InteractiveDoors catched
[00:39:07] 3530 MapPositions uncatched
[00:39:07] 14681 MapPositions catched
[00:39:07] 42 MapZaaps catched
[00:39:07] 79 MapSubways catched
[00:39:07] 15612 SpellLevels catched 
[00:39:07] 4972 Spells catched 
[00:39:07] 316 GuildEmblems catched 
[00:39:07] 1179 LearnableSpells catched 
[00:39:07] 10063 ItemTemplates catched 
[00:39:08] 4355 Weapons catched 
[00:39:08] 366 ItemSets catched 
[00:39:08] 171 ItemTypes catched 
[00:39:08] 114 ItemPets catched 
[00:39:08] 2476 NpcTemplates catched 
[00:39:08] 787 NpcSpawns catched 
[00:39:08] 94 NpcItems catched 
[00:39:08] 19801 NpcMessages catched 
[00:39:08] 7 NpcReplies catched 
[00:39:08] 353 Triggers catched
[00:39:08] 1277 Paddocks catched
[00:39:08] 72 Mounts catched
[00:39:08] 3 Guild catched
[00:39:08] 2 GuildMembers catched
[00:39:08] 11 GatheringJob LevelInfos catched
[00:39:08] 233 InteractiveSkills LevelInfos catched
[00:39:09] 128 Handlers Readed
[00:39:09] 175 Messages Readed
[00:39:09] WorldServer start in 4842 ms.
[00:39:28] MySQL Database Connected
[00:39:28] 16 Breeds catched
[00:39:28] 256 Heads catched
[00:39:28] 566 Effects catched
[00:39:28] 4 SuperAreas catched
[00:39:28] 48 Areas catched
[00:39:29] 334 SubAreas catched
[00:39:30] 11267 DofusMaps catched
[00:39:30] 9761 StatedElements catched
[00:39:30] 13349 InteractiveElements catched
[00:39:30] 1485 HouseInformations catched
[00:39:30] 556 InteractiveDoors catched
[00:39:30] 3530 MapPositions uncatched
[00:39:30] 14681 MapPositions catched
[00:39:30] 42 MapZaaps catched
[00:39:30] 79 MapSubways catched
[00:39:30] 15612 SpellLevels catched 
[00:39:30] 4972 Spells catched 
[00:39:30] 316 GuildEmblems catched 
[00:39:30] 1179 LearnableSpells catched 
[00:39:31] 10063 ItemTemplates catched 
[00:39:31] 4355 Weapons catched 
[00:39:31] 366 ItemSets catched 
[00:39:31] 171 ItemTypes catched 
[00:39:31] 114 ItemPets catched 
[00:39:31] 2476 NpcTemplates catched 
[00:39:31] 787 NpcSpawns catched 
[00:39:31] 94 NpcItems catched 
[00:39:31] 19801 NpcMessages catched 
[00:39:31] 7 NpcReplies catched 
[00:39:31] 353 Triggers catched
[00:39:31] 1277 Paddocks catched
[00:39:31] 72 Mounts catched
[00:39:31] 3 Guild catched
[00:39:31] 2 GuildMembers catched
[00:39:31] 11 GatheringJob LevelInfos catched
[00:39:31] 233 InteractiveSkills LevelInfos catched
[00:39:32] 128 Handlers Readed
[00:39:32] 175 Messages Readed
[00:39:32] WorldServer start in 4889 ms.
[14:23:09] MySQL Database Connected
[14:23:09] 16 Breeds catched
[14:23:09] 256 Heads catched
[14:23:09] 566 Effects catched
[14:23:09] 4 SuperAreas catched
[14:23:10] 48 Areas catched
[14:23:11] 334 SubAreas catched
[14:23:11] 11267 DofusMaps catched
[14:23:11] 9761 StatedElements catched
[14:23:11] 13349 InteractiveElements catched
[14:23:11] 1485 HouseInformations catched
[14:23:11] 556 InteractiveDoors catched
[14:23:11] 3530 MapPositions uncatched
[14:23:11] 14681 MapPositions catched
[14:23:11] 42 MapZaaps catched
[14:23:11] 79 MapSubways catched
[14:23:12] 15612 SpellLevels catched 
[14:23:12] 4972 Spells catched 
[14:23:12] 316 GuildEmblems catched 
[14:23:12] 1179 LearnableSpells catched 
[14:23:12] 10063 ItemTemplates catched 
[14:23:12] 4355 Weapons catched 
[14:23:12] 366 ItemSets catched 
[14:23:12] 171 ItemTypes catched 
[14:23:12] 114 ItemPets catched 
[14:23:12] 2476 NpcTemplates catched 
[14:23:12] 787 NpcSpawns catched 
[14:23:12] 94 NpcItems catched 
[14:23:12] 19801 NpcMessages catched 
[14:23:12] 7 NpcReplies catched 
[14:23:12] 353 Triggers catched
[14:23:13] 1277 Paddocks catched
[14:23:13] 72 Mounts catched
[14:23:13] 3 Guild catched
[14:23:13] 2 GuildMembers catched
[14:23:13] 11 GatheringJob LevelInfos catched
[14:23:13] 233 InteractiveSkills LevelInfos catched
[14:23:13] 128 Handlers Readed
[14:23:14] 175 Messages Readed
[14:23:14] WorldServer start in 5256 ms.
[14:24:56] MySQL Database Connected
[14:24:56] 16 Breeds catched
[14:24:56] 256 Heads catched
[14:24:56] 566 Effects catched
[14:24:56] 4 SuperAreas catched
[14:24:56] 48 Areas catched
[14:24:57] 334 SubAreas catched
[14:24:58] 11267 DofusMaps catched
[14:24:58] 9761 StatedElements catched
[14:24:58] 13349 InteractiveElements catched
[14:24:58] 1485 HouseInformations catched
[14:24:58] 556 InteractiveDoors catched
[14:24:58] 3530 MapPositions uncatched
[14:24:58] 14681 MapPositions catched
[14:24:58] 42 MapZaaps catched
[14:24:58] 79 MapSubways catched
[14:24:58] 15612 SpellLevels catched 
[14:24:58] 4972 Spells catched 
[14:24:58] 316 GuildEmblems catched 
[14:24:58] 1179 LearnableSpells catched 
[14:24:59] 10063 ItemTemplates catched 
[14:24:59] 4355 Weapons catched 
[14:24:59] 366 ItemSets catched 
[14:24:59] 171 ItemTypes catched 
[14:24:59] 114 ItemPets catched 
[14:24:59] 2476 NpcTemplates catched 
[14:24:59] 787 NpcSpawns catched 
[14:24:59] 94 NpcItems catched 
[14:24:59] 19801 NpcMessages catched 
[14:24:59] 7 NpcReplies catched 
[14:24:59] 353 Triggers catched
[14:24:59] 1277 Paddocks catched
[14:24:59] 72 Mounts catched
[14:24:59] 3 Guild catched
[14:24:59] 2 GuildMembers catched
[14:24:59] 11 GatheringJob LevelInfos catched
[14:24:59] 233 InteractiveSkills LevelInfos catched
[14:25:00] 128 Handlers Readed
[14:25:00] 175 Messages Readed
[14:25:01] WorldServer start in 4866 ms.
[14:26:58] MySQL Database Connected
[14:26:58] 16 Breeds catched
[14:26:58] 256 Heads catched
[14:26:58] 566 Effects catched
[14:26:58] 4 SuperAreas catched
[14:26:58] 48 Areas catched
[14:26:59] 334 SubAreas catched
[14:27:00] 11267 DofusMaps catched
[14:27:00] 9761 StatedElements catched
[14:27:00] 13349 InteractiveElements catched
[14:27:00] 1485 HouseInformations catched
[14:27:00] 556 InteractiveDoors catched
[14:27:00] 3530 MapPositions uncatched
[14:27:00] 14681 MapPositions catched
[14:27:00] 42 MapZaaps catched
[14:27:00] 79 MapSubways catched
[14:27:00] 15612 SpellLevels catched 
[14:27:00] 4972 Spells catched 
[14:27:00] 316 GuildEmblems catched 
[14:27:00] 1179 LearnableSpells catched 
[14:27:00] 10063 ItemTemplates catched 
[14:27:01] 4355 Weapons catched 
[14:27:01] 366 ItemSets catched 
[14:27:01] 171 ItemTypes catched 
[14:27:01] 114 ItemPets catched 
[14:27:01] 2476 NpcTemplates catched 
[14:27:01] 787 NpcSpawns catched 
[14:27:01] 94 NpcItems catched 
[14:27:01] 19801 NpcMessages catched 
[14:27:01] 7 NpcReplies catched 
[14:27:01] 353 Triggers catched
[14:27:01] 1277 Paddocks catched
[14:27:01] 72 Mounts catched
[14:27:01] 3 Guild catched
[14:27:01] 2 GuildMembers catched
[14:27:01] 11 GatheringJob LevelInfos catched
[14:27:01] 233 InteractiveSkills LevelInfos catched
[14:27:02] 128 Handlers Readed
[14:27:02] 175 Messages Readed
[14:27:02] WorldServer start in 4840 ms.
[14:27:33] MySQL Database Connected
[14:27:33] 16 Breeds catched
[14:27:33] 256 Heads catched
[14:27:33] 566 Effects catched
[14:27:34] 4 SuperAreas catched
[14:27:34] 48 Areas catched
[14:27:35] 334 SubAreas catched
[14:27:35] 11267 DofusMaps catched
[14:27:35] 9761 StatedElements catched
[14:27:35] 13349 InteractiveElements catched
[14:27:35] 1485 HouseInformations catched
[14:27:35] 556 InteractiveDoors catched
[14:27:36] 3530 MapPositions uncatched
[14:27:36] 14681 MapPositions catched
[14:27:36] 42 MapZaaps catched
[14:27:36] 79 MapSubways catched
[14:27:36] 15612 SpellLevels catched 
[14:27:36] 4972 Spells catched 
[14:27:36] 316 GuildEmblems catched 
[14:27:36] 1179 LearnableSpells catched 
[14:27:36] 10063 ItemTemplates catched 
[14:27:36] 4355 Weapons catched 
[14:27:36] 366 ItemSets catched 
[14:27:36] 171 ItemTypes catched 
[14:27:36] 114 ItemPets catched 
[14:27:36] 2476 NpcTemplates catched 
[14:27:36] 787 NpcSpawns catched 
[14:27:36] 94 NpcItems catched 
[14:27:36] 19801 NpcMessages catched 
[14:27:36] 7 NpcReplies catched 
[14:27:37] 353 Triggers catched
[14:27:37] 1277 Paddocks catched
[14:27:37] 72 Mounts catched
[14:27:37] 3 Guild catched
[14:27:37] 2 GuildMembers catched
[14:27:37] 11 GatheringJob LevelInfos catched
[14:27:37] 233 InteractiveSkills LevelInfos catched
[14:27:37] 128 Handlers Readed
[14:27:38] 175 Messages Readed
[14:27:38] WorldServer start in 4888 ms.
[14:51:58] MySQL Database Connected
[14:51:58] 16 Breeds catched
[14:51:58] 256 Heads catched
[14:51:58] 566 Effects catched
[14:51:59] 4 SuperAreas catched
[14:51:59] 48 Areas catched
[14:52:00] 334 SubAreas catched
[14:52:00] 11267 DofusMaps catched
[14:52:00] 9761 StatedElements catched
[14:52:01] 13349 InteractiveElements catched
[14:52:01] 1485 HouseInformations catched
[14:52:01] 556 InteractiveDoors catched
[14:52:01] 3530 MapPositions uncatched
[14:52:01] 14681 MapPositions catched
[14:52:01] 42 MapZaaps catched
[14:52:01] 79 MapSubways catched
[14:52:01] 15612 SpellLevels catched 
[14:52:01] 4972 Spells catched 
[14:52:01] 316 GuildEmblems catched 
[14:52:01] 1179 LearnableSpells catched 
[14:52:01] 10063 ItemTemplates catched 
[14:52:01] 4355 Weapons catched 
[14:52:01] 366 ItemSets catched 
[14:52:01] 171 ItemTypes catched 
[14:52:01] 114 ItemPets catched 
[14:52:01] 2476 NpcTemplates catched 
[14:52:01] 787 NpcSpawns catched 
[14:52:01] 94 NpcItems catched 
[14:52:02] 19801 NpcMessages catched 
[14:52:02] 7 NpcReplies catched 
[14:52:02] 353 Triggers catched
[14:52:02] 1277 Paddocks catched
[14:52:02] 72 Mounts catched
[14:52:02] 3 Guild catched
[14:52:02] 2 GuildMembers catched
[14:52:02] 11 GatheringJob LevelInfos catched
[14:52:02] 233 InteractiveSkills LevelInfos catched
[14:52:02] 128 Handlers Readed
[14:52:03] 175 Messages Readed
[14:52:03] WorldServer start in 5024 ms.
[15:01:47] MySQL Database Connected
[15:01:48] 16 Breeds catched
[15:01:48] 256 Heads catched
[15:01:48] 566 Effects catched
[15:01:48] 4 SuperAreas catched
[15:01:48] 48 Areas catched
[15:01:49] 334 SubAreas catched
[15:01:50] 11267 DofusMaps catched
[15:01:50] 9761 StatedElements catched
[15:01:50] 13349 InteractiveElements catched
[15:01:50] 1485 HouseInformations catched
[15:01:50] 556 InteractiveDoors catched
[15:01:50] 3530 MapPositions uncatched
[15:01:50] 14681 MapPositions catched
[15:01:50] 42 MapZaaps catched
[15:01:50] 79 MapSubways catched
[15:01:50] 15612 SpellLevels catched 
[15:01:50] 4972 Spells catched 
[15:01:50] 316 GuildEmblems catched 
[15:01:50] 1179 LearnableSpells catched 
[15:01:51] 10063 ItemTemplates catched 
[15:01:51] 4355 Weapons catched 
[15:01:51] 366 ItemSets catched 
[15:01:51] 171 ItemTypes catched 
[15:01:51] 114 ItemPets catched 
[15:01:51] 2476 NpcTemplates catched 
[15:01:51] 787 NpcSpawns catched 
[15:01:51] 94 NpcItems catched 
[15:01:51] 19801 NpcMessages catched 
[15:01:51] 7 NpcReplies catched 
[15:01:51] 353 Triggers catched
[15:01:51] 1277 Paddocks catched
[15:01:51] 72 Mounts catched
[15:01:51] 3 Guild catched
[15:01:51] 2 GuildMembers catched
[15:01:51] 11 GatheringJob LevelInfos catched
[15:01:51] 233 InteractiveSkills LevelInfos catched
[15:01:52] 128 Handlers Readed
[15:01:52] 175 Messages Readed
[15:01:53] WorldServer start in 5380 ms.
[15:13:23] MySQL Database Connected
[15:13:23] 16 Breeds catched
[15:13:23] 256 Heads catched
[15:13:23] 566 Effects catched
[15:13:24] 4 SuperAreas catched
[15:13:24] 48 Areas catched
[15:13:25] 334 SubAreas catched
[15:13:25] 11267 DofusMaps catched
[15:13:25] 9761 StatedElements catched
[15:13:25] 13349 InteractiveElements catched
[15:13:25] 1485 HouseInformations catched
[15:13:25] 556 InteractiveDoors catched
[15:13:25] 3530 MapPositions uncatched
[15:13:25] 14681 MapPositions catched
[15:13:25] 42 MapZaaps catched
[15:13:25] 79 MapSubways catched
[15:13:26] 15612 SpellLevels catched 
[15:13:26] 4972 Spells catched 
[15:13:26] 316 GuildEmblems catched 
[15:13:26] 1179 LearnableSpells catched 
[15:13:26] 10063 ItemTemplates catched 
[15:13:26] 4355 Weapons catched 
[15:13:26] 366 ItemSets catched 
[15:13:26] 171 ItemTypes catched 
[15:13:26] 114 ItemPets catched 
[15:13:26] 2476 NpcTemplates catched 
[15:13:26] 787 NpcSpawns catched 
[15:13:26] 94 NpcItems catched 
[15:13:26] 19801 NpcMessages catched 
[15:13:26] 7 NpcReplies catched 
[15:13:26] 353 Triggers catched
[15:13:26] 1277 Paddocks catched
[15:13:26] 72 Mounts catched
[15:13:27] 3 Guild catched
[15:13:27] 2 GuildMembers catched
[15:13:27] 11 GatheringJob LevelInfos catched
[15:13:27] 233 InteractiveSkills LevelInfos catched
[15:13:27] 128 Handlers Readed
[15:13:28] 175 Messages Readed
[15:13:28] WorldServer start in 4890 ms.
[15:14:08] MySQL Database Connected
[15:14:08] 16 Breeds catched
[15:14:08] 256 Heads catched
[15:14:08] 566 Effects catched
[15:14:09] 4 SuperAreas catched
[15:14:09] 48 Areas catched
[15:14:10] 334 SubAreas catched
[15:14:10] 11267 DofusMaps catched
[15:14:10] 9761 StatedElements catched
[15:14:10] 13349 InteractiveElements catched
[15:14:10] 1485 HouseInformations catched
[15:14:10] 556 InteractiveDoors catched
[15:14:10] 3530 MapPositions uncatched
[15:14:10] 14681 MapPositions catched
[15:14:10] 42 MapZaaps catched
[15:14:10] 79 MapSubways catched
[15:14:11] 15612 SpellLevels catched 
[15:14:11] 4972 Spells catched 
[15:14:11] 316 GuildEmblems catched 
[15:14:11] 1179 LearnableSpells catched 
[15:14:11] 10063 ItemTemplates catched 
[15:14:11] 4355 Weapons catched 
[15:14:11] 366 ItemSets catched 
[15:14:11] 171 ItemTypes catched 
[15:14:11] 114 ItemPets catched 
[15:14:11] 2476 NpcTemplates catched 
[15:14:11] 787 NpcSpawns catched 
[15:14:11] 94 NpcItems catched 
[15:14:11] 19801 NpcMessages catched 
[15:14:11] 7 NpcReplies catched 
[15:14:11] 353 Triggers catched
[15:14:11] 1277 Paddocks catched
[15:14:11] 72 Mounts catched
[15:14:11] 3 Guild catched
[15:14:11] 2 GuildMembers catched
[15:14:11] 11 GatheringJob LevelInfos catched
[15:14:12] 233 InteractiveSkills LevelInfos catched
[15:14:12] 128 Handlers Readed
[15:14:13] 175 Messages Readed
[15:14:13] WorldServer start in 4827 ms.
[16:21:08] MySQL Database Connected
[16:21:08] 16 Breeds catched
[16:21:08] 256 Heads catched
[16:21:08] 566 Effects catched
[16:21:08] 4 SuperAreas catched
[16:21:08] 48 Areas catched
[16:21:09] 334 SubAreas catched
[16:21:09] 11267 DofusMaps catched
[16:21:10] 9761 StatedElements catched
[16:21:10] 13349 InteractiveElements catched
[16:21:10] 1485 HouseInformations catched
[16:21:10] 556 InteractiveDoors catched
[16:21:10] 3530 MapPositions uncatched
[16:21:10] 14681 MapPositions catched
[16:21:10] 42 MapZaaps catched
[16:21:10] 79 MapSubways catched
[16:21:10] 15612 SpellLevels catched 
[16:21:10] 4972 Spells catched 
[16:21:10] 316 GuildEmblems catched 
[16:21:10] 1179 LearnableSpells catched 
[16:21:10] 10063 ItemTemplates catched 
[16:21:10] 4355 Weapons catched 
[16:21:10] 366 ItemSets catched 
[16:21:10] 171 ItemTypes catched 
[16:21:10] 114 ItemPets catched 
[16:21:11] 2476 NpcTemplates catched 
[16:21:11] 787 NpcSpawns catched 
[16:21:11] 94 NpcItems catched 
[16:21:11] 19801 NpcMessages catched 
[16:21:11] 7 NpcReplies catched 
[16:21:11] 353 Triggers catched
[16:21:11] 1277 Paddocks catched
[16:21:11] 72 Mounts catched
[16:21:11] 3 Guild catched
[16:21:11] 2 GuildMembers catched
[16:21:11] 11 GatheringJob LevelInfos catched
[16:21:11] 233 InteractiveSkills LevelInfos catched
[16:21:12] 128 Handlers Readed
[16:21:12] 175 Messages Readed
[16:21:12] WorldServer start in 5003 ms.
[19:34:55] MySQL Database Connected
[19:34:55] 16 Breeds catched
[19:34:55] 256 Heads catched
[19:34:55] 566 Effects catched
[19:34:56] 4 SuperAreas catched
[19:34:56] 48 Areas catched
[19:34:57] 334 SubAreas catched
[19:34:57] 11267 DofusMaps catched
[19:34:58] 9761 StatedElements catched
[19:34:58] 13349 InteractiveElements catched
[19:34:58] 1485 HouseInformations catched
[19:34:58] 556 InteractiveDoors catched
[19:34:58] 3530 MapPositions uncatched
[19:34:58] 14681 MapPositions catched
[19:34:58] 42 MapZaaps catched
[19:34:58] 79 MapSubways catched
[19:34:58] 15612 SpellLevels catched 
[19:34:58] 4972 Spells catched 
[19:34:58] 316 GuildEmblems catched 
[19:34:58] 1179 LearnableSpells catched 
[19:34:58] 10063 ItemTemplates catched 
[19:34:58] 4355 Weapons catched 
[19:34:58] 366 ItemSets catched 
[19:34:58] 171 ItemTypes catched 
[19:34:58] 114 ItemPets catched 
[19:34:59] 2476 NpcTemplates catched 
[19:34:59] 787 NpcSpawns catched 
[19:34:59] 94 NpcItems catched 
[19:34:59] 19801 NpcMessages catched 
[19:34:59] 7 NpcReplies catched 
[19:34:59] 353 Triggers catched
[19:34:59] 1277 Paddocks catched
[19:34:59] 72 Mounts catched
[19:34:59] 3 Guild catched
[19:34:59] 2 GuildMembers catched
[19:34:59] 11 GatheringJob LevelInfos catched
[19:34:59] 233 InteractiveSkills LevelInfos catched
[19:34:59] 128 Handlers Readed
[19:35:00] 175 Messages Readed
[19:35:00] WorldServer start in 5016 ms.
[19:35:57] MySQL Database Connected
[19:35:57] 16 Breeds catched
[19:35:57] 256 Heads catched
[19:35:57] 566 Effects catched
[19:35:57] 4 SuperAreas catched
[19:35:57] 48 Areas catched
[19:35:58] 334 SubAreas catched
[19:35:59] 11267 DofusMaps catched
[19:35:59] 9761 StatedElements catched
[19:35:59] 13349 InteractiveElements catched
[19:35:59] 1485 HouseInformations catched
[19:35:59] 556 InteractiveDoors catched
[19:35:59] 3530 MapPositions uncatched
[19:35:59] 14681 MapPositions catched
[19:35:59] 42 MapZaaps catched
[19:35:59] 79 MapSubways catched
[19:35:59] 15612 SpellLevels catched 
[19:35:59] 4972 Spells catched 
[19:35:59] 316 GuildEmblems catched 
[19:35:59] 1179 LearnableSpells catched 
[19:35:59] 10063 ItemTemplates catched 
[19:35:59] 4355 Weapons catched 
[19:35:59] 366 ItemSets catched 
[19:35:59] 171 ItemTypes catched 
[19:36:00] 114 ItemPets catched 
[19:36:00] 2476 NpcTemplates catched 
[19:36:00] 787 NpcSpawns catched 
[19:36:00] 94 NpcItems catched 
[19:36:00] 19801 NpcMessages catched 
[19:36:00] 7 NpcReplies catched 
[19:36:00] 353 Triggers catched
[19:36:00] 1277 Paddocks catched
[19:36:00] 72 Mounts catched
[19:36:00] 3 Guild catched
[19:36:00] 2 GuildMembers catched
[19:36:00] 11 GatheringJob LevelInfos catched
[19:36:00] 233 InteractiveSkills LevelInfos catched
[19:36:01] 128 Handlers Readed
[19:36:01] 175 Messages Readed
[19:36:01] WorldServer start in 4978 ms.
[19:37:30] MySQL Database Connected
[19:37:30] 16 Breeds catched
[19:37:30] 256 Heads catched
[19:37:30] 566 Effects catched
[19:37:31] 4 SuperAreas catched
[19:37:31] 48 Areas catched
[19:37:32] 334 SubAreas catched
[19:37:33] 11267 DofusMaps catched
[19:37:33] 9761 StatedElements catched
[19:37:33] 13349 InteractiveElements catched
[19:37:33] 1485 HouseInformations catched
[19:37:33] 556 InteractiveDoors catched
[19:37:33] 3530 MapPositions uncatched
[19:37:33] 14681 MapPositions catched
[19:37:33] 42 MapZaaps catched
[19:37:33] 79 MapSubways catched
[19:37:33] 15612 SpellLevels catched 
[19:37:33] 4972 Spells catched 
[19:37:33] 316 GuildEmblems catched 
[19:37:33] 1179 LearnableSpells catched 
[19:37:33] 10063 ItemTemplates catched 
[19:37:33] 4355 Weapons catched 
[19:37:33] 366 ItemSets catched 
[19:37:33] 171 ItemTypes catched 
[19:37:33] 114 ItemPets catched 
[19:37:34] 2476 NpcTemplates catched 
[19:37:34] 787 NpcSpawns catched 
[19:37:34] 94 NpcItems catched 
[19:37:34] 19801 NpcMessages catched 
[19:37:34] 7 NpcReplies catched 
[19:37:34] 353 Triggers catched
[19:37:34] 1277 Paddocks catched
[19:37:34] 72 Mounts catched
[19:37:34] 3 Guild catched
[19:37:34] 2 GuildMembers catched
[19:37:34] 11 GatheringJob LevelInfos catched
[19:37:34] 233 InteractiveSkills LevelInfos catched
[19:37:35] 128 Handlers Readed
[19:37:35] 175 Messages Readed
[19:37:35] WorldServer start in 5027 ms.
[19:38:38] MySQL Database Connected
[19:38:38] 16 Breeds catched
[19:38:38] 256 Heads catched
[19:38:38] 566 Effects catched
[19:38:38] 4 SuperAreas catched
[19:38:38] 48 Areas catched
[19:38:39] 334 SubAreas catched
[19:38:40] 11267 DofusMaps catched
[19:38:40] 9761 StatedElements catched
[19:38:40] 13349 InteractiveElements catched
[19:38:40] 1485 HouseInformations catched
[19:38:40] 556 InteractiveDoors catched
[19:38:40] 3530 MapPositions uncatched
[19:38:40] 14681 MapPositions catched
[19:38:40] 42 MapZaaps catched
[19:38:40] 79 MapSubways catched
[19:38:40] 15612 SpellLevels catched 
[19:38:40] 4972 Spells catched 
[19:38:40] 316 GuildEmblems catched 
[19:38:40] 1179 LearnableSpells catched 
[19:38:40] 10063 ItemTemplates catched 
[19:38:40] 4355 Weapons catched 
[19:38:40] 366 ItemSets catched 
[19:38:40] 171 ItemTypes catched 
[19:38:40] 114 ItemPets catched 
[19:38:41] 2476 NpcTemplates catched 
[19:38:41] 787 NpcSpawns catched 
[19:38:41] 94 NpcItems catched 
[19:38:41] 19801 NpcMessages catched 
[19:38:41] 7 NpcReplies catched 
[19:38:41] 353 Triggers catched
[19:38:41] 1277 Paddocks catched
[19:38:41] 72 Mounts catched
[19:38:41] 3 Guild catched
[19:38:41] 2 GuildMembers catched
[19:38:41] 11 GatheringJob LevelInfos catched
[19:38:41] 233 InteractiveSkills LevelInfos catched
[19:38:42] 128 Handlers Readed
[19:38:42] 175 Messages Readed
[19:38:42] WorldServer start in 4912 ms.
[19:39:41] MySQL Database Connected
[19:39:41] 16 Breeds catched
[19:39:41] 256 Heads catched
[19:39:41] 566 Effects catched
[19:39:42] 4 SuperAreas catched
[19:39:42] 48 Areas catched
[19:39:43] 334 SubAreas catched
[19:39:43] 11267 DofusMaps catched
[19:39:44] 9761 StatedElements catched
[19:39:44] 13349 InteractiveElements catched
[19:39:44] 1485 HouseInformations catched
[19:39:44] 556 InteractiveDoors catched
[19:39:44] 3530 MapPositions uncatched
[19:39:44] 14681 MapPositions catched
[19:39:44] 42 MapZaaps catched
[19:39:44] 79 MapSubways catched
[19:39:44] 15612 SpellLevels catched 
[19:39:44] 4972 Spells catched 
[19:39:44] 316 GuildEmblems catched 
[19:39:44] 1179 LearnableSpells catched 
[19:39:44] 10063 ItemTemplates catched 
[19:39:44] 4355 Weapons catched 
[19:39:44] 366 ItemSets catched 
[19:39:44] 171 ItemTypes catched 
[19:39:44] 114 ItemPets catched 
[19:39:44] 2476 NpcTemplates catched 
[19:39:44] 787 NpcSpawns catched 
[19:39:44] 94 NpcItems catched 
[19:39:45] 19801 NpcMessages catched 
[19:39:45] 7 NpcReplies catched 
[19:39:45] 353 Triggers catched
[19:39:45] 1277 Paddocks catched
[19:39:45] 72 Mounts catched
[19:39:45] 3 Guild catched
[19:39:45] 2 GuildMembers catched
[19:39:45] 11 GatheringJob LevelInfos catched
[19:39:45] 233 InteractiveSkills LevelInfos catched
[19:39:45] 128 Handlers Readed
[19:39:46] 175 Messages Readed
[19:39:46] WorldServer start in 5053 ms.
[19:41:27] MySQL Database Connected
[19:41:27] 16 Breeds catched
[19:41:27] 256 Heads catched
[19:41:27] 566 Effects catched
[19:41:28] 4 SuperAreas catched
[19:41:28] 48 Areas catched
[19:41:29] 334 SubAreas catched
[19:41:29] 11267 DofusMaps catched
[19:41:29] 9761 StatedElements catched
[19:41:29] 13349 InteractiveElements catched
[19:41:29] 1485 HouseInformations catched
[19:41:29] 556 InteractiveDoors catched
[19:41:30] 3530 MapPositions uncatched
[19:41:30] 14681 MapPositions catched
[19:41:30] 42 MapZaaps catched
[19:41:30] 79 MapSubways catched
[19:41:30] 15612 SpellLevels catched 
[19:41:30] 4972 Spells catched 
[19:41:30] 316 GuildEmblems catched 
[19:41:30] 1179 LearnableSpells catched 
[19:41:30] 10063 ItemTemplates catched 
[19:41:30] 4355 Weapons catched 
[19:41:30] 366 ItemSets catched 
[19:41:30] 171 ItemTypes catched 
[19:41:30] 114 ItemPets catched 
[19:41:30] 2476 NpcTemplates catched 
[19:41:30] 787 NpcSpawns catched 
[19:41:30] 94 NpcItems catched 
[19:41:30] 19801 NpcMessages catched 
[19:41:30] 7 NpcReplies catched 
[19:41:31] 353 Triggers catched
[19:41:31] 1277 Paddocks catched
[19:41:31] 72 Mounts catched
[19:41:31] 3 Guild catched
[19:41:31] 2 GuildMembers catched
[19:41:31] 11 GatheringJob LevelInfos catched
[19:41:31] 233 InteractiveSkills LevelInfos catched
[19:41:31] 128 Handlers Readed
[19:41:32] 175 Messages Readed
[19:41:32] WorldServer start in 5270 ms.
[19:43:13] MySQL Database Connected
[19:43:13] 16 Breeds catched
[19:43:13] 256 Heads catched
[19:43:13] 566 Effects catched
[19:43:13] 4 SuperAreas catched
[19:43:13] 48 Areas catched
[19:43:14] 334 SubAreas catched
[19:43:15] 11267 DofusMaps catched
[19:43:15] 9761 StatedElements catched
[19:43:15] 13349 InteractiveElements catched
[19:43:15] 1485 HouseInformations catched
[19:43:15] 556 InteractiveDoors catched
[19:43:15] 3530 MapPositions uncatched
[19:43:15] 14681 MapPositions catched
[19:43:15] 42 MapZaaps catched
[19:43:15] 79 MapSubways catched
[19:43:15] 15612 SpellLevels catched 
[19:43:15] 4972 Spells catched 
[19:43:15] 316 GuildEmblems catched 
[19:43:15] 1179 LearnableSpells catched 
[19:43:16] 10063 ItemTemplates catched 
[19:43:16] 4355 Weapons catched 
[19:43:16] 366 ItemSets catched 
[19:43:16] 171 ItemTypes catched 
[19:43:16] 114 ItemPets catched 
[19:43:16] 2476 NpcTemplates catched 
[19:43:16] 787 NpcSpawns catched 
[19:43:16] 94 NpcItems catched 
[19:43:16] 19801 NpcMessages catched 
[19:43:16] 7 NpcReplies catched 
[19:43:16] 353 Triggers catched
[19:43:16] 1277 Paddocks catched
[19:43:16] 72 Mounts catched
[19:43:16] 3 Guild catched
[19:43:16] 2 GuildMembers catched
[19:43:16] 11 GatheringJob LevelInfos catched
[19:43:16] 233 InteractiveSkills LevelInfos catched
[19:43:17] 128 Handlers Readed
[19:43:17] 175 Messages Readed
[19:43:17] WorldServer start in 4920 ms.
[19:58:03] MySQL Database Connected
[19:58:03] 16 Breeds catched
[19:58:03] 256 Heads catched
[19:58:03] 566 Effects catched
[19:58:03] 4 SuperAreas catched
[19:58:03] 48 Areas catched
[19:58:04] 334 SubAreas catched
[19:58:05] 11267 DofusMaps catched
[19:58:05] 9761 StatedElements catched
[19:58:05] 13349 InteractiveElements catched
[19:58:05] 1485 HouseInformations catched
[19:58:05] 556 InteractiveDoors catched
[19:58:05] 3530 MapPositions uncatched
[19:58:05] 14681 MapPositions catched
[19:58:05] 42 MapZaaps catched
[19:58:05] 79 MapSubways catched
[19:58:05] 15612 SpellLevels catched 
[19:58:05] 4972 Spells catched 
[19:58:05] 316 GuildEmblems catched 
[19:58:05] 1179 LearnableSpells catched 
[19:58:05] 10063 ItemTemplates catched 
[19:58:05] 4355 Weapons catched 
[19:58:05] 366 ItemSets catched 
[19:58:05] 171 ItemTypes catched 
[19:58:05] 114 ItemPets catched 
[19:58:06] 2476 NpcTemplates catched 
[19:58:06] 787 NpcSpawns catched 
[19:58:06] 94 NpcItems catched 
[19:58:06] 19801 NpcMessages catched 
[19:58:06] 7 NpcReplies catched 
[19:58:06] 353 Triggers catched
[19:58:06] 1277 Paddocks catched
[19:58:06] 72 Mounts catched
[19:58:06] 3 Guild catched
[19:58:06] 2 GuildMembers catched
[19:58:06] 11 GatheringJob LevelInfos catched
[19:58:06] 233 InteractiveSkills LevelInfos catched
[19:58:07] 128 Handlers Readed
[19:58:07] 175 Messages Readed
[19:58:07] WorldServer start in 4785 ms.
[20:11:32] MySQL Database Connected
[20:11:32] 16 Breeds catched
[20:11:32] 256 Heads catched
[20:11:32] 566 Effects catched
[20:11:33] 4 SuperAreas catched
[20:11:33] 48 Areas catched
[20:11:34] 334 SubAreas catched
[20:11:34] 11267 DofusMaps catched
[20:11:34] 9761 StatedElements catched
[20:11:35] 13349 InteractiveElements catched
[20:11:35] 1485 HouseInformations catched
[20:11:35] 556 InteractiveDoors catched
[20:11:35] 3530 MapPositions uncatched
[20:11:35] 14681 MapPositions catched
[20:11:35] 42 MapZaaps catched
[20:11:35] 79 MapSubways catched
[20:11:35] 15612 SpellLevels catched 
[20:11:35] 4972 Spells catched 
[20:11:35] 316 GuildEmblems catched 
[20:11:35] 1179 LearnableSpells catched 
[20:11:35] 10063 ItemTemplates catched 
[20:11:35] 4355 Weapons catched 
[20:11:35] 366 ItemSets catched 
[20:11:35] 171 ItemTypes catched 
[20:11:35] 114 ItemPets catched 
[20:11:35] 2476 NpcTemplates catched 
[20:11:35] 787 NpcSpawns catched 
[20:11:35] 94 NpcItems catched 
[20:11:36] 19801 NpcMessages catched 
[20:11:36] 7 NpcReplies catched 
[20:11:36] 353 Triggers catched
[20:11:36] 1277 Paddocks catched
[20:11:36] 72 Mounts catched
[20:11:36] 3 Guild catched
[20:11:36] 2 GuildMembers catched
[20:11:36] 11 GatheringJob LevelInfos catched
[20:11:36] 233 InteractiveSkills LevelInfos catched
[20:11:36] 128 Handlers Readed
[20:11:37] 175 Messages Readed
[20:11:37] WorldServer start in 4759 ms.
[20:14:14] MySQL Database Connected
[20:14:14] 16 Breeds catched
[20:14:14] 256 Heads catched
[20:14:14] 566 Effects catched
[20:14:15] 4 SuperAreas catched
[20:14:15] 48 Areas catched
[20:14:16] 334 SubAreas catched
[20:14:16] 11267 DofusMaps catched
[20:14:16] 9761 StatedElements catched
[20:14:16] 13349 InteractiveElements catched
[20:14:16] 1485 HouseInformations catched
[20:14:16] 556 InteractiveDoors catched
[20:14:17] 3530 MapPositions uncatched
[20:14:17] 14681 MapPositions catched
[20:14:17] 42 MapZaaps catched
[20:14:17] 79 MapSubways catched
[20:14:17] 15612 SpellLevels catched 
[20:14:17] 4972 Spells catched 
[20:14:17] 316 GuildEmblems catched 
[20:14:17] 1179 LearnableSpells catched 
[20:14:17] 10063 ItemTemplates catched 
[20:14:17] 4355 Weapons catched 
[20:14:17] 366 ItemSets catched 
[20:14:17] 171 ItemTypes catched 
[20:14:17] 114 ItemPets catched 
[20:14:17] 2476 NpcTemplates catched 
[20:14:17] 787 NpcSpawns catched 
[20:14:17] 94 NpcItems catched 
[20:14:17] 19801 NpcMessages catched 
[20:14:17] 7 NpcReplies catched 
[20:14:17] 353 Triggers catched
[20:14:17] 1277 Paddocks catched
[20:14:17] 72 Mounts catched
[20:14:17] 3 Guild catched
[20:14:17] 2 GuildMembers catched
[20:14:17] 11 GatheringJob LevelInfos catched
[20:14:18] 233 InteractiveSkills LevelInfos catched
[20:14:18] 128 Handlers Readed
[20:14:19] 175 Messages Readed
[20:14:19] WorldServer start in 5082 ms.
[20:15:58] MySQL Database Connected
[20:15:58] 16 Breeds catched
[20:15:58] 256 Heads catched
[20:15:58] 566 Effects catched
[20:15:59] 4 SuperAreas catched
[20:15:59] 48 Areas catched
[20:16:00] 334 SubAreas catched
[20:16:00] 11267 DofusMaps catched
[20:16:01] 9761 StatedElements catched
[20:16:01] 13349 InteractiveElements catched
[20:16:01] 1485 HouseInformations catched
[20:16:01] 556 InteractiveDoors catched
[20:16:01] 3530 MapPositions uncatched
[20:16:01] 14681 MapPositions catched
[20:16:01] 42 MapZaaps catched
[20:16:01] 79 MapSubways catched
[20:16:01] 15612 SpellLevels catched 
[20:16:01] 4972 Spells catched 
[20:16:01] 316 GuildEmblems catched 
[20:16:01] 1179 LearnableSpells catched 
[20:16:01] 10063 ItemTemplates catched 
[20:16:01] 4355 Weapons catched 
[20:16:01] 366 ItemSets catched 
[20:16:01] 171 ItemTypes catched 
[20:16:01] 114 ItemPets catched 
[20:16:02] 2476 NpcTemplates catched 
[20:16:02] 787 NpcSpawns catched 
[20:16:02] 94 NpcItems catched 
[20:16:02] 19801 NpcMessages catched 
[20:16:02] 7 NpcReplies catched 
[20:16:02] 353 Triggers catched
[20:16:02] 1277 Paddocks catched
[20:16:02] 72 Mounts catched
[20:16:02] 3 Guild catched
[20:16:02] 2 GuildMembers catched
[20:16:02] 11 GatheringJob LevelInfos catched
[20:16:02] 233 InteractiveSkills LevelInfos catched
[20:16:02] 128 Handlers Readed
[20:16:03] 175 Messages Readed
[20:16:03] WorldServer start in 5008 ms.
[20:20:01] MySQL Database Connected
[20:20:01] 16 Breeds catched
[20:20:01] 256 Heads catched
[20:20:01] 566 Effects catched
[20:20:02] 4 SuperAreas catched
[20:20:02] 48 Areas catched
[20:20:03] 334 SubAreas catched
[20:20:03] 11267 DofusMaps catched
[20:20:03] 9761 StatedElements catched
[20:20:03] 13349 InteractiveElements catched
[20:20:03] 1485 HouseInformations catched
[20:20:03] 556 InteractiveDoors catched
[20:20:03] 3530 MapPositions uncatched
[20:20:03] 14681 MapPositions catched
[20:20:03] 42 MapZaaps catched
[20:20:03] 79 MapSubways catched
[20:20:04] 15612 SpellLevels catched 
[20:20:04] 4972 Spells catched 
[20:20:04] 316 GuildEmblems catched 
[20:20:04] 1179 LearnableSpells catched 
[20:20:04] 10063 ItemTemplates catched 
[20:20:04] 4355 Weapons catched 
[20:20:04] 366 ItemSets catched 
[20:20:04] 171 ItemTypes catched 
[20:20:04] 114 ItemPets catched 
[20:20:04] 2476 NpcTemplates catched 
[20:20:04] 787 NpcSpawns catched 
[20:20:04] 94 NpcItems catched 
[20:20:04] 19801 NpcMessages catched 
[20:20:04] 7 NpcReplies catched 
[20:20:04] 353 Triggers catched
[20:20:04] 1277 Paddocks catched
[20:20:04] 72 Mounts catched
[20:20:04] 3 Guild catched
[20:20:04] 2 GuildMembers catched
[20:20:04] 11 GatheringJob LevelInfos catched
[20:20:05] 233 InteractiveSkills LevelInfos catched
[20:20:05] 128 Handlers Readed
[20:20:06] 175 Messages Readed
[20:20:06] WorldServer start in 4819 ms.
[20:21:48] MySQL Database Connected
[20:21:48] 16 Breeds catched
[20:21:48] 256 Heads catched
[20:21:48] 566 Effects catched
[20:21:48] 4 SuperAreas catched
[20:21:48] 48 Areas catched
[20:21:49] 334 SubAreas catched
[20:21:50] 11267 DofusMaps catched
[20:21:50] 9761 StatedElements catched
[20:21:50] 13349 InteractiveElements catched
[20:21:50] 1485 HouseInformations catched
[20:21:50] 556 InteractiveDoors catched
[20:21:50] 3530 MapPositions uncatched
[20:21:50] 14681 MapPositions catched
[20:21:50] 42 MapZaaps catched
[20:21:50] 79 MapSubways catched
[20:21:50] 15612 SpellLevels catched 
[20:21:50] 4972 Spells catched 
[20:21:50] 316 GuildEmblems catched 
[20:21:51] 1179 LearnableSpells catched 
[20:21:51] 10063 ItemTemplates catched 
[20:21:51] 4355 Weapons catched 
[20:21:51] 366 ItemSets catched 
[20:21:51] 171 ItemTypes catched 
[20:21:51] 114 ItemPets catched 
[20:21:51] 2476 NpcTemplates catched 
[20:21:51] 787 NpcSpawns catched 
[20:21:51] 94 NpcItems catched 
[20:21:51] 19801 NpcMessages catched 
[20:21:51] 7 NpcReplies catched 
[20:21:51] 353 Triggers catched
[20:21:51] 1277 Paddocks catched
[20:21:51] 72 Mounts catched
[20:21:51] 3 Guild catched
[20:21:51] 2 GuildMembers catched
[20:21:51] 11 GatheringJob LevelInfos catched
[20:21:51] 233 InteractiveSkills LevelInfos catched
[20:21:52] 128 Handlers Readed
[20:21:53] 175 Messages Readed
[20:21:53] WorldServer start in 5029 ms.
[20:24:40] MySQL Database Connected
[20:24:40] 16 Breeds catched
[20:24:40] 256 Heads catched
[20:24:40] 566 Effects catched
[20:24:41] 4 SuperAreas catched
[20:24:41] 48 Areas catched
[20:24:42] 334 SubAreas catched
[20:24:42] 11267 DofusMaps catched
[20:24:42] 9761 StatedElements catched
[20:24:42] 13349 InteractiveElements catched
[20:24:42] 1485 HouseInformations catched
[20:24:42] 556 InteractiveDoors catched
[20:24:43] 3530 MapPositions uncatched
[20:24:43] 14681 MapPositions catched
[20:24:43] 42 MapZaaps catched
[20:24:43] 79 MapSubways catched
[20:24:43] 15612 SpellLevels catched 
[20:24:43] 4972 Spells catched 
[20:24:43] 316 GuildEmblems catched 
[20:24:43] 1179 LearnableSpells catched 
[20:24:43] 10063 ItemTemplates catched 
[20:24:43] 4355 Weapons catched 
[20:24:43] 366 ItemSets catched 
[20:24:43] 171 ItemTypes catched 
[20:24:43] 114 ItemPets catched 
[20:24:43] 2476 NpcTemplates catched 
[20:24:43] 787 NpcSpawns catched 
[20:24:43] 94 NpcItems catched 
[20:24:43] 19801 NpcMessages catched 
[20:24:43] 7 NpcReplies catched 
[20:24:44] 353 Triggers catched
[20:24:44] 1277 Paddocks catched
[20:24:44] 72 Mounts catched
[20:24:44] 3 Guild catched
[20:24:44] 2 GuildMembers catched
[20:24:44] 11 GatheringJob LevelInfos catched
[20:24:44] 233 InteractiveSkills LevelInfos catched
[20:24:44] 128 Handlers Readed
[20:24:45] 175 Messages Readed
[20:24:45] WorldServer start in 4864 ms.
[20:27:57] MySQL Database Connected
[20:27:57] 16 Breeds catched
[20:27:57] 256 Heads catched
[20:27:57] 566 Effects catched
[20:27:58] 4 SuperAreas catched
[20:27:58] 48 Areas catched
[20:27:59] 334 SubAreas catched
[20:27:59] 11267 DofusMaps catched
[20:27:59] 9761 StatedElements catched
[20:27:59] 13349 InteractiveElements catched
[20:27:59] 1485 HouseInformations catched
[20:27:59] 556 InteractiveDoors catched
[20:27:59] 3530 MapPositions uncatched
[20:27:59] 14681 MapPositions catched
[20:27:59] 42 MapZaaps catched
[20:27:59] 79 MapSubways catched
[20:28:00] 15612 SpellLevels catched 
[20:28:00] 4972 Spells catched 
[20:28:00] 316 GuildEmblems catched 
[20:28:00] 1179 LearnableSpells catched 
[20:28:00] 10063 ItemTemplates catched 
[20:28:00] 4355 Weapons catched 
[20:28:00] 366 ItemSets catched 
[20:28:00] 171 ItemTypes catched 
[20:28:00] 114 ItemPets catched 
[20:28:00] 2476 NpcTemplates catched 
[20:28:00] 787 NpcSpawns catched 
[20:28:00] 94 NpcItems catched 
[20:28:00] 19801 NpcMessages catched 
[20:28:00] 7 NpcReplies catched 
[20:28:00] 353 Triggers catched
[20:28:00] 1277 Paddocks catched
[20:28:00] 72 Mounts catched
[20:28:00] 3 Guild catched
[20:28:01] 2 GuildMembers catched
[20:28:01] 11 GatheringJob LevelInfos catched
[20:28:01] 233 InteractiveSkills LevelInfos catched
[20:28:01] 128 Handlers Readed
[20:28:02] 175 Messages Readed
[20:28:02] WorldServer start in 4966 ms.
[20:30:39] MySQL Database Connected
[20:30:40] 16 Breeds catched
[20:30:40] 256 Heads catched
[20:30:40] 566 Effects catched
[20:30:40] 4 SuperAreas catched
[20:30:40] 48 Areas catched
[20:30:41] 334 SubAreas catched
[20:30:42] 11267 DofusMaps catched
[20:30:42] 9761 StatedElements catched
[20:30:42] 13349 InteractiveElements catched
[20:30:42] 1485 HouseInformations catched
[20:30:42] 556 InteractiveDoors catched
[20:30:42] 3530 MapPositions uncatched
[20:30:42] 14681 MapPositions catched
[20:30:42] 42 MapZaaps catched
[20:30:42] 79 MapSubways catched
[20:30:42] 15612 SpellLevels catched 
[20:30:42] 4972 Spells catched 
[20:30:42] 316 GuildEmblems catched 
[20:30:42] 1179 LearnableSpells catched 
[20:30:42] 10063 ItemTemplates catched 
[20:30:42] 4355 Weapons catched 
[20:30:42] 366 ItemSets catched 
[20:30:42] 171 ItemTypes catched 
[20:30:42] 114 ItemPets catched 
[20:30:43] 2476 NpcTemplates catched 
[20:30:43] 787 NpcSpawns catched 
[20:30:43] 94 NpcItems catched 
[20:30:43] 19801 NpcMessages catched 
[20:30:43] 7 NpcReplies catched 
[20:30:43] 353 Triggers catched
[20:30:43] 1277 Paddocks catched
[20:30:43] 72 Mounts catched
[20:30:43] 3 Guild catched
[20:30:43] 2 GuildMembers catched
[20:30:43] 11 GatheringJob LevelInfos catched
[20:30:43] 233 InteractiveSkills LevelInfos catched
[20:30:43] 128 Handlers Readed
[20:30:44] 175 Messages Readed
[20:30:44] WorldServer start in 5021 ms.
[20:38:49] MySQL Database Connected
[20:38:49] 16 Breeds catched
[20:38:49] 256 Heads catched
[20:38:49] 566 Effects catched
[20:38:50] 4 SuperAreas catched
[20:38:50] 48 Areas catched
[20:38:51] 334 SubAreas catched
[20:38:51] 11267 DofusMaps catched
[20:38:51] 9761 StatedElements catched
[20:38:51] 13349 InteractiveElements catched
[20:38:51] 1485 HouseInformations catched
[20:38:51] 556 InteractiveDoors catched
[20:38:51] 3530 MapPositions uncatched
[20:38:51] 14681 MapPositions catched
[20:38:51] 42 MapZaaps catched
[20:38:51] 79 MapSubways catched
[20:38:52] 15612 SpellLevels catched 
[20:38:52] 4972 Spells catched 
[20:38:52] 316 GuildEmblems catched 
[20:38:52] 1179 LearnableSpells catched 
[20:38:52] 10063 ItemTemplates catched 
[20:38:52] 4355 Weapons catched 
[20:38:52] 366 ItemSets catched 
[20:38:52] 171 ItemTypes catched 
[20:38:52] 114 ItemPets catched 
[20:38:52] 2476 NpcTemplates catched 
[20:38:52] 787 NpcSpawns catched 
[20:38:52] 94 NpcItems catched 
[20:38:52] 19801 NpcMessages catched 
[20:38:52] 7 NpcReplies catched 
[20:38:52] 353 Triggers catched
[20:38:52] 1277 Paddocks catched
[20:38:52] 72 Mounts catched
[20:38:52] 3 Guild catched
[20:38:52] 2 GuildMembers catched
[20:38:52] 11 GatheringJob LevelInfos catched
[20:38:53] 233 InteractiveSkills LevelInfos catched
[20:38:53] 128 Handlers Readed
[20:38:54] 175 Messages Readed
[20:38:54] WorldServer start in 5037 ms.
[20:42:22] MySQL Database Connected
[20:42:22] 16 Breeds catched
[20:42:22] 256 Heads catched
[20:42:22] 566 Effects catched
[20:42:22] 4 SuperAreas catched
[20:42:22] 48 Areas catched
[20:42:23] 334 SubAreas catched
[20:42:24] 11267 DofusMaps catched
[20:42:24] 9761 StatedElements catched
[20:42:24] 13349 InteractiveElements catched
[20:42:24] 1485 HouseInformations catched
[20:42:24] 556 InteractiveDoors catched
[20:42:24] 3530 MapPositions uncatched
[20:42:24] 14681 MapPositions catched
[20:42:24] 42 MapZaaps catched
[20:42:24] 79 MapSubways catched
[20:42:24] 15612 SpellLevels catched 
[20:42:24] 4972 Spells catched 
[20:42:24] 316 GuildEmblems catched 
[20:42:24] 1179 LearnableSpells catched 
[20:42:24] 10063 ItemTemplates catched 
[20:42:24] 4355 Weapons catched 
[20:42:24] 366 ItemSets catched 
[20:42:24] 171 ItemTypes catched 
[20:42:24] 114 ItemPets catched 
[20:42:25] 2476 NpcTemplates catched 
[20:42:25] 787 NpcSpawns catched 
[20:42:25] 94 NpcItems catched 
[20:42:25] 19801 NpcMessages catched 
[20:42:25] 7 NpcReplies catched 
[20:42:25] 353 Triggers catched
[20:42:25] 1277 Paddocks catched
[20:42:25] 72 Mounts catched
[20:42:25] 3 Guild catched
[20:42:25] 2 GuildMembers catched
[20:42:25] 11 GatheringJob LevelInfos catched
[20:42:25] 233 InteractiveSkills LevelInfos catched
[20:42:26] 128 Handlers Readed
[20:42:26] 175 Messages Readed
[20:42:26] WorldServer start in 4934 ms.
[20:44:07] MySQL Database Connected
[20:44:07] 16 Breeds catched
[20:44:07] 256 Heads catched
[20:44:07] 566 Effects catched
[20:44:07] 4 SuperAreas catched
[20:44:07] 48 Areas catched
[20:44:08] 334 SubAreas catched
[20:44:09] 11267 DofusMaps catched
[20:44:09] 9761 StatedElements catched
[20:44:09] 13349 InteractiveElements catched
[20:44:09] 1485 HouseInformations catched
[20:44:09] 556 InteractiveDoors catched
[20:44:09] 3530 MapPositions uncatched
[20:44:09] 14681 MapPositions catched
[20:44:09] 42 MapZaaps catched
[20:44:09] 79 MapSubways catched
[20:44:09] 15612 SpellLevels catched 
[20:44:09] 4972 Spells catched 
[20:44:09] 316 GuildEmblems catched 
[20:44:09] 1179 LearnableSpells catched 
[20:44:09] 10063 ItemTemplates catched 
[20:44:10] 4355 Weapons catched 
[20:44:10] 366 ItemSets catched 
[20:44:10] 171 ItemTypes catched 
[20:44:10] 114 ItemPets catched 
[20:44:10] 2476 NpcTemplates catched 
[20:44:10] 787 NpcSpawns catched 
[20:44:10] 94 NpcItems catched 
[20:44:10] 19801 NpcMessages catched 
[20:44:10] 7 NpcReplies catched 
[20:44:10] 353 Triggers catched
[20:44:10] 1277 Paddocks catched
[20:44:10] 72 Mounts catched
[20:44:10] 3 Guild catched
[20:44:10] 2 GuildMembers catched
[20:44:10] 11 GatheringJob LevelInfos catched
[20:44:10] 233 InteractiveSkills LevelInfos catched
[20:44:11] 128 Handlers Readed
[20:44:11] 175 Messages Readed
[20:44:11] WorldServer start in 5059 ms.
[20:55:50] MySQL Database Connected
[20:55:50] 16 Breeds catched
[20:55:50] 256 Heads catched
[20:55:50] 566 Effects catched
[20:55:51] 4 SuperAreas catched
[20:55:51] 48 Areas catched
[20:55:52] 334 SubAreas catched
[20:55:54] 11267 DofusMaps catched
[20:55:54] 9761 StatedElements catched
[20:55:54] 13349 InteractiveElements catched
[20:55:54] 1485 HouseInformations catched
[20:55:54] 556 InteractiveDoors catched
[20:55:54] 3530 MapPositions uncatched
[20:55:54] 14681 MapPositions catched
[20:55:54] 42 MapZaaps catched
[20:55:54] 79 MapSubways catched
[20:55:54] 15612 SpellLevels catched 
[20:55:55] 4972 Spells catched 
[20:55:55] 316 GuildEmblems catched 
[20:55:55] 1179 LearnableSpells catched 
[20:55:55] 10063 ItemTemplates catched 
[20:55:55] 4355 Weapons catched 
[20:55:55] 366 ItemSets catched 
[20:55:55] 171 ItemTypes catched 
[20:55:55] 114 ItemPets catched 
[20:55:55] 2476 NpcTemplates catched 
[20:55:55] 787 NpcSpawns catched 
[20:55:55] 94 NpcItems catched 
[20:55:55] 19801 NpcMessages catched 
[20:55:55] 7 NpcReplies catched 
[20:55:55] 353 Triggers catched
[20:55:55] 1277 Paddocks catched
[20:55:55] 72 Mounts catched
[20:55:55] 3 Guild catched
[20:55:55] 2 GuildMembers catched
[20:55:55] 11 GatheringJob LevelInfos catched
[20:55:56] 233 InteractiveSkills LevelInfos catched
[20:55:56] 128 Handlers Readed
[20:55:57] 175 Messages Readed
[20:55:57] WorldServer start in 6821 ms.
[21:04:12] MySQL Database Connected
[21:04:12] 16 Breeds catched
[21:04:12] 256 Heads catched
[21:04:12] 566 Effects catched
[21:04:13] 4 SuperAreas catched
[21:04:13] 48 Areas catched
[21:04:14] 334 SubAreas catched
[21:04:14] 11267 DofusMaps catched
[21:04:14] 9761 StatedElements catched
[21:04:14] 13349 InteractiveElements catched
[21:04:14] 1485 HouseInformations catched
[21:04:14] 556 InteractiveDoors catched
[21:04:14] 3530 MapPositions uncatched
[21:04:14] 14681 MapPositions catched
[21:04:14] 42 MapZaaps catched
[21:04:14] 79 MapSubways catched
[21:04:15] 15612 SpellLevels catched 
[21:04:15] 4972 Spells catched 
[21:04:15] 316 GuildEmblems catched 
[21:04:15] 1179 LearnableSpells catched 
[21:04:15] 10063 ItemTemplates catched 
[21:04:15] 4355 Weapons catched 
[21:04:15] 366 ItemSets catched 
[21:04:15] 171 ItemTypes catched 
[21:04:15] 114 ItemPets catched 
[21:04:15] 2476 NpcTemplates catched 
[21:04:15] 787 NpcSpawns catched 
[21:04:15] 94 NpcItems catched 
[21:04:15] 19801 NpcMessages catched 
[21:04:15] 7 NpcReplies catched 
[21:04:15] 353 Triggers catched
[21:04:15] 1277 Paddocks catched
[21:04:15] 72 Mounts catched
[21:04:15] 3 Guild catched
[21:04:15] 2 GuildMembers catched
[21:04:15] 11 GatheringJob LevelInfos catched
[21:04:16] 233 InteractiveSkills LevelInfos catched
[21:04:16] 128 Handlers Readed
[21:04:17] 175 Messages Readed
[21:04:17] WorldServer start in 4953 ms.
[21:04:41] MySQL Database Connected
[21:04:41] 16 Breeds catched
[21:04:41] 256 Heads catched
[21:04:41] 566 Effects catched
[21:04:41] 4 SuperAreas catched
[21:04:41] 48 Areas catched
[21:04:55] MySQL Database Connected
[21:04:55] 16 Breeds catched
[21:04:55] 256 Heads catched
[21:04:55] 566 Effects catched
[21:04:56] 4 SuperAreas catched
[21:04:56] 48 Areas catched
[21:04:57] 334 SubAreas catched
[21:04:57] 11267 DofusMaps catched
[21:04:57] 9761 StatedElements catched
[21:04:57] 13349 InteractiveElements catched
[21:04:57] 1485 HouseInformations catched
[21:04:57] 556 InteractiveDoors catched
[21:04:57] 3530 MapPositions uncatched
[21:04:57] 14681 MapPositions catched
[21:04:57] 42 MapZaaps catched
[21:04:57] 79 MapSubways catched
[21:04:58] 15612 SpellLevels catched 
[21:04:58] 4972 Spells catched 
[21:04:58] 316 GuildEmblems catched 
[21:04:58] 1179 LearnableSpells catched 
[21:04:58] 10063 ItemTemplates catched 
[21:04:58] 4355 Weapons catched 
[21:04:58] 366 ItemSets catched 
[21:04:58] 171 ItemTypes catched 
[21:04:58] 114 ItemPets catched 
[21:04:58] 2476 NpcTemplates catched 
[21:04:58] 787 NpcSpawns catched 
[21:04:58] 94 NpcItems catched 
[21:04:58] 19801 NpcMessages catched 
[21:04:59] 7 NpcReplies catched 
[21:04:59] 353 Triggers catched
[21:04:59] 1277 Paddocks catched
[21:04:59] 72 Mounts catched
[21:04:59] 3 Guild catched
[21:04:59] 2 GuildMembers catched
[21:04:59] 11 GatheringJob LevelInfos catched
[21:04:59] 233 InteractiveSkills LevelInfos catched
[21:04:59] 128 Handlers Readed
[21:05:00] 175 Messages Readed
[21:05:00] WorldServer start in 4876 ms.
[21:05:12] MySQL Database Connected
[21:05:12] 16 Breeds catched
[21:05:12] 256 Heads catched
[21:05:12] 566 Effects catched
[21:05:13] 4 SuperAreas catched
[21:05:13] 48 Areas catched
[21:05:14] 334 SubAreas catched
[21:05:14] 11267 DofusMaps catched
[21:05:14] 9761 StatedElements catched
[21:05:14] 13349 InteractiveElements catched
[21:05:14] 1485 HouseInformations catched
[21:05:14] 556 InteractiveDoors catched
[21:05:14] 3530 MapPositions uncatched
[21:05:14] 14681 MapPositions catched
[21:05:14] 42 MapZaaps catched
[21:05:14] 79 MapSubways catched
[21:05:15] 15612 SpellLevels catched 
[21:05:15] 4972 Spells catched 
[21:05:15] 316 GuildEmblems catched 
[21:05:15] 1179 LearnableSpells catched 
[21:05:15] 10063 ItemTemplates catched 
[21:05:15] 4355 Weapons catched 
[21:05:15] 366 ItemSets catched 
[21:05:15] 171 ItemTypes catched 
[21:05:15] 114 ItemPets catched 
[21:05:15] 2476 NpcTemplates catched 
[21:05:15] 787 NpcSpawns catched 
[21:05:15] 94 NpcItems catched 
[21:05:15] 19801 NpcMessages catched 
[21:05:15] 7 NpcReplies catched 
[21:05:15] 353 Triggers catched
[21:05:15] 1277 Paddocks catched
[21:05:15] 72 Mounts catched
[21:05:15] 3 Guild catched
[21:05:15] 2 GuildMembers catched
[21:05:15] 11 GatheringJob LevelInfos catched
[21:05:15] 233 InteractiveSkills LevelInfos catched
[21:05:16] 128 Handlers Readed
[21:05:17] 175 Messages Readed
[21:05:17] WorldServer start in 5022 ms.
[23:46:39] MySQL Database Connected
[23:46:39] 16 Breeds catched
[23:46:39] 256 Heads catched
[23:46:39] 566 Effects catched
[23:46:39] 4 SuperAreas catched
[23:46:39] 48 Areas catched
[23:46:40] 334 SubAreas catched
[23:46:41] 11267 DofusMaps catched
[23:46:41] 9761 StatedElements catched
[23:46:41] 13349 InteractiveElements catched
[23:46:41] 1485 HouseInformations catched
[23:46:41] 556 InteractiveDoors catched
[23:46:41] 3530 MapPositions uncatched
[23:46:41] 14681 MapPositions catched
[23:46:41] 42 MapZaaps catched
[23:46:41] 79 MapSubways catched
[23:46:41] 15612 SpellLevels catched 
[23:46:41] 4972 Spells catched 
[23:46:41] 316 GuildEmblems catched 
[23:46:41] 1179 LearnableSpells catched 
[23:46:41] 10063 ItemTemplates catched 
[23:46:41] 4355 Weapons catched 
[23:46:41] 366 ItemSets catched 
[23:46:41] 171 ItemTypes catched 
[23:46:41] 114 ItemPets catched 
[23:46:42] 2476 NpcTemplates catched 
[23:46:42] 787 NpcSpawns catched 
[23:46:42] 94 NpcItems catched 
[23:46:42] 19801 NpcMessages catched 
[23:46:42] 7 NpcReplies catched 
[23:46:42] 353 Triggers catched
[23:46:42] 1277 Paddocks catched
[23:46:42] 72 Mounts catched
[23:46:42] 3 Guild catched
[23:46:42] 2 GuildMembers catched
[23:46:42] 11 GatheringJob LevelInfos catched
[23:46:42] 233 InteractiveSkills LevelInfos catched
[23:46:43] 128 Handlers Readed
[23:46:43] 175 Messages Readed
[23:46:43] WorldServer start in 4906 ms.
