[19:10:40] MySQL Database Connected
[19:10:40] 16 Breeds catched
[19:10:40] 256 Heads catched
[19:10:40] 561 Effects catched
[19:10:55] 11260 DofusMaps catched
[19:10:55] 454 StatedElements catched
[19:10:55] 802 InteractiveElements catched
[19:10:55] 74 HouseInformations catched
[19:10:55] 120 InteractiveDoors catched
[19:10:57] 3614 MapPositions uncatched
[19:10:57] 14681 MapPositions catched
[19:10:57] 42 MapZaaps catched
[19:10:59] 15228 SpellLevels catched 
[19:11:00] 4772 Spells catched 
[19:11:00] 1179 LearnableSpells catched 
[19:11:02] 9780 ItemTemplates catched 
[19:11:02] 4489 Weapons catched 
[19:11:03] 363 ItemSets catched 
[19:11:03] 171 ItemTypes catched 
[19:11:03] 110 ItemPets catched 
[19:11:04] 2476 NpcTemplates catched 
[19:11:04] 138 NpcSpawns catched 
[19:11:04] 50 NpcItems catched 
[19:11:04] 19801 NpcMessages catched 
[19:11:04] 6 NpcReplies catched 
[19:11:05] 18 Triggers catched
[19:11:05] 44 Handlers Readed
[19:11:06] 65 Messages Readed
[19:11:06] WorldServer start in 26070 ms.
[19:17:05] Packet not handled 5585
[20:14:34] MySQL Database Connected
[20:14:34] 16 Breeds catched
[20:14:34] 256 Heads catched
[20:14:34] 561 Effects catched
[20:14:41] 11260 DofusMaps catched
[20:14:41] 454 StatedElements catched
[20:14:42] 802 InteractiveElements catched
[20:14:42] 74 HouseInformations catched
[20:14:42] 120 InteractiveDoors catched
[20:14:42] 3614 MapPositions uncatched
[20:14:42] 14681 MapPositions catched
[20:14:42] 42 MapZaaps catched
[20:14:42] 15228 SpellLevels catched 
[20:14:42] 4772 Spells catched 
[20:14:42] 1179 LearnableSpells catched 
[20:14:42] 9780 ItemTemplates catched 
[20:14:42] 4489 Weapons catched 
[20:14:42] 363 ItemSets catched 
[20:14:42] 171 ItemTypes catched 
[20:14:42] 110 ItemPets catched 
[20:14:43] 2476 NpcTemplates catched 
[20:14:43] 138 NpcSpawns catched 
[20:14:43] 50 NpcItems catched 
[20:14:43] 19801 NpcMessages catched 
[20:14:43] 6 NpcReplies catched 
[20:14:43] 18 Triggers catched
[20:14:43] 44 Handlers Readed
[20:14:44] 65 Messages Readed
[20:14:44] WorldServer start in 10087 ms.
[20:15:00] Packet not handled 5585
[20:15:21] MySQL Database Connected
[20:15:21] 16 Breeds catched
[20:15:21] 256 Heads catched
[20:15:21] 561 Effects catched
[20:15:29] 11260 DofusMaps catched
[20:15:29] 454 StatedElements catched
[20:15:29] 802 InteractiveElements catched
[20:15:29] 74 HouseInformations catched
[20:15:29] 120 InteractiveDoors catched
[20:15:29] 3614 MapPositions uncatched
[20:15:29] 14681 MapPositions catched
[20:15:29] 42 MapZaaps catched
[20:15:30] 15228 SpellLevels catched 
[20:15:30] 4772 Spells catched 
[20:15:30] 1179 LearnableSpells catched 
[20:15:30] 9780 ItemTemplates catched 
[20:15:30] 4489 Weapons catched 
[20:15:30] 363 ItemSets catched 
[20:15:30] 171 ItemTypes catched 
[20:15:30] 110 ItemPets catched 
[20:15:31] 2476 NpcTemplates catched 
[20:15:31] 138 NpcSpawns catched 
[20:15:31] 50 NpcItems catched 
[20:15:31] 19801 NpcMessages catched 
[20:15:31] 6 NpcReplies catched 
[20:15:31] 18 Triggers catched
[20:15:31] 45 Handlers Readed
[20:15:31] 65 Messages Readed
[20:15:31] WorldServer start in 10381 ms.
[20:16:35] MySQL Database Connected
[20:16:35] 16 Breeds catched
[20:16:35] 256 Heads catched
[20:16:35] 561 Effects catched
[20:16:43] 11260 DofusMaps catched
[20:16:43] 454 StatedElements catched
[20:16:43] 802 InteractiveElements catched
[20:16:43] 74 HouseInformations catched
[20:16:43] 120 InteractiveDoors catched
[20:16:43] 3614 MapPositions uncatched
[20:16:43] 14681 MapPositions catched
[20:16:43] 42 MapZaaps catched
[20:16:44] 15228 SpellLevels catched 
[20:16:44] 4772 Spells catched 
[20:16:44] 1179 LearnableSpells catched 
[20:16:44] 9780 ItemTemplates catched 
[20:16:44] 4489 Weapons catched 
[20:16:44] 363 ItemSets catched 
[20:16:44] 171 ItemTypes catched 
[20:16:44] 110 ItemPets catched 
[20:16:44] 2476 NpcTemplates catched 
[20:16:44] 138 NpcSpawns catched 
[20:16:44] 50 NpcItems catched 
[20:16:44] 19801 NpcMessages catched 
[20:16:44] 6 NpcReplies catched 
[20:16:45] 18 Triggers catched
[20:16:45] 45 Handlers Readed
[20:16:45] 65 Messages Readed
[20:16:45] WorldServer start in 10661 ms.
[20:17:02] Packet not handled 6264
[20:17:09] Packet not handled 6264
[21:14:56] MySQL Database Connected
[21:14:56] 16 Breeds catched
[21:14:56] 256 Heads catched
[21:14:56] 561 Effects catched
[21:15:05] 11260 DofusMaps catched
[21:15:05] 454 StatedElements catched
[21:15:05] 802 InteractiveElements catched
[21:15:05] 74 HouseInformations catched
[21:15:05] 120 InteractiveDoors catched
[21:15:05] 3614 MapPositions uncatched
[21:15:05] 14681 MapPositions catched
[21:15:05] 42 MapZaaps catched
[21:15:05] 15228 SpellLevels catched 
[21:15:05] 4772 Spells catched 
[21:15:05] 1179 LearnableSpells catched 
[21:15:05] 9780 ItemTemplates catched 
[21:15:05] 4489 Weapons catched 
[21:15:06] 363 ItemSets catched 
[21:15:06] 171 ItemTypes catched 
[21:15:06] 110 ItemPets catched 
[21:15:06] 2476 NpcTemplates catched 
[21:15:06] 138 NpcSpawns catched 
[21:15:06] 50 NpcItems catched 
[21:15:06] 19801 NpcMessages catched 
[21:15:06] 6 NpcReplies catched 
[21:15:06] 18 Triggers catched
[21:15:06] 45 Handlers Readed
[21:15:07] 65 Messages Readed
[21:15:07] WorldServer start in 10702 ms.
[21:15:55] MySQL Database Connected
[21:15:55] 16 Breeds catched
[21:15:55] 256 Heads catched
[21:15:55] 561 Effects catched
[21:16:03] 11260 DofusMaps catched
[21:16:03] 454 StatedElements catched
[21:16:03] 802 InteractiveElements catched
[21:16:03] 74 HouseInformations catched
[21:16:03] 120 InteractiveDoors catched
[21:16:03] 3614 MapPositions uncatched
[21:16:03] 14681 MapPositions catched
[21:16:03] 42 MapZaaps catched
[21:16:03] 15228 SpellLevels catched 
[21:16:03] 4772 Spells catched 
[21:16:03] 1179 LearnableSpells catched 
[21:16:04] 9780 ItemTemplates catched 
[21:16:04] 4489 Weapons catched 
[21:16:04] 363 ItemSets catched 
[21:16:04] 171 ItemTypes catched 
[21:16:04] 110 ItemPets catched 
[21:16:04] 2476 NpcTemplates catched 
[21:16:04] 138 NpcSpawns catched 
[21:16:04] 50 NpcItems catched 
[21:16:04] 19801 NpcMessages catched 
[21:16:04] 6 NpcReplies catched 
[21:16:04] 18 Triggers catched
[21:16:05] 45 Handlers Readed
[21:16:05] 65 Messages Readed
[21:16:05] WorldServer start in 10493 ms.
[21:17:12] MySQL Database Connected
[21:17:12] 16 Breeds catched
[21:17:12] 256 Heads catched
[21:17:12] 561 Effects catched
[21:17:19] 11260 DofusMaps catched
[21:17:19] 454 StatedElements catched
[21:17:19] 802 InteractiveElements catched
[21:17:19] 74 HouseInformations catched
[21:17:19] 120 InteractiveDoors catched
[21:17:20] 3614 MapPositions uncatched
[21:17:20] 14681 MapPositions catched
[21:17:20] 42 MapZaaps catched
[21:17:20] 15228 SpellLevels catched 
[21:17:20] 4772 Spells catched 
[21:17:20] 1179 LearnableSpells catched 
[21:17:20] 9780 ItemTemplates catched 
[21:17:20] 4489 Weapons catched 
[21:17:20] 363 ItemSets catched 
[21:17:20] 171 ItemTypes catched 
[21:17:20] 110 ItemPets catched 
[21:17:21] 2476 NpcTemplates catched 
[21:17:21] 138 NpcSpawns catched 
[21:17:21] 50 NpcItems catched 
[21:17:21] 19801 NpcMessages catched 
[21:17:21] 6 NpcReplies catched 
[21:17:21] 18 Triggers catched
[21:17:21] 45 Handlers Readed
[21:17:22] 65 Messages Readed
[21:17:22] WorldServer start in 10225 ms.
[21:19:49] MySQL Database Connected
[21:19:49] 16 Breeds catched
[21:19:49] 256 Heads catched
[21:19:49] 561 Effects catched
[21:19:57] 11260 DofusMaps catched
[21:19:57] 454 StatedElements catched
[21:19:58] 802 InteractiveElements catched
[21:19:58] 74 HouseInformations catched
[21:19:58] 120 InteractiveDoors catched
[21:19:58] 3614 MapPositions uncatched
[21:19:58] 14681 MapPositions catched
[21:19:58] 42 MapZaaps catched
[21:19:58] 15228 SpellLevels catched 
[21:19:58] 4772 Spells catched 
[21:19:58] 1179 LearnableSpells catched 
[21:19:58] 9780 ItemTemplates catched 
[21:19:59] 4489 Weapons catched 
[21:19:59] 363 ItemSets catched 
[21:19:59] 171 ItemTypes catched 
[21:19:59] 110 ItemPets catched 
[21:20:00] 2476 NpcTemplates catched 
[21:20:00] 138 NpcSpawns catched 
[21:20:00] 50 NpcItems catched 
[21:20:00] 19801 NpcMessages catched 
[21:20:00] 6 NpcReplies catched 
[21:20:00] 18 Triggers catched
[21:20:01] 45 Handlers Readed
[21:20:01] 65 Messages Readed
[21:20:01] WorldServer start in 12074 ms.
[21:37:08] MySQL Database Connected
[21:37:08] 16 Breeds catched
[21:37:08] 256 Heads catched
[21:37:08] 561 Effects catched
[21:37:17] 11260 DofusMaps catched
[21:37:17] 454 StatedElements catched
[21:37:17] 802 InteractiveElements catched
[21:37:17] 74 HouseInformations catched
[21:37:17] 120 InteractiveDoors catched
[21:37:18] 3614 MapPositions uncatched
[21:37:18] 14681 MapPositions catched
[21:37:18] 42 MapZaaps catched
[21:37:18] 15228 SpellLevels catched 
[21:37:18] 4772 Spells catched 
[21:37:18] 1179 LearnableSpells catched 
[21:37:18] 9780 ItemTemplates catched 
[21:37:18] 4489 Weapons catched 
[21:37:18] 363 ItemSets catched 
[21:37:18] 171 ItemTypes catched 
[21:37:18] 110 ItemPets catched 
[21:37:19] 2476 NpcTemplates catched 
[21:37:19] 138 NpcSpawns catched 
[21:37:19] 50 NpcItems catched 
[21:37:19] 19801 NpcMessages catched 
[21:37:19] 6 NpcReplies catched 
[21:37:19] 18 Triggers catched
[21:37:19] 45 Handlers Readed
[21:37:19] 65 Messages Readed
[21:37:19] WorldServer start in 11270 ms.
[21:38:01] MySQL Database Connected
[21:38:01] 16 Breeds catched
[21:38:01] 256 Heads catched
[21:38:01] 561 Effects catched
[21:38:10] 11260 DofusMaps catched
[21:38:10] 454 StatedElements catched
[21:38:10] 802 InteractiveElements catched
[21:38:11] 74 HouseInformations catched
[21:38:11] 120 InteractiveDoors catched
[21:38:11] 3614 MapPositions uncatched
[21:38:11] 14681 MapPositions catched
[21:38:11] 42 MapZaaps catched
[21:38:11] 15228 SpellLevels catched 
[21:38:11] 4772 Spells catched 
[21:38:11] 1179 LearnableSpells catched 
[21:38:11] 9780 ItemTemplates catched 
[21:38:11] 4489 Weapons catched 
[21:38:11] 363 ItemSets catched 
[21:38:11] 171 ItemTypes catched 
[21:38:11] 110 ItemPets catched 
[21:38:12] 2476 NpcTemplates catched 
[21:38:12] 138 NpcSpawns catched 
[21:38:12] 50 NpcItems catched 
[21:38:12] 19801 NpcMessages catched 
[21:38:12] 6 NpcReplies catched 
[21:38:12] 18 Triggers catched
[21:38:12] 45 Handlers Readed
[21:38:12] 65 Messages Readed
[21:38:13] WorldServer start in 11648 ms.
[21:38:39] Packet not handled 6264
[21:48:22] MySQL Database Connected
[21:48:22] 16 Breeds catched
[21:48:22] 256 Heads catched
[21:48:22] 561 Effects catched
[21:48:51] MySQL Database Connected
[21:48:51] 16 Breeds catched
[21:48:51] 256 Heads catched
[21:48:51] 561 Effects catched
[21:49:33] MySQL Database Connected
[21:49:33] 16 Breeds catched
[21:49:33] 256 Heads catched
[21:49:33] 561 Effects catched
[21:50:50] 11260 DofusMaps catched
[21:50:50] 454 StatedElements catched
[21:50:51] 802 InteractiveElements catched
[21:50:51] 74 HouseInformations catched
[21:50:51] 120 InteractiveDoors catched
[21:50:51] 3614 MapPositions uncatched
[21:50:51] 14681 MapPositions catched
[21:50:51] 42 MapZaaps catched
[21:50:51] 15228 SpellLevels catched 
[21:50:51] 4772 Spells catched 
[21:50:51] 1179 LearnableSpells catched 
[21:50:52] 9780 ItemTemplates catched 
[21:50:52] 4489 Weapons catched 
[21:50:52] 363 ItemSets catched 
[21:50:52] 171 ItemTypes catched 
[21:50:52] 110 ItemPets catched 
[21:50:52] 2476 NpcTemplates catched 
[21:50:52] 138 NpcSpawns catched 
[21:50:52] 50 NpcItems catched 
[21:50:52] 19801 NpcMessages catched 
[21:50:52] 6 NpcReplies catched 
[21:50:52] 18 Triggers catched
[21:50:53] 46 Handlers Readed
[21:50:53] 65 Messages Readed
[21:50:53] WorldServer start in 80191 ms.
[21:52:09] MySQL Database Connected
[21:52:09] 16 Breeds catched
[21:52:09] 256 Heads catched
[21:52:09] 561 Effects catched
[21:52:18] 11260 DofusMaps catched
[21:52:18] 454 StatedElements catched
[21:52:18] 802 InteractiveElements catched
[21:52:18] 74 HouseInformations catched
[21:52:18] 120 InteractiveDoors catched
[21:52:18] 3614 MapPositions uncatched
[21:52:18] 14681 MapPositions catched
[21:52:18] 42 MapZaaps catched
[21:52:19] 15228 SpellLevels catched 
[21:52:19] 4772 Spells catched 
[21:52:19] 1179 LearnableSpells catched 
[21:52:19] 9780 ItemTemplates catched 
[21:52:19] 4489 Weapons catched 
[21:52:19] 363 ItemSets catched 
[21:52:19] 171 ItemTypes catched 
[21:52:19] 110 ItemPets catched 
[21:52:19] 2476 NpcTemplates catched 
[21:52:19] 138 NpcSpawns catched 
[21:52:19] 50 NpcItems catched 
[21:52:20] 19801 NpcMessages catched 
[21:52:20] 6 NpcReplies catched 
[21:52:20] 18 Triggers catched
[21:52:20] 46 Handlers Readed
[21:52:20] 65 Messages Readed
[21:52:20] WorldServer start in 11220 ms.
[22:55:06] MySQL Database Connected
[22:55:06] 16 Breeds catched
[22:55:06] 256 Heads catched
[22:55:06] 561 Effects catched
[22:55:14] 11260 DofusMaps catched
[22:55:14] 454 StatedElements catched
[22:55:14] 802 InteractiveElements catched
[22:55:14] 74 HouseInformations catched
[22:55:14] 120 InteractiveDoors catched
[22:55:14] 3614 MapPositions uncatched
[22:55:14] 14681 MapPositions catched
[22:55:14] 42 MapZaaps catched
[22:55:14] 15228 SpellLevels catched 
[22:55:14] 4772 Spells catched 
[22:55:14] 1179 LearnableSpells catched 
[22:55:15] 9780 ItemTemplates catched 
[22:55:15] 4489 Weapons catched 
[22:55:15] 363 ItemSets catched 
[22:55:15] 171 ItemTypes catched 
[22:55:15] 110 ItemPets catched 
[22:55:15] 2476 NpcTemplates catched 
[22:55:15] 138 NpcSpawns catched 
[22:55:15] 50 NpcItems catched 
[22:55:15] 19801 NpcMessages catched 
[22:55:15] 6 NpcReplies catched 
[22:55:15] 18 Triggers catched
[22:55:16] 47 Handlers Readed
[22:55:16] 65 Messages Readed
[22:55:16] WorldServer start in 9941 ms.
[22:56:40] MySQL Database Connected
[22:56:40] 16 Breeds catched
[22:56:40] 256 Heads catched
[22:56:40] 561 Effects catched
[22:56:48] 11260 DofusMaps catched
[22:56:48] 454 StatedElements catched
[22:56:48] 802 InteractiveElements catched
[22:56:48] 74 HouseInformations catched
[22:56:48] 120 InteractiveDoors catched
[22:56:48] 3614 MapPositions uncatched
[22:56:48] 14681 MapPositions catched
[22:56:48] 42 MapZaaps catched
[22:56:49] 15228 SpellLevels catched 
[22:56:49] 4772 Spells catched 
[22:56:49] 1179 LearnableSpells catched 
[22:56:49] 9780 ItemTemplates catched 
[22:56:49] 4489 Weapons catched 
[22:56:49] 363 ItemSets catched 
[22:56:49] 171 ItemTypes catched 
[22:56:49] 110 ItemPets catched 
[22:56:49] 2476 NpcTemplates catched 
[22:56:49] 138 NpcSpawns catched 
[22:56:49] 50 NpcItems catched 
[22:56:50] 19801 NpcMessages catched 
[22:56:50] 6 NpcReplies catched 
[22:56:50] 18 Triggers catched
[22:56:50] 47 Handlers Readed
[22:56:50] 65 Messages Readed
[22:56:50] WorldServer start in 10565 ms.
[22:57:23] MySQL Database Connected
[22:57:23] 16 Breeds catched
[22:57:23] 256 Heads catched
[22:57:23] 561 Effects catched
[22:57:31] 11260 DofusMaps catched
[22:57:31] 454 StatedElements catched
[22:57:31] 802 InteractiveElements catched
[22:57:31] 74 HouseInformations catched
[22:57:31] 120 InteractiveDoors catched
[22:57:31] 3614 MapPositions uncatched
[22:57:31] 14681 MapPositions catched
[22:57:31] 42 MapZaaps catched
[22:57:31] 15228 SpellLevels catched 
[22:57:31] 4772 Spells catched 
[22:57:31] 1179 LearnableSpells catched 
[22:57:31] 9780 ItemTemplates catched 
[22:57:31] 4489 Weapons catched 
[22:57:31] 363 ItemSets catched 
[22:57:31] 171 ItemTypes catched 
[22:57:31] 110 ItemPets catched 
[22:57:32] 2476 NpcTemplates catched 
[22:57:32] 138 NpcSpawns catched 
[22:57:32] 50 NpcItems catched 
[22:57:32] 19801 NpcMessages catched 
[22:57:32] 6 NpcReplies catched 
[22:57:32] 18 Triggers catched
[22:57:32] 47 Handlers Readed
[22:57:33] 66 Messages Readed
[22:57:33] WorldServer start in 10047 ms.
[23:02:37] MySQL Database Connected
[23:02:37] 16 Breeds catched
[23:02:37] 256 Heads catched
[23:02:37] 561 Effects catched
[23:02:45] 11260 DofusMaps catched
[23:02:45] 454 StatedElements catched
[23:02:45] 802 InteractiveElements catched
[23:02:45] 74 HouseInformations catched
[23:02:45] 120 InteractiveDoors catched
[23:02:45] 3614 MapPositions uncatched
[23:02:45] 14681 MapPositions catched
[23:02:45] 42 MapZaaps catched
[23:02:45] 15228 SpellLevels catched 
[23:02:45] 4772 Spells catched 
[23:02:45] 1179 LearnableSpells catched 
[23:02:46] 9780 ItemTemplates catched 
[23:02:46] 4489 Weapons catched 
[23:02:46] 363 ItemSets catched 
[23:02:46] 171 ItemTypes catched 
[23:02:46] 110 ItemPets catched 
[23:02:46] 2476 NpcTemplates catched 
[23:02:46] 138 NpcSpawns catched 
[23:02:46] 50 NpcItems catched 
[23:02:46] 19801 NpcMessages catched 
[23:02:46] 6 NpcReplies catched 
[23:02:46] 18 Triggers catched
[23:02:47] 47 Handlers Readed
[23:02:47] 66 Messages Readed
[23:02:47] WorldServer start in 10334 ms.
[23:04:59] MySQL Database Connected
[23:04:59] 16 Breeds catched
[23:04:59] 256 Heads catched
[23:04:59] 561 Effects catched
[23:05:07] 11260 DofusMaps catched
[23:05:07] 454 StatedElements catched
[23:05:07] 802 InteractiveElements catched
[23:05:07] 74 HouseInformations catched
[23:05:07] 120 InteractiveDoors catched
[23:05:08] 3614 MapPositions uncatched
[23:05:08] 14681 MapPositions catched
[23:05:08] 42 MapZaaps catched
[23:05:08] 15228 SpellLevels catched 
[23:05:08] 4772 Spells catched 
[23:05:08] 1179 LearnableSpells catched 
[23:05:08] 9780 ItemTemplates catched 
[23:05:08] 4489 Weapons catched 
[23:05:08] 363 ItemSets catched 
[23:05:08] 171 ItemTypes catched 
[23:05:08] 110 ItemPets catched 
[23:05:09] 2476 NpcTemplates catched 
[23:05:09] 138 NpcSpawns catched 
[23:05:09] 50 NpcItems catched 
[23:05:09] 19801 NpcMessages catched 
[23:05:09] 6 NpcReplies catched 
[23:05:09] 18 Triggers catched
[23:05:09] 47 Handlers Readed
[23:05:09] 66 Messages Readed
[23:05:09] WorldServer start in 10560 ms.
