[12:04:53] MySQL Database Connected
[12:04:53] 16 Breeds catched
[12:04:53] 256 Heads catched
[12:04:53] 561 Effects catched
[12:05:04] 11260 DofusMaps catched
[12:05:04] 454 StatedElements catched
[12:05:04] 802 InteractiveElements catched
[12:05:04] 74 HouseInformations catched
[12:05:04] 120 InteractiveDoors catched
[12:05:04] 3614 MapPositions uncatched
[12:05:04] 14681 MapPositions catched
[12:05:04] 42 MapZaaps catched
[12:05:05] 15228 SpellLevels catched 
[12:05:05] 4772 Spells catched 
[12:05:05] 1179 LearnableSpells catched 
[12:05:06] 9780 ItemTemplates catched 
[12:05:06] 4489 Weapons catched 
[12:05:06] 363 ItemSets catched 
[12:05:06] 171 ItemTypes catched 
[12:05:06] 110 ItemPets catched 
[12:05:07] 2476 NpcTemplates catched 
[12:05:07] 138 NpcSpawns catched 
[12:05:07] 50 NpcItems catched 
[12:05:07] 19801 NpcMessages catched 
[12:05:07] 7 NpcReplies catched 
[12:05:07] 18 Triggers catched
[12:05:10] 87 Handlers Readed
[12:05:11] 116 Messages Readed
[12:05:12] WorldServer start in 18718 ms.
[13:21:07] MySQL Database Connected
[13:21:07] 16 Breeds catched
[13:21:07] 256 Heads catched
[13:21:07] 561 Effects catched
[13:21:16] 11260 DofusMaps catched
[13:21:16] 454 StatedElements catched
[13:21:16] 802 InteractiveElements catched
[13:21:16] 74 HouseInformations catched
[13:21:16] 120 InteractiveDoors catched
[13:21:16] 3614 MapPositions uncatched
[13:21:16] 14681 MapPositions catched
[13:21:16] 42 MapZaaps catched
[13:21:16] 15228 SpellLevels catched 
[13:21:16] 4772 Spells catched 
[13:21:16] 1179 LearnableSpells catched 
[13:21:16] 9780 ItemTemplates catched 
[13:21:16] 4489 Weapons catched 
[13:21:17] 363 ItemSets catched 
[13:21:17] 171 ItemTypes catched 
[13:21:17] 110 ItemPets catched 
[13:21:17] 2476 NpcTemplates catched 
[13:21:17] 138 NpcSpawns catched 
[13:21:17] 50 NpcItems catched 
[13:21:17] 19801 NpcMessages catched 
[13:21:17] 7 NpcReplies catched 
[13:21:17] 18 Triggers catched
[13:21:18] 87 Handlers Readed
[13:21:19] 116 Messages Readed
[13:21:19] WorldServer start in 11643 ms.
[13:22:59] MySQL Database Connected
[13:22:59] 16 Breeds catched
[13:22:59] 256 Heads catched
[13:22:59] 561 Effects catched
[13:23:08] 11260 DofusMaps catched
[13:23:08] 454 StatedElements catched
[13:23:08] 802 InteractiveElements catched
[13:23:08] 74 HouseInformations catched
[13:23:08] 120 InteractiveDoors catched
[13:23:08] 3614 MapPositions uncatched
[13:23:08] 14681 MapPositions catched
[13:23:08] 42 MapZaaps catched
[13:23:09] 15228 SpellLevels catched 
[13:23:09] 4772 Spells catched 
[13:23:09] 1179 LearnableSpells catched 
[13:23:09] 9780 ItemTemplates catched 
[13:23:09] 4489 Weapons catched 
[13:23:09] 363 ItemSets catched 
[13:23:09] 171 ItemTypes catched 
[13:23:09] 110 ItemPets catched 
[13:23:10] 2476 NpcTemplates catched 
[13:23:10] 138 NpcSpawns catched 
[13:23:10] 50 NpcItems catched 
[13:23:10] 19801 NpcMessages catched 
[13:23:10] 7 NpcReplies catched 
[13:23:10] 18 Triggers catched
[13:23:10] 87 Handlers Readed
[13:23:10] 116 Messages Readed
[13:23:11] WorldServer start in 12006 ms.
[13:27:06] MySQL Database Connected
[13:27:07] MySQL Database Connected
[13:27:08] 16 Breeds catched
[13:27:08] 256 Heads catched
[13:27:08] 561 Effects catched
[13:27:15] 11260 DofusMaps catched
[13:27:15] 454 StatedElements catched
[13:27:15] 802 InteractiveElements catched
[13:27:15] 74 HouseInformations catched
[13:27:15] 120 InteractiveDoors catched
[13:27:15] 3614 MapPositions uncatched
[13:27:15] 14681 MapPositions catched
[13:27:15] 42 MapZaaps catched
[13:27:16] 15228 SpellLevels catched 
[13:27:16] 4772 Spells catched 
[13:27:16] 1179 LearnableSpells catched 
[13:27:16] 9780 ItemTemplates catched 
[13:27:16] 4489 Weapons catched 
[13:27:16] 363 ItemSets catched 
[13:27:16] 171 ItemTypes catched 
[13:27:16] 110 ItemPets catched 
[13:27:17] 2476 NpcTemplates catched 
[13:27:17] 138 NpcSpawns catched 
[13:27:17] 50 NpcItems catched 
[13:27:17] 19801 NpcMessages catched 
[13:27:17] 7 NpcReplies catched 
[13:27:17] 18 Triggers catched
[13:27:17] 87 Handlers Readed
[13:27:17] 116 Messages Readed
[13:27:17] WorldServer start in 10299 ms.
