[00:55:00] MySQL Database Connected
[00:55:00] 16 Breeds catched
[00:55:00] 256 Heads catched
[00:55:00] 561 Effects catched
[00:55:01] 4 SuperAreas catched
[00:55:01] 48 Areas catched
[00:55:02] 334 SubAreas catched
[00:55:02] 11267 DofusMaps catched
[00:55:02] 9761 StatedElements catched
[00:55:02] 13349 InteractiveElements catched
[00:55:02] 1485 HouseInformations catched
[00:55:02] 556 InteractiveDoors catched
[00:55:02] 3530 MapPositions uncatched
[00:55:02] 14681 MapPositions catched
[00:55:02] 42 MapZaaps catched
[00:55:02] 79 MapSubways catched
[00:55:03] 15228 SpellLevels catched 
[00:55:03] 4772 Spells catched 
[00:55:03] 316 GuildEmblems catched 
[00:55:03] 1179 LearnableSpells catched 
[00:55:03] 9780 ItemTemplates catched 
[00:55:03] 4489 Weapons catched 
[00:55:03] 363 ItemSets catched 
[00:55:03] 171 ItemTypes catched 
[00:55:03] 110 ItemPets catched 
[00:55:03] 2476 NpcTemplates catched 
[00:55:03] 787 NpcSpawns catched 
[00:55:03] 94 NpcItems catched 
[00:55:03] 19801 NpcMessages catched 
[00:55:03] 7 NpcReplies catched 
[00:55:03] 353 Triggers catched
[00:55:03] 1277 Paddocks catched
[00:55:03] 72 Mounts catched
[00:55:04] 4 Guild catched
[00:55:04] 3 GuildMembers catched
[00:55:04] 11 GatheringJob LevelInfos catched
[00:55:04] 233 InteractiveSkills LevelInfos catched
[00:55:04] 126 Handlers Readed
[00:55:05] 173 Messages Readed
[00:55:05] WorldServer start in 4866 ms.
[00:56:19] MySQL Database Connected
[00:56:19] 16 Breeds catched
[00:56:19] 256 Heads catched
[00:56:19] 561 Effects catched
[00:56:20] 4 SuperAreas catched
[00:56:20] 48 Areas catched
[00:56:21] 334 SubAreas catched
[00:56:21] 11267 DofusMaps catched
[00:56:22] 9761 StatedElements catched
[00:56:22] 13349 InteractiveElements catched
[00:56:22] 1485 HouseInformations catched
[00:56:22] 556 InteractiveDoors catched
[00:56:22] 3530 MapPositions uncatched
[00:56:22] 14681 MapPositions catched
[00:56:22] 42 MapZaaps catched
[00:56:22] 79 MapSubways catched
[00:56:22] 15228 SpellLevels catched 
[00:56:22] 4772 Spells catched 
[00:56:22] 316 GuildEmblems catched 
[00:56:22] 1179 LearnableSpells catched 
[00:56:22] 9780 ItemTemplates catched 
[00:56:22] 4489 Weapons catched 
[00:56:22] 363 ItemSets catched 
[00:56:22] 171 ItemTypes catched 
[00:56:22] 110 ItemPets catched 
[00:56:22] 2476 NpcTemplates catched 
[00:56:22] 787 NpcSpawns catched 
[00:56:22] 94 NpcItems catched 
[00:56:23] 19801 NpcMessages catched 
[00:56:23] 7 NpcReplies catched 
[00:56:23] 353 Triggers catched
[00:56:23] 1277 Paddocks catched
[00:56:23] 72 Mounts catched
[00:56:23] 4 Guild catched
[00:56:23] 3 GuildMembers catched
[00:56:23] 11 GatheringJob LevelInfos catched
[00:56:23] 233 InteractiveSkills LevelInfos catched
[00:56:23] 126 Handlers Readed
[00:56:24] 173 Messages Readed
[00:56:24] WorldServer start in 4890 ms.
[01:45:30] MySQL Database Connected
[01:45:30] 16 Breeds catched
[01:45:30] 256 Heads catched
[01:45:30] 561 Effects catched
[01:45:31] 4 SuperAreas catched
[01:45:31] 48 Areas catched
[01:45:32] 334 SubAreas catched
[01:45:33] 11267 DofusMaps catched
[01:45:33] 9761 StatedElements catched
[01:45:33] 13349 InteractiveElements catched
[01:45:33] 1485 HouseInformations catched
[01:45:33] 556 InteractiveDoors catched
[01:45:33] 3530 MapPositions uncatched
[01:45:33] 14681 MapPositions catched
[01:45:33] 42 MapZaaps catched
[01:45:33] 79 MapSubways catched
[01:45:33] 15228 SpellLevels catched 
[01:45:33] 4772 Spells catched 
[01:45:33] 316 GuildEmblems catched 
[01:45:33] 1179 LearnableSpells catched 
[01:45:33] 9780 ItemTemplates catched 
[01:45:33] 4489 Weapons catched 
[01:45:33] 363 ItemSets catched 
[01:45:33] 171 ItemTypes catched 
[01:45:33] 110 ItemPets catched 
[01:45:34] 2476 NpcTemplates catched 
[01:45:34] 787 NpcSpawns catched 
[01:45:34] 94 NpcItems catched 
[01:45:34] 19801 NpcMessages catched 
[01:45:34] 7 NpcReplies catched 
[01:45:34] 353 Triggers catched
[01:45:34] 1277 Paddocks catched
[01:45:34] 72 Mounts catched
[01:45:34] 4 Guild catched
[01:45:34] 3 GuildMembers catched
[01:45:34] 11 GatheringJob LevelInfos catched
[01:45:34] 233 InteractiveSkills LevelInfos catched
[01:45:34] 126 Handlers Readed
[01:45:35] 173 Messages Readed
[01:45:35] WorldServer start in 5014 ms.
[01:49:58] MySQL Database Connected
[01:49:58] 16 Breeds catched
[01:49:58] 256 Heads catched
[01:49:58] 561 Effects catched
[01:49:59] 4 SuperAreas catched
[01:49:59] 48 Areas catched
[01:49:59] 334 SubAreas catched
[01:50:00] 11267 DofusMaps catched
[01:50:00] 9761 StatedElements catched
[01:50:00] 13349 InteractiveElements catched
[01:50:00] 1485 HouseInformations catched
[01:50:00] 556 InteractiveDoors catched
[01:50:00] 3530 MapPositions uncatched
[01:50:00] 14681 MapPositions catched
[01:50:00] 42 MapZaaps catched
[01:50:00] 79 MapSubways catched
[01:50:00] 15228 SpellLevels catched 
[01:50:00] 4772 Spells catched 
[01:50:01] 316 GuildEmblems catched 
[01:50:01] 1179 LearnableSpells catched 
[01:50:01] 9780 ItemTemplates catched 
[01:50:01] 4489 Weapons catched 
[01:50:01] 363 ItemSets catched 
[01:50:01] 171 ItemTypes catched 
[01:50:01] 110 ItemPets catched 
[01:50:01] 2476 NpcTemplates catched 
[01:50:01] 787 NpcSpawns catched 
[01:50:01] 94 NpcItems catched 
[01:50:01] 19801 NpcMessages catched 
[01:50:01] 7 NpcReplies catched 
[01:50:01] 353 Triggers catched
[01:50:01] 1277 Paddocks catched
[01:50:01] 72 Mounts catched
[01:50:01] 4 Guild catched
[01:50:01] 3 GuildMembers catched
[01:50:01] 11 GatheringJob LevelInfos catched
[01:50:01] 233 InteractiveSkills LevelInfos catched
[01:50:02] 126 Handlers Readed
[01:50:03] 173 Messages Readed
[01:50:03] WorldServer start in 5029 ms.
[01:54:01] MySQL Database Connected
[01:54:01] 16 Breeds catched
[01:54:01] 256 Heads catched
[01:54:01] 561 Effects catched
[01:54:02] 4 SuperAreas catched
[01:54:02] 48 Areas catched
[01:54:03] 334 SubAreas catched
[01:54:03] 11267 DofusMaps catched
[01:54:03] 9761 StatedElements catched
[01:54:03] 13349 InteractiveElements catched
[01:54:03] 1485 HouseInformations catched
[01:54:03] 556 InteractiveDoors catched
[01:54:03] 3530 MapPositions uncatched
[01:54:03] 14681 MapPositions catched
[01:54:03] 42 MapZaaps catched
[01:54:03] 79 MapSubways catched
[01:54:04] 15228 SpellLevels catched 
[01:54:04] 4772 Spells catched 
[01:54:04] 316 GuildEmblems catched 
[01:54:04] 1179 LearnableSpells catched 
[01:54:04] 9780 ItemTemplates catched 
[01:54:04] 4489 Weapons catched 
[01:54:04] 363 ItemSets catched 
[01:54:04] 171 ItemTypes catched 
[01:54:04] 110 ItemPets catched 
[01:54:04] 2476 NpcTemplates catched 
[01:54:04] 787 NpcSpawns catched 
[01:54:04] 94 NpcItems catched 
[01:54:04] 19801 NpcMessages catched 
[01:54:04] 7 NpcReplies catched 
[01:54:04] 353 Triggers catched
[01:54:04] 1277 Paddocks catched
[01:54:04] 72 Mounts catched
[01:54:04] 4 Guild catched
[01:54:04] 3 GuildMembers catched
[01:54:04] 11 GatheringJob LevelInfos catched
[01:54:05] 233 InteractiveSkills LevelInfos catched
[01:54:05] 126 Handlers Readed
[01:54:06] 173 Messages Readed
[01:54:06] WorldServer start in 4793 ms.
[02:06:06] MySQL Database Connected
[02:06:06] 16 Breeds catched
[02:06:06] 256 Heads catched
[02:06:06] 561 Effects catched
[02:06:06] 4 SuperAreas catched
[02:06:07] 48 Areas catched
[02:06:08] 334 SubAreas catched
[02:06:08] 11267 DofusMaps catched
[02:06:08] 9761 StatedElements catched
[02:06:08] 13349 InteractiveElements catched
[02:06:08] 1485 HouseInformations catched
[02:06:08] 556 InteractiveDoors catched
[02:06:09] 3530 MapPositions uncatched
[02:06:09] 14681 MapPositions catched
[02:06:09] 42 MapZaaps catched
[02:06:09] 79 MapSubways catched
[02:06:09] 15228 SpellLevels catched 
[02:06:09] 4772 Spells catched 
[02:06:09] 316 GuildEmblems catched 
[02:06:09] 1179 LearnableSpells catched 
[02:06:09] 9780 ItemTemplates catched 
[02:06:09] 4489 Weapons catched 
[02:06:09] 363 ItemSets catched 
[02:06:09] 171 ItemTypes catched 
[02:06:09] 110 ItemPets catched 
[02:06:09] 2476 NpcTemplates catched 
[02:06:09] 787 NpcSpawns catched 
[02:06:09] 94 NpcItems catched 
[02:06:10] 19801 NpcMessages catched 
[02:06:10] 7 NpcReplies catched 
[02:06:10] 353 Triggers catched
[02:06:10] 1277 Paddocks catched
[02:06:10] 72 Mounts catched
[02:06:10] 4 Guild catched
[02:06:10] 3 GuildMembers catched
[02:06:10] 11 GatheringJob LevelInfos catched
[02:06:10] 233 InteractiveSkills LevelInfos catched
[02:06:10] 126 Handlers Readed
[02:06:11] 173 Messages Readed
[02:06:11] WorldServer start in 5290 ms.
[02:14:57] MySQL Database Connected
[02:14:57] 16 Breeds catched
[02:14:57] 256 Heads catched
[02:14:57] 561 Effects catched
[02:14:58] 4 SuperAreas catched
[02:14:58] 48 Areas catched
[02:14:59] 334 SubAreas catched
[02:14:59] 11267 DofusMaps catched
[02:14:59] 9761 StatedElements catched
[02:14:59] 13349 InteractiveElements catched
[02:14:59] 1485 HouseInformations catched
[02:14:59] 556 InteractiveDoors catched
[02:15:00] 3530 MapPositions uncatched
[02:15:00] 14681 MapPositions catched
[02:15:00] 42 MapZaaps catched
[02:15:00] 79 MapSubways catched
[02:15:00] 15228 SpellLevels catched 
[02:15:00] 4772 Spells catched 
[02:15:00] 316 GuildEmblems catched 
[02:15:00] 1179 LearnableSpells catched 
[02:15:00] 9780 ItemTemplates catched 
[02:15:00] 4489 Weapons catched 
[02:15:00] 363 ItemSets catched 
[02:15:00] 171 ItemTypes catched 
[02:15:00] 110 ItemPets catched 
[02:15:00] 2476 NpcTemplates catched 
[02:15:00] 787 NpcSpawns catched 
[02:15:00] 94 NpcItems catched 
[02:15:00] 19801 NpcMessages catched 
[02:15:00] 7 NpcReplies catched 
[02:15:00] 353 Triggers catched
[02:15:01] 1277 Paddocks catched
[02:15:01] 72 Mounts catched
[02:15:01] 4 Guild catched
[02:15:01] 3 GuildMembers catched
[02:15:01] 11 GatheringJob LevelInfos catched
[02:15:01] 233 InteractiveSkills LevelInfos catched
[02:15:01] 126 Handlers Readed
[02:15:02] 173 Messages Readed
[02:15:02] WorldServer start in 5084 ms.
[02:16:05] MySQL Database Connected
[02:16:05] 16 Breeds catched
[02:16:05] 256 Heads catched
[02:16:05] 561 Effects catched
[02:16:06] 4 SuperAreas catched
[02:16:06] 48 Areas catched
[02:16:07] 334 SubAreas catched
[02:16:07] 11267 DofusMaps catched
[02:16:08] 9761 StatedElements catched
[02:16:08] 13349 InteractiveElements catched
[02:16:08] 1485 HouseInformations catched
[02:16:08] 556 InteractiveDoors catched
[02:16:08] 3530 MapPositions uncatched
[02:16:08] 14681 MapPositions catched
[02:16:08] 42 MapZaaps catched
[02:16:08] 79 MapSubways catched
[02:16:08] 15228 SpellLevels catched 
[02:16:08] 4772 Spells catched 
[02:16:08] 316 GuildEmblems catched 
[02:16:08] 1179 LearnableSpells catched 
[02:16:08] 9780 ItemTemplates catched 
[02:16:08] 4489 Weapons catched 
[02:16:08] 363 ItemSets catched 
[02:16:08] 171 ItemTypes catched 
[02:16:08] 110 ItemPets catched 
[02:16:09] 2476 NpcTemplates catched 
[02:16:09] 787 NpcSpawns catched 
[02:16:09] 94 NpcItems catched 
[02:16:09] 19801 NpcMessages catched 
[02:16:09] 7 NpcReplies catched 
[02:16:09] 353 Triggers catched
[02:16:09] 1277 Paddocks catched
[02:16:09] 72 Mounts catched
[02:16:09] 4 Guild catched
[02:16:09] 3 GuildMembers catched
[02:16:09] 11 GatheringJob LevelInfos catched
[02:16:09] 233 InteractiveSkills LevelInfos catched
[02:16:09] 126 Handlers Readed
[02:16:10] 173 Messages Readed
[02:16:10] WorldServer start in 5235 ms.
[02:19:10] MySQL Database Connected
[02:19:10] 16 Breeds catched
[02:19:10] 256 Heads catched
[02:19:10] 561 Effects catched
[02:19:10] 4 SuperAreas catched
[02:19:10] 48 Areas catched
[02:19:11] 334 SubAreas catched
[02:19:12] 11267 DofusMaps catched
[02:19:12] 9761 StatedElements catched
[02:19:12] 13349 InteractiveElements catched
[02:19:12] 1485 HouseInformations catched
[02:19:12] 556 InteractiveDoors catched
[02:19:12] 3530 MapPositions uncatched
[02:19:12] 14681 MapPositions catched
[02:19:12] 42 MapZaaps catched
[02:19:12] 79 MapSubways catched
[02:19:12] 15228 SpellLevels catched 
[02:19:13] 4772 Spells catched 
[02:19:13] 316 GuildEmblems catched 
[02:19:13] 1179 LearnableSpells catched 
[02:19:13] 9780 ItemTemplates catched 
[02:19:13] 4489 Weapons catched 
[02:19:13] 363 ItemSets catched 
[02:19:13] 171 ItemTypes catched 
[02:19:13] 110 ItemPets catched 
[02:19:13] 2476 NpcTemplates catched 
[02:19:13] 787 NpcSpawns catched 
[02:19:13] 94 NpcItems catched 
[02:19:13] 19801 NpcMessages catched 
[02:19:13] 7 NpcReplies catched 
[02:19:13] 353 Triggers catched
[02:19:13] 1277 Paddocks catched
[02:19:13] 72 Mounts catched
[02:19:13] 4 Guild catched
[02:19:13] 3 GuildMembers catched
[02:19:13] 11 GatheringJob LevelInfos catched
[02:19:14] 233 InteractiveSkills LevelInfos catched
[02:19:14] 126 Handlers Readed
[02:19:15] 173 Messages Readed
[02:19:15] WorldServer start in 5101 ms.
[02:41:45] MySQL Database Connected
[02:41:45] 16 Breeds catched
[02:41:45] 256 Heads catched
[02:41:45] 561 Effects catched
[02:41:46] 4 SuperAreas catched
[02:41:46] 48 Areas catched
[02:41:47] 334 SubAreas catched
[02:41:47] 11267 DofusMaps catched
[02:41:48] 9761 StatedElements catched
[02:41:48] 13349 InteractiveElements catched
[02:41:48] 1485 HouseInformations catched
[02:41:48] 556 InteractiveDoors catched
[02:41:48] 3530 MapPositions uncatched
[02:41:48] 14681 MapPositions catched
[02:41:48] 42 MapZaaps catched
[02:41:48] 79 MapSubways catched
[02:41:48] 15228 SpellLevels catched 
[02:41:48] 4772 Spells catched 
[02:41:48] 316 GuildEmblems catched 
[02:41:48] 1179 LearnableSpells catched 
[02:41:48] 9780 ItemTemplates catched 
[02:41:48] 4489 Weapons catched 
[02:41:48] 363 ItemSets catched 
[02:41:48] 171 ItemTypes catched 
[02:41:48] 110 ItemPets catched 
[02:41:49] 2476 NpcTemplates catched 
[02:41:49] 787 NpcSpawns catched 
[02:41:49] 94 NpcItems catched 
[02:41:49] 19801 NpcMessages catched 
[02:41:49] 7 NpcReplies catched 
[02:41:49] 353 Triggers catched
[02:41:49] 1277 Paddocks catched
[02:41:49] 72 Mounts catched
[02:41:49] 4 Guild catched
[02:41:49] 3 GuildMembers catched
[02:41:49] 11 GatheringJob LevelInfos catched
[02:41:49] 233 InteractiveSkills LevelInfos catched
[02:41:49] 125 Handlers Readed
[02:41:50] 173 Messages Readed
[02:41:50] WorldServer start in 5069 ms.
[02:42:00] Packet not handled 6441
[02:42:01] Packet not handled 6441
[02:42:55] Packet not handled 6441
[02:43:08] Packet not handled 6441
[02:51:14] MySQL Database Connected
[02:51:14] 16 Breeds catched
[02:51:14] 256 Heads catched
[02:51:14] 561 Effects catched
[02:51:14] 4 SuperAreas catched
[02:51:14] 48 Areas catched
[02:51:15] 334 SubAreas catched
[02:51:16] 11267 DofusMaps catched
[02:51:16] 9761 StatedElements catched
[02:51:16] 13349 InteractiveElements catched
[02:51:16] 1485 HouseInformations catched
[02:51:16] 556 InteractiveDoors catched
[02:51:16] 3530 MapPositions uncatched
[02:51:16] 14681 MapPositions catched
[02:51:16] 42 MapZaaps catched
[02:51:16] 79 MapSubways catched
[02:51:16] 15228 SpellLevels catched 
[02:51:16] 4772 Spells catched 
[02:51:16] 316 GuildEmblems catched 
[02:51:16] 1179 LearnableSpells catched 
[02:51:16] 9780 ItemTemplates catched 
[02:51:16] 4489 Weapons catched 
[02:51:16] 363 ItemSets catched 
[02:51:16] 171 ItemTypes catched 
[02:51:17] 110 ItemPets catched 
[02:51:17] 2476 NpcTemplates catched 
[02:51:17] 787 NpcSpawns catched 
[02:51:17] 94 NpcItems catched 
[02:51:17] 19801 NpcMessages catched 
[02:51:17] 7 NpcReplies catched 
[02:51:17] 353 Triggers catched
[02:51:17] 1277 Paddocks catched
[02:51:17] 72 Mounts catched
[02:51:17] 4 Guild catched
[02:51:17] 3 GuildMembers catched
[02:51:17] 11 GatheringJob LevelInfos catched
[02:51:17] 233 InteractiveSkills LevelInfos catched
[02:51:18] 126 Handlers Readed
[02:51:18] 173 Messages Readed
[02:51:18] WorldServer start in 4932 ms.
[02:57:39] MySQL Database Connected
[02:57:40] 16 Breeds catched
[02:57:40] 256 Heads catched
[02:57:40] 561 Effects catched
[02:57:40] 4 SuperAreas catched
[02:57:40] 48 Areas catched
[02:57:41] 334 SubAreas catched
[02:57:42] 11267 DofusMaps catched
[02:57:42] 9761 StatedElements catched
[02:57:42] 13349 InteractiveElements catched
[02:57:42] 1485 HouseInformations catched
[02:57:42] 556 InteractiveDoors catched
[02:57:42] 3530 MapPositions uncatched
[02:57:42] 14681 MapPositions catched
[02:57:42] 42 MapZaaps catched
[02:57:42] 79 MapSubways catched
[02:57:42] 15228 SpellLevels catched 
[02:57:42] 4772 Spells catched 
[02:57:42] 316 GuildEmblems catched 
[02:57:42] 1179 LearnableSpells catched 
[02:57:43] 9780 ItemTemplates catched 
[02:57:43] 4489 Weapons catched 
[02:57:43] 363 ItemSets catched 
[02:57:43] 171 ItemTypes catched 
[02:57:43] 110 ItemPets catched 
[02:57:43] 2476 NpcTemplates catched 
[02:57:43] 787 NpcSpawns catched 
[02:57:43] 94 NpcItems catched 
[02:57:43] 19801 NpcMessages catched 
[02:57:43] 7 NpcReplies catched 
[02:57:43] 353 Triggers catched
[02:57:43] 1277 Paddocks catched
[02:57:43] 72 Mounts catched
[02:57:43] 4 Guild catched
[02:57:43] 3 GuildMembers catched
[02:57:43] 11 GatheringJob LevelInfos catched
[02:57:43] 233 InteractiveSkills LevelInfos catched
[02:57:44] 126 Handlers Readed
[02:57:44] 173 Messages Readed
[02:57:45] WorldServer start in 5430 ms.
[03:04:07] MySQL Database Connected
[03:04:07] 16 Breeds catched
[03:04:07] 256 Heads catched
[03:04:07] 561 Effects catched
[03:04:08] 4 SuperAreas catched
[03:04:08] 48 Areas catched
[03:04:09] 334 SubAreas catched
[03:04:10] 11267 DofusMaps catched
[03:04:10] 9761 StatedElements catched
[03:04:10] 13349 InteractiveElements catched
[03:04:10] 1485 HouseInformations catched
[03:04:10] 556 InteractiveDoors catched
[03:04:10] 3530 MapPositions uncatched
[03:04:10] 14681 MapPositions catched
[03:04:10] 42 MapZaaps catched
[03:04:10] 79 MapSubways catched
[03:04:10] 15228 SpellLevels catched 
[03:04:10] 4772 Spells catched 
[03:04:10] 316 GuildEmblems catched 
[03:04:10] 1179 LearnableSpells catched 
[03:04:10] 9780 ItemTemplates catched 
[03:04:11] 4489 Weapons catched 
[03:04:11] 363 ItemSets catched 
[03:04:11] 171 ItemTypes catched 
[03:04:11] 110 ItemPets catched 
[03:04:11] 2476 NpcTemplates catched 
[03:04:11] 787 NpcSpawns catched 
[03:04:11] 94 NpcItems catched 
[03:04:11] 19801 NpcMessages catched 
[03:04:11] 7 NpcReplies catched 
[03:04:11] 353 Triggers catched
[03:04:11] 1277 Paddocks catched
[03:04:11] 72 Mounts catched
[03:04:11] 4 Guild catched
[03:04:11] 3 GuildMembers catched
[03:04:11] 11 GatheringJob LevelInfos catched
[03:04:11] 233 InteractiveSkills LevelInfos catched
[03:04:12] 126 Handlers Readed
[03:04:12] 173 Messages Readed
[03:04:12] WorldServer start in 5490 ms.
[10:10:15] MySQL Database Connected
[10:10:15] 16 Breeds catched
[10:10:15] 256 Heads catched
[10:10:15] 561 Effects catched
[10:10:16] 4 SuperAreas catched
[10:10:16] 48 Areas catched
[10:10:17] 334 SubAreas catched
[10:10:17] 11267 DofusMaps catched
[10:10:17] 9761 StatedElements catched
[10:10:18] 13349 InteractiveElements catched
[10:10:18] 1485 HouseInformations catched
[10:10:18] 556 InteractiveDoors catched
[10:10:18] 3530 MapPositions uncatched
[10:10:18] 14681 MapPositions catched
[10:10:18] 42 MapZaaps catched
[10:10:18] 79 MapSubways catched
[10:10:18] 15228 SpellLevels catched 
[10:10:18] 4772 Spells catched 
[10:10:18] 316 GuildEmblems catched 
[10:10:18] 1179 LearnableSpells catched 
[10:10:18] 9780 ItemTemplates catched 
[10:10:18] 4489 Weapons catched 
[10:10:18] 363 ItemSets catched 
[10:10:18] 171 ItemTypes catched 
[10:10:18] 110 ItemPets catched 
[10:10:19] 2476 NpcTemplates catched 
[10:10:19] 787 NpcSpawns catched 
[10:10:19] 94 NpcItems catched 
[10:10:19] 19801 NpcMessages catched 
[10:10:19] 7 NpcReplies catched 
[10:10:19] 353 Triggers catched
[10:10:19] 1277 Paddocks catched
[10:10:19] 72 Mounts catched
[10:10:19] 3 Guild catched
[10:10:19] 2 GuildMembers catched
[10:10:19] 11 GatheringJob LevelInfos catched
[10:10:19] 233 InteractiveSkills LevelInfos catched
[10:10:19] 126 Handlers Readed
[10:10:20] 173 Messages Readed
[10:10:20] WorldServer start in 5059 ms.
[10:13:26] MySQL Database Connected
[10:13:26] 16 Breeds catched
[10:13:26] 256 Heads catched
[10:13:26] 561 Effects catched
[10:13:27] 4 SuperAreas catched
[10:13:27] 48 Areas catched
[10:13:28] 334 SubAreas catched
[10:13:29] 11267 DofusMaps catched
[10:13:29] 9761 StatedElements catched
[10:13:29] 13349 InteractiveElements catched
[10:13:29] 1485 HouseInformations catched
[10:13:29] 556 InteractiveDoors catched
[10:13:29] 3530 MapPositions uncatched
[10:13:29] 14681 MapPositions catched
[10:13:29] 42 MapZaaps catched
[10:13:29] 79 MapSubways catched
[10:13:29] 15228 SpellLevels catched 
[10:13:29] 4772 Spells catched 
[10:13:29] 316 GuildEmblems catched 
[10:13:29] 1179 LearnableSpells catched 
[10:13:29] 9780 ItemTemplates catched 
[10:13:29] 4489 Weapons catched 
[10:13:29] 363 ItemSets catched 
[10:13:29] 171 ItemTypes catched 
[10:13:29] 110 ItemPets catched 
[10:13:30] 2476 NpcTemplates catched 
[10:13:30] 787 NpcSpawns catched 
[10:13:30] 94 NpcItems catched 
[10:13:30] 19801 NpcMessages catched 
[10:13:30] 7 NpcReplies catched 
[10:13:30] 353 Triggers catched
[10:13:30] 1277 Paddocks catched
[10:13:30] 72 Mounts catched
[10:13:30] 3 Guild catched
[10:13:30] 2 GuildMembers catched
[10:13:30] 11 GatheringJob LevelInfos catched
[10:13:30] 233 InteractiveSkills LevelInfos catched
[10:13:31] 126 Handlers Readed
[10:13:31] 173 Messages Readed
[10:13:31] WorldServer start in 5016 ms.
[10:15:24] MySQL Database Connected
[10:15:24] 16 Breeds catched
[10:15:24] 256 Heads catched
[10:15:24] 561 Effects catched
[10:15:24] 4 SuperAreas catched
[10:15:24] 48 Areas catched
[10:15:25] 334 SubAreas catched
[10:15:26] 11267 DofusMaps catched
[10:15:26] 9761 StatedElements catched
[10:15:26] 13349 InteractiveElements catched
[10:15:26] 1485 HouseInformations catched
[10:15:26] 556 InteractiveDoors catched
[10:15:26] 3530 MapPositions uncatched
[10:15:26] 14681 MapPositions catched
[10:15:26] 42 MapZaaps catched
[10:15:26] 79 MapSubways catched
[10:15:26] 15228 SpellLevels catched 
[10:15:26] 4772 Spells catched 
[10:15:26] 316 GuildEmblems catched 
[10:15:26] 1179 LearnableSpells catched 
[10:15:26] 9780 ItemTemplates catched 
[10:15:27] 4489 Weapons catched 
[10:15:27] 363 ItemSets catched 
[10:15:27] 171 ItemTypes catched 
[10:15:27] 110 ItemPets catched 
[10:15:27] 2476 NpcTemplates catched 
[10:15:27] 787 NpcSpawns catched 
[10:15:27] 94 NpcItems catched 
[10:15:27] 19801 NpcMessages catched 
[10:15:27] 7 NpcReplies catched 
[10:15:27] 353 Triggers catched
[10:15:27] 1277 Paddocks catched
[10:15:27] 72 Mounts catched
[10:15:27] 3 Guild catched
[10:15:27] 2 GuildMembers catched
[10:15:27] 11 GatheringJob LevelInfos catched
[10:15:27] 233 InteractiveSkills LevelInfos catched
[10:15:28] 126 Handlers Readed
[10:15:28] 173 Messages Readed
[10:15:28] WorldServer start in 4958 ms.
[10:22:28] MySQL Database Connected
[10:22:28] 16 Breeds catched
[10:22:28] 256 Heads catched
[10:22:28] 561 Effects catched
[10:22:29] 4 SuperAreas catched
[10:22:29] 48 Areas catched
[10:22:30] 334 SubAreas catched
[10:22:30] 11267 DofusMaps catched
[10:22:31] 9761 StatedElements catched
[10:22:31] 13349 InteractiveElements catched
[10:22:31] 1485 HouseInformations catched
[10:22:31] 556 InteractiveDoors catched
[10:22:31] 3530 MapPositions uncatched
[10:22:31] 14681 MapPositions catched
[10:22:31] 42 MapZaaps catched
[10:22:31] 79 MapSubways catched
[10:22:31] 15228 SpellLevels catched 
[10:22:31] 4772 Spells catched 
[10:22:31] 316 GuildEmblems catched 
[10:22:31] 1179 LearnableSpells catched 
[10:22:31] 9780 ItemTemplates catched 
[10:22:31] 4489 Weapons catched 
[10:22:31] 363 ItemSets catched 
[10:22:31] 171 ItemTypes catched 
[10:22:31] 110 ItemPets catched 
[10:22:32] 2476 NpcTemplates catched 
[10:22:32] 787 NpcSpawns catched 
[10:22:32] 94 NpcItems catched 
[10:22:32] 19801 NpcMessages catched 
[10:22:32] 7 NpcReplies catched 
[10:22:32] 353 Triggers catched
[10:22:32] 1277 Paddocks catched
[10:22:32] 72 Mounts catched
[10:22:32] 3 Guild catched
[10:22:32] 2 GuildMembers catched
[10:22:32] 11 GatheringJob LevelInfos catched
[10:22:32] 233 InteractiveSkills LevelInfos catched
[10:22:33] 126 Handlers Readed
[10:22:33] 173 Messages Readed
[10:22:33] WorldServer start in 5416 ms.
[10:24:16] MySQL Database Connected
[10:24:17] 16 Breeds catched
[10:24:17] 256 Heads catched
[10:24:17] 561 Effects catched
[10:24:17] 4 SuperAreas catched
[10:24:17] 48 Areas catched
[10:24:18] 334 SubAreas catched
[10:24:19] 11267 DofusMaps catched
[10:24:19] 9761 StatedElements catched
[10:24:19] 13349 InteractiveElements catched
[10:24:19] 1485 HouseInformations catched
[10:24:19] 556 InteractiveDoors catched
[10:24:19] 3530 MapPositions uncatched
[10:24:19] 14681 MapPositions catched
[10:24:19] 42 MapZaaps catched
[10:24:19] 79 MapSubways catched
[10:24:19] 15228 SpellLevels catched 
[10:24:19] 4772 Spells catched 
[10:24:19] 316 GuildEmblems catched 
[10:24:19] 1179 LearnableSpells catched 
[10:24:20] 9780 ItemTemplates catched 
[10:24:20] 4489 Weapons catched 
[10:24:20] 363 ItemSets catched 
[10:24:20] 171 ItemTypes catched 
[10:24:20] 110 ItemPets catched 
[10:24:20] 2476 NpcTemplates catched 
[10:24:20] 787 NpcSpawns catched 
[10:24:20] 94 NpcItems catched 
[10:24:20] 19801 NpcMessages catched 
[10:24:20] 7 NpcReplies catched 
[10:24:20] 353 Triggers catched
[10:24:20] 1277 Paddocks catched
[10:24:20] 72 Mounts catched
[10:24:20] 3 Guild catched
[10:24:20] 2 GuildMembers catched
[10:24:20] 11 GatheringJob LevelInfos catched
[10:24:20] 233 InteractiveSkills LevelInfos catched
[10:24:21] 126 Handlers Readed
[10:24:21] 173 Messages Readed
[10:24:22] WorldServer start in 5364 ms.
[10:25:28] MySQL Database Connected
[10:25:28] 16 Breeds catched
[10:25:28] 256 Heads catched
[10:25:28] 561 Effects catched
[10:25:28] 4 SuperAreas catched
[10:25:28] 48 Areas catched
[10:25:29] 334 SubAreas catched
[10:25:30] 11267 DofusMaps catched
[10:25:30] 9761 StatedElements catched
[10:25:30] 13349 InteractiveElements catched
[10:25:30] 1485 HouseInformations catched
[10:25:30] 556 InteractiveDoors catched
[10:25:30] 3530 MapPositions uncatched
[10:25:30] 14681 MapPositions catched
[10:25:30] 42 MapZaaps catched
[10:25:30] 79 MapSubways catched
[10:25:30] 15228 SpellLevels catched 
[10:25:30] 4772 Spells catched 
[10:25:30] 316 GuildEmblems catched 
[10:25:30] 1179 LearnableSpells catched 
[10:25:30] 9780 ItemTemplates catched 
[10:25:30] 4489 Weapons catched 
[10:25:30] 363 ItemSets catched 
[10:25:30] 171 ItemTypes catched 
[10:25:30] 110 ItemPets catched 
[10:25:31] 2476 NpcTemplates catched 
[10:25:31] 787 NpcSpawns catched 
[10:25:31] 94 NpcItems catched 
[10:25:31] 19801 NpcMessages catched 
[10:25:31] 7 NpcReplies catched 
[10:25:31] 353 Triggers catched
[10:25:31] 1277 Paddocks catched
[10:25:31] 72 Mounts catched
[10:25:31] 3 Guild catched
[10:25:31] 2 GuildMembers catched
[10:25:31] 11 GatheringJob LevelInfos catched
[10:25:31] 233 InteractiveSkills LevelInfos catched
[10:25:31] 126 Handlers Readed
[10:25:32] 173 Messages Readed
[10:25:32] WorldServer start in 4745 ms.
[10:26:35] MySQL Database Connected
[10:26:35] 16 Breeds catched
[10:26:35] 256 Heads catched
[10:26:35] 561 Effects catched
[10:26:35] 4 SuperAreas catched
[10:26:35] 48 Areas catched
[10:26:36] 334 SubAreas catched
[10:26:37] 11267 DofusMaps catched
[10:26:37] 9761 StatedElements catched
[10:26:37] 13349 InteractiveElements catched
[10:26:37] 1485 HouseInformations catched
[10:26:37] 556 InteractiveDoors catched
[10:26:37] 3530 MapPositions uncatched
[10:26:37] 14681 MapPositions catched
[10:26:37] 42 MapZaaps catched
[10:26:37] 79 MapSubways catched
[10:26:37] 15228 SpellLevels catched 
[10:26:38] 4772 Spells catched 
[10:26:38] 316 GuildEmblems catched 
[10:26:38] 1179 LearnableSpells catched 
[10:26:38] 9780 ItemTemplates catched 
[10:26:38] 4489 Weapons catched 
[10:26:38] 363 ItemSets catched 
[10:26:38] 171 ItemTypes catched 
[10:26:38] 110 ItemPets catched 
[10:26:38] 2476 NpcTemplates catched 
[10:26:38] 787 NpcSpawns catched 
[10:26:38] 94 NpcItems catched 
[10:26:38] 19801 NpcMessages catched 
[10:26:38] 7 NpcReplies catched 
[10:26:38] 353 Triggers catched
[10:26:38] 1277 Paddocks catched
[10:26:38] 72 Mounts catched
[10:26:38] 3 Guild catched
[10:26:38] 2 GuildMembers catched
[10:26:38] 11 GatheringJob LevelInfos catched
[10:26:38] 233 InteractiveSkills LevelInfos catched
[10:26:39] 126 Handlers Readed
[10:26:40] 173 Messages Readed
[10:26:40] WorldServer start in 5220 ms.
[10:27:45] MySQL Database Connected
[10:27:45] 16 Breeds catched
[10:27:45] 256 Heads catched
[10:27:45] 561 Effects catched
[10:27:46] 4 SuperAreas catched
[10:27:46] 48 Areas catched
[10:27:47] 334 SubAreas catched
[10:27:47] 11267 DofusMaps catched
[10:27:47] 9761 StatedElements catched
[10:27:48] 13349 InteractiveElements catched
[10:27:48] 1485 HouseInformations catched
[10:27:48] 556 InteractiveDoors catched
[10:27:48] 3530 MapPositions uncatched
[10:27:48] 14681 MapPositions catched
[10:27:48] 42 MapZaaps catched
[10:27:48] 79 MapSubways catched
[10:27:48] 15228 SpellLevels catched 
[10:27:48] 4772 Spells catched 
[10:27:48] 316 GuildEmblems catched 
[10:27:48] 1179 LearnableSpells catched 
[10:27:48] 9780 ItemTemplates catched 
[10:27:48] 4489 Weapons catched 
[10:27:48] 363 ItemSets catched 
[10:27:48] 171 ItemTypes catched 
[10:27:48] 110 ItemPets catched 
[10:27:48] 2476 NpcTemplates catched 
[10:27:48] 787 NpcSpawns catched 
[10:27:48] 94 NpcItems catched 
[10:27:48] 19801 NpcMessages catched 
[10:27:48] 7 NpcReplies catched 
[10:27:49] 353 Triggers catched
[10:27:49] 1277 Paddocks catched
[10:27:49] 72 Mounts catched
[10:27:49] 3 Guild catched
[10:27:49] 2 GuildMembers catched
[10:27:49] 11 GatheringJob LevelInfos catched
[10:27:49] 233 InteractiveSkills LevelInfos catched
[10:27:49] 126 Handlers Readed
[10:27:50] 173 Messages Readed
[10:27:50] WorldServer start in 5316 ms.
[10:31:12] MySQL Database Connected
[10:31:12] 16 Breeds catched
[10:31:12] 256 Heads catched
[10:31:12] 561 Effects catched
[10:31:13] 4 SuperAreas catched
[10:31:13] 48 Areas catched
[10:31:14] 334 SubAreas catched
[10:31:15] 11267 DofusMaps catched
[10:31:15] 9761 StatedElements catched
[10:31:15] 13349 InteractiveElements catched
[10:31:15] 1485 HouseInformations catched
[10:31:15] 556 InteractiveDoors catched
[10:31:15] 3530 MapPositions uncatched
[10:31:15] 14681 MapPositions catched
[10:31:15] 42 MapZaaps catched
[10:31:15] 79 MapSubways catched
[10:31:15] 15228 SpellLevels catched 
[10:31:15] 4772 Spells catched 
[10:31:15] 316 GuildEmblems catched 
[10:31:15] 1179 LearnableSpells catched 
[10:31:15] 9780 ItemTemplates catched 
[10:31:15] 4489 Weapons catched 
[10:31:15] 363 ItemSets catched 
[10:31:15] 171 ItemTypes catched 
[10:31:15] 110 ItemPets catched 
[10:31:16] 2476 NpcTemplates catched 
[10:31:16] 787 NpcSpawns catched 
[10:31:16] 94 NpcItems catched 
[10:31:16] 19801 NpcMessages catched 
[10:31:16] 7 NpcReplies catched 
[10:31:16] 353 Triggers catched
[10:31:16] 1277 Paddocks catched
[10:31:16] 72 Mounts catched
[10:31:16] 3 Guild catched
[10:31:16] 2 GuildMembers catched
[10:31:16] 11 GatheringJob LevelInfos catched
[10:31:16] 233 InteractiveSkills LevelInfos catched
[10:31:17] 126 Handlers Readed
[10:31:17] 173 Messages Readed
[10:31:17] WorldServer start in 5387 ms.
[10:33:10] MySQL Database Connected
[10:33:10] 16 Breeds catched
[10:33:10] 256 Heads catched
[10:33:10] 561 Effects catched
[10:33:11] 4 SuperAreas catched
[10:33:11] 48 Areas catched
[10:33:12] 334 SubAreas catched
[10:33:12] 11267 DofusMaps catched
[10:33:12] 9761 StatedElements catched
[10:33:12] 13349 InteractiveElements catched
[10:33:12] 1485 HouseInformations catched
[10:33:12] 556 InteractiveDoors catched
[10:33:12] 3530 MapPositions uncatched
[10:33:12] 14681 MapPositions catched
[10:33:12] 42 MapZaaps catched
[10:33:12] 79 MapSubways catched
[10:33:13] 15228 SpellLevels catched 
[10:33:13] 4772 Spells catched 
[10:33:13] 316 GuildEmblems catched 
[10:33:13] 1179 LearnableSpells catched 
[10:33:13] 9780 ItemTemplates catched 
[10:33:13] 4489 Weapons catched 
[10:33:13] 363 ItemSets catched 
[10:33:13] 171 ItemTypes catched 
[10:33:13] 110 ItemPets catched 
[10:33:13] 2476 NpcTemplates catched 
[10:33:13] 787 NpcSpawns catched 
[10:33:13] 94 NpcItems catched 
[10:33:13] 19801 NpcMessages catched 
[10:33:13] 7 NpcReplies catched 
[10:33:13] 353 Triggers catched
[10:33:13] 1277 Paddocks catched
[10:33:13] 72 Mounts catched
[10:33:13] 3 Guild catched
[10:33:13] 2 GuildMembers catched
[10:33:13] 11 GatheringJob LevelInfos catched
[10:33:14] 233 InteractiveSkills LevelInfos catched
[10:33:14] 126 Handlers Readed
[10:33:15] 173 Messages Readed
[10:33:15] WorldServer start in 4995 ms.
[10:34:34] MySQL Database Connected
[10:34:34] 16 Breeds catched
[10:34:34] 256 Heads catched
[10:34:34] 561 Effects catched
[10:34:35] 4 SuperAreas catched
[10:34:35] 48 Areas catched
[10:34:36] 334 SubAreas catched
[10:34:36] 11267 DofusMaps catched
[10:34:36] 9761 StatedElements catched
[10:34:37] 13349 InteractiveElements catched
[10:34:37] 1485 HouseInformations catched
[10:34:37] 556 InteractiveDoors catched
[10:34:37] 3530 MapPositions uncatched
[10:34:37] 14681 MapPositions catched
[10:34:37] 42 MapZaaps catched
[10:34:37] 79 MapSubways catched
[10:34:37] 15228 SpellLevels catched 
[10:34:37] 4772 Spells catched 
[10:34:37] 316 GuildEmblems catched 
[10:34:37] 1179 LearnableSpells catched 
[10:34:37] 9780 ItemTemplates catched 
[10:34:37] 4489 Weapons catched 
[10:34:37] 363 ItemSets catched 
[10:34:37] 171 ItemTypes catched 
[10:34:37] 110 ItemPets catched 
[10:34:38] 2476 NpcTemplates catched 
[10:34:38] 787 NpcSpawns catched 
[10:34:38] 94 NpcItems catched 
[10:34:38] 19801 NpcMessages catched 
[10:34:38] 7 NpcReplies catched 
[10:34:38] 353 Triggers catched
[10:34:38] 1277 Paddocks catched
[10:34:38] 72 Mounts catched
[10:34:38] 3 Guild catched
[10:34:38] 2 GuildMembers catched
[10:34:38] 11 GatheringJob LevelInfos catched
[10:34:38] 233 InteractiveSkills LevelInfos catched
[10:34:38] 126 Handlers Readed
[10:34:39] 173 Messages Readed
[10:34:39] WorldServer start in 5197 ms.
[11:18:48] MySQL Database Connected
[11:18:48] 16 Breeds catched
[11:18:48] 256 Heads catched
[11:18:48] 561 Effects catched
[11:18:48] 4 SuperAreas catched
[11:18:48] 48 Areas catched
[11:18:49] 334 SubAreas catched
[11:18:50] 11267 DofusMaps catched
[11:18:50] 9761 StatedElements catched
[11:18:50] 13349 InteractiveElements catched
[11:18:50] 1485 HouseInformations catched
[11:18:50] 556 InteractiveDoors catched
[11:18:50] 3530 MapPositions uncatched
[11:18:50] 14681 MapPositions catched
[11:18:50] 42 MapZaaps catched
[11:18:50] 79 MapSubways catched
[11:18:50] 15228 SpellLevels catched 
[11:18:50] 4772 Spells catched 
[11:18:50] 316 GuildEmblems catched 
[11:18:50] 1179 LearnableSpells catched 
[11:18:51] 9780 ItemTemplates catched 
[11:18:51] 4489 Weapons catched 
[11:18:51] 363 ItemSets catched 
[11:18:51] 171 ItemTypes catched 
[11:18:51] 110 ItemPets catched 
[11:18:51] 2476 NpcTemplates catched 
[11:18:51] 787 NpcSpawns catched 
[11:18:51] 94 NpcItems catched 
[11:18:51] 19801 NpcMessages catched 
[11:18:51] 7 NpcReplies catched 
[11:18:51] 353 Triggers catched
[11:18:51] 1277 Paddocks catched
[11:18:51] 72 Mounts catched
[11:18:51] 3 Guild catched
[11:18:51] 2 GuildMembers catched
[11:18:51] 11 GatheringJob LevelInfos catched
[11:18:51] 233 InteractiveSkills LevelInfos catched
[11:18:52] 126 Handlers Readed
[11:18:52] 173 Messages Readed
[11:18:52] WorldServer start in 5217 ms.
[11:19:22] MySQL Database Connected
[11:19:22] 16 Breeds catched
[11:19:22] 256 Heads catched
[11:19:22] 561 Effects catched
[11:19:22] 4 SuperAreas catched
[11:19:22] 48 Areas catched
[11:19:23] 334 SubAreas catched
[11:19:24] 11267 DofusMaps catched
[11:19:24] 9761 StatedElements catched
[11:19:24] 13349 InteractiveElements catched
[11:19:24] 1485 HouseInformations catched
[11:19:24] 556 InteractiveDoors catched
[11:19:24] 3530 MapPositions uncatched
[11:19:24] 14681 MapPositions catched
[11:19:24] 42 MapZaaps catched
[11:19:24] 79 MapSubways catched
[11:19:24] 15228 SpellLevels catched 
[11:19:24] 4772 Spells catched 
[11:19:24] 316 GuildEmblems catched 
[11:19:24] 1179 LearnableSpells catched 
[11:19:25] 9780 ItemTemplates catched 
[11:19:25] 4489 Weapons catched 
[11:19:25] 363 ItemSets catched 
[11:19:25] 171 ItemTypes catched 
[11:19:25] 110 ItemPets catched 
[11:19:25] 2476 NpcTemplates catched 
[11:19:25] 787 NpcSpawns catched 
[11:19:25] 94 NpcItems catched 
[11:19:25] 19801 NpcMessages catched 
[11:19:25] 7 NpcReplies catched 
[11:19:25] 353 Triggers catched
[11:19:25] 1277 Paddocks catched
[11:19:25] 72 Mounts catched
[11:19:25] 3 Guild catched
[11:19:25] 2 GuildMembers catched
[11:19:25] 11 GatheringJob LevelInfos catched
[11:19:25] 233 InteractiveSkills LevelInfos catched
[11:19:26] 126 Handlers Readed
[11:19:26] 173 Messages Readed
[11:19:27] WorldServer start in 5075 ms.
[11:19:51] MySQL Database Connected
[11:19:51] 16 Breeds catched
[11:19:51] 256 Heads catched
[11:19:51] 561 Effects catched
[11:19:52] 4 SuperAreas catched
[11:19:52] 48 Areas catched
[11:19:53] 334 SubAreas catched
[11:19:53] 11267 DofusMaps catched
[11:19:53] 9761 StatedElements catched
[11:19:54] 13349 InteractiveElements catched
[11:19:54] 1485 HouseInformations catched
[11:19:54] 556 InteractiveDoors catched
[11:19:54] 3530 MapPositions uncatched
[11:19:54] 14681 MapPositions catched
[11:19:54] 42 MapZaaps catched
[11:19:54] 79 MapSubways catched
[11:19:54] 15228 SpellLevels catched 
[11:19:54] 4772 Spells catched 
[11:19:54] 316 GuildEmblems catched 
[11:19:54] 1179 LearnableSpells catched 
[11:19:54] 9780 ItemTemplates catched 
[11:19:54] 4489 Weapons catched 
[11:19:54] 363 ItemSets catched 
[11:19:54] 171 ItemTypes catched 
[11:19:54] 110 ItemPets catched 
[11:19:54] 2476 NpcTemplates catched 
[11:19:54] 787 NpcSpawns catched 
[11:19:55] 94 NpcItems catched 
[11:19:55] 19801 NpcMessages catched 
[11:19:55] 7 NpcReplies catched 
[11:19:55] 353 Triggers catched
[11:19:55] 1277 Paddocks catched
[11:19:55] 72 Mounts catched
[11:19:55] 3 Guild catched
[11:19:55] 2 GuildMembers catched
[11:19:55] 11 GatheringJob LevelInfos catched
[11:19:55] 233 InteractiveSkills LevelInfos catched
[11:19:55] 126 Handlers Readed
[11:19:56] 173 Messages Readed
[11:19:56] WorldServer start in 5411 ms.
[11:20:53] MySQL Database Connected
[11:20:53] 16 Breeds catched
[11:20:53] 256 Heads catched
[11:20:53] 561 Effects catched
[11:20:54] 4 SuperAreas catched
[11:20:54] 48 Areas catched
[11:20:55] 334 SubAreas catched
[11:20:56] 11267 DofusMaps catched
[11:20:56] 9761 StatedElements catched
[11:20:56] 13349 InteractiveElements catched
[11:20:56] 1485 HouseInformations catched
[11:20:56] 556 InteractiveDoors catched
[11:20:56] 3530 MapPositions uncatched
[11:20:56] 14681 MapPositions catched
[11:20:56] 42 MapZaaps catched
[11:20:56] 79 MapSubways catched
[11:20:56] 15228 SpellLevels catched 
[11:20:56] 4772 Spells catched 
[11:20:56] 316 GuildEmblems catched 
[11:20:56] 1179 LearnableSpells catched 
[11:20:57] 9780 ItemTemplates catched 
[11:20:57] 4489 Weapons catched 
[11:20:57] 363 ItemSets catched 
[11:20:57] 171 ItemTypes catched 
[11:20:57] 110 ItemPets catched 
[11:20:57] 2476 NpcTemplates catched 
[11:20:57] 787 NpcSpawns catched 
[11:20:57] 94 NpcItems catched 
[11:20:57] 19801 NpcMessages catched 
[11:20:57] 7 NpcReplies catched 
[11:20:57] 353 Triggers catched
[11:20:57] 1277 Paddocks catched
[11:20:57] 72 Mounts catched
[11:20:57] 3 Guild catched
[11:20:57] 2 GuildMembers catched
[11:20:57] 11 GatheringJob LevelInfos catched
[11:20:57] 233 InteractiveSkills LevelInfos catched
[11:20:58] 126 Handlers Readed
[11:20:59] 173 Messages Readed
[11:20:59] WorldServer start in 5643 ms.
[11:21:39] MySQL Database Connected
[11:21:39] 16 Breeds catched
[11:21:39] 256 Heads catched
[11:21:39] 561 Effects catched
[11:21:40] 4 SuperAreas catched
[11:21:40] 48 Areas catched
[11:21:41] 334 SubAreas catched
[11:21:41] 11267 DofusMaps catched
[11:21:41] 9761 StatedElements catched
[11:21:41] 13349 InteractiveElements catched
[11:21:41] 1485 HouseInformations catched
[11:21:41] 556 InteractiveDoors catched
[11:21:42] 3530 MapPositions uncatched
[11:21:42] 14681 MapPositions catched
[11:21:42] 42 MapZaaps catched
[11:21:42] 79 MapSubways catched
[11:21:42] 15228 SpellLevels catched 
[11:21:42] 4772 Spells catched 
[11:21:42] 316 GuildEmblems catched 
[11:21:42] 1179 LearnableSpells catched 
[11:21:42] 9780 ItemTemplates catched 
[11:21:42] 4489 Weapons catched 
[11:21:42] 363 ItemSets catched 
[11:21:42] 171 ItemTypes catched 
[11:21:42] 110 ItemPets catched 
[11:21:42] 2476 NpcTemplates catched 
[11:21:42] 787 NpcSpawns catched 
[11:21:42] 94 NpcItems catched 
[11:21:42] 19801 NpcMessages catched 
[11:21:42] 7 NpcReplies catched 
[11:21:43] 353 Triggers catched
[11:21:43] 1277 Paddocks catched
[11:21:43] 72 Mounts catched
[11:21:43] 3 Guild catched
[11:21:43] 2 GuildMembers catched
[11:21:43] 11 GatheringJob LevelInfos catched
[11:21:43] 233 InteractiveSkills LevelInfos catched
[11:21:43] 126 Handlers Readed
[11:21:44] 173 Messages Readed
[11:21:44] WorldServer start in 5197 ms.
[11:26:26] MySQL Database Connected
[11:26:26] 16 Breeds catched
[11:26:26] 256 Heads catched
[11:26:26] 561 Effects catched
[11:26:26] 4 SuperAreas catched
[11:26:26] 48 Areas catched
[11:26:28] 334 SubAreas catched
[11:26:28] 11267 DofusMaps catched
[11:26:28] 9761 StatedElements catched
[11:26:28] 13349 InteractiveElements catched
[11:26:28] 1485 HouseInformations catched
[11:26:28] 556 InteractiveDoors catched
[11:26:28] 3530 MapPositions uncatched
[11:26:28] 14681 MapPositions catched
[11:26:28] 42 MapZaaps catched
[11:26:28] 79 MapSubways catched
[11:26:29] 15228 SpellLevels catched 
[11:26:29] 4772 Spells catched 
[11:26:29] 316 GuildEmblems catched 
[11:26:29] 1179 LearnableSpells catched 
[11:26:29] 9780 ItemTemplates catched 
[11:26:29] 4489 Weapons catched 
[11:26:29] 363 ItemSets catched 
[11:26:29] 171 ItemTypes catched 
[11:26:29] 110 ItemPets catched 
[11:26:29] 2476 NpcTemplates catched 
[11:26:29] 787 NpcSpawns catched 
[11:26:29] 94 NpcItems catched 
[11:26:29] 19801 NpcMessages catched 
[11:26:29] 7 NpcReplies catched 
[11:26:29] 353 Triggers catched
[11:26:29] 1277 Paddocks catched
[11:26:29] 72 Mounts catched
[11:26:29] 3 Guild catched
[11:26:29] 2 GuildMembers catched
[11:26:29] 11 GatheringJob LevelInfos catched
[11:26:29] 233 InteractiveSkills LevelInfos catched
[11:26:30] 126 Handlers Readed
[11:26:30] 173 Messages Readed
[11:26:31] WorldServer start in 4911 ms.
[11:35:25] MySQL Database Connected
[11:35:25] 16 Breeds catched
[11:35:25] 256 Heads catched
[11:35:25] 561 Effects catched
[11:35:26] 4 SuperAreas catched
[11:35:26] 48 Areas catched
[11:35:27] 334 SubAreas catched
[11:35:28] 11267 DofusMaps catched
[11:35:28] 9761 StatedElements catched
[11:35:28] 13349 InteractiveElements catched
[11:35:28] 1485 HouseInformations catched
[11:35:28] 556 InteractiveDoors catched
[11:35:28] 3530 MapPositions uncatched
[11:35:28] 14681 MapPositions catched
[11:35:28] 42 MapZaaps catched
[11:35:28] 79 MapSubways catched
[11:35:28] 15228 SpellLevels catched 
[11:35:28] 4772 Spells catched 
[11:35:28] 316 GuildEmblems catched 
[11:35:28] 1179 LearnableSpells catched 
[11:35:28] 9780 ItemTemplates catched 
[11:35:28] 4489 Weapons catched 
[11:35:28] 363 ItemSets catched 
[11:35:28] 171 ItemTypes catched 
[11:35:28] 110 ItemPets catched 
[11:35:29] 2476 NpcTemplates catched 
[11:35:29] 787 NpcSpawns catched 
[11:35:29] 94 NpcItems catched 
[11:35:29] 19801 NpcMessages catched 
[11:35:29] 7 NpcReplies catched 
[11:35:29] 353 Triggers catched
[11:35:29] 1277 Paddocks catched
[11:35:29] 72 Mounts catched
[11:35:29] 3 Guild catched
[11:35:29] 2 GuildMembers catched
[11:35:29] 11 GatheringJob LevelInfos catched
[11:35:29] 233 InteractiveSkills LevelInfos catched
[11:35:30] 126 Handlers Readed
[11:35:30] 173 Messages Readed
[11:35:30] WorldServer start in 5143 ms.
[11:37:47] MySQL Database Connected
[11:37:47] 16 Breeds catched
[11:37:47] 256 Heads catched
[11:37:47] 561 Effects catched
[11:37:48] 4 SuperAreas catched
[11:37:48] 48 Areas catched
[11:37:49] 334 SubAreas catched
[11:37:49] 11267 DofusMaps catched
[11:37:49] 9761 StatedElements catched
[11:37:50] 13349 InteractiveElements catched
[11:37:50] 1485 HouseInformations catched
[11:37:50] 556 InteractiveDoors catched
[11:37:50] 3530 MapPositions uncatched
[11:37:50] 14681 MapPositions catched
[11:37:50] 42 MapZaaps catched
[11:37:50] 79 MapSubways catched
[11:37:50] 15228 SpellLevels catched 
[11:37:50] 4772 Spells catched 
[11:37:50] 316 GuildEmblems catched 
[11:37:50] 1179 LearnableSpells catched 
[11:37:50] 9780 ItemTemplates catched 
[11:37:50] 4489 Weapons catched 
[11:37:50] 363 ItemSets catched 
[11:37:50] 171 ItemTypes catched 
[11:37:50] 110 ItemPets catched 
[11:37:50] 2476 NpcTemplates catched 
[11:37:50] 787 NpcSpawns catched 
[11:37:50] 94 NpcItems catched 
[11:37:51] 19801 NpcMessages catched 
[11:37:51] 7 NpcReplies catched 
[11:37:51] 353 Triggers catched
[11:37:51] 1277 Paddocks catched
[11:37:51] 72 Mounts catched
[11:37:51] 3 Guild catched
[11:37:51] 2 GuildMembers catched
[11:37:51] 11 GatheringJob LevelInfos catched
[11:37:51] 233 InteractiveSkills LevelInfos catched
[11:37:51] 126 Handlers Readed
[11:37:52] 173 Messages Readed
[11:37:52] WorldServer start in 5002 ms.
[11:39:14] MySQL Database Connected
[11:39:14] 16 Breeds catched
[11:39:14] 256 Heads catched
[11:39:14] 561 Effects catched
[11:39:15] 4 SuperAreas catched
[11:39:15] 48 Areas catched
[11:39:16] 334 SubAreas catched
[11:39:16] 11267 DofusMaps catched
[11:39:17] 9761 StatedElements catched
[11:39:17] 13349 InteractiveElements catched
[11:39:17] 1485 HouseInformations catched
[11:39:17] 556 InteractiveDoors catched
[11:39:17] 3530 MapPositions uncatched
[11:39:17] 14681 MapPositions catched
[11:39:17] 42 MapZaaps catched
[11:39:17] 79 MapSubways catched
[11:39:17] 15228 SpellLevels catched 
[11:39:17] 4772 Spells catched 
[11:39:17] 316 GuildEmblems catched 
[11:39:17] 1179 LearnableSpells catched 
[11:39:17] 9780 ItemTemplates catched 
[11:39:17] 4489 Weapons catched 
[11:39:17] 363 ItemSets catched 
[11:39:17] 171 ItemTypes catched 
[11:39:17] 110 ItemPets catched 
[11:39:18] 2476 NpcTemplates catched 
[11:39:18] 787 NpcSpawns catched 
[11:39:18] 94 NpcItems catched 
[11:39:18] 19801 NpcMessages catched 
[11:39:18] 7 NpcReplies catched 
[11:39:18] 353 Triggers catched
[11:39:18] 1277 Paddocks catched
[11:39:18] 72 Mounts catched
[11:39:18] 3 Guild catched
[11:39:18] 2 GuildMembers catched
[11:39:18] 11 GatheringJob LevelInfos catched
[11:39:18] 233 InteractiveSkills LevelInfos catched
[11:39:18] 126 Handlers Readed
[11:39:19] 173 Messages Readed
[11:39:19] WorldServer start in 5144 ms.
[11:40:01] MySQL Database Connected
[11:40:01] 16 Breeds catched
[11:40:01] 256 Heads catched
[11:40:01] 561 Effects catched
[11:40:02] 4 SuperAreas catched
[11:40:02] 48 Areas catched
[11:40:03] 334 SubAreas catched
[11:40:03] 11267 DofusMaps catched
[11:40:04] 9761 StatedElements catched
[11:40:04] 13349 InteractiveElements catched
[11:40:04] 1485 HouseInformations catched
[11:40:04] 556 InteractiveDoors catched
[11:40:04] 3530 MapPositions uncatched
[11:40:04] 14681 MapPositions catched
[11:40:04] 42 MapZaaps catched
[11:40:04] 79 MapSubways catched
[11:40:04] 15228 SpellLevels catched 
[11:40:04] 4772 Spells catched 
[11:40:04] 316 GuildEmblems catched 
[11:40:04] 1179 LearnableSpells catched 
[11:40:04] 9780 ItemTemplates catched 
[11:40:04] 4489 Weapons catched 
[11:40:04] 363 ItemSets catched 
[11:40:04] 171 ItemTypes catched 
[11:40:04] 110 ItemPets catched 
[11:40:05] 2476 NpcTemplates catched 
[11:40:05] 787 NpcSpawns catched 
[11:40:05] 94 NpcItems catched 
[11:40:05] 19801 NpcMessages catched 
[11:40:05] 7 NpcReplies catched 
[11:40:05] 353 Triggers catched
[11:40:05] 1277 Paddocks catched
[11:40:05] 72 Mounts catched
[11:40:05] 3 Guild catched
[11:40:05] 2 GuildMembers catched
[11:40:05] 11 GatheringJob LevelInfos catched
[11:40:05] 233 InteractiveSkills LevelInfos catched
[11:40:05] 126 Handlers Readed
[11:40:20] MySQL Database Connected
[11:40:21] 16 Breeds catched
[11:40:21] 256 Heads catched
[11:40:21] 561 Effects catched
[11:40:21] 4 SuperAreas catched
[11:40:21] 48 Areas catched
[11:40:22] 334 SubAreas catched
[11:40:22] 11267 DofusMaps catched
[11:40:22] 9761 StatedElements catched
[11:40:23] 13349 InteractiveElements catched
[11:40:23] 1485 HouseInformations catched
[11:40:23] 556 InteractiveDoors catched
[11:40:23] 3530 MapPositions uncatched
[11:40:23] 14681 MapPositions catched
[11:40:23] 42 MapZaaps catched
[11:40:23] 79 MapSubways catched
[11:40:23] 15228 SpellLevels catched 
[11:40:23] 4772 Spells catched 
[11:40:23] 316 GuildEmblems catched 
[11:40:23] 1179 LearnableSpells catched 
[11:40:23] 9780 ItemTemplates catched 
[11:40:23] 4489 Weapons catched 
[11:40:23] 363 ItemSets catched 
[11:40:23] 171 ItemTypes catched 
[11:40:23] 110 ItemPets catched 
[11:40:23] 2476 NpcTemplates catched 
[11:40:23] 787 NpcSpawns catched 
[11:40:23] 94 NpcItems catched 
[11:40:24] 19801 NpcMessages catched 
[11:40:24] 7 NpcReplies catched 
[11:40:24] 353 Triggers catched
[11:40:24] 1277 Paddocks catched
[11:40:24] 72 Mounts catched
[11:40:24] 3 Guild catched
[11:40:24] 2 GuildMembers catched
[11:40:24] 11 GatheringJob LevelInfos catched
[11:40:24] 233 InteractiveSkills LevelInfos catched
[11:40:24] 126 Handlers Readed
[11:40:25] 173 Messages Readed
[11:40:25] WorldServer start in 4767 ms.
[11:41:53] MySQL Database Connected
[11:41:53] 16 Breeds catched
[11:41:53] 256 Heads catched
[11:41:53] 561 Effects catched
[11:41:53] 4 SuperAreas catched
[11:41:53] 48 Areas catched
[11:41:54] 334 SubAreas catched
[11:41:55] 11267 DofusMaps catched
[11:41:55] 9761 StatedElements catched
[11:41:55] 13349 InteractiveElements catched
[11:41:55] 1485 HouseInformations catched
[11:41:55] 556 InteractiveDoors catched
[11:41:55] 3530 MapPositions uncatched
[11:41:55] 14681 MapPositions catched
[11:41:55] 42 MapZaaps catched
[11:41:55] 79 MapSubways catched
[11:41:55] 15228 SpellLevels catched 
[11:41:55] 4772 Spells catched 
[11:41:55] 316 GuildEmblems catched 
[11:41:55] 1179 LearnableSpells catched 
[11:41:55] 9780 ItemTemplates catched 
[11:41:56] 4489 Weapons catched 
[11:41:56] 363 ItemSets catched 
[11:41:56] 171 ItemTypes catched 
[11:41:56] 110 ItemPets catched 
[11:41:56] 2476 NpcTemplates catched 
[11:41:56] 787 NpcSpawns catched 
[11:41:56] 94 NpcItems catched 
[11:41:56] 19801 NpcMessages catched 
[11:41:56] 7 NpcReplies catched 
[11:41:56] 353 Triggers catched
[11:41:56] 1277 Paddocks catched
[11:41:56] 72 Mounts catched
[11:41:56] 3 Guild catched
[11:41:56] 2 GuildMembers catched
[11:41:56] 11 GatheringJob LevelInfos catched
[11:41:56] 233 InteractiveSkills LevelInfos catched
[11:41:57] 126 Handlers Readed
[11:41:57] 173 Messages Readed
[11:41:57] WorldServer start in 4940 ms.
[12:12:03] MySQL Database Connected
[12:12:03] 16 Breeds catched
[12:12:03] 256 Heads catched
[12:12:03] 561 Effects catched
[12:12:04] 4 SuperAreas catched
[12:12:04] 48 Areas catched
[12:12:05] 334 SubAreas catched
[12:12:05] 11267 DofusMaps catched
[12:12:05] 9761 StatedElements catched
[12:12:05] 13349 InteractiveElements catched
[12:12:05] 1485 HouseInformations catched
[12:12:05] 556 InteractiveDoors catched
[12:12:05] 3530 MapPositions uncatched
[12:12:05] 14681 MapPositions catched
[12:12:05] 42 MapZaaps catched
[12:12:05] 79 MapSubways catched
[12:12:05] 15228 SpellLevels catched 
[12:12:05] 4772 Spells catched 
[12:12:05] 316 GuildEmblems catched 
[12:12:05] 1179 LearnableSpells catched 
[12:12:06] 9780 ItemTemplates catched 
[12:12:06] 4489 Weapons catched 
[12:12:06] 363 ItemSets catched 
[12:12:06] 171 ItemTypes catched 
[12:12:06] 110 ItemPets catched 
[12:12:06] 2476 NpcTemplates catched 
[12:12:06] 787 NpcSpawns catched 
[12:12:06] 94 NpcItems catched 
[12:12:06] 19801 NpcMessages catched 
[12:12:06] 7 NpcReplies catched 
[12:12:06] 353 Triggers catched
[12:12:06] 1277 Paddocks catched
[12:12:06] 72 Mounts catched
[12:12:06] 3 Guild catched
[12:12:06] 2 GuildMembers catched
[12:12:06] 11 GatheringJob LevelInfos catched
[12:12:07] 233 InteractiveSkills LevelInfos catched
[12:12:07] 126 Handlers Readed
[12:12:08] 173 Messages Readed
[12:12:08] WorldServer start in 5040 ms.
[12:13:25] MySQL Database Connected
[12:13:25] 16 Breeds catched
[12:13:25] 256 Heads catched
[12:13:25] 561 Effects catched
[12:13:26] 4 SuperAreas catched
[12:13:26] 48 Areas catched
[12:13:27] 334 SubAreas catched
[12:13:28] 11267 DofusMaps catched
[12:13:28] 9761 StatedElements catched
[12:13:28] 13349 InteractiveElements catched
[12:13:28] 1485 HouseInformations catched
[12:13:28] 556 InteractiveDoors catched
[12:13:28] 3530 MapPositions uncatched
[12:13:28] 14681 MapPositions catched
[12:13:28] 42 MapZaaps catched
[12:13:28] 79 MapSubways catched
[12:13:28] 15228 SpellLevels catched 
[12:13:28] 4772 Spells catched 
[12:13:28] 316 GuildEmblems catched 
[12:13:28] 1179 LearnableSpells catched 
[12:13:28] 9780 ItemTemplates catched 
[12:13:28] 4489 Weapons catched 
[12:13:28] 363 ItemSets catched 
[12:13:28] 171 ItemTypes catched 
[12:13:28] 110 ItemPets catched 
[12:13:29] 2476 NpcTemplates catched 
[12:13:29] 787 NpcSpawns catched 
[12:13:29] 94 NpcItems catched 
[12:13:29] 19801 NpcMessages catched 
[12:13:29] 7 NpcReplies catched 
[12:13:29] 353 Triggers catched
[12:13:29] 1277 Paddocks catched
[12:13:29] 72 Mounts catched
[12:13:29] 3 Guild catched
[12:13:29] 2 GuildMembers catched
[12:13:29] 11 GatheringJob LevelInfos catched
[12:13:29] 233 InteractiveSkills LevelInfos catched
[12:13:30] 126 Handlers Readed
[12:13:30] 173 Messages Readed
[12:13:30] WorldServer start in 5017 ms.
[12:16:18] MySQL Database Connected
[12:16:18] 16 Breeds catched
[12:16:18] 256 Heads catched
[12:16:18] 561 Effects catched
[12:16:19] 4 SuperAreas catched
[12:16:19] 48 Areas catched
[12:16:20] 334 SubAreas catched
[12:16:20] 11267 DofusMaps catched
[12:16:20] 9761 StatedElements catched
[12:16:20] 13349 InteractiveElements catched
[12:16:20] 1485 HouseInformations catched
[12:16:20] 556 InteractiveDoors catched
[12:16:20] 3530 MapPositions uncatched
[12:16:20] 14681 MapPositions catched
[12:16:20] 42 MapZaaps catched
[12:16:20] 79 MapSubways catched
[12:16:21] 15228 SpellLevels catched 
[12:16:21] 4772 Spells catched 
[12:16:21] 316 GuildEmblems catched 
[12:16:21] 1179 LearnableSpells catched 
[12:16:21] 9780 ItemTemplates catched 
[12:16:21] 4489 Weapons catched 
[12:16:21] 363 ItemSets catched 
[12:16:21] 171 ItemTypes catched 
[12:16:21] 110 ItemPets catched 
[12:16:21] 2476 NpcTemplates catched 
[12:16:21] 787 NpcSpawns catched 
[12:16:21] 94 NpcItems catched 
[12:16:21] 19801 NpcMessages catched 
[12:16:21] 7 NpcReplies catched 
[12:16:21] 353 Triggers catched
[12:16:21] 1277 Paddocks catched
[12:16:21] 72 Mounts catched
[12:16:21] 3 Guild catched
[12:16:21] 2 GuildMembers catched
[12:16:21] 11 GatheringJob LevelInfos catched
[12:16:22] 233 InteractiveSkills LevelInfos catched
[12:16:22] 126 Handlers Readed
[12:16:23] 173 Messages Readed
[12:16:23] WorldServer start in 4954 ms.
[12:18:25] MySQL Database Connected
[12:18:25] 16 Breeds catched
[12:18:25] 256 Heads catched
[12:18:25] 561 Effects catched
[12:18:25] 4 SuperAreas catched
[12:18:25] 48 Areas catched
[12:18:26] 334 SubAreas catched
[12:18:27] 11267 DofusMaps catched
[12:18:27] 9761 StatedElements catched
[12:18:27] 13349 InteractiveElements catched
[12:18:27] 1485 HouseInformations catched
[12:18:27] 556 InteractiveDoors catched
[12:18:27] 3530 MapPositions uncatched
[12:18:27] 14681 MapPositions catched
[12:18:27] 42 MapZaaps catched
[12:18:27] 79 MapSubways catched
[12:18:27] 15228 SpellLevels catched 
[12:18:27] 4772 Spells catched 
[12:18:27] 316 GuildEmblems catched 
[12:18:27] 1179 LearnableSpells catched 
[12:18:28] 9780 ItemTemplates catched 
[12:18:28] 4489 Weapons catched 
[12:18:28] 363 ItemSets catched 
[12:18:28] 171 ItemTypes catched 
[12:18:28] 110 ItemPets catched 
[12:18:28] 2476 NpcTemplates catched 
[12:18:28] 787 NpcSpawns catched 
[12:18:28] 94 NpcItems catched 
[12:18:28] 19801 NpcMessages catched 
[12:18:28] 7 NpcReplies catched 
[12:18:28] 353 Triggers catched
[12:18:28] 1277 Paddocks catched
[12:18:28] 72 Mounts catched
[12:18:28] 3 Guild catched
[12:18:28] 2 GuildMembers catched
[12:18:28] 11 GatheringJob LevelInfos catched
[12:18:28] 233 InteractiveSkills LevelInfos catched
[12:18:29] 126 Handlers Readed
[12:18:29] 173 Messages Readed
[12:18:30] WorldServer start in 5058 ms.
[12:19:42] MySQL Database Connected
[12:19:42] 16 Breeds catched
[12:19:42] 256 Heads catched
[12:19:42] 561 Effects catched
[12:19:43] 4 SuperAreas catched
[12:19:43] 48 Areas catched
[12:19:44] 334 SubAreas catched
[12:19:44] 11267 DofusMaps catched
[12:19:44] 9761 StatedElements catched
[12:19:44] 13349 InteractiveElements catched
[12:19:44] 1485 HouseInformations catched
[12:19:44] 556 InteractiveDoors catched
[12:19:44] 3530 MapPositions uncatched
[12:19:44] 14681 MapPositions catched
[12:19:44] 42 MapZaaps catched
[12:19:44] 79 MapSubways catched
[12:19:44] 15228 SpellLevels catched 
[12:19:45] 4772 Spells catched 
[12:19:45] 316 GuildEmblems catched 
[12:19:45] 1179 LearnableSpells catched 
[12:19:45] 9780 ItemTemplates catched 
[12:19:45] 4489 Weapons catched 
[12:19:45] 363 ItemSets catched 
[12:19:45] 171 ItemTypes catched 
[12:19:45] 110 ItemPets catched 
[12:19:45] 2476 NpcTemplates catched 
[12:19:45] 787 NpcSpawns catched 
[12:19:45] 94 NpcItems catched 
[12:19:45] 19801 NpcMessages catched 
[12:19:45] 7 NpcReplies catched 
[12:19:45] 353 Triggers catched
[12:19:45] 1277 Paddocks catched
[12:19:45] 72 Mounts catched
[12:19:45] 3 Guild catched
[12:19:45] 2 GuildMembers catched
[12:19:45] 11 GatheringJob LevelInfos catched
[12:19:45] 233 InteractiveSkills LevelInfos catched
[12:19:46] 126 Handlers Readed
[12:19:47] 173 Messages Readed
[12:19:47] WorldServer start in 4785 ms.
[12:21:16] MySQL Database Connected
[12:21:16] 16 Breeds catched
[12:21:16] 256 Heads catched
[12:21:16] 561 Effects catched
[12:21:16] 4 SuperAreas catched
[12:21:16] 48 Areas catched
[12:21:17] 334 SubAreas catched
[12:21:18] 11267 DofusMaps catched
[12:21:18] 9761 StatedElements catched
[12:21:18] 13349 InteractiveElements catched
[12:21:18] 1485 HouseInformations catched
[12:21:18] 556 InteractiveDoors catched
[12:21:18] 3530 MapPositions uncatched
[12:21:18] 14681 MapPositions catched
[12:21:18] 42 MapZaaps catched
[12:21:18] 79 MapSubways catched
[12:21:18] 15228 SpellLevels catched 
[12:21:18] 4772 Spells catched 
[12:21:18] 316 GuildEmblems catched 
[12:21:18] 1179 LearnableSpells catched 
[12:21:19] 9780 ItemTemplates catched 
[12:21:19] 4489 Weapons catched 
[12:21:19] 363 ItemSets catched 
[12:21:19] 171 ItemTypes catched 
[12:21:19] 110 ItemPets catched 
[12:21:19] 2476 NpcTemplates catched 
[12:21:19] 787 NpcSpawns catched 
[12:21:19] 94 NpcItems catched 
[12:21:19] 19801 NpcMessages catched 
[12:21:19] 7 NpcReplies catched 
[12:21:19] 353 Triggers catched
[12:21:19] 1277 Paddocks catched
[12:21:19] 72 Mounts catched
[12:21:19] 3 Guild catched
[12:21:19] 2 GuildMembers catched
[12:21:19] 11 GatheringJob LevelInfos catched
[12:21:19] 233 InteractiveSkills LevelInfos catched
[12:21:20] 126 Handlers Readed
[12:21:20] 173 Messages Readed
[12:21:21] WorldServer start in 5064 ms.
[12:24:15] MySQL Database Connected
[12:24:15] 16 Breeds catched
[12:24:15] 256 Heads catched
[12:24:15] 561 Effects catched
[12:24:15] 4 SuperAreas catched
[12:24:15] 48 Areas catched
[12:24:16] 334 SubAreas catched
[12:24:17] 11267 DofusMaps catched
[12:24:17] 9761 StatedElements catched
[12:24:17] 13349 InteractiveElements catched
[12:24:17] 1485 HouseInformations catched
[12:24:17] 556 InteractiveDoors catched
[12:24:17] 3530 MapPositions uncatched
[12:24:17] 14681 MapPositions catched
[12:24:17] 42 MapZaaps catched
[12:24:17] 79 MapSubways catched
[12:24:17] 15228 SpellLevels catched 
[12:24:17] 4772 Spells catched 
[12:24:17] 316 GuildEmblems catched 
[12:24:17] 1179 LearnableSpells catched 
[12:24:17] 9780 ItemTemplates catched 
[12:24:18] 4489 Weapons catched 
[12:24:18] 363 ItemSets catched 
[12:24:18] 171 ItemTypes catched 
[12:24:18] 110 ItemPets catched 
[12:24:18] 2476 NpcTemplates catched 
[12:24:18] 787 NpcSpawns catched 
[12:24:18] 94 NpcItems catched 
[12:24:18] 19801 NpcMessages catched 
[12:24:18] 7 NpcReplies catched 
[12:24:18] 353 Triggers catched
[12:24:18] 1277 Paddocks catched
[12:24:18] 72 Mounts catched
[12:24:18] 3 Guild catched
[12:24:18] 2 GuildMembers catched
[12:24:18] 11 GatheringJob LevelInfos catched
[12:24:18] 233 InteractiveSkills LevelInfos catched
[12:24:19] 126 Handlers Readed
[12:24:19] 173 Messages Readed
[12:24:19] WorldServer start in 5015 ms.
[12:26:30] MySQL Database Connected
[12:26:30] 16 Breeds catched
[12:26:30] 256 Heads catched
[12:26:30] 561 Effects catched
[12:26:31] 4 SuperAreas catched
[12:26:31] 48 Areas catched
[12:26:32] 334 SubAreas catched
[12:26:33] 11267 DofusMaps catched
[12:26:33] 9761 StatedElements catched
[12:26:33] 13349 InteractiveElements catched
[12:26:33] 1485 HouseInformations catched
[12:26:33] 556 InteractiveDoors catched
[12:26:33] 3530 MapPositions uncatched
[12:26:33] 14681 MapPositions catched
[12:26:33] 42 MapZaaps catched
[12:26:33] 79 MapSubways catched
[12:26:33] 15228 SpellLevels catched 
[12:26:33] 4772 Spells catched 
[12:26:33] 316 GuildEmblems catched 
[12:26:33] 1179 LearnableSpells catched 
[12:26:33] 9780 ItemTemplates catched 
[12:26:33] 4489 Weapons catched 
[12:26:33] 363 ItemSets catched 
[12:26:33] 171 ItemTypes catched 
[12:26:33] 110 ItemPets catched 
[12:26:34] 2476 NpcTemplates catched 
[12:26:34] 787 NpcSpawns catched 
[12:26:34] 94 NpcItems catched 
[12:26:34] 19801 NpcMessages catched 
[12:26:34] 7 NpcReplies catched 
[12:26:34] 353 Triggers catched
[12:26:34] 1277 Paddocks catched
[12:26:34] 72 Mounts catched
[12:26:34] 3 Guild catched
[12:26:34] 2 GuildMembers catched
[12:26:34] 11 GatheringJob LevelInfos catched
[12:26:34] 233 InteractiveSkills LevelInfos catched
[12:26:35] 126 Handlers Readed
[12:26:35] 173 Messages Readed
[12:26:35] WorldServer start in 5094 ms.
[13:23:02] MySQL Database Connected
[13:23:02] 16 Breeds catched
[13:23:02] 256 Heads catched
[13:23:02] 561 Effects catched
[13:23:02] 4 SuperAreas catched
[13:23:02] 48 Areas catched
[13:23:03] 334 SubAreas catched
[13:23:04] 11267 DofusMaps catched
[13:23:04] 9761 StatedElements catched
[13:23:04] 13349 InteractiveElements catched
[13:23:04] 1485 HouseInformations catched
[13:23:04] 556 InteractiveDoors catched
[13:23:04] 3530 MapPositions uncatched
[13:23:04] 14681 MapPositions catched
[13:23:04] 42 MapZaaps catched
[13:23:04] 79 MapSubways catched
[13:23:04] 15228 SpellLevels catched 
[13:23:04] 4772 Spells catched 
[13:23:04] 316 GuildEmblems catched 
[13:23:04] 1179 LearnableSpells catched 
[13:23:04] 9780 ItemTemplates catched 
[13:23:05] 4489 Weapons catched 
[13:23:05] 363 ItemSets catched 
[13:23:05] 171 ItemTypes catched 
[13:23:05] 110 ItemPets catched 
[13:23:05] 2476 NpcTemplates catched 
[13:23:05] 787 NpcSpawns catched 
[13:23:05] 94 NpcItems catched 
[13:23:05] 19801 NpcMessages catched 
[13:23:05] 7 NpcReplies catched 
[13:23:05] 353 Triggers catched
[13:23:05] 1277 Paddocks catched
[13:23:05] 72 Mounts catched
[13:23:05] 3 Guild catched
[13:23:05] 2 GuildMembers catched
[13:23:05] 11 GatheringJob LevelInfos catched
[13:23:05] 233 InteractiveSkills LevelInfos catched
[13:23:06] 126 Handlers Readed
[13:23:06] 173 Messages Readed
[13:23:06] WorldServer start in 5102 ms.
[13:24:25] MySQL Database Connected
[13:24:25] 16 Breeds catched
[13:24:25] 256 Heads catched
[13:24:25] 561 Effects catched
[13:24:26] 4 SuperAreas catched
[13:24:26] 48 Areas catched
[13:24:27] 334 SubAreas catched
[13:24:27] 11267 DofusMaps catched
[13:24:27] 9761 StatedElements catched
[13:24:27] 13349 InteractiveElements catched
[13:24:28] 1485 HouseInformations catched
[13:24:28] 556 InteractiveDoors catched
[13:24:28] 3530 MapPositions uncatched
[13:24:28] 14681 MapPositions catched
[13:24:28] 42 MapZaaps catched
[13:24:28] 79 MapSubways catched
[13:24:28] 15228 SpellLevels catched 
[13:24:28] 4772 Spells catched 
[13:24:28] 316 GuildEmblems catched 
[13:24:28] 1179 LearnableSpells catched 
[13:24:28] 9780 ItemTemplates catched 
[13:24:28] 4489 Weapons catched 
[13:24:28] 363 ItemSets catched 
[13:24:28] 171 ItemTypes catched 
[13:24:28] 110 ItemPets catched 
[13:24:28] 2476 NpcTemplates catched 
[13:24:28] 787 NpcSpawns catched 
[13:24:28] 94 NpcItems catched 
[13:24:28] 19801 NpcMessages catched 
[13:24:28] 7 NpcReplies catched 
[13:24:29] 353 Triggers catched
[13:24:29] 1277 Paddocks catched
[13:24:29] 72 Mounts catched
[13:24:29] 3 Guild catched
[13:24:29] 2 GuildMembers catched
[13:24:29] 11 GatheringJob LevelInfos catched
[13:24:29] 233 InteractiveSkills LevelInfos catched
[13:24:29] 126 Handlers Readed
[13:24:30] 173 Messages Readed
[13:24:30] WorldServer start in 4891 ms.
[13:25:30] MySQL Database Connected
[13:25:30] 16 Breeds catched
[13:25:30] 256 Heads catched
[13:25:30] 561 Effects catched
[13:25:30] 4 SuperAreas catched
[13:25:30] 48 Areas catched
[13:25:31] 334 SubAreas catched
[13:25:32] 11267 DofusMaps catched
[13:25:32] 9761 StatedElements catched
[13:25:32] 13349 InteractiveElements catched
[13:25:32] 1485 HouseInformations catched
[13:25:32] 556 InteractiveDoors catched
[13:25:32] 3530 MapPositions uncatched
[13:25:32] 14681 MapPositions catched
[13:25:32] 42 MapZaaps catched
[13:25:32] 79 MapSubways catched
[13:25:32] 15228 SpellLevels catched 
[13:25:32] 4772 Spells catched 
[13:25:32] 316 GuildEmblems catched 
[13:25:32] 1179 LearnableSpells catched 
[13:25:33] 9780 ItemTemplates catched 
[13:25:33] 4489 Weapons catched 
[13:25:33] 363 ItemSets catched 
[13:25:33] 171 ItemTypes catched 
[13:25:33] 110 ItemPets catched 
[13:25:33] 2476 NpcTemplates catched 
[13:25:33] 787 NpcSpawns catched 
[13:25:33] 94 NpcItems catched 
[13:25:33] 19801 NpcMessages catched 
[13:25:33] 7 NpcReplies catched 
[13:25:33] 353 Triggers catched
[13:25:33] 1277 Paddocks catched
[13:25:33] 72 Mounts catched
[13:25:33] 3 Guild catched
[13:25:33] 2 GuildMembers catched
[13:25:33] 11 GatheringJob LevelInfos catched
[13:25:33] 233 InteractiveSkills LevelInfos catched
[13:25:34] 126 Handlers Readed
[13:25:34] 173 Messages Readed
[13:25:35] WorldServer start in 5154 ms.
[19:55:27] MySQL Database Connected
[19:55:27] 16 Breeds catched
[19:55:27] 256 Heads catched
[19:55:27] 561 Effects catched
[19:55:27] 4 SuperAreas catched
[19:55:27] 48 Areas catched
[19:55:28] 334 SubAreas catched
[19:55:29] 11267 DofusMaps catched
[19:55:29] 9761 StatedElements catched
[19:55:29] 13349 InteractiveElements catched
[19:55:29] 1485 HouseInformations catched
[19:55:29] 556 InteractiveDoors catched
[19:55:29] 3530 MapPositions uncatched
[19:55:29] 14681 MapPositions catched
[19:55:29] 42 MapZaaps catched
[19:55:29] 79 MapSubways catched
[19:55:29] 15228 SpellLevels catched 
[19:55:29] 4772 Spells catched 
[19:55:29] 316 GuildEmblems catched 
[19:55:29] 1179 LearnableSpells catched 
[19:55:30] 9780 ItemTemplates catched 
[19:55:30] 4489 Weapons catched 
[19:55:30] 363 ItemSets catched 
[19:55:30] 171 ItemTypes catched 
[19:55:30] 110 ItemPets catched 
[19:55:30] 2476 NpcTemplates catched 
[19:55:30] 787 NpcSpawns catched 
[19:55:30] 94 NpcItems catched 
[19:55:30] 19801 NpcMessages catched 
[19:55:30] 7 NpcReplies catched 
[19:55:30] 353 Triggers catched
[19:55:30] 1277 Paddocks catched
[19:55:30] 72 Mounts catched
[19:55:30] 3 Guild catched
[19:55:30] 2 GuildMembers catched
[19:55:30] 11 GatheringJob LevelInfos catched
[19:55:30] 233 InteractiveSkills LevelInfos catched
[19:55:31] 126 Handlers Readed
[19:55:31] 173 Messages Readed
[19:55:31] WorldServer start in 4961 ms.
[22:57:18] MySQL Database Connected
[22:57:18] 16 Breeds catched
[22:57:18] 256 Heads catched
[22:57:18] 561 Effects catched
[22:57:18] 4 SuperAreas catched
[22:57:18] 48 Areas catched
[22:57:19] 334 SubAreas catched
[22:57:20] 11267 DofusMaps catched
[22:57:20] 9761 StatedElements catched
[22:57:20] 13349 InteractiveElements catched
[22:57:20] 1485 HouseInformations catched
[22:57:20] 556 InteractiveDoors catched
[22:57:20] 3530 MapPositions uncatched
[22:57:20] 14681 MapPositions catched
[22:57:20] 42 MapZaaps catched
[22:57:20] 79 MapSubways catched
[22:57:20] 15228 SpellLevels catched 
[22:57:20] 4772 Spells catched 
[22:57:20] 316 GuildEmblems catched 
[22:57:20] 1179 LearnableSpells catched 
[22:57:21] 9780 ItemTemplates catched 
[22:57:21] 4489 Weapons catched 
[22:57:21] 363 ItemSets catched 
[22:57:21] 171 ItemTypes catched 
[22:57:21] 110 ItemPets catched 
[22:57:21] 2476 NpcTemplates catched 
[22:57:21] 787 NpcSpawns catched 
[22:57:21] 94 NpcItems catched 
[22:57:21] 19801 NpcMessages catched 
[22:57:21] 7 NpcReplies catched 
[22:57:21] 353 Triggers catched
[22:57:21] 1277 Paddocks catched
[22:57:21] 72 Mounts catched
[22:57:21] 3 Guild catched
[22:57:21] 2 GuildMembers catched
[22:57:21] 11 GatheringJob LevelInfos catched
[22:57:21] 233 InteractiveSkills LevelInfos catched
[22:57:22] 126 Handlers Readed
[22:57:22] 173 Messages Readed
[22:57:22] WorldServer start in 4841 ms.
[23:08:55] MySQL Database Connected
[23:08:55] 16 Breeds catched
[23:08:55] 256 Heads catched
[23:08:55] 561 Effects catched
[23:08:55] 4 SuperAreas catched
[23:08:55] 48 Areas catched
[23:08:56] 334 SubAreas catched
[23:08:57] 11267 DofusMaps catched
[23:08:57] 9761 StatedElements catched
[23:08:57] 13349 InteractiveElements catched
[23:08:57] 1485 HouseInformations catched
[23:08:57] 556 InteractiveDoors catched
[23:08:57] 3530 MapPositions uncatched
[23:08:57] 14681 MapPositions catched
[23:08:57] 42 MapZaaps catched
[23:08:57] 79 MapSubways catched
[23:08:57] 15228 SpellLevels catched 
[23:08:57] 4772 Spells catched 
[23:08:57] 316 GuildEmblems catched 
[23:08:57] 1179 LearnableSpells catched 
[23:08:58] 9780 ItemTemplates catched 
[23:08:58] 4489 Weapons catched 
[23:08:58] 363 ItemSets catched 
[23:08:58] 171 ItemTypes catched 
[23:08:58] 110 ItemPets catched 
[23:08:58] 2476 NpcTemplates catched 
[23:08:58] 787 NpcSpawns catched 
[23:08:58] 94 NpcItems catched 
[23:08:58] 19801 NpcMessages catched 
[23:08:58] 7 NpcReplies catched 
[23:08:58] 353 Triggers catched
[23:08:58] 1277 Paddocks catched
[23:08:58] 72 Mounts catched
[23:08:58] 3 Guild catched
[23:08:58] 2 GuildMembers catched
[23:08:58] 11 GatheringJob LevelInfos catched
[23:08:58] 233 InteractiveSkills LevelInfos catched
[23:08:59] 126 Handlers Readed
[23:08:59] 173 Messages Readed
[23:08:59] WorldServer start in 5081 ms.
[23:10:02] MySQL Database Connected
[23:10:02] 16 Breeds catched
[23:10:02] 256 Heads catched
[23:10:02] 561 Effects catched
[23:10:03] 4 SuperAreas catched
[23:10:03] 48 Areas catched
[23:10:04] 334 SubAreas catched
[23:10:05] 11267 DofusMaps catched
[23:10:05] 9761 StatedElements catched
[23:10:05] 13349 InteractiveElements catched
[23:10:05] 1485 HouseInformations catched
[23:10:05] 556 InteractiveDoors catched
[23:10:05] 3530 MapPositions uncatched
[23:10:05] 14681 MapPositions catched
[23:10:05] 42 MapZaaps catched
[23:10:05] 79 MapSubways catched
[23:10:05] 15228 SpellLevels catched 
[23:10:05] 4772 Spells catched 
[23:10:05] 316 GuildEmblems catched 
[23:10:05] 1179 LearnableSpells catched 
[23:10:05] 9780 ItemTemplates catched 
[23:10:05] 4489 Weapons catched 
[23:10:05] 363 ItemSets catched 
[23:10:05] 171 ItemTypes catched 
[23:10:05] 110 ItemPets catched 
[23:10:06] 2476 NpcTemplates catched 
[23:10:06] 787 NpcSpawns catched 
[23:10:06] 94 NpcItems catched 
[23:10:06] 19801 NpcMessages catched 
[23:10:06] 7 NpcReplies catched 
[23:10:06] 353 Triggers catched
[23:10:06] 1277 Paddocks catched
[23:10:06] 72 Mounts catched
[23:10:06] 3 Guild catched
[23:10:06] 2 GuildMembers catched
[23:10:06] 11 GatheringJob LevelInfos catched
[23:10:06] 233 InteractiveSkills LevelInfos catched
[23:10:07] 126 Handlers Readed
[23:10:07] 173 Messages Readed
[23:10:07] WorldServer start in 5094 ms.
[23:15:06] MySQL Database Connected
[23:15:06] 16 Breeds catched
[23:15:06] 256 Heads catched
[23:15:06] 561 Effects catched
[23:15:06] 4 SuperAreas catched
[23:15:06] 48 Areas catched
[23:15:07] 334 SubAreas catched
[23:15:08] 11267 DofusMaps catched
[23:15:08] 9761 StatedElements catched
[23:15:08] 13349 InteractiveElements catched
[23:15:08] 1485 HouseInformations catched
[23:15:08] 556 InteractiveDoors catched
[23:15:08] 3530 MapPositions uncatched
[23:15:08] 14681 MapPositions catched
[23:15:08] 42 MapZaaps catched
[23:15:08] 79 MapSubways catched
[23:15:08] 15228 SpellLevels catched 
[23:15:08] 4772 Spells catched 
[23:15:08] 316 GuildEmblems catched 
[23:15:08] 1179 LearnableSpells catched 
[23:15:08] 9780 ItemTemplates catched 
[23:15:09] 4489 Weapons catched 
[23:15:09] 363 ItemSets catched 
[23:15:09] 171 ItemTypes catched 
[23:15:09] 110 ItemPets catched 
[23:15:09] 2476 NpcTemplates catched 
[23:15:09] 787 NpcSpawns catched 
[23:15:09] 94 NpcItems catched 
[23:15:09] 19801 NpcMessages catched 
[23:15:09] 7 NpcReplies catched 
[23:15:09] 353 Triggers catched
[23:15:09] 1277 Paddocks catched
[23:15:09] 72 Mounts catched
[23:15:09] 3 Guild catched
[23:15:09] 2 GuildMembers catched
[23:15:09] 11 GatheringJob LevelInfos catched
[23:15:09] 233 InteractiveSkills LevelInfos catched
[23:15:10] 126 Handlers Readed
[23:15:10] 173 Messages Readed
[23:15:10] WorldServer start in 5149 ms.
[23:17:42] MySQL Database Connected
[23:17:42] 16 Breeds catched
[23:17:42] 256 Heads catched
[23:17:42] 561 Effects catched
[23:17:43] 4 SuperAreas catched
[23:17:43] 48 Areas catched
[23:17:44] 334 SubAreas catched
[23:17:44] 11267 DofusMaps catched
[23:17:44] 9761 StatedElements catched
[23:17:45] 13349 InteractiveElements catched
[23:17:45] 1485 HouseInformations catched
[23:17:45] 556 InteractiveDoors catched
[23:17:45] 3530 MapPositions uncatched
[23:17:45] 14681 MapPositions catched
[23:17:45] 42 MapZaaps catched
[23:17:45] 79 MapSubways catched
[23:17:45] 15228 SpellLevels catched 
[23:17:45] 4772 Spells catched 
[23:17:45] 316 GuildEmblems catched 
[23:17:45] 1179 LearnableSpells catched 
[23:17:45] 9780 ItemTemplates catched 
[23:17:45] 4489 Weapons catched 
[23:17:45] 363 ItemSets catched 
[23:17:45] 171 ItemTypes catched 
[23:17:45] 110 ItemPets catched 
[23:17:46] 2476 NpcTemplates catched 
[23:17:46] 787 NpcSpawns catched 
[23:17:46] 94 NpcItems catched 
[23:17:46] 19801 NpcMessages catched 
[23:17:46] 7 NpcReplies catched 
[23:17:46] 353 Triggers catched
[23:17:46] 1277 Paddocks catched
[23:17:46] 72 Mounts catched
[23:17:46] 3 Guild catched
[23:17:46] 2 GuildMembers catched
[23:17:46] 11 GatheringJob LevelInfos catched
[23:17:46] 233 InteractiveSkills LevelInfos catched
[23:17:46] 126 Handlers Readed
[23:17:47] 173 Messages Readed
[23:17:47] WorldServer start in 4872 ms.
[23:18:36] MySQL Database Connected
[23:18:36] 16 Breeds catched
[23:18:36] 256 Heads catched
[23:18:36] 561 Effects catched
[23:18:37] 4 SuperAreas catched
[23:18:37] 48 Areas catched
[23:18:38] 334 SubAreas catched
[23:18:38] 11267 DofusMaps catched
[23:18:38] 9761 StatedElements catched
[23:18:39] 13349 InteractiveElements catched
[23:18:39] 1485 HouseInformations catched
[23:18:39] 556 InteractiveDoors catched
[23:18:39] 3530 MapPositions uncatched
[23:18:39] 14681 MapPositions catched
[23:18:39] 42 MapZaaps catched
[23:18:39] 79 MapSubways catched
[23:18:39] 15228 SpellLevels catched 
[23:18:39] 4772 Spells catched 
[23:18:39] 316 GuildEmblems catched 
[23:18:39] 1179 LearnableSpells catched 
[23:18:39] 9780 ItemTemplates catched 
[23:18:39] 4489 Weapons catched 
[23:18:39] 363 ItemSets catched 
[23:18:39] 171 ItemTypes catched 
[23:18:39] 110 ItemPets catched 
[23:18:40] 2476 NpcTemplates catched 
[23:18:40] 787 NpcSpawns catched 
[23:18:40] 94 NpcItems catched 
[23:18:40] 19801 NpcMessages catched 
[23:18:40] 7 NpcReplies catched 
[23:18:40] 353 Triggers catched
[23:18:40] 1277 Paddocks catched
[23:18:40] 72 Mounts catched
[23:18:40] 3 Guild catched
[23:18:40] 2 GuildMembers catched
[23:18:40] 11 GatheringJob LevelInfos catched
[23:18:40] 233 InteractiveSkills LevelInfos catched
[23:18:40] 126 Handlers Readed
[23:18:41] 173 Messages Readed
[23:18:41] WorldServer start in 4827 ms.
[23:19:41] MySQL Database Connected
[23:19:41] 16 Breeds catched
[23:19:41] 256 Heads catched
[23:19:41] 561 Effects catched
[23:19:42] 4 SuperAreas catched
[23:19:42] 48 Areas catched
[23:19:43] 334 SubAreas catched
[23:19:43] 11267 DofusMaps catched
[23:19:43] 9761 StatedElements catched
[23:19:44] 13349 InteractiveElements catched
[23:19:44] 1485 HouseInformations catched
[23:19:44] 556 InteractiveDoors catched
[23:19:44] 3530 MapPositions uncatched
[23:19:44] 14681 MapPositions catched
[23:19:44] 42 MapZaaps catched
[23:19:44] 79 MapSubways catched
[23:19:44] 15228 SpellLevels catched 
[23:19:44] 4772 Spells catched 
[23:19:44] 316 GuildEmblems catched 
[23:19:44] 1179 LearnableSpells catched 
[23:19:44] 9780 ItemTemplates catched 
[23:19:44] 4489 Weapons catched 
[23:19:44] 363 ItemSets catched 
[23:19:44] 171 ItemTypes catched 
[23:19:44] 110 ItemPets catched 
[23:19:44] 2476 NpcTemplates catched 
[23:19:44] 787 NpcSpawns catched 
[23:19:44] 94 NpcItems catched 
[23:19:45] 19801 NpcMessages catched 
[23:19:45] 7 NpcReplies catched 
[23:19:45] 353 Triggers catched
[23:19:45] 1277 Paddocks catched
[23:19:45] 72 Mounts catched
[23:19:45] 3 Guild catched
[23:19:45] 2 GuildMembers catched
[23:19:45] 11 GatheringJob LevelInfos catched
[23:19:45] 233 InteractiveSkills LevelInfos catched
[23:19:45] 126 Handlers Readed
[23:19:46] 173 Messages Readed
[23:19:46] WorldServer start in 4970 ms.
[23:20:52] MySQL Database Connected
[23:20:52] 16 Breeds catched
[23:20:52] 256 Heads catched
[23:20:52] 561 Effects catched
[23:20:52] 4 SuperAreas catched
[23:20:52] 48 Areas catched
[23:20:53] 334 SubAreas catched
[23:20:54] 11267 DofusMaps catched
[23:20:54] 9761 StatedElements catched
[23:20:54] 13349 InteractiveElements catched
[23:20:54] 1485 HouseInformations catched
[23:20:54] 556 InteractiveDoors catched
[23:20:54] 3530 MapPositions uncatched
[23:20:54] 14681 MapPositions catched
[23:20:54] 42 MapZaaps catched
[23:20:54] 79 MapSubways catched
[23:20:54] 15228 SpellLevels catched 
[23:20:54] 4772 Spells catched 
[23:20:54] 316 GuildEmblems catched 
[23:20:54] 1179 LearnableSpells catched 
[23:20:55] 9780 ItemTemplates catched 
[23:20:55] 4489 Weapons catched 
[23:20:55] 363 ItemSets catched 
[23:20:55] 171 ItemTypes catched 
[23:20:55] 110 ItemPets catched 
[23:20:55] 2476 NpcTemplates catched 
[23:20:55] 787 NpcSpawns catched 
[23:20:55] 94 NpcItems catched 
[23:20:55] 19801 NpcMessages catched 
[23:20:55] 7 NpcReplies catched 
[23:20:55] 353 Triggers catched
[23:20:55] 1277 Paddocks catched
[23:20:55] 72 Mounts catched
[23:20:55] 3 Guild catched
[23:20:55] 2 GuildMembers catched
[23:20:55] 11 GatheringJob LevelInfos catched
[23:20:55] 233 InteractiveSkills LevelInfos catched
[23:20:56] 126 Handlers Readed
[23:20:56] 173 Messages Readed
[23:20:56] WorldServer start in 4912 ms.
[23:22:06] MySQL Database Connected
[23:22:07] 16 Breeds catched
[23:22:07] 256 Heads catched
[23:22:07] 561 Effects catched
[23:22:07] 4 SuperAreas catched
[23:22:07] 48 Areas catched
[23:22:08] 334 SubAreas catched
[23:22:09] 11267 DofusMaps catched
[23:22:09] 9761 StatedElements catched
[23:22:09] 13349 InteractiveElements catched
[23:22:09] 1485 HouseInformations catched
[23:22:09] 556 InteractiveDoors catched
[23:22:09] 3530 MapPositions uncatched
[23:22:09] 14681 MapPositions catched
[23:22:09] 42 MapZaaps catched
[23:22:09] 79 MapSubways catched
[23:22:09] 15228 SpellLevels catched 
[23:22:09] 4772 Spells catched 
[23:22:09] 316 GuildEmblems catched 
[23:22:09] 1179 LearnableSpells catched 
[23:22:09] 9780 ItemTemplates catched 
[23:22:09] 4489 Weapons catched 
[23:22:09] 363 ItemSets catched 
[23:22:09] 171 ItemTypes catched 
[23:22:10] 110 ItemPets catched 
[23:22:10] 2476 NpcTemplates catched 
[23:22:10] 787 NpcSpawns catched 
[23:22:10] 94 NpcItems catched 
[23:22:10] 19801 NpcMessages catched 
[23:22:10] 7 NpcReplies catched 
[23:22:10] 353 Triggers catched
[23:22:10] 1277 Paddocks catched
[23:22:10] 72 Mounts catched
[23:22:10] 3 Guild catched
[23:22:10] 2 GuildMembers catched
[23:22:10] 11 GatheringJob LevelInfos catched
[23:22:10] 233 InteractiveSkills LevelInfos catched
[23:22:11] 126 Handlers Readed
[23:22:11] 173 Messages Readed
[23:22:11] WorldServer start in 5056 ms.
[23:24:17] MySQL Database Connected
[23:24:17] 16 Breeds catched
[23:24:17] 256 Heads catched
[23:24:17] 561 Effects catched
[23:24:17] 4 SuperAreas catched
[23:24:17] 48 Areas catched
[23:24:19] 334 SubAreas catched
[23:24:19] 11267 DofusMaps catched
[23:24:19] 9761 StatedElements catched
[23:24:19] 13349 InteractiveElements catched
[23:24:19] 1485 HouseInformations catched
[23:24:19] 556 InteractiveDoors catched
[23:24:19] 3530 MapPositions uncatched
[23:24:19] 14681 MapPositions catched
[23:24:19] 42 MapZaaps catched
[23:24:19] 79 MapSubways catched
[23:24:20] 15228 SpellLevels catched 
[23:24:20] 4772 Spells catched 
[23:24:20] 316 GuildEmblems catched 
[23:24:20] 1179 LearnableSpells catched 
[23:24:20] 9780 ItemTemplates catched 
[23:24:20] 4489 Weapons catched 
[23:24:20] 363 ItemSets catched 
[23:24:20] 171 ItemTypes catched 
[23:24:20] 110 ItemPets catched 
[23:24:20] 2476 NpcTemplates catched 
[23:24:20] 787 NpcSpawns catched 
[23:24:20] 94 NpcItems catched 
[23:24:20] 19801 NpcMessages catched 
[23:24:20] 7 NpcReplies catched 
[23:24:20] 353 Triggers catched
[23:24:20] 1277 Paddocks catched
[23:24:20] 72 Mounts catched
[23:24:20] 3 Guild catched
[23:24:20] 2 GuildMembers catched
[23:24:20] 11 GatheringJob LevelInfos catched
[23:24:21] 233 InteractiveSkills LevelInfos catched
[23:24:21] 126 Handlers Readed
[23:24:22] 173 Messages Readed
[23:24:22] WorldServer start in 5032 ms.
[23:29:50] MySQL Database Connected
[23:29:50] 16 Breeds catched
[23:29:50] 256 Heads catched
[23:29:50] 561 Effects catched
[23:29:51] 4 SuperAreas catched
[23:29:51] 48 Areas catched
[23:29:52] 334 SubAreas catched
[23:29:52] 11267 DofusMaps catched
[23:29:52] 9761 StatedElements catched
[23:29:53] 13349 InteractiveElements catched
[23:29:53] 1485 HouseInformations catched
[23:29:53] 556 InteractiveDoors catched
[23:29:53] 3530 MapPositions uncatched
[23:29:53] 14681 MapPositions catched
[23:29:53] 42 MapZaaps catched
[23:29:53] 79 MapSubways catched
[23:29:53] 15228 SpellLevels catched 
[23:29:53] 4772 Spells catched 
[23:29:53] 316 GuildEmblems catched 
[23:29:53] 1179 LearnableSpells catched 
[23:29:53] 9780 ItemTemplates catched 
[23:29:53] 4489 Weapons catched 
[23:29:53] 363 ItemSets catched 
[23:29:53] 171 ItemTypes catched 
[23:29:53] 110 ItemPets catched 
[23:29:53] 2476 NpcTemplates catched 
[23:29:53] 787 NpcSpawns catched 
[23:29:53] 94 NpcItems catched 
[23:29:54] 19801 NpcMessages catched 
[23:29:54] 7 NpcReplies catched 
[23:29:54] 353 Triggers catched
[23:29:54] 1277 Paddocks catched
[23:29:54] 72 Mounts catched
[23:29:54] 3 Guild catched
[23:29:54] 2 GuildMembers catched
[23:29:54] 11 GatheringJob LevelInfos catched
[23:29:54] 233 InteractiveSkills LevelInfos catched
[23:29:54] 126 Handlers Readed
[23:29:55] 173 Messages Readed
[23:29:55] WorldServer start in 5078 ms.
[23:31:08] MySQL Database Connected
[23:31:08] 16 Breeds catched
[23:31:08] 256 Heads catched
[23:31:08] 561 Effects catched
[23:31:09] 4 SuperAreas catched
[23:31:09] 48 Areas catched
[23:31:10] 334 SubAreas catched
[23:31:10] 11267 DofusMaps catched
[23:31:10] 9761 StatedElements catched
[23:31:10] 13349 InteractiveElements catched
[23:31:10] 1485 HouseInformations catched
[23:31:10] 556 InteractiveDoors catched
[23:31:10] 3530 MapPositions uncatched
[23:31:10] 14681 MapPositions catched
[23:31:10] 42 MapZaaps catched
[23:31:10] 79 MapSubways catched
[23:31:11] 15228 SpellLevels catched 
[23:31:11] 4772 Spells catched 
[23:31:11] 316 GuildEmblems catched 
[23:31:11] 1179 LearnableSpells catched 
[23:31:11] 9780 ItemTemplates catched 
[23:31:11] 4489 Weapons catched 
[23:31:11] 363 ItemSets catched 
[23:31:11] 171 ItemTypes catched 
[23:31:11] 110 ItemPets catched 
[23:31:11] 2476 NpcTemplates catched 
[23:31:11] 787 NpcSpawns catched 
[23:31:11] 94 NpcItems catched 
[23:31:11] 19801 NpcMessages catched 
[23:31:11] 7 NpcReplies catched 
[23:31:11] 353 Triggers catched
[23:31:11] 1277 Paddocks catched
[23:31:11] 72 Mounts catched
[23:31:12] 3 Guild catched
[23:31:12] 2 GuildMembers catched
[23:31:12] 11 GatheringJob LevelInfos catched
[23:31:12] 233 InteractiveSkills LevelInfos catched
[23:31:12] 126 Handlers Readed
[23:31:13] 173 Messages Readed
[23:31:13] WorldServer start in 5088 ms.
[23:34:26] MySQL Database Connected
[23:34:26] 16 Breeds catched
[23:34:26] 256 Heads catched
[23:34:26] 561 Effects catched
[23:34:27] 4 SuperAreas catched
[23:34:27] 48 Areas catched
[23:34:28] 334 SubAreas catched
[23:34:29] 11267 DofusMaps catched
[23:34:29] 9761 StatedElements catched
[23:34:29] 13349 InteractiveElements catched
[23:34:29] 1485 HouseInformations catched
[23:34:29] 556 InteractiveDoors catched
[23:34:29] 3530 MapPositions uncatched
[23:34:29] 14681 MapPositions catched
[23:34:29] 42 MapZaaps catched
[23:34:29] 79 MapSubways catched
[23:34:29] 15228 SpellLevels catched 
[23:34:29] 4772 Spells catched 
[23:34:29] 316 GuildEmblems catched 
[23:34:29] 1179 LearnableSpells catched 
[23:34:29] 9780 ItemTemplates catched 
[23:34:29] 4489 Weapons catched 
[23:34:29] 363 ItemSets catched 
[23:34:29] 171 ItemTypes catched 
[23:34:29] 110 ItemPets catched 
[23:34:30] 2476 NpcTemplates catched 
[23:34:30] 787 NpcSpawns catched 
[23:34:30] 94 NpcItems catched 
[23:34:30] 19801 NpcMessages catched 
[23:34:30] 7 NpcReplies catched 
[23:34:30] 353 Triggers catched
[23:34:30] 1277 Paddocks catched
[23:34:30] 72 Mounts catched
[23:34:30] 3 Guild catched
[23:34:30] 2 GuildMembers catched
[23:34:30] 11 GatheringJob LevelInfos catched
[23:34:30] 233 InteractiveSkills LevelInfos catched
[23:34:31] 126 Handlers Readed
[23:34:31] 173 Messages Readed
[23:34:31] WorldServer start in 5018 ms.
[23:35:10] MySQL Database Connected
[23:35:11] 16 Breeds catched
[23:35:11] 256 Heads catched
[23:35:11] 561 Effects catched
[23:35:11] 4 SuperAreas catched
[23:35:11] 48 Areas catched
[23:35:12] 334 SubAreas catched
[23:35:13] 11267 DofusMaps catched
[23:35:13] 9761 StatedElements catched
[23:35:13] 13349 InteractiveElements catched
[23:35:13] 1485 HouseInformations catched
[23:35:13] 556 InteractiveDoors catched
[23:35:13] 3530 MapPositions uncatched
[23:35:13] 14681 MapPositions catched
[23:35:13] 42 MapZaaps catched
[23:35:13] 79 MapSubways catched
[23:35:13] 15228 SpellLevels catched 
[23:35:13] 4772 Spells catched 
[23:35:13] 316 GuildEmblems catched 
[23:35:13] 1179 LearnableSpells catched 
[23:35:13] 9780 ItemTemplates catched 
[23:35:13] 4489 Weapons catched 
[23:35:13] 363 ItemSets catched 
[23:35:13] 171 ItemTypes catched 
[23:35:14] 110 ItemPets catched 
[23:35:14] 2476 NpcTemplates catched 
[23:35:14] 787 NpcSpawns catched 
[23:35:14] 94 NpcItems catched 
[23:35:14] 19801 NpcMessages catched 
[23:35:14] 7 NpcReplies catched 
[23:35:14] 353 Triggers catched
[23:35:14] 1277 Paddocks catched
[23:35:14] 72 Mounts catched
[23:35:14] 3 Guild catched
[23:35:14] 2 GuildMembers catched
[23:35:14] 11 GatheringJob LevelInfos catched
[23:35:14] 233 InteractiveSkills LevelInfos catched
[23:35:15] 126 Handlers Readed
[23:35:15] 173 Messages Readed
[23:35:15] WorldServer start in 5023 ms.
[23:35:47] MySQL Database Connected
[23:35:47] 16 Breeds catched
[23:35:47] 256 Heads catched
[23:35:47] 561 Effects catched
[23:35:48] 4 SuperAreas catched
[23:35:48] 48 Areas catched
[23:35:48] 334 SubAreas catched
[23:35:49] 11267 DofusMaps catched
[23:35:49] 9761 StatedElements catched
[23:35:49] 13349 InteractiveElements catched
[23:35:49] 1485 HouseInformations catched
[23:35:49] 556 InteractiveDoors catched
[23:35:49] 3530 MapPositions uncatched
[23:35:49] 14681 MapPositions catched
[23:35:49] 42 MapZaaps catched
[23:35:49] 79 MapSubways catched
[23:35:49] 15228 SpellLevels catched 
[23:35:50] 4772 Spells catched 
[23:35:50] 316 GuildEmblems catched 
[23:35:50] 1179 LearnableSpells catched 
[23:35:50] 9780 ItemTemplates catched 
[23:35:50] 4489 Weapons catched 
[23:35:50] 363 ItemSets catched 
[23:35:50] 171 ItemTypes catched 
[23:35:50] 110 ItemPets catched 
[23:35:50] 2476 NpcTemplates catched 
[23:35:50] 787 NpcSpawns catched 
[23:35:50] 94 NpcItems catched 
[23:35:50] 19801 NpcMessages catched 
[23:35:50] 7 NpcReplies catched 
[23:35:50] 353 Triggers catched
[23:35:50] 1277 Paddocks catched
[23:35:50] 72 Mounts catched
[23:35:50] 3 Guild catched
[23:35:50] 2 GuildMembers catched
[23:35:50] 11 GatheringJob LevelInfos catched
[23:35:50] 233 InteractiveSkills LevelInfos catched
[23:35:51] 126 Handlers Readed
[23:35:52] 173 Messages Readed
[23:35:52] WorldServer start in 4912 ms.
