[10:36:13] MySQL Database Connected
[10:36:13] 16 Breeds catched
[10:36:13] 256 Heads catched
[10:36:15] 11259 DofusMaps catched
[10:36:16] 17 Handlers Readed
[10:36:16] 17 Messages Readed
[10:36:16] WorldServer start in 3410 ms.
[10:43:36] MySQL Database Connected
[10:43:36] 16 Breeds catched
[10:43:36] 256 Heads catched
[10:43:37] 11259 DofusMaps catched
[10:43:38] 17 Handlers Readed
[10:43:38] 17 Messages Readed
[10:43:38] WorldServer start in 1684 ms.
[10:48:48] MySQL Database Connected
[10:48:48] 16 Breeds catched
[10:48:48] 256 Heads catched
[10:48:49] 11259 DofusMaps catched
[10:48:49] 17 Handlers Readed
[10:48:49] 17 Messages Readed
[10:48:49] WorldServer start in 1759 ms.
[10:49:38] MySQL Database Connected
[10:49:38] 16 Breeds catched
[10:49:38] 256 Heads catched
[10:49:39] 11259 DofusMaps catched
[10:49:39] 17 Handlers Readed
[10:49:39] 17 Messages Readed
[10:49:39] WorldServer start in 1622 ms.
[10:50:36] MySQL Database Connected
[10:50:36] 16 Breeds catched
[10:50:36] 256 Heads catched
[10:50:37] 11259 DofusMaps catched
[10:50:38] 17 Handlers Readed
[10:50:38] 17 Messages Readed
[10:50:38] WorldServer start in 1582 ms.
[10:51:53] MySQL Database Connected
[10:51:53] 16 Breeds catched
[10:51:53] 256 Heads catched
[10:51:54] 11259 DofusMaps catched
[10:51:54] 17 Handlers Readed
[10:51:54] 17 Messages Readed
[10:51:54] WorldServer start in 1586 ms.
[10:55:37] MySQL Database Connected
[10:55:38] 16 Breeds catched
[10:55:38] 256 Heads catched
[10:55:38] 11259 DofusMaps catched
[10:55:39] 17 Handlers Readed
[10:55:39] 17 Messages Readed
[10:55:39] WorldServer start in 1593 ms.
[10:58:45] MySQL Database Connected
[10:58:45] 16 Breeds catched
[10:58:45] 256 Heads catched
[10:58:46] 11259 DofusMaps catched
[10:58:46] 17 Handlers Readed
[10:58:46] 17 Messages Readed
[10:58:47] WorldServer start in 1717 ms.
[11:02:33] MySQL Database Connected
[11:02:33] 16 Breeds catched
[11:02:33] 256 Heads catched
[11:02:34] 11259 DofusMaps catched
[11:02:34] 17 Handlers Readed
[11:02:34] 17 Messages Readed
[11:02:34] WorldServer start in 1685 ms.
[11:03:40] MySQL Database Connected
[11:03:40] 16 Breeds catched
[11:03:40] 256 Heads catched
[11:03:42] 11259 DofusMaps catched
[11:03:42] 17 Handlers Readed
[11:03:42] 17 Messages Readed
[11:03:42] WorldServer start in 1994 ms.
[11:04:59] MySQL Database Connected
[11:04:59] 16 Breeds catched
[11:04:59] 256 Heads catched
[11:05:00] 11259 DofusMaps catched
[11:05:00] 17 Handlers Readed
[11:05:00] 17 Messages Readed
[11:05:00] WorldServer start in 1695 ms.
[11:12:21] MySQL Database Connected
[11:12:21] 16 Breeds catched
[11:12:21] 256 Heads catched
[11:12:22] 11259 DofusMaps catched
[11:12:22] 17 Handlers Readed
[11:12:23] 17 Messages Readed
[11:12:23] WorldServer start in 1827 ms.
[11:13:42] MySQL Database Connected
[11:13:42] 16 Breeds catched
[11:13:42] 256 Heads catched
[11:13:43] 11259 DofusMaps catched
[11:13:43] 17 Handlers Readed
[11:13:43] 17 Messages Readed
[11:13:43] WorldServer start in 1700 ms.
[11:14:42] MySQL Database Connected
[11:14:42] 16 Breeds catched
[11:14:42] 256 Heads catched
[11:14:43] 11259 DofusMaps catched
[11:14:43] 17 Handlers Readed
[11:14:44] 17 Messages Readed
[11:14:44] WorldServer start in 1641 ms.
[11:25:07] MySQL Database Connected
[11:25:07] 16 Breeds catched
[11:25:07] 256 Heads catched
[11:25:07] 11259 DofusMaps catched
[11:25:08] 17 Handlers Readed
[11:25:08] 17 Messages Readed
[11:25:08] WorldServer start in 1680 ms.
[11:25:12] MySQL Database Connected
[11:25:12] 16 Breeds catched
[11:25:12] 256 Heads catched
[11:25:13] 11259 DofusMaps catched
[11:25:13] 17 Handlers Readed
[11:25:13] 17 Messages Readed
[11:25:13] WorldServer start in 1590 ms.
[11:32:12] MySQL Database Connected
[11:32:12] 16 Breeds catched
[11:32:12] 256 Heads catched
[11:32:12] 11259 DofusMaps catched
[11:32:13] 17 Handlers Readed
[11:32:13] 17 Messages Readed
[11:32:13] WorldServer start in 1543 ms.
[11:33:16] MySQL Database Connected
[11:33:16] 16 Breeds catched
[11:33:16] 256 Heads catched
[11:33:18] 11259 DofusMaps catched
[11:33:18] 17 Handlers Readed
[11:33:18] 17 Messages Readed
[11:33:18] WorldServer start in 2181 ms.
[12:30:08] MySQL Database Connected
[12:30:08] 16 Breeds catched
[12:30:08] 256 Heads catched
[12:30:16] 11260 DofusMaps catched
[12:30:16] 17 Handlers Readed
[12:30:17] 17 Messages Readed
[12:30:17] WorldServer start in 9041 ms.
[12:30:25] MySQL Database Connected
[12:30:25] 16 Breeds catched
[12:30:25] 256 Heads catched
[12:30:34] 11260 DofusMaps catched
[12:30:34] 17 Handlers Readed
[12:30:34] 17 Messages Readed
[12:30:34] WorldServer start in 9256 ms.
[12:36:46] MySQL Database Connected
[12:36:46] 16 Breeds catched
[12:36:46] 256 Heads catched
[12:36:54] 11260 DofusMaps catched
[12:36:54] 17 Handlers Readed
[12:36:54] 17 Messages Readed
[12:36:55] WorldServer start in 9159 ms.
[13:14:41] MySQL Database Connected
[13:14:41] 16 Breeds catched
[13:14:41] 256 Heads catched
[13:14:48] 11260 DofusMaps catched
[13:14:49] 18 Handlers Readed
[13:14:49] 18 Messages Readed
[13:14:49] WorldServer start in 8646 ms.
[13:17:42] MySQL Database Connected
[13:17:42] 16 Breeds catched
[13:17:42] 256 Heads catched
[13:17:50] 11260 DofusMaps catched
[13:17:51] 18 Handlers Readed
[13:17:51] 18 Messages Readed
[13:17:51] WorldServer start in 8774 ms.
[13:18:30] MySQL Database Connected
[13:18:30] 16 Breeds catched
[13:18:30] 256 Heads catched
[13:18:38] 11260 DofusMaps catched
[13:18:39] 18 Handlers Readed
[13:18:39] 18 Messages Readed
[13:18:39] WorldServer start in 8902 ms.
[13:30:46] MySQL Database Connected
[13:30:46] 16 Breeds catched
[13:30:46] 256 Heads catched
[13:30:54] 11260 DofusMaps catched
[13:30:54] 18 Handlers Readed
[13:30:54] 18 Messages Readed
[13:30:54] WorldServer start in 8896 ms.
[13:31:59] MySQL Database Connected
[13:31:59] 16 Breeds catched
[13:31:59] 256 Heads catched
[13:32:07] 11260 DofusMaps catched
[13:32:08] 18 Handlers Readed
[13:32:08] 18 Messages Readed
[13:32:08] WorldServer start in 8980 ms.
[13:32:58] MySQL Database Connected
[13:32:58] 16 Breeds catched
[13:32:58] 256 Heads catched
[13:33:07] 11260 DofusMaps catched
[13:33:07] 18 Handlers Readed
[13:33:07] 18 Messages Readed
[13:33:07] WorldServer start in 9374 ms.
[14:49:19] MySQL Database Connected
[14:49:19] 16 Breeds catched
[14:49:19] 256 Heads catched
[14:49:27] 11260 DofusMaps catched
[14:49:27] 169 StatedElements catched
[14:49:28] 18 Handlers Readed
[14:49:28] 18 Messages Readed
[14:49:28] WorldServer start in 8938 ms.
[14:52:32] MySQL Database Connected
[14:52:32] 16 Breeds catched
[14:52:32] 256 Heads catched
[14:52:40] 11260 DofusMaps catched
[14:52:40] 169 StatedElements catched
[14:52:40] 18 Handlers Readed
[14:52:41] 18 Messages Readed
[14:52:41] WorldServer start in 8933 ms.
[16:14:23] MySQL Database Connected
[16:14:23] 16 Breeds catched
[16:14:23] 256 Heads catched
[16:14:31] 11260 DofusMaps catched
[16:14:31] 169 StatedElements catched
[16:15:58] MySQL Database Connected
[16:15:58] 16 Breeds catched
[16:15:58] 256 Heads catched
[16:16:06] 11260 DofusMaps catched
[16:16:06] 169 StatedElements catched
[16:16:06] 323 InteractiveElements catched
[16:16:07] 18 Handlers Readed
[16:16:07] 18 Messages Readed
[16:16:07] WorldServer start in 9630 ms.
[16:17:37] MySQL Database Connected
[16:17:37] 16 Breeds catched
[16:17:37] 256 Heads catched
[16:17:46] 11260 DofusMaps catched
[16:17:46] 169 StatedElements catched
[16:17:46] 323 InteractiveElements catched
[16:17:47] 18 Handlers Readed
[16:17:47] 18 Messages Readed
[16:17:47] WorldServer start in 9940 ms.
[16:18:56] MySQL Database Connected
[16:18:56] 16 Breeds catched
[16:18:56] 256 Heads catched
[16:19:22] 11260 DofusMaps catched
[16:19:22] 169 StatedElements catched
[16:19:22] 323 InteractiveElements catched
[16:19:22] 18 Handlers Readed
[16:19:22] 18 Messages Readed
[16:19:22] WorldServer start in 26259 ms.
[16:20:29] MySQL Database Connected
[16:20:29] 16 Breeds catched
[16:20:29] 256 Heads catched
[16:20:37] 11260 DofusMaps catched
[16:20:37] 169 StatedElements catched
[16:20:37] 323 InteractiveElements catched
[16:20:37] 18 Handlers Readed
[16:20:38] 18 Messages Readed
[16:20:38] WorldServer start in 8855 ms.
[16:21:45] MySQL Database Connected
[16:21:45] 16 Breeds catched
[16:21:45] 256 Heads catched
[16:21:53] 11260 DofusMaps catched
[16:21:53] 169 StatedElements catched
[16:21:53] 323 InteractiveElements catched
[16:21:54] 18 Handlers Readed
[16:21:54] 18 Messages Readed
[16:21:54] WorldServer start in 9050 ms.
[16:24:13] MySQL Database Connected
[16:24:13] 16 Breeds catched
[16:24:13] 256 Heads catched
[16:24:21] 11260 DofusMaps catched
[16:24:21] 169 StatedElements catched
[16:24:21] 323 InteractiveElements catched
[16:24:21] 18 Handlers Readed
[16:24:22] 18 Messages Readed
[16:24:22] WorldServer start in 8617 ms.
[16:33:14] MySQL Database Connected
[16:33:14] 16 Breeds catched
[16:33:14] 256 Heads catched
[16:33:22] 11260 DofusMaps catched
[16:33:22] 169 StatedElements catched
[16:33:22] 323 InteractiveElements catched
[16:33:23] 18 Handlers Readed
[16:33:23] 18 Messages Readed
[16:33:23] WorldServer start in 8829 ms.
[16:35:15] MySQL Database Connected
[16:35:15] 16 Breeds catched
[16:35:15] 256 Heads catched
[16:35:25] 11260 DofusMaps catched
[16:35:25] 169 StatedElements catched
[16:35:26] 323 InteractiveElements catched
[16:35:26] 18 Handlers Readed
[16:35:26] 18 Messages Readed
[16:35:26] WorldServer start in 11150 ms.
[16:36:40] MySQL Database Connected
[16:36:40] 16 Breeds catched
[16:36:40] 256 Heads catched
[16:36:48] 11260 DofusMaps catched
[16:36:48] 169 StatedElements catched
[16:38:38] MySQL Database Connected
[16:38:39] 16 Breeds catched
[16:38:39] 256 Heads catched
[16:38:46] 11260 DofusMaps catched
[16:38:46] 169 StatedElements catched
[16:38:46] 323 InteractiveElements catched
[16:38:47] 18 Handlers Readed
[16:38:47] 18 Messages Readed
[16:38:47] WorldServer start in 8687 ms.
[16:39:30] MySQL Database Connected
[16:39:30] 16 Breeds catched
[16:39:30] 256 Heads catched
[16:39:39] 11260 DofusMaps catched
[16:39:39] 169 StatedElements catched
[16:39:39] 323 InteractiveElements catched
[16:39:39] 18 Handlers Readed
[16:39:39] 18 Messages Readed
[16:39:39] WorldServer start in 9734 ms.
[16:46:08] MySQL Database Connected
[16:46:08] 16 Breeds catched
[16:46:08] 256 Heads catched
[16:46:19] 11260 DofusMaps catched
[16:46:19] 169 StatedElements catched
[16:46:19] 323 InteractiveElements catched
[16:46:19] 18 Handlers Readed
[16:46:19] 18 Messages Readed
[16:46:20] WorldServer start in 11362 ms.
[16:48:26] MySQL Database Connected
[16:48:26] 16 Breeds catched
[16:48:26] 256 Heads catched
[16:48:35] 11260 DofusMaps catched
[16:48:35] 169 StatedElements catched
[16:48:35] 323 InteractiveElements catched
[16:48:35] 18 Handlers Readed
[16:48:35] 18 Messages Readed
[16:48:35] WorldServer start in 8953 ms.
[16:49:04] MySQL Database Connected
[16:49:04] 16 Breeds catched
[16:49:04] 256 Heads catched
[16:49:15] 11260 DofusMaps catched
[16:49:15] 169 StatedElements catched
[16:49:15] 323 InteractiveElements catched
[16:49:15] 18 Handlers Readed
[16:49:15] 18 Messages Readed
[16:49:15] WorldServer start in 10876 ms.
[16:52:14] MySQL Database Connected
[16:52:14] 16 Breeds catched
[16:52:14] 256 Heads catched
[16:52:23] 11260 DofusMaps catched
[16:52:23] 169 StatedElements catched
[16:52:23] 323 InteractiveElements catched
[16:52:23] 18 Handlers Readed
[16:52:24] 18 Messages Readed
[16:52:24] WorldServer start in 9963 ms.
[16:52:27] MySQL Database Connected
[16:52:27] 16 Breeds catched
[16:52:27] 256 Heads catched
[16:52:35] 11260 DofusMaps catched
[16:52:35] 169 StatedElements catched
[16:52:35] 323 InteractiveElements catched
[16:52:36] 18 Handlers Readed
[16:52:36] 18 Messages Readed
[16:52:36] WorldServer start in 9143 ms.
[16:55:23] MySQL Database Connected
[16:55:23] 16 Breeds catched
[16:55:23] 256 Heads catched
[16:55:31] 11260 DofusMaps catched
[16:55:31] 169 StatedElements catched
[16:55:31] 323 InteractiveElements catched
[16:55:31] 18 Handlers Readed
[16:55:31] 18 Messages Readed
[16:55:31] WorldServer start in 8977 ms.
[16:56:43] MySQL Database Connected
[16:56:43] 16 Breeds catched
[16:56:43] 256 Heads catched
[16:56:52] 11260 DofusMaps catched
[16:56:52] 169 StatedElements catched
[16:56:52] 323 InteractiveElements catched
[16:56:52] 18 Handlers Readed
[16:56:52] 18 Messages Readed
[16:56:52] WorldServer start in 9313 ms.
[16:58:10] MySQL Database Connected
[16:58:10] 16 Breeds catched
[16:58:10] 256 Heads catched
[16:58:18] 11260 DofusMaps catched
[16:58:18] 169 StatedElements catched
[16:58:18] 323 InteractiveElements catched
[16:58:19] 18 Handlers Readed
[16:58:19] 18 Messages Readed
[16:58:19] WorldServer start in 9207 ms.
[16:58:27] MySQL Database Connected
[16:58:27] 16 Breeds catched
[16:58:27] 256 Heads catched
[16:58:36] 11260 DofusMaps catched
[16:58:36] 169 StatedElements catched
[16:58:36] 323 InteractiveElements catched
[16:58:36] 18 Handlers Readed
[16:58:36] 18 Messages Readed
[16:58:36] WorldServer start in 9945 ms.
[16:59:21] MySQL Database Connected
[16:59:21] 16 Breeds catched
[16:59:21] 256 Heads catched
[16:59:29] 11260 DofusMaps catched
[16:59:29] 169 StatedElements catched
[16:59:29] 323 InteractiveElements catched
[16:59:29] 18 Handlers Readed
[16:59:29] 18 Messages Readed
[16:59:29] WorldServer start in 8868 ms.
[17:03:57] MySQL Database Connected
[17:03:57] 16 Breeds catched
[17:03:57] 256 Heads catched
[17:04:14] 11260 DofusMaps catched
[17:04:14] 169 StatedElements catched
[17:04:14] 323 InteractiveElements catched
[17:04:14] 18 Handlers Readed
[17:04:14] 18 Messages Readed
[17:04:15] WorldServer start in 17713 ms.
[17:04:27] MySQL Database Connected
[17:04:27] 16 Breeds catched
[17:04:27] 256 Heads catched
[17:04:35] 11260 DofusMaps catched
[17:04:35] 169 StatedElements catched
[17:04:35] 323 InteractiveElements catched
[17:04:35] 18 Handlers Readed
[17:04:35] 18 Messages Readed
[17:04:36] WorldServer start in 9192 ms.
