[17:43:00] MySQL Database Connected
[17:43:00] 16 Breeds catched
[17:43:00] 256 Heads catched
[17:43:00] 561 Effects catched
[17:43:01] 4 SuperAreas catched
[17:43:01] 48 Areas catched
[17:43:02] 334 SubAreas catched
[17:43:03] 11267 DofusMaps catched
[17:43:03] 9761 StatedElements catched
[17:43:03] 13349 InteractiveElements catched
[17:43:03] 1485 HouseInformations catched
[17:43:03] 556 InteractiveDoors catched
[17:43:03] 3530 MapPositions uncatched
[17:43:03] 14681 MapPositions catched
[17:43:03] 42 MapZaaps catched
[17:43:03] 79 MapSubways catched
[17:43:04] 15228 SpellLevels catched 
[17:43:04] 4772 Spells catched 
[17:43:04] 316 GuildEmblems catched 
[17:43:04] 1179 LearnableSpells catched 
[17:43:04] 9780 ItemTemplates catched 
[17:43:04] 4489 Weapons catched 
[17:43:04] 363 ItemSets catched 
[17:43:04] 171 ItemTypes catched 
[17:43:05] 110 ItemPets catched 
[17:43:06] 2476 NpcTemplates catched 
[17:43:06] 787 NpcSpawns catched 
[17:43:06] 94 NpcItems catched 
[17:43:07] 19801 NpcMessages catched 
[17:43:07] 7 NpcReplies catched 
[17:43:07] 353 Triggers catched
[17:43:07] 1277 Paddocks catched
[17:43:08] 72 Mounts catched
[17:43:08] 3 Guild catched
[17:43:08] 2 GuildMembers catched
[17:43:08] 11 GatheringJob LevelInfos catched
[17:43:08] 233 InteractiveSkills LevelInfos catched
[17:43:22] 126 Handlers Readed
[17:43:23] 173 Messages Readed
[17:43:23] WorldServer start in 23330 ms.
[17:45:53] MySQL Database Connected
[17:45:53] 16 Breeds catched
[17:45:53] 256 Heads catched
[17:45:53] 561 Effects catched
[17:45:54] 4 SuperAreas catched
[17:45:54] 48 Areas catched
[17:45:55] 334 SubAreas catched
[17:45:55] 11267 DofusMaps catched
[17:45:55] 9761 StatedElements catched
[17:45:55] 13349 InteractiveElements catched
[17:45:55] 1485 HouseInformations catched
[17:45:55] 556 InteractiveDoors catched
[17:45:55] 3530 MapPositions uncatched
[17:45:55] 14681 MapPositions catched
[17:45:55] 42 MapZaaps catched
[17:45:55] 79 MapSubways catched
[17:45:56] 15228 SpellLevels catched 
[17:45:56] 4772 Spells catched 
[17:45:56] 316 GuildEmblems catched 
[17:45:56] 1179 LearnableSpells catched 
[17:45:56] 9780 ItemTemplates catched 
[17:45:56] 4489 Weapons catched 
[17:45:56] 363 ItemSets catched 
[17:45:56] 171 ItemTypes catched 
[17:45:56] 110 ItemPets catched 
[17:45:56] 2476 NpcTemplates catched 
[17:45:56] 787 NpcSpawns catched 
[17:45:56] 94 NpcItems catched 
[17:45:56] 19801 NpcMessages catched 
[17:45:56] 7 NpcReplies catched 
[17:45:56] 353 Triggers catched
[17:45:56] 1277 Paddocks catched
[17:45:56] 72 Mounts catched
[17:45:56] 3 Guild catched
[17:45:56] 2 GuildMembers catched
[17:45:56] 11 GatheringJob LevelInfos catched
[17:45:57] 233 InteractiveSkills LevelInfos catched
[17:45:57] 126 Handlers Readed
[17:45:58] 173 Messages Readed
[17:45:58] WorldServer start in 5197 ms.
[17:49:23] MySQL Database Connected
[17:49:23] 16 Breeds catched
[17:49:23] 256 Heads catched
[17:49:23] 561 Effects catched
[17:49:23] 4 SuperAreas catched
[17:49:23] 48 Areas catched
[17:49:24] 334 SubAreas catched
[17:49:25] 11267 DofusMaps catched
[17:49:25] 9761 StatedElements catched
[17:49:25] 13349 InteractiveElements catched
[17:49:25] 1485 HouseInformations catched
[17:49:25] 556 InteractiveDoors catched
[17:49:25] 3530 MapPositions uncatched
[17:49:25] 14681 MapPositions catched
[17:49:25] 42 MapZaaps catched
[17:49:25] 79 MapSubways catched
[17:49:25] 15228 SpellLevels catched 
[17:49:25] 4772 Spells catched 
[17:49:25] 316 GuildEmblems catched 
[17:49:25] 1179 LearnableSpells catched 
[17:49:26] 9780 ItemTemplates catched 
[17:49:26] 4489 Weapons catched 
[17:49:26] 363 ItemSets catched 
[17:49:26] 171 ItemTypes catched 
[17:49:26] 110 ItemPets catched 
[17:49:26] 2476 NpcTemplates catched 
[17:49:26] 787 NpcSpawns catched 
[17:49:26] 94 NpcItems catched 
[17:49:26] 19801 NpcMessages catched 
[17:49:26] 7 NpcReplies catched 
[17:49:26] 353 Triggers catched
[17:49:26] 1277 Paddocks catched
[17:49:26] 72 Mounts catched
[17:49:26] 3 Guild catched
[17:49:26] 2 GuildMembers catched
[17:49:26] 11 GatheringJob LevelInfos catched
[17:49:26] 233 InteractiveSkills LevelInfos catched
[17:49:27] 126 Handlers Readed
[17:49:27] 173 Messages Readed
[17:49:27] WorldServer start in 4904 ms.
[17:52:42] MySQL Database Connected
[17:52:42] 16 Breeds catched
[17:52:42] 256 Heads catched
[17:52:42] 561 Effects catched
[17:52:42] 4 SuperAreas catched
[17:52:42] 48 Areas catched
[17:52:43] 334 SubAreas catched
[17:52:44] 11267 DofusMaps catched
[17:52:44] 9761 StatedElements catched
[17:52:44] 13349 InteractiveElements catched
[17:52:44] 1485 HouseInformations catched
[17:52:44] 556 InteractiveDoors catched
[17:52:44] 3530 MapPositions uncatched
[17:52:44] 14681 MapPositions catched
[17:52:44] 42 MapZaaps catched
[17:52:44] 79 MapSubways catched
[17:52:44] 15228 SpellLevels catched 
[17:52:44] 4772 Spells catched 
[17:52:44] 316 GuildEmblems catched 
[17:52:44] 1179 LearnableSpells catched 
[17:52:45] 9780 ItemTemplates catched 
[17:52:45] 4489 Weapons catched 
[17:52:45] 363 ItemSets catched 
[17:52:45] 171 ItemTypes catched 
[17:52:45] 110 ItemPets catched 
[17:52:45] 2476 NpcTemplates catched 
[17:52:45] 787 NpcSpawns catched 
[17:52:45] 94 NpcItems catched 
[17:52:45] 19801 NpcMessages catched 
[17:52:45] 7 NpcReplies catched 
[17:52:45] 353 Triggers catched
[17:52:45] 1277 Paddocks catched
[17:52:45] 72 Mounts catched
[17:52:45] 3 Guild catched
[17:52:45] 2 GuildMembers catched
[17:52:45] 11 GatheringJob LevelInfos catched
[17:52:45] 233 InteractiveSkills LevelInfos catched
[17:52:46] 126 Handlers Readed
[17:52:46] 173 Messages Readed
[17:52:46] WorldServer start in 4813 ms.
[17:54:45] MySQL Database Connected
[17:54:45] 16 Breeds catched
[17:54:45] 256 Heads catched
[17:54:45] 561 Effects catched
[17:54:46] 4 SuperAreas catched
[17:54:46] 48 Areas catched
[17:54:47] 334 SubAreas catched
[17:54:47] 11267 DofusMaps catched
[17:54:47] 9761 StatedElements catched
[17:54:47] 13349 InteractiveElements catched
[17:54:47] 1485 HouseInformations catched
[17:54:47] 556 InteractiveDoors catched
[17:54:48] 3530 MapPositions uncatched
[17:54:48] 14681 MapPositions catched
[17:54:48] 42 MapZaaps catched
[17:54:48] 79 MapSubways catched
[17:54:48] 15228 SpellLevels catched 
[17:54:48] 4772 Spells catched 
[17:54:48] 316 GuildEmblems catched 
[17:54:48] 1179 LearnableSpells catched 
[17:54:48] 9780 ItemTemplates catched 
[17:54:48] 4489 Weapons catched 
[17:54:48] 363 ItemSets catched 
[17:54:48] 171 ItemTypes catched 
[17:54:48] 110 ItemPets catched 
[17:54:48] 2476 NpcTemplates catched 
[17:54:48] 787 NpcSpawns catched 
[17:54:48] 94 NpcItems catched 
[17:54:48] 19801 NpcMessages catched 
[17:54:48] 7 NpcReplies catched 
[17:54:48] 353 Triggers catched
[17:54:48] 1277 Paddocks catched
[17:54:48] 72 Mounts catched
[17:54:48] 3 Guild catched
[17:54:48] 2 GuildMembers catched
[17:54:49] 11 GatheringJob LevelInfos catched
[17:54:49] 233 InteractiveSkills LevelInfos catched
[17:54:49] 126 Handlers Readed
[17:54:50] 173 Messages Readed
[17:54:50] WorldServer start in 4877 ms.
[20:21:22] MySQL Database Connected
[20:21:22] 16 Breeds catched
[20:21:22] 256 Heads catched
[20:21:22] 561 Effects catched
[20:21:22] 4 SuperAreas catched
[20:21:22] 48 Areas catched
[20:21:23] 334 SubAreas catched
[20:21:24] 11267 DofusMaps catched
[20:21:24] 9761 StatedElements catched
[20:21:24] 13349 InteractiveElements catched
[20:21:24] 1485 HouseInformations catched
[20:21:24] 556 InteractiveDoors catched
[20:21:24] 3530 MapPositions uncatched
[20:21:24] 14681 MapPositions catched
[20:21:24] 42 MapZaaps catched
[20:21:24] 79 MapSubways catched
[20:21:24] 15228 SpellLevels catched 
[20:21:24] 4772 Spells catched 
[20:21:24] 316 GuildEmblems catched 
[20:21:24] 1179 LearnableSpells catched 
[20:21:24] 9780 ItemTemplates catched 
[20:21:25] 4489 Weapons catched 
[20:21:25] 363 ItemSets catched 
[20:21:25] 171 ItemTypes catched 
[20:21:25] 110 ItemPets catched 
[20:21:25] 2476 NpcTemplates catched 
[20:21:25] 787 NpcSpawns catched 
[20:21:25] 94 NpcItems catched 
[20:21:25] 19801 NpcMessages catched 
[20:21:25] 7 NpcReplies catched 
[20:21:25] 353 Triggers catched
[20:21:25] 1277 Paddocks catched
[20:21:25] 72 Mounts catched
[20:21:25] 3 Guild catched
[20:21:25] 2 GuildMembers catched
[20:21:25] 11 GatheringJob LevelInfos catched
[20:21:25] 233 InteractiveSkills LevelInfos catched
[20:21:26] 126 Handlers Readed
[20:21:26] 173 Messages Readed
[20:21:26] WorldServer start in 4554 ms.
[21:09:12] MySQL Database Connected
[21:09:12] 16 Breeds catched
[21:09:12] 256 Heads catched
[21:09:12] 561 Effects catched
[21:09:12] 4 SuperAreas catched
[21:09:12] 48 Areas catched
[21:09:13] 334 SubAreas catched
[21:09:14] 11267 DofusMaps catched
[21:09:14] 9761 StatedElements catched
[21:09:14] 13349 InteractiveElements catched
[21:09:14] 1485 HouseInformations catched
[21:09:14] 556 InteractiveDoors catched
[21:09:14] 3530 MapPositions uncatched
[21:09:14] 14681 MapPositions catched
[21:09:14] 42 MapZaaps catched
[21:09:14] 79 MapSubways catched
[21:09:14] 15228 SpellLevels catched 
[21:09:14] 4772 Spells catched 
[21:09:14] 316 GuildEmblems catched 
[21:09:14] 1179 LearnableSpells catched 
[21:09:14] 9780 ItemTemplates catched 
[21:09:14] 4489 Weapons catched 
[21:09:14] 363 ItemSets catched 
[21:09:14] 171 ItemTypes catched 
[21:09:14] 110 ItemPets catched 
[21:09:15] 2476 NpcTemplates catched 
[21:09:15] 787 NpcSpawns catched 
[21:09:15] 94 NpcItems catched 
[21:09:15] 19801 NpcMessages catched 
[21:09:15] 7 NpcReplies catched 
[21:09:15] 353 Triggers catched
[21:09:15] 1277 Paddocks catched
[21:09:15] 72 Mounts catched
[21:09:15] 3 Guild catched
[21:09:15] 2 GuildMembers catched
[21:09:15] 11 GatheringJob LevelInfos catched
[21:09:15] 233 InteractiveSkills LevelInfos catched
[21:09:15] 126 Handlers Readed
[21:09:16] 173 Messages Readed
[21:09:16] WorldServer start in 4734 ms.
[21:23:57] MySQL Database Connected
[21:23:57] 16 Breeds catched
[21:23:57] 256 Heads catched
[21:23:57] 561 Effects catched
[21:23:57] 4 SuperAreas catched
[21:23:57] 48 Areas catched
[21:23:58] 334 SubAreas catched
[21:23:59] 11267 DofusMaps catched
[21:23:59] 9761 StatedElements catched
[21:23:59] 13349 InteractiveElements catched
[21:23:59] 1485 HouseInformations catched
[21:23:59] 556 InteractiveDoors catched
[21:23:59] 3530 MapPositions uncatched
[21:23:59] 14681 MapPositions catched
[21:23:59] 42 MapZaaps catched
[21:23:59] 79 MapSubways catched
[21:23:59] 15228 SpellLevels catched 
[21:23:59] 4772 Spells catched 
[21:23:59] 316 GuildEmblems catched 
[21:23:59] 1179 LearnableSpells catched 
[21:24:00] 9780 ItemTemplates catched 
[21:24:00] 4489 Weapons catched 
[21:24:00] 363 ItemSets catched 
[21:24:00] 171 ItemTypes catched 
[21:24:00] 110 ItemPets catched 
[21:24:00] 2476 NpcTemplates catched 
[21:24:00] 787 NpcSpawns catched 
[21:24:00] 94 NpcItems catched 
[21:24:00] 19801 NpcMessages catched 
[21:24:00] 7 NpcReplies catched 
[21:24:00] 353 Triggers catched
[21:24:00] 1277 Paddocks catched
[21:24:00] 72 Mounts catched
[21:24:00] 3 Guild catched
[21:24:00] 2 GuildMembers catched
[21:24:00] 11 GatheringJob LevelInfos catched
[21:24:00] 233 InteractiveSkills LevelInfos catched
[21:24:01] 126 Handlers Readed
[21:24:01] 173 Messages Readed
[21:24:01] WorldServer start in 4716 ms.
[21:30:09] MySQL Database Connected
[21:30:09] 16 Breeds catched
[21:30:09] 256 Heads catched
[21:30:09] 561 Effects catched
[21:30:10] 4 SuperAreas catched
[21:30:10] 48 Areas catched
[21:30:11] 334 SubAreas catched
[21:30:11] 11267 DofusMaps catched
[21:30:11] 9761 StatedElements catched
[21:30:11] 13349 InteractiveElements catched
[21:30:11] 1485 HouseInformations catched
[21:30:11] 556 InteractiveDoors catched
[21:30:11] 3530 MapPositions uncatched
[21:30:11] 14681 MapPositions catched
[21:30:11] 42 MapZaaps catched
[21:30:11] 79 MapSubways catched
[21:30:12] 15228 SpellLevels catched 
[21:30:12] 4772 Spells catched 
[21:30:12] 316 GuildEmblems catched 
[21:30:12] 1179 LearnableSpells catched 
[21:30:12] 9780 ItemTemplates catched 
[21:30:12] 4489 Weapons catched 
[21:30:12] 363 ItemSets catched 
[21:30:12] 171 ItemTypes catched 
[21:30:12] 110 ItemPets catched 
[21:30:12] 2476 NpcTemplates catched 
[21:30:12] 787 NpcSpawns catched 
[21:30:12] 94 NpcItems catched 
[21:30:12] 19801 NpcMessages catched 
[21:30:12] 7 NpcReplies catched 
[21:30:12] 353 Triggers catched
[21:30:12] 1277 Paddocks catched
[21:30:12] 72 Mounts catched
[21:30:12] 3 Guild catched
[21:30:12] 2 GuildMembers catched
[21:30:12] 11 GatheringJob LevelInfos catched
[21:30:13] 233 InteractiveSkills LevelInfos catched
[21:30:13] 126 Handlers Readed
[21:30:14] 173 Messages Readed
[21:30:14] WorldServer start in 5039 ms.
[21:31:24] MySQL Database Connected
[21:31:24] 16 Breeds catched
[21:31:24] 256 Heads catched
[21:31:24] 561 Effects catched
[21:31:24] 4 SuperAreas catched
[21:31:24] 48 Areas catched
[21:31:25] 334 SubAreas catched
[21:31:26] 11267 DofusMaps catched
[21:31:26] 9761 StatedElements catched
[21:31:26] 13349 InteractiveElements catched
[21:31:26] 1485 HouseInformations catched
[21:31:26] 556 InteractiveDoors catched
[21:31:26] 3530 MapPositions uncatched
[21:31:26] 14681 MapPositions catched
[21:31:26] 42 MapZaaps catched
[21:31:26] 79 MapSubways catched
[21:31:26] 15228 SpellLevels catched 
[21:31:26] 4772 Spells catched 
[21:31:26] 316 GuildEmblems catched 
[21:31:26] 1179 LearnableSpells catched 
[21:31:26] 9780 ItemTemplates catched 
[21:31:27] 4489 Weapons catched 
[21:31:27] 363 ItemSets catched 
[21:31:27] 171 ItemTypes catched 
[21:31:27] 110 ItemPets catched 
[21:31:27] 2476 NpcTemplates catched 
[21:31:27] 787 NpcSpawns catched 
[21:31:27] 94 NpcItems catched 
[21:31:27] 19801 NpcMessages catched 
[21:31:27] 7 NpcReplies catched 
[21:31:27] 353 Triggers catched
[21:31:27] 1277 Paddocks catched
[21:31:27] 72 Mounts catched
[21:31:27] 3 Guild catched
[21:31:27] 2 GuildMembers catched
[21:31:27] 11 GatheringJob LevelInfos catched
[21:31:27] 233 InteractiveSkills LevelInfos catched
[21:31:28] 126 Handlers Readed
[21:31:28] 173 Messages Readed
[21:31:28] WorldServer start in 4698 ms.
