[13:30:17] MySQL Database Connected
[13:30:17] 16 Breeds catched
[13:30:17] 256 Heads catched
[13:30:17] 561 Effects catched
[13:30:19] 4 SuperAreas catched
[13:30:19] 48 Areas catched
[13:30:20] 334 SubAreas catched
[13:30:35] 11260 DofusMaps catched
[13:30:35] 9761 StatedElements catched
[13:30:36] 13349 InteractiveElements catched
[13:30:36] 1485 HouseInformations catched
[13:30:36] 555 InteractiveDoors catched
[13:30:36] 3614 MapPositions uncatched
[13:30:36] 14681 MapPositions catched
[13:30:36] 42 MapZaaps catched
[13:30:36] 79 MapSubways catched
[13:30:36] 15228 SpellLevels catched 
[13:30:36] 4772 Spells catched 
[13:30:36] 1179 LearnableSpells catched 
[13:30:37] 9780 ItemTemplates catched 
[13:30:37] 4489 Weapons catched 
[13:30:37] 363 ItemSets catched 
[13:30:37] 171 ItemTypes catched 
[13:30:37] 110 ItemPets catched 
[13:30:37] 2476 NpcTemplates catched 
[13:30:37] 787 NpcSpawns catched 
[13:30:37] 94 NpcItems catched 
[13:30:38] 19801 NpcMessages catched 
[13:30:38] 7 NpcReplies catched 
[13:30:38] 351 Triggers catched
[13:30:38] 1281 Paddocks catched
[13:30:38] 72 Mounts catched
[13:30:39] 96 Handlers Readed
[13:30:39] 125 Messages Readed
[13:30:39] WorldServer start in 23395 ms.
[13:32:19] MySQL Database Connected
[13:32:19] 16 Breeds catched
[13:32:19] 256 Heads catched
[13:32:19] 561 Effects catched
[13:32:20] 4 SuperAreas catched
[13:32:20] 48 Areas catched
[13:32:21] 334 SubAreas catched
[13:32:33] 11260 DofusMaps catched
[13:32:33] 9761 StatedElements catched
[13:32:33] 13349 InteractiveElements catched
[13:32:33] 1485 HouseInformations catched
[13:32:33] 555 InteractiveDoors catched
[13:32:33] 3614 MapPositions uncatched
[13:32:33] 14681 MapPositions catched
[13:32:33] 42 MapZaaps catched
[13:32:33] 79 MapSubways catched
[13:32:33] 15228 SpellLevels catched 
[13:32:34] 4772 Spells catched 
[13:32:34] 1179 LearnableSpells catched 
[13:32:34] 9780 ItemTemplates catched 
[13:32:34] 4489 Weapons catched 
[13:32:34] 363 ItemSets catched 
[13:32:34] 171 ItemTypes catched 
[13:32:34] 110 ItemPets catched 
[13:32:34] 2476 NpcTemplates catched 
[13:32:34] 787 NpcSpawns catched 
[13:32:34] 94 NpcItems catched 
[13:32:35] 19801 NpcMessages catched 
[13:32:35] 7 NpcReplies catched 
[13:32:35] 351 Triggers catched
[13:32:35] 1281 Paddocks catched
[13:32:35] 72 Mounts catched
[13:32:35] 96 Handlers Readed
[13:32:36] 125 Messages Readed
[13:32:36] WorldServer start in 16936 ms.
[13:36:38] MySQL Database Connected
[13:36:38] 16 Breeds catched
[13:36:38] 256 Heads catched
[13:36:38] 561 Effects catched
[13:36:38] 4 SuperAreas catched
[13:36:38] 48 Areas catched
[13:36:39] 334 SubAreas catched
[13:36:49] 11260 DofusMaps catched
[13:36:49] 9761 StatedElements catched
[13:36:49] 13349 InteractiveElements catched
[13:36:49] 1485 HouseInformations catched
[13:36:49] 555 InteractiveDoors catched
[13:36:50] 3614 MapPositions uncatched
[13:36:50] 14681 MapPositions catched
[13:36:50] 42 MapZaaps catched
[13:36:50] 79 MapSubways catched
[13:36:50] 15228 SpellLevels catched 
[13:36:50] 4772 Spells catched 
[13:36:50] 1179 LearnableSpells catched 
[13:36:53] 9780 ItemTemplates catched 
[13:36:54] 4489 Weapons catched 
[13:36:54] 363 ItemSets catched 
[13:36:54] 171 ItemTypes catched 
[13:36:54] 110 ItemPets catched 
[13:36:54] 2476 NpcTemplates catched 
[13:36:55] 787 NpcSpawns catched 
[13:36:55] 94 NpcItems catched 
[13:36:55] 19801 NpcMessages catched 
[13:36:55] 7 NpcReplies catched 
[13:36:55] 353 Triggers catched
[13:36:55] 1281 Paddocks catched
[13:36:55] 72 Mounts catched
[13:36:56] 96 Handlers Readed
[13:36:56] 125 Messages Readed
[13:36:56] WorldServer start in 18602 ms.
