[11:24:49] MySQL Database Connected
[11:24:49] 16 Breeds catched
[11:24:49] 256 Heads catched
[11:24:49] 561 Effects catched
[11:24:50] 4 SuperAreas catched
[11:24:50] 48 Areas catched
[11:24:52] 334 SubAreas catched
[11:25:02] 11260 DofusMaps catched
[11:25:03] 9761 StatedElements catched
[11:25:03] 13349 InteractiveElements catched
[11:25:03] 1485 HouseInformations catched
[11:25:03] 556 InteractiveDoors catched
[11:25:03] 3614 MapPositions uncatched
[11:25:03] 14681 MapPositions catched
[11:25:03] 42 MapZaaps catched
[11:25:03] 79 MapSubways catched
[11:25:03] 15228 SpellLevels catched 
[11:25:03] 4772 Spells catched 
[11:25:03] 316 GuildEmblems catched 
[11:25:03] 1179 LearnableSpells catched 
[11:25:04] 9780 ItemTemplates catched 
[11:25:04] 4489 Weapons catched 
[11:25:04] 363 ItemSets catched 
[11:25:04] 171 ItemTypes catched 
[11:25:04] 110 ItemPets catched 
[11:25:05] 2476 NpcTemplates catched 
[11:25:05] 787 NpcSpawns catched 
[11:25:05] 94 NpcItems catched 
[11:25:05] 19801 NpcMessages catched 
[11:25:05] 7 NpcReplies catched 
[11:25:06] 353 Triggers catched
[11:25:06] 1277 Paddocks catched
[11:25:06] 72 Mounts catched
[11:25:06] 4 Guild catched
[11:25:06] 3 GuildMembers catched
[11:25:09] 107 Handlers Readed
[11:25:15] 159 Messages Readed
[11:25:15] WorldServer start in 27130 ms.
[11:45:40] MySQL Database Connected
[11:45:40] 16 Breeds catched
[11:45:40] 256 Heads catched
[11:45:40] 561 Effects catched
[11:45:41] 4 SuperAreas catched
[11:45:41] 48 Areas catched
[11:45:41] 334 SubAreas catched
[11:45:50] 11260 DofusMaps catched
[11:45:50] 9761 StatedElements catched
[11:45:50] 13349 InteractiveElements catched
[11:45:50] 1485 HouseInformations catched
[11:45:50] 556 InteractiveDoors catched
[11:45:50] 3614 MapPositions uncatched
[11:45:50] 14681 MapPositions catched
[11:45:50] 42 MapZaaps catched
[11:45:50] 79 MapSubways catched
[11:45:50] 15228 SpellLevels catched 
[11:45:50] 4772 Spells catched 
[11:45:50] 316 GuildEmblems catched 
[11:45:50] 1179 LearnableSpells catched 
[11:45:51] 9780 ItemTemplates catched 
[11:45:51] 4489 Weapons catched 
[11:45:51] 363 ItemSets catched 
[11:45:51] 171 ItemTypes catched 
[11:45:51] 110 ItemPets catched 
[11:45:51] 2476 NpcTemplates catched 
[11:45:51] 787 NpcSpawns catched 
[11:45:51] 94 NpcItems catched 
[11:45:51] 19801 NpcMessages catched 
[11:45:51] 7 NpcReplies catched 
[11:45:52] 353 Triggers catched
[11:45:52] 1277 Paddocks catched
[11:45:52] 72 Mounts catched
[11:45:52] 4 Guild catched
[11:45:52] 3 GuildMembers catched
[11:45:52] 107 Handlers Readed
[11:45:53] 159 Messages Readed
[11:45:53] WorldServer start in 13346 ms.
[11:47:34] MySQL Database Connected
[11:47:34] 16 Breeds catched
[11:47:34] 256 Heads catched
[11:47:34] 561 Effects catched
[11:47:34] 4 SuperAreas catched
[11:47:34] 48 Areas catched
[11:47:35] 334 SubAreas catched
[11:47:43] 11260 DofusMaps catched
[11:47:43] 9761 StatedElements catched
[11:47:43] 13349 InteractiveElements catched
[11:47:43] 1485 HouseInformations catched
[11:47:43] 556 InteractiveDoors catched
[11:47:43] 3614 MapPositions uncatched
[11:47:43] 14681 MapPositions catched
[11:47:43] 42 MapZaaps catched
[11:47:43] 79 MapSubways catched
[11:47:44] 15228 SpellLevels catched 
[11:47:44] 4772 Spells catched 
[11:47:44] 316 GuildEmblems catched 
[11:47:44] 1179 LearnableSpells catched 
[11:47:44] 9780 ItemTemplates catched 
[11:47:44] 4489 Weapons catched 
[11:47:44] 363 ItemSets catched 
[11:47:44] 171 ItemTypes catched 
[11:47:44] 110 ItemPets catched 
[11:47:45] 2476 NpcTemplates catched 
[11:47:45] 787 NpcSpawns catched 
[11:47:45] 94 NpcItems catched 
[11:47:45] 19801 NpcMessages catched 
[11:47:45] 7 NpcReplies catched 
[11:47:45] 353 Triggers catched
[11:47:45] 1277 Paddocks catched
[11:47:45] 72 Mounts catched
[11:47:45] 4 Guild catched
[11:47:45] 3 GuildMembers catched
[11:47:46] 107 Handlers Readed
[11:47:46] 159 Messages Readed
[11:47:46] WorldServer start in 12912 ms.
[12:06:14] MySQL Database Connected
[12:06:15] 16 Breeds catched
[12:06:15] 256 Heads catched
[12:06:15] 561 Effects catched
[12:06:15] 4 SuperAreas catched
[12:06:15] 48 Areas catched
[12:06:16] 334 SubAreas catched
[12:06:24] 11260 DofusMaps catched
[12:06:24] 9761 StatedElements catched
[12:06:24] 13349 InteractiveElements catched
[12:06:24] 1485 HouseInformations catched
[12:06:24] 556 InteractiveDoors catched
[12:06:24] 3614 MapPositions uncatched
[12:06:24] 14681 MapPositions catched
[12:06:24] 42 MapZaaps catched
[12:06:24] 79 MapSubways catched
[12:06:24] 15228 SpellLevels catched 
[12:06:24] 4772 Spells catched 
[12:06:24] 316 GuildEmblems catched 
[12:06:24] 1179 LearnableSpells catched 
[12:06:25] 9780 ItemTemplates catched 
[12:06:25] 4489 Weapons catched 
[12:06:25] 363 ItemSets catched 
[12:06:25] 171 ItemTypes catched 
[12:06:25] 110 ItemPets catched 
[12:06:26] 2476 NpcTemplates catched 
[12:06:26] 787 NpcSpawns catched 
[12:06:26] 94 NpcItems catched 
[12:06:26] 19801 NpcMessages catched 
[12:06:26] 7 NpcReplies catched 
[12:06:26] 353 Triggers catched
[12:06:26] 1277 Paddocks catched
[12:06:26] 72 Mounts catched
[12:06:26] 4 Guild catched
[12:06:26] 3 GuildMembers catched
[12:06:26] 107 Handlers Readed
[12:06:27] 159 Messages Readed
[12:06:27] WorldServer start in 12871 ms.
[12:21:01] MySQL Database Connected
[12:21:02] 16 Breeds catched
[12:21:02] 256 Heads catched
[12:21:02] 561 Effects catched
[12:21:02] 4 SuperAreas catched
[12:21:02] 48 Areas catched
[12:21:03] 334 SubAreas catched
[12:21:10] 11260 DofusMaps catched
[12:21:10] 9761 StatedElements catched
[12:21:11] 13349 InteractiveElements catched
[12:21:11] 1485 HouseInformations catched
[12:21:11] 556 InteractiveDoors catched
[12:21:11] 3614 MapPositions uncatched
[12:21:11] 14681 MapPositions catched
[12:21:11] 42 MapZaaps catched
[12:21:11] 79 MapSubways catched
[12:21:11] 15228 SpellLevels catched 
[12:21:11] 4772 Spells catched 
[12:21:11] 316 GuildEmblems catched 
[12:21:11] 1179 LearnableSpells catched 
[12:21:11] 9780 ItemTemplates catched 
[12:21:12] 4489 Weapons catched 
[12:21:12] 363 ItemSets catched 
[12:21:12] 171 ItemTypes catched 
[12:21:12] 110 ItemPets catched 
[12:21:12] 2476 NpcTemplates catched 
[12:21:12] 787 NpcSpawns catched 
[12:21:12] 94 NpcItems catched 
[12:21:12] 19801 NpcMessages catched 
[12:21:12] 7 NpcReplies catched 
[12:21:13] 353 Triggers catched
[12:21:13] 1277 Paddocks catched
[12:21:13] 72 Mounts catched
[12:21:13] 4 Guild catched
[12:21:13] 3 GuildMembers catched
[12:21:13] 107 Handlers Readed
[12:21:14] 159 Messages Readed
[12:21:14] WorldServer start in 12718 ms.
[12:22:24] MySQL Database Connected
[12:22:24] 16 Breeds catched
[12:22:24] 256 Heads catched
[12:22:24] 561 Effects catched
[12:22:25] 4 SuperAreas catched
[12:22:25] 48 Areas catched
[12:22:26] 334 SubAreas catched
[12:22:34] 11260 DofusMaps catched
[12:22:34] 9761 StatedElements catched
[12:22:34] 13349 InteractiveElements catched
[12:22:34] 1485 HouseInformations catched
[12:22:34] 556 InteractiveDoors catched
[12:22:35] 3614 MapPositions uncatched
[12:22:35] 14681 MapPositions catched
[12:22:35] 42 MapZaaps catched
[12:22:35] 79 MapSubways catched
[12:22:35] 15228 SpellLevels catched 
[12:22:35] 4772 Spells catched 
[12:22:35] 316 GuildEmblems catched 
[12:22:35] 1179 LearnableSpells catched 
[12:22:35] 9780 ItemTemplates catched 
[12:22:35] 4489 Weapons catched 
[12:22:35] 363 ItemSets catched 
[12:22:35] 171 ItemTypes catched 
[12:22:35] 110 ItemPets catched 
[12:22:36] 2476 NpcTemplates catched 
[12:22:36] 787 NpcSpawns catched 
[12:22:36] 94 NpcItems catched 
[12:22:36] 19801 NpcMessages catched 
[12:22:36] 7 NpcReplies catched 
[12:22:36] 353 Triggers catched
[12:22:36] 1277 Paddocks catched
[12:22:36] 72 Mounts catched
[12:22:36] 4 Guild catched
[12:22:36] 3 GuildMembers catched
[12:22:37] 107 Handlers Readed
[12:22:37] 159 Messages Readed
[12:22:37] WorldServer start in 13348 ms.
[12:25:12] MySQL Database Connected
[12:25:12] 16 Breeds catched
[12:25:12] 256 Heads catched
[12:25:12] 561 Effects catched
[12:25:12] 4 SuperAreas catched
[12:25:12] 48 Areas catched
[12:25:13] 334 SubAreas catched
[12:25:22] 11260 DofusMaps catched
[12:25:22] 9761 StatedElements catched
[12:25:22] 13349 InteractiveElements catched
[12:25:22] 1485 HouseInformations catched
[12:25:22] 556 InteractiveDoors catched
[12:25:22] 3614 MapPositions uncatched
[12:25:22] 14681 MapPositions catched
[12:25:22] 42 MapZaaps catched
[12:25:22] 79 MapSubways catched
[12:25:22] 15228 SpellLevels catched 
[12:25:22] 4772 Spells catched 
[12:25:22] 316 GuildEmblems catched 
[12:25:22] 1179 LearnableSpells catched 
[12:25:23] 9780 ItemTemplates catched 
[12:25:23] 4489 Weapons catched 
[12:25:23] 363 ItemSets catched 
[12:25:23] 171 ItemTypes catched 
[12:25:23] 110 ItemPets catched 
[12:25:23] 2476 NpcTemplates catched 
[12:25:23] 787 NpcSpawns catched 
[12:25:23] 94 NpcItems catched 
[12:25:23] 19801 NpcMessages catched 
[12:25:23] 7 NpcReplies catched 
[12:25:24] 353 Triggers catched
[12:25:24] 1277 Paddocks catched
[12:25:24] 72 Mounts catched
[12:25:24] 4 Guild catched
[12:25:24] 3 GuildMembers catched
[12:25:24] 107 Handlers Readed
[12:25:25] 159 Messages Readed
[12:25:25] WorldServer start in 13359 ms.
[13:10:39] MySQL Database Connected
[13:10:39] 16 Breeds catched
[13:10:39] 256 Heads catched
[13:10:39] 561 Effects catched
[13:10:39] 4 SuperAreas catched
[13:10:39] 48 Areas catched
[13:10:40] 334 SubAreas catched
[13:10:48] 11260 DofusMaps catched
[13:10:48] 9761 StatedElements catched
[13:10:48] 13349 InteractiveElements catched
[13:10:48] 1485 HouseInformations catched
[13:10:48] 556 InteractiveDoors catched
[13:10:48] 3614 MapPositions uncatched
[13:10:48] 14681 MapPositions catched
[13:10:48] 42 MapZaaps catched
[13:10:48] 79 MapSubways catched
[13:10:48] 15228 SpellLevels catched 
[13:10:48] 4772 Spells catched 
[13:10:48] 316 GuildEmblems catched 
[13:10:48] 1179 LearnableSpells catched 
[13:10:49] 9780 ItemTemplates catched 
[13:10:49] 4489 Weapons catched 
[13:10:49] 363 ItemSets catched 
[13:10:49] 171 ItemTypes catched 
[13:10:49] 110 ItemPets catched 
[13:10:49] 2476 NpcTemplates catched 
[13:10:49] 787 NpcSpawns catched 
[13:10:49] 94 NpcItems catched 
[13:10:49] 19801 NpcMessages catched 
[13:10:49] 7 NpcReplies catched 
[13:10:50] 353 Triggers catched
[13:10:50] 1277 Paddocks catched
[13:10:50] 72 Mounts catched
[13:10:50] 4 Guild catched
[13:10:50] 3 GuildMembers catched
[13:10:51] 107 Handlers Readed
[13:10:51] 159 Messages Readed
[13:10:51] WorldServer start in 12630 ms.
[13:12:30] MySQL Database Connected
[13:12:30] 16 Breeds catched
[13:12:30] 256 Heads catched
[13:12:30] 561 Effects catched
[13:12:30] 4 SuperAreas catched
[13:12:30] 48 Areas catched
[13:12:31] 334 SubAreas catched
[13:12:39] 11260 DofusMaps catched
[13:12:39] 9761 StatedElements catched
[13:12:39] 13349 InteractiveElements catched
[13:12:39] 1485 HouseInformations catched
[13:12:39] 556 InteractiveDoors catched
[13:12:39] 3614 MapPositions uncatched
[13:12:39] 14681 MapPositions catched
[13:12:39] 42 MapZaaps catched
[13:12:39] 79 MapSubways catched
[13:12:39] 15228 SpellLevels catched 
[13:12:39] 4772 Spells catched 
[13:12:39] 316 GuildEmblems catched 
[13:12:39] 1179 LearnableSpells catched 
[13:12:40] 9780 ItemTemplates catched 
[13:12:40] 4489 Weapons catched 
[13:12:40] 363 ItemSets catched 
[13:12:40] 171 ItemTypes catched 
[13:12:40] 110 ItemPets catched 
[13:12:40] 2476 NpcTemplates catched 
[13:12:40] 787 NpcSpawns catched 
[13:12:40] 94 NpcItems catched 
[13:12:40] 19801 NpcMessages catched 
[13:12:40] 7 NpcReplies catched 
[13:12:41] 353 Triggers catched
[13:12:41] 1277 Paddocks catched
[13:12:41] 72 Mounts catched
[13:12:41] 4 Guild catched
[13:12:41] 3 GuildMembers catched
[13:12:41] 107 Handlers Readed
[13:12:42] 159 Messages Readed
[13:12:42] WorldServer start in 12038 ms.
[13:14:01] MySQL Database Connected
[13:14:02] 16 Breeds catched
[13:14:02] 256 Heads catched
[13:14:02] 561 Effects catched
[13:14:02] 4 SuperAreas catched
[13:14:02] 48 Areas catched
[13:14:03] 334 SubAreas catched
[13:14:21] 11260 DofusMaps catched
[13:14:21] 9761 StatedElements catched
[13:14:21] 13349 InteractiveElements catched
[13:14:21] 1485 HouseInformations catched
[13:14:21] 556 InteractiveDoors catched
[13:14:21] 3614 MapPositions uncatched
[13:14:21] 14681 MapPositions catched
[13:14:21] 42 MapZaaps catched
[13:14:21] 79 MapSubways catched
[13:14:22] 15228 SpellLevels catched 
[13:14:22] 4772 Spells catched 
[13:14:22] 316 GuildEmblems catched 
[13:14:22] 1179 LearnableSpells catched 
[13:14:22] 9780 ItemTemplates catched 
[13:14:22] 4489 Weapons catched 
[13:14:22] 363 ItemSets catched 
[13:14:22] 171 ItemTypes catched 
[13:14:22] 110 ItemPets catched 
[13:14:23] 2476 NpcTemplates catched 
[13:14:23] 787 NpcSpawns catched 
[13:14:23] 94 NpcItems catched 
[13:14:23] 19801 NpcMessages catched 
[13:14:23] 7 NpcReplies catched 
[13:14:23] 353 Triggers catched
[13:14:23] 1277 Paddocks catched
[13:14:23] 72 Mounts catched
[13:14:23] 4 Guild catched
[13:14:23] 3 GuildMembers catched
[13:14:24] 107 Handlers Readed
[13:14:24] 159 Messages Readed
[13:14:24] WorldServer start in 22977 ms.
[13:25:12] MySQL Database Connected
[13:25:12] 16 Breeds catched
[13:25:12] 256 Heads catched
[13:25:12] 561 Effects catched
[13:25:12] 4 SuperAreas catched
[13:25:12] 48 Areas catched
[13:25:13] 334 SubAreas catched
[13:25:21] 11260 DofusMaps catched
[13:25:21] 9761 StatedElements catched
[13:25:21] 13349 InteractiveElements catched
[13:25:22] 1485 HouseInformations catched
[13:25:22] 556 InteractiveDoors catched
[13:25:22] 3614 MapPositions uncatched
[13:25:22] 14681 MapPositions catched
[13:25:22] 42 MapZaaps catched
[13:25:22] 79 MapSubways catched
[13:25:22] 15228 SpellLevels catched 
[13:25:22] 4772 Spells catched 
[13:25:22] 316 GuildEmblems catched 
[13:25:22] 1179 LearnableSpells catched 
[13:25:22] 9780 ItemTemplates catched 
[13:25:22] 4489 Weapons catched 
[13:25:22] 363 ItemSets catched 
[13:25:22] 171 ItemTypes catched 
[13:25:23] 110 ItemPets catched 
[13:25:23] 2476 NpcTemplates catched 
[13:25:23] 787 NpcSpawns catched 
[13:25:23] 94 NpcItems catched 
[13:25:23] 19801 NpcMessages catched 
[13:25:23] 7 NpcReplies catched 
[13:25:23] 353 Triggers catched
[13:25:23] 1277 Paddocks catched
[13:25:23] 72 Mounts catched
[13:25:23] 4 Guild catched
[13:25:23] 3 GuildMembers catched
[13:25:24] 107 Handlers Readed
[13:25:24] 159 Messages Readed
[13:25:24] WorldServer start in 13146 ms.
[13:26:05] Packet not handled 704
[13:26:05] Packet not handled 704
[13:26:05] Packet not handled 704
[13:26:06] Packet not handled 704
[14:23:13] MySQL Database Connected
[14:23:13] 16 Breeds catched
[14:23:13] 256 Heads catched
[14:23:13] 561 Effects catched
[14:23:14] 4 SuperAreas catched
[14:23:14] 48 Areas catched
[14:23:15] 334 SubAreas catched
[14:23:22] 11260 DofusMaps catched
[14:23:22] 9761 StatedElements catched
[14:23:22] 13349 InteractiveElements catched
[14:23:22] 1485 HouseInformations catched
[14:23:22] 556 InteractiveDoors catched
[14:23:22] 3614 MapPositions uncatched
[14:23:22] 14681 MapPositions catched
[14:23:22] 42 MapZaaps catched
[14:23:22] 79 MapSubways catched
[14:23:22] 15228 SpellLevels catched 
[14:23:23] 4772 Spells catched 
[14:23:23] 316 GuildEmblems catched 
[14:23:23] 1179 LearnableSpells catched 
[14:23:23] 9780 ItemTemplates catched 
[14:23:23] 4489 Weapons catched 
[14:23:23] 363 ItemSets catched 
[14:23:23] 171 ItemTypes catched 
[14:23:23] 110 ItemPets catched 
[14:23:24] 2476 NpcTemplates catched 
[14:23:24] 787 NpcSpawns catched 
[14:23:24] 94 NpcItems catched 
[14:23:24] 19801 NpcMessages catched 
[14:23:24] 7 NpcReplies catched 
[14:23:24] 353 Triggers catched
[14:23:24] 1277 Paddocks catched
[14:23:24] 72 Mounts catched
[14:23:24] 4 Guild catched
[14:23:24] 3 GuildMembers catched
[14:23:24] 108 Handlers Readed
[14:23:25] 159 Messages Readed
[14:23:25] WorldServer start in 12337 ms.
[14:23:45] MySQL Database Connected
[14:23:45] 16 Breeds catched
[14:23:45] 256 Heads catched
[14:23:45] 561 Effects catched
[14:23:46] 4 SuperAreas catched
[14:23:46] 48 Areas catched
[14:23:47] 334 SubAreas catched
[14:23:54] 11260 DofusMaps catched
[14:23:54] 9761 StatedElements catched
[14:23:54] 13349 InteractiveElements catched
[14:23:54] 1485 HouseInformations catched
[14:23:54] 556 InteractiveDoors catched
[14:23:55] 3614 MapPositions uncatched
[14:23:55] 14681 MapPositions catched
[14:23:55] 42 MapZaaps catched
[14:23:55] 79 MapSubways catched
[14:23:55] 15228 SpellLevels catched 
[14:23:55] 4772 Spells catched 
[14:23:55] 316 GuildEmblems catched 
[14:23:55] 1179 LearnableSpells catched 
[14:23:55] 9780 ItemTemplates catched 
[14:23:55] 4489 Weapons catched 
[14:23:55] 363 ItemSets catched 
[14:23:55] 171 ItemTypes catched 
[14:23:55] 110 ItemPets catched 
[14:23:56] 2476 NpcTemplates catched 
[14:23:56] 787 NpcSpawns catched 
[14:23:56] 94 NpcItems catched 
[14:23:56] 19801 NpcMessages catched 
[14:23:56] 7 NpcReplies catched 
[14:23:56] 353 Triggers catched
[14:23:56] 1277 Paddocks catched
[14:23:56] 72 Mounts catched
[14:23:56] 4 Guild catched
[14:23:56] 3 GuildMembers catched
[14:23:57] 108 Handlers Readed
[14:23:57] 159 Messages Readed
[14:23:57] WorldServer start in 12321 ms.
[14:26:36] MySQL Database Connected
[14:26:36] 16 Breeds catched
[14:26:36] 256 Heads catched
[14:26:36] 561 Effects catched
[14:26:37] 4 SuperAreas catched
[14:26:37] 48 Areas catched
[14:26:38] 334 SubAreas catched
[14:26:45] 11260 DofusMaps catched
[14:26:45] 9761 StatedElements catched
[14:26:45] 13349 InteractiveElements catched
[14:26:45] 1485 HouseInformations catched
[14:26:45] 556 InteractiveDoors catched
[14:26:45] 3614 MapPositions uncatched
[14:26:45] 14681 MapPositions catched
[14:26:45] 42 MapZaaps catched
[14:26:45] 79 MapSubways catched
[14:26:46] 15228 SpellLevels catched 
[14:26:46] 4772 Spells catched 
[14:26:46] 316 GuildEmblems catched 
[14:26:46] 1179 LearnableSpells catched 
[14:26:46] 9780 ItemTemplates catched 
[14:26:46] 4489 Weapons catched 
[14:26:46] 363 ItemSets catched 
[14:26:46] 171 ItemTypes catched 
[14:26:46] 110 ItemPets catched 
[14:26:47] 2476 NpcTemplates catched 
[14:26:47] 787 NpcSpawns catched 
[14:26:47] 94 NpcItems catched 
[14:26:47] 19801 NpcMessages catched 
[14:26:47] 7 NpcReplies catched 
[14:26:47] 353 Triggers catched
[14:26:47] 1277 Paddocks catched
[14:26:47] 72 Mounts catched
[14:26:47] 4 Guild catched
[14:26:47] 3 GuildMembers catched
[14:26:48] 108 Handlers Readed
[14:26:48] 159 Messages Readed
[14:26:48] WorldServer start in 12539 ms.
[14:27:58] MySQL Database Connected
[14:27:58] 16 Breeds catched
[14:27:58] 256 Heads catched
[14:27:58] 561 Effects catched
[14:27:58] 4 SuperAreas catched
[14:27:58] 48 Areas catched
[14:27:59] 334 SubAreas catched
[14:28:08] 11260 DofusMaps catched
[14:28:08] 9761 StatedElements catched
[14:28:08] 13349 InteractiveElements catched
[14:28:08] 1485 HouseInformations catched
[14:28:08] 556 InteractiveDoors catched
[14:28:08] 3614 MapPositions uncatched
[14:28:08] 14681 MapPositions catched
[14:28:08] 42 MapZaaps catched
[14:28:08] 79 MapSubways catched
[14:28:08] 15228 SpellLevels catched 
[14:28:08] 4772 Spells catched 
[14:28:08] 316 GuildEmblems catched 
[14:28:08] 1179 LearnableSpells catched 
[14:28:08] 9780 ItemTemplates catched 
[14:28:09] 4489 Weapons catched 
[14:28:09] 363 ItemSets catched 
[14:28:09] 171 ItemTypes catched 
[14:28:09] 110 ItemPets catched 
[14:28:09] 2476 NpcTemplates catched 
[14:28:09] 787 NpcSpawns catched 
[14:28:09] 94 NpcItems catched 
[14:28:09] 19801 NpcMessages catched 
[14:28:09] 7 NpcReplies catched 
[14:28:09] 353 Triggers catched
[14:28:09] 1277 Paddocks catched
[14:28:10] 72 Mounts catched
[14:28:10] 4 Guild catched
[14:28:10] 3 GuildMembers catched
[14:28:10] 108 Handlers Readed
[14:28:11] 159 Messages Readed
[14:28:11] WorldServer start in 13167 ms.
[14:46:18] MySQL Database Connected
[14:46:19] 16 Breeds catched
[14:46:19] 256 Heads catched
[14:46:19] 561 Effects catched
[14:46:19] 4 SuperAreas catched
[14:46:19] 48 Areas catched
[14:46:21] 334 SubAreas catched
[14:47:01] 11260 DofusMaps catched
[14:47:01] 9761 StatedElements catched
[14:47:01] 13349 InteractiveElements catched
[14:47:01] 1485 HouseInformations catched
[14:47:01] 556 InteractiveDoors catched
[14:47:01] 3614 MapPositions uncatched
[14:47:01] 14681 MapPositions catched
[14:47:01] 42 MapZaaps catched
[14:47:01] 79 MapSubways catched
[14:47:02] 15228 SpellLevels catched 
[14:47:02] 4772 Spells catched 
[14:47:02] 316 GuildEmblems catched 
[14:47:02] 1179 LearnableSpells catched 
[14:47:02] 9780 ItemTemplates catched 
[14:47:02] 4489 Weapons catched 
[14:47:02] 363 ItemSets catched 
[14:47:02] 171 ItemTypes catched 
[14:47:02] 110 ItemPets catched 
[14:47:03] 2476 NpcTemplates catched 
[14:47:03] 787 NpcSpawns catched 
[14:47:03] 94 NpcItems catched 
[14:47:03] 19801 NpcMessages catched 
[14:47:03] 7 NpcReplies catched 
[14:47:03] 353 Triggers catched
[14:47:03] 1277 Paddocks catched
[14:47:03] 72 Mounts catched
[14:47:03] 4 Guild catched
[14:47:03] 3 GuildMembers catched
[14:47:04] 108 Handlers Readed
[14:47:04] 159 Messages Readed
[14:47:04] WorldServer start in 46231 ms.
[14:47:54] MySQL Database Connected
[14:47:54] 16 Breeds catched
[14:47:54] 256 Heads catched
[14:47:54] 561 Effects catched
[14:47:55] 4 SuperAreas catched
[14:47:55] 48 Areas catched
[14:47:56] 334 SubAreas catched
[14:47:59] MySQL Database Connected
[14:47:59] 16 Breeds catched
[14:47:59] 256 Heads catched
[14:47:59] 561 Effects catched
[14:48:00] 4 SuperAreas catched
[14:48:00] 48 Areas catched
[14:48:01] 334 SubAreas catched
[14:48:12] 11260 DofusMaps catched
[14:48:12] 9761 StatedElements catched
[14:48:12] 13349 InteractiveElements catched
[14:48:12] 1485 HouseInformations catched
[14:48:12] 556 InteractiveDoors catched
[14:48:12] 3614 MapPositions uncatched
[14:48:12] 14681 MapPositions catched
[14:48:12] 42 MapZaaps catched
[14:48:12] 79 MapSubways catched
[14:48:13] 15228 SpellLevels catched 
[14:48:13] 4772 Spells catched 
[14:48:13] 316 GuildEmblems catched 
[14:48:13] 1179 LearnableSpells catched 
[14:48:13] 9780 ItemTemplates catched 
[14:48:13] 4489 Weapons catched 
[14:48:13] 363 ItemSets catched 
[14:48:13] 171 ItemTypes catched 
[14:48:13] 110 ItemPets catched 
[14:48:14] 2476 NpcTemplates catched 
[14:48:14] 787 NpcSpawns catched 
[14:48:14] 94 NpcItems catched 
[14:48:14] 19801 NpcMessages catched 
[14:48:14] 7 NpcReplies catched 
[14:48:14] 353 Triggers catched
[14:48:15] 1277 Paddocks catched
[14:48:15] 72 Mounts catched
[14:48:15] 4 Guild catched
[14:48:15] 3 GuildMembers catched
[14:48:15] 108 Handlers Readed
[14:48:16] 159 Messages Readed
[14:48:16] WorldServer start in 16522 ms.
[14:50:05] MySQL Database Connected
[14:50:05] 16 Breeds catched
[14:50:05] 256 Heads catched
[14:50:05] 561 Effects catched
[14:50:06] 4 SuperAreas catched
[14:50:06] 48 Areas catched
[14:50:07] 334 SubAreas catched
[14:50:14] 11260 DofusMaps catched
[14:50:14] 9761 StatedElements catched
[14:50:14] 13349 InteractiveElements catched
[14:50:14] 1485 HouseInformations catched
[14:50:14] 556 InteractiveDoors catched
[14:50:15] 3614 MapPositions uncatched
[14:50:15] 14681 MapPositions catched
[14:50:15] 42 MapZaaps catched
[14:50:15] 79 MapSubways catched
[14:50:15] 15228 SpellLevels catched 
[14:50:15] 4772 Spells catched 
[14:50:15] 316 GuildEmblems catched 
[14:50:15] 1179 LearnableSpells catched 
[14:50:15] 9780 ItemTemplates catched 
[14:50:15] 4489 Weapons catched 
[14:50:15] 363 ItemSets catched 
[14:50:15] 171 ItemTypes catched 
[14:50:15] 110 ItemPets catched 
[14:50:16] 2476 NpcTemplates catched 
[14:50:16] 787 NpcSpawns catched 
[14:50:16] 94 NpcItems catched 
[14:50:16] 19801 NpcMessages catched 
[14:50:16] 7 NpcReplies catched 
[14:50:16] 353 Triggers catched
[14:50:16] 1277 Paddocks catched
[14:50:16] 72 Mounts catched
[14:50:16] 4 Guild catched
[14:50:16] 3 GuildMembers catched
[14:50:17] 108 Handlers Readed
[14:50:17] 159 Messages Readed
[14:50:17] WorldServer start in 12420 ms.
[15:08:46] MySQL Database Connected
[15:08:46] 16 Breeds catched
[15:08:46] 256 Heads catched
[15:08:46] 561 Effects catched
[15:08:46] 4 SuperAreas catched
[15:08:46] 48 Areas catched
[15:08:47] 334 SubAreas catched
[15:08:57] MySQL Database Connected
[15:08:57] 16 Breeds catched
[15:08:57] 256 Heads catched
[15:08:57] 561 Effects catched
[15:08:57] 4 SuperAreas catched
[15:08:57] 48 Areas catched
[15:08:58] 334 SubAreas catched
[15:09:06] 11260 DofusMaps catched
[15:09:06] 9761 StatedElements catched
[15:09:06] 13349 InteractiveElements catched
[15:09:06] 1485 HouseInformations catched
[15:09:06] 556 InteractiveDoors catched
[15:09:06] 3614 MapPositions uncatched
[15:09:06] 14681 MapPositions catched
[15:09:06] 42 MapZaaps catched
[15:09:06] 79 MapSubways catched
[15:09:06] 15228 SpellLevels catched 
[15:09:06] 4772 Spells catched 
[15:09:06] 316 GuildEmblems catched 
[15:09:06] 1179 LearnableSpells catched 
[15:09:07] 9780 ItemTemplates catched 
[15:09:07] 4489 Weapons catched 
[15:09:07] 363 ItemSets catched 
[15:09:07] 171 ItemTypes catched 
[15:09:07] 110 ItemPets catched 
[15:09:07] 2476 NpcTemplates catched 
[15:09:07] 787 NpcSpawns catched 
[15:09:07] 94 NpcItems catched 
[15:09:07] 19801 NpcMessages catched 
[15:09:07] 7 NpcReplies catched 
[15:09:08] 353 Triggers catched
[15:09:08] 1277 Paddocks catched
[15:09:08] 72 Mounts catched
[15:09:08] 4 Guild catched
[15:09:08] 3 GuildMembers catched
[15:09:08] 108 Handlers Readed
[15:09:09] 159 Messages Readed
[15:09:09] WorldServer start in 12560 ms.
[15:09:27] MySQL Database Connected
[15:09:27] 16 Breeds catched
[15:09:27] 256 Heads catched
[15:09:27] 561 Effects catched
[15:09:28] 4 SuperAreas catched
[15:09:28] 48 Areas catched
[15:09:29] 334 SubAreas catched
[15:09:36] 11260 DofusMaps catched
[15:09:36] 9761 StatedElements catched
[15:09:36] 13349 InteractiveElements catched
[15:09:36] 1485 HouseInformations catched
[15:09:36] 556 InteractiveDoors catched
[15:09:36] 3614 MapPositions uncatched
[15:09:36] 14681 MapPositions catched
[15:09:36] 42 MapZaaps catched
[15:09:36] 79 MapSubways catched
[15:09:37] 15228 SpellLevels catched 
[15:09:37] 4772 Spells catched 
[15:09:37] 316 GuildEmblems catched 
[15:09:37] 1179 LearnableSpells catched 
[15:09:37] 9780 ItemTemplates catched 
[15:09:37] 4489 Weapons catched 
[15:09:37] 363 ItemSets catched 
[15:09:37] 171 ItemTypes catched 
[15:09:37] 110 ItemPets catched 
[15:09:38] 2476 NpcTemplates catched 
[15:09:38] 787 NpcSpawns catched 
[15:09:38] 94 NpcItems catched 
[15:09:38] 19801 NpcMessages catched 
[15:09:38] 7 NpcReplies catched 
[15:09:38] 353 Triggers catched
[15:09:38] 1277 Paddocks catched
[15:09:38] 72 Mounts catched
[15:09:38] 4 Guild catched
[15:09:38] 3 GuildMembers catched
[15:09:38] 108 Handlers Readed
[15:09:39] 159 Messages Readed
[15:09:39] WorldServer start in 12218 ms.
[15:51:15] MySQL Database Connected
[15:51:15] 16 Breeds catched
[15:51:15] 256 Heads catched
[15:51:15] 561 Effects catched
[15:51:15] 4 SuperAreas catched
[15:51:15] 48 Areas catched
[15:51:16] 334 SubAreas catched
[15:51:23] 11260 DofusMaps catched
[15:51:23] 9761 StatedElements catched
[15:51:24] 13349 InteractiveElements catched
[15:51:24] 1485 HouseInformations catched
[15:51:24] 556 InteractiveDoors catched
[15:51:24] 3614 MapPositions uncatched
[15:51:24] 14681 MapPositions catched
[15:51:24] 42 MapZaaps catched
[15:51:24] 79 MapSubways catched
[15:51:24] 15228 SpellLevels catched 
[15:51:24] 4772 Spells catched 
[15:51:24] 316 GuildEmblems catched 
[15:51:24] 1179 LearnableSpells catched 
[15:51:24] 9780 ItemTemplates catched 
[15:51:24] 4489 Weapons catched 
[15:51:25] 363 ItemSets catched 
[15:51:25] 171 ItemTypes catched 
[15:51:25] 110 ItemPets catched 
[15:51:25] 2476 NpcTemplates catched 
[15:51:25] 787 NpcSpawns catched 
[15:51:25] 94 NpcItems catched 
[15:51:25] 19801 NpcMessages catched 
[15:51:25] 7 NpcReplies catched 
[15:51:25] 353 Triggers catched
[15:51:26] 1277 Paddocks catched
[15:51:26] 72 Mounts catched
[15:51:26] 4 Guild catched
[15:51:26] 3 GuildMembers catched
[15:51:26] 108 Handlers Readed
[15:51:27] 159 Messages Readed
[15:51:27] WorldServer start in 12075 ms.
[15:53:38] MySQL Database Connected
[15:53:38] 16 Breeds catched
[15:53:38] 256 Heads catched
[15:53:38] 561 Effects catched
[15:53:38] 4 SuperAreas catched
[15:53:38] 48 Areas catched
[15:53:39] 334 SubAreas catched
[15:53:46] 11260 DofusMaps catched
[15:53:46] 9761 StatedElements catched
[15:53:46] 13349 InteractiveElements catched
[15:53:46] 1485 HouseInformations catched
[15:53:46] 556 InteractiveDoors catched
[15:53:47] 3614 MapPositions uncatched
[15:53:47] 14681 MapPositions catched
[15:53:47] 42 MapZaaps catched
[15:53:47] 79 MapSubways catched
[15:53:47] 15228 SpellLevels catched 
[15:53:47] 4772 Spells catched 
[15:53:47] 316 GuildEmblems catched 
[15:53:47] 1179 LearnableSpells catched 
[15:53:47] 9780 ItemTemplates catched 
[15:53:47] 4489 Weapons catched 
[15:53:47] 363 ItemSets catched 
[15:53:47] 171 ItemTypes catched 
[15:53:47] 110 ItemPets catched 
[15:53:48] 2476 NpcTemplates catched 
[15:53:48] 787 NpcSpawns catched 
[15:53:48] 94 NpcItems catched 
[15:53:48] 19801 NpcMessages catched 
[15:53:48] 7 NpcReplies catched 
[15:53:48] 353 Triggers catched
[15:53:48] 1277 Paddocks catched
[15:53:48] 72 Mounts catched
[15:53:48] 4 Guild catched
[15:53:48] 3 GuildMembers catched
[15:53:49] 108 Handlers Readed
[15:53:49] 159 Messages Readed
[15:53:49] WorldServer start in 11946 ms.
[15:57:00] Packet not handled 701
[16:03:15] MySQL Database Connected
[16:03:15] 16 Breeds catched
[16:03:15] 256 Heads catched
[16:03:15] 561 Effects catched
[16:03:16] 4 SuperAreas catched
[16:03:16] 48 Areas catched
[16:03:17] 334 SubAreas catched
[16:03:24] 11260 DofusMaps catched
[16:03:24] 9761 StatedElements catched
[16:03:25] 13349 InteractiveElements catched
[16:03:25] 1485 HouseInformations catched
[16:03:25] 556 InteractiveDoors catched
[16:03:25] 3614 MapPositions uncatched
[16:03:25] 14681 MapPositions catched
[16:03:25] 42 MapZaaps catched
[16:03:25] 79 MapSubways catched
[16:03:25] 15228 SpellLevels catched 
[16:03:25] 4772 Spells catched 
[16:03:25] 316 GuildEmblems catched 
[16:03:25] 1179 LearnableSpells catched 
[16:03:25] 9780 ItemTemplates catched 
[16:03:26] 4489 Weapons catched 
[16:03:26] 363 ItemSets catched 
[16:03:26] 171 ItemTypes catched 
[16:03:26] 110 ItemPets catched 
[16:03:26] 2476 NpcTemplates catched 
[16:03:26] 787 NpcSpawns catched 
[16:03:26] 94 NpcItems catched 
[16:03:26] 19801 NpcMessages catched 
[16:03:26] 7 NpcReplies catched 
[16:03:26] 353 Triggers catched
[16:03:27] 1277 Paddocks catched
[16:03:27] 72 Mounts catched
[16:03:27] 4 Guild catched
[16:03:27] 3 GuildMembers catched
[16:03:27] 108 Handlers Readed
[16:03:28] 159 Messages Readed
[16:03:28] WorldServer start in 12668 ms.
[16:05:28] MySQL Database Connected
[16:05:28] 16 Breeds catched
[16:05:28] 256 Heads catched
[16:05:28] 561 Effects catched
[16:05:28] 4 SuperAreas catched
[16:05:28] 48 Areas catched
[16:05:29] 334 SubAreas catched
[16:05:37] 11260 DofusMaps catched
[16:05:37] 9761 StatedElements catched
[16:05:37] 13349 InteractiveElements catched
[16:05:37] 1485 HouseInformations catched
[16:05:38] 556 InteractiveDoors catched
[16:05:38] 3614 MapPositions uncatched
[16:05:38] 14681 MapPositions catched
[16:05:38] 42 MapZaaps catched
[16:05:38] 79 MapSubways catched
[16:05:38] 15228 SpellLevels catched 
[16:05:38] 4772 Spells catched 
[16:05:38] 316 GuildEmblems catched 
[16:05:38] 1179 LearnableSpells catched 
[16:05:38] 9780 ItemTemplates catched 
[16:05:38] 4489 Weapons catched 
[16:05:38] 363 ItemSets catched 
[16:05:38] 171 ItemTypes catched 
[16:05:39] 110 ItemPets catched 
[16:05:39] 2476 NpcTemplates catched 
[16:05:39] 787 NpcSpawns catched 
[16:05:39] 94 NpcItems catched 
[16:05:39] 19801 NpcMessages catched 
[16:05:39] 7 NpcReplies catched 
[16:05:39] 353 Triggers catched
[16:05:39] 1277 Paddocks catched
[16:05:40] 72 Mounts catched
[16:05:40] 4 Guild catched
[16:05:40] 3 GuildMembers catched
[16:05:40] 108 Handlers Readed
[16:05:41] 159 Messages Readed
[16:05:41] WorldServer start in 13242 ms.
[16:10:36] MySQL Database Connected
[16:10:36] 16 Breeds catched
[16:10:36] 256 Heads catched
[16:10:36] 561 Effects catched
[16:10:37] 4 SuperAreas catched
[16:10:37] 48 Areas catched
[16:10:38] 334 SubAreas catched
[16:10:45] 11260 DofusMaps catched
[16:10:45] 9761 StatedElements catched
[16:10:45] 13349 InteractiveElements catched
[16:10:45] 1485 HouseInformations catched
[16:10:45] 556 InteractiveDoors catched
[16:10:46] 3614 MapPositions uncatched
[16:10:46] 14681 MapPositions catched
[16:10:46] 42 MapZaaps catched
[16:10:46] 79 MapSubways catched
[16:10:46] 15228 SpellLevels catched 
[16:10:46] 4772 Spells catched 
[16:10:46] 316 GuildEmblems catched 
[16:10:46] 1179 LearnableSpells catched 
[16:10:46] 9780 ItemTemplates catched 
[16:10:47] 4489 Weapons catched 
[16:10:47] 363 ItemSets catched 
[16:10:47] 171 ItemTypes catched 
[16:10:47] 110 ItemPets catched 
[16:10:47] 2476 NpcTemplates catched 
[16:10:47] 787 NpcSpawns catched 
[16:10:47] 94 NpcItems catched 
[16:10:47] 19801 NpcMessages catched 
[16:10:47] 7 NpcReplies catched 
[16:10:48] 353 Triggers catched
[16:10:48] 1277 Paddocks catched
[16:10:48] 72 Mounts catched
[16:10:48] 4 Guild catched
[16:10:48] 3 GuildMembers catched
[16:10:48] 108 Handlers Readed
[16:10:49] 159 Messages Readed
[16:10:49] WorldServer start in 12726 ms.
[16:52:34] MySQL Database Connected
[16:52:34] 16 Breeds catched
[16:52:34] 256 Heads catched
[16:52:34] 561 Effects catched
[16:52:34] 4 SuperAreas catched
[16:52:34] 48 Areas catched
[16:52:35] 334 SubAreas catched
[16:52:43] 11260 DofusMaps catched
[16:52:43] 9761 StatedElements catched
[16:52:43] 13349 InteractiveElements catched
[16:52:43] 1485 HouseInformations catched
[16:52:43] 556 InteractiveDoors catched
[16:52:43] 3614 MapPositions uncatched
[16:52:43] 14681 MapPositions catched
[16:52:43] 42 MapZaaps catched
[16:52:43] 79 MapSubways catched
[16:52:43] 15228 SpellLevels catched 
[16:52:43] 4772 Spells catched 
[16:52:43] 316 GuildEmblems catched 
[16:52:43] 1179 LearnableSpells catched 
[16:52:43] 9780 ItemTemplates catched 
[16:52:44] 4489 Weapons catched 
[16:52:44] 363 ItemSets catched 
[16:52:44] 171 ItemTypes catched 
[16:52:44] 110 ItemPets catched 
[16:52:44] 2476 NpcTemplates catched 
[16:52:44] 787 NpcSpawns catched 
[16:52:44] 94 NpcItems catched 
[16:52:44] 19801 NpcMessages catched 
[16:52:44] 7 NpcReplies catched 
[16:52:45] 353 Triggers catched
[16:52:45] 1277 Paddocks catched
[16:52:45] 72 Mounts catched
[16:52:45] 4 Guild catched
[16:52:45] 3 GuildMembers catched
[16:52:45] 108 Handlers Readed
[16:52:46] 159 Messages Readed
[16:52:46] WorldServer start in 12761 ms.
[22:20:20] MySQL Database Connected
[22:20:20] 16 Breeds catched
[22:20:20] 256 Heads catched
[22:20:20] 561 Effects catched
[22:20:21] 4 SuperAreas catched
[22:20:21] 48 Areas catched
[22:20:22] 334 SubAreas catched
[22:20:30] 11260 DofusMaps catched
[22:20:30] 9761 StatedElements catched
[22:20:30] 13349 InteractiveElements catched
[22:20:30] 1485 HouseInformations catched
[22:20:30] 556 InteractiveDoors catched
[22:20:30] 3614 MapPositions uncatched
[22:20:30] 14681 MapPositions catched
[22:20:30] 42 MapZaaps catched
[22:20:30] 79 MapSubways catched
[22:20:30] 15228 SpellLevels catched 
[22:20:30] 4772 Spells catched 
[22:20:30] 316 GuildEmblems catched 
[22:20:30] 1179 LearnableSpells catched 
[22:20:30] 9780 ItemTemplates catched 
[22:20:31] 4489 Weapons catched 
[22:20:31] 363 ItemSets catched 
[22:20:31] 171 ItemTypes catched 
[22:20:31] 110 ItemPets catched 
[22:20:31] 2476 NpcTemplates catched 
[22:20:31] 787 NpcSpawns catched 
[22:20:31] 94 NpcItems catched 
[22:20:31] 19801 NpcMessages catched 
[22:20:31] 7 NpcReplies catched 
[22:20:32] 353 Triggers catched
[22:20:32] 1277 Paddocks catched
[22:20:32] 72 Mounts catched
[22:20:32] 4 Guild catched
[22:20:32] 3 GuildMembers catched
[22:20:32] 108 Handlers Readed
[22:20:33] 159 Messages Readed
[22:20:33] WorldServer start in 12873 ms.
[22:22:10] MySQL Database Connected
[22:22:10] 16 Breeds catched
[22:22:10] 256 Heads catched
[22:22:10] 561 Effects catched
[22:22:10] 4 SuperAreas catched
[22:22:10] 48 Areas catched
[22:22:11] 334 SubAreas catched
[22:22:19] 11260 DofusMaps catched
[22:22:19] 9761 StatedElements catched
[22:22:20] 13349 InteractiveElements catched
[22:22:20] 1485 HouseInformations catched
[22:22:20] 556 InteractiveDoors catched
[22:22:20] 3614 MapPositions uncatched
[22:22:20] 14681 MapPositions catched
[22:22:20] 42 MapZaaps catched
[22:22:20] 79 MapSubways catched
[22:22:21] 15228 SpellLevels catched 
[22:22:21] 4772 Spells catched 
[22:22:21] 316 GuildEmblems catched 
[22:22:21] 1179 LearnableSpells catched 
[22:22:21] 9780 ItemTemplates catched 
[22:22:22] 4489 Weapons catched 
[22:22:22] 363 ItemSets catched 
[22:22:22] 171 ItemTypes catched 
[22:22:22] 110 ItemPets catched 
[22:22:22] 2476 NpcTemplates catched 
[22:22:22] 787 NpcSpawns catched 
[22:22:22] 94 NpcItems catched 
[22:22:22] 19801 NpcMessages catched 
[22:22:22] 7 NpcReplies catched 
[22:22:23] 353 Triggers catched
[22:22:23] 1277 Paddocks catched
[22:22:23] 72 Mounts catched
[22:22:23] 4 Guild catched
[22:22:23] 3 GuildMembers catched
[22:22:23] 108 Handlers Readed
[22:22:24] 159 Messages Readed
[22:22:24] WorldServer start in 14425 ms.
[22:27:17] MySQL Database Connected
[22:27:17] 16 Breeds catched
[22:27:17] 256 Heads catched
[22:27:17] 561 Effects catched
[22:27:17] 4 SuperAreas catched
[22:27:17] 48 Areas catched
[22:27:18] 334 SubAreas catched
[22:27:26] 11260 DofusMaps catched
[22:27:26] 9761 StatedElements catched
[22:27:26] 13349 InteractiveElements catched
[22:27:26] 1485 HouseInformations catched
[22:27:26] 556 InteractiveDoors catched
[22:27:26] 3614 MapPositions uncatched
[22:27:26] 14681 MapPositions catched
[22:27:26] 42 MapZaaps catched
[22:27:26] 79 MapSubways catched
[22:27:27] 15228 SpellLevels catched 
[22:27:27] 4772 Spells catched 
[22:27:27] 316 GuildEmblems catched 
[22:27:27] 1179 LearnableSpells catched 
[22:27:27] 9780 ItemTemplates catched 
[22:27:27] 4489 Weapons catched 
[22:27:27] 363 ItemSets catched 
[22:27:27] 171 ItemTypes catched 
[22:27:27] 110 ItemPets catched 
[22:27:28] 2476 NpcTemplates catched 
[22:27:28] 787 NpcSpawns catched 
[22:27:28] 94 NpcItems catched 
[22:27:28] 19801 NpcMessages catched 
[22:27:28] 7 NpcReplies catched 
[22:27:28] 353 Triggers catched
[22:27:28] 1277 Paddocks catched
[22:27:28] 72 Mounts catched
[22:27:28] 4 Guild catched
[22:27:28] 3 GuildMembers catched
[22:27:29] 108 Handlers Readed
[22:27:29] 159 Messages Readed
[22:27:30] WorldServer start in 13330 ms.
[22:29:03] MySQL Database Connected
[22:29:03] 16 Breeds catched
[22:29:03] 256 Heads catched
[22:29:03] 561 Effects catched
[22:29:04] 4 SuperAreas catched
[22:29:04] 48 Areas catched
[22:29:05] 334 SubAreas catched
[22:29:12] 11260 DofusMaps catched
[22:29:12] 9761 StatedElements catched
[22:29:12] 13349 InteractiveElements catched
[22:29:12] 1485 HouseInformations catched
[22:29:12] 556 InteractiveDoors catched
[22:29:12] 3614 MapPositions uncatched
[22:29:12] 14681 MapPositions catched
[22:29:12] 42 MapZaaps catched
[22:29:12] 79 MapSubways catched
[22:29:13] 15228 SpellLevels catched 
[22:29:13] 4772 Spells catched 
[22:29:13] 316 GuildEmblems catched 
[22:29:13] 1179 LearnableSpells catched 
[22:29:13] 9780 ItemTemplates catched 
[22:29:13] 4489 Weapons catched 
[22:29:13] 363 ItemSets catched 
[22:29:13] 171 ItemTypes catched 
[22:29:13] 110 ItemPets catched 
[22:29:14] 2476 NpcTemplates catched 
[22:29:14] 787 NpcSpawns catched 
[22:29:14] 94 NpcItems catched 
[22:29:14] 19801 NpcMessages catched 
[22:29:14] 7 NpcReplies catched 
[22:29:14] 353 Triggers catched
[22:29:14] 1277 Paddocks catched
[22:29:14] 72 Mounts catched
[22:29:14] 4 Guild catched
[22:29:14] 3 GuildMembers catched
[22:29:15] 108 Handlers Readed
[22:29:15] 159 Messages Readed
[22:29:15] WorldServer start in 12292 ms.
