[15:32:22] MySQL Database Connected
[15:32:22] 16 Breeds catched
[15:32:22] 256 Heads catched
[15:32:22] 561 Effects catched
[15:32:22] 4 SuperAreas catched
[15:32:22] 48 Areas catched
[15:32:23] 334 SubAreas catched
[15:32:24] 11267 DofusMaps catched
[15:32:24] 9761 StatedElements catched
[15:32:24] 13349 InteractiveElements catched
[15:32:24] 1485 HouseInformations catched
[15:32:24] 556 InteractiveDoors catched
[15:32:24] 3530 MapPositions uncatched
[15:32:24] 14681 MapPositions catched
[15:32:24] 42 MapZaaps catched
[15:32:24] 79 MapSubways catched
[15:32:24] 15228 SpellLevels catched 
[15:32:24] 4772 Spells catched 
[15:32:25] 316 GuildEmblems catched 
[15:32:25] 1179 LearnableSpells catched 
[15:32:25] 9780 ItemTemplates catched 
[15:32:25] 4489 Weapons catched 
[15:32:25] 363 ItemSets catched 
[15:32:25] 171 ItemTypes catched 
[15:32:25] 110 ItemPets catched 
[15:32:25] 2476 NpcTemplates catched 
[15:32:25] 787 NpcSpawns catched 
[15:32:25] 94 NpcItems catched 
[15:32:25] 19801 NpcMessages catched 
[15:32:25] 7 NpcReplies catched 
[15:32:25] 353 Triggers catched
[15:32:25] 1277 Paddocks catched
[15:32:25] 72 Mounts catched
[15:32:25] 3 Guild catched
[15:32:25] 2 GuildMembers catched
[15:32:26] 11 GatheringJob LevelInfos catched
[15:32:26] 233 InteractiveSkills LevelInfos catched
[15:32:26] 126 Handlers Readed
[15:32:27] 173 Messages Readed
[15:32:27] WorldServer start in 5739 ms.
[15:37:01] MySQL Database Connected
[15:37:01] 16 Breeds catched
[15:37:01] 256 Heads catched
[15:37:01] 561 Effects catched
[15:37:02] 4 SuperAreas catched
[15:37:02] 48 Areas catched
[15:37:03] 334 SubAreas catched
[15:37:04] 11267 DofusMaps catched
[15:37:04] 9761 StatedElements catched
[15:37:04] 13349 InteractiveElements catched
[15:37:04] 1485 HouseInformations catched
[15:37:04] 556 InteractiveDoors catched
[15:37:04] 3530 MapPositions uncatched
[15:37:04] 14681 MapPositions catched
[15:37:04] 42 MapZaaps catched
[15:37:04] 79 MapSubways catched
[15:37:04] 15228 SpellLevels catched 
[15:37:04] 4772 Spells catched 
[15:37:04] 316 GuildEmblems catched 
[15:37:04] 1179 LearnableSpells catched 
[15:37:04] 9780 ItemTemplates catched 
[15:37:05] 4489 Weapons catched 
[15:37:05] 363 ItemSets catched 
[15:37:05] 171 ItemTypes catched 
[15:37:05] 110 ItemPets catched 
[15:37:05] 2476 NpcTemplates catched 
[15:37:05] 787 NpcSpawns catched 
[15:37:05] 94 NpcItems catched 
[15:37:05] 19801 NpcMessages catched 
[15:37:05] 7 NpcReplies catched 
[15:37:05] 353 Triggers catched
[15:37:05] 1277 Paddocks catched
[15:37:05] 72 Mounts catched
[15:37:05] 3 Guild catched
[15:37:05] 2 GuildMembers catched
[15:37:05] 11 GatheringJob LevelInfos catched
[15:37:05] 233 InteractiveSkills LevelInfos catched
[15:37:06] 126 Handlers Readed
[15:37:06] 173 Messages Readed
[15:37:06] WorldServer start in 5171 ms.
[15:39:56] MySQL Database Connected
[15:39:56] 16 Breeds catched
[15:39:56] 256 Heads catched
[15:39:56] 561 Effects catched
[15:39:57] 4 SuperAreas catched
[15:39:57] 48 Areas catched
[15:39:57] 334 SubAreas catched
[15:39:58] 11267 DofusMaps catched
[15:39:58] 9761 StatedElements catched
[15:39:58] 13349 InteractiveElements catched
[15:39:58] 1485 HouseInformations catched
[15:39:58] 556 InteractiveDoors catched
[15:39:58] 3530 MapPositions uncatched
[15:39:58] 14681 MapPositions catched
[15:39:58] 42 MapZaaps catched
[15:39:58] 79 MapSubways catched
[15:39:58] 15228 SpellLevels catched 
[15:39:58] 4772 Spells catched 
[15:39:58] 316 GuildEmblems catched 
[15:39:58] 1179 LearnableSpells catched 
[15:39:59] 9780 ItemTemplates catched 
[15:39:59] 4489 Weapons catched 
[15:39:59] 363 ItemSets catched 
[15:39:59] 171 ItemTypes catched 
[15:39:59] 110 ItemPets catched 
[15:39:59] 2476 NpcTemplates catched 
[15:39:59] 787 NpcSpawns catched 
[15:39:59] 94 NpcItems catched 
[15:39:59] 19801 NpcMessages catched 
[15:39:59] 7 NpcReplies catched 
[15:39:59] 353 Triggers catched
[15:39:59] 1277 Paddocks catched
[15:39:59] 72 Mounts catched
[15:39:59] 3 Guild catched
[15:39:59] 2 GuildMembers catched
[15:39:59] 11 GatheringJob LevelInfos catched
[15:39:59] 233 InteractiveSkills LevelInfos catched
[15:40:00] 126 Handlers Readed
[15:40:00] 173 Messages Readed
[15:40:00] WorldServer start in 4703 ms.
[15:41:06] MySQL Database Connected
[15:41:06] 16 Breeds catched
[15:41:06] 256 Heads catched
[15:41:06] 561 Effects catched
[15:41:07] 4 SuperAreas catched
[15:41:07] 48 Areas catched
[15:41:08] 334 SubAreas catched
[15:41:08] 11267 DofusMaps catched
[15:41:08] 9761 StatedElements catched
[15:41:09] 13349 InteractiveElements catched
[15:41:09] 1485 HouseInformations catched
[15:41:09] 556 InteractiveDoors catched
[15:41:09] 3530 MapPositions uncatched
[15:41:09] 14681 MapPositions catched
[15:41:09] 42 MapZaaps catched
[15:41:09] 79 MapSubways catched
[15:41:09] 15228 SpellLevels catched 
[15:41:09] 4772 Spells catched 
[15:41:09] 316 GuildEmblems catched 
[15:41:09] 1179 LearnableSpells catched 
[15:41:09] 9780 ItemTemplates catched 
[15:41:09] 4489 Weapons catched 
[15:41:09] 363 ItemSets catched 
[15:41:09] 171 ItemTypes catched 
[15:41:09] 110 ItemPets catched 
[15:41:10] 2476 NpcTemplates catched 
[15:41:10] 787 NpcSpawns catched 
[15:41:10] 94 NpcItems catched 
[15:41:10] 19801 NpcMessages catched 
[15:41:10] 7 NpcReplies catched 
[15:41:10] 353 Triggers catched
[15:41:10] 1277 Paddocks catched
[15:41:10] 72 Mounts catched
[15:41:10] 3 Guild catched
[15:41:10] 2 GuildMembers catched
[15:41:10] 11 GatheringJob LevelInfos catched
[15:41:10] 233 InteractiveSkills LevelInfos catched
[15:41:10] 126 Handlers Readed
[15:41:11] 173 Messages Readed
[15:41:11] WorldServer start in 4795 ms.
[15:58:51] MySQL Database Connected
[15:58:51] 16 Breeds catched
[15:58:51] 256 Heads catched
[15:58:51] 561 Effects catched
[15:58:52] 4 SuperAreas catched
[15:58:52] 48 Areas catched
[15:58:53] 334 SubAreas catched
[15:58:53] 11267 DofusMaps catched
[15:58:53] 9761 StatedElements catched
[15:58:53] 13349 InteractiveElements catched
[15:58:53] 1485 HouseInformations catched
[15:58:53] 556 InteractiveDoors catched
[15:58:54] 3530 MapPositions uncatched
[15:58:54] 14681 MapPositions catched
[15:58:54] 42 MapZaaps catched
[15:58:54] 79 MapSubways catched
[15:58:54] 15228 SpellLevels catched 
[15:58:54] 4772 Spells catched 
[15:58:54] 316 GuildEmblems catched 
[15:58:54] 1179 LearnableSpells catched 
[15:58:54] 9780 ItemTemplates catched 
[15:58:54] 4489 Weapons catched 
[15:58:54] 363 ItemSets catched 
[15:58:54] 171 ItemTypes catched 
[15:58:54] 110 ItemPets catched 
[15:58:54] 2476 NpcTemplates catched 
[15:58:54] 787 NpcSpawns catched 
[15:58:54] 94 NpcItems catched 
[15:58:54] 19801 NpcMessages catched 
[15:58:54] 7 NpcReplies catched 
[15:58:55] 353 Triggers catched
[15:58:55] 1277 Paddocks catched
[15:58:55] 72 Mounts catched
[15:58:55] 3 Guild catched
[15:58:55] 2 GuildMembers catched
[15:58:55] 11 GatheringJob LevelInfos catched
[15:58:55] 233 InteractiveSkills LevelInfos catched
[15:58:55] 126 Handlers Readed
[15:58:56] 173 Messages Readed
[15:58:56] WorldServer start in 4755 ms.
[20:37:59] MySQL Database Connected
[20:38:00] 16 Breeds catched
[20:38:00] 256 Heads catched
[20:38:00] 561 Effects catched
[20:38:00] 4 SuperAreas catched
[20:38:00] 48 Areas catched
[20:38:01] 334 SubAreas catched
[20:38:02] 11267 DofusMaps catched
[20:38:02] 9761 StatedElements catched
[20:38:02] 13349 InteractiveElements catched
[20:38:02] 1485 HouseInformations catched
[20:38:02] 556 InteractiveDoors catched
[20:38:02] 3530 MapPositions uncatched
[20:38:02] 14681 MapPositions catched
[20:38:02] 42 MapZaaps catched
[20:38:02] 79 MapSubways catched
[20:38:02] 15228 SpellLevels catched 
[20:38:02] 4772 Spells catched 
[20:38:02] 316 GuildEmblems catched 
[20:38:02] 1179 LearnableSpells catched 
[20:38:03] 9780 ItemTemplates catched 
[20:38:03] 4489 Weapons catched 
[20:38:03] 363 ItemSets catched 
[20:38:03] 171 ItemTypes catched 
[20:38:03] 110 ItemPets catched 
[20:38:03] 2476 NpcTemplates catched 
[20:38:03] 787 NpcSpawns catched 
[20:38:03] 94 NpcItems catched 
[20:38:03] 19801 NpcMessages catched 
[20:38:03] 7 NpcReplies catched 
[20:38:03] 353 Triggers catched
[20:38:03] 1277 Paddocks catched
[20:38:03] 72 Mounts catched
[20:38:03] 3 Guild catched
[20:38:03] 2 GuildMembers catched
[20:38:03] 11 GatheringJob LevelInfos catched
[20:38:03] 233 InteractiveSkills LevelInfos catched
[20:38:04] 126 Handlers Readed
[20:38:04] 173 Messages Readed
[20:38:05] WorldServer start in 5299 ms.
[20:38:49] MySQL Database Connected
[20:38:49] 16 Breeds catched
[20:38:49] 256 Heads catched
[20:38:49] 561 Effects catched
[20:38:49] 4 SuperAreas catched
[20:38:49] 48 Areas catched
[20:38:50] 334 SubAreas catched
[20:38:51] 11267 DofusMaps catched
[20:38:51] 9761 StatedElements catched
[20:38:51] 13349 InteractiveElements catched
[20:38:51] 1485 HouseInformations catched
[20:38:51] 556 InteractiveDoors catched
[20:38:51] 3530 MapPositions uncatched
[20:38:51] 14681 MapPositions catched
[20:38:51] 42 MapZaaps catched
[20:38:51] 79 MapSubways catched
[20:38:51] 15228 SpellLevels catched 
[20:38:52] 4772 Spells catched 
[20:38:52] 316 GuildEmblems catched 
[20:38:52] 1179 LearnableSpells catched 
[20:38:52] 9780 ItemTemplates catched 
[20:38:52] 4489 Weapons catched 
[20:38:52] 363 ItemSets catched 
[20:38:52] 171 ItemTypes catched 
[20:38:52] 110 ItemPets catched 
[20:38:52] 2476 NpcTemplates catched 
[20:38:52] 787 NpcSpawns catched 
[20:38:52] 94 NpcItems catched 
[20:38:52] 19801 NpcMessages catched 
[20:38:52] 7 NpcReplies catched 
[20:38:52] 353 Triggers catched
[20:38:52] 1277 Paddocks catched
[20:38:52] 72 Mounts catched
[20:38:52] 3 Guild catched
[20:38:52] 2 GuildMembers catched
[20:38:52] 11 GatheringJob LevelInfos catched
[20:38:53] 233 InteractiveSkills LevelInfos catched
[20:38:53] 126 Handlers Readed
[20:38:54] 173 Messages Readed
[20:38:54] WorldServer start in 5347 ms.
[20:40:46] MySQL Database Connected
[20:40:46] 16 Breeds catched
[20:40:46] 256 Heads catched
[20:40:46] 561 Effects catched
[20:40:47] 4 SuperAreas catched
[20:40:47] 48 Areas catched
[20:40:48] 334 SubAreas catched
[20:40:49] 11267 DofusMaps catched
[20:40:49] 9761 StatedElements catched
[20:40:49] 13349 InteractiveElements catched
[20:40:49] 1485 HouseInformations catched
[20:40:49] 556 InteractiveDoors catched
[20:40:49] 3530 MapPositions uncatched
[20:40:49] 14681 MapPositions catched
[20:40:49] 42 MapZaaps catched
[20:40:49] 79 MapSubways catched
[20:40:49] 15228 SpellLevels catched 
[20:40:49] 4772 Spells catched 
[20:40:49] 316 GuildEmblems catched 
[20:40:49] 1179 LearnableSpells catched 
[20:40:49] 9780 ItemTemplates catched 
[20:40:49] 4489 Weapons catched 
[20:40:49] 363 ItemSets catched 
[20:40:49] 171 ItemTypes catched 
[20:40:50] 110 ItemPets catched 
[20:40:50] 2476 NpcTemplates catched 
[20:40:50] 787 NpcSpawns catched 
[20:40:50] 94 NpcItems catched 
[20:40:50] 19801 NpcMessages catched 
[20:40:50] 7 NpcReplies catched 
[20:40:50] 353 Triggers catched
[20:40:50] 1277 Paddocks catched
[20:40:50] 72 Mounts catched
[20:40:50] 3 Guild catched
[20:40:50] 2 GuildMembers catched
[20:40:50] 11 GatheringJob LevelInfos catched
[20:40:50] 233 InteractiveSkills LevelInfos catched
[20:40:51] 126 Handlers Readed
[20:40:51] 173 Messages Readed
[20:40:51] WorldServer start in 5138 ms.
[22:06:00] MySQL Database Connected
[22:06:00] 16 Breeds catched
[22:06:00] 256 Heads catched
[22:06:00] 561 Effects catched
[22:06:01] 4 SuperAreas catched
[22:06:01] 48 Areas catched
[22:06:02] 334 SubAreas catched
[22:06:02] 11267 DofusMaps catched
[22:06:02] 9761 StatedElements catched
[22:06:02] 13349 InteractiveElements catched
[22:06:02] 1485 HouseInformations catched
[22:06:02] 556 InteractiveDoors catched
[22:06:02] 3530 MapPositions uncatched
[22:06:02] 14681 MapPositions catched
[22:06:02] 42 MapZaaps catched
[22:06:02] 79 MapSubways catched
[22:06:02] 15228 SpellLevels catched 
[22:06:03] 4772 Spells catched 
[22:06:03] 316 GuildEmblems catched 
[22:06:03] 1179 LearnableSpells catched 
[22:06:03] 9780 ItemTemplates catched 
[22:06:03] 4489 Weapons catched 
[22:06:03] 363 ItemSets catched 
[22:06:03] 171 ItemTypes catched 
[22:06:03] 110 ItemPets catched 
[22:06:03] 2476 NpcTemplates catched 
[22:06:03] 787 NpcSpawns catched 
[22:06:03] 94 NpcItems catched 
[22:06:03] 19801 NpcMessages catched 
[22:06:03] 7 NpcReplies catched 
[22:06:03] 353 Triggers catched
[22:06:03] 1277 Paddocks catched
[22:06:03] 72 Mounts catched
[22:06:03] 3 Guild catched
[22:06:03] 2 GuildMembers catched
[22:06:03] 11 GatheringJob LevelInfos catched
[22:06:04] 233 InteractiveSkills LevelInfos catched
[22:06:04] 126 Handlers Readed
[22:06:05] 173 Messages Readed
[22:06:05] WorldServer start in 4984 ms.
[22:07:02] MySQL Database Connected
[22:07:03] 16 Breeds catched
[22:07:03] 256 Heads catched
[22:07:03] 561 Effects catched
[22:07:03] 4 SuperAreas catched
[22:07:03] 48 Areas catched
[22:07:04] 334 SubAreas catched
[22:07:04] 11267 DofusMaps catched
[22:07:05] 9761 StatedElements catched
[22:07:05] 13349 InteractiveElements catched
[22:07:05] 1485 HouseInformations catched
[22:07:05] 556 InteractiveDoors catched
[22:07:05] 3530 MapPositions uncatched
[22:07:05] 14681 MapPositions catched
[22:07:05] 42 MapZaaps catched
[22:07:05] 79 MapSubways catched
[22:07:05] 15228 SpellLevels catched 
[22:07:05] 4772 Spells catched 
[22:07:05] 316 GuildEmblems catched 
[22:07:05] 1179 LearnableSpells catched 
[22:07:05] 9780 ItemTemplates catched 
[22:07:05] 4489 Weapons catched 
[22:07:05] 363 ItemSets catched 
[22:07:05] 171 ItemTypes catched 
[22:07:05] 110 ItemPets catched 
[22:07:06] 2476 NpcTemplates catched 
[22:07:06] 787 NpcSpawns catched 
[22:07:06] 94 NpcItems catched 
[22:07:06] 19801 NpcMessages catched 
[22:07:06] 7 NpcReplies catched 
[22:07:06] 353 Triggers catched
[22:07:06] 1277 Paddocks catched
[22:07:06] 72 Mounts catched
[22:07:06] 3 Guild catched
[22:07:06] 2 GuildMembers catched
[22:07:06] 11 GatheringJob LevelInfos catched
[22:07:06] 233 InteractiveSkills LevelInfos catched
[22:07:07] 126 Handlers Readed
[22:07:07] 173 Messages Readed
[22:07:07] WorldServer start in 5012 ms.
[22:15:23] MySQL Database Connected
[22:15:23] 16 Breeds catched
[22:15:23] 256 Heads catched
[22:15:23] 561 Effects catched
[22:15:24] 4 SuperAreas catched
[22:15:24] 48 Areas catched
[22:15:25] 334 SubAreas catched
[22:15:25] 11267 DofusMaps catched
[22:15:25] 9761 StatedElements catched
[22:15:26] 13349 InteractiveElements catched
[22:15:26] 1485 HouseInformations catched
[22:15:26] 556 InteractiveDoors catched
[22:15:26] 3530 MapPositions uncatched
[22:15:26] 14681 MapPositions catched
[22:15:26] 42 MapZaaps catched
[22:15:26] 79 MapSubways catched
[22:15:26] 15228 SpellLevels catched 
[22:15:26] 4772 Spells catched 
[22:15:26] 316 GuildEmblems catched 
[22:15:26] 1179 LearnableSpells catched 
[22:15:26] 9780 ItemTemplates catched 
[22:15:26] 4489 Weapons catched 
[22:15:26] 363 ItemSets catched 
[22:15:26] 171 ItemTypes catched 
[22:15:26] 110 ItemPets catched 
[22:15:26] 2476 NpcTemplates catched 
[22:15:26] 787 NpcSpawns catched 
[22:15:26] 94 NpcItems catched 
[22:15:27] 19801 NpcMessages catched 
[22:15:27] 7 NpcReplies catched 
[22:15:27] 353 Triggers catched
[22:15:27] 1277 Paddocks catched
[22:15:27] 72 Mounts catched
[22:15:27] 3 Guild catched
[22:15:27] 2 GuildMembers catched
[22:15:27] 11 GatheringJob LevelInfos catched
[22:15:27] 233 InteractiveSkills LevelInfos catched
[22:15:27] 126 Handlers Readed
[22:15:28] 173 Messages Readed
[22:15:28] WorldServer start in 5329 ms.
