[08:49:03] MySQL Database Connected
[08:49:03] 16 Breeds catched
[08:49:03] 256 Heads catched
[08:49:03] 561 Effects catched
[08:49:15] 11260 DofusMaps catched
[08:49:15] 454 StatedElements catched
[08:49:15] 802 InteractiveElements catched
[08:49:15] 74 HouseInformations catched
[08:49:15] 120 InteractiveDoors catched
[08:49:15] 3614 MapPositions uncatched
[08:49:15] 14681 MapPositions catched
[08:49:15] 42 MapZaaps catched
[08:49:15] 15228 SpellLevels catched 
[08:49:15] 4772 Spells catched 
[08:49:15] 1179 LearnableSpells catched 
[08:49:16] 9780 ItemTemplates catched 
[08:49:16] 4489 Weapons catched 
[08:49:16] 363 ItemSets catched 
[08:49:16] 171 ItemTypes catched 
[08:49:16] 110 ItemPets catched 
[08:49:16] 2476 NpcTemplates catched 
[08:49:16] 138 NpcSpawns catched 
[08:49:17] 50 NpcItems catched 
[08:49:17] 19801 NpcMessages catched 
[08:49:17] 7 NpcReplies catched 
[08:49:17] 18 Triggers catched
[08:49:17] 79 Handlers Readed
[08:49:18] 108 Messages Readed
[08:49:18] WorldServer start in 15475 ms.
[08:50:40] MySQL Database Connected
[08:50:40] 16 Breeds catched
[08:50:40] 256 Heads catched
[08:50:40] 561 Effects catched
[08:50:51] 11260 DofusMaps catched
[08:50:51] 454 StatedElements catched
[08:50:51] 802 InteractiveElements catched
[08:50:51] 74 HouseInformations catched
[08:50:51] 120 InteractiveDoors catched
[08:50:51] 3614 MapPositions uncatched
[08:50:51] 14681 MapPositions catched
[08:50:51] 42 MapZaaps catched
[08:50:52] 15228 SpellLevels catched 
[08:50:52] 4772 Spells catched 
[08:50:52] 1179 LearnableSpells catched 
[08:50:52] 9780 ItemTemplates catched 
[08:50:52] 4489 Weapons catched 
[08:50:52] 363 ItemSets catched 
[08:50:52] 171 ItemTypes catched 
[08:50:52] 110 ItemPets catched 
[08:50:52] 2476 NpcTemplates catched 
[08:50:52] 138 NpcSpawns catched 
[08:50:52] 50 NpcItems catched 
[08:50:52] 19801 NpcMessages catched 
[08:50:52] 7 NpcReplies catched 
[08:50:52] 18 Triggers catched
[08:50:53] 79 Handlers Readed
[08:50:53] 108 Messages Readed
[08:50:53] WorldServer start in 13439 ms.
[09:06:08] MySQL Database Connected
[09:06:08] 16 Breeds catched
[09:06:08] 256 Heads catched
[09:06:08] 561 Effects catched
[09:06:17] 11260 DofusMaps catched
[09:06:17] 454 StatedElements catched
[09:06:17] 802 InteractiveElements catched
[09:06:17] 74 HouseInformations catched
[09:06:17] 120 InteractiveDoors catched
[09:06:17] 3614 MapPositions uncatched
[09:06:17] 14681 MapPositions catched
[09:06:17] 42 MapZaaps catched
[09:06:18] 15228 SpellLevels catched 
[09:06:18] 4772 Spells catched 
[09:06:18] 1179 LearnableSpells catched 
[09:06:18] 9780 ItemTemplates catched 
[09:06:18] 4489 Weapons catched 
[09:06:18] 363 ItemSets catched 
[09:06:18] 171 ItemTypes catched 
[09:06:18] 110 ItemPets catched 
[09:06:19] 2476 NpcTemplates catched 
[09:06:19] 138 NpcSpawns catched 
[09:06:19] 50 NpcItems catched 
[09:06:19] 19801 NpcMessages catched 
[09:06:19] 7 NpcReplies catched 
[09:06:19] 18 Triggers catched
[09:06:19] 80 Handlers Readed
[09:06:19] 110 Messages Readed
[09:06:20] WorldServer start in 11835 ms.
[09:13:55] MySQL Database Connected
[09:13:55] 16 Breeds catched
[09:13:55] 256 Heads catched
[09:13:55] 561 Effects catched
[09:14:03] 11260 DofusMaps catched
[09:14:03] 454 StatedElements catched
[09:14:03] 802 InteractiveElements catched
[09:14:03] 74 HouseInformations catched
[09:14:03] 120 InteractiveDoors catched
[09:14:03] 3614 MapPositions uncatched
[09:14:03] 14681 MapPositions catched
[09:14:03] 42 MapZaaps catched
[09:14:03] 15228 SpellLevels catched 
[09:14:03] 4772 Spells catched 
[09:14:03] 1179 LearnableSpells catched 
[09:14:04] 9780 ItemTemplates catched 
[09:14:04] 4489 Weapons catched 
[09:14:04] 363 ItemSets catched 
[09:14:04] 171 ItemTypes catched 
[09:14:04] 110 ItemPets catched 
[09:14:04] 2476 NpcTemplates catched 
[09:14:04] 138 NpcSpawns catched 
[09:14:04] 50 NpcItems catched 
[09:14:04] 19801 NpcMessages catched 
[09:14:04] 7 NpcReplies catched 
[09:14:04] 18 Triggers catched
[09:14:05] 80 Handlers Readed
[09:14:05] 110 Messages Readed
[09:14:05] WorldServer start in 10710 ms.
[09:17:09] MySQL Database Connected
[09:17:09] 16 Breeds catched
[09:17:09] 256 Heads catched
[09:17:09] 561 Effects catched
[09:17:16] 11260 DofusMaps catched
[09:17:16] 454 StatedElements catched
[09:17:16] 802 InteractiveElements catched
[09:17:16] 74 HouseInformations catched
[09:17:16] 120 InteractiveDoors catched
[09:17:16] 3614 MapPositions uncatched
[09:17:16] 14681 MapPositions catched
[09:17:16] 42 MapZaaps catched
[09:17:17] 15228 SpellLevels catched 
[09:17:17] 4772 Spells catched 
[09:17:17] 1179 LearnableSpells catched 
[09:17:17] 9780 ItemTemplates catched 
[09:17:17] 4489 Weapons catched 
[09:17:17] 363 ItemSets catched 
[09:17:17] 171 ItemTypes catched 
[09:17:17] 110 ItemPets catched 
[09:17:17] 2476 NpcTemplates catched 
[09:17:17] 138 NpcSpawns catched 
[09:17:17] 50 NpcItems catched 
[09:17:17] 19801 NpcMessages catched 
[09:17:17] 7 NpcReplies catched 
[09:17:17] 18 Triggers catched
[09:17:18] 80 Handlers Readed
[09:17:18] 110 Messages Readed
[09:17:18] WorldServer start in 9828 ms.
[09:24:56] MySQL Database Connected
[09:24:56] 16 Breeds catched
[09:24:56] 256 Heads catched
[09:24:56] 561 Effects catched
[09:25:05] 11260 DofusMaps catched
[09:25:05] 454 StatedElements catched
[09:25:05] 802 InteractiveElements catched
[09:25:05] 74 HouseInformations catched
[09:25:05] 120 InteractiveDoors catched
[09:25:05] 3614 MapPositions uncatched
[09:25:05] 14681 MapPositions catched
[09:25:05] 42 MapZaaps catched
[09:25:05] 15228 SpellLevels catched 
[09:25:06] 4772 Spells catched 
[09:25:06] 1179 LearnableSpells catched 
[09:25:06] 9780 ItemTemplates catched 
[09:25:06] 4489 Weapons catched 
[09:25:06] 363 ItemSets catched 
[09:25:06] 171 ItemTypes catched 
[09:25:06] 110 ItemPets catched 
[09:25:06] 2476 NpcTemplates catched 
[09:25:06] 138 NpcSpawns catched 
[09:25:06] 50 NpcItems catched 
[09:25:06] 19801 NpcMessages catched 
[09:25:06] 7 NpcReplies catched 
[09:25:06] 18 Triggers catched
[09:25:07] 81 Handlers Readed
[09:25:07] 111 Messages Readed
[09:25:07] WorldServer start in 11042 ms.
[10:09:50] MySQL Database Connected
[10:09:51] 16 Breeds catched
[10:09:51] 256 Heads catched
[10:09:51] 561 Effects catched
[10:09:58] 11260 DofusMaps catched
[10:09:58] 454 StatedElements catched
[10:09:58] 802 InteractiveElements catched
[10:09:58] 74 HouseInformations catched
[10:09:58] 120 InteractiveDoors catched
[10:09:58] 3614 MapPositions uncatched
[10:09:58] 14681 MapPositions catched
[10:09:58] 42 MapZaaps catched
[10:09:59] 15228 SpellLevels catched 
[10:09:59] 4772 Spells catched 
[10:09:59] 1179 LearnableSpells catched 
[10:09:59] 9780 ItemTemplates catched 
[10:09:59] 4489 Weapons catched 
[10:09:59] 363 ItemSets catched 
[10:09:59] 171 ItemTypes catched 
[10:09:59] 110 ItemPets catched 
[10:09:59] 2476 NpcTemplates catched 
[10:09:59] 138 NpcSpawns catched 
[10:09:59] 50 NpcItems catched 
[10:09:59] 19801 NpcMessages catched 
[10:09:59] 7 NpcReplies catched 
[10:10:00] 18 Triggers catched
[10:10:00] 81 Handlers Readed
[10:10:00] 111 Messages Readed
[10:10:00] WorldServer start in 10204 ms.
[10:11:18] MySQL Database Connected
[10:11:19] 16 Breeds catched
[10:11:19] 256 Heads catched
[10:11:19] 561 Effects catched
[10:11:26] 11260 DofusMaps catched
[10:11:26] 454 StatedElements catched
[10:11:26] 802 InteractiveElements catched
[10:11:26] 74 HouseInformations catched
[10:11:26] 120 InteractiveDoors catched
[10:11:26] 3614 MapPositions uncatched
[10:11:26] 14681 MapPositions catched
[10:11:26] 42 MapZaaps catched
[10:11:26] 15228 SpellLevels catched 
[10:11:26] 4772 Spells catched 
[10:11:26] 1179 LearnableSpells catched 
[10:11:26] 9780 ItemTemplates catched 
[10:11:27] 4489 Weapons catched 
[10:11:27] 363 ItemSets catched 
[10:11:27] 171 ItemTypes catched 
[10:11:27] 110 ItemPets catched 
[10:11:27] 2476 NpcTemplates catched 
[10:11:27] 138 NpcSpawns catched 
[10:11:27] 50 NpcItems catched 
[10:11:27] 19801 NpcMessages catched 
[10:11:27] 7 NpcReplies catched 
[10:11:27] 18 Triggers catched
[10:11:27] 81 Handlers Readed
[10:11:28] 111 Messages Readed
[10:11:28] WorldServer start in 9751 ms.
[10:16:31] MySQL Database Connected
[10:16:31] 16 Breeds catched
[10:16:31] 256 Heads catched
[10:16:31] 561 Effects catched
[10:16:39] 11260 DofusMaps catched
[10:16:39] 454 StatedElements catched
[10:16:39] 802 InteractiveElements catched
[10:16:39] 74 HouseInformations catched
[10:16:39] 120 InteractiveDoors catched
[10:16:39] 3614 MapPositions uncatched
[10:16:39] 14681 MapPositions catched
[10:16:39] 42 MapZaaps catched
[10:16:40] 15228 SpellLevels catched 
[10:16:40] 4772 Spells catched 
[10:16:40] 1179 LearnableSpells catched 
[10:16:40] 9780 ItemTemplates catched 
[10:16:40] 4489 Weapons catched 
[10:16:40] 363 ItemSets catched 
[10:16:40] 171 ItemTypes catched 
[10:16:40] 110 ItemPets catched 
[10:16:41] 2476 NpcTemplates catched 
[10:16:41] 138 NpcSpawns catched 
[10:16:41] 50 NpcItems catched 
[10:16:41] 19801 NpcMessages catched 
[10:16:41] 7 NpcReplies catched 
[10:16:41] 18 Triggers catched
[10:16:41] 81 Handlers Readed
[10:16:41] 111 Messages Readed
[10:16:42] WorldServer start in 10667 ms.
[10:18:37] MySQL Database Connected
[10:18:37] 16 Breeds catched
[10:18:37] 256 Heads catched
[10:18:37] 561 Effects catched
[10:18:44] 11260 DofusMaps catched
[10:18:44] 454 StatedElements catched
[10:18:44] 802 InteractiveElements catched
[10:18:44] 74 HouseInformations catched
[10:18:44] 120 InteractiveDoors catched
[10:18:44] 3614 MapPositions uncatched
[10:18:44] 14681 MapPositions catched
[10:18:44] 42 MapZaaps catched
[10:18:45] 15228 SpellLevels catched 
[10:18:45] 4772 Spells catched 
[10:18:45] 1179 LearnableSpells catched 
[10:18:45] 9780 ItemTemplates catched 
[10:18:45] 4489 Weapons catched 
[10:18:45] 363 ItemSets catched 
[10:18:45] 171 ItemTypes catched 
[10:18:45] 110 ItemPets catched 
[10:18:45] 2476 NpcTemplates catched 
[10:18:45] 138 NpcSpawns catched 
[10:18:45] 50 NpcItems catched 
[10:18:45] 19801 NpcMessages catched 
[10:18:45] 7 NpcReplies catched 
[10:18:46] 18 Triggers catched
[10:18:46] 81 Handlers Readed
[10:18:46] 111 Messages Readed
[10:18:46] WorldServer start in 10016 ms.
[10:54:18] MySQL Database Connected
[10:54:18] 16 Breeds catched
[10:54:18] 256 Heads catched
[10:54:18] 561 Effects catched
[10:54:27] 11260 DofusMaps catched
[10:54:27] 454 StatedElements catched
[10:54:27] 802 InteractiveElements catched
[10:54:27] 74 HouseInformations catched
[10:54:27] 120 InteractiveDoors catched
[10:54:27] 3614 MapPositions uncatched
[10:54:27] 14681 MapPositions catched
[10:54:27] 42 MapZaaps catched
[10:54:27] 15228 SpellLevels catched 
[10:54:27] 4772 Spells catched 
[10:54:27] 1179 LearnableSpells catched 
[10:54:27] 9780 ItemTemplates catched 
[10:54:28] 4489 Weapons catched 
[10:54:28] 363 ItemSets catched 
[10:54:28] 171 ItemTypes catched 
[10:54:28] 110 ItemPets catched 
[10:54:28] 2476 NpcTemplates catched 
[10:54:28] 138 NpcSpawns catched 
[10:54:28] 50 NpcItems catched 
[10:54:28] 19801 NpcMessages catched 
[10:54:28] 7 NpcReplies catched 
[10:54:28] 18 Triggers catched
[10:54:29] 83 Handlers Readed
[10:54:29] 112 Messages Readed
[10:54:29] WorldServer start in 11203 ms.
[10:55:15] MySQL Database Connected
[10:55:15] 16 Breeds catched
[10:55:15] 256 Heads catched
[10:55:15] 561 Effects catched
[10:55:23] 11260 DofusMaps catched
[10:55:23] 454 StatedElements catched
[10:55:23] 802 InteractiveElements catched
[10:55:23] 74 HouseInformations catched
[10:55:23] 120 InteractiveDoors catched
[10:55:23] 3614 MapPositions uncatched
[10:55:23] 14681 MapPositions catched
[10:55:23] 42 MapZaaps catched
[10:55:23] 15228 SpellLevels catched 
[10:55:23] 4772 Spells catched 
[10:55:23] 1179 LearnableSpells catched 
[10:55:23] 9780 ItemTemplates catched 
[10:55:24] 4489 Weapons catched 
[10:55:24] 363 ItemSets catched 
[10:55:24] 171 ItemTypes catched 
[10:55:24] 110 ItemPets catched 
[10:55:24] 2476 NpcTemplates catched 
[10:55:24] 138 NpcSpawns catched 
[10:55:24] 50 NpcItems catched 
[10:55:24] 19801 NpcMessages catched 
[10:55:24] 7 NpcReplies catched 
[10:55:24] 18 Triggers catched
[10:55:24] 83 Handlers Readed
[10:55:25] 113 Messages Readed
[10:55:25] WorldServer start in 9931 ms.
[11:00:51] MySQL Database Connected
[11:00:51] 16 Breeds catched
[11:00:51] 256 Heads catched
[11:00:51] 561 Effects catched
[11:01:06] 11260 DofusMaps catched
[11:01:06] 454 StatedElements catched
[11:01:06] 802 InteractiveElements catched
[11:01:06] 74 HouseInformations catched
[11:01:06] 120 InteractiveDoors catched
[11:01:06] 3614 MapPositions uncatched
[11:01:06] 14681 MapPositions catched
[11:01:06] 42 MapZaaps catched
[11:01:06] 15228 SpellLevels catched 
[11:01:06] 4772 Spells catched 
[11:01:06] 1179 LearnableSpells catched 
[11:01:07] 9780 ItemTemplates catched 
[11:01:07] 4489 Weapons catched 
[11:01:07] 363 ItemSets catched 
[11:01:07] 171 ItemTypes catched 
[11:01:07] 110 ItemPets catched 
[11:01:07] 2476 NpcTemplates catched 
[11:01:07] 138 NpcSpawns catched 
[11:01:07] 50 NpcItems catched 
[11:01:07] 19801 NpcMessages catched 
[11:01:07] 7 NpcReplies catched 
[11:01:07] 18 Triggers catched
[11:01:08] 83 Handlers Readed
[11:01:08] 113 Messages Readed
[11:01:08] WorldServer start in 17701 ms.
[11:03:23] MySQL Database Connected
[11:03:23] 16 Breeds catched
[11:03:23] 256 Heads catched
[11:03:23] 561 Effects catched
[11:03:31] 11260 DofusMaps catched
[11:03:31] 454 StatedElements catched
[11:03:31] 802 InteractiveElements catched
[11:03:31] 74 HouseInformations catched
[11:03:31] 120 InteractiveDoors catched
[11:03:31] 3614 MapPositions uncatched
[11:03:31] 14681 MapPositions catched
[11:03:31] 42 MapZaaps catched
[11:03:31] 15228 SpellLevels catched 
[11:03:31] 4772 Spells catched 
[11:03:31] 1179 LearnableSpells catched 
[11:03:32] 9780 ItemTemplates catched 
[11:03:32] 4489 Weapons catched 
[11:03:32] 363 ItemSets catched 
[11:03:32] 171 ItemTypes catched 
[11:03:32] 110 ItemPets catched 
[11:03:32] 2476 NpcTemplates catched 
[11:03:32] 138 NpcSpawns catched 
[11:03:32] 50 NpcItems catched 
[11:03:32] 19801 NpcMessages catched 
[11:03:32] 7 NpcReplies catched 
[11:03:32] 18 Triggers catched
[11:03:33] 83 Handlers Readed
[11:03:33] 113 Messages Readed
[11:03:33] WorldServer start in 10637 ms.
[11:04:56] MySQL Database Connected
[11:04:56] 16 Breeds catched
[11:04:56] 256 Heads catched
[11:04:56] 561 Effects catched
[11:05:03] 11260 DofusMaps catched
[11:05:03] 454 StatedElements catched
[11:05:03] 802 InteractiveElements catched
[11:05:03] 74 HouseInformations catched
[11:05:03] 120 InteractiveDoors catched
[11:05:04] 3614 MapPositions uncatched
[11:05:04] 14681 MapPositions catched
[11:05:04] 42 MapZaaps catched
[11:05:04] 15228 SpellLevels catched 
[11:05:04] 4772 Spells catched 
[11:05:04] 1179 LearnableSpells catched 
[11:05:04] 9780 ItemTemplates catched 
[11:05:04] 4489 Weapons catched 
[11:05:04] 363 ItemSets catched 
[11:05:04] 171 ItemTypes catched 
[11:05:04] 110 ItemPets catched 
[11:05:05] 2476 NpcTemplates catched 
[11:05:05] 138 NpcSpawns catched 
[11:05:05] 50 NpcItems catched 
[11:05:05] 19801 NpcMessages catched 
[11:05:05] 7 NpcReplies catched 
[11:05:05] 18 Triggers catched
[11:05:05] 83 Handlers Readed
[11:05:06] 113 Messages Readed
[11:05:06] WorldServer start in 10499 ms.
[11:05:15] MySQL Database Connected
[11:05:15] 16 Breeds catched
[11:05:15] 256 Heads catched
[11:05:15] 561 Effects catched
[11:05:23] 11260 DofusMaps catched
[11:05:23] 454 StatedElements catched
[11:05:23] 802 InteractiveElements catched
[11:05:23] 74 HouseInformations catched
[11:05:23] 120 InteractiveDoors catched
[11:05:23] 3614 MapPositions uncatched
[11:05:23] 14681 MapPositions catched
[11:05:23] 42 MapZaaps catched
[11:05:23] 15228 SpellLevels catched 
[11:05:23] 4772 Spells catched 
[11:05:23] 1179 LearnableSpells catched 
[11:05:24] 9780 ItemTemplates catched 
[11:05:24] 4489 Weapons catched 
[11:05:24] 363 ItemSets catched 
[11:05:24] 171 ItemTypes catched 
[11:05:24] 110 ItemPets catched 
[11:05:24] 2476 NpcTemplates catched 
[11:05:24] 138 NpcSpawns catched 
[11:05:24] 50 NpcItems catched 
[11:05:24] 19801 NpcMessages catched 
[11:05:24] 7 NpcReplies catched 
[11:05:24] 18 Triggers catched
[11:05:25] 83 Handlers Readed
[11:05:25] 113 Messages Readed
[11:05:25] WorldServer start in 10217 ms.
[11:12:10] MySQL Database Connected
[11:12:10] 16 Breeds catched
[11:12:10] 256 Heads catched
[11:12:10] 561 Effects catched
[11:12:18] 11260 DofusMaps catched
[11:12:18] 454 StatedElements catched
[11:12:18] 802 InteractiveElements catched
[11:12:18] 74 HouseInformations catched
[11:12:18] 120 InteractiveDoors catched
[11:12:18] 3614 MapPositions uncatched
[11:12:18] 14681 MapPositions catched
[11:12:18] 42 MapZaaps catched
[11:12:18] 15228 SpellLevels catched 
[11:12:18] 4772 Spells catched 
[11:12:18] 1179 LearnableSpells catched 
[11:12:19] 9780 ItemTemplates catched 
[11:12:19] 4489 Weapons catched 
[11:12:19] 363 ItemSets catched 
[11:12:19] 171 ItemTypes catched 
[11:12:19] 110 ItemPets catched 
[11:12:19] 2476 NpcTemplates catched 
[11:12:19] 138 NpcSpawns catched 
[11:12:19] 50 NpcItems catched 
[11:12:19] 19801 NpcMessages catched 
[11:12:19] 7 NpcReplies catched 
[11:12:19] 18 Triggers catched
[11:12:20] 83 Handlers Readed
[11:12:20] 113 Messages Readed
[11:12:20] WorldServer start in 10580 ms.
[11:24:01] MySQL Database Connected
[11:24:01] 16 Breeds catched
[11:24:01] 256 Heads catched
[11:24:01] 561 Effects catched
[11:24:09] 11260 DofusMaps catched
[11:24:09] 454 StatedElements catched
[11:24:09] 802 InteractiveElements catched
[11:24:09] 74 HouseInformations catched
[11:24:09] 120 InteractiveDoors catched
[11:24:09] 3614 MapPositions uncatched
[11:24:09] 14681 MapPositions catched
[11:24:09] 42 MapZaaps catched
[11:24:09] 15228 SpellLevels catched 
[11:24:09] 4772 Spells catched 
[11:24:09] 1179 LearnableSpells catched 
[11:24:10] 9780 ItemTemplates catched 
[11:24:10] 4489 Weapons catched 
[11:24:10] 363 ItemSets catched 
[11:24:10] 171 ItemTypes catched 
[11:24:10] 110 ItemPets catched 
[11:24:10] 2476 NpcTemplates catched 
[11:24:10] 138 NpcSpawns catched 
[11:24:10] 50 NpcItems catched 
[11:24:10] 19801 NpcMessages catched 
[11:24:10] 7 NpcReplies catched 
[11:24:10] 18 Triggers catched
[11:24:11] 83 Handlers Readed
[11:24:11] 113 Messages Readed
[11:24:11] WorldServer start in 10670 ms.
[11:26:47] Packet not handled 6240
[11:28:29] Packet not handled 6246
[11:35:12] MySQL Database Connected
[11:35:12] 16 Breeds catched
[11:35:12] 256 Heads catched
[11:35:12] 561 Effects catched
[11:35:22] 11260 DofusMaps catched
[11:35:22] 454 StatedElements catched
[11:35:22] 802 InteractiveElements catched
[11:35:22] 74 HouseInformations catched
[11:35:22] 120 InteractiveDoors catched
[11:35:22] 3614 MapPositions uncatched
[11:35:22] 14681 MapPositions catched
[11:35:22] 42 MapZaaps catched
[11:35:23] 15228 SpellLevels catched 
[11:35:23] 4772 Spells catched 
[11:35:23] 1179 LearnableSpells catched 
[11:35:23] 9780 ItemTemplates catched 
[11:35:23] 4489 Weapons catched 
[11:35:23] 363 ItemSets catched 
[11:35:23] 171 ItemTypes catched 
[11:35:23] 110 ItemPets catched 
[11:35:23] 2476 NpcTemplates catched 
[11:35:23] 138 NpcSpawns catched 
[11:35:23] 50 NpcItems catched 
[11:35:23] 19801 NpcMessages catched 
[11:35:23] 7 NpcReplies catched 
[11:35:23] 18 Triggers catched
[11:35:24] 84 Handlers Readed
[11:35:24] 114 Messages Readed
[11:35:24] WorldServer start in 12542 ms.
[11:35:35] Packet not handled 6363
[11:36:34] MySQL Database Connected
[11:36:34] 16 Breeds catched
[11:36:34] 256 Heads catched
[11:36:34] 561 Effects catched
[11:36:43] 11260 DofusMaps catched
[11:36:43] 454 StatedElements catched
[11:36:43] 802 InteractiveElements catched
[11:36:43] 74 HouseInformations catched
[11:36:43] 120 InteractiveDoors catched
[11:36:43] 3614 MapPositions uncatched
[11:36:43] 14681 MapPositions catched
[11:36:43] 42 MapZaaps catched
[11:36:43] 15228 SpellLevels catched 
[11:36:44] 4772 Spells catched 
[11:36:44] 1179 LearnableSpells catched 
[11:36:45] 9780 ItemTemplates catched 
[11:36:46] 4489 Weapons catched 
[11:36:46] 363 ItemSets catched 
[11:36:46] 171 ItemTypes catched 
[11:36:46] 110 ItemPets catched 
[11:36:47] 2476 NpcTemplates catched 
[11:36:47] 138 NpcSpawns catched 
[11:36:47] 50 NpcItems catched 
[11:36:47] 19801 NpcMessages catched 
[11:36:47] 7 NpcReplies catched 
[11:36:47] 18 Triggers catched
[11:36:47] 84 Handlers Readed
[11:36:48] 114 Messages Readed
[11:36:48] WorldServer start in 13758 ms.
[11:37:02] Packet not handled 6363
[11:37:38] MySQL Database Connected
[11:37:38] 16 Breeds catched
[11:37:38] 256 Heads catched
[11:37:38] 561 Effects catched
[11:37:47] 11260 DofusMaps catched
[11:37:47] 454 StatedElements catched
[11:37:47] 802 InteractiveElements catched
[11:37:47] 74 HouseInformations catched
[11:37:47] 120 InteractiveDoors catched
[11:37:47] 3614 MapPositions uncatched
[11:37:47] 14681 MapPositions catched
[11:37:47] 42 MapZaaps catched
[11:37:48] 15228 SpellLevels catched 
[11:37:48] 4772 Spells catched 
[11:37:48] 1179 LearnableSpells catched 
[11:37:48] 9780 ItemTemplates catched 
[11:37:48] 4489 Weapons catched 
[11:37:48] 363 ItemSets catched 
[11:37:48] 171 ItemTypes catched 
[11:37:48] 110 ItemPets catched 
[11:37:48] 2476 NpcTemplates catched 
[11:37:48] 138 NpcSpawns catched 
[11:37:48] 50 NpcItems catched 
[11:37:49] 19801 NpcMessages catched 
[11:37:49] 7 NpcReplies catched 
[11:37:49] 18 Triggers catched
[11:37:49] 85 Handlers Readed
[11:37:49] 114 Messages Readed
[11:37:49] WorldServer start in 12129 ms.
[19:41:31] MySQL Database Connected
[19:41:31] 16 Breeds catched
[19:41:31] 256 Heads catched
[19:41:31] 561 Effects catched
[19:41:40] 11260 DofusMaps catched
[19:41:40] 454 StatedElements catched
[19:41:40] 802 InteractiveElements catched
[19:41:40] 74 HouseInformations catched
[19:41:40] 120 InteractiveDoors catched
[19:41:40] 3614 MapPositions uncatched
[19:41:40] 14681 MapPositions catched
[19:41:40] 42 MapZaaps catched
[19:41:41] 15228 SpellLevels catched 
[19:41:41] 4772 Spells catched 
[19:41:41] 1179 LearnableSpells catched 
[19:41:41] 9780 ItemTemplates catched 
[19:41:41] 4489 Weapons catched 
[19:41:41] 363 ItemSets catched 
[19:41:41] 171 ItemTypes catched 
[19:41:41] 110 ItemPets catched 
[19:41:41] 2476 NpcTemplates catched 
[19:41:41] 138 NpcSpawns catched 
[19:41:41] 50 NpcItems catched 
[19:41:41] 19801 NpcMessages catched 
[19:41:42] 7 NpcReplies catched 
[19:41:42] 18 Triggers catched
[19:41:42] 85 Handlers Readed
[19:41:43] 114 Messages Readed
[19:41:43] WorldServer start in 12394 ms.
[19:47:42] MySQL Database Connected
[19:47:42] 16 Breeds catched
[19:47:42] 256 Heads catched
[19:47:42] 561 Effects catched
[19:47:49] 11260 DofusMaps catched
[19:47:49] 454 StatedElements catched
[19:47:50] 802 InteractiveElements catched
[19:47:50] 74 HouseInformations catched
[19:47:50] 120 InteractiveDoors catched
[19:47:50] 3614 MapPositions uncatched
[19:47:50] 14681 MapPositions catched
[19:47:50] 42 MapZaaps catched
[19:47:50] 15228 SpellLevels catched 
[19:47:50] 4772 Spells catched 
[19:47:50] 1179 LearnableSpells catched 
[19:47:50] 9780 ItemTemplates catched 
[19:47:51] 4489 Weapons catched 
[19:47:51] 363 ItemSets catched 
[19:47:51] 171 ItemTypes catched 
[19:47:51] 110 ItemPets catched 
[19:47:51] 2476 NpcTemplates catched 
[19:47:51] 138 NpcSpawns catched 
[19:47:51] 50 NpcItems catched 
[19:47:51] 19801 NpcMessages catched 
[19:47:51] 7 NpcReplies catched 
[19:47:51] 18 Triggers catched
[19:47:51] 85 Handlers Readed
[19:47:52] 114 Messages Readed
[19:47:52] WorldServer start in 10636 ms.
[20:17:08] MySQL Database Connected
[20:17:08] 16 Breeds catched
[20:17:08] 256 Heads catched
[20:17:08] 561 Effects catched
[20:17:16] 11260 DofusMaps catched
[20:17:16] 454 StatedElements catched
[20:17:16] 802 InteractiveElements catched
[20:17:16] 74 HouseInformations catched
[20:17:16] 120 InteractiveDoors catched
[20:17:17] 3614 MapPositions uncatched
[20:17:17] 14681 MapPositions catched
[20:17:17] 42 MapZaaps catched
[20:17:17] 15228 SpellLevels catched 
[20:17:17] 4772 Spells catched 
[20:17:17] 1179 LearnableSpells catched 
[20:17:17] 9780 ItemTemplates catched 
[20:17:17] 4489 Weapons catched 
[20:17:17] 363 ItemSets catched 
[20:17:17] 171 ItemTypes catched 
[20:17:17] 110 ItemPets catched 
[20:17:18] 2476 NpcTemplates catched 
[20:17:18] 138 NpcSpawns catched 
[20:17:18] 50 NpcItems catched 
[20:17:18] 19801 NpcMessages catched 
[20:17:18] 7 NpcReplies catched 
[20:17:18] 18 Triggers catched
[20:17:18] 86 Handlers Readed
[20:17:19] 116 Messages Readed
[20:17:19] WorldServer start in 10678 ms.
[20:20:53] MySQL Database Connected
[20:20:53] 16 Breeds catched
[20:20:53] 256 Heads catched
[20:20:53] 561 Effects catched
[20:21:02] 11260 DofusMaps catched
[20:21:02] 454 StatedElements catched
[20:21:02] 802 InteractiveElements catched
[20:21:02] 74 HouseInformations catched
[20:21:02] 120 InteractiveDoors catched
[20:21:02] 3614 MapPositions uncatched
[20:21:02] 14681 MapPositions catched
[20:21:02] 42 MapZaaps catched
[20:21:02] 15228 SpellLevels catched 
[20:21:02] 4772 Spells catched 
[20:21:02] 1179 LearnableSpells catched 
[20:21:03] 9780 ItemTemplates catched 
[20:21:03] 4489 Weapons catched 
[20:21:03] 363 ItemSets catched 
[20:21:03] 171 ItemTypes catched 
[20:21:03] 110 ItemPets catched 
[20:21:03] 2476 NpcTemplates catched 
[20:21:03] 138 NpcSpawns catched 
[20:21:03] 50 NpcItems catched 
[20:21:03] 19801 NpcMessages catched 
[20:21:03] 7 NpcReplies catched 
[20:21:03] 18 Triggers catched
[20:21:04] 86 Handlers Readed
[20:21:04] 116 Messages Readed
[20:21:04] WorldServer start in 11239 ms.
[20:22:42] MySQL Database Connected
[20:22:42] 16 Breeds catched
[20:22:42] 256 Heads catched
[20:22:42] 561 Effects catched
[20:22:49] 11260 DofusMaps catched
[20:22:49] 454 StatedElements catched
[20:22:49] 802 InteractiveElements catched
[20:22:49] 74 HouseInformations catched
[20:22:49] 120 InteractiveDoors catched
[20:22:49] 3614 MapPositions uncatched
[20:22:49] 14681 MapPositions catched
[20:22:49] 42 MapZaaps catched
[20:22:50] 15228 SpellLevels catched 
[20:22:50] 4772 Spells catched 
[20:22:50] 1179 LearnableSpells catched 
[20:22:50] 9780 ItemTemplates catched 
[20:22:50] 4489 Weapons catched 
[20:22:50] 363 ItemSets catched 
[20:22:50] 171 ItemTypes catched 
[20:22:50] 110 ItemPets catched 
[20:22:50] 2476 NpcTemplates catched 
[20:22:50] 138 NpcSpawns catched 
[20:22:50] 50 NpcItems catched 
[20:22:51] 19801 NpcMessages catched 
[20:22:51] 7 NpcReplies catched 
[20:22:51] 18 Triggers catched
[20:22:51] 86 Handlers Readed
[20:22:51] 116 Messages Readed
[20:22:52] WorldServer start in 10046 ms.
[20:23:07] MySQL Database Connected
[20:23:07] 16 Breeds catched
[20:23:07] 256 Heads catched
[20:23:07] 561 Effects catched
[20:23:15] 11260 DofusMaps catched
[20:23:15] 454 StatedElements catched
[20:23:15] 802 InteractiveElements catched
[20:23:15] 74 HouseInformations catched
[20:23:15] 120 InteractiveDoors catched
[20:23:15] 3614 MapPositions uncatched
[20:23:15] 14681 MapPositions catched
[20:23:15] 42 MapZaaps catched
[20:23:16] 15228 SpellLevels catched 
[20:23:16] 4772 Spells catched 
[20:23:16] 1179 LearnableSpells catched 
[20:23:16] 9780 ItemTemplates catched 
[20:23:16] 4489 Weapons catched 
[20:23:16] 363 ItemSets catched 
[20:23:16] 171 ItemTypes catched 
[20:23:16] 110 ItemPets catched 
[20:23:17] 2476 NpcTemplates catched 
[20:23:17] 138 NpcSpawns catched 
[20:23:17] 50 NpcItems catched 
[20:23:17] 19801 NpcMessages catched 
[20:23:17] 7 NpcReplies catched 
[20:23:17] 18 Triggers catched
[20:23:17] 86 Handlers Readed
[20:23:17] 116 Messages Readed
[20:23:18] WorldServer start in 10504 ms.
[20:24:23] MySQL Database Connected
[20:24:23] 16 Breeds catched
[20:24:23] 256 Heads catched
[20:24:23] 561 Effects catched
[20:24:30] 11260 DofusMaps catched
[20:24:30] 454 StatedElements catched
[20:24:30] 802 InteractiveElements catched
[20:24:30] 74 HouseInformations catched
[20:24:30] 120 InteractiveDoors catched
[20:24:30] 3614 MapPositions uncatched
[20:24:30] 14681 MapPositions catched
[20:24:30] 42 MapZaaps catched
[20:24:31] 15228 SpellLevels catched 
[20:24:31] 4772 Spells catched 
[20:24:31] 1179 LearnableSpells catched 
[20:24:31] 9780 ItemTemplates catched 
[20:24:31] 4489 Weapons catched 
[20:24:31] 363 ItemSets catched 
[20:24:31] 171 ItemTypes catched 
[20:24:31] 110 ItemPets catched 
[20:24:31] 2476 NpcTemplates catched 
[20:24:31] 138 NpcSpawns catched 
[20:24:31] 50 NpcItems catched 
[20:24:31] 19801 NpcMessages catched 
[20:24:31] 7 NpcReplies catched 
[20:24:32] 18 Triggers catched
[20:24:32] 86 Handlers Readed
[20:24:32] 116 Messages Readed
[20:24:32] WorldServer start in 10154 ms.
[20:25:26] MySQL Database Connected
[20:25:26] 16 Breeds catched
[20:25:26] 256 Heads catched
[20:25:26] 561 Effects catched
[20:25:35] 11260 DofusMaps catched
[20:25:35] 454 StatedElements catched
[20:25:35] 802 InteractiveElements catched
[20:25:35] 74 HouseInformations catched
[20:25:35] 120 InteractiveDoors catched
[20:25:35] 3614 MapPositions uncatched
[20:25:35] 14681 MapPositions catched
[20:25:35] 42 MapZaaps catched
[20:25:36] 15228 SpellLevels catched 
[20:25:36] 4772 Spells catched 
[20:25:36] 1179 LearnableSpells catched 
[20:25:36] 9780 ItemTemplates catched 
[20:25:36] 4489 Weapons catched 
[20:25:36] 363 ItemSets catched 
[20:25:36] 171 ItemTypes catched 
[20:25:36] 110 ItemPets catched 
[20:25:36] 2476 NpcTemplates catched 
[20:25:36] 138 NpcSpawns catched 
[20:25:36] 50 NpcItems catched 
[20:25:36] 19801 NpcMessages catched 
[20:25:36] 7 NpcReplies catched 
[20:25:36] 18 Triggers catched
[20:25:37] 86 Handlers Readed
[20:25:37] 116 Messages Readed
[20:25:37] WorldServer start in 11239 ms.
[20:26:33] MySQL Database Connected
[20:26:33] 16 Breeds catched
[20:26:33] 256 Heads catched
[20:26:33] 561 Effects catched
[20:26:41] 11260 DofusMaps catched
[20:26:41] 454 StatedElements catched
[20:26:41] 802 InteractiveElements catched
[20:26:41] 74 HouseInformations catched
[20:26:41] 120 InteractiveDoors catched
[20:26:41] 3614 MapPositions uncatched
[20:26:41] 14681 MapPositions catched
[20:26:41] 42 MapZaaps catched
[20:26:41] 15228 SpellLevels catched 
[20:26:41] 4772 Spells catched 
[20:26:41] 1179 LearnableSpells catched 
[20:26:42] 9780 ItemTemplates catched 
[20:26:42] 4489 Weapons catched 
[20:26:42] 363 ItemSets catched 
[20:26:42] 171 ItemTypes catched 
[20:26:42] 110 ItemPets catched 
[20:26:42] 2476 NpcTemplates catched 
[20:26:42] 138 NpcSpawns catched 
[20:26:42] 50 NpcItems catched 
[20:26:42] 19801 NpcMessages catched 
[20:26:42] 7 NpcReplies catched 
[20:26:42] 18 Triggers catched
[20:26:43] 86 Handlers Readed
[20:26:43] 116 Messages Readed
[20:26:43] WorldServer start in 10421 ms.
[20:27:23] MySQL Database Connected
[20:27:23] 16 Breeds catched
[20:27:23] 256 Heads catched
[20:27:23] 561 Effects catched
[20:27:32] 11260 DofusMaps catched
[20:27:32] 454 StatedElements catched
[20:27:32] 802 InteractiveElements catched
[20:27:32] 74 HouseInformations catched
[20:27:32] 120 InteractiveDoors catched
[20:27:32] 3614 MapPositions uncatched
[20:27:32] 14681 MapPositions catched
[20:27:32] 42 MapZaaps catched
[20:27:32] 15228 SpellLevels catched 
[20:27:32] 4772 Spells catched 
[20:27:32] 1179 LearnableSpells catched 
[20:27:32] 9780 ItemTemplates catched 
[20:27:33] 4489 Weapons catched 
[20:27:33] 363 ItemSets catched 
[20:27:33] 171 ItemTypes catched 
[20:27:33] 110 ItemPets catched 
[20:27:33] 2476 NpcTemplates catched 
[20:27:33] 138 NpcSpawns catched 
[20:27:33] 50 NpcItems catched 
[20:27:33] 19801 NpcMessages catched 
[20:27:33] 7 NpcReplies catched 
[20:27:33] 18 Triggers catched
[20:27:33] 86 Handlers Readed
[20:27:34] 116 Messages Readed
[20:27:34] WorldServer start in 11440 ms.
[20:27:38] MySQL Database Connected
[20:27:38] 16 Breeds catched
[20:27:38] 256 Heads catched
[20:27:38] 561 Effects catched
[20:27:46] 11260 DofusMaps catched
[20:27:46] 454 StatedElements catched
[20:27:46] 802 InteractiveElements catched
[20:27:46] 74 HouseInformations catched
[20:27:46] 120 InteractiveDoors catched
[20:27:46] 3614 MapPositions uncatched
[20:27:46] 14681 MapPositions catched
[20:27:46] 42 MapZaaps catched
[20:27:46] 15228 SpellLevels catched 
[20:27:46] 4772 Spells catched 
[20:27:46] 1179 LearnableSpells catched 
[20:27:47] 9780 ItemTemplates catched 
[20:27:47] 4489 Weapons catched 
[20:27:47] 363 ItemSets catched 
[20:27:47] 171 ItemTypes catched 
[20:27:47] 110 ItemPets catched 
[20:27:47] 2476 NpcTemplates catched 
[20:27:47] 138 NpcSpawns catched 
[20:27:47] 50 NpcItems catched 
[20:27:47] 19801 NpcMessages catched 
[20:27:47] 7 NpcReplies catched 
[20:27:47] 18 Triggers catched
[20:27:48] 86 Handlers Readed
[20:27:48] 116 Messages Readed
[20:27:48] WorldServer start in 10113 ms.
[20:28:53] MySQL Database Connected
[20:28:53] 16 Breeds catched
[20:28:53] 256 Heads catched
[20:28:53] 561 Effects catched
[20:29:05] 11260 DofusMaps catched
[20:29:05] 454 StatedElements catched
[20:29:05] 802 InteractiveElements catched
[20:29:05] 74 HouseInformations catched
[20:29:05] 120 InteractiveDoors catched
[20:29:05] 3614 MapPositions uncatched
[20:29:05] 14681 MapPositions catched
[20:29:05] 42 MapZaaps catched
[20:29:05] 15228 SpellLevels catched 
[20:29:05] 4772 Spells catched 
[20:29:05] 1179 LearnableSpells catched 
[20:29:06] 9780 ItemTemplates catched 
[20:29:06] 4489 Weapons catched 
[20:29:06] 363 ItemSets catched 
[20:29:06] 171 ItemTypes catched 
[20:29:06] 110 ItemPets catched 
[20:29:06] 2476 NpcTemplates catched 
[20:29:06] 138 NpcSpawns catched 
[20:29:06] 50 NpcItems catched 
[20:29:06] 19801 NpcMessages catched 
[20:29:06] 7 NpcReplies catched 
[20:29:06] 18 Triggers catched
[20:29:07] 86 Handlers Readed
[20:29:07] 116 Messages Readed
[20:29:07] WorldServer start in 15017 ms.
[20:31:17] MySQL Database Connected
[20:31:17] 16 Breeds catched
[20:31:17] 256 Heads catched
[20:31:17] 561 Effects catched
[20:31:25] 11260 DofusMaps catched
[20:31:25] 454 StatedElements catched
[20:31:25] 802 InteractiveElements catched
[20:31:25] 74 HouseInformations catched
[20:31:25] 120 InteractiveDoors catched
[20:31:25] 3614 MapPositions uncatched
[20:31:25] 14681 MapPositions catched
[20:31:25] 42 MapZaaps catched
[20:31:25] 15228 SpellLevels catched 
[20:31:25] 4772 Spells catched 
[20:31:25] 1179 LearnableSpells catched 
[20:31:25] 9780 ItemTemplates catched 
[20:31:26] 4489 Weapons catched 
[20:31:26] 363 ItemSets catched 
[20:31:26] 171 ItemTypes catched 
[20:31:26] 110 ItemPets catched 
[20:31:26] 2476 NpcTemplates catched 
[20:31:26] 138 NpcSpawns catched 
[20:31:26] 50 NpcItems catched 
[20:31:26] 19801 NpcMessages catched 
[20:31:26] 7 NpcReplies catched 
[20:31:26] 18 Triggers catched
[20:31:26] 86 Handlers Readed
[20:31:27] 116 Messages Readed
[20:31:27] WorldServer start in 10342 ms.
[20:32:22] MySQL Database Connected
[20:32:22] 16 Breeds catched
[20:32:22] 256 Heads catched
[20:32:22] 561 Effects catched
[20:32:31] 11260 DofusMaps catched
[20:32:31] 454 StatedElements catched
[20:32:31] 802 InteractiveElements catched
[20:32:31] 74 HouseInformations catched
[20:32:31] 120 InteractiveDoors catched
[20:32:31] 3614 MapPositions uncatched
[20:32:31] 14681 MapPositions catched
[20:32:31] 42 MapZaaps catched
[20:32:31] 15228 SpellLevels catched 
[20:32:31] 4772 Spells catched 
[20:32:31] 1179 LearnableSpells catched 
[20:32:32] 9780 ItemTemplates catched 
[20:32:32] 4489 Weapons catched 
[20:32:32] 363 ItemSets catched 
[20:32:32] 171 ItemTypes catched 
[20:32:32] 110 ItemPets catched 
[20:32:32] 2476 NpcTemplates catched 
[20:32:32] 138 NpcSpawns catched 
[20:32:32] 50 NpcItems catched 
[20:32:32] 19801 NpcMessages catched 
[20:32:32] 7 NpcReplies catched 
[20:32:32] 18 Triggers catched
[20:32:33] 86 Handlers Readed
[20:32:33] 116 Messages Readed
[20:32:33] WorldServer start in 11015 ms.
[20:34:29] MySQL Database Connected
[20:34:29] 16 Breeds catched
[20:34:29] 256 Heads catched
[20:34:29] 561 Effects catched
[20:34:38] 11260 DofusMaps catched
[20:34:38] 454 StatedElements catched
[20:34:38] 802 InteractiveElements catched
[20:34:38] 74 HouseInformations catched
[20:34:38] 120 InteractiveDoors catched
[20:34:38] 3614 MapPositions uncatched
[20:34:38] 14681 MapPositions catched
[20:34:38] 42 MapZaaps catched
[20:34:38] 15228 SpellLevels catched 
[20:34:38] 4772 Spells catched 
[20:34:38] 1179 LearnableSpells catched 
[20:34:39] 9780 ItemTemplates catched 
[20:34:39] 4489 Weapons catched 
[20:34:39] 363 ItemSets catched 
[20:34:39] 171 ItemTypes catched 
[20:34:39] 110 ItemPets catched 
[20:34:39] 2476 NpcTemplates catched 
[20:34:39] 138 NpcSpawns catched 
[20:34:39] 50 NpcItems catched 
[20:34:39] 19801 NpcMessages catched 
[20:34:39] 7 NpcReplies catched 
[20:34:39] 18 Triggers catched
[20:34:40] 86 Handlers Readed
[20:34:40] 116 Messages Readed
[20:34:40] WorldServer start in 10923 ms.
[20:35:30] MySQL Database Connected
[20:35:30] 16 Breeds catched
[20:35:30] 256 Heads catched
[20:35:30] 561 Effects catched
[20:35:39] 11260 DofusMaps catched
[20:35:39] 454 StatedElements catched
[20:35:39] 802 InteractiveElements catched
[20:35:39] 74 HouseInformations catched
[20:35:39] 120 InteractiveDoors catched
[20:35:39] 3614 MapPositions uncatched
[20:35:39] 14681 MapPositions catched
[20:35:39] 42 MapZaaps catched
[20:35:39] 15228 SpellLevels catched 
[20:35:39] 4772 Spells catched 
[20:35:39] 1179 LearnableSpells catched 
[20:35:39] 9780 ItemTemplates catched 
[20:35:39] 4489 Weapons catched 
[20:35:39] 363 ItemSets catched 
[20:35:39] 171 ItemTypes catched 
[20:35:39] 110 ItemPets catched 
[20:35:40] 2476 NpcTemplates catched 
[20:35:40] 138 NpcSpawns catched 
[20:35:40] 50 NpcItems catched 
[20:35:40] 19801 NpcMessages catched 
[20:35:40] 7 NpcReplies catched 
[20:35:40] 18 Triggers catched
[20:35:40] 86 Handlers Readed
[20:35:41] 116 Messages Readed
[20:35:41] WorldServer start in 10977 ms.
[21:00:46] MySQL Database Connected
[21:00:46] 16 Breeds catched
[21:00:46] 256 Heads catched
[21:00:46] 561 Effects catched
[21:00:57] 11260 DofusMaps catched
[21:00:57] 454 StatedElements catched
[21:00:57] 802 InteractiveElements catched
[21:00:57] 74 HouseInformations catched
[21:00:57] 120 InteractiveDoors catched
[21:00:58] 3614 MapPositions uncatched
[21:00:58] 14681 MapPositions catched
[21:00:58] 42 MapZaaps catched
[21:00:58] 15228 SpellLevels catched 
[21:00:58] 4772 Spells catched 
[21:00:58] 1179 LearnableSpells catched 
[21:00:59] 9780 ItemTemplates catched 
[21:00:59] 4489 Weapons catched 
[21:00:59] 363 ItemSets catched 
[21:00:59] 171 ItemTypes catched 
[21:00:59] 110 ItemPets catched 
[21:00:59] 2476 NpcTemplates catched 
[21:00:59] 138 NpcSpawns catched 
[21:00:59] 50 NpcItems catched 
[21:00:59] 19801 NpcMessages catched 
[21:00:59] 7 NpcReplies catched 
[21:00:59] 18 Triggers catched
[21:01:00] 86 Handlers Readed
[21:01:00] 116 Messages Readed
[21:01:00] WorldServer start in 14702 ms.
[21:01:36] MySQL Database Connected
[21:01:36] 16 Breeds catched
[21:01:36] 256 Heads catched
[21:01:36] 561 Effects catched
[21:01:44] 11260 DofusMaps catched
[21:01:44] 454 StatedElements catched
[21:01:44] 802 InteractiveElements catched
[21:01:44] 74 HouseInformations catched
[21:01:44] 120 InteractiveDoors catched
[21:01:45] 3614 MapPositions uncatched
[21:01:45] 14681 MapPositions catched
[21:01:45] 42 MapZaaps catched
[21:01:46] 15228 SpellLevels catched 
[21:01:46] 4772 Spells catched 
[21:01:46] 1179 LearnableSpells catched 
[21:01:46] 9780 ItemTemplates catched 
[21:01:47] 4489 Weapons catched 
[21:01:47] 363 ItemSets catched 
[21:01:47] 171 ItemTypes catched 
[21:01:47] 110 ItemPets catched 
[21:01:47] 2476 NpcTemplates catched 
[21:01:47] 138 NpcSpawns catched 
[21:01:47] 50 NpcItems catched 
[21:01:47] 19801 NpcMessages catched 
[21:01:47] 7 NpcReplies catched 
[21:01:47] 18 Triggers catched
[21:01:48] 86 Handlers Readed
[21:01:48] 116 Messages Readed
[21:01:48] WorldServer start in 12585 ms.
[21:07:04] Packet not handled 6365
[21:11:41] MySQL Database Connected
[21:11:41] 16 Breeds catched
[21:11:41] 256 Heads catched
[21:11:41] 561 Effects catched
[21:11:48] 11260 DofusMaps catched
[21:11:48] 454 StatedElements catched
[21:11:48] 802 InteractiveElements catched
[21:11:48] 74 HouseInformations catched
[21:11:48] 120 InteractiveDoors catched
[21:11:48] 3614 MapPositions uncatched
[21:11:48] 14681 MapPositions catched
[21:11:48] 42 MapZaaps catched
[21:11:49] 15228 SpellLevels catched 
[21:11:49] 4772 Spells catched 
[21:11:49] 1179 LearnableSpells catched 
[21:11:49] 9780 ItemTemplates catched 
[21:11:49] 4489 Weapons catched 
[21:11:49] 363 ItemSets catched 
[21:11:49] 171 ItemTypes catched 
[21:11:49] 110 ItemPets catched 
[21:11:49] 2476 NpcTemplates catched 
[21:11:49] 138 NpcSpawns catched 
[21:11:49] 50 NpcItems catched 
[21:11:49] 19801 NpcMessages catched 
[21:11:49] 7 NpcReplies catched 
[21:11:50] 18 Triggers catched
[21:11:50] 87 Handlers Readed
[21:11:50] 116 Messages Readed
[21:11:50] WorldServer start in 10078 ms.
[21:13:18] MySQL Database Connected
[21:13:18] 16 Breeds catched
[21:13:18] 256 Heads catched
[21:13:18] 561 Effects catched
[21:13:26] 11260 DofusMaps catched
[21:13:26] 454 StatedElements catched
[21:13:26] 802 InteractiveElements catched
[21:13:26] 74 HouseInformations catched
[21:13:26] 120 InteractiveDoors catched
[21:13:26] 3614 MapPositions uncatched
[21:13:26] 14681 MapPositions catched
[21:13:26] 42 MapZaaps catched
[21:13:26] 15228 SpellLevels catched 
[21:13:26] 4772 Spells catched 
[21:13:26] 1179 LearnableSpells catched 
[21:13:26] 9780 ItemTemplates catched 
[21:13:26] 4489 Weapons catched 
[21:13:26] 363 ItemSets catched 
[21:13:26] 171 ItemTypes catched 
[21:13:26] 110 ItemPets catched 
[21:13:27] 2476 NpcTemplates catched 
[21:13:27] 138 NpcSpawns catched 
[21:13:27] 50 NpcItems catched 
[21:13:27] 19801 NpcMessages catched 
[21:13:27] 7 NpcReplies catched 
[21:13:27] 18 Triggers catched
[21:13:27] 87 Handlers Readed
[21:13:28] 116 Messages Readed
[21:13:28] WorldServer start in 10056 ms.
[21:18:06] MySQL Database Connected
[21:18:06] 16 Breeds catched
[21:18:06] 256 Heads catched
[21:18:06] 561 Effects catched
[21:18:14] 11260 DofusMaps catched
[21:18:14] 454 StatedElements catched
[21:18:14] 802 InteractiveElements catched
[21:18:14] 74 HouseInformations catched
[21:18:14] 120 InteractiveDoors catched
[21:18:14] 3614 MapPositions uncatched
[21:18:14] 14681 MapPositions catched
[21:18:14] 42 MapZaaps catched
[21:18:15] 15228 SpellLevels catched 
[21:18:15] 4772 Spells catched 
[21:18:15] 1179 LearnableSpells catched 
[21:18:15] 9780 ItemTemplates catched 
[21:18:15] 4489 Weapons catched 
[21:18:15] 363 ItemSets catched 
[21:18:15] 171 ItemTypes catched 
[21:18:15] 110 ItemPets catched 
[21:18:15] 2476 NpcTemplates catched 
[21:18:15] 138 NpcSpawns catched 
[21:18:15] 50 NpcItems catched 
[21:18:15] 19801 NpcMessages catched 
[21:18:15] 7 NpcReplies catched 
[21:18:15] 18 Triggers catched
[21:18:16] 87 Handlers Readed
[21:18:16] 116 Messages Readed
[21:18:16] WorldServer start in 10224 ms.
[21:23:27] MySQL Database Connected
[21:23:27] 16 Breeds catched
[21:23:27] 256 Heads catched
[21:23:27] 561 Effects catched
[21:23:35] 11260 DofusMaps catched
[21:23:35] 454 StatedElements catched
[21:23:35] 802 InteractiveElements catched
[21:23:35] 74 HouseInformations catched
[21:23:35] 120 InteractiveDoors catched
[21:23:35] 3614 MapPositions uncatched
[21:23:35] 14681 MapPositions catched
[21:23:35] 42 MapZaaps catched
[21:23:35] 15228 SpellLevels catched 
[21:23:35] 4772 Spells catched 
[21:23:35] 1179 LearnableSpells catched 
[21:23:36] 9780 ItemTemplates catched 
[21:23:36] 4489 Weapons catched 
[21:23:36] 363 ItemSets catched 
[21:23:36] 171 ItemTypes catched 
[21:23:36] 110 ItemPets catched 
[21:23:36] 2476 NpcTemplates catched 
[21:23:36] 138 NpcSpawns catched 
[21:23:36] 50 NpcItems catched 
[21:23:36] 19801 NpcMessages catched 
[21:23:36] 7 NpcReplies catched 
[21:23:36] 18 Triggers catched
[21:23:37] 87 Handlers Readed
[21:23:37] 116 Messages Readed
[21:23:37] WorldServer start in 10169 ms.
