[12:28:52] MySQL Database Connected
[12:28:52] 16 Breeds catched
[12:28:52] 256 Heads catched
[12:28:52] 561 Effects catched
[12:28:53] 4 SuperAreas catched
[12:28:53] 48 Areas catched
[12:28:54] 334 SubAreas catched
[12:29:05] 11260 DofusMaps catched
[12:29:05] 9761 StatedElements catched
[12:29:05] 13349 InteractiveElements catched
[12:29:05] 1485 HouseInformations catched
[12:29:05] 556 InteractiveDoors catched
[12:29:05] 3614 MapPositions uncatched
[12:29:05] 14681 MapPositions catched
[12:29:05] 42 MapZaaps catched
[12:29:05] 79 MapSubways catched
[12:29:06] 15228 SpellLevels catched 
[12:29:06] 4772 Spells catched 
[12:29:06] 316 GuildEmblems catched 
[12:29:06] 1179 LearnableSpells catched 
[12:29:06] 9780 ItemTemplates catched 
[12:29:06] 4489 Weapons catched 
[12:29:06] 363 ItemSets catched 
[12:29:06] 171 ItemTypes catched 
[12:29:07] 110 ItemPets catched 
[12:29:09] 2476 NpcTemplates catched 
[12:29:09] 787 NpcSpawns catched 
[12:29:09] 94 NpcItems catched 
[12:29:10] 19801 NpcMessages catched 
[12:29:10] 7 NpcReplies catched 
[12:29:11] 353 Triggers catched
[12:29:11] 1277 Paddocks catched
[12:29:11] 72 Mounts catched
[12:29:11] 4 Guild catched
[12:29:11] 3 GuildMembers catched
[12:29:14] 122 Handlers Readed
[12:29:16] 166 Messages Readed
[12:29:16] WorldServer start in 24105 ms.
[12:35:21] MySQL Database Connected
[12:35:21] 16 Breeds catched
[12:35:21] 256 Heads catched
[12:35:21] 561 Effects catched
[12:35:21] 4 SuperAreas catched
[12:35:21] 48 Areas catched
[12:35:23] 334 SubAreas catched
[12:35:30] 11260 DofusMaps catched
[12:35:30] 9761 StatedElements catched
[12:35:30] 13349 InteractiveElements catched
[12:35:30] 1485 HouseInformations catched
[12:35:30] 556 InteractiveDoors catched
[12:35:31] 3614 MapPositions uncatched
[12:35:31] 14681 MapPositions catched
[12:35:31] 42 MapZaaps catched
[12:35:31] 79 MapSubways catched
[12:35:31] 15228 SpellLevels catched 
[12:35:31] 4772 Spells catched 
[12:35:31] 316 GuildEmblems catched 
[12:35:31] 1179 LearnableSpells catched 
[12:35:31] 9780 ItemTemplates catched 
[12:35:31] 4489 Weapons catched 
[12:35:31] 363 ItemSets catched 
[12:35:31] 171 ItemTypes catched 
[12:35:31] 110 ItemPets catched 
[12:35:32] 2476 NpcTemplates catched 
[12:35:32] 787 NpcSpawns catched 
[12:35:32] 94 NpcItems catched 
[12:35:32] 19801 NpcMessages catched 
[12:35:32] 7 NpcReplies catched 
[12:35:32] 353 Triggers catched
[12:35:32] 1277 Paddocks catched
[12:35:32] 72 Mounts catched
[12:35:32] 4 Guild catched
[12:35:32] 3 GuildMembers catched
[12:35:33] 122 Handlers Readed
[12:35:33] 166 Messages Readed
[12:35:33] WorldServer start in 13007 ms.
