[17:35:35] MySQL Database Connected
[17:35:35] 16 Breeds catched
[17:35:35] 256 Heads catched
[17:35:35] 561 Effects catched
[17:35:59] 11260 DofusMaps catched
[17:35:59] 454 StatedElements catched
[17:35:59] 802 InteractiveElements catched
[17:35:59] 74 HouseInformations catched
[17:35:59] 120 InteractiveDoors catched
[17:35:59] 3614 MapPositions uncatched
[17:35:59] 14681 MapPositions catched
[17:35:59] 42 MapZaaps catched
[17:36:00] 15228 SpellLevels catched 
[17:36:00] 4772 Spells catched 
[17:36:00] 1179 LearnableSpells catched 
[17:36:00] 9780 ItemTemplates catched 
[17:36:01] 4489 Weapons catched 
[17:36:01] 363 ItemSets catched 
[17:36:01] 171 ItemTypes catched 
[17:36:01] 110 ItemPets catched 
[17:36:01] 2476 NpcTemplates catched 
[17:36:01] 138 NpcSpawns catched 
[17:36:01] 50 NpcItems catched 
[17:36:01] 19801 NpcMessages catched 
[17:36:01] 6 NpcReplies catched 
[17:36:01] 18 Triggers catched
[17:36:02] 67 Handlers Readed
[17:36:02] 95 Messages Readed
[17:36:02] WorldServer start in 27903 ms.
[17:45:21] MySQL Database Connected
[17:45:21] 16 Breeds catched
[17:45:21] 256 Heads catched
[17:45:21] 561 Effects catched
[17:45:29] 11260 DofusMaps catched
[17:45:29] 454 StatedElements catched
[17:45:29] 802 InteractiveElements catched
[17:45:29] 74 HouseInformations catched
[17:45:29] 120 InteractiveDoors catched
[17:45:29] 3614 MapPositions uncatched
[17:45:29] 14681 MapPositions catched
[17:45:29] 42 MapZaaps catched
[17:45:30] 15228 SpellLevels catched 
[17:45:30] 4772 Spells catched 
[17:45:30] 1179 LearnableSpells catched 
[17:45:30] 9780 ItemTemplates catched 
[17:45:30] 4489 Weapons catched 
[17:45:30] 363 ItemSets catched 
[17:45:30] 171 ItemTypes catched 
[17:45:30] 110 ItemPets catched 
[17:45:30] 2476 NpcTemplates catched 
[17:45:30] 138 NpcSpawns catched 
[17:45:30] 50 NpcItems catched 
[17:45:31] 19801 NpcMessages catched 
[17:45:31] 6 NpcReplies catched 
[17:45:31] 18 Triggers catched
[17:45:31] 67 Handlers Readed
[17:45:31] 95 Messages Readed
[17:45:31] WorldServer start in 10553 ms.
[18:16:33] MySQL Database Connected
[18:16:33] 16 Breeds catched
[18:16:33] 256 Heads catched
[18:16:33] 561 Effects catched
[18:17:01] 11260 DofusMaps catched
[18:17:01] 454 StatedElements catched
[18:17:01] 802 InteractiveElements catched
[18:17:01] 74 HouseInformations catched
[18:17:01] 120 InteractiveDoors catched
[18:17:01] 3614 MapPositions uncatched
[18:17:01] 14681 MapPositions catched
[18:17:01] 42 MapZaaps catched
[18:17:01] 15228 SpellLevels catched 
[18:17:01] 4772 Spells catched 
[18:17:01] 1179 LearnableSpells catched 
[18:17:01] 9780 ItemTemplates catched 
[18:17:02] 4489 Weapons catched 
[18:17:02] 363 ItemSets catched 
[18:17:02] 171 ItemTypes catched 
[18:17:02] 110 ItemPets catched 
[18:17:02] 2476 NpcTemplates catched 
[18:17:02] 138 NpcSpawns catched 
[18:17:02] 50 NpcItems catched 
[18:17:02] 19801 NpcMessages catched 
[18:17:02] 7 NpcReplies catched 
[18:17:02] 18 Triggers catched
[18:17:02] 67 Handlers Readed
[18:17:03] 95 Messages Readed
[18:17:03] WorldServer start in 30256 ms.
[18:21:20] MySQL Database Connected
[18:21:20] 16 Breeds catched
[18:21:20] 256 Heads catched
[18:21:20] 561 Effects catched
[18:21:28] 11260 DofusMaps catched
[18:21:28] 454 StatedElements catched
[18:21:28] 802 InteractiveElements catched
[18:21:28] 74 HouseInformations catched
[18:21:28] 120 InteractiveDoors catched
[18:21:28] 3614 MapPositions uncatched
[18:21:28] 14681 MapPositions catched
[18:21:28] 42 MapZaaps catched
[18:21:28] 15228 SpellLevels catched 
[18:21:28] 4772 Spells catched 
[18:21:28] 1179 LearnableSpells catched 
[18:21:28] 9780 ItemTemplates catched 
[18:21:29] 4489 Weapons catched 
[18:21:29] 363 ItemSets catched 
[18:21:29] 171 ItemTypes catched 
[18:21:29] 110 ItemPets catched 
[18:21:29] 2476 NpcTemplates catched 
[18:21:29] 138 NpcSpawns catched 
[18:21:29] 50 NpcItems catched 
[18:21:29] 19801 NpcMessages catched 
[18:21:29] 7 NpcReplies catched 
[18:21:29] 18 Triggers catched
[18:21:29] 67 Handlers Readed
[18:21:30] 95 Messages Readed
[18:21:30] WorldServer start in 10199 ms.
[18:21:44] MySQL Database Connected
[18:21:44] 16 Breeds catched
[18:21:44] 256 Heads catched
[18:21:44] 561 Effects catched
[18:21:52] 11260 DofusMaps catched
[18:21:52] 454 StatedElements catched
[18:21:52] 802 InteractiveElements catched
[18:21:52] 74 HouseInformations catched
[18:21:52] 120 InteractiveDoors catched
[18:21:52] 3614 MapPositions uncatched
[18:21:52] 14681 MapPositions catched
[18:21:52] 42 MapZaaps catched
[18:21:52] 15228 SpellLevels catched 
[18:21:52] 4772 Spells catched 
[18:21:52] 1179 LearnableSpells catched 
[18:21:53] 9780 ItemTemplates catched 
[18:21:53] 4489 Weapons catched 
[18:21:53] 363 ItemSets catched 
[18:21:53] 171 ItemTypes catched 
[18:21:53] 110 ItemPets catched 
[18:21:53] 2476 NpcTemplates catched 
[18:21:53] 138 NpcSpawns catched 
[18:21:53] 50 NpcItems catched 
[18:21:53] 19801 NpcMessages catched 
[18:21:53] 7 NpcReplies catched 
[18:21:53] 18 Triggers catched
[18:21:54] 67 Handlers Readed
[18:21:54] 95 Messages Readed
[18:21:54] WorldServer start in 10400 ms.
[18:22:16] MySQL Database Connected
[18:22:16] 16 Breeds catched
[18:22:16] 256 Heads catched
[18:22:16] 561 Effects catched
[18:22:23] 11260 DofusMaps catched
[18:22:23] 454 StatedElements catched
[18:22:23] 802 InteractiveElements catched
[18:22:23] 74 HouseInformations catched
[18:22:23] 120 InteractiveDoors catched
[18:22:23] 3614 MapPositions uncatched
[18:22:23] 14681 MapPositions catched
[18:22:23] 42 MapZaaps catched
[18:22:24] 15228 SpellLevels catched 
[18:22:24] 4772 Spells catched 
[18:22:24] 1179 LearnableSpells catched 
[18:22:24] 9780 ItemTemplates catched 
[18:22:24] 4489 Weapons catched 
[18:22:24] 363 ItemSets catched 
[18:22:24] 171 ItemTypes catched 
[18:22:24] 110 ItemPets catched 
[18:22:24] 2476 NpcTemplates catched 
[18:22:24] 138 NpcSpawns catched 
[18:22:24] 50 NpcItems catched 
[18:22:25] 19801 NpcMessages catched 
[18:22:25] 7 NpcReplies catched 
[18:22:25] 18 Triggers catched
[18:22:25] 67 Handlers Readed
[18:22:25] 95 Messages Readed
[18:22:25] WorldServer start in 10008 ms.
[18:23:52] MySQL Database Connected
[18:23:52] 16 Breeds catched
[18:23:52] 256 Heads catched
[18:23:52] 561 Effects catched
[18:24:00] 11260 DofusMaps catched
[18:24:00] 454 StatedElements catched
[18:24:00] 802 InteractiveElements catched
[18:24:00] 74 HouseInformations catched
[18:24:00] 120 InteractiveDoors catched
[18:24:00] 3614 MapPositions uncatched
[18:24:00] 14681 MapPositions catched
[18:24:00] 42 MapZaaps catched
[18:24:01] 15228 SpellLevels catched 
[18:24:01] 4772 Spells catched 
[18:24:01] 1179 LearnableSpells catched 
[18:24:01] 9780 ItemTemplates catched 
[18:24:01] 4489 Weapons catched 
[18:24:01] 363 ItemSets catched 
[18:24:01] 171 ItemTypes catched 
[18:24:01] 110 ItemPets catched 
[18:24:01] 2476 NpcTemplates catched 
[18:24:01] 138 NpcSpawns catched 
[18:24:01] 50 NpcItems catched 
[18:24:01] 19801 NpcMessages catched 
[18:24:01] 7 NpcReplies catched 
[18:24:02] 18 Triggers catched
[18:24:02] 67 Handlers Readed
[18:24:02] 95 Messages Readed
[18:24:02] WorldServer start in 10640 ms.
[19:47:04] MySQL Database Connected
[19:47:04] 16 Breeds catched
[19:47:04] 256 Heads catched
[19:47:04] 561 Effects catched
[19:47:13] 11260 DofusMaps catched
[19:47:13] 454 StatedElements catched
[19:47:13] 802 InteractiveElements catched
[19:47:13] 74 HouseInformations catched
[19:47:13] 120 InteractiveDoors catched
[19:47:13] 3614 MapPositions uncatched
[19:47:13] 14681 MapPositions catched
[19:47:13] 42 MapZaaps catched
[19:47:13] 15228 SpellLevels catched 
[19:47:13] 4772 Spells catched 
[19:47:13] 1179 LearnableSpells catched 
[19:47:13] 9780 ItemTemplates catched 
[19:47:13] 4489 Weapons catched 
[19:47:13] 363 ItemSets catched 
[19:47:13] 171 ItemTypes catched 
[19:47:13] 110 ItemPets catched 
[19:47:14] 2476 NpcTemplates catched 
[19:47:14] 138 NpcSpawns catched 
[19:47:14] 50 NpcItems catched 
[19:47:14] 19801 NpcMessages catched 
[19:47:14] 7 NpcReplies catched 
[19:47:14] 18 Triggers catched
[19:47:14] 67 Handlers Readed
[19:47:15] 95 Messages Readed
[19:47:15] WorldServer start in 11216 ms.
[19:49:18] MySQL Database Connected
[19:49:18] 16 Breeds catched
[19:49:18] 256 Heads catched
[19:49:18] 561 Effects catched
[19:49:25] 11260 DofusMaps catched
[19:49:25] 454 StatedElements catched
[19:49:25] 802 InteractiveElements catched
[19:49:25] 74 HouseInformations catched
[19:49:25] 120 InteractiveDoors catched
[19:49:25] 3614 MapPositions uncatched
[19:49:25] 14681 MapPositions catched
[19:49:25] 42 MapZaaps catched
[19:49:26] 15228 SpellLevels catched 
[19:49:26] 4772 Spells catched 
[19:49:26] 1179 LearnableSpells catched 
[19:49:26] 9780 ItemTemplates catched 
[19:49:26] 4489 Weapons catched 
[19:49:26] 363 ItemSets catched 
[19:49:26] 171 ItemTypes catched 
[19:49:26] 110 ItemPets catched 
[19:49:26] 2476 NpcTemplates catched 
[19:49:26] 138 NpcSpawns catched 
[19:49:26] 50 NpcItems catched 
[19:49:27] 19801 NpcMessages catched 
[19:49:27] 7 NpcReplies catched 
[19:49:27] 18 Triggers catched
[19:49:27] 67 Handlers Readed
[19:49:27] 95 Messages Readed
[19:49:27] WorldServer start in 9980 ms.
[19:51:10] MySQL Database Connected
[19:51:10] 16 Breeds catched
[19:51:10] 256 Heads catched
[19:51:10] 561 Effects catched
[19:51:17] 11260 DofusMaps catched
[19:51:17] 454 StatedElements catched
[19:51:17] 802 InteractiveElements catched
[19:51:17] 74 HouseInformations catched
[19:51:17] 120 InteractiveDoors catched
[19:51:18] 3614 MapPositions uncatched
[19:51:18] 14681 MapPositions catched
[19:51:18] 42 MapZaaps catched
[19:51:18] 15228 SpellLevels catched 
[19:51:18] 4772 Spells catched 
[19:51:18] 1179 LearnableSpells catched 
[19:51:18] 9780 ItemTemplates catched 
[19:51:18] 4489 Weapons catched 
[19:51:18] 363 ItemSets catched 
[19:51:18] 171 ItemTypes catched 
[19:51:18] 110 ItemPets catched 
[19:51:19] 2476 NpcTemplates catched 
[19:51:19] 138 NpcSpawns catched 
[19:51:19] 50 NpcItems catched 
[19:51:19] 19801 NpcMessages catched 
[19:51:19] 7 NpcReplies catched 
[19:51:19] 18 Triggers catched
[19:51:19] 67 Handlers Readed
[19:51:19] 95 Messages Readed
[19:51:19] WorldServer start in 10065 ms.
[19:52:26] MySQL Database Connected
[19:52:26] 16 Breeds catched
[19:52:26] 256 Heads catched
[19:52:26] 561 Effects catched
[19:52:34] 11260 DofusMaps catched
[19:52:34] 454 StatedElements catched
[19:52:34] 802 InteractiveElements catched
[19:52:34] 74 HouseInformations catched
[19:52:34] 120 InteractiveDoors catched
[19:52:34] 3614 MapPositions uncatched
[19:52:34] 14681 MapPositions catched
[19:52:34] 42 MapZaaps catched
[19:52:34] 15228 SpellLevels catched 
[19:52:34] 4772 Spells catched 
[19:52:34] 1179 LearnableSpells catched 
[19:52:35] 9780 ItemTemplates catched 
[19:52:35] 4489 Weapons catched 
[19:52:35] 363 ItemSets catched 
[19:52:35] 171 ItemTypes catched 
[19:52:35] 110 ItemPets catched 
[19:52:35] 2476 NpcTemplates catched 
[19:52:35] 138 NpcSpawns catched 
[19:52:35] 50 NpcItems catched 
[19:52:35] 19801 NpcMessages catched 
[19:52:35] 7 NpcReplies catched 
[19:52:35] 18 Triggers catched
[19:52:36] 67 Handlers Readed
[19:52:36] 95 Messages Readed
[19:52:36] WorldServer start in 10238 ms.
[22:37:22] MySQL Database Connected
[22:37:22] 16 Breeds catched
[22:37:22] 256 Heads catched
[22:37:22] 561 Effects catched
[22:37:31] 11260 DofusMaps catched
[22:37:31] 454 StatedElements catched
[22:37:31] 802 InteractiveElements catched
[22:37:31] 74 HouseInformations catched
[22:37:31] 120 InteractiveDoors catched
[22:37:31] 3614 MapPositions uncatched
[22:37:31] 14681 MapPositions catched
[22:37:31] 42 MapZaaps catched
[22:37:31] 15228 SpellLevels catched 
[22:37:31] 4772 Spells catched 
[22:37:31] 1179 LearnableSpells catched 
[22:37:32] 9780 ItemTemplates catched 
[22:37:32] 4489 Weapons catched 
[22:37:32] 363 ItemSets catched 
[22:37:32] 171 ItemTypes catched 
[22:37:32] 110 ItemPets catched 
[22:37:32] 2476 NpcTemplates catched 
[22:37:32] 138 NpcSpawns catched 
[22:37:32] 50 NpcItems catched 
[22:37:32] 19801 NpcMessages catched 
[22:37:33] 7 NpcReplies catched 
[22:37:33] 18 Triggers catched
[22:37:33] 67 Handlers Readed
[22:37:34] 95 Messages Readed
[22:37:34] WorldServer start in 12427 ms.
[22:38:38] MySQL Database Connected
[22:38:38] 16 Breeds catched
[22:38:38] 256 Heads catched
[22:38:38] 561 Effects catched
[22:38:46] 11260 DofusMaps catched
[22:38:46] 454 StatedElements catched
[22:38:46] 802 InteractiveElements catched
[22:38:46] 74 HouseInformations catched
[22:38:46] 120 InteractiveDoors catched
[22:38:46] 3614 MapPositions uncatched
[22:38:46] 14681 MapPositions catched
[22:38:46] 42 MapZaaps catched
[22:38:47] 15228 SpellLevels catched 
[22:38:47] 4772 Spells catched 
[22:38:47] 1179 LearnableSpells catched 
[22:38:47] 9780 ItemTemplates catched 
[22:38:47] 4489 Weapons catched 
[22:38:47] 363 ItemSets catched 
[22:38:47] 171 ItemTypes catched 
[22:38:47] 110 ItemPets catched 
[22:38:47] 2476 NpcTemplates catched 
[22:38:47] 138 NpcSpawns catched 
[22:38:47] 50 NpcItems catched 
[22:38:47] 19801 NpcMessages catched 
[22:38:47] 7 NpcReplies catched 
[22:38:48] 18 Triggers catched
[22:38:48] 67 Handlers Readed
[22:38:48] 95 Messages Readed
[22:38:48] WorldServer start in 10472 ms.
