[16:23:02] MySQL Database Connected
[16:23:02] 16 Breeds catched
[16:23:02] 256 Heads catched
[16:23:10] 11260 DofusMaps catched
[16:23:10] 169 StatedElements catched
[16:23:11] 323 InteractiveElements catched
[16:23:11] 18 Handlers Readed
[16:23:11] 18 Messages Readed
[16:23:11] WorldServer start in 9261 ms.
[16:24:45] MySQL Database Connected
[16:24:45] 16 Breeds catched
[16:24:45] 256 Heads catched
[16:24:54] 11260 DofusMaps catched
[16:24:54] 169 StatedElements catched
[16:24:54] 323 InteractiveElements catched
[16:24:54] 18 Handlers Readed
[16:24:54] 18 Messages Readed
[16:24:54] WorldServer start in 9675 ms.
[17:28:57] MySQL Database Connected
[17:28:57] 16 Breeds catched
[17:28:57] 256 Heads catched
[17:29:07] 11260 DofusMaps catched
[17:29:07] 169 StatedElements catched
[17:29:07] 323 InteractiveElements catched
[17:29:07] 18 Handlers Readed
[17:29:08] 18 Messages Readed
[17:29:08] WorldServer start in 11295 ms.
[17:29:54] MySQL Database Connected
[17:29:54] 16 Breeds catched
[17:29:54] 256 Heads catched
[17:30:14] 11260 DofusMaps catched
[17:30:14] 169 StatedElements catched
[17:30:14] 323 InteractiveElements catched
[17:30:14] 18 Handlers Readed
[17:30:14] 18 Messages Readed
[17:30:14] WorldServer start in 20521 ms.
[17:33:21] MySQL Database Connected
[17:33:21] 16 Breeds catched
[17:33:21] 256 Heads catched
[17:33:29] 11260 DofusMaps catched
[17:33:29] 169 StatedElements catched
[17:33:29] 323 InteractiveElements catched
[17:33:29] 18 Handlers Readed
[17:33:29] 18 Messages Readed
[17:33:29] WorldServer start in 9069 ms.
