[14:47:09] MySQL Database Connected
[14:47:09] 16 Breeds catched
[14:47:09] 256 Heads catched
[14:47:09] 561 Effects catched
[14:47:10] 4 SuperAreas catched
[14:47:10] 48 Areas catched
[14:47:12] 334 SubAreas catched
[14:47:27] 11260 DofusMaps catched
[14:47:27] 9761 StatedElements catched
[14:47:27] 13349 InteractiveElements catched
[14:47:27] 1485 HouseInformations catched
[14:47:27] 556 InteractiveDoors catched
[14:47:27] 3614 MapPositions uncatched
[14:47:27] 14681 MapPositions catched
[14:47:27] 42 MapZaaps catched
[14:47:27] 79 MapSubways catched
[14:47:27] 15228 SpellLevels catched 
[14:47:28] 4772 Spells catched 
[14:47:29] 316 GuildEmblems catched 
[14:47:29] 1179 LearnableSpells catched 
[14:47:31] 9780 ItemTemplates catched 
[14:47:31] 4489 Weapons catched 
[14:47:31] 363 ItemSets catched 
[14:47:31] 171 ItemTypes catched 
[14:47:31] 110 ItemPets catched 
[14:47:32] 2476 NpcTemplates catched 
[14:47:32] 787 NpcSpawns catched 
[14:47:32] 94 NpcItems catched 
[14:47:32] 19801 NpcMessages catched 
[14:47:32] 7 NpcReplies catched 
[14:47:33] 353 Triggers catched
[14:47:34] 1277 Paddocks catched
[14:47:34] 72 Mounts catched
[14:47:34] 4 Guild catched
[14:47:34] 3 GuildMembers catched
[14:47:35] 122 Handlers Readed
[14:47:37] 166 Messages Readed
[14:47:37] WorldServer start in 29189 ms.
[14:56:49] MySQL Database Connected
[14:56:49] 16 Breeds catched
[14:56:49] 256 Heads catched
[14:56:49] 561 Effects catched
[14:56:50] 4 SuperAreas catched
[14:56:50] 48 Areas catched
[14:56:51] 334 SubAreas catched
[14:56:59] 11260 DofusMaps catched
[14:56:59] 9761 StatedElements catched
[14:56:59] 13349 InteractiveElements catched
[14:56:59] 1485 HouseInformations catched
[14:56:59] 556 InteractiveDoors catched
[14:56:59] 3614 MapPositions uncatched
[14:56:59] 14681 MapPositions catched
[14:56:59] 42 MapZaaps catched
[14:56:59] 79 MapSubways catched
[14:56:59] 15228 SpellLevels catched 
[14:56:59] 4772 Spells catched 
[14:56:59] 316 GuildEmblems catched 
[14:56:59] 1179 LearnableSpells catched 
[14:56:59] 9780 ItemTemplates catched 
[14:57:00] 4489 Weapons catched 
[14:57:00] 363 ItemSets catched 
[14:57:00] 171 ItemTypes catched 
[14:57:00] 110 ItemPets catched 
[14:57:00] 2476 NpcTemplates catched 
[14:57:00] 787 NpcSpawns catched 
[14:57:00] 94 NpcItems catched 
[14:57:00] 19801 NpcMessages catched 
[14:57:00] 7 NpcReplies catched 
[14:57:00] 353 Triggers catched
[14:57:01] 1277 Paddocks catched
[14:57:01] 72 Mounts catched
[14:57:01] 4 Guild catched
[14:57:01] 3 GuildMembers catched
[14:57:01] 122 Handlers Readed
[14:57:01] 166 Messages Readed
[14:57:02] WorldServer start in 12515 ms.
[15:05:45] MySQL Database Connected
[15:05:45] 16 Breeds catched
[15:05:45] 256 Heads catched
[15:05:45] 561 Effects catched
[15:05:45] 4 SuperAreas catched
[15:05:45] 48 Areas catched
[15:05:46] 334 SubAreas catched
[15:05:57] 11260 DofusMaps catched
[15:05:57] 9761 StatedElements catched
[15:05:57] 13349 InteractiveElements catched
[15:05:57] 1485 HouseInformations catched
[15:05:57] 556 InteractiveDoors catched
[15:05:57] 3614 MapPositions uncatched
[15:05:57] 14681 MapPositions catched
[15:05:57] 42 MapZaaps catched
[15:05:57] 79 MapSubways catched
[15:05:58] 15228 SpellLevels catched 
[15:05:58] 4772 Spells catched 
[15:05:58] 316 GuildEmblems catched 
[15:05:58] 1179 LearnableSpells catched 
[15:05:58] 9780 ItemTemplates catched 
[15:05:58] 4489 Weapons catched 
[15:05:58] 363 ItemSets catched 
[15:05:58] 171 ItemTypes catched 
[15:05:58] 110 ItemPets catched 
[15:05:59] 2476 NpcTemplates catched 
[15:05:59] 787 NpcSpawns catched 
[15:05:59] 94 NpcItems catched 
[15:05:59] 19801 NpcMessages catched 
[15:05:59] 7 NpcReplies catched 
[15:05:59] 353 Triggers catched
[15:05:59] 1277 Paddocks catched
[15:05:59] 72 Mounts catched
[15:05:59] 4 Guild catched
[15:05:59] 3 GuildMembers catched
[15:06:00] 122 Handlers Readed
[15:06:00] 166 Messages Readed
[15:06:00] WorldServer start in 15828 ms.
[15:28:39] MySQL Database Connected
[15:28:39] 16 Breeds catched
[15:28:39] 256 Heads catched
[15:28:39] 561 Effects catched
[15:28:40] 4 SuperAreas catched
[15:28:40] 48 Areas catched
[15:28:41] 334 SubAreas catched
[15:28:48] 11260 DofusMaps catched
[15:28:48] 9761 StatedElements catched
[15:28:48] 13349 InteractiveElements catched
[15:28:48] 1485 HouseInformations catched
[15:28:48] 556 InteractiveDoors catched
[15:28:48] 3614 MapPositions uncatched
[15:28:48] 14681 MapPositions catched
[15:28:48] 42 MapZaaps catched
[15:28:48] 79 MapSubways catched
[15:28:49] 15228 SpellLevels catched 
[15:28:49] 4772 Spells catched 
[15:28:49] 316 GuildEmblems catched 
[15:28:49] 1179 LearnableSpells catched 
[15:28:49] 9780 ItemTemplates catched 
[15:28:49] 4489 Weapons catched 
[15:28:49] 363 ItemSets catched 
[15:28:49] 171 ItemTypes catched 
[15:28:49] 110 ItemPets catched 
[15:28:50] 2476 NpcTemplates catched 
[15:28:50] 787 NpcSpawns catched 
[15:28:50] 94 NpcItems catched 
[15:28:50] 19801 NpcMessages catched 
[15:28:50] 7 NpcReplies catched 
[15:28:50] 353 Triggers catched
[15:28:50] 1277 Paddocks catched
[15:28:50] 72 Mounts catched
[15:28:50] 4 Guild catched
[15:28:50] 3 GuildMembers catched
[15:28:51] 122 Handlers Readed
[15:28:51] 166 Messages Readed
[15:28:51] WorldServer start in 12599 ms.
[15:31:29] MySQL Database Connected
[15:31:29] 16 Breeds catched
[15:31:29] 256 Heads catched
[15:31:29] 561 Effects catched
[15:31:29] 4 SuperAreas catched
[15:31:29] 48 Areas catched
[15:31:30] 334 SubAreas catched
[15:31:38] 11260 DofusMaps catched
[15:31:38] 9761 StatedElements catched
[15:31:38] 13349 InteractiveElements catched
[15:31:38] 1485 HouseInformations catched
[15:31:38] 556 InteractiveDoors catched
[15:31:38] 3614 MapPositions uncatched
[15:31:38] 14681 MapPositions catched
[15:31:38] 42 MapZaaps catched
[15:31:38] 79 MapSubways catched
[15:31:38] 15228 SpellLevels catched 
[15:31:38] 4772 Spells catched 
[15:31:38] 316 GuildEmblems catched 
[15:31:38] 1179 LearnableSpells catched 
[15:31:39] 9780 ItemTemplates catched 
[15:31:39] 4489 Weapons catched 
[15:31:39] 363 ItemSets catched 
[15:31:39] 171 ItemTypes catched 
[15:31:39] 110 ItemPets catched 
[15:31:39] 2476 NpcTemplates catched 
[15:31:39] 787 NpcSpawns catched 
[15:31:39] 94 NpcItems catched 
[15:31:39] 19801 NpcMessages catched 
[15:31:39] 7 NpcReplies catched 
[15:31:40] 353 Triggers catched
[15:31:40] 1277 Paddocks catched
[15:31:40] 72 Mounts catched
[15:31:40] 4 Guild catched
[15:31:40] 3 GuildMembers catched
[15:31:40] 122 Handlers Readed
[15:31:41] 166 Messages Readed
[15:31:41] WorldServer start in 12439 ms.
[15:37:32] MySQL Database Connected
[15:37:32] 16 Breeds catched
[15:37:32] 256 Heads catched
[15:37:32] 561 Effects catched
[15:37:33] 4 SuperAreas catched
[15:37:33] 48 Areas catched
[15:37:34] 334 SubAreas catched
[15:37:41] 11260 DofusMaps catched
[15:37:41] 9761 StatedElements catched
[15:37:41] 13349 InteractiveElements catched
[15:37:41] 1485 HouseInformations catched
[15:37:41] 556 InteractiveDoors catched
[15:37:41] 3614 MapPositions uncatched
[15:37:41] 14681 MapPositions catched
[15:37:41] 42 MapZaaps catched
[15:37:41] 79 MapSubways catched
[15:37:42] 15228 SpellLevels catched 
[15:37:42] 4772 Spells catched 
[15:37:42] 316 GuildEmblems catched 
[15:37:42] 1179 LearnableSpells catched 
[15:37:42] 9780 ItemTemplates catched 
[15:37:42] 4489 Weapons catched 
[15:37:42] 363 ItemSets catched 
[15:37:42] 171 ItemTypes catched 
[15:37:42] 110 ItemPets catched 
[15:37:43] 2476 NpcTemplates catched 
[15:37:43] 787 NpcSpawns catched 
[15:37:43] 94 NpcItems catched 
[15:37:43] 19801 NpcMessages catched 
[15:37:43] 7 NpcReplies catched 
[15:37:43] 353 Triggers catched
[15:37:43] 1277 Paddocks catched
[15:37:43] 72 Mounts catched
[15:37:43] 4 Guild catched
[15:37:43] 3 GuildMembers catched
[15:37:44] 122 Handlers Readed
[15:37:44] 166 Messages Readed
[15:37:44] WorldServer start in 12412 ms.
[15:45:58] MySQL Database Connected
[15:45:58] 16 Breeds catched
[15:45:58] 256 Heads catched
[15:45:58] 561 Effects catched
[15:45:59] 4 SuperAreas catched
[15:45:59] 48 Areas catched
[15:46:00] 334 SubAreas catched
[15:46:08] 11260 DofusMaps catched
[15:46:08] 9761 StatedElements catched
[15:46:08] 13349 InteractiveElements catched
[15:46:08] 1485 HouseInformations catched
[15:46:08] 556 InteractiveDoors catched
[15:46:08] 3614 MapPositions uncatched
[15:46:08] 14681 MapPositions catched
[15:46:08] 42 MapZaaps catched
[15:46:08] 79 MapSubways catched
[15:46:08] 15228 SpellLevels catched 
[15:46:09] 4772 Spells catched 
[15:46:09] 316 GuildEmblems catched 
[15:46:09] 1179 LearnableSpells catched 
[15:46:09] 9780 ItemTemplates catched 
[15:46:09] 4489 Weapons catched 
[15:46:09] 363 ItemSets catched 
[15:46:09] 171 ItemTypes catched 
[15:46:09] 110 ItemPets catched 
[15:46:10] 2476 NpcTemplates catched 
[15:46:10] 787 NpcSpawns catched 
[15:46:10] 94 NpcItems catched 
[15:46:10] 19801 NpcMessages catched 
[15:46:10] 7 NpcReplies catched 
[15:46:10] 353 Triggers catched
[15:46:10] 1277 Paddocks catched
[15:46:10] 72 Mounts catched
[15:46:10] 4 Guild catched
[15:46:10] 3 GuildMembers catched
[15:46:10] 122 Handlers Readed
[15:46:11] 166 Messages Readed
[15:46:11] WorldServer start in 13319 ms.
[15:51:11] MySQL Database Connected
[15:51:11] 16 Breeds catched
[15:51:11] 256 Heads catched
[15:51:11] 561 Effects catched
[15:51:12] 4 SuperAreas catched
[15:51:12] 48 Areas catched
[15:51:12] 334 SubAreas catched
[15:51:20] 11260 DofusMaps catched
[15:51:20] 9761 StatedElements catched
[15:51:20] 13349 InteractiveElements catched
[15:51:20] 1485 HouseInformations catched
[15:51:20] 556 InteractiveDoors catched
[15:51:20] 3614 MapPositions uncatched
[15:51:20] 14681 MapPositions catched
[15:51:20] 42 MapZaaps catched
[15:51:20] 79 MapSubways catched
[15:51:21] 15228 SpellLevels catched 
[15:51:21] 4772 Spells catched 
[15:51:21] 316 GuildEmblems catched 
[15:51:21] 1179 LearnableSpells catched 
[15:51:21] 9780 ItemTemplates catched 
[15:51:21] 4489 Weapons catched 
[15:51:21] 363 ItemSets catched 
[15:51:21] 171 ItemTypes catched 
[15:51:21] 110 ItemPets catched 
[15:51:22] 2476 NpcTemplates catched 
[15:51:22] 787 NpcSpawns catched 
[15:51:22] 94 NpcItems catched 
[15:51:22] 19801 NpcMessages catched 
[15:51:22] 7 NpcReplies catched 
[15:51:22] 353 Triggers catched
[15:51:22] 1277 Paddocks catched
[15:51:22] 72 Mounts catched
[15:51:22] 4 Guild catched
[15:51:22] 3 GuildMembers catched
[15:51:23] 122 Handlers Readed
[15:51:23] 166 Messages Readed
[15:51:23] WorldServer start in 12320 ms.
[16:04:45] MySQL Database Connected
[16:04:45] 16 Breeds catched
[16:04:45] 256 Heads catched
[16:04:45] 561 Effects catched
[16:04:45] 4 SuperAreas catched
[16:04:45] 48 Areas catched
[16:04:46] 334 SubAreas catched
[16:04:53] MySQL Database Connected
[16:04:53] 16 Breeds catched
[16:04:53] 256 Heads catched
[16:04:53] 561 Effects catched
[16:04:54] 4 SuperAreas catched
[16:04:54] 48 Areas catched
[16:04:55] 334 SubAreas catched
[16:05:04] 11260 DofusMaps catched
[16:05:04] 9761 StatedElements catched
[16:05:04] 13349 InteractiveElements catched
[16:05:04] 1485 HouseInformations catched
[16:05:04] 556 InteractiveDoors catched
[16:05:04] 3614 MapPositions uncatched
[16:05:04] 14681 MapPositions catched
[16:05:04] 42 MapZaaps catched
[16:05:04] 79 MapSubways catched
[16:05:04] 15228 SpellLevels catched 
[16:05:05] 4772 Spells catched 
[16:05:05] 316 GuildEmblems catched 
[16:05:05] 1179 LearnableSpells catched 
[16:05:05] 9780 ItemTemplates catched 
[16:05:05] 4489 Weapons catched 
[16:05:05] 363 ItemSets catched 
[16:05:05] 171 ItemTypes catched 
[16:05:05] 110 ItemPets catched 
[16:05:05] 2476 NpcTemplates catched 
[16:05:05] 787 NpcSpawns catched 
[16:05:05] 94 NpcItems catched 
[16:05:06] 19801 NpcMessages catched 
[16:05:06] 7 NpcReplies catched 
[16:05:06] 353 Triggers catched
[16:05:06] 1277 Paddocks catched
[16:05:06] 72 Mounts catched
[16:05:06] 4 Guild catched
[16:05:06] 3 GuildMembers catched
[16:05:06] 122 Handlers Readed
[16:05:07] 166 Messages Readed
[16:05:07] WorldServer start in 13714 ms.
[16:07:06] MySQL Database Connected
[16:07:06] 16 Breeds catched
[16:07:06] 256 Heads catched
[16:07:06] 561 Effects catched
[16:07:07] 4 SuperAreas catched
[16:07:07] 48 Areas catched
[16:07:08] 334 SubAreas catched
[16:07:15] 11260 DofusMaps catched
[16:07:15] 9761 StatedElements catched
[16:07:15] 13349 InteractiveElements catched
[16:07:15] 1485 HouseInformations catched
[16:07:15] 556 InteractiveDoors catched
[16:07:16] 3614 MapPositions uncatched
[16:07:16] 14681 MapPositions catched
[16:07:16] 42 MapZaaps catched
[16:07:16] 79 MapSubways catched
[16:07:16] 15228 SpellLevels catched 
[16:07:16] 4772 Spells catched 
[16:07:16] 316 GuildEmblems catched 
[16:07:16] 1179 LearnableSpells catched 
[16:07:16] 9780 ItemTemplates catched 
[16:07:16] 4489 Weapons catched 
[16:07:16] 363 ItemSets catched 
[16:07:16] 171 ItemTypes catched 
[16:07:16] 110 ItemPets catched 
[16:07:17] 2476 NpcTemplates catched 
[16:07:17] 787 NpcSpawns catched 
[16:07:17] 94 NpcItems catched 
[16:07:17] 19801 NpcMessages catched 
[16:07:17] 7 NpcReplies catched 
[16:07:17] 353 Triggers catched
[16:07:17] 1277 Paddocks catched
[16:07:17] 72 Mounts catched
[16:07:17] 4 Guild catched
[16:07:17] 3 GuildMembers catched
[16:07:18] 122 Handlers Readed
[16:07:18] 166 Messages Readed
[16:07:18] WorldServer start in 12272 ms.
[16:55:15] MySQL Database Connected
[16:55:15] 16 Breeds catched
[16:55:15] 256 Heads catched
[16:55:15] 561 Effects catched
[16:55:16] 4 SuperAreas catched
[16:55:16] 48 Areas catched
[16:55:17] 334 SubAreas catched
[16:55:25] 11260 DofusMaps catched
[16:55:25] 9761 StatedElements catched
[16:55:25] 13349 InteractiveElements catched
[16:55:25] 1485 HouseInformations catched
[16:55:25] 556 InteractiveDoors catched
[16:55:25] 3614 MapPositions uncatched
[16:55:25] 14681 MapPositions catched
[16:55:25] 42 MapZaaps catched
[16:55:25] 79 MapSubways catched
[16:55:25] 15228 SpellLevels catched 
[16:55:25] 4772 Spells catched 
[16:55:25] 316 GuildEmblems catched 
[16:55:25] 1179 LearnableSpells catched 
[16:55:26] 9780 ItemTemplates catched 
[16:55:26] 4489 Weapons catched 
[16:55:26] 363 ItemSets catched 
[16:55:26] 171 ItemTypes catched 
[16:55:26] 110 ItemPets catched 
[16:55:26] 2476 NpcTemplates catched 
[16:55:26] 787 NpcSpawns catched 
[16:55:26] 94 NpcItems catched 
[16:55:26] 19801 NpcMessages catched 
[16:55:26] 7 NpcReplies catched 
[16:55:27] 353 Triggers catched
[16:55:27] 1277 Paddocks catched
[16:55:27] 72 Mounts catched
[16:55:27] 4 Guild catched
[16:55:27] 3 GuildMembers catched
[16:55:27] 122 Handlers Readed
[16:55:28] 166 Messages Readed
[16:55:28] WorldServer start in 12978 ms.
