[16:10:45] MySQL Database Connected
[16:10:45] 16 Breeds catched
[16:10:45] 256 Heads catched
[16:10:45] 561 Effects catched
[16:10:46] 4 SuperAreas catched
[16:10:46] 48 Areas catched
[16:10:47] 334 SubAreas catched
[16:11:02] 11260 DofusMaps catched
[16:11:02] 9761 StatedElements catched
[16:11:02] 13349 InteractiveElements catched
[16:11:02] 1485 HouseInformations catched
[16:11:02] 555 InteractiveDoors catched
[16:11:02] 3614 MapPositions uncatched
[16:11:02] 14681 MapPositions catched
[16:11:02] 42 MapZaaps catched
[16:11:02] 79 MapSubways catched
[16:11:03] 15228 SpellLevels catched 
[16:11:03] 4772 Spells catched 
[16:11:03] 1179 LearnableSpells catched 
[16:11:03] 9780 ItemTemplates catched 
[16:11:03] 4489 Weapons catched 
[16:11:04] 363 ItemSets catched 
[16:11:04] 171 ItemTypes catched 
[16:11:04] 110 ItemPets catched 
[16:11:04] 2476 NpcTemplates catched 
[16:11:04] 787 NpcSpawns catched 
[16:11:04] 94 NpcItems catched 
[16:11:05] 19801 NpcMessages catched 
[16:11:05] 7 NpcReplies catched 
[16:11:05] 353 Triggers catched
[16:11:05] 1281 Paddocks catched
[16:11:05] 72 Mounts catched
[16:11:09] 96 Handlers Readed
[16:11:13] 125 Messages Readed
[16:11:13] WorldServer start in 28713 ms.
[16:33:36] MySQL Database Connected
[16:33:36] 16 Breeds catched
[16:33:36] 256 Heads catched
[16:33:36] 561 Effects catched
[16:33:37] 4 SuperAreas catched
[16:33:37] 48 Areas catched
[16:33:38] 334 SubAreas catched
[16:33:46] 11260 DofusMaps catched
[16:33:46] 9761 StatedElements catched
[16:33:46] 13349 InteractiveElements catched
[16:33:46] 1485 HouseInformations catched
[16:33:46] 555 InteractiveDoors catched
[16:33:46] 3614 MapPositions uncatched
[16:33:46] 14681 MapPositions catched
[16:33:46] 42 MapZaaps catched
[16:33:46] 79 MapSubways catched
[16:33:46] 15228 SpellLevels catched 
[16:33:46] 4772 Spells catched 
[16:33:46] 1179 LearnableSpells catched 
[16:33:47] 9780 ItemTemplates catched 
[16:33:47] 4489 Weapons catched 
[16:33:47] 363 ItemSets catched 
[16:33:47] 171 ItemTypes catched 
[16:33:47] 110 ItemPets catched 
[16:33:47] 2476 NpcTemplates catched 
[16:33:47] 787 NpcSpawns catched 
[16:33:47] 94 NpcItems catched 
[16:33:47] 19801 NpcMessages catched 
[16:33:47] 7 NpcReplies catched 
[16:33:48] 353 Triggers catched
[16:33:48] 1281 Paddocks catched
[16:33:48] 72 Mounts catched
[16:33:48] 96 Handlers Readed
[16:33:49] 125 Messages Readed
[16:33:49] WorldServer start in 13103 ms.
[16:34:29] MySQL Database Connected
[16:34:29] 16 Breeds catched
[16:34:29] 256 Heads catched
[16:34:29] 561 Effects catched
[16:34:30] 4 SuperAreas catched
[16:34:30] 48 Areas catched
[16:34:31] 334 SubAreas catched
[16:34:39] 11260 DofusMaps catched
[16:34:39] 9761 StatedElements catched
[16:34:40] 13349 InteractiveElements catched
[16:34:40] 1485 HouseInformations catched
[16:34:40] 555 InteractiveDoors catched
[16:34:40] 3614 MapPositions uncatched
[16:34:40] 14681 MapPositions catched
[16:34:40] 42 MapZaaps catched
[16:34:40] 79 MapSubways catched
[16:34:40] 15228 SpellLevels catched 
[16:34:40] 4772 Spells catched 
[16:34:40] 1179 LearnableSpells catched 
[16:34:40] 9780 ItemTemplates catched 
[16:34:40] 4489 Weapons catched 
[16:34:41] 363 ItemSets catched 
[16:34:41] 171 ItemTypes catched 
[16:34:41] 110 ItemPets catched 
[16:34:41] 2476 NpcTemplates catched 
[16:34:41] 787 NpcSpawns catched 
[16:34:41] 94 NpcItems catched 
[16:34:41] 19801 NpcMessages catched 
[16:34:41] 7 NpcReplies catched 
[16:34:41] 353 Triggers catched
[16:34:41] 1281 Paddocks catched
[16:34:41] 72 Mounts catched
[16:34:42] 96 Handlers Readed
[16:34:42] 125 Messages Readed
[16:34:42] WorldServer start in 13517 ms.
[16:36:57] MySQL Database Connected
[16:36:57] 16 Breeds catched
[16:36:57] 256 Heads catched
[16:36:57] 561 Effects catched
[16:36:58] 4 SuperAreas catched
[16:36:58] 48 Areas catched
[16:36:59] 334 SubAreas catched
[16:37:16] 11260 DofusMaps catched
[16:37:16] 9761 StatedElements catched
[16:37:16] 13349 InteractiveElements catched
[16:37:16] 1485 HouseInformations catched
[16:37:16] 555 InteractiveDoors catched
[16:37:16] 3614 MapPositions uncatched
[16:37:16] 14681 MapPositions catched
[16:37:16] 42 MapZaaps catched
[16:37:16] 79 MapSubways catched
[16:37:17] 15228 SpellLevels catched 
[16:37:17] 4772 Spells catched 
[16:37:17] 1179 LearnableSpells catched 
[16:37:17] 9780 ItemTemplates catched 
[16:37:18] 4489 Weapons catched 
[16:37:18] 363 ItemSets catched 
[16:37:18] 171 ItemTypes catched 
[16:37:18] 110 ItemPets catched 
[16:37:18] 2476 NpcTemplates catched 
[16:37:18] 787 NpcSpawns catched 
[16:37:18] 94 NpcItems catched 
[16:37:18] 19801 NpcMessages catched 
[16:37:18] 7 NpcReplies catched 
[16:37:19] 353 Triggers catched
[16:37:19] 1281 Paddocks catched
[16:37:19] 72 Mounts catched
[16:37:19] 96 Handlers Readed
[16:37:20] 125 Messages Readed
[16:37:20] WorldServer start in 23344 ms.
