[11:23:14] MySQL Database Connected
[11:23:14] 16 Breeds catched
[11:23:14] 256 Heads catched
[11:23:14] 561 Effects catched
[11:23:23] 11260 DofusMaps catched
[11:23:23] 454 StatedElements catched
[11:23:23] 802 InteractiveElements catched
[11:23:23] 74 HouseInformations catched
[11:23:23] 120 InteractiveDoors catched
[11:23:23] 3614 MapPositions uncatched
[11:23:23] 14681 MapPositions catched
[11:23:23] 42 MapZaaps catched
[11:23:23] 15228 SpellLevels catched 
[11:23:24] 4772 Spells catched 
[11:23:24] 1179 LearnableSpells catched 
[11:23:24] 9780 ItemTemplates catched 
[11:23:24] 4489 Weapons catched 
[11:23:24] 363 ItemSets catched 
[11:23:24] 171 ItemTypes catched 
[11:24:16] MySQL Database Connected
[11:24:16] 16 Breeds catched
[11:24:16] 256 Heads catched
[11:24:16] 561 Effects catched
[11:24:24] 11260 DofusMaps catched
[11:24:24] 454 StatedElements catched
[11:24:24] 802 InteractiveElements catched
[11:24:24] 74 HouseInformations catched
[11:24:24] 120 InteractiveDoors catched
[11:24:24] 3614 MapPositions uncatched
[11:24:24] 14681 MapPositions catched
[11:24:24] 42 MapZaaps catched
[11:24:24] 15228 SpellLevels catched 
[11:24:24] 4772 Spells catched 
[11:24:24] 1179 LearnableSpells catched 
[11:24:25] 9780 ItemTemplates catched 
[11:24:25] 4489 Weapons catched 
[11:24:25] 363 ItemSets catched 
[11:24:25] 171 ItemTypes catched 
[11:24:25] 110 ItemPets catched 
[11:24:25] 2476 NpcTemplates catched 
[11:24:25] 138 NpcSpawns catched 
[11:24:25] 50 NpcItems catched 
[11:24:25] 19801 NpcMessages catched 
[11:24:25] 7 NpcReplies catched 
[11:24:25] 18 Triggers catched
[11:24:26] 87 Handlers Readed
[11:24:27] 116 Messages Readed
[11:24:27] WorldServer start in 11128 ms.
[11:48:31] MySQL Database Connected
[11:48:31] 16 Breeds catched
[11:48:31] 256 Heads catched
[11:48:31] 561 Effects catched
[11:48:41] 11260 DofusMaps catched
[11:48:41] 454 StatedElements catched
[11:48:41] 802 InteractiveElements catched
[11:48:41] 74 HouseInformations catched
[11:48:41] 120 InteractiveDoors catched
[11:48:41] 3614 MapPositions uncatched
[11:48:41] 14681 MapPositions catched
[11:48:41] 42 MapZaaps catched
[11:48:41] 15228 SpellLevels catched 
[11:48:41] 4772 Spells catched 
[11:48:41] 1179 LearnableSpells catched 
[11:48:41] 9780 ItemTemplates catched 
[11:48:42] 4489 Weapons catched 
[11:48:42] 363 ItemSets catched 
[11:48:42] 171 ItemTypes catched 
[11:48:42] 110 ItemPets catched 
[11:48:42] 2476 NpcTemplates catched 
[11:48:42] 138 NpcSpawns catched 
[11:48:42] 50 NpcItems catched 
[11:48:42] 19801 NpcMessages catched 
[11:48:42] 7 NpcReplies catched 
[11:48:42] 18 Triggers catched
[11:48:42] 87 Handlers Readed
[11:48:43] 116 Messages Readed
[11:48:43] WorldServer start in 12431 ms.
[11:49:04] MySQL Database Connected
[11:49:04] 16 Breeds catched
[11:49:04] 256 Heads catched
[11:49:04] 561 Effects catched
[11:49:13] 11260 DofusMaps catched
[11:49:13] 454 StatedElements catched
[11:49:13] 802 InteractiveElements catched
[11:49:13] 74 HouseInformations catched
[11:49:13] 120 InteractiveDoors catched
[11:49:13] 3614 MapPositions uncatched
[11:49:13] 14681 MapPositions catched
[11:49:13] 42 MapZaaps catched
[11:49:13] 15228 SpellLevels catched 
[11:49:13] 4772 Spells catched 
[11:49:13] 1179 LearnableSpells catched 
[11:49:14] 9780 ItemTemplates catched 
[11:49:14] 4489 Weapons catched 
[11:49:14] 363 ItemSets catched 
[11:49:14] 171 ItemTypes catched 
[11:49:14] 110 ItemPets catched 
[11:49:14] 2476 NpcTemplates catched 
[11:49:14] 138 NpcSpawns catched 
[11:49:14] 50 NpcItems catched 
[11:49:14] 19801 NpcMessages catched 
[11:49:14] 7 NpcReplies catched 
[11:49:14] 18 Triggers catched
[11:49:15] 87 Handlers Readed
[11:49:15] 116 Messages Readed
[11:49:15] WorldServer start in 11649 ms.
[12:04:51] MySQL Database Connected
[12:04:51] 16 Breeds catched
[12:04:51] 256 Heads catched
[12:04:51] 561 Effects catched
[12:04:59] 11260 DofusMaps catched
[12:04:59] 454 StatedElements catched
[12:04:59] 802 InteractiveElements catched
[12:04:59] 74 HouseInformations catched
[12:04:59] 120 InteractiveDoors catched
[12:04:59] 3614 MapPositions uncatched
[12:04:59] 14681 MapPositions catched
[12:04:59] 42 MapZaaps catched
[12:04:59] 15228 SpellLevels catched 
[12:04:59] 4772 Spells catched 
[12:04:59] 1179 LearnableSpells catched 
[12:04:59] 9780 ItemTemplates catched 
[12:05:00] 4489 Weapons catched 
[12:05:00] 363 ItemSets catched 
[12:05:00] 171 ItemTypes catched 
[12:05:00] 110 ItemPets catched 
[12:05:00] 2476 NpcTemplates catched 
[12:05:00] 138 NpcSpawns catched 
[12:05:00] 50 NpcItems catched 
[12:05:00] 19801 NpcMessages catched 
[12:05:00] 7 NpcReplies catched 
[12:05:00] 18 Triggers catched
[12:05:00] 87 Handlers Readed
[12:05:01] 116 Messages Readed
[12:05:01] WorldServer start in 10287 ms.
[12:09:49] MySQL Database Connected
[12:09:49] 16 Breeds catched
[12:09:49] 256 Heads catched
[12:09:49] 561 Effects catched
[12:09:57] 11260 DofusMaps catched
[12:09:57] 454 StatedElements catched
[12:09:57] 802 InteractiveElements catched
[12:09:57] 74 HouseInformations catched
[12:09:57] 120 InteractiveDoors catched
[12:09:57] 3614 MapPositions uncatched
[12:09:57] 14681 MapPositions catched
[12:09:57] 42 MapZaaps catched
[12:09:57] 15228 SpellLevels catched 
[12:09:57] 4772 Spells catched 
[12:09:57] 1179 LearnableSpells catched 
[12:09:58] 9780 ItemTemplates catched 
[12:09:58] 4489 Weapons catched 
[12:09:58] 363 ItemSets catched 
[12:09:58] 171 ItemTypes catched 
[12:09:58] 110 ItemPets catched 
[12:09:58] 2476 NpcTemplates catched 
[12:09:58] 138 NpcSpawns catched 
[12:09:58] 50 NpcItems catched 
[12:09:58] 19801 NpcMessages catched 
[12:09:58] 7 NpcReplies catched 
[12:09:58] 18 Triggers catched
[12:09:59] 87 Handlers Readed
[12:09:59] 116 Messages Readed
[12:09:59] WorldServer start in 10538 ms.
[12:10:34] MySQL Database Connected
[12:10:34] 16 Breeds catched
[12:10:34] 256 Heads catched
[12:10:34] 561 Effects catched
[12:10:42] 11260 DofusMaps catched
[12:10:42] 454 StatedElements catched
[12:10:42] 802 InteractiveElements catched
[12:10:42] 74 HouseInformations catched
[12:10:42] 120 InteractiveDoors catched
[12:10:42] 3614 MapPositions uncatched
[12:10:42] 14681 MapPositions catched
[12:10:42] 42 MapZaaps catched
[12:10:42] 15228 SpellLevels catched 
[12:10:42] 4772 Spells catched 
[12:10:42] 1179 LearnableSpells catched 
[12:11:49] MySQL Database Connected
[12:11:49] 16 Breeds catched
[12:11:49] 256 Heads catched
[12:11:49] 561 Effects catched
[12:11:57] 11260 DofusMaps catched
[12:11:57] 454 StatedElements catched
[12:11:57] 802 InteractiveElements catched
[12:11:57] 74 HouseInformations catched
[12:11:57] 120 InteractiveDoors catched
[12:11:57] 3614 MapPositions uncatched
[12:11:57] 14681 MapPositions catched
[12:11:57] 42 MapZaaps catched
[12:11:57] 15228 SpellLevels catched 
[12:11:57] 4772 Spells catched 
[12:11:57] 1179 LearnableSpells catched 
[12:12:22] MySQL Database Connected
[12:12:22] 16 Breeds catched
[12:12:22] 256 Heads catched
[12:12:22] 561 Effects catched
[12:12:30] 11260 DofusMaps catched
[12:12:30] 454 StatedElements catched
[12:12:30] 802 InteractiveElements catched
[12:12:30] 74 HouseInformations catched
[12:12:30] 120 InteractiveDoors catched
[12:12:30] 3614 MapPositions uncatched
[12:12:30] 14681 MapPositions catched
[12:12:30] 42 MapZaaps catched
[12:12:30] 15228 SpellLevels catched 
[12:12:30] 4772 Spells catched 
[12:12:30] 1179 LearnableSpells catched 
[12:12:53] MySQL Database Connected
[12:12:53] 16 Breeds catched
[12:12:53] 256 Heads catched
[12:12:53] 561 Effects catched
[12:13:01] 11260 DofusMaps catched
[12:13:01] 454 StatedElements catched
[12:13:01] 802 InteractiveElements catched
[12:13:01] 74 HouseInformations catched
[12:13:01] 120 InteractiveDoors catched
[12:13:01] 3614 MapPositions uncatched
[12:13:01] 14681 MapPositions catched
[12:13:01] 42 MapZaaps catched
[12:13:01] 15228 SpellLevels catched 
[12:13:01] 4772 Spells catched 
[12:13:01] 1179 LearnableSpells catched 
[12:13:01] 9780 ItemTemplates catched 
[12:13:01] 4489 Weapons catched 
[12:13:01] 363 ItemSets catched 
[12:13:01] 171 ItemTypes catched 
[12:13:01] 110 ItemPets catched 
[12:13:02] 2476 NpcTemplates catched 
[12:13:02] 138 NpcSpawns catched 
[12:13:02] 50 NpcItems catched 
[12:13:02] 19801 NpcMessages catched 
[12:13:02] 7 NpcReplies catched 
[12:13:02] 18 Triggers catched
[12:13:02] 87 Handlers Readed
[12:13:03] 116 Messages Readed
[12:13:03] WorldServer start in 10129 ms.
[12:34:14] MySQL Database Connected
[12:34:14] 16 Breeds catched
[12:34:14] 256 Heads catched
[12:34:14] 561 Effects catched
[12:34:21] 11260 DofusMaps catched
[12:34:21] 454 StatedElements catched
[12:34:21] 802 InteractiveElements catched
[12:34:21] 74 HouseInformations catched
[12:34:21] 120 InteractiveDoors catched
[12:34:21] 3614 MapPositions uncatched
[12:34:21] 14681 MapPositions catched
[12:34:21] 42 MapZaaps catched
[12:34:22] 15228 SpellLevels catched 
[12:34:22] 4772 Spells catched 
[12:34:22] 1179 LearnableSpells catched 
[12:34:22] 9780 ItemTemplates catched 
[12:34:22] 4489 Weapons catched 
[12:34:22] 363 ItemSets catched 
[12:34:22] 171 ItemTypes catched 
[12:35:23] MySQL Database Connected
[12:35:23] 16 Breeds catched
[12:35:23] 256 Heads catched
[12:35:23] 561 Effects catched
[12:35:31] 11260 DofusMaps catched
[12:35:31] 454 StatedElements catched
[12:35:31] 802 InteractiveElements catched
[12:35:31] 74 HouseInformations catched
[12:35:31] 120 InteractiveDoors catched
[12:35:31] 3614 MapPositions uncatched
[12:35:31] 14681 MapPositions catched
[12:35:31] 42 MapZaaps catched
[12:35:32] 15228 SpellLevels catched 
[12:35:32] 4772 Spells catched 
[12:35:32] 1179 LearnableSpells catched 
[12:35:32] 9780 ItemTemplates catched 
[12:35:32] 4489 Weapons catched 
[12:35:32] 363 ItemSets catched 
[12:35:32] 171 ItemTypes catched 
[12:35:32] 110 ItemPets catched 
[12:35:32] 2476 NpcTemplates catched 
[12:35:32] 138 NpcSpawns catched 
[12:35:32] 50 NpcItems catched 
[12:35:32] 19801 NpcMessages catched 
[12:35:32] 7 NpcReplies catched 
[12:35:33] 18 Triggers catched
[12:35:33] 87 Handlers Readed
[12:35:33] 116 Messages Readed
[12:35:33] WorldServer start in 10176 ms.
[12:36:35] MySQL Database Connected
[12:36:35] 16 Breeds catched
[12:36:35] 256 Heads catched
[12:36:35] 561 Effects catched
[12:36:43] 11260 DofusMaps catched
[12:36:43] 454 StatedElements catched
[12:36:43] 802 InteractiveElements catched
[12:36:43] 74 HouseInformations catched
[12:36:43] 120 InteractiveDoors catched
[12:36:43] 3614 MapPositions uncatched
[12:36:43] 14681 MapPositions catched
[12:36:44] 42 MapZaaps catched
[12:36:44] 15228 SpellLevels catched 
[12:36:44] 4772 Spells catched 
[12:36:44] 1179 LearnableSpells catched 
[12:36:44] 9780 ItemTemplates catched 
[12:36:44] 4489 Weapons catched 
[12:36:44] 363 ItemSets catched 
[12:36:44] 171 ItemTypes catched 
[12:36:44] 110 ItemPets catched 
[12:36:45] 2476 NpcTemplates catched 
[12:36:45] 138 NpcSpawns catched 
[12:36:45] 50 NpcItems catched 
[12:36:45] 19801 NpcMessages catched 
[12:36:45] 7 NpcReplies catched 
[12:36:45] 18 Triggers catched
[12:36:45] 87 Handlers Readed
[12:36:46] 116 Messages Readed
[12:36:46] WorldServer start in 10631 ms.
[12:38:12] MySQL Database Connected
[12:38:12] 16 Breeds catched
[12:38:12] 256 Heads catched
[12:38:12] 561 Effects catched
[12:38:20] 11260 DofusMaps catched
[12:38:20] 454 StatedElements catched
[12:38:20] 802 InteractiveElements catched
[12:38:20] 74 HouseInformations catched
[12:38:20] 120 InteractiveDoors catched
[12:38:20] 3614 MapPositions uncatched
[12:38:20] 14681 MapPositions catched
[12:38:20] 42 MapZaaps catched
[12:38:20] 15228 SpellLevels catched 
[12:38:20] 4772 Spells catched 
[12:38:20] 1179 LearnableSpells catched 
[12:38:21] 9780 ItemTemplates catched 
[12:38:21] 4489 Weapons catched 
[12:38:21] 363 ItemSets catched 
[12:38:21] 171 ItemTypes catched 
[12:38:21] 110 ItemPets catched 
[12:38:21] 2476 NpcTemplates catched 
[12:38:21] 138 NpcSpawns catched 
[12:38:21] 50 NpcItems catched 
[12:38:21] 19801 NpcMessages catched 
[12:38:21] 7 NpcReplies catched 
[12:38:21] 18 Triggers catched
[12:38:22] 87 Handlers Readed
[12:38:22] 116 Messages Readed
[12:38:22] WorldServer start in 10153 ms.
[12:39:32] MySQL Database Connected
[12:39:32] 16 Breeds catched
[12:39:32] 256 Heads catched
[12:39:32] 561 Effects catched
[12:39:40] 11260 DofusMaps catched
[12:39:40] 454 StatedElements catched
[12:39:40] 802 InteractiveElements catched
[12:39:40] 74 HouseInformations catched
[12:39:40] 120 InteractiveDoors catched
[12:39:40] 3614 MapPositions uncatched
[12:39:40] 14681 MapPositions catched
[12:39:40] 42 MapZaaps catched
[12:39:41] 15228 SpellLevels catched 
[12:39:41] 4772 Spells catched 
[12:39:41] 1179 LearnableSpells catched 
[12:39:41] 9780 ItemTemplates catched 
[12:39:41] 4489 Weapons catched 
[12:39:41] 363 ItemSets catched 
[12:39:41] 171 ItemTypes catched 
[12:39:41] 110 ItemPets catched 
[12:39:41] 2476 NpcTemplates catched 
[12:39:41] 138 NpcSpawns catched 
[12:39:41] 50 NpcItems catched 
[12:39:41] 19801 NpcMessages catched 
[12:39:41] 7 NpcReplies catched 
[12:39:41] 18 Triggers catched
[12:39:42] 87 Handlers Readed
[12:39:42] 116 Messages Readed
[12:39:42] WorldServer start in 11017 ms.
[12:40:20] MySQL Database Connected
[12:40:20] 16 Breeds catched
[12:40:20] 256 Heads catched
[12:40:20] 561 Effects catched
[12:40:28] 11260 DofusMaps catched
[12:40:28] 454 StatedElements catched
[12:40:28] 802 InteractiveElements catched
[12:40:28] 74 HouseInformations catched
[12:40:28] 120 InteractiveDoors catched
[12:40:28] 3614 MapPositions uncatched
[12:40:28] 14681 MapPositions catched
[12:40:28] 42 MapZaaps catched
[12:40:28] 15228 SpellLevels catched 
[12:40:29] 4772 Spells catched 
[12:40:29] 1179 LearnableSpells catched 
[12:40:29] 9780 ItemTemplates catched 
[12:40:29] 4489 Weapons catched 
[12:40:29] 363 ItemSets catched 
[12:40:29] 171 ItemTypes catched 
[12:40:29] 110 ItemPets catched 
[12:40:29] 2476 NpcTemplates catched 
[12:40:29] 138 NpcSpawns catched 
[12:40:29] 50 NpcItems catched 
[12:40:29] 19801 NpcMessages catched 
[12:40:29] 7 NpcReplies catched 
[12:40:29] 18 Triggers catched
[12:40:30] 87 Handlers Readed
[12:40:30] 116 Messages Readed
[12:40:30] WorldServer start in 10286 ms.
[12:40:35] MySQL Database Connected
[12:40:35] 16 Breeds catched
[12:40:35] 256 Heads catched
[12:40:35] 561 Effects catched
[12:40:43] 11260 DofusMaps catched
[12:40:43] 454 StatedElements catched
[12:40:43] 802 InteractiveElements catched
[12:40:43] 74 HouseInformations catched
[12:40:43] 120 InteractiveDoors catched
[12:40:43] 3614 MapPositions uncatched
[12:40:43] 14681 MapPositions catched
[12:40:43] 42 MapZaaps catched
[12:40:43] 15228 SpellLevels catched 
[12:40:43] 4772 Spells catched 
[12:40:43] 1179 LearnableSpells catched 
[12:40:44] 9780 ItemTemplates catched 
[12:40:44] 4489 Weapons catched 
[12:40:44] 363 ItemSets catched 
[12:40:44] 171 ItemTypes catched 
[12:40:44] 110 ItemPets catched 
[12:40:44] 2476 NpcTemplates catched 
[12:40:44] 138 NpcSpawns catched 
[12:40:44] 50 NpcItems catched 
[12:40:44] 19801 NpcMessages catched 
[12:40:44] 7 NpcReplies catched 
[12:40:44] 18 Triggers catched
[12:40:45] 87 Handlers Readed
[12:40:45] 116 Messages Readed
[12:40:45] WorldServer start in 10366 ms.
[12:50:37] MySQL Database Connected
[12:50:37] 16 Breeds catched
[12:50:37] 256 Heads catched
[12:50:37] 561 Effects catched
[12:50:45] 11260 DofusMaps catched
[12:50:45] 454 StatedElements catched
[12:50:45] 802 InteractiveElements catched
[12:50:45] 74 HouseInformations catched
[12:50:45] 120 InteractiveDoors catched
[12:50:45] 3614 MapPositions uncatched
[12:50:45] 14681 MapPositions catched
[12:50:45] 42 MapZaaps catched
[12:50:45] 15228 SpellLevels catched 
[12:50:45] 4772 Spells catched 
[12:50:45] 1179 LearnableSpells catched 
[12:50:46] 9780 ItemTemplates catched 
[12:50:46] 4489 Weapons catched 
[12:50:46] 363 ItemSets catched 
[12:50:46] 171 ItemTypes catched 
[12:52:13] MySQL Database Connected
[12:52:13] 16 Breeds catched
[12:52:13] 256 Heads catched
[12:52:13] 561 Effects catched
[12:52:21] 11260 DofusMaps catched
[12:52:21] 454 StatedElements catched
[12:52:21] 802 InteractiveElements catched
[12:52:21] 74 HouseInformations catched
[12:52:21] 120 InteractiveDoors catched
[12:52:21] 3614 MapPositions uncatched
[12:52:21] 14681 MapPositions catched
[12:52:21] 42 MapZaaps catched
[12:52:21] 15228 SpellLevels catched 
[12:52:21] 4772 Spells catched 
[12:52:21] 1179 LearnableSpells catched 
[12:52:21] 9780 ItemTemplates catched 
[12:52:22] 4489 Weapons catched 
[12:52:22] 363 ItemSets catched 
[12:52:22] 171 ItemTypes catched 
[12:52:22] 110 ItemPets catched 
[12:52:22] 2476 NpcTemplates catched 
[12:52:22] 138 NpcSpawns catched 
[12:52:22] 50 NpcItems catched 
[12:52:22] 19801 NpcMessages catched 
[12:52:22] 7 NpcReplies catched 
[12:52:22] 18 Triggers catched
[12:52:22] 87 Handlers Readed
[12:52:23] 116 Messages Readed
[12:52:23] WorldServer start in 10365 ms.
[12:52:44] MySQL Database Connected
[12:52:44] 16 Breeds catched
[12:52:44] 256 Heads catched
[12:52:44] 561 Effects catched
[12:52:52] 11260 DofusMaps catched
[12:52:52] 454 StatedElements catched
[12:52:52] 802 InteractiveElements catched
[12:52:52] 74 HouseInformations catched
[12:52:52] 120 InteractiveDoors catched
[12:52:52] 3614 MapPositions uncatched
[12:52:52] 14681 MapPositions catched
[12:52:52] 42 MapZaaps catched
[12:52:52] 15228 SpellLevels catched 
[12:52:52] 4772 Spells catched 
[12:52:52] 1179 LearnableSpells catched 
[12:52:53] 9780 ItemTemplates catched 
[12:52:53] 4489 Weapons catched 
[12:52:53] 363 ItemSets catched 
[12:52:53] 171 ItemTypes catched 
[12:52:53] 110 ItemPets catched 
[12:52:53] 2476 NpcTemplates catched 
[12:52:53] 138 NpcSpawns catched 
[12:52:53] 50 NpcItems catched 
[12:52:53] 19801 NpcMessages catched 
[12:52:53] 7 NpcReplies catched 
[12:52:53] 18 Triggers catched
[12:52:53] 87 Handlers Readed
[12:52:54] 116 Messages Readed
[12:52:54] WorldServer start in 10150 ms.
[12:53:39] MySQL Database Connected
[12:53:39] 16 Breeds catched
[12:53:39] 256 Heads catched
[12:53:39] 561 Effects catched
[12:53:46] 11260 DofusMaps catched
[12:53:46] 454 StatedElements catched
[12:53:47] 802 InteractiveElements catched
[12:53:47] 74 HouseInformations catched
[12:53:47] 120 InteractiveDoors catched
[12:53:47] 3614 MapPositions uncatched
[12:53:47] 14681 MapPositions catched
[12:53:47] 42 MapZaaps catched
[12:53:47] 15228 SpellLevels catched 
[12:53:47] 4772 Spells catched 
[12:53:47] 1179 LearnableSpells catched 
[12:53:47] 9780 ItemTemplates catched 
[12:53:47] 4489 Weapons catched 
[12:53:47] 363 ItemSets catched 
[12:53:47] 171 ItemTypes catched 
[12:53:48] 110 ItemPets catched 
[12:53:48] 2476 NpcTemplates catched 
[12:53:48] 138 NpcSpawns catched 
[12:53:48] 50 NpcItems catched 
[12:53:48] 19801 NpcMessages catched 
[12:53:48] 7 NpcReplies catched 
[12:53:48] 18 Triggers catched
[12:53:48] 87 Handlers Readed
[12:53:49] 116 Messages Readed
[12:53:49] WorldServer start in 10447 ms.
[12:55:07] MySQL Database Connected
[12:55:07] 16 Breeds catched
[12:55:07] 256 Heads catched
[12:55:07] 561 Effects catched
[12:55:16] 11260 DofusMaps catched
[12:55:16] 454 StatedElements catched
[12:55:16] 802 InteractiveElements catched
[12:55:16] 74 HouseInformations catched
[12:55:16] 120 InteractiveDoors catched
[12:55:16] 3614 MapPositions uncatched
[12:55:16] 14681 MapPositions catched
[12:55:16] 42 MapZaaps catched
[12:55:16] 15228 SpellLevels catched 
[12:55:17] 4772 Spells catched 
[12:55:17] 1179 LearnableSpells catched 
[12:55:17] 9780 ItemTemplates catched 
[12:55:17] 4489 Weapons catched 
[12:55:17] 363 ItemSets catched 
[12:55:17] 171 ItemTypes catched 
[12:55:17] 110 ItemPets catched 
[12:55:17] 2476 NpcTemplates catched 
[12:55:17] 138 NpcSpawns catched 
[12:55:17] 50 NpcItems catched 
[12:55:17] 19801 NpcMessages catched 
[12:55:17] 7 NpcReplies catched 
[12:55:17] 18 Triggers catched
[12:55:18] 87 Handlers Readed
[12:55:18] 116 Messages Readed
[12:55:18] WorldServer start in 11625 ms.
[12:55:34] MySQL Database Connected
[12:55:34] 16 Breeds catched
[12:55:34] 256 Heads catched
[12:55:34] 561 Effects catched
[12:55:41] 11260 DofusMaps catched
[12:55:41] 454 StatedElements catched
[12:55:41] 802 InteractiveElements catched
[12:55:41] 74 HouseInformations catched
[12:55:41] 120 InteractiveDoors catched
[12:55:41] 3614 MapPositions uncatched
[12:55:41] 14681 MapPositions catched
[12:55:41] 42 MapZaaps catched
[12:55:41] 15228 SpellLevels catched 
[12:55:42] 4772 Spells catched 
[12:55:42] 1179 LearnableSpells catched 
[12:55:42] 9780 ItemTemplates catched 
[12:55:44] 4489 Weapons catched 
[12:55:44] 363 ItemSets catched 
[12:55:44] 171 ItemTypes catched 
[12:55:44] 110 ItemPets catched 
[12:55:44] 2476 NpcTemplates catched 
[12:55:44] 138 NpcSpawns catched 
[12:55:44] 50 NpcItems catched 
[12:55:45] 19801 NpcMessages catched 
[12:55:45] 7 NpcReplies catched 
[12:55:45] 18 Triggers catched
[12:55:45] 87 Handlers Readed
[12:55:45] 116 Messages Readed
[12:55:45] WorldServer start in 12089 ms.
[12:56:38] MySQL Database Connected
[12:56:38] 16 Breeds catched
[12:56:38] 256 Heads catched
[12:56:38] 561 Effects catched
[12:56:46] 11260 DofusMaps catched
[12:56:46] 454 StatedElements catched
[12:56:46] 802 InteractiveElements catched
[12:56:46] 74 HouseInformations catched
[12:56:46] 120 InteractiveDoors catched
[12:56:46] 3614 MapPositions uncatched
[12:56:46] 14681 MapPositions catched
[12:56:46] 42 MapZaaps catched
[12:56:46] 15228 SpellLevels catched 
[12:56:47] 4772 Spells catched 
[12:56:47] 1179 LearnableSpells catched 
[12:56:47] 9780 ItemTemplates catched 
[12:56:47] 4489 Weapons catched 
[12:56:47] 363 ItemSets catched 
[12:56:47] 171 ItemTypes catched 
[12:56:47] 110 ItemPets catched 
[12:56:47] 2476 NpcTemplates catched 
[12:56:47] 138 NpcSpawns catched 
[12:56:47] 50 NpcItems catched 
[12:56:47] 19801 NpcMessages catched 
[12:56:47] 7 NpcReplies catched 
[12:56:47] 18 Triggers catched
[12:56:48] 87 Handlers Readed
[12:56:48] 116 Messages Readed
[12:56:48] WorldServer start in 10151 ms.
[12:57:07] MySQL Database Connected
[12:57:07] 16 Breeds catched
[12:57:07] 256 Heads catched
[12:57:07] 561 Effects catched
[12:57:15] 11260 DofusMaps catched
[12:57:15] 454 StatedElements catched
[12:57:15] 802 InteractiveElements catched
[12:57:15] 74 HouseInformations catched
[12:57:15] 120 InteractiveDoors catched
[12:57:15] 3614 MapPositions uncatched
[12:57:15] 14681 MapPositions catched
[12:57:15] 42 MapZaaps catched
[12:57:15] 15228 SpellLevels catched 
[12:57:15] 4772 Spells catched 
[12:57:15] 1179 LearnableSpells catched 
[12:57:15] 9780 ItemTemplates catched 
[12:57:16] 4489 Weapons catched 
[12:57:16] 363 ItemSets catched 
[12:57:16] 171 ItemTypes catched 
[12:59:44] MySQL Database Connected
[12:59:44] 16 Breeds catched
[12:59:44] 256 Heads catched
[12:59:44] 561 Effects catched
[12:59:52] 11260 DofusMaps catched
[12:59:52] 454 StatedElements catched
[12:59:52] 802 InteractiveElements catched
[12:59:52] 74 HouseInformations catched
[12:59:52] 120 InteractiveDoors catched
[12:59:52] 3614 MapPositions uncatched
[12:59:52] 14681 MapPositions catched
[12:59:52] 42 MapZaaps catched
[12:59:52] 15228 SpellLevels catched 
[12:59:53] 4772 Spells catched 
[12:59:53] 1179 LearnableSpells catched 
[12:59:53] 9780 ItemTemplates catched 
[12:59:53] 4489 Weapons catched 
[12:59:53] 363 ItemSets catched 
[12:59:53] 171 ItemTypes catched 
[13:00:28] MySQL Database Connected
[13:00:28] 16 Breeds catched
[13:00:28] 256 Heads catched
[13:00:28] 561 Effects catched
[13:00:35] 11260 DofusMaps catched
[13:00:35] 454 StatedElements catched
[13:00:35] 802 InteractiveElements catched
[13:00:35] 74 HouseInformations catched
[13:00:35] 120 InteractiveDoors catched
[13:00:35] 3614 MapPositions uncatched
[13:00:35] 14681 MapPositions catched
[13:00:35] 42 MapZaaps catched
[13:00:36] 15228 SpellLevels catched 
[13:00:36] 4772 Spells catched 
[13:00:36] 1179 LearnableSpells catched 
[13:00:36] 9780 ItemTemplates catched 
[13:00:36] 4489 Weapons catched 
[13:00:36] 363 ItemSets catched 
[13:00:36] 171 ItemTypes catched 
[13:00:36] 110 ItemPets catched 
[13:00:36] 2476 NpcTemplates catched 
[13:00:36] 138 NpcSpawns catched 
[13:00:36] 50 NpcItems catched 
[13:00:36] 19801 NpcMessages catched 
[13:00:36] 7 NpcReplies catched 
[13:00:36] 18 Triggers catched
[13:00:37] 87 Handlers Readed
[13:00:37] 116 Messages Readed
[13:00:37] WorldServer start in 9722 ms.
[13:01:13] MySQL Database Connected
[13:01:13] 16 Breeds catched
[13:01:13] 256 Heads catched
[13:01:13] 561 Effects catched
[13:01:21] 11260 DofusMaps catched
[13:01:21] 454 StatedElements catched
[13:01:21] 802 InteractiveElements catched
[13:01:21] 74 HouseInformations catched
[13:01:21] 120 InteractiveDoors catched
[13:01:21] 3614 MapPositions uncatched
[13:01:21] 14681 MapPositions catched
[13:01:21] 42 MapZaaps catched
[13:01:21] 15228 SpellLevels catched 
[13:01:21] 4772 Spells catched 
[13:01:21] 1179 LearnableSpells catched 
[13:01:22] 9780 ItemTemplates catched 
[13:01:22] 4489 Weapons catched 
[13:01:22] 363 ItemSets catched 
[13:01:22] 171 ItemTypes catched 
[13:01:22] 110 ItemPets catched 
[13:01:22] 2476 NpcTemplates catched 
[13:01:22] 138 NpcSpawns catched 
[13:01:22] 50 NpcItems catched 
[13:01:22] 19801 NpcMessages catched 
[13:01:22] 7 NpcReplies catched 
[13:01:22] 18 Triggers catched
[13:01:23] 87 Handlers Readed
[13:01:23] 116 Messages Readed
[13:01:23] WorldServer start in 10575 ms.
[13:01:33] MySQL Database Connected
[13:01:33] 16 Breeds catched
[13:01:33] 256 Heads catched
[13:01:33] 561 Effects catched
[13:01:41] 11260 DofusMaps catched
[13:01:41] 454 StatedElements catched
[13:01:41] 802 InteractiveElements catched
[13:01:41] 74 HouseInformations catched
[13:01:41] 120 InteractiveDoors catched
[13:01:41] 3614 MapPositions uncatched
[13:01:41] 14681 MapPositions catched
[13:01:41] 42 MapZaaps catched
[13:01:41] 15228 SpellLevels catched 
[13:01:42] 4772 Spells catched 
[13:01:42] 1179 LearnableSpells catched 
[13:01:42] 9780 ItemTemplates catched 
[13:01:42] 4489 Weapons catched 
[13:01:42] 363 ItemSets catched 
[13:01:42] 171 ItemTypes catched 
[13:02:55] MySQL Database Connected
[13:02:55] 16 Breeds catched
[13:02:55] 256 Heads catched
[13:02:55] 561 Effects catched
[13:03:03] 11260 DofusMaps catched
[13:03:03] 454 StatedElements catched
[13:03:03] 802 InteractiveElements catched
[13:03:03] 74 HouseInformations catched
[13:03:03] 120 InteractiveDoors catched
[13:03:03] 3614 MapPositions uncatched
[13:03:03] 14681 MapPositions catched
[13:03:03] 42 MapZaaps catched
[13:03:03] 15228 SpellLevels catched 
[13:03:03] 4772 Spells catched 
[13:03:03] 1179 LearnableSpells catched 
[13:03:03] 9780 ItemTemplates catched 
[13:03:04] 4489 Weapons catched 
[13:03:04] 363 ItemSets catched 
[13:03:04] 171 ItemTypes catched 
[13:03:04] 110 ItemPets catched 
[13:03:04] 2476 NpcTemplates catched 
[13:03:04] 138 NpcSpawns catched 
[13:03:04] 50 NpcItems catched 
[13:03:04] 19801 NpcMessages catched 
[13:03:04] 7 NpcReplies catched 
[13:03:04] 18 Triggers catched
[13:03:04] 87 Handlers Readed
[13:03:05] 116 Messages Readed
[13:03:05] WorldServer start in 10511 ms.
[13:04:18] MySQL Database Connected
[13:04:18] 16 Breeds catched
[13:04:18] 256 Heads catched
[13:04:18] 561 Effects catched
[13:04:25] 11260 DofusMaps catched
[13:04:25] 454 StatedElements catched
[13:04:26] 802 InteractiveElements catched
[13:04:26] 74 HouseInformations catched
[13:04:26] 120 InteractiveDoors catched
[13:04:26] 3614 MapPositions uncatched
[13:04:26] 14681 MapPositions catched
[13:04:26] 42 MapZaaps catched
[13:04:26] 15228 SpellLevels catched 
[13:04:26] 4772 Spells catched 
[13:04:26] 1179 LearnableSpells catched 
[13:04:26] 9780 ItemTemplates catched 
[13:04:26] 4489 Weapons catched 
[13:04:26] 363 ItemSets catched 
[13:04:26] 171 ItemTypes catched 
[13:04:26] 110 ItemPets catched 
[13:04:27] 2476 NpcTemplates catched 
[13:04:27] 138 NpcSpawns catched 
[13:04:27] 50 NpcItems catched 
[13:04:27] 19801 NpcMessages catched 
[13:04:27] 7 NpcReplies catched 
[13:04:27] 18 Triggers catched
[13:04:27] 87 Handlers Readed
[13:04:28] 116 Messages Readed
[13:04:28] WorldServer start in 10288 ms.
[13:07:20] MySQL Database Connected
[13:07:20] 16 Breeds catched
[13:07:20] 256 Heads catched
[13:07:20] 561 Effects catched
[13:07:27] 11260 DofusMaps catched
[13:07:27] 454 StatedElements catched
[13:07:27] 802 InteractiveElements catched
[13:07:27] 74 HouseInformations catched
[13:07:27] 120 InteractiveDoors catched
[13:07:28] 3614 MapPositions uncatched
[13:07:28] 14681 MapPositions catched
[13:07:28] 42 MapZaaps catched
[13:07:28] 15228 SpellLevels catched 
[13:07:28] 4772 Spells catched 
[13:07:28] 1179 LearnableSpells catched 
[13:07:28] 9780 ItemTemplates catched 
[13:07:28] 4489 Weapons catched 
[13:07:28] 363 ItemSets catched 
[13:07:28] 171 ItemTypes catched 
[13:07:28] 110 ItemPets catched 
[13:07:29] 2476 NpcTemplates catched 
[13:07:29] 138 NpcSpawns catched 
[13:07:29] 50 NpcItems catched 
[13:07:29] 19801 NpcMessages catched 
[13:07:29] 7 NpcReplies catched 
[13:07:29] 18 Triggers catched
[13:07:29] 87 Handlers Readed
[13:07:29] 116 Messages Readed
[13:07:30] WorldServer start in 10236 ms.
