[10:01:01] MySQL Database Connected
[10:01:01] 16 Breeds catched
[10:01:01] 256 Heads catched
[10:01:09] 11260 DofusMaps catched
[10:01:09] 169 StatedElements catched
[10:01:09] 323 InteractiveElements catched
[10:01:09] 19 Handlers Readed
[10:01:09] 20 Messages Readed
[10:01:09] WorldServer start in 8347 ms.
[10:07:06] MySQL Database Connected
[10:07:06] 16 Breeds catched
[10:07:06] 256 Heads catched
[10:07:15] 11260 DofusMaps catched
[10:07:15] 169 StatedElements catched
[10:07:15] 323 InteractiveElements catched
[10:07:15] 19 Handlers Readed
[10:07:15] 20 Messages Readed
[10:07:15] WorldServer start in 9048 ms.
[10:13:55] MySQL Database Connected
[10:13:55] 16 Breeds catched
[10:13:55] 256 Heads catched
[10:14:02] 11260 DofusMaps catched
[10:14:02] 169 StatedElements catched
[10:14:02] 323 InteractiveElements catched
[10:14:03] 20 Handlers Readed
[10:14:03] 21 Messages Readed
[10:14:03] WorldServer start in 8340 ms.
[10:57:01] MySQL Database Connected
[10:57:01] 16 Breeds catched
[10:57:01] 256 Heads catched
[10:57:11] 11260 DofusMaps catched
[10:57:11] 169 StatedElements catched
[10:57:11] 323 InteractiveElements catched
[10:57:11] 20 Handlers Readed
[10:57:11] 21 Messages Readed
[10:57:11] WorldServer start in 10768 ms.
[11:02:37] MySQL Database Connected
[11:02:37] 16 Breeds catched
[11:02:37] 256 Heads catched
[11:02:44] 11260 DofusMaps catched
[11:02:44] 169 StatedElements catched
[11:02:44] 323 InteractiveElements catched
[11:02:45] 20 Handlers Readed
[11:02:45] 21 Messages Readed
[11:02:45] WorldServer start in 8636 ms.
[11:03:56] MySQL Database Connected
[11:03:56] 16 Breeds catched
[11:03:56] 256 Heads catched
[11:04:04] 11260 DofusMaps catched
[11:04:04] 169 StatedElements catched
[11:04:04] 323 InteractiveElements catched
[11:04:04] 20 Handlers Readed
[11:04:04] 21 Messages Readed
[11:04:04] WorldServer start in 8720 ms.
[11:30:44] MySQL Database Connected
[11:30:44] 16 Breeds catched
[11:30:44] 256 Heads catched
[11:30:53] 11260 DofusMaps catched
[11:30:53] 169 StatedElements catched
[11:30:53] 323 InteractiveElements catched
[11:30:54] 20 Handlers Readed
[11:30:54] 21 Messages Readed
[11:30:54] WorldServer start in 10032 ms.
[11:33:08] MySQL Database Connected
[11:33:08] 16 Breeds catched
[11:33:08] 256 Heads catched
[11:33:17] 11260 DofusMaps catched
[11:33:17] 169 StatedElements catched
[11:33:17] 323 InteractiveElements catched
[11:33:17] 20 Handlers Readed
[11:33:17] 21 Messages Readed
[11:33:17] WorldServer start in 9607 ms.
[11:36:24] MySQL Database Connected
[11:36:24] 16 Breeds catched
[11:36:24] 256 Heads catched
[11:36:32] 11260 DofusMaps catched
[11:36:32] 169 StatedElements catched
[11:36:32] 323 InteractiveElements catched
[11:36:32] 20 Handlers Readed
[11:36:32] 21 Messages Readed
[11:36:32] WorldServer start in 8640 ms.
[11:38:50] MySQL Database Connected
[11:38:50] 16 Breeds catched
[11:38:50] 256 Heads catched
[11:38:58] 11260 DofusMaps catched
[11:38:58] 169 StatedElements catched
[11:38:58] 323 InteractiveElements catched
[11:38:58] 20 Handlers Readed
[11:38:58] 21 Messages Readed
[11:38:58] WorldServer start in 8837 ms.
[11:40:33] MySQL Database Connected
[11:40:33] 16 Breeds catched
[11:40:33] 256 Heads catched
[11:40:40] 11260 DofusMaps catched
[11:40:40] 169 StatedElements catched
[11:40:40] 323 InteractiveElements catched
[11:40:41] 20 Handlers Readed
[11:40:41] 21 Messages Readed
[11:40:41] WorldServer start in 8396 ms.
[11:43:17] MySQL Database Connected
[11:43:17] 16 Breeds catched
[11:43:17] 256 Heads catched
[11:43:24] 11260 DofusMaps catched
[11:43:24] 169 StatedElements catched
[11:43:24] 323 InteractiveElements catched
[11:43:25] 20 Handlers Readed
[11:43:25] 21 Messages Readed
[11:43:25] WorldServer start in 8424 ms.
[11:44:54] MySQL Database Connected
[11:44:54] 16 Breeds catched
[11:44:54] 256 Heads catched
[11:45:06] 11260 DofusMaps catched
[11:45:06] 169 StatedElements catched
[11:45:06] 323 InteractiveElements catched
[11:45:06] 20 Handlers Readed
[11:45:07] 21 Messages Readed
[11:45:07] WorldServer start in 12535 ms.
[11:48:24] MySQL Database Connected
[11:48:24] 16 Breeds catched
[11:48:24] 256 Heads catched
[11:48:32] 11260 DofusMaps catched
[11:48:32] 169 StatedElements catched
[11:48:32] 323 InteractiveElements catched
[11:48:32] 20 Handlers Readed
[11:48:32] 21 Messages Readed
[11:48:32] WorldServer start in 8791 ms.
[11:57:02] MySQL Database Connected
[11:57:02] 16 Breeds catched
[11:57:02] 256 Heads catched
[13:07:17] MySQL Database Connected
[13:07:17] 16 Breeds catched
[13:07:17] 256 Heads catched
[13:07:38] 11260 DofusMaps catched
[13:07:38] 169 StatedElements catched
[13:07:38] 323 InteractiveElements catched
[13:07:38] 18 Handlers Readed
[13:07:38] 21 Messages Readed
[13:07:38] WorldServer start in 21609 ms.
[13:07:55] Packet not handled 890
[13:07:55] Packet not handled 890
[13:07:55] Packet not handled 890
[13:10:46] Packet not handled 890
[13:10:46] Packet not handled 890
[13:15:54] MySQL Database Connected
[13:15:54] 16 Breeds catched
[13:15:54] 256 Heads catched
[13:16:06] 11260 DofusMaps catched
[13:16:06] 169 StatedElements catched
[13:16:06] 323 InteractiveElements catched
[13:16:06] 18 Handlers Readed
[13:16:07] 21 Messages Readed
[13:16:07] WorldServer start in 12660 ms.
[14:15:29] MySQL Database Connected
[14:15:29] 16 Breeds catched
[14:15:29] 256 Heads catched
[14:27:45] MySQL Database Connected
[14:27:45] 16 Breeds catched
[14:27:45] 256 Heads catched
[14:27:50] 11260 DofusMaps catched
[14:27:50] 169 StatedElements catched
[14:27:51] 323 InteractiveElements catched
[14:27:51] 19 Handlers Readed
[14:27:51] 22 Messages Readed
[14:27:51] WorldServer start in 6163 ms.
[14:28:00] Packet not handled 890
[14:28:00] Packet not handled 890
[17:25:18] MySQL Database Connected
[17:25:18] 16 Breeds catched
[17:25:18] 256 Heads catched
[17:25:26] 11260 DofusMaps catched
[17:25:26] 169 StatedElements catched
[17:25:26] 323 InteractiveElements catched
[17:25:26] 19 Handlers Readed
[17:25:26] 22 Messages Readed
[17:25:26] WorldServer start in 8874 ms.
[17:25:33] Packet not handled 890
[17:25:33] Packet not handled 890
