[20:12:53] 16 Breeds catched
[20:12:53] 256 Heads catched
[20:12:53] 561 Effects catched
[20:14:33] 16 Breeds catched
[20:14:33] 256 Heads catched
[20:14:33] 561 Effects catched
[20:16:38] MySQL Database Connected
[20:16:38] 16 Breeds catched
[20:16:38] 256 Heads catched
[20:16:38] 561 Effects catched
[20:16:40] 4 SuperAreas catched
[20:16:40] 48 Areas catched
[20:16:41] 334 SubAreas catched
[20:16:49] 11260 DofusMaps catched
[20:16:49] 9761 StatedElements catched
[20:16:49] 13349 InteractiveElements catched
[20:16:49] 1485 HouseInformations catched
[20:16:49] 556 InteractiveDoors catched
[20:16:49] 3614 MapPositions uncatched
[20:16:49] 14681 MapPositions catched
[20:16:49] 42 MapZaaps catched
[20:16:49] 79 MapSubways catched
[20:16:50] 15228 SpellLevels catched 
[20:16:50] 4772 Spells catched 
[20:16:50] 316 GuildEmblems catched 
[20:16:50] 1179 LearnableSpells catched 
[20:16:51] 9780 ItemTemplates catched 
[20:16:51] 4489 Weapons catched 
[20:16:51] 363 ItemSets catched 
[20:16:51] 171 ItemTypes catched 
[20:16:51] 110 ItemPets catched 
[20:16:52] 2476 NpcTemplates catched 
[20:16:52] 787 NpcSpawns catched 
[20:16:52] 94 NpcItems catched 
[20:16:52] 19801 NpcMessages catched 
[20:16:53] 7 NpcReplies catched 
[20:16:53] 353 Triggers catched
[20:16:54] 1277 Paddocks catched
[20:16:54] 72 Mounts catched
[20:16:54] 4 Guild catched
[20:16:54] 3 GuildMembers catched
[20:16:59] 122 Handlers Readed
[20:17:09] 166 Messages Readed
[20:17:09] WorldServer start in 31734 ms.
[20:26:49] MySQL Database Connected
[20:26:49] 16 Breeds catched
[20:26:49] 256 Heads catched
[20:26:49] 561 Effects catched
[20:26:49] 4 SuperAreas catched
[20:26:49] 48 Areas catched
[20:26:50] 334 SubAreas catched
[20:26:59] 11260 DofusMaps catched
[20:26:59] 9761 StatedElements catched
[20:26:59] 13349 InteractiveElements catched
[20:26:59] 1485 HouseInformations catched
[20:26:59] 556 InteractiveDoors catched
[20:26:59] 3614 MapPositions uncatched
[20:26:59] 14681 MapPositions catched
[20:26:59] 42 MapZaaps catched
[20:26:59] 79 MapSubways catched
[20:26:59] 15228 SpellLevels catched 
[20:26:59] 4772 Spells catched 
[20:26:59] 316 GuildEmblems catched 
[20:26:59] 1179 LearnableSpells catched 
[20:27:00] 9780 ItemTemplates catched 
[20:27:00] 4489 Weapons catched 
[20:27:00] 363 ItemSets catched 
[20:27:00] 171 ItemTypes catched 
[20:27:00] 110 ItemPets catched 
[20:27:00] 2476 NpcTemplates catched 
[20:27:01] 787 NpcSpawns catched 
[20:27:01] 94 NpcItems catched 
[20:27:01] 19801 NpcMessages catched 
[20:27:01] 7 NpcReplies catched 
[20:27:01] 353 Triggers catched
[20:27:01] 1277 Paddocks catched
[20:27:01] 72 Mounts catched
[20:27:01] 4 Guild catched
[20:27:01] 3 GuildMembers catched
[20:27:01] 122 Handlers Readed
[20:27:02] 166 Messages Readed
[20:27:02] WorldServer start in 13605 ms.
[20:28:51] MySQL Database Connected
[20:28:51] 16 Breeds catched
[20:28:51] 256 Heads catched
[20:28:51] 561 Effects catched
[20:28:51] 4 SuperAreas catched
[20:28:51] 48 Areas catched
[20:28:52] 334 SubAreas catched
[20:29:00] 11260 DofusMaps catched
[20:29:00] 9761 StatedElements catched
[20:29:00] 13349 InteractiveElements catched
[20:29:00] 1485 HouseInformations catched
[20:29:00] 556 InteractiveDoors catched
[20:29:00] 3614 MapPositions uncatched
[20:29:00] 14681 MapPositions catched
[20:29:00] 42 MapZaaps catched
[20:29:00] 79 MapSubways catched
[20:29:00] 15228 SpellLevels catched 
[20:29:00] 4772 Spells catched 
[20:29:00] 316 GuildEmblems catched 
[20:29:00] 1179 LearnableSpells catched 
[20:29:00] 9780 ItemTemplates catched 
[20:29:01] 4489 Weapons catched 
[20:29:01] 363 ItemSets catched 
[20:29:01] 171 ItemTypes catched 
[20:29:01] 110 ItemPets catched 
[20:29:01] 2476 NpcTemplates catched 
[20:29:01] 787 NpcSpawns catched 
[20:29:01] 94 NpcItems catched 
[20:29:01] 19801 NpcMessages catched 
[20:29:01] 7 NpcReplies catched 
[20:29:02] 353 Triggers catched
[20:29:02] 1277 Paddocks catched
[20:29:02] 72 Mounts catched
[20:29:02] 4 Guild catched
[20:29:02] 3 GuildMembers catched
[20:29:02] 122 Handlers Readed
[20:29:03] 166 Messages Readed
[20:29:03] WorldServer start in 12245 ms.
[20:30:39] MySQL Database Connected
[20:30:40] 16 Breeds catched
[20:30:40] 256 Heads catched
[20:30:40] 561 Effects catched
[20:30:40] 4 SuperAreas catched
[20:30:40] 48 Areas catched
[20:30:41] 334 SubAreas catched
[20:30:49] 11260 DofusMaps catched
[20:30:49] 9761 StatedElements catched
[20:30:49] 13349 InteractiveElements catched
[20:30:49] 1485 HouseInformations catched
[20:30:49] 556 InteractiveDoors catched
[20:30:49] 3614 MapPositions uncatched
[20:30:49] 14681 MapPositions catched
[20:30:49] 42 MapZaaps catched
[20:30:49] 79 MapSubways catched
[20:30:49] 15228 SpellLevels catched 
[20:30:49] 4772 Spells catched 
[20:30:49] 316 GuildEmblems catched 
[20:30:49] 1179 LearnableSpells catched 
[20:30:50] 9780 ItemTemplates catched 
[20:30:50] 4489 Weapons catched 
[20:30:50] 363 ItemSets catched 
[20:30:50] 171 ItemTypes catched 
[20:30:50] 110 ItemPets catched 
[20:30:50] 2476 NpcTemplates catched 
[20:30:50] 787 NpcSpawns catched 
[20:30:50] 94 NpcItems catched 
[20:30:50] 19801 NpcMessages catched 
[20:30:51] 7 NpcReplies catched 
[20:30:51] 353 Triggers catched
[20:30:51] 1277 Paddocks catched
[20:30:51] 72 Mounts catched
[20:30:51] 4 Guild catched
[20:30:51] 3 GuildMembers catched
[20:30:52] 122 Handlers Readed
[20:30:52] 166 Messages Readed
[20:30:52] WorldServer start in 12961 ms.
[20:32:16] MySQL Database Connected
[20:32:16] 16 Breeds catched
[20:32:16] 256 Heads catched
[20:32:16] 561 Effects catched
[20:32:16] 4 SuperAreas catched
[20:32:16] 48 Areas catched
[20:32:17] 334 SubAreas catched
[20:32:25] 11260 DofusMaps catched
[20:32:25] 9761 StatedElements catched
[20:32:25] 13349 InteractiveElements catched
[20:32:25] 1485 HouseInformations catched
[20:32:25] 556 InteractiveDoors catched
[20:32:25] 3614 MapPositions uncatched
[20:32:25] 14681 MapPositions catched
[20:32:25] 42 MapZaaps catched
[20:32:25] 79 MapSubways catched
[20:32:25] 15228 SpellLevels catched 
[20:32:25] 4772 Spells catched 
[20:32:25] 316 GuildEmblems catched 
[20:32:25] 1179 LearnableSpells catched 
[20:32:26] 9780 ItemTemplates catched 
[20:32:26] 4489 Weapons catched 
[20:32:26] 363 ItemSets catched 
[20:32:26] 171 ItemTypes catched 
[20:32:26] 110 ItemPets catched 
[20:32:26] 2476 NpcTemplates catched 
[20:32:26] 787 NpcSpawns catched 
[20:32:26] 94 NpcItems catched 
[20:32:26] 19801 NpcMessages catched 
[20:32:26] 7 NpcReplies catched 
[20:32:27] 353 Triggers catched
[20:32:27] 1277 Paddocks catched
[20:32:27] 72 Mounts catched
[20:32:27] 4 Guild catched
[20:32:27] 3 GuildMembers catched
[20:32:27] 122 Handlers Readed
[20:32:28] 166 Messages Readed
[20:32:28] WorldServer start in 12221 ms.
[20:33:50] MySQL Database Connected
[20:33:50] 16 Breeds catched
[20:33:50] 256 Heads catched
[20:33:50] 561 Effects catched
[20:33:51] 4 SuperAreas catched
[20:33:51] 48 Areas catched
[20:33:52] 334 SubAreas catched
[20:33:59] 11260 DofusMaps catched
[20:33:59] 9761 StatedElements catched
[20:33:59] 13349 InteractiveElements catched
[20:33:59] 1485 HouseInformations catched
[20:33:59] 556 InteractiveDoors catched
[20:34:00] 3614 MapPositions uncatched
[20:34:00] 14681 MapPositions catched
[20:34:00] 42 MapZaaps catched
[20:34:00] 79 MapSubways catched
[20:34:00] 15228 SpellLevels catched 
[20:34:00] 4772 Spells catched 
[20:34:00] 316 GuildEmblems catched 
[20:34:00] 1179 LearnableSpells catched 
[20:34:00] 9780 ItemTemplates catched 
[20:34:00] 4489 Weapons catched 
[20:34:00] 363 ItemSets catched 
[20:34:00] 171 ItemTypes catched 
[20:34:01] 110 ItemPets catched 
[20:34:01] 2476 NpcTemplates catched 
[20:34:01] 787 NpcSpawns catched 
[20:34:01] 94 NpcItems catched 
[20:34:02] 19801 NpcMessages catched 
[20:34:02] 7 NpcReplies catched 
[20:34:02] 353 Triggers catched
[20:34:02] 1277 Paddocks catched
[20:34:02] 72 Mounts catched
[20:34:02] 4 Guild catched
[20:34:02] 3 GuildMembers catched
[20:34:02] 122 Handlers Readed
[20:34:03] 166 Messages Readed
[20:34:03] WorldServer start in 13040 ms.
[20:55:10] MySQL Database Connected
[20:55:10] 16 Breeds catched
[20:55:10] 256 Heads catched
[20:55:10] 561 Effects catched
[20:55:10] 4 SuperAreas catched
[20:55:10] 48 Areas catched
[20:55:11] 334 SubAreas catched
[20:55:19] 11260 DofusMaps catched
[20:55:19] 9761 StatedElements catched
[20:55:19] 13349 InteractiveElements catched
[20:55:19] 1485 HouseInformations catched
[20:55:19] 556 InteractiveDoors catched
[20:55:19] 3614 MapPositions uncatched
[20:55:19] 14681 MapPositions catched
[20:55:19] 42 MapZaaps catched
[20:55:19] 79 MapSubways catched
[20:55:19] 15228 SpellLevels catched 
[20:55:19] 4772 Spells catched 
[20:55:19] 316 GuildEmblems catched 
[20:55:19] 1179 LearnableSpells catched 
[20:55:20] 9780 ItemTemplates catched 
[20:55:20] 4489 Weapons catched 
[20:55:20] 363 ItemSets catched 
[20:55:20] 171 ItemTypes catched 
[20:55:20] 110 ItemPets catched 
[20:55:20] 2476 NpcTemplates catched 
[20:55:20] 787 NpcSpawns catched 
[20:55:20] 94 NpcItems catched 
[20:55:20] 19801 NpcMessages catched 
[20:55:20] 7 NpcReplies catched 
[20:55:21] 353 Triggers catched
[20:55:21] 1277 Paddocks catched
[20:55:21] 72 Mounts catched
[20:55:21] 4 Guild catched
[20:55:21] 3 GuildMembers catched
[20:55:21] 122 Handlers Readed
[20:55:22] 166 Messages Readed
[20:55:22] WorldServer start in 12413 ms.
[20:58:57] MySQL Database Connected
[20:58:57] 16 Breeds catched
[20:58:57] 256 Heads catched
[20:58:57] 561 Effects catched
[20:58:58] 4 SuperAreas catched
[20:58:58] 48 Areas catched
[20:58:59] 334 SubAreas catched
[20:59:06] 11260 DofusMaps catched
[20:59:06] 9761 StatedElements catched
[20:59:07] 13349 InteractiveElements catched
[20:59:07] 1485 HouseInformations catched
[20:59:07] 556 InteractiveDoors catched
[20:59:07] 3614 MapPositions uncatched
[20:59:07] 14681 MapPositions catched
[20:59:07] 42 MapZaaps catched
[20:59:07] 79 MapSubways catched
[20:59:07] 15228 SpellLevels catched 
[20:59:07] 4772 Spells catched 
[20:59:07] 316 GuildEmblems catched 
[20:59:07] 1179 LearnableSpells catched 
[20:59:07] 9780 ItemTemplates catched 
[20:59:07] 4489 Weapons catched 
[20:59:07] 363 ItemSets catched 
[20:59:07] 171 ItemTypes catched 
[20:59:08] 110 ItemPets catched 
[20:59:08] 2476 NpcTemplates catched 
[20:59:08] 787 NpcSpawns catched 
[20:59:08] 94 NpcItems catched 
[20:59:08] 19801 NpcMessages catched 
[20:59:08] 7 NpcReplies catched 
[20:59:08] 353 Triggers catched
[20:59:08] 1277 Paddocks catched
[20:59:08] 72 Mounts catched
[20:59:08] 4 Guild catched
[20:59:08] 3 GuildMembers catched
[20:59:09] 122 Handlers Readed
[20:59:09] 166 Messages Readed
[20:59:09] WorldServer start in 12365 ms.
[21:19:03] MySQL Database Connected
[21:19:03] 16 Breeds catched
[21:19:03] 256 Heads catched
[21:19:03] 561 Effects catched
[21:19:03] 4 SuperAreas catched
[21:19:03] 48 Areas catched
[21:19:04] 334 SubAreas catched
[21:19:11] 11260 DofusMaps catched
[21:19:11] 9761 StatedElements catched
[21:19:12] 13349 InteractiveElements catched
[21:19:12] 1485 HouseInformations catched
[21:19:12] 556 InteractiveDoors catched
[21:19:12] 3614 MapPositions uncatched
[21:19:12] 14681 MapPositions catched
[21:19:12] 42 MapZaaps catched
[21:19:12] 79 MapSubways catched
[21:19:12] 15228 SpellLevels catched 
[21:19:12] 4772 Spells catched 
[21:19:12] 316 GuildEmblems catched 
[21:19:12] 1179 LearnableSpells catched 
[21:19:12] 9780 ItemTemplates catched 
[21:19:12] 4489 Weapons catched 
[21:19:12] 363 ItemSets catched 
[21:19:12] 171 ItemTypes catched 
[21:19:12] 110 ItemPets catched 
[21:19:13] 2476 NpcTemplates catched 
[21:19:13] 787 NpcSpawns catched 
[21:19:13] 94 NpcItems catched 
[21:19:13] 19801 NpcMessages catched 
[21:19:13] 7 NpcReplies catched 
[21:19:13] 353 Triggers catched
[21:19:13] 1277 Paddocks catched
[21:19:13] 72 Mounts catched
[21:19:13] 4 Guild catched
[21:19:13] 3 GuildMembers catched
[21:19:14] 122 Handlers Readed
[21:19:14] 166 Messages Readed
[21:19:14] WorldServer start in 11939 ms.
[21:23:28] MySQL Database Connected
[21:23:28] 16 Breeds catched
[21:23:28] 256 Heads catched
[21:23:28] 561 Effects catched
[21:23:28] 4 SuperAreas catched
[21:23:28] 48 Areas catched
[21:23:29] 334 SubAreas catched
[21:23:37] 11260 DofusMaps catched
[21:23:37] 9761 StatedElements catched
[21:23:37] 13349 InteractiveElements catched
[21:23:37] 1485 HouseInformations catched
[21:23:37] 556 InteractiveDoors catched
[21:23:37] 3614 MapPositions uncatched
[21:23:37] 14681 MapPositions catched
[21:23:37] 42 MapZaaps catched
[21:23:37] 79 MapSubways catched
[21:23:37] 15228 SpellLevels catched 
[21:23:37] 4772 Spells catched 
[21:23:37] 316 GuildEmblems catched 
[21:23:37] 1179 LearnableSpells catched 
[21:23:38] 9780 ItemTemplates catched 
[21:23:38] 4489 Weapons catched 
[21:23:38] 363 ItemSets catched 
[21:23:38] 171 ItemTypes catched 
[21:23:38] 110 ItemPets catched 
[21:23:39] 2476 NpcTemplates catched 
[21:23:39] 787 NpcSpawns catched 
[21:23:39] 94 NpcItems catched 
[21:23:39] 19801 NpcMessages catched 
[21:23:39] 7 NpcReplies catched 
[21:23:39] 353 Triggers catched
[21:23:39] 1277 Paddocks catched
[21:23:39] 72 Mounts catched
[21:23:39] 4 Guild catched
[21:23:39] 3 GuildMembers catched
[21:23:39] 122 Handlers Readed
[21:23:40] 166 Messages Readed
[21:23:40] WorldServer start in 12550 ms.
[21:24:37] MySQL Database Connected
[21:24:37] 16 Breeds catched
[21:24:37] 256 Heads catched
[21:24:37] 561 Effects catched
[21:24:38] 4 SuperAreas catched
[21:24:38] 48 Areas catched
[21:24:39] 334 SubAreas catched
[21:24:46] 11260 DofusMaps catched
[21:24:46] 9761 StatedElements catched
[21:24:46] 13349 InteractiveElements catched
[21:24:46] 1485 HouseInformations catched
[21:24:46] 556 InteractiveDoors catched
[21:24:46] 3614 MapPositions uncatched
[21:24:46] 14681 MapPositions catched
[21:24:46] 42 MapZaaps catched
[21:24:46] 79 MapSubways catched
[21:24:47] 15228 SpellLevels catched 
[21:24:47] 4772 Spells catched 
[21:24:47] 316 GuildEmblems catched 
[21:24:47] 1179 LearnableSpells catched 
[21:24:47] 9780 ItemTemplates catched 
[21:24:47] 4489 Weapons catched 
[21:24:47] 363 ItemSets catched 
[21:24:47] 171 ItemTypes catched 
[21:24:47] 110 ItemPets catched 
[21:24:48] 2476 NpcTemplates catched 
[21:24:48] 787 NpcSpawns catched 
[21:24:48] 94 NpcItems catched 
[21:24:48] 19801 NpcMessages catched 
[21:24:48] 7 NpcReplies catched 
[21:24:48] 353 Triggers catched
[21:24:48] 1277 Paddocks catched
[21:24:48] 72 Mounts catched
[21:24:48] 4 Guild catched
[21:24:48] 3 GuildMembers catched
[21:24:48] 122 Handlers Readed
[21:24:49] 166 Messages Readed
[21:24:49] WorldServer start in 12118 ms.
[21:35:55] MySQL Database Connected
[21:35:55] 16 Breeds catched
[21:35:55] 256 Heads catched
[21:35:55] 561 Effects catched
[21:35:55] 4 SuperAreas catched
[21:35:55] 48 Areas catched
[21:35:56] 334 SubAreas catched
[21:36:05] 11260 DofusMaps catched
[21:36:05] 9761 StatedElements catched
[21:36:05] 13349 InteractiveElements catched
[21:36:05] 1485 HouseInformations catched
[21:36:05] 556 InteractiveDoors catched
[21:36:05] 3614 MapPositions uncatched
[21:36:05] 14681 MapPositions catched
[21:36:05] 42 MapZaaps catched
[21:36:05] 79 MapSubways catched
[21:36:06] 15228 SpellLevels catched 
[21:36:06] 4772 Spells catched 
[21:36:06] 316 GuildEmblems catched 
[21:36:06] 1179 LearnableSpells catched 
[21:36:06] 9780 ItemTemplates catched 
[21:36:06] 4489 Weapons catched 
[21:36:06] 363 ItemSets catched 
[21:36:06] 171 ItemTypes catched 
[21:36:06] 110 ItemPets catched 
[21:36:07] 2476 NpcTemplates catched 
[21:36:07] 787 NpcSpawns catched 
[21:36:07] 94 NpcItems catched 
[21:36:07] 19801 NpcMessages catched 
[21:36:07] 7 NpcReplies catched 
[21:36:07] 353 Triggers catched
[21:36:07] 1277 Paddocks catched
[21:36:07] 72 Mounts catched
[21:36:07] 4 Guild catched
[21:36:07] 3 GuildMembers catched
[21:36:08] 122 Handlers Readed
[21:36:08] 166 Messages Readed
[21:36:08] WorldServer start in 13647 ms.
[21:37:33] MySQL Database Connected
[21:37:34] 16 Breeds catched
[21:37:34] 256 Heads catched
[21:37:34] 561 Effects catched
[21:37:34] 4 SuperAreas catched
[21:37:34] 48 Areas catched
[21:37:35] 334 SubAreas catched
[21:37:43] 11260 DofusMaps catched
[21:37:43] 9761 StatedElements catched
[21:37:43] 13349 InteractiveElements catched
[21:37:43] 1485 HouseInformations catched
[21:37:43] 556 InteractiveDoors catched
[21:37:43] 3614 MapPositions uncatched
[21:37:43] 14681 MapPositions catched
[21:37:43] 42 MapZaaps catched
[21:37:43] 79 MapSubways catched
[21:37:44] 15228 SpellLevels catched 
[21:37:44] 4772 Spells catched 
[21:37:44] 316 GuildEmblems catched 
[21:37:44] 1179 LearnableSpells catched 
[21:37:44] 9780 ItemTemplates catched 
[21:37:44] 4489 Weapons catched 
[21:37:44] 363 ItemSets catched 
[21:37:44] 171 ItemTypes catched 
[21:37:44] 110 ItemPets catched 
[21:37:45] 2476 NpcTemplates catched 
[21:37:45] 787 NpcSpawns catched 
[21:37:45] 94 NpcItems catched 
[21:37:45] 19801 NpcMessages catched 
[21:37:45] 7 NpcReplies catched 
[21:37:45] 353 Triggers catched
[21:37:45] 1277 Paddocks catched
[21:37:45] 72 Mounts catched
[21:37:45] 4 Guild catched
[21:37:45] 3 GuildMembers catched
[21:37:46] 122 Handlers Readed
[21:37:46] 166 Messages Readed
[21:37:46] WorldServer start in 13033 ms.
[21:44:03] MySQL Database Connected
[21:44:03] 16 Breeds catched
[21:44:03] 256 Heads catched
[21:44:03] 561 Effects catched
[21:44:03] 4 SuperAreas catched
[21:44:03] 48 Areas catched
[21:44:04] 334 SubAreas catched
[21:44:12] 11260 DofusMaps catched
[21:44:12] 9761 StatedElements catched
[21:44:12] 13349 InteractiveElements catched
[21:44:12] 1485 HouseInformations catched
[21:44:12] 556 InteractiveDoors catched
[21:44:12] 3614 MapPositions uncatched
[21:44:12] 14681 MapPositions catched
[21:44:12] 42 MapZaaps catched
[21:44:12] 79 MapSubways catched
[21:44:12] 15228 SpellLevels catched 
[21:44:12] 4772 Spells catched 
[21:44:12] 316 GuildEmblems catched 
[21:44:12] 1179 LearnableSpells catched 
[21:44:13] 9780 ItemTemplates catched 
[21:44:13] 4489 Weapons catched 
[21:44:13] 363 ItemSets catched 
[21:44:13] 171 ItemTypes catched 
[21:44:13] 110 ItemPets catched 
[21:44:13] 2476 NpcTemplates catched 
[21:44:13] 787 NpcSpawns catched 
[21:44:13] 94 NpcItems catched 
[21:44:13] 19801 NpcMessages catched 
[21:44:13] 7 NpcReplies catched 
[21:44:14] 353 Triggers catched
[21:44:14] 1277 Paddocks catched
[21:44:14] 72 Mounts catched
[21:44:14] 4 Guild catched
[21:44:14] 3 GuildMembers catched
[21:44:14] 122 Handlers Readed
[21:44:15] 166 Messages Readed
[21:44:15] WorldServer start in 12626 ms.
[21:55:40] MySQL Database Connected
[21:55:40] 16 Breeds catched
[21:55:40] 256 Heads catched
[21:55:40] 561 Effects catched
[21:55:41] 4 SuperAreas catched
[21:55:41] 48 Areas catched
[21:55:42] 334 SubAreas catched
[21:55:50] 11260 DofusMaps catched
[21:55:50] 9761 StatedElements catched
[21:55:50] 13349 InteractiveElements catched
[21:55:50] 1485 HouseInformations catched
[21:55:50] 556 InteractiveDoors catched
[21:55:50] 3614 MapPositions uncatched
[21:55:50] 14681 MapPositions catched
[21:55:50] 42 MapZaaps catched
[21:55:50] 79 MapSubways catched
[21:55:50] 15228 SpellLevels catched 
[21:55:50] 4772 Spells catched 
[21:55:50] 316 GuildEmblems catched 
[21:55:50] 1179 LearnableSpells catched 
[21:55:51] 9780 ItemTemplates catched 
[21:55:51] 4489 Weapons catched 
[21:55:51] 363 ItemSets catched 
[21:55:51] 171 ItemTypes catched 
[21:55:51] 110 ItemPets catched 
[21:55:51] 2476 NpcTemplates catched 
[21:55:51] 787 NpcSpawns catched 
[21:55:51] 94 NpcItems catched 
[21:55:51] 19801 NpcMessages catched 
[21:55:51] 7 NpcReplies catched 
[21:55:52] 353 Triggers catched
[21:55:52] 1277 Paddocks catched
[21:55:52] 72 Mounts catched
[21:55:52] 4 Guild catched
[21:55:52] 3 GuildMembers catched
[21:55:52] 122 Handlers Readed
[21:55:53] 166 Messages Readed
[21:55:53] WorldServer start in 12929 ms.
[21:57:50] MySQL Database Connected
[21:57:50] 16 Breeds catched
[21:57:50] 256 Heads catched
[21:57:50] 561 Effects catched
[21:57:50] 4 SuperAreas catched
[21:57:50] 48 Areas catched
[21:57:51] 334 SubAreas catched
[21:57:59] 11260 DofusMaps catched
[21:57:59] 9761 StatedElements catched
[21:58:00] 13349 InteractiveElements catched
[21:58:00] 1485 HouseInformations catched
[21:58:00] 556 InteractiveDoors catched
[21:58:00] 3614 MapPositions uncatched
[21:58:00] 14681 MapPositions catched
[21:58:00] 42 MapZaaps catched
[21:58:00] 79 MapSubways catched
[21:58:00] 15228 SpellLevels catched 
[21:58:00] 4772 Spells catched 
[21:58:00] 316 GuildEmblems catched 
[21:58:00] 1179 LearnableSpells catched 
[21:58:00] 9780 ItemTemplates catched 
[21:58:00] 4489 Weapons catched 
[21:58:00] 363 ItemSets catched 
[21:58:00] 171 ItemTypes catched 
[21:58:01] 110 ItemPets catched 
[21:58:01] 2476 NpcTemplates catched 
[21:58:01] 787 NpcSpawns catched 
[21:58:01] 94 NpcItems catched 
[21:58:01] 19801 NpcMessages catched 
[21:58:01] 7 NpcReplies catched 
[21:58:01] 353 Triggers catched
[21:58:01] 1277 Paddocks catched
[21:58:01] 72 Mounts catched
[21:58:01] 4 Guild catched
[21:58:01] 3 GuildMembers catched
[21:58:02] 122 Handlers Readed
[21:58:02] 166 Messages Readed
[21:58:02] WorldServer start in 13145 ms.
[22:10:26] MySQL Database Connected
[22:10:27] 16 Breeds catched
[22:10:27] 256 Heads catched
[22:10:27] 561 Effects catched
[22:10:27] 4 SuperAreas catched
[22:10:27] 48 Areas catched
[22:10:28] 334 SubAreas catched
[22:10:39] 11260 DofusMaps catched
[22:10:39] 9761 StatedElements catched
[22:10:39] 13349 InteractiveElements catched
[22:10:39] 1485 HouseInformations catched
[22:10:39] 556 InteractiveDoors catched
[22:10:39] 3614 MapPositions uncatched
[22:10:39] 14681 MapPositions catched
[22:10:39] 42 MapZaaps catched
[22:10:39] 79 MapSubways catched
[22:10:39] 15228 SpellLevels catched 
[22:10:39] 4772 Spells catched 
[22:10:39] 316 GuildEmblems catched 
[22:10:39] 1179 LearnableSpells catched 
[22:10:40] 9780 ItemTemplates catched 
[22:10:40] 4489 Weapons catched 
[22:10:40] 363 ItemSets catched 
[22:10:40] 171 ItemTypes catched 
[22:10:40] 110 ItemPets catched 
[22:10:40] 2476 NpcTemplates catched 
[22:10:40] 787 NpcSpawns catched 
[22:10:40] 94 NpcItems catched 
[22:10:40] 19801 NpcMessages catched 
[22:10:40] 7 NpcReplies catched 
[22:10:41] 353 Triggers catched
[22:10:41] 1277 Paddocks catched
[22:10:41] 72 Mounts catched
[22:10:41] 4 Guild catched
[22:10:41] 3 GuildMembers catched
[22:10:41] 122 Handlers Readed
[22:10:42] 166 Messages Readed
[22:10:42] WorldServer start in 15553 ms.
[22:22:24] MySQL Database Connected
[22:22:24] 16 Breeds catched
[22:22:24] 256 Heads catched
[22:22:24] 561 Effects catched
[22:22:25] 4 SuperAreas catched
[22:22:25] 48 Areas catched
[22:22:26] 334 SubAreas catched
[22:22:34] 11260 DofusMaps catched
[22:22:34] 9761 StatedElements catched
[22:22:34] 13349 InteractiveElements catched
[22:22:34] 1485 HouseInformations catched
[22:22:34] 556 InteractiveDoors catched
[22:22:34] 3614 MapPositions uncatched
[22:22:34] 14681 MapPositions catched
[22:22:34] 42 MapZaaps catched
[22:22:34] 79 MapSubways catched
[22:22:34] 15228 SpellLevels catched 
[22:22:34] 4772 Spells catched 
[22:22:34] 316 GuildEmblems catched 
[22:22:34] 1179 LearnableSpells catched 
[22:22:35] 9780 ItemTemplates catched 
[22:22:35] 4489 Weapons catched 
[22:22:35] 363 ItemSets catched 
[22:22:35] 171 ItemTypes catched 
[22:22:35] 110 ItemPets catched 
[22:22:35] 2476 NpcTemplates catched 
[22:22:35] 787 NpcSpawns catched 
[22:22:35] 94 NpcItems catched 
[22:22:35] 19801 NpcMessages catched 
[22:22:35] 7 NpcReplies catched 
[22:22:36] 353 Triggers catched
[22:22:36] 1277 Paddocks catched
[22:22:36] 72 Mounts catched
[22:22:36] 4 Guild catched
[22:22:36] 3 GuildMembers catched
[22:22:36] 122 Handlers Readed
[22:22:37] 166 Messages Readed
[22:22:37] WorldServer start in 12638 ms.
[22:41:39] MySQL Database Connected
[22:41:39] 16 Breeds catched
[22:41:39] 256 Heads catched
[22:41:39] 561 Effects catched
[22:41:40] 4 SuperAreas catched
[22:41:40] 48 Areas catched
[22:41:41] 334 SubAreas catched
[22:41:48] 11260 DofusMaps catched
[22:41:48] 9761 StatedElements catched
[22:41:49] 13349 InteractiveElements catched
[22:41:49] 1485 HouseInformations catched
[22:41:49] 556 InteractiveDoors catched
[22:41:49] 3614 MapPositions uncatched
[22:41:49] 14681 MapPositions catched
[22:41:49] 42 MapZaaps catched
[22:41:49] 79 MapSubways catched
[22:41:49] 15228 SpellLevels catched 
[22:41:49] 4772 Spells catched 
[22:41:49] 316 GuildEmblems catched 
[22:41:49] 1179 LearnableSpells catched 
[22:41:49] 9780 ItemTemplates catched 
[22:41:49] 4489 Weapons catched 
[22:41:49] 363 ItemSets catched 
[22:41:49] 171 ItemTypes catched 
[22:41:50] 110 ItemPets catched 
[22:41:50] 2476 NpcTemplates catched 
[22:41:50] 787 NpcSpawns catched 
[22:41:50] 94 NpcItems catched 
[22:41:50] 19801 NpcMessages catched 
[22:41:50] 7 NpcReplies catched 
[22:41:50] 353 Triggers catched
[22:41:50] 1277 Paddocks catched
[22:41:50] 72 Mounts catched
[22:41:50] 4 Guild catched
[22:41:50] 3 GuildMembers catched
[22:41:51] 122 Handlers Readed
[22:41:51] 166 Messages Readed
[22:41:52] WorldServer start in 12733 ms.
[22:48:41] MySQL Database Connected
[22:48:41] 16 Breeds catched
[22:48:41] 256 Heads catched
[22:48:41] 561 Effects catched
[22:48:42] 4 SuperAreas catched
[22:48:42] 48 Areas catched
[22:48:43] 334 SubAreas catched
[22:48:50] 11260 DofusMaps catched
[22:48:50] 9761 StatedElements catched
[22:48:50] 13349 InteractiveElements catched
[22:48:50] 1485 HouseInformations catched
[22:48:50] 556 InteractiveDoors catched
[22:48:50] 3614 MapPositions uncatched
[22:48:50] 14681 MapPositions catched
[22:48:50] 42 MapZaaps catched
[22:48:50] 79 MapSubways catched
[22:48:50] 15228 SpellLevels catched 
[22:48:51] 4772 Spells catched 
[22:48:51] 316 GuildEmblems catched 
[22:48:51] 1179 LearnableSpells catched 
[22:48:51] 9780 ItemTemplates catched 
[22:48:51] 4489 Weapons catched 
[22:48:51] 363 ItemSets catched 
[22:48:51] 171 ItemTypes catched 
[22:48:51] 110 ItemPets catched 
[22:48:51] 2476 NpcTemplates catched 
[22:48:51] 787 NpcSpawns catched 
[22:48:51] 94 NpcItems catched 
[22:48:52] 19801 NpcMessages catched 
[22:48:52] 7 NpcReplies catched 
[22:48:52] 353 Triggers catched
[22:48:52] 1277 Paddocks catched
[22:48:52] 72 Mounts catched
[22:48:52] 4 Guild catched
[22:48:52] 3 GuildMembers catched
[22:48:52] 122 Handlers Readed
[22:48:53] 166 Messages Readed
[22:48:53] WorldServer start in 12224 ms.
[22:53:46] MySQL Database Connected
[22:53:47] 16 Breeds catched
[22:53:47] 256 Heads catched
[22:53:47] 561 Effects catched
[22:53:47] 4 SuperAreas catched
[22:53:47] 48 Areas catched
[22:53:48] 334 SubAreas catched
[22:53:55] 11260 DofusMaps catched
[22:53:55] 9761 StatedElements catched
[22:53:55] 13349 InteractiveElements catched
[22:53:55] 1485 HouseInformations catched
[22:53:55] 556 InteractiveDoors catched
[22:53:55] 3614 MapPositions uncatched
[22:53:55] 14681 MapPositions catched
[22:53:55] 42 MapZaaps catched
[22:53:55] 79 MapSubways catched
[22:53:56] 15228 SpellLevels catched 
[22:53:56] 4772 Spells catched 
[22:53:56] 316 GuildEmblems catched 
[22:53:56] 1179 LearnableSpells catched 
[22:53:56] 9780 ItemTemplates catched 
[22:53:56] 4489 Weapons catched 
[22:53:56] 363 ItemSets catched 
[22:53:56] 171 ItemTypes catched 
[22:53:56] 110 ItemPets catched 
[22:53:57] 2476 NpcTemplates catched 
[22:53:57] 787 NpcSpawns catched 
[22:53:57] 94 NpcItems catched 
[22:53:57] 19801 NpcMessages catched 
[22:53:57] 7 NpcReplies catched 
[22:53:57] 353 Triggers catched
[22:53:57] 1277 Paddocks catched
[22:53:57] 72 Mounts catched
[22:53:57] 4 Guild catched
[22:53:57] 3 GuildMembers catched
[22:53:57] 122 Handlers Readed
[22:53:58] 166 Messages Readed
[22:53:58] WorldServer start in 11816 ms.
[22:55:40] MySQL Database Connected
[22:55:40] 16 Breeds catched
[22:55:40] 256 Heads catched
[22:55:40] 561 Effects catched
[22:55:41] 4 SuperAreas catched
[22:55:41] 48 Areas catched
[22:55:42] 334 SubAreas catched
[22:55:49] 11260 DofusMaps catched
[22:55:49] 9761 StatedElements catched
[22:55:49] 13349 InteractiveElements catched
[22:55:49] 1485 HouseInformations catched
[22:55:49] 556 InteractiveDoors catched
[22:55:49] 3614 MapPositions uncatched
[22:55:49] 14681 MapPositions catched
[22:55:49] 42 MapZaaps catched
[22:55:49] 79 MapSubways catched
[22:55:50] 15228 SpellLevels catched 
[22:55:50] 4772 Spells catched 
[22:55:50] 316 GuildEmblems catched 
[22:55:50] 1179 LearnableSpells catched 
[22:55:50] 9780 ItemTemplates catched 
[22:55:50] 4489 Weapons catched 
[22:55:50] 363 ItemSets catched 
[22:55:50] 171 ItemTypes catched 
[22:55:50] 110 ItemPets catched 
[22:55:51] 2476 NpcTemplates catched 
[22:55:51] 787 NpcSpawns catched 
[22:55:51] 94 NpcItems catched 
[22:55:51] 19801 NpcMessages catched 
[22:55:51] 7 NpcReplies catched 
[22:55:51] 353 Triggers catched
[22:55:51] 1277 Paddocks catched
[22:55:51] 72 Mounts catched
[22:55:51] 4 Guild catched
[22:55:51] 3 GuildMembers catched
[22:55:52] 122 Handlers Readed
[22:55:52] 166 Messages Readed
[22:55:52] WorldServer start in 12700 ms.
[22:57:04] MySQL Database Connected
[22:57:04] 16 Breeds catched
[22:57:04] 256 Heads catched
[22:57:04] 561 Effects catched
[22:57:05] 4 SuperAreas catched
[22:57:05] 48 Areas catched
[22:57:06] 334 SubAreas catched
[22:57:13] 11260 DofusMaps catched
[22:57:13] 9761 StatedElements catched
[22:57:13] 13349 InteractiveElements catched
[22:57:13] 1485 HouseInformations catched
[22:57:13] 556 InteractiveDoors catched
[22:57:13] 3614 MapPositions uncatched
[22:57:13] 14681 MapPositions catched
[22:57:13] 42 MapZaaps catched
[22:57:13] 79 MapSubways catched
[22:57:13] 15228 SpellLevels catched 
[22:57:13] 4772 Spells catched 
[22:57:13] 316 GuildEmblems catched 
[22:57:13] 1179 LearnableSpells catched 
[22:57:14] 9780 ItemTemplates catched 
[22:57:14] 4489 Weapons catched 
[22:57:14] 363 ItemSets catched 
[22:57:14] 171 ItemTypes catched 
[22:57:14] 110 ItemPets catched 
[22:57:14] 2476 NpcTemplates catched 
[22:57:14] 787 NpcSpawns catched 
[22:57:14] 94 NpcItems catched 
[22:57:14] 19801 NpcMessages catched 
[22:57:14] 7 NpcReplies catched 
[22:57:15] 353 Triggers catched
[22:57:15] 1277 Paddocks catched
[22:57:15] 72 Mounts catched
[22:57:15] 4 Guild catched
[22:57:15] 3 GuildMembers catched
[22:57:15] 122 Handlers Readed
[22:57:16] 166 Messages Readed
[22:57:16] WorldServer start in 11895 ms.
[23:02:36] MySQL Database Connected
[23:02:36] 16 Breeds catched
[23:02:36] 256 Heads catched
[23:02:36] 561 Effects catched
[23:02:36] 4 SuperAreas catched
[23:02:36] 48 Areas catched
[23:02:37] 334 SubAreas catched
[23:02:45] 11260 DofusMaps catched
[23:02:45] 9761 StatedElements catched
[23:02:46] 13349 InteractiveElements catched
[23:02:46] 1485 HouseInformations catched
[23:02:46] 556 InteractiveDoors catched
[23:02:46] 3614 MapPositions uncatched
[23:02:46] 14681 MapPositions catched
[23:02:46] 42 MapZaaps catched
[23:02:46] 79 MapSubways catched
[23:02:46] 15228 SpellLevels catched 
[23:02:46] 4772 Spells catched 
[23:02:46] 316 GuildEmblems catched 
[23:02:46] 1179 LearnableSpells catched 
[23:02:46] 9780 ItemTemplates catched 
[23:02:46] 4489 Weapons catched 
[23:02:46] 363 ItemSets catched 
[23:02:46] 171 ItemTypes catched 
[23:02:47] 110 ItemPets catched 
[23:02:47] 2476 NpcTemplates catched 
[23:02:47] 787 NpcSpawns catched 
[23:02:47] 94 NpcItems catched 
[23:02:47] 19801 NpcMessages catched 
[23:02:47] 7 NpcReplies catched 
[23:02:47] 353 Triggers catched
[23:02:47] 1277 Paddocks catched
[23:02:47] 72 Mounts catched
[23:02:47] 4 Guild catched
[23:02:47] 3 GuildMembers catched
[23:02:48] 122 Handlers Readed
[23:02:48] 166 Messages Readed
[23:02:49] WorldServer start in 13180 ms.
[23:06:53] MySQL Database Connected
[23:06:53] 16 Breeds catched
[23:06:53] 256 Heads catched
[23:06:53] 561 Effects catched
[23:06:54] 4 SuperAreas catched
[23:06:54] 48 Areas catched
[23:06:55] 334 SubAreas catched
[23:07:02] 11260 DofusMaps catched
[23:07:02] 9761 StatedElements catched
[23:07:02] 13349 InteractiveElements catched
[23:07:02] 1485 HouseInformations catched
[23:07:02] 556 InteractiveDoors catched
[23:07:02] 3614 MapPositions uncatched
[23:07:02] 14681 MapPositions catched
[23:07:02] 42 MapZaaps catched
[23:07:02] 79 MapSubways catched
[23:07:02] 15228 SpellLevels catched 
[23:07:02] 4772 Spells catched 
[23:07:02] 316 GuildEmblems catched 
[23:07:02] 1179 LearnableSpells catched 
[23:07:03] 9780 ItemTemplates catched 
[23:07:03] 4489 Weapons catched 
[23:07:03] 363 ItemSets catched 
[23:07:03] 171 ItemTypes catched 
[23:07:03] 110 ItemPets catched 
[23:07:03] 2476 NpcTemplates catched 
[23:07:03] 787 NpcSpawns catched 
[23:07:03] 94 NpcItems catched 
[23:07:03] 19801 NpcMessages catched 
[23:07:03] 7 NpcReplies catched 
[23:07:04] 353 Triggers catched
[23:07:04] 1277 Paddocks catched
[23:07:04] 72 Mounts catched
[23:07:04] 4 Guild catched
[23:07:04] 3 GuildMembers catched
[23:07:04] 122 Handlers Readed
[23:07:05] 166 Messages Readed
[23:07:05] WorldServer start in 11995 ms.
[23:10:11] MySQL Database Connected
[23:10:11] 16 Breeds catched
[23:10:11] 256 Heads catched
[23:10:11] 561 Effects catched
[23:10:11] 4 SuperAreas catched
[23:10:11] 48 Areas catched
[23:10:12] 334 SubAreas catched
[23:10:20] 11260 DofusMaps catched
[23:10:20] 9761 StatedElements catched
[23:10:20] 13349 InteractiveElements catched
[23:10:20] 1485 HouseInformations catched
[23:10:20] 556 InteractiveDoors catched
[23:10:20] 3614 MapPositions uncatched
[23:10:20] 14681 MapPositions catched
[23:10:20] 42 MapZaaps catched
[23:10:20] 79 MapSubways catched
[23:10:20] 15228 SpellLevels catched 
[23:10:20] 4772 Spells catched 
[23:10:20] 316 GuildEmblems catched 
[23:10:20] 1179 LearnableSpells catched 
[23:10:21] 9780 ItemTemplates catched 
[23:10:21] 4489 Weapons catched 
[23:10:21] 363 ItemSets catched 
[23:10:21] 171 ItemTypes catched 
[23:10:21] 110 ItemPets catched 
[23:10:21] 2476 NpcTemplates catched 
[23:10:21] 787 NpcSpawns catched 
[23:10:21] 94 NpcItems catched 
[23:10:21] 19801 NpcMessages catched 
[23:10:21] 7 NpcReplies catched 
[23:10:22] 353 Triggers catched
[23:10:22] 1277 Paddocks catched
[23:10:22] 72 Mounts catched
[23:10:22] 4 Guild catched
[23:10:22] 3 GuildMembers catched
[23:10:22] 122 Handlers Readed
[23:10:23] 166 Messages Readed
[23:10:23] WorldServer start in 12338 ms.
[23:13:38] MySQL Database Connected
[23:13:38] 16 Breeds catched
[23:13:38] 256 Heads catched
[23:13:38] 561 Effects catched
[23:13:39] 4 SuperAreas catched
[23:13:39] 48 Areas catched
[23:13:40] 334 SubAreas catched
[23:13:47] 11260 DofusMaps catched
[23:13:47] 9761 StatedElements catched
[23:13:47] 13349 InteractiveElements catched
[23:13:47] 1485 HouseInformations catched
[23:13:47] 556 InteractiveDoors catched
[23:13:47] 3614 MapPositions uncatched
[23:13:47] 14681 MapPositions catched
[23:13:47] 42 MapZaaps catched
[23:13:47] 79 MapSubways catched
[23:13:47] 15228 SpellLevels catched 
[23:13:47] 4772 Spells catched 
[23:13:47] 316 GuildEmblems catched 
[23:13:47] 1179 LearnableSpells catched 
[23:13:48] 9780 ItemTemplates catched 
[23:13:48] 4489 Weapons catched 
[23:13:48] 363 ItemSets catched 
[23:13:48] 171 ItemTypes catched 
[23:13:48] 110 ItemPets catched 
[23:13:48] 2476 NpcTemplates catched 
[23:13:48] 787 NpcSpawns catched 
[23:13:48] 94 NpcItems catched 
[23:13:48] 19801 NpcMessages catched 
[23:13:48] 7 NpcReplies catched 
[23:13:49] 353 Triggers catched
[23:13:49] 1277 Paddocks catched
[23:13:49] 72 Mounts catched
[23:13:49] 4 Guild catched
[23:13:49] 3 GuildMembers catched
[23:13:49] 122 Handlers Readed
[23:13:50] 166 Messages Readed
[23:13:50] WorldServer start in 12230 ms.
