[14:56:18] MySQL Database Connected
[14:56:18] 0 Breeds catched
[14:56:18] 0 Heads catched
[14:56:26] 11260 DofusMaps catched
[14:56:26] 169 StatedElements catched
[14:56:26] 323 InteractiveElements catched
[14:56:27] 18 Handlers Readed
[14:56:27] 18 Messages Readed
[14:56:27] WorldServer start in 9619 ms.
[14:58:00] MySQL Database Connected
[14:58:00] 16 Breeds catched
[14:58:00] 256 Heads catched
[14:58:08] 11260 DofusMaps catched
[14:58:08] 169 StatedElements catched
[14:58:08] 323 InteractiveElements catched
[14:58:08] 18 Handlers Readed
[14:58:08] 18 Messages Readed
[14:58:08] WorldServer start in 8793 ms.
[21:59:46] MySQL Database Connected
[21:59:46] 16 Breeds catched
[21:59:46] 256 Heads catched
[21:59:54] 11260 DofusMaps catched
[21:59:54] 169 StatedElements catched
[21:59:54] 323 InteractiveElements catched
[21:59:54] 18 Handlers Readed
[21:59:54] 18 Messages Readed
[21:59:54] WorldServer start in 8957 ms.
[22:08:26] MySQL Database Connected
[22:08:26] 16 Breeds catched
[22:08:26] 256 Heads catched
[22:08:34] 11260 DofusMaps catched
[22:08:34] 169 StatedElements catched
[22:08:34] 323 InteractiveElements catched
[22:08:35] 18 Handlers Readed
[22:08:35] 18 Messages Readed
[22:08:35] WorldServer start in 8994 ms.
