[11:17:26] MySQL Database Connected
[11:17:26] 16 Breeds catched
[11:17:26] 256 Heads catched
[11:17:26] 561 Effects catched
[11:17:29] 4 SuperAreas catched
[11:17:29] 48 Areas catched
[11:17:30] 334 SubAreas catched
[11:17:43] 11260 DofusMaps catched
[11:17:43] 9761 StatedElements catched
[11:17:43] 13350 InteractiveElements catched
[11:17:43] 1485 HouseInformations catched
[11:17:43] 666 InteractiveDoors catched
[11:17:43] 3614 MapPositions uncatched
[11:17:43] 14681 MapPositions catched
[11:17:43] 42 MapZaaps catched
[11:17:43] 79 MapSubways catched
[11:17:44] 15228 SpellLevels catched 
[11:17:44] 4772 Spells catched 
[11:17:44] 1179 LearnableSpells catched 
[11:17:44] 9780 ItemTemplates catched 
[11:17:44] 4489 Weapons catched 
[11:17:44] 363 ItemSets catched 
[11:17:44] 171 ItemTypes catched 
[11:17:44] 110 ItemPets catched 
[11:17:45] 2476 NpcTemplates catched 
[11:17:45] 787 NpcSpawns catched 
[11:17:45] 94 NpcItems catched 
[11:17:45] 19801 NpcMessages catched 
[11:17:45] 7 NpcReplies catched 
[11:17:46] 301 Triggers catched
[11:17:46] 1281 Paddocks catched
[11:17:46] 72 Mounts catched
[11:17:51] 96 Handlers Readed
[11:17:56] 125 Messages Readed
[11:17:57] WorldServer start in 31213 ms.
[11:21:08] MySQL Database Connected
[11:21:08] 16 Breeds catched
[11:21:08] 256 Heads catched
[11:21:08] 561 Effects catched
[11:21:09] 4 SuperAreas catched
[11:21:09] 48 Areas catched
[11:21:09] 334 SubAreas catched
[11:21:18] 11260 DofusMaps catched
[11:21:18] 9761 StatedElements catched
[11:21:18] 13350 InteractiveElements catched
[11:21:18] 1485 HouseInformations catched
[11:21:18] 666 InteractiveDoors catched
[11:21:18] 3614 MapPositions uncatched
[11:21:18] 14681 MapPositions catched
[11:21:18] 42 MapZaaps catched
[11:21:18] 79 MapSubways catched
[11:21:18] 15228 SpellLevels catched 
[11:21:18] 4772 Spells catched 
[11:21:18] 1179 LearnableSpells catched 
[11:21:19] 9780 ItemTemplates catched 
[11:21:19] 4489 Weapons catched 
[11:21:19] 363 ItemSets catched 
[11:21:19] 171 ItemTypes catched 
[11:21:19] 110 ItemPets catched 
[11:21:20] 2476 NpcTemplates catched 
[11:21:20] 787 NpcSpawns catched 
[11:21:20] 94 NpcItems catched 
[11:21:20] 19801 NpcMessages catched 
[11:21:20] 7 NpcReplies catched 
[11:21:20] 301 Triggers catched
[11:21:20] 1281 Paddocks catched
[11:21:20] 72 Mounts catched
[11:21:20] 96 Handlers Readed
[11:21:21] 125 Messages Readed
[11:21:21] WorldServer start in 13100 ms.
[11:22:26] MySQL Database Connected
[11:22:26] 16 Breeds catched
[11:22:26] 256 Heads catched
[11:22:26] 561 Effects catched
[11:22:26] 4 SuperAreas catched
[11:22:26] 48 Areas catched
[11:22:27] 334 SubAreas catched
[11:22:35] 11260 DofusMaps catched
[11:22:35] 9761 StatedElements catched
[11:22:35] 13350 InteractiveElements catched
[11:22:35] 1485 HouseInformations catched
[11:22:35] 666 InteractiveDoors catched
[11:22:35] 3614 MapPositions uncatched
[11:22:35] 14681 MapPositions catched
[11:22:35] 42 MapZaaps catched
[11:22:35] 79 MapSubways catched
[11:22:35] 15228 SpellLevels catched 
[11:22:35] 4772 Spells catched 
[11:22:35] 1179 LearnableSpells catched 
[11:22:35] 9780 ItemTemplates catched 
[11:22:36] 4489 Weapons catched 
[11:22:36] 363 ItemSets catched 
[11:22:36] 171 ItemTypes catched 
[11:22:36] 110 ItemPets catched 
[11:22:36] 2476 NpcTemplates catched 
[11:22:36] 787 NpcSpawns catched 
[11:22:36] 94 NpcItems catched 
[11:22:36] 19801 NpcMessages catched 
[11:22:36] 7 NpcReplies catched 
[11:22:36] 301 Triggers catched
[11:22:36] 1281 Paddocks catched
[11:22:36] 72 Mounts catched
[11:22:37] 96 Handlers Readed
[11:22:37] 125 Messages Readed
[11:22:37] WorldServer start in 12025 ms.
[11:23:22] MySQL Database Connected
[11:23:22] 16 Breeds catched
[11:23:22] 256 Heads catched
[11:23:22] 561 Effects catched
[11:23:22] 4 SuperAreas catched
[11:23:22] 48 Areas catched
[11:23:23] 334 SubAreas catched
[11:23:34] 11260 DofusMaps catched
[11:23:34] 9761 StatedElements catched
[11:23:35] 13350 InteractiveElements catched
[11:23:35] 1485 HouseInformations catched
[11:23:35] 666 InteractiveDoors catched
[11:23:35] 3614 MapPositions uncatched
[11:23:35] 14681 MapPositions catched
[11:23:35] 42 MapZaaps catched
[11:23:35] 79 MapSubways catched
[11:23:35] 15228 SpellLevels catched 
[11:23:35] 4772 Spells catched 
[11:23:35] 1179 LearnableSpells catched 
[11:23:36] 9780 ItemTemplates catched 
[11:23:36] 4489 Weapons catched 
[11:23:36] 363 ItemSets catched 
[11:23:36] 171 ItemTypes catched 
[11:23:36] 110 ItemPets catched 
[11:23:36] 2476 NpcTemplates catched 
[11:23:36] 787 NpcSpawns catched 
[11:23:36] 94 NpcItems catched 
[11:23:37] 19801 NpcMessages catched 
[11:23:37] 7 NpcReplies catched 
[11:23:37] 301 Triggers catched
[11:23:37] 1281 Paddocks catched
[11:23:37] 72 Mounts catched
[11:23:37] 96 Handlers Readed
[11:23:38] 125 Messages Readed
[11:23:38] WorldServer start in 16333 ms.
[11:24:31] MySQL Database Connected
[11:24:31] 16 Breeds catched
[11:24:31] 256 Heads catched
[11:24:31] 561 Effects catched
[11:24:32] 4 SuperAreas catched
[11:24:32] 48 Areas catched
[11:24:33] 334 SubAreas catched
[11:24:40] 11260 DofusMaps catched
[11:24:40] 9761 StatedElements catched
[11:24:40] 13350 InteractiveElements catched
[11:24:40] 1485 HouseInformations catched
[11:24:40] 666 InteractiveDoors catched
[11:24:40] 3614 MapPositions uncatched
[11:24:40] 14681 MapPositions catched
[11:24:40] 42 MapZaaps catched
[11:24:40] 79 MapSubways catched
[11:24:41] 15228 SpellLevels catched 
[11:24:41] 4772 Spells catched 
[11:24:41] 1179 LearnableSpells catched 
[11:24:41] 9780 ItemTemplates catched 
[11:24:41] 4489 Weapons catched 
[11:24:41] 363 ItemSets catched 
[11:24:41] 171 ItemTypes catched 
[11:24:41] 110 ItemPets catched 
[11:24:42] 2476 NpcTemplates catched 
[11:24:42] 787 NpcSpawns catched 
[11:24:42] 94 NpcItems catched 
[11:24:42] 19801 NpcMessages catched 
[11:24:42] 7 NpcReplies catched 
[11:24:42] 301 Triggers catched
[11:24:42] 1281 Paddocks catched
[11:24:42] 72 Mounts catched
[11:24:43] 96 Handlers Readed
[11:24:43] 125 Messages Readed
[11:24:43] WorldServer start in 11811 ms.
[11:35:46] MySQL Database Connected
[11:35:46] 16 Breeds catched
[11:35:46] 256 Heads catched
[11:35:46] 561 Effects catched
[11:35:47] 4 SuperAreas catched
[11:35:47] 48 Areas catched
[11:35:48] 334 SubAreas catched
[11:35:58] 11260 DofusMaps catched
[11:35:58] 9761 StatedElements catched
[11:35:58] 13347 InteractiveElements catched
[11:35:58] 1485 HouseInformations catched
[11:35:58] 666 InteractiveDoors catched
[11:35:58] 3614 MapPositions uncatched
[11:35:58] 14681 MapPositions catched
[11:35:58] 42 MapZaaps catched
[11:35:58] 79 MapSubways catched
[11:35:58] 15228 SpellLevels catched 
[11:35:58] 4772 Spells catched 
[11:35:58] 1179 LearnableSpells catched 
[11:35:58] 9780 ItemTemplates catched 
[11:35:59] 4489 Weapons catched 
[11:35:59] 363 ItemSets catched 
[11:35:59] 171 ItemTypes catched 
[11:35:59] 110 ItemPets catched 
[11:35:59] 2476 NpcTemplates catched 
[11:35:59] 787 NpcSpawns catched 
[11:35:59] 94 NpcItems catched 
[11:35:59] 19801 NpcMessages catched 
[11:35:59] 7 NpcReplies catched 
[11:35:59] 301 Triggers catched
[11:35:59] 1281 Paddocks catched
[11:36:00] 72 Mounts catched
[11:36:00] 96 Handlers Readed
[11:36:00] 125 Messages Readed
[11:36:00] WorldServer start in 14525 ms.
[11:38:14] MySQL Database Connected
[11:38:14] 16 Breeds catched
[11:38:14] 256 Heads catched
[11:38:14] 561 Effects catched
[11:38:15] 4 SuperAreas catched
[11:38:15] 48 Areas catched
[11:38:16] 334 SubAreas catched
[11:38:23] 11260 DofusMaps catched
[11:38:23] 9761 StatedElements catched
[11:38:23] 13347 InteractiveElements catched
[11:38:23] 1485 HouseInformations catched
[11:38:23] 665 InteractiveDoors catched
[11:38:24] 3614 MapPositions uncatched
[11:38:24] 14681 MapPositions catched
[11:38:24] 42 MapZaaps catched
[11:38:24] 79 MapSubways catched
[11:38:24] 15228 SpellLevels catched 
[11:38:24] 4772 Spells catched 
[11:38:24] 1179 LearnableSpells catched 
[11:38:24] 9780 ItemTemplates catched 
[11:38:24] 4489 Weapons catched 
[11:38:24] 363 ItemSets catched 
[11:38:24] 171 ItemTypes catched 
[11:38:25] 110 ItemPets catched 
[11:38:25] 2476 NpcTemplates catched 
[11:38:25] 787 NpcSpawns catched 
[11:38:25] 94 NpcItems catched 
[11:38:25] 19801 NpcMessages catched 
[11:38:25] 7 NpcReplies catched 
[11:38:25] 301 Triggers catched
[11:38:25] 1281 Paddocks catched
[11:38:25] 72 Mounts catched
[11:38:26] 96 Handlers Readed
[11:38:26] 125 Messages Readed
[11:38:26] WorldServer start in 12518 ms.
[11:49:39] MySQL Database Connected
[11:49:39] 16 Breeds catched
[11:49:39] 256 Heads catched
[11:49:39] 561 Effects catched
[11:49:39] 4 SuperAreas catched
[11:49:39] 48 Areas catched
[11:49:40] 334 SubAreas catched
[11:49:50] 11260 DofusMaps catched
[11:49:50] 9761 StatedElements catched
[11:49:50] 13346 InteractiveElements catched
[11:49:50] 1485 HouseInformations catched
[11:49:50] 664 InteractiveDoors catched
[11:49:50] 3614 MapPositions uncatched
[11:49:50] 14681 MapPositions catched
[11:49:50] 42 MapZaaps catched
[11:49:50] 79 MapSubways catched
[11:49:51] 15228 SpellLevels catched 
[11:49:51] 4772 Spells catched 
[11:49:51] 1179 LearnableSpells catched 
[11:49:51] 9780 ItemTemplates catched 
[11:49:51] 4489 Weapons catched 
[11:49:51] 363 ItemSets catched 
[11:49:51] 171 ItemTypes catched 
[11:49:51] 110 ItemPets catched 
[11:49:52] 2476 NpcTemplates catched 
[11:49:52] 787 NpcSpawns catched 
[11:49:52] 94 NpcItems catched 
[11:49:52] 19801 NpcMessages catched 
[11:49:52] 7 NpcReplies catched 
[11:49:52] 301 Triggers catched
[11:49:52] 1281 Paddocks catched
[11:49:52] 72 Mounts catched
[11:49:53] 96 Handlers Readed
[11:49:53] 125 Messages Readed
[11:49:53] WorldServer start in 14698 ms.
[11:52:22] MySQL Database Connected
[11:52:22] 16 Breeds catched
[11:52:22] 256 Heads catched
[11:52:22] 561 Effects catched
[11:52:23] 4 SuperAreas catched
[11:52:23] 48 Areas catched
[11:52:24] 334 SubAreas catched
[11:52:34] 11260 DofusMaps catched
[11:52:34] 9761 StatedElements catched
[11:52:34] 13346 InteractiveElements catched
[11:52:34] 1485 HouseInformations catched
[11:52:34] 664 InteractiveDoors catched
[11:52:34] 3614 MapPositions uncatched
[11:52:34] 14681 MapPositions catched
[11:52:34] 42 MapZaaps catched
[11:52:34] 79 MapSubways catched
[11:52:34] 15228 SpellLevels catched 
[11:52:34] 4772 Spells catched 
[11:52:34] 1179 LearnableSpells catched 
[11:52:35] 9780 ItemTemplates catched 
[11:52:35] 4489 Weapons catched 
[11:52:35] 363 ItemSets catched 
[11:52:35] 171 ItemTypes catched 
[11:52:35] 110 ItemPets catched 
[11:52:35] 2476 NpcTemplates catched 
[11:52:35] 787 NpcSpawns catched 
[11:52:35] 94 NpcItems catched 
[11:52:35] 19801 NpcMessages catched 
[11:52:35] 7 NpcReplies catched 
[11:52:36] 301 Triggers catched
[11:52:36] 1281 Paddocks catched
[11:52:36] 72 Mounts catched
[11:52:36] 96 Handlers Readed
[11:52:37] 125 Messages Readed
[11:52:37] WorldServer start in 14881 ms.
[11:55:07] MySQL Database Connected
[11:55:07] 16 Breeds catched
[11:55:07] 256 Heads catched
[11:55:07] 561 Effects catched
[11:55:07] 4 SuperAreas catched
[11:55:07] 48 Areas catched
[11:55:08] 334 SubAreas catched
[11:55:20] 11260 DofusMaps catched
[11:55:20] 9761 StatedElements catched
[11:55:20] 13346 InteractiveElements catched
[11:55:20] 1485 HouseInformations catched
[11:55:20] 663 InteractiveDoors catched
[11:55:20] 3614 MapPositions uncatched
[11:55:20] 14681 MapPositions catched
[11:55:20] 42 MapZaaps catched
[11:55:20] 79 MapSubways catched
[11:55:21] 15228 SpellLevels catched 
[11:55:21] 4772 Spells catched 
[11:55:21] 1179 LearnableSpells catched 
[11:55:21] 9780 ItemTemplates catched 
[11:55:21] 4489 Weapons catched 
[11:55:21] 363 ItemSets catched 
[11:55:21] 171 ItemTypes catched 
[11:55:21] 110 ItemPets catched 
[11:55:22] 2476 NpcTemplates catched 
[11:55:22] 787 NpcSpawns catched 
[11:55:22] 94 NpcItems catched 
[11:55:22] 19801 NpcMessages catched 
[11:55:22] 7 NpcReplies catched 
[11:55:22] 301 Triggers catched
[11:55:22] 1281 Paddocks catched
[11:55:22] 72 Mounts catched
[11:55:22] 96 Handlers Readed
[11:55:23] 125 Messages Readed
[11:55:23] WorldServer start in 16584 ms.
[11:57:06] MySQL Database Connected
[11:57:06] 16 Breeds catched
[11:57:06] 256 Heads catched
[11:57:06] 561 Effects catched
[11:57:06] 4 SuperAreas catched
[11:57:06] 48 Areas catched
[11:57:07] 334 SubAreas catched
[11:57:15] 11260 DofusMaps catched
[11:57:15] 9761 StatedElements catched
[11:57:15] 13346 InteractiveElements catched
[11:57:15] 1485 HouseInformations catched
[11:57:15] 663 InteractiveDoors catched
[11:57:15] 3614 MapPositions uncatched
[11:57:15] 14681 MapPositions catched
[11:57:15] 42 MapZaaps catched
[11:57:15] 79 MapSubways catched
[11:57:15] 15228 SpellLevels catched 
[11:57:15] 4772 Spells catched 
[11:57:15] 1179 LearnableSpells catched 
[11:57:16] 9780 ItemTemplates catched 
[11:57:16] 4489 Weapons catched 
[11:57:16] 363 ItemSets catched 
[11:57:16] 171 ItemTypes catched 
[11:57:16] 110 ItemPets catched 
[11:57:16] 2476 NpcTemplates catched 
[11:57:16] 787 NpcSpawns catched 
[11:57:16] 94 NpcItems catched 
[11:57:17] 19801 NpcMessages catched 
[11:57:17] 7 NpcReplies catched 
[11:57:17] 302 Triggers catched
[11:57:17] 1281 Paddocks catched
[11:57:17] 72 Mounts catched
[11:57:17] 96 Handlers Readed
[11:57:18] 125 Messages Readed
[11:57:18] WorldServer start in 12072 ms.
[12:51:28] MySQL Database Connected
[12:51:28] 16 Breeds catched
[12:51:28] 256 Heads catched
[12:51:28] 561 Effects catched
[12:51:29] 4 SuperAreas catched
[12:51:29] 48 Areas catched
[12:51:30] 334 SubAreas catched
[12:51:37] 11260 DofusMaps catched
[12:51:37] 9761 StatedElements catched
[12:51:37] 13346 InteractiveElements catched
[12:51:37] 1485 HouseInformations catched
[12:51:37] 664 InteractiveDoors catched
[12:51:37] 3614 MapPositions uncatched
[12:51:37] 14681 MapPositions catched
[12:51:37] 42 MapZaaps catched
[12:51:37] 79 MapSubways catched
[12:51:38] 15228 SpellLevels catched 
[12:51:38] 4772 Spells catched 
[12:51:38] 1179 LearnableSpells catched 
[12:51:38] 9780 ItemTemplates catched 
[12:51:38] 4489 Weapons catched 
[12:51:38] 363 ItemSets catched 
[12:51:38] 171 ItemTypes catched 
[12:51:38] 110 ItemPets catched 
[12:51:39] 2476 NpcTemplates catched 
[12:51:39] 787 NpcSpawns catched 
[12:51:39] 94 NpcItems catched 
[12:51:39] 19801 NpcMessages catched 
[12:51:39] 7 NpcReplies catched 
[12:51:39] 304 Triggers catched
[12:51:39] 1281 Paddocks catched
[12:51:39] 72 Mounts catched
[12:51:40] 96 Handlers Readed
[12:51:40] 125 Messages Readed
[12:51:40] WorldServer start in 12357 ms.
[12:53:25] MySQL Database Connected
[12:53:25] 16 Breeds catched
[12:53:25] 256 Heads catched
[12:53:25] 561 Effects catched
[12:53:26] 4 SuperAreas catched
[12:53:26] 48 Areas catched
[12:53:27] 334 SubAreas catched
[12:53:34] 11260 DofusMaps catched
[12:53:34] 9761 StatedElements catched
[12:53:34] 13346 InteractiveElements catched
[12:53:34] 1485 HouseInformations catched
[12:53:34] 664 InteractiveDoors catched
[12:53:34] 3614 MapPositions uncatched
[12:53:34] 14681 MapPositions catched
[12:53:34] 42 MapZaaps catched
[12:53:34] 79 MapSubways catched
[12:53:35] 15228 SpellLevels catched 
[12:53:35] 4772 Spells catched 
[12:53:35] 1179 LearnableSpells catched 
[12:53:35] 9780 ItemTemplates catched 
[12:53:36] 4489 Weapons catched 
[12:53:37] 363 ItemSets catched 
[12:53:37] 171 ItemTypes catched 
[12:53:37] 110 ItemPets catched 
[12:53:39] 2476 NpcTemplates catched 
[12:53:39] 787 NpcSpawns catched 
[12:53:39] 94 NpcItems catched 
[12:53:39] 19801 NpcMessages catched 
[12:53:39] 7 NpcReplies catched 
[12:53:39] 304 Triggers catched
[12:53:40] 1281 Paddocks catched
[12:53:40] 72 Mounts catched
[12:53:40] 96 Handlers Readed
[12:53:41] 125 Messages Readed
[12:53:41] WorldServer start in 15823 ms.
[13:34:15] MySQL Database Connected
[13:34:15] 16 Breeds catched
[13:34:15] 256 Heads catched
[13:34:15] 561 Effects catched
[13:34:15] 4 SuperAreas catched
[13:34:15] 48 Areas catched
[13:34:16] 334 SubAreas catched
[13:34:24] 11260 DofusMaps catched
[13:34:24] 9761 StatedElements catched
[13:34:24] 13346 InteractiveElements catched
[13:34:24] 1485 HouseInformations catched
[13:34:24] 554 InteractiveDoors catched
[13:34:24] 3614 MapPositions uncatched
[13:34:24] 14681 MapPositions catched
[13:34:24] 42 MapZaaps catched
[13:34:24] 79 MapSubways catched
[13:34:25] 15228 SpellLevels catched 
[13:34:25] 4772 Spells catched 
[13:34:25] 1179 LearnableSpells catched 
[13:34:25] 9780 ItemTemplates catched 
[13:34:25] 4489 Weapons catched 
[13:34:25] 363 ItemSets catched 
[13:34:25] 171 ItemTypes catched 
[13:34:25] 110 ItemPets catched 
[13:34:26] 2476 NpcTemplates catched 
[13:34:26] 787 NpcSpawns catched 
[13:34:26] 94 NpcItems catched 
[13:34:26] 19801 NpcMessages catched 
[13:34:26] 7 NpcReplies catched 
[13:34:26] 351 Triggers catched
[13:34:26] 1281 Paddocks catched
[13:34:26] 72 Mounts catched
[13:34:26] 96 Handlers Readed
[13:34:27] 125 Messages Readed
[13:34:27] WorldServer start in 12497 ms.
