juin 29, 2015 8:05:01 PM com.j256.ormlite.logger.Slf4jLoggingLog log
GRAVE: WARNING: you seem to not be using the Xerial SQLite driver.  See ORMLite docs on SQLite: http://ormlite.com/docs/sqlite
[20:05:10] Map 147981057 stated nulled
[20:05:10] Map 147854081 stated nulled
[20:05:10] Map 149946368 stated nulled
[20:05:10] Map 149946368 stated nulled
[20:05:10] Map 147850247 stated nulled
[20:05:10] Map 147850247 stated nulled
[20:05:10] Map 147850247 stated nulled
[20:05:10] Map 147850247 stated nulled
[20:05:10] Map 147850247 stated nulled
[20:05:10] Map 147850247 stated nulled
[20:05:10] Map 147981314 stated nulled
[20:05:10] Map 147981314 stated nulled
[20:05:10] Map 147981314 stated nulled
[20:05:10] Map 147981314 stated nulled
[20:05:10] Map 147981314 stated nulled
[20:05:10] Map 147854341 stated nulled
[20:05:10] Map 147854341 stated nulled
[20:05:10] Map 147854341 stated nulled
[20:05:10] Map 147854340 stated nulled
[20:05:10] Map 147854340 stated nulled
[20:05:10] Map 147854340 stated nulled
[20:05:10] Map 147854340 stated nulled
[20:05:10] Map 147854340 stated nulled
[20:05:10] Map 147854340 stated nulled
[20:05:10] Map 147853828 stated nulled
[20:05:10] Map 147853828 stated nulled
[20:05:10] Map 147853828 stated nulled
[20:05:10] Map 147853828 stated nulled
[20:05:10] Map 147853828 stated nulled
[20:05:10] Map 147853829 stated nulled
[20:05:10] Map 147853829 stated nulled
[20:05:10] Map 147853829 stated nulled
[20:05:10] Map 147853829 stated nulled
[20:05:10] Map 147849218 element nulled
[20:05:10] Map 147850247 element nulled
[20:05:10] Map 147850247 element nulled
[20:05:10] Map 147850247 element nulled
[20:05:10] Map 147850247 element nulled
[20:05:10] Map 147850247 element nulled
[20:05:10] Map 147850247 element nulled
[20:05:10] Map 147850249 element nulled
[20:05:10] Map 147850754 element nulled
[20:05:10] Map 147850755 element nulled
[20:05:10] Map 147850756 element nulled
[20:05:10] Map 147851009 element nulled
[20:05:10] Map 147851782 element nulled
[20:05:10] Map 147852290 element nulled
[20:05:10] Map 147853312 element nulled
[20:05:10] Map 147853312 element nulled
[20:05:10] Map 147853315 element nulled
[20:05:10] Map 147853826 element nulled
[20:05:10] Map 147853828 element nulled
[20:05:10] Map 147853828 element nulled
[20:05:10] Map 147853828 element nulled
[20:05:10] Map 147853828 element nulled
[20:05:10] Map 147853828 element nulled
[20:05:10] Map 147853829 element nulled
[20:05:10] Map 147853829 element nulled
[20:05:10] Map 147853829 element nulled
[20:05:10] Map 147853829 element nulled
[20:05:10] Map 147854081 element nulled
[20:05:10] Map 147854339 element nulled
[20:05:10] Map 147854340 element nulled
[20:05:10] Map 147854340 element nulled
[20:05:10] Map 147854340 element nulled
[20:05:10] Map 147854340 element nulled
[20:05:10] Map 147854340 element nulled
[20:05:10] Map 147854340 element nulled
[20:05:10] Map 147854341 element nulled
[20:05:10] Map 147854341 element nulled
[20:05:10] Map 147854341 element nulled
[20:05:10] Map 147981057 element nulled
[20:05:10] Map 147981314 element nulled
[20:05:10] Map 147981314 element nulled
[20:05:10] Map 147981314 element nulled
[20:05:10] Map 147981314 element nulled
[20:05:10] Map 147981314 element nulled
[20:05:10] Map 149946368 element nulled
[20:05:10] Map 149946368 element nulled
[20:05:10] Map 149946368 element nulled
[20:05:10] Map 149946368 element nulled
[20:05:10] Map 149946368 element nulled
[20:05:10] Map 149946368 element nulled
[20:05:10] Map 147853312 Door nulled
[20:05:10] Map 147853826 Door nulled
[20:05:10] Map 855946248 Door nulled
[20:05:10] Map -2130444072 Door nulled
[20:05:10] Map -2130444286 Door nulled
[20:05:10] Map 838891520 Door nulled
[20:05:10] Map 788529721 Door nulled
[20:05:10] Map 822084149 Door nulled
[20:05:10] Map -2130444244 Door nulled
[20:05:10] Map -2130444286 Door nulled
[20:05:10] Map -16580400 Door nulled
[20:05:10] Map -16580400 Door nulled
[20:05:10] Map -16580606 Door nulled
[20:05:10] Map -1560213768 Door nulled
[20:05:10] Map -1560213924 Door nulled
[20:05:10] Map -1593768356 Door nulled
[20:05:10] Map -1593768356 Door nulled
[20:05:10] Map -1593768356 Door nulled
[20:05:10] Map -1593768356 Door nulled
[20:05:10] Map 100925448 Door nulled
[20:05:10] Map 100925456 Door nulled
[20:05:10] Map 100925448 Door nulled
[20:05:10] Map -1962670046 Door nulled
[20:05:10] Map -1459485284 Door nulled
[20:05:10] Map -1459485284 Door nulled
[20:05:10] Map -402585780 Door nulled
[20:05:10] Map -16580400 Door nulled
[20:05:10] Map -1945894910 Door nulled
[20:05:10] Map -16580400 Door nulled
[20:05:10] Map -1593768356 Door nulled
[20:05:10] Map -1945828550 Door nulled
[20:05:10] Map -16580606 Door nulled
[20:05:10] Map -1744699390 Door nulled
[20:05:10] Map -972880716 Door nulled
[20:05:10] Map -972880716 Door nulled
[20:05:10] Map -989657932 Door nulled
[20:05:10] Map -989657932 Door nulled
[20:05:10] Map 537229314 Door nulled
[20:05:10] Map 537229314 Door nulled
[20:05:10] Map 537247750 Door nulled
[20:05:10] Map 537247746 Door nulled
[20:05:10] Map -1593440512 Door nulled
[20:05:10] Map -1593440512 Door nulled
[20:05:10] Map -1241447288 Door nulled
[20:05:10] Map -1241447288 Door nulled
[20:05:10] Map -1593768356 Door nulled
[20:05:10] Map -1543436708 Door nulled
[20:05:10] Map -1576990984 Door nulled
[20:05:10] Map -1543436708 Door nulled
[20:05:10] Map -1543436708 Door nulled
[20:05:10] Map 1594166274 Door nulled
[20:05:10] Map 1594163212 Door nulled
[20:05:10] Map 1594098688 Door nulled
[20:05:10] Map 1594166278 Door nulled
[20:05:10] Map 1594312706 Door nulled
[20:05:10] Map 1594312714 Door nulled
[20:05:10] Map 1594166280 Door nulled
[20:05:10] Map 1594161160 Door nulled
[20:05:10] Map 554225682 Door nulled
[20:05:10] Map 147851009 Door nulled
[20:05:10] Map 554233864 Door nulled
[20:05:10] Map 554225676 Door nulled
[20:05:10] Map 554233868 Door nulled
[20:05:10] Map 147849218 Door nulled
[20:05:12] Map 143396 trigger null
[20:05:12] Map 143160 trigger null
[20:05:12] Map 78906368 trigger null
[20:05:12] Map 147853826 trigger null
[20:05:12] Map 57016841 trigger null
[20:05:12] Map 88087301 trigger null
[20:05:12] Map 100984832 trigger null
[20:05:12] Map 100925448 trigger null
[20:05:12] Map 87032320 trigger null
[20:05:12] Map 1644497935 trigger null
[20:05:12] Map 84804355 trigger null
[20:05:12] Map 147853312 trigger null
[20:05:12] Map -989657932 trigger null
[20:05:12] Map 1728397333 trigger null
[20:05:12] Map -1945828506 trigger null
[20:05:12] Map 142888 trigger null
[20:05:12] Map 145447 trigger null
[20:05:12] Map 78908422 trigger null
[20:05:12] Map 76024322 trigger null
[20:05:12] Map 1594166284 trigger null
[20:05:12] Map 83628032 trigger null
[20:05:12] Map 83364864 trigger null
[20:05:12] Map 84675078 trigger null
[20:05:12] Map -2130444204 trigger null
[20:05:12] Map 5507072 trigger null
[20:05:12] Map -1241447288 trigger null
[20:05:12] Map 1678118918 trigger null
[20:05:12] Map 101713413 trigger null
[20:05:12] Map 91752967 trigger null
[20:05:12] Map 117704202 trigger null
[20:05:12] Map 96470530 trigger null
[20:05:12] Map 537243660 trigger null
[20:05:12] Map 537229326 trigger null
[20:05:12] Map 13093 trigger null
[20:05:12] Map 88080903 trigger null
[20:05:12] Map -972880716 trigger null
[20:05:12] Map 54158637 trigger null
[20:05:12] Map -972880716 trigger null
[20:05:12] Map 158213 trigger null
[20:05:12] Map -972880716 trigger null
[20:05:12] Map 78908422 trigger null
[20:05:12] Map -1140652836 trigger null
[20:05:12] Map 80218626 trigger null
[20:05:12] Map -989657932 trigger null
[20:05:12] Map -1945828508 trigger null
[20:05:12] Map 1594312714 trigger null
[20:05:12] Map 122159619 trigger null
[20:05:12] Map 73531908 trigger null
[20:05:12] Map -1241447288 trigger null
[20:05:12] Map 76023296 trigger null
[20:05:12] Map 73532673 trigger null
[20:05:12] Map -1241447288 trigger null
[20:05:12] Map -1241447288 trigger null
[20:05:12] Map -1241447288 trigger null
[20:05:12] Map -1241447288 trigger null
[20:05:12] Map -1241447288 trigger null
[20:05:12] Map -1241447328 trigger null
[20:05:12] Map 76023296 trigger null
[20:05:12] Map 76023296 trigger null
[20:05:12] Map 76023296 trigger null
[20:05:12] Map -1241447288 trigger null
[20:05:12] Map -1241447288 trigger null
[20:05:12] Map -1543436708 trigger null
juin 29, 2015 8:05:13 PM org.reflections.Reflections scan
INFOS: Reflections took 314 ms to scan 1 urls, producing 1 keys and 122 values 
juin 29, 2015 8:05:13 PM org.reflections.Reflections scan
INFOS: Reflections took 460 ms to scan 1 urls, producing 2 keys and 167 values 
[20:08:10] [ERROR] Unknown Message Header Handler 6582/127.0.0.1:39082
[20:15:15] [ERROR] Unknown Message Header Handler 64/127.0.0.1:39082
