[00:14:52] MySQL Database Connected
[00:14:52] 16 Breeds catched
[00:14:52] 256 Heads catched
[00:14:52] 561 Effects catched
[00:14:53] 4 SuperAreas catched
[00:14:53] 48 Areas catched
[00:14:54] 334 SubAreas catched
[00:14:55] 11267 DofusMaps catched
[00:14:55] 9761 StatedElements catched
[00:14:55] 13349 InteractiveElements catched
[00:14:55] 1485 HouseInformations catched
[00:14:55] 556 InteractiveDoors catched
[00:14:55] 3530 MapPositions uncatched
[00:14:55] 14681 MapPositions catched
[00:14:55] 42 MapZaaps catched
[00:14:55] 79 MapSubways catched
[00:14:55] 15228 SpellLevels catched 
[00:14:55] 4772 Spells catched 
[00:14:55] 316 GuildEmblems catched 
[00:14:55] 1179 LearnableSpells catched 
[00:14:56] 9780 ItemTemplates catched 
[00:14:56] 4489 Weapons catched 
[00:14:56] 363 ItemSets catched 
[00:14:56] 171 ItemTypes catched 
[00:14:56] 110 ItemPets catched 
[00:14:56] 2476 NpcTemplates catched 
[00:14:56] 787 NpcSpawns catched 
[00:14:56] 94 NpcItems catched 
[00:14:56] 19801 NpcMessages catched 
[00:14:56] 7 NpcReplies catched 
[00:14:56] 353 Triggers catched
[00:14:56] 1277 Paddocks catched
[00:14:56] 72 Mounts catched
[00:14:56] 3 Guild catched
[00:14:56] 2 GuildMembers catched
[00:14:56] 11 GatheringJob LevelInfos catched
[00:14:56] 233 InteractiveSkills LevelInfos catched
[00:14:57] 128 Handlers Readed
[00:14:58] 175 Messages Readed
[00:14:58] WorldServer start in 5933 ms.
[00:17:47] MySQL Database Connected
[00:17:47] 16 Breeds catched
[00:17:47] 256 Heads catched
[00:17:47] 561 Effects catched
[00:17:47] 4 SuperAreas catched
[00:17:47] 48 Areas catched
[00:17:48] 334 SubAreas catched
[00:17:49] 11267 DofusMaps catched
[00:17:49] 9761 StatedElements catched
[00:17:49] 13349 InteractiveElements catched
[00:17:49] 1485 HouseInformations catched
[00:17:49] 556 InteractiveDoors catched
[00:17:49] 3530 MapPositions uncatched
[00:17:49] 14681 MapPositions catched
[00:17:49] 42 MapZaaps catched
[00:17:49] 79 MapSubways catched
[00:17:49] 15228 SpellLevels catched 
[00:17:50] 4772 Spells catched 
[00:17:50] 316 GuildEmblems catched 
[00:17:50] 1179 LearnableSpells catched 
[00:17:50] 9780 ItemTemplates catched 
[00:17:50] 4489 Weapons catched 
[00:17:50] 363 ItemSets catched 
[00:17:50] 171 ItemTypes catched 
[00:17:50] 110 ItemPets catched 
[00:17:50] 2476 NpcTemplates catched 
[00:17:50] 787 NpcSpawns catched 
[00:17:50] 94 NpcItems catched 
[00:17:50] 19801 NpcMessages catched 
[00:17:50] 7 NpcReplies catched 
[00:17:50] 353 Triggers catched
[00:17:50] 1277 Paddocks catched
[00:17:50] 72 Mounts catched
[00:17:50] 3 Guild catched
[00:17:50] 2 GuildMembers catched
[00:17:50] 11 GatheringJob LevelInfos catched
[00:17:51] 233 InteractiveSkills LevelInfos catched
[00:17:51] 128 Handlers Readed
[00:17:52] 175 Messages Readed
[00:17:52] WorldServer start in 5587 ms.
[00:34:19] MySQL Database Connected
[00:34:19] 16 Breeds catched
[00:34:19] 256 Heads catched
[00:34:19] 561 Effects catched
[00:34:20] 4 SuperAreas catched
[00:34:20] 48 Areas catched
[00:34:21] 334 SubAreas catched
[00:34:21] 11267 DofusMaps catched
[00:34:21] 9761 StatedElements catched
[00:34:22] 13349 InteractiveElements catched
[00:34:22] 1485 HouseInformations catched
[00:34:22] 556 InteractiveDoors catched
[00:34:22] 3530 MapPositions uncatched
[00:34:22] 14681 MapPositions catched
[00:34:22] 42 MapZaaps catched
[00:34:22] 79 MapSubways catched
[00:34:22] 15228 SpellLevels catched 
[00:34:22] 4772 Spells catched 
[00:34:22] 316 GuildEmblems catched 
[00:34:22] 1179 LearnableSpells catched 
[00:34:22] 9780 ItemTemplates catched 
[00:34:22] 4489 Weapons catched 
[00:34:22] 363 ItemSets catched 
[00:34:22] 171 ItemTypes catched 
[00:34:22] 110 ItemPets catched 
[00:34:23] 2476 NpcTemplates catched 
[00:34:23] 787 NpcSpawns catched 
[00:34:23] 94 NpcItems catched 
[00:34:23] 19801 NpcMessages catched 
[00:34:23] 7 NpcReplies catched 
[00:34:23] 353 Triggers catched
[00:34:23] 1277 Paddocks catched
[00:34:23] 72 Mounts catched
[00:34:23] 3 Guild catched
[00:34:23] 2 GuildMembers catched
[00:34:23] 11 GatheringJob LevelInfos catched
[00:34:23] 233 InteractiveSkills LevelInfos catched
[00:34:24] 128 Handlers Readed
[00:34:24] 175 Messages Readed
[00:34:24] WorldServer start in 5606 ms.
[00:36:40] MySQL Database Connected
[00:36:40] 16 Breeds catched
[00:36:40] 256 Heads catched
[00:36:40] 561 Effects catched
[00:36:41] 4 SuperAreas catched
[00:36:41] 48 Areas catched
[00:36:42] 334 SubAreas catched
[00:36:43] 11267 DofusMaps catched
[00:36:43] 9761 StatedElements catched
[00:36:43] 13349 InteractiveElements catched
[00:36:43] 1485 HouseInformations catched
[00:36:43] 556 InteractiveDoors catched
[00:36:43] 3530 MapPositions uncatched
[00:36:43] 14681 MapPositions catched
[00:36:43] 42 MapZaaps catched
[00:36:43] 79 MapSubways catched
[00:36:43] 15228 SpellLevels catched 
[00:36:43] 4772 Spells catched 
[00:36:43] 316 GuildEmblems catched 
[00:36:43] 1179 LearnableSpells catched 
[00:36:43] 9780 ItemTemplates catched 
[00:36:43] 4489 Weapons catched 
[00:36:43] 363 ItemSets catched 
[00:36:43] 171 ItemTypes catched 
[00:36:44] 110 ItemPets catched 
[00:36:44] 2476 NpcTemplates catched 
[00:36:44] 787 NpcSpawns catched 
[00:36:44] 94 NpcItems catched 
[00:36:44] 19801 NpcMessages catched 
[00:36:44] 7 NpcReplies catched 
[00:36:44] 353 Triggers catched
[00:36:44] 1277 Paddocks catched
[00:36:44] 72 Mounts catched
[00:36:44] 3 Guild catched
[00:36:44] 2 GuildMembers catched
[00:36:44] 11 GatheringJob LevelInfos catched
[00:36:44] 233 InteractiveSkills LevelInfos catched
[00:36:45] 128 Handlers Readed
[00:36:45] 175 Messages Readed
[00:36:46] WorldServer start in 6081 ms.
[00:40:01] MySQL Database Connected
[00:40:02] 16 Breeds catched
[00:40:02] 256 Heads catched
[00:40:02] 561 Effects catched
[00:40:02] 4 SuperAreas catched
[00:40:02] 48 Areas catched
[00:40:03] 334 SubAreas catched
[00:40:04] 11267 DofusMaps catched
[00:40:04] 9761 StatedElements catched
[00:40:04] 13349 InteractiveElements catched
[00:40:04] 1485 HouseInformations catched
[00:40:04] 556 InteractiveDoors catched
[00:40:04] 3530 MapPositions uncatched
[00:40:04] 14681 MapPositions catched
[00:40:04] 42 MapZaaps catched
[00:40:04] 79 MapSubways catched
[00:40:04] 15228 SpellLevels catched 
[00:40:04] 4772 Spells catched 
[00:40:04] 316 GuildEmblems catched 
[00:40:04] 1179 LearnableSpells catched 
[00:40:04] 9780 ItemTemplates catched 
[00:40:04] 4489 Weapons catched 
[00:40:04] 363 ItemSets catched 
[00:40:04] 171 ItemTypes catched 
[00:40:05] 110 ItemPets catched 
[00:40:05] 2476 NpcTemplates catched 
[00:40:05] 787 NpcSpawns catched 
[00:40:05] 94 NpcItems catched 
[00:40:05] 19801 NpcMessages catched 
[00:40:05] 7 NpcReplies catched 
[00:40:05] 353 Triggers catched
[00:40:05] 1277 Paddocks catched
[00:40:05] 72 Mounts catched
[00:40:05] 3 Guild catched
[00:40:05] 2 GuildMembers catched
[00:40:05] 11 GatheringJob LevelInfos catched
[00:40:05] 233 InteractiveSkills LevelInfos catched
[00:40:06] 128 Handlers Readed
[00:40:06] 175 Messages Readed
[00:40:07] WorldServer start in 5416 ms.
[00:42:39] MySQL Database Connected
[00:42:39] 16 Breeds catched
[00:42:39] 256 Heads catched
[00:42:39] 561 Effects catched
[00:42:39] 4 SuperAreas catched
[00:42:39] 48 Areas catched
[00:42:41] 334 SubAreas catched
[00:42:41] 11267 DofusMaps catched
[00:42:41] 9761 StatedElements catched
[00:42:42] 13349 InteractiveElements catched
[00:42:42] 1485 HouseInformations catched
[00:42:42] 556 InteractiveDoors catched
[00:42:42] 3530 MapPositions uncatched
[00:42:42] 14681 MapPositions catched
[00:42:42] 42 MapZaaps catched
[00:42:42] 79 MapSubways catched
[00:42:42] 15228 SpellLevels catched 
[00:42:42] 4772 Spells catched 
[00:42:42] 316 GuildEmblems catched 
[00:42:42] 1179 LearnableSpells catched 
[00:42:42] 9780 ItemTemplates catched 
[00:42:42] 4489 Weapons catched 
[00:42:42] 363 ItemSets catched 
[00:42:42] 171 ItemTypes catched 
[00:42:42] 110 ItemPets catched 
[00:42:43] 2476 NpcTemplates catched 
[00:42:43] 787 NpcSpawns catched 
[00:42:43] 94 NpcItems catched 
[00:42:43] 19801 NpcMessages catched 
[00:42:43] 7 NpcReplies catched 
[00:42:43] 353 Triggers catched
[00:42:43] 1277 Paddocks catched
[00:42:43] 72 Mounts catched
[00:42:43] 3 Guild catched
[00:42:43] 2 GuildMembers catched
[00:42:43] 11 GatheringJob LevelInfos catched
[00:42:43] 233 InteractiveSkills LevelInfos catched
[00:42:44] 128 Handlers Readed
[00:42:44] 175 Messages Readed
[00:42:44] WorldServer start in 6095 ms.
[00:48:06] MySQL Database Connected
[00:48:06] 16 Breeds catched
[00:48:06] 256 Heads catched
[00:48:06] 561 Effects catched
[00:48:07] 4 SuperAreas catched
[00:48:07] 48 Areas catched
[00:48:08] 334 SubAreas catched
[00:48:09] 11267 DofusMaps catched
[00:48:09] 9761 StatedElements catched
[00:48:09] 13349 InteractiveElements catched
[00:48:09] 1485 HouseInformations catched
[00:48:09] 556 InteractiveDoors catched
[00:48:09] 3530 MapPositions uncatched
[00:48:09] 14681 MapPositions catched
[00:48:09] 42 MapZaaps catched
[00:48:09] 79 MapSubways catched
[00:48:09] 15228 SpellLevels catched 
[00:48:09] 4772 Spells catched 
[00:48:09] 316 GuildEmblems catched 
[00:48:09] 1179 LearnableSpells catched 
[00:48:10] 9780 ItemTemplates catched 
[00:48:10] 4489 Weapons catched 
[00:48:10] 363 ItemSets catched 
[00:48:10] 171 ItemTypes catched 
[00:48:10] 110 ItemPets catched 
[00:48:10] 2476 NpcTemplates catched 
[00:48:10] 787 NpcSpawns catched 
[00:48:10] 94 NpcItems catched 
[00:48:10] 19801 NpcMessages catched 
[00:48:10] 7 NpcReplies catched 
[00:48:10] 353 Triggers catched
[00:48:10] 1277 Paddocks catched
[00:48:10] 72 Mounts catched
[00:48:10] 3 Guild catched
[00:48:10] 2 GuildMembers catched
[00:48:10] 11 GatheringJob LevelInfos catched
[00:48:10] 233 InteractiveSkills LevelInfos catched
[00:48:11] 128 Handlers Readed
[00:48:12] 175 Messages Readed
[00:48:12] WorldServer start in 6421 ms.
[01:14:11] MySQL Database Connected
[01:14:11] 16 Breeds catched
[01:14:11] 256 Heads catched
[01:14:11] 561 Effects catched
[01:14:11] 4 SuperAreas catched
[01:14:11] 48 Areas catched
[01:14:12] 334 SubAreas catched
[01:14:13] 11267 DofusMaps catched
[01:14:13] 9761 StatedElements catched
[01:14:13] 13349 InteractiveElements catched
[01:14:13] 1485 HouseInformations catched
[01:14:13] 556 InteractiveDoors catched
[01:14:13] 3530 MapPositions uncatched
[01:14:13] 14681 MapPositions catched
[01:14:13] 42 MapZaaps catched
[01:14:13] 79 MapSubways catched
[01:14:13] 15228 SpellLevels catched 
[01:14:13] 4772 Spells catched 
[01:14:13] 316 GuildEmblems catched 
[01:14:13] 1179 LearnableSpells catched 
[01:14:14] 9780 ItemTemplates catched 
[01:14:14] 4489 Weapons catched 
[01:14:14] 363 ItemSets catched 
[01:14:14] 171 ItemTypes catched 
[01:14:14] 110 ItemPets catched 
[01:14:14] 2476 NpcTemplates catched 
[01:14:14] 787 NpcSpawns catched 
[01:14:14] 94 NpcItems catched 
[01:14:14] 19801 NpcMessages catched 
[01:14:14] 7 NpcReplies catched 
[01:14:14] 353 Triggers catched
[01:14:14] 1277 Paddocks catched
[01:14:14] 72 Mounts catched
[01:14:14] 3 Guild catched
[01:14:14] 2 GuildMembers catched
[01:14:14] 11 GatheringJob LevelInfos catched
[01:14:14] 233 InteractiveSkills LevelInfos catched
[01:14:15] 128 Handlers Readed
[01:14:16] 175 Messages Readed
[01:14:16] WorldServer start in 5312 ms.
[01:30:14] MySQL Database Connected
[01:30:14] 16 Breeds catched
[01:30:14] 256 Heads catched
[01:30:14] 561 Effects catched
[01:30:15] 4 SuperAreas catched
[01:30:15] 48 Areas catched
[01:30:16] 334 SubAreas catched
[01:30:16] 11267 DofusMaps catched
[01:30:16] 9761 StatedElements catched
[01:30:16] 13349 InteractiveElements catched
[01:30:16] 1485 HouseInformations catched
[01:30:16] 556 InteractiveDoors catched
[01:30:16] 3530 MapPositions uncatched
[01:30:16] 14681 MapPositions catched
[01:30:16] 42 MapZaaps catched
[01:30:16] 79 MapSubways catched
[01:30:17] 15228 SpellLevels catched 
[01:30:17] 4772 Spells catched 
[01:30:17] 316 GuildEmblems catched 
[01:30:17] 1179 LearnableSpells catched 
[01:30:17] 9780 ItemTemplates catched 
[01:30:17] 4489 Weapons catched 
[01:30:17] 363 ItemSets catched 
[01:30:17] 171 ItemTypes catched 
[01:30:17] 110 ItemPets catched 
[01:30:17] 2476 NpcTemplates catched 
[01:30:17] 787 NpcSpawns catched 
[01:30:17] 94 NpcItems catched 
[01:30:17] 19801 NpcMessages catched 
[01:30:17] 7 NpcReplies catched 
[01:30:17] 353 Triggers catched
[01:30:17] 1277 Paddocks catched
[01:30:17] 72 Mounts catched
[01:30:17] 3 Guild catched
[01:30:17] 2 GuildMembers catched
[01:30:17] 11 GatheringJob LevelInfos catched
[01:30:18] 233 InteractiveSkills LevelInfos catched
[01:30:18] 128 Handlers Readed
[01:30:19] 175 Messages Readed
[01:30:19] WorldServer start in 5518 ms.
[01:32:23] MySQL Database Connected
[01:32:23] 16 Breeds catched
[01:32:23] 256 Heads catched
[01:32:23] 561 Effects catched
[01:32:24] 4 SuperAreas catched
[01:32:24] 48 Areas catched
[01:32:25] 334 SubAreas catched
[01:32:25] 11267 DofusMaps catched
[01:32:26] 9761 StatedElements catched
[01:32:26] 13349 InteractiveElements catched
[01:32:26] 1485 HouseInformations catched
[01:32:26] 556 InteractiveDoors catched
[01:32:26] 3530 MapPositions uncatched
[01:32:26] 14681 MapPositions catched
[01:32:26] 42 MapZaaps catched
[01:32:26] 79 MapSubways catched
[01:32:26] 15228 SpellLevels catched 
[01:32:26] 4772 Spells catched 
[01:32:26] 316 GuildEmblems catched 
[01:32:26] 1179 LearnableSpells catched 
[01:32:26] 9780 ItemTemplates catched 
[01:32:26] 4489 Weapons catched 
[01:32:26] 363 ItemSets catched 
[01:32:26] 171 ItemTypes catched 
[01:32:26] 110 ItemPets catched 
[01:32:27] 2476 NpcTemplates catched 
[01:32:27] 787 NpcSpawns catched 
[01:32:27] 94 NpcItems catched 
[01:32:27] 19801 NpcMessages catched 
[01:32:27] 7 NpcReplies catched 
[01:32:27] 353 Triggers catched
[01:32:27] 1277 Paddocks catched
[01:32:27] 72 Mounts catched
[01:32:27] 3 Guild catched
[01:32:27] 2 GuildMembers catched
[01:32:27] 11 GatheringJob LevelInfos catched
[01:32:27] 233 InteractiveSkills LevelInfos catched
[01:32:28] 128 Handlers Readed
[01:32:28] 175 Messages Readed
[01:32:28] WorldServer start in 5210 ms.
[01:35:00] MySQL Database Connected
[01:35:00] 16 Breeds catched
[01:35:00] 256 Heads catched
[01:35:00] 561 Effects catched
[01:35:00] 4 SuperAreas catched
[01:35:00] 48 Areas catched
[01:35:01] 334 SubAreas catched
[01:35:02] 11267 DofusMaps catched
[01:35:02] 9761 StatedElements catched
[01:35:02] 13349 InteractiveElements catched
[01:35:02] 1485 HouseInformations catched
[01:35:02] 556 InteractiveDoors catched
[01:35:02] 3530 MapPositions uncatched
[01:35:02] 14681 MapPositions catched
[01:35:02] 42 MapZaaps catched
[01:35:02] 79 MapSubways catched
[01:35:02] 15228 SpellLevels catched 
[01:35:02] 4772 Spells catched 
[01:35:02] 316 GuildEmblems catched 
[01:35:02] 1179 LearnableSpells catched 
[01:35:03] 9780 ItemTemplates catched 
[01:35:03] 4489 Weapons catched 
[01:35:03] 363 ItemSets catched 
[01:35:03] 171 ItemTypes catched 
[01:35:03] 110 ItemPets catched 
[01:35:03] 2476 NpcTemplates catched 
[01:35:03] 787 NpcSpawns catched 
[01:35:03] 94 NpcItems catched 
[01:35:03] 19801 NpcMessages catched 
[01:35:03] 7 NpcReplies catched 
[01:35:03] 353 Triggers catched
[01:35:03] 1277 Paddocks catched
[01:35:03] 72 Mounts catched
[01:35:03] 3 Guild catched
[01:35:03] 2 GuildMembers catched
[01:35:03] 11 GatheringJob LevelInfos catched
[01:35:03] 233 InteractiveSkills LevelInfos catched
[01:35:04] 128 Handlers Readed
[01:35:05] 175 Messages Readed
[01:35:05] WorldServer start in 5171 ms.
[01:38:36] MySQL Database Connected
[01:38:36] 16 Breeds catched
[01:38:36] 256 Heads catched
[01:38:36] 561 Effects catched
[01:38:36] 4 SuperAreas catched
[01:38:36] 48 Areas catched
[01:38:37] 334 SubAreas catched
[01:38:38] 11267 DofusMaps catched
[01:38:38] 9761 StatedElements catched
[01:38:38] 13349 InteractiveElements catched
[01:38:38] 1485 HouseInformations catched
[01:38:38] 556 InteractiveDoors catched
[01:38:38] 3530 MapPositions uncatched
[01:38:38] 14681 MapPositions catched
[01:38:38] 42 MapZaaps catched
[01:38:38] 79 MapSubways catched
[01:38:39] 15228 SpellLevels catched 
[01:38:39] 4772 Spells catched 
[01:38:39] 316 GuildEmblems catched 
[01:38:39] 1179 LearnableSpells catched 
[01:38:39] 9780 ItemTemplates catched 
[01:38:39] 4489 Weapons catched 
[01:38:39] 363 ItemSets catched 
[01:38:39] 171 ItemTypes catched 
[01:38:39] 110 ItemPets catched 
[01:38:39] 2476 NpcTemplates catched 
[01:38:39] 787 NpcSpawns catched 
[01:38:39] 94 NpcItems catched 
[01:38:39] 19801 NpcMessages catched 
[01:38:39] 7 NpcReplies catched 
[01:38:39] 353 Triggers catched
[01:38:39] 1277 Paddocks catched
[01:38:39] 72 Mounts catched
[01:38:39] 3 Guild catched
[01:38:39] 2 GuildMembers catched
[01:38:39] 11 GatheringJob LevelInfos catched
[01:38:40] 233 InteractiveSkills LevelInfos catched
[01:38:40] 128 Handlers Readed
[01:38:41] 175 Messages Readed
[01:38:41] WorldServer start in 5594 ms.
[01:38:54] MySQL Database Connected
[01:38:54] 16 Breeds catched
[01:38:54] 256 Heads catched
[01:38:54] 561 Effects catched
[01:38:54] 4 SuperAreas catched
[01:38:54] 48 Areas catched
[01:38:55] 334 SubAreas catched
[01:38:56] 11267 DofusMaps catched
[01:38:56] 9761 StatedElements catched
[01:38:56] 13349 InteractiveElements catched
[01:38:56] 1485 HouseInformations catched
[01:38:56] 556 InteractiveDoors catched
[01:38:56] 3530 MapPositions uncatched
[01:38:56] 14681 MapPositions catched
[01:38:56] 42 MapZaaps catched
[01:38:56] 79 MapSubways catched
[01:38:56] 15228 SpellLevels catched 
[01:38:57] 4772 Spells catched 
[01:38:57] 316 GuildEmblems catched 
[01:38:57] 1179 LearnableSpells catched 
[01:38:57] 9780 ItemTemplates catched 
[01:38:57] 4489 Weapons catched 
[01:38:57] 363 ItemSets catched 
[01:38:57] 171 ItemTypes catched 
[01:38:57] 110 ItemPets catched 
[01:38:57] 2476 NpcTemplates catched 
[01:38:57] 787 NpcSpawns catched 
[01:38:57] 94 NpcItems catched 
[01:38:57] 19801 NpcMessages catched 
[01:38:57] 7 NpcReplies catched 
[01:38:57] 353 Triggers catched
[01:38:57] 1277 Paddocks catched
[01:38:57] 72 Mounts catched
[01:38:57] 3 Guild catched
[01:38:57] 2 GuildMembers catched
[01:38:57] 11 GatheringJob LevelInfos catched
[01:38:58] 233 InteractiveSkills LevelInfos catched
[01:38:58] 128 Handlers Readed
[01:38:59] 175 Messages Readed
[01:38:59] WorldServer start in 5288 ms.
[01:40:53] MySQL Database Connected
[01:40:53] 16 Breeds catched
[01:40:53] 256 Heads catched
[01:40:53] 561 Effects catched
[01:40:53] 4 SuperAreas catched
[01:40:53] 48 Areas catched
[01:40:54] 334 SubAreas catched
[01:40:55] 11267 DofusMaps catched
[01:40:55] 9761 StatedElements catched
[01:40:55] 13349 InteractiveElements catched
[01:40:55] 1485 HouseInformations catched
[01:40:55] 556 InteractiveDoors catched
[01:40:55] 3530 MapPositions uncatched
[01:40:55] 14681 MapPositions catched
[01:40:55] 42 MapZaaps catched
[01:40:55] 79 MapSubways catched
[01:40:55] 15228 SpellLevels catched 
[01:40:55] 4772 Spells catched 
[01:40:55] 316 GuildEmblems catched 
[01:40:55] 1179 LearnableSpells catched 
[01:40:56] 9780 ItemTemplates catched 
[01:40:56] 4489 Weapons catched 
[01:40:56] 363 ItemSets catched 
[01:40:56] 171 ItemTypes catched 
[01:40:56] 110 ItemPets catched 
[01:40:56] 2476 NpcTemplates catched 
[01:40:56] 787 NpcSpawns catched 
[01:40:56] 94 NpcItems catched 
[01:40:56] 19801 NpcMessages catched 
[01:40:56] 7 NpcReplies catched 
[01:40:56] 353 Triggers catched
[01:40:56] 1277 Paddocks catched
[01:40:56] 72 Mounts catched
[01:40:56] 3 Guild catched
[01:40:56] 2 GuildMembers catched
[01:40:56] 11 GatheringJob LevelInfos catched
[01:40:56] 233 InteractiveSkills LevelInfos catched
[01:40:57] 128 Handlers Readed
[01:40:58] 175 Messages Readed
[01:40:58] WorldServer start in 5188 ms.
[16:15:53] MySQL Database Connected
[16:15:53] 16 Breeds catched
[16:15:53] 256 Heads catched
[16:15:53] 561 Effects catched
[16:15:53] 4 SuperAreas catched
[16:15:53] 48 Areas catched
[16:15:54] 334 SubAreas catched
[16:15:55] 11267 DofusMaps catched
[16:15:55] 9761 StatedElements catched
[16:15:55] 13349 InteractiveElements catched
[16:15:55] 1485 HouseInformations catched
[16:15:55] 556 InteractiveDoors catched
[16:15:55] 3530 MapPositions uncatched
[16:15:55] 14681 MapPositions catched
[16:15:55] 42 MapZaaps catched
[16:15:55] 79 MapSubways catched
[16:15:56] 15228 SpellLevels catched 
[16:15:56] 4772 Spells catched 
[16:15:56] 316 GuildEmblems catched 
[16:15:56] 1179 LearnableSpells catched 
[16:15:56] 9780 ItemTemplates catched 
[16:15:56] 4489 Weapons catched 
[16:15:56] 363 ItemSets catched 
[16:15:56] 171 ItemTypes catched 
[16:15:56] 110 ItemPets catched 
[16:15:56] 2476 NpcTemplates catched 
[16:15:56] 787 NpcSpawns catched 
[16:15:56] 94 NpcItems catched 
[16:15:57] 19801 NpcMessages catched 
[16:15:57] 7 NpcReplies catched 
[16:15:57] 353 Triggers catched
[16:15:57] 1277 Paddocks catched
[16:15:57] 72 Mounts catched
[16:15:57] 3 Guild catched
[16:15:57] 2 GuildMembers catched
[16:15:57] 11 GatheringJob LevelInfos catched
[16:15:57] 233 InteractiveSkills LevelInfos catched
[16:15:57] 128 Handlers Readed
[16:15:58] 175 Messages Readed
[16:15:58] WorldServer start in 5852 ms.
[16:21:38] MySQL Database Connected
[16:21:38] 16 Breeds catched
[16:21:38] 256 Heads catched
[16:21:38] 561 Effects catched
[16:21:39] 4 SuperAreas catched
[16:21:39] 48 Areas catched
[16:21:40] 334 SubAreas catched
[16:21:41] 11267 DofusMaps catched
[16:21:41] 9761 StatedElements catched
[16:21:41] 13349 InteractiveElements catched
[16:21:41] 1485 HouseInformations catched
[16:21:41] 556 InteractiveDoors catched
[16:21:41] 3530 MapPositions uncatched
[16:21:41] 14681 MapPositions catched
[16:21:41] 42 MapZaaps catched
[16:21:41] 79 MapSubways catched
[16:21:41] 15228 SpellLevels catched 
[16:21:41] 4772 Spells catched 
[16:21:41] 316 GuildEmblems catched 
[16:21:41] 1179 LearnableSpells catched 
[16:21:41] 9780 ItemTemplates catched 
[16:21:41] 4489 Weapons catched 
[16:21:41] 363 ItemSets catched 
[16:21:41] 171 ItemTypes catched 
[16:21:42] 110 ItemPets catched 
[16:21:42] 2476 NpcTemplates catched 
[16:21:42] 787 NpcSpawns catched 
[16:21:42] 94 NpcItems catched 
[16:21:42] 19801 NpcMessages catched 
[16:21:42] 7 NpcReplies catched 
[16:21:42] 353 Triggers catched
[16:21:42] 1277 Paddocks catched
[16:21:42] 72 Mounts catched
[16:21:42] 3 Guild catched
[16:21:42] 2 GuildMembers catched
[16:21:42] 11 GatheringJob LevelInfos catched
[16:21:42] 233 InteractiveSkills LevelInfos catched
[16:21:43] 128 Handlers Readed
[16:21:43] 175 Messages Readed
[16:21:43] WorldServer start in 5103 ms.
[16:27:47] MySQL Database Connected
[16:27:47] 16 Breeds catched
[16:27:47] 256 Heads catched
[16:27:47] 561 Effects catched
[16:27:48] 4 SuperAreas catched
[16:27:48] 48 Areas catched
[16:27:49] 334 SubAreas catched
[16:27:49] 11267 DofusMaps catched
[16:27:49] 9761 StatedElements catched
[16:27:49] 13349 InteractiveElements catched
[16:27:50] 1485 HouseInformations catched
[16:27:50] 556 InteractiveDoors catched
[16:27:50] 3530 MapPositions uncatched
[16:27:50] 14681 MapPositions catched
[16:27:50] 42 MapZaaps catched
[16:27:50] 79 MapSubways catched
[16:27:50] 15228 SpellLevels catched 
[16:27:50] 4772 Spells catched 
[16:27:50] 316 GuildEmblems catched 
[16:27:50] 1179 LearnableSpells catched 
[16:27:50] 9780 ItemTemplates catched 
[16:27:50] 4489 Weapons catched 
[16:27:50] 363 ItemSets catched 
[16:27:50] 171 ItemTypes catched 
[16:27:50] 110 ItemPets catched 
[16:27:50] 2476 NpcTemplates catched 
[16:27:50] 787 NpcSpawns catched 
[16:27:50] 94 NpcItems catched 
[16:27:51] 19801 NpcMessages catched 
[16:27:51] 7 NpcReplies catched 
[16:27:51] 353 Triggers catched
[16:27:51] 1277 Paddocks catched
[16:27:51] 72 Mounts catched
[16:27:51] 3 Guild catched
[16:27:51] 2 GuildMembers catched
[16:27:51] 11 GatheringJob LevelInfos catched
[16:27:51] 233 InteractiveSkills LevelInfos catched
[16:27:51] 128 Handlers Readed
[16:27:52] 175 Messages Readed
[16:27:52] WorldServer start in 5105 ms.
[16:29:35] MySQL Database Connected
[16:29:35] 16 Breeds catched
[16:29:35] 256 Heads catched
[16:29:35] 561 Effects catched
[16:29:36] 4 SuperAreas catched
[16:29:36] 48 Areas catched
[16:29:37] 334 SubAreas catched
[16:29:37] 11267 DofusMaps catched
[16:29:37] 9761 StatedElements catched
[16:29:37] 13349 InteractiveElements catched
[16:29:37] 1485 HouseInformations catched
[16:29:37] 556 InteractiveDoors catched
[16:29:37] 3530 MapPositions uncatched
[16:29:37] 14681 MapPositions catched
[16:29:37] 42 MapZaaps catched
[16:29:37] 79 MapSubways catched
[16:29:38] 15228 SpellLevels catched 
[16:29:38] 4772 Spells catched 
[16:29:38] 316 GuildEmblems catched 
[16:29:38] 1179 LearnableSpells catched 
[16:29:38] 9780 ItemTemplates catched 
[16:29:38] 4489 Weapons catched 
[16:29:38] 363 ItemSets catched 
[16:29:38] 171 ItemTypes catched 
[16:29:38] 110 ItemPets catched 
[16:29:38] 2476 NpcTemplates catched 
[16:29:38] 787 NpcSpawns catched 
[16:29:38] 94 NpcItems catched 
[16:29:38] 19801 NpcMessages catched 
[16:29:38] 7 NpcReplies catched 
[16:29:38] 353 Triggers catched
[16:29:38] 1277 Paddocks catched
[16:29:38] 72 Mounts catched
[16:29:38] 3 Guild catched
[16:29:38] 2 GuildMembers catched
[16:29:38] 11 GatheringJob LevelInfos catched
[16:29:38] 233 InteractiveSkills LevelInfos catched
[16:29:39] 128 Handlers Readed
[16:29:40] 175 Messages Readed
[16:29:40] WorldServer start in 4968 ms.
[16:32:08] MySQL Database Connected
[16:32:08] 16 Breeds catched
[16:32:08] 256 Heads catched
[16:32:08] 561 Effects catched
[16:32:09] 4 SuperAreas catched
[16:32:09] 48 Areas catched
[16:32:09] 334 SubAreas catched
[16:32:10] 11267 DofusMaps catched
[16:32:10] 9761 StatedElements catched
[16:32:10] 13349 InteractiveElements catched
[16:32:10] 1485 HouseInformations catched
[16:32:10] 556 InteractiveDoors catched
[16:32:10] 3530 MapPositions uncatched
[16:32:10] 14681 MapPositions catched
[16:32:10] 42 MapZaaps catched
[16:32:10] 79 MapSubways catched
[16:32:10] 15228 SpellLevels catched 
[16:32:10] 4772 Spells catched 
[16:32:10] 316 GuildEmblems catched 
[16:32:10] 1179 LearnableSpells catched 
[16:32:11] 9780 ItemTemplates catched 
[16:32:11] 4489 Weapons catched 
[16:32:11] 363 ItemSets catched 
[16:32:11] 171 ItemTypes catched 
[16:32:11] 110 ItemPets catched 
[16:32:11] 2476 NpcTemplates catched 
[16:32:11] 787 NpcSpawns catched 
[16:32:11] 94 NpcItems catched 
[16:32:11] 19801 NpcMessages catched 
[16:32:11] 7 NpcReplies catched 
[16:32:11] 353 Triggers catched
[16:32:11] 1277 Paddocks catched
[16:32:11] 72 Mounts catched
[16:32:11] 3 Guild catched
[16:32:11] 2 GuildMembers catched
[16:32:11] 11 GatheringJob LevelInfos catched
[16:32:11] 233 InteractiveSkills LevelInfos catched
[16:32:12] 128 Handlers Readed
[16:32:13] 175 Messages Readed
[16:32:13] WorldServer start in 4811 ms.
[16:39:32] MySQL Database Connected
[16:39:32] 16 Breeds catched
[16:39:32] 256 Heads catched
[16:39:32] 561 Effects catched
[16:39:33] 4 SuperAreas catched
[16:39:33] 48 Areas catched
[16:39:34] 334 SubAreas catched
[16:39:34] 11267 DofusMaps catched
[16:39:35] 9761 StatedElements catched
[16:39:35] 13349 InteractiveElements catched
[16:39:35] 1485 HouseInformations catched
[16:39:35] 556 InteractiveDoors catched
[16:39:35] 3530 MapPositions uncatched
[16:39:35] 14681 MapPositions catched
[16:39:35] 42 MapZaaps catched
[16:39:35] 79 MapSubways catched
[16:39:35] 15228 SpellLevels catched 
[16:39:35] 4772 Spells catched 
[16:39:35] 316 GuildEmblems catched 
[16:39:35] 1179 LearnableSpells catched 
[16:39:35] 9780 ItemTemplates catched 
[16:39:35] 4489 Weapons catched 
[16:39:35] 363 ItemSets catched 
[16:39:35] 171 ItemTypes catched 
[16:39:35] 110 ItemPets catched 
[16:39:36] 2476 NpcTemplates catched 
[16:39:36] 787 NpcSpawns catched 
[16:39:36] 94 NpcItems catched 
[16:39:36] 19801 NpcMessages catched 
[16:39:36] 7 NpcReplies catched 
[16:39:36] 353 Triggers catched
[16:39:36] 1277 Paddocks catched
[16:39:36] 72 Mounts catched
[16:39:36] 3 Guild catched
[16:39:36] 2 GuildMembers catched
[16:39:36] 11 GatheringJob LevelInfos catched
[16:39:36] 233 InteractiveSkills LevelInfos catched
[16:39:36] 128 Handlers Readed
[16:39:37] 175 Messages Readed
[16:39:37] WorldServer start in 4973 ms.
[16:42:20] MySQL Database Connected
[16:42:20] 16 Breeds catched
[16:42:20] 256 Heads catched
[16:42:20] 561 Effects catched
[16:42:20] 4 SuperAreas catched
[16:42:21] 48 Areas catched
[16:42:21] 334 SubAreas catched
[16:42:22] 11267 DofusMaps catched
[16:42:22] 9761 StatedElements catched
[16:42:22] 13349 InteractiveElements catched
[16:42:22] 1485 HouseInformations catched
[16:42:22] 556 InteractiveDoors catched
[16:42:22] 3530 MapPositions uncatched
[16:42:22] 14681 MapPositions catched
[16:42:22] 42 MapZaaps catched
[16:42:22] 79 MapSubways catched
[16:42:22] 15228 SpellLevels catched 
[16:42:22] 4772 Spells catched 
[16:42:22] 316 GuildEmblems catched 
[16:42:22] 1179 LearnableSpells catched 
[16:42:23] 9780 ItemTemplates catched 
[16:42:23] 4489 Weapons catched 
[16:42:23] 363 ItemSets catched 
[16:42:23] 171 ItemTypes catched 
[16:42:23] 110 ItemPets catched 
[16:42:23] 2476 NpcTemplates catched 
[16:42:23] 787 NpcSpawns catched 
[16:42:23] 94 NpcItems catched 
[16:42:23] 19801 NpcMessages catched 
[16:42:23] 7 NpcReplies catched 
[16:42:23] 353 Triggers catched
[16:42:23] 1277 Paddocks catched
[16:42:23] 72 Mounts catched
[16:42:23] 3 Guild catched
[16:42:23] 2 GuildMembers catched
[16:42:23] 11 GatheringJob LevelInfos catched
[16:42:23] 233 InteractiveSkills LevelInfos catched
[16:42:24] 128 Handlers Readed
[16:42:24] 175 Messages Readed
[16:42:24] WorldServer start in 4519 ms.
[16:45:16] MySQL Database Connected
[16:45:16] 16 Breeds catched
[16:45:16] 256 Heads catched
[16:45:16] 561 Effects catched
[16:45:17] 4 SuperAreas catched
[16:45:17] 48 Areas catched
[16:45:18] 334 SubAreas catched
[16:45:18] 11267 DofusMaps catched
[16:45:18] 9761 StatedElements catched
[16:45:18] 13349 InteractiveElements catched
[16:45:18] 1485 HouseInformations catched
[16:45:18] 556 InteractiveDoors catched
[16:45:18] 3530 MapPositions uncatched
[16:45:18] 14681 MapPositions catched
[16:45:18] 42 MapZaaps catched
[16:45:18] 79 MapSubways catched
[16:45:19] 15228 SpellLevels catched 
[16:45:19] 4772 Spells catched 
[16:45:19] 316 GuildEmblems catched 
[16:45:19] 1179 LearnableSpells catched 
[16:45:19] 9780 ItemTemplates catched 
[16:45:19] 4489 Weapons catched 
[16:45:19] 363 ItemSets catched 
[16:45:19] 171 ItemTypes catched 
[16:45:19] 110 ItemPets catched 
[16:45:19] 2476 NpcTemplates catched 
[16:45:19] 787 NpcSpawns catched 
[16:45:19] 94 NpcItems catched 
[16:45:19] 19801 NpcMessages catched 
[16:45:19] 7 NpcReplies catched 
[16:45:19] 353 Triggers catched
[16:45:19] 1277 Paddocks catched
[16:45:19] 72 Mounts catched
[16:45:19] 3 Guild catched
[16:45:19] 2 GuildMembers catched
[16:45:19] 11 GatheringJob LevelInfos catched
[16:45:20] 233 InteractiveSkills LevelInfos catched
[16:45:20] 128 Handlers Readed
[16:45:21] 175 Messages Readed
[16:45:21] WorldServer start in 4999 ms.
[16:47:55] MySQL Database Connected
[16:47:55] 16 Breeds catched
[16:47:55] 256 Heads catched
[16:47:55] 561 Effects catched
[16:47:55] 4 SuperAreas catched
[16:47:55] 48 Areas catched
[16:47:56] 334 SubAreas catched
[16:47:57] 11267 DofusMaps catched
[16:47:57] 9761 StatedElements catched
[16:47:57] 13349 InteractiveElements catched
[16:47:57] 1485 HouseInformations catched
[16:47:57] 556 InteractiveDoors catched
[16:47:57] 3530 MapPositions uncatched
[16:47:57] 14681 MapPositions catched
[16:47:57] 42 MapZaaps catched
[16:47:57] 79 MapSubways catched
[16:47:57] 15228 SpellLevels catched 
[16:47:57] 4772 Spells catched 
[16:47:57] 316 GuildEmblems catched 
[16:47:57] 1179 LearnableSpells catched 
[16:47:58] 9780 ItemTemplates catched 
[16:47:58] 4489 Weapons catched 
[16:47:58] 363 ItemSets catched 
[16:47:58] 171 ItemTypes catched 
[16:47:58] 110 ItemPets catched 
[16:47:58] 2476 NpcTemplates catched 
[16:47:58] 787 NpcSpawns catched 
[16:47:58] 94 NpcItems catched 
[16:47:58] 19801 NpcMessages catched 
[16:47:58] 7 NpcReplies catched 
[16:47:58] 353 Triggers catched
[16:47:58] 1277 Paddocks catched
[16:47:58] 72 Mounts catched
[16:47:58] 3 Guild catched
[16:47:58] 2 GuildMembers catched
[16:47:58] 11 GatheringJob LevelInfos catched
[16:47:58] 233 InteractiveSkills LevelInfos catched
[16:47:59] 128 Handlers Readed
[16:47:59] 175 Messages Readed
[16:47:59] WorldServer start in 4909 ms.
[16:49:59] MySQL Database Connected
[16:49:59] 16 Breeds catched
[16:49:59] 256 Heads catched
[16:49:59] 561 Effects catched
[16:50:00] 4 SuperAreas catched
[16:50:00] 48 Areas catched
[16:50:01] 334 SubAreas catched
[16:50:01] 11267 DofusMaps catched
[16:50:02] 9761 StatedElements catched
[16:50:02] 13349 InteractiveElements catched
[16:50:02] 1485 HouseInformations catched
[16:50:02] 556 InteractiveDoors catched
[16:50:02] 3530 MapPositions uncatched
[16:50:02] 14681 MapPositions catched
[16:50:02] 42 MapZaaps catched
[16:50:02] 79 MapSubways catched
[16:50:02] 15228 SpellLevels catched 
[16:50:02] 4772 Spells catched 
[16:50:02] 316 GuildEmblems catched 
[16:50:02] 1179 LearnableSpells catched 
[16:50:02] 9780 ItemTemplates catched 
[16:50:02] 4489 Weapons catched 
[16:50:02] 363 ItemSets catched 
[16:50:02] 171 ItemTypes catched 
[16:50:02] 110 ItemPets catched 
[16:50:03] 2476 NpcTemplates catched 
[16:50:03] 787 NpcSpawns catched 
[16:50:03] 94 NpcItems catched 
[16:50:03] 19801 NpcMessages catched 
[16:50:03] 7 NpcReplies catched 
[16:50:03] 353 Triggers catched
[16:50:03] 1277 Paddocks catched
[16:50:03] 72 Mounts catched
[16:50:03] 3 Guild catched
[16:50:03] 2 GuildMembers catched
[16:50:03] 11 GatheringJob LevelInfos catched
[16:50:03] 233 InteractiveSkills LevelInfos catched
[16:50:03] 128 Handlers Readed
[16:50:04] 175 Messages Readed
[16:50:04] WorldServer start in 5030 ms.
[16:58:02] MySQL Database Connected
[16:58:02] 16 Breeds catched
[16:58:02] 256 Heads catched
[16:58:02] 561 Effects catched
[16:58:02] 4 SuperAreas catched
[16:58:02] 48 Areas catched
[16:58:03] 334 SubAreas catched
[16:58:04] 11267 DofusMaps catched
[16:58:04] 9761 StatedElements catched
[16:58:04] 13349 InteractiveElements catched
[16:58:04] 1485 HouseInformations catched
[16:58:04] 556 InteractiveDoors catched
[16:58:04] 3530 MapPositions uncatched
[16:58:04] 14681 MapPositions catched
[16:58:04] 42 MapZaaps catched
[16:58:04] 79 MapSubways catched
[16:58:04] 15228 SpellLevels catched 
[16:58:04] 4772 Spells catched 
[16:58:04] 316 GuildEmblems catched 
[16:58:04] 1179 LearnableSpells catched 
[16:58:04] 9780 ItemTemplates catched 
[16:58:04] 4489 Weapons catched 
[16:58:04] 363 ItemSets catched 
[16:58:04] 171 ItemTypes catched 
[16:58:04] 110 ItemPets catched 
[16:58:05] 2476 NpcTemplates catched 
[16:58:05] 787 NpcSpawns catched 
[16:58:05] 94 NpcItems catched 
[16:58:05] 19801 NpcMessages catched 
[16:58:05] 7 NpcReplies catched 
[16:58:05] 353 Triggers catched
[16:58:05] 1277 Paddocks catched
[16:58:05] 72 Mounts catched
[16:58:05] 3 Guild catched
[16:58:05] 2 GuildMembers catched
[16:58:05] 11 GatheringJob LevelInfos catched
[16:58:05] 233 InteractiveSkills LevelInfos catched
[16:58:06] 128 Handlers Readed
[16:58:06] 175 Messages Readed
[16:58:06] WorldServer start in 4843 ms.
[17:31:07] MySQL Database Connected
[17:31:07] 16 Breeds catched
[17:31:07] 256 Heads catched
[17:31:07] 561 Effects catched
[17:31:08] 4 SuperAreas catched
[17:31:08] 48 Areas catched
[17:31:09] 334 SubAreas catched
[17:31:09] 11267 DofusMaps catched
[17:31:09] 9761 StatedElements catched
[17:31:10] 13349 InteractiveElements catched
[17:31:10] 1485 HouseInformations catched
[17:31:10] 556 InteractiveDoors catched
[17:31:10] 3530 MapPositions uncatched
[17:31:10] 14681 MapPositions catched
[17:31:10] 42 MapZaaps catched
[17:31:10] 79 MapSubways catched
[17:31:10] 15228 SpellLevels catched 
[17:31:10] 4772 Spells catched 
[17:31:10] 316 GuildEmblems catched 
[17:31:10] 1179 LearnableSpells catched 
[17:31:10] 9780 ItemTemplates catched 
[17:31:10] 4489 Weapons catched 
[17:31:10] 363 ItemSets catched 
[17:31:10] 171 ItemTypes catched 
[17:31:10] 110 ItemPets catched 
[17:31:10] 2476 NpcTemplates catched 
[17:31:10] 787 NpcSpawns catched 
[17:31:10] 94 NpcItems catched 
[17:31:10] 19801 NpcMessages catched 
[17:31:10] 7 NpcReplies catched 
[17:31:11] 353 Triggers catched
[17:31:11] 1277 Paddocks catched
[17:31:11] 72 Mounts catched
[17:31:11] 3 Guild catched
[17:31:11] 2 GuildMembers catched
[17:31:11] 11 GatheringJob LevelInfos catched
[17:31:11] 233 InteractiveSkills LevelInfos catched
[17:31:11] 128 Handlers Readed
[17:31:12] 175 Messages Readed
[17:31:12] WorldServer start in 4819 ms.
[17:34:20] MySQL Database Connected
[17:34:20] 16 Breeds catched
[17:34:20] 256 Heads catched
[17:34:20] 561 Effects catched
[17:34:20] 4 SuperAreas catched
[17:34:20] 48 Areas catched
[17:34:21] 334 SubAreas catched
[17:34:22] 11267 DofusMaps catched
[17:34:22] 9761 StatedElements catched
[17:34:22] 13349 InteractiveElements catched
[17:34:22] 1485 HouseInformations catched
[17:34:22] 556 InteractiveDoors catched
[17:34:22] 3530 MapPositions uncatched
[17:34:22] 14681 MapPositions catched
[17:34:22] 42 MapZaaps catched
[17:34:22] 79 MapSubways catched
[17:34:22] 15228 SpellLevels catched 
[17:34:22] 4772 Spells catched 
[17:34:22] 316 GuildEmblems catched 
[17:34:22] 1179 LearnableSpells catched 
[17:34:22] 9780 ItemTemplates catched 
[17:34:22] 4489 Weapons catched 
[17:34:22] 363 ItemSets catched 
[17:34:22] 171 ItemTypes catched 
[17:34:23] 110 ItemPets catched 
[17:34:23] 2476 NpcTemplates catched 
[17:34:23] 787 NpcSpawns catched 
[17:34:23] 94 NpcItems catched 
[17:34:23] 19801 NpcMessages catched 
[17:34:23] 7 NpcReplies catched 
[17:34:23] 353 Triggers catched
[17:34:23] 1277 Paddocks catched
[17:34:23] 72 Mounts catched
[17:34:23] 3 Guild catched
[17:34:23] 2 GuildMembers catched
[17:34:23] 11 GatheringJob LevelInfos catched
[17:34:23] 233 InteractiveSkills LevelInfos catched
[17:34:24] 128 Handlers Readed
[17:34:24] 175 Messages Readed
[17:34:24] WorldServer start in 4564 ms.
[20:54:51] MySQL Database Connected
[20:54:51] 16 Breeds catched
[20:54:51] 256 Heads catched
[20:54:51] 561 Effects catched
[20:54:52] 4 SuperAreas catched
[20:54:52] 48 Areas catched
[20:54:53] 334 SubAreas catched
[20:54:53] 11267 DofusMaps catched
[20:54:53] 9761 StatedElements catched
[20:54:54] 13349 InteractiveElements catched
[20:54:54] 1485 HouseInformations catched
[20:54:54] 556 InteractiveDoors catched
[20:54:54] 3530 MapPositions uncatched
[20:54:54] 14681 MapPositions catched
[20:54:54] 42 MapZaaps catched
[20:54:54] 79 MapSubways catched
[20:54:54] 15228 SpellLevels catched 
[20:54:54] 4772 Spells catched 
[20:54:54] 316 GuildEmblems catched 
[20:54:54] 1179 LearnableSpells catched 
[20:54:54] 9780 ItemTemplates catched 
[20:54:54] 4489 Weapons catched 
[20:54:54] 363 ItemSets catched 
[20:54:54] 171 ItemTypes catched 
[20:54:54] 110 ItemPets catched 
[20:54:54] 2476 NpcTemplates catched 
[20:54:54] 787 NpcSpawns catched 
[20:54:54] 94 NpcItems catched 
[20:54:55] 19801 NpcMessages catched 
[20:54:55] 7 NpcReplies catched 
[20:54:55] 353 Triggers catched
[20:54:55] 1277 Paddocks catched
[20:54:55] 72 Mounts catched
[20:54:55] 3 Guild catched
[20:54:55] 2 GuildMembers catched
[20:54:55] 11 GatheringJob LevelInfos catched
[20:54:55] 233 InteractiveSkills LevelInfos catched
[20:54:56] 128 Handlers Readed
[20:54:59] 175 Messages Readed
[20:55:00] WorldServer start in 9234 ms.
[20:58:30] MySQL Database Connected
[20:58:30] 16 Breeds catched
[20:58:30] 256 Heads catched
[20:58:30] 561 Effects catched
[20:58:31] 4 SuperAreas catched
[20:58:31] 48 Areas catched
[20:58:32] 334 SubAreas catched
[20:58:32] 11267 DofusMaps catched
[20:58:32] 9761 StatedElements catched
[20:58:32] 13349 InteractiveElements catched
[20:58:32] 1485 HouseInformations catched
[20:58:32] 556 InteractiveDoors catched
[20:58:33] 3530 MapPositions uncatched
[20:58:33] 14681 MapPositions catched
[20:58:33] 42 MapZaaps catched
[20:58:33] 79 MapSubways catched
[20:58:33] 15228 SpellLevels catched 
[20:58:33] 4772 Spells catched 
[20:58:33] 316 GuildEmblems catched 
[20:58:33] 1179 LearnableSpells catched 
[20:58:33] 9780 ItemTemplates catched 
[20:58:33] 4489 Weapons catched 
[20:58:33] 363 ItemSets catched 
[20:58:33] 171 ItemTypes catched 
[20:58:33] 110 ItemPets catched 
[20:58:33] 2476 NpcTemplates catched 
[20:58:33] 787 NpcSpawns catched 
[20:58:33] 94 NpcItems catched 
[20:58:33] 19801 NpcMessages catched 
[20:58:33] 7 NpcReplies catched 
[20:58:33] 353 Triggers catched
[20:58:34] 1277 Paddocks catched
[20:58:34] 72 Mounts catched
[20:58:34] 3 Guild catched
[20:58:34] 2 GuildMembers catched
[20:58:34] 11 GatheringJob LevelInfos catched
[20:58:34] 233 InteractiveSkills LevelInfos catched
[20:58:34] 128 Handlers Readed
[20:58:35] 175 Messages Readed
[20:58:35] WorldServer start in 4763 ms.
[21:00:21] MySQL Database Connected
[21:00:21] 16 Breeds catched
[21:00:21] 256 Heads catched
[21:00:21] 561 Effects catched
[21:00:22] 4 SuperAreas catched
[21:00:22] 48 Areas catched
[21:00:23] 334 SubAreas catched
[21:00:23] 11267 DofusMaps catched
[21:00:23] 9761 StatedElements catched
[21:00:24] 13349 InteractiveElements catched
[21:00:24] 1485 HouseInformations catched
[21:00:24] 556 InteractiveDoors catched
[21:00:24] 3530 MapPositions uncatched
[21:00:24] 14681 MapPositions catched
[21:00:24] 42 MapZaaps catched
[21:00:24] 79 MapSubways catched
[21:00:24] 15228 SpellLevels catched 
[21:00:24] 4772 Spells catched 
[21:00:24] 316 GuildEmblems catched 
[21:00:24] 1179 LearnableSpells catched 
[21:00:24] 9780 ItemTemplates catched 
[21:00:24] 4489 Weapons catched 
[21:00:24] 363 ItemSets catched 
[21:00:24] 171 ItemTypes catched 
[21:00:24] 110 ItemPets catched 
[21:00:24] 2476 NpcTemplates catched 
[21:00:24] 787 NpcSpawns catched 
[21:00:24] 94 NpcItems catched 
[21:00:25] 19801 NpcMessages catched 
[21:00:25] 7 NpcReplies catched 
[21:00:25] 353 Triggers catched
[21:00:25] 1277 Paddocks catched
[21:00:25] 72 Mounts catched
[21:00:25] 3 Guild catched
[21:00:25] 2 GuildMembers catched
[21:00:25] 11 GatheringJob LevelInfos catched
[21:00:25] 233 InteractiveSkills LevelInfos catched
[21:00:25] 128 Handlers Readed
[21:00:26] 175 Messages Readed
[21:00:26] WorldServer start in 4913 ms.
[21:03:26] MySQL Database Connected
[21:03:26] 16 Breeds catched
[21:03:26] 256 Heads catched
[21:03:26] 561 Effects catched
[21:03:26] 4 SuperAreas catched
[21:03:26] 48 Areas catched
[21:03:27] 334 SubAreas catched
[21:03:28] 11267 DofusMaps catched
[21:03:28] 9761 StatedElements catched
[21:03:28] 13349 InteractiveElements catched
[21:03:28] 1485 HouseInformations catched
[21:03:28] 556 InteractiveDoors catched
[21:03:28] 3530 MapPositions uncatched
[21:03:28] 14681 MapPositions catched
[21:03:28] 42 MapZaaps catched
[21:03:28] 79 MapSubways catched
[21:03:28] 15228 SpellLevels catched 
[21:03:28] 4772 Spells catched 
[21:03:28] 316 GuildEmblems catched 
[21:03:28] 1179 LearnableSpells catched 
[21:03:28] 9780 ItemTemplates catched 
[21:03:28] 4489 Weapons catched 
[21:03:28] 363 ItemSets catched 
[21:03:28] 171 ItemTypes catched 
[21:03:29] 110 ItemPets catched 
[21:03:29] 2476 NpcTemplates catched 
[21:03:29] 787 NpcSpawns catched 
[21:03:29] 94 NpcItems catched 
[21:03:29] 19801 NpcMessages catched 
[21:03:29] 7 NpcReplies catched 
[21:03:29] 353 Triggers catched
[21:03:29] 1277 Paddocks catched
[21:03:29] 72 Mounts catched
[21:03:29] 3 Guild catched
[21:03:29] 2 GuildMembers catched
[21:03:29] 11 GatheringJob LevelInfos catched
[21:03:29] 233 InteractiveSkills LevelInfos catched
[21:03:30] 128 Handlers Readed
[21:03:30] 175 Messages Readed
[21:03:30] WorldServer start in 4806 ms.
[21:19:22] MySQL Database Connected
[21:19:22] 16 Breeds catched
[21:19:22] 256 Heads catched
[21:19:22] 561 Effects catched
[21:19:23] 4 SuperAreas catched
[21:19:23] 48 Areas catched
[21:19:24] 334 SubAreas catched
[21:19:24] 11267 DofusMaps catched
[21:19:24] 9761 StatedElements catched
[21:19:24] 13349 InteractiveElements catched
[21:19:24] 1485 HouseInformations catched
[21:19:24] 556 InteractiveDoors catched
[21:19:24] 3530 MapPositions uncatched
[21:19:24] 14681 MapPositions catched
[21:19:24] 42 MapZaaps catched
[21:19:24] 79 MapSubways catched
[21:19:25] 15228 SpellLevels catched 
[21:19:25] 4772 Spells catched 
[21:19:25] 316 GuildEmblems catched 
[21:19:25] 1179 LearnableSpells catched 
[21:19:25] 9780 ItemTemplates catched 
[21:19:25] 4489 Weapons catched 
[21:19:25] 363 ItemSets catched 
[21:19:25] 171 ItemTypes catched 
[21:19:25] 110 ItemPets catched 
[21:19:25] 2476 NpcTemplates catched 
[21:19:25] 787 NpcSpawns catched 
[21:19:25] 94 NpcItems catched 
[21:19:25] 19801 NpcMessages catched 
[21:19:25] 7 NpcReplies catched 
[21:19:25] 353 Triggers catched
[21:19:25] 1277 Paddocks catched
[21:19:25] 72 Mounts catched
[21:19:25] 3 Guild catched
[21:19:25] 2 GuildMembers catched
[21:19:25] 11 GatheringJob LevelInfos catched
[21:19:26] 233 InteractiveSkills LevelInfos catched
[21:19:26] 128 Handlers Readed
[21:19:27] 175 Messages Readed
[21:19:27] WorldServer start in 5032 ms.
[21:21:33] MySQL Database Connected
[21:21:33] 16 Breeds catched
[21:21:33] 256 Heads catched
[21:21:33] 561 Effects catched
[21:21:33] 4 SuperAreas catched
[21:21:33] 48 Areas catched
[21:21:34] 334 SubAreas catched
[21:21:35] 11267 DofusMaps catched
[21:21:35] 9761 StatedElements catched
[21:21:35] 13349 InteractiveElements catched
[21:21:35] 1485 HouseInformations catched
[21:21:35] 556 InteractiveDoors catched
[21:21:35] 3530 MapPositions uncatched
[21:21:35] 14681 MapPositions catched
[21:21:35] 42 MapZaaps catched
[21:21:35] 79 MapSubways catched
[21:21:35] 15228 SpellLevels catched 
[21:21:35] 4772 Spells catched 
[21:21:35] 316 GuildEmblems catched 
[21:21:35] 1179 LearnableSpells catched 
[21:21:35] 9780 ItemTemplates catched 
[21:21:36] 4489 Weapons catched 
[21:21:36] 363 ItemSets catched 
[21:21:36] 171 ItemTypes catched 
[21:21:36] 110 ItemPets catched 
[21:21:36] 2476 NpcTemplates catched 
[21:21:36] 787 NpcSpawns catched 
[21:21:36] 94 NpcItems catched 
[21:21:36] 19801 NpcMessages catched 
[21:21:36] 7 NpcReplies catched 
[21:21:36] 353 Triggers catched
[21:21:36] 1277 Paddocks catched
[21:21:36] 72 Mounts catched
[21:21:36] 3 Guild catched
[21:21:36] 2 GuildMembers catched
[21:21:36] 11 GatheringJob LevelInfos catched
[21:21:36] 233 InteractiveSkills LevelInfos catched
[21:21:37] 128 Handlers Readed
[21:21:37] 175 Messages Readed
[21:21:37] WorldServer start in 4950 ms.
[21:25:07] MySQL Database Connected
[21:25:07] 16 Breeds catched
[21:25:07] 256 Heads catched
[21:25:07] 561 Effects catched
[21:25:07] 4 SuperAreas catched
[21:25:07] 48 Areas catched
[21:25:08] 334 SubAreas catched
[21:25:09] 11267 DofusMaps catched
[21:25:09] 9761 StatedElements catched
[21:25:09] 13349 InteractiveElements catched
[21:25:09] 1485 HouseInformations catched
[21:25:09] 556 InteractiveDoors catched
[21:25:09] 3530 MapPositions uncatched
[21:25:09] 14681 MapPositions catched
[21:25:09] 42 MapZaaps catched
[21:25:09] 79 MapSubways catched
[21:25:09] 15228 SpellLevels catched 
[21:25:09] 4772 Spells catched 
[21:25:09] 316 GuildEmblems catched 
[21:25:09] 1179 LearnableSpells catched 
[21:25:10] 9780 ItemTemplates catched 
[21:25:10] 4489 Weapons catched 
[21:25:10] 363 ItemSets catched 
[21:25:10] 171 ItemTypes catched 
[21:25:10] 110 ItemPets catched 
[21:25:10] 2476 NpcTemplates catched 
[21:25:10] 787 NpcSpawns catched 
[21:25:10] 94 NpcItems catched 
[21:25:10] 19801 NpcMessages catched 
[21:25:10] 7 NpcReplies catched 
[21:25:10] 353 Triggers catched
[21:25:10] 1277 Paddocks catched
[21:25:10] 72 Mounts catched
[21:25:10] 3 Guild catched
[21:25:10] 2 GuildMembers catched
[21:25:10] 11 GatheringJob LevelInfos catched
[21:25:10] 233 InteractiveSkills LevelInfos catched
[21:25:11] 128 Handlers Readed
[21:25:11] 175 Messages Readed
[21:25:11] WorldServer start in 5080 ms.
[23:47:55] MySQL Database Connected
[23:47:55] 16 Breeds catched
[23:47:55] 256 Heads catched
[23:47:55] 561 Effects catched
[23:47:56] 4 SuperAreas catched
[23:47:56] 48 Areas catched
[23:47:57] 334 SubAreas catched
[23:47:57] 11267 DofusMaps catched
[23:47:57] 9761 StatedElements catched
[23:47:58] 13349 InteractiveElements catched
[23:47:58] 1485 HouseInformations catched
[23:47:58] 556 InteractiveDoors catched
[23:47:58] 3530 MapPositions uncatched
[23:47:58] 14681 MapPositions catched
[23:47:58] 42 MapZaaps catched
[23:47:58] 79 MapSubways catched
[23:47:58] 15228 SpellLevels catched 
[23:47:58] 4772 Spells catched 
[23:47:58] 316 GuildEmblems catched 
[23:47:58] 1179 LearnableSpells catched 
[23:47:58] 9780 ItemTemplates catched 
[23:47:58] 4489 Weapons catched 
[23:47:58] 363 ItemSets catched 
[23:47:58] 171 ItemTypes catched 
[23:47:58] 110 ItemPets catched 
[23:47:59] 2476 NpcTemplates catched 
[23:47:59] 787 NpcSpawns catched 
[23:47:59] 94 NpcItems catched 
[23:47:59] 19801 NpcMessages catched 
[23:47:59] 7 NpcReplies catched 
[23:47:59] 353 Triggers catched
[23:47:59] 1277 Paddocks catched
[23:47:59] 72 Mounts catched
[23:47:59] 3 Guild catched
[23:47:59] 2 GuildMembers catched
[23:47:59] 11 GatheringJob LevelInfos catched
[23:47:59] 233 InteractiveSkills LevelInfos catched
[23:47:59] 128 Handlers Readed
[23:48:00] 175 Messages Readed
[23:48:00] WorldServer start in 4850 ms.
[23:50:22] MySQL Database Connected
[23:50:22] 16 Breeds catched
[23:50:22] 256 Heads catched
[23:50:22] 561 Effects catched
[23:50:23] 4 SuperAreas catched
[23:50:23] 48 Areas catched
[23:50:24] 334 SubAreas catched
[23:50:24] 11267 DofusMaps catched
[23:50:25] 9761 StatedElements catched
[23:50:25] 13349 InteractiveElements catched
[23:50:25] 1485 HouseInformations catched
[23:50:25] 556 InteractiveDoors catched
[23:50:25] 3530 MapPositions uncatched
[23:50:25] 14681 MapPositions catched
[23:50:25] 42 MapZaaps catched
[23:50:25] 79 MapSubways catched
[23:50:25] 15228 SpellLevels catched 
[23:50:25] 4772 Spells catched 
[23:50:25] 316 GuildEmblems catched 
[23:50:25] 1179 LearnableSpells catched 
[23:50:25] 9780 ItemTemplates catched 
[23:50:25] 4489 Weapons catched 
[23:50:25] 363 ItemSets catched 
[23:50:25] 171 ItemTypes catched 
[23:50:25] 110 ItemPets catched 
[23:50:26] 2476 NpcTemplates catched 
[23:50:26] 787 NpcSpawns catched 
[23:50:26] 94 NpcItems catched 
[23:50:26] 19801 NpcMessages catched 
[23:50:26] 7 NpcReplies catched 
[23:50:26] 353 Triggers catched
[23:50:26] 1277 Paddocks catched
[23:50:26] 72 Mounts catched
[23:50:26] 3 Guild catched
[23:50:26] 2 GuildMembers catched
[23:50:26] 11 GatheringJob LevelInfos catched
[23:50:26] 233 InteractiveSkills LevelInfos catched
[23:50:27] 128 Handlers Readed
[23:50:27] 175 Messages Readed
[23:50:27] WorldServer start in 5336 ms.
[23:52:51] MySQL Database Connected
[23:52:51] 16 Breeds catched
[23:52:51] 256 Heads catched
[23:52:51] 561 Effects catched
[23:52:52] 4 SuperAreas catched
[23:52:52] 48 Areas catched
[23:52:53] 334 SubAreas catched
[23:52:53] 11267 DofusMaps catched
[23:52:53] 9761 StatedElements catched
[23:52:54] 13349 InteractiveElements catched
[23:52:54] 1485 HouseInformations catched
[23:52:54] 556 InteractiveDoors catched
[23:52:54] 3530 MapPositions uncatched
[23:52:54] 14681 MapPositions catched
[23:52:54] 42 MapZaaps catched
[23:52:54] 79 MapSubways catched
[23:52:54] 15228 SpellLevels catched 
[23:52:54] 4772 Spells catched 
[23:52:54] 316 GuildEmblems catched 
[23:52:54] 1179 LearnableSpells catched 
[23:52:54] 9780 ItemTemplates catched 
[23:52:54] 4489 Weapons catched 
[23:52:54] 363 ItemSets catched 
[23:52:54] 171 ItemTypes catched 
[23:52:54] 110 ItemPets catched 
[23:52:54] 2476 NpcTemplates catched 
[23:52:54] 787 NpcSpawns catched 
[23:52:54] 94 NpcItems catched 
[23:52:55] 19801 NpcMessages catched 
[23:52:55] 7 NpcReplies catched 
[23:52:55] 353 Triggers catched
[23:52:55] 1277 Paddocks catched
[23:52:55] 72 Mounts catched
[23:52:55] 3 Guild catched
[23:52:55] 2 GuildMembers catched
[23:52:55] 11 GatheringJob LevelInfos catched
[23:52:55] 233 InteractiveSkills LevelInfos catched
[23:52:55] 128 Handlers Readed
[23:52:56] 175 Messages Readed
[23:52:56] WorldServer start in 4895 ms.
[23:54:59] MySQL Database Connected
[23:54:59] 16 Breeds catched
[23:54:59] 256 Heads catched
[23:54:59] 561 Effects catched
[23:54:59] 4 SuperAreas catched
[23:54:59] 48 Areas catched
[23:55:00] 334 SubAreas catched
[23:55:01] 11267 DofusMaps catched
[23:55:01] 9761 StatedElements catched
[23:55:01] 13349 InteractiveElements catched
[23:55:01] 1485 HouseInformations catched
[23:55:01] 556 InteractiveDoors catched
[23:55:01] 3530 MapPositions uncatched
[23:55:01] 14681 MapPositions catched
[23:55:01] 42 MapZaaps catched
[23:55:01] 79 MapSubways catched
[23:55:01] 15228 SpellLevels catched 
[23:55:01] 4772 Spells catched 
[23:55:01] 316 GuildEmblems catched 
[23:55:01] 1179 LearnableSpells catched 
[23:55:02] 9780 ItemTemplates catched 
[23:55:02] 4489 Weapons catched 
[23:55:02] 363 ItemSets catched 
[23:55:02] 171 ItemTypes catched 
[23:55:02] 110 ItemPets catched 
[23:55:02] 2476 NpcTemplates catched 
[23:55:02] 787 NpcSpawns catched 
[23:55:02] 94 NpcItems catched 
[23:55:02] 19801 NpcMessages catched 
[23:55:02] 7 NpcReplies catched 
[23:55:02] 353 Triggers catched
[23:55:02] 1277 Paddocks catched
[23:55:02] 72 Mounts catched
[23:55:02] 3 Guild catched
[23:55:02] 2 GuildMembers catched
[23:55:02] 11 GatheringJob LevelInfos catched
[23:55:02] 233 InteractiveSkills LevelInfos catched
[23:55:03] 128 Handlers Readed
[23:55:04] 175 Messages Readed
[23:55:04] WorldServer start in 5110 ms.
