[19:35:40] MySQL Database Connected
[19:35:40] 16 Breeds catched
[19:35:40] 256 Heads catched
[19:35:47] 11260 DofusMaps catched
[19:35:47] 169 StatedElements catched
[19:35:47] 323 InteractiveElements catched
[19:35:47] 15228 SpellLevels catched 
[19:35:47] 4772 Spells catched 
[19:35:47] 1179 LearnableSpells catched 
[19:35:48] 9780 ItemTemplates catched 
[19:35:48] 4489 Weapons catched 
[19:35:49] 363 ItemSets catched 
[19:35:49] 24 Handlers Readed
[19:35:50] 26 Messages Readed
[19:35:50] WorldServer start in 10311 ms.
[19:36:57] MySQL Database Connected
[19:36:57] 16 Breeds catched
[19:36:57] 256 Heads catched
[19:37:09] 11260 DofusMaps catched
[19:37:09] 169 StatedElements catched
[19:37:09] 323 InteractiveElements catched
[19:37:10] 15228 SpellLevels catched 
[19:37:10] 4772 Spells catched 
[19:37:10] 1179 LearnableSpells catched 
[19:37:10] 9780 ItemTemplates catched 
[19:37:10] 4489 Weapons catched 
[19:37:10] 363 ItemSets catched 
[19:37:11] 24 Handlers Readed
[19:37:11] 26 Messages Readed
[19:37:11] WorldServer start in 14283 ms.
[19:39:46] MySQL Database Connected
[19:39:46] 16 Breeds catched
[19:39:46] 256 Heads catched
[19:39:54] 11260 DofusMaps catched
[19:39:54] 169 StatedElements catched
[19:39:54] 323 InteractiveElements catched
[19:39:54] 15228 SpellLevels catched 
[19:39:54] 4772 Spells catched 
[19:39:54] 1179 LearnableSpells catched 
[19:39:55] 9780 ItemTemplates catched 
[19:39:55] 4489 Weapons catched 
[19:39:55] 363 ItemSets catched 
[19:39:55] 171 ItemTypes catched 
[19:39:55] 24 Handlers Readed
[19:39:55] 26 Messages Readed
[19:39:55] WorldServer start in 9309 ms.
[21:02:06] MySQL Database Connected
[21:02:06] 16 Breeds catched
[21:02:06] 256 Heads catched
[21:02:14] 11260 DofusMaps catched
[21:02:14] 169 StatedElements catched
[21:02:14] 323 InteractiveElements catched
[21:02:14] 15228 SpellLevels catched 
[21:02:14] 4772 Spells catched 
[21:02:14] 1179 LearnableSpells catched 
[21:02:14] 9780 ItemTemplates catched 
[21:02:15] 4489 Weapons catched 
[21:02:15] 363 ItemSets catched 
[21:02:15] 171 ItemTypes catched 
[21:02:15] 24 Handlers Readed
[21:02:15] 26 Messages Readed
[21:02:15] WorldServer start in 9324 ms.
[21:13:52] MySQL Database Connected
[21:13:52] 16 Breeds catched
[21:13:52] 256 Heads catched
[21:13:52] 0 Effects catched
[21:14:00] 11260 DofusMaps catched
[21:14:00] 169 StatedElements catched
[21:14:00] 323 InteractiveElements catched
[21:14:00] 15228 SpellLevels catched 
[21:14:01] 4772 Spells catched 
[21:14:01] 1179 LearnableSpells catched 
[21:14:01] 9780 ItemTemplates catched 
[21:14:01] 4489 Weapons catched 
[21:14:01] 363 ItemSets catched 
[21:14:01] 171 ItemTypes catched 
[21:14:01] 24 Handlers Readed
[21:14:01] 26 Messages Readed
[21:14:01] WorldServer start in 9401 ms.
[21:16:43] MySQL Database Connected
[21:16:43] 16 Breeds catched
[21:16:43] 256 Heads catched
[21:16:43] 0 Effects catched
[21:16:52] 11260 DofusMaps catched
[21:16:52] 169 StatedElements catched
[21:16:52] 323 InteractiveElements catched
[21:16:52] 15228 SpellLevels catched 
[21:16:52] 4772 Spells catched 
[21:16:52] 1179 LearnableSpells catched 
[21:16:53] 9780 ItemTemplates catched 
[21:16:53] 4489 Weapons catched 
[21:16:53] 363 ItemSets catched 
[21:16:53] 171 ItemTypes catched 
[21:16:53] 24 Handlers Readed
[21:16:53] 26 Messages Readed
[21:16:54] WorldServer start in 10292 ms.
[21:35:54] MySQL Database Connected
[21:35:54] 16 Breeds catched
[21:35:54] 256 Heads catched
[21:35:54] 0 Effects catched
[21:36:22] MySQL Database Connected
[21:36:22] 16 Breeds catched
[21:36:22] 256 Heads catched
[21:36:22] 0 Effects catched
[21:38:05] MySQL Database Connected
[21:38:05] 16 Breeds catched
[21:38:05] 256 Heads catched
[21:38:05] 0 Effects catched
[21:38:13] 11260 DofusMaps catched
[21:38:13] 169 StatedElements catched
[21:38:13] 323 InteractiveElements catched
[21:38:13] 15228 SpellLevels catched 
[21:38:13] 4772 Spells catched 
[21:38:13] 1179 LearnableSpells catched 
[21:38:13] 9780 ItemTemplates catched 
[21:38:14] 4489 Weapons catched 
[21:38:14] 363 ItemSets catched 
[21:38:14] 171 ItemTypes catched 
[21:38:14] 24 Handlers Readed
[21:38:14] 26 Messages Readed
[21:38:14] WorldServer start in 9261 ms.
[21:38:57] MySQL Database Connected
[21:39:20] MySQL Database Connected
[21:39:20] 16 Breeds catched
[21:39:20] 256 Heads catched
[21:39:20] 0 Effects catched
[21:39:28] 11260 DofusMaps catched
[21:39:28] 169 StatedElements catched
[21:39:28] 323 InteractiveElements catched
[21:39:28] 15228 SpellLevels catched 
[21:39:28] 4772 Spells catched 
[21:39:28] 1179 LearnableSpells catched 
[21:39:28] 9780 ItemTemplates catched 
[21:39:28] 4489 Weapons catched 
[21:39:28] 363 ItemSets catched 
[21:39:28] 171 ItemTypes catched 
[21:39:29] 24 Handlers Readed
[21:39:29] 26 Messages Readed
[21:39:29] WorldServer start in 9008 ms.
[21:39:51] MySQL Database Connected
[21:39:51] 16 Breeds catched
[21:39:51] 256 Heads catched
[21:39:51] 0 Effects catched
[21:39:59] 11260 DofusMaps catched
[21:39:59] 169 StatedElements catched
[21:39:59] 323 InteractiveElements catched
[21:39:59] 15228 SpellLevels catched 
[21:39:59] 4772 Spells catched 
[21:39:59] 1179 LearnableSpells catched 
[21:39:59] 9780 ItemTemplates catched 
[21:39:59] 4489 Weapons catched 
[21:39:59] 363 ItemSets catched 
[21:39:59] 171 ItemTypes catched 
[21:40:00] 24 Handlers Readed
[21:40:00] 26 Messages Readed
[21:40:00] WorldServer start in 8887 ms.
[21:41:25] MySQL Database Connected
[21:41:25] 16 Breeds catched
[21:41:25] 256 Heads catched
[21:41:25] 0 Effects catched
[21:41:33] 11260 DofusMaps catched
[21:41:33] 169 StatedElements catched
[21:41:33] 323 InteractiveElements catched
[21:41:33] 15228 SpellLevels catched 
[21:41:33] 4772 Spells catched 
[21:41:33] 1179 LearnableSpells catched 
[21:41:34] 9780 ItemTemplates catched 
[21:41:34] 4489 Weapons catched 
[21:41:34] 363 ItemSets catched 
[21:41:34] 171 ItemTypes catched 
[21:41:34] 24 Handlers Readed
[21:41:34] 26 Messages Readed
[21:41:34] WorldServer start in 9720 ms.
[21:42:31] MySQL Database Connected
[21:45:04] MySQL Database Connected
[21:45:44] MySQL Database Connected
[21:47:19] MySQL Database Connected
[21:47:19] 16 Breeds catched
[21:47:19] 256 Heads catched
[21:47:19] 561 Effects catched
[21:47:27] 11260 DofusMaps catched
[21:47:27] 169 StatedElements catched
[21:47:27] 323 InteractiveElements catched
[21:47:27] 15228 SpellLevels catched 
[21:47:27] 4772 Spells catched 
[21:47:27] 1179 LearnableSpells catched 
[21:47:28] 9780 ItemTemplates catched 
[21:47:28] 4489 Weapons catched 
[21:47:28] 363 ItemSets catched 
[21:47:28] 171 ItemTypes catched 
[21:47:28] 24 Handlers Readed
[21:47:28] 26 Messages Readed
[21:47:28] WorldServer start in 9231 ms.
[21:49:39] MySQL Database Connected
[21:49:39] 16 Breeds catched
[21:49:39] 256 Heads catched
[21:49:39] 561 Effects catched
[21:49:47] 11260 DofusMaps catched
[21:49:47] 169 StatedElements catched
[21:49:47] 323 InteractiveElements catched
[21:49:47] 15228 SpellLevels catched 
[21:49:47] 4772 Spells catched 
[21:49:47] 1179 LearnableSpells catched 
[21:49:48] 9780 ItemTemplates catched 
[21:49:48] 4489 Weapons catched 
[21:49:48] 363 ItemSets catched 
[21:49:48] 171 ItemTypes catched 
[21:49:48] 24 Handlers Readed
[21:49:48] 26 Messages Readed
[21:49:48] WorldServer start in 9403 ms.
[22:16:36] MySQL Database Connected
[22:16:36] 16 Breeds catched
[22:16:36] 256 Heads catched
[22:16:36] 561 Effects catched
[22:16:46] 11260 DofusMaps catched
[22:16:46] 169 StatedElements catched
[22:16:46] 323 InteractiveElements catched
[22:16:46] 15228 SpellLevels catched 
[22:16:46] 4772 Spells catched 
[22:16:46] 1179 LearnableSpells catched 
[22:16:47] 9780 ItemTemplates catched 
[22:16:47] 4489 Weapons catched 
[22:16:47] 363 ItemSets catched 
[22:16:47] 171 ItemTypes catched 
[22:16:47] 24 Handlers Readed
[22:16:47] 26 Messages Readed
[22:16:47] WorldServer start in 11440 ms.
[22:31:48] MySQL Database Connected
[22:31:48] 16 Breeds catched
[22:31:48] 256 Heads catched
[22:31:48] 561 Effects catched
[22:31:56] 11260 DofusMaps catched
[22:31:56] 169 StatedElements catched
[22:31:56] 323 InteractiveElements catched
[22:31:56] 15228 SpellLevels catched 
[22:31:56] 4772 Spells catched 
[22:31:56] 1179 LearnableSpells catched 
[22:31:56] 9780 ItemTemplates catched 
[22:31:56] 4489 Weapons catched 
[22:31:56] 363 ItemSets catched 
[22:31:56] 171 ItemTypes catched 
[22:31:57] 24 Handlers Readed
[22:31:57] 26 Messages Readed
[22:31:57] WorldServer start in 9293 ms.
[22:34:06] MySQL Database Connected
[22:34:06] 16 Breeds catched
[22:34:06] 256 Heads catched
[22:34:06] 561 Effects catched
[22:34:14] 11260 DofusMaps catched
[22:34:14] 169 StatedElements catched
[22:34:14] 323 InteractiveElements catched
[22:34:14] 15228 SpellLevels catched 
[22:34:14] 4772 Spells catched 
[22:34:14] 1179 LearnableSpells catched 
[22:34:14] 9780 ItemTemplates catched 
[22:34:15] 4489 Weapons catched 
[22:34:15] 363 ItemSets catched 
[22:34:15] 171 ItemTypes catched 
[22:34:15] 24 Handlers Readed
[22:34:15] 26 Messages Readed
[22:34:15] WorldServer start in 9563 ms.
[23:35:39] MySQL Database Connected
[23:35:39] 16 Breeds catched
[23:35:39] 256 Heads catched
[23:35:39] 561 Effects catched
[23:35:47] 11260 DofusMaps catched
[23:35:47] 169 StatedElements catched
[23:35:47] 323 InteractiveElements catched
[23:35:47] 15228 SpellLevels catched 
[23:35:47] 4772 Spells catched 
[23:35:47] 1179 LearnableSpells catched 
[23:35:47] 9780 ItemTemplates catched 
[23:35:47] 4489 Weapons catched 
[23:35:47] 363 ItemSets catched 
[23:35:47] 171 ItemTypes catched 
[23:35:48] 24 Handlers Readed
[23:35:48] 26 Messages Readed
[23:35:48] WorldServer start in 9295 ms.
[23:51:10] MySQL Database Connected
[23:51:10] 16 Breeds catched
[23:51:10] 256 Heads catched
[23:51:10] 561 Effects catched
[23:51:18] 11260 DofusMaps catched
[23:51:18] 169 StatedElements catched
[23:51:18] 323 InteractiveElements catched
[23:51:18] 15228 SpellLevels catched 
[23:51:18] 4772 Spells catched 
[23:51:18] 1179 LearnableSpells catched 
[23:51:19] 9780 ItemTemplates catched 
[23:51:19] 4489 Weapons catched 
[23:51:19] 363 ItemSets catched 
[23:51:19] 171 ItemTypes catched 
[23:51:19] 24 Handlers Readed
[23:51:19] 26 Messages Readed
[23:51:19] WorldServer start in 9296 ms.
