[21:27:02] MySQL Database Connected
[21:27:02] 16 Breeds catched
[21:27:02] 256 Heads catched
[21:27:02] 566 Effects catched
[21:27:03] 4 SuperAreas catched
[21:27:03] 48 Areas catched
[21:27:06] 334 SubAreas catched
[21:27:08] 11267 DofusMaps catched
[21:27:08] 9769 StatedElements catched
[21:27:09] 13379 InteractiveElements catched
[21:27:09] 1485 HouseInformations catched
[21:27:09] 568 InteractiveDoors catched
[21:27:09] 3530 MapPositions uncatched
[21:27:09] 14681 MapPositions catched
[21:27:09] 38 MapZaaps catched
[21:27:09] 79 MapSubways catched
[21:27:10] 15612 SpellLevels catched 
[21:27:10] 4972 Spells catched 
[21:27:10] 4 SpellBombs catched 
[21:27:10] 316 GuildEmblems catched 
[21:27:10] 1179 LearnableSpells catched 
[21:27:10] 171 ItemTypes catched 
[21:27:11] 10063 ItemTemplates catched 
[21:27:11] 4355 Weapons catched 
[21:27:11] 366 ItemSets catched 
[21:27:11] 114 ItemPets catched 
[21:27:13] 2476 NpcTemplates catched 
[21:27:13] 812 NpcSpawns catched 
[21:27:13] 3112 NpcItems catched 
[21:27:13] 19801 NpcMessages catched 
[21:27:13] 8 NpcReplies catched 
[21:27:13] 366 Triggers catched
[21:27:13] 1277 Paddocks catched
[21:27:13] 72 Mounts catched
[21:27:13] 3 Guild catched
[21:27:13] 2 GuildMembers catched
[21:27:13] 11 GatheringJob LevelInfos catched
[21:27:14] 233 InteractiveSkills LevelInfos catched
[21:27:14] 2210 Monster Templates catched
[21:27:14] 11688 Monster Grades catched
[21:27:14] 8021 Monster Drops catched
[21:27:15] 131 Handlers Readed
[21:27:15] 177 Messages Readed
[21:27:16] WorldServer start in 14789 ms.
[21:45:53] MySQL Database Connected
[21:45:53] 16 Breeds catched
[21:45:53] 256 Heads catched
[21:45:53] 566 Effects catched
[21:45:53] 4 SuperAreas catched
[21:45:53] 48 Areas catched
[21:45:55] 334 SubAreas catched
[21:45:56] 11267 DofusMaps catched
[21:45:56] 9769 StatedElements catched
[21:45:56] 13379 InteractiveElements catched
[21:45:56] 1485 HouseInformations catched
[21:45:56] 568 InteractiveDoors catched
[21:45:57] 3530 MapPositions uncatched
[21:45:57] 14681 MapPositions catched
[21:45:57] 38 MapZaaps catched
[21:45:57] 79 MapSubways catched
[21:45:57] 15612 SpellLevels catched 
[21:45:57] 4972 Spells catched 
[21:45:57] 4 SpellBombs catched 
[21:45:57] 316 GuildEmblems catched 
[21:45:57] 1179 LearnableSpells catched 
[21:45:57] 171 ItemTypes catched 
[21:45:58] 10063 ItemTemplates catched 
[21:45:58] 4355 Weapons catched 
[21:45:58] 366 ItemSets catched 
[21:45:58] 114 ItemPets catched 
[21:45:59] 2476 NpcTemplates catched 
[21:45:59] 812 NpcSpawns catched 
[21:45:59] 3112 NpcItems catched 
[21:45:59] 19801 NpcMessages catched 
[21:45:59] 8 NpcReplies catched 
[21:45:59] 366 Triggers catched
[21:45:59] 1277 Paddocks catched
[21:45:59] 72 Mounts catched
[21:46:00] 3 Guild catched
[21:46:00] 2 GuildMembers catched
[21:46:00] 11 GatheringJob LevelInfos catched
[21:46:00] 233 InteractiveSkills LevelInfos catched
[21:46:00] 2210 Monster Templates catched
[21:46:00] 11688 Monster Grades catched
[21:46:00] 8021 Monster Drops catched
[21:46:00] 131 Handlers Readed
[21:46:01] 177 Messages Readed
[21:46:01] WorldServer start in 8786 ms.
[21:47:48] MySQL Database Connected
[21:47:49] 16 Breeds catched
[21:47:49] 256 Heads catched
[21:47:49] 566 Effects catched
[21:47:49] 4 SuperAreas catched
[21:47:49] 48 Areas catched
[21:47:51] 334 SubAreas catched
[21:47:52] 11267 DofusMaps catched
[21:47:53] 9769 StatedElements catched
[21:47:53] 13379 InteractiveElements catched
[21:47:53] 1485 HouseInformations catched
[21:47:53] 568 InteractiveDoors catched
[21:47:53] 3530 MapPositions uncatched
[21:47:53] 14681 MapPositions catched
[21:47:53] 38 MapZaaps catched
[21:47:53] 79 MapSubways catched
[21:47:53] 15612 SpellLevels catched 
[21:47:53] 4972 Spells catched 
[21:47:53] 4 SpellBombs catched 
[21:47:53] 316 GuildEmblems catched 
[21:47:53] 1179 LearnableSpells catched 
[21:47:53] 171 ItemTypes catched 
[21:47:54] 10063 ItemTemplates catched 
[21:47:54] 4355 Weapons catched 
[21:47:54] 366 ItemSets catched 
[21:47:54] 114 ItemPets catched 
[21:47:55] 2476 NpcTemplates catched 
[21:47:55] 812 NpcSpawns catched 
[21:47:55] 3112 NpcItems catched 
[21:47:55] 19801 NpcMessages catched 
[21:47:55] 8 NpcReplies catched 
[21:47:55] 366 Triggers catched
[21:47:55] 1277 Paddocks catched
[21:47:55] 72 Mounts catched
[21:47:55] 3 Guild catched
[21:47:55] 2 GuildMembers catched
[21:47:55] 11 GatheringJob LevelInfos catched
[21:47:56] 233 InteractiveSkills LevelInfos catched
[21:47:56] 2210 Monster Templates catched
[21:47:56] 11688 Monster Grades catched
[21:47:56] 8021 Monster Drops catched
[21:47:56] 131 Handlers Readed
[21:47:57] 177 Messages Readed
[21:47:57] WorldServer start in 9683 ms.
[22:23:28] MySQL Database Connected
[22:23:28] 16 Breeds catched
[22:23:28] 256 Heads catched
[22:23:28] 566 Effects catched
[22:23:29] 4 SuperAreas catched
[22:23:29] 48 Areas catched
[22:23:31] 334 SubAreas catched
[22:23:32] 11267 DofusMaps catched
[22:23:32] 9769 StatedElements catched
[22:23:32] 13379 InteractiveElements catched
[22:23:32] 1485 HouseInformations catched
[22:23:32] 568 InteractiveDoors catched
[22:23:33] 3530 MapPositions uncatched
[22:23:33] 14681 MapPositions catched
[22:23:33] 38 MapZaaps catched
[22:23:33] 79 MapSubways catched
[22:23:33] 15612 SpellLevels catched 
[22:23:33] 4972 Spells catched 
[22:23:33] 4 SpellBombs catched 
[22:23:33] 316 GuildEmblems catched 
[22:23:33] 1179 LearnableSpells catched 
[22:23:33] 171 ItemTypes catched 
[22:23:33] 10063 ItemTemplates catched 
[22:23:34] 4355 Weapons catched 
[22:23:34] 366 ItemSets catched 
[22:23:34] 114 ItemPets catched 
[22:23:35] 2476 NpcTemplates catched 
[22:23:35] 812 NpcSpawns catched 
[22:23:35] 3112 NpcItems catched 
[22:23:36] 19801 NpcMessages catched 
[22:23:36] 8 NpcReplies catched 
[22:23:36] 366 Triggers catched
[22:23:36] 1277 Paddocks catched
[22:23:36] 72 Mounts catched
[22:23:36] 3 Guild catched
[22:23:36] 2 GuildMembers catched
[22:23:36] 11 GatheringJob LevelInfos catched
[22:23:36] 233 InteractiveSkills LevelInfos catched
[22:23:36] 2210 Monster Templates catched
[22:23:36] 11688 Monster Grades catched
[22:23:36] 8021 Monster Drops catched
[22:23:37] 131 Handlers Readed
[22:23:37] 177 Messages Readed
[22:23:37] WorldServer start in 10796 ms.
[22:37:04] MySQL Database Connected
[22:37:04] 16 Breeds catched
[22:37:04] 256 Heads catched
[22:37:04] 566 Effects catched
[22:37:05] 4 SuperAreas catched
[22:37:05] 48 Areas catched
[22:37:08] 334 SubAreas catched
[22:37:09] 11267 DofusMaps catched
[22:37:09] 9769 StatedElements catched
[22:37:09] 13379 InteractiveElements catched
[22:37:09] 1485 HouseInformations catched
[22:37:09] 568 InteractiveDoors catched
[22:37:09] 3530 MapPositions uncatched
[22:37:09] 14681 MapPositions catched
[22:37:09] 38 MapZaaps catched
[22:37:09] 79 MapSubways catched
[22:37:10] 15612 SpellLevels catched 
[22:37:10] 4972 Spells catched 
[22:37:10] 4 SpellBombs catched 
[22:37:10] 316 GuildEmblems catched 
[22:37:10] 1179 LearnableSpells catched 
[22:37:10] 171 ItemTypes catched 
[22:37:10] 10063 ItemTemplates catched 
[22:37:10] 4355 Weapons catched 
[22:37:10] 366 ItemSets catched 
[22:37:11] 114 ItemPets catched 
[22:37:12] 2476 NpcTemplates catched 
[22:37:12] 812 NpcSpawns catched 
[22:37:12] 3112 NpcItems catched 
[22:37:12] 19801 NpcMessages catched 
[22:37:12] 8 NpcReplies catched 
[22:37:12] 366 Triggers catched
[22:37:12] 1277 Paddocks catched
[22:37:12] 72 Mounts catched
[22:37:12] 3 Guild catched
[22:37:12] 2 GuildMembers catched
[22:37:12] 11 GatheringJob LevelInfos catched
[22:37:12] 233 InteractiveSkills LevelInfos catched
[22:37:12] 2210 Monster Templates catched
[22:37:12] 11688 Monster Grades catched
[22:37:13] 8021 Monster Drops catched
[22:37:13] 131 Handlers Readed
[22:37:13] 177 Messages Readed
[22:37:13] WorldServer start in 10008 ms.
[22:39:01] MySQL Database Connected
[22:39:01] 16 Breeds catched
[22:39:01] 256 Heads catched
[22:39:01] 566 Effects catched
[22:39:02] 4 SuperAreas catched
[22:39:02] 48 Areas catched
[22:39:04] 334 SubAreas catched
[22:39:05] 11267 DofusMaps catched
[22:39:06] 9769 StatedElements catched
[22:39:07] 13379 InteractiveElements catched
[22:39:07] 1485 HouseInformations catched
[22:39:07] 568 InteractiveDoors catched
[22:39:07] 3530 MapPositions uncatched
[22:39:07] 14681 MapPositions catched
[22:39:07] 38 MapZaaps catched
[22:39:07] 79 MapSubways catched
[22:39:08] 15612 SpellLevels catched 
[22:39:08] 4972 Spells catched 
[22:39:08] 4 SpellBombs catched 
[22:39:08] 316 GuildEmblems catched 
[22:39:08] 1179 LearnableSpells catched 
[22:39:08] 171 ItemTypes catched 
[22:39:09] 10063 ItemTemplates catched 
[22:39:09] 4355 Weapons catched 
[22:39:09] 366 ItemSets catched 
[22:39:09] 114 ItemPets catched 
[22:39:11] 2476 NpcTemplates catched 
[22:39:11] 812 NpcSpawns catched 
[22:39:11] 3112 NpcItems catched 
[22:39:11] 19801 NpcMessages catched 
[22:39:11] 8 NpcReplies catched 
[22:39:12] 366 Triggers catched
[22:39:12] 1277 Paddocks catched
[22:39:12] 72 Mounts catched
[22:39:12] 3 Guild catched
[22:39:12] 2 GuildMembers catched
[22:39:12] 11 GatheringJob LevelInfos catched
[22:39:12] 233 InteractiveSkills LevelInfos catched
[22:39:12] 2210 Monster Templates catched
[22:39:12] 11688 Monster Grades catched
[22:39:13] 8021 Monster Drops catched
[22:39:14] 131 Handlers Readed
[22:39:15] 177 Messages Readed
[22:39:15] WorldServer start in 15104 ms.
[22:40:59] MySQL Database Connected
[22:40:59] 16 Breeds catched
[22:40:59] 256 Heads catched
[22:40:59] 566 Effects catched
[22:41:00] 4 SuperAreas catched
[22:41:00] 48 Areas catched
[22:41:02] 334 SubAreas catched
[22:41:02] 11267 DofusMaps catched
[22:41:03] 9769 StatedElements catched
[22:41:03] 13379 InteractiveElements catched
[22:41:03] 1485 HouseInformations catched
[22:41:03] 568 InteractiveDoors catched
[22:41:03] 3530 MapPositions uncatched
[22:41:03] 14681 MapPositions catched
[22:41:03] 38 MapZaaps catched
[22:41:03] 79 MapSubways catched
[22:41:04] 15612 SpellLevels catched 
[22:41:04] 4972 Spells catched 
[22:41:04] 4 SpellBombs catched 
[22:41:04] 316 GuildEmblems catched 
[22:41:04] 1179 LearnableSpells catched 
[22:41:04] 171 ItemTypes catched 
[22:41:04] 10063 ItemTemplates catched 
[22:41:04] 4355 Weapons catched 
[22:41:04] 366 ItemSets catched 
[22:41:05] 114 ItemPets catched 
[22:41:06] 2476 NpcTemplates catched 
[22:41:06] 812 NpcSpawns catched 
[22:41:06] 3112 NpcItems catched 
[22:41:06] 19801 NpcMessages catched 
[22:41:06] 8 NpcReplies catched 
[22:41:07] 366 Triggers catched
[22:41:07] 1277 Paddocks catched
[22:41:07] 72 Mounts catched
[22:41:07] 3 Guild catched
[22:41:07] 2 GuildMembers catched
[22:41:07] 11 GatheringJob LevelInfos catched
[22:41:07] 233 InteractiveSkills LevelInfos catched
[22:41:07] 2210 Monster Templates catched
[22:41:07] 11688 Monster Grades catched
[22:41:07] 8021 Monster Drops catched
[22:41:08] 131 Handlers Readed
[22:41:08] 177 Messages Readed
[22:41:08] WorldServer start in 10720 ms.
[22:43:05] MySQL Database Connected
[22:43:05] 16 Breeds catched
[22:43:05] 256 Heads catched
[22:43:05] 566 Effects catched
[22:43:08] 4 SuperAreas catched
[22:43:09] 48 Areas catched
[22:43:19] 334 SubAreas catched
[22:43:23] 11267 DofusMaps catched
[22:43:25] 9769 StatedElements catched
[22:43:27] 13379 InteractiveElements catched
[22:43:27] 1485 HouseInformations catched
[22:43:27] 568 InteractiveDoors catched
[22:43:28] 3530 MapPositions uncatched
[22:43:28] 14681 MapPositions catched
[22:43:28] 38 MapZaaps catched
[22:43:28] 79 MapSubways catched
[22:43:30] 15612 SpellLevels catched 
[22:43:30] 4972 Spells catched 
[22:43:30] 4 SpellBombs catched 
[22:43:30] 316 GuildEmblems catched 
[22:43:30] 1179 LearnableSpells catched 
[22:43:30] 171 ItemTypes catched 
[22:43:33] 10063 ItemTemplates catched 
[22:43:33] 4355 Weapons catched 
[22:43:33] 366 ItemSets catched 
[22:43:34] 114 ItemPets catched 
[22:43:40] 2476 NpcTemplates catched 
[22:43:40] 812 NpcSpawns catched 
[22:43:40] 3112 NpcItems catched 
[22:43:40] 19801 NpcMessages catched 
[22:43:40] 8 NpcReplies catched 
[22:43:41] 366 Triggers catched
[22:43:41] 1277 Paddocks catched
[22:43:41] 72 Mounts catched
[22:43:41] 3 Guild catched
[22:43:41] 2 GuildMembers catched
[22:43:41] 11 GatheringJob LevelInfos catched
[22:43:42] 233 InteractiveSkills LevelInfos catched
[22:43:42] 2210 Monster Templates catched
[22:43:43] 11688 Monster Grades catched
[22:43:43] 8021 Monster Drops catched
[22:43:45] 131 Handlers Readed
[22:43:46] 177 Messages Readed
[22:43:47] WorldServer start in 46886 ms.
[22:48:31] Melan aded4
[22:48:31] Sesan aded4
[22:48:31] Slovakienne aded4
[22:48:31] Casx aded4
[22:48:35] Lkamar aded5
[22:48:35] Debana aded5
[22:48:35] Melanie aded5
[22:48:35] Nulmeulousalo aded5
[22:48:35] Charmola aded5
