[21:34:35] MySQL Database Connected
[21:34:36] 3 Handlers Readed
[21:34:36] 3 Messages Readed
[21:34:36] WorldServer start in 814 ms.
[21:48:18] MySQL Database Connected
[21:48:18] 3 Handlers Readed
[21:48:18] 3 Messages Readed
[21:48:18] WorldServer start in 556 ms.
[22:26:25] MySQL Database Connected
[22:26:26] 3 Handlers Readed
[22:26:26] 3 Messages Readed
[22:26:26] WorldServer start in 579 ms.
[22:27:46] MySQL Database Connected
[22:27:47] 3 Handlers Readed
[22:27:47] 3 Messages Readed
[22:27:47] WorldServer start in 586 ms.
[22:27:54] MySQL Database Connected
[22:27:54] 3 Handlers Readed
[22:27:54] 3 Messages Readed
[22:27:54] WorldServer start in 556 ms.
[22:28:07] MySQL Database Connected
[22:28:07] 3 Handlers Readed
[22:28:07] 3 Messages Readed
[22:28:07] WorldServer start in 553 ms.
[22:30:09] MySQL Database Connected
[22:30:10] 3 Handlers Readed
[22:30:10] 3 Messages Readed
[22:30:10] WorldServer start in 569 ms.
[22:30:47] MySQL Database Connected
[22:30:48] 3 Handlers Readed
[22:30:48] 3 Messages Readed
[22:30:48] WorldServer start in 564 ms.
[22:32:14] MySQL Database Connected
[22:32:14] 3 Handlers Readed
[22:32:14] 3 Messages Readed
[22:32:14] WorldServer start in 566 ms.
[22:33:04] MySQL Database Connected
[22:33:04] 3 Handlers Readed
[22:33:04] 3 Messages Readed
[22:33:04] WorldServer start in 562 ms.
[22:33:26] MySQL Database Connected
[22:33:27] 3 Handlers Readed
[22:33:27] 3 Messages Readed
[22:33:27] WorldServer start in 552 ms.
[22:36:11] MySQL Database Connected
[22:36:11] 3 Handlers Readed
[22:36:11] 3 Messages Readed
[22:36:11] WorldServer start in 551 ms.
[22:37:38] MySQL Database Connected
[22:37:38] 3 Handlers Readed
[22:37:38] 3 Messages Readed
[22:37:38] WorldServer start in 564 ms.
[22:38:53] MySQL Database Connected
[22:38:53] 3 Handlers Readed
[22:38:53] 3 Messages Readed
[22:38:53] WorldServer start in 561 ms.
[23:50:46] MySQL Database Connected
[23:50:46] 3 Handlers Readed
[23:50:46] 4 Messages Readed
[23:50:46] WorldServer start in 607 ms.
[23:50:54] Packet not handled 6530
