[02:02:18] MySQL Database Connected
[02:02:18] 16 Breeds catched
[02:02:18] 256 Heads catched
[02:02:18] 561 Effects catched
[02:02:19] 4 SuperAreas catched
[02:02:19] 48 Areas catched
[02:02:20] 334 SubAreas catched
[02:02:20] 11267 DofusMaps catched
[02:02:20] 9761 StatedElements catched
[02:02:20] 13349 InteractiveElements catched
[02:02:20] 1485 HouseInformations catched
[02:02:20] 556 InteractiveDoors catched
[02:02:21] 3530 MapPositions uncatched
[02:02:21] 14681 MapPositions catched
[02:02:21] 42 MapZaaps catched
[02:02:21] 79 MapSubways catched
[02:02:21] 15228 SpellLevels catched 
[02:02:21] 4772 Spells catched 
[02:02:21] 316 GuildEmblems catched 
[02:02:21] 1179 LearnableSpells catched 
[02:02:21] 9780 ItemTemplates catched 
[02:02:21] 4489 Weapons catched 
[02:02:21] 363 ItemSets catched 
[02:02:21] 171 ItemTypes catched 
[02:02:21] 110 ItemPets catched 
[02:02:21] 2476 NpcTemplates catched 
[02:02:21] 787 NpcSpawns catched 
[02:02:21] 94 NpcItems catched 
[02:02:21] 19801 NpcMessages catched 
[02:02:21] 7 NpcReplies catched 
[02:02:22] 353 Triggers catched
[02:02:22] 1277 Paddocks catched
[02:02:22] 72 Mounts catched
[02:02:22] 3 Guild catched
[02:02:22] 2 GuildMembers catched
[02:02:22] 11 GatheringJob LevelInfos catched
[02:02:22] 233 InteractiveSkills LevelInfos catched
[02:02:22] 126 Handlers Readed
[02:02:23] 173 Messages Readed
[02:02:23] WorldServer start in 4767 ms.
[02:20:26] MySQL Database Connected
[02:20:26] 16 Breeds catched
[02:20:26] 256 Heads catched
[02:20:26] 561 Effects catched
[02:20:27] 4 SuperAreas catched
[02:20:27] 48 Areas catched
[02:20:28] 334 SubAreas catched
[02:20:28] 11267 DofusMaps catched
[02:20:28] 9761 StatedElements catched
[02:20:28] 13349 InteractiveElements catched
[02:20:29] 1485 HouseInformations catched
[02:20:29] 556 InteractiveDoors catched
[02:20:29] 3530 MapPositions uncatched
[02:20:29] 14681 MapPositions catched
[02:20:29] 42 MapZaaps catched
[02:20:29] 79 MapSubways catched
[02:20:29] 15228 SpellLevels catched 
[02:20:29] 4772 Spells catched 
[02:20:29] 316 GuildEmblems catched 
[02:20:29] 1179 LearnableSpells catched 
[02:20:29] 9780 ItemTemplates catched 
[02:20:29] 4489 Weapons catched 
[02:20:29] 363 ItemSets catched 
[02:20:29] 171 ItemTypes catched 
[02:20:29] 110 ItemPets catched 
[02:20:29] 2476 NpcTemplates catched 
[02:20:29] 787 NpcSpawns catched 
[02:20:29] 94 NpcItems catched 
[02:20:29] 19801 NpcMessages catched 
[02:20:29] 7 NpcReplies catched 
[02:20:29] 353 Triggers catched
[02:20:29] 1277 Paddocks catched
[02:20:29] 72 Mounts catched
[02:20:30] 3 Guild catched
[02:20:30] 2 GuildMembers catched
[02:20:30] 11 GatheringJob LevelInfos catched
[02:20:30] 233 InteractiveSkills LevelInfos catched
[02:20:30] 126 Handlers Readed
[02:20:31] 173 Messages Readed
[02:20:31] WorldServer start in 4706 ms.
[21:07:25] MySQL Database Connected
[21:07:25] 16 Breeds catched
[21:07:25] 256 Heads catched
[21:07:25] 561 Effects catched
[21:07:25] 4 SuperAreas catched
[21:07:25] 48 Areas catched
[21:07:26] 334 SubAreas catched
[21:07:27] 11267 DofusMaps catched
[21:07:27] 9761 StatedElements catched
[21:07:27] 13349 InteractiveElements catched
[21:07:27] 1485 HouseInformations catched
[21:07:27] 556 InteractiveDoors catched
[21:07:27] 3530 MapPositions uncatched
[21:07:27] 14681 MapPositions catched
[21:07:27] 42 MapZaaps catched
[21:07:27] 79 MapSubways catched
[21:07:27] 15228 SpellLevels catched 
[21:07:27] 4772 Spells catched 
[21:07:27] 316 GuildEmblems catched 
[21:07:27] 1179 LearnableSpells catched 
[21:07:27] 9780 ItemTemplates catched 
[21:07:27] 4489 Weapons catched 
[21:07:27] 363 ItemSets catched 
[21:07:27] 171 ItemTypes catched 
[21:07:27] 110 ItemPets catched 
[21:07:28] 2476 NpcTemplates catched 
[21:07:28] 787 NpcSpawns catched 
[21:07:28] 94 NpcItems catched 
[21:07:28] 19801 NpcMessages catched 
[21:07:28] 7 NpcReplies catched 
[21:07:28] 353 Triggers catched
[21:07:28] 1277 Paddocks catched
[21:07:28] 72 Mounts catched
[21:07:28] 3 Guild catched
[21:07:28] 2 GuildMembers catched
[21:07:28] 11 GatheringJob LevelInfos catched
[21:07:28] 233 InteractiveSkills LevelInfos catched
[21:07:29] 121 Handlers Readed
[21:07:29] 173 Messages Readed
[21:07:29] WorldServer start in 4735 ms.
[21:07:55] Packet not handled 150
[21:07:56] Packet not handled 150
[21:08:55] MySQL Database Connected
[21:08:55] 16 Breeds catched
[21:08:55] 256 Heads catched
[21:08:55] 561 Effects catched
[21:08:56] 4 SuperAreas catched
[21:08:56] 48 Areas catched
[21:08:57] 334 SubAreas catched
[21:08:57] 11267 DofusMaps catched
[21:08:57] 9761 StatedElements catched
[21:08:57] 13349 InteractiveElements catched
[21:08:57] 1485 HouseInformations catched
[21:08:57] 556 InteractiveDoors catched
[21:08:57] 3530 MapPositions uncatched
[21:08:57] 14681 MapPositions catched
[21:08:57] 42 MapZaaps catched
[21:08:57] 79 MapSubways catched
[21:08:58] 15228 SpellLevels catched 
[21:08:58] 4772 Spells catched 
[21:08:58] 316 GuildEmblems catched 
[21:08:58] 1179 LearnableSpells catched 
[21:08:58] 9780 ItemTemplates catched 
[21:08:58] 4489 Weapons catched 
[21:08:58] 363 ItemSets catched 
[21:08:58] 171 ItemTypes catched 
[21:08:58] 110 ItemPets catched 
[21:08:58] 2476 NpcTemplates catched 
[21:08:58] 787 NpcSpawns catched 
[21:08:58] 94 NpcItems catched 
[21:08:58] 19801 NpcMessages catched 
[21:08:58] 7 NpcReplies catched 
[21:08:58] 353 Triggers catched
[21:08:58] 1277 Paddocks catched
[21:08:58] 72 Mounts catched
[21:08:58] 3 Guild catched
[21:08:58] 2 GuildMembers catched
[21:08:58] 11 GatheringJob LevelInfos catched
[21:08:58] 233 InteractiveSkills LevelInfos catched
[21:08:59] 126 Handlers Readed
[21:09:00] 173 Messages Readed
[21:09:00] WorldServer start in 4686 ms.
[21:13:46] MySQL Database Connected
[21:13:46] 16 Breeds catched
[21:13:46] 256 Heads catched
[21:13:46] 561 Effects catched
[21:13:46] 4 SuperAreas catched
[21:13:46] 48 Areas catched
[21:13:47] 334 SubAreas catched
[21:13:48] 11267 DofusMaps catched
[21:13:48] 9761 StatedElements catched
[21:13:48] 13349 InteractiveElements catched
[21:13:48] 1485 HouseInformations catched
[21:13:48] 556 InteractiveDoors catched
[21:13:48] 3530 MapPositions uncatched
[21:13:48] 14681 MapPositions catched
[21:13:48] 42 MapZaaps catched
[21:13:48] 79 MapSubways catched
[21:13:48] 15228 SpellLevels catched 
[21:13:48] 4772 Spells catched 
[21:13:48] 316 GuildEmblems catched 
[21:13:48] 1179 LearnableSpells catched 
[21:13:48] 9780 ItemTemplates catched 
[21:13:48] 4489 Weapons catched 
[21:13:48] 363 ItemSets catched 
[21:13:48] 171 ItemTypes catched 
[21:13:48] 110 ItemPets catched 
[21:13:49] 2476 NpcTemplates catched 
[21:13:49] 787 NpcSpawns catched 
[21:13:49] 94 NpcItems catched 
[21:13:49] 19801 NpcMessages catched 
[21:13:49] 7 NpcReplies catched 
[21:13:49] 353 Triggers catched
[21:13:49] 1277 Paddocks catched
[21:13:49] 72 Mounts catched
[21:13:49] 3 Guild catched
[21:13:49] 2 GuildMembers catched
[21:13:49] 11 GatheringJob LevelInfos catched
[21:13:49] 233 InteractiveSkills LevelInfos catched
[21:13:49] 127 Handlers Readed
[21:13:50] 174 Messages Readed
[21:13:50] WorldServer start in 4668 ms.
[23:07:29] MySQL Database Connected
[23:07:29] 16 Breeds catched
[23:07:29] 256 Heads catched
[23:07:29] 561 Effects catched
[23:07:29] 4 SuperAreas catched
[23:07:29] 48 Areas catched
[23:07:30] 334 SubAreas catched
[23:07:31] 11267 DofusMaps catched
[23:07:31] 9761 StatedElements catched
[23:07:31] 13349 InteractiveElements catched
[23:07:31] 1485 HouseInformations catched
[23:07:31] 556 InteractiveDoors catched
[23:07:31] 3530 MapPositions uncatched
[23:07:31] 14681 MapPositions catched
[23:07:31] 42 MapZaaps catched
[23:07:31] 79 MapSubways catched
[23:07:31] 15228 SpellLevels catched 
[23:07:31] 4772 Spells catched 
[23:07:31] 316 GuildEmblems catched 
[23:07:31] 1179 LearnableSpells catched 
[23:07:31] 9780 ItemTemplates catched 
[23:07:31] 4489 Weapons catched 
[23:07:31] 363 ItemSets catched 
[23:07:31] 171 ItemTypes catched 
[23:07:32] 110 ItemPets catched 
[23:07:32] 2476 NpcTemplates catched 
[23:07:32] 787 NpcSpawns catched 
[23:07:32] 94 NpcItems catched 
[23:07:32] 19801 NpcMessages catched 
[23:07:32] 7 NpcReplies catched 
[23:07:32] 353 Triggers catched
[23:07:32] 1277 Paddocks catched
[23:07:32] 72 Mounts catched
[23:07:32] 3 Guild catched
[23:07:32] 2 GuildMembers catched
[23:07:32] 11 GatheringJob LevelInfos catched
[23:07:32] 233 InteractiveSkills LevelInfos catched
[23:07:33] 127 Handlers Readed
[23:07:33] 174 Messages Readed
[23:07:33] WorldServer start in 4751 ms.
[23:11:11] MySQL Database Connected
[23:11:11] 16 Breeds catched
[23:11:11] 256 Heads catched
[23:11:11] 561 Effects catched
[23:11:11] 4 SuperAreas catched
[23:11:11] 48 Areas catched
[23:11:12] 334 SubAreas catched
[23:11:13] 11267 DofusMaps catched
[23:11:13] 9761 StatedElements catched
[23:11:13] 13349 InteractiveElements catched
[23:11:13] 1485 HouseInformations catched
[23:11:13] 556 InteractiveDoors catched
[23:11:13] 3530 MapPositions uncatched
[23:11:13] 14681 MapPositions catched
[23:11:13] 42 MapZaaps catched
[23:11:13] 79 MapSubways catched
[23:11:13] 15228 SpellLevels catched 
[23:11:13] 4772 Spells catched 
[23:11:13] 316 GuildEmblems catched 
[23:11:13] 1179 LearnableSpells catched 
[23:11:13] 9780 ItemTemplates catched 
[23:11:13] 4489 Weapons catched 
[23:11:13] 363 ItemSets catched 
[23:11:13] 171 ItemTypes catched 
[23:11:14] 110 ItemPets catched 
[23:11:14] 2476 NpcTemplates catched 
[23:11:14] 787 NpcSpawns catched 
[23:11:14] 94 NpcItems catched 
[23:11:14] 19801 NpcMessages catched 
[23:11:14] 7 NpcReplies catched 
[23:11:14] 353 Triggers catched
[23:11:14] 1277 Paddocks catched
[23:11:14] 72 Mounts catched
[23:11:14] 3 Guild catched
[23:11:14] 2 GuildMembers catched
[23:11:14] 11 GatheringJob LevelInfos catched
[23:11:14] 233 InteractiveSkills LevelInfos catched
[23:11:15] 127 Handlers Readed
[23:11:15] 174 Messages Readed
[23:11:15] WorldServer start in 4787 ms.
[23:17:28] MySQL Database Connected
[23:17:28] 16 Breeds catched
[23:17:28] 256 Heads catched
[23:17:28] 561 Effects catched
[23:17:29] 4 SuperAreas catched
[23:17:29] 48 Areas catched
[23:17:30] 334 SubAreas catched
[23:17:30] 11267 DofusMaps catched
[23:17:30] 9761 StatedElements catched
[23:17:30] 13349 InteractiveElements catched
[23:17:30] 1485 HouseInformations catched
[23:17:30] 556 InteractiveDoors catched
[23:17:30] 3530 MapPositions uncatched
[23:17:30] 14681 MapPositions catched
[23:17:30] 42 MapZaaps catched
[23:17:30] 79 MapSubways catched
[23:17:30] 15228 SpellLevels catched 
[23:17:30] 4772 Spells catched 
[23:17:30] 316 GuildEmblems catched 
[23:17:30] 1179 LearnableSpells catched 
[23:17:31] 9780 ItemTemplates catched 
[23:17:31] 4489 Weapons catched 
[23:17:31] 363 ItemSets catched 
[23:17:31] 171 ItemTypes catched 
[23:17:31] 110 ItemPets catched 
[23:17:31] 2476 NpcTemplates catched 
[23:17:31] 787 NpcSpawns catched 
[23:17:31] 94 NpcItems catched 
[23:17:31] 19801 NpcMessages catched 
[23:17:31] 7 NpcReplies catched 
[23:17:31] 353 Triggers catched
[23:17:31] 1277 Paddocks catched
[23:17:31] 72 Mounts catched
[23:17:31] 3 Guild catched
[23:17:31] 2 GuildMembers catched
[23:17:31] 11 GatheringJob LevelInfos catched
[23:17:31] 233 InteractiveSkills LevelInfos catched
[23:17:32] 128 Handlers Readed
[23:17:32] 175 Messages Readed
[23:17:33] WorldServer start in 4588 ms.
[23:22:50] MySQL Database Connected
[23:22:50] 16 Breeds catched
[23:22:50] 256 Heads catched
[23:22:50] 561 Effects catched
[23:22:51] 4 SuperAreas catched
[23:22:51] 48 Areas catched
[23:22:52] 334 SubAreas catched
[23:22:52] 11267 DofusMaps catched
[23:22:52] 9761 StatedElements catched
[23:22:53] 13349 InteractiveElements catched
[23:22:53] 1485 HouseInformations catched
[23:22:53] 556 InteractiveDoors catched
[23:22:53] 3530 MapPositions uncatched
[23:22:53] 14681 MapPositions catched
[23:22:53] 42 MapZaaps catched
[23:22:53] 79 MapSubways catched
[23:22:53] 15228 SpellLevels catched 
[23:22:53] 4772 Spells catched 
[23:22:53] 316 GuildEmblems catched 
[23:22:53] 1179 LearnableSpells catched 
[23:22:53] 9780 ItemTemplates catched 
[23:22:53] 4489 Weapons catched 
[23:22:53] 363 ItemSets catched 
[23:22:53] 171 ItemTypes catched 
[23:22:53] 110 ItemPets catched 
[23:22:53] 2476 NpcTemplates catched 
[23:22:53] 787 NpcSpawns catched 
[23:22:53] 94 NpcItems catched 
[23:22:53] 19801 NpcMessages catched 
[23:22:53] 7 NpcReplies catched 
[23:22:54] 353 Triggers catched
[23:22:54] 1277 Paddocks catched
[23:22:54] 72 Mounts catched
[23:22:54] 3 Guild catched
[23:22:54] 2 GuildMembers catched
[23:22:54] 11 GatheringJob LevelInfos catched
[23:22:54] 233 InteractiveSkills LevelInfos catched
[23:22:54] 128 Handlers Readed
[23:22:55] 175 Messages Readed
[23:22:55] WorldServer start in 4703 ms.
[23:26:08] MySQL Database Connected
[23:26:08] 16 Breeds catched
[23:26:08] 256 Heads catched
[23:26:08] 561 Effects catched
[23:26:08] 4 SuperAreas catched
[23:26:09] 48 Areas catched
[23:26:09] 334 SubAreas catched
[23:26:10] 11267 DofusMaps catched
[23:26:10] 9761 StatedElements catched
[23:26:10] 13349 InteractiveElements catched
[23:26:10] 1485 HouseInformations catched
[23:26:10] 556 InteractiveDoors catched
[23:26:10] 3530 MapPositions uncatched
[23:26:10] 14681 MapPositions catched
[23:26:10] 42 MapZaaps catched
[23:26:10] 79 MapSubways catched
[23:26:10] 15228 SpellLevels catched 
[23:26:10] 4772 Spells catched 
[23:26:10] 316 GuildEmblems catched 
[23:26:10] 1179 LearnableSpells catched 
[23:26:11] 9780 ItemTemplates catched 
[23:26:11] 4489 Weapons catched 
[23:26:11] 363 ItemSets catched 
[23:26:11] 171 ItemTypes catched 
[23:26:11] 110 ItemPets catched 
[23:26:11] 2476 NpcTemplates catched 
[23:26:11] 787 NpcSpawns catched 
[23:26:11] 94 NpcItems catched 
[23:26:11] 19801 NpcMessages catched 
[23:26:11] 7 NpcReplies catched 
[23:26:11] 353 Triggers catched
[23:26:11] 1277 Paddocks catched
[23:26:11] 72 Mounts catched
[23:26:11] 3 Guild catched
[23:26:11] 2 GuildMembers catched
[23:26:11] 11 GatheringJob LevelInfos catched
[23:26:11] 233 InteractiveSkills LevelInfos catched
[23:26:12] 128 Handlers Readed
[23:26:12] 175 Messages Readed
[23:26:12] WorldServer start in 4755 ms.
[23:28:55] MySQL Database Connected
[23:28:55] 16 Breeds catched
[23:28:55] 256 Heads catched
[23:28:55] 561 Effects catched
[23:28:55] 4 SuperAreas catched
[23:28:55] 48 Areas catched
[23:28:56] 334 SubAreas catched
[23:28:57] 11267 DofusMaps catched
[23:28:57] 9761 StatedElements catched
[23:28:57] 13349 InteractiveElements catched
[23:28:57] 1485 HouseInformations catched
[23:28:57] 556 InteractiveDoors catched
[23:28:57] 3530 MapPositions uncatched
[23:28:57] 14681 MapPositions catched
[23:28:57] 42 MapZaaps catched
[23:28:57] 79 MapSubways catched
[23:28:57] 15228 SpellLevels catched 
[23:28:57] 4772 Spells catched 
[23:28:57] 316 GuildEmblems catched 
[23:28:57] 1179 LearnableSpells catched 
[23:28:58] 9780 ItemTemplates catched 
[23:28:58] 4489 Weapons catched 
[23:28:58] 363 ItemSets catched 
[23:28:58] 171 ItemTypes catched 
[23:28:58] 110 ItemPets catched 
[23:28:58] 2476 NpcTemplates catched 
[23:28:58] 787 NpcSpawns catched 
[23:28:58] 94 NpcItems catched 
[23:28:58] 19801 NpcMessages catched 
[23:28:58] 7 NpcReplies catched 
[23:28:58] 353 Triggers catched
[23:28:58] 1277 Paddocks catched
[23:28:58] 72 Mounts catched
[23:28:58] 3 Guild catched
[23:28:58] 2 GuildMembers catched
[23:28:58] 11 GatheringJob LevelInfos catched
[23:28:58] 233 InteractiveSkills LevelInfos catched
[23:28:59] 128 Handlers Readed
[23:28:59] 175 Messages Readed
[23:28:59] WorldServer start in 4751 ms.
[23:30:34] MySQL Database Connected
[23:30:34] 16 Breeds catched
[23:30:34] 256 Heads catched
[23:30:34] 561 Effects catched
[23:30:34] 4 SuperAreas catched
[23:30:34] 48 Areas catched
[23:30:35] 334 SubAreas catched
[23:30:36] 11267 DofusMaps catched
[23:30:36] 9761 StatedElements catched
[23:30:36] 13349 InteractiveElements catched
[23:30:36] 1485 HouseInformations catched
[23:30:36] 556 InteractiveDoors catched
[23:30:36] 3530 MapPositions uncatched
[23:30:36] 14681 MapPositions catched
[23:30:36] 42 MapZaaps catched
[23:30:36] 79 MapSubways catched
[23:30:36] 15228 SpellLevels catched 
[23:30:36] 4772 Spells catched 
[23:30:36] 316 GuildEmblems catched 
[23:30:36] 1179 LearnableSpells catched 
[23:30:36] 9780 ItemTemplates catched 
[23:30:37] 4489 Weapons catched 
[23:30:37] 363 ItemSets catched 
[23:30:37] 171 ItemTypes catched 
[23:30:37] 110 ItemPets catched 
[23:30:37] 2476 NpcTemplates catched 
[23:30:37] 787 NpcSpawns catched 
[23:30:37] 94 NpcItems catched 
[23:30:37] 19801 NpcMessages catched 
[23:30:37] 7 NpcReplies catched 
[23:30:37] 353 Triggers catched
[23:30:37] 1277 Paddocks catched
[23:30:37] 72 Mounts catched
[23:30:37] 3 Guild catched
[23:30:37] 2 GuildMembers catched
[23:30:37] 11 GatheringJob LevelInfos catched
[23:30:37] 233 InteractiveSkills LevelInfos catched
[23:30:38] 128 Handlers Readed
[23:30:38] 175 Messages Readed
[23:30:38] WorldServer start in 4794 ms.
[23:32:18] MySQL Database Connected
[23:32:18] 16 Breeds catched
[23:32:18] 256 Heads catched
[23:32:18] 561 Effects catched
[23:32:18] 4 SuperAreas catched
[23:32:18] 48 Areas catched
[23:32:23] MySQL Database Connected
[23:32:23] 16 Breeds catched
[23:32:23] 256 Heads catched
[23:32:23] 561 Effects catched
[23:32:24] 4 SuperAreas catched
[23:32:24] 48 Areas catched
[23:32:25] 334 SubAreas catched
[23:32:25] 11267 DofusMaps catched
[23:32:25] 9761 StatedElements catched
[23:32:25] 13349 InteractiveElements catched
[23:32:25] 1485 HouseInformations catched
[23:32:25] 556 InteractiveDoors catched
[23:32:25] 3530 MapPositions uncatched
[23:32:25] 14681 MapPositions catched
[23:32:25] 42 MapZaaps catched
[23:32:25] 79 MapSubways catched
[23:32:26] 15228 SpellLevels catched 
[23:32:26] 4772 Spells catched 
[23:32:26] 316 GuildEmblems catched 
[23:32:26] 1179 LearnableSpells catched 
[23:32:26] 9780 ItemTemplates catched 
[23:32:26] 4489 Weapons catched 
[23:32:26] 363 ItemSets catched 
[23:32:26] 171 ItemTypes catched 
[23:32:26] 110 ItemPets catched 
[23:32:26] 2476 NpcTemplates catched 
[23:32:26] 787 NpcSpawns catched 
[23:32:26] 94 NpcItems catched 
[23:32:26] 19801 NpcMessages catched 
[23:32:26] 7 NpcReplies catched 
[23:32:26] 353 Triggers catched
[23:32:26] 1277 Paddocks catched
[23:32:26] 72 Mounts catched
[23:32:26] 3 Guild catched
[23:32:26] 2 GuildMembers catched
[23:32:26] 11 GatheringJob LevelInfos catched
[23:32:26] 233 InteractiveSkills LevelInfos catched
[23:32:27] 128 Handlers Readed
[23:32:28] 175 Messages Readed
[23:32:28] WorldServer start in 4637 ms.
