[22:54:09] MySQL Database Connected
[22:54:09] 16 Breeds catched
[22:54:09] 256 Heads catched
[22:54:16] 11260 DofusMaps catched
[22:54:16] 169 StatedElements catched
[22:54:16] 323 InteractiveElements catched
[22:54:17] 15228 SpellLevels catched 
[22:54:17] 4772 Spells catched 
[22:54:17] 1179 LearnableSpells catched 
[22:54:17] 9780 ItemTemplates catched 
[22:54:18] 24 Handlers Readed
[22:54:18] 26 Messages Readed
[22:54:18] WorldServer start in 9851 ms.
[22:57:15] MySQL Database Connected
[22:57:15] 16 Breeds catched
[22:57:15] 256 Heads catched
[22:57:23] 11260 DofusMaps catched
[22:57:23] 169 StatedElements catched
[22:57:23] 323 InteractiveElements catched
[22:57:23] 15228 SpellLevels catched 
[22:57:23] 4772 Spells catched 
[22:57:23] 1179 LearnableSpells catched 
[22:57:23] 9780 ItemTemplates catched 
[22:57:23] 4489 Weapons catched 
[22:57:24] 24 Handlers Readed
[22:57:24] 26 Messages Readed
[22:57:24] WorldServer start in 9556 ms.
