[15:12:02] MySQL Database Connected
[15:12:02] 16 Breeds catched
[15:12:02] 256 Heads catched
[15:12:02] 561 Effects catched
[15:12:09] 4 SuperAreas catched
[15:12:09] 48 Areas catched
[15:12:10] 334 SubAreas catched
[15:12:19] 11260 DofusMaps catched
[15:12:20] 9761 StatedElements catched
[15:12:20] 13349 InteractiveElements catched
[15:12:20] 1485 HouseInformations catched
[15:12:20] 556 InteractiveDoors catched
[15:12:20] 3614 MapPositions uncatched
[15:12:20] 14681 MapPositions catched
[15:12:20] 42 MapZaaps catched
[15:12:20] 79 MapSubways catched
[15:12:21] 15228 SpellLevels catched 
[15:12:21] 4772 Spells catched 
[15:12:21] 316 GuildEmblems catched 
[15:12:21] 1179 LearnableSpells catched 
[15:12:22] 9780 ItemTemplates catched 
[15:12:22] 4489 Weapons catched 
[15:12:22] 363 ItemSets catched 
[15:12:22] 171 ItemTypes catched 
[15:12:22] 110 ItemPets catched 
[15:12:25] 2476 NpcTemplates catched 
[15:12:26] 787 NpcSpawns catched 
[15:12:26] 94 NpcItems catched 
[15:12:27] 19801 NpcMessages catched 
[15:12:27] 7 NpcReplies catched 
[15:12:28] 353 Triggers catched
[15:12:29] 1281 Paddocks catched
[15:12:29] 72 Mounts catched
[15:12:29] 4 Guild catched
[15:12:29] 3 GuildMembers catched
[15:12:36] 105 Handlers Readed
[15:12:40] 141 Messages Readed
[15:12:40] WorldServer start in 38556 ms.
[17:28:47] MySQL Database Connected
[17:28:47] 16 Breeds catched
[17:28:47] 256 Heads catched
[17:28:47] 561 Effects catched
[17:28:48] 4 SuperAreas catched
[17:28:48] 48 Areas catched
[17:28:48] 334 SubAreas catched
[17:28:56] 11260 DofusMaps catched
[17:28:56] 9761 StatedElements catched
[17:28:57] 13349 InteractiveElements catched
[17:28:57] 1485 HouseInformations catched
[17:28:57] 556 InteractiveDoors catched
[17:28:57] 3614 MapPositions uncatched
[17:28:57] 14681 MapPositions catched
[17:28:57] 42 MapZaaps catched
[17:28:57] 79 MapSubways catched
[17:28:57] 15228 SpellLevels catched 
[17:28:57] 4772 Spells catched 
[17:28:57] 316 GuildEmblems catched 
[17:28:57] 1179 LearnableSpells catched 
[17:28:57] 9780 ItemTemplates catched 
[17:28:57] 4489 Weapons catched 
[17:28:57] 363 ItemSets catched 
[17:28:57] 171 ItemTypes catched 
[17:28:58] 110 ItemPets catched 
[17:28:58] 2476 NpcTemplates catched 
[17:28:58] 787 NpcSpawns catched 
[17:28:58] 94 NpcItems catched 
[17:28:58] 19801 NpcMessages catched 
[17:28:58] 7 NpcReplies catched 
[17:28:58] 353 Triggers catched
[17:28:58] 1281 Paddocks catched
[17:28:58] 72 Mounts catched
[17:28:58] 4 Guild catched
[17:28:58] 3 GuildMembers catched
[17:28:59] 105 Handlers Readed
[17:28:59] 141 Messages Readed
[17:28:59] WorldServer start in 12570 ms.
[17:29:38] MySQL Database Connected
[17:29:38] 16 Breeds catched
[17:29:38] 256 Heads catched
[17:29:38] 561 Effects catched
[17:29:38] 4 SuperAreas catched
[17:29:38] 48 Areas catched
[17:29:39] 334 SubAreas catched
[17:29:47] 11260 DofusMaps catched
[17:29:47] 9761 StatedElements catched
[17:29:47] 13349 InteractiveElements catched
[17:29:47] 1485 HouseInformations catched
[17:29:47] 556 InteractiveDoors catched
[17:29:47] 3614 MapPositions uncatched
[17:29:47] 14681 MapPositions catched
[17:29:47] 42 MapZaaps catched
[17:29:47] 79 MapSubways catched
[17:29:48] 15228 SpellLevels catched 
[17:29:48] 4772 Spells catched 
[17:29:48] 316 GuildEmblems catched 
[17:29:48] 1179 LearnableSpells catched 
[17:29:48] 9780 ItemTemplates catched 
[17:29:48] 4489 Weapons catched 
[17:29:48] 363 ItemSets catched 
[17:29:48] 171 ItemTypes catched 
[17:29:48] 110 ItemPets catched 
[17:29:49] 2476 NpcTemplates catched 
[17:29:49] 787 NpcSpawns catched 
[17:29:49] 94 NpcItems catched 
[17:29:49] 19801 NpcMessages catched 
[17:29:49] 7 NpcReplies catched 
[17:29:49] 353 Triggers catched
[17:29:49] 1279 Paddocks catched
[17:29:49] 72 Mounts catched
[17:29:49] 4 Guild catched
[17:29:49] 3 GuildMembers catched
[17:29:49] 105 Handlers Readed
[17:29:50] 141 Messages Readed
[17:29:50] WorldServer start in 12485 ms.
[17:30:34] MySQL Database Connected
[17:30:34] 16 Breeds catched
[17:30:34] 256 Heads catched
[17:30:34] 561 Effects catched
[17:30:35] 4 SuperAreas catched
[17:30:35] 48 Areas catched
[17:30:36] 334 SubAreas catched
[17:30:43] 11260 DofusMaps catched
[17:30:43] 9761 StatedElements catched
[17:30:44] 13349 InteractiveElements catched
[17:30:44] 1485 HouseInformations catched
[17:30:44] 556 InteractiveDoors catched
[17:30:44] 3614 MapPositions uncatched
[17:30:44] 14681 MapPositions catched
[17:30:44] 42 MapZaaps catched
[17:30:44] 79 MapSubways catched
[17:30:44] 15228 SpellLevels catched 
[17:30:44] 4772 Spells catched 
[17:30:44] 316 GuildEmblems catched 
[17:30:44] 1179 LearnableSpells catched 
[17:30:44] 9780 ItemTemplates catched 
[17:30:44] 4489 Weapons catched 
[17:30:44] 363 ItemSets catched 
[17:30:44] 171 ItemTypes catched 
[17:30:45] 110 ItemPets catched 
[17:30:45] 2476 NpcTemplates catched 
[17:30:45] 787 NpcSpawns catched 
[17:30:45] 94 NpcItems catched 
[17:30:45] 19801 NpcMessages catched 
[17:30:45] 7 NpcReplies catched 
[17:30:45] 353 Triggers catched
[17:30:45] 1277 Paddocks catched
[17:30:45] 72 Mounts catched
[17:30:45] 4 Guild catched
[17:30:45] 3 GuildMembers catched
[17:30:46] 105 Handlers Readed
[17:30:46] 141 Messages Readed
[17:30:46] WorldServer start in 12316 ms.
[17:36:40] Packet not handled 5753
