[22:05:26] MySQL Database Connected
[22:05:26] 16 Breeds catched
[22:05:26] 256 Heads catched
[22:05:27] 11259 DofusMaps catched
[22:05:27] 15 Handlers Readed
[22:05:27] 15 Messages Readed
[22:05:27] WorldServer start in 1733 ms.
[22:06:21] MySQL Database Connected
[22:06:21] 16 Breeds catched
[22:06:21] 256 Heads catched
[22:06:22] 11259 DofusMaps catched
[22:06:22] 15 Handlers Readed
[22:06:22] 15 Messages Readed
[22:06:22] WorldServer start in 1617 ms.
[22:06:44] MySQL Database Connected
[22:06:44] 16 Breeds catched
[22:06:44] 256 Heads catched
[22:06:45] 11259 DofusMaps catched
[22:06:45] 15 Handlers Readed
[22:06:45] 15 Messages Readed
[22:06:45] WorldServer start in 1709 ms.
[22:07:15] MySQL Database Connected
[22:07:16] 16 Breeds catched
[22:07:16] 256 Heads catched
[22:07:16] 11259 DofusMaps catched
[22:07:17] 15 Handlers Readed
[22:07:17] 15 Messages Readed
[22:07:17] WorldServer start in 1602 ms.
[22:07:51] MySQL Database Connected
[22:07:51] 16 Breeds catched
[22:07:51] 256 Heads catched
[22:07:52] 11259 DofusMaps catched
[22:07:52] 15 Handlers Readed
[22:07:52] 15 Messages Readed
[22:07:53] WorldServer start in 1680 ms.
[22:08:24] MySQL Database Connected
[22:08:24] 16 Breeds catched
[22:08:24] 256 Heads catched
[22:08:25] 11259 DofusMaps catched
[22:08:25] 15 Handlers Readed
[22:08:25] 15 Messages Readed
[22:08:26] WorldServer start in 1671 ms.
[22:12:35] MySQL Database Connected
[22:12:35] 16 Breeds catched
[22:12:35] 256 Heads catched
[22:12:36] 11259 DofusMaps catched
[22:12:37] 15 Handlers Readed
[22:12:37] 15 Messages Readed
[22:12:37] WorldServer start in 1677 ms.
