[11:22:39] MySQL Database Connected
[11:22:39] 16 Breeds catched
[11:22:39] 256 Heads catched
[11:22:39] 561 Effects catched
[11:22:47] 11260 DofusMaps catched
[11:22:47] 169 StatedElements catched
[11:22:47] 323 InteractiveElements catched
[11:22:47] 15228 SpellLevels catched 
[11:22:47] 4772 Spells catched 
[11:22:47] 1179 LearnableSpells catched 
[11:22:48] 9780 ItemTemplates catched 
[11:22:48] 4489 Weapons catched 
[11:22:48] 363 ItemSets catched 
[11:22:48] 171 ItemTypes catched 
[11:22:48] 31 Handlers Readed
[11:22:48] 35 Messages Readed
[11:22:48] WorldServer start in 9523 ms.
[11:34:15] MySQL Database Connected
[11:34:15] 16 Breeds catched
[11:34:15] 256 Heads catched
[11:34:15] 561 Effects catched
[11:34:26] 11260 DofusMaps catched
[11:34:26] 169 StatedElements catched
[11:34:26] 323 InteractiveElements catched
[11:34:27] 15228 SpellLevels catched 
[11:34:27] 4772 Spells catched 
[11:34:27] 1179 LearnableSpells catched 
[11:34:27] 9780 ItemTemplates catched 
[11:34:27] 4489 Weapons catched 
[11:34:27] 363 ItemSets catched 
[11:34:27] 171 ItemTypes catched 
[11:34:27] 32 Handlers Readed
[11:34:28] 35 Messages Readed
[11:34:28] WorldServer start in 13171 ms.
[11:36:27] MySQL Database Connected
[11:36:27] 16 Breeds catched
[11:36:27] 256 Heads catched
[11:36:27] 561 Effects catched
[11:36:35] 11260 DofusMaps catched
[11:36:35] 169 StatedElements catched
[11:36:35] 323 InteractiveElements catched
[11:36:35] 15228 SpellLevels catched 
[11:36:35] 4772 Spells catched 
[11:36:35] 1179 LearnableSpells catched 
[11:36:36] 9780 ItemTemplates catched 
[11:36:36] 4489 Weapons catched 
[11:36:36] 363 ItemSets catched 
[11:36:36] 171 ItemTypes catched 
[11:36:36] 32 Handlers Readed
[11:36:36] 35 Messages Readed
[11:36:36] WorldServer start in 9841 ms.
[11:38:25] MySQL Database Connected
[11:38:26] 16 Breeds catched
[11:38:26] 256 Heads catched
[11:38:26] 561 Effects catched
[11:38:33] 11260 DofusMaps catched
[11:38:33] 169 StatedElements catched
[11:38:33] 323 InteractiveElements catched
[11:38:34] 15228 SpellLevels catched 
[11:38:34] 4772 Spells catched 
[11:38:34] 1179 LearnableSpells catched 
[11:38:34] 9780 ItemTemplates catched 
[11:38:34] 4489 Weapons catched 
[11:38:34] 363 ItemSets catched 
[11:38:34] 171 ItemTypes catched 
[11:38:35] 32 Handlers Readed
[11:38:35] 35 Messages Readed
[11:38:35] WorldServer start in 9562 ms.
[12:02:29] MySQL Database Connected
[12:02:29] 16 Breeds catched
[12:02:29] 256 Heads catched
[12:02:29] 561 Effects catched
[12:03:04] MySQL Database Connected
[12:03:04] 16 Breeds catched
[12:03:04] 256 Heads catched
[12:03:04] 561 Effects catched
[12:11:42] MySQL Database Connected
[12:11:42] 16 Breeds catched
[12:11:42] 256 Heads catched
[12:11:42] 561 Effects catched
[12:13:22] MySQL Database Connected
[12:13:22] 16 Breeds catched
[12:13:22] 256 Heads catched
[12:13:22] 561 Effects catched
[12:14:02] MySQL Database Connected
[12:14:02] 16 Breeds catched
[12:14:02] 256 Heads catched
[12:14:02] 561 Effects catched
[12:16:15] MySQL Database Connected
[12:16:15] 16 Breeds catched
[12:16:15] 256 Heads catched
[12:16:15] 561 Effects catched
[12:16:45] MySQL Database Connected
[12:16:45] 16 Breeds catched
[12:16:45] 256 Heads catched
[12:16:45] 561 Effects catched
[12:17:18] MySQL Database Connected
[12:17:18] 16 Breeds catched
[12:17:18] 256 Heads catched
[12:17:18] 561 Effects catched
[12:19:29] MySQL Database Connected
[12:19:29] 16 Breeds catched
[12:19:29] 256 Heads catched
[12:19:29] 561 Effects catched
[12:19:38] 11260 DofusMaps catched
[12:19:38] 169 StatedElements catched
[12:19:38] 323 InteractiveElements catched
[12:19:38] 15228 SpellLevels catched 
[12:19:38] 4772 Spells catched 
[12:19:38] 1179 LearnableSpells catched 
[12:19:38] 9780 ItemTemplates catched 
[12:19:39] 4489 Weapons catched 
[12:19:39] 363 ItemSets catched 
[12:19:39] 171 ItemTypes catched 
[12:19:39] 32 Handlers Readed
[12:19:39] 35 Messages Readed
[12:19:39] WorldServer start in 10128 ms.
[12:20:41] MySQL Database Connected
[12:20:41] 16 Breeds catched
[12:20:41] 256 Heads catched
[12:20:41] 561 Effects catched
[12:20:49] 11260 DofusMaps catched
[12:20:49] 169 StatedElements catched
[12:20:49] 323 InteractiveElements catched
[12:20:49] 15228 SpellLevels catched 
[12:20:50] 4772 Spells catched 
[12:20:50] 1179 LearnableSpells catched 
[12:20:50] 9780 ItemTemplates catched 
[12:20:50] 4489 Weapons catched 
[12:20:50] 363 ItemSets catched 
[12:20:50] 171 ItemTypes catched 
[12:20:50] 32 Handlers Readed
[12:20:51] 35 Messages Readed
[12:20:51] WorldServer start in 9931 ms.
[12:24:20] MySQL Database Connected
[12:24:20] 16 Breeds catched
[12:24:20] 256 Heads catched
[12:24:20] 561 Effects catched
[12:24:28] 11260 DofusMaps catched
[12:24:28] 169 StatedElements catched
[12:24:28] 323 InteractiveElements catched
[12:24:29] 15228 SpellLevels catched 
[12:24:29] 4772 Spells catched 
[12:24:29] 1179 LearnableSpells catched 
[12:24:29] 9780 ItemTemplates catched 
[12:24:29] 4489 Weapons catched 
[12:24:29] 363 ItemSets catched 
[12:24:29] 171 ItemTypes catched 
[12:24:29] 32 Handlers Readed
[12:24:30] 35 Messages Readed
[12:24:30] WorldServer start in 10351 ms.
[12:32:57] MySQL Database Connected
[12:32:57] 16 Breeds catched
[12:32:57] 256 Heads catched
[12:32:57] 561 Effects catched
[12:33:06] 11260 DofusMaps catched
[12:33:06] 169 StatedElements catched
[12:33:06] 323 InteractiveElements catched
[12:33:06] 15228 SpellLevels catched 
[12:33:06] 4772 Spells catched 
[12:33:06] 1179 LearnableSpells catched 
[12:33:06] 9780 ItemTemplates catched 
[12:33:06] 4489 Weapons catched 
[12:33:06] 363 ItemSets catched 
[12:33:06] 171 ItemTypes catched 
[12:33:07] 32 Handlers Readed
[12:33:07] 35 Messages Readed
[12:33:07] WorldServer start in 10397 ms.
[12:36:00] MySQL Database Connected
[12:36:01] 16 Breeds catched
[12:36:01] 256 Heads catched
[12:36:01] 561 Effects catched
[12:36:09] 11260 DofusMaps catched
[12:36:09] 169 StatedElements catched
[12:36:09] 323 InteractiveElements catched
[12:36:09] 15228 SpellLevels catched 
[12:36:09] 4772 Spells catched 
[12:36:09] 1179 LearnableSpells catched 
[12:36:09] 9780 ItemTemplates catched 
[12:36:09] 4489 Weapons catched 
[12:36:09] 363 ItemSets catched 
[12:36:09] 171 ItemTypes catched 
[12:36:10] 32 Handlers Readed
[12:36:10] 35 Messages Readed
[12:36:10] WorldServer start in 9855 ms.
[12:39:43] MySQL Database Connected
[12:39:43] 16 Breeds catched
[12:39:43] 256 Heads catched
[12:39:43] 561 Effects catched
[12:39:53] 11260 DofusMaps catched
[12:39:53] 169 StatedElements catched
[12:39:53] 323 InteractiveElements catched
[12:39:53] 15228 SpellLevels catched 
[12:39:53] 4772 Spells catched 
[12:39:53] 1179 LearnableSpells catched 
[12:39:54] 9780 ItemTemplates catched 
[12:39:54] 4489 Weapons catched 
[12:39:54] 363 ItemSets catched 
[12:39:54] 171 ItemTypes catched 
[12:39:54] 32 Handlers Readed
[12:39:54] 35 Messages Readed
[12:39:54] WorldServer start in 11703 ms.
[12:53:08] MySQL Database Connected
[12:53:08] 16 Breeds catched
[12:53:08] 256 Heads catched
[12:53:08] 561 Effects catched
[12:53:16] 11260 DofusMaps catched
[12:53:16] 169 StatedElements catched
[12:53:16] 323 InteractiveElements catched
[12:53:16] 15228 SpellLevels catched 
[12:53:17] 4772 Spells catched 
[12:53:17] 1179 LearnableSpells catched 
[12:53:17] 9780 ItemTemplates catched 
[12:53:17] 4489 Weapons catched 
[12:53:17] 363 ItemSets catched 
[12:53:17] 171 ItemTypes catched 
[12:53:17] 32 Handlers Readed
[12:53:17] 35 Messages Readed
[12:53:18] WorldServer start in 9408 ms.
[21:16:30] MySQL Database Connected
[21:16:30] 16 Breeds catched
[21:16:30] 256 Heads catched
[21:16:30] 561 Effects catched
[21:16:39] 11260 DofusMaps catched
[21:16:39] 169 StatedElements catched
[21:16:39] 323 InteractiveElements catched
[21:16:39] 15228 SpellLevels catched 
[21:16:40] 4772 Spells catched 
[21:16:40] 1179 LearnableSpells catched 
[21:16:40] 9780 ItemTemplates catched 
[21:16:41] 4489 Weapons catched 
[21:16:41] 363 ItemSets catched 
[21:16:41] 171 ItemTypes catched 
[21:16:41] 32 Handlers Readed
[21:16:41] 35 Messages Readed
[21:16:42] WorldServer start in 11798 ms.
[22:02:10] MySQL Database Connected
[22:02:10] 16 Breeds catched
[22:02:10] 256 Heads catched
[22:02:10] 561 Effects catched
[22:02:20] 11260 DofusMaps catched
[22:02:20] 169 StatedElements catched
[22:02:20] 323 InteractiveElements catched
[22:02:21] 15228 SpellLevels catched 
[22:02:21] 4772 Spells catched 
[22:02:21] 1179 LearnableSpells catched 
[22:02:21] 9780 ItemTemplates catched 
[22:02:21] 4489 Weapons catched 
[22:02:21] 363 ItemSets catched 
[22:02:21] 171 ItemTypes catched 
[22:02:22] 32 Handlers Readed
[22:02:22] 35 Messages Readed
[22:02:22] WorldServer start in 11884 ms.
[22:05:34] MySQL Database Connected
[22:05:34] 16 Breeds catched
[22:05:34] 256 Heads catched
[22:05:34] 561 Effects catched
[22:05:43] 11260 DofusMaps catched
[22:05:43] 169 StatedElements catched
[22:05:43] 323 InteractiveElements catched
[22:05:43] 15228 SpellLevels catched 
[22:05:44] 4772 Spells catched 
[22:05:44] 1179 LearnableSpells catched 
[22:05:44] 9780 ItemTemplates catched 
[22:05:44] 4489 Weapons catched 
[22:05:44] 363 ItemSets catched 
[22:05:44] 171 ItemTypes catched 
[22:05:44] 32 Handlers Readed
[22:05:44] 35 Messages Readed
[22:05:45] WorldServer start in 10582 ms.
[22:08:47] MySQL Database Connected
[22:08:47] 16 Breeds catched
[22:08:47] 256 Heads catched
[22:08:47] 561 Effects catched
[22:08:55] 11260 DofusMaps catched
[22:08:55] 169 StatedElements catched
[22:08:55] 323 InteractiveElements catched
[22:08:55] 15228 SpellLevels catched 
[22:08:55] 4772 Spells catched 
[22:08:55] 1179 LearnableSpells catched 
[22:08:56] 9780 ItemTemplates catched 
[22:08:56] 4489 Weapons catched 
[22:08:56] 363 ItemSets catched 
[22:08:56] 171 ItemTypes catched 
[22:08:56] 32 Handlers Readed
[22:08:56] 35 Messages Readed
[22:08:56] WorldServer start in 9334 ms.
[22:14:54] MySQL Database Connected
[22:14:54] 16 Breeds catched
[22:14:54] 256 Heads catched
[22:14:54] 561 Effects catched
[22:15:04] 11260 DofusMaps catched
[22:15:05] 169 StatedElements catched
[22:15:05] 323 InteractiveElements catched
[22:15:05] 15228 SpellLevels catched 
[22:15:05] 4772 Spells catched 
[22:15:05] 1179 LearnableSpells catched 
[22:15:05] 9780 ItemTemplates catched 
[22:15:05] 4489 Weapons catched 
[22:15:05] 363 ItemSets catched 
[22:15:05] 171 ItemTypes catched 
[22:15:06] 32 Handlers Readed
[22:15:06] 35 Messages Readed
[22:15:06] WorldServer start in 12116 ms.
[22:18:24] MySQL Database Connected
[22:18:24] 16 Breeds catched
[22:18:24] 256 Heads catched
[22:18:24] 561 Effects catched
[22:18:32] 11260 DofusMaps catched
[22:18:32] 169 StatedElements catched
[22:18:32] 323 InteractiveElements catched
[22:18:32] 15228 SpellLevels catched 
[22:18:32] 4772 Spells catched 
[22:18:32] 1179 LearnableSpells catched 
[22:18:32] 9780 ItemTemplates catched 
[22:18:32] 4489 Weapons catched 
[22:18:32] 363 ItemSets catched 
[22:18:32] 171 ItemTypes catched 
[22:18:33] 32 Handlers Readed
[22:18:33] 35 Messages Readed
[22:18:33] WorldServer start in 9426 ms.
[22:21:19] MySQL Database Connected
[22:21:19] 16 Breeds catched
[22:21:19] 256 Heads catched
[22:21:19] 561 Effects catched
[22:21:27] 11260 DofusMaps catched
[22:21:27] 169 StatedElements catched
[22:21:27] 323 InteractiveElements catched
[22:21:28] 15228 SpellLevels catched 
[22:21:28] 4772 Spells catched 
[22:21:28] 1179 LearnableSpells catched 
[22:21:28] 9780 ItemTemplates catched 
[22:21:28] 4489 Weapons catched 
[22:21:29] 363 ItemSets catched 
[22:21:29] 171 ItemTypes catched 
[22:21:29] 32 Handlers Readed
[22:21:29] 35 Messages Readed
[22:21:29] WorldServer start in 10337 ms.
[22:25:16] MySQL Database Connected
[22:25:16] 16 Breeds catched
[22:25:16] 256 Heads catched
[22:25:16] 561 Effects catched
[22:25:24] 11260 DofusMaps catched
[22:25:24] 169 StatedElements catched
[22:25:24] 323 InteractiveElements catched
[22:25:25] 15228 SpellLevels catched 
[22:25:25] 4772 Spells catched 
[22:25:25] 1179 LearnableSpells catched 
[22:25:25] 9780 ItemTemplates catched 
[22:25:25] 4489 Weapons catched 
[22:25:25] 363 ItemSets catched 
[22:25:25] 171 ItemTypes catched 
[22:25:26] 32 Handlers Readed
[22:25:26] 35 Messages Readed
[22:25:26] WorldServer start in 9958 ms.
[22:32:26] MySQL Database Connected
[22:32:26] 16 Breeds catched
[22:32:26] 256 Heads catched
[22:32:26] 561 Effects catched
[22:32:35] 11260 DofusMaps catched
[22:32:35] 169 StatedElements catched
[22:32:35] 323 InteractiveElements catched
[22:32:35] 15228 SpellLevels catched 
[22:32:35] 4772 Spells catched 
[22:32:35] 1179 LearnableSpells catched 
[22:32:35] 9780 ItemTemplates catched 
[22:32:36] 4489 Weapons catched 
[22:32:36] 363 ItemSets catched 
[22:32:36] 171 ItemTypes catched 
[22:32:36] 32 Handlers Readed
[22:32:36] 35 Messages Readed
[22:32:36] WorldServer start in 10568 ms.
[22:37:48] MySQL Database Connected
[22:37:48] 16 Breeds catched
[22:37:48] 256 Heads catched
[22:37:48] 561 Effects catched
[22:37:56] 11260 DofusMaps catched
[22:37:56] 169 StatedElements catched
[22:37:56] 323 InteractiveElements catched
[22:37:56] 15228 SpellLevels catched 
[22:37:56] 4772 Spells catched 
[22:37:56] 1179 LearnableSpells catched 
[22:37:56] 9780 ItemTemplates catched 
[22:37:56] 4489 Weapons catched 
[22:37:56] 363 ItemSets catched 
[22:37:56] 171 ItemTypes catched 
[22:37:57] 32 Handlers Readed
[22:37:57] 35 Messages Readed
[22:37:57] WorldServer start in 9106 ms.
[22:38:08] MySQL Database Connected
[22:38:08] 16 Breeds catched
[22:38:08] 256 Heads catched
[22:38:08] 561 Effects catched
[22:38:16] 11260 DofusMaps catched
[22:38:16] 169 StatedElements catched
[22:38:16] 323 InteractiveElements catched
[22:38:16] 15228 SpellLevels catched 
[22:38:16] 4772 Spells catched 
[22:38:16] 1179 LearnableSpells catched 
[22:38:16] 9780 ItemTemplates catched 
[22:38:16] 4489 Weapons catched 
[22:38:16] 363 ItemSets catched 
[22:38:16] 171 ItemTypes catched 
[22:38:17] 32 Handlers Readed
[22:38:17] 35 Messages Readed
[22:38:17] WorldServer start in 9189 ms.
[22:46:43] MySQL Database Connected
[22:46:43] 16 Breeds catched
[22:46:43] 256 Heads catched
[22:46:43] 561 Effects catched
[22:46:51] 11260 DofusMaps catched
[22:46:51] 169 StatedElements catched
[22:46:51] 323 InteractiveElements catched
[22:46:51] 15228 SpellLevels catched 
[22:46:51] 4772 Spells catched 
[22:46:51] 1179 LearnableSpells catched 
[22:46:52] 9780 ItemTemplates catched 
[22:46:52] 4489 Weapons catched 
[22:46:52] 363 ItemSets catched 
[22:46:52] 171 ItemTypes catched 
[22:46:52] 32 Handlers Readed
[22:46:52] 35 Messages Readed
[22:46:52] WorldServer start in 9428 ms.
[22:49:27] MySQL Database Connected
[22:49:27] 16 Breeds catched
[22:49:27] 256 Heads catched
[22:49:27] 561 Effects catched
[22:49:35] 11260 DofusMaps catched
[22:49:35] 169 StatedElements catched
[22:49:35] 323 InteractiveElements catched
[22:49:35] 15228 SpellLevels catched 
[22:49:35] 4772 Spells catched 
[22:49:35] 1179 LearnableSpells catched 
[22:49:35] 9780 ItemTemplates catched 
[22:49:36] 4489 Weapons catched 
[22:49:36] 363 ItemSets catched 
[22:49:36] 171 ItemTypes catched 
[22:49:36] 32 Handlers Readed
[22:49:36] 35 Messages Readed
[22:49:36] WorldServer start in 9440 ms.
[22:58:16] MySQL Database Connected
[22:58:16] 16 Breeds catched
[22:58:16] 256 Heads catched
[22:58:16] 561 Effects catched
[22:58:24] 11260 DofusMaps catched
[22:58:24] 169 StatedElements catched
[22:58:24] 323 InteractiveElements catched
[22:58:24] 15228 SpellLevels catched 
[22:58:24] 4772 Spells catched 
[22:58:24] 1179 LearnableSpells catched 
[22:58:24] 9780 ItemTemplates catched 
[22:58:24] 4489 Weapons catched 
[22:58:25] 363 ItemSets catched 
[22:58:25] 171 ItemTypes catched 
[22:58:25] 32 Handlers Readed
[22:58:25] 35 Messages Readed
[22:58:25] WorldServer start in 9747 ms.
