[18:28:38] MySQL Database Connected
[18:28:38] 16 Breeds catched
[18:28:38] 256 Heads catched
[18:28:38] 561 Effects catched
[18:28:45] 11260 DofusMaps catched
[18:28:45] 454 StatedElements catched
[18:28:46] 802 InteractiveElements catched
[18:28:46] 74 HouseInformations catched
[18:28:46] 118 InteractiveDoors catched
[18:28:46] 16 Triggers catched
[18:28:46] 3614 MapPositions uncatched
[18:28:46] 14681 MapPositions catched
[18:28:46] 42 MapZaaps catched
[18:28:46] 15228 SpellLevels catched 
[18:28:46] 4772 Spells catched 
[18:28:46] 1179 LearnableSpells catched 
[18:28:47] 9780 ItemTemplates catched 
[18:28:47] 4489 Weapons catched 
[18:28:47] 363 ItemSets catched 
[18:28:47] 171 ItemTypes catched 
[18:28:47] 2476 NpcTemplates catched 
[18:28:47] 137 NpcSpawns catched 
[18:28:47] 22 NpcItems catched 
[18:28:49] 40 Handlers Readed
[18:28:49] 46 Messages Readed
[18:28:50] WorldServer start in 12229 ms.
[18:32:18] MySQL Database Connected
[18:32:18] 16 Breeds catched
[18:32:18] 256 Heads catched
[18:32:18] 561 Effects catched
[18:32:26] 11260 DofusMaps catched
[18:32:26] 454 StatedElements catched
[18:32:26] 802 InteractiveElements catched
[18:32:26] 74 HouseInformations catched
[18:32:26] 118 InteractiveDoors catched
[18:32:26] 16 Triggers catched
[18:32:26] 3614 MapPositions uncatched
[18:32:26] 14681 MapPositions catched
[18:32:26] 42 MapZaaps catched
[18:32:26] 15228 SpellLevels catched 
[18:32:27] 4772 Spells catched 
[18:32:27] 1179 LearnableSpells catched 
[18:32:27] 9780 ItemTemplates catched 
[18:32:27] 4489 Weapons catched 
[18:32:27] 363 ItemSets catched 
[18:32:27] 171 ItemTypes catched 
[18:32:27] 2476 NpcTemplates catched 
[18:32:27] 137 NpcSpawns catched 
[18:32:27] 22 NpcItems catched 
[18:32:28] 40 Handlers Readed
[18:32:28] 46 Messages Readed
[18:32:28] WorldServer start in 9793 ms.
[18:34:27] MySQL Database Connected
[18:34:27] 16 Breeds catched
[18:34:27] 256 Heads catched
[18:34:27] 561 Effects catched
[18:34:36] 11260 DofusMaps catched
[18:34:36] 454 StatedElements catched
[18:34:36] 802 InteractiveElements catched
[18:34:36] 74 HouseInformations catched
[18:34:36] 118 InteractiveDoors catched
[18:34:36] 16 Triggers catched
[18:34:37] 3614 MapPositions uncatched
[18:34:37] 14681 MapPositions catched
[18:34:37] 42 MapZaaps catched
[18:34:37] 15228 SpellLevels catched 
[18:34:37] 4772 Spells catched 
[18:34:37] 1179 LearnableSpells catched 
[18:34:37] 9780 ItemTemplates catched 
[18:34:37] 4489 Weapons catched 
[18:34:37] 363 ItemSets catched 
[18:34:37] 171 ItemTypes catched 
[18:34:38] 2476 NpcTemplates catched 
[18:34:38] 137 NpcSpawns catched 
[18:34:38] 22 NpcItems catched 
[18:34:38] 40 Handlers Readed
[18:34:38] 46 Messages Readed
[18:34:38] WorldServer start in 11574 ms.
[18:35:33] MySQL Database Connected
[18:35:33] 16 Breeds catched
[18:35:33] 256 Heads catched
[18:35:33] 561 Effects catched
[18:35:41] 11260 DofusMaps catched
[18:35:41] 454 StatedElements catched
[18:35:41] 802 InteractiveElements catched
[18:35:41] 74 HouseInformations catched
[18:35:41] 118 InteractiveDoors catched
[18:35:41] 16 Triggers catched
[18:35:41] 3614 MapPositions uncatched
[18:35:41] 14681 MapPositions catched
[18:35:41] 42 MapZaaps catched
[18:35:42] 15228 SpellLevels catched 
[18:35:42] 4772 Spells catched 
[18:35:42] 1179 LearnableSpells catched 
[18:35:42] 9780 ItemTemplates catched 
[18:35:42] 4489 Weapons catched 
[18:35:42] 363 ItemSets catched 
[18:35:42] 171 ItemTypes catched 
[18:35:42] 2476 NpcTemplates catched 
[18:35:42] 137 NpcSpawns catched 
[18:35:42] 22 NpcItems catched 
[18:35:43] 40 Handlers Readed
[18:35:43] 46 Messages Readed
[18:35:43] WorldServer start in 10590 ms.
[19:12:14] MySQL Database Connected
[19:12:14] 16 Breeds catched
[19:12:14] 256 Heads catched
[19:12:14] 561 Effects catched
[19:13:13] 11260 DofusMaps catched
[19:13:13] 454 StatedElements catched
[19:13:13] 802 InteractiveElements catched
[19:13:13] 74 HouseInformations catched
[19:13:13] 118 InteractiveDoors catched
[19:13:13] 16 Triggers catched
[19:13:14] 3614 MapPositions uncatched
[19:13:14] 14681 MapPositions catched
[19:13:14] 42 MapZaaps catched
[19:13:14] 15228 SpellLevels catched 
[19:13:14] 4772 Spells catched 
[19:13:14] 1179 LearnableSpells catched 
[19:13:14] 9780 ItemTemplates catched 
[19:13:15] 4489 Weapons catched 
[19:13:15] 363 ItemSets catched 
[19:13:15] 171 ItemTypes catched 
[19:13:15] 2476 NpcTemplates catched 
[19:13:15] 137 NpcSpawns catched 
[19:13:15] 22 NpcItems catched 
[19:13:15] 41 Handlers Readed
[19:13:16] 47 Messages Readed
[19:13:16] WorldServer start in 61712 ms.
[19:26:24] MySQL Database Connected
[19:26:24] 16 Breeds catched
[19:26:24] 256 Heads catched
[19:26:24] 561 Effects catched
[19:26:32] 11260 DofusMaps catched
[19:26:32] 454 StatedElements catched
[19:26:32] 802 InteractiveElements catched
[19:26:32] 74 HouseInformations catched
[19:26:32] 118 InteractiveDoors catched
[19:26:33] 16 Triggers catched
[19:26:33] 3614 MapPositions uncatched
[19:26:33] 14681 MapPositions catched
[19:26:33] 42 MapZaaps catched
[19:26:33] 15228 SpellLevels catched 
[19:26:33] 4772 Spells catched 
[19:26:33] 1179 LearnableSpells catched 
[19:26:33] 9780 ItemTemplates catched 
[19:26:34] 4489 Weapons catched 
[19:26:34] 363 ItemSets catched 
[19:26:34] 171 ItemTypes catched 
[19:26:34] 2476 NpcTemplates catched 
[19:26:34] 137 NpcSpawns catched 
[19:26:34] 22 NpcItems catched 
[19:26:34] 41 Handlers Readed
[19:26:35] 47 Messages Readed
[19:26:35] WorldServer start in 10974 ms.
[19:27:54] MySQL Database Connected
[19:27:54] 16 Breeds catched
[19:27:54] 256 Heads catched
[19:27:54] 561 Effects catched
[19:28:02] 11260 DofusMaps catched
[19:28:02] 454 StatedElements catched
[19:28:02] 802 InteractiveElements catched
[19:28:02] 74 HouseInformations catched
[19:28:02] 118 InteractiveDoors catched
[19:28:02] 16 Triggers catched
[19:28:02] 3614 MapPositions uncatched
[19:28:02] 14681 MapPositions catched
[19:28:02] 42 MapZaaps catched
[19:28:03] 15228 SpellLevels catched 
[19:28:03] 4772 Spells catched 
[19:28:03] 1179 LearnableSpells catched 
[19:28:03] 9780 ItemTemplates catched 
[19:28:03] 4489 Weapons catched 
[19:28:03] 363 ItemSets catched 
[19:28:03] 171 ItemTypes catched 
[19:28:03] 2476 NpcTemplates catched 
[19:28:03] 137 NpcSpawns catched 
[19:28:03] 22 NpcItems catched 
[19:28:04] 41 Handlers Readed
[19:28:04] 47 Messages Readed
[19:28:04] WorldServer start in 9821 ms.
[19:36:19] MySQL Database Connected
[19:36:19] 16 Breeds catched
[19:36:19] 256 Heads catched
[19:36:19] 561 Effects catched
[19:36:28] 11260 DofusMaps catched
[19:36:28] 454 StatedElements catched
[19:36:28] 802 InteractiveElements catched
[19:36:28] 74 HouseInformations catched
[19:36:28] 118 InteractiveDoors catched
[19:36:28] 16 Triggers catched
[19:36:28] 3614 MapPositions uncatched
[19:36:28] 14681 MapPositions catched
[19:36:28] 42 MapZaaps catched
[19:36:29] 15228 SpellLevels catched 
[19:36:29] 4772 Spells catched 
[19:36:29] 1179 LearnableSpells catched 
[19:36:29] 9780 ItemTemplates catched 
[19:36:29] 4489 Weapons catched 
[19:36:29] 363 ItemSets catched 
[19:36:29] 171 ItemTypes catched 
[19:36:29] 2476 NpcTemplates catched 
[19:36:29] 137 NpcSpawns catched 
[19:36:30] 22 NpcItems catched 
[19:36:30] 41 Handlers Readed
[19:36:30] 47 Messages Readed
[19:36:30] WorldServer start in 11253 ms.
[19:47:21] MySQL Database Connected
[19:47:21] 16 Breeds catched
[19:47:21] 256 Heads catched
[19:47:21] 561 Effects catched
[19:47:30] 11260 DofusMaps catched
[19:47:30] 454 StatedElements catched
[19:47:30] 802 InteractiveElements catched
[19:47:30] 74 HouseInformations catched
[19:47:30] 118 InteractiveDoors catched
[19:47:30] 16 Triggers catched
[19:47:31] 3614 MapPositions uncatched
[19:47:31] 14681 MapPositions catched
[19:47:31] 42 MapZaaps catched
[19:47:31] 15228 SpellLevels catched 
[19:47:31] 4772 Spells catched 
[19:47:31] 1179 LearnableSpells catched 
[19:47:31] 9780 ItemTemplates catched 
[19:47:31] 4489 Weapons catched 
[19:47:31] 363 ItemSets catched 
[19:47:31] 171 ItemTypes catched 
[19:47:32] 2476 NpcTemplates catched 
[19:47:32] 137 NpcSpawns catched 
[19:47:32] 22 NpcItems catched 
[19:47:32] 41 Handlers Readed
[19:47:32] 47 Messages Readed
[19:47:32] WorldServer start in 11319 ms.
[19:49:28] MySQL Database Connected
[19:49:28] 16 Breeds catched
[19:49:28] 256 Heads catched
[19:49:28] 561 Effects catched
[19:49:36] 11260 DofusMaps catched
[19:49:36] 454 StatedElements catched
[19:49:36] 802 InteractiveElements catched
[19:49:36] 74 HouseInformations catched
[19:49:36] 118 InteractiveDoors catched
[19:49:36] 16 Triggers catched
[19:49:36] 3614 MapPositions uncatched
[19:49:36] 14681 MapPositions catched
[19:49:36] 42 MapZaaps catched
[19:49:36] 15228 SpellLevels catched 
[19:49:36] 4772 Spells catched 
[19:49:36] 1179 LearnableSpells catched 
[19:49:36] 9780 ItemTemplates catched 
[19:49:37] 4489 Weapons catched 
[19:49:37] 363 ItemSets catched 
[19:49:37] 171 ItemTypes catched 
[19:49:37] 2476 NpcTemplates catched 
[19:49:37] 137 NpcSpawns catched 
[19:49:37] 22 NpcItems catched 
[19:49:37] 41 Handlers Readed
[19:49:38] 47 Messages Readed
[19:49:38] WorldServer start in 10001 ms.
[20:30:27] MySQL Database Connected
[20:30:27] 16 Breeds catched
[20:30:27] 256 Heads catched
[20:30:27] 561 Effects catched
[20:30:38] 11260 DofusMaps catched
[20:30:38] 454 StatedElements catched
[20:30:38] 802 InteractiveElements catched
[20:30:38] 74 HouseInformations catched
[20:30:38] 118 InteractiveDoors catched
[20:30:38] 16 Triggers catched
[20:30:39] 3614 MapPositions uncatched
[20:30:39] 14681 MapPositions catched
[20:30:39] 42 MapZaaps catched
[20:30:39] 15228 SpellLevels catched 
[20:30:39] 4772 Spells catched 
[20:30:39] 1179 LearnableSpells catched 
[20:30:39] 9780 ItemTemplates catched 
[20:30:39] 4489 Weapons catched 
[20:30:39] 363 ItemSets catched 
[20:30:39] 171 ItemTypes catched 
[20:30:40] 2476 NpcTemplates catched 
[20:30:40] 137 NpcSpawns catched 
[20:30:40] 22 NpcItems catched 
[20:30:40] 42 Handlers Readed
[20:30:40] 48 Messages Readed
[20:30:40] WorldServer start in 14056 ms.
