[12:59:09] MySQL Database Connected
[12:59:09] 16 Breeds catched
[12:59:09] 256 Heads catched
[12:59:09] 561 Effects catched
[12:59:17] 11260 DofusMaps catched
[12:59:17] 169 StatedElements catched
[12:59:17] 323 InteractiveElements catched
[12:59:18] 15228 SpellLevels catched 
[12:59:18] 4772 Spells catched 
[12:59:18] 1179 LearnableSpells catched 
[12:59:18] 9780 ItemTemplates catched 
[12:59:18] 4489 Weapons catched 
[12:59:18] 363 ItemSets catched 
[12:59:18] 171 ItemTypes catched 
[12:59:19] 33 Handlers Readed
[12:59:19] 37 Messages Readed
[12:59:19] WorldServer start in 9783 ms.
[14:18:44] MySQL Database Connected
[14:18:44] 16 Breeds catched
[14:18:44] 256 Heads catched
[14:18:44] 561 Effects catched
[14:18:53] 11260 DofusMaps catched
[14:18:53] 169 StatedElements catched
[14:18:53] 323 InteractiveElements catched
[14:18:53] 15228 SpellLevels catched 
[14:18:53] 4772 Spells catched 
[14:18:53] 1179 LearnableSpells catched 
[14:18:54] 9780 ItemTemplates catched 
[14:18:54] 4489 Weapons catched 
[14:18:54] 363 ItemSets catched 
[14:18:54] 171 ItemTypes catched 
[14:18:54] 33 Handlers Readed
[14:18:54] 37 Messages Readed
[14:18:54] WorldServer start in 11011 ms.
[14:35:23] MySQL Database Connected
[14:35:23] 16 Breeds catched
[14:35:23] 256 Heads catched
[14:35:23] 561 Effects catched
[14:35:33] 11260 DofusMaps catched
[14:35:33] 169 StatedElements catched
[14:35:33] 323 InteractiveElements catched
[14:35:33] 15228 SpellLevels catched 
[14:35:33] 4772 Spells catched 
[14:35:33] 1179 LearnableSpells catched 
[14:35:34] 9780 ItemTemplates catched 
[14:35:34] 4489 Weapons catched 
[14:35:34] 363 ItemSets catched 
[14:35:34] 171 ItemTypes catched 
[14:35:34] 33 Handlers Readed
[14:35:34] 37 Messages Readed
[14:35:34] WorldServer start in 12057 ms.
[14:38:54] MySQL Database Connected
[14:38:54] 16 Breeds catched
[14:38:54] 256 Heads catched
[14:38:54] 561 Effects catched
[14:39:02] 11260 DofusMaps catched
[14:39:02] 169 StatedElements catched
[14:39:02] 323 InteractiveElements catched
[14:39:02] 15228 SpellLevels catched 
[14:39:02] 4772 Spells catched 
[14:39:02] 1179 LearnableSpells catched 
[14:39:03] 9780 ItemTemplates catched 
[14:39:03] 4489 Weapons catched 
[14:39:03] 363 ItemSets catched 
[14:39:03] 171 ItemTypes catched 
[14:39:03] 33 Handlers Readed
[14:39:03] 37 Messages Readed
[14:39:03] WorldServer start in 10018 ms.
[14:40:35] MySQL Database Connected
[14:40:35] 16 Breeds catched
[14:40:35] 256 Heads catched
[14:40:35] 561 Effects catched
[14:40:44] 11260 DofusMaps catched
[14:40:44] 169 StatedElements catched
[14:40:44] 323 InteractiveElements catched
[14:40:44] 15228 SpellLevels catched 
[14:40:44] 4772 Spells catched 
[14:40:44] 1179 LearnableSpells catched 
[14:40:44] 9780 ItemTemplates catched 
[14:40:44] 4489 Weapons catched 
[14:40:44] 363 ItemSets catched 
[14:40:44] 171 ItemTypes catched 
[14:40:45] 33 Handlers Readed
[14:40:45] 37 Messages Readed
[14:40:45] WorldServer start in 10042 ms.
[21:32:01] MySQL Database Connected
[21:32:01] 16 Breeds catched
[21:32:01] 256 Heads catched
[21:32:01] 561 Effects catched
[21:32:08] 11260 DofusMaps catched
[21:32:09] 169 StatedElements catched
[21:32:09] 323 InteractiveElements catched
[21:32:09] 15228 SpellLevels catched 
[21:32:09] 4772 Spells catched 
[21:32:09] 1179 LearnableSpells catched 
[21:32:09] 9780 ItemTemplates catched 
[21:32:09] 4489 Weapons catched 
[21:32:09] 363 ItemSets catched 
[21:32:09] 171 ItemTypes catched 
[21:32:10] 33 Handlers Readed
[21:32:10] 37 Messages Readed
[21:32:10] WorldServer start in 9556 ms.
[21:33:57] MySQL Database Connected
[21:33:57] 16 Breeds catched
[21:33:57] 256 Heads catched
[21:33:57] 561 Effects catched
[21:34:05] 11260 DofusMaps catched
[21:34:05] 169 StatedElements catched
[21:34:05] 323 InteractiveElements catched
[21:34:05] 15228 SpellLevels catched 
[21:34:05] 4772 Spells catched 
[21:34:05] 1179 LearnableSpells catched 
[21:34:05] 9780 ItemTemplates catched 
[21:34:05] 4489 Weapons catched 
[21:34:05] 363 ItemSets catched 
[21:34:05] 171 ItemTypes catched 
[21:34:06] 33 Handlers Readed
[21:34:06] 37 Messages Readed
[21:34:06] WorldServer start in 9573 ms.
[21:38:10] MySQL Database Connected
[21:38:10] 16 Breeds catched
[21:38:10] 256 Heads catched
[21:38:10] 561 Effects catched
[21:38:18] 11260 DofusMaps catched
[21:38:18] 169 StatedElements catched
[21:38:18] 323 InteractiveElements catched
[21:38:18] 15228 SpellLevels catched 
[21:38:18] 4772 Spells catched 
[21:38:18] 1179 LearnableSpells catched 
[21:38:19] 9780 ItemTemplates catched 
[21:38:19] 4489 Weapons catched 
[21:38:19] 363 ItemSets catched 
[21:38:19] 171 ItemTypes catched 
[21:38:19] 33 Handlers Readed
[21:38:19] 37 Messages Readed
[21:38:19] WorldServer start in 9376 ms.
[21:39:36] MySQL Database Connected
[21:39:36] 16 Breeds catched
[21:39:36] 256 Heads catched
[21:39:36] 561 Effects catched
[21:39:43] 11260 DofusMaps catched
[21:39:43] 169 StatedElements catched
[21:39:43] 323 InteractiveElements catched
[21:39:44] 15228 SpellLevels catched 
[21:39:44] 4772 Spells catched 
[21:39:44] 1179 LearnableSpells catched 
[21:39:44] 9780 ItemTemplates catched 
[21:39:44] 4489 Weapons catched 
[21:39:45] 363 ItemSets catched 
[21:39:45] 171 ItemTypes catched 
[21:39:45] 33 Handlers Readed
[21:39:45] 37 Messages Readed
[21:39:45] WorldServer start in 9435 ms.
[21:47:20] MySQL Database Connected
[21:47:20] 16 Breeds catched
[21:47:20] 256 Heads catched
[21:47:20] 561 Effects catched
[21:47:29] 11260 DofusMaps catched
[21:47:29] 169 StatedElements catched
[21:47:29] 323 InteractiveElements catched
[21:47:31] 15228 SpellLevels catched 
[21:47:32] 4772 Spells catched 
[21:47:32] 1179 LearnableSpells catched 
[21:47:33] 9780 ItemTemplates catched 
[21:47:35] 4489 Weapons catched 
[21:47:36] 363 ItemSets catched 
[21:47:36] 171 ItemTypes catched 
[21:47:37] 33 Handlers Readed
[21:47:37] 37 Messages Readed
[21:47:37] WorldServer start in 17094 ms.
[21:58:51] MySQL Database Connected
[21:58:51] 16 Breeds catched
[21:58:51] 256 Heads catched
[21:58:51] 561 Effects catched
[21:58:59] 11260 DofusMaps catched
[21:58:59] 169 StatedElements catched
[21:58:59] 323 InteractiveElements catched
[21:58:59] 15228 SpellLevels catched 
[21:58:59] 4772 Spells catched 
[21:58:59] 1179 LearnableSpells catched 
[21:58:59] 9780 ItemTemplates catched 
[21:59:00] 4489 Weapons catched 
[21:59:00] 363 ItemSets catched 
[21:59:00] 171 ItemTypes catched 
[21:59:00] 33 Handlers Readed
[21:59:00] 37 Messages Readed
[21:59:00] WorldServer start in 9425 ms.
[22:03:47] MySQL Database Connected
[22:03:47] 16 Breeds catched
[22:03:47] 256 Heads catched
[22:03:47] 561 Effects catched
[22:03:55] 11260 DofusMaps catched
[22:03:55] 169 StatedElements catched
[22:03:55] 323 InteractiveElements catched
[22:03:55] 15228 SpellLevels catched 
[22:03:55] 4772 Spells catched 
[22:03:55] 1179 LearnableSpells catched 
[22:03:56] 9780 ItemTemplates catched 
[22:03:56] 4489 Weapons catched 
[22:03:56] 363 ItemSets catched 
[22:03:56] 171 ItemTypes catched 
[22:03:56] 33 Handlers Readed
[22:03:56] 37 Messages Readed
[22:03:56] WorldServer start in 9979 ms.
[22:10:26] MySQL Database Connected
[22:10:26] 16 Breeds catched
[22:10:26] 256 Heads catched
[22:10:26] 561 Effects catched
[22:10:34] 11260 DofusMaps catched
[22:10:34] 169 StatedElements catched
[22:10:34] 323 InteractiveElements catched
[22:10:34] 15228 SpellLevels catched 
[22:10:34] 4772 Spells catched 
[22:10:34] 1179 LearnableSpells catched 
[22:10:35] 9780 ItemTemplates catched 
[22:10:35] 4489 Weapons catched 
[22:10:35] 363 ItemSets catched 
[22:10:35] 171 ItemTypes catched 
[22:10:35] 33 Handlers Readed
[22:10:35] 37 Messages Readed
[22:10:35] WorldServer start in 9469 ms.
[22:12:46] MySQL Database Connected
[22:12:46] 16 Breeds catched
[22:12:46] 256 Heads catched
[22:12:46] 561 Effects catched
[22:12:54] 11260 DofusMaps catched
[22:12:54] 169 StatedElements catched
[22:12:54] 323 InteractiveElements catched
[22:12:54] 15228 SpellLevels catched 
[22:12:54] 4772 Spells catched 
[22:12:54] 1179 LearnableSpells catched 
[22:12:54] 9780 ItemTemplates catched 
[22:12:54] 4489 Weapons catched 
[22:12:54] 363 ItemSets catched 
[22:12:54] 171 ItemTypes catched 
[22:12:55] 33 Handlers Readed
[22:12:55] 37 Messages Readed
[22:12:55] WorldServer start in 9306 ms.
[22:17:20] MySQL Database Connected
[22:17:20] 16 Breeds catched
[22:17:20] 256 Heads catched
[22:17:20] 561 Effects catched
[22:17:30] 11260 DofusMaps catched
[22:17:30] 169 StatedElements catched
[22:17:30] 323 InteractiveElements catched
[22:17:30] 15228 SpellLevels catched 
[22:17:30] 4772 Spells catched 
[22:17:30] 1179 LearnableSpells catched 
[22:17:31] 9780 ItemTemplates catched 
[22:17:31] 4489 Weapons catched 
[22:17:31] 363 ItemSets catched 
[22:17:31] 171 ItemTypes catched 
[22:17:31] 34 Handlers Readed
[22:17:31] 38 Messages Readed
[22:17:31] WorldServer start in 11274 ms.
[22:19:26] MySQL Database Connected
[22:19:26] 16 Breeds catched
[22:19:26] 256 Heads catched
[22:19:26] 561 Effects catched
[22:19:34] 11260 DofusMaps catched
[22:19:34] 169 StatedElements catched
[22:19:34] 323 InteractiveElements catched
[22:19:34] 15228 SpellLevels catched 
[22:19:34] 4772 Spells catched 
[22:19:34] 1179 LearnableSpells catched 
[22:19:35] 9780 ItemTemplates catched 
[22:19:35] 4489 Weapons catched 
[22:19:35] 363 ItemSets catched 
[22:19:35] 171 ItemTypes catched 
[22:19:35] 34 Handlers Readed
[22:19:35] 38 Messages Readed
[22:19:35] WorldServer start in 9490 ms.
[22:21:19] MySQL Database Connected
[22:21:19] 16 Breeds catched
[22:21:19] 256 Heads catched
[22:21:19] 561 Effects catched
[22:21:27] 11260 DofusMaps catched
[22:21:27] 169 StatedElements catched
[22:21:27] 323 InteractiveElements catched
[22:21:27] 15228 SpellLevels catched 
[22:21:27] 4772 Spells catched 
[22:21:27] 1179 LearnableSpells catched 
[22:21:27] 9780 ItemTemplates catched 
[22:21:27] 4489 Weapons catched 
[22:21:27] 363 ItemSets catched 
[22:21:27] 171 ItemTypes catched 
[22:21:28] 34 Handlers Readed
[22:21:28] 38 Messages Readed
[22:21:28] WorldServer start in 9178 ms.
[22:22:41] MySQL Database Connected
[22:22:41] 16 Breeds catched
[22:22:41] 256 Heads catched
[22:22:41] 561 Effects catched
[22:22:49] 11260 DofusMaps catched
[22:22:49] 169 StatedElements catched
[22:22:49] 323 InteractiveElements catched
[22:22:49] 15228 SpellLevels catched 
[22:22:49] 4772 Spells catched 
[22:22:49] 1179 LearnableSpells catched 
[22:22:50] 9780 ItemTemplates catched 
[22:22:50] 4489 Weapons catched 
[22:22:50] 363 ItemSets catched 
[22:22:50] 171 ItemTypes catched 
[22:22:50] 34 Handlers Readed
[22:22:50] 38 Messages Readed
[22:22:50] WorldServer start in 9638 ms.
[22:23:13] MySQL Database Connected
[22:23:13] 16 Breeds catched
[22:23:13] 256 Heads catched
[22:23:13] 561 Effects catched
[22:23:21] 11260 DofusMaps catched
[22:23:21] 169 StatedElements catched
[22:23:21] 323 InteractiveElements catched
[22:23:21] 15228 SpellLevels catched 
[22:23:22] 4772 Spells catched 
[22:23:22] 1179 LearnableSpells catched 
[22:23:22] 9780 ItemTemplates catched 
[22:23:22] 4489 Weapons catched 
[22:23:22] 363 ItemSets catched 
[22:23:22] 171 ItemTypes catched 
[22:23:22] 34 Handlers Readed
[22:23:23] 38 Messages Readed
[22:23:23] WorldServer start in 10050 ms.
[22:24:02] MySQL Database Connected
[22:24:02] 16 Breeds catched
[22:24:02] 256 Heads catched
[22:24:02] 561 Effects catched
[22:24:10] 11260 DofusMaps catched
[22:24:10] 169 StatedElements catched
[22:24:10] 323 InteractiveElements catched
[22:24:10] 15228 SpellLevels catched 
[22:24:10] 4772 Spells catched 
[22:24:10] 1179 LearnableSpells catched 
[22:24:11] 9780 ItemTemplates catched 
[22:24:11] 4489 Weapons catched 
[22:24:11] 363 ItemSets catched 
[22:24:11] 171 ItemTypes catched 
[22:24:11] 34 Handlers Readed
[22:24:11] 38 Messages Readed
[22:24:11] WorldServer start in 9497 ms.
[22:26:20] MySQL Database Connected
[22:26:20] 16 Breeds catched
[22:26:20] 256 Heads catched
[22:26:20] 561 Effects catched
[22:26:28] 11260 DofusMaps catched
[22:26:28] 169 StatedElements catched
[22:26:28] 323 InteractiveElements catched
[22:26:28] 15228 SpellLevels catched 
[22:26:28] 4772 Spells catched 
[22:26:28] 1179 LearnableSpells catched 
[22:26:28] 9780 ItemTemplates catched 
[22:26:29] 4489 Weapons catched 
[22:26:29] 363 ItemSets catched 
[22:26:29] 171 ItemTypes catched 
[22:26:29] 34 Handlers Readed
[22:26:29] 38 Messages Readed
[22:26:29] WorldServer start in 9316 ms.
[22:29:24] MySQL Database Connected
[22:29:24] 16 Breeds catched
[22:29:24] 256 Heads catched
[22:29:24] 561 Effects catched
[22:29:32] 11260 DofusMaps catched
[22:29:32] 169 StatedElements catched
[22:29:32] 323 InteractiveElements catched
[22:29:32] 15228 SpellLevels catched 
[22:29:32] 4772 Spells catched 
[22:29:32] 1179 LearnableSpells catched 
[22:29:33] 9780 ItemTemplates catched 
[22:29:33] 4489 Weapons catched 
[22:29:33] 363 ItemSets catched 
[22:29:33] 171 ItemTypes catched 
[22:29:33] 34 Handlers Readed
[22:29:33] 38 Messages Readed
[22:29:33] WorldServer start in 9332 ms.
[22:31:25] MySQL Database Connected
[22:31:25] 16 Breeds catched
[22:31:25] 256 Heads catched
[22:31:25] 561 Effects catched
[22:31:33] 11260 DofusMaps catched
[22:31:33] 169 StatedElements catched
[22:31:33] 323 InteractiveElements catched
[22:31:33] 15228 SpellLevels catched 
[22:31:33] 4772 Spells catched 
[22:31:33] 1179 LearnableSpells catched 
[22:31:33] 9780 ItemTemplates catched 
[22:31:34] 4489 Weapons catched 
[22:31:34] 363 ItemSets catched 
[22:31:34] 171 ItemTypes catched 
[22:31:34] 34 Handlers Readed
[22:31:34] 38 Messages Readed
[22:31:34] WorldServer start in 9519 ms.
[22:36:19] MySQL Database Connected
[22:36:19] 16 Breeds catched
[22:36:19] 256 Heads catched
[22:36:19] 561 Effects catched
[22:36:27] 11260 DofusMaps catched
[22:36:27] 169 StatedElements catched
[22:36:27] 323 InteractiveElements catched
[22:36:27] 15228 SpellLevels catched 
[22:36:27] 4772 Spells catched 
[22:36:27] 1179 LearnableSpells catched 
[22:36:28] 9780 ItemTemplates catched 
[22:36:28] 4489 Weapons catched 
[22:36:28] 363 ItemSets catched 
[22:36:28] 171 ItemTypes catched 
[22:36:28] 34 Handlers Readed
[22:36:28] 38 Messages Readed
[22:36:28] WorldServer start in 9344 ms.
[22:46:01] MySQL Database Connected
[22:46:01] 16 Breeds catched
[22:46:01] 256 Heads catched
[22:46:01] 561 Effects catched
[22:46:13] 11260 DofusMaps catched
[22:46:13] 169 StatedElements catched
[22:46:13] 323 InteractiveElements catched
[22:46:13] 15228 SpellLevels catched 
[22:46:13] 4772 Spells catched 
[22:46:13] 1179 LearnableSpells catched 
[22:46:13] 9780 ItemTemplates catched 
[22:46:13] 4489 Weapons catched 
[22:46:13] 363 ItemSets catched 
[22:46:13] 171 ItemTypes catched 
[22:46:14] 34 Handlers Readed
[22:46:14] 38 Messages Readed
[22:46:14] WorldServer start in 13186 ms.
[22:47:01] MySQL Database Connected
[22:47:01] 16 Breeds catched
[22:47:01] 256 Heads catched
[22:47:01] 561 Effects catched
[22:47:09] 11260 DofusMaps catched
[22:47:09] 169 StatedElements catched
[22:47:09] 323 InteractiveElements catched
[22:47:09] 15228 SpellLevels catched 
[22:47:09] 4772 Spells catched 
[22:47:09] 1179 LearnableSpells catched 
[22:47:09] 9780 ItemTemplates catched 
[22:47:09] 4489 Weapons catched 
[22:47:09] 363 ItemSets catched 
[22:47:09] 171 ItemTypes catched 
[22:47:10] 34 Handlers Readed
[22:47:10] 38 Messages Readed
[22:47:10] WorldServer start in 9012 ms.
[22:47:44] MySQL Database Connected
[22:47:44] 16 Breeds catched
[22:47:44] 256 Heads catched
[22:47:44] 561 Effects catched
[22:47:52] 11260 DofusMaps catched
[22:47:52] 169 StatedElements catched
[22:47:52] 323 InteractiveElements catched
[22:47:52] 15228 SpellLevels catched 
[22:47:52] 4772 Spells catched 
[22:47:52] 1179 LearnableSpells catched 
[22:47:52] 9780 ItemTemplates catched 
[22:47:53] 4489 Weapons catched 
[22:47:53] 363 ItemSets catched 
[22:47:53] 171 ItemTypes catched 
[22:47:53] 34 Handlers Readed
[22:47:53] 38 Messages Readed
[22:47:53] WorldServer start in 9392 ms.
[22:53:21] MySQL Database Connected
[22:53:21] 16 Breeds catched
[22:53:21] 256 Heads catched
[22:53:21] 561 Effects catched
[22:53:29] 11260 DofusMaps catched
[22:53:29] 169 StatedElements catched
[22:53:29] 323 InteractiveElements catched
[22:53:29] 15228 SpellLevels catched 
[22:53:29] 4772 Spells catched 
[22:53:29] 1179 LearnableSpells catched 
[22:53:30] 9780 ItemTemplates catched 
[22:53:30] 4489 Weapons catched 
[22:53:30] 363 ItemSets catched 
[22:53:30] 171 ItemTypes catched 
[22:53:30] 34 Handlers Readed
[22:53:30] 38 Messages Readed
[22:53:30] WorldServer start in 9319 ms.
[22:54:09] MySQL Database Connected
[22:54:09] 16 Breeds catched
[22:54:09] 256 Heads catched
[22:54:09] 561 Effects catched
[22:54:17] 11260 DofusMaps catched
[22:54:17] 169 StatedElements catched
[22:54:17] 323 InteractiveElements catched
[22:54:17] 15228 SpellLevels catched 
[22:54:17] 4772 Spells catched 
[22:54:17] 1179 LearnableSpells catched 
[22:54:18] 9780 ItemTemplates catched 
[22:54:18] 4489 Weapons catched 
[22:54:18] 363 ItemSets catched 
[22:54:18] 171 ItemTypes catched 
[22:54:18] 34 Handlers Readed
[22:54:18] 38 Messages Readed
[22:54:18] WorldServer start in 9342 ms.
[22:54:44] MySQL Database Connected
[22:54:44] 16 Breeds catched
[22:54:44] 256 Heads catched
[22:54:44] 561 Effects catched
[22:54:53] 11260 DofusMaps catched
[22:54:53] 169 StatedElements catched
[22:54:53] 323 InteractiveElements catched
[22:54:53] 15228 SpellLevels catched 
[22:54:53] 4772 Spells catched 
[22:54:53] 1179 LearnableSpells catched 
[22:54:54] 9780 ItemTemplates catched 
[22:54:54] 4489 Weapons catched 
[22:54:54] 363 ItemSets catched 
[22:54:54] 171 ItemTypes catched 
[22:54:54] 34 Handlers Readed
[22:54:54] 38 Messages Readed
[22:54:54] WorldServer start in 11241 ms.
