[12:01:06] MySQL Database Connected
[12:01:06] 16 Breeds catched
[12:01:06] 256 Heads catched
[12:01:06] 561 Effects catched
[12:01:07] 4 SuperAreas catched
[12:01:07] 48 Areas catched
[12:01:08] 334 SubAreas catched
[12:01:15] 11260 DofusMaps catched
[12:01:16] 9761 StatedElements catched
[12:01:16] 13349 InteractiveElements catched
[12:01:16] 1485 HouseInformations catched
[12:01:16] 555 InteractiveDoors catched
[12:01:16] 3614 MapPositions uncatched
[12:01:16] 14681 MapPositions catched
[12:01:16] 42 MapZaaps catched
[12:01:16] 79 MapSubways catched
[12:01:16] 15228 SpellLevels catched 
[12:01:17] 4772 Spells catched 
[12:01:17] 1179 LearnableSpells catched 
[12:01:17] 9780 ItemTemplates catched 
[12:01:17] 4489 Weapons catched 
[12:01:17] 363 ItemSets catched 
[12:01:17] 171 ItemTypes catched 
[12:01:17] 110 ItemPets catched 
[12:01:18] 2476 NpcTemplates catched 
[12:01:18] 787 NpcSpawns catched 
[12:01:18] 94 NpcItems catched 
[12:01:18] 19801 NpcMessages catched 
[12:01:18] 7 NpcReplies catched 
[12:01:19] 353 Triggers catched
[12:01:19] 1281 Paddocks catched
[12:01:19] 72 Mounts catched
[12:01:19] 0 Guild catched
[12:01:19] 0 GuildMembers catched
[12:01:23] 96 Handlers Readed
[12:02:10] MySQL Database Connected
[12:02:10] 16 Breeds catched
[12:02:10] 256 Heads catched
[12:02:10] 561 Effects catched
[12:02:11] 4 SuperAreas catched
[12:02:11] 48 Areas catched
[12:02:11] 334 SubAreas catched
[12:02:19] 11260 DofusMaps catched
[12:02:19] 9761 StatedElements catched
[12:02:19] 13349 InteractiveElements catched
[12:02:19] 1485 HouseInformations catched
[12:02:19] 555 InteractiveDoors catched
[12:02:19] 3614 MapPositions uncatched
[12:02:19] 14681 MapPositions catched
[12:02:19] 42 MapZaaps catched
[12:02:19] 79 MapSubways catched
[12:02:20] 15228 SpellLevels catched 
[12:02:20] 4772 Spells catched 
[12:02:20] 1179 LearnableSpells catched 
[12:02:20] 9780 ItemTemplates catched 
[12:02:20] 4489 Weapons catched 
[12:02:20] 363 ItemSets catched 
[12:02:20] 171 ItemTypes catched 
[12:02:20] 110 ItemPets catched 
[12:02:21] 2476 NpcTemplates catched 
[12:02:21] 787 NpcSpawns catched 
[12:02:21] 94 NpcItems catched 
[12:02:21] 19801 NpcMessages catched 
[12:02:21] 7 NpcReplies catched 
[12:02:21] 353 Triggers catched
[12:02:21] 1281 Paddocks catched
[12:02:21] 72 Mounts catched
[12:02:21] 0 Guild catched
[12:02:21] 0 GuildMembers catched
[12:02:22] 96 Handlers Readed
[12:02:22] 138 Messages Readed
[12:02:22] WorldServer start in 12655 ms.
[12:05:33] MySQL Database Connected
[12:05:33] 16 Breeds catched
[12:05:33] 256 Heads catched
[12:05:33] 561 Effects catched
[12:05:33] 4 SuperAreas catched
[12:05:33] 48 Areas catched
[12:05:34] 334 SubAreas catched
[12:05:42] 11260 DofusMaps catched
[12:05:42] 9761 StatedElements catched
[12:05:42] 13349 InteractiveElements catched
[12:05:42] 1485 HouseInformations catched
[12:05:42] 556 InteractiveDoors catched
[12:05:42] 3614 MapPositions uncatched
[12:05:42] 14681 MapPositions catched
[12:05:42] 42 MapZaaps catched
[12:05:42] 79 MapSubways catched
[12:05:42] 15228 SpellLevels catched 
[12:05:42] 4772 Spells catched 
[12:05:42] 1179 LearnableSpells catched 
[12:05:43] 9780 ItemTemplates catched 
[12:05:43] 4489 Weapons catched 
[12:05:43] 363 ItemSets catched 
[12:05:43] 171 ItemTypes catched 
[12:05:43] 110 ItemPets catched 
[12:05:43] 2476 NpcTemplates catched 
[12:05:43] 787 NpcSpawns catched 
[12:05:43] 94 NpcItems catched 
[12:05:43] 19801 NpcMessages catched 
[12:05:43] 7 NpcReplies catched 
[12:05:44] 353 Triggers catched
[12:05:44] 1281 Paddocks catched
[12:05:44] 72 Mounts catched
[12:05:44] 0 Guild catched
[12:05:44] 0 GuildMembers catched
[12:05:44] 96 Handlers Readed
[12:05:45] 138 Messages Readed
[12:05:45] WorldServer start in 12365 ms.
[12:06:09] MySQL Database Connected
[12:06:09] 16 Breeds catched
[12:06:09] 256 Heads catched
[12:06:09] 561 Effects catched
[12:06:09] 4 SuperAreas catched
[12:06:10] 48 Areas catched
[12:06:10] 334 SubAreas catched
[12:06:18] 11260 DofusMaps catched
[12:06:18] 9761 StatedElements catched
[12:06:18] 13349 InteractiveElements catched
[12:06:18] 1485 HouseInformations catched
[12:06:18] 556 InteractiveDoors catched
[12:06:18] 3614 MapPositions uncatched
[12:06:18] 14681 MapPositions catched
[12:06:18] 42 MapZaaps catched
[12:06:18] 79 MapSubways catched
[12:06:18] 15228 SpellLevels catched 
[12:06:18] 4772 Spells catched 
[12:06:18] 1179 LearnableSpells catched 
[12:06:19] 9780 ItemTemplates catched 
[12:06:19] 4489 Weapons catched 
[12:06:19] 363 ItemSets catched 
[12:06:19] 171 ItemTypes catched 
[12:06:19] 110 ItemPets catched 
[12:06:20] 2476 NpcTemplates catched 
[12:06:20] 787 NpcSpawns catched 
[12:06:20] 94 NpcItems catched 
[12:06:20] 19801 NpcMessages catched 
[12:06:20] 7 NpcReplies catched 
[12:06:20] 353 Triggers catched
[12:06:20] 1281 Paddocks catched
[12:06:20] 72 Mounts catched
[12:06:20] 0 Guild catched
[12:06:20] 0 GuildMembers catched
[12:06:20] 96 Handlers Readed
[12:06:21] 138 Messages Readed
[12:06:21] WorldServer start in 12196 ms.
[12:06:29] MySQL Database Connected
[12:06:29] 16 Breeds catched
[12:06:29] 256 Heads catched
[12:06:29] 561 Effects catched
[12:06:30] 4 SuperAreas catched
[12:06:30] 48 Areas catched
[12:06:31] 334 SubAreas catched
[12:06:40] 11260 DofusMaps catched
[12:06:40] 9761 StatedElements catched
[12:06:40] 13349 InteractiveElements catched
[12:06:40] 1485 HouseInformations catched
[12:06:40] 556 InteractiveDoors catched
[12:06:40] 3614 MapPositions uncatched
[12:06:40] 14681 MapPositions catched
[12:06:40] 42 MapZaaps catched
[12:06:40] 79 MapSubways catched
[12:06:41] 15228 SpellLevels catched 
[12:06:41] 4772 Spells catched 
[12:06:41] 1179 LearnableSpells catched 
[12:06:41] 9780 ItemTemplates catched 
[12:06:41] 4489 Weapons catched 
[12:06:41] 363 ItemSets catched 
[12:06:41] 171 ItemTypes catched 
[12:06:42] 110 ItemPets catched 
[12:06:42] 2476 NpcTemplates catched 
[12:06:42] 787 NpcSpawns catched 
[12:06:42] 94 NpcItems catched 
[12:06:42] 19801 NpcMessages catched 
[12:06:42] 7 NpcReplies catched 
[12:06:42] 353 Triggers catched
[12:06:42] 1281 Paddocks catched
[12:06:42] 72 Mounts catched
[12:06:42] 0 Guild catched
[12:06:42] 0 GuildMembers catched
[12:06:43] 96 Handlers Readed
[12:06:43] 138 Messages Readed
[12:06:43] WorldServer start in 14049 ms.
[12:08:03] MySQL Database Connected
[12:08:03] 16 Breeds catched
[12:08:03] 256 Heads catched
[12:08:03] 561 Effects catched
[12:08:04] 4 SuperAreas catched
[12:08:04] 48 Areas catched
[12:08:04] 334 SubAreas catched
[12:08:12] 11260 DofusMaps catched
[12:08:12] 9761 StatedElements catched
[12:08:12] 13349 InteractiveElements catched
[12:08:12] 1485 HouseInformations catched
[12:08:12] 556 InteractiveDoors catched
[12:08:13] 3614 MapPositions uncatched
[12:08:13] 14681 MapPositions catched
[12:08:13] 42 MapZaaps catched
[12:08:13] 79 MapSubways catched
[12:08:13] 15228 SpellLevels catched 
[12:08:13] 4772 Spells catched 
[12:08:13] 1179 LearnableSpells catched 
[12:08:13] 9780 ItemTemplates catched 
[12:08:13] 4489 Weapons catched 
[12:08:13] 363 ItemSets catched 
[12:08:13] 171 ItemTypes catched 
[12:08:13] 110 ItemPets catched 
[12:08:14] 2476 NpcTemplates catched 
[12:08:14] 787 NpcSpawns catched 
[12:08:14] 94 NpcItems catched 
[12:08:14] 19801 NpcMessages catched 
[12:08:14] 7 NpcReplies catched 
[12:08:14] 353 Triggers catched
[12:08:14] 1281 Paddocks catched
[12:08:14] 72 Mounts catched
[12:08:14] 0 Guild catched
[12:08:14] 0 GuildMembers catched
[12:08:15] 96 Handlers Readed
[12:08:15] 138 Messages Readed
[12:08:15] WorldServer start in 12282 ms.
[12:09:18] Packet not handled 5546
[13:47:26] MySQL Database Connected
[13:47:26] 16 Breeds catched
[13:47:26] 256 Heads catched
[13:47:26] 561 Effects catched
[13:47:27] 4 SuperAreas catched
[13:47:27] 48 Areas catched
[13:47:28] 334 SubAreas catched
[13:47:35] 11260 DofusMaps catched
[13:47:35] 9761 StatedElements catched
[13:47:36] 13349 InteractiveElements catched
[13:47:36] 1485 HouseInformations catched
[13:47:36] 556 InteractiveDoors catched
[13:47:36] 3614 MapPositions uncatched
[13:47:36] 14681 MapPositions catched
[13:47:36] 42 MapZaaps catched
[13:47:36] 79 MapSubways catched
[13:47:36] 15228 SpellLevels catched 
[13:47:36] 4772 Spells catched 
[13:47:36] 316 GuildEmblems catched 
[13:47:36] 1179 LearnableSpells catched 
[13:47:36] 9780 ItemTemplates catched 
[13:47:36] 4489 Weapons catched 
[13:47:37] 363 ItemSets catched 
[13:47:37] 171 ItemTypes catched 
[13:47:37] 110 ItemPets catched 
[13:47:37] 2476 NpcTemplates catched 
[13:47:37] 787 NpcSpawns catched 
[13:47:37] 94 NpcItems catched 
[13:47:37] 19801 NpcMessages catched 
[13:47:37] 7 NpcReplies catched 
[13:47:37] 353 Triggers catched
[13:47:37] 1281 Paddocks catched
[13:47:37] 72 Mounts catched
[13:47:37] 0 Guild catched
[13:47:37] 0 GuildMembers catched
[13:47:38] 96 Handlers Readed
[13:47:38] 138 Messages Readed
[13:47:38] WorldServer start in 12423 ms.
[13:59:49] Packet not handled 5546
[14:00:25] MySQL Database Connected
[14:00:25] 16 Breeds catched
[14:00:25] 256 Heads catched
[14:00:25] 561 Effects catched
[14:00:25] 4 SuperAreas catched
[14:00:25] 48 Areas catched
[14:00:26] 334 SubAreas catched
[14:00:34] 11260 DofusMaps catched
[14:00:34] 9761 StatedElements catched
[14:00:34] 13349 InteractiveElements catched
[14:00:34] 1485 HouseInformations catched
[14:00:34] 556 InteractiveDoors catched
[14:00:34] 3614 MapPositions uncatched
[14:00:34] 14681 MapPositions catched
[14:00:34] 42 MapZaaps catched
[14:00:34] 79 MapSubways catched
[14:00:35] 15228 SpellLevels catched 
[14:00:35] 4772 Spells catched 
[14:00:35] 316 GuildEmblems catched 
[14:00:35] 1179 LearnableSpells catched 
[14:00:35] 9780 ItemTemplates catched 
[14:00:35] 4489 Weapons catched 
[14:00:35] 363 ItemSets catched 
[14:00:35] 171 ItemTypes catched 
[14:00:35] 110 ItemPets catched 
[14:00:36] 2476 NpcTemplates catched 
[14:00:36] 787 NpcSpawns catched 
[14:00:36] 94 NpcItems catched 
[14:00:36] 19801 NpcMessages catched 
[14:00:36] 7 NpcReplies catched 
[14:00:36] 353 Triggers catched
[14:00:36] 1281 Paddocks catched
[14:00:36] 72 Mounts catched
[14:00:36] 0 Guild catched
[14:00:36] 0 GuildMembers catched
[14:00:36] 96 Handlers Readed
[14:00:37] 138 Messages Readed
[14:00:37] WorldServer start in 12351 ms.
[14:00:59] Packet not handled 5546
[14:01:42] MySQL Database Connected
[14:01:42] 16 Breeds catched
[14:01:42] 256 Heads catched
[14:01:42] 561 Effects catched
[14:01:43] 4 SuperAreas catched
[14:01:43] 48 Areas catched
[14:01:43] 334 SubAreas catched
[14:01:51] 11260 DofusMaps catched
[14:01:51] 9761 StatedElements catched
[14:01:51] 13349 InteractiveElements catched
[14:01:51] 1485 HouseInformations catched
[14:01:51] 556 InteractiveDoors catched
[14:01:52] 3614 MapPositions uncatched
[14:01:52] 14681 MapPositions catched
[14:01:52] 42 MapZaaps catched
[14:01:52] 79 MapSubways catched
[14:01:52] 15228 SpellLevels catched 
[14:01:52] 4772 Spells catched 
[14:01:52] 316 GuildEmblems catched 
[14:01:52] 1179 LearnableSpells catched 
[14:01:52] 9780 ItemTemplates catched 
[14:01:52] 4489 Weapons catched 
[14:01:52] 363 ItemSets catched 
[14:01:52] 171 ItemTypes catched 
[14:01:52] 110 ItemPets catched 
[14:01:53] 2476 NpcTemplates catched 
[14:01:53] 787 NpcSpawns catched 
[14:01:53] 94 NpcItems catched 
[14:01:53] 19801 NpcMessages catched 
[14:01:53] 7 NpcReplies catched 
[14:01:53] 353 Triggers catched
[14:01:53] 1281 Paddocks catched
[14:01:53] 72 Mounts catched
[14:01:53] 0 Guild catched
[14:01:53] 0 GuildMembers catched
[14:01:54] 96 Handlers Readed
[14:01:54] 138 Messages Readed
[14:01:54] WorldServer start in 12492 ms.
[14:02:15] Packet not handled 5546
[14:02:28] Packet not handled 5546
[14:05:17] MySQL Database Connected
[14:05:17] 16 Breeds catched
[14:05:17] 256 Heads catched
[14:05:17] 561 Effects catched
[14:05:17] 4 SuperAreas catched
[14:05:17] 48 Areas catched
[14:05:18] 334 SubAreas catched
[14:05:26] 11260 DofusMaps catched
[14:05:26] 9761 StatedElements catched
[14:05:26] 13349 InteractiveElements catched
[14:05:26] 1485 HouseInformations catched
[14:05:26] 556 InteractiveDoors catched
[14:05:26] 3614 MapPositions uncatched
[14:05:26] 14681 MapPositions catched
[14:05:26] 42 MapZaaps catched
[14:05:26] 79 MapSubways catched
[14:05:26] 15228 SpellLevels catched 
[14:05:26] 4772 Spells catched 
[14:05:26] 316 GuildEmblems catched 
[14:05:26] 1179 LearnableSpells catched 
[14:05:27] 9780 ItemTemplates catched 
[14:05:27] 4489 Weapons catched 
[14:05:27] 363 ItemSets catched 
[14:05:27] 171 ItemTypes catched 
[14:05:27] 110 ItemPets catched 
[14:05:27] 2476 NpcTemplates catched 
[14:05:27] 787 NpcSpawns catched 
[14:05:27] 94 NpcItems catched 
[14:05:27] 19801 NpcMessages catched 
[14:05:27] 7 NpcReplies catched 
[14:05:28] 353 Triggers catched
[14:05:28] 1281 Paddocks catched
[14:05:28] 72 Mounts catched
[14:05:28] 0 Guild catched
[14:05:28] 0 GuildMembers catched
[14:05:28] 97 Handlers Readed
[14:05:29] 138 Messages Readed
[14:05:29] WorldServer start in 12225 ms.
[14:10:31] MySQL Database Connected
[14:10:31] 16 Breeds catched
[14:10:31] 256 Heads catched
[14:10:31] 561 Effects catched
[14:10:32] 4 SuperAreas catched
[14:10:32] 48 Areas catched
[14:10:32] 334 SubAreas catched
[14:10:40] 11260 DofusMaps catched
[14:10:40] 9761 StatedElements catched
[14:10:40] 13349 InteractiveElements catched
[14:10:40] 1485 HouseInformations catched
[14:10:40] 556 InteractiveDoors catched
[14:10:40] 3614 MapPositions uncatched
[14:10:40] 14681 MapPositions catched
[14:10:40] 42 MapZaaps catched
[14:10:40] 79 MapSubways catched
[14:10:40] 15228 SpellLevels catched 
[14:10:40] 4772 Spells catched 
[14:10:40] 316 GuildEmblems catched 
[14:10:40] 1179 LearnableSpells catched 
[14:10:41] 9780 ItemTemplates catched 
[14:10:41] 4489 Weapons catched 
[14:10:41] 363 ItemSets catched 
[14:10:41] 171 ItemTypes catched 
[14:10:41] 110 ItemPets catched 
[14:10:41] 2476 NpcTemplates catched 
[14:10:41] 787 NpcSpawns catched 
[14:10:41] 94 NpcItems catched 
[14:10:41] 19801 NpcMessages catched 
[14:10:41] 7 NpcReplies catched 
[14:10:41] 353 Triggers catched
[14:10:42] 1281 Paddocks catched
[14:10:42] 72 Mounts catched
[14:10:42] 0 Guild catched
[14:10:42] 0 GuildMembers catched
[14:10:42] 97 Handlers Readed
[14:10:42] 138 Messages Readed
[14:10:43] WorldServer start in 11716 ms.
[14:27:49] MySQL Database Connected
[14:27:49] 16 Breeds catched
[14:27:49] 256 Heads catched
[14:27:49] 561 Effects catched
[14:27:49] 4 SuperAreas catched
[14:27:49] 48 Areas catched
[14:27:50] 334 SubAreas catched
[14:27:57] 11260 DofusMaps catched
[14:27:57] 9761 StatedElements catched
[14:27:58] 13349 InteractiveElements catched
[14:27:58] 1485 HouseInformations catched
[14:27:58] 556 InteractiveDoors catched
[14:27:58] 3614 MapPositions uncatched
[14:27:58] 14681 MapPositions catched
[14:27:58] 42 MapZaaps catched
[14:27:58] 79 MapSubways catched
[14:27:58] 15228 SpellLevels catched 
[14:27:58] 4772 Spells catched 
[14:27:58] 316 GuildEmblems catched 
[14:27:58] 1179 LearnableSpells catched 
[14:27:58] 9780 ItemTemplates catched 
[14:27:58] 4489 Weapons catched 
[14:27:58] 363 ItemSets catched 
[14:27:58] 171 ItemTypes catched 
[14:27:59] 110 ItemPets catched 
[14:27:59] 2476 NpcTemplates catched 
[14:27:59] 787 NpcSpawns catched 
[14:27:59] 94 NpcItems catched 
[14:27:59] 19801 NpcMessages catched 
[14:27:59] 7 NpcReplies catched 
[14:27:59] 353 Triggers catched
[14:27:59] 1281 Paddocks catched
[14:27:59] 72 Mounts catched
[14:27:59] 0 Guild catched
[14:27:59] 0 GuildMembers catched
[14:28:00] 97 Handlers Readed
[14:28:00] 138 Messages Readed
[14:28:00] WorldServer start in 12025 ms.
[14:45:30] MySQL Database Connected
[14:45:30] 16 Breeds catched
[14:45:30] 256 Heads catched
[14:45:30] 561 Effects catched
[14:45:30] 4 SuperAreas catched
[14:45:30] 48 Areas catched
[14:45:31] 334 SubAreas catched
[14:45:39] 11260 DofusMaps catched
[14:45:39] 9761 StatedElements catched
[14:45:39] 13349 InteractiveElements catched
[14:45:39] 1485 HouseInformations catched
[14:45:39] 556 InteractiveDoors catched
[14:45:39] 3614 MapPositions uncatched
[14:45:39] 14681 MapPositions catched
[14:45:39] 42 MapZaaps catched
[14:45:39] 79 MapSubways catched
[14:45:39] 15228 SpellLevels catched 
[14:45:39] 4772 Spells catched 
[14:45:39] 316 GuildEmblems catched 
[14:45:39] 1179 LearnableSpells catched 
[14:45:40] 9780 ItemTemplates catched 
[14:45:40] 4489 Weapons catched 
[14:45:40] 363 ItemSets catched 
[14:45:40] 171 ItemTypes catched 
[14:45:40] 110 ItemPets catched 
[14:45:40] 2476 NpcTemplates catched 
[14:45:40] 787 NpcSpawns catched 
[14:45:40] 94 NpcItems catched 
[14:45:40] 19801 NpcMessages catched 
[14:45:40] 7 NpcReplies catched 
[14:45:41] 353 Triggers catched
[14:45:41] 1281 Paddocks catched
[14:45:41] 72 Mounts catched
[14:45:41] 0 Guild catched
[14:45:41] 0 GuildMembers catched
[14:45:41] 97 Handlers Readed
[14:45:42] 138 Messages Readed
[14:45:42] WorldServer start in 12150 ms.
[14:46:49] Packet not handled 5550
[14:46:49] Packet not handled 5550
[15:15:58] MySQL Database Connected
[15:15:58] 16 Breeds catched
[15:15:58] 256 Heads catched
[15:15:58] 561 Effects catched
[15:15:59] 4 SuperAreas catched
[15:15:59] 48 Areas catched
[15:16:00] 334 SubAreas catched
[15:16:13] 11260 DofusMaps catched
[15:16:13] 9761 StatedElements catched
[15:16:13] 13349 InteractiveElements catched
[15:16:13] 1485 HouseInformations catched
[15:16:13] 556 InteractiveDoors catched
[15:16:14] 3614 MapPositions uncatched
[15:16:14] 14681 MapPositions catched
[15:16:14] 42 MapZaaps catched
[15:16:14] 79 MapSubways catched
[15:16:14] 15228 SpellLevels catched 
[15:16:14] 4772 Spells catched 
[15:16:14] 316 GuildEmblems catched 
[15:16:14] 1179 LearnableSpells catched 
[15:16:14] 9780 ItemTemplates catched 
[15:16:14] 4489 Weapons catched 
[15:16:15] 363 ItemSets catched 
[15:16:15] 171 ItemTypes catched 
[15:16:15] 110 ItemPets catched 
[15:16:15] 2476 NpcTemplates catched 
[15:16:15] 787 NpcSpawns catched 
[15:16:15] 94 NpcItems catched 
[15:16:15] 19801 NpcMessages catched 
[15:16:15] 7 NpcReplies catched 
[15:16:16] 353 Triggers catched
[15:16:16] 1281 Paddocks catched
[15:16:16] 72 Mounts catched
[15:16:16] -1 Guild catched
[15:16:16] -1 GuildMembers catched
[15:16:16] 98 Handlers Readed
[15:16:17] 138 Messages Readed
[15:16:17] WorldServer start in 18889 ms.
[21:54:21] MySQL Database Connected
[21:54:21] 16 Breeds catched
[21:54:21] 256 Heads catched
[21:54:21] 561 Effects catched
[21:54:21] 4 SuperAreas catched
[21:54:21] 48 Areas catched
[21:54:22] 334 SubAreas catched
[21:54:30] 11260 DofusMaps catched
[21:54:30] 9761 StatedElements catched
[21:54:30] 13349 InteractiveElements catched
[21:54:30] 1485 HouseInformations catched
[21:54:30] 556 InteractiveDoors catched
[21:54:31] 3614 MapPositions uncatched
[21:54:31] 14681 MapPositions catched
[21:54:31] 42 MapZaaps catched
[21:54:31] 79 MapSubways catched
[21:54:31] 15228 SpellLevels catched 
[21:54:31] 4772 Spells catched 
[21:54:31] 316 GuildEmblems catched 
[21:54:31] 1179 LearnableSpells catched 
[21:54:32] 9780 ItemTemplates catched 
[21:54:32] 4489 Weapons catched 
[21:54:32] 363 ItemSets catched 
[21:54:32] 171 ItemTypes catched 
[21:54:32] 110 ItemPets catched 
[21:54:32] 2476 NpcTemplates catched 
[21:54:32] 787 NpcSpawns catched 
[21:54:32] 94 NpcItems catched 
[21:54:32] 19801 NpcMessages catched 
[21:54:32] 7 NpcReplies catched 
[21:54:33] 353 Triggers catched
[21:54:33] 1281 Paddocks catched
[21:54:33] 72 Mounts catched
[21:54:33] -1 Guild catched
[21:54:33] -1 GuildMembers catched
[21:54:33] 98 Handlers Readed
[21:54:34] 138 Messages Readed
[21:54:34] WorldServer start in 13047 ms.
[21:58:38] MySQL Database Connected
[21:58:38] 16 Breeds catched
[21:58:38] 256 Heads catched
[21:58:38] 561 Effects catched
[21:58:38] 4 SuperAreas catched
[21:58:38] 48 Areas catched
[21:58:39] 334 SubAreas catched
[21:58:47] 11260 DofusMaps catched
[21:58:47] 9761 StatedElements catched
[21:58:47] 13349 InteractiveElements catched
[21:58:47] 1485 HouseInformations catched
[21:58:47] 556 InteractiveDoors catched
[21:58:47] 3614 MapPositions uncatched
[21:58:47] 14681 MapPositions catched
[21:58:47] 42 MapZaaps catched
[21:58:47] 79 MapSubways catched
[21:58:47] 15228 SpellLevels catched 
[21:58:47] 4772 Spells catched 
[21:58:47] 316 GuildEmblems catched 
[21:58:47] 1179 LearnableSpells catched 
[21:58:48] 9780 ItemTemplates catched 
[21:58:48] 4489 Weapons catched 
[21:58:48] 363 ItemSets catched 
[21:58:48] 171 ItemTypes catched 
[21:58:48] 110 ItemPets catched 
[21:58:49] 2476 NpcTemplates catched 
[21:58:49] 787 NpcSpawns catched 
[21:58:49] 94 NpcItems catched 
[21:58:49] 19801 NpcMessages catched 
[21:58:49] 7 NpcReplies catched 
[21:58:49] 353 Triggers catched
[21:58:49] 1281 Paddocks catched
[21:58:49] 72 Mounts catched
[21:58:49] -1 Guild catched
[21:58:49] -1 GuildMembers catched
[21:58:50] 98 Handlers Readed
[21:58:50] 138 Messages Readed
[21:58:50] WorldServer start in 12529 ms.
[22:01:40] MySQL Database Connected
[22:01:40] 16 Breeds catched
[22:01:40] 256 Heads catched
[22:01:40] 561 Effects catched
[22:01:40] 4 SuperAreas catched
[22:01:40] 48 Areas catched
[22:01:41] 334 SubAreas catched
[22:01:49] 11260 DofusMaps catched
[22:01:49] 9761 StatedElements catched
[22:01:50] 13349 InteractiveElements catched
[22:01:50] 1485 HouseInformations catched
[22:01:50] 556 InteractiveDoors catched
[22:01:50] 3614 MapPositions uncatched
[22:01:50] 14681 MapPositions catched
[22:01:50] 42 MapZaaps catched
[22:01:50] 79 MapSubways catched
[22:01:50] 15228 SpellLevels catched 
[22:01:50] 4772 Spells catched 
[22:01:50] 316 GuildEmblems catched 
[22:01:50] 1179 LearnableSpells catched 
[22:01:50] 9780 ItemTemplates catched 
[22:01:50] 4489 Weapons catched 
[22:01:51] 363 ItemSets catched 
[22:01:51] 171 ItemTypes catched 
[22:01:51] 110 ItemPets catched 
[22:01:51] 2476 NpcTemplates catched 
[22:01:51] 787 NpcSpawns catched 
[22:01:51] 94 NpcItems catched 
[22:01:51] 19801 NpcMessages catched 
[22:01:51] 7 NpcReplies catched 
[22:01:51] 353 Triggers catched
[22:01:51] 1281 Paddocks catched
[22:01:51] 72 Mounts catched
[22:01:51] 2 Guild catched
[22:01:52] 1 GuildMembers catched
[22:01:52] 98 Handlers Readed
[22:01:52] 138 Messages Readed
[22:01:52] WorldServer start in 12943 ms.
[22:03:22] MySQL Database Connected
[22:03:22] 16 Breeds catched
[22:03:22] 256 Heads catched
[22:03:22] 561 Effects catched
[22:03:22] 4 SuperAreas catched
[22:03:22] 48 Areas catched
[22:03:23] 334 SubAreas catched
[22:03:31] 11260 DofusMaps catched
[22:03:31] 9761 StatedElements catched
[22:03:31] 13349 InteractiveElements catched
[22:03:31] 1485 HouseInformations catched
[22:03:31] 556 InteractiveDoors catched
[22:03:31] 3614 MapPositions uncatched
[22:03:31] 14681 MapPositions catched
[22:03:31] 42 MapZaaps catched
[22:03:31] 79 MapSubways catched
[22:03:32] 15228 SpellLevels catched 
[22:03:32] 4772 Spells catched 
[22:03:32] 316 GuildEmblems catched 
[22:03:32] 1179 LearnableSpells catched 
[22:03:32] 9780 ItemTemplates catched 
[22:03:33] 4489 Weapons catched 
[22:03:33] 363 ItemSets catched 
[22:03:33] 171 ItemTypes catched 
[22:03:33] 110 ItemPets catched 
[22:03:33] 2476 NpcTemplates catched 
[22:03:33] 787 NpcSpawns catched 
[22:03:33] 94 NpcItems catched 
[22:03:33] 19801 NpcMessages catched 
[22:03:33] 7 NpcReplies catched 
[22:03:34] 353 Triggers catched
[22:03:34] 1281 Paddocks catched
[22:03:34] 72 Mounts catched
[22:03:34] 2 Guild catched
[22:03:34] 1 GuildMembers catched
[22:03:34] 98 Handlers Readed
[22:03:35] 138 Messages Readed
[22:03:35] WorldServer start in 12926 ms.
