[09:48:20] MySQL Database Connected
[09:48:20] 16 Breeds catched
[09:48:20] 256 Heads catched
[09:48:20] 566 Effects catched
[09:48:20] 4 SuperAreas catched
[09:48:20] 48 Areas catched
[09:48:21] 334 SubAreas catched
[09:48:22] 11267 DofusMaps catched
[09:48:22] 9769 StatedElements catched
[09:48:22] 13379 InteractiveElements catched
[09:48:22] 1485 HouseInformations catched
[09:48:22] 568 InteractiveDoors catched
[09:48:22] 3530 MapPositions uncatched
[09:48:22] 14681 MapPositions catched
[09:48:22] 38 MapZaaps catched
[09:48:22] 79 MapSubways catched
[09:48:22] 15612 SpellLevels catched 
[09:48:22] 4972 Spells catched 
[09:48:22] 4 SpellBombs catched 
[09:48:22] 316 GuildEmblems catched 
[09:48:22] 1179 LearnableSpells catched 
[09:48:22] 171 ItemTypes catched 
[09:48:23] 10063 ItemTemplates catched 
[09:48:23] 4355 Weapons catched 
[09:48:23] 366 ItemSets catched 
[09:48:23] 114 ItemPets catched 
[09:48:23] 2476 NpcTemplates catched 
[09:48:23] 812 NpcSpawns catched 
[09:48:23] 3040 NpcItems catched 
[09:48:23] 19801 NpcMessages catched 
[09:48:23] 8 NpcReplies catched 
[09:48:23] 366 Triggers catched
[09:48:23] 1277 Paddocks catched
[09:48:23] 72 Mounts catched
[09:48:23] 3 Guild catched
[09:48:23] 2 GuildMembers catched
[09:48:23] 11 GatheringJob LevelInfos catched
[09:48:24] 233 InteractiveSkills LevelInfos catched
[09:48:24] 2210 Monster Templates catched
[09:48:24] 11688 Monster Grades catched
[09:48:24] 8021 Monster Drops catched
[09:48:26] 129 Handlers Readed
[09:48:29] 175 Messages Readed
[09:48:29] WorldServer start in 10021 ms.
[09:53:05] MySQL Database Connected
[09:53:05] 16 Breeds catched
[09:53:05] 256 Heads catched
[09:53:05] 566 Effects catched
[09:53:06] 4 SuperAreas catched
[09:53:06] 48 Areas catched
[09:53:07] 334 SubAreas catched
[09:53:08] 11267 DofusMaps catched
[09:53:08] 9769 StatedElements catched
[09:53:08] 13379 InteractiveElements catched
[09:53:08] 1485 HouseInformations catched
[09:53:08] 568 InteractiveDoors catched
[09:53:08] 3530 MapPositions uncatched
[09:53:08] 14681 MapPositions catched
[09:53:08] 38 MapZaaps catched
[09:53:08] 79 MapSubways catched
[09:53:08] 15612 SpellLevels catched 
[09:53:08] 4972 Spells catched 
[09:53:08] 4 SpellBombs catched 
[09:53:08] 316 GuildEmblems catched 
[09:53:08] 1179 LearnableSpells catched 
[09:53:08] 171 ItemTypes catched 
[09:53:08] 10063 ItemTemplates catched 
[09:53:08] 4355 Weapons catched 
[09:53:08] 366 ItemSets catched 
[09:53:09] 114 ItemPets catched 
[09:53:09] 2476 NpcTemplates catched 
[09:53:09] 812 NpcSpawns catched 
[09:53:09] 3040 NpcItems catched 
[09:53:09] 19801 NpcMessages catched 
[09:53:09] 8 NpcReplies catched 
[09:53:09] 366 Triggers catched
[09:53:09] 1277 Paddocks catched
[09:53:09] 72 Mounts catched
[09:53:09] 3 Guild catched
[09:53:09] 2 GuildMembers catched
[09:53:09] 11 GatheringJob LevelInfos catched
[09:53:09] 233 InteractiveSkills LevelInfos catched
[09:53:09] 2210 Monster Templates catched
[09:53:09] 11688 Monster Grades catched
[09:53:09] 8021 Monster Drops catched
[09:53:10] 129 Handlers Readed
[09:53:10] 175 Messages Readed
[09:53:10] WorldServer start in 4817 ms.
[09:53:46] MySQL Database Connected
[09:53:46] 16 Breeds catched
[09:53:46] 256 Heads catched
[09:53:46] 566 Effects catched
[09:53:47] 4 SuperAreas catched
[09:53:47] 48 Areas catched
[09:53:48] 334 SubAreas catched
[09:53:48] 11267 DofusMaps catched
[09:53:48] 9769 StatedElements catched
[09:53:49] 13379 InteractiveElements catched
[09:53:49] 1485 HouseInformations catched
[09:53:49] 568 InteractiveDoors catched
[09:53:49] 3530 MapPositions uncatched
[09:53:49] 14681 MapPositions catched
[09:53:49] 38 MapZaaps catched
[09:53:49] 79 MapSubways catched
[09:53:49] 15612 SpellLevels catched 
[09:53:49] 4972 Spells catched 
[09:53:49] 4 SpellBombs catched 
[09:53:49] 316 GuildEmblems catched 
[09:53:49] 1179 LearnableSpells catched 
[09:53:49] 171 ItemTypes catched 
[09:53:49] 10063 ItemTemplates catched 
[09:53:49] 4355 Weapons catched 
[09:53:49] 366 ItemSets catched 
[09:53:49] 114 ItemPets catched 
[09:53:49] 2476 NpcTemplates catched 
[09:53:49] 812 NpcSpawns catched 
[09:53:50] 3040 NpcItems catched 
[09:53:50] 19801 NpcMessages catched 
[09:53:50] 8 NpcReplies catched 
[09:53:50] 366 Triggers catched
[09:53:50] 1277 Paddocks catched
[09:53:50] 72 Mounts catched
[09:53:50] 3 Guild catched
[09:53:50] 2 GuildMembers catched
[09:53:50] 11 GatheringJob LevelInfos catched
[09:53:50] 233 InteractiveSkills LevelInfos catched
[09:53:50] 2210 Monster Templates catched
[09:53:50] 11688 Monster Grades catched
[09:53:50] 8021 Monster Drops catched
[09:53:50] 129 Handlers Readed
[09:53:51] 175 Messages Readed
[09:53:51] WorldServer start in 4773 ms.
[23:17:02] MySQL Database Connected
[23:17:02] 16 Breeds catched
[23:17:02] 256 Heads catched
[23:17:02] 566 Effects catched
[23:43:44] MySQL Database Connected
[23:43:44] 16 Breeds catched
[23:43:44] 256 Heads catched
[23:43:44] 566 Effects catched
[23:43:45] 4 SuperAreas catched
[23:43:45] 48 Areas catched
[23:43:46] 334 SubAreas catched
[23:43:49] 11267 DofusMaps catched
[23:43:49] 9769 StatedElements catched
[23:43:49] 13379 InteractiveElements catched
[23:43:49] 1485 HouseInformations catched
[23:43:49] 568 InteractiveDoors catched
[23:43:50] 3530 MapPositions uncatched
[23:43:50] 14681 MapPositions catched
[23:43:50] 38 MapZaaps catched
[23:43:50] 79 MapSubways catched
[23:43:51] 15612 SpellLevels catched 
[23:43:51] 4972 Spells catched 
[23:43:51] 4 SpellBombs catched 
[23:43:52] 316 GuildEmblems catched 
[23:43:52] 1179 LearnableSpells catched 
[23:43:52] 171 ItemTypes catched 
[23:43:56] 10063 ItemTemplates catched 
[23:43:59] 4355 Weapons catched 
[23:43:59] 366 ItemSets catched 
[23:43:59] 114 ItemPets catched 
[23:44:00] 2476 NpcTemplates catched 
[23:44:00] 812 NpcSpawns catched 
[23:44:00] 3112 NpcItems catched 
[23:44:00] 19801 NpcMessages catched 
[23:44:00] 8 NpcReplies catched 
[23:44:00] 366 Triggers catched
[23:44:01] 1277 Paddocks catched
[23:44:01] 72 Mounts catched
[23:44:01] 3 Guild catched
[23:44:01] 2 GuildMembers catched
[23:44:01] 11 GatheringJob LevelInfos catched
[23:44:01] 233 InteractiveSkills LevelInfos catched
[23:44:01] 2210 Monster Templates catched
[23:44:01] 11688 Monster Grades catched
[23:44:01] 8021 Monster Drops catched
[23:44:03] 129 Handlers Readed
[23:44:05] 175 Messages Readed
[23:44:05] WorldServer start in 21133 ms.
