[00:46:04] MySQL Database Connected
[00:46:04] 16 Breeds catched
[00:46:04] 256 Heads catched
[00:46:04] 561 Effects catched
[00:46:05] 4 SuperAreas catched
[00:46:05] 48 Areas catched
[00:46:06] 334 SubAreas catched
[00:46:13] 11260 DofusMaps catched
[00:46:13] 9761 StatedElements catched
[00:46:14] 13349 InteractiveElements catched
[00:46:14] 1485 HouseInformations catched
[00:46:14] 556 InteractiveDoors catched
[00:46:14] 3614 MapPositions uncatched
[00:46:14] 14681 MapPositions catched
[00:46:14] 42 MapZaaps catched
[00:46:14] 79 MapSubways catched
[00:46:14] 15228 SpellLevels catched 
[00:46:14] 4772 Spells catched 
[00:46:14] 316 GuildEmblems catched 
[00:46:14] 1179 LearnableSpells catched 
[00:46:15] 9780 ItemTemplates catched 
[00:46:15] 4489 Weapons catched 
[00:46:15] 363 ItemSets catched 
[00:46:15] 171 ItemTypes catched 
[00:46:15] 110 ItemPets catched 
[00:46:15] 2476 NpcTemplates catched 
[00:46:15] 787 NpcSpawns catched 
[00:46:15] 94 NpcItems catched 
[00:46:15] 19801 NpcMessages catched 
[00:46:15] 7 NpcReplies catched 
[00:46:16] 353 Triggers catched
[00:46:16] 1277 Paddocks catched
[00:46:16] 72 Mounts catched
[00:46:16] 4 Guild catched
[00:46:16] 3 GuildMembers catched
[00:46:17] 122 Handlers Readed
[00:46:17] 166 Messages Readed
[00:46:17] WorldServer start in 13556 ms.
[00:57:02] MySQL Database Connected
[00:57:02] 16 Breeds catched
[00:57:02] 256 Heads catched
[00:57:02] 561 Effects catched
[00:57:02] 4 SuperAreas catched
[00:57:02] 48 Areas catched
[00:57:03] 334 SubAreas catched
[00:57:11] 11260 DofusMaps catched
[00:57:11] 9761 StatedElements catched
[00:57:11] 13349 InteractiveElements catched
[00:57:11] 1485 HouseInformations catched
[00:57:12] 556 InteractiveDoors catched
[00:57:12] 3614 MapPositions uncatched
[00:57:12] 14681 MapPositions catched
[00:57:12] 42 MapZaaps catched
[00:57:12] 79 MapSubways catched
[00:57:12] 15228 SpellLevels catched 
[00:57:12] 4772 Spells catched 
[00:57:12] 316 GuildEmblems catched 
[00:57:12] 1179 LearnableSpells catched 
[00:57:12] 9780 ItemTemplates catched 
[00:57:12] 4489 Weapons catched 
[00:57:13] 363 ItemSets catched 
[00:57:13] 171 ItemTypes catched 
[00:57:13] 110 ItemPets catched 
[00:57:13] 2476 NpcTemplates catched 
[00:57:13] 787 NpcSpawns catched 
[00:57:13] 94 NpcItems catched 
[00:57:13] 19801 NpcMessages catched 
[00:57:13] 7 NpcReplies catched 
[00:57:14] 353 Triggers catched
[00:57:14] 1277 Paddocks catched
[00:57:14] 72 Mounts catched
[00:57:14] 4 Guild catched
[00:57:14] 3 GuildMembers catched
[00:57:14] 122 Handlers Readed
[00:57:15] 166 Messages Readed
[00:57:15] WorldServer start in 13263 ms.
[01:00:11] MySQL Database Connected
[01:00:12] 16 Breeds catched
[01:00:12] 256 Heads catched
[01:00:12] 561 Effects catched
[01:00:13] 4 SuperAreas catched
[01:00:13] 48 Areas catched
[01:00:16] 334 SubAreas catched
[01:00:28] 11260 DofusMaps catched
[01:00:28] 9761 StatedElements catched
[01:00:29] 13349 InteractiveElements catched
[01:00:29] 1485 HouseInformations catched
[01:00:29] 556 InteractiveDoors catched
[01:00:29] 3614 MapPositions uncatched
[01:00:29] 14681 MapPositions catched
[01:00:29] 42 MapZaaps catched
[01:00:29] 79 MapSubways catched
[01:00:29] 15228 SpellLevels catched 
[01:00:30] 4772 Spells catched 
[01:00:30] 316 GuildEmblems catched 
[01:00:30] 1179 LearnableSpells catched 
[01:00:30] 9780 ItemTemplates catched 
[01:00:30] 4489 Weapons catched 
[01:00:31] 363 ItemSets catched 
[01:00:31] 171 ItemTypes catched 
[01:00:31] 110 ItemPets catched 
[01:00:32] 2476 NpcTemplates catched 
[01:00:32] 787 NpcSpawns catched 
[01:00:32] 94 NpcItems catched 
[01:00:32] 19801 NpcMessages catched 
[01:00:32] 7 NpcReplies catched 
[01:00:33] 353 Triggers catched
[01:00:33] 1277 Paddocks catched
[01:00:33] 72 Mounts catched
[01:00:33] 4 Guild catched
[01:00:33] 3 GuildMembers catched
[01:00:34] 122 Handlers Readed
[01:00:35] 166 Messages Readed
[01:00:35] WorldServer start in 24412 ms.
[01:11:00] MySQL Database Connected
[01:11:00] 16 Breeds catched
[01:11:00] 256 Heads catched
[01:11:00] 561 Effects catched
[01:11:00] 4 SuperAreas catched
[01:11:00] 48 Areas catched
[01:11:01] 334 SubAreas catched
[01:11:11] 11260 DofusMaps catched
[01:11:11] 9761 StatedElements catched
[01:11:11] 13349 InteractiveElements catched
[01:11:11] 1485 HouseInformations catched
[01:11:11] 556 InteractiveDoors catched
[01:11:11] 3614 MapPositions uncatched
[01:11:11] 14681 MapPositions catched
[01:11:11] 42 MapZaaps catched
[01:11:11] 79 MapSubways catched
[01:11:11] 15228 SpellLevels catched 
[01:11:11] 4772 Spells catched 
[01:11:11] 316 GuildEmblems catched 
[01:11:11] 1179 LearnableSpells catched 
[01:11:12] 9780 ItemTemplates catched 
[01:11:12] 4489 Weapons catched 
[01:11:12] 363 ItemSets catched 
[01:11:12] 171 ItemTypes catched 
[01:11:12] 110 ItemPets catched 
[01:11:12] 2476 NpcTemplates catched 
[01:11:12] 787 NpcSpawns catched 
[01:11:12] 94 NpcItems catched 
[01:11:12] 19801 NpcMessages catched 
[01:11:12] 7 NpcReplies catched 
[01:11:13] 353 Triggers catched
[01:11:13] 1277 Paddocks catched
[01:11:13] 72 Mounts catched
[01:11:13] 4 Guild catched
[01:11:13] 3 GuildMembers catched
[01:11:13] 122 Handlers Readed
[01:11:14] 166 Messages Readed
[01:11:14] WorldServer start in 14524 ms.
[01:21:20] MySQL Database Connected
[01:21:20] 16 Breeds catched
[01:21:20] 256 Heads catched
[01:21:20] 561 Effects catched
[01:21:21] 4 SuperAreas catched
[01:21:21] 48 Areas catched
[01:21:22] 334 SubAreas catched
[01:21:30] 11260 DofusMaps catched
[01:21:30] 9761 StatedElements catched
[01:21:30] 13349 InteractiveElements catched
[01:21:30] 1485 HouseInformations catched
[01:21:30] 556 InteractiveDoors catched
[01:21:30] 3614 MapPositions uncatched
[01:21:30] 14681 MapPositions catched
[01:21:30] 42 MapZaaps catched
[01:21:30] 79 MapSubways catched
[01:21:31] 15228 SpellLevels catched 
[01:21:31] 4772 Spells catched 
[01:21:31] 316 GuildEmblems catched 
[01:21:31] 1179 LearnableSpells catched 
[01:21:31] 9780 ItemTemplates catched 
[01:21:31] 4489 Weapons catched 
[01:21:31] 363 ItemSets catched 
[01:21:31] 171 ItemTypes catched 
[01:21:31] 110 ItemPets catched 
[01:21:32] 2476 NpcTemplates catched 
[01:21:32] 787 NpcSpawns catched 
[01:21:32] 94 NpcItems catched 
[01:21:32] 19801 NpcMessages catched 
[01:21:32] 7 NpcReplies catched 
[01:21:32] 353 Triggers catched
[01:21:32] 1277 Paddocks catched
[01:21:32] 72 Mounts catched
[01:21:32] 4 Guild catched
[01:21:32] 3 GuildMembers catched
[01:21:33] 122 Handlers Readed
[01:21:33] 166 Messages Readed
[01:21:33] WorldServer start in 13143 ms.
[01:41:25] MySQL Database Connected
[01:41:25] 16 Breeds catched
[01:41:25] 256 Heads catched
[01:41:25] 561 Effects catched
[01:41:25] 4 SuperAreas catched
[01:41:25] 48 Areas catched
[01:41:26] 334 SubAreas catched
[01:41:38] 11260 DofusMaps catched
[01:41:38] 9761 StatedElements catched
[01:41:39] 13349 InteractiveElements catched
[01:41:39] 1485 HouseInformations catched
[01:41:39] 556 InteractiveDoors catched
[01:41:39] 3614 MapPositions uncatched
[01:41:39] 14681 MapPositions catched
[01:41:39] 42 MapZaaps catched
[01:41:39] 79 MapSubways catched
[01:41:39] 15228 SpellLevels catched 
[01:41:39] 4772 Spells catched 
[01:41:39] 316 GuildEmblems catched 
[01:41:39] 1179 LearnableSpells catched 
[01:41:40] 9780 ItemTemplates catched 
[01:41:40] 4489 Weapons catched 
[01:41:40] 363 ItemSets catched 
[01:41:40] 171 ItemTypes catched 
[01:41:40] 110 ItemPets catched 
[01:41:40] 2476 NpcTemplates catched 
[01:41:40] 787 NpcSpawns catched 
[01:41:40] 94 NpcItems catched 
[01:41:40] 19801 NpcMessages catched 
[01:41:40] 7 NpcReplies catched 
[01:41:41] 353 Triggers catched
[01:41:41] 1277 Paddocks catched
[01:41:41] 72 Mounts catched
[01:41:41] 4 Guild catched
[01:41:41] 3 GuildMembers catched
[01:41:41] 122 Handlers Readed
[01:41:42] 166 Messages Readed
[01:41:42] WorldServer start in 17315 ms.
[01:46:56] MySQL Database Connected
[01:46:56] 16 Breeds catched
[01:46:56] 256 Heads catched
[01:46:56] 561 Effects catched
[01:46:57] 4 SuperAreas catched
[01:46:57] 48 Areas catched
[01:46:58] 334 SubAreas catched
[01:47:05] 11260 DofusMaps catched
[01:47:05] 9761 StatedElements catched
[01:47:06] 13349 InteractiveElements catched
[01:47:06] 1485 HouseInformations catched
[01:47:06] 556 InteractiveDoors catched
[01:47:06] 3614 MapPositions uncatched
[01:47:06] 14681 MapPositions catched
[01:47:06] 42 MapZaaps catched
[01:47:06] 79 MapSubways catched
[01:47:06] 15228 SpellLevels catched 
[01:47:06] 4772 Spells catched 
[01:47:06] 316 GuildEmblems catched 
[01:47:06] 1179 LearnableSpells catched 
[01:47:06] 9780 ItemTemplates catched 
[01:47:06] 4489 Weapons catched 
[01:47:06] 363 ItemSets catched 
[01:47:06] 171 ItemTypes catched 
[01:47:07] 110 ItemPets catched 
[01:47:07] 2476 NpcTemplates catched 
[01:47:07] 787 NpcSpawns catched 
[01:47:07] 94 NpcItems catched 
[01:47:07] 19801 NpcMessages catched 
[01:47:07] 7 NpcReplies catched 
[01:47:07] 353 Triggers catched
[01:47:07] 1277 Paddocks catched
[01:47:07] 72 Mounts catched
[01:47:07] 4 Guild catched
[01:47:07] 3 GuildMembers catched
[01:47:08] 122 Handlers Readed
[01:47:08] 166 Messages Readed
[01:47:08] WorldServer start in 12459 ms.
[02:09:54] MySQL Database Connected
[02:09:54] 16 Breeds catched
[02:09:54] 256 Heads catched
[02:09:54] 561 Effects catched
[02:09:55] 4 SuperAreas catched
[02:09:55] 48 Areas catched
[02:09:56] 334 SubAreas catched
[02:10:05] 11260 DofusMaps catched
[02:10:05] 9761 StatedElements catched
[02:10:05] 13349 InteractiveElements catched
[02:10:05] 1485 HouseInformations catched
[02:10:05] 556 InteractiveDoors catched
[02:10:06] 3614 MapPositions uncatched
[02:10:06] 14681 MapPositions catched
[02:10:06] 42 MapZaaps catched
[02:10:06] 79 MapSubways catched
[02:10:06] 15228 SpellLevels catched 
[02:10:06] 4772 Spells catched 
[02:10:06] 316 GuildEmblems catched 
[02:10:06] 1179 LearnableSpells catched 
[02:10:06] 9780 ItemTemplates catched 
[02:10:06] 4489 Weapons catched 
[02:10:06] 363 ItemSets catched 
[02:10:06] 171 ItemTypes catched 
[02:10:06] 110 ItemPets catched 
[02:10:07] 2476 NpcTemplates catched 
[02:10:07] 787 NpcSpawns catched 
[02:10:07] 94 NpcItems catched 
[02:10:07] 19801 NpcMessages catched 
[02:10:07] 7 NpcReplies catched 
[02:10:07] 353 Triggers catched
[02:10:07] 1277 Paddocks catched
[02:10:07] 72 Mounts catched
[02:10:07] 4 Guild catched
[02:10:07] 3 GuildMembers catched
[02:10:08] 122 Handlers Readed
[02:10:08] 166 Messages Readed
[02:10:08] WorldServer start in 14241 ms.
[02:11:35] MySQL Database Connected
[02:11:35] 16 Breeds catched
[02:11:35] 256 Heads catched
[02:11:35] 561 Effects catched
[02:11:35] 4 SuperAreas catched
[02:11:35] 48 Areas catched
[02:11:36] 334 SubAreas catched
[02:11:45] 11260 DofusMaps catched
[02:11:45] 9761 StatedElements catched
[02:11:46] 13349 InteractiveElements catched
[02:11:46] 1485 HouseInformations catched
[02:11:46] 556 InteractiveDoors catched
[02:11:47] 3614 MapPositions uncatched
[02:11:47] 14681 MapPositions catched
[02:11:47] 42 MapZaaps catched
[02:11:47] 79 MapSubways catched
[02:11:47] 15228 SpellLevels catched 
[02:11:47] 4772 Spells catched 
[02:11:47] 316 GuildEmblems catched 
[02:11:47] 1179 LearnableSpells catched 
[02:11:47] 9780 ItemTemplates catched 
[02:11:47] 4489 Weapons catched 
[02:11:47] 363 ItemSets catched 
[02:11:47] 171 ItemTypes catched 
[02:11:47] 110 ItemPets catched 
[02:11:48] 2476 NpcTemplates catched 
[02:11:48] 787 NpcSpawns catched 
[02:11:48] 94 NpcItems catched 
[02:11:48] 19801 NpcMessages catched 
[02:11:48] 7 NpcReplies catched 
[02:11:48] 353 Triggers catched
[02:11:48] 1277 Paddocks catched
[02:11:48] 72 Mounts catched
[02:11:48] 4 Guild catched
[02:11:48] 3 GuildMembers catched
[02:11:49] 122 Handlers Readed
[02:11:49] 166 Messages Readed
[02:11:49] WorldServer start in 14996 ms.
[02:14:21] MySQL Database Connected
[02:14:21] 16 Breeds catched
[02:14:21] 256 Heads catched
[02:14:21] 561 Effects catched
[02:14:22] 4 SuperAreas catched
[02:14:22] 48 Areas catched
[02:14:23] 334 SubAreas catched
[02:14:31] 11260 DofusMaps catched
[02:14:31] 9761 StatedElements catched
[02:14:31] 13349 InteractiveElements catched
[02:14:31] 1485 HouseInformations catched
[02:14:31] 556 InteractiveDoors catched
[02:14:31] 3614 MapPositions uncatched
[02:14:31] 14681 MapPositions catched
[02:14:31] 42 MapZaaps catched
[02:14:31] 79 MapSubways catched
[02:14:31] 15228 SpellLevels catched 
[02:14:31] 4772 Spells catched 
[02:14:31] 316 GuildEmblems catched 
[02:14:31] 1179 LearnableSpells catched 
[02:14:32] 9780 ItemTemplates catched 
[02:14:32] 4489 Weapons catched 
[02:14:32] 363 ItemSets catched 
[02:14:32] 171 ItemTypes catched 
[02:14:32] 110 ItemPets catched 
[02:14:32] 2476 NpcTemplates catched 
[02:14:32] 787 NpcSpawns catched 
[02:14:32] 94 NpcItems catched 
[02:14:32] 19801 NpcMessages catched 
[02:14:32] 7 NpcReplies catched 
[02:14:33] 353 Triggers catched
[02:14:33] 1277 Paddocks catched
[02:14:33] 72 Mounts catched
[02:14:33] 4 Guild catched
[02:14:33] 3 GuildMembers catched
[02:14:33] 122 Handlers Readed
[02:14:34] 166 Messages Readed
[02:14:34] WorldServer start in 13317 ms.
[02:19:17] MySQL Database Connected
[02:19:17] 16 Breeds catched
[02:19:17] 256 Heads catched
[02:19:17] 561 Effects catched
[02:19:17] 4 SuperAreas catched
[02:19:17] 48 Areas catched
[02:19:18] 334 SubAreas catched
[02:19:28] 11260 DofusMaps catched
[02:19:28] 9761 StatedElements catched
[02:19:28] 13349 InteractiveElements catched
[02:19:28] 1485 HouseInformations catched
[02:19:28] 556 InteractiveDoors catched
[02:19:28] 3614 MapPositions uncatched
[02:19:28] 14681 MapPositions catched
[02:19:28] 42 MapZaaps catched
[02:19:28] 79 MapSubways catched
[02:19:28] 15228 SpellLevels catched 
[02:19:28] 4772 Spells catched 
[02:19:28] 316 GuildEmblems catched 
[02:19:28] 1179 LearnableSpells catched 
[02:19:28] 9780 ItemTemplates catched 
[02:19:29] 4489 Weapons catched 
[02:19:29] 363 ItemSets catched 
[02:19:29] 171 ItemTypes catched 
[02:19:29] 110 ItemPets catched 
[02:19:29] 2476 NpcTemplates catched 
[02:19:29] 787 NpcSpawns catched 
[02:19:29] 94 NpcItems catched 
[02:19:29] 19801 NpcMessages catched 
[02:19:29] 7 NpcReplies catched 
[02:19:29] 353 Triggers catched
[02:19:29] 1277 Paddocks catched
[02:19:29] 72 Mounts catched
[02:19:29] 4 Guild catched
[02:19:29] 3 GuildMembers catched
[02:19:30] 122 Handlers Readed
[02:19:30] 166 Messages Readed
[02:19:31] WorldServer start in 14159 ms.
[02:23:51] MySQL Database Connected
[02:23:51] 16 Breeds catched
[02:23:51] 256 Heads catched
[02:23:51] 561 Effects catched
[02:23:52] 4 SuperAreas catched
[02:23:52] 48 Areas catched
[02:23:53] 334 SubAreas catched
[02:24:01] 11260 DofusMaps catched
[02:24:01] 9761 StatedElements catched
[02:24:01] 13349 InteractiveElements catched
[02:24:01] 1485 HouseInformations catched
[02:24:01] 556 InteractiveDoors catched
[02:24:01] 3614 MapPositions uncatched
[02:24:01] 14681 MapPositions catched
[02:24:01] 42 MapZaaps catched
[02:24:01] 79 MapSubways catched
[02:24:01] 15228 SpellLevels catched 
[02:24:01] 4772 Spells catched 
[02:24:01] 316 GuildEmblems catched 
[02:24:01] 1179 LearnableSpells catched 
[02:24:02] 9780 ItemTemplates catched 
[02:24:02] 4489 Weapons catched 
[02:24:02] 363 ItemSets catched 
[02:24:02] 171 ItemTypes catched 
[02:24:02] 110 ItemPets catched 
[02:24:02] 2476 NpcTemplates catched 
[02:24:02] 787 NpcSpawns catched 
[02:24:02] 94 NpcItems catched 
[02:24:02] 19801 NpcMessages catched 
[02:24:02] 7 NpcReplies catched 
[02:24:03] 353 Triggers catched
[02:24:03] 1277 Paddocks catched
[02:24:03] 72 Mounts catched
[02:24:03] 4 Guild catched
[02:24:03] 3 GuildMembers catched
[02:24:03] 122 Handlers Readed
[02:24:04] 166 Messages Readed
[02:24:04] WorldServer start in 12936 ms.
[02:33:01] MySQL Database Connected
[02:33:01] 16 Breeds catched
[02:33:01] 256 Heads catched
[02:33:01] 561 Effects catched
[02:33:01] 4 SuperAreas catched
[02:33:01] 48 Areas catched
[02:33:02] 334 SubAreas catched
[02:33:11] 11260 DofusMaps catched
[02:33:11] 9761 StatedElements catched
[02:33:11] 13349 InteractiveElements catched
[02:33:11] 1485 HouseInformations catched
[02:33:11] 556 InteractiveDoors catched
[02:33:11] 3614 MapPositions uncatched
[02:33:11] 14681 MapPositions catched
[02:33:11] 42 MapZaaps catched
[02:33:11] 79 MapSubways catched
[02:33:12] 15228 SpellLevels catched 
[02:33:12] 4772 Spells catched 
[02:33:12] 316 GuildEmblems catched 
[02:33:12] 1179 LearnableSpells catched 
[02:33:12] 9780 ItemTemplates catched 
[02:33:12] 4489 Weapons catched 
[02:33:12] 363 ItemSets catched 
[02:33:12] 171 ItemTypes catched 
[02:33:12] 110 ItemPets catched 
[02:33:13] 2476 NpcTemplates catched 
[02:33:13] 787 NpcSpawns catched 
[02:33:13] 94 NpcItems catched 
[02:33:13] 19801 NpcMessages catched 
[02:33:13] 7 NpcReplies catched 
[02:33:13] 353 Triggers catched
[02:33:13] 1277 Paddocks catched
[02:33:13] 72 Mounts catched
[02:33:13] 4 Guild catched
[02:33:13] 3 GuildMembers catched
[02:33:14] 122 Handlers Readed
[02:33:14] 166 Messages Readed
[02:33:14] WorldServer start in 13478 ms.
[08:57:23] MySQL Database Connected
[08:57:23] 16 Breeds catched
[08:57:23] 256 Heads catched
[08:57:23] 561 Effects catched
[08:57:24] 4 SuperAreas catched
[08:57:24] 48 Areas catched
[08:57:26] 334 SubAreas catched
[08:57:58] 11260 DofusMaps catched
[08:57:58] 9761 StatedElements catched
[08:57:58] 13349 InteractiveElements catched
[08:57:59] 1485 HouseInformations catched
[08:57:59] 556 InteractiveDoors catched
[08:57:59] 3614 MapPositions uncatched
[08:57:59] 14681 MapPositions catched
[08:57:59] 42 MapZaaps catched
[08:57:59] 79 MapSubways catched
[08:57:59] 15228 SpellLevels catched 
[08:57:59] 4772 Spells catched 
[08:57:59] 316 GuildEmblems catched 
[08:57:59] 1179 LearnableSpells catched 
[08:58:00] 9780 ItemTemplates catched 
[08:58:00] 4489 Weapons catched 
[08:58:00] 363 ItemSets catched 
[08:58:00] 171 ItemTypes catched 
[08:58:00] 110 ItemPets catched 
[08:58:00] 2476 NpcTemplates catched 
[08:58:01] 787 NpcSpawns catched 
[08:58:01] 94 NpcItems catched 
[08:58:01] 19801 NpcMessages catched 
[08:58:01] 7 NpcReplies catched 
[08:58:01] 353 Triggers catched
[08:58:02] 1277 Paddocks catched
[08:58:02] 72 Mounts catched
[08:58:02] 4 Guild catched
[08:58:02] 3 GuildMembers catched
[08:58:02] 122 Handlers Readed
[08:58:03] 166 Messages Readed
[08:58:03] WorldServer start in 40244 ms.
[09:02:20] MySQL Database Connected
[09:02:20] 16 Breeds catched
[09:02:20] 256 Heads catched
[09:02:20] 561 Effects catched
[09:02:20] 4 SuperAreas catched
[09:02:20] 48 Areas catched
[09:02:21] 334 SubAreas catched
[09:02:34] 11260 DofusMaps catched
[09:02:34] 9761 StatedElements catched
[09:02:35] 13349 InteractiveElements catched
[09:02:35] 1485 HouseInformations catched
[09:02:35] 556 InteractiveDoors catched
[09:02:35] 3614 MapPositions uncatched
[09:02:35] 14681 MapPositions catched
[09:02:35] 42 MapZaaps catched
[09:02:35] 79 MapSubways catched
[09:02:36] 15228 SpellLevels catched 
[09:02:36] 4772 Spells catched 
[09:02:36] 316 GuildEmblems catched 
[09:02:36] 1179 LearnableSpells catched 
[09:02:36] 9780 ItemTemplates catched 
[09:02:36] 4489 Weapons catched 
[09:02:36] 363 ItemSets catched 
[09:02:36] 171 ItemTypes catched 
[09:02:36] 110 ItemPets catched 
[09:02:37] 2476 NpcTemplates catched 
[09:02:37] 787 NpcSpawns catched 
[09:02:37] 94 NpcItems catched 
[09:02:37] 19801 NpcMessages catched 
[09:02:37] 7 NpcReplies catched 
[09:02:37] 353 Triggers catched
[09:02:37] 1277 Paddocks catched
[09:02:37] 72 Mounts catched
[09:02:37] 4 Guild catched
[09:02:37] 3 GuildMembers catched
[09:02:38] 122 Handlers Readed
[09:02:38] 166 Messages Readed
[09:02:38] WorldServer start in 19129 ms.
[09:04:20] MySQL Database Connected
[09:04:20] 16 Breeds catched
[09:04:20] 256 Heads catched
[09:04:20] 561 Effects catched
[09:04:20] 4 SuperAreas catched
[09:04:20] 48 Areas catched
[09:04:21] 334 SubAreas catched
[09:04:30] 11260 DofusMaps catched
[09:04:30] 9761 StatedElements catched
[09:04:30] 13349 InteractiveElements catched
[09:04:30] 1485 HouseInformations catched
[09:04:30] 556 InteractiveDoors catched
[09:04:30] 3614 MapPositions uncatched
[09:04:30] 14681 MapPositions catched
[09:04:31] 42 MapZaaps catched
[09:04:31] 79 MapSubways catched
[09:04:31] 15228 SpellLevels catched 
[09:04:31] 4772 Spells catched 
[09:04:31] 316 GuildEmblems catched 
[09:04:31] 1179 LearnableSpells catched 
[09:04:31] 9780 ItemTemplates catched 
[09:04:31] 4489 Weapons catched 
[09:04:31] 363 ItemSets catched 
[09:04:31] 171 ItemTypes catched 
[09:04:31] 110 ItemPets catched 
[09:04:32] 2476 NpcTemplates catched 
[09:04:32] 787 NpcSpawns catched 
[09:04:32] 94 NpcItems catched 
[09:04:32] 19801 NpcMessages catched 
[09:04:32] 7 NpcReplies catched 
[09:04:32] 353 Triggers catched
[09:04:32] 1277 Paddocks catched
[09:04:32] 72 Mounts catched
[09:04:32] 4 Guild catched
[09:04:32] 3 GuildMembers catched
[09:04:33] 122 Handlers Readed
[09:04:33] 166 Messages Readed
[09:04:33] WorldServer start in 14024 ms.
[09:06:58] MySQL Database Connected
[09:06:59] 16 Breeds catched
[09:06:59] 256 Heads catched
[09:06:59] 561 Effects catched
[09:06:59] 4 SuperAreas catched
[09:06:59] 48 Areas catched
[09:07:00] 334 SubAreas catched
[09:07:07] 11260 DofusMaps catched
[09:07:07] 9761 StatedElements catched
[09:07:07] 13349 InteractiveElements catched
[09:07:08] 1485 HouseInformations catched
[09:07:08] 556 InteractiveDoors catched
[09:07:08] 3614 MapPositions uncatched
[09:07:08] 14681 MapPositions catched
[09:07:08] 42 MapZaaps catched
[09:07:08] 79 MapSubways catched
[09:07:08] 15228 SpellLevels catched 
[09:07:08] 4772 Spells catched 
[09:07:08] 316 GuildEmblems catched 
[09:07:08] 1179 LearnableSpells catched 
[09:07:08] 9780 ItemTemplates catched 
[09:07:08] 4489 Weapons catched 
[09:07:08] 363 ItemSets catched 
[09:07:08] 171 ItemTypes catched 
[09:07:08] 110 ItemPets catched 
[09:07:09] 2476 NpcTemplates catched 
[09:07:09] 787 NpcSpawns catched 
[09:07:09] 94 NpcItems catched 
[09:07:09] 19801 NpcMessages catched 
[09:07:09] 7 NpcReplies catched 
[09:07:09] 353 Triggers catched
[09:07:09] 1277 Paddocks catched
[09:07:09] 72 Mounts catched
[09:07:09] 4 Guild catched
[09:07:09] 3 GuildMembers catched
[09:07:10] 122 Handlers Readed
[09:07:10] 166 Messages Readed
[09:07:10] WorldServer start in 12194 ms.
[09:12:33] MySQL Database Connected
[09:12:34] 16 Breeds catched
[09:12:34] 256 Heads catched
[09:12:34] 561 Effects catched
[09:12:34] 4 SuperAreas catched
[09:12:34] 48 Areas catched
[09:12:35] 334 SubAreas catched
[09:12:43] 11260 DofusMaps catched
[09:12:43] 9761 StatedElements catched
[09:12:43] 13349 InteractiveElements catched
[09:12:43] 1485 HouseInformations catched
[09:12:43] 556 InteractiveDoors catched
[09:12:43] 3614 MapPositions uncatched
[09:12:43] 14681 MapPositions catched
[09:12:43] 42 MapZaaps catched
[09:12:43] 79 MapSubways catched
[09:12:43] 15228 SpellLevels catched 
[09:12:43] 4772 Spells catched 
[09:12:43] 316 GuildEmblems catched 
[09:12:43] 1179 LearnableSpells catched 
[09:12:44] 9780 ItemTemplates catched 
[09:12:44] 4489 Weapons catched 
[09:12:44] 363 ItemSets catched 
[09:12:44] 171 ItemTypes catched 
[09:12:44] 110 ItemPets catched 
[09:12:44] 2476 NpcTemplates catched 
[09:12:44] 787 NpcSpawns catched 
[09:12:44] 94 NpcItems catched 
[09:12:44] 19801 NpcMessages catched 
[09:12:44] 7 NpcReplies catched 
[09:12:45] 353 Triggers catched
[09:12:45] 1277 Paddocks catched
[09:12:45] 72 Mounts catched
[09:12:45] 4 Guild catched
[09:12:45] 3 GuildMembers catched
[09:12:45] 122 Handlers Readed
[09:12:46] 166 Messages Readed
[09:12:46] WorldServer start in 12556 ms.
[09:14:45] MySQL Database Connected
[09:14:45] 16 Breeds catched
[09:14:45] 256 Heads catched
[09:14:45] 561 Effects catched
[09:14:46] 4 SuperAreas catched
[09:14:46] 48 Areas catched
[09:14:46] 334 SubAreas catched
[09:14:54] 11260 DofusMaps catched
[09:14:54] 9761 StatedElements catched
[09:14:54] 13349 InteractiveElements catched
[09:14:54] 1485 HouseInformations catched
[09:14:54] 556 InteractiveDoors catched
[09:14:54] 3614 MapPositions uncatched
[09:14:54] 14681 MapPositions catched
[09:14:54] 42 MapZaaps catched
[09:14:54] 79 MapSubways catched
[09:14:54] 15228 SpellLevels catched 
[09:14:54] 4772 Spells catched 
[09:14:54] 316 GuildEmblems catched 
[09:14:55] 1179 LearnableSpells catched 
[09:14:55] 9780 ItemTemplates catched 
[09:14:55] 4489 Weapons catched 
[09:14:55] 363 ItemSets catched 
[09:14:55] 171 ItemTypes catched 
[09:14:55] 110 ItemPets catched 
[09:14:55] 2476 NpcTemplates catched 
[09:14:55] 787 NpcSpawns catched 
[09:14:55] 94 NpcItems catched 
[09:14:55] 19801 NpcMessages catched 
[09:14:56] 7 NpcReplies catched 
[09:14:56] 353 Triggers catched
[09:14:56] 1277 Paddocks catched
[09:14:56] 72 Mounts catched
[09:14:56] 4 Guild catched
[09:14:56] 3 GuildMembers catched
[09:14:56] 122 Handlers Readed
[09:14:57] 166 Messages Readed
[09:14:57] WorldServer start in 12141 ms.
[09:15:53] MySQL Database Connected
[09:15:53] 16 Breeds catched
[09:15:53] 256 Heads catched
[09:15:53] 561 Effects catched
[09:15:53] 4 SuperAreas catched
[09:15:53] 48 Areas catched
[09:15:54] 334 SubAreas catched
[09:16:02] 11260 DofusMaps catched
[09:16:02] 9761 StatedElements catched
[09:16:02] 13349 InteractiveElements catched
[09:16:02] 1485 HouseInformations catched
[09:16:02] 556 InteractiveDoors catched
[09:16:02] 3614 MapPositions uncatched
[09:16:02] 14681 MapPositions catched
[09:16:02] 42 MapZaaps catched
[09:16:02] 79 MapSubways catched
[09:16:02] 15228 SpellLevels catched 
[09:16:02] 4772 Spells catched 
[09:16:02] 316 GuildEmblems catched 
[09:16:02] 1179 LearnableSpells catched 
[09:16:02] 9780 ItemTemplates catched 
[09:16:03] 4489 Weapons catched 
[09:16:03] 363 ItemSets catched 
[09:16:03] 171 ItemTypes catched 
[09:16:03] 110 ItemPets catched 
[09:16:03] 2476 NpcTemplates catched 
[09:16:03] 787 NpcSpawns catched 
[09:16:03] 94 NpcItems catched 
[09:16:03] 19801 NpcMessages catched 
[09:16:03] 7 NpcReplies catched 
[09:16:03] 353 Triggers catched
[09:16:03] 1277 Paddocks catched
[09:16:03] 72 Mounts catched
[09:16:03] 4 Guild catched
[09:16:03] 3 GuildMembers catched
[09:16:04] 122 Handlers Readed
[09:16:04] 166 Messages Readed
[09:16:04] WorldServer start in 11949 ms.
[09:18:22] MySQL Database Connected
[09:18:22] 16 Breeds catched
[09:18:22] 256 Heads catched
[09:18:22] 561 Effects catched
[09:18:23] 4 SuperAreas catched
[09:18:23] 48 Areas catched
[09:18:24] 334 SubAreas catched
[09:18:32] 11260 DofusMaps catched
[09:18:32] 9761 StatedElements catched
[09:18:32] 13349 InteractiveElements catched
[09:18:32] 1485 HouseInformations catched
[09:18:32] 556 InteractiveDoors catched
[09:18:32] 3614 MapPositions uncatched
[09:18:32] 14681 MapPositions catched
[09:18:32] 42 MapZaaps catched
[09:18:32] 79 MapSubways catched
[09:18:32] 15228 SpellLevels catched 
[09:18:32] 4772 Spells catched 
[09:18:32] 316 GuildEmblems catched 
[09:18:32] 1179 LearnableSpells catched 
[09:18:33] 9780 ItemTemplates catched 
[09:18:33] 4489 Weapons catched 
[09:18:33] 363 ItemSets catched 
[09:18:33] 171 ItemTypes catched 
[09:18:33] 110 ItemPets catched 
[09:18:33] 2476 NpcTemplates catched 
[09:18:33] 787 NpcSpawns catched 
[09:18:33] 94 NpcItems catched 
[09:18:33] 19801 NpcMessages catched 
[09:18:33] 7 NpcReplies catched 
[09:18:34] 353 Triggers catched
[09:18:34] 1277 Paddocks catched
[09:18:34] 72 Mounts catched
[09:18:34] 4 Guild catched
[09:18:34] 3 GuildMembers catched
[09:18:34] 122 Handlers Readed
[09:18:35] 166 Messages Readed
[09:18:35] WorldServer start in 12850 ms.
[09:20:05] MySQL Database Connected
[09:20:05] 16 Breeds catched
[09:20:05] 256 Heads catched
[09:20:05] 561 Effects catched
[09:20:06] 4 SuperAreas catched
[09:20:06] 48 Areas catched
[09:20:07] 334 SubAreas catched
[09:20:14] 11260 DofusMaps catched
[09:20:14] 9761 StatedElements catched
[09:20:14] 13349 InteractiveElements catched
[09:20:14] 1485 HouseInformations catched
[09:20:14] 556 InteractiveDoors catched
[09:20:14] 3614 MapPositions uncatched
[09:20:14] 14681 MapPositions catched
[09:20:14] 42 MapZaaps catched
[09:20:14] 79 MapSubways catched
[09:20:14] 15228 SpellLevels catched 
[09:20:14] 4772 Spells catched 
[09:20:14] 316 GuildEmblems catched 
[09:20:14] 1179 LearnableSpells catched 
[09:20:15] 9780 ItemTemplates catched 
[09:20:15] 4489 Weapons catched 
[09:20:15] 363 ItemSets catched 
[09:20:15] 171 ItemTypes catched 
[09:20:15] 110 ItemPets catched 
[09:20:15] 2476 NpcTemplates catched 
[09:20:15] 787 NpcSpawns catched 
[09:20:15] 94 NpcItems catched 
[09:20:15] 19801 NpcMessages catched 
[09:20:16] 7 NpcReplies catched 
[09:20:16] 353 Triggers catched
[09:20:16] 1277 Paddocks catched
[09:20:16] 72 Mounts catched
[09:20:16] 4 Guild catched
[09:20:16] 3 GuildMembers catched
[09:20:16] 122 Handlers Readed
[09:20:17] 166 Messages Readed
[09:20:17] WorldServer start in 12165 ms.
[10:03:56] MySQL Database Connected
[10:03:56] 16 Breeds catched
[10:03:56] 256 Heads catched
[10:03:56] 561 Effects catched
[10:03:57] 4 SuperAreas catched
[10:03:57] 48 Areas catched
[10:03:58] 334 SubAreas catched
[10:04:05] 11260 DofusMaps catched
[10:04:05] 9761 StatedElements catched
[10:04:05] 13349 InteractiveElements catched
[10:04:05] 1485 HouseInformations catched
[10:04:06] 556 InteractiveDoors catched
[10:04:06] 3614 MapPositions uncatched
[10:04:06] 14681 MapPositions catched
[10:04:06] 42 MapZaaps catched
[10:04:06] 79 MapSubways catched
[10:04:06] 15228 SpellLevels catched 
[10:04:06] 4772 Spells catched 
[10:04:06] 316 GuildEmblems catched 
[10:04:06] 1179 LearnableSpells catched 
[10:04:06] 9780 ItemTemplates catched 
[10:04:06] 4489 Weapons catched 
[10:04:06] 363 ItemSets catched 
[10:04:06] 171 ItemTypes catched 
[10:04:07] 110 ItemPets catched 
[10:04:07] 2476 NpcTemplates catched 
[10:04:07] 787 NpcSpawns catched 
[10:04:07] 94 NpcItems catched 
[10:04:07] 19801 NpcMessages catched 
[10:04:07] 7 NpcReplies catched 
[10:04:07] 353 Triggers catched
[10:04:07] 1277 Paddocks catched
[10:04:07] 72 Mounts catched
[10:04:07] 4 Guild catched
[10:04:07] 3 GuildMembers catched
[10:04:08] 122 Handlers Readed
[10:04:08] 166 Messages Readed
[10:04:08] WorldServer start in 12491 ms.
[10:06:55] MySQL Database Connected
[10:06:55] 16 Breeds catched
[10:06:55] 256 Heads catched
[10:06:55] 561 Effects catched
[10:06:55] 4 SuperAreas catched
[10:06:55] 48 Areas catched
[10:06:56] 334 SubAreas catched
[10:07:04] 11260 DofusMaps catched
[10:07:04] 9761 StatedElements catched
[10:07:04] 13349 InteractiveElements catched
[10:07:04] 1485 HouseInformations catched
[10:07:04] 556 InteractiveDoors catched
[10:07:04] 3614 MapPositions uncatched
[10:07:04] 14681 MapPositions catched
[10:07:04] 42 MapZaaps catched
[10:07:04] 79 MapSubways catched
[10:07:04] 15228 SpellLevels catched 
[10:07:05] 4772 Spells catched 
[10:07:05] 316 GuildEmblems catched 
[10:07:05] 1179 LearnableSpells catched 
[10:07:05] 9780 ItemTemplates catched 
[10:07:05] 4489 Weapons catched 
[10:07:05] 363 ItemSets catched 
[10:07:05] 171 ItemTypes catched 
[10:07:05] 110 ItemPets catched 
[10:07:05] 2476 NpcTemplates catched 
[10:07:05] 787 NpcSpawns catched 
[10:07:05] 94 NpcItems catched 
[10:07:06] 19801 NpcMessages catched 
[10:07:06] 7 NpcReplies catched 
[10:07:06] 353 Triggers catched
[10:07:06] 1277 Paddocks catched
[10:07:06] 72 Mounts catched
[10:07:06] 4 Guild catched
[10:07:06] 3 GuildMembers catched
[10:07:06] 122 Handlers Readed
[10:07:07] 166 Messages Readed
[10:07:07] WorldServer start in 12749 ms.
[10:14:15] MySQL Database Connected
[10:14:15] 16 Breeds catched
[10:14:15] 256 Heads catched
[10:14:15] 561 Effects catched
[10:14:16] 4 SuperAreas catched
[10:14:16] 48 Areas catched
[10:14:17] 334 SubAreas catched
[10:14:24] 11260 DofusMaps catched
[10:14:24] 9761 StatedElements catched
[10:14:24] 13349 InteractiveElements catched
[10:14:24] 1485 HouseInformations catched
[10:14:24] 556 InteractiveDoors catched
[10:14:24] 3614 MapPositions uncatched
[10:14:24] 14681 MapPositions catched
[10:14:24] 42 MapZaaps catched
[10:14:24] 79 MapSubways catched
[10:14:25] 15228 SpellLevels catched 
[10:14:25] 4772 Spells catched 
[10:14:25] 316 GuildEmblems catched 
[10:14:25] 1179 LearnableSpells catched 
[10:14:25] 9780 ItemTemplates catched 
[10:14:25] 4489 Weapons catched 
[10:14:25] 363 ItemSets catched 
[10:14:25] 171 ItemTypes catched 
[10:14:25] 110 ItemPets catched 
[10:14:26] 2476 NpcTemplates catched 
[10:14:26] 787 NpcSpawns catched 
[10:14:26] 94 NpcItems catched 
[10:14:26] 19801 NpcMessages catched 
[10:14:26] 7 NpcReplies catched 
[10:14:26] 353 Triggers catched
[10:14:26] 1277 Paddocks catched
[10:14:26] 72 Mounts catched
[10:14:26] 4 Guild catched
[10:14:26] 3 GuildMembers catched
[10:14:26] 122 Handlers Readed
[10:14:27] 166 Messages Readed
[10:14:27] WorldServer start in 12255 ms.
[10:39:05] MySQL Database Connected
[10:39:05] 16 Breeds catched
[10:39:05] 256 Heads catched
[10:39:05] 561 Effects catched
[10:39:06] 4 SuperAreas catched
[10:39:06] 48 Areas catched
[10:39:07] 334 SubAreas catched
[10:39:14] 11260 DofusMaps catched
[10:39:14] 9761 StatedElements catched
[10:39:14] 13349 InteractiveElements catched
[10:39:14] 1485 HouseInformations catched
[10:39:14] 556 InteractiveDoors catched
[10:39:15] 3614 MapPositions uncatched
[10:39:15] 14681 MapPositions catched
[10:39:15] 42 MapZaaps catched
[10:39:15] 79 MapSubways catched
[10:39:15] 15228 SpellLevels catched 
[10:39:15] 4772 Spells catched 
[10:39:15] 316 GuildEmblems catched 
[10:39:15] 1179 LearnableSpells catched 
[10:39:15] 9780 ItemTemplates catched 
[10:39:15] 4489 Weapons catched 
[10:39:15] 363 ItemSets catched 
[10:39:15] 171 ItemTypes catched 
[10:39:15] 110 ItemPets catched 
[10:39:16] 2476 NpcTemplates catched 
[10:39:16] 787 NpcSpawns catched 
[10:39:16] 94 NpcItems catched 
[10:39:16] 19801 NpcMessages catched 
[10:39:16] 7 NpcReplies catched 
[10:39:16] 353 Triggers catched
[10:39:16] 1277 Paddocks catched
[10:39:16] 72 Mounts catched
[10:39:16] 4 Guild catched
[10:39:16] 3 GuildMembers catched
[10:39:17] 122 Handlers Readed
[10:39:17] 166 Messages Readed
[10:39:17] WorldServer start in 12413 ms.
[10:45:08] MySQL Database Connected
[10:45:08] 16 Breeds catched
[10:45:08] 256 Heads catched
[10:45:08] 561 Effects catched
[10:45:09] 4 SuperAreas catched
[10:45:09] 48 Areas catched
[10:45:10] 334 SubAreas catched
[10:45:17] 11260 DofusMaps catched
[10:45:17] 9761 StatedElements catched
[10:45:17] 13349 InteractiveElements catched
[10:45:17] 1485 HouseInformations catched
[10:45:17] 556 InteractiveDoors catched
[10:45:18] 3614 MapPositions uncatched
[10:45:18] 14681 MapPositions catched
[10:45:18] 42 MapZaaps catched
[10:45:18] 79 MapSubways catched
[10:45:18] 15228 SpellLevels catched 
[10:45:18] 4772 Spells catched 
[10:45:18] 316 GuildEmblems catched 
[10:45:18] 1179 LearnableSpells catched 
[10:45:18] 9780 ItemTemplates catched 
[10:45:19] 4489 Weapons catched 
[10:45:19] 363 ItemSets catched 
[10:45:19] 171 ItemTypes catched 
[10:45:19] 110 ItemPets catched 
[10:45:19] 2476 NpcTemplates catched 
[10:45:19] 787 NpcSpawns catched 
[10:45:19] 94 NpcItems catched 
[10:45:19] 19801 NpcMessages catched 
[10:45:19] 7 NpcReplies catched 
[10:45:20] 353 Triggers catched
[10:45:20] 1277 Paddocks catched
[10:45:20] 72 Mounts catched
[10:45:20] 4 Guild catched
[10:45:20] 3 GuildMembers catched
[10:45:20] 122 Handlers Readed
[10:45:21] 166 Messages Readed
[10:45:21] WorldServer start in 12864 ms.
[10:48:55] MySQL Database Connected
[10:48:55] 16 Breeds catched
[10:48:55] 256 Heads catched
[10:48:55] 561 Effects catched
[10:48:55] 4 SuperAreas catched
[10:48:55] 48 Areas catched
[10:48:56] 334 SubAreas catched
[10:49:04] 11260 DofusMaps catched
[10:49:04] 9761 StatedElements catched
[10:49:04] 13349 InteractiveElements catched
[10:49:04] 1485 HouseInformations catched
[10:49:04] 556 InteractiveDoors catched
[10:49:04] 3614 MapPositions uncatched
[10:49:04] 14681 MapPositions catched
[10:49:04] 42 MapZaaps catched
[10:49:04] 79 MapSubways catched
[10:49:05] 15228 SpellLevels catched 
[10:49:05] 4772 Spells catched 
[10:49:05] 316 GuildEmblems catched 
[10:49:05] 1179 LearnableSpells catched 
[10:49:05] 9780 ItemTemplates catched 
[10:49:05] 4489 Weapons catched 
[10:49:05] 363 ItemSets catched 
[10:49:05] 171 ItemTypes catched 
[10:49:05] 110 ItemPets catched 
[10:49:06] 2476 NpcTemplates catched 
[10:49:06] 787 NpcSpawns catched 
[10:49:06] 94 NpcItems catched 
[10:49:06] 19801 NpcMessages catched 
[10:49:06] 7 NpcReplies catched 
[10:49:06] 353 Triggers catched
[10:49:06] 1277 Paddocks catched
[10:49:06] 72 Mounts catched
[10:49:06] 4 Guild catched
[10:49:06] 3 GuildMembers catched
[10:49:06] 122 Handlers Readed
[10:49:07] 166 Messages Readed
[10:49:07] WorldServer start in 12451 ms.
[10:51:13] MySQL Database Connected
[10:51:13] 16 Breeds catched
[10:51:13] 256 Heads catched
[10:51:13] 561 Effects catched
[10:51:14] 4 SuperAreas catched
[10:51:14] 48 Areas catched
[10:51:15] 334 SubAreas catched
[10:51:22] 11260 DofusMaps catched
[10:51:22] 9761 StatedElements catched
[10:51:22] 13349 InteractiveElements catched
[10:51:22] 1485 HouseInformations catched
[10:51:22] 556 InteractiveDoors catched
[10:51:22] 3614 MapPositions uncatched
[10:51:22] 14681 MapPositions catched
[10:51:22] 42 MapZaaps catched
[10:51:22] 79 MapSubways catched
[10:51:22] 15228 SpellLevels catched 
[10:51:23] 4772 Spells catched 
[10:51:23] 316 GuildEmblems catched 
[10:51:23] 1179 LearnableSpells catched 
[10:51:23] 9780 ItemTemplates catched 
[10:51:23] 4489 Weapons catched 
[10:51:23] 363 ItemSets catched 
[10:51:23] 171 ItemTypes catched 
[10:51:23] 110 ItemPets catched 
[10:51:23] 2476 NpcTemplates catched 
[10:51:24] 787 NpcSpawns catched 
[10:51:24] 94 NpcItems catched 
[10:51:24] 19801 NpcMessages catched 
[10:51:24] 7 NpcReplies catched 
[10:51:24] 353 Triggers catched
[10:51:24] 1277 Paddocks catched
[10:51:24] 72 Mounts catched
[10:51:24] 4 Guild catched
[10:51:24] 3 GuildMembers catched
[10:51:24] 122 Handlers Readed
[10:51:25] 166 Messages Readed
[10:51:25] WorldServer start in 12148 ms.
[10:54:45] MySQL Database Connected
[10:54:45] 16 Breeds catched
[10:54:45] 256 Heads catched
[10:54:45] 561 Effects catched
[10:54:46] 4 SuperAreas catched
[10:54:46] 48 Areas catched
[10:54:48] 334 SubAreas catched
[10:56:10] MySQL Database Connected
[10:56:10] 16 Breeds catched
[10:56:10] 256 Heads catched
[10:56:10] 561 Effects catched
[10:56:11] 4 SuperAreas catched
[10:56:11] 48 Areas catched
[10:56:12] 334 SubAreas catched
[10:57:33] 11260 DofusMaps catched
[10:57:33] 9761 StatedElements catched
[10:57:33] 13349 InteractiveElements catched
[10:57:33] 1485 HouseInformations catched
[10:57:33] 556 InteractiveDoors catched
[10:57:33] 3614 MapPositions uncatched
[10:57:33] 14681 MapPositions catched
[10:57:33] 42 MapZaaps catched
[10:57:33] 79 MapSubways catched
[10:57:33] 15228 SpellLevels catched 
[10:57:33] 4772 Spells catched 
[10:57:33] 316 GuildEmblems catched 
[10:57:33] 1179 LearnableSpells catched 
[10:57:34] 9780 ItemTemplates catched 
[10:57:34] 4489 Weapons catched 
[10:57:34] 363 ItemSets catched 
[10:57:34] 171 ItemTypes catched 
[10:57:34] 110 ItemPets catched 
[10:57:34] 2476 NpcTemplates catched 
[10:57:35] 787 NpcSpawns catched 
[10:57:35] 94 NpcItems catched 
[10:57:35] 19801 NpcMessages catched 
[10:57:35] 7 NpcReplies catched 
[10:57:35] 353 Triggers catched
[10:57:35] 1277 Paddocks catched
[10:57:35] 72 Mounts catched
[10:57:35] 4 Guild catched
[10:57:35] 3 GuildMembers catched
[10:57:36] 122 Handlers Readed
[10:57:36] 166 Messages Readed
[10:57:37] WorldServer start in 86554 ms.
[11:02:18] MySQL Database Connected
[11:02:19] 16 Breeds catched
[11:02:19] 256 Heads catched
[11:02:19] 561 Effects catched
[11:02:19] 4 SuperAreas catched
[11:02:19] 48 Areas catched
[11:02:20] 334 SubAreas catched
[11:02:28] 11260 DofusMaps catched
[11:02:28] 9761 StatedElements catched
[11:02:28] 13349 InteractiveElements catched
[11:02:28] 1485 HouseInformations catched
[11:02:28] 556 InteractiveDoors catched
[11:02:28] 3614 MapPositions uncatched
[11:02:28] 14681 MapPositions catched
[11:02:28] 42 MapZaaps catched
[11:02:28] 79 MapSubways catched
[11:02:29] 15228 SpellLevels catched 
[11:02:29] 4772 Spells catched 
[11:02:29] 316 GuildEmblems catched 
[11:02:29] 1179 LearnableSpells catched 
[11:02:29] 9780 ItemTemplates catched 
[11:02:29] 4489 Weapons catched 
[11:02:29] 363 ItemSets catched 
[11:02:29] 171 ItemTypes catched 
[11:02:29] 110 ItemPets catched 
[11:02:30] 2476 NpcTemplates catched 
[11:02:30] 787 NpcSpawns catched 
[11:02:30] 94 NpcItems catched 
[11:02:30] 19801 NpcMessages catched 
[11:02:30] 7 NpcReplies catched 
[11:02:30] 353 Triggers catched
[11:02:30] 1277 Paddocks catched
[11:02:30] 72 Mounts catched
[11:02:30] 4 Guild catched
[11:02:30] 3 GuildMembers catched
[11:02:31] 122 Handlers Readed
[11:02:31] 166 Messages Readed
[11:02:31] WorldServer start in 13128 ms.
[11:08:59] MySQL Database Connected
[11:08:59] 16 Breeds catched
[11:08:59] 256 Heads catched
[11:08:59] 561 Effects catched
[11:08:59] 4 SuperAreas catched
[11:08:59] 48 Areas catched
[11:09:00] 334 SubAreas catched
[11:09:08] 11260 DofusMaps catched
[11:09:08] 9761 StatedElements catched
[11:09:08] 13349 InteractiveElements catched
[11:09:08] 1485 HouseInformations catched
[11:09:08] 556 InteractiveDoors catched
[11:09:08] 3614 MapPositions uncatched
[11:09:08] 14681 MapPositions catched
[11:09:08] 42 MapZaaps catched
[11:09:08] 79 MapSubways catched
[11:09:08] 15228 SpellLevels catched 
[11:09:08] 4772 Spells catched 
[11:09:08] 316 GuildEmblems catched 
[11:09:08] 1179 LearnableSpells catched 
[11:09:09] 9780 ItemTemplates catched 
[11:09:09] 4489 Weapons catched 
[11:09:09] 363 ItemSets catched 
[11:09:09] 171 ItemTypes catched 
[11:09:09] 110 ItemPets catched 
[11:09:09] 2476 NpcTemplates catched 
[11:09:09] 787 NpcSpawns catched 
[11:09:09] 94 NpcItems catched 
[11:09:09] 19801 NpcMessages catched 
[11:09:09] 7 NpcReplies catched 
[11:09:10] 353 Triggers catched
[11:09:10] 1277 Paddocks catched
[11:09:10] 72 Mounts catched
[11:09:10] 4 Guild catched
[11:09:10] 3 GuildMembers catched
[11:09:10] 122 Handlers Readed
[11:09:11] 166 Messages Readed
[11:09:11] WorldServer start in 12415 ms.
[11:12:31] MySQL Database Connected
[11:12:31] 16 Breeds catched
[11:12:31] 256 Heads catched
[11:12:31] 561 Effects catched
[11:12:32] 4 SuperAreas catched
[11:12:32] 48 Areas catched
[11:12:33] 334 SubAreas catched
[11:12:40] 11260 DofusMaps catched
[11:12:40] 9761 StatedElements catched
[11:12:41] 13349 InteractiveElements catched
[11:12:41] 1485 HouseInformations catched
[11:12:41] 556 InteractiveDoors catched
[11:12:41] 3614 MapPositions uncatched
[11:12:41] 14681 MapPositions catched
[11:12:41] 42 MapZaaps catched
[11:12:41] 79 MapSubways catched
[11:12:41] 15228 SpellLevels catched 
[11:12:41] 4772 Spells catched 
[11:12:41] 316 GuildEmblems catched 
[11:12:41] 1179 LearnableSpells catched 
[11:12:41] 9780 ItemTemplates catched 
[11:12:41] 4489 Weapons catched 
[11:12:41] 363 ItemSets catched 
[11:12:41] 171 ItemTypes catched 
[11:12:41] 110 ItemPets catched 
[11:12:42] 2476 NpcTemplates catched 
[11:12:42] 787 NpcSpawns catched 
[11:12:42] 94 NpcItems catched 
[11:12:42] 19801 NpcMessages catched 
[11:12:42] 7 NpcReplies catched 
[11:12:42] 353 Triggers catched
[11:12:42] 1277 Paddocks catched
[11:12:42] 72 Mounts catched
[11:12:42] 4 Guild catched
[11:12:42] 3 GuildMembers catched
[11:12:43] 122 Handlers Readed
[11:12:43] 166 Messages Readed
[11:12:44] WorldServer start in 12592 ms.
[11:14:18] MySQL Database Connected
[11:14:19] 16 Breeds catched
[11:14:19] 256 Heads catched
[11:14:19] 561 Effects catched
[11:14:19] 4 SuperAreas catched
[11:14:19] 48 Areas catched
[11:14:20] 334 SubAreas catched
[11:14:28] 11260 DofusMaps catched
[11:14:28] 9761 StatedElements catched
[11:14:29] 13349 InteractiveElements catched
[11:14:29] 1485 HouseInformations catched
[11:14:29] 556 InteractiveDoors catched
[11:14:29] 3614 MapPositions uncatched
[11:14:29] 14681 MapPositions catched
[11:14:29] 42 MapZaaps catched
[11:14:29] 79 MapSubways catched
[11:14:29] 15228 SpellLevels catched 
[11:14:29] 4772 Spells catched 
[11:14:29] 316 GuildEmblems catched 
[11:14:29] 1179 LearnableSpells catched 
[11:14:29] 9780 ItemTemplates catched 
[11:14:29] 4489 Weapons catched 
[11:14:29] 363 ItemSets catched 
[11:14:29] 171 ItemTypes catched 
[11:14:29] 110 ItemPets catched 
[11:14:30] 2476 NpcTemplates catched 
[11:14:30] 787 NpcSpawns catched 
[11:14:30] 94 NpcItems catched 
[11:14:30] 19801 NpcMessages catched 
[11:14:30] 7 NpcReplies catched 
[11:14:30] 353 Triggers catched
[11:14:30] 1277 Paddocks catched
[11:14:30] 72 Mounts catched
[11:14:30] 4 Guild catched
[11:14:30] 3 GuildMembers catched
[11:14:31] 122 Handlers Readed
[11:14:31] 166 Messages Readed
[11:14:32] WorldServer start in 13394 ms.
[11:16:37] MySQL Database Connected
[11:16:38] 16 Breeds catched
[11:16:38] 256 Heads catched
[11:16:38] 561 Effects catched
[11:16:38] 4 SuperAreas catched
[11:16:38] 48 Areas catched
[11:16:39] 334 SubAreas catched
[11:16:46] 11260 DofusMaps catched
[11:16:46] 9761 StatedElements catched
[11:16:46] 13349 InteractiveElements catched
[11:16:46] 1485 HouseInformations catched
[11:16:46] 556 InteractiveDoors catched
[11:16:47] 3614 MapPositions uncatched
[11:16:47] 14681 MapPositions catched
[11:16:47] 42 MapZaaps catched
[11:16:47] 79 MapSubways catched
[11:16:47] 15228 SpellLevels catched 
[11:16:47] 4772 Spells catched 
[11:16:47] 316 GuildEmblems catched 
[11:16:47] 1179 LearnableSpells catched 
[11:16:47] 9780 ItemTemplates catched 
[11:16:47] 4489 Weapons catched 
[11:16:47] 363 ItemSets catched 
[11:16:47] 171 ItemTypes catched 
[11:16:48] 110 ItemPets catched 
[11:16:48] 2476 NpcTemplates catched 
[11:16:48] 787 NpcSpawns catched 
[11:16:48] 94 NpcItems catched 
[11:16:48] 19801 NpcMessages catched 
[11:16:48] 7 NpcReplies catched 
[11:16:48] 353 Triggers catched
[11:16:48] 1277 Paddocks catched
[11:16:48] 72 Mounts catched
[11:16:48] 4 Guild catched
[11:16:48] 3 GuildMembers catched
[11:16:49] 122 Handlers Readed
[11:16:50] 166 Messages Readed
[11:16:50] WorldServer start in 12426 ms.
[11:19:25] MySQL Database Connected
[11:19:25] 16 Breeds catched
[11:19:25] 256 Heads catched
[11:19:25] 561 Effects catched
[11:19:25] 4 SuperAreas catched
[11:19:25] 48 Areas catched
[11:19:26] 334 SubAreas catched
[11:19:34] 11260 DofusMaps catched
[11:19:34] 9761 StatedElements catched
[11:19:34] 13349 InteractiveElements catched
[11:19:34] 1485 HouseInformations catched
[11:19:34] 556 InteractiveDoors catched
[11:19:35] 3614 MapPositions uncatched
[11:19:35] 14681 MapPositions catched
[11:19:35] 42 MapZaaps catched
[11:19:35] 79 MapSubways catched
[11:19:35] 15228 SpellLevels catched 
[11:19:35] 4772 Spells catched 
[11:19:35] 316 GuildEmblems catched 
[11:19:35] 1179 LearnableSpells catched 
[11:19:35] 9780 ItemTemplates catched 
[11:19:35] 4489 Weapons catched 
[11:19:35] 363 ItemSets catched 
[11:19:35] 171 ItemTypes catched 
[11:19:36] 110 ItemPets catched 
[11:19:36] 2476 NpcTemplates catched 
[11:19:36] 787 NpcSpawns catched 
[11:19:36] 94 NpcItems catched 
[11:19:36] 19801 NpcMessages catched 
[11:19:36] 7 NpcReplies catched 
[11:19:36] 353 Triggers catched
[11:19:36] 1277 Paddocks catched
[11:19:36] 72 Mounts catched
[11:19:36] 4 Guild catched
[11:19:36] 3 GuildMembers catched
[11:19:37] 122 Handlers Readed
[11:19:37] 166 Messages Readed
[11:19:37] WorldServer start in 13137 ms.
[11:38:27] MySQL Database Connected
[11:38:27] 16 Breeds catched
[11:38:27] 256 Heads catched
[11:38:27] 561 Effects catched
[11:38:27] 4 SuperAreas catched
[11:38:27] 48 Areas catched
[11:38:28] 334 SubAreas catched
[11:38:34] MySQL Database Connected
[11:38:34] 16 Breeds catched
[11:38:34] 256 Heads catched
[11:38:34] 561 Effects catched
[11:38:34] 4 SuperAreas catched
[11:38:34] 48 Areas catched
[11:38:35] 334 SubAreas catched
[11:38:40] 11260 DofusMaps catched
[11:38:40] 9761 StatedElements catched
[11:38:40] 13349 InteractiveElements catched
[11:38:40] 1485 HouseInformations catched
[11:38:40] 556 InteractiveDoors catched
[11:38:40] 3614 MapPositions uncatched
[11:38:40] 14681 MapPositions catched
[11:38:40] 42 MapZaaps catched
[11:38:40] 79 MapSubways catched
[11:38:40] 15228 SpellLevels catched 
[11:38:40] 4772 Spells catched 
[11:38:40] 316 GuildEmblems catched 
[11:38:40] 1179 LearnableSpells catched 
[11:38:41] 9780 ItemTemplates catched 
[11:38:41] 4489 Weapons catched 
[11:38:41] 363 ItemSets catched 
[11:38:41] 171 ItemTypes catched 
[11:38:41] 110 ItemPets catched 
[11:38:41] 2476 NpcTemplates catched 
[11:38:41] 787 NpcSpawns catched 
[11:38:41] 94 NpcItems catched 
[11:38:41] 19801 NpcMessages catched 
[11:38:41] 7 NpcReplies catched 
[11:38:42] 353 Triggers catched
[11:38:42] 1277 Paddocks catched
[11:38:42] 72 Mounts catched
[11:38:42] 4 Guild catched
[11:38:42] 3 GuildMembers catched
[11:38:42] 122 Handlers Readed
[11:38:43] 166 Messages Readed
[11:38:43] WorldServer start in 9483 ms.
[11:56:17] MySQL Database Connected
[11:56:17] 16 Breeds catched
[11:56:17] 256 Heads catched
[11:56:17] 561 Effects catched
[11:56:18] 4 SuperAreas catched
[11:56:18] 48 Areas catched
[11:56:19] 334 SubAreas catched
[11:56:27] 11260 DofusMaps catched
[11:56:27] 9761 StatedElements catched
[11:56:27] 13349 InteractiveElements catched
[11:56:27] 1485 HouseInformations catched
[11:56:27] 556 InteractiveDoors catched
[11:56:27] 3614 MapPositions uncatched
[11:56:27] 14681 MapPositions catched
[11:56:27] 42 MapZaaps catched
[11:56:27] 79 MapSubways catched
[11:56:27] 15228 SpellLevels catched 
[11:56:27] 4772 Spells catched 
[11:56:27] 316 GuildEmblems catched 
[11:56:27] 1179 LearnableSpells catched 
[11:56:28] 9780 ItemTemplates catched 
[11:56:28] 4489 Weapons catched 
[11:56:28] 363 ItemSets catched 
[11:56:28] 171 ItemTypes catched 
[11:56:28] 110 ItemPets catched 
[11:56:28] 2476 NpcTemplates catched 
[11:56:28] 787 NpcSpawns catched 
[11:56:28] 94 NpcItems catched 
[11:56:28] 19801 NpcMessages catched 
[11:56:28] 7 NpcReplies catched 
[11:56:29] 353 Triggers catched
[11:56:29] 1277 Paddocks catched
[11:56:29] 72 Mounts catched
[11:56:29] 4 Guild catched
[11:56:29] 3 GuildMembers catched
[11:56:30] 122 Handlers Readed
[11:56:30] 166 Messages Readed
[11:56:30] WorldServer start in 13307 ms.
[11:59:15] MySQL Database Connected
[11:59:15] 16 Breeds catched
[11:59:15] 256 Heads catched
[11:59:15] 561 Effects catched
[11:59:15] 4 SuperAreas catched
[11:59:15] 48 Areas catched
[11:59:16] 334 SubAreas catched
[11:59:23] 11260 DofusMaps catched
[11:59:24] 9761 StatedElements catched
[11:59:24] 13349 InteractiveElements catched
[11:59:24] 1485 HouseInformations catched
[11:59:24] 556 InteractiveDoors catched
[11:59:24] 3614 MapPositions uncatched
[11:59:24] 14681 MapPositions catched
[11:59:24] 42 MapZaaps catched
[11:59:24] 79 MapSubways catched
[11:59:24] 15228 SpellLevels catched 
[11:59:24] 4772 Spells catched 
[11:59:24] 316 GuildEmblems catched 
[11:59:24] 1179 LearnableSpells catched 
[11:59:24] 9780 ItemTemplates catched 
[11:59:24] 4489 Weapons catched 
[11:59:25] 363 ItemSets catched 
[11:59:25] 171 ItemTypes catched 
[11:59:25] 110 ItemPets catched 
[11:59:25] 2476 NpcTemplates catched 
[11:59:25] 787 NpcSpawns catched 
[11:59:25] 94 NpcItems catched 
[11:59:25] 19801 NpcMessages catched 
[11:59:25] 7 NpcReplies catched 
[11:59:25] 353 Triggers catched
[11:59:25] 1277 Paddocks catched
[11:59:25] 72 Mounts catched
[11:59:25] 4 Guild catched
[11:59:25] 3 GuildMembers catched
[11:59:26] 122 Handlers Readed
[11:59:26] 166 Messages Readed
[11:59:27] WorldServer start in 12256 ms.
[12:03:33] MySQL Database Connected
[12:03:33] 16 Breeds catched
[12:03:33] 256 Heads catched
[12:03:33] 561 Effects catched
[12:03:33] 4 SuperAreas catched
[12:03:33] 48 Areas catched
[12:03:34] 334 SubAreas catched
[12:03:41] 11260 DofusMaps catched
[12:03:41] 9761 StatedElements catched
[12:03:42] 13349 InteractiveElements catched
[12:03:42] 1485 HouseInformations catched
[12:03:42] 556 InteractiveDoors catched
[12:03:43] 3614 MapPositions uncatched
[12:03:43] 14681 MapPositions catched
[12:03:43] 42 MapZaaps catched
[12:03:43] 79 MapSubways catched
[12:03:43] 15228 SpellLevels catched 
[12:03:43] 4772 Spells catched 
[12:03:43] 316 GuildEmblems catched 
[12:03:43] 1179 LearnableSpells catched 
[12:03:43] 9780 ItemTemplates catched 
[12:03:43] 4489 Weapons catched 
[12:03:43] 363 ItemSets catched 
[12:03:43] 171 ItemTypes catched 
[12:03:43] 110 ItemPets catched 
[12:03:44] 2476 NpcTemplates catched 
[12:03:44] 787 NpcSpawns catched 
[12:03:44] 94 NpcItems catched 
[12:03:44] 19801 NpcMessages catched 
[12:03:44] 7 NpcReplies catched 
[12:03:44] 353 Triggers catched
[12:03:44] 1277 Paddocks catched
[12:03:44] 72 Mounts catched
[12:03:44] 4 Guild catched
[12:03:44] 3 GuildMembers catched
[12:03:45] 122 Handlers Readed
[12:03:45] 166 Messages Readed
[12:03:45] WorldServer start in 13132 ms.
[12:08:36] MySQL Database Connected
[12:08:36] 16 Breeds catched
[12:08:36] 256 Heads catched
[12:08:36] 561 Effects catched
[12:08:36] 4 SuperAreas catched
[12:08:36] 48 Areas catched
[12:08:37] 334 SubAreas catched
[12:08:44] 11260 DofusMaps catched
[12:08:44] 9761 StatedElements catched
[12:08:45] 13349 InteractiveElements catched
[12:08:45] 1485 HouseInformations catched
[12:08:45] 556 InteractiveDoors catched
[12:08:45] 3614 MapPositions uncatched
[12:08:45] 14681 MapPositions catched
[12:08:45] 42 MapZaaps catched
[12:08:45] 79 MapSubways catched
[12:08:45] 15228 SpellLevels catched 
[12:08:45] 4772 Spells catched 
[12:08:45] 316 GuildEmblems catched 
[12:08:45] 1179 LearnableSpells catched 
[12:08:45] 9780 ItemTemplates catched 
[12:08:45] 4489 Weapons catched 
[12:08:45] 363 ItemSets catched 
[12:08:45] 171 ItemTypes catched 
[12:08:46] 110 ItemPets catched 
[12:08:46] 2476 NpcTemplates catched 
[12:08:46] 787 NpcSpawns catched 
[12:08:46] 94 NpcItems catched 
[12:08:46] 19801 NpcMessages catched 
[12:08:46] 7 NpcReplies catched 
[12:08:46] 353 Triggers catched
[12:08:46] 1277 Paddocks catched
[12:08:46] 72 Mounts catched
[12:08:46] 4 Guild catched
[12:08:46] 3 GuildMembers catched
[12:08:47] 122 Handlers Readed
[12:08:47] 166 Messages Readed
[12:08:48] WorldServer start in 12164 ms.
[12:13:45] MySQL Database Connected
[12:13:45] 16 Breeds catched
[12:13:45] 256 Heads catched
[12:13:45] 561 Effects catched
[12:13:45] 4 SuperAreas catched
[12:13:45] 48 Areas catched
[12:13:46] 334 SubAreas catched
[12:13:54] 11260 DofusMaps catched
[12:13:54] 9761 StatedElements catched
[12:13:54] 13349 InteractiveElements catched
[12:13:54] 1485 HouseInformations catched
[12:13:54] 556 InteractiveDoors catched
[12:13:54] 3614 MapPositions uncatched
[12:13:54] 14681 MapPositions catched
[12:13:54] 42 MapZaaps catched
[12:13:54] 79 MapSubways catched
[12:13:54] 15228 SpellLevels catched 
[12:13:54] 4772 Spells catched 
[12:13:54] 316 GuildEmblems catched 
[12:13:54] 1179 LearnableSpells catched 
[12:13:55] 9780 ItemTemplates catched 
[12:13:55] 4489 Weapons catched 
[12:13:55] 363 ItemSets catched 
[12:13:55] 171 ItemTypes catched 
[12:13:55] 110 ItemPets catched 
[12:13:55] 2476 NpcTemplates catched 
[12:13:55] 787 NpcSpawns catched 
[12:13:55] 94 NpcItems catched 
[12:13:55] 19801 NpcMessages catched 
[12:13:55] 7 NpcReplies catched 
[12:13:56] 353 Triggers catched
[12:13:56] 1277 Paddocks catched
[12:13:56] 72 Mounts catched
[12:13:56] 4 Guild catched
[12:13:56] 3 GuildMembers catched
[12:13:56] 122 Handlers Readed
[12:13:57] 166 Messages Readed
[12:13:57] WorldServer start in 12290 ms.
[12:18:04] MySQL Database Connected
[12:18:04] 16 Breeds catched
[12:18:04] 256 Heads catched
[12:18:04] 561 Effects catched
[12:18:05] 4 SuperAreas catched
[12:18:05] 48 Areas catched
[12:18:06] 334 SubAreas catched
[12:18:13] 11260 DofusMaps catched
[12:18:13] 9761 StatedElements catched
[12:18:14] 13349 InteractiveElements catched
[12:18:14] 1485 HouseInformations catched
[12:18:14] 556 InteractiveDoors catched
[12:18:14] 3614 MapPositions uncatched
[12:18:14] 14681 MapPositions catched
[12:18:14] 42 MapZaaps catched
[12:18:14] 79 MapSubways catched
[12:18:14] 15228 SpellLevels catched 
[12:18:14] 4772 Spells catched 
[12:18:14] 316 GuildEmblems catched 
[12:18:14] 1179 LearnableSpells catched 
[12:18:14] 9780 ItemTemplates catched 
[12:18:14] 4489 Weapons catched 
[12:18:14] 363 ItemSets catched 
[12:18:14] 171 ItemTypes catched 
[12:18:15] 110 ItemPets catched 
[12:18:15] 2476 NpcTemplates catched 
[12:18:15] 787 NpcSpawns catched 
[12:18:15] 94 NpcItems catched 
[12:18:15] 19801 NpcMessages catched 
[12:18:15] 7 NpcReplies catched 
[12:18:15] 353 Triggers catched
[12:18:15] 1277 Paddocks catched
[12:18:15] 72 Mounts catched
[12:18:15] 4 Guild catched
[12:18:15] 3 GuildMembers catched
[12:18:16] 122 Handlers Readed
[12:18:16] 166 Messages Readed
[12:18:16] WorldServer start in 12474 ms.
[12:19:29] MySQL Database Connected
[12:19:29] 16 Breeds catched
[12:19:29] 256 Heads catched
[12:19:29] 561 Effects catched
[12:19:30] 4 SuperAreas catched
[12:19:30] 48 Areas catched
[12:19:31] 334 SubAreas catched
[12:19:39] 11260 DofusMaps catched
[12:19:39] 9761 StatedElements catched
[12:19:39] 13349 InteractiveElements catched
[12:19:39] 1485 HouseInformations catched
[12:19:39] 556 InteractiveDoors catched
[12:19:39] 3614 MapPositions uncatched
[12:19:39] 14681 MapPositions catched
[12:19:39] 42 MapZaaps catched
[12:19:39] 79 MapSubways catched
[12:19:39] 15228 SpellLevels catched 
[12:19:39] 4772 Spells catched 
[12:19:39] 316 GuildEmblems catched 
[12:19:39] 1179 LearnableSpells catched 
[12:19:40] 9780 ItemTemplates catched 
[12:19:40] 4489 Weapons catched 
[12:19:40] 363 ItemSets catched 
[12:19:40] 171 ItemTypes catched 
[12:19:40] 110 ItemPets catched 
[12:19:40] 2476 NpcTemplates catched 
[12:19:40] 787 NpcSpawns catched 
[12:19:40] 94 NpcItems catched 
[12:19:40] 19801 NpcMessages catched 
[12:19:40] 7 NpcReplies catched 
[12:19:41] 353 Triggers catched
[12:19:41] 1277 Paddocks catched
[12:19:41] 72 Mounts catched
[12:19:41] 4 Guild catched
[12:19:41] 3 GuildMembers catched
[12:19:41] 122 Handlers Readed
[12:19:42] 166 Messages Readed
[12:19:42] WorldServer start in 12830 ms.
[12:22:42] MySQL Database Connected
[12:22:42] 16 Breeds catched
[12:22:42] 256 Heads catched
[12:22:42] 561 Effects catched
[12:22:43] 4 SuperAreas catched
[12:22:43] 48 Areas catched
[12:22:44] 334 SubAreas catched
[12:22:50] 11260 DofusMaps catched
[12:22:50] 9761 StatedElements catched
[12:22:51] 13349 InteractiveElements catched
[12:22:51] 1485 HouseInformations catched
[12:22:51] 556 InteractiveDoors catched
[12:22:51] 3614 MapPositions uncatched
[12:22:51] 14681 MapPositions catched
[12:22:51] 42 MapZaaps catched
[12:22:51] 79 MapSubways catched
[12:22:51] 15228 SpellLevels catched 
[12:22:51] 4772 Spells catched 
[12:22:51] 316 GuildEmblems catched 
[12:22:51] 1179 LearnableSpells catched 
[12:22:51] 9780 ItemTemplates catched 
[12:22:51] 4489 Weapons catched 
[12:22:51] 363 ItemSets catched 
[12:22:51] 171 ItemTypes catched 
[12:22:51] 110 ItemPets catched 
[12:22:52] 2476 NpcTemplates catched 
[12:22:52] 787 NpcSpawns catched 
[12:22:52] 94 NpcItems catched 
[12:22:52] 19801 NpcMessages catched 
[12:22:52] 7 NpcReplies catched 
[12:22:52] 353 Triggers catched
[12:22:52] 1277 Paddocks catched
[12:22:52] 72 Mounts catched
[12:22:52] 4 Guild catched
[12:22:52] 3 GuildMembers catched
[12:22:53] 122 Handlers Readed
[12:22:53] 166 Messages Readed
[12:22:53] WorldServer start in 11566 ms.
[12:35:40] MySQL Database Connected
[12:35:40] 16 Breeds catched
[12:35:40] 256 Heads catched
[12:35:40] 561 Effects catched
[12:35:40] 4 SuperAreas catched
[12:35:40] 48 Areas catched
[12:35:41] 334 SubAreas catched
[12:35:49] 11260 DofusMaps catched
[12:35:49] 9761 StatedElements catched
[12:35:49] 13349 InteractiveElements catched
[12:35:49] 1485 HouseInformations catched
[12:35:49] 556 InteractiveDoors catched
[12:35:49] 3614 MapPositions uncatched
[12:35:49] 14681 MapPositions catched
[12:35:49] 42 MapZaaps catched
[12:35:49] 79 MapSubways catched
[12:35:49] 15228 SpellLevels catched 
[12:35:49] 4772 Spells catched 
[12:35:49] 316 GuildEmblems catched 
[12:35:49] 1179 LearnableSpells catched 
[12:35:49] 9780 ItemTemplates catched 
[12:35:49] 4489 Weapons catched 
[12:35:50] 363 ItemSets catched 
[12:35:50] 171 ItemTypes catched 
[12:35:50] 110 ItemPets catched 
[12:35:50] 2476 NpcTemplates catched 
[12:35:50] 787 NpcSpawns catched 
[12:35:50] 94 NpcItems catched 
[12:35:50] 19801 NpcMessages catched 
[12:35:50] 7 NpcReplies catched 
[12:35:50] 353 Triggers catched
[12:35:50] 1277 Paddocks catched
[12:35:50] 72 Mounts catched
[12:35:50] 4 Guild catched
[12:35:50] 3 GuildMembers catched
[12:35:51] 122 Handlers Readed
[12:35:51] 166 Messages Readed
[12:35:52] WorldServer start in 12275 ms.
[12:37:32] MySQL Database Connected
[12:37:32] 16 Breeds catched
[12:37:32] 256 Heads catched
[12:37:32] 561 Effects catched
[12:37:33] 4 SuperAreas catched
[12:37:33] 48 Areas catched
[12:37:34] 334 SubAreas catched
[12:37:41] 11260 DofusMaps catched
[12:37:41] 9761 StatedElements catched
[12:37:41] 13349 InteractiveElements catched
[12:37:41] 1485 HouseInformations catched
[12:37:41] 556 InteractiveDoors catched
[12:37:41] 3614 MapPositions uncatched
[12:37:41] 14681 MapPositions catched
[12:37:41] 42 MapZaaps catched
[12:37:41] 79 MapSubways catched
[12:37:41] 15228 SpellLevels catched 
[12:37:42] 4772 Spells catched 
[12:37:42] 316 GuildEmblems catched 
[12:37:42] 1179 LearnableSpells catched 
[12:37:42] 9780 ItemTemplates catched 
[12:37:42] 4489 Weapons catched 
[12:37:42] 363 ItemSets catched 
[12:37:42] 171 ItemTypes catched 
[12:37:42] 110 ItemPets catched 
[12:37:42] 2476 NpcTemplates catched 
[12:37:43] 787 NpcSpawns catched 
[12:37:43] 94 NpcItems catched 
[12:37:43] 19801 NpcMessages catched 
[12:37:43] 7 NpcReplies catched 
[12:37:43] 353 Triggers catched
[12:37:43] 1277 Paddocks catched
[12:37:43] 72 Mounts catched
[12:37:43] 4 Guild catched
[12:37:43] 3 GuildMembers catched
[12:37:43] 122 Handlers Readed
[12:37:44] 166 Messages Readed
[12:37:44] WorldServer start in 12077 ms.
[13:22:54] MySQL Database Connected
[13:22:54] 16 Breeds catched
[13:22:54] 256 Heads catched
[13:22:54] 561 Effects catched
[13:22:54] 4 SuperAreas catched
[13:22:54] 48 Areas catched
[13:22:55] 334 SubAreas catched
[13:23:04] 11260 DofusMaps catched
[13:23:04] 9761 StatedElements catched
[13:23:04] 13349 InteractiveElements catched
[13:23:04] 1485 HouseInformations catched
[13:23:04] 556 InteractiveDoors catched
[13:23:04] 3614 MapPositions uncatched
[13:23:04] 14681 MapPositions catched
[13:23:04] 42 MapZaaps catched
[13:23:04] 79 MapSubways catched
[13:23:04] 15228 SpellLevels catched 
[13:23:05] 4772 Spells catched 
[13:23:05] 316 GuildEmblems catched 
[13:23:05] 1179 LearnableSpells catched 
[13:23:05] 9780 ItemTemplates catched 
[13:23:05] 4489 Weapons catched 
[13:23:05] 363 ItemSets catched 
[13:23:05] 171 ItemTypes catched 
[13:23:05] 110 ItemPets catched 
[13:23:05] 2476 NpcTemplates catched 
[13:23:06] 787 NpcSpawns catched 
[13:23:06] 94 NpcItems catched 
[13:23:06] 19801 NpcMessages catched 
[13:23:06] 7 NpcReplies catched 
[13:23:06] 353 Triggers catched
[13:23:06] 1277 Paddocks catched
[13:23:06] 72 Mounts catched
[13:23:06] 4 Guild catched
[13:23:06] 3 GuildMembers catched
[13:23:07] 122 Handlers Readed
[13:23:07] 166 Messages Readed
[13:23:07] WorldServer start in 14135 ms.
[13:30:54] MySQL Database Connected
[13:30:54] 16 Breeds catched
[13:30:54] 256 Heads catched
[13:30:54] 561 Effects catched
[13:30:55] 4 SuperAreas catched
[13:30:55] 48 Areas catched
[13:30:56] 334 SubAreas catched
[13:31:05] 11260 DofusMaps catched
[13:31:05] 9761 StatedElements catched
[13:31:05] 13349 InteractiveElements catched
[13:31:05] 1485 HouseInformations catched
[13:31:05] 556 InteractiveDoors catched
[13:31:05] 3614 MapPositions uncatched
[13:31:05] 14681 MapPositions catched
[13:31:05] 42 MapZaaps catched
[13:31:05] 79 MapSubways catched
[13:31:05] 15228 SpellLevels catched 
[13:31:06] 4772 Spells catched 
[13:31:06] 316 GuildEmblems catched 
[13:31:06] 1179 LearnableSpells catched 
[13:31:06] 9780 ItemTemplates catched 
[13:31:06] 4489 Weapons catched 
[13:31:06] 363 ItemSets catched 
[13:31:06] 171 ItemTypes catched 
[13:31:06] 110 ItemPets catched 
[13:31:07] 2476 NpcTemplates catched 
[13:31:07] 787 NpcSpawns catched 
[13:31:07] 94 NpcItems catched 
[13:31:07] 19801 NpcMessages catched 
[13:31:07] 7 NpcReplies catched 
[13:31:07] 353 Triggers catched
[13:31:07] 1277 Paddocks catched
[13:31:07] 72 Mounts catched
[13:31:07] 4 Guild catched
[13:31:07] 3 GuildMembers catched
[13:31:08] 122 Handlers Readed
[13:31:08] 166 Messages Readed
[13:31:08] WorldServer start in 14394 ms.
[13:33:38] MySQL Database Connected
[13:33:38] 16 Breeds catched
[13:33:38] 256 Heads catched
[13:33:38] 561 Effects catched
[13:33:39] 4 SuperAreas catched
[13:33:39] 48 Areas catched
[13:33:40] 334 SubAreas catched
[13:33:47] 11260 DofusMaps catched
[13:33:47] 9761 StatedElements catched
[13:33:48] 13349 InteractiveElements catched
[13:33:48] 1485 HouseInformations catched
[13:33:48] 556 InteractiveDoors catched
[13:33:48] 3614 MapPositions uncatched
[13:33:48] 14681 MapPositions catched
[13:33:48] 42 MapZaaps catched
[13:33:48] 79 MapSubways catched
[13:33:48] 15228 SpellLevels catched 
[13:33:48] 4772 Spells catched 
[13:33:48] 316 GuildEmblems catched 
[13:33:48] 1179 LearnableSpells catched 
[13:33:48] 9780 ItemTemplates catched 
[13:33:48] 4489 Weapons catched 
[13:33:48] 363 ItemSets catched 
[13:33:48] 171 ItemTypes catched 
[13:33:49] 110 ItemPets catched 
[13:33:49] 2476 NpcTemplates catched 
[13:33:49] 787 NpcSpawns catched 
[13:33:49] 94 NpcItems catched 
[13:33:49] 19801 NpcMessages catched 
[13:33:49] 7 NpcReplies catched 
[13:33:49] 353 Triggers catched
[13:33:49] 1277 Paddocks catched
[13:33:49] 72 Mounts catched
[13:33:49] 4 Guild catched
[13:33:49] 3 GuildMembers catched
[13:33:50] 122 Handlers Readed
[13:33:50] 166 Messages Readed
[13:33:51] WorldServer start in 12394 ms.
[13:36:02] MySQL Database Connected
[13:36:03] 16 Breeds catched
[13:36:03] 256 Heads catched
[13:36:03] 561 Effects catched
[13:36:03] 4 SuperAreas catched
[13:36:03] 48 Areas catched
[13:36:05] 334 SubAreas catched
[13:36:13] 11260 DofusMaps catched
[13:36:13] 9761 StatedElements catched
[13:36:14] 13349 InteractiveElements catched
[13:36:14] 1485 HouseInformations catched
[13:36:14] 556 InteractiveDoors catched
[13:36:14] 3614 MapPositions uncatched
[13:36:14] 14681 MapPositions catched
[13:36:14] 42 MapZaaps catched
[13:36:14] 79 MapSubways catched
[13:36:14] 15228 SpellLevels catched 
[13:36:14] 4772 Spells catched 
[13:36:14] 316 GuildEmblems catched 
[13:36:14] 1179 LearnableSpells catched 
[13:36:14] 9780 ItemTemplates catched 
[13:36:14] 4489 Weapons catched 
[13:36:14] 363 ItemSets catched 
[13:36:14] 171 ItemTypes catched 
[13:36:14] 110 ItemPets catched 
[13:36:15] 2476 NpcTemplates catched 
[13:36:15] 787 NpcSpawns catched 
[13:36:15] 94 NpcItems catched 
[13:36:15] 19801 NpcMessages catched 
[13:36:15] 7 NpcReplies catched 
[13:36:15] 353 Triggers catched
[13:36:15] 1277 Paddocks catched
[13:36:15] 72 Mounts catched
[13:36:15] 4 Guild catched
[13:36:15] 3 GuildMembers catched
[13:36:16] 122 Handlers Readed
[13:36:16] 166 Messages Readed
[13:36:16] WorldServer start in 14311 ms.
[13:43:25] MySQL Database Connected
[13:43:25] 16 Breeds catched
[13:43:25] 256 Heads catched
[13:43:25] 561 Effects catched
[13:43:25] 4 SuperAreas catched
[13:43:25] 48 Areas catched
[13:43:26] 334 SubAreas catched
[13:43:34] 11260 DofusMaps catched
[13:43:34] 9761 StatedElements catched
[13:43:34] 13349 InteractiveElements catched
[13:43:34] 1485 HouseInformations catched
[13:43:34] 556 InteractiveDoors catched
[13:43:34] 3614 MapPositions uncatched
[13:43:34] 14681 MapPositions catched
[13:43:34] 42 MapZaaps catched
[13:43:34] 79 MapSubways catched
[13:43:34] 15228 SpellLevels catched 
[13:43:35] 4772 Spells catched 
[13:43:35] 316 GuildEmblems catched 
[13:43:35] 1179 LearnableSpells catched 
[13:43:35] 9780 ItemTemplates catched 
[13:43:35] 4489 Weapons catched 
[13:43:35] 363 ItemSets catched 
[13:43:35] 171 ItemTypes catched 
[13:43:35] 110 ItemPets catched 
[13:43:36] 2476 NpcTemplates catched 
[13:43:36] 787 NpcSpawns catched 
[13:43:36] 94 NpcItems catched 
[13:43:36] 19801 NpcMessages catched 
[13:43:36] 7 NpcReplies catched 
[13:43:36] 353 Triggers catched
[13:43:36] 1277 Paddocks catched
[13:43:36] 72 Mounts catched
[13:43:36] 4 Guild catched
[13:43:36] 3 GuildMembers catched
[13:43:36] 122 Handlers Readed
[13:43:37] 166 Messages Readed
[13:43:37] WorldServer start in 12511 ms.
[13:49:39] MySQL Database Connected
[13:49:39] 16 Breeds catched
[13:49:39] 256 Heads catched
[13:49:39] 561 Effects catched
[13:49:40] 4 SuperAreas catched
[13:49:40] 48 Areas catched
[13:49:41] 334 SubAreas catched
[13:49:48] 11260 DofusMaps catched
[13:49:48] 9761 StatedElements catched
[13:49:49] 13349 InteractiveElements catched
[13:49:49] 1485 HouseInformations catched
[13:49:49] 556 InteractiveDoors catched
[13:49:50] 3614 MapPositions uncatched
[13:49:50] 14681 MapPositions catched
[13:49:50] 42 MapZaaps catched
[13:49:50] 79 MapSubways catched
[13:49:50] 15228 SpellLevels catched 
[13:49:50] 4772 Spells catched 
[13:49:50] 316 GuildEmblems catched 
[13:49:50] 1179 LearnableSpells catched 
[13:49:50] 9780 ItemTemplates catched 
[13:49:50] 4489 Weapons catched 
[13:49:50] 363 ItemSets catched 
[13:49:50] 171 ItemTypes catched 
[13:49:51] 110 ItemPets catched 
[13:49:51] 2476 NpcTemplates catched 
[13:49:51] 787 NpcSpawns catched 
[13:49:51] 94 NpcItems catched 
[13:49:51] 19801 NpcMessages catched 
[13:49:51] 7 NpcReplies catched 
[13:49:51] 353 Triggers catched
[13:49:51] 1277 Paddocks catched
[13:49:51] 72 Mounts catched
[13:49:52] 4 Guild catched
[13:49:52] 3 GuildMembers catched
[13:49:52] 122 Handlers Readed
[13:49:53] 166 Messages Readed
[13:49:53] WorldServer start in 13647 ms.
[13:59:39] MySQL Database Connected
[13:59:39] 16 Breeds catched
[13:59:39] 256 Heads catched
[13:59:39] 561 Effects catched
[13:59:40] 4 SuperAreas catched
[13:59:40] 48 Areas catched
[13:59:41] 334 SubAreas catched
[13:59:49] 11260 DofusMaps catched
[13:59:49] 9761 StatedElements catched
[13:59:49] 13349 InteractiveElements catched
[13:59:49] 1485 HouseInformations catched
[13:59:49] 556 InteractiveDoors catched
[13:59:49] 3614 MapPositions uncatched
[13:59:49] 14681 MapPositions catched
[13:59:49] 42 MapZaaps catched
[13:59:49] 79 MapSubways catched
[13:59:49] 15228 SpellLevels catched 
[13:59:49] 4772 Spells catched 
[13:59:49] 316 GuildEmblems catched 
[13:59:49] 1179 LearnableSpells catched 
[13:59:50] 9780 ItemTemplates catched 
[13:59:50] 4489 Weapons catched 
[13:59:50] 363 ItemSets catched 
[13:59:50] 171 ItemTypes catched 
[13:59:50] 110 ItemPets catched 
[13:59:50] 2476 NpcTemplates catched 
[13:59:50] 787 NpcSpawns catched 
[13:59:50] 94 NpcItems catched 
[13:59:50] 19801 NpcMessages catched 
[13:59:50] 7 NpcReplies catched 
[13:59:51] 353 Triggers catched
[13:59:51] 1277 Paddocks catched
[13:59:51] 72 Mounts catched
[13:59:51] 4 Guild catched
[13:59:51] 3 GuildMembers catched
[13:59:51] 122 Handlers Readed
[13:59:52] 166 Messages Readed
[13:59:52] WorldServer start in 12851 ms.
[14:02:47] MySQL Database Connected
[14:02:47] 16 Breeds catched
[14:02:47] 256 Heads catched
[14:02:47] 561 Effects catched
[14:02:47] 4 SuperAreas catched
[14:02:47] 48 Areas catched
[14:02:48] 334 SubAreas catched
[14:02:56] 11260 DofusMaps catched
[14:02:56] 9761 StatedElements catched
[14:02:56] 13349 InteractiveElements catched
[14:02:56] 1485 HouseInformations catched
[14:02:56] 556 InteractiveDoors catched
[14:02:56] 3614 MapPositions uncatched
[14:02:56] 14681 MapPositions catched
[14:02:56] 42 MapZaaps catched
[14:02:56] 79 MapSubways catched
[14:02:57] 15228 SpellLevels catched 
[14:02:57] 4772 Spells catched 
[14:02:57] 316 GuildEmblems catched 
[14:02:57] 1179 LearnableSpells catched 
[14:02:57] 9780 ItemTemplates catched 
[14:02:57] 4489 Weapons catched 
[14:02:57] 363 ItemSets catched 
[14:02:57] 171 ItemTypes catched 
[14:02:57] 110 ItemPets catched 
[14:02:58] 2476 NpcTemplates catched 
[14:02:58] 787 NpcSpawns catched 
[14:02:58] 94 NpcItems catched 
[14:02:58] 19801 NpcMessages catched 
[14:02:58] 7 NpcReplies catched 
[14:02:58] 353 Triggers catched
[14:02:58] 1277 Paddocks catched
[14:02:58] 72 Mounts catched
[14:02:58] 4 Guild catched
[14:02:58] 3 GuildMembers catched
[14:02:59] 122 Handlers Readed
[14:02:59] 166 Messages Readed
[14:03:00] WorldServer start in 13231 ms.
[14:06:35] MySQL Database Connected
[14:06:35] 16 Breeds catched
[14:06:35] 256 Heads catched
[14:06:35] 561 Effects catched
[14:06:36] 4 SuperAreas catched
[14:06:36] 48 Areas catched
[14:06:37] 334 SubAreas catched
[14:07:29] 11260 DofusMaps catched
[14:07:29] 9761 StatedElements catched
[14:07:29] 13349 InteractiveElements catched
[14:07:29] 1485 HouseInformations catched
[14:07:29] 556 InteractiveDoors catched
[14:07:29] 3614 MapPositions uncatched
[14:07:29] 14681 MapPositions catched
[14:07:29] 42 MapZaaps catched
[14:07:29] 79 MapSubways catched
[14:07:29] 15228 SpellLevels catched 
[14:07:30] 4772 Spells catched 
[14:07:30] 316 GuildEmblems catched 
[14:07:30] 1179 LearnableSpells catched 
[14:07:30] 9780 ItemTemplates catched 
[14:07:30] 4489 Weapons catched 
[14:07:30] 363 ItemSets catched 
[14:07:30] 171 ItemTypes catched 
[14:07:30] 110 ItemPets catched 
[14:07:30] 2476 NpcTemplates catched 
[14:07:30] 787 NpcSpawns catched 
[14:07:30] 94 NpcItems catched 
[14:07:31] 19801 NpcMessages catched 
[14:07:31] 7 NpcReplies catched 
[14:07:31] 353 Triggers catched
[14:07:31] 1277 Paddocks catched
[14:07:31] 72 Mounts catched
[14:07:31] 4 Guild catched
[14:07:31] 3 GuildMembers catched
[14:07:31] 122 Handlers Readed
[14:07:32] 166 Messages Readed
[14:07:32] WorldServer start in 57309 ms.
[14:10:19] MySQL Database Connected
[14:10:19] 16 Breeds catched
[14:10:19] 256 Heads catched
[14:10:19] 561 Effects catched
[14:10:20] 4 SuperAreas catched
[14:10:20] 48 Areas catched
[14:10:21] 334 SubAreas catched
[14:10:30] 11260 DofusMaps catched
[14:10:30] 9761 StatedElements catched
[14:10:30] 13349 InteractiveElements catched
[14:10:30] 1485 HouseInformations catched
[14:10:30] 556 InteractiveDoors catched
[14:10:31] 3614 MapPositions uncatched
[14:10:31] 14681 MapPositions catched
[14:10:31] 42 MapZaaps catched
[14:10:31] 79 MapSubways catched
[14:10:31] 15228 SpellLevels catched 
[14:10:31] 4772 Spells catched 
[14:10:31] 316 GuildEmblems catched 
[14:10:31] 1179 LearnableSpells catched 
[14:10:31] 9780 ItemTemplates catched 
[14:10:31] 4489 Weapons catched 
[14:10:31] 363 ItemSets catched 
[14:10:31] 171 ItemTypes catched 
[14:10:31] 110 ItemPets catched 
[14:10:32] 2476 NpcTemplates catched 
[14:10:32] 787 NpcSpawns catched 
[14:10:32] 94 NpcItems catched 
[14:10:32] 19801 NpcMessages catched 
[14:10:32] 7 NpcReplies catched 
[14:10:32] 353 Triggers catched
[14:10:32] 1277 Paddocks catched
[14:10:32] 72 Mounts catched
[14:10:32] 4 Guild catched
[14:10:32] 3 GuildMembers catched
[14:10:33] 122 Handlers Readed
[14:10:33] 166 Messages Readed
[14:10:33] WorldServer start in 14188 ms.
[19:35:29] MySQL Database Connected
[19:35:30] 16 Breeds catched
[19:35:30] 256 Heads catched
[19:35:30] 561 Effects catched
[19:35:30] 4 SuperAreas catched
[19:35:30] 48 Areas catched
[19:35:31] 334 SubAreas catched
[19:35:39] 11260 DofusMaps catched
[19:35:39] 9761 StatedElements catched
[19:35:39] 13349 InteractiveElements catched
[19:35:39] 1485 HouseInformations catched
[19:35:39] 556 InteractiveDoors catched
[19:35:39] 3614 MapPositions uncatched
[19:35:39] 14681 MapPositions catched
[19:35:39] 42 MapZaaps catched
[19:35:39] 79 MapSubways catched
[19:35:39] 15228 SpellLevels catched 
[19:35:39] 4772 Spells catched 
[19:35:39] 316 GuildEmblems catched 
[19:35:39] 1179 LearnableSpells catched 
[19:35:40] 9780 ItemTemplates catched 
[19:35:40] 4489 Weapons catched 
[19:35:40] 363 ItemSets catched 
[19:35:40] 171 ItemTypes catched 
[19:35:40] 110 ItemPets catched 
[19:35:40] 2476 NpcTemplates catched 
[19:35:40] 787 NpcSpawns catched 
[19:35:40] 94 NpcItems catched 
[19:35:40] 19801 NpcMessages catched 
[19:35:40] 7 NpcReplies catched 
[19:35:41] 353 Triggers catched
[19:35:41] 1277 Paddocks catched
[19:35:41] 72 Mounts catched
[19:35:41] 4 Guild catched
[19:35:41] 3 GuildMembers catched
[19:35:41] 122 Handlers Readed
[19:35:42] 166 Messages Readed
[19:35:42] WorldServer start in 12630 ms.
[21:52:45] MySQL Database Connected
[21:52:45] 16 Breeds catched
[21:52:45] 256 Heads catched
[21:52:45] 561 Effects catched
[21:52:45] 4 SuperAreas catched
[21:52:45] 48 Areas catched
[21:52:46] 334 SubAreas catched
[21:52:54] 11260 DofusMaps catched
[21:52:54] 9761 StatedElements catched
[21:52:54] 13349 InteractiveElements catched
[21:52:55] 1485 HouseInformations catched
[21:52:55] 556 InteractiveDoors catched
[21:52:55] 3614 MapPositions uncatched
[21:52:55] 14681 MapPositions catched
[21:52:55] 42 MapZaaps catched
[21:52:55] 79 MapSubways catched
[21:52:55] 15228 SpellLevels catched 
[21:52:55] 4772 Spells catched 
[21:52:55] 316 GuildEmblems catched 
[21:52:55] 1179 LearnableSpells catched 
[21:52:56] 9780 ItemTemplates catched 
[21:52:56] 4489 Weapons catched 
[21:52:56] 363 ItemSets catched 
[21:52:56] 171 ItemTypes catched 
[21:52:56] 110 ItemPets catched 
[21:52:56] 2476 NpcTemplates catched 
[21:52:56] 787 NpcSpawns catched 
[21:52:56] 94 NpcItems catched 
[21:52:57] 19801 NpcMessages catched 
[21:52:57] 7 NpcReplies catched 
[21:52:57] 353 Triggers catched
[21:52:57] 1277 Paddocks catched
[21:52:57] 72 Mounts catched
[21:52:57] 4 Guild catched
[21:52:57] 3 GuildMembers catched
[21:52:58] 122 Handlers Readed
[21:52:58] 166 Messages Readed
[21:52:58] WorldServer start in 13889 ms.
[21:56:45] MySQL Database Connected
[21:56:45] 16 Breeds catched
[21:56:45] 256 Heads catched
[21:56:45] 561 Effects catched
[21:56:46] 4 SuperAreas catched
[21:56:46] 48 Areas catched
[21:56:47] 334 SubAreas catched
[21:57:07] 11260 DofusMaps catched
[21:57:07] 9761 StatedElements catched
[21:57:07] 13349 InteractiveElements catched
[21:57:07] 1485 HouseInformations catched
[21:57:07] 556 InteractiveDoors catched
[21:57:08] 3614 MapPositions uncatched
[21:57:08] 14681 MapPositions catched
[21:57:08] 42 MapZaaps catched
[21:57:08] 79 MapSubways catched
[21:57:08] 15228 SpellLevels catched 
[21:57:08] 4772 Spells catched 
[21:57:08] 316 GuildEmblems catched 
[21:57:08] 1179 LearnableSpells catched 
[21:57:08] 9780 ItemTemplates catched 
[21:57:08] 4489 Weapons catched 
[21:57:08] 363 ItemSets catched 
[21:57:08] 171 ItemTypes catched 
[21:57:08] 110 ItemPets catched 
[21:57:09] 2476 NpcTemplates catched 
[21:57:09] 787 NpcSpawns catched 
[21:57:09] 94 NpcItems catched 
[21:57:09] 19801 NpcMessages catched 
[21:57:09] 7 NpcReplies catched 
[21:57:09] 353 Triggers catched
[21:57:09] 1277 Paddocks catched
[21:57:09] 72 Mounts catched
[21:57:09] 4 Guild catched
[21:57:09] 3 GuildMembers catched
[21:57:10] 122 Handlers Readed
[21:57:10] 166 Messages Readed
[21:57:10] WorldServer start in 25675 ms.
[22:05:54] MySQL Database Connected
[22:05:54] 16 Breeds catched
[22:05:54] 256 Heads catched
[22:05:54] 561 Effects catched
[22:05:55] 4 SuperAreas catched
[22:05:55] 48 Areas catched
[22:05:56] 334 SubAreas catched
[22:06:05] 11260 DofusMaps catched
[22:06:05] 9761 StatedElements catched
[22:06:06] 13349 InteractiveElements catched
[22:06:06] 1485 HouseInformations catched
[22:06:06] 556 InteractiveDoors catched
[22:06:06] 3614 MapPositions uncatched
[22:06:06] 14681 MapPositions catched
[22:06:06] 42 MapZaaps catched
[22:06:06] 79 MapSubways catched
[22:06:06] 15228 SpellLevels catched 
[22:06:06] 4772 Spells catched 
[22:06:06] 316 GuildEmblems catched 
[22:06:06] 1179 LearnableSpells catched 
[22:06:06] 9780 ItemTemplates catched 
[22:06:06] 4489 Weapons catched 
[22:06:06] 363 ItemSets catched 
[22:06:06] 171 ItemTypes catched 
[22:06:06] 110 ItemPets catched 
[22:06:07] 2476 NpcTemplates catched 
[22:06:07] 787 NpcSpawns catched 
[22:06:07] 94 NpcItems catched 
[22:06:07] 19801 NpcMessages catched 
[22:06:07] 7 NpcReplies catched 
[22:06:07] 353 Triggers catched
[22:06:07] 1277 Paddocks catched
[22:06:07] 72 Mounts catched
[22:06:07] 4 Guild catched
[22:06:07] 3 GuildMembers catched
[22:06:08] 122 Handlers Readed
[22:06:08] 166 Messages Readed
[22:06:08] WorldServer start in 14456 ms.
[23:29:20] MySQL Database Connected
[23:29:20] 16 Breeds catched
[23:29:20] 256 Heads catched
[23:29:20] 561 Effects catched
[23:29:21] 4 SuperAreas catched
[23:29:21] 48 Areas catched
[23:29:22] 334 SubAreas catched
[23:29:29] 11260 DofusMaps catched
[23:29:29] 9761 StatedElements catched
[23:29:30] 13349 InteractiveElements catched
[23:29:30] 1485 HouseInformations catched
[23:29:30] 556 InteractiveDoors catched
[23:29:30] 3614 MapPositions uncatched
[23:29:30] 14681 MapPositions catched
[23:29:30] 42 MapZaaps catched
[23:29:30] 79 MapSubways catched
[23:29:30] 15228 SpellLevels catched 
[23:29:30] 4772 Spells catched 
[23:29:30] 316 GuildEmblems catched 
[23:29:30] 1179 LearnableSpells catched 
[23:29:31] 9780 ItemTemplates catched 
[23:29:31] 4489 Weapons catched 
[23:29:31] 363 ItemSets catched 
[23:29:31] 171 ItemTypes catched 
[23:29:31] 110 ItemPets catched 
[23:29:31] 2476 NpcTemplates catched 
[23:29:31] 787 NpcSpawns catched 
[23:29:31] 94 NpcItems catched 
[23:29:31] 19801 NpcMessages catched 
[23:29:31] 7 NpcReplies catched 
[23:29:32] 353 Triggers catched
[23:29:32] 1277 Paddocks catched
[23:29:32] 72 Mounts catched
[23:29:32] 4 Guild catched
[23:29:32] 3 GuildMembers catched
[23:29:32] 122 Handlers Readed
[23:29:33] 166 Messages Readed
[23:29:33] WorldServer start in 13203 ms.
[23:37:02] MySQL Database Connected
[23:37:02] 16 Breeds catched
[23:37:02] 256 Heads catched
[23:37:02] 561 Effects catched
[23:37:03] 4 SuperAreas catched
[23:37:03] 48 Areas catched
[23:37:04] 334 SubAreas catched
[23:37:12] 11260 DofusMaps catched
[23:37:12] 9761 StatedElements catched
[23:37:12] 13349 InteractiveElements catched
[23:37:12] 1485 HouseInformations catched
[23:37:12] 556 InteractiveDoors catched
[23:37:12] 3614 MapPositions uncatched
[23:37:12] 14681 MapPositions catched
[23:37:12] 42 MapZaaps catched
[23:37:12] 79 MapSubways catched
[23:37:12] 15228 SpellLevels catched 
[23:37:12] 4772 Spells catched 
[23:37:12] 316 GuildEmblems catched 
[23:37:12] 1179 LearnableSpells catched 
[23:37:13] 9780 ItemTemplates catched 
[23:37:13] 4489 Weapons catched 
[23:37:13] 363 ItemSets catched 
[23:37:13] 171 ItemTypes catched 
[23:37:13] 110 ItemPets catched 
[23:37:13] 2476 NpcTemplates catched 
[23:37:13] 787 NpcSpawns catched 
[23:37:13] 94 NpcItems catched 
[23:37:13] 19801 NpcMessages catched 
[23:37:13] 7 NpcReplies catched 
[23:37:14] 353 Triggers catched
[23:37:14] 1277 Paddocks catched
[23:37:14] 72 Mounts catched
[23:37:14] 4 Guild catched
[23:37:14] 3 GuildMembers catched
[23:37:14] 122 Handlers Readed
[23:37:15] 166 Messages Readed
[23:37:15] WorldServer start in 12879 ms.
[23:37:54] MySQL Database Connected
[23:37:54] 16 Breeds catched
[23:37:54] 256 Heads catched
[23:37:54] 561 Effects catched
[23:37:55] 4 SuperAreas catched
[23:37:55] 48 Areas catched
[23:37:56] 334 SubAreas catched
[23:38:04] 11260 DofusMaps catched
[23:38:04] 9761 StatedElements catched
[23:38:04] 13349 InteractiveElements catched
[23:38:04] 1485 HouseInformations catched
[23:38:04] 556 InteractiveDoors catched
[23:38:04] 3614 MapPositions uncatched
[23:38:04] 14681 MapPositions catched
[23:38:04] 42 MapZaaps catched
[23:38:04] 79 MapSubways catched
[23:38:04] 15228 SpellLevels catched 
[23:38:04] 4772 Spells catched 
[23:38:04] 316 GuildEmblems catched 
[23:38:04] 1179 LearnableSpells catched 
[23:38:05] 9780 ItemTemplates catched 
[23:38:05] 4489 Weapons catched 
[23:38:05] 363 ItemSets catched 
[23:38:05] 171 ItemTypes catched 
[23:38:05] 110 ItemPets catched 
[23:38:05] 2476 NpcTemplates catched 
[23:38:05] 787 NpcSpawns catched 
[23:38:05] 94 NpcItems catched 
[23:38:05] 19801 NpcMessages catched 
[23:38:05] 7 NpcReplies catched 
[23:38:06] 353 Triggers catched
[23:38:06] 1277 Paddocks catched
[23:38:06] 72 Mounts catched
[23:38:06] 4 Guild catched
[23:38:06] 3 GuildMembers catched
[23:38:06] 122 Handlers Readed
[23:38:07] 166 Messages Readed
[23:38:07] WorldServer start in 12858 ms.
