[13:27:00] MySQL Database Connected
[13:27:00] 16 Breeds catched
[13:27:00] 256 Heads catched
[13:27:00] 566 Effects catched
[13:27:01] 4 SuperAreas catched
[13:27:01] 48 Areas catched
[13:27:02] 334 SubAreas catched
[13:27:02] 11267 DofusMaps catched
[13:27:03] 9769 StatedElements catched
[13:27:03] 13379 InteractiveElements catched
[13:27:03] 1485 HouseInformations catched
[13:27:03] 568 InteractiveDoors catched
[13:27:03] 3530 MapPositions uncatched
[13:27:03] 14681 MapPositions catched
[13:27:03] 38 MapZaaps catched
[13:27:03] 79 MapSubways catched
[13:27:03] 15612 SpellLevels catched 
[13:27:03] 4972 Spells catched 
[13:27:03] 4 SpellBombs catched 
[13:27:03] 316 GuildEmblems catched 
[13:27:03] 1179 LearnableSpells catched 
[13:27:54] MySQL Database Connected
[13:27:54] 16 Breeds catched
[13:27:54] 256 Heads catched
[13:27:54] 566 Effects catched
[13:27:55] 4 SuperAreas catched
[13:27:55] 48 Areas catched
[13:27:56] 334 SubAreas catched
[13:27:56] 11267 DofusMaps catched
[13:27:56] 9769 StatedElements catched
[13:27:56] 13379 InteractiveElements catched
[13:27:56] 1485 HouseInformations catched
[13:27:56] 568 InteractiveDoors catched
[13:27:57] 3530 MapPositions uncatched
[13:27:57] 14681 MapPositions catched
[13:27:57] 38 MapZaaps catched
[13:27:57] 79 MapSubways catched
[13:27:57] 15612 SpellLevels catched 
[13:27:57] 4972 Spells catched 
[13:27:57] 4 SpellBombs catched 
[13:27:57] 316 GuildEmblems catched 
[13:27:57] 1179 LearnableSpells catched 
[13:27:57] 171 ItemTypes catched 
[13:28:53] MySQL Database Connected
[13:28:53] 16 Breeds catched
[13:28:53] 256 Heads catched
[13:28:53] 566 Effects catched
[13:28:54] 4 SuperAreas catched
[13:28:54] 48 Areas catched
[13:28:55] 334 SubAreas catched
[13:28:55] 11267 DofusMaps catched
[13:28:55] 9769 StatedElements catched
[13:28:55] 13379 InteractiveElements catched
[13:28:55] 1485 HouseInformations catched
[13:28:55] 568 InteractiveDoors catched
[13:28:55] 3530 MapPositions uncatched
[13:28:55] 14681 MapPositions catched
[13:28:55] 38 MapZaaps catched
[13:28:55] 79 MapSubways catched
[13:28:56] 15612 SpellLevels catched 
[13:28:56] 4972 Spells catched 
[13:28:56] 4 SpellBombs catched 
[13:28:56] 316 GuildEmblems catched 
[13:28:56] 1179 LearnableSpells catched 
[13:28:56] 171 ItemTypes catched 
[13:30:34] MySQL Database Connected
[13:30:34] 16 Breeds catched
[13:30:34] 256 Heads catched
[13:30:34] 566 Effects catched
[13:30:35] 4 SuperAreas catched
[13:30:35] 48 Areas catched
[13:30:36] 334 SubAreas catched
[13:30:36] 11267 DofusMaps catched
[13:30:36] 9769 StatedElements catched
[13:30:37] 13379 InteractiveElements catched
[13:30:37] 1485 HouseInformations catched
[13:30:37] 568 InteractiveDoors catched
[13:30:37] 3530 MapPositions uncatched
[13:30:37] 14681 MapPositions catched
[13:30:37] 38 MapZaaps catched
[13:30:37] 79 MapSubways catched
[13:30:37] 15612 SpellLevels catched 
[13:30:37] 4972 Spells catched 
[13:30:37] 4 SpellBombs catched 
[13:30:37] 316 GuildEmblems catched 
[13:30:37] 1179 LearnableSpells catched 
[13:30:37] 171 ItemTypes catched 
[13:30:37] 10063 ItemTemplates catched 
[13:30:37] 4355 Weapons catched 
[13:30:37] 366 ItemSets catched 
[13:30:37] 114 ItemPets catched 
[13:30:38] 2476 NpcTemplates catched 
[13:30:38] 802 NpcSpawns catched 
[13:30:38] 94 NpcItems catched 
[13:30:38] 19801 NpcMessages catched 
[13:30:38] 8 NpcReplies catched 
[13:30:38] 366 Triggers catched
[13:30:38] 1277 Paddocks catched
[13:30:38] 72 Mounts catched
[13:30:38] 3 Guild catched
[13:30:38] 2 GuildMembers catched
[13:30:38] 11 GatheringJob LevelInfos catched
[13:30:38] 233 InteractiveSkills LevelInfos catched
[13:30:38] 2210 Monster Templates catched
[13:30:38] 11688 Monster Grades catched
[13:30:38] 8021 Monster Drops catched
[13:30:38] 128 Handlers Readed
[13:30:39] 175 Messages Readed
[13:30:39] WorldServer start in 4946 ms.
[13:31:29] MySQL Database Connected
[13:31:29] 16 Breeds catched
[13:31:29] 256 Heads catched
[13:31:29] 566 Effects catched
[13:31:30] 4 SuperAreas catched
[13:31:30] 48 Areas catched
[13:31:31] 334 SubAreas catched
[13:31:31] 11267 DofusMaps catched
[13:31:32] 9769 StatedElements catched
[13:31:32] 13379 InteractiveElements catched
[13:31:32] 1485 HouseInformations catched
[13:31:32] 568 InteractiveDoors catched
[13:31:32] 3530 MapPositions uncatched
[13:31:32] 14681 MapPositions catched
[13:31:32] 38 MapZaaps catched
[13:31:32] 79 MapSubways catched
[13:31:32] 15612 SpellLevels catched 
[13:31:32] 4972 Spells catched 
[13:31:32] 4 SpellBombs catched 
[13:31:32] 316 GuildEmblems catched 
[13:31:32] 1179 LearnableSpells catched 
[13:31:32] 171 ItemTypes catched 
[13:31:32] 10063 ItemTemplates catched 
[13:31:32] 4355 Weapons catched 
[13:31:32] 366 ItemSets catched 
[13:31:32] 114 ItemPets catched 
[13:31:33] 2476 NpcTemplates catched 
[13:31:33] 802 NpcSpawns catched 
[13:31:33] 94 NpcItems catched 
[13:31:33] 19801 NpcMessages catched 
[13:31:33] 8 NpcReplies catched 
[13:31:33] 366 Triggers catched
[13:31:33] 1277 Paddocks catched
[13:31:33] 72 Mounts catched
[13:31:33] 3 Guild catched
[13:31:33] 2 GuildMembers catched
[13:31:33] 11 GatheringJob LevelInfos catched
[13:31:33] 233 InteractiveSkills LevelInfos catched
[13:31:33] 2210 Monster Templates catched
[13:31:33] 11688 Monster Grades catched
[13:31:33] 8021 Monster Drops catched
[13:31:33] 128 Handlers Readed
[13:31:34] 175 Messages Readed
[13:31:34] WorldServer start in 5063 ms.
[13:32:39] MySQL Database Connected
[13:32:39] 16 Breeds catched
[13:32:39] 256 Heads catched
[13:32:39] 566 Effects catched
[13:32:39] 4 SuperAreas catched
[13:32:39] 48 Areas catched
[13:32:40] 334 SubAreas catched
[13:32:41] 11267 DofusMaps catched
[13:32:41] 9769 StatedElements catched
[13:32:41] 13379 InteractiveElements catched
[13:32:41] 1485 HouseInformations catched
[13:32:41] 568 InteractiveDoors catched
[13:32:41] 3530 MapPositions uncatched
[13:32:41] 14681 MapPositions catched
[13:32:41] 38 MapZaaps catched
[13:32:41] 79 MapSubways catched
[13:32:41] 15612 SpellLevels catched 
[13:32:41] 4972 Spells catched 
[13:32:41] 4 SpellBombs catched 
[13:32:41] 316 GuildEmblems catched 
[13:32:41] 1179 LearnableSpells catched 
[13:32:41] 171 ItemTypes catched 
[13:32:41] 10063 ItemTemplates catched 
[13:32:41] 4355 Weapons catched 
[13:32:41] 366 ItemSets catched 
[13:32:42] 114 ItemPets catched 
[13:32:42] 2476 NpcTemplates catched 
[13:32:42] 802 NpcSpawns catched 
[13:32:42] 94 NpcItems catched 
[13:32:42] 19801 NpcMessages catched 
[13:32:42] 8 NpcReplies catched 
[13:32:42] 366 Triggers catched
[13:32:42] 1277 Paddocks catched
[13:32:42] 72 Mounts catched
[13:32:42] 3 Guild catched
[13:32:42] 2 GuildMembers catched
[13:32:42] 11 GatheringJob LevelInfos catched
[13:32:42] 233 InteractiveSkills LevelInfos catched
[13:32:42] 2210 Monster Templates catched
[13:32:42] 11688 Monster Grades catched
[13:32:42] 8021 Monster Drops catched
[13:32:43] 128 Handlers Readed
[13:32:43] 175 Messages Readed
[13:32:43] WorldServer start in 4868 ms.
[13:34:21] MySQL Database Connected
[13:34:21] 16 Breeds catched
[13:34:21] 256 Heads catched
[13:34:21] 566 Effects catched
[13:34:21] 4 SuperAreas catched
[13:34:21] 48 Areas catched
[13:34:22] 334 SubAreas catched
[13:34:23] 11267 DofusMaps catched
[13:34:23] 9769 StatedElements catched
[13:34:23] 13379 InteractiveElements catched
[13:34:23] 1485 HouseInformations catched
[13:34:23] 568 InteractiveDoors catched
[13:34:23] 3530 MapPositions uncatched
[13:34:23] 14681 MapPositions catched
[13:34:23] 38 MapZaaps catched
[13:34:23] 79 MapSubways catched
[13:34:23] 15612 SpellLevels catched 
[13:34:23] 4972 Spells catched 
[13:34:23] 4 SpellBombs catched 
[13:34:23] 316 GuildEmblems catched 
[13:34:23] 1179 LearnableSpells catched 
[13:34:23] 171 ItemTypes catched 
[13:34:23] 10063 ItemTemplates catched 
[13:34:23] 4355 Weapons catched 
[13:34:23] 366 ItemSets catched 
[13:34:24] 114 ItemPets catched 
[13:34:24] 2476 NpcTemplates catched 
[13:34:24] 802 NpcSpawns catched 
[13:34:24] 510 NpcItems catched 
[13:34:24] 19801 NpcMessages catched 
[13:34:24] 8 NpcReplies catched 
[13:34:24] 366 Triggers catched
[13:34:24] 1277 Paddocks catched
[13:34:24] 72 Mounts catched
[13:34:24] 3 Guild catched
[13:34:24] 2 GuildMembers catched
[13:34:24] 11 GatheringJob LevelInfos catched
[13:34:24] 233 InteractiveSkills LevelInfos catched
[13:34:24] 2210 Monster Templates catched
[13:34:24] 11688 Monster Grades catched
[13:34:24] 8021 Monster Drops catched
[13:34:25] 128 Handlers Readed
[13:34:25] 175 Messages Readed
[13:34:25] WorldServer start in 4793 ms.
[13:35:02] Packet not handled 945
[13:37:48] MySQL Database Connected
[13:37:48] 16 Breeds catched
[13:37:48] 256 Heads catched
[13:37:48] 566 Effects catched
[13:37:49] 4 SuperAreas catched
[13:37:49] 48 Areas catched
[13:37:50] 334 SubAreas catched
[13:37:50] 11267 DofusMaps catched
[13:37:51] 9769 StatedElements catched
[13:37:51] 13379 InteractiveElements catched
[13:37:51] 1485 HouseInformations catched
[13:37:51] 568 InteractiveDoors catched
[13:37:51] 3530 MapPositions uncatched
[13:37:51] 14681 MapPositions catched
[13:37:51] 38 MapZaaps catched
[13:37:51] 79 MapSubways catched
[13:37:51] 15612 SpellLevels catched 
[13:37:51] 4972 Spells catched 
[13:37:51] 4 SpellBombs catched 
[13:37:51] 316 GuildEmblems catched 
[13:37:51] 1179 LearnableSpells catched 
[13:37:51] 171 ItemTypes catched 
[13:37:51] 10063 ItemTemplates catched 
[13:37:51] 4355 Weapons catched 
[13:37:51] 366 ItemSets catched 
[13:37:51] 114 ItemPets catched 
[13:37:52] 2476 NpcTemplates catched 
[13:37:52] 802 NpcSpawns catched 
[13:37:52] 510 NpcItems catched 
[13:37:52] 19801 NpcMessages catched 
[13:37:52] 8 NpcReplies catched 
[13:37:52] 366 Triggers catched
[13:37:52] 1277 Paddocks catched
[13:37:52] 72 Mounts catched
[13:37:52] 3 Guild catched
[13:37:52] 2 GuildMembers catched
[13:37:52] 11 GatheringJob LevelInfos catched
[13:37:52] 233 InteractiveSkills LevelInfos catched
[13:37:52] 2210 Monster Templates catched
[13:37:52] 11688 Monster Grades catched
[13:37:52] 8021 Monster Drops catched
[13:37:52] 129 Handlers Readed
[13:37:53] 175 Messages Readed
[13:37:53] WorldServer start in 4902 ms.
[13:39:58] MySQL Database Connected
[13:39:58] 16 Breeds catched
[13:39:58] 256 Heads catched
[13:39:58] 566 Effects catched
[13:39:59] 4 SuperAreas catched
[13:39:59] 48 Areas catched
[13:40:00] 334 SubAreas catched
[13:40:00] 11267 DofusMaps catched
[13:40:00] 9769 StatedElements catched
[13:40:01] 13379 InteractiveElements catched
[13:40:01] 1485 HouseInformations catched
[13:40:01] 568 InteractiveDoors catched
[13:40:01] 3530 MapPositions uncatched
[13:40:01] 14681 MapPositions catched
[13:40:01] 38 MapZaaps catched
[13:40:01] 79 MapSubways catched
[13:40:01] 15612 SpellLevels catched 
[13:40:01] 4972 Spells catched 
[13:40:01] 4 SpellBombs catched 
[13:40:01] 316 GuildEmblems catched 
[13:40:01] 1179 LearnableSpells catched 
[13:40:01] 171 ItemTypes catched 
[13:40:01] 10063 ItemTemplates catched 
[13:40:01] 4355 Weapons catched 
[13:40:01] 366 ItemSets catched 
[13:40:01] 114 ItemPets catched 
[13:40:01] 2476 NpcTemplates catched 
[13:40:01] 803 NpcSpawns catched 
[13:40:01] 510 NpcItems catched 
[13:40:02] 19801 NpcMessages catched 
[13:40:02] 8 NpcReplies catched 
[13:40:02] 366 Triggers catched
[13:40:02] 1277 Paddocks catched
[13:40:02] 72 Mounts catched
[13:40:02] 3 Guild catched
[13:40:02] 2 GuildMembers catched
[13:40:02] 11 GatheringJob LevelInfos catched
[13:40:02] 233 InteractiveSkills LevelInfos catched
[13:40:02] 2210 Monster Templates catched
[13:40:02] 11688 Monster Grades catched
[13:40:02] 8021 Monster Drops catched
[13:40:02] 129 Handlers Readed
[13:40:03] 175 Messages Readed
[13:40:03] WorldServer start in 5047 ms.
[16:16:50] MySQL Database Connected
[16:16:51] 16 Breeds catched
[16:16:51] 256 Heads catched
[16:16:51] 566 Effects catched
[16:16:51] 4 SuperAreas catched
[16:16:51] 48 Areas catched
[16:16:52] 334 SubAreas catched
[16:16:53] 11267 DofusMaps catched
[16:16:53] 9769 StatedElements catched
[16:16:53] 13379 InteractiveElements catched
[16:16:53] 1485 HouseInformations catched
[16:16:53] 568 InteractiveDoors catched
[16:16:53] 3530 MapPositions uncatched
[16:16:53] 14681 MapPositions catched
[16:16:53] 38 MapZaaps catched
[16:16:53] 79 MapSubways catched
[16:16:53] 15612 SpellLevels catched 
[16:16:53] 4972 Spells catched 
[16:16:53] 4 SpellBombs catched 
[16:16:53] 316 GuildEmblems catched 
[16:16:53] 1179 LearnableSpells catched 
[16:16:53] 171 ItemTypes catched 
[16:16:54] 10063 ItemTemplates catched 
[16:16:54] 4355 Weapons catched 
[16:16:54] 366 ItemSets catched 
[16:16:54] 114 ItemPets catched 
[16:16:54] 2476 NpcTemplates catched 
[16:16:54] 803 NpcSpawns catched 
[16:16:54] 510 NpcItems catched 
[16:16:54] 19801 NpcMessages catched 
[16:16:54] 8 NpcReplies catched 
[16:16:54] 366 Triggers catched
[16:16:54] 1277 Paddocks catched
[16:16:54] 72 Mounts catched
[16:16:54] 3 Guild catched
[16:16:54] 2 GuildMembers catched
[16:16:54] 11 GatheringJob LevelInfos catched
[16:16:54] 233 InteractiveSkills LevelInfos catched
[16:16:54] 2210 Monster Templates catched
[16:16:54] 11688 Monster Grades catched
[16:16:54] 8021 Monster Drops catched
[16:16:55] 129 Handlers Readed
[16:16:55] 175 Messages Readed
[16:16:55] WorldServer start in 5105 ms.
[16:38:20] MySQL Database Connected
[16:38:20] 16 Breeds catched
[16:38:20] 256 Heads catched
[16:38:20] 566 Effects catched
[16:38:20] 4 SuperAreas catched
[16:38:20] 48 Areas catched
[16:38:22] 334 SubAreas catched
[16:38:22] 11267 DofusMaps catched
[16:38:22] 9769 StatedElements catched
[16:38:22] 13379 InteractiveElements catched
[16:38:22] 1485 HouseInformations catched
[16:38:22] 568 InteractiveDoors catched
[16:38:22] 3530 MapPositions uncatched
[16:38:22] 14681 MapPositions catched
[16:38:22] 38 MapZaaps catched
[16:38:22] 79 MapSubways catched
[16:38:23] 15612 SpellLevels catched 
[16:38:23] 4972 Spells catched 
[16:38:23] 4 SpellBombs catched 
[16:38:23] 316 GuildEmblems catched 
[16:38:23] 1179 LearnableSpells catched 
[16:38:23] 171 ItemTypes catched 
[16:38:23] 10063 ItemTemplates catched 
[16:38:23] 4355 Weapons catched 
[16:38:23] 366 ItemSets catched 
[16:38:23] 114 ItemPets catched 
[16:38:23] 2476 NpcTemplates catched 
[16:38:23] 803 NpcSpawns catched 
[16:38:23] 510 NpcItems catched 
[16:38:23] 19801 NpcMessages catched 
[16:38:23] 8 NpcReplies catched 
[16:38:23] 366 Triggers catched
[16:38:23] 1277 Paddocks catched
[16:38:23] 72 Mounts catched
[16:38:23] 3 Guild catched
[16:38:23] 2 GuildMembers catched
[16:38:23] 11 GatheringJob LevelInfos catched
[16:38:24] 233 InteractiveSkills LevelInfos catched
[16:38:24] 2210 Monster Templates catched
[16:38:24] 11688 Monster Grades catched
[16:38:24] 8021 Monster Drops catched
[16:38:24] 129 Handlers Readed
[16:38:25] 175 Messages Readed
[16:38:25] WorldServer start in 5306 ms.
[16:45:57] MySQL Database Connected
[16:45:57] 16 Breeds catched
[16:45:57] 256 Heads catched
[16:45:57] 566 Effects catched
[16:45:58] 4 SuperAreas catched
[16:45:58] 48 Areas catched
[16:45:59] 334 SubAreas catched
[16:46:00] 11267 DofusMaps catched
[16:46:00] 9769 StatedElements catched
[16:46:00] 13379 InteractiveElements catched
[16:46:00] 1485 HouseInformations catched
[16:46:00] 568 InteractiveDoors catched
[16:46:00] 3530 MapPositions uncatched
[16:46:00] 14681 MapPositions catched
[16:46:00] 38 MapZaaps catched
[16:46:00] 79 MapSubways catched
[16:46:00] 15612 SpellLevels catched 
[16:46:00] 4972 Spells catched 
[16:46:00] 4 SpellBombs catched 
[16:46:00] 316 GuildEmblems catched 
[16:46:00] 1179 LearnableSpells catched 
[16:46:00] 171 ItemTypes catched 
[16:46:01] 10063 ItemTemplates catched 
[16:46:01] 4355 Weapons catched 
[16:46:01] 366 ItemSets catched 
[16:46:01] 114 ItemPets catched 
[16:46:01] 2476 NpcTemplates catched 
[16:46:01] 803 NpcSpawns catched 
[16:46:01] 510 NpcItems catched 
[16:46:01] 19801 NpcMessages catched 
[16:46:01] 8 NpcReplies catched 
[16:46:01] 366 Triggers catched
[16:46:01] 1277 Paddocks catched
[16:46:01] 72 Mounts catched
[16:46:01] 3 Guild catched
[16:46:01] 2 GuildMembers catched
[16:46:01] 11 GatheringJob LevelInfos catched
[16:46:01] 233 InteractiveSkills LevelInfos catched
[16:46:01] 2210 Monster Templates catched
[16:46:01] 11688 Monster Grades catched
[16:46:01] 8021 Monster Drops catched
[16:46:02] 129 Handlers Readed
[16:46:02] 175 Messages Readed
[16:46:02] WorldServer start in 5423 ms.
[16:50:35] MySQL Database Connected
[16:50:35] 16 Breeds catched
[16:50:35] 256 Heads catched
[16:50:35] 566 Effects catched
[16:50:36] 4 SuperAreas catched
[16:50:36] 48 Areas catched
[16:50:37] 334 SubAreas catched
[16:50:38] 11267 DofusMaps catched
[16:50:38] 9769 StatedElements catched
[16:50:38] 13379 InteractiveElements catched
[16:50:38] 1485 HouseInformations catched
[16:50:38] 568 InteractiveDoors catched
[16:50:38] 3530 MapPositions uncatched
[16:50:38] 14681 MapPositions catched
[16:50:38] 38 MapZaaps catched
[16:50:38] 79 MapSubways catched
[16:50:38] 15612 SpellLevels catched 
[16:50:39] 4972 Spells catched 
[16:50:39] 4 SpellBombs catched 
[16:50:39] 316 GuildEmblems catched 
[16:50:39] 1179 LearnableSpells catched 
[16:50:39] 171 ItemTypes catched 
[16:50:39] 10063 ItemTemplates catched 
[16:50:39] 4355 Weapons catched 
[16:50:39] 366 ItemSets catched 
[16:50:39] 114 ItemPets catched 
[16:50:39] 2476 NpcTemplates catched 
[16:50:39] 803 NpcSpawns catched 
[16:50:39] 510 NpcItems catched 
[16:50:39] 19801 NpcMessages catched 
[16:50:39] 8 NpcReplies catched 
[16:50:39] 366 Triggers catched
[16:50:39] 1277 Paddocks catched
[16:50:39] 72 Mounts catched
[16:50:39] 3 Guild catched
[16:50:39] 2 GuildMembers catched
[16:50:40] 11 GatheringJob LevelInfos catched
[16:50:40] 233 InteractiveSkills LevelInfos catched
[16:50:40] 2210 Monster Templates catched
[16:50:40] 11688 Monster Grades catched
[16:50:40] 8021 Monster Drops catched
[16:50:40] 129 Handlers Readed
[16:50:41] 175 Messages Readed
[16:50:41] WorldServer start in 5961 ms.
[16:54:23] MySQL Database Connected
[16:54:23] 16 Breeds catched
[16:54:23] 256 Heads catched
[16:54:23] 566 Effects catched
[16:54:24] 4 SuperAreas catched
[16:54:24] 48 Areas catched
[16:54:25] 334 SubAreas catched
[16:54:26] 11267 DofusMaps catched
[16:54:26] 9769 StatedElements catched
[16:54:26] 13379 InteractiveElements catched
[16:54:26] 1485 HouseInformations catched
[16:54:26] 568 InteractiveDoors catched
[16:54:26] 3530 MapPositions uncatched
[16:54:26] 14681 MapPositions catched
[16:54:26] 38 MapZaaps catched
[16:54:26] 79 MapSubways catched
[16:54:26] 15612 SpellLevels catched 
[16:54:26] 4972 Spells catched 
[16:54:26] 4 SpellBombs catched 
[16:54:26] 316 GuildEmblems catched 
[16:54:26] 1179 LearnableSpells catched 
[16:54:26] 171 ItemTypes catched 
[16:54:26] 10063 ItemTemplates catched 
[16:54:26] 4355 Weapons catched 
[16:54:27] 366 ItemSets catched 
[16:54:27] 114 ItemPets catched 
[16:54:27] 2476 NpcTemplates catched 
[16:54:27] 803 NpcSpawns catched 
[16:54:27] 510 NpcItems catched 
[16:54:27] 19801 NpcMessages catched 
[16:54:27] 8 NpcReplies catched 
[16:54:27] 366 Triggers catched
[16:54:27] 1277 Paddocks catched
[16:54:27] 72 Mounts catched
[16:54:27] 3 Guild catched
[16:54:27] 2 GuildMembers catched
[16:54:27] 11 GatheringJob LevelInfos catched
[16:54:27] 233 InteractiveSkills LevelInfos catched
[16:54:27] 2210 Monster Templates catched
[16:54:27] 11688 Monster Grades catched
[16:54:27] 8021 Monster Drops catched
[16:54:28] 129 Handlers Readed
[16:54:28] 175 Messages Readed
[16:54:28] WorldServer start in 5268 ms.
[17:15:15] MySQL Database Connected
[17:15:15] 16 Breeds catched
[17:15:15] 256 Heads catched
[17:15:15] 566 Effects catched
[17:15:16] 4 SuperAreas catched
[17:15:16] 48 Areas catched
[17:15:17] 334 SubAreas catched
[17:15:18] 11267 DofusMaps catched
[17:15:18] 9769 StatedElements catched
[17:15:18] 13379 InteractiveElements catched
[17:15:18] 1485 HouseInformations catched
[17:15:18] 568 InteractiveDoors catched
[17:15:18] 3530 MapPositions uncatched
[17:15:18] 14681 MapPositions catched
[17:15:18] 38 MapZaaps catched
[17:15:18] 79 MapSubways catched
[17:15:18] 15612 SpellLevels catched 
[17:15:18] 4972 Spells catched 
[17:15:18] 4 SpellBombs catched 
[17:15:18] 316 GuildEmblems catched 
[17:15:18] 1179 LearnableSpells catched 
[17:15:18] 171 ItemTypes catched 
[17:15:18] 10063 ItemTemplates catched 
[17:15:18] 4355 Weapons catched 
[17:15:18] 366 ItemSets catched 
[17:15:18] 114 ItemPets catched 
[17:15:19] 2476 NpcTemplates catched 
[17:15:19] 803 NpcSpawns catched 
[17:15:19] 510 NpcItems catched 
[17:15:19] 19801 NpcMessages catched 
[17:15:19] 8 NpcReplies catched 
[17:15:19] 366 Triggers catched
[17:15:19] 1277 Paddocks catched
[17:15:19] 72 Mounts catched
[17:15:19] 3 Guild catched
[17:15:19] 2 GuildMembers catched
[17:15:19] 11 GatheringJob LevelInfos catched
[17:15:19] 233 InteractiveSkills LevelInfos catched
[17:15:19] 2210 Monster Templates catched
[17:15:19] 11688 Monster Grades catched
[17:15:19] 8021 Monster Drops catched
[17:15:20] 129 Handlers Readed
[17:15:20] 175 Messages Readed
[17:15:20] WorldServer start in 5260 ms.
[17:16:33] MySQL Database Connected
[17:16:33] 16 Breeds catched
[17:16:33] 256 Heads catched
[17:16:33] 566 Effects catched
[17:16:34] 4 SuperAreas catched
[17:16:34] 48 Areas catched
[17:16:35] 334 SubAreas catched
[17:16:35] 11267 DofusMaps catched
[17:16:35] 9769 StatedElements catched
[17:16:36] 13379 InteractiveElements catched
[17:16:36] 1485 HouseInformations catched
[17:16:36] 568 InteractiveDoors catched
[17:16:36] 3530 MapPositions uncatched
[17:16:36] 14681 MapPositions catched
[17:16:36] 38 MapZaaps catched
[17:16:36] 79 MapSubways catched
[17:16:36] 15612 SpellLevels catched 
[17:16:36] 4972 Spells catched 
[17:16:36] 4 SpellBombs catched 
[17:16:36] 316 GuildEmblems catched 
[17:16:36] 1179 LearnableSpells catched 
[17:16:36] 171 ItemTypes catched 
[17:16:36] 10063 ItemTemplates catched 
[17:16:36] 4355 Weapons catched 
[17:16:36] 366 ItemSets catched 
[17:16:36] 114 ItemPets catched 
[17:16:37] 2476 NpcTemplates catched 
[17:16:37] 804 NpcSpawns catched 
[17:16:37] 829 NpcItems catched 
[17:16:37] 19801 NpcMessages catched 
[17:16:37] 8 NpcReplies catched 
[17:16:37] 366 Triggers catched
[17:16:37] 1277 Paddocks catched
[17:16:37] 72 Mounts catched
[17:16:37] 3 Guild catched
[17:16:37] 2 GuildMembers catched
[17:16:37] 11 GatheringJob LevelInfos catched
[17:16:37] 233 InteractiveSkills LevelInfos catched
[17:16:37] 2210 Monster Templates catched
[17:16:37] 11688 Monster Grades catched
[17:16:37] 8021 Monster Drops catched
[17:16:38] 129 Handlers Readed
[17:16:38] 175 Messages Readed
[17:16:38] WorldServer start in 5498 ms.
[17:17:27] MySQL Database Connected
[17:17:27] 16 Breeds catched
[17:17:27] 256 Heads catched
[17:17:27] 566 Effects catched
[17:17:27] 4 SuperAreas catched
[17:17:27] 48 Areas catched
[17:17:28] 334 SubAreas catched
[17:17:29] 11267 DofusMaps catched
[17:17:29] 9769 StatedElements catched
[17:17:29] 13379 InteractiveElements catched
[17:17:29] 1485 HouseInformations catched
[17:17:29] 568 InteractiveDoors catched
[17:17:29] 3530 MapPositions uncatched
[17:17:29] 14681 MapPositions catched
[17:17:29] 38 MapZaaps catched
[17:17:29] 79 MapSubways catched
[17:17:29] 15612 SpellLevels catched 
[17:17:30] 4972 Spells catched 
[17:17:30] 4 SpellBombs catched 
[17:17:30] 316 GuildEmblems catched 
[17:17:30] 1179 LearnableSpells catched 
[17:17:30] 171 ItemTypes catched 
[17:17:30] 10063 ItemTemplates catched 
[17:17:30] 4355 Weapons catched 
[17:17:30] 366 ItemSets catched 
[17:17:30] 114 ItemPets catched 
[17:17:30] 2476 NpcTemplates catched 
[17:17:30] 804 NpcSpawns catched 
[17:17:30] 829 NpcItems catched 
[17:17:30] 19801 NpcMessages catched 
[17:17:30] 8 NpcReplies catched 
[17:17:30] 366 Triggers catched
[17:17:30] 1277 Paddocks catched
[17:17:30] 72 Mounts catched
[17:17:30] 3 Guild catched
[17:17:30] 2 GuildMembers catched
[17:17:30] 11 GatheringJob LevelInfos catched
[17:17:30] 233 InteractiveSkills LevelInfos catched
[17:17:31] 2210 Monster Templates catched
[17:17:31] 11688 Monster Grades catched
[17:17:31] 8021 Monster Drops catched
[17:17:31] 129 Handlers Readed
[17:17:32] 175 Messages Readed
[17:17:32] WorldServer start in 5515 ms.
[17:27:07] MySQL Database Connected
[17:27:07] 16 Breeds catched
[17:27:07] 256 Heads catched
[17:27:07] 566 Effects catched
[17:27:07] 4 SuperAreas catched
[17:27:07] 48 Areas catched
[17:27:08] 334 SubAreas catched
[17:27:09] 11267 DofusMaps catched
[17:27:09] 9769 StatedElements catched
[17:27:09] 13379 InteractiveElements catched
[17:27:09] 1485 HouseInformations catched
[17:27:09] 568 InteractiveDoors catched
[17:27:09] 3530 MapPositions uncatched
[17:27:09] 14681 MapPositions catched
[17:27:09] 38 MapZaaps catched
[17:27:09] 79 MapSubways catched
[17:27:09] 15612 SpellLevels catched 
[17:27:09] 4972 Spells catched 
[17:27:09] 4 SpellBombs catched 
[17:27:09] 316 GuildEmblems catched 
[17:27:09] 1179 LearnableSpells catched 
[17:27:09] 171 ItemTypes catched 
[17:27:10] 10063 ItemTemplates catched 
[17:27:10] 4355 Weapons catched 
[17:27:10] 366 ItemSets catched 
[17:27:10] 114 ItemPets catched 
[17:27:10] 2476 NpcTemplates catched 
[17:27:10] 804 NpcSpawns catched 
[17:27:10] 829 NpcItems catched 
[17:27:10] 19801 NpcMessages catched 
[17:27:10] 8 NpcReplies catched 
[17:27:10] 366 Triggers catched
[17:27:10] 1277 Paddocks catched
[17:27:10] 72 Mounts catched
[17:27:10] 3 Guild catched
[17:27:10] 2 GuildMembers catched
[17:27:10] 11 GatheringJob LevelInfos catched
[17:27:10] 233 InteractiveSkills LevelInfos catched
[17:27:10] 2210 Monster Templates catched
[17:27:10] 11688 Monster Grades catched
[17:27:11] 8021 Monster Drops catched
[17:27:11] 129 Handlers Readed
[17:27:11] 175 Messages Readed
[17:27:11] WorldServer start in 5189 ms.
[17:59:34] MySQL Database Connected
[17:59:34] 16 Breeds catched
[17:59:34] 256 Heads catched
[17:59:34] 566 Effects catched
[17:59:35] 4 SuperAreas catched
[17:59:35] 48 Areas catched
[17:59:36] 334 SubAreas catched
[17:59:42] MySQL Database Connected
[17:59:42] 16 Breeds catched
[17:59:42] 256 Heads catched
[17:59:42] 566 Effects catched
[17:59:43] 4 SuperAreas catched
[17:59:43] 48 Areas catched
[17:59:44] 334 SubAreas catched
[17:59:45] 11267 DofusMaps catched
[17:59:45] 9769 StatedElements catched
[17:59:45] 13379 InteractiveElements catched
[17:59:45] 1485 HouseInformations catched
[17:59:45] 568 InteractiveDoors catched
[17:59:45] 3530 MapPositions uncatched
[17:59:45] 14681 MapPositions catched
[17:59:45] 38 MapZaaps catched
[17:59:45] 79 MapSubways catched
[17:59:45] 15612 SpellLevels catched 
[17:59:45] 4972 Spells catched 
[17:59:45] 4 SpellBombs catched 
[17:59:45] 316 GuildEmblems catched 
[17:59:45] 1179 LearnableSpells catched 
[17:59:45] 171 ItemTypes catched 
[17:59:45] 10063 ItemTemplates catched 
[17:59:46] 4355 Weapons catched 
[17:59:46] 366 ItemSets catched 
[17:59:46] 114 ItemPets catched 
[17:59:46] 2476 NpcTemplates catched 
[17:59:46] 805 NpcSpawns catched 
[17:59:46] 829 NpcItems catched 
[17:59:46] 19801 NpcMessages catched 
[17:59:46] 8 NpcReplies catched 
[17:59:46] 366 Triggers catched
[17:59:46] 1277 Paddocks catched
[17:59:46] 72 Mounts catched
[17:59:46] 3 Guild catched
[17:59:46] 2 GuildMembers catched
[17:59:46] 11 GatheringJob LevelInfos catched
[17:59:46] 233 InteractiveSkills LevelInfos catched
[17:59:46] 2210 Monster Templates catched
[17:59:46] 11688 Monster Grades catched
[17:59:46] 8021 Monster Drops catched
[17:59:47] 129 Handlers Readed
[17:59:47] 175 Messages Readed
[17:59:47] WorldServer start in 5471 ms.
[18:00:41] MySQL Database Connected
[18:00:41] 16 Breeds catched
[18:00:41] 256 Heads catched
[18:00:41] 566 Effects catched
[18:00:41] 4 SuperAreas catched
[18:00:41] 48 Areas catched
[18:00:42] 334 SubAreas catched
[18:00:43] 11267 DofusMaps catched
[18:00:43] 9769 StatedElements catched
[18:00:43] 13379 InteractiveElements catched
[18:00:43] 1485 HouseInformations catched
[18:00:43] 568 InteractiveDoors catched
[18:00:43] 3530 MapPositions uncatched
[18:00:43] 14681 MapPositions catched
[18:00:43] 38 MapZaaps catched
[18:00:43] 79 MapSubways catched
[18:00:44] 15612 SpellLevels catched 
[18:00:44] 4972 Spells catched 
[18:00:44] 4 SpellBombs catched 
[18:00:44] 316 GuildEmblems catched 
[18:00:44] 1179 LearnableSpells catched 
[18:00:44] 171 ItemTypes catched 
[18:00:44] 10063 ItemTemplates catched 
[18:00:44] 4355 Weapons catched 
[18:00:44] 366 ItemSets catched 
[18:00:44] 114 ItemPets catched 
[18:00:44] 2476 NpcTemplates catched 
[18:00:44] 805 NpcSpawns catched 
[18:00:44] 1680 NpcItems catched 
[18:00:44] 19801 NpcMessages catched 
[18:00:44] 8 NpcReplies catched 
[18:00:44] 366 Triggers catched
[18:00:44] 1277 Paddocks catched
[18:00:44] 72 Mounts catched
[18:00:44] 3 Guild catched
[18:00:44] 2 GuildMembers catched
[18:00:44] 11 GatheringJob LevelInfos catched
[18:00:45] 233 InteractiveSkills LevelInfos catched
[18:00:45] 2210 Monster Templates catched
[18:00:45] 11688 Monster Grades catched
[18:00:45] 8021 Monster Drops catched
[18:00:45] 129 Handlers Readed
[18:00:46] 175 Messages Readed
[18:00:46] WorldServer start in 5506 ms.
[18:58:41] MySQL Database Connected
[18:58:41] 16 Breeds catched
[18:58:41] 256 Heads catched
[18:58:41] 566 Effects catched
[18:58:41] 4 SuperAreas catched
[18:58:41] 48 Areas catched
[18:58:43] 334 SubAreas catched
[18:58:43] 11267 DofusMaps catched
[18:58:43] 9769 StatedElements catched
[18:58:43] 13379 InteractiveElements catched
[18:58:43] 1485 HouseInformations catched
[18:58:43] 568 InteractiveDoors catched
[18:58:43] 3530 MapPositions uncatched
[18:58:43] 14681 MapPositions catched
[18:58:43] 38 MapZaaps catched
[18:58:43] 79 MapSubways catched
[18:58:44] 15612 SpellLevels catched 
[18:58:44] 4972 Spells catched 
[18:58:44] 4 SpellBombs catched 
[18:58:44] 316 GuildEmblems catched 
[18:58:44] 1179 LearnableSpells catched 
[18:58:44] 171 ItemTypes catched 
[18:58:44] 10063 ItemTemplates catched 
[18:58:44] 4355 Weapons catched 
[18:58:44] 366 ItemSets catched 
[18:58:44] 114 ItemPets catched 
[18:58:44] 2476 NpcTemplates catched 
[18:58:44] 805 NpcSpawns catched 
[18:58:44] 1673 NpcItems catched 
[18:58:44] 19801 NpcMessages catched 
[18:58:44] 8 NpcReplies catched 
[18:58:44] 366 Triggers catched
[18:58:45] 1277 Paddocks catched
[18:58:45] 72 Mounts catched
[18:58:45] 3 Guild catched
[18:58:45] 2 GuildMembers catched
[18:58:45] 11 GatheringJob LevelInfos catched
[18:58:45] 233 InteractiveSkills LevelInfos catched
[18:58:45] 2210 Monster Templates catched
[18:58:45] 11688 Monster Grades catched
[18:58:45] 8021 Monster Drops catched
[18:58:45] 129 Handlers Readed
[18:58:46] 175 Messages Readed
[18:58:46] WorldServer start in 5222 ms.
[18:59:23] MySQL Database Connected
[18:59:23] 16 Breeds catched
[18:59:23] 256 Heads catched
[18:59:23] 566 Effects catched
[18:59:24] 4 SuperAreas catched
[18:59:24] 48 Areas catched
[18:59:25] 334 SubAreas catched
[18:59:26] 11267 DofusMaps catched
[18:59:26] 9769 StatedElements catched
[18:59:26] 13379 InteractiveElements catched
[18:59:26] 1485 HouseInformations catched
[18:59:26] 568 InteractiveDoors catched
[18:59:26] 3530 MapPositions uncatched
[18:59:26] 14681 MapPositions catched
[18:59:26] 38 MapZaaps catched
[18:59:26] 79 MapSubways catched
[18:59:26] 15612 SpellLevels catched 
[18:59:26] 4972 Spells catched 
[18:59:26] 4 SpellBombs catched 
[18:59:26] 316 GuildEmblems catched 
[18:59:26] 1179 LearnableSpells catched 
[18:59:26] 171 ItemTypes catched 
[18:59:26] 10063 ItemTemplates catched 
[18:59:27] 4355 Weapons catched 
[18:59:27] 366 ItemSets catched 
[18:59:27] 114 ItemPets catched 
[18:59:27] 2476 NpcTemplates catched 
[18:59:27] 805 NpcSpawns catched 
[18:59:27] 1673 NpcItems catched 
[18:59:27] 19801 NpcMessages catched 
[18:59:27] 8 NpcReplies catched 
[18:59:27] 366 Triggers catched
[18:59:27] 1277 Paddocks catched
[18:59:27] 72 Mounts catched
[18:59:27] 3 Guild catched
[18:59:27] 2 GuildMembers catched
[18:59:27] 11 GatheringJob LevelInfos catched
[18:59:27] 233 InteractiveSkills LevelInfos catched
[18:59:27] 2210 Monster Templates catched
[18:59:27] 11688 Monster Grades catched
[18:59:27] 8021 Monster Drops catched
[18:59:28] 129 Handlers Readed
[18:59:28] 175 Messages Readed
[18:59:28] WorldServer start in 5411 ms.
[19:12:18] MySQL Database Connected
[19:12:18] 16 Breeds catched
[19:12:18] 256 Heads catched
[19:12:18] 566 Effects catched
[19:12:19] 4 SuperAreas catched
[19:12:19] 48 Areas catched
[19:12:20] 334 SubAreas catched
[19:12:20] 11267 DofusMaps catched
[19:12:20] 9769 StatedElements catched
[19:12:21] 13379 InteractiveElements catched
[19:12:21] 1485 HouseInformations catched
[19:12:21] 568 InteractiveDoors catched
[19:12:21] 3530 MapPositions uncatched
[19:12:21] 14681 MapPositions catched
[19:12:21] 38 MapZaaps catched
[19:12:21] 79 MapSubways catched
[19:12:21] 15612 SpellLevels catched 
[19:12:21] 4972 Spells catched 
[19:12:21] 4 SpellBombs catched 
[19:12:21] 316 GuildEmblems catched 
[19:12:21] 1179 LearnableSpells catched 
[19:12:21] 171 ItemTypes catched 
[19:12:21] 10063 ItemTemplates catched 
[19:12:21] 4355 Weapons catched 
[19:12:21] 366 ItemSets catched 
[19:12:21] 114 ItemPets catched 
[19:12:22] 2476 NpcTemplates catched 
[19:12:22] 806 NpcSpawns catched 
[19:12:22] 1673 NpcItems catched 
[19:12:22] 19801 NpcMessages catched 
[19:12:22] 8 NpcReplies catched 
[19:12:22] 366 Triggers catched
[19:12:22] 1277 Paddocks catched
[19:12:22] 72 Mounts catched
[19:12:22] 3 Guild catched
[19:12:22] 2 GuildMembers catched
[19:12:22] 11 GatheringJob LevelInfos catched
[19:12:22] 233 InteractiveSkills LevelInfos catched
[19:12:22] 2210 Monster Templates catched
[19:12:22] 11688 Monster Grades catched
[19:12:22] 8021 Monster Drops catched
[19:12:23] 129 Handlers Readed
[19:12:23] 175 Messages Readed
[19:12:23] WorldServer start in 5712 ms.
[19:14:10] MySQL Database Connected
[19:14:10] 16 Breeds catched
[19:14:10] 256 Heads catched
[19:14:10] 566 Effects catched
[19:14:11] 4 SuperAreas catched
[19:14:11] 48 Areas catched
[19:14:12] 334 SubAreas catched
[19:14:12] 11267 DofusMaps catched
[19:14:12] 9769 StatedElements catched
[19:14:13] 13379 InteractiveElements catched
[19:14:13] 1485 HouseInformations catched
[19:14:13] 568 InteractiveDoors catched
[19:14:13] 3530 MapPositions uncatched
[19:14:13] 14681 MapPositions catched
[19:14:13] 38 MapZaaps catched
[19:14:13] 79 MapSubways catched
[19:14:13] 15612 SpellLevels catched 
[19:14:13] 4972 Spells catched 
[19:14:13] 4 SpellBombs catched 
[19:14:13] 316 GuildEmblems catched 
[19:14:13] 1179 LearnableSpells catched 
[19:14:13] 171 ItemTypes catched 
[19:14:13] 10063 ItemTemplates catched 
[19:14:13] 4355 Weapons catched 
[19:14:13] 366 ItemSets catched 
[19:14:13] 114 ItemPets catched 
[19:14:14] 2476 NpcTemplates catched 
[19:14:14] 806 NpcSpawns catched 
[19:14:14] 1673 NpcItems catched 
[19:14:14] 19801 NpcMessages catched 
[19:14:14] 8 NpcReplies catched 
[19:14:14] 366 Triggers catched
[19:14:14] 1277 Paddocks catched
[19:14:14] 72 Mounts catched
[19:14:14] 3 Guild catched
[19:14:14] 2 GuildMembers catched
[19:14:14] 11 GatheringJob LevelInfos catched
[19:14:14] 233 InteractiveSkills LevelInfos catched
[19:14:14] 2210 Monster Templates catched
[19:14:14] 11688 Monster Grades catched
[19:14:14] 8021 Monster Drops catched
[19:14:14] 129 Handlers Readed
[19:14:15] 175 Messages Readed
[19:14:15] WorldServer start in 5258 ms.
[19:15:04] MySQL Database Connected
[19:15:04] 16 Breeds catched
[19:15:04] 256 Heads catched
[19:15:04] 566 Effects catched
[19:15:05] 4 SuperAreas catched
[19:15:05] 48 Areas catched
[19:15:06] 334 SubAreas catched
[19:15:06] 11267 DofusMaps catched
[19:15:07] 9769 StatedElements catched
[19:15:07] 13379 InteractiveElements catched
[19:15:07] 1485 HouseInformations catched
[19:15:07] 568 InteractiveDoors catched
[19:15:07] 3530 MapPositions uncatched
[19:15:07] 14681 MapPositions catched
[19:15:07] 38 MapZaaps catched
[19:15:07] 79 MapSubways catched
[19:15:07] 15612 SpellLevels catched 
[19:15:07] 4972 Spells catched 
[19:15:07] 4 SpellBombs catched 
[19:15:07] 316 GuildEmblems catched 
[19:15:07] 1179 LearnableSpells catched 
[19:15:07] 171 ItemTypes catched 
[19:15:07] 10063 ItemTemplates catched 
[19:15:07] 4355 Weapons catched 
[19:15:07] 366 ItemSets catched 
[19:15:07] 114 ItemPets catched 
[19:15:08] 2476 NpcTemplates catched 
[19:15:08] 806 NpcSpawns catched 
[19:15:08] 1942 NpcItems catched 
[19:15:08] 19801 NpcMessages catched 
[19:15:08] 8 NpcReplies catched 
[19:15:08] 366 Triggers catched
[19:15:08] 1277 Paddocks catched
[19:15:08] 72 Mounts catched
[19:15:08] 3 Guild catched
[19:15:08] 2 GuildMembers catched
[19:15:08] 11 GatheringJob LevelInfos catched
[19:15:08] 233 InteractiveSkills LevelInfos catched
[19:15:08] 2210 Monster Templates catched
[19:15:08] 11688 Monster Grades catched
[19:15:08] 8021 Monster Drops catched
[19:15:09] 129 Handlers Readed
[19:15:09] 175 Messages Readed
[19:15:09] WorldServer start in 5452 ms.
[22:27:00] MySQL Database Connected
[22:27:00] 16 Breeds catched
[22:27:00] 256 Heads catched
[22:27:00] 566 Effects catched
[22:27:00] 4 SuperAreas catched
[22:27:00] 48 Areas catched
[22:27:01] 334 SubAreas catched
[22:27:02] 11267 DofusMaps catched
[22:27:02] 9769 StatedElements catched
[22:27:02] 13379 InteractiveElements catched
[22:27:02] 1485 HouseInformations catched
[22:27:02] 568 InteractiveDoors catched
[22:27:02] 3530 MapPositions uncatched
[22:27:02] 14681 MapPositions catched
[22:27:02] 38 MapZaaps catched
[22:27:02] 79 MapSubways catched
[22:27:02] 15612 SpellLevels catched 
[22:27:02] 4972 Spells catched 
[22:27:02] 4 SpellBombs catched 
[22:27:02] 316 GuildEmblems catched 
[22:27:02] 1179 LearnableSpells catched 
[22:27:02] 171 ItemTypes catched 
[22:27:03] 10063 ItemTemplates catched 
[22:27:03] 4355 Weapons catched 
[22:27:03] 366 ItemSets catched 
[22:27:03] 114 ItemPets catched 
[22:27:03] 2476 NpcTemplates catched 
[22:27:03] 806 NpcSpawns catched 
[22:27:03] 1687 NpcItems catched 
[22:27:03] 19801 NpcMessages catched 
[22:27:03] 8 NpcReplies catched 
[22:27:03] 366 Triggers catched
[22:27:03] 1277 Paddocks catched
[22:27:03] 72 Mounts catched
[22:27:03] 3 Guild catched
[22:27:03] 2 GuildMembers catched
[22:27:03] 11 GatheringJob LevelInfos catched
[22:27:03] 233 InteractiveSkills LevelInfos catched
[22:27:03] 2210 Monster Templates catched
[22:27:03] 11688 Monster Grades catched
[22:27:03] 8021 Monster Drops catched
[22:27:04] 129 Handlers Readed
[22:27:04] 175 Messages Readed
[22:27:04] WorldServer start in 4809 ms.
[22:30:51] MySQL Database Connected
[22:30:51] 16 Breeds catched
[22:30:51] 256 Heads catched
[22:30:51] 566 Effects catched
[22:30:52] 4 SuperAreas catched
[22:30:52] 48 Areas catched
[22:30:53] 334 SubAreas catched
[22:30:53] 11267 DofusMaps catched
[22:30:53] 9769 StatedElements catched
[22:30:54] 13379 InteractiveElements catched
[22:30:54] 1485 HouseInformations catched
[22:30:54] 568 InteractiveDoors catched
[22:30:54] 3530 MapPositions uncatched
[22:30:54] 14681 MapPositions catched
[22:30:54] 38 MapZaaps catched
[22:30:54] 79 MapSubways catched
[22:30:54] 15612 SpellLevels catched 
[22:30:54] 4972 Spells catched 
[22:30:54] 4 SpellBombs catched 
[22:30:54] 316 GuildEmblems catched 
[22:30:54] 1179 LearnableSpells catched 
[22:30:54] 171 ItemTypes catched 
[22:30:54] 10063 ItemTemplates catched 
[22:30:54] 4355 Weapons catched 
[22:30:54] 366 ItemSets catched 
[22:30:54] 114 ItemPets catched 
[22:30:55] 2476 NpcTemplates catched 
[22:30:55] 806 NpcSpawns catched 
[22:30:55] 1687 NpcItems catched 
[22:30:55] 19801 NpcMessages catched 
[22:30:55] 8 NpcReplies catched 
[22:30:55] 366 Triggers catched
[22:30:55] 1277 Paddocks catched
[22:30:55] 72 Mounts catched
[22:30:55] 3 Guild catched
[22:30:55] 2 GuildMembers catched
[22:30:55] 11 GatheringJob LevelInfos catched
[22:30:55] 233 InteractiveSkills LevelInfos catched
[22:30:55] 2210 Monster Templates catched
[22:30:55] 11688 Monster Grades catched
[22:30:55] 8021 Monster Drops catched
[22:30:55] 129 Handlers Readed
[22:30:56] 175 Messages Readed
[22:30:56] WorldServer start in 4872 ms.
[22:35:34] MySQL Database Connected
[22:35:34] 16 Breeds catched
[22:35:34] 256 Heads catched
[22:35:34] 566 Effects catched
[22:35:35] 4 SuperAreas catched
[22:35:35] 48 Areas catched
[22:35:36] 334 SubAreas catched
[22:35:37] 11267 DofusMaps catched
[22:35:37] 9769 StatedElements catched
[22:35:37] 13379 InteractiveElements catched
[22:35:37] 1485 HouseInformations catched
[22:35:37] 568 InteractiveDoors catched
[22:35:37] 3530 MapPositions uncatched
[22:35:37] 14681 MapPositions catched
[22:35:37] 38 MapZaaps catched
[22:35:37] 79 MapSubways catched
[22:35:37] 15612 SpellLevels catched 
[22:35:37] 4972 Spells catched 
[22:35:37] 4 SpellBombs catched 
[22:35:37] 316 GuildEmblems catched 
[22:35:37] 1179 LearnableSpells catched 
[22:35:37] 171 ItemTypes catched 
[22:35:37] 10063 ItemTemplates catched 
[22:35:37] 4355 Weapons catched 
[22:35:37] 366 ItemSets catched 
[22:35:38] 114 ItemPets catched 
[22:35:38] 2476 NpcTemplates catched 
[22:35:38] 806 NpcSpawns catched 
[22:35:38] 1770 NpcItems catched 
[22:35:38] 19801 NpcMessages catched 
[22:35:38] 8 NpcReplies catched 
[22:35:38] 366 Triggers catched
[22:35:38] 1277 Paddocks catched
[22:35:38] 72 Mounts catched
[22:35:38] 3 Guild catched
[22:35:38] 2 GuildMembers catched
[22:35:38] 11 GatheringJob LevelInfos catched
[22:35:38] 233 InteractiveSkills LevelInfos catched
[22:35:38] 2210 Monster Templates catched
[22:35:38] 11688 Monster Grades catched
[22:35:38] 8021 Monster Drops catched
[22:35:39] 129 Handlers Readed
[22:35:39] 175 Messages Readed
[22:35:39] WorldServer start in 4986 ms.
[23:18:23] MySQL Database Connected
[23:18:23] 16 Breeds catched
[23:18:23] 256 Heads catched
[23:18:23] 566 Effects catched
[23:18:23] 4 SuperAreas catched
[23:18:24] 48 Areas catched
[23:18:24] 334 SubAreas catched
[23:18:25] 11267 DofusMaps catched
[23:18:25] 9769 StatedElements catched
[23:18:25] 13379 InteractiveElements catched
[23:18:25] 1485 HouseInformations catched
[23:18:25] 568 InteractiveDoors catched
[23:18:25] 3530 MapPositions uncatched
[23:18:25] 14681 MapPositions catched
[23:18:25] 38 MapZaaps catched
[23:18:25] 79 MapSubways catched
[23:18:26] 15612 SpellLevels catched 
[23:18:26] 4972 Spells catched 
[23:18:26] 4 SpellBombs catched 
[23:18:26] 316 GuildEmblems catched 
[23:18:26] 1179 LearnableSpells catched 
[23:18:26] 171 ItemTypes catched 
[23:18:26] 10063 ItemTemplates catched 
[23:18:26] 4355 Weapons catched 
[23:18:26] 366 ItemSets catched 
[23:18:26] 114 ItemPets catched 
[23:18:26] 2476 NpcTemplates catched 
[23:18:26] 807 NpcSpawns catched 
[23:18:26] 1764 NpcItems catched 
[23:18:26] 19801 NpcMessages catched 
[23:18:26] 8 NpcReplies catched 
[23:18:26] 366 Triggers catched
[23:18:26] 1277 Paddocks catched
[23:18:26] 72 Mounts catched
[23:18:26] 3 Guild catched
[23:18:26] 2 GuildMembers catched
[23:18:26] 11 GatheringJob LevelInfos catched
[23:18:27] 233 InteractiveSkills LevelInfos catched
[23:18:27] 2210 Monster Templates catched
[23:18:27] 11688 Monster Grades catched
[23:18:27] 8021 Monster Drops catched
[23:18:27] 129 Handlers Readed
[23:18:28] 175 Messages Readed
[23:18:28] WorldServer start in 5173 ms.
[23:19:24] MySQL Database Connected
[23:19:24] 16 Breeds catched
[23:19:24] 256 Heads catched
[23:19:24] 566 Effects catched
[23:19:25] 4 SuperAreas catched
[23:19:25] 48 Areas catched
[23:19:26] 334 SubAreas catched
[23:19:27] 11267 DofusMaps catched
[23:19:27] 9769 StatedElements catched
[23:19:27] 13379 InteractiveElements catched
[23:19:27] 1485 HouseInformations catched
[23:19:27] 568 InteractiveDoors catched
[23:19:27] 3530 MapPositions uncatched
[23:19:27] 14681 MapPositions catched
[23:19:27] 38 MapZaaps catched
[23:19:27] 79 MapSubways catched
[23:19:27] 15612 SpellLevels catched 
[23:19:27] 4972 Spells catched 
[23:19:27] 4 SpellBombs catched 
[23:19:27] 316 GuildEmblems catched 
[23:19:27] 1179 LearnableSpells catched 
[23:19:27] 171 ItemTypes catched 
[23:19:27] 10063 ItemTemplates catched 
[23:19:27] 4355 Weapons catched 
[23:19:27] 366 ItemSets catched 
[23:19:28] 114 ItemPets catched 
[23:19:28] 2476 NpcTemplates catched 
[23:19:28] 807 NpcSpawns catched 
[23:19:28] 2076 NpcItems catched 
[23:19:28] 19801 NpcMessages catched 
[23:19:28] 8 NpcReplies catched 
[23:19:28] 366 Triggers catched
[23:19:28] 1277 Paddocks catched
[23:19:28] 72 Mounts catched
[23:19:28] 3 Guild catched
[23:19:28] 2 GuildMembers catched
[23:19:28] 11 GatheringJob LevelInfos catched
[23:19:28] 233 InteractiveSkills LevelInfos catched
[23:19:28] 2210 Monster Templates catched
[23:19:28] 11688 Monster Grades catched
[23:19:28] 8021 Monster Drops catched
[23:19:29] 129 Handlers Readed
[23:19:29] 175 Messages Readed
[23:19:29] WorldServer start in 4909 ms.
[23:20:22] MySQL Database Connected
[23:20:22] 16 Breeds catched
[23:20:22] 256 Heads catched
[23:20:22] 566 Effects catched
[23:20:23] 4 SuperAreas catched
[23:20:23] 48 Areas catched
[23:20:24] 334 SubAreas catched
[23:20:24] 11267 DofusMaps catched
[23:20:24] 9769 StatedElements catched
[23:20:25] 13379 InteractiveElements catched
[23:20:25] 1485 HouseInformations catched
[23:20:25] 568 InteractiveDoors catched
[23:20:25] 3530 MapPositions uncatched
[23:20:25] 14681 MapPositions catched
[23:20:25] 38 MapZaaps catched
[23:20:25] 79 MapSubways catched
[23:20:25] 15612 SpellLevels catched 
[23:20:25] 4972 Spells catched 
[23:20:25] 4 SpellBombs catched 
[23:20:25] 316 GuildEmblems catched 
[23:20:25] 1179 LearnableSpells catched 
[23:20:25] 171 ItemTypes catched 
[23:20:25] 10063 ItemTemplates catched 
[23:20:25] 4355 Weapons catched 
[23:20:25] 366 ItemSets catched 
[23:20:25] 114 ItemPets catched 
[23:20:26] 2476 NpcTemplates catched 
[23:20:26] 807 NpcSpawns catched 
[23:20:26] 2076 NpcItems catched 
[23:20:26] 19801 NpcMessages catched 
[23:20:26] 8 NpcReplies catched 
[23:20:26] 366 Triggers catched
[23:20:26] 1277 Paddocks catched
[23:20:26] 72 Mounts catched
[23:20:26] 3 Guild catched
[23:20:26] 2 GuildMembers catched
[23:20:26] 11 GatheringJob LevelInfos catched
[23:20:26] 233 InteractiveSkills LevelInfos catched
[23:20:26] 2210 Monster Templates catched
[23:20:26] 11688 Monster Grades catched
[23:20:26] 8021 Monster Drops catched
[23:20:27] 129 Handlers Readed
[23:20:27] 175 Messages Readed
[23:20:27] WorldServer start in 5134 ms.
[23:25:05] MySQL Database Connected
[23:25:05] 16 Breeds catched
[23:25:05] 256 Heads catched
[23:25:05] 566 Effects catched
[23:25:06] 4 SuperAreas catched
[23:25:06] 48 Areas catched
[23:25:07] 334 SubAreas catched
[23:25:07] 11267 DofusMaps catched
[23:25:07] 9769 StatedElements catched
[23:25:07] 13379 InteractiveElements catched
[23:25:08] 1485 HouseInformations catched
[23:25:08] 568 InteractiveDoors catched
[23:25:08] 3530 MapPositions uncatched
[23:25:08] 14681 MapPositions catched
[23:25:08] 38 MapZaaps catched
[23:25:08] 79 MapSubways catched
[23:25:08] 15612 SpellLevels catched 
[23:25:08] 4972 Spells catched 
[23:25:08] 4 SpellBombs catched 
[23:25:08] 316 GuildEmblems catched 
[23:25:08] 1179 LearnableSpells catched 
[23:25:08] 171 ItemTypes catched 
[23:25:08] 10063 ItemTemplates catched 
[23:25:08] 4355 Weapons catched 
[23:25:08] 366 ItemSets catched 
[23:25:08] 114 ItemPets catched 
[23:25:09] 2476 NpcTemplates catched 
[23:25:09] 807 NpcSpawns catched 
[23:25:09] 2076 NpcItems catched 
[23:25:09] 19801 NpcMessages catched 
[23:25:09] 8 NpcReplies catched 
[23:25:09] 366 Triggers catched
[23:25:09] 1277 Paddocks catched
[23:25:09] 72 Mounts catched
[23:25:09] 3 Guild catched
[23:25:09] 2 GuildMembers catched
[23:25:09] 11 GatheringJob LevelInfos catched
[23:25:09] 233 InteractiveSkills LevelInfos catched
[23:25:09] 2210 Monster Templates catched
[23:25:09] 11688 Monster Grades catched
[23:25:09] 8021 Monster Drops catched
[23:25:09] 129 Handlers Readed
[23:25:10] 175 Messages Readed
[23:25:10] WorldServer start in 5241 ms.
[23:26:31] MySQL Database Connected
[23:26:31] 16 Breeds catched
[23:26:31] 256 Heads catched
[23:26:31] 566 Effects catched
[23:26:31] 4 SuperAreas catched
[23:26:31] 48 Areas catched
[23:26:33] 334 SubAreas catched
[23:26:33] 11267 DofusMaps catched
[23:26:33] 9769 StatedElements catched
[23:26:33] 13379 InteractiveElements catched
[23:26:33] 1485 HouseInformations catched
[23:26:33] 568 InteractiveDoors catched
[23:26:33] 3530 MapPositions uncatched
[23:26:33] 14681 MapPositions catched
[23:26:33] 38 MapZaaps catched
[23:26:33] 79 MapSubways catched
[23:26:33] 15612 SpellLevels catched 
[23:26:33] 4972 Spells catched 
[23:26:33] 4 SpellBombs catched 
[23:26:33] 316 GuildEmblems catched 
[23:26:33] 1179 LearnableSpells catched 
[23:26:33] 171 ItemTypes catched 
[23:26:34] 10063 ItemTemplates catched 
[23:26:34] 4355 Weapons catched 
[23:26:34] 366 ItemSets catched 
[23:26:34] 114 ItemPets catched 
[23:26:34] 2476 NpcTemplates catched 
[23:26:34] 807 NpcSpawns catched 
[23:26:34] 2076 NpcItems catched 
[23:26:34] 19801 NpcMessages catched 
[23:26:34] 8 NpcReplies catched 
[23:26:34] 366 Triggers catched
[23:26:34] 1277 Paddocks catched
[23:26:34] 72 Mounts catched
[23:26:34] 3 Guild catched
[23:26:34] 2 GuildMembers catched
[23:26:34] 11 GatheringJob LevelInfos catched
[23:26:34] 233 InteractiveSkills LevelInfos catched
[23:26:34] 2210 Monster Templates catched
[23:26:34] 11688 Monster Grades catched
[23:26:34] 8021 Monster Drops catched
[23:26:35] 129 Handlers Readed
[23:26:35] 175 Messages Readed
[23:26:35] WorldServer start in 4815 ms.
