[08:06:40] MySQL Database Connected
[08:06:40] 16 Breeds catched
[08:06:40] 256 Heads catched
[08:06:40] 561 Effects catched
[08:06:49] 11260 DofusMaps catched
[08:06:49] 169 StatedElements catched
[08:06:49] 323 InteractiveElements catched
[08:06:49] 15228 SpellLevels catched 
[08:06:49] 4772 Spells catched 
[08:06:49] 1179 LearnableSpells catched 
[08:06:49] 9780 ItemTemplates catched 
[08:06:49] 4489 Weapons catched 
[08:06:49] 363 ItemSets catched 
[08:06:49] 171 ItemTypes catched 
[08:06:50] 24 Handlers Readed
[08:06:50] 26 Messages Readed
[08:06:50] WorldServer start in 9755 ms.
[08:07:40] MySQL Database Connected
[08:07:40] 16 Breeds catched
[08:07:40] 256 Heads catched
[08:07:40] 561 Effects catched
[08:07:48] 11260 DofusMaps catched
[08:07:48] 169 StatedElements catched
[08:07:48] 323 InteractiveElements catched
[08:07:48] 15228 SpellLevels catched 
[08:07:48] 4772 Spells catched 
[08:07:48] 1179 LearnableSpells catched 
[08:07:48] 9780 ItemTemplates catched 
[08:07:49] 4489 Weapons catched 
[08:07:49] 363 ItemSets catched 
[08:07:49] 171 ItemTypes catched 
[08:07:49] 24 Handlers Readed
[08:07:49] 26 Messages Readed
[08:07:49] WorldServer start in 9301 ms.
[08:29:12] MySQL Database Connected
[08:29:12] 16 Breeds catched
[08:29:12] 256 Heads catched
[08:29:12] 561 Effects catched
[08:29:21] 11260 DofusMaps catched
[08:29:21] 169 StatedElements catched
[08:29:21] 323 InteractiveElements catched
[08:29:21] 15228 SpellLevels catched 
[08:29:22] 4772 Spells catched 
[08:29:22] 1179 LearnableSpells catched 
[08:29:22] 9780 ItemTemplates catched 
[08:29:22] 4489 Weapons catched 
[08:29:22] 363 ItemSets catched 
[08:29:22] 171 ItemTypes catched 
[08:29:22] 24 Handlers Readed
[08:29:23] 26 Messages Readed
[08:29:23] WorldServer start in 10837 ms.
[08:30:21] MySQL Database Connected
[08:30:21] 16 Breeds catched
[08:30:21] 256 Heads catched
[08:30:21] 561 Effects catched
[08:30:29] 11260 DofusMaps catched
[08:30:29] 169 StatedElements catched
[08:30:29] 323 InteractiveElements catched
[08:30:29] 15228 SpellLevels catched 
[08:30:29] 4772 Spells catched 
[08:30:29] 1179 LearnableSpells catched 
[08:30:30] 9780 ItemTemplates catched 
[08:30:30] 4489 Weapons catched 
[08:30:30] 363 ItemSets catched 
[08:30:30] 171 ItemTypes catched 
[08:30:30] 24 Handlers Readed
[08:30:30] 26 Messages Readed
[08:30:30] WorldServer start in 9399 ms.
[08:31:29] MySQL Database Connected
[08:31:29] 16 Breeds catched
[08:31:29] 256 Heads catched
[08:31:29] 561 Effects catched
[08:31:36] 11260 DofusMaps catched
[08:31:36] 169 StatedElements catched
[08:31:36] 323 InteractiveElements catched
[08:31:37] 15228 SpellLevels catched 
[08:31:37] 4772 Spells catched 
[08:31:37] 1179 LearnableSpells catched 
[08:31:37] 9780 ItemTemplates catched 
[08:31:37] 4489 Weapons catched 
[08:31:37] 363 ItemSets catched 
[08:31:37] 171 ItemTypes catched 
[08:31:38] 24 Handlers Readed
[08:31:38] 26 Messages Readed
[08:31:38] WorldServer start in 9398 ms.
[11:19:48] MySQL Database Connected
[11:19:48] 16 Breeds catched
[11:19:48] 256 Heads catched
[11:19:48] 561 Effects catched
[11:19:57] 11260 DofusMaps catched
[11:19:57] 169 StatedElements catched
[11:19:57] 323 InteractiveElements catched
[11:19:57] 15228 SpellLevels catched 
[11:19:57] 4772 Spells catched 
[11:19:57] 1179 LearnableSpells catched 
[11:19:58] 9780 ItemTemplates catched 
[11:19:58] 4489 Weapons catched 
[11:19:58] 363 ItemSets catched 
[11:19:58] 171 ItemTypes catched 
[11:19:58] 24 Handlers Readed
[11:19:58] 26 Messages Readed
[11:19:58] WorldServer start in 10784 ms.
[11:32:46] MySQL Database Connected
[11:32:47] 16 Breeds catched
[11:32:47] 256 Heads catched
[11:32:47] 561 Effects catched
[11:32:55] 11260 DofusMaps catched
[11:32:55] 169 StatedElements catched
[11:32:55] 323 InteractiveElements catched
[11:32:55] 15228 SpellLevels catched 
[11:32:55] 4772 Spells catched 
[11:32:55] 1179 LearnableSpells catched 
[11:32:55] 9780 ItemTemplates catched 
[11:32:55] 4489 Weapons catched 
[11:32:55] 363 ItemSets catched 
[11:32:55] 171 ItemTypes catched 
[11:32:56] 24 Handlers Readed
[11:32:56] 26 Messages Readed
[11:32:56] WorldServer start in 9574 ms.
[11:36:22] MySQL Database Connected
[11:36:22] 16 Breeds catched
[11:36:22] 256 Heads catched
[11:36:22] 561 Effects catched
[11:36:30] 11260 DofusMaps catched
[11:36:30] 169 StatedElements catched
[11:36:30] 323 InteractiveElements catched
[11:36:30] 15228 SpellLevels catched 
[11:36:31] 4772 Spells catched 
[11:36:31] 1179 LearnableSpells catched 
[11:36:31] 9780 ItemTemplates catched 
[11:36:31] 4489 Weapons catched 
[11:36:31] 363 ItemSets catched 
[11:36:31] 171 ItemTypes catched 
[11:36:31] 20 Handlers Readed
[11:36:31] 26 Messages Readed
[11:36:31] WorldServer start in 9573 ms.
[11:36:33] Packet not handled 150
[11:37:44] MySQL Database Connected
[11:37:44] 16 Breeds catched
[11:37:44] 256 Heads catched
[11:37:44] 561 Effects catched
[11:37:53] 11260 DofusMaps catched
[11:37:53] 169 StatedElements catched
[11:37:53] 323 InteractiveElements catched
[11:37:53] 15228 SpellLevels catched 
[11:37:53] 4772 Spells catched 
[11:37:53] 1179 LearnableSpells catched 
[11:37:53] 9780 ItemTemplates catched 
[11:37:53] 4489 Weapons catched 
[11:37:53] 363 ItemSets catched 
[11:37:53] 171 ItemTypes catched 
[11:37:54] 24 Handlers Readed
[11:37:54] 26 Messages Readed
[11:37:54] WorldServer start in 9997 ms.
[11:39:20] MySQL Database Connected
[11:39:20] 16 Breeds catched
[11:39:20] 256 Heads catched
[11:39:20] 561 Effects catched
[11:39:28] 11260 DofusMaps catched
[11:39:28] 169 StatedElements catched
[11:39:28] 323 InteractiveElements catched
[11:39:28] 15228 SpellLevels catched 
[11:39:29] 4772 Spells catched 
[11:39:29] 1179 LearnableSpells catched 
[11:39:29] 9780 ItemTemplates catched 
[11:39:29] 4489 Weapons catched 
[11:39:29] 363 ItemSets catched 
[11:39:29] 171 ItemTypes catched 
[11:39:29] 24 Handlers Readed
[11:39:29] 26 Messages Readed
[11:39:29] WorldServer start in 9299 ms.
[11:40:33] MySQL Database Connected
[11:40:34] 16 Breeds catched
[11:40:34] 256 Heads catched
[11:40:34] 561 Effects catched
[11:40:41] 11260 DofusMaps catched
[11:40:41] 169 StatedElements catched
[11:40:41] 323 InteractiveElements catched
[11:40:42] 15228 SpellLevels catched 
[11:40:42] 4772 Spells catched 
[11:40:42] 1179 LearnableSpells catched 
[11:40:42] 9780 ItemTemplates catched 
[11:40:42] 4489 Weapons catched 
[11:40:42] 363 ItemSets catched 
[11:40:42] 171 ItemTypes catched 
[11:40:42] 24 Handlers Readed
[11:40:43] 26 Messages Readed
[11:40:43] WorldServer start in 9468 ms.
[11:43:12] MySQL Database Connected
[11:43:13] 16 Breeds catched
[11:43:13] 256 Heads catched
[11:43:13] 561 Effects catched
[11:43:20] 11260 DofusMaps catched
[11:43:20] 169 StatedElements catched
[11:43:20] 323 InteractiveElements catched
[11:43:21] 15228 SpellLevels catched 
[11:43:21] 4772 Spells catched 
[11:43:21] 1179 LearnableSpells catched 
[11:43:21] 9780 ItemTemplates catched 
[11:43:21] 4489 Weapons catched 
[11:43:21] 363 ItemSets catched 
[11:43:21] 171 ItemTypes catched 
[11:43:21] 24 Handlers Readed
[11:43:22] 26 Messages Readed
[11:43:22] WorldServer start in 9464 ms.
[11:43:59] MySQL Database Connected
[11:43:59] 16 Breeds catched
[11:43:59] 256 Heads catched
[11:43:59] 561 Effects catched
[11:44:07] 11260 DofusMaps catched
[11:44:07] 169 StatedElements catched
[11:44:07] 323 InteractiveElements catched
[11:44:07] 15228 SpellLevels catched 
[11:44:07] 4772 Spells catched 
[11:44:07] 1179 LearnableSpells catched 
[11:44:07] 9780 ItemTemplates catched 
[11:44:07] 4489 Weapons catched 
[11:44:08] 363 ItemSets catched 
[11:44:08] 171 ItemTypes catched 
[11:44:08] 24 Handlers Readed
[11:44:08] 26 Messages Readed
[11:44:08] WorldServer start in 9713 ms.
[11:45:02] MySQL Database Connected
[11:45:02] 16 Breeds catched
[11:45:02] 256 Heads catched
[11:45:02] 561 Effects catched
[11:45:10] 11260 DofusMaps catched
[11:45:10] 169 StatedElements catched
[11:45:10] 323 InteractiveElements catched
[11:45:10] 15228 SpellLevels catched 
[11:45:10] 4772 Spells catched 
[11:45:10] 1179 LearnableSpells catched 
[11:45:10] 9780 ItemTemplates catched 
[11:45:10] 4489 Weapons catched 
[11:45:10] 363 ItemSets catched 
[11:45:10] 171 ItemTypes catched 
[11:45:11] 24 Handlers Readed
[11:45:11] 26 Messages Readed
[11:45:11] WorldServer start in 8703 ms.
[11:53:44] MySQL Database Connected
[11:53:44] 16 Breeds catched
[11:53:44] 256 Heads catched
[11:53:44] 561 Effects catched
[11:53:53] 11260 DofusMaps catched
[11:53:53] 169 StatedElements catched
[11:53:53] 323 InteractiveElements catched
[11:53:54] 15228 SpellLevels catched 
[11:53:54] 4772 Spells catched 
[11:53:54] 1179 LearnableSpells catched 
[11:53:54] 9780 ItemTemplates catched 
[11:53:54] 4489 Weapons catched 
[11:53:54] 363 ItemSets catched 
[11:53:54] 171 ItemTypes catched 
[11:53:55] 24 Handlers Readed
[11:53:55] 26 Messages Readed
[11:53:55] WorldServer start in 11111 ms.
[13:27:30] MySQL Database Connected
[13:27:30] 16 Breeds catched
[13:27:30] 256 Heads catched
[13:27:30] 561 Effects catched
[13:27:39] 11260 DofusMaps catched
[13:27:39] 169 StatedElements catched
[13:27:39] 323 InteractiveElements catched
[13:27:39] 15228 SpellLevels catched 
[13:27:39] 4772 Spells catched 
[13:27:39] 1179 LearnableSpells catched 
[13:27:39] 9780 ItemTemplates catched 
[13:27:40] 4489 Weapons catched 
[13:27:40] 363 ItemSets catched 
[13:27:40] 171 ItemTypes catched 
[13:27:40] 24 Handlers Readed
[13:27:40] 26 Messages Readed
[13:27:40] WorldServer start in 10314 ms.
[14:28:25] MySQL Database Connected
[14:28:25] 16 Breeds catched
[14:28:25] 256 Heads catched
[14:28:25] 561 Effects catched
[14:28:33] 11260 DofusMaps catched
[14:28:33] 169 StatedElements catched
[14:28:33] 323 InteractiveElements catched
[14:28:33] 15228 SpellLevels catched 
[14:28:34] 4772 Spells catched 
[14:28:34] 1179 LearnableSpells catched 
[14:28:34] 9780 ItemTemplates catched 
[14:28:34] 4489 Weapons catched 
[14:28:34] 363 ItemSets catched 
[14:28:34] 171 ItemTypes catched 
[14:28:34] 25 Handlers Readed
[14:28:34] 27 Messages Readed
[14:28:35] WorldServer start in 9377 ms.
[14:29:29] MySQL Database Connected
[14:29:29] 16 Breeds catched
[14:29:29] 256 Heads catched
[14:29:29] 561 Effects catched
[14:31:14] MySQL Database Connected
[14:31:14] 16 Breeds catched
[14:31:14] 256 Heads catched
[14:31:14] 561 Effects catched
[14:31:19] 11260 DofusMaps catched
[14:31:19] 169 StatedElements catched
[14:31:19] 323 InteractiveElements catched
[14:31:19] 15228 SpellLevels catched 
[14:31:20] 4772 Spells catched 
[14:31:20] 1179 LearnableSpells catched 
[14:31:20] 9780 ItemTemplates catched 
[14:31:20] 4489 Weapons catched 
[14:31:20] 363 ItemSets catched 
[14:31:20] 171 ItemTypes catched 
[14:31:20] 25 Handlers Readed
[14:31:20] 27 Messages Readed
[14:31:20] WorldServer start in 6685 ms.
[14:33:16] MySQL Database Connected
[14:33:16] 16 Breeds catched
[14:33:16] 256 Heads catched
[14:33:16] 561 Effects catched
[14:33:24] 11260 DofusMaps catched
[14:33:24] 169 StatedElements catched
[14:33:24] 323 InteractiveElements catched
[14:33:24] 15228 SpellLevels catched 
[14:33:24] 4772 Spells catched 
[14:33:24] 1179 LearnableSpells catched 
[14:33:24] 9780 ItemTemplates catched 
[14:33:24] 4489 Weapons catched 
[14:33:24] 363 ItemSets catched 
[14:33:24] 171 ItemTypes catched 
[14:33:25] 25 Handlers Readed
[14:33:25] 27 Messages Readed
[14:33:25] WorldServer start in 9568 ms.
[14:35:17] MySQL Database Connected
[14:35:17] 16 Breeds catched
[14:35:17] 256 Heads catched
[14:35:17] 561 Effects catched
[14:35:27] 11260 DofusMaps catched
[14:35:27] 169 StatedElements catched
[14:35:27] 323 InteractiveElements catched
[14:35:27] 15228 SpellLevels catched 
[14:35:27] 4772 Spells catched 
[14:35:27] 1179 LearnableSpells catched 
[14:35:28] 9780 ItemTemplates catched 
[14:35:28] 4489 Weapons catched 
[14:35:28] 363 ItemSets catched 
[14:35:28] 171 ItemTypes catched 
[14:35:28] 25 Handlers Readed
[14:35:28] 27 Messages Readed
[14:35:28] WorldServer start in 11301 ms.
[14:37:01] MySQL Database Connected
[14:37:01] 16 Breeds catched
[14:37:01] 256 Heads catched
[14:37:01] 561 Effects catched
[14:37:09] 11260 DofusMaps catched
[14:37:09] 169 StatedElements catched
[14:37:09] 323 InteractiveElements catched
[14:37:10] 15228 SpellLevels catched 
[14:37:10] 4772 Spells catched 
[14:37:10] 1179 LearnableSpells catched 
[14:37:10] 9780 ItemTemplates catched 
[14:37:10] 4489 Weapons catched 
[14:37:10] 363 ItemSets catched 
[14:37:10] 171 ItemTypes catched 
[14:37:11] 25 Handlers Readed
[14:37:11] 27 Messages Readed
[14:37:11] WorldServer start in 9665 ms.
[14:38:28] MySQL Database Connected
[14:38:28] 16 Breeds catched
[14:38:28] 256 Heads catched
[14:38:28] 561 Effects catched
[14:38:48] 11260 DofusMaps catched
[14:38:48] 169 StatedElements catched
[14:38:48] 323 InteractiveElements catched
[14:38:49] 15228 SpellLevels catched 
[14:38:49] 4772 Spells catched 
[14:38:49] 1179 LearnableSpells catched 
[14:38:49] 9780 ItemTemplates catched 
[14:38:49] 4489 Weapons catched 
[14:38:49] 363 ItemSets catched 
[14:38:49] 171 ItemTypes catched 
[14:38:49] 25 Handlers Readed
[14:38:50] 27 Messages Readed
[14:38:50] WorldServer start in 21849 ms.
[14:39:34] MySQL Database Connected
[14:39:34] 16 Breeds catched
[14:39:34] 256 Heads catched
[14:39:34] 561 Effects catched
[14:39:42] 11260 DofusMaps catched
[14:39:42] 169 StatedElements catched
[14:39:42] 323 InteractiveElements catched
[14:39:42] 15228 SpellLevels catched 
[14:39:42] 4772 Spells catched 
[14:39:42] 1179 LearnableSpells catched 
[14:39:43] 9780 ItemTemplates catched 
[14:39:43] 4489 Weapons catched 
[14:39:43] 363 ItemSets catched 
[14:39:43] 171 ItemTypes catched 
[14:39:43] 25 Handlers Readed
[14:39:43] 27 Messages Readed
[14:39:43] WorldServer start in 9363 ms.
[22:04:49] MySQL Database Connected
[22:04:49] 16 Breeds catched
[22:04:49] 256 Heads catched
[22:04:49] 561 Effects catched
[22:04:56] 11260 DofusMaps catched
[22:04:57] 169 StatedElements catched
[22:04:57] 323 InteractiveElements catched
[22:04:57] 15228 SpellLevels catched 
[22:04:57] 4772 Spells catched 
[22:04:57] 1179 LearnableSpells catched 
[22:04:57] 9780 ItemTemplates catched 
[22:04:57] 4489 Weapons catched 
[22:04:57] 363 ItemSets catched 
[22:04:57] 171 ItemTypes catched 
[22:04:58] 25 Handlers Readed
[22:04:58] 27 Messages Readed
[22:04:58] WorldServer start in 9419 ms.
[22:08:59] MySQL Database Connected
[22:08:59] 16 Breeds catched
[22:08:59] 256 Heads catched
[22:08:59] 561 Effects catched
[22:09:07] 11260 DofusMaps catched
[22:09:07] 169 StatedElements catched
[22:09:07] 323 InteractiveElements catched
[22:09:07] 15228 SpellLevels catched 
[22:09:07] 4772 Spells catched 
[22:09:07] 1179 LearnableSpells catched 
[22:09:08] 9780 ItemTemplates catched 
[22:09:08] 4489 Weapons catched 
[22:09:08] 363 ItemSets catched 
[22:09:08] 171 ItemTypes catched 
[22:09:08] 25 Handlers Readed
[22:09:08] 27 Messages Readed
[22:09:08] WorldServer start in 9783 ms.
[23:09:47] MySQL Database Connected
[23:09:47] 16 Breeds catched
[23:09:47] 256 Heads catched
[23:09:47] 561 Effects catched
[23:09:59] 11260 DofusMaps catched
[23:09:59] 169 StatedElements catched
[23:09:59] 323 InteractiveElements catched
[23:09:59] 15228 SpellLevels catched 
[23:09:59] 4772 Spells catched 
[23:09:59] 1179 LearnableSpells catched 
[23:09:59] 9780 ItemTemplates catched 
[23:09:59] 4489 Weapons catched 
[23:10:00] 363 ItemSets catched 
[23:10:00] 171 ItemTypes catched 
[23:10:00] 25 Handlers Readed
[23:10:00] 27 Messages Readed
[23:10:00] WorldServer start in 13463 ms.
[23:14:21] MySQL Database Connected
[23:14:21] 16 Breeds catched
[23:14:21] 256 Heads catched
[23:14:21] 561 Effects catched
[23:14:29] 11260 DofusMaps catched
[23:14:29] 169 StatedElements catched
[23:14:29] 323 InteractiveElements catched
[23:14:29] 15228 SpellLevels catched 
[23:14:29] 4772 Spells catched 
[23:14:29] 1179 LearnableSpells catched 
[23:14:30] 9780 ItemTemplates catched 
[23:14:30] 4489 Weapons catched 
[23:14:30] 363 ItemSets catched 
[23:14:30] 171 ItemTypes catched 
[23:14:30] 25 Handlers Readed
[23:14:30] 27 Messages Readed
[23:14:30] WorldServer start in 9713 ms.
[23:36:06] MySQL Database Connected
[23:36:06] 16 Breeds catched
[23:36:06] 256 Heads catched
[23:36:06] 561 Effects catched
[23:36:14] 11260 DofusMaps catched
[23:36:14] 169 StatedElements catched
[23:36:14] 323 InteractiveElements catched
[23:36:14] 15228 SpellLevels catched 
[23:36:14] 4772 Spells catched 
[23:36:14] 1179 LearnableSpells catched 
[23:36:14] 9780 ItemTemplates catched 
[23:36:14] 4489 Weapons catched 
[23:36:15] 363 ItemSets catched 
[23:36:15] 171 ItemTypes catched 
[23:36:15] 25 Handlers Readed
[23:36:15] 27 Messages Readed
[23:36:15] WorldServer start in 9536 ms.
[23:37:03] MySQL Database Connected
[23:37:03] 16 Breeds catched
[23:37:03] 256 Heads catched
[23:37:03] 561 Effects catched
[23:37:11] 11260 DofusMaps catched
[23:37:11] 169 StatedElements catched
[23:37:11] 323 InteractiveElements catched
[23:37:12] 15228 SpellLevels catched 
[23:37:12] 4772 Spells catched 
[23:37:12] 1179 LearnableSpells catched 
[23:37:12] 9780 ItemTemplates catched 
[23:37:12] 4489 Weapons catched 
[23:37:12] 363 ItemSets catched 
[23:37:12] 171 ItemTypes catched 
[23:37:12] 25 Handlers Readed
[23:37:13] 27 Messages Readed
[23:37:13] WorldServer start in 10048 ms.
[23:37:56] MySQL Database Connected
[23:37:56] 16 Breeds catched
[23:37:56] 256 Heads catched
[23:37:56] 561 Effects catched
[23:38:04] 11260 DofusMaps catched
[23:38:04] 169 StatedElements catched
[23:38:04] 323 InteractiveElements catched
[23:38:04] 15228 SpellLevels catched 
[23:38:04] 4772 Spells catched 
[23:38:04] 1179 LearnableSpells catched 
[23:38:04] 9780 ItemTemplates catched 
[23:38:05] 4489 Weapons catched 
[23:38:05] 363 ItemSets catched 
[23:38:05] 171 ItemTypes catched 
[23:38:05] 25 Handlers Readed
[23:38:05] 27 Messages Readed
[23:38:05] WorldServer start in 9796 ms.
[23:39:45] MySQL Database Connected
[23:39:45] 16 Breeds catched
[23:39:45] 256 Heads catched
[23:39:45] 561 Effects catched
[23:39:55] 11260 DofusMaps catched
[23:39:55] 169 StatedElements catched
[23:39:55] 323 InteractiveElements catched
[23:39:55] 15228 SpellLevels catched 
[23:39:55] 4772 Spells catched 
[23:39:55] 1179 LearnableSpells catched 
[23:39:55] 9780 ItemTemplates catched 
[23:39:55] 4489 Weapons catched 
[23:39:55] 363 ItemSets catched 
[23:39:55] 171 ItemTypes catched 
[23:39:56] 25 Handlers Readed
[23:39:56] 27 Messages Readed
[23:39:56] WorldServer start in 11742 ms.
[23:56:56] MySQL Database Connected
[23:56:56] 16 Breeds catched
[23:56:56] 256 Heads catched
[23:56:56] 561 Effects catched
[23:57:04] 11260 DofusMaps catched
[23:57:04] 169 StatedElements catched
[23:57:04] 323 InteractiveElements catched
[23:57:04] 15228 SpellLevels catched 
[23:57:04] 4772 Spells catched 
[23:57:04] 1179 LearnableSpells catched 
[23:57:05] 9780 ItemTemplates catched 
[23:57:05] 4489 Weapons catched 
[23:57:05] 363 ItemSets catched 
[23:57:05] 171 ItemTypes catched 
[23:57:05] 25 Handlers Readed
[23:57:05] 27 Messages Readed
[23:57:05] WorldServer start in 9454 ms.
[23:58:07] MySQL Database Connected
[23:58:07] 16 Breeds catched
[23:58:07] 256 Heads catched
[23:58:07] 561 Effects catched
[23:58:14] 11260 DofusMaps catched
[23:58:14] 169 StatedElements catched
[23:58:14] 323 InteractiveElements catched
[23:58:15] 15228 SpellLevels catched 
[23:58:15] 4772 Spells catched 
[23:58:15] 1179 LearnableSpells catched 
[23:58:15] 9780 ItemTemplates catched 
[23:58:15] 4489 Weapons catched 
[23:58:15] 363 ItemSets catched 
[23:58:15] 171 ItemTypes catched 
[23:58:15] 25 Handlers Readed
[23:58:16] 27 Messages Readed
[23:58:16] WorldServer start in 9041 ms.
