[13:30:49] MySQL Database Connected
[13:30:49] 16 Breeds catched
[13:30:49] 256 Heads catched
[13:30:49] 561 Effects catched
[13:31:08] 11260 DofusMaps catched
[13:31:08] 454 StatedElements catched
[13:31:08] 820 InteractiveElements catched
[13:31:08] 87 HouseInformations catched
[13:31:08] 120 InteractiveDoors catched
[13:31:08] 3614 MapPositions uncatched
[13:31:08] 14681 MapPositions catched
[13:31:08] 42 MapZaaps catched
[13:31:08] 15228 SpellLevels catched 
[13:31:08] 4772 Spells catched 
[13:31:08] 1179 LearnableSpells catched 
[13:31:09] 9780 ItemTemplates catched 
[13:31:09] 4489 Weapons catched 
[13:31:09] 363 ItemSets catched 
[13:31:09] 171 ItemTypes catched 
[13:31:09] 110 ItemPets catched 
[13:31:10] 2476 NpcTemplates catched 
[13:31:10] 138 NpcSpawns catched 
[13:31:10] 50 NpcItems catched 
[13:31:10] 19801 NpcMessages catched 
[13:31:10] 7 NpcReplies catched 
[13:31:10] 18 Triggers catched
[13:31:12] 87 Handlers Readed
[13:31:13] 116 Messages Readed
[13:31:13] WorldServer start in 25111 ms.
[13:36:43] MySQL Database Connected
[13:36:43] 16 Breeds catched
[13:36:43] 256 Heads catched
[13:36:43] 561 Effects catched
[13:36:52] 11260 DofusMaps catched
[13:36:52] 454 StatedElements catched
[13:36:52] 820 InteractiveElements catched
[13:36:52] 87 HouseInformations catched
[13:36:52] 120 InteractiveDoors catched
[13:36:52] 3614 MapPositions uncatched
[13:36:52] 14681 MapPositions catched
[13:36:52] 42 MapZaaps catched
[13:36:52] 15228 SpellLevels catched 
[13:36:52] 4772 Spells catched 
[13:36:52] 1179 LearnableSpells catched 
[13:36:53] 9780 ItemTemplates catched 
[13:36:53] 4489 Weapons catched 
[13:36:53] 363 ItemSets catched 
[13:36:53] 171 ItemTypes catched 
[13:36:53] 110 ItemPets catched 
[13:36:53] 2476 NpcTemplates catched 
[13:36:53] 138 NpcSpawns catched 
[13:36:53] 50 NpcItems catched 
[13:36:53] 19801 NpcMessages catched 
[13:36:53] 7 NpcReplies catched 
[13:36:53] 18 Triggers catched
[13:36:54] 87 Handlers Readed
[13:36:54] 116 Messages Readed
[13:36:54] WorldServer start in 11099 ms.
[13:42:46] MySQL Database Connected
[13:42:46] 16 Breeds catched
[13:42:46] 256 Heads catched
[13:42:46] 561 Effects catched
[13:42:54] 11260 DofusMaps catched
[13:42:54] 454 StatedElements catched
[13:42:54] 820 InteractiveElements catched
[13:42:54] 87 HouseInformations catched
[13:42:54] 120 InteractiveDoors catched
[13:42:54] 3614 MapPositions uncatched
[13:42:54] 14681 MapPositions catched
[13:42:54] 42 MapZaaps catched
[13:42:55] 15228 SpellLevels catched 
[13:42:55] 4772 Spells catched 
[13:42:55] 1179 LearnableSpells catched 
[13:42:55] 9780 ItemTemplates catched 
[13:42:55] 4489 Weapons catched 
[13:42:55] 363 ItemSets catched 
[13:42:55] 171 ItemTypes catched 
[13:42:55] 110 ItemPets catched 
[13:42:55] 2476 NpcTemplates catched 
[13:42:55] 138 NpcSpawns catched 
[13:42:55] 50 NpcItems catched 
[13:42:56] 19801 NpcMessages catched 
[13:42:56] 7 NpcReplies catched 
[13:42:56] 18 Triggers catched
[13:42:56] 87 Handlers Readed
[13:42:56] 116 Messages Readed
[13:42:56] WorldServer start in 10678 ms.
[13:43:38] MySQL Database Connected
[13:43:38] 16 Breeds catched
[13:43:38] 256 Heads catched
[13:43:38] 561 Effects catched
[13:43:47] 11260 DofusMaps catched
[13:43:47] 454 StatedElements catched
[13:43:47] 820 InteractiveElements catched
[13:43:47] 87 HouseInformations catched
[13:43:47] 120 InteractiveDoors catched
[13:43:47] 3614 MapPositions uncatched
[13:43:47] 14681 MapPositions catched
[13:43:47] 42 MapZaaps catched
[13:43:48] 15228 SpellLevels catched 
[13:43:48] 4772 Spells catched 
[13:43:48] 1179 LearnableSpells catched 
[13:43:48] 9780 ItemTemplates catched 
[13:43:48] 4489 Weapons catched 
[13:43:48] 363 ItemSets catched 
[13:43:48] 171 ItemTypes catched 
[13:43:48] 110 ItemPets catched 
[13:43:48] 2476 NpcTemplates catched 
[13:43:48] 138 NpcSpawns catched 
[13:43:48] 50 NpcItems catched 
[13:43:48] 19801 NpcMessages catched 
[13:43:48] 7 NpcReplies catched 
[13:43:48] 18 Triggers catched
[13:43:49] 87 Handlers Readed
[13:43:49] 116 Messages Readed
[13:43:49] WorldServer start in 11282 ms.
[14:17:36] MySQL Database Connected
[14:17:36] 16 Breeds catched
[14:17:36] 256 Heads catched
[14:17:36] 561 Effects catched
[14:18:10] 11260 DofusMaps catched
[14:18:10] 454 StatedElements catched
[14:18:10] 820 InteractiveElements catched
[14:18:10] 87 HouseInformations catched
[14:18:10] 120 InteractiveDoors catched
[14:18:10] 3614 MapPositions uncatched
[14:18:10] 14681 MapPositions catched
[14:18:10] 42 MapZaaps catched
[14:18:11] 15228 SpellLevels catched 
[14:18:11] 4772 Spells catched 
[14:18:11] 1179 LearnableSpells catched 
[14:18:11] 9780 ItemTemplates catched 
[14:18:11] 4489 Weapons catched 
[14:18:11] 363 ItemSets catched 
[14:18:11] 171 ItemTypes catched 
[14:18:12] 110 ItemPets catched 
[14:18:12] 2476 NpcTemplates catched 
[14:18:12] 138 NpcSpawns catched 
[14:18:12] 50 NpcItems catched 
[14:18:12] 19801 NpcMessages catched 
[14:18:12] 7 NpcReplies catched 
[14:18:12] 18 Triggers catched
[14:18:15] 87 Handlers Readed
[14:18:17] 116 Messages Readed
[14:18:18] WorldServer start in 41766 ms.
[14:21:56] MySQL Database Connected
[14:21:56] 16 Breeds catched
[14:21:56] 256 Heads catched
[14:21:56] 561 Effects catched
[14:22:04] 11260 DofusMaps catched
[14:22:04] 454 StatedElements catched
[14:22:04] 820 InteractiveElements catched
[14:22:04] 87 HouseInformations catched
[14:22:04] 120 InteractiveDoors catched
[14:22:04] 3614 MapPositions uncatched
[14:22:04] 14681 MapPositions catched
[14:22:04] 42 MapZaaps catched
[14:22:05] 15228 SpellLevels catched 
[14:22:05] 4772 Spells catched 
[14:22:05] 1179 LearnableSpells catched 
[14:22:05] 9780 ItemTemplates catched 
[14:22:05] 4489 Weapons catched 
[14:22:05] 363 ItemSets catched 
[14:22:05] 171 ItemTypes catched 
[14:22:05] 110 ItemPets catched 
[14:22:06] 2476 NpcTemplates catched 
[14:22:06] 138 NpcSpawns catched 
[14:22:06] 50 NpcItems catched 
[14:22:06] 19801 NpcMessages catched 
[14:22:06] 7 NpcReplies catched 
[14:22:06] 18 Triggers catched
[14:22:06] 87 Handlers Readed
[14:22:06] 116 Messages Readed
[14:22:07] WorldServer start in 10921 ms.
[14:22:56] MySQL Database Connected
[14:22:56] 16 Breeds catched
[14:22:56] 256 Heads catched
[14:22:56] 561 Effects catched
[14:23:05] 11260 DofusMaps catched
[14:23:05] 454 StatedElements catched
[14:23:05] 820 InteractiveElements catched
[14:23:05] 87 HouseInformations catched
[14:23:05] 120 InteractiveDoors catched
[14:23:05] 3614 MapPositions uncatched
[14:23:05] 14681 MapPositions catched
[14:23:05] 42 MapZaaps catched
[14:23:06] 15228 SpellLevels catched 
[14:23:06] 4772 Spells catched 
[14:23:06] 1179 LearnableSpells catched 
[14:23:06] 9780 ItemTemplates catched 
[14:23:06] 4489 Weapons catched 
[14:23:06] 363 ItemSets catched 
[14:23:06] 171 ItemTypes catched 
[14:23:06] 110 ItemPets catched 
[14:23:07] 2476 NpcTemplates catched 
[14:23:07] 138 NpcSpawns catched 
[14:23:07] 50 NpcItems catched 
[14:23:07] 19801 NpcMessages catched 
[14:23:07] 7 NpcReplies catched 
[14:23:07] 18 Triggers catched
[14:23:07] 87 Handlers Readed
[14:23:07] 116 Messages Readed
[14:23:07] WorldServer start in 11548 ms.
[14:24:12] MySQL Database Connected
[14:24:12] 16 Breeds catched
[14:24:12] 256 Heads catched
[14:24:12] 561 Effects catched
[14:24:21] 11260 DofusMaps catched
[14:24:21] 454 StatedElements catched
[14:24:21] 820 InteractiveElements catched
[14:24:21] 87 HouseInformations catched
[14:24:21] 120 InteractiveDoors catched
[14:24:22] 3614 MapPositions uncatched
[14:24:22] 14681 MapPositions catched
[14:24:22] 42 MapZaaps catched
[14:24:22] 15228 SpellLevels catched 
[14:24:22] 4772 Spells catched 
[14:24:22] 1179 LearnableSpells catched 
[14:24:22] 9780 ItemTemplates catched 
[14:24:23] 4489 Weapons catched 
[14:24:23] 363 ItemSets catched 
[14:24:23] 171 ItemTypes catched 
[14:24:23] 110 ItemPets catched 
[14:24:23] 2476 NpcTemplates catched 
[14:24:23] 138 NpcSpawns catched 
[14:24:23] 50 NpcItems catched 
[14:24:23] 19801 NpcMessages catched 
[14:24:23] 7 NpcReplies catched 
[14:24:23] 18 Triggers catched
[14:24:24] 87 Handlers Readed
[14:24:24] 116 Messages Readed
[14:24:24] WorldServer start in 12744 ms.
[14:27:19] MySQL Database Connected
[14:27:19] 16 Breeds catched
[14:27:19] 256 Heads catched
[14:27:19] 561 Effects catched
[14:27:27] 11260 DofusMaps catched
[14:27:27] 454 StatedElements catched
[14:27:27] 820 InteractiveElements catched
[14:27:27] 87 HouseInformations catched
[14:27:27] 120 InteractiveDoors catched
[14:27:28] 3614 MapPositions uncatched
[14:27:28] 14681 MapPositions catched
[14:27:28] 42 MapZaaps catched
[14:27:28] 15228 SpellLevels catched 
[14:27:28] 4772 Spells catched 
[14:27:28] 1179 LearnableSpells catched 
[14:27:28] 9780 ItemTemplates catched 
[14:27:28] 4489 Weapons catched 
[14:27:28] 363 ItemSets catched 
[14:27:28] 171 ItemTypes catched 
[14:27:28] 110 ItemPets catched 
[14:27:29] 2476 NpcTemplates catched 
[14:27:29] 138 NpcSpawns catched 
[14:27:29] 50 NpcItems catched 
[14:27:29] 19801 NpcMessages catched 
[14:27:29] 7 NpcReplies catched 
[14:27:29] 18 Triggers catched
[14:27:29] 87 Handlers Readed
[14:27:30] 116 Messages Readed
[14:27:30] WorldServer start in 10540 ms.
[14:29:16] MySQL Database Connected
[14:29:16] 16 Breeds catched
[14:29:16] 256 Heads catched
[14:29:16] 561 Effects catched
[14:29:26] 11260 DofusMaps catched
[14:29:26] 454 StatedElements catched
[14:29:26] 820 InteractiveElements catched
[14:29:26] 87 HouseInformations catched
[14:29:26] 120 InteractiveDoors catched
[14:29:26] 3614 MapPositions uncatched
[14:29:26] 14681 MapPositions catched
[14:29:26] 42 MapZaaps catched
[14:29:26] 15228 SpellLevels catched 
[14:29:26] 4772 Spells catched 
[14:29:26] 1179 LearnableSpells catched 
[14:29:27] 9780 ItemTemplates catched 
[14:29:27] 4489 Weapons catched 
[14:29:27] 363 ItemSets catched 
[14:29:27] 171 ItemTypes catched 
[14:29:27] 110 ItemPets catched 
[14:29:27] 2476 NpcTemplates catched 
[14:29:27] 138 NpcSpawns catched 
[14:29:27] 50 NpcItems catched 
[14:29:27] 19801 NpcMessages catched 
[14:29:27] 7 NpcReplies catched 
[14:29:27] 18 Triggers catched
[14:29:28] 87 Handlers Readed
[14:29:28] 116 Messages Readed
[14:29:28] WorldServer start in 12758 ms.
[14:30:59] MySQL Database Connected
[14:30:59] 16 Breeds catched
[14:30:59] 256 Heads catched
[14:30:59] 561 Effects catched
[14:31:08] 11260 DofusMaps catched
[14:31:08] 454 StatedElements catched
[14:31:08] 820 InteractiveElements catched
[14:31:08] 87 HouseInformations catched
[14:31:08] 120 InteractiveDoors catched
[14:31:08] 3614 MapPositions uncatched
[14:31:08] 14681 MapPositions catched
[14:31:08] 42 MapZaaps catched
[14:31:08] 15228 SpellLevels catched 
[14:31:08] 4772 Spells catched 
[14:31:08] 1179 LearnableSpells catched 
[14:31:09] 9780 ItemTemplates catched 
[14:31:09] 4489 Weapons catched 
[14:31:09] 363 ItemSets catched 
[14:31:09] 171 ItemTypes catched 
[14:31:09] 110 ItemPets catched 
[14:31:09] 2476 NpcTemplates catched 
[14:31:09] 138 NpcSpawns catched 
[14:31:09] 50 NpcItems catched 
[14:31:09] 19801 NpcMessages catched 
[14:31:09] 7 NpcReplies catched 
[14:31:09] 18 Triggers catched
[14:31:10] 87 Handlers Readed
[14:31:10] 116 Messages Readed
[14:31:10] WorldServer start in 11253 ms.
[14:32:14] MySQL Database Connected
[14:32:14] 16 Breeds catched
[14:32:14] 256 Heads catched
[14:32:14] 561 Effects catched
[14:32:23] 11260 DofusMaps catched
[14:32:23] 454 StatedElements catched
[14:32:23] 820 InteractiveElements catched
[14:32:23] 87 HouseInformations catched
[14:32:23] 120 InteractiveDoors catched
[14:32:23] 3614 MapPositions uncatched
[14:32:23] 14681 MapPositions catched
[14:32:23] 42 MapZaaps catched
[14:32:23] 15228 SpellLevels catched 
[14:32:23] 4772 Spells catched 
[14:32:23] 1179 LearnableSpells catched 
[14:32:24] 9780 ItemTemplates catched 
[14:32:24] 4489 Weapons catched 
[14:32:24] 363 ItemSets catched 
[14:32:24] 171 ItemTypes catched 
[14:32:24] 110 ItemPets catched 
[14:32:24] 2476 NpcTemplates catched 
[14:32:24] 138 NpcSpawns catched 
[14:32:24] 50 NpcItems catched 
[14:32:24] 19801 NpcMessages catched 
[14:32:24] 7 NpcReplies catched 
[14:32:24] 18 Triggers catched
[14:32:25] 87 Handlers Readed
[14:32:25] 116 Messages Readed
[14:32:25] WorldServer start in 11424 ms.
[14:41:24] MySQL Database Connected
[14:41:24] 16 Breeds catched
[14:41:24] 256 Heads catched
[14:41:24] 561 Effects catched
[14:42:19] 11260 DofusMaps catched
[14:42:19] 454 StatedElements catched
[14:42:20] 820 InteractiveElements catched
[14:42:20] 87 HouseInformations catched
[14:42:20] 120 InteractiveDoors catched
[14:42:20] 3614 MapPositions uncatched
[14:42:20] 14681 MapPositions catched
[14:42:20] 42 MapZaaps catched
[14:42:20] 15228 SpellLevels catched 
[14:42:20] 4772 Spells catched 
[14:42:20] 1179 LearnableSpells catched 
[14:42:21] 9780 ItemTemplates catched 
[14:42:21] 4489 Weapons catched 
[14:42:21] 363 ItemSets catched 
[14:42:21] 171 ItemTypes catched 
[14:42:21] 110 ItemPets catched 
[14:42:21] 2476 NpcTemplates catched 
[14:42:21] 138 NpcSpawns catched 
[14:42:21] 50 NpcItems catched 
[14:42:21] 19801 NpcMessages catched 
[14:42:21] 7 NpcReplies catched 
[14:42:21] 18 Triggers catched
[14:42:22] 87 Handlers Readed
[14:42:22] 116 Messages Readed
[14:42:22] WorldServer start in 57904 ms.
[14:45:13] MySQL Database Connected
[14:45:13] 16 Breeds catched
[14:45:13] 256 Heads catched
[14:45:13] 561 Effects catched
[14:45:22] 11260 DofusMaps catched
[14:45:22] 454 StatedElements catched
[14:45:22] 820 InteractiveElements catched
[14:45:22] 87 HouseInformations catched
[14:45:22] 120 InteractiveDoors catched
[14:45:22] 3614 MapPositions uncatched
[14:45:22] 14681 MapPositions catched
[14:45:22] 42 MapZaaps catched
[14:45:22] 15228 SpellLevels catched 
[14:45:22] 4772 Spells catched 
[14:45:22] 1179 LearnableSpells catched 
[14:45:22] 9780 ItemTemplates catched 
[14:45:23] 4489 Weapons catched 
[14:45:23] 363 ItemSets catched 
[14:45:23] 171 ItemTypes catched 
[14:45:23] 110 ItemPets catched 
[14:45:23] 2476 NpcTemplates catched 
[14:45:23] 138 NpcSpawns catched 
[14:45:23] 50 NpcItems catched 
[14:45:23] 19801 NpcMessages catched 
[14:45:23] 7 NpcReplies catched 
[14:45:23] 18 Triggers catched
[14:45:24] 87 Handlers Readed
[14:45:24] 116 Messages Readed
[14:45:24] WorldServer start in 10956 ms.
[14:57:50] MySQL Database Connected
[14:57:50] 16 Breeds catched
[14:57:50] 256 Heads catched
[14:57:50] 561 Effects catched
[14:57:59] 11260 DofusMaps catched
[14:57:59] 454 StatedElements catched
[14:57:59] 820 InteractiveElements catched
[14:57:59] 87 HouseInformations catched
[14:57:59] 120 InteractiveDoors catched
[14:57:59] 3614 MapPositions uncatched
[14:57:59] 14681 MapPositions catched
[14:57:59] 42 MapZaaps catched
[14:57:59] 15228 SpellLevels catched 
[14:57:59] 4772 Spells catched 
[14:57:59] 1179 LearnableSpells catched 
[14:57:59] 9780 ItemTemplates catched 
[14:58:00] 4489 Weapons catched 
[14:58:00] 363 ItemSets catched 
[14:58:00] 171 ItemTypes catched 
[14:58:00] 110 ItemPets catched 
[14:58:00] 2476 NpcTemplates catched 
[14:58:00] 138 NpcSpawns catched 
[14:58:00] 50 NpcItems catched 
[14:58:00] 19801 NpcMessages catched 
[14:58:00] 7 NpcReplies catched 
[14:58:00] 18 Triggers catched
[14:58:00] 87 Handlers Readed
[14:58:01] 116 Messages Readed
[14:58:01] WorldServer start in 10856 ms.
[15:01:06] MySQL Database Connected
[15:01:06] 16 Breeds catched
[15:01:06] 256 Heads catched
[15:01:06] 561 Effects catched
[15:01:15] 11260 DofusMaps catched
[15:01:15] 454 StatedElements catched
[15:01:15] 820 InteractiveElements catched
[15:01:15] 87 HouseInformations catched
[15:01:16] 120 InteractiveDoors catched
[15:01:16] 3614 MapPositions uncatched
[15:01:16] 14681 MapPositions catched
[15:01:16] 42 MapZaaps catched
[15:01:16] 15228 SpellLevels catched 
[15:01:16] 4772 Spells catched 
[15:01:16] 1179 LearnableSpells catched 
[15:01:16] 9780 ItemTemplates catched 
[15:01:17] 4489 Weapons catched 
[15:01:17] 363 ItemSets catched 
[15:01:17] 171 ItemTypes catched 
[15:01:17] 110 ItemPets catched 
[15:01:17] 2476 NpcTemplates catched 
[15:01:17] 138 NpcSpawns catched 
[15:01:17] 50 NpcItems catched 
[15:01:17] 19801 NpcMessages catched 
[15:01:17] 7 NpcReplies catched 
[15:01:17] 18 Triggers catched
[15:01:17] 87 Handlers Readed
[15:01:18] 116 Messages Readed
[15:01:18] WorldServer start in 12432 ms.
[15:11:25] MySQL Database Connected
[15:11:25] 16 Breeds catched
[15:11:25] 256 Heads catched
[15:11:25] 561 Effects catched
[15:12:00] 11260 DofusMaps catched
[15:12:00] 454 StatedElements catched
[15:12:00] 820 InteractiveElements catched
[15:12:00] 87 HouseInformations catched
[15:12:00] 120 InteractiveDoors catched
[15:12:00] 3614 MapPositions uncatched
[15:12:00] 14681 MapPositions catched
[15:12:00] 42 MapZaaps catched
[15:12:00] 15228 SpellLevels catched 
[15:12:00] 4772 Spells catched 
[15:12:00] 1179 LearnableSpells catched 
[15:12:01] 9780 ItemTemplates catched 
[15:12:01] 4489 Weapons catched 
[15:12:01] 363 ItemSets catched 
[15:12:01] 171 ItemTypes catched 
[15:12:01] 110 ItemPets catched 
[15:12:01] 2476 NpcTemplates catched 
[15:12:01] 138 NpcSpawns catched 
[15:12:01] 50 NpcItems catched 
[15:12:01] 19801 NpcMessages catched 
[15:12:01] 7 NpcReplies catched 
[15:12:01] 18 Triggers catched
[15:12:02] 87 Handlers Readed
[15:12:02] 116 Messages Readed
[15:12:02] WorldServer start in 37051 ms.
[15:15:04] MySQL Database Connected
[15:15:04] 16 Breeds catched
[15:15:04] 256 Heads catched
[15:15:04] 561 Effects catched
[15:15:12] 11260 DofusMaps catched
[15:15:12] 454 StatedElements catched
[15:15:13] 820 InteractiveElements catched
[15:15:13] 87 HouseInformations catched
[15:15:13] 120 InteractiveDoors catched
[15:15:13] 3614 MapPositions uncatched
[15:15:13] 14681 MapPositions catched
[15:15:13] 42 MapZaaps catched
[15:15:13] 15228 SpellLevels catched 
[15:15:13] 4772 Spells catched 
[15:15:13] 1179 LearnableSpells catched 
[15:15:14] 9780 ItemTemplates catched 
[15:15:14] 4489 Weapons catched 
[15:15:14] 363 ItemSets catched 
[15:15:14] 171 ItemTypes catched 
[15:15:14] 110 ItemPets catched 
[15:15:14] 2476 NpcTemplates catched 
[15:15:14] 138 NpcSpawns catched 
[15:15:14] 50 NpcItems catched 
[15:15:14] 19801 NpcMessages catched 
[15:15:14] 7 NpcReplies catched 
[15:15:14] 18 Triggers catched
[15:15:15] 87 Handlers Readed
[15:15:15] 116 Messages Readed
[15:15:15] WorldServer start in 11383 ms.
[15:33:49] MySQL Database Connected
[15:33:50] 16 Breeds catched
[15:33:50] 256 Heads catched
[15:33:50] 561 Effects catched
[15:33:58] 11260 DofusMaps catched
[15:33:58] 454 StatedElements catched
[15:33:59] 820 InteractiveElements catched
[15:33:59] 87 HouseInformations catched
[15:33:59] 120 InteractiveDoors catched
[15:33:59] 3614 MapPositions uncatched
[15:33:59] 14681 MapPositions catched
[15:33:59] 42 MapZaaps catched
[15:33:59] 15228 SpellLevels catched 
[15:34:00] 4772 Spells catched 
[15:34:00] 1179 LearnableSpells catched 
[15:34:00] 9780 ItemTemplates catched 
[15:34:00] 4489 Weapons catched 
[15:34:00] 363 ItemSets catched 
[15:34:00] 171 ItemTypes catched 
[15:34:00] 110 ItemPets catched 
[15:34:01] 2476 NpcTemplates catched 
[15:34:01] 138 NpcSpawns catched 
[15:34:01] 50 NpcItems catched 
[15:34:01] 19801 NpcMessages catched 
[15:34:01] 7 NpcReplies catched 
[15:34:01] 18 Triggers catched
[15:34:01] 87 Handlers Readed
[15:34:01] 116 Messages Readed
[15:34:01] WorldServer start in 12252 ms.
[15:36:56] MySQL Database Connected
[15:36:56] 16 Breeds catched
[15:36:56] 256 Heads catched
[15:36:56] 561 Effects catched
[15:37:04] 11260 DofusMaps catched
[15:37:04] 454 StatedElements catched
[15:37:04] 820 InteractiveElements catched
[15:37:04] 87 HouseInformations catched
[15:37:04] 120 InteractiveDoors catched
[15:37:04] 3614 MapPositions uncatched
[15:37:04] 14681 MapPositions catched
[15:37:04] 42 MapZaaps catched
[15:37:04] 15228 SpellLevels catched 
[15:37:04] 4772 Spells catched 
[15:37:04] 1179 LearnableSpells catched 
[15:37:04] 9780 ItemTemplates catched 
[15:37:05] 4489 Weapons catched 
[15:37:05] 363 ItemSets catched 
[15:37:05] 171 ItemTypes catched 
[15:37:05] 110 ItemPets catched 
[15:37:05] 2476 NpcTemplates catched 
[15:37:05] 138 NpcSpawns catched 
[15:37:05] 50 NpcItems catched 
[15:37:05] 19801 NpcMessages catched 
[15:37:05] 7 NpcReplies catched 
[15:37:05] 18 Triggers catched
[15:37:05] 87 Handlers Readed
[15:37:06] 116 Messages Readed
[15:37:06] WorldServer start in 10578 ms.
[15:41:26] MySQL Database Connected
[15:41:26] 16 Breeds catched
[15:41:26] 256 Heads catched
[15:41:26] 561 Effects catched
[15:41:35] 11260 DofusMaps catched
[15:41:35] 454 StatedElements catched
[15:41:35] 820 InteractiveElements catched
[15:41:35] 87 HouseInformations catched
[15:41:35] 120 InteractiveDoors catched
[15:41:35] 3614 MapPositions uncatched
[15:41:35] 14681 MapPositions catched
[15:41:35] 42 MapZaaps catched
[15:41:35] 15228 SpellLevels catched 
[15:41:35] 4772 Spells catched 
[15:41:35] 1179 LearnableSpells catched 
[15:41:35] 9780 ItemTemplates catched 
[15:41:36] 4489 Weapons catched 
[15:41:36] 363 ItemSets catched 
[15:41:36] 171 ItemTypes catched 
[15:41:36] 110 ItemPets catched 
[15:41:36] 2476 NpcTemplates catched 
[15:41:36] 138 NpcSpawns catched 
[15:41:36] 50 NpcItems catched 
[15:41:36] 19801 NpcMessages catched 
[15:41:36] 7 NpcReplies catched 
[15:41:36] 18 Triggers catched
[15:41:36] 87 Handlers Readed
[15:41:37] 116 Messages Readed
[15:41:37] WorldServer start in 11467 ms.
[15:47:08] MySQL Database Connected
[15:47:08] 16 Breeds catched
[15:47:08] 256 Heads catched
[15:47:08] 561 Effects catched
[15:47:16] 11260 DofusMaps catched
[15:47:16] 454 StatedElements catched
[15:47:16] 820 InteractiveElements catched
[15:47:16] 87 HouseInformations catched
[15:47:16] 120 InteractiveDoors catched
[15:47:16] 3614 MapPositions uncatched
[15:47:16] 14681 MapPositions catched
[15:47:16] 42 MapZaaps catched
[15:47:17] 15228 SpellLevels catched 
[15:47:17] 4772 Spells catched 
[15:47:17] 1179 LearnableSpells catched 
[15:47:17] 9780 ItemTemplates catched 
[15:47:17] 4489 Weapons catched 
[15:47:17] 363 ItemSets catched 
[15:47:17] 171 ItemTypes catched 
[15:47:17] 110 ItemPets catched 
[15:47:18] 2476 NpcTemplates catched 
[15:47:18] 138 NpcSpawns catched 
[15:47:18] 50 NpcItems catched 
[15:47:18] 19801 NpcMessages catched 
[15:47:18] 7 NpcReplies catched 
[15:47:18] 18 Triggers catched
[15:47:18] 87 Handlers Readed
[15:47:18] 116 Messages Readed
[15:47:18] WorldServer start in 10426 ms.
[15:47:56] MySQL Database Connected
[15:47:56] 16 Breeds catched
[15:47:56] 256 Heads catched
[15:47:56] 561 Effects catched
[15:48:04] 11260 DofusMaps catched
[15:48:04] 454 StatedElements catched
[15:48:04] 820 InteractiveElements catched
[15:48:04] 87 HouseInformations catched
[15:48:04] 120 InteractiveDoors catched
[15:48:05] 3614 MapPositions uncatched
[15:48:05] 14681 MapPositions catched
[15:48:05] 42 MapZaaps catched
[15:48:05] 15228 SpellLevels catched 
[15:48:05] 4772 Spells catched 
[15:48:05] 1179 LearnableSpells catched 
[15:48:05] 9780 ItemTemplates catched 
[15:48:05] 4489 Weapons catched 
[15:48:05] 363 ItemSets catched 
[15:48:05] 171 ItemTypes catched 
[15:48:05] 110 ItemPets catched 
[15:48:06] 2476 NpcTemplates catched 
[15:48:06] 138 NpcSpawns catched 
[15:48:06] 50 NpcItems catched 
[15:48:06] 19801 NpcMessages catched 
[15:48:06] 7 NpcReplies catched 
[15:48:06] 18 Triggers catched
[15:48:06] 87 Handlers Readed
[15:48:07] 116 Messages Readed
[15:48:07] WorldServer start in 10784 ms.
[21:57:21] MySQL Database Connected
[21:57:21] 16 Breeds catched
[21:57:21] 256 Heads catched
[21:57:21] 561 Effects catched
[21:57:31] 11260 DofusMaps catched
[21:57:31] 454 StatedElements catched
[21:57:31] 820 InteractiveElements catched
[21:57:31] 87 HouseInformations catched
[21:57:31] 120 InteractiveDoors catched
[21:57:31] 3614 MapPositions uncatched
[21:57:31] 14681 MapPositions catched
[21:57:31] 42 MapZaaps catched
[21:57:31] 15228 SpellLevels catched 
[21:57:31] 4772 Spells catched 
[21:57:31] 1179 LearnableSpells catched 
[21:57:32] 9780 ItemTemplates catched 
[21:57:32] 4489 Weapons catched 
[21:57:32] 363 ItemSets catched 
[21:57:32] 171 ItemTypes catched 
[21:57:32] 110 ItemPets catched 
[21:57:32] 2476 NpcTemplates catched 
[21:57:32] 138 NpcSpawns catched 
[21:57:32] 50 NpcItems catched 
[21:57:33] 19801 NpcMessages catched 
[21:57:33] 7 NpcReplies catched 
[21:57:33] 18 Triggers catched
[21:57:35] 87 Handlers Readed
[21:57:36] 116 Messages Readed
[21:57:36] WorldServer start in 15553 ms.
[22:31:06] MySQL Database Connected
[22:31:06] 16 Breeds catched
[22:31:06] 256 Heads catched
[22:31:06] 561 Effects catched
[22:31:15] 11260 DofusMaps catched
[22:31:15] 454 StatedElements catched
[22:31:15] 820 InteractiveElements catched
[22:31:15] 87 HouseInformations catched
[22:31:15] 120 InteractiveDoors catched
[22:31:15] 3614 MapPositions uncatched
[22:31:15] 14681 MapPositions catched
[22:31:15] 42 MapZaaps catched
[22:31:16] 15228 SpellLevels catched 
[22:31:16] 4772 Spells catched 
[22:31:16] 1179 LearnableSpells catched 
[22:31:16] 9780 ItemTemplates catched 
[22:31:17] 4489 Weapons catched 
[22:31:17] 363 ItemSets catched 
[22:31:17] 171 ItemTypes catched 
[22:31:17] 110 ItemPets catched 
[22:31:18] 2476 NpcTemplates catched 
[22:31:18] 138 NpcSpawns catched 
[22:31:18] 50 NpcItems catched 
[22:31:18] 19801 NpcMessages catched 
[22:31:18] 7 NpcReplies catched 
[22:31:18] 18 Triggers catched
[22:31:18] 87 Handlers Readed
[22:31:19] 116 Messages Readed
[22:31:19] WorldServer start in 12680 ms.
[22:32:06] MySQL Database Connected
[22:32:06] 16 Breeds catched
[22:32:06] 256 Heads catched
[22:32:06] 561 Effects catched
[22:32:14] 11260 DofusMaps catched
[22:32:14] 454 StatedElements catched
[22:32:14] 820 InteractiveElements catched
[22:32:14] 87 HouseInformations catched
[22:32:14] 120 InteractiveDoors catched
[22:32:14] 3614 MapPositions uncatched
[22:32:14] 14681 MapPositions catched
[22:32:14] 42 MapZaaps catched
[22:32:15] 15228 SpellLevels catched 
[22:32:15] 4772 Spells catched 
[22:32:15] 1179 LearnableSpells catched 
[22:32:15] 9780 ItemTemplates catched 
[22:32:15] 4489 Weapons catched 
[22:32:15] 363 ItemSets catched 
[22:32:15] 171 ItemTypes catched 
[22:32:15] 110 ItemPets catched 
[22:32:15] 2476 NpcTemplates catched 
[22:32:15] 138 NpcSpawns catched 
[22:32:15] 50 NpcItems catched 
[22:32:15] 19801 NpcMessages catched 
[22:32:15] 7 NpcReplies catched 
[22:32:16] 18 Triggers catched
[22:32:16] 87 Handlers Readed
[22:32:16] 116 Messages Readed
[22:32:16] WorldServer start in 10575 ms.
[22:54:08] MySQL Database Connected
[22:54:08] 16 Breeds catched
[22:54:08] 256 Heads catched
[22:54:08] 561 Effects catched
[22:54:17] 11260 DofusMaps catched
[22:54:17] 454 StatedElements catched
[22:54:17] 820 InteractiveElements catched
[22:54:17] 87 HouseInformations catched
[22:54:17] 120 InteractiveDoors catched
[22:54:18] 3614 MapPositions uncatched
[22:54:18] 14681 MapPositions catched
[22:54:18] 42 MapZaaps catched
[22:54:18] 15228 SpellLevels catched 
[22:54:18] 4772 Spells catched 
[22:54:18] 1179 LearnableSpells catched 
[22:54:18] 9780 ItemTemplates catched 
[22:54:18] 4489 Weapons catched 
[22:54:18] 363 ItemSets catched 
[22:54:18] 171 ItemTypes catched 
[22:54:18] 110 ItemPets catched 
[22:54:19] 2476 NpcTemplates catched 
[22:54:19] 138 NpcSpawns catched 
[22:54:19] 50 NpcItems catched 
[22:54:19] 19801 NpcMessages catched 
[22:54:19] 7 NpcReplies catched 
[22:54:19] 18 Triggers catched
[22:54:19] 87 Handlers Readed
[22:54:20] 116 Messages Readed
[22:54:20] WorldServer start in 11626 ms.
