[08:45:08] MySQL Database Connected
[08:45:08] 16 Breeds catched
[08:45:08] 256 Heads catched
[08:45:08] 561 Effects catched
[08:45:08] 4 SuperAreas catched
[08:45:08] 48 Areas catched
[08:45:09] 334 SubAreas catched
[08:45:17] 11260 DofusMaps catched
[08:45:17] 9761 StatedElements catched
[08:45:17] 13349 InteractiveElements catched
[08:45:17] 1485 HouseInformations catched
[08:45:17] 556 InteractiveDoors catched
[08:45:18] 3614 MapPositions uncatched
[08:45:18] 14681 MapPositions catched
[08:45:18] 42 MapZaaps catched
[08:45:18] 79 MapSubways catched
[08:45:18] 15228 SpellLevels catched 
[08:45:18] 4772 Spells catched 
[08:45:18] 316 GuildEmblems catched 
[08:45:18] 1179 LearnableSpells catched 
[08:45:18] 9780 ItemTemplates catched 
[08:45:18] 4489 Weapons catched 
[08:45:18] 363 ItemSets catched 
[08:45:18] 171 ItemTypes catched 
[08:45:19] 110 ItemPets catched 
[08:45:19] 2476 NpcTemplates catched 
[08:45:19] 787 NpcSpawns catched 
[08:45:19] 94 NpcItems catched 
[08:45:19] 19801 NpcMessages catched 
[08:45:19] 7 NpcReplies catched 
[08:45:19] 353 Triggers catched
[08:45:19] 1277 Paddocks catched
[08:45:19] 72 Mounts catched
[08:45:20] 4 Guild catched
[08:45:20] 3 GuildMembers catched
[08:45:20] 114 Handlers Readed
[08:45:21] 161 Messages Readed
[08:45:21] WorldServer start in 13768 ms.
[13:26:13] MySQL Database Connected
[13:26:13] 16 Breeds catched
[13:26:13] 256 Heads catched
[13:26:13] 561 Effects catched
[13:26:13] 4 SuperAreas catched
[13:26:13] 48 Areas catched
[13:26:14] 334 SubAreas catched
[13:26:22] 11260 DofusMaps catched
[13:26:22] 9761 StatedElements catched
[13:26:22] 13349 InteractiveElements catched
[13:26:22] 1485 HouseInformations catched
[13:26:22] 556 InteractiveDoors catched
[13:26:22] 3614 MapPositions uncatched
[13:26:22] 14681 MapPositions catched
[13:26:22] 42 MapZaaps catched
[13:26:22] 79 MapSubways catched
[13:26:22] 15228 SpellLevels catched 
[13:26:22] 4772 Spells catched 
[13:26:22] 316 GuildEmblems catched 
[13:26:22] 1179 LearnableSpells catched 
[13:26:23] 9780 ItemTemplates catched 
[13:26:23] 4489 Weapons catched 
[13:26:23] 363 ItemSets catched 
[13:26:23] 171 ItemTypes catched 
[13:26:23] 110 ItemPets catched 
[13:26:23] 2476 NpcTemplates catched 
[13:26:23] 787 NpcSpawns catched 
[13:26:23] 94 NpcItems catched 
[13:26:23] 19801 NpcMessages catched 
[13:26:23] 7 NpcReplies catched 
[13:26:24] 353 Triggers catched
[13:26:24] 1277 Paddocks catched
[13:26:24] 72 Mounts catched
[13:26:24] 4 Guild catched
[13:26:24] 3 GuildMembers catched
[13:26:24] 115 Handlers Readed
[13:26:25] 162 Messages Readed
[13:26:25] WorldServer start in 12580 ms.
[13:31:58] MySQL Database Connected
[13:31:58] 16 Breeds catched
[13:31:58] 256 Heads catched
[13:31:58] 561 Effects catched
[13:31:58] 4 SuperAreas catched
[13:31:58] 48 Areas catched
[13:31:59] 334 SubAreas catched
[13:32:07] 11260 DofusMaps catched
[13:32:07] 9761 StatedElements catched
[13:32:07] 13349 InteractiveElements catched
[13:32:07] 1485 HouseInformations catched
[13:32:07] 556 InteractiveDoors catched
[13:32:07] 3614 MapPositions uncatched
[13:32:07] 14681 MapPositions catched
[13:32:07] 42 MapZaaps catched
[13:32:07] 79 MapSubways catched
[13:32:08] 15228 SpellLevels catched 
[13:32:08] 4772 Spells catched 
[13:32:08] 316 GuildEmblems catched 
[13:32:08] 1179 LearnableSpells catched 
[13:32:08] 9780 ItemTemplates catched 
[13:32:08] 4489 Weapons catched 
[13:32:08] 363 ItemSets catched 
[13:32:08] 171 ItemTypes catched 
[13:32:08] 110 ItemPets catched 
[13:32:09] 2476 NpcTemplates catched 
[13:32:09] 787 NpcSpawns catched 
[13:32:09] 94 NpcItems catched 
[13:32:09] 19801 NpcMessages catched 
[13:32:09] 7 NpcReplies catched 
[13:32:09] 353 Triggers catched
[13:32:09] 1277 Paddocks catched
[13:32:09] 72 Mounts catched
[13:32:09] 4 Guild catched
[13:32:09] 3 GuildMembers catched
[13:32:10] 115 Handlers Readed
[13:32:10] 162 Messages Readed
[13:32:10] WorldServer start in 12822 ms.
[13:51:34] MySQL Database Connected
[13:51:34] 16 Breeds catched
[13:51:34] 256 Heads catched
[13:51:34] 561 Effects catched
[13:51:34] 4 SuperAreas catched
[13:51:34] 48 Areas catched
[13:51:36] 334 SubAreas catched
[13:51:43] 11260 DofusMaps catched
[13:51:43] 9761 StatedElements catched
[13:51:43] 13349 InteractiveElements catched
[13:51:43] 1485 HouseInformations catched
[13:51:43] 556 InteractiveDoors catched
[13:51:43] 3614 MapPositions uncatched
[13:51:43] 14681 MapPositions catched
[13:51:43] 42 MapZaaps catched
[13:51:43] 79 MapSubways catched
[13:51:43] 15228 SpellLevels catched 
[13:51:44] 4772 Spells catched 
[13:51:44] 316 GuildEmblems catched 
[13:51:44] 1179 LearnableSpells catched 
[13:51:44] 9780 ItemTemplates catched 
[13:51:44] 4489 Weapons catched 
[13:51:44] 363 ItemSets catched 
[13:51:44] 171 ItemTypes catched 
[13:51:44] 110 ItemPets catched 
[13:51:44] 2476 NpcTemplates catched 
[13:51:44] 787 NpcSpawns catched 
[13:51:44] 94 NpcItems catched 
[13:51:45] 19801 NpcMessages catched 
[13:51:45] 7 NpcReplies catched 
[13:51:45] 353 Triggers catched
[13:51:45] 1277 Paddocks catched
[13:51:45] 72 Mounts catched
[13:51:45] 4 Guild catched
[13:51:45] 3 GuildMembers catched
[13:51:45] 115 Handlers Readed
[13:51:46] 162 Messages Readed
[13:51:46] WorldServer start in 12433 ms.
[15:37:16] MySQL Database Connected
[15:37:16] 16 Breeds catched
[15:37:16] 256 Heads catched
[15:37:16] 561 Effects catched
[15:37:16] 4 SuperAreas catched
[15:37:16] 48 Areas catched
[15:37:17] 334 SubAreas catched
[15:37:25] 11260 DofusMaps catched
[15:37:25] 9761 StatedElements catched
[15:37:25] 13349 InteractiveElements catched
[15:37:26] 1485 HouseInformations catched
[15:37:26] 556 InteractiveDoors catched
[15:37:26] 3614 MapPositions uncatched
[15:37:26] 14681 MapPositions catched
[15:37:26] 42 MapZaaps catched
[15:37:26] 79 MapSubways catched
[15:37:26] 15228 SpellLevels catched 
[15:37:27] 4772 Spells catched 
[15:37:27] 316 GuildEmblems catched 
[15:37:27] 1179 LearnableSpells catched 
[15:37:27] 9780 ItemTemplates catched 
[15:37:27] 4489 Weapons catched 
[15:37:27] 363 ItemSets catched 
[15:37:27] 171 ItemTypes catched 
[15:37:27] 110 ItemPets catched 
[15:37:28] 2476 NpcTemplates catched 
[15:37:28] 787 NpcSpawns catched 
[15:37:28] 94 NpcItems catched 
[15:37:28] 19801 NpcMessages catched 
[15:37:28] 7 NpcReplies catched 
[15:37:28] 353 Triggers catched
[15:37:28] 1277 Paddocks catched
[15:37:28] 72 Mounts catched
[15:37:28] 4 Guild catched
[15:37:28] 3 GuildMembers catched
[15:37:29] 115 Handlers Readed
[15:37:29] 162 Messages Readed
[15:37:29] WorldServer start in 14095 ms.
[15:39:43] MySQL Database Connected
[15:39:43] 16 Breeds catched
[15:39:43] 256 Heads catched
[15:39:43] 561 Effects catched
[15:39:43] 4 SuperAreas catched
[15:39:43] 48 Areas catched
[15:39:44] 334 SubAreas catched
[15:39:52] 11260 DofusMaps catched
[15:39:52] 9761 StatedElements catched
[15:39:52] 13349 InteractiveElements catched
[15:39:52] 1485 HouseInformations catched
[15:39:52] 556 InteractiveDoors catched
[15:39:53] 3614 MapPositions uncatched
[15:39:53] 14681 MapPositions catched
[15:39:53] 42 MapZaaps catched
[15:39:53] 79 MapSubways catched
[15:39:53] 15228 SpellLevels catched 
[15:39:53] 4772 Spells catched 
[15:39:53] 316 GuildEmblems catched 
[15:39:53] 1179 LearnableSpells catched 
[15:39:53] 9780 ItemTemplates catched 
[15:39:53] 4489 Weapons catched 
[15:39:53] 363 ItemSets catched 
[15:39:53] 171 ItemTypes catched 
[15:39:53] 110 ItemPets catched 
[15:39:54] 2476 NpcTemplates catched 
[15:39:54] 787 NpcSpawns catched 
[15:39:54] 94 NpcItems catched 
[15:39:54] 19801 NpcMessages catched 
[15:39:54] 7 NpcReplies catched 
[15:39:54] 353 Triggers catched
[15:39:54] 1277 Paddocks catched
[15:39:54] 72 Mounts catched
[15:39:54] 4 Guild catched
[15:39:54] 3 GuildMembers catched
[15:39:55] 115 Handlers Readed
[15:39:55] 162 Messages Readed
[15:39:55] WorldServer start in 12852 ms.
[15:46:04] MySQL Database Connected
[15:46:04] 16 Breeds catched
[15:46:04] 256 Heads catched
[15:46:04] 561 Effects catched
[15:46:05] 4 SuperAreas catched
[15:46:05] 48 Areas catched
[15:46:06] 334 SubAreas catched
[15:46:13] 11260 DofusMaps catched
[15:46:13] 9761 StatedElements catched
[15:46:14] 13349 InteractiveElements catched
[15:46:14] 1485 HouseInformations catched
[15:46:14] 556 InteractiveDoors catched
[15:46:14] 3614 MapPositions uncatched
[15:46:14] 14681 MapPositions catched
[15:46:14] 42 MapZaaps catched
[15:46:14] 79 MapSubways catched
[15:46:14] 15228 SpellLevels catched 
[15:46:14] 4772 Spells catched 
[15:46:14] 316 GuildEmblems catched 
[15:46:14] 1179 LearnableSpells catched 
[15:46:14] 9780 ItemTemplates catched 
[15:46:14] 4489 Weapons catched 
[15:46:15] 363 ItemSets catched 
[15:46:15] 171 ItemTypes catched 
[15:46:15] 110 ItemPets catched 
[15:46:15] 2476 NpcTemplates catched 
[15:46:15] 787 NpcSpawns catched 
[15:46:15] 94 NpcItems catched 
[15:46:15] 19801 NpcMessages catched 
[15:46:15] 7 NpcReplies catched 
[15:46:16] 353 Triggers catched
[15:46:16] 1277 Paddocks catched
[15:46:16] 72 Mounts catched
[15:46:16] 4 Guild catched
[15:46:16] 3 GuildMembers catched
[15:46:16] 115 Handlers Readed
[15:46:17] 162 Messages Readed
[15:46:17] WorldServer start in 12753 ms.
[15:53:24] MySQL Database Connected
[15:53:24] 16 Breeds catched
[15:53:24] 256 Heads catched
[15:53:24] 561 Effects catched
[15:53:25] 4 SuperAreas catched
[15:53:25] 48 Areas catched
[15:53:25] 334 SubAreas catched
[15:53:43] 11260 DofusMaps catched
[15:53:43] 9761 StatedElements catched
[15:53:44] 13349 InteractiveElements catched
[15:53:44] 1485 HouseInformations catched
[15:53:44] 556 InteractiveDoors catched
[15:53:44] 3614 MapPositions uncatched
[15:53:44] 14681 MapPositions catched
[15:53:44] 42 MapZaaps catched
[15:53:44] 79 MapSubways catched
[15:53:44] 15228 SpellLevels catched 
[15:53:44] 4772 Spells catched 
[15:53:44] 316 GuildEmblems catched 
[15:53:44] 1179 LearnableSpells catched 
[15:53:44] 9780 ItemTemplates catched 
[15:53:45] 4489 Weapons catched 
[15:53:45] 363 ItemSets catched 
[15:53:45] 171 ItemTypes catched 
[15:53:45] 110 ItemPets catched 
[15:53:45] 2476 NpcTemplates catched 
[15:53:45] 787 NpcSpawns catched 
[15:53:45] 94 NpcItems catched 
[15:53:45] 19801 NpcMessages catched 
[15:53:45] 7 NpcReplies catched 
[15:53:46] 353 Triggers catched
[15:53:46] 1277 Paddocks catched
[15:53:46] 72 Mounts catched
[15:53:46] 4 Guild catched
[15:53:46] 3 GuildMembers catched
[15:53:46] 116 Handlers Readed
[15:53:47] 162 Messages Readed
[15:53:47] WorldServer start in 23214 ms.
[16:00:05] MySQL Database Connected
[16:00:05] 16 Breeds catched
[16:00:05] 256 Heads catched
[16:00:05] 561 Effects catched
[16:00:06] 4 SuperAreas catched
[16:00:06] 48 Areas catched
[16:00:07] 334 SubAreas catched
[16:00:14] 11260 DofusMaps catched
[16:00:14] 9761 StatedElements catched
[16:00:14] 13349 InteractiveElements catched
[16:00:14] 1485 HouseInformations catched
[16:00:14] 556 InteractiveDoors catched
[16:00:14] 3614 MapPositions uncatched
[16:00:14] 14681 MapPositions catched
[16:00:14] 42 MapZaaps catched
[16:00:14] 79 MapSubways catched
[16:00:15] 15228 SpellLevels catched 
[16:00:15] 4772 Spells catched 
[16:00:15] 316 GuildEmblems catched 
[16:00:15] 1179 LearnableSpells catched 
[16:00:15] 9780 ItemTemplates catched 
[16:00:16] 4489 Weapons catched 
[16:00:16] 363 ItemSets catched 
[16:00:16] 171 ItemTypes catched 
[16:00:16] 110 ItemPets catched 
[16:00:16] 2476 NpcTemplates catched 
[16:00:16] 787 NpcSpawns catched 
[16:00:16] 94 NpcItems catched 
[16:00:16] 19801 NpcMessages catched 
[16:00:16] 7 NpcReplies catched 
[16:00:16] 353 Triggers catched
[16:00:17] 1277 Paddocks catched
[16:00:17] 72 Mounts catched
[16:00:17] 4 Guild catched
[16:00:17] 3 GuildMembers catched
[16:00:17] 116 Handlers Readed
[16:00:18] 163 Messages Readed
[16:00:18] WorldServer start in 12951 ms.
[16:03:57] MySQL Database Connected
[16:03:57] 16 Breeds catched
[16:03:57] 256 Heads catched
[16:03:57] 561 Effects catched
[16:03:58] 4 SuperAreas catched
[16:03:58] 48 Areas catched
[16:03:59] 334 SubAreas catched
[16:04:07] 11260 DofusMaps catched
[16:04:07] 9761 StatedElements catched
[16:04:07] 13349 InteractiveElements catched
[16:04:07] 1485 HouseInformations catched
[16:04:07] 556 InteractiveDoors catched
[16:04:07] 3614 MapPositions uncatched
[16:04:07] 14681 MapPositions catched
[16:04:07] 42 MapZaaps catched
[16:04:07] 79 MapSubways catched
[16:04:08] 15228 SpellLevels catched 
[16:04:08] 4772 Spells catched 
[16:04:08] 316 GuildEmblems catched 
[16:04:08] 1179 LearnableSpells catched 
[16:04:08] 9780 ItemTemplates catched 
[16:04:08] 4489 Weapons catched 
[16:04:08] 363 ItemSets catched 
[16:04:08] 171 ItemTypes catched 
[16:04:08] 110 ItemPets catched 
[16:04:09] 2476 NpcTemplates catched 
[16:04:09] 787 NpcSpawns catched 
[16:04:09] 94 NpcItems catched 
[16:04:09] 19801 NpcMessages catched 
[16:04:09] 7 NpcReplies catched 
[16:04:09] 353 Triggers catched
[16:04:09] 1277 Paddocks catched
[16:04:09] 72 Mounts catched
[16:04:09] 4 Guild catched
[16:04:09] 3 GuildMembers catched
[16:04:10] 116 Handlers Readed
[16:04:10] 163 Messages Readed
[16:04:10] WorldServer start in 13436 ms.
[16:07:19] MySQL Database Connected
[16:07:19] 16 Breeds catched
[16:07:19] 256 Heads catched
[16:07:19] 561 Effects catched
[16:07:19] 4 SuperAreas catched
[16:07:19] 48 Areas catched
[16:07:20] 334 SubAreas catched
[16:07:29] 11260 DofusMaps catched
[16:07:29] 9761 StatedElements catched
[16:07:29] 13349 InteractiveElements catched
[16:07:29] 1485 HouseInformations catched
[16:07:29] 556 InteractiveDoors catched
[16:07:29] 3614 MapPositions uncatched
[16:07:29] 14681 MapPositions catched
[16:07:29] 42 MapZaaps catched
[16:07:29] 79 MapSubways catched
[16:07:30] 15228 SpellLevels catched 
[16:07:30] 4772 Spells catched 
[16:07:30] 316 GuildEmblems catched 
[16:07:30] 1179 LearnableSpells catched 
[16:07:30] 9780 ItemTemplates catched 
[16:07:30] 4489 Weapons catched 
[16:07:30] 363 ItemSets catched 
[16:07:30] 171 ItemTypes catched 
[16:07:30] 110 ItemPets catched 
[16:07:31] 2476 NpcTemplates catched 
[16:07:31] 787 NpcSpawns catched 
[16:07:31] 94 NpcItems catched 
[16:07:31] 19801 NpcMessages catched 
[16:07:31] 7 NpcReplies catched 
[16:07:31] 353 Triggers catched
[16:07:31] 1277 Paddocks catched
[16:07:31] 72 Mounts catched
[16:07:31] 4 Guild catched
[16:07:31] 3 GuildMembers catched
[16:07:31] 116 Handlers Readed
[16:07:32] 163 Messages Readed
[16:07:32] WorldServer start in 13427 ms.
[16:10:44] MySQL Database Connected
[16:10:44] 16 Breeds catched
[16:10:44] 256 Heads catched
[16:10:44] 561 Effects catched
[16:10:45] 4 SuperAreas catched
[16:10:45] 48 Areas catched
[16:10:46] 334 SubAreas catched
[16:10:53] 11260 DofusMaps catched
[16:10:53] 9761 StatedElements catched
[16:10:53] 13349 InteractiveElements catched
[16:10:54] 1485 HouseInformations catched
[16:10:54] 556 InteractiveDoors catched
[16:10:54] 3614 MapPositions uncatched
[16:10:54] 14681 MapPositions catched
[16:10:54] 42 MapZaaps catched
[16:10:54] 79 MapSubways catched
[16:10:54] 15228 SpellLevels catched 
[16:10:54] 4772 Spells catched 
[16:10:54] 316 GuildEmblems catched 
[16:10:54] 1179 LearnableSpells catched 
[16:10:54] 9780 ItemTemplates catched 
[16:10:54] 4489 Weapons catched 
[16:10:54] 363 ItemSets catched 
[16:10:54] 171 ItemTypes catched 
[16:10:54] 110 ItemPets catched 
[16:10:55] 2476 NpcTemplates catched 
[16:10:55] 787 NpcSpawns catched 
[16:10:55] 94 NpcItems catched 
[16:10:55] 19801 NpcMessages catched 
[16:10:55] 7 NpcReplies catched 
[16:10:55] 353 Triggers catched
[16:10:55] 1277 Paddocks catched
[16:10:55] 72 Mounts catched
[16:10:55] 4 Guild catched
[16:10:55] 3 GuildMembers catched
[16:10:56] 116 Handlers Readed
[16:10:56] 163 Messages Readed
[16:10:56] WorldServer start in 12396 ms.
[16:17:02] MySQL Database Connected
[16:17:02] 16 Breeds catched
[16:17:02] 256 Heads catched
[16:17:02] 561 Effects catched
[16:17:03] 4 SuperAreas catched
[16:17:03] 48 Areas catched
[16:17:04] 334 SubAreas catched
[16:17:18] 11260 DofusMaps catched
[16:17:18] 9761 StatedElements catched
[16:17:19] 13349 InteractiveElements catched
[16:17:19] 1485 HouseInformations catched
[16:17:19] 556 InteractiveDoors catched
[16:17:19] 3614 MapPositions uncatched
[16:17:19] 14681 MapPositions catched
[16:17:19] 42 MapZaaps catched
[16:17:19] 79 MapSubways catched
[16:17:19] 15228 SpellLevels catched 
[16:17:19] 4772 Spells catched 
[16:17:19] 316 GuildEmblems catched 
[16:17:19] 1179 LearnableSpells catched 
[16:17:19] 9780 ItemTemplates catched 
[16:17:20] 4489 Weapons catched 
[16:17:20] 363 ItemSets catched 
[16:17:20] 171 ItemTypes catched 
[16:17:20] 110 ItemPets catched 
[16:17:20] 2476 NpcTemplates catched 
[16:17:20] 787 NpcSpawns catched 
[16:17:20] 94 NpcItems catched 
[16:17:20] 19801 NpcMessages catched 
[16:17:20] 7 NpcReplies catched 
[16:17:20] 353 Triggers catched
[16:17:21] 1277 Paddocks catched
[16:17:21] 72 Mounts catched
[16:17:21] 4 Guild catched
[16:17:21] 3 GuildMembers catched
[16:17:21] 116 Handlers Readed
[16:17:22] 163 Messages Readed
[16:17:22] WorldServer start in 19793 ms.
[16:17:55] MySQL Database Connected
[16:17:55] 16 Breeds catched
[16:17:55] 256 Heads catched
[16:17:55] 561 Effects catched
[16:17:56] 4 SuperAreas catched
[16:17:56] 48 Areas catched
[16:17:57] 334 SubAreas catched
[16:18:06] 11260 DofusMaps catched
[16:18:06] 9761 StatedElements catched
[16:18:06] 13349 InteractiveElements catched
[16:18:06] 1485 HouseInformations catched
[16:18:06] 556 InteractiveDoors catched
[16:18:07] 3614 MapPositions uncatched
[16:18:07] 14681 MapPositions catched
[16:18:07] 42 MapZaaps catched
[16:18:07] 79 MapSubways catched
[16:18:07] 15228 SpellLevels catched 
[16:18:07] 4772 Spells catched 
[16:18:07] 316 GuildEmblems catched 
[16:18:07] 1179 LearnableSpells catched 
[16:18:07] 9780 ItemTemplates catched 
[16:18:07] 4489 Weapons catched 
[16:18:07] 363 ItemSets catched 
[16:18:07] 171 ItemTypes catched 
[16:18:07] 110 ItemPets catched 
[16:18:08] 2476 NpcTemplates catched 
[16:18:08] 787 NpcSpawns catched 
[16:18:08] 94 NpcItems catched 
[16:18:08] 19801 NpcMessages catched 
[16:18:08] 7 NpcReplies catched 
[16:18:08] 353 Triggers catched
[16:18:08] 1277 Paddocks catched
[16:18:08] 72 Mounts catched
[16:18:08] 4 Guild catched
[16:18:08] 3 GuildMembers catched
[16:18:09] 116 Handlers Readed
[16:18:09] 163 Messages Readed
[16:18:09] WorldServer start in 14719 ms.
[16:21:49] MySQL Database Connected
[16:21:49] 16 Breeds catched
[16:21:49] 256 Heads catched
[16:21:49] 561 Effects catched
[16:21:50] 4 SuperAreas catched
[16:21:50] 48 Areas catched
[16:21:51] 334 SubAreas catched
[16:22:07] 11260 DofusMaps catched
[16:22:07] 9761 StatedElements catched
[16:22:07] 13349 InteractiveElements catched
[16:22:07] 1485 HouseInformations catched
[16:22:07] 556 InteractiveDoors catched
[16:22:07] 3614 MapPositions uncatched
[16:22:07] 14681 MapPositions catched
[16:22:07] 42 MapZaaps catched
[16:22:07] 79 MapSubways catched
[16:22:08] 15228 SpellLevels catched 
[16:22:08] 4772 Spells catched 
[16:22:08] 316 GuildEmblems catched 
[16:22:08] 1179 LearnableSpells catched 
[16:22:08] 9780 ItemTemplates catched 
[16:22:08] 4489 Weapons catched 
[16:22:08] 363 ItemSets catched 
[16:22:08] 171 ItemTypes catched 
[16:22:09] 110 ItemPets catched 
[16:22:09] 2476 NpcTemplates catched 
[16:22:09] 787 NpcSpawns catched 
[16:22:09] 94 NpcItems catched 
[16:22:09] 19801 NpcMessages catched 
[16:22:09] 7 NpcReplies catched 
[16:22:10] 353 Triggers catched
[16:22:10] 1277 Paddocks catched
[16:22:10] 72 Mounts catched
[16:22:10] 4 Guild catched
[16:22:10] 3 GuildMembers catched
[16:22:10] 116 Handlers Readed
[16:22:11] 163 Messages Readed
[16:22:11] WorldServer start in 22078 ms.
[16:31:54] MySQL Database Connected
[16:31:54] 16 Breeds catched
[16:31:54] 256 Heads catched
[16:31:54] 561 Effects catched
[16:31:55] 4 SuperAreas catched
[16:31:55] 48 Areas catched
[16:31:56] 334 SubAreas catched
[16:32:03] 11260 DofusMaps catched
[16:32:03] 9761 StatedElements catched
[16:32:03] 13349 InteractiveElements catched
[16:32:03] 1485 HouseInformations catched
[16:32:03] 556 InteractiveDoors catched
[16:32:04] 3614 MapPositions uncatched
[16:32:04] 14681 MapPositions catched
[16:32:04] 42 MapZaaps catched
[16:32:04] 79 MapSubways catched
[16:32:04] 15228 SpellLevels catched 
[16:32:04] 4772 Spells catched 
[16:32:04] 316 GuildEmblems catched 
[16:32:04] 1179 LearnableSpells catched 
[16:32:04] 9780 ItemTemplates catched 
[16:32:04] 4489 Weapons catched 
[16:32:04] 363 ItemSets catched 
[16:32:04] 171 ItemTypes catched 
[16:32:04] 110 ItemPets catched 
[16:32:05] 2476 NpcTemplates catched 
[16:32:05] 787 NpcSpawns catched 
[16:32:05] 94 NpcItems catched 
[16:32:05] 19801 NpcMessages catched 
[16:32:05] 7 NpcReplies catched 
[16:32:05] 353 Triggers catched
[16:32:05] 1277 Paddocks catched
[16:32:05] 72 Mounts catched
[16:32:05] 4 Guild catched
[16:32:05] 3 GuildMembers catched
[16:32:06] 116 Handlers Readed
[16:32:48] MySQL Database Connected
[16:32:48] 16 Breeds catched
[16:32:48] 256 Heads catched
[16:32:48] 561 Effects catched
[16:32:49] 4 SuperAreas catched
[16:32:49] 48 Areas catched
[16:32:50] 334 SubAreas catched
[16:32:53] MySQL Database Connected
[16:32:53] 16 Breeds catched
[16:32:53] 256 Heads catched
[16:32:53] 561 Effects catched
[16:32:53] 4 SuperAreas catched
[16:32:53] 48 Areas catched
[16:32:54] 334 SubAreas catched
[16:33:02] 11260 DofusMaps catched
[16:33:02] 9761 StatedElements catched
[16:33:02] 13349 InteractiveElements catched
[16:33:02] 1485 HouseInformations catched
[16:33:02] 556 InteractiveDoors catched
[16:33:02] 3614 MapPositions uncatched
[16:33:02] 14681 MapPositions catched
[16:33:02] 42 MapZaaps catched
[16:33:02] 79 MapSubways catched
[16:33:02] 15228 SpellLevels catched 
[16:33:03] 4772 Spells catched 
[16:33:03] 316 GuildEmblems catched 
[16:33:03] 1179 LearnableSpells catched 
[16:33:03] 9780 ItemTemplates catched 
[16:33:03] 4489 Weapons catched 
[16:33:03] 363 ItemSets catched 
[16:33:03] 171 ItemTypes catched 
[16:33:03] 110 ItemPets catched 
[16:33:04] 2476 NpcTemplates catched 
[16:33:04] 787 NpcSpawns catched 
[16:33:04] 94 NpcItems catched 
[16:33:04] 19801 NpcMessages catched 
[16:33:04] 7 NpcReplies catched 
[16:33:04] 353 Triggers catched
[16:33:04] 1277 Paddocks catched
[16:33:04] 72 Mounts catched
[16:33:04] 4 Guild catched
[16:33:04] 3 GuildMembers catched
[16:33:04] 116 Handlers Readed
[16:33:05] 163 Messages Readed
[16:33:05] WorldServer start in 12394 ms.
[16:33:29] Packet not handled 716
[16:33:29] Packet not handled 716
[16:44:46] MySQL Database Connected
[16:44:46] 16 Breeds catched
[16:44:46] 256 Heads catched
[16:44:46] 561 Effects catched
[16:44:46] 4 SuperAreas catched
[16:44:46] 48 Areas catched
[16:44:47] 334 SubAreas catched
[16:44:55] 11260 DofusMaps catched
[16:44:55] 9761 StatedElements catched
[16:44:55] 13349 InteractiveElements catched
[16:44:55] 1485 HouseInformations catched
[16:44:55] 556 InteractiveDoors catched
[16:44:55] 3614 MapPositions uncatched
[16:44:55] 14681 MapPositions catched
[16:44:55] 42 MapZaaps catched
[16:44:55] 79 MapSubways catched
[16:44:56] 15228 SpellLevels catched 
[16:44:56] 4772 Spells catched 
[16:44:56] 316 GuildEmblems catched 
[16:44:56] 1179 LearnableSpells catched 
[16:44:56] 9780 ItemTemplates catched 
[16:44:56] 4489 Weapons catched 
[16:44:56] 363 ItemSets catched 
[16:44:56] 171 ItemTypes catched 
[16:44:56] 110 ItemPets catched 
[16:44:57] 2476 NpcTemplates catched 
[16:44:57] 787 NpcSpawns catched 
[16:44:57] 94 NpcItems catched 
[16:44:57] 19801 NpcMessages catched 
[16:44:57] 7 NpcReplies catched 
[16:44:57] 353 Triggers catched
[16:44:57] 1277 Paddocks catched
[16:44:57] 72 Mounts catched
[16:44:57] 4 Guild catched
[16:44:57] 3 GuildMembers catched
[16:44:57] 116 Handlers Readed
[16:44:58] 163 Messages Readed
[16:44:58] WorldServer start in 12472 ms.
[18:36:32] MySQL Database Connected
[18:36:32] 16 Breeds catched
[18:36:32] 256 Heads catched
[18:36:32] 561 Effects catched
[18:36:32] 4 SuperAreas catched
[18:36:32] 48 Areas catched
[18:36:33] 334 SubAreas catched
[18:36:41] 11260 DofusMaps catched
[18:36:41] 9761 StatedElements catched
[18:36:41] 13349 InteractiveElements catched
[18:36:41] 1485 HouseInformations catched
[18:36:41] 556 InteractiveDoors catched
[18:36:41] 3614 MapPositions uncatched
[18:36:41] 14681 MapPositions catched
[18:36:41] 42 MapZaaps catched
[18:36:41] 79 MapSubways catched
[18:36:41] 15228 SpellLevels catched 
[18:36:42] 4772 Spells catched 
[18:36:42] 316 GuildEmblems catched 
[18:36:42] 1179 LearnableSpells catched 
[18:36:42] 9780 ItemTemplates catched 
[18:36:42] 4489 Weapons catched 
[18:36:42] 363 ItemSets catched 
[18:36:42] 171 ItemTypes catched 
[18:36:42] 110 ItemPets catched 
[18:36:43] 2476 NpcTemplates catched 
[18:36:43] 787 NpcSpawns catched 
[18:36:43] 94 NpcItems catched 
[18:36:43] 19801 NpcMessages catched 
[18:36:43] 7 NpcReplies catched 
[18:36:43] 353 Triggers catched
[18:36:43] 1277 Paddocks catched
[18:36:43] 72 Mounts catched
[18:36:43] 4 Guild catched
[18:36:43] 3 GuildMembers catched
[18:36:43] 116 Handlers Readed
[18:36:44] 163 Messages Readed
[18:36:44] WorldServer start in 12285 ms.
[18:40:09] MySQL Database Connected
[18:40:10] 16 Breeds catched
[18:40:10] 256 Heads catched
[18:40:10] 561 Effects catched
[18:40:10] 4 SuperAreas catched
[18:40:10] 48 Areas catched
[18:40:11] 334 SubAreas catched
[18:40:19] 11260 DofusMaps catched
[18:40:19] 9761 StatedElements catched
[18:40:19] 13349 InteractiveElements catched
[18:40:19] 1485 HouseInformations catched
[18:40:19] 556 InteractiveDoors catched
[18:40:19] 3614 MapPositions uncatched
[18:40:19] 14681 MapPositions catched
[18:40:19] 42 MapZaaps catched
[18:40:19] 79 MapSubways catched
[18:40:19] 15228 SpellLevels catched 
[18:40:19] 4772 Spells catched 
[18:40:19] 316 GuildEmblems catched 
[18:40:19] 1179 LearnableSpells catched 
[18:40:20] 9780 ItemTemplates catched 
[18:40:20] 4489 Weapons catched 
[18:40:20] 363 ItemSets catched 
[18:40:20] 171 ItemTypes catched 
[18:40:20] 110 ItemPets catched 
[18:40:21] 2476 NpcTemplates catched 
[18:40:21] 787 NpcSpawns catched 
[18:40:21] 94 NpcItems catched 
[18:40:21] 19801 NpcMessages catched 
[18:40:21] 7 NpcReplies catched 
[18:40:21] 353 Triggers catched
[18:40:21] 1277 Paddocks catched
[18:40:21] 72 Mounts catched
[18:40:22] 4 Guild catched
[18:40:22] 3 GuildMembers catched
[18:40:22] 116 Handlers Readed
[18:40:23] 163 Messages Readed
[18:40:23] WorldServer start in 13439 ms.
[18:41:28] MySQL Database Connected
[18:41:28] 16 Breeds catched
[18:41:28] 256 Heads catched
[18:41:28] 561 Effects catched
[18:41:29] 4 SuperAreas catched
[18:41:29] 48 Areas catched
[18:41:29] 334 SubAreas catched
[18:41:37] 11260 DofusMaps catched
[18:41:37] 9761 StatedElements catched
[18:41:37] 13349 InteractiveElements catched
[18:41:37] 1485 HouseInformations catched
[18:41:37] 556 InteractiveDoors catched
[18:41:37] 3614 MapPositions uncatched
[18:41:37] 14681 MapPositions catched
[18:41:37] 42 MapZaaps catched
[18:41:37] 79 MapSubways catched
[18:41:37] 15228 SpellLevels catched 
[18:41:37] 4772 Spells catched 
[18:41:38] 316 GuildEmblems catched 
[18:41:38] 1179 LearnableSpells catched 
[18:41:38] 9780 ItemTemplates catched 
[18:41:38] 4489 Weapons catched 
[18:41:38] 363 ItemSets catched 
[18:41:38] 171 ItemTypes catched 
[18:41:38] 110 ItemPets catched 
[18:41:38] 2476 NpcTemplates catched 
[18:41:38] 787 NpcSpawns catched 
[18:41:38] 94 NpcItems catched 
[18:41:39] 19801 NpcMessages catched 
[18:41:39] 7 NpcReplies catched 
[18:41:39] 353 Triggers catched
[18:41:39] 1277 Paddocks catched
[18:41:39] 72 Mounts catched
[18:41:39] 4 Guild catched
[18:41:39] 3 GuildMembers catched
[18:41:39] 116 Handlers Readed
[18:41:40] 163 Messages Readed
[18:41:40] WorldServer start in 12302 ms.
[18:42:50] MySQL Database Connected
[18:42:50] 16 Breeds catched
[18:42:50] 256 Heads catched
[18:42:50] 561 Effects catched
[18:42:50] 4 SuperAreas catched
[18:42:50] 48 Areas catched
[18:42:52] 334 SubAreas catched
[18:42:59] 11260 DofusMaps catched
[18:42:59] 9761 StatedElements catched
[18:42:59] 13349 InteractiveElements catched
[18:42:59] 1485 HouseInformations catched
[18:42:59] 556 InteractiveDoors catched
[18:42:59] 3614 MapPositions uncatched
[18:42:59] 14681 MapPositions catched
[18:42:59] 42 MapZaaps catched
[18:42:59] 79 MapSubways catched
[18:43:00] 15228 SpellLevels catched 
[18:43:00] 4772 Spells catched 
[18:43:00] 316 GuildEmblems catched 
[18:43:00] 1179 LearnableSpells catched 
[18:43:00] 9780 ItemTemplates catched 
[18:43:00] 4489 Weapons catched 
[18:43:00] 363 ItemSets catched 
[18:43:00] 171 ItemTypes catched 
[18:43:00] 110 ItemPets catched 
[18:43:01] 2476 NpcTemplates catched 
[18:43:01] 787 NpcSpawns catched 
[18:43:01] 94 NpcItems catched 
[18:43:01] 19801 NpcMessages catched 
[18:43:01] 7 NpcReplies catched 
[18:43:01] 353 Triggers catched
[18:43:01] 1277 Paddocks catched
[18:43:01] 72 Mounts catched
[18:43:01] 4 Guild catched
[18:43:01] 3 GuildMembers catched
[18:43:02] 116 Handlers Readed
[18:43:02] 163 Messages Readed
[18:43:02] WorldServer start in 12681 ms.
[18:44:01] Packet not handled 716
[18:44:01] Packet not handled 716
[18:44:31] Packet not handled 716
[18:44:31] Packet not handled 716
[18:45:01] Packet not handled 716
[18:45:01] Packet not handled 716
[18:59:04] MySQL Database Connected
[18:59:04] 16 Breeds catched
[18:59:04] 256 Heads catched
[18:59:04] 561 Effects catched
[18:59:05] 4 SuperAreas catched
[18:59:05] 48 Areas catched
[18:59:06] 334 SubAreas catched
[18:59:13] 11260 DofusMaps catched
[18:59:13] 9761 StatedElements catched
[18:59:13] 13349 InteractiveElements catched
[18:59:13] 1485 HouseInformations catched
[18:59:13] 556 InteractiveDoors catched
[18:59:14] 3614 MapPositions uncatched
[18:59:14] 14681 MapPositions catched
[18:59:14] 42 MapZaaps catched
[18:59:14] 79 MapSubways catched
[18:59:14] 15228 SpellLevels catched 
[18:59:14] 4772 Spells catched 
[18:59:14] 316 GuildEmblems catched 
[18:59:14] 1179 LearnableSpells catched 
[18:59:14] 9780 ItemTemplates catched 
[18:59:14] 4489 Weapons catched 
[18:59:14] 363 ItemSets catched 
[18:59:14] 171 ItemTypes catched 
[18:59:14] 110 ItemPets catched 
[18:59:15] 2476 NpcTemplates catched 
[18:59:15] 787 NpcSpawns catched 
[18:59:15] 94 NpcItems catched 
[18:59:15] 19801 NpcMessages catched 
[18:59:15] 7 NpcReplies catched 
[18:59:15] 353 Triggers catched
[18:59:15] 1277 Paddocks catched
[18:59:15] 72 Mounts catched
[18:59:15] 4 Guild catched
[18:59:15] 3 GuildMembers catched
[18:59:16] 117 Handlers Readed
[18:59:16] 163 Messages Readed
[18:59:16] WorldServer start in 12219 ms.
[19:03:44] MySQL Database Connected
[19:03:44] 16 Breeds catched
[19:03:44] 256 Heads catched
[19:03:44] 561 Effects catched
[19:03:44] 4 SuperAreas catched
[19:03:44] 48 Areas catched
[19:03:45] 334 SubAreas catched
[19:03:53] 11260 DofusMaps catched
[19:03:53] 9761 StatedElements catched
[19:03:53] 13349 InteractiveElements catched
[19:03:53] 1485 HouseInformations catched
[19:03:53] 556 InteractiveDoors catched
[19:03:53] 3614 MapPositions uncatched
[19:03:53] 14681 MapPositions catched
[19:03:53] 42 MapZaaps catched
[19:03:53] 79 MapSubways catched
[19:03:53] 15228 SpellLevels catched 
[19:03:53] 4772 Spells catched 
[19:03:53] 316 GuildEmblems catched 
[19:03:53] 1179 LearnableSpells catched 
[19:03:54] 9780 ItemTemplates catched 
[19:03:54] 4489 Weapons catched 
[19:03:54] 363 ItemSets catched 
[19:03:54] 171 ItemTypes catched 
[19:03:54] 110 ItemPets catched 
[19:03:54] 2476 NpcTemplates catched 
[19:03:54] 787 NpcSpawns catched 
[19:03:54] 94 NpcItems catched 
[19:03:54] 19801 NpcMessages catched 
[19:03:54] 7 NpcReplies catched 
[19:03:54] 353 Triggers catched
[19:03:55] 1277 Paddocks catched
[19:03:55] 72 Mounts catched
[19:03:55] 4 Guild catched
[19:03:55] 3 GuildMembers catched
[19:03:55] 117 Handlers Readed
[19:03:56] 163 Messages Readed
[19:03:56] WorldServer start in 12123 ms.
[19:10:32] MySQL Database Connected
[19:10:32] 16 Breeds catched
[19:10:32] 256 Heads catched
[19:10:32] 561 Effects catched
[19:10:32] 4 SuperAreas catched
[19:10:32] 48 Areas catched
[19:10:33] 334 SubAreas catched
[19:10:41] 11260 DofusMaps catched
[19:10:41] 9761 StatedElements catched
[19:10:41] 13349 InteractiveElements catched
[19:10:41] 1485 HouseInformations catched
[19:10:41] 556 InteractiveDoors catched
[19:10:41] 3614 MapPositions uncatched
[19:10:41] 14681 MapPositions catched
[19:10:41] 42 MapZaaps catched
[19:10:41] 79 MapSubways catched
[19:10:42] 15228 SpellLevels catched 
[19:10:42] 4772 Spells catched 
[19:10:42] 316 GuildEmblems catched 
[19:10:42] 1179 LearnableSpells catched 
[19:10:42] 9780 ItemTemplates catched 
[19:10:42] 4489 Weapons catched 
[19:10:42] 363 ItemSets catched 
[19:10:42] 171 ItemTypes catched 
[19:10:42] 110 ItemPets catched 
[19:10:43] 2476 NpcTemplates catched 
[19:10:43] 787 NpcSpawns catched 
[19:10:43] 94 NpcItems catched 
[19:10:43] 19801 NpcMessages catched 
[19:10:43] 7 NpcReplies catched 
[19:10:43] 353 Triggers catched
[19:10:43] 1277 Paddocks catched
[19:10:43] 72 Mounts catched
[19:10:43] 4 Guild catched
[19:10:43] 3 GuildMembers catched
[19:10:44] 118 Handlers Readed
[19:10:44] 163 Messages Readed
[19:10:44] WorldServer start in 12763 ms.
[19:11:59] MySQL Database Connected
[19:11:59] 16 Breeds catched
[19:11:59] 256 Heads catched
[19:11:59] 561 Effects catched
[19:11:59] 4 SuperAreas catched
[19:11:59] 48 Areas catched
[19:12:00] 334 SubAreas catched
[19:12:14] 11260 DofusMaps catched
[19:12:14] 9761 StatedElements catched
[19:12:15] 13349 InteractiveElements catched
[19:12:15] 1485 HouseInformations catched
[19:12:15] 556 InteractiveDoors catched
[19:12:16] 3614 MapPositions uncatched
[19:12:16] 14681 MapPositions catched
[19:12:16] 42 MapZaaps catched
[19:12:16] 79 MapSubways catched
[19:12:16] 15228 SpellLevels catched 
[19:12:16] 4772 Spells catched 
[19:12:16] 316 GuildEmblems catched 
[19:12:16] 1179 LearnableSpells catched 
[19:12:16] 9780 ItemTemplates catched 
[19:12:16] 4489 Weapons catched 
[19:12:17] 363 ItemSets catched 
[19:12:17] 171 ItemTypes catched 
[19:12:17] 110 ItemPets catched 
[19:12:17] 2476 NpcTemplates catched 
[19:12:17] 787 NpcSpawns catched 
[19:12:17] 94 NpcItems catched 
[19:12:17] 19801 NpcMessages catched 
[19:12:17] 7 NpcReplies catched 
[19:12:17] 353 Triggers catched
[19:12:17] 1277 Paddocks catched
[19:12:17] 72 Mounts catched
[19:12:18] 4 Guild catched
[19:12:18] 3 GuildMembers catched
[19:12:18] 118 Handlers Readed
[19:12:19] 164 Messages Readed
[19:12:19] WorldServer start in 20280 ms.
[19:13:58] Packet not handled 5611
[19:14:04] Packet not handled 707
[19:33:51] MySQL Database Connected
[19:33:51] 16 Breeds catched
[19:33:51] 256 Heads catched
[19:33:51] 561 Effects catched
[19:33:51] 4 SuperAreas catched
[19:33:51] 48 Areas catched
[19:33:52] 334 SubAreas catched
[19:34:00] 11260 DofusMaps catched
[19:34:00] 9761 StatedElements catched
[19:34:00] 13349 InteractiveElements catched
[19:34:00] 1485 HouseInformations catched
[19:34:00] 556 InteractiveDoors catched
[19:34:00] 3614 MapPositions uncatched
[19:34:00] 14681 MapPositions catched
[19:34:00] 42 MapZaaps catched
[19:34:00] 79 MapSubways catched
[19:34:01] 15228 SpellLevels catched 
[19:34:01] 4772 Spells catched 
[19:34:01] 316 GuildEmblems catched 
[19:34:01] 1179 LearnableSpells catched 
[19:34:01] 9780 ItemTemplates catched 
[19:34:01] 4489 Weapons catched 
[19:34:01] 363 ItemSets catched 
[19:34:01] 171 ItemTypes catched 
[19:34:01] 110 ItemPets catched 
[19:34:02] 2476 NpcTemplates catched 
[19:34:02] 787 NpcSpawns catched 
[19:34:02] 94 NpcItems catched 
[19:34:02] 19801 NpcMessages catched 
[19:34:02] 7 NpcReplies catched 
[19:34:02] 353 Triggers catched
[19:34:02] 1277 Paddocks catched
[19:34:02] 72 Mounts catched
[19:34:02] 4 Guild catched
[19:34:02] 3 GuildMembers catched
[19:34:02] 120 Handlers Readed
[19:34:03] 164 Messages Readed
[19:34:03] WorldServer start in 12481 ms.
[19:55:48] MySQL Database Connected
[19:55:48] 16 Breeds catched
[19:55:48] 256 Heads catched
[19:55:48] 561 Effects catched
[19:55:49] 4 SuperAreas catched
[19:55:49] 48 Areas catched
[19:55:50] 334 SubAreas catched
[19:55:57] 11260 DofusMaps catched
[19:55:57] 9761 StatedElements catched
[19:55:57] 13349 InteractiveElements catched
[19:55:57] 1485 HouseInformations catched
[19:55:57] 556 InteractiveDoors catched
[19:55:58] 3614 MapPositions uncatched
[19:55:58] 14681 MapPositions catched
[19:55:58] 42 MapZaaps catched
[19:55:58] 79 MapSubways catched
[19:55:58] 15228 SpellLevels catched 
[19:55:58] 4772 Spells catched 
[19:55:58] 316 GuildEmblems catched 
[19:55:58] 1179 LearnableSpells catched 
[19:55:58] 9780 ItemTemplates catched 
[19:55:58] 4489 Weapons catched 
[19:55:58] 363 ItemSets catched 
[19:55:58] 171 ItemTypes catched 
[19:55:58] 110 ItemPets catched 
[19:55:59] 2476 NpcTemplates catched 
[19:55:59] 787 NpcSpawns catched 
[19:55:59] 94 NpcItems catched 
[19:55:59] 19801 NpcMessages catched 
[19:55:59] 7 NpcReplies catched 
[19:55:59] 353 Triggers catched
[19:55:59] 1277 Paddocks catched
[19:55:59] 72 Mounts catched
[19:55:59] 4 Guild catched
[19:55:59] 3 GuildMembers catched
[19:56:00] 120 Handlers Readed
[19:56:00] 164 Messages Readed
[19:56:00] WorldServer start in 12367 ms.
[20:16:36] MySQL Database Connected
[20:16:36] 16 Breeds catched
[20:16:36] 256 Heads catched
[20:16:36] 561 Effects catched
[20:16:36] 4 SuperAreas catched
[20:16:36] 48 Areas catched
[20:16:37] 334 SubAreas catched
[20:16:45] 11260 DofusMaps catched
[20:16:45] 9761 StatedElements catched
[20:16:45] 13349 InteractiveElements catched
[20:16:45] 1485 HouseInformations catched
[20:16:45] 556 InteractiveDoors catched
[20:16:46] 3614 MapPositions uncatched
[20:16:46] 14681 MapPositions catched
[20:16:46] 42 MapZaaps catched
[20:16:46] 79 MapSubways catched
[20:16:46] 15228 SpellLevels catched 
[20:16:46] 4772 Spells catched 
[20:16:46] 316 GuildEmblems catched 
[20:16:46] 1179 LearnableSpells catched 
[20:16:46] 9780 ItemTemplates catched 
[20:16:46] 4489 Weapons catched 
[20:16:46] 363 ItemSets catched 
[20:16:46] 171 ItemTypes catched 
[20:16:46] 110 ItemPets catched 
[20:16:47] 2476 NpcTemplates catched 
[20:16:47] 787 NpcSpawns catched 
[20:16:47] 94 NpcItems catched 
[20:16:47] 19801 NpcMessages catched 
[20:16:47] 7 NpcReplies catched 
[20:16:47] 353 Triggers catched
[20:16:47] 1277 Paddocks catched
[20:16:47] 72 Mounts catched
[20:16:47] 4 Guild catched
[20:16:47] 3 GuildMembers catched
[20:16:48] 120 Handlers Readed
[20:16:48] 164 Messages Readed
[20:16:48] WorldServer start in 12842 ms.
[20:21:07] MySQL Database Connected
[20:21:07] 16 Breeds catched
[20:21:07] 256 Heads catched
[20:21:07] 561 Effects catched
[20:21:08] 4 SuperAreas catched
[20:21:08] 48 Areas catched
[20:21:09] 334 SubAreas catched
[20:21:16] 11260 DofusMaps catched
[20:21:16] 9761 StatedElements catched
[20:21:16] 13349 InteractiveElements catched
[20:21:16] 1485 HouseInformations catched
[20:21:16] 556 InteractiveDoors catched
[20:21:17] 3614 MapPositions uncatched
[20:21:17] 14681 MapPositions catched
[20:21:17] 42 MapZaaps catched
[20:21:17] 79 MapSubways catched
[20:21:17] 15228 SpellLevels catched 
[20:21:17] 4772 Spells catched 
[20:21:17] 316 GuildEmblems catched 
[20:21:17] 1179 LearnableSpells catched 
[20:21:17] 9780 ItemTemplates catched 
[20:21:17] 4489 Weapons catched 
[20:21:17] 363 ItemSets catched 
[20:21:17] 171 ItemTypes catched 
[20:21:17] 110 ItemPets catched 
[20:21:18] 2476 NpcTemplates catched 
[20:21:18] 787 NpcSpawns catched 
[20:21:18] 94 NpcItems catched 
[20:21:18] 19801 NpcMessages catched 
[20:21:18] 7 NpcReplies catched 
[20:21:18] 353 Triggers catched
[20:21:18] 1277 Paddocks catched
[20:21:18] 72 Mounts catched
[20:21:18] 4 Guild catched
[20:21:18] 3 GuildMembers catched
[20:21:19] 120 Handlers Readed
[20:21:19] 164 Messages Readed
[20:21:19] WorldServer start in 12611 ms.
[20:25:42] MySQL Database Connected
[20:25:43] 16 Breeds catched
[20:25:43] 256 Heads catched
[20:25:43] 561 Effects catched
[20:25:43] 4 SuperAreas catched
[20:25:43] 48 Areas catched
[20:25:44] 334 SubAreas catched
[20:25:52] 11260 DofusMaps catched
[20:25:52] 9761 StatedElements catched
[20:25:52] 13349 InteractiveElements catched
[20:25:52] 1485 HouseInformations catched
[20:25:52] 556 InteractiveDoors catched
[20:25:52] 3614 MapPositions uncatched
[20:25:52] 14681 MapPositions catched
[20:25:52] 42 MapZaaps catched
[20:25:52] 79 MapSubways catched
[20:25:52] 15228 SpellLevels catched 
[20:25:52] 4772 Spells catched 
[20:25:52] 316 GuildEmblems catched 
[20:25:52] 1179 LearnableSpells catched 
[20:25:53] 9780 ItemTemplates catched 
[20:25:53] 4489 Weapons catched 
[20:25:53] 363 ItemSets catched 
[20:25:53] 171 ItemTypes catched 
[20:25:53] 110 ItemPets catched 
[20:25:53] 2476 NpcTemplates catched 
[20:25:53] 787 NpcSpawns catched 
[20:25:53] 94 NpcItems catched 
[20:25:53] 19801 NpcMessages catched 
[20:25:54] 7 NpcReplies catched 
[20:25:54] 353 Triggers catched
[20:25:54] 1277 Paddocks catched
[20:25:54] 72 Mounts catched
[20:25:54] 4 Guild catched
[20:25:54] 3 GuildMembers catched
[20:25:54] 120 Handlers Readed
[20:25:55] 164 Messages Readed
[20:25:55] WorldServer start in 12831 ms.
[20:32:29] MySQL Database Connected
[20:32:29] 16 Breeds catched
[20:32:29] 256 Heads catched
[20:32:29] 561 Effects catched
[20:32:29] 4 SuperAreas catched
[20:32:29] 48 Areas catched
[20:32:30] 334 SubAreas catched
[20:32:38] 11260 DofusMaps catched
[20:32:38] 9761 StatedElements catched
[20:32:38] 13349 InteractiveElements catched
[20:32:38] 1485 HouseInformations catched
[20:32:38] 556 InteractiveDoors catched
[20:32:38] 3614 MapPositions uncatched
[20:32:38] 14681 MapPositions catched
[20:32:38] 42 MapZaaps catched
[20:32:38] 79 MapSubways catched
[20:32:38] 15228 SpellLevels catched 
[20:32:38] 4772 Spells catched 
[20:32:38] 316 GuildEmblems catched 
[20:32:38] 1179 LearnableSpells catched 
[20:32:39] 9780 ItemTemplates catched 
[20:32:39] 4489 Weapons catched 
[20:32:39] 363 ItemSets catched 
[20:32:39] 171 ItemTypes catched 
[20:32:39] 110 ItemPets catched 
[20:32:39] 2476 NpcTemplates catched 
[20:32:40] 787 NpcSpawns catched 
[20:32:40] 94 NpcItems catched 
[20:32:40] 19801 NpcMessages catched 
[20:32:40] 7 NpcReplies catched 
[20:32:40] 353 Triggers catched
[20:32:40] 1277 Paddocks catched
[20:32:40] 72 Mounts catched
[20:32:40] 4 Guild catched
[20:32:40] 3 GuildMembers catched
[20:32:40] 120 Handlers Readed
[20:32:41] 164 Messages Readed
[20:32:41] WorldServer start in 12615 ms.
[21:43:31] MySQL Database Connected
[21:43:31] 16 Breeds catched
[21:43:31] 256 Heads catched
[21:43:31] 561 Effects catched
[21:43:32] 4 SuperAreas catched
[21:43:32] 48 Areas catched
[21:43:33] 334 SubAreas catched
[21:43:40] 11260 DofusMaps catched
[21:43:40] 9761 StatedElements catched
[21:43:41] 13349 InteractiveElements catched
[21:43:41] 1485 HouseInformations catched
[21:43:41] 556 InteractiveDoors catched
[21:43:41] 3614 MapPositions uncatched
[21:43:41] 14681 MapPositions catched
[21:43:41] 42 MapZaaps catched
[21:43:41] 79 MapSubways catched
[21:43:41] 15228 SpellLevels catched 
[21:43:41] 4772 Spells catched 
[21:43:41] 316 GuildEmblems catched 
[21:43:41] 1179 LearnableSpells catched 
[21:43:41] 9780 ItemTemplates catched 
[21:43:41] 4489 Weapons catched 
[21:43:41] 363 ItemSets catched 
[21:43:41] 171 ItemTypes catched 
[21:43:42] 110 ItemPets catched 
[21:43:42] 2476 NpcTemplates catched 
[21:43:42] 787 NpcSpawns catched 
[21:43:42] 94 NpcItems catched 
[21:43:42] 19801 NpcMessages catched 
[21:43:42] 7 NpcReplies catched 
[21:43:42] 353 Triggers catched
[21:43:42] 1277 Paddocks catched
[21:43:42] 72 Mounts catched
[21:43:42] 4 Guild catched
[21:43:42] 3 GuildMembers catched
[21:43:43] 120 Handlers Readed
[21:43:43] 164 Messages Readed
[21:43:43] WorldServer start in 12461 ms.
[21:44:55] MySQL Database Connected
[21:44:55] 16 Breeds catched
[21:44:55] 256 Heads catched
[21:44:55] 561 Effects catched
[21:44:55] 4 SuperAreas catched
[21:44:55] 48 Areas catched
[21:44:56] 334 SubAreas catched
[21:45:04] 11260 DofusMaps catched
[21:45:04] 9761 StatedElements catched
[21:45:04] 13349 InteractiveElements catched
[21:45:04] 1485 HouseInformations catched
[21:45:04] 556 InteractiveDoors catched
[21:45:04] 3614 MapPositions uncatched
[21:45:04] 14681 MapPositions catched
[21:45:04] 42 MapZaaps catched
[21:45:04] 79 MapSubways catched
[21:45:04] 15228 SpellLevels catched 
[21:45:04] 4772 Spells catched 
[21:45:04] 316 GuildEmblems catched 
[21:45:04] 1179 LearnableSpells catched 
[21:45:05] 9780 ItemTemplates catched 
[21:45:05] 4489 Weapons catched 
[21:45:05] 363 ItemSets catched 
[21:45:05] 171 ItemTypes catched 
[21:45:05] 110 ItemPets catched 
[21:45:05] 2476 NpcTemplates catched 
[21:45:05] 787 NpcSpawns catched 
[21:45:05] 94 NpcItems catched 
[21:45:05] 19801 NpcMessages catched 
[21:45:05] 7 NpcReplies catched 
[21:45:06] 353 Triggers catched
[21:45:06] 1277 Paddocks catched
[21:45:06] 72 Mounts catched
[21:45:06] 4 Guild catched
[21:45:06] 3 GuildMembers catched
[21:45:06] 120 Handlers Readed
[21:45:07] 164 Messages Readed
[21:45:07] WorldServer start in 12252 ms.
[21:48:16] MySQL Database Connected
[21:48:17] 16 Breeds catched
[21:48:17] 256 Heads catched
[21:48:17] 561 Effects catched
[21:48:17] 4 SuperAreas catched
[21:48:17] 48 Areas catched
[21:48:18] 334 SubAreas catched
[21:48:26] 11260 DofusMaps catched
[21:48:26] 9761 StatedElements catched
[21:48:26] 13349 InteractiveElements catched
[21:48:26] 1485 HouseInformations catched
[21:48:26] 556 InteractiveDoors catched
[21:48:27] 3614 MapPositions uncatched
[21:48:27] 14681 MapPositions catched
[21:48:27] 42 MapZaaps catched
[21:48:27] 79 MapSubways catched
[21:48:27] 15228 SpellLevels catched 
[21:48:27] 4772 Spells catched 
[21:48:27] 316 GuildEmblems catched 
[21:48:27] 1179 LearnableSpells catched 
[21:48:27] 9780 ItemTemplates catched 
[21:48:27] 4489 Weapons catched 
[21:48:27] 363 ItemSets catched 
[21:48:27] 171 ItemTypes catched 
[21:48:27] 110 ItemPets catched 
[21:48:28] 2476 NpcTemplates catched 
[21:48:28] 787 NpcSpawns catched 
[21:48:28] 94 NpcItems catched 
[21:48:28] 19801 NpcMessages catched 
[21:48:28] 7 NpcReplies catched 
[21:48:28] 353 Triggers catched
[21:48:28] 1277 Paddocks catched
[21:48:28] 72 Mounts catched
[21:48:28] 4 Guild catched
[21:48:28] 3 GuildMembers catched
[21:48:29] 120 Handlers Readed
[21:48:29] 164 Messages Readed
[21:48:29] WorldServer start in 13157 ms.
[21:53:04] MySQL Database Connected
[21:53:04] 16 Breeds catched
[21:53:04] 256 Heads catched
[21:53:04] 561 Effects catched
[21:53:05] 4 SuperAreas catched
[21:53:05] 48 Areas catched
[21:53:06] 334 SubAreas catched
[21:53:13] 11260 DofusMaps catched
[21:53:13] 9761 StatedElements catched
[21:53:13] 13349 InteractiveElements catched
[21:53:13] 1485 HouseInformations catched
[21:53:13] 556 InteractiveDoors catched
[21:53:13] 3614 MapPositions uncatched
[21:53:13] 14681 MapPositions catched
[21:53:13] 42 MapZaaps catched
[21:53:13] 79 MapSubways catched
[21:53:13] 15228 SpellLevels catched 
[21:53:13] 4772 Spells catched 
[21:53:13] 316 GuildEmblems catched 
[21:53:13] 1179 LearnableSpells catched 
[21:53:14] 9780 ItemTemplates catched 
[21:53:14] 4489 Weapons catched 
[21:53:14] 363 ItemSets catched 
[21:53:14] 171 ItemTypes catched 
[21:53:14] 110 ItemPets catched 
[21:53:14] 2476 NpcTemplates catched 
[21:53:14] 787 NpcSpawns catched 
[21:53:14] 94 NpcItems catched 
[21:53:14] 19801 NpcMessages catched 
[21:53:14] 7 NpcReplies catched 
[21:53:15] 353 Triggers catched
[21:53:15] 1277 Paddocks catched
[21:53:15] 72 Mounts catched
[21:53:15] 4 Guild catched
[21:53:15] 3 GuildMembers catched
[21:53:15] 120 Handlers Readed
[21:53:16] 164 Messages Readed
[21:53:16] WorldServer start in 11900 ms.
[21:56:17] MySQL Database Connected
[21:56:17] 16 Breeds catched
[21:56:17] 256 Heads catched
[21:56:17] 561 Effects catched
[21:56:17] 4 SuperAreas catched
[21:56:17] 48 Areas catched
[21:56:18] 334 SubAreas catched
[21:56:25] 11260 DofusMaps catched
[21:56:25] 9761 StatedElements catched
[21:56:26] 13349 InteractiveElements catched
[21:56:26] 1485 HouseInformations catched
[21:56:26] 556 InteractiveDoors catched
[21:56:26] 3614 MapPositions uncatched
[21:56:26] 14681 MapPositions catched
[21:56:26] 42 MapZaaps catched
[21:56:26] 79 MapSubways catched
[21:56:26] 15228 SpellLevels catched 
[21:56:26] 4772 Spells catched 
[21:56:26] 316 GuildEmblems catched 
[21:56:26] 1179 LearnableSpells catched 
[21:56:26] 9780 ItemTemplates catched 
[21:56:27] 4489 Weapons catched 
[21:56:27] 363 ItemSets catched 
[21:56:27] 171 ItemTypes catched 
[21:56:27] 110 ItemPets catched 
[21:56:27] 2476 NpcTemplates catched 
[21:56:27] 787 NpcSpawns catched 
[21:56:27] 94 NpcItems catched 
[21:56:27] 19801 NpcMessages catched 
[21:56:27] 7 NpcReplies catched 
[21:56:27] 353 Triggers catched
[21:56:27] 1277 Paddocks catched
[21:56:27] 72 Mounts catched
[21:56:27] 4 Guild catched
[21:56:27] 3 GuildMembers catched
[21:56:28] 120 Handlers Readed
[21:56:28] 164 Messages Readed
[21:56:29] WorldServer start in 12334 ms.
[22:15:35] MySQL Database Connected
[22:15:35] 16 Breeds catched
[22:15:35] 256 Heads catched
[22:15:35] 561 Effects catched
[22:15:35] 4 SuperAreas catched
[22:15:35] 48 Areas catched
[22:15:37] 334 SubAreas catched
[22:15:45] 11260 DofusMaps catched
[22:15:45] 9761 StatedElements catched
[22:15:45] 13349 InteractiveElements catched
[22:15:45] 1485 HouseInformations catched
[22:15:45] 556 InteractiveDoors catched
[22:15:45] 3614 MapPositions uncatched
[22:15:45] 14681 MapPositions catched
[22:15:45] 42 MapZaaps catched
[22:15:45] 79 MapSubways catched
[22:15:45] 15228 SpellLevels catched 
[22:15:45] 4772 Spells catched 
[22:15:45] 316 GuildEmblems catched 
[22:15:46] 1179 LearnableSpells catched 
[22:15:46] 9780 ItemTemplates catched 
[22:15:46] 4489 Weapons catched 
[22:15:46] 363 ItemSets catched 
[22:15:46] 171 ItemTypes catched 
[22:15:46] 110 ItemPets catched 
[22:15:46] 2476 NpcTemplates catched 
[22:15:46] 787 NpcSpawns catched 
[22:15:46] 94 NpcItems catched 
[22:15:46] 19801 NpcMessages catched 
[22:15:46] 7 NpcReplies catched 
[22:15:47] 353 Triggers catched
[22:15:47] 1277 Paddocks catched
[22:15:47] 72 Mounts catched
[22:15:47] 4 Guild catched
[22:15:47] 3 GuildMembers catched
[22:15:47] 120 Handlers Readed
[22:15:48] 164 Messages Readed
[22:15:48] WorldServer start in 13497 ms.
[22:16:35] MySQL Database Connected
[22:16:35] 16 Breeds catched
[22:16:35] 256 Heads catched
[22:16:35] 561 Effects catched
[22:16:36] 4 SuperAreas catched
[22:16:36] 48 Areas catched
[22:16:36] 334 SubAreas catched
[22:16:44] 11260 DofusMaps catched
[22:16:44] 9761 StatedElements catched
[22:16:44] 13349 InteractiveElements catched
[22:16:44] 1485 HouseInformations catched
[22:16:44] 556 InteractiveDoors catched
[22:16:45] 3614 MapPositions uncatched
[22:16:45] 14681 MapPositions catched
[22:16:45] 42 MapZaaps catched
[22:16:45] 79 MapSubways catched
[22:16:45] 15228 SpellLevels catched 
[22:16:45] 4772 Spells catched 
[22:16:45] 316 GuildEmblems catched 
[22:16:45] 1179 LearnableSpells catched 
[22:16:45] 9780 ItemTemplates catched 
[22:16:45] 4489 Weapons catched 
[22:16:45] 363 ItemSets catched 
[22:16:45] 171 ItemTypes catched 
[22:16:46] 110 ItemPets catched 
[22:16:46] 2476 NpcTemplates catched 
[22:16:46] 787 NpcSpawns catched 
[22:16:46] 94 NpcItems catched 
[22:16:46] 19801 NpcMessages catched 
[22:16:46] 7 NpcReplies catched 
[22:16:47] 353 Triggers catched
[22:16:47] 1277 Paddocks catched
[22:16:47] 72 Mounts catched
[22:16:47] 4 Guild catched
[22:16:47] 3 GuildMembers catched
[22:16:47] 120 Handlers Readed
[22:16:48] 164 Messages Readed
[22:16:48] WorldServer start in 13060 ms.
