[11:49:52] MySQL Database Connected
[11:49:52] 16 Breeds catched
[11:49:52] 256 Heads catched
[11:49:52] 561 Effects catched
[11:49:53] 4 SuperAreas catched
[11:49:53] 48 Areas catched
[11:49:54] 334 SubAreas catched
[11:49:58] MySQL Database Connected
[11:49:58] 16 Breeds catched
[11:49:58] 256 Heads catched
[11:49:58] 561 Effects catched
[11:49:58] 4 SuperAreas catched
[11:49:58] 48 Areas catched
[11:49:59] 334 SubAreas catched
[11:50:07] 11260 DofusMaps catched
[11:50:07] 9761 StatedElements catched
[11:50:07] 13349 InteractiveElements catched
[11:50:08] 1485 HouseInformations catched
[11:50:08] 556 InteractiveDoors catched
[11:50:08] 3614 MapPositions uncatched
[11:50:08] 14681 MapPositions catched
[11:50:08] 42 MapZaaps catched
[11:50:08] 79 MapSubways catched
[11:50:08] 15228 SpellLevels catched 
[11:50:08] 4772 Spells catched 
[11:50:08] 316 GuildEmblems catched 
[11:50:08] 1179 LearnableSpells catched 
[11:50:10] 9780 ItemTemplates catched 
[11:50:10] 4489 Weapons catched 
[11:50:10] 363 ItemSets catched 
[11:50:10] 171 ItemTypes catched 
[11:50:11] 110 ItemPets catched 
[11:50:11] 2476 NpcTemplates catched 
[11:50:11] 787 NpcSpawns catched 
[11:50:11] 94 NpcItems catched 
[11:50:12] 19801 NpcMessages catched 
[11:50:12] 7 NpcReplies catched 
[11:50:12] 353 Triggers catched
[11:50:12] 1277 Paddocks catched
[11:50:12] 72 Mounts catched
[11:50:12] 4 Guild catched
[11:50:12] 3 GuildMembers catched
[11:50:15] 108 Handlers Readed
[11:50:20] 159 Messages Readed
[11:50:20] WorldServer start in 22592 ms.
[11:52:51] MySQL Database Connected
[11:52:51] 16 Breeds catched
[11:52:51] 256 Heads catched
[11:52:51] 561 Effects catched
[11:52:51] 4 SuperAreas catched
[11:52:51] 48 Areas catched
[11:52:52] 334 SubAreas catched
[11:53:00] 11260 DofusMaps catched
[11:53:00] 9761 StatedElements catched
[11:53:00] 13349 InteractiveElements catched
[11:53:00] 1485 HouseInformations catched
[11:53:00] 556 InteractiveDoors catched
[11:53:00] 3614 MapPositions uncatched
[11:53:00] 14681 MapPositions catched
[11:53:00] 42 MapZaaps catched
[11:53:00] 79 MapSubways catched
[11:53:00] 15228 SpellLevels catched 
[11:53:01] 4772 Spells catched 
[11:53:01] 316 GuildEmblems catched 
[11:53:01] 1179 LearnableSpells catched 
[11:53:01] 9780 ItemTemplates catched 
[11:53:01] 4489 Weapons catched 
[11:53:01] 363 ItemSets catched 
[11:53:01] 171 ItemTypes catched 
[11:53:01] 110 ItemPets catched 
[11:53:02] 2476 NpcTemplates catched 
[11:53:02] 787 NpcSpawns catched 
[11:53:02] 94 NpcItems catched 
[11:53:02] 19801 NpcMessages catched 
[11:53:02] 7 NpcReplies catched 
[11:53:02] 353 Triggers catched
[11:53:02] 1277 Paddocks catched
[11:53:02] 72 Mounts catched
[11:53:02] 4 Guild catched
[11:53:02] 3 GuildMembers catched
[11:53:02] 108 Handlers Readed
[11:53:03] 159 Messages Readed
[11:53:03] WorldServer start in 12725 ms.
[11:53:44] MySQL Database Connected
[11:53:44] 16 Breeds catched
[11:53:44] 256 Heads catched
[11:53:44] 561 Effects catched
[11:53:45] 4 SuperAreas catched
[11:53:45] 48 Areas catched
[11:53:46] 334 SubAreas catched
[11:53:53] 11260 DofusMaps catched
[11:53:53] 9761 StatedElements catched
[11:53:53] 13349 InteractiveElements catched
[11:53:53] 1485 HouseInformations catched
[11:53:53] 556 InteractiveDoors catched
[11:53:53] 3614 MapPositions uncatched
[11:53:53] 14681 MapPositions catched
[11:53:53] 42 MapZaaps catched
[11:53:53] 79 MapSubways catched
[11:53:54] 15228 SpellLevels catched 
[11:53:54] 4772 Spells catched 
[11:53:54] 316 GuildEmblems catched 
[11:53:54] 1179 LearnableSpells catched 
[11:53:54] 9780 ItemTemplates catched 
[11:53:54] 4489 Weapons catched 
[11:53:54] 363 ItemSets catched 
[11:53:54] 171 ItemTypes catched 
[11:53:54] 110 ItemPets catched 
[11:53:55] 2476 NpcTemplates catched 
[11:53:55] 787 NpcSpawns catched 
[11:53:55] 94 NpcItems catched 
[11:53:55] 19801 NpcMessages catched 
[11:53:55] 7 NpcReplies catched 
[11:53:55] 353 Triggers catched
[11:53:55] 1277 Paddocks catched
[11:53:55] 72 Mounts catched
[11:53:55] 4 Guild catched
[11:53:55] 3 GuildMembers catched
[11:53:55] 108 Handlers Readed
[11:53:56] 159 Messages Readed
[11:53:56] WorldServer start in 11999 ms.
[15:35:52] MySQL Database Connected
[15:35:52] 16 Breeds catched
[15:35:52] 256 Heads catched
[15:35:52] 561 Effects catched
[15:35:52] 4 SuperAreas catched
[15:35:52] 48 Areas catched
[15:35:53] 334 SubAreas catched
[15:36:01] 11260 DofusMaps catched
[15:36:01] 9761 StatedElements catched
[15:36:01] 13349 InteractiveElements catched
[15:36:01] 1485 HouseInformations catched
[15:36:01] 556 InteractiveDoors catched
[15:36:01] 3614 MapPositions uncatched
[15:36:01] 14681 MapPositions catched
[15:36:01] 42 MapZaaps catched
[15:36:01] 79 MapSubways catched
[15:36:01] 15228 SpellLevels catched 
[15:36:01] 4772 Spells catched 
[15:36:01] 316 GuildEmblems catched 
[15:36:01] 1179 LearnableSpells catched 
[15:36:02] 9780 ItemTemplates catched 
[15:36:02] 4489 Weapons catched 
[15:36:02] 363 ItemSets catched 
[15:36:02] 171 ItemTypes catched 
[15:36:02] 110 ItemPets catched 
[15:36:02] 2476 NpcTemplates catched 
[15:36:02] 787 NpcSpawns catched 
[15:36:02] 94 NpcItems catched 
[15:36:02] 19801 NpcMessages catched 
[15:36:02] 7 NpcReplies catched 
[15:36:03] 353 Triggers catched
[15:36:03] 1277 Paddocks catched
[15:36:03] 72 Mounts catched
[15:36:03] 4 Guild catched
[15:36:03] 3 GuildMembers catched
[15:36:03] 108 Handlers Readed
[15:36:04] 159 Messages Readed
[15:36:04] WorldServer start in 12083 ms.
[15:37:41] MySQL Database Connected
[15:37:41] 16 Breeds catched
[15:37:41] 256 Heads catched
[15:37:41] 561 Effects catched
[15:37:42] 4 SuperAreas catched
[15:37:42] 48 Areas catched
[15:37:43] 334 SubAreas catched
[15:37:50] 11260 DofusMaps catched
[15:37:50] 9761 StatedElements catched
[15:37:50] 13349 InteractiveElements catched
[15:37:50] 1485 HouseInformations catched
[15:37:50] 556 InteractiveDoors catched
[15:37:51] 3614 MapPositions uncatched
[15:37:51] 14681 MapPositions catched
[15:37:51] 42 MapZaaps catched
[15:37:51] 79 MapSubways catched
[15:37:51] 15228 SpellLevels catched 
[15:37:51] 4772 Spells catched 
[15:37:51] 316 GuildEmblems catched 
[15:37:51] 1179 LearnableSpells catched 
[15:37:51] 9780 ItemTemplates catched 
[15:37:51] 4489 Weapons catched 
[15:37:51] 363 ItemSets catched 
[15:37:51] 171 ItemTypes catched 
[15:37:51] 110 ItemPets catched 
[15:37:52] 2476 NpcTemplates catched 
[15:37:52] 787 NpcSpawns catched 
[15:37:52] 94 NpcItems catched 
[15:37:52] 19801 NpcMessages catched 
[15:37:52] 7 NpcReplies catched 
[15:37:52] 353 Triggers catched
[15:37:52] 1277 Paddocks catched
[15:37:52] 72 Mounts catched
[15:37:52] 4 Guild catched
[15:37:52] 3 GuildMembers catched
[15:37:53] 108 Handlers Readed
[15:37:53] 159 Messages Readed
[15:37:53] WorldServer start in 12529 ms.
[15:40:09] MySQL Database Connected
[15:40:09] 16 Breeds catched
[15:40:09] 256 Heads catched
[15:40:09] 561 Effects catched
[15:40:10] 4 SuperAreas catched
[15:40:10] 48 Areas catched
[15:40:10] 334 SubAreas catched
[15:40:18] 11260 DofusMaps catched
[15:40:18] 9761 StatedElements catched
[15:40:18] 13349 InteractiveElements catched
[15:40:18] 1485 HouseInformations catched
[15:40:18] 556 InteractiveDoors catched
[15:40:19] 3614 MapPositions uncatched
[15:40:19] 14681 MapPositions catched
[15:40:19] 42 MapZaaps catched
[15:40:19] 79 MapSubways catched
[15:40:19] 15228 SpellLevels catched 
[15:40:19] 4772 Spells catched 
[15:40:19] 316 GuildEmblems catched 
[15:40:19] 1179 LearnableSpells catched 
[15:40:19] 9780 ItemTemplates catched 
[15:40:19] 4489 Weapons catched 
[15:40:19] 363 ItemSets catched 
[15:40:19] 171 ItemTypes catched 
[15:40:20] 110 ItemPets catched 
[15:40:20] 2476 NpcTemplates catched 
[15:40:20] 787 NpcSpawns catched 
[15:40:20] 94 NpcItems catched 
[15:40:20] 19801 NpcMessages catched 
[15:40:20] 7 NpcReplies catched 
[15:40:21] 353 Triggers catched
[15:40:21] 1277 Paddocks catched
[15:40:21] 72 Mounts catched
[15:40:21] 4 Guild catched
[15:40:21] 3 GuildMembers catched
[15:40:21] 108 Handlers Readed
[15:40:22] 159 Messages Readed
[15:40:22] WorldServer start in 13030 ms.
