[12:27:36] MySQL Database Connected
[12:27:36] 16 Breeds catched
[12:27:36] 256 Heads catched
[12:27:36] 561 Effects catched
[12:27:44] 11260 DofusMaps catched
[12:27:44] 169 StatedElements catched
[12:27:44] 323 InteractiveElements catched
[12:27:44] 15228 SpellLevels catched 
[12:27:44] 4772 Spells catched 
[12:27:44] 1179 LearnableSpells catched 
[12:27:44] 9780 ItemTemplates catched 
[12:27:44] 4489 Weapons catched 
[12:27:45] 363 ItemSets catched 
[12:27:45] 171 ItemTypes catched 
[12:27:45] 28 Handlers Readed
[12:27:45] 30 Messages Readed
[12:27:45] WorldServer start in 9888 ms.
[12:28:17] MySQL Database Connected
[12:28:17] 16 Breeds catched
[12:28:17] 256 Heads catched
[12:28:17] 561 Effects catched
[12:28:25] 11260 DofusMaps catched
[12:28:25] 169 StatedElements catched
[12:28:25] 323 InteractiveElements catched
[12:28:25] 15228 SpellLevels catched 
[12:28:25] 4772 Spells catched 
[12:28:25] 1179 LearnableSpells catched 
[12:28:25] 9780 ItemTemplates catched 
[12:28:25] 4489 Weapons catched 
[12:28:25] 363 ItemSets catched 
[12:28:25] 171 ItemTypes catched 
[12:28:26] 28 Handlers Readed
[12:28:26] 30 Messages Readed
[12:28:26] WorldServer start in 9246 ms.
[12:32:54] MySQL Database Connected
[12:32:54] 16 Breeds catched
[12:32:54] 256 Heads catched
[12:32:54] 561 Effects catched
[12:33:02] 11260 DofusMaps catched
[12:33:02] 169 StatedElements catched
[12:33:02] 323 InteractiveElements catched
[12:33:02] 15228 SpellLevels catched 
[12:33:02] 4772 Spells catched 
[12:33:02] 1179 LearnableSpells catched 
[12:33:02] 9780 ItemTemplates catched 
[12:33:03] 4489 Weapons catched 
[12:33:53] MySQL Database Connected
[12:33:54] 16 Breeds catched
[12:33:54] 256 Heads catched
[12:33:54] 561 Effects catched
[12:34:01] 11260 DofusMaps catched
[12:34:01] 169 StatedElements catched
[12:34:01] 323 InteractiveElements catched
[12:34:01] 15228 SpellLevels catched 
[12:34:01] 4772 Spells catched 
[12:34:01] 1179 LearnableSpells catched 
[12:34:02] 9780 ItemTemplates catched 
[12:34:02] 4489 Weapons catched 
[12:39:46] MySQL Database Connected
[12:39:46] 16 Breeds catched
[12:39:46] 256 Heads catched
[12:39:46] 561 Effects catched
[12:39:54] 11260 DofusMaps catched
[12:39:54] 169 StatedElements catched
[12:39:54] 323 InteractiveElements catched
[12:39:54] 15228 SpellLevels catched 
[12:39:54] 4772 Spells catched 
[12:39:54] 1179 LearnableSpells catched 
[12:39:54] 9780 ItemTemplates catched 
[12:39:54] 4489 Weapons catched 
[12:40:42] MySQL Database Connected
[12:40:43] 16 Breeds catched
[12:40:43] 256 Heads catched
[12:40:43] 561 Effects catched
[12:40:50] 11260 DofusMaps catched
[12:40:50] 169 StatedElements catched
[12:40:50] 323 InteractiveElements catched
[12:40:50] 15228 SpellLevels catched 
[12:40:50] 4772 Spells catched 
[12:40:50] 1179 LearnableSpells catched 
[12:40:51] 9780 ItemTemplates catched 
[12:40:51] 4489 Weapons catched 
[12:41:40] MySQL Database Connected
[12:41:40] 16 Breeds catched
[12:41:40] 256 Heads catched
[12:41:40] 561 Effects catched
[12:41:47] 11260 DofusMaps catched
[12:41:47] 169 StatedElements catched
[12:41:47] 323 InteractiveElements catched
[12:41:47] 15228 SpellLevels catched 
[12:41:47] 4772 Spells catched 
[12:41:47] 1179 LearnableSpells catched 
[12:41:48] 9780 ItemTemplates catched 
[12:41:48] 4489 Weapons catched 
[12:42:15] MySQL Database Connected
[12:42:15] 16 Breeds catched
[12:42:15] 256 Heads catched
[12:42:15] 561 Effects catched
[12:42:22] 11260 DofusMaps catched
[12:42:22] 169 StatedElements catched
[12:42:22] 323 InteractiveElements catched
[12:42:23] 15228 SpellLevels catched 
[12:42:23] 4772 Spells catched 
[12:42:23] 1179 LearnableSpells catched 
[12:42:23] 9780 ItemTemplates catched 
[12:42:23] 4489 Weapons catched 
[12:42:42] MySQL Database Connected
[12:42:42] 16 Breeds catched
[12:42:42] 256 Heads catched
[12:42:42] 561 Effects catched
[12:42:49] 11260 DofusMaps catched
[12:42:49] 169 StatedElements catched
[12:42:49] 323 InteractiveElements catched
[12:42:50] 15228 SpellLevels catched 
[12:42:50] 4772 Spells catched 
[12:42:50] 1179 LearnableSpells catched 
[12:42:50] 9780 ItemTemplates catched 
[12:42:50] 4489 Weapons catched 
[12:44:01] MySQL Database Connected
[12:44:01] 16 Breeds catched
[12:44:01] 256 Heads catched
[12:44:01] 561 Effects catched
[12:44:09] 11260 DofusMaps catched
[12:44:09] 169 StatedElements catched
[12:44:09] 323 InteractiveElements catched
[12:44:09] 15228 SpellLevels catched 
[12:44:09] 4772 Spells catched 
[12:44:09] 1179 LearnableSpells catched 
[12:44:09] 9780 ItemTemplates catched 
[12:44:09] 4489 Weapons catched 
[12:44:27] MySQL Database Connected
[12:44:27] 16 Breeds catched
[12:44:27] 256 Heads catched
[12:44:27] 561 Effects catched
[12:44:34] 11260 DofusMaps catched
[12:44:34] 169 StatedElements catched
[12:44:34] 323 InteractiveElements catched
[12:44:35] 15228 SpellLevels catched 
[12:44:35] 4772 Spells catched 
[12:44:35] 1179 LearnableSpells catched 
[12:44:35] 9780 ItemTemplates catched 
[12:44:35] 4489 Weapons catched 
[12:45:28] MySQL Database Connected
[12:45:29] 16 Breeds catched
[12:45:29] 256 Heads catched
[12:45:29] 561 Effects catched
[12:45:36] 11260 DofusMaps catched
[12:45:36] 169 StatedElements catched
[12:45:36] 323 InteractiveElements catched
[12:45:36] 15228 SpellLevels catched 
[12:45:37] 4772 Spells catched 
[12:45:37] 1179 LearnableSpells catched 
[12:45:37] 9780 ItemTemplates catched 
[12:45:37] 4489 Weapons catched 
[12:45:49] MySQL Database Connected
[12:45:49] 16 Breeds catched
[12:45:49] 256 Heads catched
[12:45:49] 561 Effects catched
[12:45:56] 11260 DofusMaps catched
[12:45:56] 169 StatedElements catched
[12:45:56] 323 InteractiveElements catched
[12:45:57] 15228 SpellLevels catched 
[12:45:57] 4772 Spells catched 
[12:45:57] 1179 LearnableSpells catched 
[12:45:57] 9780 ItemTemplates catched 
[12:45:58] 4489 Weapons catched 
[12:46:57] MySQL Database Connected
[12:46:57] 16 Breeds catched
[12:46:57] 256 Heads catched
[12:46:57] 561 Effects catched
[12:47:04] 11260 DofusMaps catched
[12:47:04] 169 StatedElements catched
[12:47:04] 323 InteractiveElements catched
[12:47:05] 15228 SpellLevels catched 
[12:47:05] 4772 Spells catched 
[12:47:05] 1179 LearnableSpells catched 
[12:47:05] 9780 ItemTemplates catched 
[12:47:05] 4489 Weapons catched 
[12:47:05] 363 ItemSets catched 
[12:47:05] 171 ItemTypes catched 
[12:47:06] 28 Handlers Readed
[12:47:06] 30 Messages Readed
[12:47:06] WorldServer start in 9188 ms.
[14:35:29] MySQL Database Connected
[14:35:29] 16 Breeds catched
[14:35:29] 256 Heads catched
[14:35:29] 561 Effects catched
[14:35:37] 11260 DofusMaps catched
[14:35:37] 169 StatedElements catched
[14:35:38] 323 InteractiveElements catched
[14:35:38] 15228 SpellLevels catched 
[14:35:38] 4772 Spells catched 
[14:35:38] 1179 LearnableSpells catched 
[14:35:38] 9780 ItemTemplates catched 
[14:35:38] 4489 Weapons catched 
[14:35:38] 363 ItemSets catched 
[14:35:38] 171 ItemTypes catched 
[14:35:39] 28 Handlers Readed
[14:35:39] 30 Messages Readed
[14:35:39] WorldServer start in 9848 ms.
[14:37:06] MySQL Database Connected
[14:37:06] 16 Breeds catched
[14:37:06] 256 Heads catched
[14:37:06] 561 Effects catched
[14:37:14] 11260 DofusMaps catched
[14:37:14] 169 StatedElements catched
[14:37:14] 323 InteractiveElements catched
[14:37:14] 15228 SpellLevels catched 
[14:37:14] 4772 Spells catched 
[14:37:14] 1179 LearnableSpells catched 
[14:37:14] 9780 ItemTemplates catched 
[14:37:14] 4489 Weapons catched 
[14:37:15] 363 ItemSets catched 
[14:37:15] 171 ItemTypes catched 
[14:37:15] 28 Handlers Readed
[14:37:15] 30 Messages Readed
[14:37:15] WorldServer start in 9393 ms.
[14:38:10] MySQL Database Connected
[14:38:10] 16 Breeds catched
[14:38:10] 256 Heads catched
[14:38:10] 561 Effects catched
[14:38:18] MySQL Database Connected
[14:38:18] 16 Breeds catched
[14:38:18] 256 Heads catched
[14:38:18] 561 Effects catched
[14:38:23] 11260 DofusMaps catched
[14:38:23] 169 StatedElements catched
[14:38:23] 323 InteractiveElements catched
[14:38:23] 15228 SpellLevels catched 
[14:38:23] 4772 Spells catched 
[14:38:23] 1179 LearnableSpells catched 
[14:38:24] 9780 ItemTemplates catched 
[14:38:24] 4489 Weapons catched 
[14:38:24] 363 ItemSets catched 
[14:38:24] 171 ItemTypes catched 
[14:38:24] 28 Handlers Readed
[14:38:24] 30 Messages Readed
[14:38:24] WorldServer start in 6759 ms.
[14:39:33] MySQL Database Connected
[14:39:33] 16 Breeds catched
[14:39:33] 256 Heads catched
[14:39:33] 561 Effects catched
[14:39:41] 11260 DofusMaps catched
[14:39:41] 169 StatedElements catched
[14:39:41] 323 InteractiveElements catched
[14:39:42] 15228 SpellLevels catched 
[14:39:42] 4772 Spells catched 
[14:39:42] 1179 LearnableSpells catched 
[14:39:42] 9780 ItemTemplates catched 
[14:39:42] 4489 Weapons catched 
[14:39:42] 363 ItemSets catched 
[14:39:42] 171 ItemTypes catched 
[14:39:42] 28 Handlers Readed
[14:39:43] 30 Messages Readed
[14:39:43] WorldServer start in 9734 ms.
[14:41:53] MySQL Database Connected
[14:41:53] 16 Breeds catched
[14:41:53] 256 Heads catched
[14:41:53] 561 Effects catched
[14:42:01] 11260 DofusMaps catched
[14:42:01] 169 StatedElements catched
[14:42:01] 323 InteractiveElements catched
[14:42:01] 15228 SpellLevels catched 
[14:42:01] 4772 Spells catched 
[14:42:01] 1179 LearnableSpells catched 
[14:42:02] 9780 ItemTemplates catched 
[14:42:02] 4489 Weapons catched 
[14:42:02] 363 ItemSets catched 
[14:42:02] 171 ItemTypes catched 
[14:42:02] 28 Handlers Readed
[14:42:02] 30 Messages Readed
[14:42:02] WorldServer start in 9239 ms.
[14:43:29] MySQL Database Connected
[14:43:29] 16 Breeds catched
[14:43:29] 256 Heads catched
[14:43:29] 561 Effects catched
[14:43:37] 11260 DofusMaps catched
[14:43:37] 169 StatedElements catched
[14:43:37] 323 InteractiveElements catched
[14:43:38] 15228 SpellLevels catched 
[14:43:38] 4772 Spells catched 
[14:43:38] 1179 LearnableSpells catched 
[14:43:38] 9780 ItemTemplates catched 
[14:43:38] 4489 Weapons catched 
[14:43:38] 363 ItemSets catched 
[14:43:38] 171 ItemTypes catched 
[14:43:39] 28 Handlers Readed
[14:43:39] 30 Messages Readed
[14:43:39] WorldServer start in 9899 ms.
[14:57:53] MySQL Database Connected
[14:57:53] 16 Breeds catched
[14:57:53] 256 Heads catched
[14:57:53] 561 Effects catched
[14:58:01] 11260 DofusMaps catched
[14:58:01] 169 StatedElements catched
[14:58:01] 323 InteractiveElements catched
[14:58:01] 15228 SpellLevels catched 
[14:58:01] 4772 Spells catched 
[14:58:01] 1179 LearnableSpells catched 
[14:58:01] 9780 ItemTemplates catched 
[14:58:01] 4489 Weapons catched 
[14:58:01] 363 ItemSets catched 
[14:58:01] 171 ItemTypes catched 
[14:58:02] 28 Handlers Readed
[14:58:02] 30 Messages Readed
[14:58:02] WorldServer start in 9607 ms.
[15:00:24] MySQL Database Connected
[15:00:24] 16 Breeds catched
[15:00:24] 256 Heads catched
[15:00:24] 561 Effects catched
[15:00:32] 11260 DofusMaps catched
[15:00:32] 169 StatedElements catched
[15:00:33] 323 InteractiveElements catched
[15:00:33] 15228 SpellLevels catched 
[15:00:33] 4772 Spells catched 
[15:00:33] 1179 LearnableSpells catched 
[15:00:33] 9780 ItemTemplates catched 
[15:00:34] 4489 Weapons catched 
[15:00:34] 363 ItemSets catched 
[15:00:34] 171 ItemTypes catched 
[15:00:34] 28 Handlers Readed
[15:00:34] 30 Messages Readed
[15:00:34] WorldServer start in 10238 ms.
[15:01:18] MySQL Database Connected
[15:01:18] 16 Breeds catched
[15:01:18] 256 Heads catched
[15:01:18] 561 Effects catched
[15:01:28] 11260 DofusMaps catched
[15:01:28] 169 StatedElements catched
[15:01:28] 323 InteractiveElements catched
[15:01:28] 15228 SpellLevels catched 
[15:01:28] 4772 Spells catched 
[15:01:28] 1179 LearnableSpells catched 
[15:01:29] 9780 ItemTemplates catched 
[15:01:29] 4489 Weapons catched 
[15:01:29] 363 ItemSets catched 
[15:01:29] 171 ItemTypes catched 
[15:01:29] 28 Handlers Readed
[15:01:29] 30 Messages Readed
[15:01:29] WorldServer start in 11857 ms.
[15:03:06] MySQL Database Connected
[15:03:06] 16 Breeds catched
[15:03:06] 256 Heads catched
[15:03:06] 561 Effects catched
[15:03:14] 11260 DofusMaps catched
[15:03:14] 169 StatedElements catched
[15:03:14] 323 InteractiveElements catched
[15:03:14] 15228 SpellLevels catched 
[15:03:14] 4772 Spells catched 
[15:03:14] 1179 LearnableSpells catched 
[15:03:14] 9780 ItemTemplates catched 
[15:03:15] 4489 Weapons catched 
[15:03:15] 363 ItemSets catched 
[15:03:15] 171 ItemTypes catched 
[15:03:15] 28 Handlers Readed
[15:03:15] 30 Messages Readed
[15:03:15] WorldServer start in 9490 ms.
[15:06:20] MySQL Database Connected
[15:06:20] 16 Breeds catched
[15:06:20] 256 Heads catched
[15:06:20] 561 Effects catched
[15:06:28] 11260 DofusMaps catched
[15:06:28] 169 StatedElements catched
[15:06:28] 323 InteractiveElements catched
[15:06:28] 15228 SpellLevels catched 
[15:06:28] 4772 Spells catched 
[15:06:28] 1179 LearnableSpells catched 
[15:06:28] 9780 ItemTemplates catched 
[15:06:28] 4489 Weapons catched 
[15:06:29] 363 ItemSets catched 
[15:06:29] 171 ItemTypes catched 
[15:06:29] 28 Handlers Readed
[15:06:29] 30 Messages Readed
[15:06:29] WorldServer start in 9604 ms.
[15:09:05] MySQL Database Connected
[15:09:05] 16 Breeds catched
[15:09:05] 256 Heads catched
[15:09:05] 561 Effects catched
[15:09:48] MySQL Database Connected
[15:09:48] 16 Breeds catched
[15:09:48] 256 Heads catched
[15:09:48] 561 Effects catched
[15:09:56] 11260 DofusMaps catched
[15:09:56] 169 StatedElements catched
[15:09:56] 323 InteractiveElements catched
[15:09:56] 15228 SpellLevels catched 
[15:09:56] 4772 Spells catched 
[15:09:56] 1179 LearnableSpells catched 
[15:09:56] 9780 ItemTemplates catched 
[15:09:56] 4489 Weapons catched 
[15:09:56] 363 ItemSets catched 
[15:09:56] 171 ItemTypes catched 
[15:09:57] 28 Handlers Readed
[15:09:57] 30 Messages Readed
[15:09:57] WorldServer start in 9618 ms.
[15:10:17] MySQL Database Connected
[15:10:17] 16 Breeds catched
[15:10:17] 256 Heads catched
[15:10:17] 561 Effects catched
[15:10:35] 11260 DofusMaps catched
[15:10:35] 169 StatedElements catched
[15:10:35] 323 InteractiveElements catched
[15:10:36] 15228 SpellLevels catched 
[15:10:36] 4772 Spells catched 
[15:10:36] 1179 LearnableSpells catched 
[15:10:36] 9780 ItemTemplates catched 
[15:10:36] 4489 Weapons catched 
[15:10:36] 363 ItemSets catched 
[15:10:36] 171 ItemTypes catched 
[15:10:37] 28 Handlers Readed
[15:10:37] 30 Messages Readed
[15:10:37] WorldServer start in 19910 ms.
[15:15:48] MySQL Database Connected
[15:15:48] 16 Breeds catched
[15:15:48] 256 Heads catched
[15:15:48] 561 Effects catched
[15:15:56] 11260 DofusMaps catched
[15:15:56] 169 StatedElements catched
[15:15:56] 323 InteractiveElements catched
[15:15:56] 15228 SpellLevels catched 
[15:15:56] 4772 Spells catched 
[15:15:56] 1179 LearnableSpells catched 
[15:15:56] 9780 ItemTemplates catched 
[15:15:56] 4489 Weapons catched 
[15:15:57] 363 ItemSets catched 
[15:15:57] 171 ItemTypes catched 
[15:15:57] 28 Handlers Readed
[15:15:57] 30 Messages Readed
[15:15:57] WorldServer start in 9690 ms.
[15:17:49] MySQL Database Connected
[15:17:49] 16 Breeds catched
[15:17:49] 256 Heads catched
[15:17:49] 561 Effects catched
[15:17:58] 11260 DofusMaps catched
[15:17:58] 169 StatedElements catched
[15:17:58] 323 InteractiveElements catched
[15:17:58] 15228 SpellLevels catched 
[15:17:58] 4772 Spells catched 
[15:17:58] 1179 LearnableSpells catched 
[15:17:58] 9780 ItemTemplates catched 
[15:17:58] 4489 Weapons catched 
[15:17:58] 363 ItemSets catched 
[15:17:58] 171 ItemTypes catched 
[15:17:59] 28 Handlers Readed
[15:17:59] 30 Messages Readed
[15:17:59] WorldServer start in 10104 ms.
[15:18:54] MySQL Database Connected
[15:18:54] 16 Breeds catched
[15:18:54] 256 Heads catched
[15:18:54] 561 Effects catched
[15:19:02] 11260 DofusMaps catched
[15:19:02] 169 StatedElements catched
[15:19:02] 323 InteractiveElements catched
[15:19:03] 15228 SpellLevels catched 
[15:19:03] 4772 Spells catched 
[15:19:03] 1179 LearnableSpells catched 
[15:19:03] 9780 ItemTemplates catched 
[15:19:03] 4489 Weapons catched 
[15:19:03] 363 ItemSets catched 
[15:19:03] 171 ItemTypes catched 
[15:19:03] 28 Handlers Readed
[15:19:04] 30 Messages Readed
[15:19:04] WorldServer start in 9791 ms.
[15:20:03] MySQL Database Connected
[15:20:03] 16 Breeds catched
[15:20:03] 256 Heads catched
[15:20:03] 561 Effects catched
[15:20:11] 11260 DofusMaps catched
[15:20:11] 169 StatedElements catched
[15:20:11] 323 InteractiveElements catched
[15:20:11] 15228 SpellLevels catched 
[15:20:11] 4772 Spells catched 
[15:20:11] 1179 LearnableSpells catched 
[15:20:12] 9780 ItemTemplates catched 
[15:20:12] 4489 Weapons catched 
[15:20:12] 363 ItemSets catched 
[15:20:12] 171 ItemTypes catched 
[15:20:12] 28 Handlers Readed
[15:20:12] 30 Messages Readed
[15:20:12] WorldServer start in 9281 ms.
[15:20:52] MySQL Database Connected
[15:20:52] 16 Breeds catched
[15:20:52] 256 Heads catched
[15:20:52] 561 Effects catched
[15:21:00] 11260 DofusMaps catched
[15:21:00] 169 StatedElements catched
[15:21:00] 323 InteractiveElements catched
[15:21:00] 15228 SpellLevels catched 
[15:21:00] 4772 Spells catched 
[15:21:00] 1179 LearnableSpells catched 
[15:21:01] 9780 ItemTemplates catched 
[15:21:01] 4489 Weapons catched 
[15:21:01] 363 ItemSets catched 
[15:21:01] 171 ItemTypes catched 
[15:21:01] 28 Handlers Readed
[15:21:01] 30 Messages Readed
[15:21:01] WorldServer start in 9566 ms.
[15:22:13] MySQL Database Connected
[15:22:13] 16 Breeds catched
[15:22:13] 256 Heads catched
[15:22:13] 561 Effects catched
[15:22:21] 11260 DofusMaps catched
[15:22:21] 169 StatedElements catched
[15:22:21] 323 InteractiveElements catched
[15:22:21] 15228 SpellLevels catched 
[15:22:21] 4772 Spells catched 
[15:22:21] 1179 LearnableSpells catched 
[15:22:21] 9780 ItemTemplates catched 
[15:22:21] 4489 Weapons catched 
[15:22:21] 363 ItemSets catched 
[15:22:21] 171 ItemTypes catched 
[15:22:22] 28 Handlers Readed
[15:22:22] 30 Messages Readed
[15:22:22] WorldServer start in 8959 ms.
[15:23:45] MySQL Database Connected
[15:23:45] 16 Breeds catched
[15:23:45] 256 Heads catched
[15:23:45] 561 Effects catched
[15:23:52] 11260 DofusMaps catched
[15:23:52] 169 StatedElements catched
[15:23:52] 323 InteractiveElements catched
[15:23:52] 15228 SpellLevels catched 
[15:23:52] 4772 Spells catched 
[15:23:52] 1179 LearnableSpells catched 
[15:23:53] 9780 ItemTemplates catched 
[15:23:53] 4489 Weapons catched 
[15:23:53] 363 ItemSets catched 
[15:23:53] 171 ItemTypes catched 
[15:23:53] 28 Handlers Readed
[15:23:53] 30 Messages Readed
[15:23:53] WorldServer start in 9201 ms.
[15:25:29] MySQL Database Connected
[15:25:29] 16 Breeds catched
[15:25:29] 256 Heads catched
[15:25:29] 561 Effects catched
[15:25:36] 11260 DofusMaps catched
[15:25:36] 169 StatedElements catched
[15:25:36] 323 InteractiveElements catched
[15:25:36] 15228 SpellLevels catched 
[15:25:36] 4772 Spells catched 
[15:25:37] 1179 LearnableSpells catched 
[15:25:37] 9780 ItemTemplates catched 
[15:25:37] 4489 Weapons catched 
[15:25:37] 363 ItemSets catched 
[15:25:37] 171 ItemTypes catched 
[15:25:37] 28 Handlers Readed
[15:25:37] 30 Messages Readed
[15:25:38] WorldServer start in 9065 ms.
[15:27:08] MySQL Database Connected
[15:27:08] 16 Breeds catched
[15:27:08] 256 Heads catched
[15:27:08] 561 Effects catched
[15:27:15] 11260 DofusMaps catched
[15:27:15] 169 StatedElements catched
[15:27:15] 323 InteractiveElements catched
[15:27:16] 15228 SpellLevels catched 
[15:27:16] 4772 Spells catched 
[15:27:16] 1179 LearnableSpells catched 
[15:27:16] 9780 ItemTemplates catched 
[15:27:16] 4489 Weapons catched 
[15:27:16] 363 ItemSets catched 
[15:27:16] 171 ItemTypes catched 
[15:27:16] 28 Handlers Readed
[15:27:17] 30 Messages Readed
[15:27:17] WorldServer start in 9308 ms.
[15:28:05] MySQL Database Connected
[15:28:05] 16 Breeds catched
[15:28:05] 256 Heads catched
[15:28:05] 561 Effects catched
[15:28:14] 11260 DofusMaps catched
[15:28:14] 169 StatedElements catched
[15:28:14] 323 InteractiveElements catched
[15:28:14] 15228 SpellLevels catched 
[15:28:14] 4772 Spells catched 
[15:28:14] 1179 LearnableSpells catched 
[15:28:14] 9780 ItemTemplates catched 
[15:28:14] 4489 Weapons catched 
[15:28:14] 363 ItemSets catched 
[15:28:14] 171 ItemTypes catched 
[15:28:15] 28 Handlers Readed
[15:28:15] 30 Messages Readed
[15:28:15] WorldServer start in 9933 ms.
[15:29:46] MySQL Database Connected
[15:29:46] 16 Breeds catched
[15:29:46] 256 Heads catched
[15:29:46] 561 Effects catched
[15:29:50] MySQL Database Connected
[15:29:50] 16 Breeds catched
[15:29:50] 256 Heads catched
[15:29:50] 561 Effects catched
[15:30:10] 11260 DofusMaps catched
[15:30:10] 169 StatedElements catched
[15:30:10] 323 InteractiveElements catched
[15:30:10] 15228 SpellLevels catched 
[15:30:10] 4772 Spells catched 
[15:30:10] 1179 LearnableSpells catched 
[15:30:11] 9780 ItemTemplates catched 
[15:30:12] 4489 Weapons catched 
[15:30:12] 363 ItemSets catched 
[15:30:12] 171 ItemTypes catched 
[15:30:12] 28 Handlers Readed
[15:30:13] 30 Messages Readed
[15:30:13] WorldServer start in 22974 ms.
[15:33:31] MySQL Database Connected
[15:33:31] 16 Breeds catched
[15:33:31] 256 Heads catched
[15:33:31] 561 Effects catched
[15:33:40] 11260 DofusMaps catched
[15:33:40] 169 StatedElements catched
[15:33:40] 323 InteractiveElements catched
[15:33:40] 15228 SpellLevels catched 
[15:33:40] 4772 Spells catched 
[15:33:40] 1179 LearnableSpells catched 
[15:33:40] 9780 ItemTemplates catched 
[15:33:40] 4489 Weapons catched 
[15:33:41] 363 ItemSets catched 
[15:33:41] 171 ItemTypes catched 
[15:33:41] 28 Handlers Readed
[15:33:41] 30 Messages Readed
[15:33:41] WorldServer start in 10428 ms.
[15:39:41] MySQL Database Connected
[15:39:41] 16 Breeds catched
[15:39:41] 256 Heads catched
[15:39:41] 561 Effects catched
[15:39:50] 11260 DofusMaps catched
[15:39:50] 169 StatedElements catched
[15:39:50] 323 InteractiveElements catched
[15:39:50] 15228 SpellLevels catched 
[15:39:50] 4772 Spells catched 
[15:39:50] 1179 LearnableSpells catched 
[15:39:50] 9780 ItemTemplates catched 
[15:39:51] 4489 Weapons catched 
[15:39:51] 363 ItemSets catched 
[15:39:51] 171 ItemTypes catched 
[15:39:51] 28 Handlers Readed
[15:39:51] 30 Messages Readed
[15:39:51] WorldServer start in 10267 ms.
[15:43:51] MySQL Database Connected
[15:43:52] 16 Breeds catched
[15:43:52] 256 Heads catched
[15:43:52] 561 Effects catched
[15:43:59] 11260 DofusMaps catched
[15:43:59] 169 StatedElements catched
[15:43:59] 323 InteractiveElements catched
[15:44:00] 15228 SpellLevels catched 
[15:44:00] 4772 Spells catched 
[15:44:00] 1179 LearnableSpells catched 
[15:44:00] 9780 ItemTemplates catched 
[15:44:00] 4489 Weapons catched 
[15:44:00] 363 ItemSets catched 
[15:44:00] 171 ItemTypes catched 
[15:44:00] 28 Handlers Readed
[15:44:01] 30 Messages Readed
[15:44:01] WorldServer start in 9574 ms.
[15:45:09] MySQL Database Connected
[15:45:09] 16 Breeds catched
[15:45:09] 256 Heads catched
[15:45:09] 561 Effects catched
[15:45:17] 11260 DofusMaps catched
[15:45:17] 169 StatedElements catched
[15:45:17] 323 InteractiveElements catched
[15:45:17] 15228 SpellLevels catched 
[15:45:17] 4772 Spells catched 
[15:45:17] 1179 LearnableSpells catched 
[15:45:18] 9780 ItemTemplates catched 
[15:45:18] 4489 Weapons catched 
[15:45:18] 363 ItemSets catched 
[15:45:18] 171 ItemTypes catched 
[15:45:18] 28 Handlers Readed
[15:45:18] 30 Messages Readed
[15:45:18] WorldServer start in 9741 ms.
[15:58:11] MySQL Database Connected
[15:58:11] 16 Breeds catched
[15:58:11] 256 Heads catched
[15:58:11] 561 Effects catched
[15:58:19] 11260 DofusMaps catched
[15:58:19] 169 StatedElements catched
[15:58:19] 323 InteractiveElements catched
[15:58:19] 15228 SpellLevels catched 
[15:58:19] 4772 Spells catched 
[15:58:19] 1179 LearnableSpells catched 
[15:58:19] 9780 ItemTemplates catched 
[15:58:19] 4489 Weapons catched 
[15:58:20] 363 ItemSets catched 
[15:58:20] 171 ItemTypes catched 
[15:58:20] 28 Handlers Readed
[15:58:20] 30 Messages Readed
[15:58:20] WorldServer start in 9211 ms.
[15:59:06] MySQL Database Connected
[15:59:06] 16 Breeds catched
[15:59:06] 256 Heads catched
[15:59:06] 561 Effects catched
[15:59:14] 11260 DofusMaps catched
[15:59:14] 169 StatedElements catched
[15:59:14] 323 InteractiveElements catched
[15:59:14] 15228 SpellLevels catched 
[15:59:14] 4772 Spells catched 
[15:59:14] 1179 LearnableSpells catched 
[15:59:15] 9780 ItemTemplates catched 
[15:59:15] 4489 Weapons catched 
[15:59:15] 363 ItemSets catched 
[15:59:15] 171 ItemTypes catched 
[15:59:15] 28 Handlers Readed
[15:59:15] 30 Messages Readed
[15:59:15] WorldServer start in 9401 ms.
[16:02:00] MySQL Database Connected
[16:02:00] 16 Breeds catched
[16:02:00] 256 Heads catched
[16:02:00] 561 Effects catched
[16:02:08] 11260 DofusMaps catched
[16:02:08] 169 StatedElements catched
[16:02:08] 323 InteractiveElements catched
[16:02:08] 15228 SpellLevels catched 
[16:02:08] 4772 Spells catched 
[16:02:08] 1179 LearnableSpells catched 
[16:02:08] 9780 ItemTemplates catched 
[16:02:08] 4489 Weapons catched 
[16:02:08] 363 ItemSets catched 
[16:02:08] 171 ItemTypes catched 
[16:02:09] 28 Handlers Readed
[16:02:09] 30 Messages Readed
[16:02:09] WorldServer start in 9106 ms.
[16:03:57] MySQL Database Connected
[16:03:57] 16 Breeds catched
[16:03:57] 256 Heads catched
[16:03:57] 561 Effects catched
[16:04:05] 11260 DofusMaps catched
[16:04:05] 169 StatedElements catched
[16:04:05] 323 InteractiveElements catched
[16:04:06] 15228 SpellLevels catched 
[16:04:06] 4772 Spells catched 
[16:04:06] 1179 LearnableSpells catched 
[16:04:06] 9780 ItemTemplates catched 
[16:04:06] 4489 Weapons catched 
[16:04:06] 363 ItemSets catched 
[16:04:06] 171 ItemTypes catched 
[16:04:06] 28 Handlers Readed
[16:04:07] 30 Messages Readed
[16:04:07] WorldServer start in 9540 ms.
[16:25:51] MySQL Database Connected
[16:25:51] 16 Breeds catched
[16:25:51] 256 Heads catched
[16:25:51] 561 Effects catched
[16:25:59] 11260 DofusMaps catched
[16:25:59] 169 StatedElements catched
[16:25:59] 323 InteractiveElements catched
[16:26:00] 15228 SpellLevels catched 
[16:26:00] 4772 Spells catched 
[16:26:00] 1179 LearnableSpells catched 
[16:26:00] 9780 ItemTemplates catched 
[16:26:00] 4489 Weapons catched 
[16:26:00] 363 ItemSets catched 
[16:26:00] 171 ItemTypes catched 
[16:26:01] 28 Handlers Readed
[16:26:01] 30 Messages Readed
[16:26:01] WorldServer start in 9830 ms.
[16:30:30] MySQL Database Connected
[16:30:30] 16 Breeds catched
[16:30:30] 256 Heads catched
[16:30:30] 561 Effects catched
[16:30:37] 11260 DofusMaps catched
[16:30:37] 169 StatedElements catched
[16:30:37] 323 InteractiveElements catched
[16:30:37] 15228 SpellLevels catched 
[16:30:37] 4772 Spells catched 
[16:30:37] 1179 LearnableSpells catched 
[16:30:38] 9780 ItemTemplates catched 
[16:30:38] 4489 Weapons catched 
[16:30:38] 363 ItemSets catched 
[16:30:38] 171 ItemTypes catched 
[16:30:38] 28 Handlers Readed
[16:30:38] 30 Messages Readed
[16:30:38] WorldServer start in 9169 ms.
[16:39:24] MySQL Database Connected
[16:39:24] 16 Breeds catched
[16:39:24] 256 Heads catched
[16:39:24] 561 Effects catched
[16:39:40] 11260 DofusMaps catched
[16:39:40] 169 StatedElements catched
[16:39:40] 323 InteractiveElements catched
[16:39:40] 15228 SpellLevels catched 
[16:39:40] 4772 Spells catched 
[16:39:40] 1179 LearnableSpells catched 
[16:39:41] 9780 ItemTemplates catched 
[16:39:41] 4489 Weapons catched 
[16:39:41] 363 ItemSets catched 
[16:39:41] 171 ItemTypes catched 
[16:39:41] 28 Handlers Readed
[16:39:41] 30 Messages Readed
[16:39:42] WorldServer start in 17464 ms.
[16:40:51] MySQL Database Connected
[16:40:51] 16 Breeds catched
[16:40:51] 256 Heads catched
[16:40:51] 561 Effects catched
[16:40:59] 11260 DofusMaps catched
[16:40:59] 169 StatedElements catched
[16:40:59] 323 InteractiveElements catched
[16:40:59] 15228 SpellLevels catched 
[16:40:59] 4772 Spells catched 
[16:40:59] 1179 LearnableSpells catched 
[16:40:59] 9780 ItemTemplates catched 
[16:40:59] 4489 Weapons catched 
[16:40:59] 363 ItemSets catched 
[16:40:59] 171 ItemTypes catched 
[16:41:00] 28 Handlers Readed
[16:41:00] 30 Messages Readed
[16:41:00] WorldServer start in 9630 ms.
[16:44:12] MySQL Database Connected
[16:44:12] 16 Breeds catched
[16:44:12] 256 Heads catched
[16:44:12] 561 Effects catched
[16:44:20] 11260 DofusMaps catched
[16:44:20] 169 StatedElements catched
[16:44:20] 323 InteractiveElements catched
[16:44:20] 15228 SpellLevels catched 
[16:44:21] 4772 Spells catched 
[16:44:21] 1179 LearnableSpells catched 
[16:44:21] 9780 ItemTemplates catched 
[16:44:21] 4489 Weapons catched 
[16:44:21] 363 ItemSets catched 
[16:44:21] 171 ItemTypes catched 
[16:44:21] 28 Handlers Readed
[16:44:21] 30 Messages Readed
[16:44:22] WorldServer start in 9407 ms.
[17:31:47] MySQL Database Connected
[17:31:47] 16 Breeds catched
[17:31:47] 256 Heads catched
[17:31:47] 561 Effects catched
[17:31:56] 11260 DofusMaps catched
[17:31:57] 169 StatedElements catched
[17:31:57] 323 InteractiveElements catched
[17:31:57] 15228 SpellLevels catched 
[17:31:57] 4772 Spells catched 
[17:31:57] 1179 LearnableSpells catched 
[17:31:57] 9780 ItemTemplates catched 
[17:31:57] 4489 Weapons catched 
[17:31:57] 363 ItemSets catched 
[17:31:57] 171 ItemTypes catched 
[17:31:58] 28 Handlers Readed
[17:31:58] 30 Messages Readed
[17:31:58] WorldServer start in 11410 ms.
[17:35:46] MySQL Database Connected
[17:35:46] 16 Breeds catched
[17:35:46] 256 Heads catched
[17:35:46] 561 Effects catched
[17:36:01] 11260 DofusMaps catched
[17:36:01] 169 StatedElements catched
[17:36:01] 323 InteractiveElements catched
[17:36:02] 15228 SpellLevels catched 
[17:36:02] 4772 Spells catched 
[17:36:02] 1179 LearnableSpells catched 
[17:36:02] 9780 ItemTemplates catched 
[17:36:02] 4489 Weapons catched 
[17:36:02] 363 ItemSets catched 
[17:36:02] 171 ItemTypes catched 
[17:36:02] 28 Handlers Readed
[17:36:03] 30 Messages Readed
[17:36:03] WorldServer start in 17409 ms.
[17:38:00] MySQL Database Connected
[17:38:00] 16 Breeds catched
[17:38:00] 256 Heads catched
[17:38:00] 561 Effects catched
[17:38:08] 11260 DofusMaps catched
[17:38:08] 169 StatedElements catched
[17:38:08] 323 InteractiveElements catched
[17:38:09] 15228 SpellLevels catched 
[17:38:09] 4772 Spells catched 
[17:38:09] 1179 LearnableSpells catched 
[17:38:09] 9780 ItemTemplates catched 
[17:38:09] 4489 Weapons catched 
[17:38:09] 363 ItemSets catched 
[17:38:09] 171 ItemTypes catched 
[17:38:09] 28 Handlers Readed
[17:38:10] 30 Messages Readed
[17:38:10] WorldServer start in 9919 ms.
[17:49:41] MySQL Database Connected
[17:49:41] 16 Breeds catched
[17:49:41] 256 Heads catched
[17:49:41] 561 Effects catched
[17:49:50] 11260 DofusMaps catched
[17:49:50] 169 StatedElements catched
[17:49:50] 323 InteractiveElements catched
[17:49:50] 15228 SpellLevels catched 
[17:49:51] 4772 Spells catched 
[17:49:51] 1179 LearnableSpells catched 
[17:49:51] 9780 ItemTemplates catched 
[17:49:51] 4489 Weapons catched 
[17:49:51] 363 ItemSets catched 
[17:49:51] 171 ItemTypes catched 
[17:49:51] 28 Handlers Readed
[17:49:51] 30 Messages Readed
[17:49:52] WorldServer start in 11083 ms.
[17:51:40] MySQL Database Connected
[17:51:41] 16 Breeds catched
[17:51:41] 256 Heads catched
[17:51:41] 561 Effects catched
[17:51:49] 11260 DofusMaps catched
[17:51:49] 169 StatedElements catched
[17:51:49] 323 InteractiveElements catched
[17:51:49] 15228 SpellLevels catched 
[17:51:49] 4772 Spells catched 
[17:51:49] 1179 LearnableSpells catched 
[17:51:49] 9780 ItemTemplates catched 
[17:51:49] 4489 Weapons catched 
[17:51:49] 363 ItemSets catched 
[17:51:49] 171 ItemTypes catched 
[17:51:50] 28 Handlers Readed
[17:51:50] 30 Messages Readed
[17:51:50] WorldServer start in 9745 ms.
[21:07:19] MySQL Database Connected
[21:07:20] 16 Breeds catched
[21:07:20] 256 Heads catched
[21:07:20] 561 Effects catched
[21:07:29] 11260 DofusMaps catched
[21:07:29] 169 StatedElements catched
[21:07:29] 323 InteractiveElements catched
[21:07:29] 15228 SpellLevels catched 
[21:07:29] 4772 Spells catched 
[21:07:29] 1179 LearnableSpells catched 
[21:07:30] 9780 ItemTemplates catched 
[21:07:30] 4489 Weapons catched 
[21:07:30] 363 ItemSets catched 
[21:07:30] 171 ItemTypes catched 
[21:07:30] 28 Handlers Readed
[21:07:30] 30 Messages Readed
[21:07:30] WorldServer start in 11165 ms.
[21:08:23] MySQL Database Connected
[21:08:23] 16 Breeds catched
[21:08:23] 256 Heads catched
[21:08:23] 561 Effects catched
[21:08:31] 11260 DofusMaps catched
[21:08:31] 169 StatedElements catched
[21:08:31] 323 InteractiveElements catched
[21:08:32] 15228 SpellLevels catched 
[21:08:32] 4772 Spells catched 
[21:08:32] 1179 LearnableSpells catched 
[21:08:32] 9780 ItemTemplates catched 
[21:08:32] 4489 Weapons catched 
[21:08:32] 363 ItemSets catched 
[21:08:32] 171 ItemTypes catched 
[21:08:33] 28 Handlers Readed
[21:08:33] 30 Messages Readed
[21:08:33] WorldServer start in 10065 ms.
[21:15:33] MySQL Database Connected
[21:15:33] 16 Breeds catched
[21:15:33] 256 Heads catched
[21:15:33] 561 Effects catched
[21:15:40] 11260 DofusMaps catched
[21:15:40] 169 StatedElements catched
[21:15:40] 323 InteractiveElements catched
[21:15:41] 15228 SpellLevels catched 
[21:15:41] 4772 Spells catched 
[21:15:41] 1179 LearnableSpells catched 
[21:15:41] 9780 ItemTemplates catched 
[21:15:41] 4489 Weapons catched 
[21:15:41] 363 ItemSets catched 
[21:15:41] 171 ItemTypes catched 
[21:15:42] 28 Handlers Readed
[21:15:42] 30 Messages Readed
[21:15:42] WorldServer start in 9246 ms.
[21:17:18] MySQL Database Connected
[21:17:18] 16 Breeds catched
[21:17:18] 256 Heads catched
[21:17:18] 561 Effects catched
[21:17:25] 11260 DofusMaps catched
[21:17:25] 169 StatedElements catched
[21:17:25] 323 InteractiveElements catched
[21:17:26] 15228 SpellLevels catched 
[21:17:26] 4772 Spells catched 
[21:17:26] 1179 LearnableSpells catched 
[21:17:26] 9780 ItemTemplates catched 
[21:17:26] 4489 Weapons catched 
[21:17:26] 363 ItemSets catched 
[21:17:26] 171 ItemTypes catched 
[21:17:27] 28 Handlers Readed
[21:17:27] 30 Messages Readed
[21:17:27] WorldServer start in 9274 ms.
[21:20:09] MySQL Database Connected
[21:20:10] 16 Breeds catched
[21:20:10] 256 Heads catched
[21:20:10] 561 Effects catched
[21:20:17] 11260 DofusMaps catched
[21:20:17] 169 StatedElements catched
[21:20:17] 323 InteractiveElements catched
[21:20:18] 15228 SpellLevels catched 
[21:20:18] 4772 Spells catched 
[21:20:18] 1179 LearnableSpells catched 
[21:20:18] 9780 ItemTemplates catched 
[21:20:18] 4489 Weapons catched 
[21:20:18] 363 ItemSets catched 
[21:20:18] 171 ItemTypes catched 
[21:20:19] 28 Handlers Readed
[21:20:19] 30 Messages Readed
[21:20:19] WorldServer start in 9594 ms.
[21:28:31] MySQL Database Connected
[21:28:31] 16 Breeds catched
[21:28:31] 256 Heads catched
[21:28:31] 561 Effects catched
[21:28:39] 11260 DofusMaps catched
[21:28:39] 169 StatedElements catched
[21:28:39] 323 InteractiveElements catched
[21:28:40] 15228 SpellLevels catched 
[21:28:40] 4772 Spells catched 
[21:28:40] 1179 LearnableSpells catched 
[21:28:40] 9780 ItemTemplates catched 
[21:28:40] 4489 Weapons catched 
[21:28:40] 363 ItemSets catched 
[21:28:40] 171 ItemTypes catched 
[21:28:40] 28 Handlers Readed
[21:28:41] 30 Messages Readed
[21:28:41] WorldServer start in 9604 ms.
[21:30:22] MySQL Database Connected
[21:30:22] 16 Breeds catched
[21:30:22] 256 Heads catched
[21:30:22] 561 Effects catched
[21:30:31] 11260 DofusMaps catched
[21:30:31] 169 StatedElements catched
[21:30:31] 323 InteractiveElements catched
[21:30:31] 15228 SpellLevels catched 
[21:30:31] 4772 Spells catched 
[21:30:31] 1179 LearnableSpells catched 
[21:30:31] 9780 ItemTemplates catched 
[21:30:31] 4489 Weapons catched 
[21:30:32] 363 ItemSets catched 
[21:30:32] 171 ItemTypes catched 
[21:30:32] 28 Handlers Readed
[21:30:32] 30 Messages Readed
[21:30:32] WorldServer start in 10791 ms.
[21:31:34] MySQL Database Connected
[21:31:34] 16 Breeds catched
[21:31:34] 256 Heads catched
[21:31:34] 561 Effects catched
[21:32:00] 11260 DofusMaps catched
[21:32:00] 169 StatedElements catched
[21:32:00] 323 InteractiveElements catched
[21:32:00] 15228 SpellLevels catched 
[21:32:00] 4772 Spells catched 
[21:32:00] 1179 LearnableSpells catched 
[21:32:01] 9780 ItemTemplates catched 
[21:32:01] 4489 Weapons catched 
[21:32:01] 363 ItemSets catched 
[21:32:01] 171 ItemTypes catched 
[21:32:01] 28 Handlers Readed
[21:32:01] 30 Messages Readed
[21:32:01] WorldServer start in 27883 ms.
[21:35:14] MySQL Database Connected
[21:35:14] 16 Breeds catched
[21:35:14] 256 Heads catched
[21:35:14] 561 Effects catched
[21:35:23] 11260 DofusMaps catched
[21:35:23] 169 StatedElements catched
[21:35:23] 323 InteractiveElements catched
[21:35:23] 15228 SpellLevels catched 
[21:35:24] 4772 Spells catched 
[21:35:24] 1179 LearnableSpells catched 
[21:35:24] 9780 ItemTemplates catched 
[21:35:24] 4489 Weapons catched 
[21:35:24] 363 ItemSets catched 
[21:35:24] 171 ItemTypes catched 
[21:35:24] 28 Handlers Readed
[21:35:24] 30 Messages Readed
[21:35:24] WorldServer start in 10983 ms.
[21:37:06] MySQL Database Connected
[21:37:06] 16 Breeds catched
[21:37:06] 256 Heads catched
[21:37:06] 561 Effects catched
[21:37:14] 11260 DofusMaps catched
[21:37:14] 169 StatedElements catched
[21:37:14] 323 InteractiveElements catched
[21:37:14] 15228 SpellLevels catched 
[21:37:15] 4772 Spells catched 
[21:37:15] 1179 LearnableSpells catched 
[21:37:15] 9780 ItemTemplates catched 
[21:37:15] 4489 Weapons catched 
[21:37:15] 363 ItemSets catched 
[21:37:15] 171 ItemTypes catched 
[21:37:15] 28 Handlers Readed
[21:37:15] 30 Messages Readed
[21:37:16] WorldServer start in 10026 ms.
[21:38:12] MySQL Database Connected
[21:38:12] 16 Breeds catched
[21:38:12] 256 Heads catched
[21:38:12] 561 Effects catched
[21:38:20] 11260 DofusMaps catched
[21:38:20] 169 StatedElements catched
[21:38:20] 323 InteractiveElements catched
[21:38:21] 15228 SpellLevels catched 
[21:38:21] 4772 Spells catched 
[21:38:21] 1179 LearnableSpells catched 
[21:38:21] 9780 ItemTemplates catched 
[21:38:21] 4489 Weapons catched 
[21:38:21] 363 ItemSets catched 
[21:38:21] 171 ItemTypes catched 
[21:38:22] 28 Handlers Readed
[21:38:22] 30 Messages Readed
[21:38:22] WorldServer start in 9725 ms.
[21:47:04] MySQL Database Connected
[21:47:04] 16 Breeds catched
[21:47:04] 256 Heads catched
[21:47:04] 561 Effects catched
[21:47:11] 11260 DofusMaps catched
[21:47:11] 169 StatedElements catched
[21:47:11] 323 InteractiveElements catched
[21:47:12] 15228 SpellLevels catched 
[21:47:12] 4772 Spells catched 
[21:47:12] 1179 LearnableSpells catched 
[21:47:12] 9780 ItemTemplates catched 
[21:47:12] 4489 Weapons catched 
[21:47:12] 363 ItemSets catched 
[21:47:12] 171 ItemTypes catched 
[21:47:12] 28 Handlers Readed
[21:47:12] 30 Messages Readed
[21:47:13] WorldServer start in 9236 ms.
[21:48:28] MySQL Database Connected
[21:48:28] 16 Breeds catched
[21:48:28] 256 Heads catched
[21:48:28] 561 Effects catched
[21:48:36] 11260 DofusMaps catched
[21:48:36] 169 StatedElements catched
[21:48:36] 323 InteractiveElements catched
[21:48:36] 15228 SpellLevels catched 
[21:48:36] 4772 Spells catched 
[21:48:36] 1179 LearnableSpells catched 
[21:48:37] 9780 ItemTemplates catched 
[21:48:37] 4489 Weapons catched 
[21:48:37] 363 ItemSets catched 
[21:48:37] 171 ItemTypes catched 
[21:48:37] 28 Handlers Readed
[21:48:37] 30 Messages Readed
[21:48:37] WorldServer start in 9299 ms.
[21:53:38] MySQL Database Connected
[21:53:38] 16 Breeds catched
[21:53:38] 256 Heads catched
[21:53:38] 561 Effects catched
[21:53:46] 11260 DofusMaps catched
[21:53:46] 169 StatedElements catched
[21:53:46] 323 InteractiveElements catched
[21:53:47] 15228 SpellLevels catched 
[21:53:47] 4772 Spells catched 
[21:53:47] 1179 LearnableSpells catched 
[21:53:47] 9780 ItemTemplates catched 
[21:53:47] 4489 Weapons catched 
[21:53:47] 363 ItemSets catched 
[21:53:47] 171 ItemTypes catched 
[21:53:47] 28 Handlers Readed
[21:53:48] 30 Messages Readed
[21:53:48] WorldServer start in 9701 ms.
[22:00:26] MySQL Database Connected
[22:00:26] 16 Breeds catched
[22:00:26] 256 Heads catched
[22:00:26] 561 Effects catched
[22:00:36] 11260 DofusMaps catched
[22:00:36] 169 StatedElements catched
[22:00:36] 323 InteractiveElements catched
[22:00:36] 15228 SpellLevels catched 
[22:00:36] 4772 Spells catched 
[22:00:36] 1179 LearnableSpells catched 
[22:00:37] 9780 ItemTemplates catched 
[22:00:37] 4489 Weapons catched 
[22:00:37] 363 ItemSets catched 
[22:00:37] 171 ItemTypes catched 
[22:00:37] 28 Handlers Readed
[22:00:37] 30 Messages Readed
[22:00:37] WorldServer start in 11535 ms.
[22:02:18] MySQL Database Connected
[22:02:18] 16 Breeds catched
[22:02:18] 256 Heads catched
[22:02:18] 561 Effects catched
[22:02:26] 11260 DofusMaps catched
[22:02:26] 169 StatedElements catched
[22:02:26] 323 InteractiveElements catched
[22:02:26] 15228 SpellLevels catched 
[22:02:26] 4772 Spells catched 
[22:02:26] 1179 LearnableSpells catched 
[22:02:27] 9780 ItemTemplates catched 
[22:02:27] 4489 Weapons catched 
[22:02:27] 363 ItemSets catched 
[22:02:27] 171 ItemTypes catched 
[22:02:27] 28 Handlers Readed
[22:02:27] 30 Messages Readed
[22:02:27] WorldServer start in 9842 ms.
[22:17:37] MySQL Database Connected
[22:17:37] 16 Breeds catched
[22:17:37] 256 Heads catched
[22:17:37] 561 Effects catched
[22:17:46] 11260 DofusMaps catched
[22:17:46] 169 StatedElements catched
[22:17:46] 323 InteractiveElements catched
[22:17:46] 15228 SpellLevels catched 
[22:17:46] 4772 Spells catched 
[22:17:46] 1179 LearnableSpells catched 
[22:17:47] 9780 ItemTemplates catched 
[22:17:47] 4489 Weapons catched 
[22:17:47] 363 ItemSets catched 
[22:17:47] 171 ItemTypes catched 
[22:17:47] 28 Handlers Readed
[22:17:47] 30 Messages Readed
[22:17:47] WorldServer start in 10227 ms.
[22:29:15] MySQL Database Connected
[22:29:15] 16 Breeds catched
[22:29:15] 256 Heads catched
[22:29:15] 561 Effects catched
[22:29:29] 11260 DofusMaps catched
[22:29:29] 169 StatedElements catched
[22:29:29] 323 InteractiveElements catched
[22:29:29] 15228 SpellLevels catched 
[22:29:29] 4772 Spells catched 
[22:29:29] 1179 LearnableSpells catched 
[22:29:29] 9780 ItemTemplates catched 
[22:29:29] 4489 Weapons catched 
[22:29:29] 363 ItemSets catched 
[22:29:29] 171 ItemTypes catched 
[22:29:30] 28 Handlers Readed
[22:29:30] 30 Messages Readed
[22:29:30] WorldServer start in 15307 ms.
[22:32:50] MySQL Database Connected
[22:32:50] 16 Breeds catched
[22:32:50] 256 Heads catched
[22:32:50] 561 Effects catched
[22:32:57] 11260 DofusMaps catched
[22:32:57] 169 StatedElements catched
[22:32:57] 323 InteractiveElements catched
[22:32:58] 15228 SpellLevels catched 
[22:32:58] 4772 Spells catched 
[22:32:58] 1179 LearnableSpells catched 
[22:32:58] 9780 ItemTemplates catched 
[22:32:58] 4489 Weapons catched 
[22:32:58] 363 ItemSets catched 
[22:32:58] 171 ItemTypes catched 
[22:32:59] 28 Handlers Readed
[22:32:59] 30 Messages Readed
[22:32:59] WorldServer start in 9188 ms.
[22:35:30] MySQL Database Connected
[22:35:30] 16 Breeds catched
[22:35:30] 256 Heads catched
[22:35:30] 561 Effects catched
[22:35:38] 11260 DofusMaps catched
[22:35:38] 169 StatedElements catched
[22:35:38] 323 InteractiveElements catched
[22:35:38] 15228 SpellLevels catched 
[22:35:38] 4772 Spells catched 
[22:35:38] 1179 LearnableSpells catched 
[22:35:39] 9780 ItemTemplates catched 
[22:35:39] 4489 Weapons catched 
[22:35:39] 363 ItemSets catched 
[22:35:39] 171 ItemTypes catched 
[22:35:39] 28 Handlers Readed
[22:35:39] 30 Messages Readed
[22:35:39] WorldServer start in 9291 ms.
[22:36:59] MySQL Database Connected
[22:36:59] 16 Breeds catched
[22:36:59] 256 Heads catched
[22:36:59] 561 Effects catched
[22:37:07] 11260 DofusMaps catched
[22:37:07] 169 StatedElements catched
[22:37:07] 323 InteractiveElements catched
[22:37:07] 15228 SpellLevels catched 
[22:37:07] 4772 Spells catched 
[22:37:07] 1179 LearnableSpells catched 
[22:37:08] 9780 ItemTemplates catched 
[22:37:08] 4489 Weapons catched 
[22:37:08] 363 ItemSets catched 
[22:37:08] 171 ItemTypes catched 
[22:37:08] 28 Handlers Readed
[22:37:08] 30 Messages Readed
[22:37:08] WorldServer start in 9649 ms.
