[11:48:42] MySQL Database Connected
[11:48:42] 16 Breeds catched
[11:48:42] 256 Heads catched
[11:48:42] 561 Effects catched
[11:48:51] 11260 DofusMaps catched
[11:48:51] 454 StatedElements catched
[11:48:51] 802 InteractiveElements catched
[11:48:51] 74 HouseInformations catched
[11:48:51] 120 InteractiveDoors catched
[11:48:51] 3614 MapPositions uncatched
[11:48:51] 14681 MapPositions catched
[11:48:51] 42 MapZaaps catched
[11:48:52] 15228 SpellLevels catched 
[11:48:52] 4772 Spells catched 
[11:48:52] 1179 LearnableSpells catched 
[11:48:52] 9780 ItemTemplates catched 
[11:48:52] 4489 Weapons catched 
[11:48:52] 363 ItemSets catched 
[11:48:52] 171 ItemTypes catched 
[11:48:52] 110 ItemPets catched 
[11:48:53] 2476 NpcTemplates catched 
[11:48:53] 138 NpcSpawns catched 
[11:48:53] 50 NpcItems catched 
[11:48:53] 19801 NpcMessages catched 
[11:48:53] 7 NpcReplies catched 
[11:48:53] 18 Triggers catched
[11:48:54] 67 Handlers Readed
[11:48:55] 95 Messages Readed
[11:48:55] WorldServer start in 13671 ms.
[12:07:23] MySQL Database Connected
[12:07:23] 16 Breeds catched
[12:07:23] 256 Heads catched
[12:07:23] 561 Effects catched
[12:07:31] 11260 DofusMaps catched
[12:07:31] 454 StatedElements catched
[12:07:31] 802 InteractiveElements catched
[12:07:31] 74 HouseInformations catched
[12:07:31] 120 InteractiveDoors catched
[12:07:31] 3614 MapPositions uncatched
[12:07:31] 14681 MapPositions catched
[12:07:31] 42 MapZaaps catched
[12:07:31] 15228 SpellLevels catched 
[12:07:31] 4772 Spells catched 
[12:07:31] 1179 LearnableSpells catched 
[12:07:31] 9780 ItemTemplates catched 
[12:07:32] 4489 Weapons catched 
[12:07:32] 363 ItemSets catched 
[12:07:32] 171 ItemTypes catched 
[12:07:32] 110 ItemPets catched 
[12:07:32] 2476 NpcTemplates catched 
[12:07:32] 138 NpcSpawns catched 
[12:07:32] 50 NpcItems catched 
[12:07:32] 19801 NpcMessages catched 
[12:07:32] 7 NpcReplies catched 
[12:07:32] 18 Triggers catched
[12:07:32] 67 Handlers Readed
[12:07:33] 95 Messages Readed
[12:07:33] WorldServer start in 10086 ms.
[12:23:12] MySQL Database Connected
[12:23:12] 16 Breeds catched
[12:23:12] 256 Heads catched
[12:23:12] 561 Effects catched
[12:23:25] 11260 DofusMaps catched
[12:23:25] 454 StatedElements catched
[12:23:25] 802 InteractiveElements catched
[12:23:25] 74 HouseInformations catched
[12:23:25] 120 InteractiveDoors catched
[12:23:25] 3614 MapPositions uncatched
[12:23:25] 14681 MapPositions catched
[12:23:25] 42 MapZaaps catched
[12:23:25] 15228 SpellLevels catched 
[12:23:25] 4772 Spells catched 
[12:23:25] 1179 LearnableSpells catched 
[12:23:26] 9780 ItemTemplates catched 
[12:23:26] 4489 Weapons catched 
[12:23:26] 363 ItemSets catched 
[12:23:26] 171 ItemTypes catched 
[12:23:26] 110 ItemPets catched 
[12:23:26] 2476 NpcTemplates catched 
[12:23:26] 138 NpcSpawns catched 
[12:23:26] 50 NpcItems catched 
[12:23:26] 19801 NpcMessages catched 
[12:23:26] 7 NpcReplies catched 
[12:23:26] 18 Triggers catched
[12:23:27] 67 Handlers Readed
[12:23:27] 95 Messages Readed
[12:23:27] WorldServer start in 15645 ms.
[12:24:16] Packet not handled 6326
[12:24:18] Packet not handled 6326
[12:24:55] Packet not handled 6326
[21:09:57] MySQL Database Connected
[21:09:57] 16 Breeds catched
[21:09:57] 256 Heads catched
[21:09:57] 561 Effects catched
[21:10:08] 11260 DofusMaps catched
[21:10:08] 454 StatedElements catched
[21:10:09] 802 InteractiveElements catched
[21:10:09] 74 HouseInformations catched
[21:10:09] 120 InteractiveDoors catched
[21:10:09] 3614 MapPositions uncatched
[21:10:09] 14681 MapPositions catched
[21:10:09] 42 MapZaaps catched
[21:10:09] 15228 SpellLevels catched 
[21:10:09] 4772 Spells catched 
[21:10:09] 1179 LearnableSpells catched 
[21:10:10] 9780 ItemTemplates catched 
[21:10:10] 4489 Weapons catched 
[21:10:10] 363 ItemSets catched 
[21:10:10] 171 ItemTypes catched 
[21:10:10] 110 ItemPets catched 
[21:10:10] 2476 NpcTemplates catched 
[21:10:10] 138 NpcSpawns catched 
[21:10:10] 50 NpcItems catched 
[21:10:10] 19801 NpcMessages catched 
[21:10:10] 7 NpcReplies catched 
[21:10:10] 18 Triggers catched
[21:10:11] 67 Handlers Readed
[21:10:11] 95 Messages Readed
[21:10:11] WorldServer start in 14258 ms.
