[03:48:10] MySQL Database Connected
[03:48:10] 16 Breeds catched
[03:48:10] 256 Heads catched
[03:48:10] 561 Effects catched
[03:48:11] 4 SuperAreas catched
[03:48:11] 48 Areas catched
[03:48:12] 334 SubAreas catched
[03:48:21] 11260 DofusMaps catched
[03:48:21] 9761 StatedElements catched
[03:48:21] 13349 InteractiveElements catched
[03:48:21] 1485 HouseInformations catched
[03:48:21] 556 InteractiveDoors catched
[03:48:22] 3614 MapPositions uncatched
[03:48:22] 14681 MapPositions catched
[03:48:22] 42 MapZaaps catched
[03:48:22] 79 MapSubways catched
[03:48:22] 15228 SpellLevels catched 
[03:48:22] 4772 Spells catched 
[03:48:22] 316 GuildEmblems catched 
[03:48:22] 1179 LearnableSpells catched 
[03:48:22] 9780 ItemTemplates catched 
[03:48:22] 4489 Weapons catched 
[03:48:22] 363 ItemSets catched 
[03:48:22] 171 ItemTypes catched 
[03:48:22] 110 ItemPets catched 
[03:48:23] 2476 NpcTemplates catched 
[03:48:23] 787 NpcSpawns catched 
[03:48:23] 94 NpcItems catched 
[03:48:23] 19801 NpcMessages catched 
[03:48:23] 7 NpcReplies catched 
[03:48:23] 353 Triggers catched
[03:48:24] 1277 Paddocks catched
[03:48:24] 72 Mounts catched
[03:48:24] 4 Guild catched
[03:48:24] 3 GuildMembers catched
[03:48:24] 122 Handlers Readed
[03:48:25] 166 Messages Readed
[03:48:25] WorldServer start in 14819 ms.
[03:56:37] MySQL Database Connected
[03:56:37] 16 Breeds catched
[03:56:37] 256 Heads catched
[03:56:37] 561 Effects catched
[03:56:38] 4 SuperAreas catched
[03:56:38] 48 Areas catched
[03:56:39] 334 SubAreas catched
[03:56:47] 11260 DofusMaps catched
[03:56:47] 9761 StatedElements catched
[03:56:47] 13349 InteractiveElements catched
[03:56:47] 1485 HouseInformations catched
[03:56:47] 556 InteractiveDoors catched
[03:56:47] 3614 MapPositions uncatched
[03:56:47] 14681 MapPositions catched
[03:56:47] 42 MapZaaps catched
[03:56:47] 79 MapSubways catched
[03:56:47] 15228 SpellLevels catched 
[03:56:47] 4772 Spells catched 
[03:56:47] 316 GuildEmblems catched 
[03:56:47] 1179 LearnableSpells catched 
[03:56:48] 9780 ItemTemplates catched 
[03:56:48] 4489 Weapons catched 
[03:56:48] 363 ItemSets catched 
[03:56:48] 171 ItemTypes catched 
[03:56:48] 110 ItemPets catched 
[03:56:48] 2476 NpcTemplates catched 
[03:56:48] 787 NpcSpawns catched 
[03:56:48] 94 NpcItems catched 
[03:56:49] 19801 NpcMessages catched 
[03:56:49] 7 NpcReplies catched 
[03:56:49] 353 Triggers catched
[03:56:49] 1277 Paddocks catched
[03:56:49] 72 Mounts catched
[03:56:49] 4 Guild catched
[03:56:49] 3 GuildMembers catched
[03:56:49] 122 Handlers Readed
[03:56:50] 166 Messages Readed
[03:56:50] WorldServer start in 13213 ms.
[04:01:37] MySQL Database Connected
[04:01:37] 16 Breeds catched
[04:01:37] 256 Heads catched
[04:01:37] 561 Effects catched
[04:01:38] 4 SuperAreas catched
[04:01:38] 48 Areas catched
[04:01:39] 334 SubAreas catched
[04:01:48] 11260 DofusMaps catched
[04:01:48] 9761 StatedElements catched
[04:01:48] 13349 InteractiveElements catched
[04:01:48] 1485 HouseInformations catched
[04:01:48] 556 InteractiveDoors catched
[04:01:48] 3614 MapPositions uncatched
[04:01:48] 14681 MapPositions catched
[04:01:48] 42 MapZaaps catched
[04:01:48] 79 MapSubways catched
[04:01:48] 15228 SpellLevels catched 
[04:01:48] 4772 Spells catched 
[04:01:48] 316 GuildEmblems catched 
[04:01:48] 1179 LearnableSpells catched 
[04:01:49] 9780 ItemTemplates catched 
[04:01:49] 4489 Weapons catched 
[04:01:49] 363 ItemSets catched 
[04:01:49] 171 ItemTypes catched 
[04:01:49] 110 ItemPets catched 
[04:01:49] 2476 NpcTemplates catched 
[04:01:49] 787 NpcSpawns catched 
[04:01:49] 94 NpcItems catched 
[04:01:49] 19801 NpcMessages catched 
[04:01:49] 7 NpcReplies catched 
[04:01:50] 353 Triggers catched
[04:01:50] 1277 Paddocks catched
[04:01:50] 72 Mounts catched
[04:01:50] 4 Guild catched
[04:01:50] 3 GuildMembers catched
[04:01:50] 122 Handlers Readed
[04:01:51] 166 Messages Readed
[04:01:51] WorldServer start in 14163 ms.
[04:12:17] MySQL Database Connected
[04:12:17] 16 Breeds catched
[04:12:17] 256 Heads catched
[04:12:17] 561 Effects catched
[04:12:17] 4 SuperAreas catched
[04:12:17] 48 Areas catched
[04:12:18] 334 SubAreas catched
[04:12:26] 11260 DofusMaps catched
[04:12:26] 9761 StatedElements catched
[04:12:26] 13349 InteractiveElements catched
[04:12:26] 1485 HouseInformations catched
[04:12:26] 556 InteractiveDoors catched
[04:12:26] 3614 MapPositions uncatched
[04:12:26] 14681 MapPositions catched
[04:12:26] 42 MapZaaps catched
[04:12:26] 79 MapSubways catched
[04:12:27] 15228 SpellLevels catched 
[04:12:27] 4772 Spells catched 
[04:12:27] 316 GuildEmblems catched 
[04:12:27] 1179 LearnableSpells catched 
[04:12:27] 9780 ItemTemplates catched 
[04:12:27] 4489 Weapons catched 
[04:12:27] 363 ItemSets catched 
[04:12:27] 171 ItemTypes catched 
[04:12:27] 110 ItemPets catched 
[04:12:28] 2476 NpcTemplates catched 
[04:12:28] 787 NpcSpawns catched 
[04:12:28] 94 NpcItems catched 
[04:12:28] 19801 NpcMessages catched 
[04:12:28] 7 NpcReplies catched 
[04:12:28] 353 Triggers catched
[04:12:28] 1277 Paddocks catched
[04:12:28] 72 Mounts catched
[04:12:28] 4 Guild catched
[04:12:28] 3 GuildMembers catched
[04:12:29] 122 Handlers Readed
[04:12:29] 166 Messages Readed
[04:12:29] WorldServer start in 12804 ms.
[04:21:08] MySQL Database Connected
[04:21:08] 16 Breeds catched
[04:21:08] 256 Heads catched
[04:21:08] 561 Effects catched
[04:21:09] 4 SuperAreas catched
[04:21:09] 48 Areas catched
[04:21:10] 334 SubAreas catched
[04:21:18] 11260 DofusMaps catched
[04:21:18] 9761 StatedElements catched
[04:21:18] 13349 InteractiveElements catched
[04:21:18] 1485 HouseInformations catched
[04:21:18] 556 InteractiveDoors catched
[04:21:18] 3614 MapPositions uncatched
[04:21:18] 14681 MapPositions catched
[04:21:18] 42 MapZaaps catched
[04:21:18] 79 MapSubways catched
[04:21:18] 15228 SpellLevels catched 
[04:21:18] 4772 Spells catched 
[04:21:18] 316 GuildEmblems catched 
[04:21:18] 1179 LearnableSpells catched 
[04:21:19] 9780 ItemTemplates catched 
[04:21:19] 4489 Weapons catched 
[04:21:19] 363 ItemSets catched 
[04:21:19] 171 ItemTypes catched 
[04:21:19] 110 ItemPets catched 
[04:21:19] 2476 NpcTemplates catched 
[04:21:19] 787 NpcSpawns catched 
[04:21:19] 94 NpcItems catched 
[04:21:19] 19801 NpcMessages catched 
[04:21:19] 7 NpcReplies catched 
[04:21:20] 353 Triggers catched
[04:21:20] 1277 Paddocks catched
[04:21:20] 72 Mounts catched
[04:21:20] 4 Guild catched
[04:21:20] 3 GuildMembers catched
[04:21:20] 122 Handlers Readed
[04:21:21] 166 Messages Readed
[04:21:21] WorldServer start in 13344 ms.
[04:43:48] MySQL Database Connected
[04:43:48] 16 Breeds catched
[04:43:48] 256 Heads catched
[04:43:48] 561 Effects catched
[04:43:48] 4 SuperAreas catched
[04:43:48] 48 Areas catched
[04:43:49] 334 SubAreas catched
[04:43:57] 11260 DofusMaps catched
[04:43:57] 9761 StatedElements catched
[04:43:57] 13349 InteractiveElements catched
[04:43:57] 1485 HouseInformations catched
[04:43:57] 556 InteractiveDoors catched
[04:43:57] 3614 MapPositions uncatched
[04:43:57] 14681 MapPositions catched
[04:43:57] 42 MapZaaps catched
[04:43:57] 79 MapSubways catched
[04:43:57] 15228 SpellLevels catched 
[04:43:57] 4772 Spells catched 
[04:43:57] 316 GuildEmblems catched 
[04:43:57] 1179 LearnableSpells catched 
[04:43:58] 9780 ItemTemplates catched 
[04:43:58] 4489 Weapons catched 
[04:43:58] 363 ItemSets catched 
[04:43:58] 171 ItemTypes catched 
[04:43:58] 110 ItemPets catched 
[04:43:58] 2476 NpcTemplates catched 
[04:43:59] 787 NpcSpawns catched 
[04:43:59] 94 NpcItems catched 
[04:43:59] 19801 NpcMessages catched 
[04:43:59] 7 NpcReplies catched 
[04:43:59] 353 Triggers catched
[04:43:59] 1277 Paddocks catched
[04:43:59] 72 Mounts catched
[04:43:59] 4 Guild catched
[04:43:59] 3 GuildMembers catched
[04:44:00] 122 Handlers Readed
[04:44:00] 166 Messages Readed
[04:44:00] WorldServer start in 12789 ms.
[14:01:03] MySQL Database Connected
[14:01:03] 16 Breeds catched
[14:01:03] 256 Heads catched
[14:01:03] 561 Effects catched
[14:01:04] 4 SuperAreas catched
[14:01:04] 48 Areas catched
[14:01:05] 334 SubAreas catched
[14:01:13] 11260 DofusMaps catched
[14:01:13] 9761 StatedElements catched
[14:01:13] 13349 InteractiveElements catched
[14:01:13] 1485 HouseInformations catched
[14:01:13] 556 InteractiveDoors catched
[14:01:13] 3614 MapPositions uncatched
[14:01:13] 14681 MapPositions catched
[14:01:13] 42 MapZaaps catched
[14:01:13] 79 MapSubways catched
[14:01:13] 15228 SpellLevels catched 
[14:01:13] 4772 Spells catched 
[14:01:13] 316 GuildEmblems catched 
[14:01:13] 1179 LearnableSpells catched 
[14:01:14] 9780 ItemTemplates catched 
[14:01:14] 4489 Weapons catched 
[14:01:14] 363 ItemSets catched 
[14:01:14] 171 ItemTypes catched 
[14:01:14] 110 ItemPets catched 
[14:01:14] 2476 NpcTemplates catched 
[14:01:14] 787 NpcSpawns catched 
[14:01:14] 94 NpcItems catched 
[14:01:14] 19801 NpcMessages catched 
[14:01:14] 7 NpcReplies catched 
[14:01:15] 353 Triggers catched
[14:01:15] 1277 Paddocks catched
[14:01:15] 72 Mounts catched
[14:01:15] 4 Guild catched
[14:01:15] 3 GuildMembers catched
[14:01:15] 122 Handlers Readed
[14:01:16] 166 Messages Readed
[14:01:16] WorldServer start in 13222 ms.
[17:21:32] MySQL Database Connected
[17:21:32] 16 Breeds catched
[17:21:32] 256 Heads catched
[17:21:32] 561 Effects catched
[17:21:33] 4 SuperAreas catched
[17:21:33] 48 Areas catched
[17:21:34] 334 SubAreas catched
[17:21:57] 11260 DofusMaps catched
[17:21:57] 9761 StatedElements catched
[17:21:57] 13349 InteractiveElements catched
[17:21:57] 1485 HouseInformations catched
[17:21:57] 556 InteractiveDoors catched
[17:21:57] 3614 MapPositions uncatched
[17:21:57] 14681 MapPositions catched
[17:21:57] 42 MapZaaps catched
[17:21:57] 79 MapSubways catched
[17:21:57] 15228 SpellLevels catched 
[17:21:58] 4772 Spells catched 
[17:21:58] 316 GuildEmblems catched 
[17:21:58] 1179 LearnableSpells catched 
[17:21:58] 9780 ItemTemplates catched 
[17:21:58] 4489 Weapons catched 
[17:21:58] 363 ItemSets catched 
[17:21:58] 171 ItemTypes catched 
[17:21:58] 110 ItemPets catched 
[17:21:59] 2476 NpcTemplates catched 
[17:21:59] 787 NpcSpawns catched 
[17:21:59] 94 NpcItems catched 
[17:21:59] 19801 NpcMessages catched 
[17:21:59] 7 NpcReplies catched 
[17:21:59] 353 Triggers catched
[17:21:59] 1277 Paddocks catched
[17:21:59] 72 Mounts catched
[17:21:59] 4 Guild catched
[17:21:59] 3 GuildMembers catched
[17:21:59] 122 Handlers Readed
[17:22:00] 166 Messages Readed
[17:22:00] WorldServer start in 27930 ms.
[17:27:16] MySQL Database Connected
[17:27:16] 16 Breeds catched
[17:27:16] 256 Heads catched
[17:27:16] 561 Effects catched
[17:27:16] 4 SuperAreas catched
[17:27:16] 48 Areas catched
[17:27:17] 334 SubAreas catched
[17:27:25] 11260 DofusMaps catched
[17:27:25] 9761 StatedElements catched
[17:27:25] 13349 InteractiveElements catched
[17:27:25] 1485 HouseInformations catched
[17:27:25] 556 InteractiveDoors catched
[17:27:26] 3614 MapPositions uncatched
[17:27:26] 14681 MapPositions catched
[17:27:26] 42 MapZaaps catched
[17:27:26] 79 MapSubways catched
[17:27:26] 15228 SpellLevels catched 
[17:27:26] 4772 Spells catched 
[17:27:26] 316 GuildEmblems catched 
[17:27:26] 1179 LearnableSpells catched 
[17:27:26] 9780 ItemTemplates catched 
[17:27:26] 4489 Weapons catched 
[17:27:26] 363 ItemSets catched 
[17:27:26] 171 ItemTypes catched 
[17:27:26] 110 ItemPets catched 
[17:27:27] 2476 NpcTemplates catched 
[17:27:27] 787 NpcSpawns catched 
[17:27:27] 94 NpcItems catched 
[17:27:27] 19801 NpcMessages catched 
[17:27:27] 7 NpcReplies catched 
[17:27:27] 353 Triggers catched
[17:27:27] 1277 Paddocks catched
[17:27:27] 72 Mounts catched
[17:27:27] 4 Guild catched
[17:27:27] 3 GuildMembers catched
[17:27:28] 122 Handlers Readed
[17:27:28] 166 Messages Readed
[17:27:28] WorldServer start in 13145 ms.
[17:29:14] MySQL Database Connected
[17:29:14] 16 Breeds catched
[17:29:14] 256 Heads catched
[17:29:14] 561 Effects catched
[17:29:15] 4 SuperAreas catched
[17:29:15] 48 Areas catched
[17:29:16] 334 SubAreas catched
[17:29:25] 11260 DofusMaps catched
[17:29:25] 9761 StatedElements catched
[17:29:25] 13349 InteractiveElements catched
[17:29:25] 1485 HouseInformations catched
[17:29:25] 556 InteractiveDoors catched
[17:29:25] 3614 MapPositions uncatched
[17:29:25] 14681 MapPositions catched
[17:29:25] 42 MapZaaps catched
[17:29:25] 79 MapSubways catched
[17:29:25] 15228 SpellLevels catched 
[17:29:25] 4772 Spells catched 
[17:29:25] 316 GuildEmblems catched 
[17:29:25] 1179 LearnableSpells catched 
[17:29:26] 9780 ItemTemplates catched 
[17:29:26] 4489 Weapons catched 
[17:29:26] 363 ItemSets catched 
[17:29:26] 171 ItemTypes catched 
[17:29:26] 110 ItemPets catched 
[17:29:27] 2476 NpcTemplates catched 
[17:29:27] 787 NpcSpawns catched 
[17:29:27] 94 NpcItems catched 
[17:29:27] 19801 NpcMessages catched 
[17:29:27] 7 NpcReplies catched 
[17:29:27] 353 Triggers catched
[17:29:27] 1277 Paddocks catched
[17:29:27] 72 Mounts catched
[17:29:27] 4 Guild catched
[17:29:27] 3 GuildMembers catched
[17:29:28] 122 Handlers Readed
[17:29:28] 166 Messages Readed
[17:29:28] WorldServer start in 14472 ms.
[17:33:45] MySQL Database Connected
[17:33:46] 16 Breeds catched
[17:33:46] 256 Heads catched
[17:33:46] 561 Effects catched
[17:33:46] 4 SuperAreas catched
[17:33:46] 48 Areas catched
[17:33:47] 334 SubAreas catched
[17:34:07] 11260 DofusMaps catched
[17:34:07] 9761 StatedElements catched
[17:34:07] 13349 InteractiveElements catched
[17:34:08] 1485 HouseInformations catched
[17:34:08] 556 InteractiveDoors catched
[17:34:08] 3614 MapPositions uncatched
[17:34:08] 14681 MapPositions catched
[17:34:08] 42 MapZaaps catched
[17:34:08] 79 MapSubways catched
[17:34:08] 15228 SpellLevels catched 
[17:34:08] 4772 Spells catched 
[17:34:08] 316 GuildEmblems catched 
[17:34:08] 1179 LearnableSpells catched 
[17:34:08] 9780 ItemTemplates catched 
[17:34:08] 4489 Weapons catched 
[17:34:09] 363 ItemSets catched 
[17:34:09] 171 ItemTypes catched 
[17:34:09] 110 ItemPets catched 
[17:34:09] 2476 NpcTemplates catched 
[17:34:09] 787 NpcSpawns catched 
[17:34:09] 94 NpcItems catched 
[17:34:09] 19801 NpcMessages catched 
[17:34:09] 7 NpcReplies catched 
[17:34:10] 353 Triggers catched
[17:34:10] 1277 Paddocks catched
[17:34:10] 72 Mounts catched
[17:34:10] 4 Guild catched
[17:34:10] 3 GuildMembers catched
[17:34:11] 122 Handlers Readed
[17:34:11] 166 Messages Readed
[17:34:11] WorldServer start in 26024 ms.
[17:43:03] MySQL Database Connected
[17:43:03] 16 Breeds catched
[17:43:03] 256 Heads catched
[17:43:03] 561 Effects catched
[17:43:04] 4 SuperAreas catched
[17:43:04] 48 Areas catched
[17:43:05] 334 SubAreas catched
[17:43:13] 11260 DofusMaps catched
[17:43:13] 9761 StatedElements catched
[17:43:13] 13349 InteractiveElements catched
[17:43:13] 1485 HouseInformations catched
[17:43:13] 556 InteractiveDoors catched
[17:43:14] 3614 MapPositions uncatched
[17:43:14] 14681 MapPositions catched
[17:43:14] 42 MapZaaps catched
[17:43:14] 79 MapSubways catched
[17:43:14] 15228 SpellLevels catched 
[17:43:14] 4772 Spells catched 
[17:43:14] 316 GuildEmblems catched 
[17:43:14] 1179 LearnableSpells catched 
[17:43:14] 9780 ItemTemplates catched 
[17:43:14] 4489 Weapons catched 
[17:43:14] 363 ItemSets catched 
[17:43:14] 171 ItemTypes catched 
[17:43:14] 110 ItemPets catched 
[17:43:15] 2476 NpcTemplates catched 
[17:43:15] 787 NpcSpawns catched 
[17:43:15] 94 NpcItems catched 
[17:43:15] 19801 NpcMessages catched 
[17:43:15] 7 NpcReplies catched 
[17:43:15] 353 Triggers catched
[17:43:15] 1277 Paddocks catched
[17:43:15] 72 Mounts catched
[17:43:15] 4 Guild catched
[17:43:15] 3 GuildMembers catched
[17:43:16] 122 Handlers Readed
[17:43:16] 166 Messages Readed
[17:43:16] WorldServer start in 13632 ms.
[19:47:44] MySQL Database Connected
[19:47:44] 16 Breeds catched
[19:47:44] 256 Heads catched
[19:47:44] 561 Effects catched
[19:47:44] 4 SuperAreas catched
[19:47:44] 48 Areas catched
[19:47:45] 334 SubAreas catched
[19:47:53] 11260 DofusMaps catched
[19:47:53] 9761 StatedElements catched
[19:47:53] 13349 InteractiveElements catched
[19:47:53] 1485 HouseInformations catched
[19:47:53] 556 InteractiveDoors catched
[19:47:53] 3614 MapPositions uncatched
[19:47:53] 14681 MapPositions catched
[19:47:53] 42 MapZaaps catched
[19:47:53] 79 MapSubways catched
[19:47:53] 15228 SpellLevels catched 
[19:47:54] 4772 Spells catched 
[19:47:54] 316 GuildEmblems catched 
[19:47:54] 1179 LearnableSpells catched 
[19:47:54] 9780 ItemTemplates catched 
[19:47:54] 4489 Weapons catched 
[19:47:54] 363 ItemSets catched 
[19:47:54] 171 ItemTypes catched 
[19:47:54] 110 ItemPets catched 
[19:47:55] 2476 NpcTemplates catched 
[19:47:55] 787 NpcSpawns catched 
[19:47:55] 94 NpcItems catched 
[19:47:55] 19801 NpcMessages catched 
[19:47:55] 7 NpcReplies catched 
[19:47:55] 353 Triggers catched
[19:47:55] 1277 Paddocks catched
[19:47:55] 72 Mounts catched
[19:47:55] 4 Guild catched
[19:47:55] 3 GuildMembers catched
[19:47:56] 122 Handlers Readed
[19:47:57] 166 Messages Readed
[19:47:57] WorldServer start in 13371 ms.
[20:01:07] MySQL Database Connected
[20:01:07] 16 Breeds catched
[20:01:07] 256 Heads catched
[20:01:07] 561 Effects catched
[20:01:08] 4 SuperAreas catched
[20:01:08] 48 Areas catched
[20:01:09] 334 SubAreas catched
[20:01:16] 11260 DofusMaps catched
[20:01:16] 9761 StatedElements catched
[20:01:17] 13349 InteractiveElements catched
[20:01:17] 1485 HouseInformations catched
[20:01:17] 556 InteractiveDoors catched
[20:01:17] 3614 MapPositions uncatched
[20:01:17] 14681 MapPositions catched
[20:01:17] 42 MapZaaps catched
[20:01:17] 79 MapSubways catched
[20:01:17] 15228 SpellLevels catched 
[20:01:17] 4772 Spells catched 
[20:01:17] 316 GuildEmblems catched 
[20:01:17] 1179 LearnableSpells catched 
[20:01:17] 9780 ItemTemplates catched 
[20:01:17] 4489 Weapons catched 
[20:01:17] 363 ItemSets catched 
[20:01:17] 171 ItemTypes catched 
[20:01:18] 110 ItemPets catched 
[20:01:18] 2476 NpcTemplates catched 
[20:01:18] 787 NpcSpawns catched 
[20:01:18] 94 NpcItems catched 
[20:01:18] 19801 NpcMessages catched 
[20:01:18] 7 NpcReplies catched 
[20:01:18] 353 Triggers catched
[20:01:18] 1277 Paddocks catched
[20:01:18] 72 Mounts catched
[20:01:18] 4 Guild catched
[20:01:18] 3 GuildMembers catched
[20:01:19] 122 Handlers Readed
[20:01:20] 166 Messages Readed
[20:01:20] WorldServer start in 13111 ms.
[21:53:36] MySQL Database Connected
[21:53:36] 16 Breeds catched
[21:53:36] 256 Heads catched
[21:53:36] 561 Effects catched
[21:53:37] 4 SuperAreas catched
[21:53:37] 48 Areas catched
[21:53:38] 334 SubAreas catched
[21:53:47] 11260 DofusMaps catched
[21:53:47] 9761 StatedElements catched
[21:53:47] 13349 InteractiveElements catched
[21:53:47] 1485 HouseInformations catched
[21:53:47] 556 InteractiveDoors catched
[21:53:47] 3614 MapPositions uncatched
[21:53:47] 14681 MapPositions catched
[21:53:47] 42 MapZaaps catched
[21:53:47] 79 MapSubways catched
[21:53:47] 15228 SpellLevels catched 
[21:53:47] 4772 Spells catched 
[21:53:47] 316 GuildEmblems catched 
[21:53:47] 1179 LearnableSpells catched 
[21:53:48] 9780 ItemTemplates catched 
[21:53:48] 4489 Weapons catched 
[21:53:48] 363 ItemSets catched 
[21:53:48] 171 ItemTypes catched 
[21:53:48] 110 ItemPets catched 
[21:53:48] 2476 NpcTemplates catched 
[21:53:48] 787 NpcSpawns catched 
[21:53:48] 94 NpcItems catched 
[21:53:48] 19801 NpcMessages catched 
[21:53:48] 7 NpcReplies catched 
[21:53:49] 353 Triggers catched
[21:53:49] 1277 Paddocks catched
[21:53:49] 72 Mounts catched
[21:53:49] 4 Guild catched
[21:53:49] 3 GuildMembers catched
[21:53:49] 122 Handlers Readed
[21:53:50] 166 Messages Readed
[21:53:50] WorldServer start in 13915 ms.
[21:59:08] MySQL Database Connected
[21:59:08] 16 Breeds catched
[21:59:08] 256 Heads catched
[21:59:08] 561 Effects catched
[21:59:09] 4 SuperAreas catched
[21:59:09] 48 Areas catched
[21:59:10] 334 SubAreas catched
[21:59:19] 11260 DofusMaps catched
[21:59:19] 9761 StatedElements catched
[21:59:19] 13349 InteractiveElements catched
[21:59:19] 1485 HouseInformations catched
[21:59:19] 556 InteractiveDoors catched
[21:59:20] 3614 MapPositions uncatched
[21:59:20] 14681 MapPositions catched
[21:59:20] 42 MapZaaps catched
[21:59:20] 79 MapSubways catched
[21:59:21] 15228 SpellLevels catched 
[21:59:21] 4772 Spells catched 
[21:59:21] 316 GuildEmblems catched 
[21:59:21] 1179 LearnableSpells catched 
[21:59:21] 9780 ItemTemplates catched 
[21:59:22] 4489 Weapons catched 
[21:59:22] 363 ItemSets catched 
[21:59:22] 171 ItemTypes catched 
[21:59:22] 110 ItemPets catched 
[21:59:22] 2476 NpcTemplates catched 
[21:59:23] 787 NpcSpawns catched 
[21:59:23] 94 NpcItems catched 
[21:59:23] 19801 NpcMessages catched 
[21:59:23] 7 NpcReplies catched 
[21:59:23] 353 Triggers catched
[21:59:23] 1277 Paddocks catched
[21:59:23] 72 Mounts catched
[21:59:23] 4 Guild catched
[21:59:23] 3 GuildMembers catched
[21:59:24] 122 Handlers Readed
[21:59:24] 166 Messages Readed
[21:59:24] WorldServer start in 16649 ms.
