[12:22:48] MySQL Database Connected
[12:22:48] 16 Breeds catched
[12:22:48] 256 Heads catched
[12:22:48] 561 Effects catched
[12:22:57] 11260 DofusMaps catched
[12:22:57] 454 StatedElements catched
[12:22:57] 802 InteractiveElements catched
[12:22:57] 74 HouseInformations catched
[12:22:57] 120 InteractiveDoors catched
[12:22:57] 3614 MapPositions uncatched
[12:22:57] 14681 MapPositions catched
[12:22:57] 42 MapZaaps catched
[12:22:58] 15228 SpellLevels catched 
[12:22:58] 4772 Spells catched 
[12:22:58] 1179 LearnableSpells catched 
[12:22:58] 9780 ItemTemplates catched 
[12:22:58] 4489 Weapons catched 
[12:22:58] 363 ItemSets catched 
[12:22:58] 171 ItemTypes catched 
[12:22:58] 110 ItemPets catched 
[12:22:58] 2476 NpcTemplates catched 
[12:22:58] 138 NpcSpawns catched 
[12:22:58] 50 NpcItems catched 
[12:22:59] 19801 NpcMessages catched 
[12:22:59] 6 NpcReplies catched 
[12:22:59] 18 Triggers catched
[12:23:00] 43 Handlers Readed
[12:23:00] 49 Messages Readed
[12:23:00] WorldServer start in 12322 ms.
[12:24:01] MySQL Database Connected
[12:24:01] 16 Breeds catched
[12:24:01] 256 Heads catched
[12:24:01] 561 Effects catched
[12:24:09] 11260 DofusMaps catched
[12:24:09] 454 StatedElements catched
[12:24:09] 802 InteractiveElements catched
[12:24:09] 74 HouseInformations catched
[12:24:09] 120 InteractiveDoors catched
[12:24:09] 3614 MapPositions uncatched
[12:24:09] 14681 MapPositions catched
[12:24:09] 42 MapZaaps catched
[12:24:09] 15228 SpellLevels catched 
[12:24:10] 4772 Spells catched 
[12:24:10] 1179 LearnableSpells catched 
[12:24:10] 9780 ItemTemplates catched 
[12:24:10] 4489 Weapons catched 
[12:24:10] 363 ItemSets catched 
[12:24:10] 171 ItemTypes catched 
[12:24:10] 110 ItemPets catched 
[12:24:11] 2476 NpcTemplates catched 
[12:24:11] 138 NpcSpawns catched 
[12:24:11] 50 NpcItems catched 
[12:24:11] 19801 NpcMessages catched 
[12:24:11] 6 NpcReplies catched 
[12:24:11] 18 Triggers catched
[12:24:11] 43 Handlers Readed
[12:24:11] 49 Messages Readed
[12:24:11] WorldServer start in 10332 ms.
[12:36:36] MySQL Database Connected
[12:36:36] 16 Breeds catched
[12:36:36] 256 Heads catched
[12:36:36] 561 Effects catched
[12:36:44] 11260 DofusMaps catched
[12:36:44] 454 StatedElements catched
[12:36:44] 802 InteractiveElements catched
[12:36:44] 74 HouseInformations catched
[12:36:44] 120 InteractiveDoors catched
[12:36:45] 3614 MapPositions uncatched
[12:36:45] 14681 MapPositions catched
[12:36:45] 42 MapZaaps catched
[12:36:45] 15228 SpellLevels catched 
[12:36:45] 4772 Spells catched 
[12:36:45] 1179 LearnableSpells catched 
[12:36:45] 9780 ItemTemplates catched 
[12:36:45] 4489 Weapons catched 
[12:36:45] 363 ItemSets catched 
[12:36:45] 171 ItemTypes catched 
[12:36:46] 110 ItemPets catched 
[12:36:46] 2476 NpcTemplates catched 
[12:36:46] 138 NpcSpawns catched 
[12:36:46] 50 NpcItems catched 
[12:36:46] 19801 NpcMessages catched 
[12:36:46] 6 NpcReplies catched 
[12:36:46] 18 Triggers catched
[12:36:46] 43 Handlers Readed
[12:36:46] 49 Messages Readed
[12:36:47] WorldServer start in 10773 ms.
[12:45:29] MySQL Database Connected
[12:45:29] 16 Breeds catched
[12:45:29] 256 Heads catched
[12:45:29] 561 Effects catched
[12:45:38] 11260 DofusMaps catched
[12:45:38] 454 StatedElements catched
[12:45:38] 802 InteractiveElements catched
[12:45:38] 74 HouseInformations catched
[12:45:38] 120 InteractiveDoors catched
[12:45:38] 3614 MapPositions uncatched
[12:45:38] 14681 MapPositions catched
[12:45:38] 42 MapZaaps catched
[12:45:38] 15228 SpellLevels catched 
[12:45:39] 4772 Spells catched 
[12:45:39] 1179 LearnableSpells catched 
[12:45:39] 9780 ItemTemplates catched 
[12:45:39] 4489 Weapons catched 
[12:45:39] 363 ItemSets catched 
[12:45:39] 171 ItemTypes catched 
[12:45:39] 110 ItemPets catched 
[12:45:39] 2476 NpcTemplates catched 
[12:45:39] 138 NpcSpawns catched 
[12:45:39] 50 NpcItems catched 
[12:45:39] 19801 NpcMessages catched 
[12:45:39] 6 NpcReplies catched 
[12:45:39] 18 Triggers catched
[12:45:40] 43 Handlers Readed
[12:45:40] 49 Messages Readed
[12:45:40] WorldServer start in 11099 ms.
[12:57:27] MySQL Database Connected
[12:57:27] 16 Breeds catched
[12:57:27] 256 Heads catched
[12:57:27] 561 Effects catched
[12:57:35] 11260 DofusMaps catched
[12:57:35] 454 StatedElements catched
[12:57:35] 802 InteractiveElements catched
[12:57:35] 74 HouseInformations catched
[12:57:35] 120 InteractiveDoors catched
[12:57:35] 3614 MapPositions uncatched
[12:57:35] 14681 MapPositions catched
[12:57:35] 42 MapZaaps catched
[12:57:35] 15228 SpellLevels catched 
[12:57:35] 4772 Spells catched 
[12:57:35] 1179 LearnableSpells catched 
[12:57:36] 9780 ItemTemplates catched 
[12:57:36] 4489 Weapons catched 
[12:57:36] 363 ItemSets catched 
[12:57:36] 171 ItemTypes catched 
[12:57:36] 110 ItemPets catched 
[12:57:36] 2476 NpcTemplates catched 
[12:57:36] 138 NpcSpawns catched 
[12:57:36] 50 NpcItems catched 
[12:57:36] 19801 NpcMessages catched 
[12:57:36] 6 NpcReplies catched 
[12:57:36] 18 Triggers catched
[12:57:37] 43 Handlers Readed
[12:57:37] 49 Messages Readed
[12:57:37] WorldServer start in 10423 ms.
[13:01:46] MySQL Database Connected
[13:01:46] 16 Breeds catched
[13:01:46] 256 Heads catched
[13:01:46] 561 Effects catched
[13:01:54] 11260 DofusMaps catched
[13:01:54] 454 StatedElements catched
[13:01:54] 802 InteractiveElements catched
[13:01:54] 74 HouseInformations catched
[13:01:54] 120 InteractiveDoors catched
[13:01:54] 3614 MapPositions uncatched
[13:01:54] 14681 MapPositions catched
[13:01:54] 42 MapZaaps catched
[13:01:54] 15228 SpellLevels catched 
[13:01:54] 4772 Spells catched 
[13:01:54] 1179 LearnableSpells catched 
[13:01:55] 9780 ItemTemplates catched 
[13:01:55] 4489 Weapons catched 
[13:01:55] 363 ItemSets catched 
[13:01:55] 171 ItemTypes catched 
[13:01:55] 110 ItemPets catched 
[13:01:55] 2476 NpcTemplates catched 
[13:01:55] 138 NpcSpawns catched 
[13:01:55] 50 NpcItems catched 
[13:01:55] 19801 NpcMessages catched 
[13:01:55] 6 NpcReplies catched 
[13:01:55] 18 Triggers catched
[13:01:56] 43 Handlers Readed
[13:01:56] 49 Messages Readed
[13:01:56] WorldServer start in 10708 ms.
[13:05:59] MySQL Database Connected
[13:05:59] 16 Breeds catched
[13:05:59] 256 Heads catched
[13:05:59] 561 Effects catched
[13:06:07] 11260 DofusMaps catched
[13:06:07] 454 StatedElements catched
[13:06:07] 802 InteractiveElements catched
[13:06:07] 74 HouseInformations catched
[13:06:07] 120 InteractiveDoors catched
[13:06:07] 3614 MapPositions uncatched
[13:06:07] 14681 MapPositions catched
[13:06:07] 42 MapZaaps catched
[13:06:08] 15228 SpellLevels catched 
[13:06:08] 4772 Spells catched 
[13:06:08] 1179 LearnableSpells catched 
[13:06:08] 9780 ItemTemplates catched 
[13:06:08] 4489 Weapons catched 
[13:06:08] 363 ItemSets catched 
[13:06:08] 171 ItemTypes catched 
[13:06:08] 110 ItemPets catched 
[13:06:08] 2476 NpcTemplates catched 
[13:06:08] 138 NpcSpawns catched 
[13:06:08] 50 NpcItems catched 
[13:06:08] 19801 NpcMessages catched 
[13:06:08] 6 NpcReplies catched 
[13:06:09] 18 Triggers catched
[13:06:09] 43 Handlers Readed
[13:06:09] 49 Messages Readed
[13:06:09] WorldServer start in 10300 ms.
[13:11:13] MySQL Database Connected
[13:11:13] 16 Breeds catched
[13:11:13] 256 Heads catched
[13:11:13] 561 Effects catched
[13:11:21] 11260 DofusMaps catched
[13:11:21] 454 StatedElements catched
[13:11:21] 802 InteractiveElements catched
[13:11:21] 74 HouseInformations catched
[13:11:21] 120 InteractiveDoors catched
[13:11:21] 3614 MapPositions uncatched
[13:11:21] 14681 MapPositions catched
[13:11:21] 42 MapZaaps catched
[13:11:21] 15228 SpellLevels catched 
[13:11:21] 4772 Spells catched 
[13:11:21] 1179 LearnableSpells catched 
[13:11:22] 9780 ItemTemplates catched 
[13:11:22] 4489 Weapons catched 
[13:11:22] 363 ItemSets catched 
[13:11:22] 171 ItemTypes catched 
[13:11:22] 110 ItemPets catched 
[13:11:22] 2476 NpcTemplates catched 
[13:11:22] 138 NpcSpawns catched 
[13:11:22] 50 NpcItems catched 
[13:11:22] 19801 NpcMessages catched 
[13:11:22] 6 NpcReplies catched 
[13:11:22] 18 Triggers catched
[13:11:23] 43 Handlers Readed
[13:11:23] 49 Messages Readed
[13:11:23] WorldServer start in 10695 ms.
[13:20:39] MySQL Database Connected
[13:20:39] 16 Breeds catched
[13:20:39] 256 Heads catched
[13:20:39] 561 Effects catched
[13:20:50] 11260 DofusMaps catched
[13:20:50] 454 StatedElements catched
[13:20:50] 802 InteractiveElements catched
[13:20:50] 74 HouseInformations catched
[13:20:50] 120 InteractiveDoors catched
[13:20:50] 3614 MapPositions uncatched
[13:20:50] 14681 MapPositions catched
[13:20:50] 42 MapZaaps catched
[13:20:50] 15228 SpellLevels catched 
[13:20:51] 4772 Spells catched 
[13:20:51] 1179 LearnableSpells catched 
[13:20:51] 9780 ItemTemplates catched 
[13:20:51] 4489 Weapons catched 
[13:20:51] 363 ItemSets catched 
[13:20:51] 171 ItemTypes catched 
[13:20:51] 110 ItemPets catched 
[13:20:51] 2476 NpcTemplates catched 
[13:20:51] 138 NpcSpawns catched 
[13:20:51] 50 NpcItems catched 
[13:20:51] 19801 NpcMessages catched 
[13:20:51] 6 NpcReplies catched 
[13:20:51] 18 Triggers catched
[13:20:52] 43 Handlers Readed
[13:20:52] 49 Messages Readed
[13:20:52] WorldServer start in 13168 ms.
[13:23:20] MySQL Database Connected
[13:23:20] 16 Breeds catched
[13:23:20] 256 Heads catched
[13:23:20] 561 Effects catched
[13:23:29] 11260 DofusMaps catched
[13:23:29] 454 StatedElements catched
[13:23:29] 802 InteractiveElements catched
[13:23:29] 74 HouseInformations catched
[13:23:29] 120 InteractiveDoors catched
[13:23:29] 3614 MapPositions uncatched
[13:23:29] 14681 MapPositions catched
[13:23:29] 42 MapZaaps catched
[13:23:29] 15228 SpellLevels catched 
[13:23:29] 4772 Spells catched 
[13:23:29] 1179 LearnableSpells catched 
[13:23:29] 9780 ItemTemplates catched 
[13:23:30] 4489 Weapons catched 
[13:23:30] 363 ItemSets catched 
[13:23:30] 171 ItemTypes catched 
[13:23:30] 110 ItemPets catched 
[13:23:30] 2476 NpcTemplates catched 
[13:23:30] 138 NpcSpawns catched 
[13:23:30] 50 NpcItems catched 
[13:23:30] 19801 NpcMessages catched 
[13:23:30] 6 NpcReplies catched 
[13:23:30] 18 Triggers catched
[13:23:30] 43 Handlers Readed
[13:23:31] 49 Messages Readed
[13:23:31] WorldServer start in 10772 ms.
[20:11:31] MySQL Database Connected
[20:11:32] 16 Breeds catched
[20:11:32] 256 Heads catched
[20:11:32] 561 Effects catched
[20:12:38] MySQL Database Connected
[20:12:38] 16 Breeds catched
[20:12:38] 256 Heads catched
[20:12:38] 561 Effects catched
[20:13:35] MySQL Database Connected
[20:13:35] 16 Breeds catched
[20:13:35] 256 Heads catched
[20:13:35] 561 Effects catched
[20:13:45] 11260 DofusMaps catched
[20:13:45] 454 StatedElements catched
[20:13:45] 802 InteractiveElements catched
[20:13:45] 74 HouseInformations catched
[20:13:45] 120 InteractiveDoors catched
[20:13:45] 3614 MapPositions uncatched
[20:13:45] 14681 MapPositions catched
[20:13:45] 42 MapZaaps catched
[20:13:45] 15228 SpellLevels catched 
[20:13:45] 4772 Spells catched 
[20:13:45] 1179 LearnableSpells catched 
[20:13:46] 9780 ItemTemplates catched 
[20:13:46] 4489 Weapons catched 
[20:13:46] 363 ItemSets catched 
[20:13:46] 171 ItemTypes catched 
[20:13:46] 110 ItemPets catched 
[20:13:46] 2476 NpcTemplates catched 
[20:13:46] 138 NpcSpawns catched 
[20:13:46] 50 NpcItems catched 
[20:13:46] 19801 NpcMessages catched 
[20:13:46] 6 NpcReplies catched 
[20:13:46] 18 Triggers catched
[20:13:47] 43 Handlers Readed
[20:13:47] 49 Messages Readed
[20:13:47] WorldServer start in 12535 ms.
[20:16:38] MySQL Database Connected
[20:16:38] 16 Breeds catched
[20:16:38] 256 Heads catched
[20:16:38] 561 Effects catched
[20:16:48] 11260 DofusMaps catched
[20:16:48] 454 StatedElements catched
[20:16:48] 802 InteractiveElements catched
[20:16:48] 74 HouseInformations catched
[20:16:48] 120 InteractiveDoors catched
[20:16:48] 3614 MapPositions uncatched
[20:16:48] 14681 MapPositions catched
[20:16:48] 42 MapZaaps catched
[20:16:48] 15228 SpellLevels catched 
[20:16:49] 4772 Spells catched 
[20:16:49] 1179 LearnableSpells catched 
[20:16:49] 9780 ItemTemplates catched 
[20:16:49] 4489 Weapons catched 
[20:16:49] 363 ItemSets catched 
[20:16:49] 171 ItemTypes catched 
[20:16:49] 110 ItemPets catched 
[20:16:49] 2476 NpcTemplates catched 
[20:16:49] 138 NpcSpawns catched 
[20:16:49] 50 NpcItems catched 
[20:16:49] 19801 NpcMessages catched 
[20:16:49] 6 NpcReplies catched 
[20:16:49] 18 Triggers catched
[20:16:50] 43 Handlers Readed
[20:16:50] 49 Messages Readed
[20:16:50] WorldServer start in 12667 ms.
