[07:52:13] MySQL Database Connected
[07:52:13] 16 Breeds catched
[07:52:13] 256 Heads catched
[07:52:13] 561 Effects catched
[07:52:28] 11260 DofusMaps catched
[07:52:28] 454 StatedElements catched
[07:52:29] 820 InteractiveElements catched
[07:52:29] 87 HouseInformations catched
[07:52:29] 120 InteractiveDoors catched
[07:52:29] 3614 MapPositions uncatched
[07:52:29] 14681 MapPositions catched
[07:52:29] 42 MapZaaps catched
[07:52:29] 15228 SpellLevels catched 
[07:52:29] 4772 Spells catched 
[07:52:29] 1179 LearnableSpells catched 
[07:52:29] 9780 ItemTemplates catched 
[07:52:30] 4489 Weapons catched 
[07:52:30] 363 ItemSets catched 
[07:52:30] 171 ItemTypes catched 
[07:52:30] 110 ItemPets catched 
[07:52:30] 2476 NpcTemplates catched 
[07:52:30] 138 NpcSpawns catched 
[07:52:31] 50 NpcItems catched 
[07:52:31] 19801 NpcMessages catched 
[07:52:31] 7 NpcReplies catched 
[07:52:31] 18 Triggers catched
[07:52:32] 87 Handlers Readed
[07:52:37] 116 Messages Readed
[07:52:38] WorldServer start in 24635 ms.
[07:53:57] MySQL Database Connected
[07:53:57] 16 Breeds catched
[07:53:57] 256 Heads catched
[07:53:57] 561 Effects catched
[07:54:09] 11260 DofusMaps catched
[07:54:09] 454 StatedElements catched
[07:54:09] 820 InteractiveElements catched
[07:54:09] 87 HouseInformations catched
[07:54:09] 120 InteractiveDoors catched
[07:54:09] 3614 MapPositions uncatched
[07:54:09] 14681 MapPositions catched
[07:54:09] 42 MapZaaps catched
[07:54:09] 15228 SpellLevels catched 
[07:54:09] 4772 Spells catched 
[07:54:09] 1179 LearnableSpells catched 
[07:54:10] 9780 ItemTemplates catched 
[07:54:10] 4489 Weapons catched 
[07:54:10] 363 ItemSets catched 
[07:54:10] 171 ItemTypes catched 
[07:54:10] 110 ItemPets catched 
[07:54:10] 2476 NpcTemplates catched 
[07:54:10] 138 NpcSpawns catched 
[07:54:10] 50 NpcItems catched 
[07:54:10] 19801 NpcMessages catched 
[07:54:10] 7 NpcReplies catched 
[07:54:10] 18 Triggers catched
[07:54:11] 87 Handlers Readed
[07:54:11] 116 Messages Readed
[07:54:11] WorldServer start in 14772 ms.
[07:55:18] MySQL Database Connected
[07:55:19] 16 Breeds catched
[07:55:19] 256 Heads catched
[07:55:19] 561 Effects catched
[07:55:27] 11260 DofusMaps catched
[07:55:27] 454 StatedElements catched
[07:55:28] 820 InteractiveElements catched
[07:55:28] 87 HouseInformations catched
[07:55:28] 120 InteractiveDoors catched
[07:55:28] 3614 MapPositions uncatched
[07:55:28] 14681 MapPositions catched
[07:55:28] 42 MapZaaps catched
[07:55:28] 15228 SpellLevels catched 
[07:55:28] 4772 Spells catched 
[07:55:28] 1179 LearnableSpells catched 
[07:55:28] 9780 ItemTemplates catched 
[07:55:28] 4489 Weapons catched 
[07:55:29] 363 ItemSets catched 
[07:55:29] 171 ItemTypes catched 
[07:55:29] 110 ItemPets catched 
[07:55:29] 2476 NpcTemplates catched 
[07:55:29] 138 NpcSpawns catched 
[07:55:29] 50 NpcItems catched 
[07:55:29] 19801 NpcMessages catched 
[07:55:29] 7 NpcReplies catched 
[07:55:29] 18 Triggers catched
[07:55:30] 87 Handlers Readed
[07:55:30] 116 Messages Readed
[07:55:30] WorldServer start in 12145 ms.
[07:59:07] MySQL Database Connected
[07:59:07] 16 Breeds catched
[07:59:07] 256 Heads catched
[07:59:07] 561 Effects catched
[07:59:16] 11260 DofusMaps catched
[07:59:16] 454 StatedElements catched
[07:59:16] 820 InteractiveElements catched
[07:59:16] 87 HouseInformations catched
[07:59:16] 120 InteractiveDoors catched
[07:59:16] 3614 MapPositions uncatched
[07:59:16] 14681 MapPositions catched
[07:59:16] 42 MapZaaps catched
[07:59:16] 15228 SpellLevels catched 
[07:59:16] 4772 Spells catched 
[07:59:16] 1179 LearnableSpells catched 
[07:59:17] 9780 ItemTemplates catched 
[07:59:17] 4489 Weapons catched 
[07:59:17] 363 ItemSets catched 
[07:59:17] 171 ItemTypes catched 
[07:59:17] 110 ItemPets catched 
[07:59:17] 2476 NpcTemplates catched 
[07:59:17] 138 NpcSpawns catched 
[07:59:17] 50 NpcItems catched 
[07:59:17] 19801 NpcMessages catched 
[07:59:17] 7 NpcReplies catched 
[07:59:17] 18 Triggers catched
[07:59:18] 87 Handlers Readed
[07:59:18] 116 Messages Readed
[07:59:18] WorldServer start in 11462 ms.
[08:09:21] MySQL Database Connected
[08:09:21] 16 Breeds catched
[08:09:21] 256 Heads catched
[08:09:21] 561 Effects catched
[08:09:31] 11260 DofusMaps catched
[08:09:31] 454 StatedElements catched
[08:09:31] 820 InteractiveElements catched
[08:09:31] 87 HouseInformations catched
[08:09:31] 120 InteractiveDoors catched
[08:09:31] 3614 MapPositions uncatched
[08:09:31] 14681 MapPositions catched
[08:09:31] 42 MapZaaps catched
[08:09:31] 15228 SpellLevels catched 
[08:09:31] 4772 Spells catched 
[08:09:31] 1179 LearnableSpells catched 
[08:09:32] 9780 ItemTemplates catched 
[08:09:32] 4489 Weapons catched 
[08:09:32] 363 ItemSets catched 
[08:09:32] 171 ItemTypes catched 
[08:09:32] 110 ItemPets catched 
[08:09:32] 2476 NpcTemplates catched 
[08:09:32] 138 NpcSpawns catched 
[08:09:32] 50 NpcItems catched 
[08:09:32] 19801 NpcMessages catched 
[08:09:32] 7 NpcReplies catched 
[08:09:33] 18 Triggers catched
[08:09:33] 87 Handlers Readed
[08:09:33] 116 Messages Readed
[08:09:33] WorldServer start in 12667 ms.
[08:15:28] MySQL Database Connected
[08:15:28] 16 Breeds catched
[08:15:28] 256 Heads catched
[08:15:28] 561 Effects catched
[08:15:36] 11260 DofusMaps catched
[08:15:36] 454 StatedElements catched
[08:15:36] 820 InteractiveElements catched
[08:15:36] 87 HouseInformations catched
[08:15:36] 120 InteractiveDoors catched
[08:15:36] 3614 MapPositions uncatched
[08:15:36] 14681 MapPositions catched
[08:15:36] 42 MapZaaps catched
[08:15:37] 15228 SpellLevels catched 
[08:15:37] 4772 Spells catched 
[08:15:37] 1179 LearnableSpells catched 
[08:15:37] 9780 ItemTemplates catched 
[08:15:37] 4489 Weapons catched 
[08:15:37] 363 ItemSets catched 
[08:15:37] 171 ItemTypes catched 
[08:15:37] 110 ItemPets catched 
[08:15:38] 2476 NpcTemplates catched 
[08:15:38] 138 NpcSpawns catched 
[08:15:38] 50 NpcItems catched 
[08:15:38] 19801 NpcMessages catched 
[08:15:38] 7 NpcReplies catched 
[08:15:38] 18 Triggers catched
[08:15:38] 87 Handlers Readed
[08:15:38] 116 Messages Readed
[08:15:39] WorldServer start in 10535 ms.
[08:37:41] MySQL Database Connected
[08:37:41] 16 Breeds catched
[08:37:41] 256 Heads catched
[08:37:41] 561 Effects catched
[08:37:50] 11260 DofusMaps catched
[08:37:50] 454 StatedElements catched
[08:37:50] 820 InteractiveElements catched
[08:37:50] 87 HouseInformations catched
[08:37:50] 120 InteractiveDoors catched
[08:37:50] 3614 MapPositions uncatched
[08:37:50] 14681 MapPositions catched
[08:37:50] 42 MapZaaps catched
[08:37:50] 15228 SpellLevels catched 
[08:37:50] 4772 Spells catched 
[08:37:51] 1179 LearnableSpells catched 
[08:37:51] 9780 ItemTemplates catched 
[08:37:51] 4489 Weapons catched 
[08:37:51] 363 ItemSets catched 
[08:37:51] 171 ItemTypes catched 
[08:37:51] 110 ItemPets catched 
[08:37:51] 2476 NpcTemplates catched 
[08:37:51] 138 NpcSpawns catched 
[08:37:51] 50 NpcItems catched 
[08:37:51] 19801 NpcMessages catched 
[08:37:51] 7 NpcReplies catched 
[08:37:52] 18 Triggers catched
[08:37:52] 87 Handlers Readed
[08:37:52] 116 Messages Readed
[08:37:53] WorldServer start in 11982 ms.
[08:41:12] MySQL Database Connected
[08:41:12] 16 Breeds catched
[08:41:12] 256 Heads catched
[08:41:12] 561 Effects catched
[08:41:25] 11260 DofusMaps catched
[08:41:25] 454 StatedElements catched
[08:41:25] 820 InteractiveElements catched
[08:41:25] 87 HouseInformations catched
[08:41:25] 120 InteractiveDoors catched
[08:41:25] 3614 MapPositions uncatched
[08:41:25] 14681 MapPositions catched
[08:41:25] 42 MapZaaps catched
[08:41:25] 15228 SpellLevels catched 
[08:41:25] 4772 Spells catched 
[08:41:25] 1179 LearnableSpells catched 
[08:41:26] 9780 ItemTemplates catched 
[08:41:26] 4489 Weapons catched 
[08:41:26] 363 ItemSets catched 
[08:41:26] 171 ItemTypes catched 
[08:41:26] 110 ItemPets catched 
[08:41:26] 2476 NpcTemplates catched 
[08:41:26] 138 NpcSpawns catched 
[08:41:26] 50 NpcItems catched 
[08:41:26] 19801 NpcMessages catched 
[08:41:26] 7 NpcReplies catched 
[08:41:26] 18 Triggers catched
[08:41:27] 87 Handlers Readed
[08:41:27] 116 Messages Readed
[08:41:27] WorldServer start in 16053 ms.
[08:43:44] MySQL Database Connected
[08:43:44] 16 Breeds catched
[08:43:44] 256 Heads catched
[08:43:44] 561 Effects catched
[08:43:53] 11260 DofusMaps catched
[08:43:53] 454 StatedElements catched
[08:43:53] 820 InteractiveElements catched
[08:43:53] 87 HouseInformations catched
[08:43:53] 120 InteractiveDoors catched
[08:43:53] 3614 MapPositions uncatched
[08:43:53] 14681 MapPositions catched
[08:43:53] 42 MapZaaps catched
[08:43:53] 15228 SpellLevels catched 
[08:43:53] 4772 Spells catched 
[08:43:53] 1179 LearnableSpells catched 
[08:43:53] 9780 ItemTemplates catched 
[08:43:54] 4489 Weapons catched 
[08:43:54] 363 ItemSets catched 
[08:43:54] 171 ItemTypes catched 
[08:43:54] 110 ItemPets catched 
[08:43:54] 2476 NpcTemplates catched 
[08:43:54] 138 NpcSpawns catched 
[08:43:54] 50 NpcItems catched 
[08:43:54] 19801 NpcMessages catched 
[08:43:54] 7 NpcReplies catched 
[08:43:54] 18 Triggers catched
[08:43:54] 87 Handlers Readed
[08:43:55] 116 Messages Readed
[08:43:55] WorldServer start in 11335 ms.
[09:06:21] MySQL Database Connected
[09:06:21] 16 Breeds catched
[09:06:21] 256 Heads catched
[09:06:21] 561 Effects catched
[09:06:33] 11260 DofusMaps catched
[09:06:33] 454 StatedElements catched
[09:06:33] 820 InteractiveElements catched
[09:06:33] 87 HouseInformations catched
[09:06:33] 120 InteractiveDoors catched
[09:06:33] 3614 MapPositions uncatched
[09:06:33] 14681 MapPositions catched
[09:06:33] 42 MapZaaps catched
[09:06:34] 15228 SpellLevels catched 
[09:06:34] 4772 Spells catched 
[09:06:34] 1179 LearnableSpells catched 
[09:06:34] 9780 ItemTemplates catched 
[09:06:34] 4489 Weapons catched 
[09:06:34] 363 ItemSets catched 
[09:06:34] 171 ItemTypes catched 
[09:06:34] 110 ItemPets catched 
[09:06:34] 2476 NpcTemplates catched 
[09:06:34] 138 NpcSpawns catched 
[09:06:34] 50 NpcItems catched 
[09:06:35] 19801 NpcMessages catched 
[09:06:35] 7 NpcReplies catched 
[09:06:35] 18 Triggers catched
[09:06:35] 87 Handlers Readed
[09:06:35] 116 Messages Readed
[09:06:36] WorldServer start in 14973 ms.
[09:10:19] MySQL Database Connected
[09:10:19] 16 Breeds catched
[09:10:19] 256 Heads catched
[09:10:19] 561 Effects catched
[09:10:27] 11260 DofusMaps catched
[09:10:27] 454 StatedElements catched
[09:10:27] 820 InteractiveElements catched
[09:10:27] 87 HouseInformations catched
[09:10:27] 120 InteractiveDoors catched
[09:10:28] 3614 MapPositions uncatched
[09:10:28] 14681 MapPositions catched
[09:10:28] 42 MapZaaps catched
[09:10:28] 15228 SpellLevels catched 
[09:10:28] 4772 Spells catched 
[09:10:28] 1179 LearnableSpells catched 
[09:10:28] 9780 ItemTemplates catched 
[09:10:28] 4489 Weapons catched 
[09:10:28] 363 ItemSets catched 
[09:10:28] 171 ItemTypes catched 
[09:10:28] 110 ItemPets catched 
[09:10:29] 2476 NpcTemplates catched 
[09:10:29] 138 NpcSpawns catched 
[09:10:29] 50 NpcItems catched 
[09:10:29] 19801 NpcMessages catched 
[09:10:29] 7 NpcReplies catched 
[09:10:29] 18 Triggers catched
[09:10:29] 87 Handlers Readed
[09:10:30] 116 Messages Readed
[09:10:30] WorldServer start in 11488 ms.
[09:11:50] MySQL Database Connected
[09:11:50] 16 Breeds catched
[09:11:50] 256 Heads catched
[09:11:50] 561 Effects catched
[09:12:02] 11260 DofusMaps catched
[09:12:02] 454 StatedElements catched
[09:12:02] 820 InteractiveElements catched
[09:12:02] 87 HouseInformations catched
[09:12:02] 120 InteractiveDoors catched
[09:12:02] 3614 MapPositions uncatched
[09:12:02] 14681 MapPositions catched
[09:12:02] 42 MapZaaps catched
[09:12:02] 15228 SpellLevels catched 
[09:12:02] 4772 Spells catched 
[09:12:02] 1179 LearnableSpells catched 
[09:12:03] 9780 ItemTemplates catched 
[09:12:03] 4489 Weapons catched 
[09:12:03] 363 ItemSets catched 
[09:12:03] 171 ItemTypes catched 
[09:12:03] 110 ItemPets catched 
[09:12:03] 2476 NpcTemplates catched 
[09:12:03] 138 NpcSpawns catched 
[09:12:03] 50 NpcItems catched 
[09:12:03] 19801 NpcMessages catched 
[09:12:03] 7 NpcReplies catched 
[09:12:03] 18 Triggers catched
[09:12:04] 87 Handlers Readed
[09:12:04] 116 Messages Readed
[09:12:04] WorldServer start in 14533 ms.
[10:09:34] MySQL Database Connected
[10:09:34] 16 Breeds catched
[10:09:34] 256 Heads catched
[10:09:34] 561 Effects catched
[10:09:46] MySQL Database Connected
[10:09:46] 16 Breeds catched
[10:09:46] 256 Heads catched
[10:09:46] 561 Effects catched
[10:09:53] 11260 DofusMaps catched
[10:09:53] 454 StatedElements catched
[10:09:53] 820 InteractiveElements catched
[10:09:53] 87 HouseInformations catched
[10:09:53] 120 InteractiveDoors catched
[10:09:53] 3614 MapPositions uncatched
[10:09:53] 14681 MapPositions catched
[10:09:53] 42 MapZaaps catched
[10:09:53] 15228 SpellLevels catched 
[10:09:53] 4772 Spells catched 
[10:09:53] 1179 LearnableSpells catched 
[10:09:54] 9780 ItemTemplates catched 
[10:09:54] 4489 Weapons catched 
[10:09:54] 363 ItemSets catched 
[10:09:54] 171 ItemTypes catched 
[10:09:54] 110 ItemPets catched 
[10:09:54] 2476 NpcTemplates catched 
[10:09:54] 138 NpcSpawns catched 
[10:09:54] 50 NpcItems catched 
[10:09:54] 19801 NpcMessages catched 
[10:09:54] 7 NpcReplies catched 
[10:09:54] 18 Triggers catched
[10:09:54] 6 Paddocks catched
[10:09:55] 87 Handlers Readed
[10:09:55] 116 Messages Readed
[10:09:55] WorldServer start in 9649 ms.
[10:32:48] MySQL Database Connected
[10:32:48] 16 Breeds catched
[10:32:48] 256 Heads catched
[10:32:48] 561 Effects catched
[10:32:57] 11260 DofusMaps catched
[10:32:57] 454 StatedElements catched
[10:32:57] 820 InteractiveElements catched
[10:32:57] 87 HouseInformations catched
[10:32:57] 120 InteractiveDoors catched
[10:32:57] 3614 MapPositions uncatched
[10:32:57] 14681 MapPositions catched
[10:32:57] 42 MapZaaps catched
[10:32:57] 15228 SpellLevels catched 
[10:32:57] 4772 Spells catched 
[10:32:57] 1179 LearnableSpells catched 
[10:32:57] 9780 ItemTemplates catched 
[10:32:58] 4489 Weapons catched 
[10:32:58] 363 ItemSets catched 
[10:32:58] 171 ItemTypes catched 
[10:32:58] 110 ItemPets catched 
[10:32:58] 2476 NpcTemplates catched 
[10:32:58] 138 NpcSpawns catched 
[10:32:58] 50 NpcItems catched 
[10:32:58] 19801 NpcMessages catched 
[10:32:58] 7 NpcReplies catched 
[10:32:58] 18 Triggers catched
[10:32:58] 6 Paddocks catched
[10:32:59] 87 Handlers Readed
[10:32:59] 116 Messages Readed
[10:32:59] WorldServer start in 11780 ms.
[10:34:07] MySQL Database Connected
[10:34:07] 16 Breeds catched
[10:34:07] 256 Heads catched
[10:34:07] 561 Effects catched
[10:34:16] 11260 DofusMaps catched
[10:34:16] 454 StatedElements catched
[10:34:16] 820 InteractiveElements catched
[10:34:16] 87 HouseInformations catched
[10:34:16] 120 InteractiveDoors catched
[10:34:16] 3614 MapPositions uncatched
[10:34:16] 14681 MapPositions catched
[10:34:16] 42 MapZaaps catched
[10:34:16] 15228 SpellLevels catched 
[10:34:16] 4772 Spells catched 
[10:34:16] 1179 LearnableSpells catched 
[10:34:17] 9780 ItemTemplates catched 
[10:34:17] 4489 Weapons catched 
[10:34:17] 363 ItemSets catched 
[10:34:17] 171 ItemTypes catched 
[10:34:17] 110 ItemPets catched 
[10:34:17] 2476 NpcTemplates catched 
[10:34:17] 138 NpcSpawns catched 
[10:34:17] 50 NpcItems catched 
[10:34:17] 19801 NpcMessages catched 
[10:34:17] 7 NpcReplies catched 
[10:34:17] 18 Triggers catched
[10:34:17] 6 Paddocks catched
[10:34:18] 87 Handlers Readed
[10:34:18] 116 Messages Readed
[10:34:18] WorldServer start in 11228 ms.
[10:35:26] MySQL Database Connected
[10:35:26] 16 Breeds catched
[10:35:26] 256 Heads catched
[10:35:26] 561 Effects catched
[10:35:34] 11260 DofusMaps catched
[10:35:34] 454 StatedElements catched
[10:35:34] 820 InteractiveElements catched
[10:35:34] 87 HouseInformations catched
[10:35:34] 120 InteractiveDoors catched
[10:35:35] 3614 MapPositions uncatched
[10:35:35] 14681 MapPositions catched
[10:35:35] 42 MapZaaps catched
[10:35:37] 15228 SpellLevels catched 
[10:35:37] 4772 Spells catched 
[10:35:37] 1179 LearnableSpells catched 
[10:35:38] 9780 ItemTemplates catched 
[10:35:38] 4489 Weapons catched 
[10:35:38] 363 ItemSets catched 
[10:35:38] 171 ItemTypes catched 
[10:35:38] 110 ItemPets catched 
[10:35:38] 2476 NpcTemplates catched 
[10:35:38] 138 NpcSpawns catched 
[10:35:38] 50 NpcItems catched 
[10:35:38] 19801 NpcMessages catched 
[10:35:38] 7 NpcReplies catched 
[10:35:38] 18 Triggers catched
[10:35:38] 6 Paddocks catched
[10:35:39] 87 Handlers Readed
[10:35:39] 116 Messages Readed
[10:35:39] WorldServer start in 13627 ms.
[10:36:43] MySQL Database Connected
[10:36:43] 16 Breeds catched
[10:36:43] 256 Heads catched
[10:36:43] 561 Effects catched
[10:36:52] 11260 DofusMaps catched
[10:36:52] 454 StatedElements catched
[10:36:52] 820 InteractiveElements catched
[10:36:52] 87 HouseInformations catched
[10:36:52] 120 InteractiveDoors catched
[10:36:52] 3614 MapPositions uncatched
[10:36:52] 14681 MapPositions catched
[10:36:52] 42 MapZaaps catched
[10:36:53] 15228 SpellLevels catched 
[10:36:53] 4772 Spells catched 
[10:36:53] 1179 LearnableSpells catched 
[10:36:53] 9780 ItemTemplates catched 
[10:36:53] 4489 Weapons catched 
[10:36:53] 363 ItemSets catched 
[10:36:53] 171 ItemTypes catched 
[10:36:53] 110 ItemPets catched 
[10:36:54] 2476 NpcTemplates catched 
[10:36:54] 138 NpcSpawns catched 
[10:36:54] 50 NpcItems catched 
[10:36:54] 19801 NpcMessages catched 
[10:36:54] 7 NpcReplies catched 
[10:36:54] 18 Triggers catched
[10:36:54] 6 Paddocks catched
[10:36:54] 87 Handlers Readed
[10:36:55] 116 Messages Readed
[10:36:55] WorldServer start in 11579 ms.
[10:38:04] MySQL Database Connected
[10:38:04] 16 Breeds catched
[10:38:04] 256 Heads catched
[10:38:04] 561 Effects catched
[10:38:12] 11260 DofusMaps catched
[10:38:12] 454 StatedElements catched
[10:38:12] 820 InteractiveElements catched
[10:38:12] 87 HouseInformations catched
[10:38:12] 120 InteractiveDoors catched
[10:38:12] 3614 MapPositions uncatched
[10:38:12] 14681 MapPositions catched
[10:38:12] 42 MapZaaps catched
[10:38:13] 15228 SpellLevels catched 
[10:38:13] 4772 Spells catched 
[10:38:13] 1179 LearnableSpells catched 
[10:38:13] 9780 ItemTemplates catched 
[10:38:13] 4489 Weapons catched 
[10:38:13] 363 ItemSets catched 
[10:38:13] 171 ItemTypes catched 
[10:38:13] 110 ItemPets catched 
[10:38:14] 2476 NpcTemplates catched 
[10:38:14] 138 NpcSpawns catched 
[10:38:14] 50 NpcItems catched 
[10:38:14] 19801 NpcMessages catched 
[10:38:14] 7 NpcReplies catched 
[10:38:14] 18 Triggers catched
[10:38:14] 6 Paddocks catched
[10:38:14] 87 Handlers Readed
[10:38:15] 116 Messages Readed
[10:38:15] WorldServer start in 10982 ms.
[10:38:43] MySQL Database Connected
[10:38:43] 16 Breeds catched
[10:38:43] 256 Heads catched
[10:38:43] 561 Effects catched
[10:38:52] 11260 DofusMaps catched
[10:38:52] 454 StatedElements catched
[10:38:52] 820 InteractiveElements catched
[10:38:52] 87 HouseInformations catched
[10:38:52] 120 InteractiveDoors catched
[10:38:52] 3614 MapPositions uncatched
[10:38:52] 14681 MapPositions catched
[10:38:52] 42 MapZaaps catched
[10:38:52] 15228 SpellLevels catched 
[10:38:53] 4772 Spells catched 
[10:38:53] 1179 LearnableSpells catched 
[10:38:53] 9780 ItemTemplates catched 
[10:38:53] 4489 Weapons catched 
[10:38:53] 363 ItemSets catched 
[10:38:53] 171 ItemTypes catched 
[10:38:53] 110 ItemPets catched 
[10:38:54] 2476 NpcTemplates catched 
[10:38:54] 138 NpcSpawns catched 
[10:38:54] 50 NpcItems catched 
[10:38:54] 19801 NpcMessages catched 
[10:38:54] 7 NpcReplies catched 
[10:38:54] 18 Triggers catched
[10:38:54] 5 Paddocks catched
[10:38:54] 87 Handlers Readed
[10:38:54] 116 Messages Readed
[10:38:55] WorldServer start in 12115 ms.
[10:41:04] MySQL Database Connected
[10:41:04] 16 Breeds catched
[10:41:04] 256 Heads catched
[10:41:04] 561 Effects catched
[10:41:12] 11260 DofusMaps catched
[10:41:12] 454 StatedElements catched
[10:41:12] 820 InteractiveElements catched
[10:41:12] 87 HouseInformations catched
[10:41:12] 120 InteractiveDoors catched
[10:41:12] 3614 MapPositions uncatched
[10:41:12] 14681 MapPositions catched
[10:41:12] 42 MapZaaps catched
[10:41:12] 15228 SpellLevels catched 
[10:41:12] 4772 Spells catched 
[10:41:12] 1179 LearnableSpells catched 
[10:41:12] 9780 ItemTemplates catched 
[10:41:12] 4489 Weapons catched 
[10:41:12] 363 ItemSets catched 
[10:41:12] 171 ItemTypes catched 
[10:41:13] 110 ItemPets catched 
[10:41:13] 2476 NpcTemplates catched 
[10:41:13] 138 NpcSpawns catched 
[10:41:13] 50 NpcItems catched 
[10:41:13] 19801 NpcMessages catched 
[10:41:13] 7 NpcReplies catched 
[10:41:13] 18 Triggers catched
[10:41:13] 5 Paddocks catched
[10:41:13] 87 Handlers Readed
[10:41:14] 116 Messages Readed
[10:41:14] WorldServer start in 10613 ms.
[10:43:17] MySQL Database Connected
[10:43:17] 16 Breeds catched
[10:43:17] 256 Heads catched
[10:43:17] 561 Effects catched
[10:43:26] 11260 DofusMaps catched
[10:43:26] 454 StatedElements catched
[10:43:26] 820 InteractiveElements catched
[10:43:26] 87 HouseInformations catched
[10:43:26] 120 InteractiveDoors catched
[10:43:26] 3614 MapPositions uncatched
[10:43:26] 14681 MapPositions catched
[10:43:26] 42 MapZaaps catched
[10:43:26] 15228 SpellLevels catched 
[10:43:26] 4772 Spells catched 
[10:43:26] 1179 LearnableSpells catched 
[10:43:26] 9780 ItemTemplates catched 
[10:43:27] 4489 Weapons catched 
[10:43:27] 363 ItemSets catched 
[10:43:27] 171 ItemTypes catched 
[10:43:27] 110 ItemPets catched 
[10:43:27] 2476 NpcTemplates catched 
[10:43:27] 138 NpcSpawns catched 
[10:43:27] 50 NpcItems catched 
[10:43:27] 19801 NpcMessages catched 
[10:43:27] 7 NpcReplies catched 
[10:43:27] 18 Triggers catched
[10:43:27] 5 Paddocks catched
[10:43:28] 87 Handlers Readed
[10:43:28] 116 Messages Readed
[10:43:28] WorldServer start in 11471 ms.
[10:45:57] MySQL Database Connected
[10:45:57] 16 Breeds catched
[10:45:57] 256 Heads catched
[10:45:57] 561 Effects catched
[10:46:05] 11260 DofusMaps catched
[10:46:05] 454 StatedElements catched
[10:46:05] 820 InteractiveElements catched
[10:46:05] 87 HouseInformations catched
[10:46:05] 120 InteractiveDoors catched
[10:46:05] 3614 MapPositions uncatched
[10:46:05] 14681 MapPositions catched
[10:46:05] 42 MapZaaps catched
[10:46:06] 15228 SpellLevels catched 
[10:46:06] 4772 Spells catched 
[10:46:06] 1179 LearnableSpells catched 
[10:46:07] 9780 ItemTemplates catched 
[10:46:07] 4489 Weapons catched 
[10:46:07] 363 ItemSets catched 
[10:46:07] 171 ItemTypes catched 
[10:46:07] 110 ItemPets catched 
[10:46:08] 2476 NpcTemplates catched 
[10:46:08] 138 NpcSpawns catched 
[10:46:08] 50 NpcItems catched 
[10:46:08] 19801 NpcMessages catched 
[10:46:08] 7 NpcReplies catched 
[10:46:08] 18 Triggers catched
[10:46:08] 5 Paddocks catched
[10:46:08] 87 Handlers Readed
[10:46:09] 116 Messages Readed
[10:46:09] WorldServer start in 12302 ms.
[11:17:35] MySQL Database Connected
[11:17:35] 16 Breeds catched
[11:17:35] 256 Heads catched
[11:17:35] 561 Effects catched
[11:17:43] 11260 DofusMaps catched
[11:17:43] 454 StatedElements catched
[11:17:43] 820 InteractiveElements catched
[11:17:43] 87 HouseInformations catched
[11:17:43] 120 InteractiveDoors catched
[11:17:43] 3614 MapPositions uncatched
[11:17:43] 14681 MapPositions catched
[11:17:43] 42 MapZaaps catched
[11:17:43] 15228 SpellLevels catched 
[11:17:44] 4772 Spells catched 
[11:17:44] 1179 LearnableSpells catched 
[11:17:44] 9780 ItemTemplates catched 
[11:17:44] 4489 Weapons catched 
[11:17:44] 363 ItemSets catched 
[11:17:44] 171 ItemTypes catched 
[11:17:44] 110 ItemPets catched 
[11:17:44] 2476 NpcTemplates catched 
[11:17:44] 138 NpcSpawns catched 
[11:17:44] 50 NpcItems catched 
[11:17:44] 19801 NpcMessages catched 
[11:17:44] 7 NpcReplies catched 
[11:17:45] 18 Triggers catched
[11:17:45] 5 Paddocks catched
[11:17:45] 87 Handlers Readed
[11:17:45] 116 Messages Readed
[11:17:45] WorldServer start in 10979 ms.
[11:23:55] MySQL Database Connected
[11:23:55] 16 Breeds catched
[11:23:55] 256 Heads catched
[11:23:55] 561 Effects catched
[11:24:03] 11260 DofusMaps catched
[11:24:03] 454 StatedElements catched
[11:24:04] 820 InteractiveElements catched
[11:24:04] 87 HouseInformations catched
[11:24:04] 120 InteractiveDoors catched
[11:24:04] 3614 MapPositions uncatched
[11:24:04] 14681 MapPositions catched
[11:24:04] 42 MapZaaps catched
[11:24:04] 15228 SpellLevels catched 
[11:24:04] 4772 Spells catched 
[11:24:04] 1179 LearnableSpells catched 
[11:24:04] 9780 ItemTemplates catched 
[11:24:04] 4489 Weapons catched 
[11:24:04] 363 ItemSets catched 
[11:24:04] 171 ItemTypes catched 
[11:24:05] 110 ItemPets catched 
[11:24:05] 2476 NpcTemplates catched 
[11:24:05] 138 NpcSpawns catched 
[11:24:05] 50 NpcItems catched 
[11:24:05] 19801 NpcMessages catched 
[11:24:05] 7 NpcReplies catched 
[11:24:05] 18 Triggers catched
[11:24:05] 5 Paddocks catched
[11:24:05] 87 Handlers Readed
[11:24:06] 116 Messages Readed
[11:24:06] WorldServer start in 10955 ms.
[11:26:55] MySQL Database Connected
[11:26:55] 16 Breeds catched
[11:26:55] 256 Heads catched
[11:26:55] 561 Effects catched
[11:27:03] 11260 DofusMaps catched
[11:27:03] 454 StatedElements catched
[11:27:03] 820 InteractiveElements catched
[11:27:03] 87 HouseInformations catched
[11:27:03] 120 InteractiveDoors catched
[11:27:03] 3614 MapPositions uncatched
[11:27:03] 14681 MapPositions catched
[11:27:03] 42 MapZaaps catched
[11:27:03] 15228 SpellLevels catched 
[11:27:03] 4772 Spells catched 
[11:27:03] 1179 LearnableSpells catched 
[11:27:03] 9780 ItemTemplates catched 
[11:27:04] 4489 Weapons catched 
[11:27:04] 363 ItemSets catched 
[11:27:04] 171 ItemTypes catched 
[11:27:04] 110 ItemPets catched 
[11:27:04] 2476 NpcTemplates catched 
[11:27:04] 138 NpcSpawns catched 
[11:27:04] 50 NpcItems catched 
[11:27:04] 19801 NpcMessages catched 
[11:27:04] 7 NpcReplies catched 
[11:27:04] 18 Triggers catched
[11:27:04] 5 Paddocks catched
[11:27:05] 87 Handlers Readed
[11:27:05] 116 Messages Readed
[11:27:05] WorldServer start in 10597 ms.
[11:29:12] MySQL Database Connected
[11:29:12] 16 Breeds catched
[11:29:12] 256 Heads catched
[11:29:12] 561 Effects catched
[11:29:20] 11260 DofusMaps catched
[11:29:20] 454 StatedElements catched
[11:29:20] 820 InteractiveElements catched
[11:29:20] 87 HouseInformations catched
[11:29:20] 120 InteractiveDoors catched
[11:29:20] 3614 MapPositions uncatched
[11:29:20] 14681 MapPositions catched
[11:29:20] 42 MapZaaps catched
[11:29:21] 15228 SpellLevels catched 
[11:29:21] 4772 Spells catched 
[11:29:21] 1179 LearnableSpells catched 
[11:29:21] 9780 ItemTemplates catched 
[11:29:21] 4489 Weapons catched 
[11:29:21] 363 ItemSets catched 
[11:29:21] 171 ItemTypes catched 
[11:29:21] 110 ItemPets catched 
[11:29:21] 2476 NpcTemplates catched 
[11:29:21] 138 NpcSpawns catched 
[11:29:21] 50 NpcItems catched 
[11:29:22] 19801 NpcMessages catched 
[11:29:22] 7 NpcReplies catched 
[11:29:22] 18 Triggers catched
[11:29:22] 5 Paddocks catched
[11:29:22] 87 Handlers Readed
[11:29:22] 116 Messages Readed
[11:29:22] WorldServer start in 10596 ms.
[11:32:02] MySQL Database Connected
[11:32:02] 16 Breeds catched
[11:32:02] 256 Heads catched
[11:32:02] 561 Effects catched
[11:32:55] MySQL Database Connected
[11:32:55] 16 Breeds catched
[11:32:55] 256 Heads catched
[11:32:55] 561 Effects catched
[11:33:03] 11260 DofusMaps catched
[11:33:03] 454 StatedElements catched
[11:33:04] 820 InteractiveElements catched
[11:33:04] 87 HouseInformations catched
[11:33:04] 120 InteractiveDoors catched
[11:33:04] 3614 MapPositions uncatched
[11:33:04] 14681 MapPositions catched
[11:33:04] 42 MapZaaps catched
[11:33:04] 15228 SpellLevels catched 
[11:33:04] 4772 Spells catched 
[11:33:04] 1179 LearnableSpells catched 
[11:33:04] 9780 ItemTemplates catched 
[11:33:04] 4489 Weapons catched 
[11:33:04] 363 ItemSets catched 
[11:33:04] 171 ItemTypes catched 
[11:33:05] 110 ItemPets catched 
[11:33:05] 2476 NpcTemplates catched 
[11:33:05] 138 NpcSpawns catched 
[11:33:05] 50 NpcItems catched 
[11:33:05] 19801 NpcMessages catched 
[11:33:05] 7 NpcReplies catched 
[11:33:05] 18 Triggers catched
[11:33:05] 5 Paddocks catched
[11:33:05] 87 Handlers Readed
[11:33:06] 116 Messages Readed
[11:33:06] WorldServer start in 10659 ms.
[11:37:23] MySQL Database Connected
[11:37:23] 16 Breeds catched
[11:37:23] 256 Heads catched
[11:37:23] 561 Effects catched
[11:37:31] 11260 DofusMaps catched
[11:37:31] 454 StatedElements catched
[11:37:31] 820 InteractiveElements catched
[11:37:31] 87 HouseInformations catched
[11:37:31] 120 InteractiveDoors catched
[11:37:31] 3614 MapPositions uncatched
[11:37:31] 14681 MapPositions catched
[11:37:31] 42 MapZaaps catched
[11:37:32] 15228 SpellLevels catched 
[11:37:32] 4772 Spells catched 
[11:37:32] 1179 LearnableSpells catched 
[11:37:32] 9780 ItemTemplates catched 
[11:37:32] 4489 Weapons catched 
[11:37:32] 363 ItemSets catched 
[11:37:32] 171 ItemTypes catched 
[11:37:32] 110 ItemPets catched 
[11:37:33] 2476 NpcTemplates catched 
[11:37:33] 138 NpcSpawns catched 
[11:37:33] 50 NpcItems catched 
[11:37:33] 19801 NpcMessages catched 
[11:37:33] 7 NpcReplies catched 
[11:37:33] 18 Triggers catched
[11:37:33] 5 Paddocks catched
[11:37:33] 87 Handlers Readed
[11:37:33] 116 Messages Readed
[11:37:34] WorldServer start in 10854 ms.
[11:42:49] MySQL Database Connected
[11:42:49] 16 Breeds catched
[11:42:49] 256 Heads catched
[11:42:49] 561 Effects catched
[11:44:22] MySQL Database Connected
[11:44:22] 16 Breeds catched
[11:44:22] 256 Heads catched
[11:44:22] 561 Effects catched
[11:44:59] MySQL Database Connected
[11:44:59] 16 Breeds catched
[11:44:59] 256 Heads catched
[11:44:59] 561 Effects catched
[11:46:30] 11260 DofusMaps catched
[11:46:30] 454 StatedElements catched
[11:46:30] 820 InteractiveElements catched
[11:46:30] 87 HouseInformations catched
[11:46:30] 120 InteractiveDoors catched
[11:46:30] 3614 MapPositions uncatched
[11:46:30] 14681 MapPositions catched
[11:46:30] 42 MapZaaps catched
[11:46:31] 15228 SpellLevels catched 
[11:46:31] 4772 Spells catched 
[11:46:31] 1179 LearnableSpells catched 
[11:46:31] 9780 ItemTemplates catched 
[11:46:32] 4489 Weapons catched 
[11:46:32] 363 ItemSets catched 
[11:46:32] 171 ItemTypes catched 
[11:46:32] 110 ItemPets catched 
[11:46:32] 2476 NpcTemplates catched 
[11:46:32] 138 NpcSpawns catched 
[11:46:32] 50 NpcItems catched 
[11:46:32] 19801 NpcMessages catched 
[11:46:32] 7 NpcReplies catched 
[11:46:32] 18 Triggers catched
[11:46:32] 5 Paddocks catched
[11:46:33] 87 Handlers Readed
[11:46:33] 116 Messages Readed
[11:46:33] WorldServer start in 94659 ms.
[12:41:16] MySQL Database Connected
[12:41:16] 16 Breeds catched
[12:41:16] 256 Heads catched
[12:41:16] 561 Effects catched
[12:41:24] 11260 DofusMaps catched
[12:41:24] 454 StatedElements catched
[12:41:25] 820 InteractiveElements catched
[12:41:25] 87 HouseInformations catched
[12:41:25] 120 InteractiveDoors catched
[12:41:25] 3614 MapPositions uncatched
[12:41:25] 14681 MapPositions catched
[12:41:25] 42 MapZaaps catched
[12:41:25] 15228 SpellLevels catched 
[12:41:25] 4772 Spells catched 
[12:41:25] 1179 LearnableSpells catched 
[12:41:25] 9780 ItemTemplates catched 
[12:41:25] 4489 Weapons catched 
[12:41:25] 363 ItemSets catched 
[12:41:25] 171 ItemTypes catched 
[12:41:26] 110 ItemPets catched 
[12:41:26] 2476 NpcTemplates catched 
[12:41:26] 138 NpcSpawns catched 
[12:41:26] 50 NpcItems catched 
[12:41:26] 19801 NpcMessages catched 
[12:41:26] 7 NpcReplies catched 
[12:41:26] 18 Triggers catched
[12:41:26] 5 Paddocks catched
[12:41:26] 87 Handlers Readed
[12:41:27] 116 Messages Readed
[12:41:27] WorldServer start in 11251 ms.
[12:44:34] MySQL Database Connected
[12:44:34] 16 Breeds catched
[12:44:34] 256 Heads catched
[12:44:34] 561 Effects catched
[12:44:42] 11260 DofusMaps catched
[12:44:42] 454 StatedElements catched
[12:44:42] 820 InteractiveElements catched
[12:44:42] 87 HouseInformations catched
[12:44:42] 120 InteractiveDoors catched
[12:44:42] 3614 MapPositions uncatched
[12:44:42] 14681 MapPositions catched
[12:44:42] 42 MapZaaps catched
[12:44:43] 15228 SpellLevels catched 
[12:44:44] 4772 Spells catched 
[12:44:44] 1179 LearnableSpells catched 
[12:44:45] 9780 ItemTemplates catched 
[12:44:45] 4489 Weapons catched 
[12:44:45] 363 ItemSets catched 
[12:44:45] 171 ItemTypes catched 
[12:44:45] 110 ItemPets catched 
[12:44:45] 2476 NpcTemplates catched 
[12:44:45] 138 NpcSpawns catched 
[12:44:45] 50 NpcItems catched 
[12:44:45] 19801 NpcMessages catched 
[12:44:45] 7 NpcReplies catched 
[12:44:45] 18 Triggers catched
[12:44:45] 5 Paddocks catched
[12:44:46] 87 Handlers Readed
[12:44:46] 116 Messages Readed
[12:44:46] WorldServer start in 12942 ms.
[12:47:58] MySQL Database Connected
[12:47:58] 16 Breeds catched
[12:47:58] 256 Heads catched
[12:47:58] 561 Effects catched
[12:48:06] 11260 DofusMaps catched
[12:48:06] 454 StatedElements catched
[12:48:06] 820 InteractiveElements catched
[12:48:06] 87 HouseInformations catched
[12:48:06] 120 InteractiveDoors catched
[12:48:06] 3614 MapPositions uncatched
[12:48:06] 14681 MapPositions catched
[12:48:06] 42 MapZaaps catched
[12:48:06] 15228 SpellLevels catched 
[12:48:06] 4772 Spells catched 
[12:48:06] 1179 LearnableSpells catched 
[12:48:07] 9780 ItemTemplates catched 
[12:48:07] 4489 Weapons catched 
[12:48:07] 363 ItemSets catched 
[12:48:07] 171 ItemTypes catched 
[12:48:07] 110 ItemPets catched 
[12:48:07] 2476 NpcTemplates catched 
[12:48:07] 138 NpcSpawns catched 
[12:48:07] 50 NpcItems catched 
[12:48:07] 19801 NpcMessages catched 
[12:48:07] 7 NpcReplies catched 
[12:48:07] 18 Triggers catched
[12:48:07] 5 Paddocks catched
[12:48:08] 87 Handlers Readed
[12:48:08] 116 Messages Readed
[12:48:08] WorldServer start in 10292 ms.
[13:01:14] MySQL Database Connected
[13:01:14] 16 Breeds catched
[13:01:14] 256 Heads catched
[13:01:14] 561 Effects catched
[13:01:22] 11260 DofusMaps catched
[13:01:22] 454 StatedElements catched
[13:01:22] 820 InteractiveElements catched
[13:01:22] 87 HouseInformations catched
[13:01:22] 120 InteractiveDoors catched
[13:01:22] 3614 MapPositions uncatched
[13:01:22] 14681 MapPositions catched
[13:01:22] 42 MapZaaps catched
[13:01:23] 15228 SpellLevels catched 
[13:01:23] 4772 Spells catched 
[13:01:23] 1179 LearnableSpells catched 
[13:01:23] 9780 ItemTemplates catched 
[13:01:23] 4489 Weapons catched 
[13:01:23] 363 ItemSets catched 
[13:01:23] 171 ItemTypes catched 
[13:01:23] 110 ItemPets catched 
[13:01:23] 2476 NpcTemplates catched 
[13:01:23] 138 NpcSpawns catched 
[13:01:23] 50 NpcItems catched 
[13:01:23] 19801 NpcMessages catched 
[13:01:23] 7 NpcReplies catched 
[13:01:24] 18 Triggers catched
[13:01:24] 5 Paddocks catched
[13:02:19] MySQL Database Connected
[13:02:19] 16 Breeds catched
[13:02:19] 256 Heads catched
[13:02:19] 561 Effects catched
[13:02:28] 11260 DofusMaps catched
[13:02:28] 454 StatedElements catched
[13:02:28] 820 InteractiveElements catched
[13:02:28] 87 HouseInformations catched
[13:02:28] 120 InteractiveDoors catched
[13:02:28] 3614 MapPositions uncatched
[13:02:28] 14681 MapPositions catched
[13:02:28] 42 MapZaaps catched
[13:02:29] 15228 SpellLevels catched 
[13:02:29] 4772 Spells catched 
[13:02:29] 1179 LearnableSpells catched 
[13:02:29] 9780 ItemTemplates catched 
[13:02:29] 4489 Weapons catched 
[13:02:29] 363 ItemSets catched 
[13:02:29] 171 ItemTypes catched 
[13:02:29] 110 ItemPets catched 
[13:02:30] 2476 NpcTemplates catched 
[13:02:30] 138 NpcSpawns catched 
[13:02:30] 50 NpcItems catched 
[13:02:30] 19801 NpcMessages catched 
[13:02:30] 7 NpcReplies catched 
[13:02:30] 18 Triggers catched
[13:02:30] 5 Paddocks catched
[13:03:06] MySQL Database Connected
[13:03:06] 16 Breeds catched
[13:03:06] 256 Heads catched
[13:03:06] 561 Effects catched
[13:03:16] 11260 DofusMaps catched
[13:03:16] 454 StatedElements catched
[13:03:16] 820 InteractiveElements catched
[13:03:16] 87 HouseInformations catched
[13:03:16] 120 InteractiveDoors catched
[13:03:16] 3614 MapPositions uncatched
[13:03:16] 14681 MapPositions catched
[13:03:16] 42 MapZaaps catched
[13:03:16] 15228 SpellLevels catched 
[13:03:16] 4772 Spells catched 
[13:03:16] 1179 LearnableSpells catched 
[13:03:17] 9780 ItemTemplates catched 
[13:03:17] 4489 Weapons catched 
[13:03:17] 363 ItemSets catched 
[13:03:17] 171 ItemTypes catched 
[13:03:17] 110 ItemPets catched 
[13:03:17] 2476 NpcTemplates catched 
[13:03:17] 138 NpcSpawns catched 
[13:03:17] 50 NpcItems catched 
[13:03:17] 19801 NpcMessages catched 
[13:03:17] 7 NpcReplies catched 
[13:03:17] 18 Triggers catched
[13:03:17] 5 Paddocks catched
[13:05:34] MySQL Database Connected
[13:05:35] 16 Breeds catched
[13:05:35] 256 Heads catched
[13:05:35] 561 Effects catched
[13:06:02] 11260 DofusMaps catched
[13:06:02] 454 StatedElements catched
[13:06:02] 820 InteractiveElements catched
[13:06:02] 87 HouseInformations catched
[13:06:02] 120 InteractiveDoors catched
[13:06:03] 3614 MapPositions uncatched
[13:06:03] 14681 MapPositions catched
[13:06:03] 42 MapZaaps catched
[13:06:03] 15228 SpellLevels catched 
[13:06:03] 4772 Spells catched 
[13:06:03] 1179 LearnableSpells catched 
[13:06:03] 9780 ItemTemplates catched 
[13:06:03] 4489 Weapons catched 
[13:06:03] 363 ItemSets catched 
[13:06:03] 171 ItemTypes catched 
[13:06:03] 110 ItemPets catched 
[13:06:04] 2476 NpcTemplates catched 
[13:06:04] 138 NpcSpawns catched 
[13:06:04] 50 NpcItems catched 
[13:06:04] 19801 NpcMessages catched 
[13:06:04] 7 NpcReplies catched 
[13:06:04] 18 Triggers catched
[13:06:04] 5 Paddocks catched
[13:06:04] 72 Mounts catched
[13:06:04] 87 Handlers Readed
[13:06:05] 116 Messages Readed
[13:06:05] WorldServer start in 30566 ms.
[13:06:34] MySQL Database Connected
[13:06:34] 16 Breeds catched
[13:06:34] 256 Heads catched
[13:06:34] 561 Effects catched
[13:06:43] 11260 DofusMaps catched
[13:06:43] 454 StatedElements catched
[13:06:43] 820 InteractiveElements catched
[13:06:43] 87 HouseInformations catched
[13:06:43] 120 InteractiveDoors catched
[13:06:43] 3614 MapPositions uncatched
[13:06:43] 14681 MapPositions catched
[13:06:43] 42 MapZaaps catched
[13:06:43] 15228 SpellLevels catched 
[13:06:43] 4772 Spells catched 
[13:06:43] 1179 LearnableSpells catched 
[13:06:43] 9780 ItemTemplates catched 
[13:06:43] 4489 Weapons catched 
[13:06:43] 363 ItemSets catched 
[13:06:43] 171 ItemTypes catched 
[13:06:44] 110 ItemPets catched 
[13:06:44] 2476 NpcTemplates catched 
[13:06:44] 138 NpcSpawns catched 
[13:06:44] 50 NpcItems catched 
[13:06:44] 19801 NpcMessages catched 
[13:06:44] 7 NpcReplies catched 
[13:06:44] 18 Triggers catched
[13:06:44] 5 Paddocks catched
[13:06:44] 72 Mounts catched
[13:06:44] 87 Handlers Readed
[13:06:45] 116 Messages Readed
[13:06:45] WorldServer start in 11063 ms.
[13:07:21] MySQL Database Connected
[13:07:21] 16 Breeds catched
[13:07:21] 256 Heads catched
[13:07:21] 561 Effects catched
[13:07:30] 11260 DofusMaps catched
[13:07:30] 454 StatedElements catched
[13:07:30] 820 InteractiveElements catched
[13:07:30] 87 HouseInformations catched
[13:07:30] 120 InteractiveDoors catched
[13:07:30] 3614 MapPositions uncatched
[13:07:30] 14681 MapPositions catched
[13:07:30] 42 MapZaaps catched
[13:07:30] 15228 SpellLevels catched 
[13:07:30] 4772 Spells catched 
[13:07:30] 1179 LearnableSpells catched 
[13:07:30] 9780 ItemTemplates catched 
[13:07:30] 4489 Weapons catched 
[13:07:30] 363 ItemSets catched 
[13:07:30] 171 ItemTypes catched 
[13:07:31] 110 ItemPets catched 
[13:07:31] 2476 NpcTemplates catched 
[13:07:31] 138 NpcSpawns catched 
[13:07:31] 50 NpcItems catched 
[13:07:31] 19801 NpcMessages catched 
[13:07:31] 7 NpcReplies catched 
[13:07:31] 18 Triggers catched
[13:07:31] 5 Paddocks catched
[13:07:31] 72 Mounts catched
[13:07:31] 87 Handlers Readed
[13:07:32] 116 Messages Readed
[13:07:32] WorldServer start in 11247 ms.
[19:15:37] MySQL Database Connected
[19:15:37] 16 Breeds catched
[19:15:37] 256 Heads catched
[19:15:37] 561 Effects catched
[19:15:46] 11260 DofusMaps catched
[19:15:46] 454 StatedElements catched
[19:15:46] 820 InteractiveElements catched
[19:15:46] 87 HouseInformations catched
[19:15:46] 120 InteractiveDoors catched
[19:15:46] 3614 MapPositions uncatched
[19:15:46] 14681 MapPositions catched
[19:15:46] 42 MapZaaps catched
[19:15:46] 15228 SpellLevels catched 
[19:15:47] 4772 Spells catched 
[19:15:47] 1179 LearnableSpells catched 
[19:15:48] 9780 ItemTemplates catched 
[19:15:48] 4489 Weapons catched 
[19:15:48] 363 ItemSets catched 
[19:15:48] 171 ItemTypes catched 
[19:15:48] 110 ItemPets catched 
[19:15:48] 2476 NpcTemplates catched 
[19:15:48] 138 NpcSpawns catched 
[19:15:48] 50 NpcItems catched 
[19:15:48] 19801 NpcMessages catched 
[19:15:48] 7 NpcReplies catched 
[19:15:48] 18 Triggers catched
[19:15:49] 5 Paddocks catched
[19:15:49] 72 Mounts catched
[19:15:49] 87 Handlers Readed
[19:15:50] 116 Messages Readed
[19:15:50] WorldServer start in 13416 ms.
[21:08:41] MySQL Database Connected
[21:08:41] 16 Breeds catched
[21:08:41] 256 Heads catched
[21:08:41] 561 Effects catched
[21:08:49] 11260 DofusMaps catched
[21:08:49] 454 StatedElements catched
[21:08:49] 820 InteractiveElements catched
[21:08:49] 87 HouseInformations catched
[21:08:49] 120 InteractiveDoors catched
[21:08:50] 3614 MapPositions uncatched
[21:08:50] 14681 MapPositions catched
[21:08:50] 42 MapZaaps catched
[21:08:50] 15228 SpellLevels catched 
[21:08:50] 4772 Spells catched 
[21:08:50] 1179 LearnableSpells catched 
[21:08:50] 9780 ItemTemplates catched 
[21:08:50] 4489 Weapons catched 
[21:08:50] 363 ItemSets catched 
[21:08:50] 171 ItemTypes catched 
[21:08:51] 110 ItemPets catched 
[21:08:51] 2476 NpcTemplates catched 
[21:08:51] 138 NpcSpawns catched 
[21:08:51] 50 NpcItems catched 
[21:08:51] 19801 NpcMessages catched 
[21:08:51] 7 NpcReplies catched 
[21:08:51] 18 Triggers catched
[21:08:51] 5 Paddocks catched
[21:08:51] 72 Mounts catched
[21:08:51] 87 Handlers Readed
[21:10:05] MySQL Database Connected
[21:10:05] 16 Breeds catched
[21:10:05] 256 Heads catched
[21:10:05] 561 Effects catched
[21:10:13] 11260 DofusMaps catched
[21:10:13] 454 StatedElements catched
[21:10:13] 820 InteractiveElements catched
[21:10:13] 87 HouseInformations catched
[21:10:13] 120 InteractiveDoors catched
[21:10:13] 3614 MapPositions uncatched
[21:10:13] 14681 MapPositions catched
[21:10:13] 42 MapZaaps catched
[21:10:13] 15228 SpellLevels catched 
[21:10:13] 4772 Spells catched 
[21:10:13] 1179 LearnableSpells catched 
[21:10:14] 9780 ItemTemplates catched 
[21:10:14] 4489 Weapons catched 
[21:10:14] 363 ItemSets catched 
[21:10:14] 171 ItemTypes catched 
[21:10:14] 110 ItemPets catched 
[21:10:14] 2476 NpcTemplates catched 
[21:10:14] 138 NpcSpawns catched 
[21:10:14] 50 NpcItems catched 
[21:10:14] 19801 NpcMessages catched 
[21:10:14] 7 NpcReplies catched 
[21:10:14] 18 Triggers catched
[21:10:14] 5 Paddocks catched
[21:10:14] 72 Mounts catched
[21:10:15] 87 Handlers Readed
[21:10:39] MySQL Database Connected
[21:10:39] 16 Breeds catched
[21:10:39] 256 Heads catched
[21:10:39] 561 Effects catched
[21:10:48] 11260 DofusMaps catched
[21:10:48] 454 StatedElements catched
[21:10:48] 820 InteractiveElements catched
[21:10:48] 87 HouseInformations catched
[21:10:48] 120 InteractiveDoors catched
[21:10:48] 3614 MapPositions uncatched
[21:10:48] 14681 MapPositions catched
[21:10:48] 42 MapZaaps catched
[21:10:48] 15228 SpellLevels catched 
[21:10:48] 4772 Spells catched 
[21:10:48] 1179 LearnableSpells catched 
[21:10:48] 9780 ItemTemplates catched 
[21:10:49] 4489 Weapons catched 
[21:10:49] 363 ItemSets catched 
[21:10:49] 171 ItemTypes catched 
[21:10:49] 110 ItemPets catched 
[21:10:49] 2476 NpcTemplates catched 
[21:10:49] 138 NpcSpawns catched 
[21:10:49] 50 NpcItems catched 
[21:10:49] 19801 NpcMessages catched 
[21:10:49] 7 NpcReplies catched 
[21:10:49] 18 Triggers catched
[21:10:49] 5 Paddocks catched
[21:10:49] 72 Mounts catched
[21:10:50] 87 Handlers Readed
[21:10:50] 124 Messages Readed
[21:10:50] WorldServer start in 10791 ms.
[21:13:36] MySQL Database Connected
[21:13:36] 16 Breeds catched
[21:13:36] 256 Heads catched
[21:13:36] 561 Effects catched
[21:13:44] 11260 DofusMaps catched
[21:13:44] 454 StatedElements catched
[21:13:44] 820 InteractiveElements catched
[21:13:44] 87 HouseInformations catched
[21:13:44] 120 InteractiveDoors catched
[21:13:44] 3614 MapPositions uncatched
[21:13:44] 14681 MapPositions catched
[21:13:44] 42 MapZaaps catched
[21:13:44] 15228 SpellLevels catched 
[21:13:45] 4772 Spells catched 
[21:13:45] 1179 LearnableSpells catched 
[21:13:45] 9780 ItemTemplates catched 
[21:13:45] 4489 Weapons catched 
[21:13:45] 363 ItemSets catched 
[21:13:45] 171 ItemTypes catched 
[21:13:45] 110 ItemPets catched 
[21:13:45] 2476 NpcTemplates catched 
[21:13:45] 138 NpcSpawns catched 
[21:13:45] 50 NpcItems catched 
[21:13:45] 19801 NpcMessages catched 
[21:13:45] 7 NpcReplies catched 
[21:13:45] 18 Triggers catched
[21:13:45] 5 Paddocks catched
[21:13:45] 72 Mounts catched
[21:13:46] 87 Handlers Readed
[21:13:46] 124 Messages Readed
[21:13:46] WorldServer start in 10800 ms.
[21:15:37] MySQL Database Connected
[21:15:37] 16 Breeds catched
[21:15:37] 256 Heads catched
[21:15:37] 561 Effects catched
[21:15:45] 11260 DofusMaps catched
[21:15:45] 454 StatedElements catched
[21:15:45] 820 InteractiveElements catched
[21:15:45] 87 HouseInformations catched
[21:15:45] 120 InteractiveDoors catched
[21:15:45] 3614 MapPositions uncatched
[21:15:45] 14681 MapPositions catched
[21:15:45] 42 MapZaaps catched
[21:15:45] 15228 SpellLevels catched 
[21:15:45] 4772 Spells catched 
[21:15:45] 1179 LearnableSpells catched 
[21:15:45] 9780 ItemTemplates catched 
[21:15:46] 4489 Weapons catched 
[21:15:46] 363 ItemSets catched 
[21:15:46] 171 ItemTypes catched 
[21:15:46] 110 ItemPets catched 
[21:15:46] 2476 NpcTemplates catched 
[21:15:46] 138 NpcSpawns catched 
[21:15:46] 50 NpcItems catched 
[21:15:46] 19801 NpcMessages catched 
[21:15:46] 7 NpcReplies catched 
[21:15:46] 18 Triggers catched
[21:15:46] 5 Paddocks catched
[21:15:46] 72 Mounts catched
[21:15:47] 87 Handlers Readed
[21:15:47] 124 Messages Readed
[21:15:47] WorldServer start in 10852 ms.
[21:16:26] MySQL Database Connected
[21:16:26] 16 Breeds catched
[21:16:26] 256 Heads catched
[21:16:26] 561 Effects catched
[21:16:41] 11260 DofusMaps catched
[21:16:41] 454 StatedElements catched
[21:16:41] 820 InteractiveElements catched
[21:16:41] 87 HouseInformations catched
[21:16:41] 120 InteractiveDoors catched
[21:16:41] 3614 MapPositions uncatched
[21:16:41] 14681 MapPositions catched
[21:16:41] 42 MapZaaps catched
[21:16:41] 15228 SpellLevels catched 
[21:16:41] 4772 Spells catched 
[21:16:41] 1179 LearnableSpells catched 
[21:16:42] 9780 ItemTemplates catched 
[21:16:42] 4489 Weapons catched 
[21:16:42] 363 ItemSets catched 
[21:16:42] 171 ItemTypes catched 
[21:16:42] 110 ItemPets catched 
[21:16:42] 2476 NpcTemplates catched 
[21:16:42] 138 NpcSpawns catched 
[21:16:42] 50 NpcItems catched 
[21:16:42] 19801 NpcMessages catched 
[21:16:42] 7 NpcReplies catched 
[21:16:42] 18 Triggers catched
[21:16:42] 5 Paddocks catched
[21:16:42] 72 Mounts catched
[21:16:43] 87 Handlers Readed
[21:16:43] 124 Messages Readed
[21:16:43] WorldServer start in 17358 ms.
[21:22:46] Packet not handled 5972
[21:27:58] MySQL Database Connected
[21:27:58] 16 Breeds catched
[21:27:58] 256 Heads catched
[21:27:58] 561 Effects catched
[21:28:07] 11260 DofusMaps catched
[21:28:07] 454 StatedElements catched
[21:28:07] 820 InteractiveElements catched
[21:28:07] 87 HouseInformations catched
[21:28:07] 120 InteractiveDoors catched
[21:28:08] 3614 MapPositions uncatched
[21:28:08] 14681 MapPositions catched
[21:28:08] 42 MapZaaps catched
[21:28:08] 15228 SpellLevels catched 
[21:28:09] 4772 Spells catched 
[21:28:09] 1179 LearnableSpells catched 
[21:28:09] 9780 ItemTemplates catched 
[21:28:09] 4489 Weapons catched 
[21:28:09] 363 ItemSets catched 
[21:28:09] 171 ItemTypes catched 
[21:28:09] 110 ItemPets catched 
[21:28:10] 2476 NpcTemplates catched 
[21:28:10] 138 NpcSpawns catched 
[21:28:10] 50 NpcItems catched 
[21:28:10] 19801 NpcMessages catched 
[21:28:10] 7 NpcReplies catched 
[21:28:10] 18 Triggers catched
[21:28:10] 5 Paddocks catched
[21:28:10] 72 Mounts catched
[21:28:10] 88 Handlers Readed
[21:28:10] 124 Messages Readed
[21:28:11] WorldServer start in 12945 ms.
[21:29:01] MySQL Database Connected
[21:29:01] 16 Breeds catched
[21:29:01] 256 Heads catched
[21:29:01] 561 Effects catched
[21:29:09] 11260 DofusMaps catched
[21:29:09] 454 StatedElements catched
[21:29:09] 820 InteractiveElements catched
[21:29:09] 87 HouseInformations catched
[21:29:09] 120 InteractiveDoors catched
[21:29:09] 3614 MapPositions uncatched
[21:29:09] 14681 MapPositions catched
[21:29:09] 42 MapZaaps catched
[21:29:10] 15228 SpellLevels catched 
[21:29:10] 4772 Spells catched 
[21:29:10] 1179 LearnableSpells catched 
[21:29:10] 9780 ItemTemplates catched 
[21:29:10] 4489 Weapons catched 
[21:29:10] 363 ItemSets catched 
[21:29:10] 171 ItemTypes catched 
[21:29:10] 110 ItemPets catched 
[21:29:11] 2476 NpcTemplates catched 
[21:29:11] 138 NpcSpawns catched 
[21:29:11] 50 NpcItems catched 
[21:29:11] 19801 NpcMessages catched 
[21:29:11] 7 NpcReplies catched 
[21:29:11] 18 Triggers catched
[21:29:11] 5 Paddocks catched
[21:29:11] 72 Mounts catched
[21:29:11] 88 Handlers Readed
[21:29:11] 124 Messages Readed
[21:29:12] WorldServer start in 11028 ms.
[21:35:16] MySQL Database Connected
[21:35:16] 16 Breeds catched
[21:35:16] 256 Heads catched
[21:35:16] 561 Effects catched
[21:35:26] 11260 DofusMaps catched
[21:35:26] 454 StatedElements catched
[21:35:27] 820 InteractiveElements catched
[21:35:27] 87 HouseInformations catched
[21:35:27] 120 InteractiveDoors catched
[21:35:27] 3614 MapPositions uncatched
[21:35:27] 14681 MapPositions catched
[21:35:27] 42 MapZaaps catched
[21:35:27] 15228 SpellLevels catched 
[21:35:27] 4772 Spells catched 
[21:35:27] 1179 LearnableSpells catched 
[21:35:27] 9780 ItemTemplates catched 
[21:35:28] 4489 Weapons catched 
[21:35:28] 363 ItemSets catched 
[21:35:28] 171 ItemTypes catched 
[21:35:28] 110 ItemPets catched 
[21:35:28] 2476 NpcTemplates catched 
[21:35:28] 138 NpcSpawns catched 
[21:35:28] 50 NpcItems catched 
[21:35:28] 19801 NpcMessages catched 
[21:35:28] 7 NpcReplies catched 
[21:35:28] 18 Triggers catched
[21:35:28] 5 Paddocks catched
[21:35:28] 72 Mounts catched
[21:35:29] 88 Handlers Readed
[21:35:29] 124 Messages Readed
[21:35:29] WorldServer start in 13781 ms.
[21:37:55] MySQL Database Connected
[21:37:55] 16 Breeds catched
[21:37:55] 256 Heads catched
[21:37:55] 561 Effects catched
[21:38:03] 11260 DofusMaps catched
[21:38:03] 454 StatedElements catched
[21:38:03] 820 InteractiveElements catched
[21:38:03] 87 HouseInformations catched
[21:38:03] 120 InteractiveDoors catched
[21:38:03] 3614 MapPositions uncatched
[21:38:03] 14681 MapPositions catched
[21:38:03] 42 MapZaaps catched
[21:38:04] 15228 SpellLevels catched 
[21:38:04] 4772 Spells catched 
[21:38:04] 1179 LearnableSpells catched 
[21:38:04] 9780 ItemTemplates catched 
[21:38:04] 4489 Weapons catched 
[21:38:04] 363 ItemSets catched 
[21:38:04] 171 ItemTypes catched 
[21:38:04] 110 ItemPets catched 
[21:38:05] 2476 NpcTemplates catched 
[21:38:05] 138 NpcSpawns catched 
[21:38:05] 50 NpcItems catched 
[21:38:05] 19801 NpcMessages catched 
[21:38:05] 7 NpcReplies catched 
[21:38:05] 18 Triggers catched
[21:38:05] 5 Paddocks catched
[21:38:05] 72 Mounts catched
[21:38:05] 88 Handlers Readed
[21:38:05] 124 Messages Readed
[21:38:06] WorldServer start in 10979 ms.
