[14:50:29] MySQL Database Connected
[14:50:29] 16 Breeds catched
[14:50:29] 256 Heads catched
[14:50:30] 0 DofusMaps catched
[14:50:30] 14 Handlers Readed
[14:50:30] 14 Messages Readed
[14:50:30] WorldServer start in 1411 ms.
[14:51:39] MySQL Database Connected
[14:51:39] 16 Breeds catched
[14:51:39] 256 Heads catched
[14:51:40] 4138 DofusMaps catched
[14:51:40] 14 Handlers Readed
[14:51:40] 14 Messages Readed
[14:51:40] WorldServer start in 1475 ms.
[14:52:25] MySQL Database Connected
[14:52:25] 16 Breeds catched
[14:52:25] 256 Heads catched
[14:52:25] 4138 DofusMaps catched
[14:52:26] 14 Handlers Readed
[14:52:26] 14 Messages Readed
[14:52:26] WorldServer start in 1455 ms.
[14:52:56] MySQL Database Connected
[14:52:56] 16 Breeds catched
[14:52:56] 256 Heads catched
[14:52:57] 4138 DofusMaps catched
[14:52:57] 14 Handlers Readed
[14:52:57] 14 Messages Readed
[14:52:58] WorldServer start in 1472 ms.
[14:53:42] MySQL Database Connected
[14:53:42] 16 Breeds catched
[14:53:42] 256 Heads catched
[14:53:43] 11259 DofusMaps catched
[14:53:43] 14 Handlers Readed
[14:53:43] 14 Messages Readed
[14:53:43] WorldServer start in 1576 ms.
[14:53:56] MySQL Database Connected
[14:53:56] 16 Breeds catched
[14:53:56] 256 Heads catched
[14:55:44] MySQL Database Connected
[14:55:44] 16 Breeds catched
[14:55:44] 256 Heads catched
[15:06:23] MySQL Database Connected
[15:06:23] 16 Breeds catched
[15:06:23] 256 Heads catched
[15:07:04] MySQL Database Connected
[15:07:04] 16 Breeds catched
[15:07:04] 256 Heads catched
[15:07:57] MySQL Database Connected
[15:07:57] 16 Breeds catched
[15:07:57] 256 Heads catched
[15:08:29] MySQL Database Connected
[15:08:29] 16 Breeds catched
[15:08:29] 256 Heads catched
[15:08:45] MySQL Database Connected
[15:08:45] 16 Breeds catched
[15:08:45] 256 Heads catched
[15:09:29] MySQL Database Connected
[15:09:29] 16 Breeds catched
[15:09:29] 256 Heads catched
[15:10:01] MySQL Database Connected
[15:10:01] 16 Breeds catched
[15:10:01] 256 Heads catched
[15:10:09] MySQL Database Connected
[15:10:09] 16 Breeds catched
[15:10:09] 256 Heads catched
[15:12:04] MySQL Database Connected
[15:12:04] 16 Breeds catched
[15:12:04] 256 Heads catched
[15:12:47] MySQL Database Connected
[15:12:47] 16 Breeds catched
[15:12:47] 256 Heads catched
[15:17:38] MySQL Database Connected
[15:17:38] 16 Breeds catched
[15:17:38] 256 Heads catched
[15:19:24] MySQL Database Connected
[15:19:24] 16 Breeds catched
[15:19:24] 256 Heads catched
[15:21:30] MySQL Database Connected
[15:21:30] 16 Breeds catched
[15:21:30] 256 Heads catched
[15:22:19] MySQL Database Connected
[15:22:19] 16 Breeds catched
[15:22:19] 256 Heads catched
[15:24:07] MySQL Database Connected
[15:24:07] 16 Breeds catched
[15:24:07] 256 Heads catched
[15:24:18] MySQL Database Connected
[15:24:18] 16 Breeds catched
[15:24:18] 256 Heads catched
[15:24:55] MySQL Database Connected
[15:24:55] 16 Breeds catched
[15:24:55] 256 Heads catched
[15:26:47] MySQL Database Connected
[15:26:48] 16 Breeds catched
[15:26:48] 256 Heads catched
[15:27:58] MySQL Database Connected
[15:27:58] 16 Breeds catched
[15:27:58] 256 Heads catched
[15:28:15] MySQL Database Connected
[15:28:15] 16 Breeds catched
[15:28:15] 256 Heads catched
[15:28:26] MySQL Database Connected
[15:28:26] 16 Breeds catched
[15:28:26] 256 Heads catched
[15:28:43] MySQL Database Connected
[15:28:43] 16 Breeds catched
[15:28:43] 256 Heads catched
[15:29:14] MySQL Database Connected
[15:29:14] 16 Breeds catched
[15:29:14] 256 Heads catched
[15:29:29] MySQL Database Connected
[15:29:29] 16 Breeds catched
[15:29:29] 256 Heads catched
[15:29:36] MySQL Database Connected
[15:29:36] 16 Breeds catched
[15:29:36] 256 Heads catched
[15:29:45] MySQL Database Connected
[15:29:45] 16 Breeds catched
[15:29:45] 256 Heads catched
[15:31:40] MySQL Database Connected
[15:31:40] 16 Breeds catched
[15:31:40] 256 Heads catched
[15:31:41] 1 DofusMaps catched
[15:31:41] 14 Handlers Readed
[15:31:41] 14 Messages Readed
[15:31:41] WorldServer start in 1474 ms.
[15:31:56] MySQL Database Connected
[15:31:56] 16 Breeds catched
[15:31:56] 256 Heads catched
[15:33:09] MySQL Database Connected
[15:33:09] 16 Breeds catched
[15:33:09] 256 Heads catched
[15:33:16] 11259 DofusMaps catched
[15:33:17] 14 Handlers Readed
[15:33:17] 14 Messages Readed
[15:33:17] WorldServer start in 8228 ms.
[15:35:02] MySQL Database Connected
[15:35:02] 16 Breeds catched
[15:35:02] 256 Heads catched
[15:35:09] 11259 DofusMaps catched
[15:35:09] 14 Handlers Readed
[15:35:09] 14 Messages Readed
[15:35:09] WorldServer start in 7781 ms.
[16:50:41] MySQL Database Connected
[16:50:41] 16 Breeds catched
[16:50:41] 256 Heads catched
[16:50:42] 11259 DofusMaps catched
[16:50:42] 14 Handlers Readed
[16:50:42] 14 Messages Readed
[16:50:42] WorldServer start in 1569 ms.
[16:52:13] MySQL Database Connected
[16:52:13] 16 Breeds catched
[16:52:13] 256 Heads catched
[16:52:13] 11259 DofusMaps catched
[16:52:14] 14 Handlers Readed
[16:52:14] 14 Messages Readed
[16:52:14] WorldServer start in 1550 ms.
[16:55:42] MySQL Database Connected
[16:55:42] 16 Breeds catched
[16:55:42] 256 Heads catched
[16:55:43] 11259 DofusMaps catched
[16:55:43] 14 Handlers Readed
[16:55:43] 14 Messages Readed
[16:55:43] WorldServer start in 1563 ms.
[17:12:11] MySQL Database Connected
[17:12:11] 16 Breeds catched
[17:12:11] 256 Heads catched
[17:12:12] 11259 DofusMaps catched
[17:12:12] 14 Handlers Readed
[17:12:12] 14 Messages Readed
[17:12:13] WorldServer start in 1532 ms.
[17:13:38] MySQL Database Connected
[17:13:38] 16 Breeds catched
[17:13:38] 256 Heads catched
[17:13:39] 11259 DofusMaps catched
[17:13:39] 14 Handlers Readed
[17:13:39] 14 Messages Readed
[17:13:39] WorldServer start in 1596 ms.
[17:16:30] MySQL Database Connected
[17:16:30] 16 Breeds catched
[17:16:30] 256 Heads catched
[17:16:30] 11259 DofusMaps catched
[17:16:31] 14 Handlers Readed
[17:16:31] 14 Messages Readed
[17:16:31] WorldServer start in 1544 ms.
[17:17:48] MySQL Database Connected
[17:17:48] 16 Breeds catched
[17:17:48] 256 Heads catched
[17:17:49] 11259 DofusMaps catched
[17:17:49] 14 Handlers Readed
[17:17:49] 14 Messages Readed
[17:17:49] WorldServer start in 1592 ms.
[17:19:37] MySQL Database Connected
[17:19:37] 16 Breeds catched
[17:19:37] 256 Heads catched
[17:19:38] 11259 DofusMaps catched
[17:19:38] 14 Handlers Readed
[17:19:38] 14 Messages Readed
[17:19:38] WorldServer start in 1538 ms.
[18:06:44] MySQL Database Connected
[18:06:44] 16 Breeds catched
[18:06:44] 256 Heads catched
[18:06:45] 11259 DofusMaps catched
[18:06:45] 14 Handlers Readed
[18:06:45] 14 Messages Readed
[18:06:45] WorldServer start in 1518 ms.
[19:40:30] MySQL Database Connected
[19:40:30] 16 Breeds catched
[19:40:30] 256 Heads catched
[19:40:30] 11259 DofusMaps catched
[19:40:31] 15 Handlers Readed
[19:40:31] 15 Messages Readed
[19:40:31] WorldServer start in 1469 ms.
[22:14:24] MySQL Database Connected
[22:14:24] 16 Breeds catched
[22:14:24] 256 Heads catched
[22:14:25] 11259 DofusMaps catched
[22:14:25] 15 Handlers Readed
[22:14:25] 15 Messages Readed
[22:14:25] WorldServer start in 1561 ms.
[22:15:10] MySQL Database Connected
[22:15:10] 16 Breeds catched
[22:15:10] 256 Heads catched
[22:15:11] 11259 DofusMaps catched
[22:15:11] 15 Handlers Readed
[22:15:12] 15 Messages Readed
[22:15:12] WorldServer start in 1556 ms.
[22:19:59] MySQL Database Connected
[22:20:00] 16 Breeds catched
[22:20:00] 256 Heads catched
[22:20:00] 11259 DofusMaps catched
[22:20:00] 15 Handlers Readed
[22:20:01] 15 Messages Readed
[22:20:01] WorldServer start in 1483 ms.
[22:27:27] MySQL Database Connected
[22:27:27] 16 Breeds catched
[22:27:27] 256 Heads catched
[22:27:28] 11259 DofusMaps catched
[22:27:28] 15 Handlers Readed
[22:27:28] 15 Messages Readed
[22:27:28] WorldServer start in 1675 ms.
[22:29:41] MySQL Database Connected
[22:29:41] 16 Breeds catched
[22:29:41] 256 Heads catched
[22:29:42] 11259 DofusMaps catched
[22:29:42] 15 Handlers Readed
[22:29:42] 15 Messages Readed
[22:29:42] WorldServer start in 1628 ms.
[22:37:35] MySQL Database Connected
[22:37:35] 16 Breeds catched
[22:37:35] 256 Heads catched
[22:37:36] 11259 DofusMaps catched
[22:37:36] 15 Handlers Readed
[22:37:36] 15 Messages Readed
[22:37:36] WorldServer start in 1562 ms.
[22:38:53] MySQL Database Connected
[22:38:53] 16 Breeds catched
[22:38:53] 256 Heads catched
[22:38:54] 11259 DofusMaps catched
[22:38:54] 15 Handlers Readed
[22:38:54] 15 Messages Readed
[22:38:54] WorldServer start in 1415 ms.
