[12:12:53] MySQL Database Connected
[12:12:53] 16 Breeds catched
[12:12:53] 256 Heads catched
[12:12:53] 561 Effects catched
[12:13:02] 11260 DofusMaps catched
[12:13:02] 454 StatedElements catched
[12:13:02] 802 InteractiveElements catched
[12:13:02] 74 HouseInformations catched
[12:13:02] 118 InteractiveDoors catched
[12:13:02] 16 Triggers catched
[12:13:02] 3614 MapPositions uncatched
[12:13:02] 14681 MapPositions catched
[12:13:02] 42 MapZaaps catched
[12:13:03] 15228 SpellLevels catched 
[12:13:03] 4772 Spells catched 
[12:13:03] 1179 LearnableSpells catched 
[12:13:03] 9780 ItemTemplates catched 
[12:13:03] 4489 Weapons catched 
[12:13:03] 363 ItemSets catched 
[12:13:03] 171 ItemTypes catched 
[12:13:03] 2476 NpcTemplates catched 
[12:13:04] 137 NpcSpawns catched 
[12:13:04] 22 NpcItems catched 
[12:13:04] 19801 NpcMessages catched 
[12:13:05] 42 Handlers Readed
[12:13:07] 48 Messages Readed
[12:13:07] WorldServer start in 14124 ms.
[12:17:14] MySQL Database Connected
[12:17:14] 16 Breeds catched
[12:17:14] 256 Heads catched
[12:17:14] 561 Effects catched
[12:17:22] 11260 DofusMaps catched
[12:17:22] 454 StatedElements catched
[12:17:22] 802 InteractiveElements catched
[12:17:22] 74 HouseInformations catched
[12:17:22] 118 InteractiveDoors catched
[12:17:22] 16 Triggers catched
[12:17:22] 3614 MapPositions uncatched
[12:17:22] 14681 MapPositions catched
[12:17:22] 42 MapZaaps catched
[12:17:22] 15228 SpellLevels catched 
[12:17:22] 4772 Spells catched 
[12:17:22] 1179 LearnableSpells catched 
[12:17:23] 9780 ItemTemplates catched 
[12:17:23] 4489 Weapons catched 
[12:17:23] 363 ItemSets catched 
[12:17:23] 171 ItemTypes catched 
[12:17:23] 2476 NpcTemplates catched 
[12:17:23] 137 NpcSpawns catched 
[12:17:23] 22 NpcItems catched 
[12:17:23] 19801 NpcMessages catched 
[12:17:23] 42 Handlers Readed
[12:17:24] 48 Messages Readed
[12:17:24] WorldServer start in 10238 ms.
[12:19:05] MySQL Database Connected
[12:19:05] 16 Breeds catched
[12:19:05] 256 Heads catched
[12:19:05] 561 Effects catched
[12:19:29] 11260 DofusMaps catched
[12:19:29] 454 StatedElements catched
[12:19:30] 802 InteractiveElements catched
[12:19:30] 74 HouseInformations catched
[12:19:30] 118 InteractiveDoors catched
[12:19:30] 16 Triggers catched
[12:19:30] 3614 MapPositions uncatched
[12:19:30] 14681 MapPositions catched
[12:19:30] 42 MapZaaps catched
[12:19:30] 15228 SpellLevels catched 
[12:19:30] 4772 Spells catched 
[12:19:30] 1179 LearnableSpells catched 
[12:19:30] 9780 ItemTemplates catched 
[12:19:31] 4489 Weapons catched 
[12:19:31] 363 ItemSets catched 
[12:19:31] 171 ItemTypes catched 
[12:19:31] 2476 NpcTemplates catched 
[12:19:31] 137 NpcSpawns catched 
[12:19:31] 22 NpcItems catched 
[12:19:31] 19801 NpcMessages catched 
[12:19:31] 42 Handlers Readed
[12:19:31] 48 Messages Readed
[12:19:32] WorldServer start in 26982 ms.
[12:21:31] MySQL Database Connected
[12:21:31] 16 Breeds catched
[12:21:31] 256 Heads catched
[12:21:31] 561 Effects catched
[12:21:39] 11260 DofusMaps catched
[12:21:39] 454 StatedElements catched
[12:21:39] 802 InteractiveElements catched
[12:21:39] 74 HouseInformations catched
[12:21:39] 118 InteractiveDoors catched
[12:21:39] 16 Triggers catched
[12:21:39] 3614 MapPositions uncatched
[12:21:39] 14681 MapPositions catched
[12:21:39] 42 MapZaaps catched
[12:21:39] 15228 SpellLevels catched 
[12:21:40] 4772 Spells catched 
[12:21:40] 1179 LearnableSpells catched 
[12:21:40] 9780 ItemTemplates catched 
[12:21:40] 4489 Weapons catched 
[12:21:40] 363 ItemSets catched 
[12:21:40] 171 ItemTypes catched 
[12:21:40] 2476 NpcTemplates catched 
[12:21:40] 137 NpcSpawns catched 
[12:21:40] 22 NpcItems catched 
[12:21:40] 19801 NpcMessages catched 
[12:21:41] 42 Handlers Readed
[12:21:41] 48 Messages Readed
[12:21:41] WorldServer start in 10311 ms.
[12:23:27] MySQL Database Connected
[12:23:28] 16 Breeds catched
[12:23:28] 256 Heads catched
[12:23:28] 561 Effects catched
[12:23:35] 11260 DofusMaps catched
[12:23:35] 454 StatedElements catched
[12:23:36] 802 InteractiveElements catched
[12:23:36] 74 HouseInformations catched
[12:23:36] 118 InteractiveDoors catched
[12:23:36] 16 Triggers catched
[12:23:36] 3614 MapPositions uncatched
[12:23:36] 14681 MapPositions catched
[12:23:36] 42 MapZaaps catched
[12:23:36] 15228 SpellLevels catched 
[12:23:36] 4772 Spells catched 
[12:23:36] 1179 LearnableSpells catched 
[12:23:36] 9780 ItemTemplates catched 
[12:23:37] 4489 Weapons catched 
[12:23:37] 363 ItemSets catched 
[12:23:37] 171 ItemTypes catched 
[12:23:37] 2476 NpcTemplates catched 
[12:23:37] 137 NpcSpawns catched 
[12:23:37] 22 NpcItems catched 
[12:23:37] 19801 NpcMessages catched 
[12:23:37] 42 Handlers Readed
[12:23:38] 48 Messages Readed
[12:23:38] WorldServer start in 10372 ms.
[12:24:18] MySQL Database Connected
[12:24:18] 16 Breeds catched
[12:24:18] 256 Heads catched
[12:24:18] 561 Effects catched
[12:24:26] 11260 DofusMaps catched
[12:24:26] 454 StatedElements catched
[12:24:26] 802 InteractiveElements catched
[12:24:26] 74 HouseInformations catched
[12:24:26] 118 InteractiveDoors catched
[12:24:26] 16 Triggers catched
[12:24:26] 3614 MapPositions uncatched
[12:24:26] 14681 MapPositions catched
[12:24:26] 42 MapZaaps catched
[12:24:27] 15228 SpellLevels catched 
[12:24:27] 4772 Spells catched 
[12:24:27] 1179 LearnableSpells catched 
[12:24:27] 9780 ItemTemplates catched 
[12:24:27] 4489 Weapons catched 
[12:24:27] 363 ItemSets catched 
[12:24:27] 171 ItemTypes catched 
[12:24:27] 2476 NpcTemplates catched 
[12:24:27] 137 NpcSpawns catched 
[12:24:27] 22 NpcItems catched 
[12:24:28] 19801 NpcMessages catched 
[12:24:28] 42 Handlers Readed
[12:24:28] 48 Messages Readed
[12:24:28] WorldServer start in 10637 ms.
[12:26:52] MySQL Database Connected
[12:26:53] 16 Breeds catched
[12:26:53] 256 Heads catched
[12:26:53] 561 Effects catched
[12:27:01] 11260 DofusMaps catched
[12:27:01] 454 StatedElements catched
[12:27:01] 802 InteractiveElements catched
[12:27:01] 74 HouseInformations catched
[12:27:01] 118 InteractiveDoors catched
[12:27:01] 16 Triggers catched
[12:27:01] 3614 MapPositions uncatched
[12:27:01] 14681 MapPositions catched
[12:27:01] 42 MapZaaps catched
[12:27:01] 15228 SpellLevels catched 
[12:27:01] 4772 Spells catched 
[12:27:01] 1179 LearnableSpells catched 
[12:27:02] 9780 ItemTemplates catched 
[12:27:02] 4489 Weapons catched 
[12:27:02] 363 ItemSets catched 
[12:27:02] 171 ItemTypes catched 
[12:27:02] 2476 NpcTemplates catched 
[12:27:02] 137 NpcSpawns catched 
[12:27:02] 22 NpcItems catched 
[12:27:02] 19801 NpcMessages catched 
[12:27:03] 42 Handlers Readed
[12:27:03] 48 Messages Readed
[12:27:03] WorldServer start in 10611 ms.
[12:28:46] MySQL Database Connected
[12:28:46] 16 Breeds catched
[12:28:46] 256 Heads catched
[12:28:46] 561 Effects catched
[12:28:53] 11260 DofusMaps catched
[12:28:53] 454 StatedElements catched
[12:28:53] 802 InteractiveElements catched
[12:28:53] 74 HouseInformations catched
[12:28:53] 118 InteractiveDoors catched
[12:28:53] 16 Triggers catched
[12:28:54] 3614 MapPositions uncatched
[12:28:54] 14681 MapPositions catched
[12:28:54] 42 MapZaaps catched
[12:28:54] 15228 SpellLevels catched 
[12:28:54] 4772 Spells catched 
[12:28:54] 1179 LearnableSpells catched 
[12:28:54] 9780 ItemTemplates catched 
[12:28:54] 4489 Weapons catched 
[12:28:54] 363 ItemSets catched 
[12:28:54] 171 ItemTypes catched 
[12:28:55] 2476 NpcTemplates catched 
[12:28:55] 137 NpcSpawns catched 
[12:28:55] 22 NpcItems catched 
[12:28:55] 19801 NpcMessages catched 
[12:28:55] 42 Handlers Readed
[12:28:55] 48 Messages Readed
[12:28:55] WorldServer start in 9878 ms.
[12:29:16] MySQL Database Connected
[12:29:16] 16 Breeds catched
[12:29:16] 256 Heads catched
[12:29:16] 561 Effects catched
[12:29:23] 11260 DofusMaps catched
[12:29:23] 454 StatedElements catched
[12:29:24] 802 InteractiveElements catched
[12:29:24] 74 HouseInformations catched
[12:29:24] 118 InteractiveDoors catched
[12:29:24] 16 Triggers catched
[12:29:24] 3614 MapPositions uncatched
[12:29:24] 14681 MapPositions catched
[12:29:24] 42 MapZaaps catched
[12:29:24] 15228 SpellLevels catched 
[12:29:24] 4772 Spells catched 
[12:29:24] 1179 LearnableSpells catched 
[12:29:24] 9780 ItemTemplates catched 
[12:29:24] 4489 Weapons catched 
[12:29:24] 363 ItemSets catched 
[12:29:24] 171 ItemTypes catched 
[12:29:25] 2476 NpcTemplates catched 
[12:29:25] 137 NpcSpawns catched 
[12:29:25] 22 NpcItems catched 
[12:29:25] 19801 NpcMessages catched 
[12:29:25] 42 Handlers Readed
[12:29:25] 48 Messages Readed
[12:29:25] WorldServer start in 9523 ms.
[13:28:01] MySQL Database Connected
[13:28:01] 16 Breeds catched
[13:28:01] 256 Heads catched
[13:28:01] 561 Effects catched
[13:28:09] 11260 DofusMaps catched
[13:28:09] 454 StatedElements catched
[13:28:10] 802 InteractiveElements catched
[13:28:10] 74 HouseInformations catched
[13:28:10] 118 InteractiveDoors catched
[13:28:10] 16 Triggers catched
[13:28:10] 3614 MapPositions uncatched
[13:28:10] 14681 MapPositions catched
[13:28:10] 42 MapZaaps catched
[13:28:10] 15228 SpellLevels catched 
[13:28:10] 4772 Spells catched 
[13:28:10] 1179 LearnableSpells catched 
[13:28:10] 9780 ItemTemplates catched 
[13:28:10] 4489 Weapons catched 
[13:28:10] 363 ItemSets catched 
[13:28:10] 171 ItemTypes catched 
[13:28:11] 2476 NpcTemplates catched 
[13:28:11] 137 NpcSpawns catched 
[13:28:11] 22 NpcItems catched 
[13:28:11] 19801 NpcMessages catched 
[13:28:11] 42 Handlers Readed
[13:28:11] 48 Messages Readed
[13:28:11] WorldServer start in 10446 ms.
[13:46:44] MySQL Database Connected
[13:46:44] 16 Breeds catched
[13:46:44] 256 Heads catched
[13:46:44] 561 Effects catched
[13:47:06] 11260 DofusMaps catched
[13:47:06] 454 StatedElements catched
[13:47:06] 802 InteractiveElements catched
[13:47:06] 74 HouseInformations catched
[13:47:06] 118 InteractiveDoors catched
[13:47:06] 16 Triggers catched
[13:47:06] 3614 MapPositions uncatched
[13:47:06] 14681 MapPositions catched
[13:47:06] 42 MapZaaps catched
[13:47:06] 15228 SpellLevels catched 
[13:47:06] 4772 Spells catched 
[13:47:06] 1179 LearnableSpells catched 
[13:47:07] 9780 ItemTemplates catched 
[13:47:07] 4489 Weapons catched 
[13:47:07] 363 ItemSets catched 
[13:47:07] 171 ItemTypes catched 
[13:47:07] 2476 NpcTemplates catched 
[13:47:07] 137 NpcSpawns catched 
[13:47:07] 22 NpcItems catched 
[13:47:07] 19801 NpcMessages catched 
[13:47:08] 42 Handlers Readed
[13:47:08] 48 Messages Readed
[13:47:08] WorldServer start in 24575 ms.
[13:48:09] MySQL Database Connected
[13:48:09] 16 Breeds catched
[13:48:09] 256 Heads catched
[13:48:09] 561 Effects catched
[13:48:17] 11260 DofusMaps catched
[13:48:17] 454 StatedElements catched
[13:48:17] 802 InteractiveElements catched
[13:48:17] 74 HouseInformations catched
[13:48:17] 118 InteractiveDoors catched
[13:48:17] 16 Triggers catched
[13:48:17] 3614 MapPositions uncatched
[13:48:17] 14681 MapPositions catched
[13:48:17] 42 MapZaaps catched
[13:48:17] 15228 SpellLevels catched 
[13:48:17] 4772 Spells catched 
[13:48:17] 1179 LearnableSpells catched 
[13:48:18] 9780 ItemTemplates catched 
[13:48:18] 4489 Weapons catched 
[13:48:18] 363 ItemSets catched 
[13:48:18] 171 ItemTypes catched 
[13:48:18] 2476 NpcTemplates catched 
[13:48:18] 137 NpcSpawns catched 
[13:48:18] 22 NpcItems catched 
[13:48:19] 19801 NpcMessages catched 
[13:48:19] 42 Handlers Readed
[13:48:19] 48 Messages Readed
[13:48:19] WorldServer start in 10430 ms.
[13:49:52] MySQL Database Connected
[13:49:52] 16 Breeds catched
[13:49:52] 256 Heads catched
[13:49:52] 561 Effects catched
[13:50:02] 11260 DofusMaps catched
[13:50:02] 454 StatedElements catched
[13:50:02] 802 InteractiveElements catched
[13:50:02] 74 HouseInformations catched
[13:50:02] 118 InteractiveDoors catched
[13:50:02] 16 Triggers catched
[13:50:02] 3614 MapPositions uncatched
[13:50:02] 14681 MapPositions catched
[13:50:02] 42 MapZaaps catched
[13:50:02] 15228 SpellLevels catched 
[13:50:02] 4772 Spells catched 
[13:50:02] 1179 LearnableSpells catched 
[13:50:03] 9780 ItemTemplates catched 
[13:50:03] 4489 Weapons catched 
[13:50:03] 363 ItemSets catched 
[13:50:03] 171 ItemTypes catched 
[13:50:03] 2476 NpcTemplates catched 
[13:50:03] 137 NpcSpawns catched 
[13:50:03] 22 NpcItems catched 
[13:50:03] 19801 NpcMessages catched 
[13:50:04] 42 Handlers Readed
[13:50:04] 48 Messages Readed
[13:50:04] WorldServer start in 11809 ms.
[13:50:43] MySQL Database Connected
[13:50:43] 16 Breeds catched
[13:50:43] 256 Heads catched
[13:50:43] 561 Effects catched
[13:50:50] 11260 DofusMaps catched
[13:50:50] 454 StatedElements catched
[13:50:50] 802 InteractiveElements catched
[13:50:50] 74 HouseInformations catched
[13:50:50] 118 InteractiveDoors catched
[13:50:51] 16 Triggers catched
[13:50:51] 3614 MapPositions uncatched
[13:50:51] 14681 MapPositions catched
[13:50:51] 42 MapZaaps catched
[13:50:51] 15228 SpellLevels catched 
[13:50:51] 4772 Spells catched 
[13:50:51] 1179 LearnableSpells catched 
[13:50:51] 9780 ItemTemplates catched 
[13:50:51] 4489 Weapons catched 
[13:50:51] 363 ItemSets catched 
[13:50:51] 171 ItemTypes catched 
[13:50:52] 2476 NpcTemplates catched 
[13:50:52] 137 NpcSpawns catched 
[13:50:52] 22 NpcItems catched 
[13:50:52] 19801 NpcMessages catched 
[13:50:52] 42 Handlers Readed
[13:50:52] 48 Messages Readed
[13:50:52] WorldServer start in 9806 ms.
[13:55:46] MySQL Database Connected
[13:55:46] 16 Breeds catched
[13:55:46] 256 Heads catched
[13:55:46] 561 Effects catched
[13:55:55] 11260 DofusMaps catched
[13:55:55] 454 StatedElements catched
[13:55:55] 802 InteractiveElements catched
[13:55:56] 74 HouseInformations catched
[13:55:56] 118 InteractiveDoors catched
[13:55:56] 16 Triggers catched
[13:55:56] 3614 MapPositions uncatched
[13:55:56] 14681 MapPositions catched
[13:55:56] 42 MapZaaps catched
[13:55:56] 15228 SpellLevels catched 
[13:55:56] 4772 Spells catched 
[13:55:56] 1179 LearnableSpells catched 
[13:55:56] 9780 ItemTemplates catched 
[13:55:56] 4489 Weapons catched 
[13:55:56] 363 ItemSets catched 
[13:55:56] 171 ItemTypes catched 
[13:55:57] 2476 NpcTemplates catched 
[13:55:57] 137 NpcSpawns catched 
[13:55:57] 22 NpcItems catched 
[13:55:57] 19801 NpcMessages catched 
[13:55:57] 42 Handlers Readed
[13:55:57] 48 Messages Readed
[13:55:57] WorldServer start in 12141 ms.
[13:57:14] MySQL Database Connected
[13:57:14] 16 Breeds catched
[13:57:14] 256 Heads catched
[13:57:14] 561 Effects catched
[13:57:24] 11260 DofusMaps catched
[13:57:24] 454 StatedElements catched
[13:57:24] 802 InteractiveElements catched
[13:57:24] 74 HouseInformations catched
[13:57:24] 118 InteractiveDoors catched
[13:57:24] 16 Triggers catched
[13:57:25] 3614 MapPositions uncatched
[13:57:25] 14681 MapPositions catched
[13:57:25] 42 MapZaaps catched
[13:57:25] 15228 SpellLevels catched 
[13:57:25] 4772 Spells catched 
[13:57:25] 1179 LearnableSpells catched 
[13:57:25] 9780 ItemTemplates catched 
[13:57:25] 4489 Weapons catched 
[13:57:25] 363 ItemSets catched 
[13:57:25] 171 ItemTypes catched 
[13:57:26] 2476 NpcTemplates catched 
[13:57:26] 137 NpcSpawns catched 
[13:57:26] 22 NpcItems catched 
[13:57:26] 19801 NpcMessages catched 
[13:57:26] 42 Handlers Readed
[13:57:26] 48 Messages Readed
[13:57:26] WorldServer start in 12244 ms.
[14:07:04] MySQL Database Connected
[14:07:04] 16 Breeds catched
[14:07:04] 256 Heads catched
[14:07:04] 561 Effects catched
[14:07:14] 11260 DofusMaps catched
[14:07:14] 454 StatedElements catched
[14:07:14] 802 InteractiveElements catched
[14:07:14] 74 HouseInformations catched
[14:07:14] 118 InteractiveDoors catched
[14:07:14] 16 Triggers catched
[14:07:14] 3614 MapPositions uncatched
[14:07:14] 14681 MapPositions catched
[14:07:14] 42 MapZaaps catched
[14:07:15] 15228 SpellLevels catched 
[14:07:15] 4772 Spells catched 
[14:07:15] 1179 LearnableSpells catched 
[14:07:16] 9780 ItemTemplates catched 
[14:07:16] 4489 Weapons catched 
[14:07:16] 363 ItemSets catched 
[14:07:16] 171 ItemTypes catched 
[14:07:16] 2476 NpcTemplates catched 
[14:07:16] 137 NpcSpawns catched 
[14:07:16] 22 NpcItems catched 
[14:07:16] 19801 NpcMessages catched 
[14:07:16] 42 Handlers Readed
[14:07:17] 48 Messages Readed
[14:07:17] WorldServer start in 13007 ms.
[14:11:26] MySQL Database Connected
[14:11:27] 16 Breeds catched
[14:11:27] 256 Heads catched
[14:11:27] 561 Effects catched
[14:11:39] 11260 DofusMaps catched
[14:11:39] 454 StatedElements catched
[14:11:39] 802 InteractiveElements catched
[14:11:39] 74 HouseInformations catched
[14:11:39] 118 InteractiveDoors catched
[14:11:39] 16 Triggers catched
[14:11:39] 3614 MapPositions uncatched
[14:11:39] 14681 MapPositions catched
[14:11:39] 42 MapZaaps catched
[14:11:39] 15228 SpellLevels catched 
[14:11:40] 4772 Spells catched 
[14:11:40] 1179 LearnableSpells catched 
[14:11:40] 9780 ItemTemplates catched 
[14:11:40] 4489 Weapons catched 
[14:11:40] 363 ItemSets catched 
[14:11:40] 171 ItemTypes catched 
[14:11:40] 2476 NpcTemplates catched 
[14:11:40] 137 NpcSpawns catched 
[14:11:40] 22 NpcItems catched 
[14:11:40] 19801 NpcMessages catched 
[14:11:41] 42 Handlers Readed
[14:11:41] 48 Messages Readed
[14:11:41] WorldServer start in 14867 ms.
[14:12:32] MySQL Database Connected
[14:12:32] 16 Breeds catched
[14:12:32] 256 Heads catched
[14:12:32] 561 Effects catched
[14:12:41] 11260 DofusMaps catched
[14:12:41] 454 StatedElements catched
[14:12:41] 802 InteractiveElements catched
[14:12:41] 74 HouseInformations catched
[14:12:41] 118 InteractiveDoors catched
[14:12:41] 16 Triggers catched
[14:12:41] 3614 MapPositions uncatched
[14:12:41] 14681 MapPositions catched
[14:12:41] 42 MapZaaps catched
[14:12:41] 15228 SpellLevels catched 
[14:12:41] 4772 Spells catched 
[14:12:41] 1179 LearnableSpells catched 
[14:12:41] 9780 ItemTemplates catched 
[14:12:42] 4489 Weapons catched 
[14:12:42] 363 ItemSets catched 
[14:12:42] 171 ItemTypes catched 
[14:12:42] 2476 NpcTemplates catched 
[14:12:42] 137 NpcSpawns catched 
[14:12:42] 22 NpcItems catched 
[14:12:42] 19801 NpcMessages catched 
[14:12:42] 42 Handlers Readed
[14:12:42] 48 Messages Readed
[14:12:43] WorldServer start in 10675 ms.
[14:13:06] MySQL Database Connected
[14:13:06] 16 Breeds catched
[14:13:06] 256 Heads catched
[14:13:06] 561 Effects catched
[14:13:14] 11260 DofusMaps catched
[14:13:14] 454 StatedElements catched
[14:13:14] 802 InteractiveElements catched
[14:13:14] 74 HouseInformations catched
[14:13:14] 118 InteractiveDoors catched
[14:13:14] 16 Triggers catched
[14:13:14] 3614 MapPositions uncatched
[14:13:14] 14681 MapPositions catched
[14:13:14] 42 MapZaaps catched
[14:13:14] 15228 SpellLevels catched 
[14:13:14] 4772 Spells catched 
[14:13:14] 1179 LearnableSpells catched 
[14:13:15] 9780 ItemTemplates catched 
[14:13:15] 4489 Weapons catched 
[14:13:15] 363 ItemSets catched 
[14:13:15] 171 ItemTypes catched 
[14:13:15] 2476 NpcTemplates catched 
[14:13:15] 137 NpcSpawns catched 
[14:13:15] 22 NpcItems catched 
[14:13:15] 19801 NpcMessages catched 
[14:13:15] 42 Handlers Readed
[14:13:16] 48 Messages Readed
[14:13:16] WorldServer start in 9938 ms.
[14:13:58] MySQL Database Connected
[14:13:58] 16 Breeds catched
[14:13:58] 256 Heads catched
[14:13:58] 561 Effects catched
[14:14:06] 11260 DofusMaps catched
[14:14:06] 454 StatedElements catched
[14:14:06] 802 InteractiveElements catched
[14:14:06] 74 HouseInformations catched
[14:14:06] 118 InteractiveDoors catched
[14:14:06] 16 Triggers catched
[14:14:07] 3614 MapPositions uncatched
[14:14:07] 14681 MapPositions catched
[14:14:07] 42 MapZaaps catched
[14:14:07] 15228 SpellLevels catched 
[14:14:07] 4772 Spells catched 
[14:14:07] 1179 LearnableSpells catched 
[14:14:07] 9780 ItemTemplates catched 
[14:14:07] 4489 Weapons catched 
[14:14:07] 363 ItemSets catched 
[14:14:07] 171 ItemTypes catched 
[14:14:08] 2476 NpcTemplates catched 
[14:14:08] 137 NpcSpawns catched 
[14:14:08] 22 NpcItems catched 
[14:14:08] 19801 NpcMessages catched 
[14:14:08] 42 Handlers Readed
[14:14:08] 48 Messages Readed
[14:14:08] WorldServer start in 10585 ms.
[14:14:31] MySQL Database Connected
[14:14:31] 16 Breeds catched
[14:14:31] 256 Heads catched
[14:14:31] 561 Effects catched
[14:14:39] 11260 DofusMaps catched
[14:14:39] 454 StatedElements catched
[14:14:39] 802 InteractiveElements catched
[14:14:39] 74 HouseInformations catched
[14:14:39] 118 InteractiveDoors catched
[14:14:39] 16 Triggers catched
[14:14:40] 3614 MapPositions uncatched
[14:14:40] 14681 MapPositions catched
[14:14:40] 42 MapZaaps catched
[14:14:41] 15228 SpellLevels catched 
[14:14:41] 4772 Spells catched 
[14:14:41] 1179 LearnableSpells catched 
[14:14:41] 9780 ItemTemplates catched 
[14:14:41] 4489 Weapons catched 
[14:14:41] 363 ItemSets catched 
[14:14:41] 171 ItemTypes catched 
[14:14:42] 2476 NpcTemplates catched 
[14:14:42] 137 NpcSpawns catched 
[14:14:42] 22 NpcItems catched 
[14:14:42] 19801 NpcMessages catched 
[14:14:42] 42 Handlers Readed
[14:14:42] 48 Messages Readed
[14:14:42] WorldServer start in 11822 ms.
[14:15:24] MySQL Database Connected
[14:15:24] 16 Breeds catched
[14:15:24] 256 Heads catched
[14:15:24] 561 Effects catched
[14:15:32] 11260 DofusMaps catched
[14:15:32] 454 StatedElements catched
[14:15:32] 802 InteractiveElements catched
[14:15:32] 74 HouseInformations catched
[14:15:32] 118 InteractiveDoors catched
[14:15:33] 16 Triggers catched
[14:15:33] 3614 MapPositions uncatched
[14:15:33] 14681 MapPositions catched
[14:15:33] 42 MapZaaps catched
[14:15:33] 15228 SpellLevels catched 
[14:15:33] 4772 Spells catched 
[14:15:33] 1179 LearnableSpells catched 
[14:15:33] 9780 ItemTemplates catched 
[14:15:33] 4489 Weapons catched 
[14:15:33] 363 ItemSets catched 
[14:15:33] 171 ItemTypes catched 
[14:15:34] 2476 NpcTemplates catched 
[14:15:34] 137 NpcSpawns catched 
[14:15:34] 22 NpcItems catched 
[14:15:34] 19801 NpcMessages catched 
[14:15:34] 42 Handlers Readed
[14:15:34] 48 Messages Readed
[14:15:34] WorldServer start in 10338 ms.
[14:16:14] MySQL Database Connected
[14:16:14] 16 Breeds catched
[14:16:14] 256 Heads catched
[14:16:14] 561 Effects catched
[14:16:21] MySQL Database Connected
[14:16:21] 16 Breeds catched
[14:16:21] 256 Heads catched
[14:16:21] 561 Effects catched
[14:16:30] 11260 DofusMaps catched
[14:16:30] 454 StatedElements catched
[14:16:30] 802 InteractiveElements catched
[14:16:30] 74 HouseInformations catched
[14:16:30] 118 InteractiveDoors catched
[14:16:30] 16 Triggers catched
[14:16:30] 3614 MapPositions uncatched
[14:16:30] 14681 MapPositions catched
[14:16:30] 42 MapZaaps catched
[14:16:30] 15228 SpellLevels catched 
[14:16:30] 4772 Spells catched 
[14:16:30] 1179 LearnableSpells catched 
[14:16:31] 9780 ItemTemplates catched 
[14:16:31] 4489 Weapons catched 
[14:16:31] 363 ItemSets catched 
[14:16:31] 171 ItemTypes catched 
[14:16:31] 2476 NpcTemplates catched 
[14:16:31] 137 NpcSpawns catched 
[14:16:31] 22 NpcItems catched 
[14:16:31] 19801 NpcMessages catched 
[14:16:31] 42 Handlers Readed
[14:16:32] 48 Messages Readed
[14:16:32] WorldServer start in 10984 ms.
[14:17:06] MySQL Database Connected
[14:17:06] 16 Breeds catched
[14:17:06] 256 Heads catched
[14:17:06] 561 Effects catched
[14:17:14] 11260 DofusMaps catched
[14:17:14] 454 StatedElements catched
[14:17:14] 802 InteractiveElements catched
[14:17:14] 74 HouseInformations catched
[14:17:14] 118 InteractiveDoors catched
[14:17:14] 16 Triggers catched
[14:17:15] 3614 MapPositions uncatched
[14:17:15] 14681 MapPositions catched
[14:17:15] 42 MapZaaps catched
[14:17:15] 15228 SpellLevels catched 
[14:17:15] 4772 Spells catched 
[14:17:15] 1179 LearnableSpells catched 
[14:17:15] 9780 ItemTemplates catched 
[14:17:15] 4489 Weapons catched 
[14:17:15] 363 ItemSets catched 
[14:17:15] 171 ItemTypes catched 
[14:17:16] 2476 NpcTemplates catched 
[14:17:16] 137 NpcSpawns catched 
[14:17:16] 22 NpcItems catched 
[14:17:16] 19801 NpcMessages catched 
[14:17:16] 42 Handlers Readed
[14:17:16] 48 Messages Readed
[14:17:16] WorldServer start in 10351 ms.
[14:19:56] MySQL Database Connected
[14:19:56] 16 Breeds catched
[14:19:56] 256 Heads catched
[14:19:56] 561 Effects catched
[14:20:04] 11260 DofusMaps catched
[14:20:04] 454 StatedElements catched
[14:20:04] 802 InteractiveElements catched
[14:20:04] 74 HouseInformations catched
[14:20:04] 118 InteractiveDoors catched
[14:20:04] 16 Triggers catched
[14:20:04] 3614 MapPositions uncatched
[14:20:04] 14681 MapPositions catched
[14:20:04] 42 MapZaaps catched
[14:20:05] 15228 SpellLevels catched 
[14:20:05] 4772 Spells catched 
[14:20:05] 1179 LearnableSpells catched 
[14:20:05] 9780 ItemTemplates catched 
[14:20:05] 4489 Weapons catched 
[14:20:05] 363 ItemSets catched 
[14:20:05] 171 ItemTypes catched 
[14:20:05] 2476 NpcTemplates catched 
[14:20:05] 137 NpcSpawns catched 
[14:20:05] 22 NpcItems catched 
[14:20:05] 19801 NpcMessages catched 
[14:20:06] 42 Handlers Readed
[14:20:06] 48 Messages Readed
[14:20:06] WorldServer start in 10441 ms.
[14:20:36] MySQL Database Connected
[14:20:36] 16 Breeds catched
[14:20:36] 256 Heads catched
[14:20:36] 561 Effects catched
[14:20:43] 11260 DofusMaps catched
[14:20:43] 454 StatedElements catched
[14:20:43] 802 InteractiveElements catched
[14:20:43] 74 HouseInformations catched
[14:20:43] 118 InteractiveDoors catched
[14:20:43] 16 Triggers catched
[14:20:43] 3614 MapPositions uncatched
[14:20:43] 14681 MapPositions catched
[14:20:43] 42 MapZaaps catched
[14:20:44] 15228 SpellLevels catched 
[14:20:44] 4772 Spells catched 
[14:20:44] 1179 LearnableSpells catched 
[14:20:44] 9780 ItemTemplates catched 
[14:20:44] 4489 Weapons catched 
[14:20:44] 363 ItemSets catched 
[14:20:44] 171 ItemTypes catched 
[14:20:44] 2476 NpcTemplates catched 
[14:20:44] 137 NpcSpawns catched 
[14:20:44] 22 NpcItems catched 
[14:20:45] 19801 NpcMessages catched 
[14:20:45] 42 Handlers Readed
[14:20:45] 48 Messages Readed
[14:20:45] WorldServer start in 10012 ms.
[14:21:16] MySQL Database Connected
[14:21:16] 16 Breeds catched
[14:21:16] 256 Heads catched
[14:21:16] 561 Effects catched
[14:21:24] 11260 DofusMaps catched
[14:21:24] 454 StatedElements catched
[14:21:24] 802 InteractiveElements catched
[14:21:24] 74 HouseInformations catched
[14:21:24] 118 InteractiveDoors catched
[14:21:24] 16 Triggers catched
[14:21:24] 3614 MapPositions uncatched
[14:21:24] 14681 MapPositions catched
[14:21:24] 42 MapZaaps catched
[14:21:24] 15228 SpellLevels catched 
[14:21:24] 4772 Spells catched 
[14:21:24] 1179 LearnableSpells catched 
[14:21:25] 9780 ItemTemplates catched 
[14:21:25] 4489 Weapons catched 
[14:21:25] 363 ItemSets catched 
[14:21:25] 171 ItemTypes catched 
[14:21:25] 2476 NpcTemplates catched 
[14:21:25] 137 NpcSpawns catched 
[14:21:25] 22 NpcItems catched 
[14:21:25] 19801 NpcMessages catched 
[14:21:26] 42 Handlers Readed
[14:21:26] 48 Messages Readed
[14:21:26] WorldServer start in 10199 ms.
[14:30:44] MySQL Database Connected
[14:30:44] 16 Breeds catched
[14:30:44] 256 Heads catched
[14:30:44] 561 Effects catched
[14:30:52] 11260 DofusMaps catched
[14:30:52] 454 StatedElements catched
[14:30:52] 802 InteractiveElements catched
[14:30:52] 74 HouseInformations catched
[14:30:52] 118 InteractiveDoors catched
[14:30:52] 16 Triggers catched
[14:30:52] 3614 MapPositions uncatched
[14:30:52] 14681 MapPositions catched
[14:30:52] 42 MapZaaps catched
[14:30:52] 15228 SpellLevels catched 
[14:30:52] 4772 Spells catched 
[14:30:52] 1179 LearnableSpells catched 
[14:30:52] 9780 ItemTemplates catched 
[14:30:53] 4489 Weapons catched 
[14:30:53] 363 ItemSets catched 
[14:30:53] 171 ItemTypes catched 
[14:30:53] 2476 NpcTemplates catched 
[14:30:53] 137 NpcSpawns catched 
[14:30:53] 22 NpcItems catched 
[14:30:53] 19801 NpcMessages catched 
[14:30:53] 42 Handlers Readed
[14:30:53] 48 Messages Readed
[14:30:54] WorldServer start in 9963 ms.
[14:43:38] MySQL Database Connected
[14:43:38] 16 Breeds catched
[14:43:38] 256 Heads catched
[14:43:38] 561 Effects catched
[14:43:46] 11260 DofusMaps catched
[14:43:46] 454 StatedElements catched
[14:43:46] 802 InteractiveElements catched
[14:43:46] 74 HouseInformations catched
[14:43:46] 118 InteractiveDoors catched
[14:43:46] 16 Triggers catched
[14:43:46] 3614 MapPositions uncatched
[14:43:46] 14681 MapPositions catched
[14:43:46] 42 MapZaaps catched
[14:43:46] 15228 SpellLevels catched 
[14:43:46] 4772 Spells catched 
[14:43:46] 1179 LearnableSpells catched 
[14:43:46] 9780 ItemTemplates catched 
[14:43:47] 4489 Weapons catched 
[14:43:47] 363 ItemSets catched 
[14:43:47] 171 ItemTypes catched 
[14:43:47] 2476 NpcTemplates catched 
[14:43:47] 137 NpcSpawns catched 
[14:43:47] 22 NpcItems catched 
[14:43:47] 19801 NpcMessages catched 
[14:43:47] 42 Handlers Readed
[14:43:48] 48 Messages Readed
[14:43:48] WorldServer start in 10309 ms.
[14:47:32] MySQL Database Connected
[14:47:32] 16 Breeds catched
[14:47:32] 256 Heads catched
[14:47:32] 561 Effects catched
[14:47:41] 11260 DofusMaps catched
[14:47:41] 454 StatedElements catched
[14:47:41] 802 InteractiveElements catched
[14:47:41] 74 HouseInformations catched
[14:47:41] 118 InteractiveDoors catched
[14:47:41] 16 Triggers catched
[14:47:41] 3614 MapPositions uncatched
[14:47:41] 14681 MapPositions catched
[14:47:41] 42 MapZaaps catched
[14:47:42] 15228 SpellLevels catched 
[14:47:42] 4772 Spells catched 
[14:47:42] 1179 LearnableSpells catched 
[14:47:42] 9780 ItemTemplates catched 
[14:47:42] 4489 Weapons catched 
[14:47:42] 363 ItemSets catched 
[14:47:42] 171 ItemTypes catched 
[14:47:42] 2476 NpcTemplates catched 
[14:47:42] 137 NpcSpawns catched 
[14:47:42] 22 NpcItems catched 
[14:47:42] 19801 NpcMessages catched 
[14:47:43] 42 Handlers Readed
[14:47:43] 48 Messages Readed
[14:47:43] WorldServer start in 11013 ms.
[14:48:56] MySQL Database Connected
[14:48:56] 16 Breeds catched
[14:48:56] 256 Heads catched
[14:48:56] 561 Effects catched
[14:49:05] 11260 DofusMaps catched
[14:49:06] 454 StatedElements catched
[14:49:06] 802 InteractiveElements catched
[14:49:06] 74 HouseInformations catched
[14:49:06] 118 InteractiveDoors catched
[14:49:06] 16 Triggers catched
[14:49:06] 3614 MapPositions uncatched
[14:49:06] 14681 MapPositions catched
[14:49:06] 42 MapZaaps catched
[14:49:06] 15228 SpellLevels catched 
[14:49:06] 4772 Spells catched 
[14:49:06] 1179 LearnableSpells catched 
[14:49:07] 9780 ItemTemplates catched 
[14:49:07] 4489 Weapons catched 
[14:49:07] 363 ItemSets catched 
[14:49:07] 171 ItemTypes catched 
[14:49:08] 2476 NpcTemplates catched 
[14:49:08] 137 NpcSpawns catched 
[14:49:08] 22 NpcItems catched 
[14:49:08] 19801 NpcMessages catched 
[14:49:08] 42 Handlers Readed
[14:49:08] 48 Messages Readed
[14:49:08] WorldServer start in 12446 ms.
[14:50:07] MySQL Database Connected
[14:50:07] 16 Breeds catched
[14:50:07] 256 Heads catched
[14:50:07] 561 Effects catched
[14:50:16] 11260 DofusMaps catched
[14:50:16] 454 StatedElements catched
[14:50:16] 802 InteractiveElements catched
[14:50:16] 74 HouseInformations catched
[14:50:16] 118 InteractiveDoors catched
[14:50:16] 16 Triggers catched
[14:50:17] 3614 MapPositions uncatched
[14:50:17] 14681 MapPositions catched
[14:50:17] 42 MapZaaps catched
[14:50:17] 15228 SpellLevels catched 
[14:50:17] 4772 Spells catched 
[14:50:17] 1179 LearnableSpells catched 
[14:50:18] 9780 ItemTemplates catched 
[14:50:18] 4489 Weapons catched 
[14:50:18] 363 ItemSets catched 
[14:50:18] 171 ItemTypes catched 
[14:50:18] 2476 NpcTemplates catched 
[14:50:18] 137 NpcSpawns catched 
[14:50:18] 22 NpcItems catched 
[14:50:18] 19801 NpcMessages catched 
[14:50:18] 42 Handlers Readed
[14:50:19] 48 Messages Readed
[14:50:19] WorldServer start in 11592 ms.
[14:51:55] MySQL Database Connected
[14:51:55] 16 Breeds catched
[14:51:55] 256 Heads catched
[14:51:55] 561 Effects catched
[14:52:03] 11260 DofusMaps catched
[14:52:03] 454 StatedElements catched
[14:52:03] 802 InteractiveElements catched
[14:52:03] 74 HouseInformations catched
[14:52:03] 118 InteractiveDoors catched
[14:52:03] 16 Triggers catched
[14:52:03] 3614 MapPositions uncatched
[14:52:03] 14681 MapPositions catched
[14:52:03] 42 MapZaaps catched
[14:52:04] 15228 SpellLevels catched 
[14:52:04] 4772 Spells catched 
[14:52:04] 1179 LearnableSpells catched 
[14:52:04] 9780 ItemTemplates catched 
[14:52:04] 4489 Weapons catched 
[14:52:04] 363 ItemSets catched 
[14:52:04] 171 ItemTypes catched 
[14:52:04] 2476 NpcTemplates catched 
[14:52:04] 137 NpcSpawns catched 
[14:52:04] 22 NpcItems catched 
[14:52:05] 19801 NpcMessages catched 
[14:52:05] 42 Handlers Readed
[14:52:05] 48 Messages Readed
[14:52:05] WorldServer start in 10781 ms.
[22:28:07] MySQL Database Connected
[22:28:07] 16 Breeds catched
[22:28:07] 256 Heads catched
[22:28:07] 561 Effects catched
[22:28:16] 11260 DofusMaps catched
[22:28:16] 454 StatedElements catched
[22:28:16] 802 InteractiveElements catched
[22:28:16] 74 HouseInformations catched
[22:28:16] 118 InteractiveDoors catched
[22:28:17] 16 Triggers catched
[22:28:17] 3614 MapPositions uncatched
[22:28:17] 14681 MapPositions catched
[22:28:17] 42 MapZaaps catched
[22:28:17] 15228 SpellLevels catched 
[22:28:17] 4772 Spells catched 
[22:28:17] 1179 LearnableSpells catched 
[22:28:17] 9780 ItemTemplates catched 
[22:28:17] 4489 Weapons catched 
[22:28:17] 363 ItemSets catched 
[22:28:17] 171 ItemTypes catched 
[22:28:18] 2476 NpcTemplates catched 
[22:28:18] 137 NpcSpawns catched 
[22:28:18] 22 NpcItems catched 
[22:28:18] 19801 NpcMessages catched 
[22:28:18] 1 NpcReplies catched 
[22:28:18] 42 Handlers Readed
[22:28:18] 48 Messages Readed
[22:28:18] WorldServer start in 11743 ms.
[22:36:20] MySQL Database Connected
[22:36:20] 16 Breeds catched
[22:36:20] 256 Heads catched
[22:36:20] 561 Effects catched
[22:36:27] 11260 DofusMaps catched
[22:36:27] 454 StatedElements catched
[22:36:27] 802 InteractiveElements catched
[22:36:27] 74 HouseInformations catched
[22:36:27] 118 InteractiveDoors catched
[22:36:27] 16 Triggers catched
[22:36:28] 3614 MapPositions uncatched
[22:36:28] 14681 MapPositions catched
[22:36:28] 42 MapZaaps catched
[22:36:28] 15228 SpellLevels catched 
[22:36:29] 4772 Spells catched 
[22:36:29] 1179 LearnableSpells catched 
[22:36:29] 9780 ItemTemplates catched 
[22:36:29] 4489 Weapons catched 
[22:36:29] 363 ItemSets catched 
[22:36:29] 171 ItemTypes catched 
[22:36:29] 2476 NpcTemplates catched 
[22:36:29] 137 NpcSpawns catched 
[22:36:29] 22 NpcItems catched 
[22:36:29] 19801 NpcMessages catched 
[22:36:29] 1 NpcReplies catched 
[22:36:30] 41 Handlers Readed
[22:36:30] 48 Messages Readed
[22:36:30] WorldServer start in 10631 ms.
[22:36:41] Packet not handled 5898
[22:39:26] MySQL Database Connected
[22:39:26] 16 Breeds catched
[22:39:26] 256 Heads catched
[22:39:26] 561 Effects catched
[22:39:35] 11260 DofusMaps catched
[22:39:35] 454 StatedElements catched
[22:39:35] 802 InteractiveElements catched
[22:39:35] 74 HouseInformations catched
[22:39:35] 118 InteractiveDoors catched
[22:39:35] 16 Triggers catched
[22:39:35] 3614 MapPositions uncatched
[22:39:35] 14681 MapPositions catched
[22:39:35] 42 MapZaaps catched
[22:39:35] 15228 SpellLevels catched 
[22:39:35] 4772 Spells catched 
[22:39:35] 1179 LearnableSpells catched 
[22:39:35] 9780 ItemTemplates catched 
[22:39:35] 4489 Weapons catched 
[22:39:36] 363 ItemSets catched 
[22:39:36] 171 ItemTypes catched 
[22:39:36] 2476 NpcTemplates catched 
[22:39:36] 137 NpcSpawns catched 
[22:39:36] 22 NpcItems catched 
[22:39:36] 19801 NpcMessages catched 
[22:39:36] 1 NpcReplies catched 
[22:39:36] 43 Handlers Readed
[22:39:36] 48 Messages Readed
[22:39:36] WorldServer start in 10534 ms.
[22:41:18] MySQL Database Connected
[22:41:18] 16 Breeds catched
[22:41:18] 256 Heads catched
[22:41:18] 561 Effects catched
[22:41:27] 11260 DofusMaps catched
[22:41:27] 454 StatedElements catched
[22:41:27] 802 InteractiveElements catched
[22:41:27] 74 HouseInformations catched
[22:41:27] 118 InteractiveDoors catched
[22:41:27] 16 Triggers catched
[22:41:27] 3614 MapPositions uncatched
[22:41:27] 14681 MapPositions catched
[22:41:27] 42 MapZaaps catched
[22:41:27] 15228 SpellLevels catched 
[22:41:28] 4772 Spells catched 
[22:41:28] 1179 LearnableSpells catched 
[22:41:28] 9780 ItemTemplates catched 
[22:41:28] 4489 Weapons catched 
[22:41:28] 363 ItemSets catched 
[22:41:28] 171 ItemTypes catched 
[22:41:28] 2476 NpcTemplates catched 
[22:41:28] 137 NpcSpawns catched 
[22:41:28] 22 NpcItems catched 
[22:41:28] 19801 NpcMessages catched 
[22:41:28] 1 NpcReplies catched 
[22:41:29] 43 Handlers Readed
[22:41:29] 48 Messages Readed
[22:41:29] WorldServer start in 11185 ms.
[22:48:57] MySQL Database Connected
[22:48:58] 16 Breeds catched
[22:48:58] 256 Heads catched
[22:48:58] 561 Effects catched
[22:49:06] 11260 DofusMaps catched
[22:49:06] 454 StatedElements catched
[22:49:06] 802 InteractiveElements catched
[22:49:06] 74 HouseInformations catched
[22:49:06] 118 InteractiveDoors catched
[22:49:06] 16 Triggers catched
[22:49:06] 3614 MapPositions uncatched
[22:49:06] 14681 MapPositions catched
[22:49:06] 42 MapZaaps catched
[22:49:07] 15228 SpellLevels catched 
[22:49:07] 4772 Spells catched 
[22:49:07] 1179 LearnableSpells catched 
[22:49:07] 9780 ItemTemplates catched 
[22:49:07] 4489 Weapons catched 
[22:49:07] 363 ItemSets catched 
[22:49:07] 171 ItemTypes catched 
[22:49:07] 2476 NpcTemplates catched 
[22:49:08] 137 NpcSpawns catched 
[22:49:08] 22 NpcItems catched 
[22:49:08] 19801 NpcMessages catched 
[22:49:08] 1 NpcReplies catched 
[22:49:08] 43 Handlers Readed
[22:49:08] 48 Messages Readed
[22:49:08] WorldServer start in 10926 ms.
[22:50:00] MySQL Database Connected
[22:50:01] 16 Breeds catched
[22:50:01] 256 Heads catched
[22:50:01] 561 Effects catched
[22:50:08] 11260 DofusMaps catched
[22:50:08] 454 StatedElements catched
[22:50:08] 802 InteractiveElements catched
[22:50:08] 74 HouseInformations catched
[22:50:08] 118 InteractiveDoors catched
[22:50:08] 16 Triggers catched
[22:50:09] 3614 MapPositions uncatched
[22:50:09] 14681 MapPositions catched
[22:50:09] 42 MapZaaps catched
[22:50:09] 15228 SpellLevels catched 
[22:50:09] 4772 Spells catched 
[22:50:09] 1179 LearnableSpells catched 
[22:50:09] 9780 ItemTemplates catched 
[22:50:10] 4489 Weapons catched 
[22:50:10] 363 ItemSets catched 
[22:50:10] 171 ItemTypes catched 
[22:50:10] 2476 NpcTemplates catched 
[22:50:10] 137 NpcSpawns catched 
[22:50:10] 22 NpcItems catched 
[22:50:10] 19801 NpcMessages catched 
[22:50:10] 1 NpcReplies catched 
[22:50:10] 43 Handlers Readed
[22:50:10] 48 Messages Readed
[22:50:11] WorldServer start in 10370 ms.
[22:53:00] MySQL Database Connected
[22:53:00] 16 Breeds catched
[22:53:00] 256 Heads catched
[22:53:00] 561 Effects catched
[22:53:08] 11260 DofusMaps catched
[22:53:08] 454 StatedElements catched
[22:53:08] 802 InteractiveElements catched
[22:53:08] 74 HouseInformations catched
[22:53:08] 118 InteractiveDoors catched
[22:53:08] 16 Triggers catched
[22:53:08] 3614 MapPositions uncatched
[22:53:08] 14681 MapPositions catched
[22:53:08] 42 MapZaaps catched
[22:53:09] 15228 SpellLevels catched 
[22:53:09] 4772 Spells catched 
[22:53:09] 1179 LearnableSpells catched 
[22:53:09] 9780 ItemTemplates catched 
[22:53:09] 4489 Weapons catched 
[22:53:09] 363 ItemSets catched 
[22:53:09] 171 ItemTypes catched 
[22:53:10] 2476 NpcTemplates catched 
[22:53:10] 137 NpcSpawns catched 
[22:53:10] 22 NpcItems catched 
[22:53:10] 19801 NpcMessages catched 
[22:53:10] 2 NpcReplies catched 
[22:53:10] 43 Handlers Readed
[22:53:10] 48 Messages Readed
[22:53:10] WorldServer start in 10330 ms.
[23:09:36] MySQL Database Connected
[23:09:36] 16 Breeds catched
[23:09:36] 256 Heads catched
[23:09:36] 561 Effects catched
[23:09:44] 11260 DofusMaps catched
[23:09:44] 454 StatedElements catched
[23:09:44] 802 InteractiveElements catched
[23:09:44] 74 HouseInformations catched
[23:09:44] 118 InteractiveDoors catched
[23:09:44] 16 Triggers catched
[23:09:44] 3614 MapPositions uncatched
[23:09:44] 14681 MapPositions catched
[23:09:44] 42 MapZaaps catched
[23:09:44] 15228 SpellLevels catched 
[23:09:44] 4772 Spells catched 
[23:09:44] 1179 LearnableSpells catched 
[23:09:45] 9780 ItemTemplates catched 
[23:09:45] 4489 Weapons catched 
[23:09:45] 363 ItemSets catched 
[23:09:45] 171 ItemTypes catched 
[23:09:45] 2476 NpcTemplates catched 
[23:09:45] 137 NpcSpawns catched 
[23:09:45] 22 NpcItems catched 
[23:09:45] 19801 NpcMessages catched 
[23:09:45] 2 NpcReplies catched 
[23:09:45] 43 Handlers Readed
[23:09:46] 48 Messages Readed
[23:09:46] WorldServer start in 10385 ms.
[23:11:40] MySQL Database Connected
[23:11:40] 16 Breeds catched
[23:11:40] 256 Heads catched
[23:11:40] 561 Effects catched
[23:11:47] 11260 DofusMaps catched
[23:11:47] 454 StatedElements catched
[23:11:47] 802 InteractiveElements catched
[23:11:47] 74 HouseInformations catched
[23:11:47] 118 InteractiveDoors catched
[23:11:47] 16 Triggers catched
[23:11:48] 3614 MapPositions uncatched
[23:11:48] 14681 MapPositions catched
[23:11:48] 42 MapZaaps catched
[23:11:48] 15228 SpellLevels catched 
[23:11:48] 4772 Spells catched 
[23:11:48] 1179 LearnableSpells catched 
[23:11:48] 9780 ItemTemplates catched 
[23:11:48] 4489 Weapons catched 
[23:11:48] 363 ItemSets catched 
[23:11:48] 171 ItemTypes catched 
[23:11:49] 2476 NpcTemplates catched 
[23:11:49] 137 NpcSpawns catched 
[23:11:49] 22 NpcItems catched 
[23:11:49] 19801 NpcMessages catched 
[23:11:49] 2 NpcReplies catched 
[23:11:49] 43 Handlers Readed
[23:11:49] 48 Messages Readed
[23:11:49] WorldServer start in 9760 ms.
[23:14:32] MySQL Database Connected
[23:14:32] 16 Breeds catched
[23:14:32] 256 Heads catched
[23:14:32] 561 Effects catched
[23:14:45] 11260 DofusMaps catched
[23:14:45] 454 StatedElements catched
[23:14:45] 802 InteractiveElements catched
[23:14:45] 74 HouseInformations catched
[23:14:45] 118 InteractiveDoors catched
[23:14:45] 16 Triggers catched
[23:14:45] 3614 MapPositions uncatched
[23:14:45] 14681 MapPositions catched
[23:14:45] 42 MapZaaps catched
[23:14:45] 15228 SpellLevels catched 
[23:14:45] 4772 Spells catched 
[23:14:45] 1179 LearnableSpells catched 
[23:14:46] 9780 ItemTemplates catched 
[23:14:46] 4489 Weapons catched 
[23:14:46] 363 ItemSets catched 
[23:14:46] 171 ItemTypes catched 
[23:14:46] 2476 NpcTemplates catched 
[23:14:46] 137 NpcSpawns catched 
[23:14:46] 22 NpcItems catched 
[23:14:46] 19801 NpcMessages catched 
[23:14:46] 2 NpcReplies catched 
[23:14:47] 43 Handlers Readed
[23:14:47] 48 Messages Readed
[23:14:47] WorldServer start in 15566 ms.
[23:15:32] MySQL Database Connected
[23:15:32] 16 Breeds catched
[23:15:32] 256 Heads catched
[23:15:32] 561 Effects catched
[23:15:39] 11260 DofusMaps catched
[23:15:39] 454 StatedElements catched
[23:15:39] 802 InteractiveElements catched
[23:15:39] 74 HouseInformations catched
[23:15:39] 118 InteractiveDoors catched
[23:15:39] 16 Triggers catched
[23:15:39] 3614 MapPositions uncatched
[23:15:39] 14681 MapPositions catched
[23:15:39] 42 MapZaaps catched
[23:15:40] 15228 SpellLevels catched 
[23:15:40] 4772 Spells catched 
[23:15:40] 1179 LearnableSpells catched 
[23:15:40] 9780 ItemTemplates catched 
[23:15:40] 4489 Weapons catched 
[23:15:40] 363 ItemSets catched 
[23:15:40] 171 ItemTypes catched 
[23:15:41] 2476 NpcTemplates catched 
[23:15:41] 137 NpcSpawns catched 
[23:15:41] 22 NpcItems catched 
[23:15:41] 19801 NpcMessages catched 
[23:15:41] 2 NpcReplies catched 
[23:15:41] 43 Handlers Readed
[23:15:41] 48 Messages Readed
[23:15:41] WorldServer start in 9743 ms.
[23:16:48] MySQL Database Connected
[23:16:48] 16 Breeds catched
[23:16:48] 256 Heads catched
[23:16:48] 561 Effects catched
[23:16:59] 11260 DofusMaps catched
[23:16:59] 454 StatedElements catched
[23:16:59] 802 InteractiveElements catched
[23:16:59] 74 HouseInformations catched
[23:16:59] 118 InteractiveDoors catched
[23:16:59] 16 Triggers catched
[23:16:59] 3614 MapPositions uncatched
[23:16:59] 14681 MapPositions catched
[23:16:59] 42 MapZaaps catched
[23:17:00] 15228 SpellLevels catched 
[23:17:00] 4772 Spells catched 
[23:17:00] 1179 LearnableSpells catched 
[23:17:00] 9780 ItemTemplates catched 
[23:17:00] 4489 Weapons catched 
[23:17:00] 363 ItemSets catched 
[23:17:00] 171 ItemTypes catched 
[23:17:01] 2476 NpcTemplates catched 
[23:17:01] 137 NpcSpawns catched 
[23:17:01] 22 NpcItems catched 
[23:17:01] 19801 NpcMessages catched 
[23:17:01] 2 NpcReplies catched 
[23:17:01] 43 Handlers Readed
[23:17:01] 48 Messages Readed
[23:17:01] WorldServer start in 14089 ms.
[23:18:00] MySQL Database Connected
[23:18:00] 16 Breeds catched
[23:18:00] 256 Heads catched
[23:18:00] 561 Effects catched
[23:18:08] 11260 DofusMaps catched
[23:18:08] 454 StatedElements catched
[23:18:08] 802 InteractiveElements catched
[23:18:08] 74 HouseInformations catched
[23:18:08] 118 InteractiveDoors catched
[23:18:08] 16 Triggers catched
[23:18:09] 3614 MapPositions uncatched
[23:18:09] 14681 MapPositions catched
[23:18:09] 42 MapZaaps catched
[23:18:09] 15228 SpellLevels catched 
[23:18:09] 4772 Spells catched 
[23:18:09] 1179 LearnableSpells catched 
[23:18:09] 9780 ItemTemplates catched 
[23:18:09] 4489 Weapons catched 
[23:18:09] 363 ItemSets catched 
[23:18:09] 171 ItemTypes catched 
[23:18:10] 2476 NpcTemplates catched 
[23:18:10] 137 NpcSpawns catched 
[23:18:10] 22 NpcItems catched 
[23:18:10] 19801 NpcMessages catched 
[23:18:10] 2 NpcReplies catched 
[23:18:10] 43 Handlers Readed
[23:18:10] 48 Messages Readed
[23:18:10] WorldServer start in 10300 ms.
[23:20:59] MySQL Database Connected
[23:20:59] 16 Breeds catched
[23:20:59] 256 Heads catched
[23:20:59] 561 Effects catched
[23:21:09] 11260 DofusMaps catched
[23:21:09] 454 StatedElements catched
[23:21:09] 802 InteractiveElements catched
[23:21:09] 74 HouseInformations catched
[23:21:09] 118 InteractiveDoors catched
[23:21:09] 16 Triggers catched
[23:21:09] 3614 MapPositions uncatched
[23:21:09] 14681 MapPositions catched
[23:21:09] 42 MapZaaps catched
[23:21:09] 15228 SpellLevels catched 
[23:21:09] 4772 Spells catched 
[23:21:09] 1179 LearnableSpells catched 
[23:21:10] 9780 ItemTemplates catched 
[23:21:10] 4489 Weapons catched 
[23:21:10] 363 ItemSets catched 
[23:21:10] 171 ItemTypes catched 
[23:21:10] 2476 NpcTemplates catched 
[23:21:10] 137 NpcSpawns catched 
[23:21:10] 22 NpcItems catched 
[23:21:10] 19801 NpcMessages catched 
[23:21:10] 2 NpcReplies catched 
[23:21:10] 43 Handlers Readed
[23:21:11] 48 Messages Readed
[23:21:11] WorldServer start in 12230 ms.
[23:22:52] MySQL Database Connected
[23:22:52] 16 Breeds catched
[23:22:52] 256 Heads catched
[23:22:52] 561 Effects catched
[23:23:03] 11260 DofusMaps catched
[23:23:03] 454 StatedElements catched
[23:23:03] 802 InteractiveElements catched
[23:23:03] 74 HouseInformations catched
[23:23:03] 118 InteractiveDoors catched
[23:23:03] 16 Triggers catched
[23:23:03] 3614 MapPositions uncatched
[23:23:03] 14681 MapPositions catched
[23:23:03] 42 MapZaaps catched
[23:23:04] 15228 SpellLevels catched 
[23:23:04] 4772 Spells catched 
[23:23:04] 1179 LearnableSpells catched 
[23:23:04] 9780 ItemTemplates catched 
[23:23:04] 4489 Weapons catched 
[23:23:04] 363 ItemSets catched 
[23:23:04] 171 ItemTypes catched 
[23:23:04] 2476 NpcTemplates catched 
[23:23:04] 137 NpcSpawns catched 
[23:23:04] 22 NpcItems catched 
[23:23:04] 19801 NpcMessages catched 
[23:23:04] 2 NpcReplies catched 
[23:23:05] 43 Handlers Readed
[23:23:05] 48 Messages Readed
[23:23:05] WorldServer start in 13013 ms.
[23:25:17] MySQL Database Connected
[23:25:17] 16 Breeds catched
[23:25:17] 256 Heads catched
[23:25:17] 561 Effects catched
[23:25:25] 11260 DofusMaps catched
[23:25:25] 454 StatedElements catched
[23:25:25] 802 InteractiveElements catched
[23:25:25] 74 HouseInformations catched
[23:25:25] 118 InteractiveDoors catched
[23:25:25] 16 Triggers catched
[23:25:25] 3614 MapPositions uncatched
[23:25:25] 14681 MapPositions catched
[23:25:25] 42 MapZaaps catched
[23:25:26] 15228 SpellLevels catched 
[23:25:26] 4772 Spells catched 
[23:25:26] 1179 LearnableSpells catched 
[23:25:26] 9780 ItemTemplates catched 
[23:25:26] 4489 Weapons catched 
[23:25:26] 363 ItemSets catched 
[23:25:26] 171 ItemTypes catched 
[23:25:26] 2476 NpcTemplates catched 
[23:25:26] 137 NpcSpawns catched 
[23:25:26] 22 NpcItems catched 
[23:25:26] 19801 NpcMessages catched 
[23:25:26] 2 NpcReplies catched 
[23:25:27] 43 Handlers Readed
[23:25:27] 48 Messages Readed
[23:25:27] WorldServer start in 10328 ms.
[23:26:39] MySQL Database Connected
[23:26:39] 16 Breeds catched
[23:26:39] 256 Heads catched
[23:26:39] 561 Effects catched
[23:26:46] 11260 DofusMaps catched
[23:26:46] 454 StatedElements catched
[23:26:46] 802 InteractiveElements catched
[23:26:47] 74 HouseInformations catched
[23:26:47] 118 InteractiveDoors catched
[23:26:47] 16 Triggers catched
[23:26:47] 3614 MapPositions uncatched
[23:26:47] 14681 MapPositions catched
[23:26:47] 42 MapZaaps catched
[23:26:47] 15228 SpellLevels catched 
[23:26:47] 4772 Spells catched 
[23:26:47] 1179 LearnableSpells catched 
[23:26:47] 9780 ItemTemplates catched 
[23:26:47] 4489 Weapons catched 
[23:26:47] 363 ItemSets catched 
[23:26:47] 171 ItemTypes catched 
[23:26:48] 2476 NpcTemplates catched 
[23:26:48] 137 NpcSpawns catched 
[23:26:48] 22 NpcItems catched 
[23:26:48] 19801 NpcMessages catched 
[23:26:48] 2 NpcReplies catched 
[23:26:48] 43 Handlers Readed
[23:26:48] 48 Messages Readed
[23:26:48] WorldServer start in 10007 ms.
