mai 02, 2015 10:58:47 PM com.j256.ormlite.logger.Slf4jLoggingLog log
GRAVE: WARNING: you seem to not be using the Xerial SQLite driver.  See ORMLite docs on SQLite: http://ormlite.com/docs/sqlite
[22:58:55] Map 147981057 stated nulled
[22:58:55] Map 147854081 stated nulled
[22:58:55] Map 149946368 stated nulled
[22:58:55] Map 149946368 stated nulled
[22:58:55] Map 147850247 stated nulled
[22:58:55] Map 147850247 stated nulled
[22:58:55] Map 147850247 stated nulled
[22:58:55] Map 147850247 stated nulled
[22:58:55] Map 147850247 stated nulled
[22:58:55] Map 147850247 stated nulled
[22:58:55] Map 147981314 stated nulled
[22:58:55] Map 147981314 stated nulled
[22:58:55] Map 147981314 stated nulled
[22:58:55] Map 147981314 stated nulled
[22:58:55] Map 147981314 stated nulled
[22:58:55] Map 147854341 stated nulled
[22:58:55] Map 147854341 stated nulled
[22:58:55] Map 147854341 stated nulled
[22:58:55] Map 147854340 stated nulled
[22:58:55] Map 147854340 stated nulled
[22:58:55] Map 147854340 stated nulled
[22:58:55] Map 147854340 stated nulled
[22:58:55] Map 147854340 stated nulled
[22:58:55] Map 147854340 stated nulled
[22:58:55] Map 147853828 stated nulled
[22:58:55] Map 147853828 stated nulled
[22:58:55] Map 147853828 stated nulled
[22:58:55] Map 147853828 stated nulled
[22:58:55] Map 147853828 stated nulled
[22:58:55] Map 147853829 stated nulled
[22:58:55] Map 147853829 stated nulled
[22:58:55] Map 147853829 stated nulled
[22:58:55] Map 147853829 stated nulled
[22:58:56] Map 147849218 element nulled
[22:58:56] Map 147850247 element nulled
[22:58:56] Map 147850247 element nulled
[22:58:56] Map 147850247 element nulled
[22:58:56] Map 147850247 element nulled
[22:58:56] Map 147850247 element nulled
[22:58:56] Map 147850247 element nulled
[22:58:56] Map 147850249 element nulled
[22:58:56] Map 147850754 element nulled
[22:58:56] Map 147850755 element nulled
[22:58:56] Map 147850756 element nulled
[22:58:56] Map 147851009 element nulled
[22:58:56] Map 147851782 element nulled
[22:58:56] Map 147852290 element nulled
[22:58:56] Map 147853312 element nulled
[22:58:56] Map 147853312 element nulled
[22:58:56] Map 147853315 element nulled
[22:58:56] Map 147853826 element nulled
[22:58:56] Map 147853828 element nulled
[22:58:56] Map 147853828 element nulled
[22:58:56] Map 147853828 element nulled
[22:58:56] Map 147853828 element nulled
[22:58:56] Map 147853828 element nulled
[22:58:56] Map 147853829 element nulled
[22:58:56] Map 147853829 element nulled
[22:58:56] Map 147853829 element nulled
[22:58:56] Map 147853829 element nulled
[22:58:56] Map 147854081 element nulled
[22:58:56] Map 147854339 element nulled
[22:58:56] Map 147854340 element nulled
[22:58:56] Map 147854340 element nulled
[22:58:56] Map 147854340 element nulled
[22:58:56] Map 147854340 element nulled
[22:58:56] Map 147854340 element nulled
[22:58:56] Map 147854340 element nulled
[22:58:56] Map 147854341 element nulled
[22:58:56] Map 147854341 element nulled
[22:58:56] Map 147854341 element nulled
[22:58:56] Map 147981057 element nulled
[22:58:56] Map 147981314 element nulled
[22:58:56] Map 147981314 element nulled
[22:58:56] Map 147981314 element nulled
[22:58:56] Map 147981314 element nulled
[22:58:56] Map 147981314 element nulled
[22:58:56] Map 149946368 element nulled
[22:58:56] Map 149946368 element nulled
[22:58:56] Map 149946368 element nulled
[22:58:56] Map 149946368 element nulled
[22:58:56] Map 149946368 element nulled
[22:58:56] Map 149946368 element nulled
[22:58:57] Map 143160 trigger null
[22:58:57] Map 147853826 trigger null
[22:58:57] Map 88087301 trigger null
[22:58:57] Map 100984832 trigger null
[22:58:57] Map 100925448 trigger null
[22:58:57] Map 87032320 trigger null
[22:58:57] Map 1644497935 trigger null
[22:58:57] Map 84804355 trigger null
[22:58:57] Map 1728397333 trigger null
[22:58:57] Map 1594166284 trigger null
[22:58:57] Map 83628032 trigger null
[22:58:57] Map 83364864 trigger null
[22:58:57] Map 84675078 trigger null
[22:58:57] Map 1678118918 trigger null
[22:58:57] Map 101713413 trigger null
[22:58:57] Map 91752967 trigger null
[22:58:57] Map 117704202 trigger null
[22:58:57] Map 96470530 trigger null
[22:58:57] Map 537243660 trigger null
[22:58:57] Map 537229326 trigger null
[22:58:57] Map 13093 trigger null
[22:58:57] Map 1594312714 trigger null
[22:58:57] Map 122159619 trigger null
mai 02, 2015 10:58:58 PM org.reflections.Reflections scan
INFOS: Reflections took 195 ms to scan 1 urls, producing 1 keys and 96 values 
mai 02, 2015 10:58:58 PM org.reflections.Reflections scan
INFOS: Reflections took 332 ms to scan 1 urls, producing 2 keys and 126 values 
[22:59:54] Undefinied Stat id 800
[22:59:54] Undefinied Stat id 807
[22:59:54] Undefinied Stat id 806
[22:59:54] Undefinied Stat id 10
[22:59:54] Undefinied Stat id 10
[22:59:54] Undefinied Stat id 995
