[21:48:33] MySQL Database Connected
[21:48:33] 16 Breeds catched
[21:48:33] 256 Heads catched
[21:48:33] 561 Effects catched
[21:48:41] 11260 DofusMaps catched
[21:50:29] MySQL Database Connected
[21:50:29] 16 Breeds catched
[21:50:29] 256 Heads catched
[21:50:29] 561 Effects catched
[21:50:37] 11260 DofusMaps catched
[21:50:37] 9761 StatedElements catched
[21:51:15] MySQL Database Connected
[21:51:15] 16 Breeds catched
[21:51:15] 256 Heads catched
[21:51:15] 561 Effects catched
[21:51:23] 11260 DofusMaps catched
[21:51:23] 9761 StatedElements catched
[21:51:23] 13350 InteractiveElements catched
[21:51:23] 1485 HouseInformations catched
[21:51:23] 666 InteractiveDoors catched
[21:51:23] 3614 MapPositions uncatched
[21:51:23] 14681 MapPositions catched
[21:51:24] 42 MapZaaps catched
[21:51:24] 15228 SpellLevels catched 
[21:51:24] 4772 Spells catched 
[21:51:24] 1179 LearnableSpells catched 
[21:51:24] 9780 ItemTemplates catched 
[21:51:25] 4489 Weapons catched 
[21:51:25] 363 ItemSets catched 
[21:51:25] 171 ItemTypes catched 
[21:51:25] 110 ItemPets catched 
[21:51:25] 2476 NpcTemplates catched 
[21:51:25] 787 NpcSpawns catched 
[21:51:25] 94 NpcItems catched 
[21:51:26] 19801 NpcMessages catched 
[21:51:26] 7 NpcReplies catched 
[21:51:26] 0 Triggers catched
[21:51:26] 1281 Paddocks catched
[21:51:26] 72 Mounts catched
[21:51:29] 96 Handlers Readed
[21:51:32] 125 Messages Readed
[21:51:32] WorldServer start in 18308 ms.
[21:52:03] MySQL Database Connected
[21:52:03] 16 Breeds catched
[21:52:03] 256 Heads catched
[21:52:03] 561 Effects catched
[21:52:11] 11260 DofusMaps catched
[21:52:11] 9761 StatedElements catched
[21:52:11] 13350 InteractiveElements catched
[21:52:11] 1485 HouseInformations catched
[21:52:11] 666 InteractiveDoors catched
[21:52:11] 3614 MapPositions uncatched
[21:52:11] 14681 MapPositions catched
[21:52:11] 42 MapZaaps catched
[21:52:12] 15228 SpellLevels catched 
[21:52:12] 4772 Spells catched 
[21:52:12] 1179 LearnableSpells catched 
[21:52:12] 9780 ItemTemplates catched 
[21:52:12] 4489 Weapons catched 
[21:52:13] 363 ItemSets catched 
[21:52:13] 171 ItemTypes catched 
[21:52:13] 110 ItemPets catched 
[21:52:13] 2476 NpcTemplates catched 
[21:52:13] 787 NpcSpawns catched 
[21:52:13] 94 NpcItems catched 
[21:52:13] 19801 NpcMessages catched 
[21:52:13] 7 NpcReplies catched 
[21:52:13] 347 Triggers catched
[21:52:14] 1281 Paddocks catched
[21:52:14] 72 Mounts catched
[21:52:14] 96 Handlers Readed
[21:52:15] 125 Messages Readed
[21:52:15] WorldServer start in 12167 ms.
[22:56:10] MySQL Database Connected
[22:56:10] 16 Breeds catched
[22:56:10] 256 Heads catched
[22:56:10] 561 Effects catched
[22:56:20] 11260 DofusMaps catched
[22:56:20] 9761 StatedElements catched
[22:56:20] 13350 InteractiveElements catched
[22:56:20] 1485 HouseInformations catched
[22:56:20] 666 InteractiveDoors catched
[22:56:20] 3614 MapPositions uncatched
[22:56:20] 14681 MapPositions catched
[22:56:20] 42 MapZaaps catched
[22:56:21] 15228 SpellLevels catched 
[22:56:21] 4772 Spells catched 
[22:56:21] 1179 LearnableSpells catched 
[22:56:21] 9780 ItemTemplates catched 
[22:56:21] 4489 Weapons catched 
[22:56:21] 363 ItemSets catched 
[22:56:21] 171 ItemTypes catched 
[22:56:21] 110 ItemPets catched 
[22:56:22] 2476 NpcTemplates catched 
[22:56:22] 787 NpcSpawns catched 
[22:56:22] 94 NpcItems catched 
[22:56:22] 19801 NpcMessages catched 
[22:56:22] 7 NpcReplies catched 
[22:56:22] 305 Triggers catched
[22:56:22] 1281 Paddocks catched
[22:56:22] 72 Mounts catched
[22:56:22] 96 Handlers Readed
[22:56:23] 125 Messages Readed
[22:56:23] WorldServer start in 12942 ms.
[22:58:47] MySQL Database Connected
[22:58:47] 16 Breeds catched
[22:58:47] 256 Heads catched
[22:58:47] 561 Effects catched
[22:58:55] 11260 DofusMaps catched
[22:58:55] 9761 StatedElements catched
[22:58:56] 13350 InteractiveElements catched
[22:58:56] 1485 HouseInformations catched
[22:58:56] 666 InteractiveDoors catched
[22:58:56] 3614 MapPositions uncatched
[22:58:56] 14681 MapPositions catched
[22:58:56] 42 MapZaaps catched
[22:58:56] 15228 SpellLevels catched 
[22:58:56] 4772 Spells catched 
[22:58:56] 1179 LearnableSpells catched 
[22:58:56] 9780 ItemTemplates catched 
[22:58:57] 4489 Weapons catched 
[22:58:57] 363 ItemSets catched 
[22:58:57] 171 ItemTypes catched 
[22:58:57] 110 ItemPets catched 
[22:58:57] 2476 NpcTemplates catched 
[22:58:57] 787 NpcSpawns catched 
[22:58:57] 94 NpcItems catched 
[22:58:57] 19801 NpcMessages catched 
[22:58:57] 7 NpcReplies catched 
[22:58:57] 305 Triggers catched
[22:58:57] 1281 Paddocks catched
[22:58:57] 72 Mounts catched
[22:58:58] 96 Handlers Readed
[22:58:58] 125 Messages Readed
[22:58:58] WorldServer start in 11155 ms.
