avr. 18, 2015 11:25:46 PM org.reflections.Reflections scan
INFOS: Reflections took 185 ms to scan 1 urls, producing 1 keys and 79 values 
avr. 18, 2015 11:25:47 PM org.reflections.Reflections scan
INFOS: Reflections took 286 ms to scan 1 urls, producing 2 keys and 109 values 
[23:26:08] Undefinied Stat id 970
[23:26:08] Undefinied Stat id 974
[23:26:08] Undefinied Stat id 973
[23:26:08] Undefinied Stat id 971
[23:26:08] Undefinied Stat id 972
[23:26:08] Undefinied Stat id 800
[23:26:08] Undefinied Stat id 807
[23:26:08] Undefinied Stat id 806
[23:26:08] Undefinied Stat id 153
[23:26:08] Undefinied Stat id 10
[23:26:08] Undefinied Stat id 10
[23:26:08] Undefinied Stat id 285
[23:26:08] Undefinied Stat id 281
[23:26:08] Undefinied Stat id 288
[23:26:08] Undefinied Stat id 283
[23:26:08] Undefinied Stat id 110
[23:26:17] [ERROR] Unknown Message Header Handler -3263/127.0.0.1:57506
[23:26:24] Undefinied Stat id 800
[23:26:24] Undefinied Stat id 806
[23:26:24] Undefinied Stat id 807
[23:26:29] [ERROR] Unknown Message Header Handler 64/127.0.0.1:57506
[23:26:29] [ERROR] Unknown Message Header Handler IdentificationFailedMessage/127.0.0.1:57506
[23:27:39] (client->proxy->server)[ip:/127.0.0.1]::Error:{org.apache.mina.filter.codec.ProtocolEncoderException: java.lang.NullPointerException
	at org.apache.mina.filter.codec.ProtocolCodecFilter.filterWrite(ProtocolCodecFilter.java:337)
	at org.apache.mina.core.filterchain.DefaultIoFilterChain.callPreviousFilterWrite(DefaultIoFilterChain.java:625)
	at org.apache.mina.core.filterchain.DefaultIoFilterChain.access$1500(DefaultIoFilterChain.java:48)
	at org.apache.mina.core.filterchain.DefaultIoFilterChain$EntryImpl$1.filterWrite(DefaultIoFilterChain.java:953)
	at org.apache.mina.core.filterchain.DefaultIoFilterChain$TailFilter.filterWrite(DefaultIoFilterChain.java:877)
	at org.apache.mina.core.filterchain.DefaultIoFilterChain.callPreviousFilterWrite(DefaultIoFilterChain.java:625)
	at org.apache.mina.core.filterchain.DefaultIoFilterChain.fireFilterWrite(DefaultIoFilterChain.java:618)
	at org.apache.mina.core.session.AbstractIoSession.write(AbstractIoSession.java:502)
	at org.apache.mina.core.session.AbstractIoSession.write(AbstractIoSession.java:447)
	at koh.game.network.WorldClient.sendPacket(WorldClient.java:233)
	at koh.game.network.handlers.character.ChatHandler.HandleChatClientPrivateWithObjectMessage(ChatHandler.java:88)
	at sun.reflect.NativeMethodAccessorImpl.invoke0(Native Method)
	at sun.reflect.NativeMethodAccessorImpl.invoke(NativeMethodAccessorImpl.java:62)
	at sun.reflect.DelegatingMethodAccessorImpl.invoke(DelegatingMethodAccessorImpl.java:43)
	at java.lang.reflect.Method.invoke(Method.java:483)
	at koh.game.network.WorldClient.parsePacket(WorldClient.java:215)
	at koh.game.network.WorldHandler.messageReceived(WorldHandler.java:44)
	at org.apache.mina.core.filterchain.DefaultIoFilterChain$TailFilter.messageReceived(DefaultIoFilterChain.java:854)
	at org.apache.mina.core.filterchain.DefaultIoFilterChain.callNextMessageReceived(DefaultIoFilterChain.java:542)
	at org.apache.mina.core.filterchain.DefaultIoFilterChain.access$1300(DefaultIoFilterChain.java:48)
	at org.apache.mina.core.filterchain.DefaultIoFilterChain$EntryImpl$1.messageReceived(DefaultIoFilterChain.java:943)
	at org.apache.mina.filter.codec.ProtocolCodecFilter$ProtocolDecoderOutputImpl.flush(ProtocolCodecFilter.java:405)
	at org.apache.mina.filter.codec.ProtocolCodecFilter.messageReceived(ProtocolCodecFilter.java:235)
	at org.apache.mina.core.filterchain.DefaultIoFilterChain.callNextMessageReceived(DefaultIoFilterChain.java:542)
	at org.apache.mina.core.filterchain.DefaultIoFilterChain.access$1300(DefaultIoFilterChain.java:48)
	at org.apache.mina.core.filterchain.DefaultIoFilterChain$EntryImpl$1.messageReceived(DefaultIoFilterChain.java:943)
	at org.apache.mina.core.filterchain.IoFilterAdapter.messageReceived(IoFilterAdapter.java:109)
	at org.apache.mina.core.filterchain.DefaultIoFilterChain.callNextMessageReceived(DefaultIoFilterChain.java:542)
	at org.apache.mina.core.filterchain.DefaultIoFilterChain.fireMessageReceived(DefaultIoFilterChain.java:535)
	at org.apache.mina.core.polling.AbstractPollingIoProcessor.read(AbstractPollingIoProcessor.java:714)
	at org.apache.mina.core.polling.AbstractPollingIoProcessor.process(AbstractPollingIoProcessor.java:668)
	at org.apache.mina.core.polling.AbstractPollingIoProcessor.process(AbstractPollingIoProcessor.java:657)
	at org.apache.mina.core.polling.AbstractPollingIoProcessor.access$600(AbstractPollingIoProcessor.java:67)
	at org.apache.mina.core.polling.AbstractPollingIoProcessor$Processor.run(AbstractPollingIoProcessor.java:1121)
	at org.apache.mina.util.NamePreservingRunnable.run(NamePreservingRunnable.java:64)
	at java.util.concurrent.ThreadPoolExecutor.runWorker(ThreadPoolExecutor.java:1142)
	at java.util.concurrent.ThreadPoolExecutor$Worker.run(ThreadPoolExecutor.java:617)
	at java.lang.Thread.run(Thread.java:745)
Caused by: java.lang.NullPointerException
	at koh.protocol.messages.game.chat.ChatServerCopyWithObjectMessage.serialize(ChatServerCopyWithObjectMessage.java:39)
	at koh.protocol.client.codec.ProtocolEncoder.encode(ProtocolEncoder.java:59)
	at org.apache.mina.filter.codec.ProtocolCodecFilter.filterWrite(ProtocolCodecFilter.java:306)
	... 37 more
}
java.lang.reflect.InvocationTargetException
	at sun.reflect.NativeMethodAccessorImpl.invoke0(Native Method)
	at sun.reflect.NativeMethodAccessorImpl.invoke(NativeMethodAccessorImpl.java:62)
	at sun.reflect.DelegatingMethodAccessorImpl.invoke(DelegatingMethodAccessorImpl.java:43)
	at java.lang.reflect.Method.invoke(Method.java:483)
	at koh.game.network.WorldClient.parsePacket(WorldClient.java:215)
	at koh.game.network.WorldHandler.messageReceived(WorldHandler.java:44)
	at org.apache.mina.core.filterchain.DefaultIoFilterChain$TailFilter.messageReceived(DefaultIoFilterChain.java:854)
	at org.apache.mina.core.filterchain.DefaultIoFilterChain.callNextMessageReceived(DefaultIoFilterChain.java:542)
	at org.apache.mina.core.filterchain.DefaultIoFilterChain.access$1300(DefaultIoFilterChain.java:48)
	at org.apache.mina.core.filterchain.DefaultIoFilterChain$EntryImpl$1.messageReceived(DefaultIoFilterChain.java:943)
	at org.apache.mina.filter.codec.ProtocolCodecFilter$ProtocolDecoderOutputImpl.flush(ProtocolCodecFilter.java:405)
	at org.apache.mina.filter.codec.ProtocolCodecFilter.messageReceived(ProtocolCodecFilter.java:235)
	at org.apache.mina.core.filterchain.DefaultIoFilterChain.callNextMessageReceived(DefaultIoFilterChain.java:542)
	at org.apache.mina.core.filterchain.DefaultIoFilterChain.access$1300(DefaultIoFilterChain.java:48)
	at org.apache.mina.core.filterchain.DefaultIoFilterChain$EntryImpl$1.messageReceived(DefaultIoFilterChain.java:943)
	at org.apache.mina.core.filterchain.IoFilterAdapter.messageReceived(IoFilterAdapter.java:109)
	at org.apache.mina.core.filterchain.DefaultIoFilterChain.callNextMessageReceived(DefaultIoFilterChain.java:542)
	at org.apache.mina.core.filterchain.DefaultIoFilterChain.fireMessageReceived(DefaultIoFilterChain.java:535)
	at org.apache.mina.core.polling.AbstractPollingIoProcessor.read(AbstractPollingIoProcessor.java:714)
	at org.apache.mina.core.polling.AbstractPollingIoProcessor.process(AbstractPollingIoProcessor.java:668)
	at org.apache.mina.core.polling.AbstractPollingIoProcessor.process(AbstractPollingIoProcessor.java:657)
	at org.apache.mina.core.polling.AbstractPollingIoProcessor.access$600(AbstractPollingIoProcessor.java:67)
	at org.apache.mina.core.polling.AbstractPollingIoProcessor$Processor.run(AbstractPollingIoProcessor.java:1121)
	at org.apache.mina.util.NamePreservingRunnable.run(NamePreservingRunnable.java:64)
	at java.util.concurrent.ThreadPoolExecutor.runWorker(ThreadPoolExecutor.java:1142)
	at java.util.concurrent.ThreadPoolExecutor$Worker.run(ThreadPoolExecutor.java:617)
	at java.lang.Thread.run(Thread.java:745)
Caused by: java.lang.NullPointerException
	at koh.game.network.handlers.character.ChatHandler.HandleChatClientPrivateWithObjectMessage(ChatHandler.java:89)
	... 27 more
