[12:34:16] MySQL Database Connected
[12:34:16] 16 Breeds catched
[12:34:16] 256 Heads catched
[12:34:16] 561 Effects catched
[12:34:25] 11260 DofusMaps catched
[12:34:25] 454 StatedElements catched
[12:34:25] 802 InteractiveElements catched
[12:34:25] 74 HouseInformations catched
[12:34:25] 120 InteractiveDoors catched
[12:34:25] 3614 MapPositions uncatched
[12:34:25] 14681 MapPositions catched
[12:34:25] 42 MapZaaps catched
[12:34:27] 15228 SpellLevels catched 
[12:34:27] 4772 Spells catched 
[12:34:27] 1179 LearnableSpells catched 
[12:34:27] 9780 ItemTemplates catched 
[12:34:27] 4489 Weapons catched 
[12:34:27] 363 ItemSets catched 
[12:34:27] 171 ItemTypes catched 
[12:34:27] 110 ItemPets catched 
[12:34:28] 2476 NpcTemplates catched 
[12:34:28] 138 NpcSpawns catched 
[12:34:28] 50 NpcItems catched 
[12:34:28] 19801 NpcMessages catched 
[12:34:29] 7 NpcReplies catched 
[12:34:30] 18 Triggers catched
[12:34:33] 70 Handlers Readed
[12:34:39] 105 Messages Readed
[12:34:39] WorldServer start in 23646 ms.
[12:38:29] MySQL Database Connected
[12:38:29] 16 Breeds catched
[12:38:29] 256 Heads catched
[12:38:29] 561 Effects catched
[12:38:38] 11260 DofusMaps catched
[12:38:38] 454 StatedElements catched
[12:38:38] 802 InteractiveElements catched
[12:38:38] 74 HouseInformations catched
[12:38:38] 120 InteractiveDoors catched
[12:38:38] 3614 MapPositions uncatched
[12:38:38] 14681 MapPositions catched
[12:38:38] 42 MapZaaps catched
[12:38:38] 15228 SpellLevels catched 
[12:38:38] 4772 Spells catched 
[12:38:38] 1179 LearnableSpells catched 
[12:38:39] 9780 ItemTemplates catched 
[12:38:39] 4489 Weapons catched 
[12:38:39] 363 ItemSets catched 
[12:38:39] 171 ItemTypes catched 
[12:38:39] 110 ItemPets catched 
[12:38:39] 2476 NpcTemplates catched 
[12:38:39] 138 NpcSpawns catched 
[12:38:39] 50 NpcItems catched 
[12:38:39] 19801 NpcMessages catched 
[12:38:39] 7 NpcReplies catched 
[12:38:39] 18 Triggers catched
[12:38:40] 70 Handlers Readed
[12:38:40] 105 Messages Readed
[12:38:40] WorldServer start in 11305 ms.
[12:41:23] MySQL Database Connected
[12:41:23] 16 Breeds catched
[12:41:23] 256 Heads catched
[12:41:23] 561 Effects catched
[12:41:30] 11260 DofusMaps catched
[12:41:30] 454 StatedElements catched
[12:41:30] 802 InteractiveElements catched
[12:41:30] 74 HouseInformations catched
[12:41:30] 120 InteractiveDoors catched
[12:41:30] 3614 MapPositions uncatched
[12:41:30] 14681 MapPositions catched
[12:41:30] 42 MapZaaps catched
[12:41:31] 15228 SpellLevels catched 
[12:41:31] 4772 Spells catched 
[12:41:31] 1179 LearnableSpells catched 
[12:41:31] 9780 ItemTemplates catched 
[12:41:31] 4489 Weapons catched 
[12:41:31] 363 ItemSets catched 
[12:41:31] 171 ItemTypes catched 
[12:41:31] 110 ItemPets catched 
[12:41:31] 2476 NpcTemplates catched 
[12:41:31] 138 NpcSpawns catched 
[12:41:31] 50 NpcItems catched 
[12:41:31] 19801 NpcMessages catched 
[12:41:31] 7 NpcReplies catched 
[12:41:32] 18 Triggers catched
[12:41:32] 70 Handlers Readed
[12:41:32] 105 Messages Readed
[12:41:32] WorldServer start in 9869 ms.
[12:54:46] Packet not handled 5602
[12:56:31] Packet not handled 5602
[13:22:17] MySQL Database Connected
[13:22:17] 16 Breeds catched
[13:22:17] 256 Heads catched
[13:22:17] 561 Effects catched
[13:22:25] 11260 DofusMaps catched
[13:22:25] 454 StatedElements catched
[13:22:25] 802 InteractiveElements catched
[13:22:25] 74 HouseInformations catched
[13:22:25] 120 InteractiveDoors catched
[13:22:25] 3614 MapPositions uncatched
[13:22:25] 14681 MapPositions catched
[13:22:25] 42 MapZaaps catched
[13:22:25] 15228 SpellLevels catched 
[13:22:25] 4772 Spells catched 
[13:22:25] 1179 LearnableSpells catched 
[13:22:26] 9780 ItemTemplates catched 
[13:22:26] 4489 Weapons catched 
[13:22:26] 363 ItemSets catched 
[13:22:26] 171 ItemTypes catched 
[13:22:26] 110 ItemPets catched 
[13:22:26] 2476 NpcTemplates catched 
[13:22:26] 138 NpcSpawns catched 
[13:22:26] 50 NpcItems catched 
[13:22:26] 19801 NpcMessages catched 
[13:22:26] 7 NpcReplies catched 
[13:22:26] 18 Triggers catched
[13:22:27] 73 Handlers Readed
[13:22:27] 105 Messages Readed
[13:22:27] WorldServer start in 10735 ms.
[13:26:23] MySQL Database Connected
[13:26:23] 16 Breeds catched
[13:26:23] 256 Heads catched
[13:26:23] 561 Effects catched
[13:26:31] 11260 DofusMaps catched
[13:26:31] 454 StatedElements catched
[13:26:31] 802 InteractiveElements catched
[13:26:31] 74 HouseInformations catched
[13:26:31] 120 InteractiveDoors catched
[13:26:31] 3614 MapPositions uncatched
[13:26:31] 14681 MapPositions catched
[13:26:31] 42 MapZaaps catched
[13:26:31] 15228 SpellLevels catched 
[13:26:31] 4772 Spells catched 
[13:26:31] 1179 LearnableSpells catched 
[13:26:32] 9780 ItemTemplates catched 
[13:26:32] 4489 Weapons catched 
[13:26:32] 363 ItemSets catched 
[13:26:32] 171 ItemTypes catched 
[13:26:32] 110 ItemPets catched 
[13:26:32] 2476 NpcTemplates catched 
[13:26:32] 138 NpcSpawns catched 
[13:26:32] 50 NpcItems catched 
[13:26:32] 19801 NpcMessages catched 
[13:26:32] 7 NpcReplies catched 
[13:26:32] 18 Triggers catched
[13:26:32] 73 Handlers Readed
[13:26:33] 105 Messages Readed
[13:26:33] WorldServer start in 9913 ms.
[13:30:07] MySQL Database Connected
[13:30:07] 16 Breeds catched
[13:30:07] 256 Heads catched
[13:30:07] 561 Effects catched
[13:30:15] 11260 DofusMaps catched
[13:30:15] 454 StatedElements catched
[13:30:15] 802 InteractiveElements catched
[13:30:15] 74 HouseInformations catched
[13:30:15] 120 InteractiveDoors catched
[13:30:15] 3614 MapPositions uncatched
[13:30:15] 14681 MapPositions catched
[13:30:15] 42 MapZaaps catched
[13:30:15] 15228 SpellLevels catched 
[13:30:15] 4772 Spells catched 
[13:30:15] 1179 LearnableSpells catched 
[13:30:15] 9780 ItemTemplates catched 
[13:30:16] 4489 Weapons catched 
[13:30:16] 363 ItemSets catched 
[13:30:16] 171 ItemTypes catched 
[13:30:16] 110 ItemPets catched 
[13:30:16] 2476 NpcTemplates catched 
[13:30:16] 138 NpcSpawns catched 
[13:30:16] 50 NpcItems catched 
[13:30:16] 19801 NpcMessages catched 
[13:30:16] 7 NpcReplies catched 
[13:30:16] 18 Triggers catched
[13:30:16] 73 Handlers Readed
[13:30:17] 105 Messages Readed
[13:30:17] WorldServer start in 10302 ms.
[13:38:13] MySQL Database Connected
[13:38:13] 16 Breeds catched
[13:38:13] 256 Heads catched
[13:38:13] 561 Effects catched
[13:38:21] 11260 DofusMaps catched
[13:38:21] 454 StatedElements catched
[13:38:21] 802 InteractiveElements catched
[13:38:21] 74 HouseInformations catched
[13:38:21] 120 InteractiveDoors catched
[13:38:21] 3614 MapPositions uncatched
[13:38:21] 14681 MapPositions catched
[13:38:21] 42 MapZaaps catched
[13:38:21] 15228 SpellLevels catched 
[13:38:21] 4772 Spells catched 
[13:38:21] 1179 LearnableSpells catched 
[13:38:21] 9780 ItemTemplates catched 
[13:38:22] 4489 Weapons catched 
[13:38:22] 363 ItemSets catched 
[13:38:22] 171 ItemTypes catched 
[13:38:22] 110 ItemPets catched 
[13:38:22] 2476 NpcTemplates catched 
[13:38:22] 138 NpcSpawns catched 
[13:38:22] 50 NpcItems catched 
[13:38:22] 19801 NpcMessages catched 
[13:38:22] 7 NpcReplies catched 
[13:38:22] 18 Triggers catched
[13:38:22] 73 Handlers Readed
[13:38:23] 105 Messages Readed
[13:38:23] WorldServer start in 10006 ms.
[14:11:16] MySQL Database Connected
[14:11:16] 16 Breeds catched
[14:11:16] 256 Heads catched
[14:11:16] 561 Effects catched
[14:12:14] 11260 DofusMaps catched
[14:12:14] 454 StatedElements catched
[14:12:14] 802 InteractiveElements catched
[14:12:14] 74 HouseInformations catched
[14:12:14] 120 InteractiveDoors catched
[14:12:14] 3614 MapPositions uncatched
[14:12:14] 14681 MapPositions catched
[14:12:14] 42 MapZaaps catched
[14:12:14] 15228 SpellLevels catched 
[14:12:14] 4772 Spells catched 
[14:12:14] 1179 LearnableSpells catched 
[14:12:15] 9780 ItemTemplates catched 
[14:12:15] 4489 Weapons catched 
[14:12:15] 363 ItemSets catched 
[14:12:15] 171 ItemTypes catched 
[14:12:15] 110 ItemPets catched 
[14:12:15] 2476 NpcTemplates catched 
[14:12:15] 138 NpcSpawns catched 
[14:12:15] 50 NpcItems catched 
[14:12:15] 19801 NpcMessages catched 
[14:12:15] 7 NpcReplies catched 
[14:12:15] 18 Triggers catched
[14:12:16] 73 Handlers Readed
[14:12:16] 105 Messages Readed
[14:12:16] WorldServer start in 60910 ms.
[14:25:48] MySQL Database Connected
[14:25:48] 16 Breeds catched
[14:25:48] 256 Heads catched
[14:25:48] 561 Effects catched
[14:25:57] 11260 DofusMaps catched
[14:25:57] 454 StatedElements catched
[14:25:57] 802 InteractiveElements catched
[14:25:57] 74 HouseInformations catched
[14:25:57] 120 InteractiveDoors catched
[14:25:57] 3614 MapPositions uncatched
[14:25:57] 14681 MapPositions catched
[14:25:57] 42 MapZaaps catched
[14:25:57] 15228 SpellLevels catched 
[14:25:57] 4772 Spells catched 
[14:25:57] 1179 LearnableSpells catched 
[14:25:58] 9780 ItemTemplates catched 
[14:25:58] 4489 Weapons catched 
[14:25:58] 363 ItemSets catched 
[14:25:58] 171 ItemTypes catched 
[14:25:58] 110 ItemPets catched 
[14:25:58] 2476 NpcTemplates catched 
[14:25:58] 138 NpcSpawns catched 
[14:25:58] 50 NpcItems catched 
[14:25:58] 19801 NpcMessages catched 
[14:25:58] 7 NpcReplies catched 
[14:25:58] 18 Triggers catched
[14:25:59] 73 Handlers Readed
[14:25:59] 105 Messages Readed
[14:25:59] WorldServer start in 11732 ms.
[14:34:02] MySQL Database Connected
[14:34:02] 16 Breeds catched
[14:34:02] 256 Heads catched
[14:34:02] 561 Effects catched
[14:34:10] 11260 DofusMaps catched
[14:34:10] 454 StatedElements catched
[14:34:10] 802 InteractiveElements catched
[14:34:10] 74 HouseInformations catched
[14:34:10] 120 InteractiveDoors catched
[14:34:10] 3614 MapPositions uncatched
[14:34:10] 14681 MapPositions catched
[14:34:10] 42 MapZaaps catched
[14:34:10] 15228 SpellLevels catched 
[14:34:10] 4772 Spells catched 
[14:34:10] 1179 LearnableSpells catched 
[14:34:11] 9780 ItemTemplates catched 
[14:34:11] 4489 Weapons catched 
[14:34:11] 363 ItemSets catched 
[14:34:11] 171 ItemTypes catched 
[14:34:11] 110 ItemPets catched 
[14:34:11] 2476 NpcTemplates catched 
[14:34:11] 138 NpcSpawns catched 
[14:34:11] 50 NpcItems catched 
[14:34:11] 19801 NpcMessages catched 
[14:34:11] 7 NpcReplies catched 
[14:34:11] 18 Triggers catched
[14:34:12] 73 Handlers Readed
[14:34:12] 105 Messages Readed
[14:34:12] WorldServer start in 10491 ms.
[14:40:36] MySQL Database Connected
[14:40:36] 16 Breeds catched
[14:40:36] 256 Heads catched
[14:40:36] 561 Effects catched
[14:40:52] 11260 DofusMaps catched
[14:40:52] 454 StatedElements catched
[14:40:52] 802 InteractiveElements catched
[14:40:52] 74 HouseInformations catched
[14:40:52] 120 InteractiveDoors catched
[14:40:52] 3614 MapPositions uncatched
[14:40:52] 14681 MapPositions catched
[14:40:52] 42 MapZaaps catched
[14:40:53] 15228 SpellLevels catched 
[14:40:53] 4772 Spells catched 
[14:40:53] 1179 LearnableSpells catched 
[14:40:53] 9780 ItemTemplates catched 
[14:40:53] 4489 Weapons catched 
[14:40:53] 363 ItemSets catched 
[14:40:53] 171 ItemTypes catched 
[14:40:53] 110 ItemPets catched 
[14:40:53] 2476 NpcTemplates catched 
[14:40:53] 138 NpcSpawns catched 
[14:40:53] 50 NpcItems catched 
[14:40:53] 19801 NpcMessages catched 
[14:40:53] 7 NpcReplies catched 
[14:40:53] 18 Triggers catched
[14:40:54] 73 Handlers Readed
[14:40:54] 105 Messages Readed
[14:40:54] WorldServer start in 18805 ms.
[14:48:34] MySQL Database Connected
[14:48:34] 16 Breeds catched
[14:48:34] 256 Heads catched
[14:48:34] 561 Effects catched
[14:48:42] 11260 DofusMaps catched
[14:48:42] 454 StatedElements catched
[14:48:42] 802 InteractiveElements catched
[14:48:42] 74 HouseInformations catched
[14:48:42] 120 InteractiveDoors catched
[14:48:43] 3614 MapPositions uncatched
[14:48:43] 14681 MapPositions catched
[14:48:43] 42 MapZaaps catched
[14:48:43] 15228 SpellLevels catched 
[14:48:43] 4772 Spells catched 
[14:48:43] 1179 LearnableSpells catched 
[14:48:43] 9780 ItemTemplates catched 
[14:48:43] 4489 Weapons catched 
[14:48:43] 363 ItemSets catched 
[14:48:43] 171 ItemTypes catched 
[14:48:43] 110 ItemPets catched 
[14:48:44] 2476 NpcTemplates catched 
[14:48:44] 138 NpcSpawns catched 
[14:48:44] 50 NpcItems catched 
[14:48:44] 19801 NpcMessages catched 
[14:48:44] 7 NpcReplies catched 
[14:48:44] 18 Triggers catched
[14:48:44] 73 Handlers Readed
[14:48:44] 105 Messages Readed
[14:48:44] WorldServer start in 11161 ms.
[14:52:25] Packet not handled 5603
[15:05:00] MySQL Database Connected
[15:05:00] 16 Breeds catched
[15:05:00] 256 Heads catched
[15:05:00] 561 Effects catched
[15:05:07] 11260 DofusMaps catched
[15:05:07] 454 StatedElements catched
[15:05:07] 802 InteractiveElements catched
[15:05:07] 74 HouseInformations catched
[15:05:07] 120 InteractiveDoors catched
[15:05:07] 3614 MapPositions uncatched
[15:05:07] 14681 MapPositions catched
[15:05:07] 42 MapZaaps catched
[15:05:07] 15228 SpellLevels catched 
[15:05:08] 4772 Spells catched 
[15:05:08] 1179 LearnableSpells catched 
[15:05:08] 9780 ItemTemplates catched 
[15:05:08] 4489 Weapons catched 
[15:05:08] 363 ItemSets catched 
[15:05:08] 171 ItemTypes catched 
[15:05:08] 110 ItemPets catched 
[15:05:08] 2476 NpcTemplates catched 
[15:05:08] 138 NpcSpawns catched 
[15:05:08] 50 NpcItems catched 
[15:05:08] 19801 NpcMessages catched 
[15:05:08] 7 NpcReplies catched 
[15:05:08] 18 Triggers catched
[15:05:09] 74 Handlers Readed
[15:05:09] 105 Messages Readed
[15:05:09] WorldServer start in 9853 ms.
[22:13:05] MySQL Database Connected
[22:13:05] 16 Breeds catched
[22:13:05] 256 Heads catched
[22:13:05] 561 Effects catched
[22:13:13] 11260 DofusMaps catched
[22:13:13] 454 StatedElements catched
[22:13:13] 802 InteractiveElements catched
[22:13:13] 74 HouseInformations catched
[22:13:13] 120 InteractiveDoors catched
[22:13:13] 3614 MapPositions uncatched
[22:13:13] 14681 MapPositions catched
[22:13:13] 42 MapZaaps catched
[22:13:13] 15228 SpellLevels catched 
[22:13:13] 4772 Spells catched 
[22:13:13] 1179 LearnableSpells catched 
[22:13:14] 9780 ItemTemplates catched 
[22:13:14] 4489 Weapons catched 
[22:13:14] 363 ItemSets catched 
[22:13:14] 171 ItemTypes catched 
[22:13:14] 110 ItemPets catched 
[22:13:14] 2476 NpcTemplates catched 
[22:13:14] 138 NpcSpawns catched 
[22:13:14] 50 NpcItems catched 
[22:13:14] 19801 NpcMessages catched 
[22:13:14] 7 NpcReplies catched 
[22:13:15] 18 Triggers catched
[22:13:15] 74 Handlers Readed
[22:13:15] 105 Messages Readed
[22:13:15] WorldServer start in 10591 ms.
[22:14:36] Packet not handled 5673
[22:34:02] MySQL Database Connected
[22:34:02] 16 Breeds catched
[22:34:02] 256 Heads catched
[22:34:02] 561 Effects catched
[22:34:10] 11260 DofusMaps catched
[22:34:10] 454 StatedElements catched
[22:34:10] 802 InteractiveElements catched
[22:34:10] 74 HouseInformations catched
[22:34:10] 120 InteractiveDoors catched
[22:34:10] 3614 MapPositions uncatched
[22:34:10] 14681 MapPositions catched
[22:34:10] 42 MapZaaps catched
[22:34:10] 15228 SpellLevels catched 
[22:34:10] 4772 Spells catched 
[22:34:10] 1179 LearnableSpells catched 
[22:34:10] 9780 ItemTemplates catched 
[22:34:11] 4489 Weapons catched 
[22:34:11] 363 ItemSets catched 
[22:34:11] 171 ItemTypes catched 
[22:34:11] 110 ItemPets catched 
[22:34:11] 2476 NpcTemplates catched 
[22:34:11] 138 NpcSpawns catched 
[22:34:11] 50 NpcItems catched 
[22:34:11] 19801 NpcMessages catched 
[22:34:11] 7 NpcReplies catched 
[22:34:11] 18 Triggers catched
[22:34:11] 76 Handlers Readed
[22:34:12] 105 Messages Readed
[22:34:12] WorldServer start in 10205 ms.
[23:02:48] MySQL Database Connected
[23:02:48] 16 Breeds catched
[23:02:48] 256 Heads catched
[23:02:48] 561 Effects catched
[23:03:03] 11260 DofusMaps catched
[23:03:03] 454 StatedElements catched
[23:03:03] 802 InteractiveElements catched
[23:03:03] 74 HouseInformations catched
[23:03:03] 120 InteractiveDoors catched
[23:03:03] 3614 MapPositions uncatched
[23:03:03] 14681 MapPositions catched
[23:03:03] 42 MapZaaps catched
[23:03:04] 15228 SpellLevels catched 
[23:03:04] 4772 Spells catched 
[23:03:04] 1179 LearnableSpells catched 
[23:03:04] 9780 ItemTemplates catched 
[23:03:04] 4489 Weapons catched 
[23:03:04] 363 ItemSets catched 
[23:03:04] 171 ItemTypes catched 
[23:03:04] 110 ItemPets catched 
[23:03:05] 2476 NpcTemplates catched 
[23:03:05] 138 NpcSpawns catched 
[23:03:05] 50 NpcItems catched 
[23:03:05] 19801 NpcMessages catched 
[23:03:05] 7 NpcReplies catched 
[23:03:05] 18 Triggers catched
[23:03:05] 79 Handlers Readed
[23:03:05] 108 Messages Readed
[23:03:06] WorldServer start in 17528 ms.
[23:06:15] MySQL Database Connected
[23:06:15] 16 Breeds catched
[23:06:15] 256 Heads catched
[23:06:15] 561 Effects catched
[23:06:23] 11260 DofusMaps catched
[23:06:23] 454 StatedElements catched
[23:06:23] 802 InteractiveElements catched
[23:06:23] 74 HouseInformations catched
[23:06:23] 120 InteractiveDoors catched
[23:06:23] 3614 MapPositions uncatched
[23:06:23] 14681 MapPositions catched
[23:06:23] 42 MapZaaps catched
[23:06:23] 15228 SpellLevels catched 
[23:06:23] 4772 Spells catched 
[23:06:23] 1179 LearnableSpells catched 
[23:06:24] 9780 ItemTemplates catched 
[23:06:24] 4489 Weapons catched 
[23:06:24] 363 ItemSets catched 
[23:06:24] 171 ItemTypes catched 
[23:06:24] 110 ItemPets catched 
[23:06:24] 2476 NpcTemplates catched 
[23:06:24] 138 NpcSpawns catched 
[23:06:24] 50 NpcItems catched 
[23:06:24] 19801 NpcMessages catched 
[23:06:24] 7 NpcReplies catched 
[23:06:24] 18 Triggers catched
[23:06:25] 79 Handlers Readed
[23:06:25] 108 Messages Readed
[23:06:25] WorldServer start in 9957 ms.
[23:09:03] MySQL Database Connected
[23:09:03] 16 Breeds catched
[23:09:03] 256 Heads catched
[23:09:03] 561 Effects catched
[23:09:11] 11260 DofusMaps catched
[23:09:11] 454 StatedElements catched
[23:09:11] 802 InteractiveElements catched
[23:09:11] 74 HouseInformations catched
[23:09:11] 120 InteractiveDoors catched
[23:09:12] 3614 MapPositions uncatched
[23:09:12] 14681 MapPositions catched
[23:09:12] 42 MapZaaps catched
[23:09:12] 15228 SpellLevels catched 
[23:09:12] 4772 Spells catched 
[23:09:12] 1179 LearnableSpells catched 
[23:09:12] 9780 ItemTemplates catched 
[23:09:12] 4489 Weapons catched 
[23:09:12] 363 ItemSets catched 
[23:09:12] 171 ItemTypes catched 
[23:09:12] 110 ItemPets catched 
[23:09:13] 2476 NpcTemplates catched 
[23:09:13] 138 NpcSpawns catched 
[23:09:13] 50 NpcItems catched 
[23:09:13] 19801 NpcMessages catched 
[23:09:13] 7 NpcReplies catched 
[23:09:13] 18 Triggers catched
[23:09:13] 79 Handlers Readed
[23:09:14] 108 Messages Readed
[23:09:14] WorldServer start in 10924 ms.
[23:11:10] MySQL Database Connected
[23:11:10] 16 Breeds catched
[23:11:10] 256 Heads catched
[23:11:10] 561 Effects catched
[23:11:22] 11260 DofusMaps catched
[23:11:22] 454 StatedElements catched
[23:11:22] 802 InteractiveElements catched
[23:11:22] 74 HouseInformations catched
[23:11:22] 120 InteractiveDoors catched
[23:11:22] 3614 MapPositions uncatched
[23:11:22] 14681 MapPositions catched
[23:11:22] 42 MapZaaps catched
[23:11:22] 15228 SpellLevels catched 
[23:11:23] 4772 Spells catched 
[23:11:23] 1179 LearnableSpells catched 
[23:11:23] 9780 ItemTemplates catched 
[23:11:23] 4489 Weapons catched 
[23:11:23] 363 ItemSets catched 
[23:11:23] 171 ItemTypes catched 
[23:11:23] 110 ItemPets catched 
[23:11:23] 2476 NpcTemplates catched 
[23:11:23] 138 NpcSpawns catched 
[23:11:23] 50 NpcItems catched 
[23:11:23] 19801 NpcMessages catched 
[23:11:23] 7 NpcReplies catched 
[23:11:23] 18 Triggers catched
[23:11:24] 79 Handlers Readed
[23:11:24] 108 Messages Readed
[23:11:24] WorldServer start in 14418 ms.
[23:13:20] MySQL Database Connected
[23:13:20] 16 Breeds catched
[23:13:20] 256 Heads catched
[23:13:20] 561 Effects catched
[23:13:29] 11260 DofusMaps catched
[23:13:29] 454 StatedElements catched
[23:13:29] 802 InteractiveElements catched
[23:13:29] 74 HouseInformations catched
[23:13:29] 120 InteractiveDoors catched
[23:13:29] 3614 MapPositions uncatched
[23:13:29] 14681 MapPositions catched
[23:13:29] 42 MapZaaps catched
[23:13:29] 15228 SpellLevels catched 
[23:13:29] 4772 Spells catched 
[23:13:29] 1179 LearnableSpells catched 
[23:13:29] 9780 ItemTemplates catched 
[23:13:30] 4489 Weapons catched 
[23:13:30] 363 ItemSets catched 
[23:13:30] 171 ItemTypes catched 
[23:13:30] 110 ItemPets catched 
[23:13:30] 2476 NpcTemplates catched 
[23:13:30] 138 NpcSpawns catched 
[23:13:30] 50 NpcItems catched 
[23:13:30] 19801 NpcMessages catched 
[23:13:30] 7 NpcReplies catched 
[23:13:30] 18 Triggers catched
[23:13:30] 79 Handlers Readed
[23:13:31] 108 Messages Readed
[23:13:31] WorldServer start in 11140 ms.
[23:19:22] MySQL Database Connected
[23:19:22] 16 Breeds catched
[23:19:22] 256 Heads catched
[23:19:22] 561 Effects catched
[23:19:30] 11260 DofusMaps catched
[23:19:30] 454 StatedElements catched
[23:19:30] 802 InteractiveElements catched
[23:19:30] 74 HouseInformations catched
[23:19:30] 120 InteractiveDoors catched
[23:19:30] 3614 MapPositions uncatched
[23:19:30] 14681 MapPositions catched
[23:19:30] 42 MapZaaps catched
[23:19:30] 15228 SpellLevels catched 
[23:19:30] 4772 Spells catched 
[23:19:30] 1179 LearnableSpells catched 
[23:19:30] 9780 ItemTemplates catched 
[23:19:31] 4489 Weapons catched 
[23:19:31] 363 ItemSets catched 
[23:19:31] 171 ItemTypes catched 
[23:19:31] 110 ItemPets catched 
[23:19:31] 2476 NpcTemplates catched 
[23:19:31] 138 NpcSpawns catched 
[23:19:31] 50 NpcItems catched 
[23:19:31] 19801 NpcMessages catched 
[23:19:31] 7 NpcReplies catched 
[23:19:31] 18 Triggers catched
[23:19:31] 79 Handlers Readed
[23:19:32] 108 Messages Readed
[23:19:32] WorldServer start in 10244 ms.
[23:22:05] MySQL Database Connected
[23:22:05] 16 Breeds catched
[23:22:05] 256 Heads catched
[23:22:05] 561 Effects catched
[23:22:12] 11260 DofusMaps catched
[23:22:12] 454 StatedElements catched
[23:22:12] 802 InteractiveElements catched
[23:22:12] 74 HouseInformations catched
[23:22:12] 120 InteractiveDoors catched
[23:22:12] 3614 MapPositions uncatched
[23:22:12] 14681 MapPositions catched
[23:22:12] 42 MapZaaps catched
[23:22:13] 15228 SpellLevels catched 
[23:22:13] 4772 Spells catched 
[23:22:13] 1179 LearnableSpells catched 
[23:22:13] 9780 ItemTemplates catched 
[23:22:13] 4489 Weapons catched 
[23:22:13] 363 ItemSets catched 
[23:22:13] 171 ItemTypes catched 
[23:22:13] 110 ItemPets catched 
[23:22:14] 2476 NpcTemplates catched 
[23:22:14] 138 NpcSpawns catched 
[23:22:14] 50 NpcItems catched 
[23:22:14] 19801 NpcMessages catched 
[23:22:14] 7 NpcReplies catched 
[23:22:14] 18 Triggers catched
[23:22:14] 79 Handlers Readed
[23:22:14] 108 Messages Readed
[23:22:15] WorldServer start in 10290 ms.
[23:25:33] MySQL Database Connected
[23:25:33] 16 Breeds catched
[23:25:33] 256 Heads catched
[23:25:33] 561 Effects catched
[23:25:44] 11260 DofusMaps catched
[23:25:44] 454 StatedElements catched
[23:25:45] 802 InteractiveElements catched
[23:25:45] 74 HouseInformations catched
[23:25:45] 120 InteractiveDoors catched
[23:25:45] 3614 MapPositions uncatched
[23:25:45] 14681 MapPositions catched
[23:25:45] 42 MapZaaps catched
[23:25:45] 15228 SpellLevels catched 
[23:25:45] 4772 Spells catched 
[23:25:45] 1179 LearnableSpells catched 
[23:25:45] 9780 ItemTemplates catched 
[23:25:45] 4489 Weapons catched 
[23:25:45] 363 ItemSets catched 
[23:25:45] 171 ItemTypes catched 
[23:25:45] 110 ItemPets catched 
[23:25:46] 2476 NpcTemplates catched 
[23:25:46] 138 NpcSpawns catched 
[23:25:46] 50 NpcItems catched 
[23:25:46] 19801 NpcMessages catched 
[23:25:46] 7 NpcReplies catched 
[23:25:46] 18 Triggers catched
[23:25:46] 79 Handlers Readed
[23:25:47] 108 Messages Readed
[23:25:47] WorldServer start in 13934 ms.
