mai 01, 2015 9:58:07 AM com.j256.ormlite.logger.Slf4jLoggingLog log
GRAVE: WARNING: you seem to not be using the Xerial SQLite driver.  See ORMLite docs on SQLite: http://ormlite.com/docs/sqlite
mai 01, 2015 9:58:17 AM org.reflections.Reflections scan
INFOS: Reflections took 210 ms to scan 1 urls, producing 1 keys and 96 values 
mai 01, 2015 9:58:18 AM org.reflections.Reflections scan
INFOS: Reflections took 315 ms to scan 1 urls, producing 2 keys and 126 values 
[09:59:24] Undefinied Stat id 285
[09:59:24] Undefinied Stat id 281
[09:59:24] Undefinied Stat id 288
[09:59:24] Undefinied Stat id 283
[09:59:24] Undefinied Stat id 970
[09:59:24] Undefinied Stat id 974
[09:59:24] Undefinied Stat id 973
[09:59:24] Undefinied Stat id 971
[09:59:24] Undefinied Stat id 972
[09:59:24] Undefinied Stat id 110
[10:01:07] Undefinied Stat id 97
[10:01:07] Undefinied Stat id 154
[10:01:07] Undefinied Stat id 156
[10:01:07] Undefinied Stat id 812
