[09:53:59] MySQL Database Connected
[09:53:59] 16 Breeds catched
[09:53:59] 256 Heads catched
[09:53:59] 561 Effects catched
[09:54:10] 11260 DofusMaps catched
[09:54:10] 454 StatedElements catched
[09:54:10] 820 InteractiveElements catched
[09:54:10] 87 HouseInformations catched
[09:54:10] 120 InteractiveDoors catched
[09:54:10] 3614 MapPositions uncatched
[09:54:10] 14681 MapPositions catched
[09:54:10] 42 MapZaaps catched
[09:54:10] 15228 SpellLevels catched 
[09:54:10] 4772 Spells catched 
[09:54:10] 1179 LearnableSpells catched 
[09:54:11] 9780 ItemTemplates catched 
[09:54:11] 4489 Weapons catched 
[09:54:11] 363 ItemSets catched 
[09:54:11] 171 ItemTypes catched 
[09:54:11] 110 ItemPets catched 
[09:54:12] 2476 NpcTemplates catched 
[09:54:12] 138 NpcSpawns catched 
[09:54:12] 50 NpcItems catched 
[09:54:12] 19801 NpcMessages catched 
[09:54:12] 7 NpcReplies catched 
[09:54:12] 18 Triggers catched
[09:54:12] 5 Paddocks catched
[09:54:12] 72 Mounts catched
[09:54:13] 96 Handlers Readed
[09:54:13] 125 Messages Readed
[09:54:13] WorldServer start in 14360 ms.
[09:58:07] MySQL Database Connected
[09:58:07] 16 Breeds catched
[09:58:07] 256 Heads catched
[09:58:07] 561 Effects catched
[09:58:16] 11260 DofusMaps catched
[09:58:16] 454 StatedElements catched
[09:58:16] 820 InteractiveElements catched
[09:58:16] 87 HouseInformations catched
[09:58:16] 120 InteractiveDoors catched
[09:58:16] 3614 MapPositions uncatched
[09:58:16] 14681 MapPositions catched
[09:58:16] 42 MapZaaps catched
[09:58:16] 15228 SpellLevels catched 
[09:58:16] 4772 Spells catched 
[09:58:16] 1179 LearnableSpells catched 
[09:58:16] 9780 ItemTemplates catched 
[09:58:16] 4489 Weapons catched 
[09:58:16] 363 ItemSets catched 
[09:58:17] 171 ItemTypes catched 
[09:58:17] 110 ItemPets catched 
[09:58:17] 2476 NpcTemplates catched 
[09:58:17] 138 NpcSpawns catched 
[09:58:17] 50 NpcItems catched 
[09:58:17] 19801 NpcMessages catched 
[09:58:17] 7 NpcReplies catched 
[09:58:17] 18 Triggers catched
[09:58:17] 5 Paddocks catched
[09:58:17] 72 Mounts catched
[09:58:17] 96 Handlers Readed
[09:58:18] 125 Messages Readed
[09:58:18] WorldServer start in 11322 ms.
