[14:21:23] MySQL Database Connected
[14:21:23] 16 Breeds catched
[14:21:23] 256 Heads catched
[14:21:23] 561 Effects catched
[14:21:32] 11260 DofusMaps catched
[14:21:32] 169 StatedElements catched
[14:21:32] 323 InteractiveElements catched
[14:21:33] 15228 SpellLevels catched 
[14:21:33] 4772 Spells catched 
[14:21:33] 1179 LearnableSpells catched 
[14:21:33] 9780 ItemTemplates catched 
[14:21:33] 4489 Weapons catched 
[14:21:33] 363 ItemSets catched 
[14:21:33] 171 ItemTypes catched 
[14:21:34] 30 Handlers Readed
[14:21:34] 35 Messages Readed
[14:21:35] WorldServer start in 11498 ms.
[14:42:50] MySQL Database Connected
[14:42:50] 16 Breeds catched
[14:42:50] 256 Heads catched
[14:42:50] 561 Effects catched
[14:42:57] 11260 DofusMaps catched
[14:42:57] 169 StatedElements catched
[14:42:57] 323 InteractiveElements catched
[14:42:58] 15228 SpellLevels catched 
[14:42:58] 4772 Spells catched 
[14:42:58] 1179 LearnableSpells catched 
[14:42:58] 9780 ItemTemplates catched 
[14:42:58] 4489 Weapons catched 
[14:42:58] 363 ItemSets catched 
[14:42:58] 171 ItemTypes catched 
[14:42:59] 30 Handlers Readed
[14:42:59] 35 Messages Readed
[14:42:59] WorldServer start in 9252 ms.
[14:49:49] MySQL Database Connected
[14:49:49] 16 Breeds catched
[14:49:49] 256 Heads catched
[14:49:49] 561 Effects catched
[14:49:57] 11260 DofusMaps catched
[14:49:57] 169 StatedElements catched
[14:49:57] 323 InteractiveElements catched
[14:49:57] 15228 SpellLevels catched 
[14:49:57] 4772 Spells catched 
[14:49:57] 1179 LearnableSpells catched 
[14:49:58] 9780 ItemTemplates catched 
[14:49:58] 4489 Weapons catched 
[14:49:58] 363 ItemSets catched 
[14:49:58] 171 ItemTypes catched 
[14:49:58] 30 Handlers Readed
[14:49:58] 35 Messages Readed
[14:49:58] WorldServer start in 9088 ms.
[14:59:04] MySQL Database Connected
[14:59:04] 16 Breeds catched
[14:59:04] 256 Heads catched
[14:59:04] 561 Effects catched
[14:59:11] 11260 DofusMaps catched
[14:59:11] 169 StatedElements catched
[14:59:11] 323 InteractiveElements catched
[14:59:12] 15228 SpellLevels catched 
[14:59:12] 4772 Spells catched 
[14:59:12] 1179 LearnableSpells catched 
[14:59:12] 9780 ItemTemplates catched 
[14:59:12] 4489 Weapons catched 
[14:59:12] 363 ItemSets catched 
[14:59:12] 171 ItemTypes catched 
[14:59:12] 30 Handlers Readed
[14:59:13] 35 Messages Readed
[14:59:13] WorldServer start in 9038 ms.
[16:32:09] MySQL Database Connected
[16:32:09] 16 Breeds catched
[16:32:09] 256 Heads catched
[16:32:09] 561 Effects catched
[16:32:19] 11260 DofusMaps catched
[16:32:19] 169 StatedElements catched
[16:32:19] 323 InteractiveElements catched
[16:32:20] 15228 SpellLevels catched 
[16:32:20] 4772 Spells catched 
[16:32:20] 1179 LearnableSpells catched 
[16:32:20] 9780 ItemTemplates catched 
[16:32:20] 4489 Weapons catched 
[16:32:20] 363 ItemSets catched 
[16:32:20] 171 ItemTypes catched 
[16:32:20] 31 Handlers Readed
[16:32:21] 35 Messages Readed
[16:32:21] WorldServer start in 11720 ms.
[16:35:15] MySQL Database Connected
[16:35:16] 16 Breeds catched
[16:35:16] 256 Heads catched
[16:35:16] 561 Effects catched
[16:35:28] 11260 DofusMaps catched
[16:35:28] 169 StatedElements catched
[16:35:29] 323 InteractiveElements catched
[16:35:29] 15228 SpellLevels catched 
[16:35:29] 4772 Spells catched 
[16:35:29] 1179 LearnableSpells catched 
[16:35:29] 9780 ItemTemplates catched 
[16:35:29] 4489 Weapons catched 
[16:35:29] 363 ItemSets catched 
[16:35:29] 171 ItemTypes catched 
[16:35:30] 31 Handlers Readed
[16:35:30] 35 Messages Readed
[16:35:30] WorldServer start in 14666 ms.
[16:36:25] MySQL Database Connected
[16:36:25] 16 Breeds catched
[16:36:25] 256 Heads catched
[16:36:25] 561 Effects catched
[16:36:36] 11260 DofusMaps catched
[16:36:36] 169 StatedElements catched
[16:36:36] 323 InteractiveElements catched
[16:36:36] 15228 SpellLevels catched 
[16:36:36] 4772 Spells catched 
[16:36:36] 1179 LearnableSpells catched 
[16:36:36] 9780 ItemTemplates catched 
[16:36:36] 4489 Weapons catched 
[16:36:36] 363 ItemSets catched 
[16:36:36] 171 ItemTypes catched 
[16:36:37] 31 Handlers Readed
[16:36:37] 35 Messages Readed
[16:36:37] WorldServer start in 11720 ms.
[16:37:37] MySQL Database Connected
[16:37:37] 16 Breeds catched
[16:37:37] 256 Heads catched
[16:37:37] 561 Effects catched
[16:37:44] 11260 DofusMaps catched
[16:37:44] 169 StatedElements catched
[16:37:44] 323 InteractiveElements catched
[16:37:45] 15228 SpellLevels catched 
[16:37:45] 4772 Spells catched 
[16:37:45] 1179 LearnableSpells catched 
[16:37:45] 9780 ItemTemplates catched 
[16:37:45] 4489 Weapons catched 
[16:37:45] 363 ItemSets catched 
[16:37:45] 171 ItemTypes catched 
[16:37:45] 31 Handlers Readed
[16:37:46] 35 Messages Readed
[16:37:46] WorldServer start in 9300 ms.
[16:52:52] MySQL Database Connected
[16:52:52] 16 Breeds catched
[16:52:52] 256 Heads catched
[16:52:52] 561 Effects catched
[16:52:59] 11260 DofusMaps catched
[16:52:59] 169 StatedElements catched
[16:52:59] 323 InteractiveElements catched
[16:53:00] 15228 SpellLevels catched 
[16:53:00] 4772 Spells catched 
[16:53:00] 1179 LearnableSpells catched 
[16:53:00] 9780 ItemTemplates catched 
[16:53:00] 4489 Weapons catched 
[16:53:00] 363 ItemSets catched 
[16:53:00] 171 ItemTypes catched 
[16:53:00] 31 Handlers Readed
[16:53:00] 35 Messages Readed
[16:53:01] WorldServer start in 9086 ms.
[16:53:33] MySQL Database Connected
[16:53:33] 16 Breeds catched
[16:53:33] 256 Heads catched
[16:53:33] 561 Effects catched
[16:53:41] 11260 DofusMaps catched
[16:53:41] 169 StatedElements catched
[16:53:41] 323 InteractiveElements catched
[16:53:42] 15228 SpellLevels catched 
[16:53:42] 4772 Spells catched 
[16:53:42] 1179 LearnableSpells catched 
[16:53:42] 9780 ItemTemplates catched 
[16:53:42] 4489 Weapons catched 
[16:53:42] 363 ItemSets catched 
[16:53:42] 171 ItemTypes catched 
[16:53:42] 31 Handlers Readed
[16:53:43] 35 Messages Readed
[16:53:43] WorldServer start in 9723 ms.
[16:56:26] MySQL Database Connected
[16:56:26] 16 Breeds catched
[16:56:26] 256 Heads catched
[16:56:26] 561 Effects catched
[16:56:36] 11260 DofusMaps catched
[16:56:36] 169 StatedElements catched
[16:56:36] 323 InteractiveElements catched
[16:56:36] 15228 SpellLevels catched 
[16:56:37] 4772 Spells catched 
[16:56:37] 1179 LearnableSpells catched 
[16:56:37] 9780 ItemTemplates catched 
[16:56:37] 4489 Weapons catched 
[16:56:37] 363 ItemSets catched 
[16:56:37] 171 ItemTypes catched 
[16:56:37] 31 Handlers Readed
[16:56:38] 35 Messages Readed
[16:56:38] WorldServer start in 11558 ms.
[16:57:17] MySQL Database Connected
[16:57:17] 16 Breeds catched
[16:57:17] 256 Heads catched
[16:57:17] 561 Effects catched
[16:57:25] 11260 DofusMaps catched
[16:57:25] 169 StatedElements catched
[16:57:25] 323 InteractiveElements catched
[16:57:26] 15228 SpellLevels catched 
[16:57:26] 4772 Spells catched 
[16:57:26] 1179 LearnableSpells catched 
[16:57:26] 9780 ItemTemplates catched 
[16:57:26] 4489 Weapons catched 
[16:57:26] 363 ItemSets catched 
[16:57:26] 171 ItemTypes catched 
[16:57:26] 31 Handlers Readed
[16:57:27] 35 Messages Readed
[16:57:27] WorldServer start in 10148 ms.
[16:59:42] MySQL Database Connected
[16:59:42] 16 Breeds catched
[16:59:42] 256 Heads catched
[16:59:42] 561 Effects catched
[16:59:50] 11260 DofusMaps catched
[16:59:50] 169 StatedElements catched
[16:59:50] 323 InteractiveElements catched
[16:59:51] 15228 SpellLevels catched 
[16:59:51] 4772 Spells catched 
[16:59:51] 1179 LearnableSpells catched 
[16:59:51] 9780 ItemTemplates catched 
[16:59:51] 4489 Weapons catched 
[16:59:51] 363 ItemSets catched 
[16:59:51] 171 ItemTypes catched 
[16:59:51] 31 Handlers Readed
[16:59:52] 35 Messages Readed
[16:59:52] WorldServer start in 9705 ms.
[17:04:50] MySQL Database Connected
[17:04:50] 16 Breeds catched
[17:04:50] 256 Heads catched
[17:04:50] 561 Effects catched
[17:05:06] 11260 DofusMaps catched
[17:05:06] 169 StatedElements catched
[17:05:06] 323 InteractiveElements catched
[17:05:07] 15228 SpellLevels catched 
[17:05:07] 4772 Spells catched 
[17:05:07] 1179 LearnableSpells catched 
[17:05:07] 9780 ItemTemplates catched 
[17:05:07] 4489 Weapons catched 
[17:05:07] 363 ItemSets catched 
[17:05:07] 171 ItemTypes catched 
[17:05:07] 31 Handlers Readed
[17:05:08] 35 Messages Readed
[17:05:08] WorldServer start in 18456 ms.
[17:09:07] MySQL Database Connected
[17:09:07] 16 Breeds catched
[17:09:07] 256 Heads catched
[17:09:07] 561 Effects catched
[17:09:14] 11260 DofusMaps catched
[17:09:14] 169 StatedElements catched
[17:09:15] 323 InteractiveElements catched
[17:09:15] 15228 SpellLevels catched 
[17:09:15] 4772 Spells catched 
[17:09:15] 1179 LearnableSpells catched 
[17:09:15] 9780 ItemTemplates catched 
[17:09:15] 4489 Weapons catched 
[17:09:15] 363 ItemSets catched 
[17:09:15] 171 ItemTypes catched 
[17:09:16] 31 Handlers Readed
[17:09:16] 35 Messages Readed
[17:09:16] WorldServer start in 9540 ms.
[17:09:43] MySQL Database Connected
[17:09:43] 16 Breeds catched
[17:09:43] 256 Heads catched
[17:09:43] 561 Effects catched
[17:09:51] 11260 DofusMaps catched
[17:09:51] 169 StatedElements catched
[17:09:51] 323 InteractiveElements catched
[17:09:51] 15228 SpellLevels catched 
[17:09:51] 4772 Spells catched 
[17:09:51] 1179 LearnableSpells catched 
[17:09:51] 9780 ItemTemplates catched 
[17:09:51] 4489 Weapons catched 
[17:09:51] 363 ItemSets catched 
[17:09:51] 171 ItemTypes catched 
[17:09:52] 31 Handlers Readed
[17:09:52] 35 Messages Readed
[17:09:52] WorldServer start in 9157 ms.
[17:10:29] MySQL Database Connected
[17:10:29] 16 Breeds catched
[17:10:29] 256 Heads catched
[17:10:29] 561 Effects catched
[17:10:38] 11260 DofusMaps catched
[17:10:38] 169 StatedElements catched
[17:10:38] 323 InteractiveElements catched
[17:10:38] 15228 SpellLevels catched 
[17:10:38] 4772 Spells catched 
[17:10:38] 1179 LearnableSpells catched 
[17:10:39] 9780 ItemTemplates catched 
[17:10:39] 4489 Weapons catched 
[17:10:39] 363 ItemSets catched 
[17:10:39] 171 ItemTypes catched 
[17:10:39] 31 Handlers Readed
[17:10:39] 35 Messages Readed
[17:10:39] WorldServer start in 10710 ms.
[17:23:23] MySQL Database Connected
[17:23:23] 16 Breeds catched
[17:23:23] 256 Heads catched
[17:23:23] 561 Effects catched
[17:23:31] 11260 DofusMaps catched
[17:23:31] 169 StatedElements catched
[17:23:31] 323 InteractiveElements catched
[17:23:32] 15228 SpellLevels catched 
[17:23:32] 4772 Spells catched 
[17:23:32] 1179 LearnableSpells catched 
[17:23:32] 9780 ItemTemplates catched 
[17:23:32] 4489 Weapons catched 
[17:23:32] 363 ItemSets catched 
[17:23:32] 171 ItemTypes catched 
[17:23:32] 31 Handlers Readed
[17:23:33] 35 Messages Readed
[17:23:33] WorldServer start in 9692 ms.
[17:24:00] MySQL Database Connected
[17:24:00] 16 Breeds catched
[17:24:00] 256 Heads catched
[17:24:00] 561 Effects catched
[17:24:07] 11260 DofusMaps catched
[17:24:07] 169 StatedElements catched
[17:24:07] 323 InteractiveElements catched
[17:24:08] 15228 SpellLevels catched 
[17:24:08] 4772 Spells catched 
[17:24:08] 1179 LearnableSpells catched 
[17:24:08] 9780 ItemTemplates catched 
[17:24:08] 4489 Weapons catched 
[17:24:08] 363 ItemSets catched 
[17:24:08] 171 ItemTypes catched 
[17:24:09] 31 Handlers Readed
[17:24:09] 35 Messages Readed
[17:24:09] WorldServer start in 9536 ms.
[17:24:26] MySQL Database Connected
[17:24:26] 16 Breeds catched
[17:24:26] 256 Heads catched
[17:24:26] 561 Effects catched
[17:24:34] 11260 DofusMaps catched
[17:24:34] 169 StatedElements catched
[17:24:34] 323 InteractiveElements catched
[17:24:34] 15228 SpellLevels catched 
[17:24:34] 4772 Spells catched 
[17:24:34] 1179 LearnableSpells catched 
[17:24:35] 9780 ItemTemplates catched 
[17:24:35] 4489 Weapons catched 
[17:24:35] 363 ItemSets catched 
[17:24:35] 171 ItemTypes catched 
[17:24:35] 31 Handlers Readed
[17:24:35] 35 Messages Readed
[17:24:35] WorldServer start in 9356 ms.
[22:17:23] MySQL Database Connected
[22:17:23] 16 Breeds catched
[22:17:23] 256 Heads catched
[22:17:23] 561 Effects catched
[22:17:31] 11260 DofusMaps catched
[22:17:31] 169 StatedElements catched
[22:17:31] 323 InteractiveElements catched
[22:17:31] 15228 SpellLevels catched 
[22:17:32] 4772 Spells catched 
[22:17:32] 1179 LearnableSpells catched 
[22:17:32] 9780 ItemTemplates catched 
[22:17:32] 4489 Weapons catched 
[22:17:32] 363 ItemSets catched 
[22:17:32] 171 ItemTypes catched 
[22:17:32] 31 Handlers Readed
[22:17:32] 35 Messages Readed
[22:17:33] WorldServer start in 9422 ms.
[22:18:07] MySQL Database Connected
[22:18:07] 16 Breeds catched
[22:18:07] 256 Heads catched
[22:18:07] 561 Effects catched
[22:18:15] 11260 DofusMaps catched
[22:18:15] 169 StatedElements catched
[22:18:15] 323 InteractiveElements catched
[22:18:15] 15228 SpellLevels catched 
[22:18:15] 4772 Spells catched 
[22:18:15] 1179 LearnableSpells catched 
[22:18:15] 9780 ItemTemplates catched 
[22:18:15] 4489 Weapons catched 
[22:18:15] 363 ItemSets catched 
[22:18:15] 171 ItemTypes catched 
[22:18:16] 31 Handlers Readed
[22:18:16] 35 Messages Readed
[22:18:16] WorldServer start in 9186 ms.
[22:26:08] MySQL Database Connected
[22:26:08] 16 Breeds catched
[22:26:08] 256 Heads catched
[22:26:08] 561 Effects catched
[22:26:17] 11260 DofusMaps catched
[22:26:17] 169 StatedElements catched
[22:26:17] 323 InteractiveElements catched
[22:26:17] 15228 SpellLevels catched 
[22:26:18] 4772 Spells catched 
[22:26:18] 1179 LearnableSpells catched 
[22:26:18] 9780 ItemTemplates catched 
[22:26:18] 4489 Weapons catched 
[22:26:18] 363 ItemSets catched 
[22:26:18] 171 ItemTypes catched 
[22:26:18] 31 Handlers Readed
[22:26:18] 35 Messages Readed
[22:26:19] WorldServer start in 10530 ms.
[22:28:04] MySQL Database Connected
[22:28:04] 16 Breeds catched
[22:28:04] 256 Heads catched
[22:28:04] 561 Effects catched
[22:28:14] 11260 DofusMaps catched
[22:28:14] 169 StatedElements catched
[22:28:14] 323 InteractiveElements catched
[22:28:14] 15228 SpellLevels catched 
[22:28:14] 4772 Spells catched 
[22:28:14] 1179 LearnableSpells catched 
[22:28:15] 9780 ItemTemplates catched 
[22:28:15] 4489 Weapons catched 
[22:28:15] 363 ItemSets catched 
[22:28:15] 171 ItemTypes catched 
[22:28:15] 31 Handlers Readed
[22:28:15] 35 Messages Readed
[22:28:15] WorldServer start in 11868 ms.
[22:30:28] MySQL Database Connected
[22:30:28] 16 Breeds catched
[22:30:28] 256 Heads catched
[22:30:28] 561 Effects catched
[22:30:37] 11260 DofusMaps catched
[22:30:37] 169 StatedElements catched
[22:30:37] 323 InteractiveElements catched
[22:30:37] 15228 SpellLevels catched 
[22:30:37] 4772 Spells catched 
[22:30:37] 1179 LearnableSpells catched 
[22:30:37] 9780 ItemTemplates catched 
[22:30:37] 4489 Weapons catched 
[22:30:37] 363 ItemSets catched 
[22:30:37] 171 ItemTypes catched 
[22:30:38] 31 Handlers Readed
[22:30:38] 35 Messages Readed
[22:30:38] WorldServer start in 9822 ms.
[22:34:06] MySQL Database Connected
[22:34:06] 16 Breeds catched
[22:34:06] 256 Heads catched
[22:34:06] 561 Effects catched
[22:34:13] 11260 DofusMaps catched
[22:34:13] 169 StatedElements catched
[22:34:13] 323 InteractiveElements catched
[22:34:13] 15228 SpellLevels catched 
[22:34:13] 4772 Spells catched 
[22:34:13] 1179 LearnableSpells catched 
[22:34:14] 9780 ItemTemplates catched 
[22:34:14] 4489 Weapons catched 
[22:34:14] 363 ItemSets catched 
[22:34:14] 171 ItemTypes catched 
[22:34:14] 31 Handlers Readed
[22:34:14] 35 Messages Readed
[22:34:14] WorldServer start in 9070 ms.
[22:42:31] MySQL Database Connected
[22:42:31] 16 Breeds catched
[22:42:31] 256 Heads catched
[22:42:31] 561 Effects catched
[22:42:39] 11260 DofusMaps catched
[22:42:39] 169 StatedElements catched
[22:42:39] 323 InteractiveElements catched
[22:42:39] 15228 SpellLevels catched 
[22:42:39] 4772 Spells catched 
[22:42:39] 1179 LearnableSpells catched 
[22:42:40] 9780 ItemTemplates catched 
[22:42:40] 4489 Weapons catched 
[22:42:40] 363 ItemSets catched 
[22:42:40] 171 ItemTypes catched 
[22:42:40] 31 Handlers Readed
[22:42:40] 35 Messages Readed
[22:42:40] WorldServer start in 9718 ms.
