[01:41:27] MySQL Database Connected
[01:41:27] 16 Breeds catched
[01:41:27] 256 Heads catched
[01:41:27] 561 Effects catched
[01:41:28] 4 SuperAreas catched
[01:41:28] 48 Areas catched
[01:41:29] 334 SubAreas catched
[01:41:37] 11260 DofusMaps catched
[01:41:37] 9761 StatedElements catched
[01:41:37] 13349 InteractiveElements catched
[01:41:37] 1485 HouseInformations catched
[01:41:37] 556 InteractiveDoors catched
[01:41:37] 3614 MapPositions uncatched
[01:41:37] 14681 MapPositions catched
[01:41:37] 42 MapZaaps catched
[01:41:37] 79 MapSubways catched
[01:41:38] 15228 SpellLevels catched 
[01:41:38] 4772 Spells catched 
[01:41:38] 316 GuildEmblems catched 
[01:41:38] 1179 LearnableSpells catched 
[01:41:38] 9780 ItemTemplates catched 
[01:41:38] 4489 Weapons catched 
[01:41:38] 363 ItemSets catched 
[01:41:38] 171 ItemTypes catched 
[01:41:38] 110 ItemPets catched 
[01:41:39] 2476 NpcTemplates catched 
[01:41:39] 787 NpcSpawns catched 
[01:41:39] 94 NpcItems catched 
[01:41:39] 19801 NpcMessages catched 
[01:41:39] 7 NpcReplies catched 
[01:41:39] 353 Triggers catched
[01:41:39] 1277 Paddocks catched
[01:41:39] 72 Mounts catched
[01:41:39] 4 Guild catched
[01:41:39] 3 GuildMembers catched
[01:41:40] 122 Handlers Readed
[01:41:41] 166 Messages Readed
[01:41:41] WorldServer start in 13664 ms.
[01:44:04] MySQL Database Connected
[01:44:04] 16 Breeds catched
[01:44:04] 256 Heads catched
[01:44:04] 561 Effects catched
[01:44:05] 4 SuperAreas catched
[01:44:05] 48 Areas catched
[01:44:06] 334 SubAreas catched
[01:44:14] 11260 DofusMaps catched
[01:44:14] 9761 StatedElements catched
[01:44:14] 13349 InteractiveElements catched
[01:44:14] 1485 HouseInformations catched
[01:44:14] 556 InteractiveDoors catched
[01:44:14] 3614 MapPositions uncatched
[01:44:14] 14681 MapPositions catched
[01:44:14] 42 MapZaaps catched
[01:44:14] 79 MapSubways catched
[01:44:14] 15228 SpellLevels catched 
[01:44:14] 4772 Spells catched 
[01:44:14] 316 GuildEmblems catched 
[01:44:14] 1179 LearnableSpells catched 
[01:44:15] 9780 ItemTemplates catched 
[01:44:15] 4489 Weapons catched 
[01:44:15] 363 ItemSets catched 
[01:44:15] 171 ItemTypes catched 
[01:44:15] 110 ItemPets catched 
[01:44:15] 2476 NpcTemplates catched 
[01:44:15] 787 NpcSpawns catched 
[01:44:15] 94 NpcItems catched 
[01:44:16] 19801 NpcMessages catched 
[01:44:16] 7 NpcReplies catched 
[01:44:16] 353 Triggers catched
[01:44:16] 1277 Paddocks catched
[01:44:16] 72 Mounts catched
[01:44:16] 4 Guild catched
[01:44:16] 3 GuildMembers catched
[01:44:16] 122 Handlers Readed
[01:44:17] 166 Messages Readed
[01:44:17] WorldServer start in 13246 ms.
[01:47:13] MySQL Database Connected
[01:47:13] 16 Breeds catched
[01:47:13] 256 Heads catched
[01:47:13] 561 Effects catched
[01:47:13] 4 SuperAreas catched
[01:47:13] 48 Areas catched
[01:47:14] 334 SubAreas catched
[01:47:22] 11260 DofusMaps catched
[01:47:22] 9761 StatedElements catched
[01:47:22] 13349 InteractiveElements catched
[01:47:22] 1485 HouseInformations catched
[01:47:22] 556 InteractiveDoors catched
[01:47:22] 3614 MapPositions uncatched
[01:47:22] 14681 MapPositions catched
[01:47:22] 42 MapZaaps catched
[01:47:22] 79 MapSubways catched
[01:47:22] 15228 SpellLevels catched 
[01:47:22] 4772 Spells catched 
[01:47:22] 316 GuildEmblems catched 
[01:47:22] 1179 LearnableSpells catched 
[01:47:23] 9780 ItemTemplates catched 
[01:47:23] 4489 Weapons catched 
[01:47:23] 363 ItemSets catched 
[01:47:23] 171 ItemTypes catched 
[01:47:23] 110 ItemPets catched 
[01:47:23] 2476 NpcTemplates catched 
[01:47:23] 787 NpcSpawns catched 
[01:47:23] 94 NpcItems catched 
[01:47:23] 19801 NpcMessages catched 
[01:47:23] 7 NpcReplies catched 
[01:47:24] 353 Triggers catched
[01:47:24] 1277 Paddocks catched
[01:47:24] 72 Mounts catched
[01:47:24] 4 Guild catched
[01:47:24] 3 GuildMembers catched
[01:47:24] 122 Handlers Readed
[01:47:25] 166 Messages Readed
[01:47:25] WorldServer start in 12190 ms.
[01:51:18] MySQL Database Connected
[01:51:18] 16 Breeds catched
[01:51:18] 256 Heads catched
[01:51:18] 561 Effects catched
[01:51:19] 4 SuperAreas catched
[01:51:19] 48 Areas catched
[01:51:20] 334 SubAreas catched
[01:51:28] 11260 DofusMaps catched
[01:51:28] 9761 StatedElements catched
[01:51:28] 13349 InteractiveElements catched
[01:51:28] 1485 HouseInformations catched
[01:51:28] 556 InteractiveDoors catched
[01:51:28] 3614 MapPositions uncatched
[01:51:28] 14681 MapPositions catched
[01:51:28] 42 MapZaaps catched
[01:51:28] 79 MapSubways catched
[01:51:28] 15228 SpellLevels catched 
[01:51:28] 4772 Spells catched 
[01:51:28] 316 GuildEmblems catched 
[01:51:28] 1179 LearnableSpells catched 
[01:51:29] 9780 ItemTemplates catched 
[01:51:29] 4489 Weapons catched 
[01:51:29] 363 ItemSets catched 
[01:51:29] 171 ItemTypes catched 
[01:51:29] 110 ItemPets catched 
[01:51:29] 2476 NpcTemplates catched 
[01:51:29] 787 NpcSpawns catched 
[01:51:29] 94 NpcItems catched 
[01:51:30] 19801 NpcMessages catched 
[01:51:30] 7 NpcReplies catched 
[01:51:30] 353 Triggers catched
[01:51:30] 1277 Paddocks catched
[01:51:30] 72 Mounts catched
[01:51:30] 4 Guild catched
[01:51:30] 3 GuildMembers catched
[01:51:31] 122 Handlers Readed
[01:51:31] 166 Messages Readed
[01:51:31] WorldServer start in 13390 ms.
[02:07:43] MySQL Database Connected
[02:07:43] 16 Breeds catched
[02:07:43] 256 Heads catched
[02:07:43] 561 Effects catched
[02:07:44] 4 SuperAreas catched
[02:07:44] 48 Areas catched
[02:07:45] 334 SubAreas catched
[02:07:52] 11260 DofusMaps catched
[02:07:52] 9761 StatedElements catched
[02:07:52] 13349 InteractiveElements catched
[02:07:52] 1485 HouseInformations catched
[02:07:52] 556 InteractiveDoors catched
[02:07:52] 3614 MapPositions uncatched
[02:07:52] 14681 MapPositions catched
[02:07:52] 42 MapZaaps catched
[02:07:52] 79 MapSubways catched
[02:07:53] 15228 SpellLevels catched 
[02:07:53] 4772 Spells catched 
[02:07:53] 316 GuildEmblems catched 
[02:07:53] 1179 LearnableSpells catched 
[02:07:53] 9780 ItemTemplates catched 
[02:07:53] 4489 Weapons catched 
[02:07:53] 363 ItemSets catched 
[02:07:53] 171 ItemTypes catched 
[02:07:53] 110 ItemPets catched 
[02:07:54] 2476 NpcTemplates catched 
[02:07:54] 787 NpcSpawns catched 
[02:07:54] 94 NpcItems catched 
[02:07:54] 19801 NpcMessages catched 
[02:07:54] 7 NpcReplies catched 
[02:07:54] 353 Triggers catched
[02:07:54] 1277 Paddocks catched
[02:07:54] 72 Mounts catched
[02:07:54] 4 Guild catched
[02:07:54] 3 GuildMembers catched
[02:07:55] 122 Handlers Readed
[02:07:55] 166 Messages Readed
[02:07:55] WorldServer start in 12625 ms.
[02:11:01] MySQL Database Connected
[02:11:01] 16 Breeds catched
[02:11:01] 256 Heads catched
[02:11:01] 561 Effects catched
[02:11:01] 4 SuperAreas catched
[02:11:01] 48 Areas catched
[02:11:02] 334 SubAreas catched
[02:11:12] 11260 DofusMaps catched
[02:11:12] 9761 StatedElements catched
[02:11:12] 13349 InteractiveElements catched
[02:11:12] 1485 HouseInformations catched
[02:11:12] 556 InteractiveDoors catched
[02:11:12] 3614 MapPositions uncatched
[02:11:12] 14681 MapPositions catched
[02:11:12] 42 MapZaaps catched
[02:11:12] 79 MapSubways catched
[02:11:13] 15228 SpellLevels catched 
[02:11:13] 4772 Spells catched 
[02:11:13] 316 GuildEmblems catched 
[02:11:13] 1179 LearnableSpells catched 
[02:11:13] 9780 ItemTemplates catched 
[02:11:13] 4489 Weapons catched 
[02:11:13] 363 ItemSets catched 
[02:11:13] 171 ItemTypes catched 
[02:11:13] 110 ItemPets catched 
[02:11:14] 2476 NpcTemplates catched 
[02:11:14] 787 NpcSpawns catched 
[02:11:14] 94 NpcItems catched 
[02:11:14] 19801 NpcMessages catched 
[02:11:14] 7 NpcReplies catched 
[02:11:14] 353 Triggers catched
[02:11:14] 1277 Paddocks catched
[02:11:14] 72 Mounts catched
[02:11:14] 4 Guild catched
[02:11:14] 3 GuildMembers catched
[02:11:15] 122 Handlers Readed
[02:11:15] 166 Messages Readed
[02:11:15] WorldServer start in 15208 ms.
[02:19:26] MySQL Database Connected
[02:19:26] 16 Breeds catched
[02:19:26] 256 Heads catched
[02:19:26] 561 Effects catched
[02:19:27] 4 SuperAreas catched
[02:19:27] 48 Areas catched
[02:19:28] 334 SubAreas catched
[02:19:36] 11260 DofusMaps catched
[02:19:36] 9761 StatedElements catched
[02:19:36] 13349 InteractiveElements catched
[02:19:36] 1485 HouseInformations catched
[02:19:36] 556 InteractiveDoors catched
[02:19:36] 3614 MapPositions uncatched
[02:19:36] 14681 MapPositions catched
[02:19:36] 42 MapZaaps catched
[02:19:36] 79 MapSubways catched
[02:19:37] 15228 SpellLevels catched 
[02:19:37] 4772 Spells catched 
[02:19:37] 316 GuildEmblems catched 
[02:19:37] 1179 LearnableSpells catched 
[02:19:37] 9780 ItemTemplates catched 
[02:19:37] 4489 Weapons catched 
[02:19:37] 363 ItemSets catched 
[02:19:37] 171 ItemTypes catched 
[02:19:37] 110 ItemPets catched 
[02:19:38] 2476 NpcTemplates catched 
[02:19:38] 787 NpcSpawns catched 
[02:19:38] 94 NpcItems catched 
[02:19:38] 19801 NpcMessages catched 
[02:19:38] 7 NpcReplies catched 
[02:19:38] 353 Triggers catched
[02:19:38] 1277 Paddocks catched
[02:19:38] 72 Mounts catched
[02:19:38] 4 Guild catched
[02:19:38] 3 GuildMembers catched
[02:19:39] 122 Handlers Readed
[02:19:39] 166 Messages Readed
[02:19:39] WorldServer start in 13453 ms.
[02:26:22] MySQL Database Connected
[02:26:22] 16 Breeds catched
[02:26:22] 256 Heads catched
[02:26:22] 561 Effects catched
[02:26:23] 4 SuperAreas catched
[02:26:23] 48 Areas catched
[02:26:24] 334 SubAreas catched
[02:26:32] 11260 DofusMaps catched
[02:26:32] 9761 StatedElements catched
[02:26:32] 13349 InteractiveElements catched
[02:26:32] 1485 HouseInformations catched
[02:26:32] 556 InteractiveDoors catched
[02:26:32] 3614 MapPositions uncatched
[02:26:32] 14681 MapPositions catched
[02:26:32] 42 MapZaaps catched
[02:26:32] 79 MapSubways catched
[02:26:33] 15228 SpellLevels catched 
[02:26:33] 4772 Spells catched 
[02:26:33] 316 GuildEmblems catched 
[02:26:33] 1179 LearnableSpells catched 
[02:26:33] 9780 ItemTemplates catched 
[02:26:33] 4489 Weapons catched 
[02:26:33] 363 ItemSets catched 
[02:26:33] 171 ItemTypes catched 
[02:26:33] 110 ItemPets catched 
[02:26:34] 2476 NpcTemplates catched 
[02:26:34] 787 NpcSpawns catched 
[02:26:34] 94 NpcItems catched 
[02:26:34] 19801 NpcMessages catched 
[02:26:34] 7 NpcReplies catched 
[02:26:34] 353 Triggers catched
[02:26:34] 1277 Paddocks catched
[02:26:34] 72 Mounts catched
[02:26:34] 4 Guild catched
[02:26:34] 3 GuildMembers catched
[02:26:35] 122 Handlers Readed
[02:26:35] 166 Messages Readed
[02:26:35] WorldServer start in 13302 ms.
[02:29:19] MySQL Database Connected
[02:29:20] 16 Breeds catched
[02:29:20] 256 Heads catched
[02:29:20] 561 Effects catched
[02:29:20] 4 SuperAreas catched
[02:29:20] 48 Areas catched
[02:29:21] 334 SubAreas catched
[02:29:29] 11260 DofusMaps catched
[02:29:29] 9761 StatedElements catched
[02:29:29] 13349 InteractiveElements catched
[02:29:29] 1485 HouseInformations catched
[02:29:29] 556 InteractiveDoors catched
[02:29:29] 3614 MapPositions uncatched
[02:29:29] 14681 MapPositions catched
[02:29:29] 42 MapZaaps catched
[02:29:29] 79 MapSubways catched
[02:29:29] 15228 SpellLevels catched 
[02:29:29] 4772 Spells catched 
[02:29:29] 316 GuildEmblems catched 
[02:29:29] 1179 LearnableSpells catched 
[02:29:30] 9780 ItemTemplates catched 
[02:29:30] 4489 Weapons catched 
[02:29:30] 363 ItemSets catched 
[02:29:30] 171 ItemTypes catched 
[02:29:30] 110 ItemPets catched 
[02:29:30] 2476 NpcTemplates catched 
[02:29:30] 787 NpcSpawns catched 
[02:29:30] 94 NpcItems catched 
[02:29:30] 19801 NpcMessages catched 
[02:29:30] 7 NpcReplies catched 
[02:29:31] 353 Triggers catched
[02:29:31] 1277 Paddocks catched
[02:29:31] 72 Mounts catched
[02:29:31] 4 Guild catched
[02:29:31] 3 GuildMembers catched
[02:29:31] 122 Handlers Readed
[02:29:32] 166 Messages Readed
[02:29:32] WorldServer start in 12745 ms.
[02:33:29] MySQL Database Connected
[02:33:29] 16 Breeds catched
[02:33:29] 256 Heads catched
[02:33:29] 561 Effects catched
[02:33:30] 4 SuperAreas catched
[02:33:30] 48 Areas catched
[02:33:31] 334 SubAreas catched
[02:33:38] 11260 DofusMaps catched
[02:33:38] 9761 StatedElements catched
[02:33:39] 13349 InteractiveElements catched
[02:33:39] 1485 HouseInformations catched
[02:33:39] 556 InteractiveDoors catched
[02:33:39] 3614 MapPositions uncatched
[02:33:39] 14681 MapPositions catched
[02:33:39] 42 MapZaaps catched
[02:33:39] 79 MapSubways catched
[02:33:39] 15228 SpellLevels catched 
[02:33:39] 4772 Spells catched 
[02:33:39] 316 GuildEmblems catched 
[02:33:39] 1179 LearnableSpells catched 
[02:33:40] 9780 ItemTemplates catched 
[02:33:40] 4489 Weapons catched 
[02:33:40] 363 ItemSets catched 
[02:33:40] 171 ItemTypes catched 
[02:33:40] 110 ItemPets catched 
[02:33:40] 2476 NpcTemplates catched 
[02:33:40] 787 NpcSpawns catched 
[02:33:40] 94 NpcItems catched 
[02:33:40] 19801 NpcMessages catched 
[02:33:40] 7 NpcReplies catched 
[02:33:41] 353 Triggers catched
[02:33:41] 1277 Paddocks catched
[02:33:41] 72 Mounts catched
[02:33:41] 4 Guild catched
[02:33:41] 3 GuildMembers catched
[02:33:41] 122 Handlers Readed
[02:33:42] 166 Messages Readed
[02:33:42] WorldServer start in 13240 ms.
[19:21:42] MySQL Database Connected
[19:21:42] 16 Breeds catched
[19:21:42] 256 Heads catched
[19:21:42] 561 Effects catched
[19:21:43] 4 SuperAreas catched
[19:21:43] 48 Areas catched
[19:21:44] 334 SubAreas catched
[19:21:52] 11260 DofusMaps catched
[19:21:52] 9761 StatedElements catched
[19:21:52] 13349 InteractiveElements catched
[19:21:52] 1485 HouseInformations catched
[19:21:52] 556 InteractiveDoors catched
[19:21:53] 3614 MapPositions uncatched
[19:21:53] 14681 MapPositions catched
[19:21:53] 42 MapZaaps catched
[19:21:53] 79 MapSubways catched
[19:21:53] 15228 SpellLevels catched 
[19:21:53] 4772 Spells catched 
[19:21:53] 316 GuildEmblems catched 
[19:21:53] 1179 LearnableSpells catched 
[19:21:53] 9780 ItemTemplates catched 
[19:21:53] 4489 Weapons catched 
[19:21:54] 363 ItemSets catched 
[19:21:54] 171 ItemTypes catched 
[19:21:54] 110 ItemPets catched 
[19:21:54] 2476 NpcTemplates catched 
[19:21:54] 787 NpcSpawns catched 
[19:21:54] 94 NpcItems catched 
[19:21:55] 19801 NpcMessages catched 
[19:21:55] 7 NpcReplies catched 
[19:21:55] 353 Triggers catched
[19:21:55] 1277 Paddocks catched
[19:21:55] 72 Mounts catched
[19:21:55] 4 Guild catched
[19:21:55] 3 GuildMembers catched
[19:21:56] 122 Handlers Readed
[19:21:57] 166 Messages Readed
[19:21:57] WorldServer start in 14957 ms.
[19:40:22] MySQL Database Connected
[19:40:22] 16 Breeds catched
[19:40:22] 256 Heads catched
[19:40:22] 561 Effects catched
[19:40:22] 4 SuperAreas catched
[19:40:22] 48 Areas catched
[19:40:23] 334 SubAreas catched
[19:40:31] 11260 DofusMaps catched
[19:40:31] 9761 StatedElements catched
[19:40:32] 13349 InteractiveElements catched
[19:40:32] 1485 HouseInformations catched
[19:40:32] 556 InteractiveDoors catched
[19:40:32] 3614 MapPositions uncatched
[19:40:32] 14681 MapPositions catched
[19:40:32] 42 MapZaaps catched
[19:40:32] 79 MapSubways catched
[19:40:32] 15228 SpellLevels catched 
[19:40:32] 4772 Spells catched 
[19:40:32] 316 GuildEmblems catched 
[19:40:32] 1179 LearnableSpells catched 
[19:40:32] 9780 ItemTemplates catched 
[19:40:32] 4489 Weapons catched 
[19:40:32] 363 ItemSets catched 
[19:40:32] 171 ItemTypes catched 
[19:40:33] 110 ItemPets catched 
[19:40:33] 2476 NpcTemplates catched 
[19:40:33] 787 NpcSpawns catched 
[19:40:33] 94 NpcItems catched 
[19:40:33] 19801 NpcMessages catched 
[19:40:33] 7 NpcReplies catched 
[19:40:33] 353 Triggers catched
[19:40:34] 1277 Paddocks catched
[19:40:34] 72 Mounts catched
[19:40:34] 4 Guild catched
[19:40:34] 3 GuildMembers catched
[19:40:34] 122 Handlers Readed
[19:40:35] 166 Messages Readed
[19:40:35] WorldServer start in 13443 ms.
[19:53:02] MySQL Database Connected
[19:53:02] 16 Breeds catched
[19:53:02] 256 Heads catched
[19:53:02] 561 Effects catched
[19:53:03] 4 SuperAreas catched
[19:53:03] 48 Areas catched
[19:53:04] 334 SubAreas catched
[19:53:12] 11260 DofusMaps catched
[19:53:12] 9761 StatedElements catched
[19:53:12] 13349 InteractiveElements catched
[19:53:12] 1485 HouseInformations catched
[19:53:12] 556 InteractiveDoors catched
[19:53:12] 3614 MapPositions uncatched
[19:53:12] 14681 MapPositions catched
[19:53:12] 42 MapZaaps catched
[19:53:12] 79 MapSubways catched
[19:53:12] 15228 SpellLevels catched 
[19:53:12] 4772 Spells catched 
[19:53:12] 316 GuildEmblems catched 
[19:53:12] 1179 LearnableSpells catched 
[19:53:13] 9780 ItemTemplates catched 
[19:53:13] 4489 Weapons catched 
[19:53:13] 363 ItemSets catched 
[19:53:13] 171 ItemTypes catched 
[19:53:13] 110 ItemPets catched 
[19:53:13] 2476 NpcTemplates catched 
[19:53:13] 787 NpcSpawns catched 
[19:53:13] 94 NpcItems catched 
[19:53:13] 19801 NpcMessages catched 
[19:53:13] 7 NpcReplies catched 
[19:53:14] 353 Triggers catched
[19:53:14] 1277 Paddocks catched
[19:53:14] 72 Mounts catched
[19:53:14] 4 Guild catched
[19:53:14] 3 GuildMembers catched
[19:53:14] 122 Handlers Readed
[19:53:15] 166 Messages Readed
[19:53:15] WorldServer start in 13204 ms.
[20:05:39] MySQL Database Connected
[20:05:39] 16 Breeds catched
[20:05:39] 256 Heads catched
[20:05:39] 561 Effects catched
[20:05:40] 4 SuperAreas catched
[20:05:40] 48 Areas catched
[20:05:41] 334 SubAreas catched
[20:05:48] 11260 DofusMaps catched
[20:05:48] 9761 StatedElements catched
[20:05:48] 13349 InteractiveElements catched
[20:05:48] 1485 HouseInformations catched
[20:05:48] 556 InteractiveDoors catched
[20:05:48] 3614 MapPositions uncatched
[20:05:48] 14681 MapPositions catched
[20:05:48] 42 MapZaaps catched
[20:05:48] 79 MapSubways catched
[20:05:48] 15228 SpellLevels catched 
[20:05:48] 4772 Spells catched 
[20:05:48] 316 GuildEmblems catched 
[20:05:48] 1179 LearnableSpells catched 
[20:05:49] 9780 ItemTemplates catched 
[20:05:49] 4489 Weapons catched 
[20:05:49] 363 ItemSets catched 
[20:05:49] 171 ItemTypes catched 
[20:05:49] 110 ItemPets catched 
[20:05:49] 2476 NpcTemplates catched 
[20:05:49] 787 NpcSpawns catched 
[20:05:49] 94 NpcItems catched 
[20:05:49] 19801 NpcMessages catched 
[20:05:49] 7 NpcReplies catched 
[20:05:50] 353 Triggers catched
[20:05:50] 1277 Paddocks catched
[20:05:50] 72 Mounts catched
[20:05:50] 4 Guild catched
[20:05:50] 3 GuildMembers catched
[20:05:50] 122 Handlers Readed
[20:05:51] 166 Messages Readed
[20:05:51] WorldServer start in 12132 ms.
[20:07:24] MySQL Database Connected
[20:07:24] 16 Breeds catched
[20:07:24] 256 Heads catched
[20:07:24] 561 Effects catched
[20:07:25] 4 SuperAreas catched
[20:07:25] 48 Areas catched
[20:07:26] 334 SubAreas catched
[20:07:34] 11260 DofusMaps catched
[20:07:34] 9761 StatedElements catched
[20:07:34] 13349 InteractiveElements catched
[20:07:34] 1485 HouseInformations catched
[20:07:34] 556 InteractiveDoors catched
[20:07:34] 3614 MapPositions uncatched
[20:07:34] 14681 MapPositions catched
[20:07:34] 42 MapZaaps catched
[20:07:34] 79 MapSubways catched
[20:07:35] 15228 SpellLevels catched 
[20:07:35] 4772 Spells catched 
[20:07:35] 316 GuildEmblems catched 
[20:07:35] 1179 LearnableSpells catched 
[20:07:35] 9780 ItemTemplates catched 
[20:07:35] 4489 Weapons catched 
[20:07:35] 363 ItemSets catched 
[20:07:35] 171 ItemTypes catched 
[20:07:35] 110 ItemPets catched 
[20:07:36] 2476 NpcTemplates catched 
[20:07:36] 787 NpcSpawns catched 
[20:07:36] 94 NpcItems catched 
[20:07:36] 19801 NpcMessages catched 
[20:07:36] 7 NpcReplies catched 
[20:07:36] 353 Triggers catched
[20:07:36] 1277 Paddocks catched
[20:07:36] 72 Mounts catched
[20:07:36] 4 Guild catched
[20:07:36] 3 GuildMembers catched
[20:07:36] 122 Handlers Readed
[20:07:37] 166 Messages Readed
[20:07:37] WorldServer start in 13028 ms.
[20:09:36] MySQL Database Connected
[20:09:36] 16 Breeds catched
[20:09:36] 256 Heads catched
[20:09:36] 561 Effects catched
[20:09:36] 4 SuperAreas catched
[20:09:36] 48 Areas catched
[20:09:37] 334 SubAreas catched
[20:09:45] 11260 DofusMaps catched
[20:09:45] 9761 StatedElements catched
[20:09:45] 13349 InteractiveElements catched
[20:09:45] 1485 HouseInformations catched
[20:09:45] 556 InteractiveDoors catched
[20:09:45] 3614 MapPositions uncatched
[20:09:45] 14681 MapPositions catched
[20:09:45] 42 MapZaaps catched
[20:09:45] 79 MapSubways catched
[20:09:45] 15228 SpellLevels catched 
[20:09:46] 4772 Spells catched 
[20:09:46] 316 GuildEmblems catched 
[20:09:46] 1179 LearnableSpells catched 
[20:09:46] 9780 ItemTemplates catched 
[20:09:46] 4489 Weapons catched 
[20:09:46] 363 ItemSets catched 
[20:09:46] 171 ItemTypes catched 
[20:09:46] 110 ItemPets catched 
[20:09:46] 2476 NpcTemplates catched 
[20:09:46] 787 NpcSpawns catched 
[20:09:46] 94 NpcItems catched 
[20:09:47] 19801 NpcMessages catched 
[20:09:47] 7 NpcReplies catched 
[20:09:47] 353 Triggers catched
[20:09:47] 1277 Paddocks catched
[20:09:47] 72 Mounts catched
[20:09:47] 4 Guild catched
[20:09:47] 3 GuildMembers catched
[20:09:47] 122 Handlers Readed
[20:09:48] 166 Messages Readed
[20:09:48] WorldServer start in 12572 ms.
[20:14:17] MySQL Database Connected
[20:14:17] 16 Breeds catched
[20:14:17] 256 Heads catched
[20:14:17] 561 Effects catched
[20:14:17] 4 SuperAreas catched
[20:14:17] 48 Areas catched
[20:14:18] 334 SubAreas catched
[20:14:26] 11260 DofusMaps catched
[20:14:26] 9761 StatedElements catched
[20:14:26] 13349 InteractiveElements catched
[20:14:26] 1485 HouseInformations catched
[20:14:26] 556 InteractiveDoors catched
[20:14:26] 3614 MapPositions uncatched
[20:14:26] 14681 MapPositions catched
[20:14:26] 42 MapZaaps catched
[20:14:26] 79 MapSubways catched
[20:14:26] 15228 SpellLevels catched 
[20:14:27] 4772 Spells catched 
[20:14:27] 316 GuildEmblems catched 
[20:14:27] 1179 LearnableSpells catched 
[20:14:27] 9780 ItemTemplates catched 
[20:14:27] 4489 Weapons catched 
[20:14:27] 363 ItemSets catched 
[20:14:27] 171 ItemTypes catched 
[20:14:27] 110 ItemPets catched 
[20:14:28] 2476 NpcTemplates catched 
[20:14:28] 787 NpcSpawns catched 
[20:14:28] 94 NpcItems catched 
[20:14:28] 19801 NpcMessages catched 
[20:14:28] 7 NpcReplies catched 
[20:14:28] 353 Triggers catched
[20:14:28] 1277 Paddocks catched
[20:14:28] 72 Mounts catched
[20:14:28] 4 Guild catched
[20:14:28] 3 GuildMembers catched
[20:14:29] 122 Handlers Readed
[20:14:29] 166 Messages Readed
[20:14:29] WorldServer start in 12875 ms.
[22:02:58] MySQL Database Connected
[22:02:58] 16 Breeds catched
[22:02:58] 256 Heads catched
[22:02:58] 561 Effects catched
[22:02:58] 4 SuperAreas catched
[22:02:58] 48 Areas catched
[22:02:59] 334 SubAreas catched
[22:03:07] 11260 DofusMaps catched
[22:03:07] 9761 StatedElements catched
[22:03:07] 13349 InteractiveElements catched
[22:03:07] 1485 HouseInformations catched
[22:03:07] 556 InteractiveDoors catched
[22:03:07] 3614 MapPositions uncatched
[22:03:07] 14681 MapPositions catched
[22:03:07] 42 MapZaaps catched
[22:03:07] 79 MapSubways catched
[22:03:07] 15228 SpellLevels catched 
[22:03:07] 4772 Spells catched 
[22:03:07] 316 GuildEmblems catched 
[22:03:07] 1179 LearnableSpells catched 
[22:03:08] 9780 ItemTemplates catched 
[22:03:08] 4489 Weapons catched 
[22:03:08] 363 ItemSets catched 
[22:03:08] 171 ItemTypes catched 
[22:03:08] 110 ItemPets catched 
[22:03:09] 2476 NpcTemplates catched 
[22:03:09] 787 NpcSpawns catched 
[22:03:09] 94 NpcItems catched 
[22:03:09] 19801 NpcMessages catched 
[22:03:09] 7 NpcReplies catched 
[22:03:09] 353 Triggers catched
[22:03:09] 1277 Paddocks catched
[22:03:09] 72 Mounts catched
[22:03:09] 4 Guild catched
[22:03:09] 3 GuildMembers catched
[22:03:09] 122 Handlers Readed
[22:03:10] 166 Messages Readed
[22:03:10] WorldServer start in 12726 ms.
