[00:59:00] MySQL Database Connected
[00:59:00] 16 Breeds catched
[00:59:00] 256 Heads catched
[00:59:00] 561 Effects catched
[00:59:01] 4 SuperAreas catched
[00:59:01] 48 Areas catched
[00:59:03] 334 SubAreas catched
[00:59:27] 11260 DofusMaps catched
[00:59:27] 9761 StatedElements catched
[00:59:27] 13349 InteractiveElements catched
[00:59:27] 1485 HouseInformations catched
[00:59:27] 556 InteractiveDoors catched
[00:59:27] 3614 MapPositions uncatched
[00:59:27] 14681 MapPositions catched
[00:59:27] 42 MapZaaps catched
[00:59:27] 79 MapSubways catched
[00:59:28] 15228 SpellLevels catched 
[00:59:28] 4772 Spells catched 
[00:59:28] 316 GuildEmblems catched 
[00:59:28] 1179 LearnableSpells catched 
[00:59:28] 9780 ItemTemplates catched 
[00:59:29] 4489 Weapons catched 
[00:59:29] 363 ItemSets catched 
[00:59:29] 171 ItemTypes catched 
[00:59:29] 110 ItemPets catched 
[00:59:30] 2476 NpcTemplates catched 
[00:59:30] 787 NpcSpawns catched 
[00:59:30] 94 NpcItems catched 
[00:59:30] 19801 NpcMessages catched 
[00:59:30] 7 NpcReplies catched 
[00:59:30] 353 Triggers catched
[00:59:31] 1277 Paddocks catched
[00:59:31] 72 Mounts catched
[00:59:31] 4 Guild catched
[00:59:31] 3 GuildMembers catched
[00:59:32] 122 Handlers Readed
[00:59:33] 166 Messages Readed
[00:59:33] WorldServer start in 33291 ms.
[01:07:37] MySQL Database Connected
[01:07:37] 16 Breeds catched
[01:07:37] 256 Heads catched
[01:07:37] 561 Effects catched
[01:07:38] 4 SuperAreas catched
[01:07:38] 48 Areas catched
[01:07:39] 334 SubAreas catched
[01:07:57] 11260 DofusMaps catched
[01:07:57] 9761 StatedElements catched
[01:07:57] 13349 InteractiveElements catched
[01:07:57] 1485 HouseInformations catched
[01:07:57] 556 InteractiveDoors catched
[01:07:57] 3614 MapPositions uncatched
[01:07:57] 14681 MapPositions catched
[01:07:57] 42 MapZaaps catched
[01:07:57] 79 MapSubways catched
[01:07:58] 15228 SpellLevels catched 
[01:07:58] 4772 Spells catched 
[01:07:58] 316 GuildEmblems catched 
[01:07:58] 1179 LearnableSpells catched 
[01:07:58] 9780 ItemTemplates catched 
[01:07:59] 4489 Weapons catched 
[01:07:59] 363 ItemSets catched 
[01:07:59] 171 ItemTypes catched 
[01:07:59] 110 ItemPets catched 
[01:08:00] 2476 NpcTemplates catched 
[01:08:00] 787 NpcSpawns catched 
[01:08:00] 94 NpcItems catched 
[01:08:00] 19801 NpcMessages catched 
[01:08:00] 7 NpcReplies catched 
[01:08:00] 353 Triggers catched
[01:08:00] 1277 Paddocks catched
[01:08:00] 72 Mounts catched
[01:08:00] 4 Guild catched
[01:08:00] 3 GuildMembers catched
[01:08:01] 122 Handlers Readed
[01:08:01] 166 Messages Readed
[01:08:01] WorldServer start in 24980 ms.
[01:21:12] MySQL Database Connected
[01:21:12] 16 Breeds catched
[01:21:12] 256 Heads catched
[01:21:12] 561 Effects catched
[01:21:12] 4 SuperAreas catched
[01:21:12] 48 Areas catched
[01:21:13] 334 SubAreas catched
[01:21:20] 11260 DofusMaps catched
[01:21:20] 9761 StatedElements catched
[01:21:21] 13349 InteractiveElements catched
[01:21:21] 1485 HouseInformations catched
[01:21:21] 556 InteractiveDoors catched
[01:21:21] 3614 MapPositions uncatched
[01:21:21] 14681 MapPositions catched
[01:21:21] 42 MapZaaps catched
[01:21:21] 79 MapSubways catched
[01:21:21] 15228 SpellLevels catched 
[01:21:21] 4772 Spells catched 
[01:21:21] 316 GuildEmblems catched 
[01:21:21] 1179 LearnableSpells catched 
[01:21:22] 9780 ItemTemplates catched 
[01:21:22] 4489 Weapons catched 
[01:21:22] 363 ItemSets catched 
[01:21:22] 171 ItemTypes catched 
[01:21:22] 110 ItemPets catched 
[01:21:22] 2476 NpcTemplates catched 
[01:21:22] 787 NpcSpawns catched 
[01:21:22] 94 NpcItems catched 
[01:21:22] 19801 NpcMessages catched 
[01:21:22] 7 NpcReplies catched 
[01:21:23] 353 Triggers catched
[01:21:23] 1277 Paddocks catched
[01:21:23] 72 Mounts catched
[01:21:23] 4 Guild catched
[01:21:23] 3 GuildMembers catched
[01:21:23] 122 Handlers Readed
[01:21:24] 166 Messages Readed
[01:21:24] WorldServer start in 12440 ms.
[01:24:07] MySQL Database Connected
[01:24:07] 16 Breeds catched
[01:24:07] 256 Heads catched
[01:24:07] 561 Effects catched
[01:24:08] 4 SuperAreas catched
[01:24:08] 48 Areas catched
[01:24:09] 334 SubAreas catched
[01:24:16] 11260 DofusMaps catched
[01:24:16] 9761 StatedElements catched
[01:24:16] 13349 InteractiveElements catched
[01:24:16] 1485 HouseInformations catched
[01:24:16] 556 InteractiveDoors catched
[01:24:16] 3614 MapPositions uncatched
[01:24:16] 14681 MapPositions catched
[01:24:17] 42 MapZaaps catched
[01:24:17] 79 MapSubways catched
[01:24:17] 15228 SpellLevels catched 
[01:24:17] 4772 Spells catched 
[01:24:17] 316 GuildEmblems catched 
[01:24:17] 1179 LearnableSpells catched 
[01:24:17] 9780 ItemTemplates catched 
[01:24:17] 4489 Weapons catched 
[01:24:17] 363 ItemSets catched 
[01:24:17] 171 ItemTypes catched 
[01:24:17] 110 ItemPets catched 
[01:24:18] 2476 NpcTemplates catched 
[01:24:18] 787 NpcSpawns catched 
[01:24:18] 94 NpcItems catched 
[01:24:18] 19801 NpcMessages catched 
[01:24:18] 7 NpcReplies catched 
[01:24:18] 353 Triggers catched
[01:24:18] 1277 Paddocks catched
[01:24:18] 72 Mounts catched
[01:24:18] 4 Guild catched
[01:24:18] 3 GuildMembers catched
[01:24:19] 122 Handlers Readed
[01:24:19] 166 Messages Readed
[01:24:19] WorldServer start in 12123 ms.
[01:27:15] MySQL Database Connected
[01:27:15] 16 Breeds catched
[01:27:15] 256 Heads catched
[01:27:15] 561 Effects catched
[01:27:15] 4 SuperAreas catched
[01:27:15] 48 Areas catched
[01:27:16] 334 SubAreas catched
[01:27:24] 11260 DofusMaps catched
[01:27:24] 9761 StatedElements catched
[01:27:25] 13349 InteractiveElements catched
[01:27:25] 1485 HouseInformations catched
[01:27:25] 556 InteractiveDoors catched
[01:27:25] 3614 MapPositions uncatched
[01:27:25] 14681 MapPositions catched
[01:27:25] 42 MapZaaps catched
[01:27:25] 79 MapSubways catched
[01:27:25] 15228 SpellLevels catched 
[01:27:25] 4772 Spells catched 
[01:27:25] 316 GuildEmblems catched 
[01:27:25] 1179 LearnableSpells catched 
[01:27:25] 9780 ItemTemplates catched 
[01:27:25] 4489 Weapons catched 
[01:27:25] 363 ItemSets catched 
[01:27:25] 171 ItemTypes catched 
[01:27:26] 110 ItemPets catched 
[01:27:26] 2476 NpcTemplates catched 
[01:27:26] 787 NpcSpawns catched 
[01:27:26] 94 NpcItems catched 
[01:27:26] 19801 NpcMessages catched 
[01:27:26] 7 NpcReplies catched 
[01:27:26] 353 Triggers catched
[01:27:26] 1277 Paddocks catched
[01:27:26] 72 Mounts catched
[01:27:26] 4 Guild catched
[01:27:26] 3 GuildMembers catched
[01:27:27] 122 Handlers Readed
[01:27:27] 166 Messages Readed
[01:27:27] WorldServer start in 12993 ms.
[01:33:42] MySQL Database Connected
[01:33:43] 16 Breeds catched
[01:33:43] 256 Heads catched
[01:33:43] 561 Effects catched
[01:33:43] 4 SuperAreas catched
[01:33:43] 48 Areas catched
[01:33:44] 334 SubAreas catched
[01:33:51] 11260 DofusMaps catched
[01:33:51] 9761 StatedElements catched
[01:33:51] 13349 InteractiveElements catched
[01:33:51] 1485 HouseInformations catched
[01:33:51] 556 InteractiveDoors catched
[01:33:52] 3614 MapPositions uncatched
[01:33:52] 14681 MapPositions catched
[01:33:52] 42 MapZaaps catched
[01:33:52] 79 MapSubways catched
[01:33:52] 15228 SpellLevels catched 
[01:33:52] 4772 Spells catched 
[01:33:52] 316 GuildEmblems catched 
[01:33:52] 1179 LearnableSpells catched 
[01:33:52] 9780 ItemTemplates catched 
[01:33:52] 4489 Weapons catched 
[01:33:52] 363 ItemSets catched 
[01:33:52] 171 ItemTypes catched 
[01:33:52] 110 ItemPets catched 
[01:33:53] 2476 NpcTemplates catched 
[01:33:53] 787 NpcSpawns catched 
[01:33:53] 94 NpcItems catched 
[01:33:53] 19801 NpcMessages catched 
[01:33:53] 7 NpcReplies catched 
[01:33:53] 353 Triggers catched
[01:33:53] 1277 Paddocks catched
[01:33:53] 72 Mounts catched
[01:33:53] 4 Guild catched
[01:33:53] 3 GuildMembers catched
[01:33:54] 122 Handlers Readed
[01:33:54] 166 Messages Readed
[01:33:54] WorldServer start in 12087 ms.
[01:42:11] MySQL Database Connected
[01:42:11] 16 Breeds catched
[01:42:11] 256 Heads catched
[01:42:11] 561 Effects catched
[01:42:11] 4 SuperAreas catched
[01:42:11] 48 Areas catched
[01:42:12] 334 SubAreas catched
[01:42:20] 11260 DofusMaps catched
[01:42:20] 9761 StatedElements catched
[01:42:21] 13349 InteractiveElements catched
[01:42:21] 1485 HouseInformations catched
[01:42:21] 556 InteractiveDoors catched
[01:42:21] 3614 MapPositions uncatched
[01:42:21] 14681 MapPositions catched
[01:42:21] 42 MapZaaps catched
[01:42:21] 79 MapSubways catched
[01:42:21] 15228 SpellLevels catched 
[01:42:21] 4772 Spells catched 
[01:42:21] 316 GuildEmblems catched 
[01:42:21] 1179 LearnableSpells catched 
[01:42:21] 9780 ItemTemplates catched 
[01:42:21] 4489 Weapons catched 
[01:42:21] 363 ItemSets catched 
[01:42:21] 171 ItemTypes catched 
[01:42:22] 110 ItemPets catched 
[01:42:22] 2476 NpcTemplates catched 
[01:42:22] 787 NpcSpawns catched 
[01:42:22] 94 NpcItems catched 
[01:42:22] 19801 NpcMessages catched 
[01:42:22] 7 NpcReplies catched 
[01:42:22] 353 Triggers catched
[01:42:22] 1277 Paddocks catched
[01:42:22] 72 Mounts catched
[01:42:22] 4 Guild catched
[01:42:22] 3 GuildMembers catched
[01:42:23] 122 Handlers Readed
[01:42:23] 166 Messages Readed
[01:42:24] WorldServer start in 13004 ms.
[01:52:56] MySQL Database Connected
[01:52:56] 16 Breeds catched
[01:52:56] 256 Heads catched
[01:52:56] 561 Effects catched
[01:52:56] 4 SuperAreas catched
[01:52:56] 48 Areas catched
[01:52:57] 334 SubAreas catched
[01:53:05] 11260 DofusMaps catched
[01:53:05] 9761 StatedElements catched
[01:53:06] 13349 InteractiveElements catched
[01:53:06] 1485 HouseInformations catched
[01:53:06] 556 InteractiveDoors catched
[01:53:06] 3614 MapPositions uncatched
[01:53:06] 14681 MapPositions catched
[01:53:06] 42 MapZaaps catched
[01:53:06] 79 MapSubways catched
[01:53:06] 15228 SpellLevels catched 
[01:53:06] 4772 Spells catched 
[01:53:06] 316 GuildEmblems catched 
[01:53:06] 1179 LearnableSpells catched 
[01:53:07] 9780 ItemTemplates catched 
[01:53:07] 4489 Weapons catched 
[01:53:07] 363 ItemSets catched 
[01:53:07] 171 ItemTypes catched 
[01:53:07] 110 ItemPets catched 
[01:53:07] 2476 NpcTemplates catched 
[01:53:07] 787 NpcSpawns catched 
[01:53:07] 94 NpcItems catched 
[01:53:07] 19801 NpcMessages catched 
[01:53:07] 7 NpcReplies catched 
[01:53:08] 353 Triggers catched
[01:53:08] 1277 Paddocks catched
[01:53:08] 72 Mounts catched
[01:53:08] 4 Guild catched
[01:53:08] 3 GuildMembers catched
[01:53:08] 122 Handlers Readed
[01:53:09] 166 Messages Readed
[01:53:09] WorldServer start in 13218 ms.
[02:11:25] MySQL Database Connected
[02:11:25] 16 Breeds catched
[02:11:25] 256 Heads catched
[02:11:25] 561 Effects catched
[02:11:26] 4 SuperAreas catched
[02:11:26] 48 Areas catched
[02:11:27] 334 SubAreas catched
[02:11:36] 11260 DofusMaps catched
[02:11:36] 9761 StatedElements catched
[02:11:36] 13349 InteractiveElements catched
[02:11:36] 1485 HouseInformations catched
[02:11:36] 556 InteractiveDoors catched
[02:11:36] 3614 MapPositions uncatched
[02:11:36] 14681 MapPositions catched
[02:11:36] 42 MapZaaps catched
[02:11:36] 79 MapSubways catched
[02:11:36] 15228 SpellLevels catched 
[02:11:37] 4772 Spells catched 
[02:11:37] 316 GuildEmblems catched 
[02:11:37] 1179 LearnableSpells catched 
[02:11:37] 9780 ItemTemplates catched 
[02:11:37] 4489 Weapons catched 
[02:11:37] 363 ItemSets catched 
[02:11:37] 171 ItemTypes catched 
[02:11:37] 110 ItemPets catched 
[02:11:37] 2476 NpcTemplates catched 
[02:11:37] 787 NpcSpawns catched 
[02:11:37] 94 NpcItems catched 
[02:11:38] 19801 NpcMessages catched 
[02:11:38] 7 NpcReplies catched 
[02:11:38] 353 Triggers catched
[02:11:38] 1277 Paddocks catched
[02:11:38] 72 Mounts catched
[02:11:38] 4 Guild catched
[02:11:38] 3 GuildMembers catched
[02:11:38] 122 Handlers Readed
[02:11:39] 166 Messages Readed
[02:11:39] WorldServer start in 14059 ms.
[02:12:37] MySQL Database Connected
[02:12:37] 16 Breeds catched
[02:12:37] 256 Heads catched
[02:12:37] 561 Effects catched
[02:12:37] 4 SuperAreas catched
[02:12:37] 48 Areas catched
[02:12:38] 334 SubAreas catched
[02:12:46] 11260 DofusMaps catched
[02:12:46] 9761 StatedElements catched
[02:12:46] 13349 InteractiveElements catched
[02:12:46] 1485 HouseInformations catched
[02:12:46] 556 InteractiveDoors catched
[02:12:46] 3614 MapPositions uncatched
[02:12:46] 14681 MapPositions catched
[02:12:46] 42 MapZaaps catched
[02:12:46] 79 MapSubways catched
[02:12:46] 15228 SpellLevels catched 
[02:12:46] 4772 Spells catched 
[02:12:46] 316 GuildEmblems catched 
[02:12:46] 1179 LearnableSpells catched 
[02:12:47] 9780 ItemTemplates catched 
[02:12:47] 4489 Weapons catched 
[02:12:47] 363 ItemSets catched 
[02:12:47] 171 ItemTypes catched 
[02:12:47] 110 ItemPets catched 
[02:12:47] 2476 NpcTemplates catched 
[02:12:47] 787 NpcSpawns catched 
[02:12:47] 94 NpcItems catched 
[02:12:47] 19801 NpcMessages catched 
[02:12:47] 7 NpcReplies catched 
[02:12:48] 353 Triggers catched
[02:12:48] 1277 Paddocks catched
[02:12:48] 72 Mounts catched
[02:12:48] 4 Guild catched
[02:12:48] 3 GuildMembers catched
[02:12:48] 122 Handlers Readed
[02:12:49] 166 Messages Readed
[02:12:49] WorldServer start in 12472 ms.
[02:14:55] MySQL Database Connected
[02:14:55] 16 Breeds catched
[02:14:55] 256 Heads catched
[02:14:55] 561 Effects catched
[02:14:56] 4 SuperAreas catched
[02:14:56] 48 Areas catched
[02:14:57] 334 SubAreas catched
[02:15:35] MySQL Database Connected
[02:15:35] 16 Breeds catched
[02:15:35] 256 Heads catched
[02:15:35] 561 Effects catched
[02:15:36] 4 SuperAreas catched
[02:15:36] 48 Areas catched
[02:15:37] 334 SubAreas catched
[02:15:45] 11260 DofusMaps catched
[02:15:45] 9761 StatedElements catched
[02:15:45] 13349 InteractiveElements catched
[02:15:45] 1485 HouseInformations catched
[02:15:45] 556 InteractiveDoors catched
[02:15:45] 3614 MapPositions uncatched
[02:15:45] 14681 MapPositions catched
[02:15:45] 42 MapZaaps catched
[02:15:45] 79 MapSubways catched
[02:15:45] 15228 SpellLevels catched 
[02:15:45] 4772 Spells catched 
[02:15:45] 316 GuildEmblems catched 
[02:15:45] 1179 LearnableSpells catched 
[02:15:45] 9780 ItemTemplates catched 
[02:15:45] 4489 Weapons catched 
[02:15:46] 363 ItemSets catched 
[02:15:46] 171 ItemTypes catched 
[02:15:46] 110 ItemPets catched 
[02:15:46] 2476 NpcTemplates catched 
[02:15:46] 787 NpcSpawns catched 
[02:15:46] 94 NpcItems catched 
[02:15:46] 19801 NpcMessages catched 
[02:15:46] 7 NpcReplies catched 
[02:15:46] 353 Triggers catched
[02:15:46] 1277 Paddocks catched
[02:15:46] 72 Mounts catched
[02:15:46] 4 Guild catched
[02:15:46] 3 GuildMembers catched
[02:15:47] 122 Handlers Readed
[02:15:47] 166 Messages Readed
[02:15:48] WorldServer start in 12644 ms.
[02:17:47] MySQL Database Connected
[02:17:47] 16 Breeds catched
[02:17:47] 256 Heads catched
[02:17:47] 561 Effects catched
[02:17:48] 4 SuperAreas catched
[02:17:48] 48 Areas catched
[02:17:49] 334 SubAreas catched
[02:17:56] 11260 DofusMaps catched
[02:17:56] 9761 StatedElements catched
[02:17:56] 13349 InteractiveElements catched
[02:17:56] 1485 HouseInformations catched
[02:17:56] 556 InteractiveDoors catched
[02:17:56] 3614 MapPositions uncatched
[02:17:56] 14681 MapPositions catched
[02:17:56] 42 MapZaaps catched
[02:17:56] 79 MapSubways catched
[02:17:57] 15228 SpellLevels catched 
[02:17:57] 4772 Spells catched 
[02:17:57] 316 GuildEmblems catched 
[02:17:57] 1179 LearnableSpells catched 
[02:17:57] 9780 ItemTemplates catched 
[02:17:57] 4489 Weapons catched 
[02:17:57] 363 ItemSets catched 
[02:17:57] 171 ItemTypes catched 
[02:17:57] 110 ItemPets catched 
[02:17:58] 2476 NpcTemplates catched 
[02:17:58] 787 NpcSpawns catched 
[02:17:58] 94 NpcItems catched 
[02:17:58] 19801 NpcMessages catched 
[02:17:58] 7 NpcReplies catched 
[02:17:58] 353 Triggers catched
[02:17:58] 1277 Paddocks catched
[02:17:58] 72 Mounts catched
[02:17:58] 4 Guild catched
[02:17:58] 3 GuildMembers catched
[02:17:59] 122 Handlers Readed
[02:17:59] 166 Messages Readed
[02:17:59] WorldServer start in 12242 ms.
[02:25:10] MySQL Database Connected
[02:25:10] 16 Breeds catched
[02:25:10] 256 Heads catched
[02:25:10] 561 Effects catched
[02:25:11] 4 SuperAreas catched
[02:25:11] 48 Areas catched
[02:25:12] 334 SubAreas catched
[02:25:19] 11260 DofusMaps catched
[02:25:19] 9761 StatedElements catched
[02:25:19] 13349 InteractiveElements catched
[02:25:19] 1485 HouseInformations catched
[02:25:19] 556 InteractiveDoors catched
[02:25:19] 3614 MapPositions uncatched
[02:25:19] 14681 MapPositions catched
[02:25:19] 42 MapZaaps catched
[02:25:19] 79 MapSubways catched
[02:25:20] 15228 SpellLevels catched 
[02:25:20] 4772 Spells catched 
[02:25:20] 316 GuildEmblems catched 
[02:25:20] 1179 LearnableSpells catched 
[02:25:20] 9780 ItemTemplates catched 
[02:25:20] 4489 Weapons catched 
[02:25:20] 363 ItemSets catched 
[02:25:20] 171 ItemTypes catched 
[02:25:20] 110 ItemPets catched 
[02:25:21] 2476 NpcTemplates catched 
[02:25:21] 787 NpcSpawns catched 
[02:25:21] 94 NpcItems catched 
[02:25:21] 19801 NpcMessages catched 
[02:25:21] 7 NpcReplies catched 
[02:25:21] 353 Triggers catched
[02:25:21] 1277 Paddocks catched
[02:25:21] 72 Mounts catched
[02:25:21] 4 Guild catched
[02:25:21] 3 GuildMembers catched
[02:25:22] 122 Handlers Readed
[02:25:22] 166 Messages Readed
[02:25:22] WorldServer start in 12289 ms.
[02:26:49] MySQL Database Connected
[02:26:49] 16 Breeds catched
[02:26:49] 256 Heads catched
[02:26:49] 561 Effects catched
[02:26:50] 4 SuperAreas catched
[02:26:50] 48 Areas catched
[02:26:51] 334 SubAreas catched
[02:26:58] 11260 DofusMaps catched
[02:26:58] 9761 StatedElements catched
[02:26:58] 13349 InteractiveElements catched
[02:26:58] 1485 HouseInformations catched
[02:26:58] 556 InteractiveDoors catched
[02:26:58] 3614 MapPositions uncatched
[02:26:58] 14681 MapPositions catched
[02:26:58] 42 MapZaaps catched
[02:26:58] 79 MapSubways catched
[02:26:58] 15228 SpellLevels catched 
[02:26:58] 4772 Spells catched 
[02:26:58] 316 GuildEmblems catched 
[02:26:58] 1179 LearnableSpells catched 
[02:26:59] 9780 ItemTemplates catched 
[02:26:59] 4489 Weapons catched 
[02:26:59] 363 ItemSets catched 
[02:26:59] 171 ItemTypes catched 
[02:26:59] 110 ItemPets catched 
[02:26:59] 2476 NpcTemplates catched 
[02:26:59] 787 NpcSpawns catched 
[02:26:59] 94 NpcItems catched 
[02:26:59] 19801 NpcMessages catched 
[02:26:59] 7 NpcReplies catched 
[02:27:00] 353 Triggers catched
[02:27:00] 1277 Paddocks catched
[02:27:00] 72 Mounts catched
[02:27:00] 4 Guild catched
[02:27:00] 3 GuildMembers catched
[02:27:00] 122 Handlers Readed
[02:27:01] 166 Messages Readed
[02:27:01] WorldServer start in 12070 ms.
