[12:13:50] MySQL Database Connected
[12:13:50] 16 Breeds catched
[12:13:50] 256 Heads catched
[12:13:50] 561 Effects catched
[12:13:53] 4 SuperAreas catched
[12:13:53] 48 Areas catched
[12:13:54] 334 SubAreas catched
[12:14:15] 11260 DofusMaps catched
[12:14:15] 9761 StatedElements catched
[12:14:15] 13349 InteractiveElements catched
[12:14:15] 1485 HouseInformations catched
[12:14:15] 556 InteractiveDoors catched
[12:14:15] 3614 MapPositions uncatched
[12:14:15] 14681 MapPositions catched
[12:14:15] 42 MapZaaps catched
[12:14:15] 79 MapSubways catched
[12:14:16] 15228 SpellLevels catched 
[12:14:16] 4772 Spells catched 
[12:14:16] 316 GuildEmblems catched 
[12:14:16] 1179 LearnableSpells catched 
[12:14:17] 9780 ItemTemplates catched 
[12:14:17] 4489 Weapons catched 
[12:14:17] 363 ItemSets catched 
[12:14:17] 171 ItemTypes catched 
[12:14:17] 110 ItemPets catched 
[12:14:18] 2476 NpcTemplates catched 
[12:14:18] 787 NpcSpawns catched 
[12:14:18] 94 NpcItems catched 
[12:14:18] 19801 NpcMessages catched 
[12:14:18] 7 NpcReplies catched 
[12:14:19] 353 Triggers catched
[12:14:19] 1277 Paddocks catched
[12:14:19] 72 Mounts catched
[12:14:19] 4 Guild catched
[12:14:19] 3 GuildMembers catched
[12:14:23] 122 Handlers Readed
[12:14:31] 166 Messages Readed
[12:14:31] WorldServer start in 41387 ms.
[12:22:46] MySQL Database Connected
[12:22:47] 16 Breeds catched
[12:22:47] 256 Heads catched
[12:22:47] 561 Effects catched
[12:22:47] 4 SuperAreas catched
[12:22:47] 48 Areas catched
[12:22:48] 334 SubAreas catched
[12:22:56] 11260 DofusMaps catched
[12:22:56] 9761 StatedElements catched
[12:22:56] 13349 InteractiveElements catched
[12:22:56] 1485 HouseInformations catched
[12:22:56] 556 InteractiveDoors catched
[12:22:56] 3614 MapPositions uncatched
[12:22:56] 14681 MapPositions catched
[12:22:56] 42 MapZaaps catched
[12:22:56] 79 MapSubways catched
[12:22:57] 15228 SpellLevels catched 
[12:22:57] 4772 Spells catched 
[12:22:57] 316 GuildEmblems catched 
[12:22:57] 1179 LearnableSpells catched 
[12:22:57] 9780 ItemTemplates catched 
[12:22:57] 4489 Weapons catched 
[12:22:58] 363 ItemSets catched 
[12:22:58] 171 ItemTypes catched 
[12:22:58] 110 ItemPets catched 
[12:22:58] 2476 NpcTemplates catched 
[12:22:58] 787 NpcSpawns catched 
[12:22:58] 94 NpcItems catched 
[12:22:58] 19801 NpcMessages catched 
[12:22:58] 7 NpcReplies catched 
[12:22:59] 353 Triggers catched
[12:22:59] 1277 Paddocks catched
[12:22:59] 72 Mounts catched
[12:22:59] 4 Guild catched
[12:22:59] 3 GuildMembers catched
[12:22:59] 122 Handlers Readed
[12:23:00] 166 Messages Readed
[12:23:00] WorldServer start in 14076 ms.
[12:23:34] MySQL Database Connected
[12:23:34] 16 Breeds catched
[12:23:34] 256 Heads catched
[12:23:34] 561 Effects catched
[12:23:35] 4 SuperAreas catched
[12:23:35] 48 Areas catched
[12:23:36] 334 SubAreas catched
[12:23:44] 11260 DofusMaps catched
[12:23:44] 9761 StatedElements catched
[12:23:44] 13349 InteractiveElements catched
[12:23:44] 1485 HouseInformations catched
[12:23:44] 556 InteractiveDoors catched
[12:23:45] 3614 MapPositions uncatched
[12:23:45] 14681 MapPositions catched
[12:23:45] 42 MapZaaps catched
[12:23:45] 79 MapSubways catched
[12:23:45] 15228 SpellLevels catched 
[12:23:45] 4772 Spells catched 
[12:23:45] 316 GuildEmblems catched 
[12:23:45] 1179 LearnableSpells catched 
[12:23:45] 9780 ItemTemplates catched 
[12:23:45] 4489 Weapons catched 
[12:23:45] 363 ItemSets catched 
[12:23:45] 171 ItemTypes catched 
[12:23:45] 110 ItemPets catched 
[12:23:46] 2476 NpcTemplates catched 
[12:23:46] 787 NpcSpawns catched 
[12:23:46] 94 NpcItems catched 
[12:23:46] 19801 NpcMessages catched 
[12:23:46] 7 NpcReplies catched 
[12:23:46] 353 Triggers catched
[12:23:46] 1277 Paddocks catched
[12:23:46] 72 Mounts catched
[12:23:46] 4 Guild catched
[12:23:46] 3 GuildMembers catched
[12:23:47] 122 Handlers Readed
[12:23:48] 166 Messages Readed
[12:23:48] WorldServer start in 14196 ms.
[12:37:37] MySQL Database Connected
[12:37:37] 16 Breeds catched
[12:37:37] 256 Heads catched
[12:37:37] 561 Effects catched
[12:37:37] 4 SuperAreas catched
[12:37:37] 48 Areas catched
[12:37:38] 334 SubAreas catched
[12:37:52] 11260 DofusMaps catched
[12:37:52] 9761 StatedElements catched
[12:37:52] 13349 InteractiveElements catched
[12:37:52] 1485 HouseInformations catched
[12:37:52] 556 InteractiveDoors catched
[12:37:52] 3614 MapPositions uncatched
[12:37:52] 14681 MapPositions catched
[12:37:52] 42 MapZaaps catched
[12:37:52] 79 MapSubways catched
[12:37:53] 15228 SpellLevels catched 
[12:37:53] 4772 Spells catched 
[12:37:53] 316 GuildEmblems catched 
[12:37:53] 1179 LearnableSpells catched 
[12:37:53] 9780 ItemTemplates catched 
[12:37:53] 4489 Weapons catched 
[12:37:53] 363 ItemSets catched 
[12:37:53] 171 ItemTypes catched 
[12:37:53] 110 ItemPets catched 
[12:37:54] 2476 NpcTemplates catched 
[12:37:54] 787 NpcSpawns catched 
[12:37:54] 94 NpcItems catched 
[12:37:54] 19801 NpcMessages catched 
[12:37:54] 7 NpcReplies catched 
[12:37:54] 353 Triggers catched
[12:37:54] 1277 Paddocks catched
[12:37:54] 72 Mounts catched
[12:37:54] 4 Guild catched
[12:37:54] 3 GuildMembers catched
[12:37:55] 122 Handlers Readed
[12:37:56] 166 Messages Readed
[12:37:56] WorldServer start in 19650 ms.
[12:43:26] MySQL Database Connected
[12:43:27] 16 Breeds catched
[12:43:27] 256 Heads catched
[12:43:27] 561 Effects catched
[12:43:27] 4 SuperAreas catched
[12:43:27] 48 Areas catched
[12:43:28] 334 SubAreas catched
[12:43:37] 11260 DofusMaps catched
[12:43:37] 9761 StatedElements catched
[12:43:37] 13349 InteractiveElements catched
[12:43:37] 1485 HouseInformations catched
[12:43:37] 556 InteractiveDoors catched
[12:43:37] 3614 MapPositions uncatched
[12:43:37] 14681 MapPositions catched
[12:43:37] 42 MapZaaps catched
[12:43:37] 79 MapSubways catched
[12:43:37] 15228 SpellLevels catched 
[12:43:38] 4772 Spells catched 
[12:43:38] 316 GuildEmblems catched 
[12:43:38] 1179 LearnableSpells catched 
[12:43:38] 9780 ItemTemplates catched 
[12:43:38] 4489 Weapons catched 
[12:43:38] 363 ItemSets catched 
[12:43:38] 171 ItemTypes catched 
[12:43:38] 110 ItemPets catched 
[12:43:39] 2476 NpcTemplates catched 
[12:43:39] 787 NpcSpawns catched 
[12:43:39] 94 NpcItems catched 
[12:43:39] 19801 NpcMessages catched 
[12:43:39] 7 NpcReplies catched 
[12:43:39] 353 Triggers catched
[12:43:39] 1277 Paddocks catched
[12:43:39] 72 Mounts catched
[12:43:39] 4 Guild catched
[12:43:39] 3 GuildMembers catched
[12:43:40] 122 Handlers Readed
[12:43:40] 166 Messages Readed
[12:43:40] WorldServer start in 14380 ms.
[12:50:11] MySQL Database Connected
[12:50:11] 16 Breeds catched
[12:50:11] 256 Heads catched
[12:50:11] 561 Effects catched
[12:50:12] 4 SuperAreas catched
[12:50:12] 48 Areas catched
[12:50:13] 334 SubAreas catched
[12:50:20] 11260 DofusMaps catched
[12:50:20] 9761 StatedElements catched
[12:50:20] 13349 InteractiveElements catched
[12:50:20] 1485 HouseInformations catched
[12:50:20] 556 InteractiveDoors catched
[12:50:21] 3614 MapPositions uncatched
[12:50:21] 14681 MapPositions catched
[12:50:21] 42 MapZaaps catched
[12:50:21] 79 MapSubways catched
[12:50:21] 15228 SpellLevels catched 
[12:50:21] 4772 Spells catched 
[12:50:21] 316 GuildEmblems catched 
[12:50:21] 1179 LearnableSpells catched 
[12:50:21] 9780 ItemTemplates catched 
[12:50:22] 4489 Weapons catched 
[12:50:22] 363 ItemSets catched 
[12:50:22] 171 ItemTypes catched 
[12:50:22] 110 ItemPets catched 
[12:50:22] 2476 NpcTemplates catched 
[12:50:22] 787 NpcSpawns catched 
[12:50:22] 94 NpcItems catched 
[12:50:22] 19801 NpcMessages catched 
[12:50:22] 7 NpcReplies catched 
[12:50:22] 353 Triggers catched
[12:50:23] 1277 Paddocks catched
[12:50:23] 72 Mounts catched
[12:50:23] 4 Guild catched
[12:50:23] 3 GuildMembers catched
[12:50:23] 122 Handlers Readed
[12:50:24] 166 Messages Readed
[12:50:24] WorldServer start in 13266 ms.
[13:02:42] MySQL Database Connected
[13:02:42] 16 Breeds catched
[13:02:42] 256 Heads catched
[13:02:42] 561 Effects catched
[13:02:42] 4 SuperAreas catched
[13:02:42] 48 Areas catched
[13:02:43] 334 SubAreas catched
[13:02:53] 11260 DofusMaps catched
[13:02:53] 9761 StatedElements catched
[13:02:53] 13349 InteractiveElements catched
[13:02:53] 1485 HouseInformations catched
[13:02:53] 556 InteractiveDoors catched
[13:02:53] 3614 MapPositions uncatched
[13:02:53] 14681 MapPositions catched
[13:02:53] 42 MapZaaps catched
[13:02:53] 79 MapSubways catched
[13:02:53] 15228 SpellLevels catched 
[13:02:53] 4772 Spells catched 
[13:02:53] 316 GuildEmblems catched 
[13:02:53] 1179 LearnableSpells catched 
[13:02:54] 9780 ItemTemplates catched 
[13:02:54] 4489 Weapons catched 
[13:02:54] 363 ItemSets catched 
[13:02:54] 171 ItemTypes catched 
[13:02:54] 110 ItemPets catched 
[13:02:54] 2476 NpcTemplates catched 
[13:02:54] 787 NpcSpawns catched 
[13:02:54] 94 NpcItems catched 
[13:02:54] 19801 NpcMessages catched 
[13:02:54] 7 NpcReplies catched 
[13:02:55] 353 Triggers catched
[13:02:55] 1277 Paddocks catched
[13:02:55] 72 Mounts catched
[13:02:55] 4 Guild catched
[13:02:55] 3 GuildMembers catched
[13:02:55] 122 Handlers Readed
[13:02:56] 166 Messages Readed
[13:02:56] WorldServer start in 14585 ms.
[13:45:54] MySQL Database Connected
[13:45:54] 16 Breeds catched
[13:45:54] 256 Heads catched
[13:45:54] 561 Effects catched
[13:45:55] 4 SuperAreas catched
[13:45:55] 48 Areas catched
[13:45:56] 334 SubAreas catched
[13:46:03] 11260 DofusMaps catched
[13:46:03] 9761 StatedElements catched
[13:46:03] 13349 InteractiveElements catched
[13:46:03] 1485 HouseInformations catched
[13:46:03] 556 InteractiveDoors catched
[13:46:03] 3614 MapPositions uncatched
[13:46:03] 14681 MapPositions catched
[13:46:03] 42 MapZaaps catched
[13:46:03] 79 MapSubways catched
[13:46:04] 15228 SpellLevels catched 
[13:46:04] 4772 Spells catched 
[13:46:04] 316 GuildEmblems catched 
[13:46:04] 1179 LearnableSpells catched 
[13:46:04] 9780 ItemTemplates catched 
[13:46:04] 4489 Weapons catched 
[13:46:04] 363 ItemSets catched 
[13:46:04] 171 ItemTypes catched 
[13:46:04] 110 ItemPets catched 
[13:46:05] 2476 NpcTemplates catched 
[13:46:05] 787 NpcSpawns catched 
[13:46:05] 94 NpcItems catched 
[13:46:05] 19801 NpcMessages catched 
[13:46:05] 7 NpcReplies catched 
[13:46:05] 353 Triggers catched
[13:46:05] 1277 Paddocks catched
[13:46:05] 72 Mounts catched
[13:46:05] 4 Guild catched
[13:46:05] 3 GuildMembers catched
[13:46:06] 122 Handlers Readed
[13:46:06] 166 Messages Readed
[13:46:06] WorldServer start in 12406 ms.
[17:49:41] MySQL Database Connected
[17:49:42] 16 Breeds catched
[17:49:42] 256 Heads catched
[17:49:42] 561 Effects catched
[17:49:42] 4 SuperAreas catched
[17:49:42] 48 Areas catched
[17:49:43] 334 SubAreas catched
[17:49:51] 11260 DofusMaps catched
[17:49:51] 9761 StatedElements catched
[17:49:51] 13349 InteractiveElements catched
[17:49:51] 1485 HouseInformations catched
[17:49:51] 556 InteractiveDoors catched
[17:49:51] 3614 MapPositions uncatched
[17:49:51] 14681 MapPositions catched
[17:49:51] 42 MapZaaps catched
[17:49:51] 79 MapSubways catched
[17:49:51] 15228 SpellLevels catched 
[17:49:51] 4772 Spells catched 
[17:49:52] 316 GuildEmblems catched 
[17:49:52] 1179 LearnableSpells catched 
[17:49:52] 9780 ItemTemplates catched 
[17:49:52] 4489 Weapons catched 
[17:49:52] 363 ItemSets catched 
[17:49:52] 171 ItemTypes catched 
[17:49:52] 110 ItemPets catched 
[17:49:52] 2476 NpcTemplates catched 
[17:49:52] 787 NpcSpawns catched 
[17:49:52] 94 NpcItems catched 
[17:49:53] 19801 NpcMessages catched 
[17:49:53] 7 NpcReplies catched 
[17:49:53] 353 Triggers catched
[17:49:53] 1277 Paddocks catched
[17:49:53] 72 Mounts catched
[17:49:53] 4 Guild catched
[17:49:53] 3 GuildMembers catched
[17:49:53] 122 Handlers Readed
[17:49:54] 166 Messages Readed
[17:49:54] WorldServer start in 12830 ms.
[17:51:19] MySQL Database Connected
[17:51:19] 16 Breeds catched
[17:51:19] 256 Heads catched
[17:51:19] 561 Effects catched
[17:51:19] 4 SuperAreas catched
[17:51:19] 48 Areas catched
[17:51:20] 334 SubAreas catched
[17:51:29] 11260 DofusMaps catched
[17:51:29] 9761 StatedElements catched
[17:51:29] 13349 InteractiveElements catched
[17:51:29] 1485 HouseInformations catched
[17:51:29] 556 InteractiveDoors catched
[17:51:29] 3614 MapPositions uncatched
[17:51:29] 14681 MapPositions catched
[17:51:29] 42 MapZaaps catched
[17:51:29] 79 MapSubways catched
[17:51:30] 15228 SpellLevels catched 
[17:51:30] 4772 Spells catched 
[17:51:30] 316 GuildEmblems catched 
[17:51:30] 1179 LearnableSpells catched 
[17:51:30] 9780 ItemTemplates catched 
[17:51:30] 4489 Weapons catched 
[17:51:30] 363 ItemSets catched 
[17:51:30] 171 ItemTypes catched 
[17:51:30] 110 ItemPets catched 
[17:51:31] 2476 NpcTemplates catched 
[17:51:31] 787 NpcSpawns catched 
[17:51:31] 94 NpcItems catched 
[17:51:31] 19801 NpcMessages catched 
[17:51:31] 7 NpcReplies catched 
[17:51:31] 353 Triggers catched
[17:51:31] 1277 Paddocks catched
[17:51:31] 72 Mounts catched
[17:51:31] 4 Guild catched
[17:51:31] 3 GuildMembers catched
[17:51:32] 122 Handlers Readed
[17:51:32] 166 Messages Readed
[17:51:32] WorldServer start in 13743 ms.
[17:52:17] MySQL Database Connected
[17:52:17] 16 Breeds catched
[17:52:17] 256 Heads catched
[17:52:17] 561 Effects catched
[17:52:18] 4 SuperAreas catched
[17:52:18] 48 Areas catched
[17:52:18] 334 SubAreas catched
[17:52:26] 11260 DofusMaps catched
[17:52:26] 9761 StatedElements catched
[17:52:26] 13349 InteractiveElements catched
[17:52:26] 1485 HouseInformations catched
[17:52:26] 556 InteractiveDoors catched
[17:52:26] 3614 MapPositions uncatched
[17:52:26] 14681 MapPositions catched
[17:52:26] 42 MapZaaps catched
[17:52:26] 79 MapSubways catched
[17:52:26] 15228 SpellLevels catched 
[17:52:26] 4772 Spells catched 
[17:52:26] 316 GuildEmblems catched 
[17:52:26] 1179 LearnableSpells catched 
[17:52:27] 9780 ItemTemplates catched 
[17:52:27] 4489 Weapons catched 
[17:52:27] 363 ItemSets catched 
[17:52:27] 171 ItemTypes catched 
[17:52:27] 110 ItemPets catched 
[17:52:27] 2476 NpcTemplates catched 
[17:52:27] 787 NpcSpawns catched 
[17:52:27] 94 NpcItems catched 
[17:52:27] 19801 NpcMessages catched 
[17:52:27] 7 NpcReplies catched 
[17:52:28] 353 Triggers catched
[17:52:28] 1277 Paddocks catched
[17:52:28] 72 Mounts catched
[17:52:28] 4 Guild catched
[17:52:28] 3 GuildMembers catched
[17:52:28] 122 Handlers Readed
[17:52:29] 166 Messages Readed
[17:52:29] WorldServer start in 12083 ms.
[17:53:16] MySQL Database Connected
[17:53:16] 16 Breeds catched
[17:53:16] 256 Heads catched
[17:53:16] 561 Effects catched
[17:53:17] 4 SuperAreas catched
[17:53:17] 48 Areas catched
[17:53:18] 334 SubAreas catched
[17:53:26] 11260 DofusMaps catched
[17:53:26] 9761 StatedElements catched
[17:53:28] 13349 InteractiveElements catched
[17:53:28] 1485 HouseInformations catched
[17:53:28] 556 InteractiveDoors catched
[17:53:28] 3614 MapPositions uncatched
[17:53:28] 14681 MapPositions catched
[17:53:28] 42 MapZaaps catched
[17:53:28] 79 MapSubways catched
[17:53:28] 15228 SpellLevels catched 
[17:53:28] 4772 Spells catched 
[17:53:28] 316 GuildEmblems catched 
[17:53:28] 1179 LearnableSpells catched 
[17:53:29] 9780 ItemTemplates catched 
[17:53:29] 4489 Weapons catched 
[17:53:29] 363 ItemSets catched 
[17:53:29] 171 ItemTypes catched 
[17:53:29] 110 ItemPets catched 
[17:53:30] 2476 NpcTemplates catched 
[17:53:30] 787 NpcSpawns catched 
[17:53:30] 94 NpcItems catched 
[17:53:30] 19801 NpcMessages catched 
[17:53:30] 7 NpcReplies catched 
[17:53:30] 353 Triggers catched
[17:53:30] 1277 Paddocks catched
[17:53:30] 72 Mounts catched
[17:53:30] 4 Guild catched
[17:53:30] 3 GuildMembers catched
[17:53:31] 122 Handlers Readed
[17:53:31] 166 Messages Readed
[17:53:31] WorldServer start in 15060 ms.
[18:08:18] MySQL Database Connected
[18:08:18] 16 Breeds catched
[18:08:18] 256 Heads catched
[18:08:18] 561 Effects catched
[18:08:19] 4 SuperAreas catched
[18:08:19] 48 Areas catched
[18:08:20] 334 SubAreas catched
[18:08:28] 11260 DofusMaps catched
[18:08:28] 9761 StatedElements catched
[18:08:28] 13349 InteractiveElements catched
[18:08:28] 1485 HouseInformations catched
[18:08:28] 556 InteractiveDoors catched
[18:08:28] 3614 MapPositions uncatched
[18:08:28] 14681 MapPositions catched
[18:08:28] 42 MapZaaps catched
[18:08:28] 79 MapSubways catched
[18:08:29] 15228 SpellLevels catched 
[18:08:29] 4772 Spells catched 
[18:08:29] 316 GuildEmblems catched 
[18:08:29] 1179 LearnableSpells catched 
[18:08:29] 9780 ItemTemplates catched 
[18:08:29] 4489 Weapons catched 
[18:08:29] 363 ItemSets catched 
[18:08:29] 171 ItemTypes catched 
[18:08:29] 110 ItemPets catched 
[18:08:30] 2476 NpcTemplates catched 
[18:08:30] 787 NpcSpawns catched 
[18:08:30] 94 NpcItems catched 
[18:08:30] 19801 NpcMessages catched 
[18:08:30] 7 NpcReplies catched 
[18:08:30] 353 Triggers catched
[18:08:30] 1277 Paddocks catched
[18:08:30] 72 Mounts catched
[18:08:30] 4 Guild catched
[18:08:30] 3 GuildMembers catched
[18:08:30] 122 Handlers Readed
[18:08:31] 166 Messages Readed
[18:08:31] WorldServer start in 13630 ms.
[20:48:28] MySQL Database Connected
[20:48:28] 16 Breeds catched
[20:48:28] 256 Heads catched
[20:48:28] 561 Effects catched
[20:48:28] 4 SuperAreas catched
[20:48:28] 48 Areas catched
[20:48:29] 334 SubAreas catched
[20:48:47] 11260 DofusMaps catched
[20:48:47] 9761 StatedElements catched
[20:48:50] 13349 InteractiveElements catched
[20:48:50] 1485 HouseInformations catched
[20:48:50] 556 InteractiveDoors catched
[20:48:50] 3614 MapPositions uncatched
[20:48:50] 14681 MapPositions catched
[20:48:50] 42 MapZaaps catched
[20:48:50] 79 MapSubways catched
[20:48:51] 15228 SpellLevels catched 
[20:48:52] 4772 Spells catched 
[20:48:52] 316 GuildEmblems catched 
[20:48:52] 1179 LearnableSpells catched 
[20:48:52] 9780 ItemTemplates catched 
[20:48:52] 4489 Weapons catched 
[20:48:52] 363 ItemSets catched 
[20:48:52] 171 ItemTypes catched 
[20:48:53] 110 ItemPets catched 
[20:48:53] 2476 NpcTemplates catched 
[20:48:53] 787 NpcSpawns catched 
[20:48:53] 94 NpcItems catched 
[20:48:53] 19801 NpcMessages catched 
[20:48:53] 7 NpcReplies catched 
[20:48:54] 353 Triggers catched
[20:48:54] 1277 Paddocks catched
[20:48:54] 72 Mounts catched
[20:48:54] 4 Guild catched
[20:48:54] 3 GuildMembers catched
[20:48:54] 122 Handlers Readed
[20:48:55] 166 Messages Readed
[20:48:55] WorldServer start in 27420 ms.
[20:51:47] MySQL Database Connected
[20:51:47] 16 Breeds catched
[20:51:47] 256 Heads catched
[20:51:47] 561 Effects catched
[20:51:47] 4 SuperAreas catched
[20:51:47] 48 Areas catched
[20:51:48] 334 SubAreas catched
[20:51:55] 11260 DofusMaps catched
[20:51:56] 9761 StatedElements catched
[20:51:56] 13349 InteractiveElements catched
[20:51:56] 1485 HouseInformations catched
[20:51:56] 556 InteractiveDoors catched
[20:51:56] 3614 MapPositions uncatched
[20:51:56] 14681 MapPositions catched
[20:51:56] 42 MapZaaps catched
[20:51:56] 79 MapSubways catched
[20:51:56] 15228 SpellLevels catched 
[20:51:56] 4772 Spells catched 
[20:51:56] 316 GuildEmblems catched 
[20:51:56] 1179 LearnableSpells catched 
[20:51:57] 9780 ItemTemplates catched 
[20:51:57] 4489 Weapons catched 
[20:51:57] 363 ItemSets catched 
[20:51:57] 171 ItemTypes catched 
[20:51:57] 110 ItemPets catched 
[20:51:58] 2476 NpcTemplates catched 
[20:51:58] 787 NpcSpawns catched 
[20:51:58] 94 NpcItems catched 
[20:51:58] 19801 NpcMessages catched 
[20:51:58] 7 NpcReplies catched 
[20:51:58] 353 Triggers catched
[20:51:58] 1277 Paddocks catched
[20:51:58] 72 Mounts catched
[20:51:58] 4 Guild catched
[20:51:58] 3 GuildMembers catched
[20:51:59] 122 Handlers Readed
[20:51:59] 166 Messages Readed
[20:51:59] WorldServer start in 12936 ms.
[21:36:18] MySQL Database Connected
[21:36:18] 16 Breeds catched
[21:36:18] 256 Heads catched
[21:36:18] 561 Effects catched
[21:36:19] 4 SuperAreas catched
[21:36:19] 48 Areas catched
[21:36:20] 334 SubAreas catched
[21:36:29] 11260 DofusMaps catched
[21:36:29] 9761 StatedElements catched
[21:36:30] 13349 InteractiveElements catched
[21:36:30] 1485 HouseInformations catched
[21:36:30] 556 InteractiveDoors catched
[21:36:30] 3614 MapPositions uncatched
[21:36:30] 14681 MapPositions catched
[21:36:30] 42 MapZaaps catched
[21:36:30] 79 MapSubways catched
[21:36:30] 15228 SpellLevels catched 
[21:36:30] 4772 Spells catched 
[21:36:30] 316 GuildEmblems catched 
[21:36:30] 1179 LearnableSpells catched 
[21:36:30] 9780 ItemTemplates catched 
[21:36:30] 4489 Weapons catched 
[21:36:31] 363 ItemSets catched 
[21:36:31] 171 ItemTypes catched 
[21:36:31] 110 ItemPets catched 
[21:36:31] 2476 NpcTemplates catched 
[21:36:31] 787 NpcSpawns catched 
[21:36:31] 94 NpcItems catched 
[21:36:31] 19801 NpcMessages catched 
[21:36:31] 7 NpcReplies catched 
[21:36:31] 353 Triggers catched
[21:36:32] 1277 Paddocks catched
[21:36:32] 72 Mounts catched
[21:36:32] 4 Guild catched
[21:36:32] 3 GuildMembers catched
[21:36:32] 122 Handlers Readed
[21:36:33] 166 Messages Readed
[21:36:33] WorldServer start in 14709 ms.
[21:39:45] MySQL Database Connected
[21:39:45] 16 Breeds catched
[21:39:45] 256 Heads catched
[21:39:45] 561 Effects catched
[21:39:46] 4 SuperAreas catched
[21:39:46] 48 Areas catched
[21:39:47] 334 SubAreas catched
[21:39:55] 11260 DofusMaps catched
[21:39:55] 9761 StatedElements catched
[21:39:55] 13349 InteractiveElements catched
[21:39:55] 1485 HouseInformations catched
[21:39:55] 556 InteractiveDoors catched
[21:39:55] 3614 MapPositions uncatched
[21:39:55] 14681 MapPositions catched
[21:39:55] 42 MapZaaps catched
[21:39:55] 79 MapSubways catched
[21:39:55] 15228 SpellLevels catched 
[21:39:55] 4772 Spells catched 
[21:39:55] 316 GuildEmblems catched 
[21:39:55] 1179 LearnableSpells catched 
[21:39:55] 9780 ItemTemplates catched 
[21:39:56] 4489 Weapons catched 
[21:39:56] 363 ItemSets catched 
[21:39:56] 171 ItemTypes catched 
[21:39:56] 110 ItemPets catched 
[21:39:56] 2476 NpcTemplates catched 
[21:39:56] 787 NpcSpawns catched 
[21:39:56] 94 NpcItems catched 
[21:39:56] 19801 NpcMessages catched 
[21:39:56] 7 NpcReplies catched 
[21:39:57] 353 Triggers catched
[21:39:57] 1277 Paddocks catched
[21:39:57] 72 Mounts catched
[21:39:57] 4 Guild catched
[21:39:57] 3 GuildMembers catched
[21:39:57] 122 Handlers Readed
[21:39:58] 166 Messages Readed
[21:39:58] WorldServer start in 12766 ms.
[21:41:54] MySQL Database Connected
[21:41:54] 16 Breeds catched
[21:41:54] 256 Heads catched
[21:41:54] 561 Effects catched
[21:41:55] 4 SuperAreas catched
[21:41:55] 48 Areas catched
[21:41:56] 334 SubAreas catched
[21:42:03] 11260 DofusMaps catched
[21:42:03] 9761 StatedElements catched
[21:42:03] 13349 InteractiveElements catched
[21:42:03] 1485 HouseInformations catched
[21:42:03] 556 InteractiveDoors catched
[21:42:04] 3614 MapPositions uncatched
[21:42:04] 14681 MapPositions catched
[21:42:04] 42 MapZaaps catched
[21:42:04] 79 MapSubways catched
[21:42:04] 15228 SpellLevels catched 
[21:42:04] 4772 Spells catched 
[21:42:04] 316 GuildEmblems catched 
[21:42:04] 1179 LearnableSpells catched 
[21:42:04] 9780 ItemTemplates catched 
[21:42:04] 4489 Weapons catched 
[21:42:04] 363 ItemSets catched 
[21:42:04] 171 ItemTypes catched 
[21:42:04] 110 ItemPets catched 
[21:42:05] 2476 NpcTemplates catched 
[21:42:05] 787 NpcSpawns catched 
[21:42:05] 94 NpcItems catched 
[21:42:05] 19801 NpcMessages catched 
[21:42:05] 7 NpcReplies catched 
[21:42:05] 353 Triggers catched
[21:42:06] 1277 Paddocks catched
[21:42:06] 72 Mounts catched
[21:42:06] 4 Guild catched
[21:42:06] 3 GuildMembers catched
[21:42:06] 122 Handlers Readed
[21:42:07] 166 Messages Readed
[21:42:07] WorldServer start in 12496 ms.
[21:47:44] MySQL Database Connected
[21:47:45] 16 Breeds catched
[21:47:45] 256 Heads catched
[21:47:45] 561 Effects catched
[21:47:45] 4 SuperAreas catched
[21:47:45] 48 Areas catched
[21:47:46] 334 SubAreas catched
[21:47:53] 11260 DofusMaps catched
[21:47:53] 9761 StatedElements catched
[21:47:54] 13349 InteractiveElements catched
[21:47:54] 1485 HouseInformations catched
[21:47:54] 556 InteractiveDoors catched
[21:47:54] 3614 MapPositions uncatched
[21:47:54] 14681 MapPositions catched
[21:47:54] 42 MapZaaps catched
[21:47:54] 79 MapSubways catched
[21:47:54] 15228 SpellLevels catched 
[21:47:54] 4772 Spells catched 
[21:47:54] 316 GuildEmblems catched 
[21:47:54] 1179 LearnableSpells catched 
[21:47:54] 9780 ItemTemplates catched 
[21:47:55] 4489 Weapons catched 
[21:47:55] 363 ItemSets catched 
[21:47:55] 171 ItemTypes catched 
[21:47:55] 110 ItemPets catched 
[21:47:55] 2476 NpcTemplates catched 
[21:47:55] 787 NpcSpawns catched 
[21:47:55] 94 NpcItems catched 
[21:47:55] 19801 NpcMessages catched 
[21:47:55] 7 NpcReplies catched 
[21:47:55] 353 Triggers catched
[21:47:56] 1277 Paddocks catched
[21:47:56] 72 Mounts catched
[21:47:56] 4 Guild catched
[21:47:56] 3 GuildMembers catched
[21:47:56] 122 Handlers Readed
[21:47:57] 166 Messages Readed
[21:47:57] WorldServer start in 12472 ms.
[21:48:10] Packet not handled 5753
[21:49:06] MySQL Database Connected
[21:49:06] 16 Breeds catched
[21:49:06] 256 Heads catched
[21:49:06] 561 Effects catched
[21:49:06] 4 SuperAreas catched
[21:49:06] 48 Areas catched
[21:49:07] 334 SubAreas catched
[21:49:15] 11260 DofusMaps catched
[21:49:15] 9761 StatedElements catched
[21:49:15] 13349 InteractiveElements catched
[21:49:15] 1485 HouseInformations catched
[21:49:15] 556 InteractiveDoors catched
[21:49:15] 3614 MapPositions uncatched
[21:49:15] 14681 MapPositions catched
[21:49:15] 42 MapZaaps catched
[21:49:15] 79 MapSubways catched
[21:49:15] 15228 SpellLevels catched 
[21:49:15] 4772 Spells catched 
[21:49:15] 316 GuildEmblems catched 
[21:49:15] 1179 LearnableSpells catched 
[21:49:16] 9780 ItemTemplates catched 
[21:49:16] 4489 Weapons catched 
[21:49:16] 363 ItemSets catched 
[21:49:16] 171 ItemTypes catched 
[21:49:16] 110 ItemPets catched 
[21:49:16] 2476 NpcTemplates catched 
[21:49:16] 787 NpcSpawns catched 
[21:49:16] 94 NpcItems catched 
[21:49:16] 19801 NpcMessages catched 
[21:49:16] 7 NpcReplies catched 
[21:49:17] 353 Triggers catched
[21:49:17] 1277 Paddocks catched
[21:49:17] 72 Mounts catched
[21:49:17] 4 Guild catched
[21:49:17] 3 GuildMembers catched
[21:49:17] 122 Handlers Readed
[21:49:18] 166 Messages Readed
[21:49:18] WorldServer start in 12587 ms.
[21:50:37] MySQL Database Connected
[21:50:37] 16 Breeds catched
[21:50:37] 256 Heads catched
[21:50:37] 561 Effects catched
[21:50:37] 4 SuperAreas catched
[21:50:37] 48 Areas catched
[21:50:38] 334 SubAreas catched
[21:50:45] 11260 DofusMaps catched
[21:50:46] 9761 StatedElements catched
[21:50:46] 13349 InteractiveElements catched
[21:50:46] 1485 HouseInformations catched
[21:50:46] 556 InteractiveDoors catched
[21:50:46] 3614 MapPositions uncatched
[21:50:46] 14681 MapPositions catched
[21:50:46] 42 MapZaaps catched
[21:50:46] 79 MapSubways catched
[21:50:46] 15228 SpellLevels catched 
[21:50:46] 4772 Spells catched 
[21:50:46] 316 GuildEmblems catched 
[21:50:46] 1179 LearnableSpells catched 
[21:50:46] 9780 ItemTemplates catched 
[21:50:46] 4489 Weapons catched 
[21:50:47] 363 ItemSets catched 
[21:50:47] 171 ItemTypes catched 
[21:50:47] 110 ItemPets catched 
[21:50:47] 2476 NpcTemplates catched 
[21:50:47] 787 NpcSpawns catched 
[21:50:47] 94 NpcItems catched 
[21:50:47] 19801 NpcMessages catched 
[21:50:47] 7 NpcReplies catched 
[21:50:47] 353 Triggers catched
[21:50:47] 1277 Paddocks catched
[21:50:47] 72 Mounts catched
[21:50:47] 4 Guild catched
[21:50:47] 3 GuildMembers catched
[21:50:48] 122 Handlers Readed
[21:50:48] 166 Messages Readed
[21:50:49] WorldServer start in 12306 ms.
[22:06:41] MySQL Database Connected
[22:06:42] 16 Breeds catched
[22:06:42] 256 Heads catched
[22:06:42] 561 Effects catched
[22:06:42] 4 SuperAreas catched
[22:06:42] 48 Areas catched
[22:06:44] 334 SubAreas catched
[22:06:56] 11260 DofusMaps catched
[22:06:56] 9761 StatedElements catched
[22:06:56] 13349 InteractiveElements catched
[22:06:56] 1485 HouseInformations catched
[22:06:56] 556 InteractiveDoors catched
[22:06:57] 3614 MapPositions uncatched
[22:06:57] 14681 MapPositions catched
[22:06:57] 42 MapZaaps catched
[22:06:57] 79 MapSubways catched
[22:06:57] 15228 SpellLevels catched 
[22:06:57] 4772 Spells catched 
[22:06:57] 316 GuildEmblems catched 
[22:06:57] 1179 LearnableSpells catched 
[22:06:57] 9780 ItemTemplates catched 
[22:06:57] 4489 Weapons catched 
[22:06:57] 363 ItemSets catched 
[22:06:57] 171 ItemTypes catched 
[22:06:57] 110 ItemPets catched 
[22:06:58] 2476 NpcTemplates catched 
[22:06:58] 787 NpcSpawns catched 
[22:06:58] 94 NpcItems catched 
[22:06:58] 19801 NpcMessages catched 
[22:06:58] 7 NpcReplies catched 
[22:06:58] 353 Triggers catched
[22:06:58] 1277 Paddocks catched
[22:06:58] 72 Mounts catched
[22:06:58] 4 Guild catched
[22:06:58] 3 GuildMembers catched
[22:06:59] 122 Handlers Readed
[22:06:59] 166 Messages Readed
[22:06:59] WorldServer start in 18166 ms.
[22:18:33] MySQL Database Connected
[22:18:33] 16 Breeds catched
[22:18:33] 256 Heads catched
[22:18:33] 561 Effects catched
[22:18:34] 4 SuperAreas catched
[22:18:34] 48 Areas catched
[22:18:35] 334 SubAreas catched
[22:18:43] 11260 DofusMaps catched
[22:18:43] 9761 StatedElements catched
[22:18:44] 13349 InteractiveElements catched
[22:18:44] 1485 HouseInformations catched
[22:18:44] 556 InteractiveDoors catched
[22:18:44] 3614 MapPositions uncatched
[22:18:44] 14681 MapPositions catched
[22:18:44] 42 MapZaaps catched
[22:18:44] 79 MapSubways catched
[22:18:44] 15228 SpellLevels catched 
[22:18:44] 4772 Spells catched 
[22:18:44] 316 GuildEmblems catched 
[22:18:44] 1179 LearnableSpells catched 
[22:18:44] 9780 ItemTemplates catched 
[22:18:45] 4489 Weapons catched 
[22:18:45] 363 ItemSets catched 
[22:18:45] 171 ItemTypes catched 
[22:18:45] 110 ItemPets catched 
[22:18:45] 2476 NpcTemplates catched 
[22:18:45] 787 NpcSpawns catched 
[22:18:45] 94 NpcItems catched 
[22:18:45] 19801 NpcMessages catched 
[22:18:45] 7 NpcReplies catched 
[22:18:46] 353 Triggers catched
[22:18:46] 1277 Paddocks catched
[22:18:46] 72 Mounts catched
[22:18:46] 4 Guild catched
[22:18:46] 3 GuildMembers catched
[22:18:46] 122 Handlers Readed
[22:18:47] 166 Messages Readed
[22:18:47] WorldServer start in 14257 ms.
[22:20:23] MySQL Database Connected
[22:20:23] 16 Breeds catched
[22:20:23] 256 Heads catched
[22:20:23] 561 Effects catched
[22:20:24] 4 SuperAreas catched
[22:20:24] 48 Areas catched
[22:20:25] 334 SubAreas catched
[22:20:33] 11260 DofusMaps catched
[22:20:33] 9761 StatedElements catched
[22:20:33] 13349 InteractiveElements catched
[22:20:33] 1485 HouseInformations catched
[22:20:33] 556 InteractiveDoors catched
[22:20:33] 3614 MapPositions uncatched
[22:20:33] 14681 MapPositions catched
[22:20:33] 42 MapZaaps catched
[22:20:33] 79 MapSubways catched
[22:20:33] 15228 SpellLevels catched 
[22:20:33] 4772 Spells catched 
[22:20:33] 316 GuildEmblems catched 
[22:20:33] 1179 LearnableSpells catched 
[22:20:34] 9780 ItemTemplates catched 
[22:20:34] 4489 Weapons catched 
[22:20:34] 363 ItemSets catched 
[22:20:34] 171 ItemTypes catched 
[22:20:34] 110 ItemPets catched 
[22:20:34] 2476 NpcTemplates catched 
[22:20:34] 787 NpcSpawns catched 
[22:20:34] 94 NpcItems catched 
[22:20:34] 19801 NpcMessages catched 
[22:20:34] 7 NpcReplies catched 
[22:20:35] 353 Triggers catched
[22:20:35] 1277 Paddocks catched
[22:20:35] 72 Mounts catched
[22:20:35] 4 Guild catched
[22:20:35] 3 GuildMembers catched
[22:20:35] 122 Handlers Readed
[22:20:36] 166 Messages Readed
[22:20:36] WorldServer start in 12647 ms.
[22:24:51] MySQL Database Connected
[22:24:51] 16 Breeds catched
[22:24:51] 256 Heads catched
[22:24:51] 561 Effects catched
[22:24:52] 4 SuperAreas catched
[22:24:52] 48 Areas catched
[22:24:53] 334 SubAreas catched
[22:25:00] 11260 DofusMaps catched
[22:25:00] 9761 StatedElements catched
[22:25:00] 13349 InteractiveElements catched
[22:25:00] 1485 HouseInformations catched
[22:25:00] 556 InteractiveDoors catched
[22:25:00] 3614 MapPositions uncatched
[22:25:00] 14681 MapPositions catched
[22:25:00] 42 MapZaaps catched
[22:25:00] 79 MapSubways catched
[22:25:01] 15228 SpellLevels catched 
[22:25:01] 4772 Spells catched 
[22:25:01] 316 GuildEmblems catched 
[22:25:01] 1179 LearnableSpells catched 
[22:25:01] 9780 ItemTemplates catched 
[22:25:01] 4489 Weapons catched 
[22:25:01] 363 ItemSets catched 
[22:25:01] 171 ItemTypes catched 
[22:25:01] 110 ItemPets catched 
[22:25:02] 2476 NpcTemplates catched 
[22:25:02] 787 NpcSpawns catched 
[22:25:02] 94 NpcItems catched 
[22:25:02] 19801 NpcMessages catched 
[22:25:02] 7 NpcReplies catched 
[22:25:02] 353 Triggers catched
[22:25:02] 1277 Paddocks catched
[22:25:02] 72 Mounts catched
[22:25:02] 4 Guild catched
[22:25:02] 3 GuildMembers catched
[22:25:03] 122 Handlers Readed
[22:25:03] 166 Messages Readed
[22:25:03] WorldServer start in 12289 ms.
[22:26:42] MySQL Database Connected
[22:26:42] 16 Breeds catched
[22:26:42] 256 Heads catched
[22:26:42] 561 Effects catched
[22:26:43] 4 SuperAreas catched
[22:26:43] 48 Areas catched
[22:26:44] 334 SubAreas catched
[22:26:52] 11260 DofusMaps catched
[22:26:52] 9761 StatedElements catched
[22:26:52] 13349 InteractiveElements catched
[22:26:52] 1485 HouseInformations catched
[22:26:52] 556 InteractiveDoors catched
[22:26:52] 3614 MapPositions uncatched
[22:26:52] 14681 MapPositions catched
[22:26:52] 42 MapZaaps catched
[22:26:52] 79 MapSubways catched
[22:26:53] 15228 SpellLevels catched 
[22:26:53] 4772 Spells catched 
[22:26:53] 316 GuildEmblems catched 
[22:26:53] 1179 LearnableSpells catched 
[22:26:53] 9780 ItemTemplates catched 
[22:26:53] 4489 Weapons catched 
[22:26:53] 363 ItemSets catched 
[22:26:53] 171 ItemTypes catched 
[22:26:53] 110 ItemPets catched 
[22:26:54] 2476 NpcTemplates catched 
[22:26:54] 787 NpcSpawns catched 
[22:26:54] 94 NpcItems catched 
[22:26:54] 19801 NpcMessages catched 
[22:26:54] 7 NpcReplies catched 
[22:26:54] 353 Triggers catched
[22:26:54] 1277 Paddocks catched
[22:26:54] 72 Mounts catched
[22:26:54] 4 Guild catched
[22:26:54] 3 GuildMembers catched
[22:26:55] 122 Handlers Readed
[22:26:55] 166 Messages Readed
[22:26:55] WorldServer start in 13227 ms.
[22:27:38] MySQL Database Connected
[22:27:38] 16 Breeds catched
[22:27:38] 256 Heads catched
[22:27:38] 561 Effects catched
[22:27:38] 4 SuperAreas catched
[22:27:38] 48 Areas catched
[22:27:39] 334 SubAreas catched
[22:27:47] 11260 DofusMaps catched
[22:27:47] 9761 StatedElements catched
[22:27:47] 13349 InteractiveElements catched
[22:27:47] 1485 HouseInformations catched
[22:27:47] 556 InteractiveDoors catched
[22:27:47] 3614 MapPositions uncatched
[22:27:47] 14681 MapPositions catched
[22:27:47] 42 MapZaaps catched
[22:27:47] 79 MapSubways catched
[22:27:47] 15228 SpellLevels catched 
[22:27:47] 4772 Spells catched 
[22:27:47] 316 GuildEmblems catched 
[22:27:47] 1179 LearnableSpells catched 
[22:27:48] 9780 ItemTemplates catched 
[22:27:48] 4489 Weapons catched 
[22:27:48] 363 ItemSets catched 
[22:27:48] 171 ItemTypes catched 
[22:27:48] 110 ItemPets catched 
[22:27:48] 2476 NpcTemplates catched 
[22:27:48] 787 NpcSpawns catched 
[22:27:48] 94 NpcItems catched 
[22:27:48] 19801 NpcMessages catched 
[22:27:48] 7 NpcReplies catched 
[22:27:49] 353 Triggers catched
[22:27:49] 1277 Paddocks catched
[22:27:49] 72 Mounts catched
[22:27:49] 4 Guild catched
[22:27:49] 3 GuildMembers catched
[22:27:49] 122 Handlers Readed
[22:27:50] 166 Messages Readed
[22:27:50] WorldServer start in 12429 ms.
